<?xml version="1.0" encoding="UTF-8"?>
<testsuites name="Sprint-4" time="349.665" tests="3" failures="0" errors="0">
   <testsuite name="Sprint-4" tests="3" failures="0" errors="0" time="349.665" skipped="0" timestamp="25-04-2025T12:40:06" hostname="**********" id="Test Suites/Sprint-4">
      <properties>
         <property name="deviceName" value="Xiaomi 23076PC4BI (Android 15)"/>
         <property name="devicePlatform" value="Android"/>
         <property name="logFolder" value="/Users/gv.vignesh/Downloads/WGR-Android-Automation/Reports/20250425_124002/Sprint-4/20250425_124002"/>
         <property name="logFiles" value="/Users/gv.vignesh/Downloads/WGR-Android-Automation/Reports/20250425_124002/Sprint-4/20250425_124002/execution0.log, /Users/gv.vignesh/Downloads/WGR-Android-Automation/Reports/20250425_124002/Sprint-4/20250425_124002/appium_error.log, /Users/gv.vignesh/Downloads/WGR-Android-Automation/Reports/20250425_124002/Sprint-4/20250425_124002/appium.log"/>
         <property name="attachments" value=""/>
         <property name="hostName" value="**********"/>
         <property name="os" value="Mac OS X 64bit"/>
         <property name="appiumServerStatus" value="{&quot;value&quot;:{&quot;ready&quot;:true,&quot;message&quot;:&quot;The server is ready to accept new connections&quot;,&quot;build&quot;:{&quot;version&quot;:&quot;2.17.1&quot;,&quot;git-sha&quot;:&quot;12a3d4a6f1eedf483855716b989d828443438f79&quot;,&quot;built&quot;:&quot;2025-04-22 15:18:47 +0000&quot;}}}"/>
         <property name="katalonVersion" value="10.1.1.0"/>
         <property name="deviceOS" value="Android"/>
         <property name="appiumVersion" value="2.17.1"/>
         <property name="deviceModel" value="23076PC4BI"/>
         <property name="hostAddress" value="**********"/>
         <property name="deviceManufacturer" value="Xiaomi"/>
         <property name="deviceId" value="a6e538dc5180"/>
         <property name="deviceName" value="Xiaomi 23076PC4BI (Android 15)"/>
         <property name="deviceOSVersion" value="15"/>
      </properties>
      <testcase name="Test Cases/Home Page/C753_LoggeOutState_Verification" time="79.566" classname="Test Cases/Home Page/C753_LoggeOutState_Verification" status="PASSED">
         <system-out><![CDATA[25-04-2025T12:40:06 - [TEST_CASE][PASSED] - Test Cases/Home Page/C753_LoggeOutState_Verification: Test Cases/Home Page/C753_LoggeOutState_Verification

25-04-2025T12:40:06 - [TEST_STEP][PASSED] - startApplication("/Users/gv.vignesh/Downloads/app-debug (2.99.69).apk", true): Started application: '/Users/gv.vignesh/Downloads/app-debug (2.99.69).apk'

25-04-2025T12:40:06 - [MESSAGE][INFO] - Starting application: '/Users/gv.vignesh/Downloads/app-debug (2.99.69).apk'

25-04-2025T12:40:06 - [MESSAGE][INFO] - User set preference: ['uiautomator2ServerInstallTimeout', '0']

25-04-2025T12:40:06 - [MESSAGE][INFO] - User set preference: ['deviceId', '']

25-04-2025T12:40:06 - [MESSAGE][INFO] - Detected NodeJS location: "/opt/homebrew/Cellar/node/23.10.0_1/bin/node"

25-04-2025T12:40:06 - [MESSAGE][INFO] - PATH: /opt/homebrew/Cellar/node/23.10.0_1/bin:/opt/homebrew/bin:/usr/bin:/bin:/usr/sbin:/sbin:/Applications/Katalon Studio Enterprise.app/Contents/Eclipse/jre/Contents/Home/bin:/usr/local/bin/

25-04-2025T12:40:06 - [MESSAGE][INFO] - APPIUM_HOME: /Users/gv.vignesh/.appium

25-04-2025T12:40:06 - [MESSAGE][INFO] - appium outlog: /Users/gv.vignesh/Downloads/WGR-Android-Automation/Reports/20250425_124002/Sprint-4/20250425_124002/appium.log

25-04-2025T12:40:06 - [MESSAGE][INFO] - appium errlog: /Users/gv.vignesh/Downloads/WGR-Android-Automation/Reports/20250425_124002/Sprint-4/20250425_124002/appium_error.log

25-04-2025T12:40:08 - [MESSAGE][INFO] - Appium server started on port 54,641

25-04-2025T12:40:27 - [MESSAGE][PASSED] - Started application: '/Users/gv.vignesh/Downloads/app-debug (2.99.69).apk'

25-04-2025T12:40:27 - [TEST_STEP][PASSED] - delay(10): Delayed 10 second(s)

25-04-2025T12:40:37 - [MESSAGE][PASSED] - Delayed 10 second(s)

25-04-2025T12:40:37 - [TEST_STEP][PASSED] - tap(findTestObject("Object Repository/Carousel/android.widget.TextView - Home"), 0): Tapped on element 'Object Repository/Carousel/android.widget.TextView - Home'

25-04-2025T12:40:37 - [MESSAGE][WARNING] - Timeout '0' is invalid. Using default page load timeout: '30'

25-04-2025T12:40:38 - [MESSAGE][PASSED] - Tapped on element 'Object Repository/Carousel/android.widget.TextView - Home'

25-04-2025T12:40:38 - [TEST_STEP][PASSED] - delay(15): Delayed 15 second(s)

25-04-2025T12:40:53 - [MESSAGE][PASSED] - Delayed 15 second(s)

25-04-2025T12:40:53 - [TEST_STEP][PASSED] - assert verifyElementExist(findTestObject("Object Repository/Carousel/android.widget.TextView"), 0): Element 'Object Repository/Carousel/android.widget.TextView' is exist

25-04-2025T12:40:53 - [MESSAGE][WARNING] - Timeout '0' is invalid. Using default page load timeout: '30'

25-04-2025T12:40:53 - [MESSAGE][PASSED] - Element 'Object Repository/Carousel/android.widget.TextView' is exist

25-04-2025T12:40:53 - [TEST_STEP][PASSED] - swipe(800, 500, 100, 500): Swiped from 800,500 to 100,500

25-04-2025T12:40:54 - [MESSAGE][PASSED] - Swiped from 800,500 to 100,500

25-04-2025T12:40:54 - [TEST_STEP][PASSED] - delay(10): Delayed 10 second(s)

25-04-2025T12:41:04 - [MESSAGE][PASSED] - Delayed 10 second(s)

25-04-2025T12:41:04 - [TEST_STEP][PASSED] - scrollToText("recommended"): Scrolling to text 'recommended' successfully

25-04-2025T12:41:09 - [MESSAGE][PASSED] - Scrolling to text 'recommended' successfully

25-04-2025T12:41:10 - [TEST_STEP][PASSED] - delay(10): Delayed 10 second(s)

25-04-2025T12:41:20 - [MESSAGE][PASSED] - Delayed 10 second(s)

25-04-2025T12:41:20 - [TEST_STEP][PASSED] - assert verifyElementExist(findTestObject("Object Repository/Carousel/android.widget.TextView - Login Now"), 0): Element 'Object Repository/Carousel/android.widget.TextView - Login Now' is exist

25-04-2025T12:41:20 - [MESSAGE][WARNING] - Timeout '0' is invalid. Using default page load timeout: '30'

25-04-2025T12:41:20 - [MESSAGE][PASSED] - Element 'Object Repository/Carousel/android.widget.TextView - Login Now' is exist

25-04-2025T12:41:20 - [TEST_STEP][PASSED] - assert verifyElementExist(findTestObject("Object Repository/Carousel/android.widget.TextView - Book a Rental"), 0): Element 'Object Repository/Carousel/android.widget.TextView - Book a Rental' is exist

25-04-2025T12:41:20 - [MESSAGE][WARNING] - Timeout '0' is invalid. Using default page load timeout: '30'

25-04-2025T12:41:21 - [MESSAGE][PASSED] - Element 'Object Repository/Carousel/android.widget.TextView - Book a Rental' is exist

25-04-2025T12:41:21 - [TEST_STEP][PASSED] - assert verifyElementExist(findTestObject("Object Repository/Carousel/android.widget.TextView - RECOMMENDED FOR YOU"), 0): Element 'Object Repository/Carousel/android.widget.TextView - RECOMMENDED FOR YOU' is exist

25-04-2025T12:41:21 - [MESSAGE][WARNING] - Timeout '0' is invalid. Using default page load timeout: '30'

25-04-2025T12:41:21 - [MESSAGE][PASSED] - Element 'Object Repository/Carousel/android.widget.TextView - RECOMMENDED FOR YOU' is exist

25-04-2025T12:41:21 - [TEST_STEP][PASSED] - assert verifyElementExist(findTestObject("Object Repository/Carousel/android.widget.TextView - Home"), 0): Element 'Object Repository/Carousel/android.widget.TextView - Home' is exist

25-04-2025T12:41:21 - [MESSAGE][WARNING] - Timeout '0' is invalid. Using default page load timeout: '30'

25-04-2025T12:41:22 - [MESSAGE][PASSED] - Element 'Object Repository/Carousel/android.widget.TextView - Home' is exist

25-04-2025T12:41:22 - [TEST_STEP][PASSED] - assert verifyElementExist(findTestObject("Object Repository/Carousel/android.widget.TextView - My Account"), 0): Element 'Object Repository/Carousel/android.widget.TextView - My Account' is exist

25-04-2025T12:41:22 - [MESSAGE][WARNING] - Timeout '0' is invalid. Using default page load timeout: '30'

25-04-2025T12:41:23 - [MESSAGE][PASSED] - Element 'Object Repository/Carousel/android.widget.TextView - My Account' is exist

25-04-2025T12:41:23 - [TEST_STEP][PASSED] - closeApplication(): Close app successfully

25-04-2025T12:41:26 - [MESSAGE][PASSED] - Close app successfully]]></system-out>
         <system-err><![CDATA[]]></system-err>
      </testcase>
      <testcase name="Test Cases/Home Page/C765_WRMA-342_Homepage_Verification_logged in" time="209.902" classname="Test Cases/Home Page/C765_WRMA-342_Homepage_Verification_logged in" status="PASSED">
         <system-out><![CDATA[25-04-2025T12:41:26 - [TEST_CASE][PASSED] - Test Cases/Home Page/C765_WRMA-342_Homepage_Verification_logged in: Test Cases/Home Page/C765_WRMA-342_Homepage_Verification_logged in

25-04-2025T12:41:26 - [TEST_STEP][PASSED] - startApplication("/Users/gv.vignesh/Downloads/app-debug (2.99.69).apk", true): Started application: '/Users/gv.vignesh/Downloads/app-debug (2.99.69).apk'

25-04-2025T12:41:26 - [MESSAGE][INFO] - Starting application: '/Users/gv.vignesh/Downloads/app-debug (2.99.69).apk'

25-04-2025T12:41:26 - [MESSAGE][INFO] - User set preference: ['uiautomator2ServerInstallTimeout', '0']

25-04-2025T12:41:26 - [MESSAGE][INFO] - User set preference: ['deviceId', '']

25-04-2025T12:41:26 - [MESSAGE][INFO] - Detected NodeJS location: "/opt/homebrew/Cellar/node/23.10.0_1/bin/node"

25-04-2025T12:41:26 - [MESSAGE][INFO] - PATH: /opt/homebrew/Cellar/node/23.10.0_1/bin:/opt/homebrew/bin:/usr/bin:/bin:/usr/sbin:/sbin:/Applications/Katalon Studio Enterprise.app/Contents/Eclipse/jre/Contents/Home/bin:/usr/local/bin/

25-04-2025T12:41:26 - [MESSAGE][INFO] - APPIUM_HOME: /Users/gv.vignesh/.appium

25-04-2025T12:41:26 - [MESSAGE][INFO] - appium outlog: /Users/gv.vignesh/Downloads/WGR-Android-Automation/Reports/20250425_124002/Sprint-4/20250425_124002/appium.log

25-04-2025T12:41:26 - [MESSAGE][INFO] - appium errlog: /Users/gv.vignesh/Downloads/WGR-Android-Automation/Reports/20250425_124002/Sprint-4/20250425_124002/appium_error.log

25-04-2025T12:41:26 - [MESSAGE][INFO] - Appium server started on port 54,866

25-04-2025T12:41:44 - [MESSAGE][PASSED] - Started application: '/Users/gv.vignesh/Downloads/app-debug (2.99.69).apk'

25-04-2025T12:41:44 - [TEST_STEP][PASSED] - delay(10): Delayed 10 second(s)

25-04-2025T12:41:54 - [MESSAGE][PASSED] - Delayed 10 second(s)

25-04-2025T12:41:54 - [TEST_STEP][PASSED] - tap(findTestObject("Object Repository/Repo/MyStay/android.widget.Button - Login or Sign Up (1)"), 0): Tapped on element 'Object Repository/Repo/MyStay/android.widget.Button - Login or Sign Up (1)'

25-04-2025T12:41:54 - [MESSAGE][WARNING] - Timeout '0' is invalid. Using default page load timeout: '30'

25-04-2025T12:41:55 - [MESSAGE][PASSED] - Tapped on element 'Object Repository/Repo/MyStay/android.widget.Button - Login or Sign Up (1)'

25-04-2025T12:41:55 - [TEST_STEP][PASSED] - delay(10): Delayed 10 second(s)

25-04-2025T12:42:05 - [MESSAGE][PASSED] - Delayed 10 second(s)

25-04-2025T12:42:05 - [TEST_STEP][PASSED] - setText(findTestObject("Object Repository/Repo/MyStay/android.widget.EditText (3)"), "0425201TM@WG.COM", 0): Text '0425201TM@WG.COM' has been set to element 'Object Repository/Repo/MyStay/android.widget.EditText (3)'

25-04-2025T12:42:05 - [MESSAGE][WARNING] - Timeout '0' is invalid. Using default page load timeout: '30'

25-04-2025T12:42:06 - [MESSAGE][PASSED] - Text '0425201TM@WG.COM' has been set to element 'Object Repository/Repo/MyStay/android.widget.EditText (3)'

25-04-2025T12:42:06 - [TEST_STEP][PASSED] - hideKeyboard(): Keyboard is hidden

25-04-2025T12:42:09 - [MESSAGE][PASSED] - Keyboard is hidden

25-04-2025T12:42:09 - [TEST_STEP][PASSED] - delay(10): Delayed 10 second(s)

25-04-2025T12:42:19 - [MESSAGE][PASSED] - Delayed 10 second(s)

25-04-2025T12:42:19 - [TEST_STEP][PASSED] - tap(findTestObject("Object Repository/Repo/MyStay/android.widget.Button - Next (1)"), 0): Tapped on element 'Object Repository/Repo/MyStay/android.widget.Button - Next (1)'

25-04-2025T12:42:19 - [MESSAGE][WARNING] - Timeout '0' is invalid. Using default page load timeout: '30'

25-04-2025T12:42:19 - [MESSAGE][PASSED] - Tapped on element 'Object Repository/Repo/MyStay/android.widget.Button - Next (1)'

25-04-2025T12:42:20 - [TEST_STEP][PASSED] - delay(10): Delayed 10 second(s)

25-04-2025T12:42:30 - [MESSAGE][PASSED] - Delayed 10 second(s)

25-04-2025T12:42:30 - [TEST_STEP][PASSED] - delay(30): Delayed 30 second(s)

25-04-2025T12:43:00 - [MESSAGE][PASSED] - Delayed 30 second(s)

25-04-2025T12:43:00 - [TEST_STEP][PASSED] - setText(findTestObject("Object Repository/Repo/SignUpNewUser/android.widget.EditText (24)"), "0425201TM@WG.COM", 0): Text '0425201TM@WG.COM' has been set to element 'Object Repository/Repo/SignUpNewUser/android.widget.EditText (24)'

25-04-2025T12:43:00 - [MESSAGE][WARNING] - Timeout '0' is invalid. Using default page load timeout: '30'

25-04-2025T12:43:01 - [MESSAGE][PASSED] - Text '0425201TM@WG.COM' has been set to element 'Object Repository/Repo/SignUpNewUser/android.widget.EditText (24)'

25-04-2025T12:43:01 - [TEST_STEP][PASSED] - hideKeyboard(): Keyboard is hidden

25-04-2025T12:43:03 - [MESSAGE][PASSED] - Keyboard is hidden

25-04-2025T12:43:03 - [TEST_STEP][PASSED] - delay(20): Delayed 20 second(s)

25-04-2025T12:43:23 - [MESSAGE][PASSED] - Delayed 20 second(s)

25-04-2025T12:43:23 - [TEST_STEP][PASSED] - setText(findTestObject("Object Repository/Repo/SignUpNewUser/android.widget.EditText (25)"), "password", 0): Text 'password' has been set to element 'Object Repository/Repo/SignUpNewUser/android.widget.EditText (25)'

25-04-2025T12:43:23 - [MESSAGE][WARNING] - Timeout '0' is invalid. Using default page load timeout: '30'

25-04-2025T12:43:25 - [MESSAGE][PASSED] - Text 'password' has been set to element 'Object Repository/Repo/SignUpNewUser/android.widget.EditText (25)'

25-04-2025T12:43:25 - [TEST_STEP][PASSED] - hideKeyboard(): Keyboard is hidden

25-04-2025T12:43:27 - [MESSAGE][PASSED] - Keyboard is hidden

25-04-2025T12:43:27 - [TEST_STEP][PASSED] - delay(20): Delayed 20 second(s)

25-04-2025T12:43:47 - [MESSAGE][PASSED] - Delayed 20 second(s)

25-04-2025T12:43:47 - [TEST_STEP][PASSED] - tap(findTestObject("Object Repository/Repo/SignUpNewUser/android.widget.Button - LOGIN"), 0): Tapped on element 'Object Repository/Repo/SignUpNewUser/android.widget.Button - LOGIN'

25-04-2025T12:43:47 - [MESSAGE][WARNING] - Timeout '0' is invalid. Using default page load timeout: '30'

25-04-2025T12:43:48 - [MESSAGE][PASSED] - Tapped on element 'Object Repository/Repo/SignUpNewUser/android.widget.Button - LOGIN'

25-04-2025T12:43:48 - [TEST_STEP][PASSED] - delay(20): Delayed 20 second(s)

25-04-2025T12:44:08 - [MESSAGE][PASSED] - Delayed 20 second(s)

25-04-2025T12:44:08 - [TEST_STEP][PASSED] - tap(findTestObject("Object Repository/Carousel/android.widget.TextView - Home"), 0): Tapped on element 'Object Repository/Carousel/android.widget.TextView - Home'

25-04-2025T12:44:08 - [MESSAGE][WARNING] - Timeout '0' is invalid. Using default page load timeout: '30'

25-04-2025T12:44:09 - [MESSAGE][PASSED] - Tapped on element 'Object Repository/Carousel/android.widget.TextView - Home'

25-04-2025T12:44:09 - [TEST_STEP][PASSED] - delay(15): Delayed 15 second(s)

25-04-2025T12:44:24 - [MESSAGE][PASSED] - Delayed 15 second(s)

25-04-2025T12:44:24 - [TEST_STEP][PASSED] - assert verifyElementExist(findTestObject("Object Repository/Carousel/android.widget.TextView"), 0): Element 'Object Repository/Carousel/android.widget.TextView' is exist

25-04-2025T12:44:24 - [MESSAGE][WARNING] - Timeout '0' is invalid. Using default page load timeout: '30'

25-04-2025T12:44:24 - [MESSAGE][PASSED] - Element 'Object Repository/Carousel/android.widget.TextView' is exist

25-04-2025T12:44:24 - [TEST_STEP][PASSED] - swipe(800, 500, 100, 500): Swiped from 800,500 to 100,500

25-04-2025T12:44:25 - [MESSAGE][PASSED] - Swiped from 800,500 to 100,500

25-04-2025T12:44:25 - [TEST_STEP][PASSED] - delay(10): Delayed 10 second(s)

25-04-2025T12:44:35 - [MESSAGE][PASSED] - Delayed 10 second(s)

25-04-2025T12:44:35 - [TEST_STEP][PASSED] - scrollToText("recommended"): Scrolling to text 'recommended' successfully

25-04-2025T12:44:40 - [MESSAGE][PASSED] - Scrolling to text 'recommended' successfully

25-04-2025T12:44:40 - [TEST_STEP][PASSED] - delay(10): Delayed 10 second(s)

25-04-2025T12:44:50 - [MESSAGE][PASSED] - Delayed 10 second(s)

25-04-2025T12:44:50 - [TEST_STEP][PASSED] - assert verifyElementExist(findTestObject("Object Repository/Carousel/android.widget.TextView - Book a Rental"), 0): Element 'Object Repository/Carousel/android.widget.TextView - Book a Rental' is exist

25-04-2025T12:44:50 - [MESSAGE][WARNING] - Timeout '0' is invalid. Using default page load timeout: '30'

25-04-2025T12:44:51 - [MESSAGE][PASSED] - Element 'Object Repository/Carousel/android.widget.TextView - Book a Rental' is exist

25-04-2025T12:44:51 - [TEST_STEP][PASSED] - assert verifyElementExist(findTestObject("Object Repository/Carousel/android.widget.TextView - RECOMMENDED FOR YOU"), 0): Element 'Object Repository/Carousel/android.widget.TextView - RECOMMENDED FOR YOU' is exist

25-04-2025T12:44:51 - [MESSAGE][WARNING] - Timeout '0' is invalid. Using default page load timeout: '30'

25-04-2025T12:44:52 - [MESSAGE][PASSED] - Element 'Object Repository/Carousel/android.widget.TextView - RECOMMENDED FOR YOU' is exist

25-04-2025T12:44:52 - [TEST_STEP][PASSED] - assert verifyElementExist(findTestObject("Object Repository/Carousel/android.widget.TextView - Home"), 0): Element 'Object Repository/Carousel/android.widget.TextView - Home' is exist

25-04-2025T12:44:52 - [MESSAGE][WARNING] - Timeout '0' is invalid. Using default page load timeout: '30'

25-04-2025T12:44:52 - [MESSAGE][PASSED] - Element 'Object Repository/Carousel/android.widget.TextView - Home' is exist

25-04-2025T12:44:52 - [TEST_STEP][PASSED] - assert verifyElementExist(findTestObject("Object Repository/Carousel/android.widget.TextView - My Account"), 0): Element 'Object Repository/Carousel/android.widget.TextView - My Account' is exist

25-04-2025T12:44:52 - [MESSAGE][WARNING] - Timeout '0' is invalid. Using default page load timeout: '30'

25-04-2025T12:44:53 - [MESSAGE][PASSED] - Element 'Object Repository/Carousel/android.widget.TextView - My Account' is exist

25-04-2025T12:44:53 - [TEST_STEP][PASSED] - closeApplication(): Close app successfully

25-04-2025T12:44:56 - [MESSAGE][PASSED] - Close app successfully]]></system-out>
         <system-err><![CDATA[]]></system-err>
      </testcase>
      <testcase name="Test Cases/Home Page/C754_HomepageFunctionality" time="60.14" classname="Test Cases/Home Page/C754_HomepageFunctionality" status="PASSED">
         <system-out><![CDATA[25-04-2025T12:44:56 - [TEST_CASE][PASSED] - Test Cases/Home Page/C754_HomepageFunctionality: Test Cases/Home Page/C754_HomepageFunctionality

25-04-2025T12:44:56 - [TEST_STEP][PASSED] - startApplication("/Users/gv.vignesh/Downloads/app-debug (2.99.69).apk", true): Started application: '/Users/gv.vignesh/Downloads/app-debug (2.99.69).apk'

25-04-2025T12:44:56 - [MESSAGE][INFO] - Starting application: '/Users/gv.vignesh/Downloads/app-debug (2.99.69).apk'

25-04-2025T12:44:56 - [MESSAGE][INFO] - User set preference: ['uiautomator2ServerInstallTimeout', '0']

25-04-2025T12:44:56 - [MESSAGE][INFO] - User set preference: ['deviceId', '']

25-04-2025T12:44:56 - [MESSAGE][INFO] - Detected NodeJS location: "/opt/homebrew/Cellar/node/23.10.0_1/bin/node"

25-04-2025T12:44:56 - [MESSAGE][INFO] - PATH: /opt/homebrew/Cellar/node/23.10.0_1/bin:/opt/homebrew/bin:/usr/bin:/bin:/usr/sbin:/sbin:/Applications/Katalon Studio Enterprise.app/Contents/Eclipse/jre/Contents/Home/bin:/usr/local/bin/

25-04-2025T12:44:56 - [MESSAGE][INFO] - APPIUM_HOME: /Users/gv.vignesh/.appium

25-04-2025T12:44:56 - [MESSAGE][INFO] - appium outlog: /Users/gv.vignesh/Downloads/WGR-Android-Automation/Reports/20250425_124002/Sprint-4/20250425_124002/appium.log

25-04-2025T12:44:56 - [MESSAGE][INFO] - appium errlog: /Users/gv.vignesh/Downloads/WGR-Android-Automation/Reports/20250425_124002/Sprint-4/20250425_124002/appium_error.log

25-04-2025T12:44:56 - [MESSAGE][INFO] - Appium server started on port 55,255

25-04-2025T12:45:14 - [MESSAGE][PASSED] - Started application: '/Users/gv.vignesh/Downloads/app-debug (2.99.69).apk'

25-04-2025T12:45:14 - [TEST_STEP][PASSED] - delay(10): Delayed 10 second(s)

25-04-2025T12:45:24 - [MESSAGE][PASSED] - Delayed 10 second(s)

25-04-2025T12:45:24 - [TEST_STEP][PASSED] - tap(findTestObject("Object Repository/Carousel/android.widget.TextView - Home"), 0): Tapped on element 'Object Repository/Carousel/android.widget.TextView - Home'

25-04-2025T12:45:24 - [MESSAGE][WARNING] - Timeout '0' is invalid. Using default page load timeout: '30'

25-04-2025T12:45:26 - [MESSAGE][PASSED] - Tapped on element 'Object Repository/Carousel/android.widget.TextView - Home'

25-04-2025T12:45:26 - [TEST_STEP][PASSED] - delay(15): Delayed 15 second(s)

25-04-2025T12:45:41 - [MESSAGE][PASSED] - Delayed 15 second(s)

25-04-2025T12:45:41 - [TEST_STEP][PASSED] - tap(findTestObject("Object Repository/Carousel/android.widget.TextView (1)"), 0): Tapped on element 'Object Repository/Carousel/android.widget.TextView (1)'

25-04-2025T12:45:41 - [MESSAGE][WARNING] - Timeout '0' is invalid. Using default page load timeout: '30'

25-04-2025T12:45:42 - [MESSAGE][PASSED] - Tapped on element 'Object Repository/Carousel/android.widget.TextView (1)'

25-04-2025T12:45:42 - [TEST_STEP][PASSED] - delay(10): Delayed 10 second(s)

25-04-2025T12:45:52 - [MESSAGE][PASSED] - Delayed 10 second(s)

25-04-2025T12:45:52 - [TEST_STEP][PASSED] - assert verifyElementExist(findTestObject("Object Repository/Carousel/android.widget.TextView - App Test Image Article"), 0): Element 'Object Repository/Carousel/android.widget.TextView - App Test Image Article' is exist

25-04-2025T12:45:52 - [MESSAGE][WARNING] - Timeout '0' is invalid. Using default page load timeout: '30'

25-04-2025T12:45:52 - [MESSAGE][PASSED] - Element 'Object Repository/Carousel/android.widget.TextView - App Test Image Article' is exist

25-04-2025T12:45:52 - [TEST_STEP][PASSED] - assert verifyElementExist(findTestObject("Object Repository/Carousel/android.widget.TextView - App Test Image Article (1)"), 0): Element 'Object Repository/Carousel/android.widget.TextView - App Test Image Article (1)' is exist

25-04-2025T12:45:52 - [MESSAGE][WARNING] - Timeout '0' is invalid. Using default page load timeout: '30'

25-04-2025T12:45:53 - [MESSAGE][PASSED] - Element 'Object Repository/Carousel/android.widget.TextView - App Test Image Article (1)' is exist

25-04-2025T12:45:53 - [TEST_STEP][PASSED] - closeApplication(): Close app successfully

25-04-2025T12:45:56 - [MESSAGE][PASSED] - Close app successfully]]></system-out>
         <system-err><![CDATA[]]></system-err>
      </testcase>
      <system-out><![CDATA[25-04-2025T12:40:06 - [TEST_SUITE][PASSED] - Sprint-4: Test Cases/Home Page/C754_HomepageFunctionality]]></system-out>
      <system-err><![CDATA[]]></system-err>
   </testsuite>
</testsuites>
