<?xml version="1.0" encoding="UTF-8"?>
<testsuites name="Android Regression" time="6574.33" tests="24" failures="6" errors="0">
   <testsuite name="Android Regression" tests="24" failures="6" errors="0" time="6574.33" skipped="0" timestamp="24-04-2025T12:51:47" hostname="**********" id="Test Suites/Android Regression">
      <properties>
         <property name="deviceName" value="samsung SM-A146B (Android 14)"/>
         <property name="devicePlatform" value="Android"/>
         <property name="logFolder" value="/Users/gv.vignesh/Downloads/WGR-Android-Automation/Reports/20250424_125143/Android Regression/20250424_125143"/>
         <property name="logFiles" value="/Users/gv.vignesh/Downloads/WGR-Android-Automation/Reports/20250424_125143/Android Regression/20250424_125143/execution0.log, /Users/gv.vignesh/Downloads/WGR-Android-Automation/Reports/20250424_125143/Android Regression/20250424_125143/appium_error.log, /Users/gv.vignesh/Downloads/WGR-Android-Automation/Reports/20250424_125143/Android Regression/20250424_125143/appium.log"/>
         <property name="attachments" value="/Users/gv.vignesh/Downloads/WGR-Android-Automation/Reports/20250424_125143/Android Regression/20250424_125143/1745479824266.png, /Users/gv.vignesh/Downloads/WGR-Android-Automation/Reports/20250424_125143/Android Regression/20250424_125143/1745480170038.png, /Users/gv.vignesh/Downloads/WGR-Android-Automation/Reports/20250424_125143/Android Regression/20250424_125143/1745480271660.png, /Users/gv.vignesh/Downloads/WGR-Android-Automation/Reports/20250424_125143/Android Regression/20250424_125143/1745480303519.png, /Users/gv.vignesh/Downloads/WGR-Android-Automation/Reports/20250424_125143/Android Regression/20250424_125143/1745480310097.png, /Users/gv.vignesh/Downloads/WGR-Android-Automation/Reports/20250424_125143/Android Regression/20250424_125143/1745481887888.png, /Users/gv.vignesh/Downloads/WGR-Android-Automation/Reports/20250424_125143/Android Regression/20250424_125143/1745481889081.png, /var/folders/31/bxrgywy908s0_m3f2mfxp_cc0000gn/T/screenshot7822840804442700393.png, /Users/gv.vignesh/Downloads/WGR-Android-Automation/Reports/20250424_125143/Android Regression/20250424_125143/1745482975121.png, /Users/gv.vignesh/Downloads/WGR-Android-Automation/Reports/20250424_125143/Android Regression/20250424_125143/1745482976233.png, /Users/gv.vignesh/Downloads/WGR-Android-Automation/Reports/20250424_125143/Android Regression/20250424_125143/1745483170563.png, /Users/gv.vignesh/Downloads/WGR-Android-Automation/Reports/20250424_125143/Android Regression/20250424_125143/1745483171706.png, /Users/gv.vignesh/Downloads/WGR-Android-Automation/Reports/20250424_125143/Android Regression/20250424_125143/1745483366948.png, /Users/gv.vignesh/Downloads/WGR-Android-Automation/Reports/20250424_125143/Android Regression/20250424_125143/1745483368330.png, /Users/gv.vignesh/Downloads/WGR-Android-Automation/Reports/20250424_125143/Android Regression/20250424_125143/1745483445615.png, /Users/gv.vignesh/Downloads/WGR-Android-Automation/Reports/20250424_125143/Android Regression/20250424_125143/1745483448177.png, /Users/gv.vignesh/Downloads/WGR-Android-Automation/Reports/20250424_125143/Android Regression/20250424_125143/1745483528049.png, /Users/gv.vignesh/Downloads/WGR-Android-Automation/Reports/20250424_125143/Android Regression/20250424_125143/1745483530815.png, /Users/gv.vignesh/Downloads/WGR-Android-Automation/Reports/20250424_125143/Android Regression/20250424_125143/1745483641744.png, /Users/gv.vignesh/Downloads/WGR-Android-Automation/Reports/20250424_125143/Android Regression/20250424_125143/1745483644590.png, /Users/gv.vignesh/Downloads/WGR-Android-Automation/Reports/20250424_125143/Android Regression/20250424_125143/1745483853354.png, /Users/gv.vignesh/Downloads/WGR-Android-Automation/Reports/20250424_125143/Android Regression/20250424_125143/1745483854541.png, /Users/gv.vignesh/Downloads/WGR-Android-Automation/Reports/20250424_125143/Android Regression/20250424_125143/FAILURE_Object Repository_Repo_MyStay_android.widget.TextView - You dont have any upcoming stays associated with your profile_1745483855627.png, /Users/gv.vignesh/Downloads/WGR-Android-Automation/Reports/20250424_125143/Android Regression/20250424_125143/1745483882747.png, /Users/gv.vignesh/Downloads/WGR-Android-Automation/Reports/20250424_125143/Android Regression/20250424_125143/1745483883942.png, /Users/gv.vignesh/Downloads/WGR-Android-Automation/Reports/20250424_125143/Android Regression/20250424_125143/FAILURE_Object Repository_Repo_MyStay_android.widget.Button - Current (1)_1745483885024.png, /Users/gv.vignesh/Downloads/WGR-Android-Automation/Reports/20250424_125143/Android Regression/20250424_125143/1745483899242.png, /Users/gv.vignesh/Downloads/WGR-Android-Automation/Reports/20250424_125143/Android Regression/20250424_125143/1745483900385.png, /Users/gv.vignesh/Downloads/WGR-Android-Automation/Reports/20250424_125143/Android Regression/20250424_125143/FAILURE_Object Repository_Repo_MyStay_android.widget.Button - Past Stays (1)_1745483901662.png, /Users/gv.vignesh/Downloads/WGR-Android-Automation/Reports/20250424_125143/Android Regression/20250424_125143/1745484192585.png, /Users/gv.vignesh/Downloads/WGR-Android-Automation/Reports/20250424_125143/Android Regression/20250424_125143/1745484463041.png, /Users/gv.vignesh/Downloads/WGR-Android-Automation/Reports/20250424_125143/Android Regression/20250424_125143/1745484464487.png, /Users/gv.vignesh/Downloads/WGR-Android-Automation/Reports/20250424_125143/Android Regression/20250424_125143/1745484738515.png, /Users/gv.vignesh/Downloads/WGR-Android-Automation/Reports/20250424_125143/Android Regression/20250424_125143/1745484739864.png, /Users/gv.vignesh/Downloads/WGR-Android-Automation/Reports/20250424_125143/Android Regression/20250424_125143/1745484840453.png, /Users/gv.vignesh/Downloads/WGR-Android-Automation/Reports/20250424_125143/Android Regression/20250424_125143/1745484842851.png, /Users/gv.vignesh/Downloads/WGR-Android-Automation/Reports/20250424_125143/Android Regression/20250424_125143/1745484942277.png, /Users/gv.vignesh/Downloads/WGR-Android-Automation/Reports/20250424_125143/Android Regression/20250424_125143/1745484944686.png, /Users/gv.vignesh/Downloads/WGR-Android-Automation/Reports/20250424_125143/Android Regression/20250424_125143/1745485046979.png, /Users/gv.vignesh/Downloads/WGR-Android-Automation/Reports/20250424_125143/Android Regression/20250424_125143/1745485049590.png, /Users/gv.vignesh/Downloads/WGR-Android-Automation/Reports/20250424_125143/Android Regression/20250424_125143/1745485122916.png, /Users/gv.vignesh/Downloads/WGR-Android-Automation/Reports/20250424_125143/Android Regression/20250424_125143/1745485196827.png, /Users/gv.vignesh/Downloads/WGR-Android-Automation/Reports/20250424_125143/Android Regression/20250424_125143/1745485268128.png, /Users/gv.vignesh/Downloads/WGR-Android-Automation/Reports/20250424_125143/Android Regression/20250424_125143/1745485666591.png, /Users/gv.vignesh/Downloads/WGR-Android-Automation/Reports/20250424_125143/Android Regression/20250424_125143/1745485670076.png, /Users/gv.vignesh/Downloads/WGR-Android-Automation/Reports/20250424_125143/Android Regression/20250424_125143/1745485758444.png, /Users/gv.vignesh/Downloads/WGR-Android-Automation/Reports/20250424_125143/Android Regression/20250424_125143/1745485761355.png, /Users/gv.vignesh/Downloads/WGR-Android-Automation/Reports/20250424_125143/Android Regression/20250424_125143/1745485876791.png, /Users/gv.vignesh/Downloads/WGR-Android-Automation/Reports/20250424_125143/Android Regression/20250424_125143/1745485879555.png"/>
         <property name="hostName" value="**********"/>
         <property name="os" value="Mac OS X 64bit"/>
         <property name="appiumServerStatus" value="{&quot;value&quot;:{&quot;ready&quot;:true,&quot;message&quot;:&quot;The server is ready to accept new connections&quot;,&quot;build&quot;:{&quot;version&quot;:&quot;2.17.1&quot;,&quot;git-sha&quot;:&quot;9b1efcd944408db0bd85f82fe4724ccae04a812f&quot;,&quot;built&quot;:&quot;2025-03-31 08:55:01 +0000&quot;}}}"/>
         <property name="katalonVersion" value="10.1.1.0"/>
         <property name="deviceOS" value="Android"/>
         <property name="appiumVersion" value="2.17.1"/>
         <property name="deviceModel" value="SM-A146B"/>
         <property name="hostAddress" value="**********"/>
         <property name="deviceManufacturer" value="samsung"/>
         <property name="deviceId" value="adb-RZCW811B2MK-cCoIXY._adb-tls-connect._tcp"/>
         <property name="deviceName" value="samsung SM-A146B (Android 14)"/>
         <property name="deviceOSVersion" value="14"/>
      </properties>
      <testcase name="Test Cases/App Installation And Launching/C657_C658_AppInstallationAndLaunching" time="74.654" classname="Test Cases/App Installation And Launching/C657_C658_AppInstallationAndLaunching" status="PASSED">
         <system-out><![CDATA[24-04-2025T12:51:47 - [TEST_CASE][PASSED] - Test Cases/App Installation And Launching/C657_C658_AppInstallationAndLaunching: Test Cases/App Installation And Launching/C657_C658_AppInstallationAndLaunching

24-04-2025T12:51:47 - [TEST_STEP][PASSED] - startApplication(appUrl, true): Started application: '/Users/gv.vignesh/Downloads/WGR-Android-Automation/App Folder/app-debug-Version 2.99.68.apk'

24-04-2025T12:51:48 - [MESSAGE][INFO] - Starting application: '/Users/gv.vignesh/Downloads/WGR-Android-Automation/App Folder/app-debug-Version 2.99.68.apk'

24-04-2025T12:51:48 - [MESSAGE][INFO] - User set preference: ['uiautomator2ServerInstallTimeout', '0']

24-04-2025T12:51:48 - [MESSAGE][INFO] - User set preference: ['deviceId', '']

24-04-2025T12:51:48 - [MESSAGE][INFO] - Detected NodeJS location: "/opt/homebrew/Cellar/node/23.10.0_1/bin/node"

24-04-2025T12:51:48 - [MESSAGE][INFO] - PATH: /opt/homebrew/Cellar/node/23.10.0_1/bin:/opt/homebrew/bin:/usr/bin:/bin:/usr/sbin:/sbin:/Applications/Katalon Studio Enterprise.app/Contents/Eclipse/jre/Contents/Home/bin:/usr/local/bin/

24-04-2025T12:51:48 - [MESSAGE][INFO] - APPIUM_HOME: /Users/gv.vignesh/.appium

24-04-2025T12:51:48 - [MESSAGE][INFO] - appium outlog: /Users/gv.vignesh/Downloads/WGR-Android-Automation/Reports/20250424_125143/Android Regression/20250424_125143/appium.log

24-04-2025T12:51:48 - [MESSAGE][INFO] - appium errlog: /Users/gv.vignesh/Downloads/WGR-Android-Automation/Reports/20250424_125143/Android Regression/20250424_125143/appium_error.log

24-04-2025T12:51:49 - [MESSAGE][INFO] - Appium server started on port 53,480

24-04-2025T12:52:24 - [MESSAGE][PASSED] - Started application: '/Users/gv.vignesh/Downloads/WGR-Android-Automation/App Folder/app-debug-Version 2.99.68.apk'

24-04-2025T12:52:24 - [TEST_STEP][PASSED] - delay(10): Delayed 10 second(s)

24-04-2025T12:52:34 - [MESSAGE][PASSED] - Delayed 10 second(s)

24-04-2025T12:52:34 - [TEST_STEP][PASSED] - assert verifyElementExist(findTestObject("Object Repository/Repo/android.widget.TextView - Youre Moments Away FromCustomized Vacation Experiences"), 0): Element 'Object Repository/Repo/android.widget.TextView - Youre Moments Away FromCustomized Vacation Experiences' is exist

24-04-2025T12:52:34 - [MESSAGE][WARNING] - Timeout '0' is invalid. Using default page load timeout: '30'

24-04-2025T12:52:35 - [MESSAGE][PASSED] - Element 'Object Repository/Repo/android.widget.TextView - Youre Moments Away FromCustomized Vacation Experiences' is exist

24-04-2025T12:52:35 - [TEST_STEP][PASSED] - delay(3): Delayed 3 second(s)

24-04-2025T12:52:38 - [MESSAGE][PASSED] - Delayed 3 second(s)

24-04-2025T12:52:38 - [TEST_STEP][PASSED] - text = getText(findTestObject("Object Repository/Repo/android.widget.TextView - Youre Moments Away FromCustomized Vacation Experiences"), 0): Text of element 'Object Repository/Repo/android.widget.TextView - Youre Moments Away FromCustomized Vacation Experiences' is: 'You’re Moments Away From
Customized Vacation Experiences.'

24-04-2025T12:52:38 - [MESSAGE][WARNING] - Timeout '0' is invalid. Using default page load timeout: '30'

24-04-2025T12:52:38 - [MESSAGE][PASSED] - Text of element 'Object Repository/Repo/android.widget.TextView - Youre Moments Away FromCustomized Vacation Experiences' is: 'You’re Moments Away From
Customized Vacation Experiences.'

24-04-2025T12:52:38 - [TEST_STEP][PASSED] - println("Text: " + text): null

24-04-2025T12:52:38 - [TEST_STEP][PASSED] - delay(3): Delayed 3 second(s)

24-04-2025T12:52:41 - [MESSAGE][PASSED] - Delayed 3 second(s)

24-04-2025T12:52:41 - [TEST_STEP][PASSED] - assert verifyElementExist(findTestObject("Object Repository/Repo/android.widget.Button - Login or Sign Up"), 0): Element 'Object Repository/Repo/android.widget.Button - Login or Sign Up' is exist

24-04-2025T12:52:41 - [MESSAGE][WARNING] - Timeout '0' is invalid. Using default page load timeout: '30'

24-04-2025T12:52:42 - [MESSAGE][PASSED] - Element 'Object Repository/Repo/android.widget.Button - Login or Sign Up' is exist

24-04-2025T12:52:42 - [TEST_STEP][PASSED] - delay(3): Delayed 3 second(s)

24-04-2025T12:52:45 - [MESSAGE][PASSED] - Delayed 3 second(s)

24-04-2025T12:52:45 - [TEST_STEP][PASSED] - assert verifyElementExist(findTestObject("Object Repository/Repo/android.view.View - Home"), 0): Element 'Object Repository/Repo/android.view.View - Home' is exist

24-04-2025T12:52:45 - [MESSAGE][WARNING] - Timeout '0' is invalid. Using default page load timeout: '30'

24-04-2025T12:52:45 - [MESSAGE][PASSED] - Element 'Object Repository/Repo/android.view.View - Home' is exist

24-04-2025T12:52:45 - [TEST_STEP][PASSED] - delay(3): Delayed 3 second(s)

24-04-2025T12:52:48 - [MESSAGE][PASSED] - Delayed 3 second(s)

24-04-2025T12:52:48 - [TEST_STEP][PASSED] - assert verifyElementExist(findTestObject("Object Repository/Repo/android.view.View - My Account"), 0): Element 'Object Repository/Repo/android.view.View - My Account' is exist

24-04-2025T12:52:48 - [MESSAGE][WARNING] - Timeout '0' is invalid. Using default page load timeout: '30'

24-04-2025T12:52:48 - [MESSAGE][PASSED] - Element 'Object Repository/Repo/android.view.View - My Account' is exist

24-04-2025T12:52:48 - [TEST_STEP][PASSED] - delay(3): Delayed 3 second(s)

24-04-2025T12:52:51 - [MESSAGE][PASSED] - Delayed 3 second(s)

24-04-2025T12:52:51 - [TEST_STEP][PASSED] - tap(findTestObject("Object Repository/Repo/android.widget.TextView - Vacation More. Get More"), 0): Tapped on element 'Object Repository/Repo/android.widget.TextView - Vacation More. Get More'

24-04-2025T12:52:51 - [MESSAGE][WARNING] - Timeout '0' is invalid. Using default page load timeout: '30'

24-04-2025T12:52:51 - [MESSAGE][PASSED] - Tapped on element 'Object Repository/Repo/android.widget.TextView - Vacation More. Get More'

24-04-2025T12:52:51 - [TEST_STEP][PASSED] - delay(3): Delayed 3 second(s)

24-04-2025T12:52:54 - [MESSAGE][PASSED] - Delayed 3 second(s)

24-04-2025T12:52:54 - [TEST_STEP][PASSED] - assert verifyElementVisible(findTestObject("Object Repository/Repo/android.widget.TextView - Vacation More. Get More"), 0): Element 'Object Repository/Repo/android.widget.TextView - Vacation More. Get More' is visible

24-04-2025T12:52:54 - [MESSAGE][WARNING] - Timeout '0' is invalid. Using default page load timeout: '30'

24-04-2025T12:52:55 - [MESSAGE][PASSED] - Element 'Object Repository/Repo/android.widget.TextView - Vacation More. Get More' is visible

24-04-2025T12:52:55 - [TEST_STEP][PASSED] - delay(3): Delayed 3 second(s)

24-04-2025T12:52:58 - [MESSAGE][PASSED] - Delayed 3 second(s)

24-04-2025T12:52:58 - [TEST_STEP][PASSED] - assert verifyElementVisible(findTestObject("Object Repository/Repo/android.widget.TextView - Explore Westgate Loyalty"), 0): Element 'Object Repository/Repo/android.widget.TextView - Explore Westgate Loyalty' is visible

24-04-2025T12:52:58 - [MESSAGE][WARNING] - Timeout '0' is invalid. Using default page load timeout: '30'

24-04-2025T12:52:58 - [MESSAGE][PASSED] - Element 'Object Repository/Repo/android.widget.TextView - Explore Westgate Loyalty' is visible

24-04-2025T12:52:58 - [TEST_STEP][PASSED] - closeApplication(): Close app successfully

24-04-2025T12:53:02 - [MESSAGE][PASSED] - Close app successfully]]></system-out>
         <system-err><![CDATA[]]></system-err>
      </testcase>
      <testcase name="Test Cases/Guest User Mode/C738_C666_C719_GuestUserMode_BottomNavBar_SettingsMenu_AppVersion" time="108.015" classname="Test Cases/Guest User Mode/C738_C666_C719_GuestUserMode_BottomNavBar_SettingsMenu_AppVersion" status="PASSED">
         <system-out><![CDATA[24-04-2025T12:53:02 - [TEST_CASE][PASSED] - Test Cases/Guest User Mode/C738_C666_C719_GuestUserMode_BottomNavBar_SettingsMenu_AppVersion: Test Cases/Guest User Mode/C738_C666_C719_GuestUserMode_BottomNavBar_SettingsMenu_AppVersion

24-04-2025T12:53:02 - [TEST_STEP][PASSED] - startApplication(appUrl, true): Started application: '/Users/gv.vignesh/Downloads/WGR-Android-Automation/App Folder/app-debug-Version 2.99.68.apk'

24-04-2025T12:53:02 - [MESSAGE][INFO] - Starting application: '/Users/gv.vignesh/Downloads/WGR-Android-Automation/App Folder/app-debug-Version 2.99.68.apk'

24-04-2025T12:53:02 - [MESSAGE][INFO] - User set preference: ['uiautomator2ServerInstallTimeout', '0']

24-04-2025T12:53:02 - [MESSAGE][INFO] - User set preference: ['deviceId', '']

24-04-2025T12:53:02 - [MESSAGE][INFO] - Detected NodeJS location: "/opt/homebrew/Cellar/node/23.10.0_1/bin/node"

24-04-2025T12:53:02 - [MESSAGE][INFO] - PATH: /opt/homebrew/Cellar/node/23.10.0_1/bin:/opt/homebrew/bin:/usr/bin:/bin:/usr/sbin:/sbin:/Applications/Katalon Studio Enterprise.app/Contents/Eclipse/jre/Contents/Home/bin:/usr/local/bin/

24-04-2025T12:53:02 - [MESSAGE][INFO] - APPIUM_HOME: /Users/gv.vignesh/.appium

24-04-2025T12:53:02 - [MESSAGE][INFO] - appium outlog: /Users/gv.vignesh/Downloads/WGR-Android-Automation/Reports/20250424_125143/Android Regression/20250424_125143/appium.log

24-04-2025T12:53:02 - [MESSAGE][INFO] - appium errlog: /Users/gv.vignesh/Downloads/WGR-Android-Automation/Reports/20250424_125143/Android Regression/20250424_125143/appium_error.log

24-04-2025T12:53:04 - [MESSAGE][INFO] - Appium server started on port 53,714

24-04-2025T12:53:33 - [MESSAGE][PASSED] - Started application: '/Users/gv.vignesh/Downloads/WGR-Android-Automation/App Folder/app-debug-Version 2.99.68.apk'

24-04-2025T12:53:33 - [TEST_STEP][PASSED] - delay(10): Delayed 10 second(s)

24-04-2025T12:53:43 - [MESSAGE][PASSED] - Delayed 10 second(s)

24-04-2025T12:53:43 - [TEST_STEP][PASSED] - tap(findTestObject("Object Repository/Repo/android.widget.TextView - Continue as a Guest"), 0): Tapped on element 'Object Repository/Repo/android.widget.TextView - Continue as a Guest'

24-04-2025T12:53:43 - [MESSAGE][WARNING] - Timeout '0' is invalid. Using default page load timeout: '30'

24-04-2025T12:53:43 - [MESSAGE][PASSED] - Tapped on element 'Object Repository/Repo/android.widget.TextView - Continue as a Guest'

24-04-2025T12:53:43 - [TEST_STEP][PASSED] - delay(10): Delayed 10 second(s)

24-04-2025T12:53:53 - [MESSAGE][PASSED] - Delayed 10 second(s)

24-04-2025T12:53:53 - [TEST_STEP][PASSED] - tap(findTestObject("Object Repository/Repo/android.widget.Button - menu"), 0): Tapped on element 'Object Repository/Repo/android.widget.Button - menu'

24-04-2025T12:53:53 - [MESSAGE][WARNING] - Timeout '0' is invalid. Using default page load timeout: '30'

24-04-2025T12:53:54 - [MESSAGE][PASSED] - Tapped on element 'Object Repository/Repo/android.widget.Button - menu'

24-04-2025T12:53:54 - [TEST_STEP][PASSED] - delay(20): Delayed 20 second(s)

24-04-2025T12:54:14 - [MESSAGE][PASSED] - Delayed 20 second(s)

24-04-2025T12:54:14 - [TEST_STEP][PASSED] - tap(findTestObject("Object Repository/Repo/android.widget.TabWidget-Settings"), 0): Tapped on element 'Object Repository/Repo/android.widget.TabWidget-Settings'

24-04-2025T12:54:14 - [MESSAGE][WARNING] - Timeout '0' is invalid. Using default page load timeout: '30'

24-04-2025T12:54:14 - [MESSAGE][PASSED] - Tapped on element 'Object Repository/Repo/android.widget.TabWidget-Settings'

24-04-2025T12:54:14 - [TEST_STEP][PASSED] - delay(10): Delayed 10 second(s)

24-04-2025T12:54:24 - [MESSAGE][PASSED] - Delayed 10 second(s)

24-04-2025T12:54:24 - [TEST_STEP][PASSED] - actualVersionText = getText(findTestObject("Object Repository/testing/android.widget.Button - Version 2.99.68"), 0): Text of element 'Object Repository/testing/android.widget.Button - Version 2.99.68' is: 'Version 2.99.68'

24-04-2025T12:54:24 - [MESSAGE][WARNING] - Timeout '0' is invalid. Using default page load timeout: '30'

24-04-2025T12:54:25 - [MESSAGE][PASSED] - Text of element 'Object Repository/testing/android.widget.Button - Version 2.99.68' is: 'Version 2.99.68'

24-04-2025T12:54:25 - [TEST_STEP][PASSED] - expectedVersionText = "Version 2.99.68": null

24-04-2025T12:54:25 - [TEST_STEP][PASSED] - assert actualVersionText == expectedVersionText: null

24-04-2025T12:54:25 - [TEST_STEP][PASSED] - println(Version verification successful: $actualVersionText): null

24-04-2025T12:54:25 - [TEST_STEP][PASSED] - tap(findTestObject("Object Repository/Repo/android.widget.Button - menu"), 0): Tapped on element 'Object Repository/Repo/android.widget.Button - menu'

24-04-2025T12:54:25 - [MESSAGE][WARNING] - Timeout '0' is invalid. Using default page load timeout: '30'

24-04-2025T12:54:25 - [MESSAGE][PASSED] - Tapped on element 'Object Repository/Repo/android.widget.Button - menu'

24-04-2025T12:54:25 - [TEST_STEP][PASSED] - delay(10): Delayed 10 second(s)

24-04-2025T12:54:35 - [MESSAGE][PASSED] - Delayed 10 second(s)

24-04-2025T12:54:35 - [TEST_STEP][PASSED] - homeElementExists = verifyElementExist(findTestObject("Object Repository/Repo/android.view.View - Home"), 0): Element 'Object Repository/Repo/android.view.View - Home' is exist

24-04-2025T12:54:35 - [MESSAGE][WARNING] - Timeout '0' is invalid. Using default page load timeout: '30'

24-04-2025T12:54:35 - [MESSAGE][PASSED] - Element 'Object Repository/Repo/android.view.View - Home' is exist

24-04-2025T12:54:35 - [TEST_STEP][PASSED] - assert homeElementExists : "Element 'Home' does not exist.": null

24-04-2025T12:54:35 - [TEST_STEP][PASSED] - homeText = getText(findTestObject("Object Repository/Repo/android.view.View - Home"), 0): Text of element 'Object Repository/Repo/android.view.View - Home' is: 'Home'

24-04-2025T12:54:35 - [MESSAGE][WARNING] - Timeout '0' is invalid. Using default page load timeout: '30'

24-04-2025T12:54:36 - [MESSAGE][PASSED] - Text of element 'Object Repository/Repo/android.view.View - Home' is: 'Home'

24-04-2025T12:54:36 - [TEST_STEP][PASSED] - assert homeText == "Home": null

24-04-2025T12:54:36 - [TEST_STEP][PASSED] - println("Home screen verification successful."): null

24-04-2025T12:54:36 - [TEST_STEP][PASSED] - tap(findTestObject("Object Repository/Repo/android.view.View - My Account"), 0): Tapped on element 'Object Repository/Repo/android.view.View - My Account'

24-04-2025T12:54:36 - [MESSAGE][WARNING] - Timeout '0' is invalid. Using default page load timeout: '30'

24-04-2025T12:54:36 - [MESSAGE][PASSED] - Tapped on element 'Object Repository/Repo/android.view.View - My Account'

24-04-2025T12:54:36 - [TEST_STEP][PASSED] - delay(10): Delayed 10 second(s)

24-04-2025T12:54:46 - [MESSAGE][PASSED] - Delayed 10 second(s)

24-04-2025T12:54:46 - [TEST_STEP][PASSED] - myAccountElementExists = verifyElementExist(findTestObject("Object Repository/Repo/android.view.View - My Account"), 0): Element 'Object Repository/Repo/android.view.View - My Account' is exist

24-04-2025T12:54:46 - [MESSAGE][WARNING] - Timeout '0' is invalid. Using default page load timeout: '30'

24-04-2025T12:54:46 - [MESSAGE][PASSED] - Element 'Object Repository/Repo/android.view.View - My Account' is exist

24-04-2025T12:54:46 - [TEST_STEP][PASSED] - assert myAccountElementExists : "Element 'My Account' does not exist.": null

24-04-2025T12:54:46 - [TEST_STEP][PASSED] - myAccountText = getText(findTestObject("Object Repository/Repo/android.view.View - My Account"), 0): Text of element 'Object Repository/Repo/android.view.View - My Account' is: 'My Account'

24-04-2025T12:54:46 - [MESSAGE][WARNING] - Timeout '0' is invalid. Using default page load timeout: '30'

24-04-2025T12:54:46 - [MESSAGE][PASSED] - Text of element 'Object Repository/Repo/android.view.View - My Account' is: 'My Account'

24-04-2025T12:54:46 - [TEST_STEP][PASSED] - assert myAccountText == "My Account": null

24-04-2025T12:54:46 - [TEST_STEP][PASSED] - println("My Account screen verification successful."): null

24-04-2025T12:54:46 - [TEST_STEP][PASSED] - println("All test verifications completed successfully!"): null

24-04-2025T12:54:46 - [TEST_STEP][PASSED] - closeApplication(): Close app successfully

24-04-2025T12:54:50 - [MESSAGE][PASSED] - Close app successfully

24-04-2025T12:54:50 - [TEST_STEP][PASSED] - closeBrowser(): Browser is closed

24-04-2025T12:54:50 - [MESSAGE][PASSED] - Browser is closed]]></system-out>
         <system-err><![CDATA[]]></system-err>
      </testcase>
      <testcase name="Test Cases/Guest User Mode/C667_C668_GuestUserMode_TermsAndConditions_PrivacyPolicy" time="147.23" classname="Test Cases/Guest User Mode/C667_C668_GuestUserMode_TermsAndConditions_PrivacyPolicy" status="PASSED">
         <system-out><![CDATA[24-04-2025T12:54:50 - [TEST_CASE][PASSED] - Test Cases/Guest User Mode/C667_C668_GuestUserMode_TermsAndConditions_PrivacyPolicy: Test Cases/Guest User Mode/C667_C668_GuestUserMode_TermsAndConditions_PrivacyPolicy

24-04-2025T12:54:50 - [TEST_STEP][PASSED] - startApplication(appUrl, true): Started application: '/Users/gv.vignesh/Downloads/WGR-Android-Automation/App Folder/app-debug-Version 2.99.68.apk'

24-04-2025T12:54:50 - [MESSAGE][INFO] - Starting application: '/Users/gv.vignesh/Downloads/WGR-Android-Automation/App Folder/app-debug-Version 2.99.68.apk'

24-04-2025T12:54:50 - [MESSAGE][INFO] - User set preference: ['uiautomator2ServerInstallTimeout', '0']

24-04-2025T12:54:50 - [MESSAGE][INFO] - User set preference: ['deviceId', '']

24-04-2025T12:54:50 - [MESSAGE][INFO] - Detected NodeJS location: "/opt/homebrew/Cellar/node/23.10.0_1/bin/node"

24-04-2025T12:54:50 - [MESSAGE][INFO] - PATH: /opt/homebrew/Cellar/node/23.10.0_1/bin:/opt/homebrew/bin:/usr/bin:/bin:/usr/sbin:/sbin:/Applications/Katalon Studio Enterprise.app/Contents/Eclipse/jre/Contents/Home/bin:/usr/local/bin/

24-04-2025T12:54:50 - [MESSAGE][INFO] - APPIUM_HOME: /Users/gv.vignesh/.appium

24-04-2025T12:54:50 - [MESSAGE][INFO] - appium outlog: /Users/gv.vignesh/Downloads/WGR-Android-Automation/Reports/20250424_125143/Android Regression/20250424_125143/appium.log

24-04-2025T12:54:50 - [MESSAGE][INFO] - appium errlog: /Users/gv.vignesh/Downloads/WGR-Android-Automation/Reports/20250424_125143/Android Regression/20250424_125143/appium_error.log

24-04-2025T12:54:52 - [MESSAGE][INFO] - Appium server started on port 53,914

24-04-2025T12:55:24 - [MESSAGE][PASSED] - Started application: '/Users/gv.vignesh/Downloads/WGR-Android-Automation/App Folder/app-debug-Version 2.99.68.apk'

24-04-2025T12:55:24 - [TEST_STEP][PASSED] - delay(10): Delayed 10 second(s)

24-04-2025T12:55:34 - [MESSAGE][PASSED] - Delayed 10 second(s)

24-04-2025T12:55:34 - [TEST_STEP][PASSED] - tap(findTestObject("Object Repository/Repo/android.widget.TextView - Continue as a Guest"), 0): Tapped on element 'Object Repository/Repo/android.widget.TextView - Continue as a Guest'

24-04-2025T12:55:34 - [MESSAGE][WARNING] - Timeout '0' is invalid. Using default page load timeout: '30'

24-04-2025T12:55:35 - [MESSAGE][PASSED] - Tapped on element 'Object Repository/Repo/android.widget.TextView - Continue as a Guest'

24-04-2025T12:55:35 - [TEST_STEP][PASSED] - delay(10): Delayed 10 second(s)

24-04-2025T12:55:45 - [MESSAGE][PASSED] - Delayed 10 second(s)

24-04-2025T12:55:45 - [TEST_STEP][PASSED] - tap(findTestObject("Object Repository/Repo/android.widget.Button - menu"), 0): Tapped on element 'Object Repository/Repo/android.widget.Button - menu'

24-04-2025T12:55:45 - [MESSAGE][WARNING] - Timeout '0' is invalid. Using default page load timeout: '30'

24-04-2025T12:55:45 - [MESSAGE][PASSED] - Tapped on element 'Object Repository/Repo/android.widget.Button - menu'

24-04-2025T12:55:45 - [TEST_STEP][PASSED] - delay(30): Delayed 30 second(s)

24-04-2025T12:56:15 - [MESSAGE][PASSED] - Delayed 30 second(s)

24-04-2025T12:56:15 - [TEST_STEP][PASSED] - tap(findTestObject("Object Repository/Repo/android.widget.TextView - Terms and Conditions-Menu"), 0): Tapped on element 'Object Repository/Repo/android.widget.TextView - Terms and Conditions-Menu'

24-04-2025T12:56:15 - [MESSAGE][WARNING] - Timeout '0' is invalid. Using default page load timeout: '30'

24-04-2025T12:56:16 - [MESSAGE][PASSED] - Tapped on element 'Object Repository/Repo/android.widget.TextView - Terms and Conditions-Menu'

24-04-2025T12:56:16 - [TEST_STEP][PASSED] - delay(10): Delayed 10 second(s)

24-04-2025T12:56:26 - [MESSAGE][PASSED] - Delayed 10 second(s)

24-04-2025T12:56:26 - [TEST_STEP][PASSED] - if (waitForElementPresent(findTestObject("Object Repository/Repo/android.view.View-Terms and conditions web"), 30, STOP_ON_FAILURE)): null

24-04-2025T12:56:26 - [MESSAGE][PASSED] - Element 'Object Repository/Repo/android.view.View-Terms and conditions web' is present

24-04-2025T12:56:26 - [TEST_STEP][PASSED] - println("Element 'android.view.View - Terms & Conditions-Webview' exists."): null

24-04-2025T12:56:26 - [TEST_STEP][PASSED] - delay(10): Delayed 10 second(s)

24-04-2025T12:56:36 - [MESSAGE][PASSED] - Delayed 10 second(s)

24-04-2025T12:56:36 - [TEST_STEP][PASSED] - tap(findTestObject("Object Repository/Repo/android.widget.ImageButton-Cancel web"), 0): Tapped on element 'Object Repository/Repo/android.widget.ImageButton-Cancel web'

24-04-2025T12:56:36 - [MESSAGE][WARNING] - Timeout '0' is invalid. Using default page load timeout: '30'

24-04-2025T12:56:37 - [MESSAGE][PASSED] - Tapped on element 'Object Repository/Repo/android.widget.ImageButton-Cancel web'

24-04-2025T12:56:37 - [TEST_STEP][PASSED] - delay(15): Delayed 15 second(s)

24-04-2025T12:56:52 - [MESSAGE][PASSED] - Delayed 15 second(s)

24-04-2025T12:56:52 - [TEST_STEP][PASSED] - tap(findTestObject("Object Repository/Repo/android.widget.Button - menu"), 0): Tapped on element 'Object Repository/Repo/android.widget.Button - menu'

24-04-2025T12:56:52 - [MESSAGE][WARNING] - Timeout '0' is invalid. Using default page load timeout: '30'

24-04-2025T12:56:52 - [MESSAGE][PASSED] - Tapped on element 'Object Repository/Repo/android.widget.Button - menu'

24-04-2025T12:56:52 - [TEST_STEP][PASSED] - delay(15): Delayed 15 second(s)

24-04-2025T12:57:07 - [MESSAGE][PASSED] - Delayed 15 second(s)

24-04-2025T12:57:07 - [TEST_STEP][PASSED] - tap(findTestObject("Object Repository/Repo/android.widget.TextView - Privacy Policy-Menu"), 0): Tapped on element 'Object Repository/Repo/android.widget.TextView - Privacy Policy-Menu'

24-04-2025T12:57:07 - [MESSAGE][WARNING] - Timeout '0' is invalid. Using default page load timeout: '30'

24-04-2025T12:57:07 - [MESSAGE][PASSED] - Tapped on element 'Object Repository/Repo/android.widget.TextView - Privacy Policy-Menu'

24-04-2025T12:57:07 - [TEST_STEP][PASSED] - if (waitForElementPresent(findTestObject("Object Repository/Repo/android.widget.TextView - Privacy Policy-web"), 30, STOP_ON_FAILURE)): null

24-04-2025T12:57:13 - [MESSAGE][PASSED] - Element 'Object Repository/Repo/android.widget.TextView - Privacy Policy-web' is present

24-04-2025T12:57:13 - [TEST_STEP][PASSED] - println("Element 'android.widget.TextView - Privacy Policy-web' exists."): null

24-04-2025T12:57:13 - [TEST_STEP][PASSED] - closeApplication(): Close app successfully

24-04-2025T12:57:17 - [MESSAGE][PASSED] - Close app successfully

24-04-2025T12:57:17 - [TEST_STEP][PASSED] - closeBrowser(): Browser is closed

24-04-2025T12:57:17 - [MESSAGE][PASSED] - Browser is closed]]></system-out>
         <system-err><![CDATA[]]></system-err>
      </testcase>
      <testcase name="Test Cases/Guest User Mode/C764_C739_C793_GuestUserMode_OAM_BottomNavBar_ThingsToDo" time="221.912" classname="Test Cases/Guest User Mode/C764_C739_C793_GuestUserMode_OAM_BottomNavBar_ThingsToDo" status="PASSED">
         <system-out><![CDATA[24-04-2025T13:00:25 - [TEST_CASE][PASSED] - Test Cases/Guest User Mode/C764_C739_C793_GuestUserMode_OAM_BottomNavBar_ThingsToDo: Test Cases/Guest User Mode/C764_C739_C793_GuestUserMode_OAM_BottomNavBar_ThingsToDo

24-04-2025T13:00:25 - [TEST_STEP][PASSED] - startApplication(appUrl, true): Started application: '/Users/gv.vignesh/Downloads/WGR-Android-Automation/App Folder/app-debug-Version 2.99.68.apk'

24-04-2025T13:00:25 - [MESSAGE][INFO] - Starting application: '/Users/gv.vignesh/Downloads/WGR-Android-Automation/App Folder/app-debug-Version 2.99.68.apk'

24-04-2025T13:00:25 - [MESSAGE][INFO] - User set preference: ['uiautomator2ServerInstallTimeout', '0']

24-04-2025T13:00:25 - [MESSAGE][INFO] - User set preference: ['deviceId', '']

24-04-2025T13:00:51 - [MESSAGE][PASSED] - Started application: '/Users/gv.vignesh/Downloads/WGR-Android-Automation/App Folder/app-debug-Version 2.99.68.apk'

24-04-2025T13:00:51 - [TEST_STEP][PASSED] - testData = findTestData("Data Files/WRMA-107"): null

24-04-2025T13:00:51 - [TEST_STEP][PASSED] - email = testData.getValue("Email", 1): null

24-04-2025T13:00:51 - [TEST_STEP][PASSED] - password = testData.getValue("Password", 1): null

24-04-2025T13:00:51 - [TEST_STEP][PASSED] - delay(10): Delayed 10 second(s)

24-04-2025T13:01:01 - [MESSAGE][PASSED] - Delayed 10 second(s)

24-04-2025T13:01:01 - [TEST_STEP][PASSED] - verifyElementExist(findTestObject("Object Repository/Repo/android.view.View - Home"), 0): Element 'Object Repository/Repo/android.view.View - Home' is exist

24-04-2025T13:01:01 - [MESSAGE][WARNING] - Timeout '0' is invalid. Using default page load timeout: '30'

24-04-2025T13:01:02 - [MESSAGE][PASSED] - Element 'Object Repository/Repo/android.view.View - Home' is exist

24-04-2025T13:01:02 - [TEST_STEP][PASSED] - delay(5): Delayed 5 second(s)

24-04-2025T13:01:07 - [MESSAGE][PASSED] - Delayed 5 second(s)

24-04-2025T13:01:07 - [TEST_STEP][PASSED] - tap(findTestObject("Object Repository/Repo/android.view.View - Home"), 0): Tapped on element 'Object Repository/Repo/android.view.View - Home'

24-04-2025T13:01:07 - [MESSAGE][WARNING] - Timeout '0' is invalid. Using default page load timeout: '30'

24-04-2025T13:01:07 - [MESSAGE][PASSED] - Tapped on element 'Object Repository/Repo/android.view.View - Home'

24-04-2025T13:01:07 - [TEST_STEP][PASSED] - delay(10): Delayed 10 second(s)

24-04-2025T13:01:17 - [MESSAGE][PASSED] - Delayed 10 second(s)

24-04-2025T13:01:17 - [TEST_STEP][PASSED] - verifyElementExist(findTestObject("Object Repository/Repo/android.view.View - Home (1)"), 0): Element 'Object Repository/Repo/android.view.View - Home (1)' is exist

24-04-2025T13:01:17 - [MESSAGE][WARNING] - Timeout '0' is invalid. Using default page load timeout: '30'

24-04-2025T13:01:18 - [MESSAGE][PASSED] - Element 'Object Repository/Repo/android.view.View - Home (1)' is exist

24-04-2025T13:01:18 - [TEST_STEP][PASSED] - delay(5): Delayed 5 second(s)

24-04-2025T13:01:23 - [MESSAGE][PASSED] - Delayed 5 second(s)

24-04-2025T13:01:23 - [TEST_STEP][PASSED] - verifyElementExist(findTestObject("Object Repository/Repo/android.widget.TextView-Slide"), 0): Element 'Object Repository/Repo/android.widget.TextView-Slide' is exist

24-04-2025T13:01:23 - [MESSAGE][WARNING] - Timeout '0' is invalid. Using default page load timeout: '30'

24-04-2025T13:01:23 - [MESSAGE][PASSED] - Element 'Object Repository/Repo/android.widget.TextView-Slide' is exist

24-04-2025T13:01:23 - [TEST_STEP][PASSED] - startX = 1000: null

24-04-2025T13:01:23 - [TEST_STEP][PASSED] - startY = 2000: null

24-04-2025T13:01:23 - [TEST_STEP][PASSED] - endX = 200: null

24-04-2025T13:01:23 - [TEST_STEP][PASSED] - endY = 1000: null

24-04-2025T13:01:23 - [TEST_STEP][PASSED] - try: null

24-04-2025T13:01:23 - [TEST_STEP][PASSED] - swipe(startX, startY, endX, endY): Swiped from 1,000,2,000 to 200,1,000

24-04-2025T13:01:24 - [MESSAGE][PASSED] - Swiped from 1,000,2,000 to 200,1,000

24-04-2025T13:01:24 - [TEST_STEP][PASSED] - println("Swipe action successful"): null

24-04-2025T13:01:24 - [TEST_STEP][PASSED] - delay(5): Delayed 5 second(s)

24-04-2025T13:01:29 - [MESSAGE][PASSED] - Delayed 5 second(s)

24-04-2025T13:01:29 - [TEST_STEP][PASSED] - homeText = View - Home (1)"), 0).trim(): Text of element 'Object Repository/Repo/android.view.View - Home (1)' is: 'Home'

24-04-2025T13:01:29 - [MESSAGE][WARNING] - Timeout '0' is invalid. Using default page load timeout: '30'

24-04-2025T13:01:30 - [MESSAGE][PASSED] - Text of element 'Object Repository/Repo/android.view.View - Home (1)' is: 'Home'

24-04-2025T13:01:30 - [TEST_STEP][PASSED] - println("Home Text: " + homeText): null

24-04-2025T13:01:30 - [TEST_STEP][PASSED] - verifyEqual(homeText, "Home", STOP_ON_FAILURE): Actual object 'Home' and expected object 'Home' are equal

24-04-2025T13:01:30 - [MESSAGE][PASSED] - Actual object 'Home' and expected object 'Home' are equal

24-04-2025T13:01:30 - [TEST_STEP][PASSED] - delay(5): Delayed 5 second(s)

24-04-2025T13:01:35 - [MESSAGE][PASSED] - Delayed 5 second(s)

24-04-2025T13:01:35 - [TEST_STEP][PASSED] - verifyElementExist(findTestObject("Object Repository/Repo/android.view.View - My Account (1)"), 0): Element 'Object Repository/Repo/android.view.View - My Account (1)' is exist

24-04-2025T13:01:35 - [MESSAGE][WARNING] - Timeout '0' is invalid. Using default page load timeout: '30'

24-04-2025T13:01:35 - [MESSAGE][PASSED] - Element 'Object Repository/Repo/android.view.View - My Account (1)' is exist

24-04-2025T13:01:35 - [TEST_STEP][PASSED] - delay(5): Delayed 5 second(s)

24-04-2025T13:01:40 - [MESSAGE][PASSED] - Delayed 5 second(s)

24-04-2025T13:01:40 - [TEST_STEP][PASSED] - myAccountText = View - My Account (1)"), 0).trim(): Text of element 'Object Repository/Repo/android.view.View - My Account (1)' is: 'My Account'

24-04-2025T13:01:40 - [MESSAGE][WARNING] - Timeout '0' is invalid. Using default page load timeout: '30'

24-04-2025T13:01:41 - [MESSAGE][PASSED] - Text of element 'Object Repository/Repo/android.view.View - My Account (1)' is: 'My Account'

24-04-2025T13:01:41 - [TEST_STEP][PASSED] - println("My Account Text: " + myAccountText): null

24-04-2025T13:01:41 - [TEST_STEP][PASSED] - verifyEqual(myAccountText, "My Account", STOP_ON_FAILURE): Actual object 'My Account' and expected object 'My Account' are equal

24-04-2025T13:01:41 - [MESSAGE][PASSED] - Actual object 'My Account' and expected object 'My Account' are equal

24-04-2025T13:01:41 - [TEST_STEP][PASSED] - delay(15): Delayed 15 second(s)

24-04-2025T13:01:56 - [MESSAGE][PASSED] - Delayed 15 second(s)

24-04-2025T13:01:56 - [TEST_STEP][PASSED] - scrollToText("Recommended for you"): Scrolling to text 'Recommended for you' successfully

24-04-2025T13:01:57 - [MESSAGE][PASSED] - Scrolling to text 'Recommended for you' successfully

24-04-2025T13:01:57 - [TEST_STEP][PASSED] - delay(5): Delayed 5 second(s)

24-04-2025T13:02:02 - [MESSAGE][PASSED] - Delayed 5 second(s)

24-04-2025T13:02:02 - [TEST_STEP][PASSED] - verifyElementExist(findTestObject("Object Repository/Repo/android.widget.TextView - RECOMMENDED FOR YOU"), 0): Element 'Object Repository/Repo/android.widget.TextView - RECOMMENDED FOR YOU' is exist

24-04-2025T13:02:02 - [MESSAGE][WARNING] - Timeout '0' is invalid. Using default page load timeout: '30'

24-04-2025T13:02:02 - [MESSAGE][PASSED] - Element 'Object Repository/Repo/android.widget.TextView - RECOMMENDED FOR YOU' is exist

24-04-2025T13:02:02 - [TEST_STEP][PASSED] - delay(5): Delayed 5 second(s)

24-04-2025T13:02:07 - [MESSAGE][PASSED] - Delayed 5 second(s)

24-04-2025T13:02:07 - [TEST_STEP][PASSED] - recommendedText = TextView - RECOMMENDED FOR YOU"), 0).trim(): Text of element 'Object Repository/Repo/android.widget.TextView - RECOMMENDED FOR YOU' is: 'RECOMMENDED FOR YOU'

24-04-2025T13:02:07 - [MESSAGE][WARNING] - Timeout '0' is invalid. Using default page load timeout: '30'

24-04-2025T13:02:08 - [MESSAGE][PASSED] - Text of element 'Object Repository/Repo/android.widget.TextView - RECOMMENDED FOR YOU' is: 'RECOMMENDED FOR YOU'

24-04-2025T13:02:08 - [TEST_STEP][PASSED] - println("Recommended Text: " + recommendedText): null

24-04-2025T13:02:08 - [TEST_STEP][PASSED] - verifyEqual(recommendedText, "RECOMMENDED FOR YOU", STOP_ON_FAILURE): Actual object 'RECOMMENDED FOR YOU' and expected object 'RECOMMENDED FOR YOU' are equal

24-04-2025T13:02:08 - [MESSAGE][PASSED] - Actual object 'RECOMMENDED FOR YOU' and expected object 'RECOMMENDED FOR YOU' are equal

24-04-2025T13:02:08 - [TEST_STEP][PASSED] - delay(5): Delayed 5 second(s)

24-04-2025T13:02:13 - [MESSAGE][PASSED] - Delayed 5 second(s)

24-04-2025T13:02:13 - [TEST_STEP][PASSED] - verifyElementExist(findTestObject("Object Repository/Repo/android.widget.TextView - THINGS TO DO"), 0): Element 'Object Repository/Repo/android.widget.TextView - THINGS TO DO' is exist

24-04-2025T13:02:13 - [MESSAGE][WARNING] - Timeout '0' is invalid. Using default page load timeout: '30'

24-04-2025T13:02:13 - [MESSAGE][PASSED] - Element 'Object Repository/Repo/android.widget.TextView - THINGS TO DO' is exist

24-04-2025T13:02:13 - [TEST_STEP][PASSED] - delay(5): Delayed 5 second(s)

24-04-2025T13:02:18 - [MESSAGE][PASSED] - Delayed 5 second(s)

24-04-2025T13:02:18 - [TEST_STEP][PASSED] - thingsToDoText = TextView - THINGS TO DO"), 0).trim(): Text of element 'Object Repository/Repo/android.widget.TextView - THINGS TO DO' is: 'THINGS TO DO'

24-04-2025T13:02:18 - [MESSAGE][WARNING] - Timeout '0' is invalid. Using default page load timeout: '30'

24-04-2025T13:02:18 - [MESSAGE][PASSED] - Text of element 'Object Repository/Repo/android.widget.TextView - THINGS TO DO' is: 'THINGS TO DO'

24-04-2025T13:02:18 - [TEST_STEP][PASSED] - println("Things to Do Text: " + thingsToDoText): null

24-04-2025T13:02:18 - [TEST_STEP][PASSED] - verifyEqual(thingsToDoText, "THINGS TO DO", STOP_ON_FAILURE): Actual object 'THINGS TO DO' and expected object 'THINGS TO DO' are equal

24-04-2025T13:02:18 - [MESSAGE][PASSED] - Actual object 'THINGS TO DO' and expected object 'THINGS TO DO' are equal

24-04-2025T13:02:18 - [TEST_STEP][PASSED] - delay(5): Delayed 5 second(s)

24-04-2025T13:02:23 - [MESSAGE][PASSED] - Delayed 5 second(s)

24-04-2025T13:02:23 - [TEST_STEP][PASSED] - verifyElementExist(findTestObject("Object Repository/Repo/android.view.View-gain access"), 0): Element 'Object Repository/Repo/android.view.View-gain access' is exist

24-04-2025T13:02:23 - [MESSAGE][WARNING] - Timeout '0' is invalid. Using default page load timeout: '30'

24-04-2025T13:02:24 - [MESSAGE][PASSED] - Element 'Object Repository/Repo/android.view.View-gain access' is exist

24-04-2025T13:02:24 - [TEST_STEP][PASSED] - delay(5): Delayed 5 second(s)

24-04-2025T13:02:29 - [MESSAGE][PASSED] - Delayed 5 second(s)

24-04-2025T13:02:29 - [TEST_STEP][PASSED] - gainAccessText = TextView - Gain access to a"), 0).trim(): Text of element 'Object Repository/Repo/android.widget.TextView - Gain access to a' is: 'Gain access to a'

24-04-2025T13:02:29 - [MESSAGE][WARNING] - Timeout '0' is invalid. Using default page load timeout: '30'

24-04-2025T13:02:29 - [MESSAGE][PASSED] - Text of element 'Object Repository/Repo/android.widget.TextView - Gain access to a' is: 'Gain access to a'

24-04-2025T13:02:29 - [TEST_STEP][PASSED] - println("Gain Access Text: " + gainAccessText): null

24-04-2025T13:02:29 - [TEST_STEP][PASSED] - verifyEqual(gainAccessText, "Gain access to a", STOP_ON_FAILURE): Actual object 'Gain access to a' and expected object 'Gain access to a' are equal

24-04-2025T13:02:29 - [MESSAGE][PASSED] - Actual object 'Gain access to a' and expected object 'Gain access to a' are equal

24-04-2025T13:02:29 - [TEST_STEP][PASSED] - delay(5): Delayed 5 second(s)

24-04-2025T13:02:34 - [MESSAGE][PASSED] - Delayed 5 second(s)

24-04-2025T13:02:34 - [TEST_STEP][PASSED] - verifyElementExist(findTestObject("Object Repository/Repo/android.widget.TextView - Login"), 0): Element 'Object Repository/Repo/android.widget.TextView - Login' is exist

24-04-2025T13:02:34 - [MESSAGE][WARNING] - Timeout '0' is invalid. Using default page load timeout: '30'

24-04-2025T13:02:35 - [MESSAGE][PASSED] - Element 'Object Repository/Repo/android.widget.TextView - Login' is exist

24-04-2025T13:02:35 - [TEST_STEP][PASSED] - delay(5): Delayed 5 second(s)

24-04-2025T13:02:40 - [MESSAGE][PASSED] - Delayed 5 second(s)

24-04-2025T13:02:40 - [TEST_STEP][PASSED] - loginText = TextView - Login"), 0).trim(): Text of element 'Object Repository/Repo/android.widget.TextView - Login' is: 'Login'

24-04-2025T13:02:40 - [MESSAGE][WARNING] - Timeout '0' is invalid. Using default page load timeout: '30'

24-04-2025T13:02:40 - [MESSAGE][PASSED] - Text of element 'Object Repository/Repo/android.widget.TextView - Login' is: 'Login'

24-04-2025T13:02:40 - [TEST_STEP][PASSED] - println("Login Text: " + loginText): null

24-04-2025T13:02:40 - [TEST_STEP][PASSED] - verifyEqual(loginText, "Login", STOP_ON_FAILURE): Actual object 'Login' and expected object 'Login' are equal

24-04-2025T13:02:40 - [MESSAGE][PASSED] - Actual object 'Login' and expected object 'Login' are equal

24-04-2025T13:02:40 - [TEST_STEP][PASSED] - tap(findTestObject("Object Repository/Repo/android.widget.TextView - Login"), 0): Tapped on element 'Object Repository/Repo/android.widget.TextView - Login'

24-04-2025T13:02:40 - [MESSAGE][WARNING] - Timeout '0' is invalid. Using default page load timeout: '30'

24-04-2025T13:02:41 - [MESSAGE][PASSED] - Tapped on element 'Object Repository/Repo/android.widget.TextView - Login'

24-04-2025T13:02:41 - [TEST_STEP][PASSED] - delay(30): Delayed 30 second(s)

24-04-2025T13:03:11 - [MESSAGE][PASSED] - Delayed 30 second(s)

24-04-2025T13:03:11 - [TEST_STEP][PASSED] - verifyElementExist(findTestObject("Object Repository/Repo/android.widget.TextView - WESTGATE Online Account Management"), 0): Element 'Object Repository/Repo/android.widget.TextView - WESTGATE Online Account Management' is exist

24-04-2025T13:03:11 - [MESSAGE][WARNING] - Timeout '0' is invalid. Using default page load timeout: '30'

24-04-2025T13:03:11 - [MESSAGE][PASSED] - Element 'Object Repository/Repo/android.widget.TextView - WESTGATE Online Account Management' is exist

24-04-2025T13:03:11 - [TEST_STEP][PASSED] - delay(5): Delayed 5 second(s)

24-04-2025T13:03:16 - [MESSAGE][PASSED] - Delayed 5 second(s)

24-04-2025T13:03:16 - [TEST_STEP][PASSED] - westgateText = TextView - WESTGATE Online Account Management"), 0).trim(): Text of element 'Object Repository/Repo/android.widget.TextView - WESTGATE Online Account Management' is: 'WESTGATE Online Account Management'

24-04-2025T13:03:16 - [MESSAGE][WARNING] - Timeout '0' is invalid. Using default page load timeout: '30'

24-04-2025T13:03:16 - [MESSAGE][PASSED] - Text of element 'Object Repository/Repo/android.widget.TextView - WESTGATE Online Account Management' is: 'WESTGATE Online Account Management'

24-04-2025T13:03:16 - [TEST_STEP][PASSED] - println("WESTGATE Text: " + westgateText): null

24-04-2025T13:03:16 - [TEST_STEP][PASSED] - verifyEqual(westgateText, "WESTGATE Online Account Management", CONTINUE_ON_FAILURE): Actual object 'WESTGATE Online Account Management' and expected object 'WESTGATE Online Account Management' are equal

24-04-2025T13:03:16 - [MESSAGE][PASSED] - Actual object 'WESTGATE Online Account Management' and expected object 'WESTGATE Online Account Management' are equal

24-04-2025T13:03:16 - [TEST_STEP][PASSED] - setText(findTestObject("Object Repository/Repo/android.widget.EditText-OAM(Login)"), email, 0): Text '0425201TM@WG.COM' has been set to element 'Object Repository/Repo/android.widget.EditText-OAM(Login)'

24-04-2025T13:03:16 - [MESSAGE][WARNING] - Timeout '0' is invalid. Using default page load timeout: '30'

24-04-2025T13:03:16 - [MESSAGE][PASSED] - Text '0425201TM@WG.COM' has been set to element 'Object Repository/Repo/android.widget.EditText-OAM(Login)'

24-04-2025T13:03:16 - [TEST_STEP][PASSED] - hideKeyboard(): Keyboard is hidden

24-04-2025T13:03:18 - [MESSAGE][PASSED] - Keyboard is hidden

24-04-2025T13:03:18 - [TEST_STEP][PASSED] - delay(10): Delayed 10 second(s)

24-04-2025T13:03:28 - [MESSAGE][PASSED] - Delayed 10 second(s)

24-04-2025T13:03:28 - [TEST_STEP][PASSED] - setText(findTestObject("Object Repository/Repo/android.widget.EditText-OAM(Password)"), password, 0): Text 'password' has been set to element 'Object Repository/Repo/android.widget.EditText-OAM(Password)'

24-04-2025T13:03:28 - [MESSAGE][WARNING] - Timeout '0' is invalid. Using default page load timeout: '30'

24-04-2025T13:03:28 - [MESSAGE][PASSED] - Text 'password' has been set to element 'Object Repository/Repo/android.widget.EditText-OAM(Password)'

24-04-2025T13:03:28 - [TEST_STEP][PASSED] - hideKeyboard(): Keyboard is hidden

24-04-2025T13:03:30 - [MESSAGE][PASSED] - Keyboard is hidden

24-04-2025T13:03:30 - [TEST_STEP][PASSED] - delay(10): Delayed 10 second(s)

24-04-2025T13:03:40 - [MESSAGE][PASSED] - Delayed 10 second(s)

24-04-2025T13:03:40 - [TEST_STEP][PASSED] - tap(findTestObject("Object Repository/Repo/android.widget.Button -OAM(Login)"), 0): Tapped on element 'Object Repository/Repo/android.widget.Button -OAM(Login)'

24-04-2025T13:03:40 - [MESSAGE][WARNING] - Timeout '0' is invalid. Using default page load timeout: '30'

24-04-2025T13:03:41 - [MESSAGE][PASSED] - Tapped on element 'Object Repository/Repo/android.widget.Button -OAM(Login)'

24-04-2025T13:03:41 - [TEST_STEP][PASSED] - delay(10): Delayed 10 second(s)

24-04-2025T13:03:51 - [MESSAGE][PASSED] - Delayed 10 second(s)

24-04-2025T13:03:51 - [TEST_STEP][PASSED] - homeElementExists = verifyElementExist(findTestObject("Object Repository/Repo/android.view.View - Home"), 0): Element 'Object Repository/Repo/android.view.View - Home' is exist

24-04-2025T13:03:51 - [MESSAGE][WARNING] - Timeout '0' is invalid. Using default page load timeout: '30'

24-04-2025T13:03:51 - [MESSAGE][PASSED] - Element 'Object Repository/Repo/android.view.View - Home' is exist

24-04-2025T13:03:51 - [TEST_STEP][PASSED] - assert homeElementExists : "Element 'Home' does not exist.": null

24-04-2025T13:03:51 - [TEST_STEP][PASSED] - homeText = getText(findTestObject("Object Repository/Repo/android.view.View - Home"), 0): Text of element 'Object Repository/Repo/android.view.View - Home' is: 'Home'

24-04-2025T13:03:51 - [MESSAGE][WARNING] - Timeout '0' is invalid. Using default page load timeout: '30'

24-04-2025T13:03:51 - [MESSAGE][PASSED] - Text of element 'Object Repository/Repo/android.view.View - Home' is: 'Home'

24-04-2025T13:03:51 - [TEST_STEP][PASSED] - assert homeText == "Home": null

24-04-2025T13:03:51 - [TEST_STEP][PASSED] - println("Home screen verification successful."): null

24-04-2025T13:03:51 - [TEST_STEP][PASSED] - tap(findTestObject("Object Repository/Repo/android.view.View - My Account"), 0): Tapped on element 'Object Repository/Repo/android.view.View - My Account'

24-04-2025T13:03:51 - [MESSAGE][WARNING] - Timeout '0' is invalid. Using default page load timeout: '30'

24-04-2025T13:03:52 - [MESSAGE][PASSED] - Tapped on element 'Object Repository/Repo/android.view.View - My Account'

24-04-2025T13:03:52 - [TEST_STEP][PASSED] - delay(10): Delayed 10 second(s)

24-04-2025T13:04:02 - [MESSAGE][PASSED] - Delayed 10 second(s)

24-04-2025T13:04:02 - [TEST_STEP][PASSED] - myAccountElementExists = verifyElementExist(findTestObject("Object Repository/Repo/android.view.View - My Account"), 0): Element 'Object Repository/Repo/android.view.View - My Account' is exist

24-04-2025T13:04:02 - [MESSAGE][WARNING] - Timeout '0' is invalid. Using default page load timeout: '30'

24-04-2025T13:04:02 - [MESSAGE][PASSED] - Element 'Object Repository/Repo/android.view.View - My Account' is exist

24-04-2025T13:04:02 - [TEST_STEP][PASSED] - assert myAccountElementExists : "Element 'My Account' does not exist.": null

24-04-2025T13:04:02 - [TEST_STEP][PASSED] - myAccountText = getText(findTestObject("Object Repository/Repo/android.view.View - My Account"), 0): Text of element 'Object Repository/Repo/android.view.View - My Account' is: 'My Account'

24-04-2025T13:04:02 - [MESSAGE][WARNING] - Timeout '0' is invalid. Using default page load timeout: '30'

24-04-2025T13:04:02 - [MESSAGE][PASSED] - Text of element 'Object Repository/Repo/android.view.View - My Account' is: 'My Account'

24-04-2025T13:04:02 - [TEST_STEP][PASSED] - assert myAccountText == "My Account": null

24-04-2025T13:04:02 - [TEST_STEP][PASSED] - println("My Account screen verification successful."): null

24-04-2025T13:04:02 - [TEST_STEP][PASSED] - println("All test verifications completed successfully!"): null

24-04-2025T13:04:02 - [TEST_STEP][PASSED] - closeApplication(): Close app successfully

24-04-2025T13:04:07 - [MESSAGE][PASSED] - Close app successfully]]></system-out>
         <system-err><![CDATA[]]></system-err>
      </testcase>
      <testcase name="Test Cases/Sign Up New UserPage/C660_C677_C678_C679_C680_C681_SignUpNewUserPage_SignUpFlow" time="277.256" classname="Test Cases/Sign Up New UserPage/C660_C677_C678_C679_C680_C681_SignUpNewUserPage_SignUpFlow" status="PASSED">
         <system-out><![CDATA[24-04-2025T13:04:07 - [TEST_CASE][PASSED] - Test Cases/Sign Up New UserPage/C660_C677_C678_C679_C680_C681_SignUpNewUserPage_SignUpFlow: Test Cases/Sign Up New UserPage/C660_C677_C678_C679_C680_C681_SignUpNewUserPage_SignUpFlow

24-04-2025T13:04:07 - [TEST_STEP][PASSED] - emailValidationTests = new EmailValidationTests(): null

24-04-2025T13:04:07 - [TEST_STEP][PASSED] - emailValidationTests.runAllTests(): null

24-04-2025T13:04:07 - [TEST_STEP][PASSED] - setup(): null

24-04-2025T13:04:07 - [TEST_STEP][PASSED] - startApplication(appUrl, true): Started application: '/Users/gv.vignesh/Downloads/WGR-Android-Automation/App Folder/app-debug-Version 2.99.68.apk'

24-04-2025T13:04:07 - [MESSAGE][INFO] - Starting application: '/Users/gv.vignesh/Downloads/WGR-Android-Automation/App Folder/app-debug-Version 2.99.68.apk'

24-04-2025T13:04:07 - [MESSAGE][INFO] - User set preference: ['uiautomator2ServerInstallTimeout', '0']

24-04-2025T13:04:07 - [MESSAGE][INFO] - User set preference: ['deviceId', '']

24-04-2025T13:04:07 - [MESSAGE][INFO] - Detected NodeJS location: "/opt/homebrew/Cellar/node/23.10.0_1/bin/node"

24-04-2025T13:04:07 - [MESSAGE][INFO] - PATH: /opt/homebrew/Cellar/node/23.10.0_1/bin:/opt/homebrew/bin:/usr/bin:/bin:/usr/sbin:/sbin:/Applications/Katalon Studio Enterprise.app/Contents/Eclipse/jre/Contents/Home/bin:/usr/local/bin/

24-04-2025T13:04:07 - [MESSAGE][INFO] - APPIUM_HOME: /Users/gv.vignesh/.appium

24-04-2025T13:04:07 - [MESSAGE][INFO] - appium outlog: /Users/gv.vignesh/Downloads/WGR-Android-Automation/Reports/20250424_125143/Android Regression/20250424_125143/appium.log

24-04-2025T13:04:07 - [MESSAGE][INFO] - appium errlog: /Users/gv.vignesh/Downloads/WGR-Android-Automation/Reports/20250424_125143/Android Regression/20250424_125143/appium_error.log

24-04-2025T13:04:09 - [MESSAGE][INFO] - Appium server started on port 54,711

24-04-2025T13:04:37 - [MESSAGE][PASSED] - Started application: '/Users/gv.vignesh/Downloads/WGR-Android-Automation/App Folder/app-debug-Version 2.99.68.apk'

24-04-2025T13:04:37 - [TEST_STEP][PASSED] - delay(15): Delayed 15 second(s)

24-04-2025T13:04:52 - [MESSAGE][PASSED] - Delayed 15 second(s)

24-04-2025T13:04:52 - [TEST_STEP][PASSED] - tap(findTestObject("Object Repository/Repo/android.widget.Button - Login or Sign Up"), 0): Tapped on element 'Object Repository/Repo/android.widget.Button - Login or Sign Up'

24-04-2025T13:04:52 - [MESSAGE][WARNING] - Timeout '0' is invalid. Using default page load timeout: '30'

24-04-2025T13:04:53 - [MESSAGE][PASSED] - Tapped on element 'Object Repository/Repo/android.widget.Button - Login or Sign Up'

24-04-2025T13:04:53 - [TEST_STEP][PASSED] - try: null

24-04-2025T13:04:53 - [TEST_STEP][PASSED] - testInvalidEmailFormat(): null

24-04-2025T13:04:53 - [TEST_STEP][PASSED] - excelData = findTestData("Data Files/InvalidEmail"): null

24-04-2025T13:04:53 - [TEST_STEP][PASSED] - rowCount = excelData.getRowNumbers(): null

24-04-2025T13:04:53 - [TEST_STEP][PASSED] - for ([i = 1, i <= rowCount, (i++)]): null

24-04-2025T13:04:53 - [TEST_STEP][PASSED] - invalidEmail = excelData.getValue("email-Address", i): null

24-04-2025T13:04:53 - [TEST_STEP][PASSED] - println(Testing invalid email from Excel (Row $i): $invalidEmail): null

24-04-2025T13:04:53 - [TEST_STEP][PASSED] - waitForElementPresent(findTestObject("Object Repository/Repo/android.widget.EditText-LoginorSignUp"), 20): Element 'Object Repository/Repo/android.widget.EditText-LoginorSignUp' is present

24-04-2025T13:04:55 - [MESSAGE][PASSED] - Element 'Object Repository/Repo/android.widget.EditText-LoginorSignUp' is present

24-04-2025T13:04:55 - [TEST_STEP][PASSED] - sendKeys(findTestObject("Object Repository/Repo/android.widget.EditText-LoginorSignUp"), invalidEmail): Send keys 'd.g.com' on test object 'Object Repository/Repo/android.widget.EditText-LoginorSignUp' successfully.

24-04-2025T13:04:55 - [MESSAGE][PASSED] - Send keys 'd.g.com' on test object 'Object Repository/Repo/android.widget.EditText-LoginorSignUp' successfully.

24-04-2025T13:04:55 - [TEST_STEP][PASSED] - actualErrorMessage = TextView -  Invalid email format"), 0).trim(): Text of element 'Object Repository/Repo/android.widget.TextView -  Invalid email format' is: ' Invalid email format.
'

24-04-2025T13:04:55 - [MESSAGE][WARNING] - Timeout '0' is invalid. Using default page load timeout: '30'

24-04-2025T13:04:56 - [MESSAGE][PASSED] - Text of element 'Object Repository/Repo/android.widget.TextView -  Invalid email format' is: ' Invalid email format.
'

24-04-2025T13:04:56 - [TEST_STEP][PASSED] - expectedErrorMessage = "Invalid email format": null

24-04-2025T13:04:56 - [TEST_STEP][PASSED] - Assert.assertEquals(Error message validation failed at row $i, replaceAll("[^a-zA-Z0-9 ]", "").trim(), replaceAll("[^a-zA-Z0-9 ]", "").trim()): null

24-04-2025T13:04:56 - [TEST_STEP][PASSED] - tap(findTestObject("Object Repository/Repo/android.widget.Button - reset"), 0): Tapped on element 'Object Repository/Repo/android.widget.Button - reset'

24-04-2025T13:04:56 - [MESSAGE][WARNING] - Timeout '0' is invalid. Using default page load timeout: '30'

24-04-2025T13:04:56 - [MESSAGE][PASSED] - Tapped on element 'Object Repository/Repo/android.widget.Button - reset'

24-04-2025T13:04:56 - [TEST_STEP][PASSED] - hideKeyboard(): Keyboard is hidden

24-04-2025T13:04:58 - [MESSAGE][PASSED] - Keyboard is hidden

24-04-2025T13:04:58 - [TEST_STEP][PASSED] - invalidEmail = excelData.getValue("email-Address", i): null

24-04-2025T13:04:58 - [TEST_STEP][PASSED] - println(Testing invalid email from Excel (Row $i): $invalidEmail): null

24-04-2025T13:04:58 - [TEST_STEP][PASSED] - waitForElementPresent(findTestObject("Object Repository/Repo/android.widget.EditText-LoginorSignUp"), 20): Element 'Object Repository/Repo/android.widget.EditText-LoginorSignUp' is present

24-04-2025T13:04:59 - [MESSAGE][PASSED] - Element 'Object Repository/Repo/android.widget.EditText-LoginorSignUp' is present

24-04-2025T13:04:59 - [TEST_STEP][PASSED] - sendKeys(findTestObject("Object Repository/Repo/android.widget.EditText-LoginorSignUp"), invalidEmail): Send keys 's@com' on test object 'Object Repository/Repo/android.widget.EditText-LoginorSignUp' successfully.

24-04-2025T13:04:59 - [MESSAGE][PASSED] - Send keys 's@com' on test object 'Object Repository/Repo/android.widget.EditText-LoginorSignUp' successfully.

24-04-2025T13:04:59 - [TEST_STEP][PASSED] - actualErrorMessage = TextView -  Invalid email format"), 0).trim(): Text of element 'Object Repository/Repo/android.widget.TextView -  Invalid email format' is: ' Invalid email format.
'

24-04-2025T13:04:59 - [MESSAGE][WARNING] - Timeout '0' is invalid. Using default page load timeout: '30'

24-04-2025T13:05:01 - [MESSAGE][PASSED] - Text of element 'Object Repository/Repo/android.widget.TextView -  Invalid email format' is: ' Invalid email format.
'

24-04-2025T13:05:01 - [TEST_STEP][PASSED] - expectedErrorMessage = "Invalid email format": null

24-04-2025T13:05:01 - [TEST_STEP][PASSED] - Assert.assertEquals(Error message validation failed at row $i, replaceAll("[^a-zA-Z0-9 ]", "").trim(), replaceAll("[^a-zA-Z0-9 ]", "").trim()): null

24-04-2025T13:05:01 - [TEST_STEP][PASSED] - tap(findTestObject("Object Repository/Repo/android.widget.Button - reset"), 0): Tapped on element 'Object Repository/Repo/android.widget.Button - reset'

24-04-2025T13:05:01 - [MESSAGE][WARNING] - Timeout '0' is invalid. Using default page load timeout: '30'

24-04-2025T13:05:02 - [MESSAGE][PASSED] - Tapped on element 'Object Repository/Repo/android.widget.Button - reset'

24-04-2025T13:05:02 - [TEST_STEP][PASSED] - hideKeyboard(): Keyboard is hidden

24-04-2025T13:05:03 - [MESSAGE][PASSED] - Keyboard is hidden

24-04-2025T13:05:03 - [TEST_STEP][PASSED] - invalidEmail = excelData.getValue("email-Address", i): null

24-04-2025T13:05:03 - [TEST_STEP][PASSED] - println(Testing invalid email from Excel (Row $i): $invalidEmail): null

24-04-2025T13:05:03 - [TEST_STEP][PASSED] - waitForElementPresent(findTestObject("Object Repository/Repo/android.widget.EditText-LoginorSignUp"), 20): Element 'Object Repository/Repo/android.widget.EditText-LoginorSignUp' is present

24-04-2025T13:05:04 - [MESSAGE][PASSED] - Element 'Object Repository/Repo/android.widget.EditText-LoginorSignUp' is present

24-04-2025T13:05:04 - [TEST_STEP][PASSED] - sendKeys(findTestObject("Object Repository/Repo/android.widget.EditText-LoginorSignUp"), invalidEmail): Send keys 'vg@.1gv' on test object 'Object Repository/Repo/android.widget.EditText-LoginorSignUp' successfully.

24-04-2025T13:05:04 - [MESSAGE][PASSED] - Send keys 'vg@.1gv' on test object 'Object Repository/Repo/android.widget.EditText-LoginorSignUp' successfully.

24-04-2025T13:05:04 - [TEST_STEP][PASSED] - actualErrorMessage = TextView -  Invalid email format"), 0).trim(): Text of element 'Object Repository/Repo/android.widget.TextView -  Invalid email format' is: ' Invalid email format.
'

24-04-2025T13:05:04 - [MESSAGE][WARNING] - Timeout '0' is invalid. Using default page load timeout: '30'

24-04-2025T13:05:06 - [MESSAGE][PASSED] - Text of element 'Object Repository/Repo/android.widget.TextView -  Invalid email format' is: ' Invalid email format.
'

24-04-2025T13:05:06 - [TEST_STEP][PASSED] - expectedErrorMessage = "Invalid email format": null

24-04-2025T13:05:06 - [TEST_STEP][PASSED] - Assert.assertEquals(Error message validation failed at row $i, replaceAll("[^a-zA-Z0-9 ]", "").trim(), replaceAll("[^a-zA-Z0-9 ]", "").trim()): null

24-04-2025T13:05:06 - [TEST_STEP][PASSED] - tap(findTestObject("Object Repository/Repo/android.widget.Button - reset"), 0): Tapped on element 'Object Repository/Repo/android.widget.Button - reset'

24-04-2025T13:05:06 - [MESSAGE][WARNING] - Timeout '0' is invalid. Using default page load timeout: '30'

24-04-2025T13:05:07 - [MESSAGE][PASSED] - Tapped on element 'Object Repository/Repo/android.widget.Button - reset'

24-04-2025T13:05:07 - [TEST_STEP][PASSED] - hideKeyboard(): Keyboard is hidden

24-04-2025T13:05:08 - [MESSAGE][PASSED] - Keyboard is hidden

24-04-2025T13:05:08 - [TEST_STEP][PASSED] - invalidEmail = excelData.getValue("email-Address", i): null

24-04-2025T13:05:08 - [TEST_STEP][PASSED] - println(Testing invalid email from Excel (Row $i): $invalidEmail): null

24-04-2025T13:05:08 - [TEST_STEP][PASSED] - waitForElementPresent(findTestObject("Object Repository/Repo/android.widget.EditText-LoginorSignUp"), 20): Element 'Object Repository/Repo/android.widget.EditText-LoginorSignUp' is present

24-04-2025T13:05:09 - [MESSAGE][PASSED] - Element 'Object Repository/Repo/android.widget.EditText-LoginorSignUp' is present

24-04-2025T13:05:09 - [TEST_STEP][PASSED] - sendKeys(findTestObject("Object Repository/Repo/android.widget.EditText-LoginorSignUp"), invalidEmail): Send keys 'g@2.1' on test object 'Object Repository/Repo/android.widget.EditText-LoginorSignUp' successfully.

24-04-2025T13:05:09 - [MESSAGE][PASSED] - Send keys 'g@2.1' on test object 'Object Repository/Repo/android.widget.EditText-LoginorSignUp' successfully.

24-04-2025T13:05:09 - [TEST_STEP][PASSED] - actualErrorMessage = TextView -  Invalid email format"), 0).trim(): Text of element 'Object Repository/Repo/android.widget.TextView -  Invalid email format' is: ' Invalid email format.
'

24-04-2025T13:05:09 - [MESSAGE][WARNING] - Timeout '0' is invalid. Using default page load timeout: '30'

24-04-2025T13:05:11 - [MESSAGE][PASSED] - Text of element 'Object Repository/Repo/android.widget.TextView -  Invalid email format' is: ' Invalid email format.
'

24-04-2025T13:05:11 - [TEST_STEP][PASSED] - expectedErrorMessage = "Invalid email format": null

24-04-2025T13:05:11 - [TEST_STEP][PASSED] - Assert.assertEquals(Error message validation failed at row $i, replaceAll("[^a-zA-Z0-9 ]", "").trim(), replaceAll("[^a-zA-Z0-9 ]", "").trim()): null

24-04-2025T13:05:11 - [TEST_STEP][PASSED] - tap(findTestObject("Object Repository/Repo/android.widget.Button - reset"), 0): Tapped on element 'Object Repository/Repo/android.widget.Button - reset'

24-04-2025T13:05:11 - [MESSAGE][WARNING] - Timeout '0' is invalid. Using default page load timeout: '30'

24-04-2025T13:05:11 - [MESSAGE][PASSED] - Tapped on element 'Object Repository/Repo/android.widget.Button - reset'

24-04-2025T13:05:11 - [TEST_STEP][PASSED] - hideKeyboard(): Keyboard is hidden

24-04-2025T13:05:12 - [MESSAGE][PASSED] - Keyboard is hidden

24-04-2025T13:05:12 - [TEST_STEP][PASSED] - invalidEmail = excelData.getValue("email-Address", i): null

24-04-2025T13:05:12 - [TEST_STEP][PASSED] - println(Testing invalid email from Excel (Row $i): $invalidEmail): null

24-04-2025T13:05:12 - [TEST_STEP][PASSED] - waitForElementPresent(findTestObject("Object Repository/Repo/android.widget.EditText-LoginorSignUp"), 20): Element 'Object Repository/Repo/android.widget.EditText-LoginorSignUp' is present

24-04-2025T13:05:13 - [MESSAGE][PASSED] - Element 'Object Repository/Repo/android.widget.EditText-LoginorSignUp' is present

24-04-2025T13:05:13 - [TEST_STEP][PASSED] - sendKeys(findTestObject("Object Repository/Repo/android.widget.EditText-LoginorSignUp"), invalidEmail): Send keys 'v.com@q' on test object 'Object Repository/Repo/android.widget.EditText-LoginorSignUp' successfully.

24-04-2025T13:05:13 - [MESSAGE][PASSED] - Send keys 'v.com@q' on test object 'Object Repository/Repo/android.widget.EditText-LoginorSignUp' successfully.

24-04-2025T13:05:13 - [TEST_STEP][PASSED] - actualErrorMessage = TextView -  Invalid email format"), 0).trim(): Text of element 'Object Repository/Repo/android.widget.TextView -  Invalid email format' is: ' Invalid email format.
'

24-04-2025T13:05:13 - [MESSAGE][WARNING] - Timeout '0' is invalid. Using default page load timeout: '30'

24-04-2025T13:05:14 - [MESSAGE][PASSED] - Text of element 'Object Repository/Repo/android.widget.TextView -  Invalid email format' is: ' Invalid email format.
'

24-04-2025T13:05:14 - [TEST_STEP][PASSED] - expectedErrorMessage = "Invalid email format": null

24-04-2025T13:05:14 - [TEST_STEP][PASSED] - Assert.assertEquals(Error message validation failed at row $i, replaceAll("[^a-zA-Z0-9 ]", "").trim(), replaceAll("[^a-zA-Z0-9 ]", "").trim()): null

24-04-2025T13:05:14 - [TEST_STEP][PASSED] - tap(findTestObject("Object Repository/Repo/android.widget.Button - reset"), 0): Tapped on element 'Object Repository/Repo/android.widget.Button - reset'

24-04-2025T13:05:14 - [MESSAGE][WARNING] - Timeout '0' is invalid. Using default page load timeout: '30'

24-04-2025T13:05:15 - [MESSAGE][PASSED] - Tapped on element 'Object Repository/Repo/android.widget.Button - reset'

24-04-2025T13:05:15 - [TEST_STEP][PASSED] - hideKeyboard(): Keyboard is hidden

24-04-2025T13:05:16 - [MESSAGE][PASSED] - Keyboard is hidden

24-04-2025T13:05:16 - [TEST_STEP][PASSED] - testTeamMemberEmailError(): null

24-04-2025T13:05:16 - [TEST_STEP][PASSED] - testData = findTestData("Data Files/C678"): null

24-04-2025T13:05:16 - [TEST_STEP][PASSED] - email1 = testData.getValue("email", 1): null

24-04-2025T13:05:16 - [TEST_STEP][PASSED] - email2 = testData.getValue("email", 2): null

24-04-2025T13:05:16 - [TEST_STEP][PASSED] - sendKeys(findTestObject("Object Repository/Repo/android.widget.EditText-LoginorSignUp"), email1): Send keys 'i@p.com' on test object 'Object Repository/Repo/android.widget.EditText-LoginorSignUp' successfully.

24-04-2025T13:05:17 - [MESSAGE][PASSED] - Send keys 'i@p.com' on test object 'Object Repository/Repo/android.widget.EditText-LoginorSignUp' successfully.

24-04-2025T13:05:17 - [TEST_STEP][PASSED] - delay(10): Delayed 10 second(s)

24-04-2025T13:05:27 - [MESSAGE][PASSED] - Delayed 10 second(s)

24-04-2025T13:05:27 - [TEST_STEP][PASSED] - tap(findTestObject("Object Repository/Repo/android.widget.Button - Next"), 0): Tapped on element 'Object Repository/Repo/android.widget.Button - Next'

24-04-2025T13:05:27 - [MESSAGE][WARNING] - Timeout '0' is invalid. Using default page load timeout: '30'

24-04-2025T13:05:27 - [MESSAGE][PASSED] - Tapped on element 'Object Repository/Repo/android.widget.Button - Next'

24-04-2025T13:05:27 - [TEST_STEP][PASSED] - delay(10): Delayed 10 second(s)

24-04-2025T13:05:37 - [MESSAGE][PASSED] - Delayed 10 second(s)

24-04-2025T13:05:37 - [TEST_STEP][PASSED] - tap(findTestObject("Object Repository/Repo/android.widget.Button - reset"), 0): Tapped on element 'Object Repository/Repo/android.widget.Button - reset'

24-04-2025T13:05:37 - [MESSAGE][WARNING] - Timeout '0' is invalid. Using default page load timeout: '30'

24-04-2025T13:05:38 - [MESSAGE][PASSED] - Tapped on element 'Object Repository/Repo/android.widget.Button - reset'

24-04-2025T13:05:38 - [TEST_STEP][PASSED] - hideKeyboard(): Keyboard is hidden

24-04-2025T13:05:39 - [MESSAGE][PASSED] - Keyboard is hidden

24-04-2025T13:05:39 - [TEST_STEP][PASSED] - delay(10): Delayed 10 second(s)

24-04-2025T13:05:49 - [MESSAGE][PASSED] - Delayed 10 second(s)

24-04-2025T13:05:49 - [TEST_STEP][PASSED] - sendKeys(findTestObject("Object Repository/Repo/android.widget.EditText -"), email2): Send keys 'wg@wgresorts.com' on test object 'Object Repository/Repo/android.widget.EditText -' successfully.

24-04-2025T13:05:49 - [MESSAGE][PASSED] - Send keys 'wg@wgresorts.com' on test object 'Object Repository/Repo/android.widget.EditText -' successfully.

24-04-2025T13:05:49 - [TEST_STEP][PASSED] - delay(10): Delayed 10 second(s)

24-04-2025T13:05:59 - [MESSAGE][PASSED] - Delayed 10 second(s)

24-04-2025T13:05:59 - [TEST_STEP][PASSED] - tap(findTestObject("Object Repository/Repo/android.widget.Button - Next (1)"), 0): Tapped on element 'Object Repository/Repo/android.widget.Button - Next (1)'

24-04-2025T13:05:59 - [MESSAGE][WARNING] - Timeout '0' is invalid. Using default page load timeout: '30'

24-04-2025T13:06:00 - [MESSAGE][PASSED] - Tapped on element 'Object Repository/Repo/android.widget.Button - Next (1)'

24-04-2025T13:06:00 - [TEST_STEP][PASSED] - delay(10): Delayed 10 second(s)

24-04-2025T13:06:10 - [MESSAGE][PASSED] - Delayed 10 second(s)

24-04-2025T13:06:10 - [TEST_STEP][PASSED] - actualText = null: null

24-04-2025T13:06:10 - [TEST_STEP][PASSED] - expectedText = " The email address used is a Team Member email address.  Please select Create Team Member Account below.": null

24-04-2025T13:06:10 - [TEST_STEP][FAILED] - try: Failed to get text from element (Root cause: com.kms.katalon.core.exception.StepFailedException: Failed to get text from element
	at com.kms.katalon.core.mobile.keyword.internal.MobileKeywordMain.stepFailed(MobileKeywordMain.groovy:64)
	at com.kms.katalon.core.mobile.keyword.internal.MobileKeywordMain.runKeyword(MobileKeywordMain.groovy:34)
	at com.kms.katalon.core.mobile.keyword.builtin.GetTextKeyword.getText(GetTextKeyword.groovy:51)
	at com.kms.katalon.core.mobile.keyword.builtin.GetTextKeyword.execute(GetTextKeyword.groovy:35)
	at com.kms.katalon.core.keyword.internal.KeywordExecutor.executeKeywordForPlatform(KeywordExecutor.groovy:74)
	at com.kms.katalon.core.mobile.keyword.MobileBuiltInKeywords.getText(MobileBuiltInKeywords.groovy:1245)
	at EmailValidationTests.testTeamMemberEmailError(Script1745304286377.groovy:75)
	at EmailValidationTests.runAllTests(Script1745304286377.groovy:221)
	at C660_C677_C678_C679_C680_C681_SignUpNewUserPage_SignUpFlow.run(C660_C677_C678_C679_C680_C681_SignUpNewUserPage_SignUpFlow:233)
	at com.kms.katalon.core.main.ScriptEngine.run(ScriptEngine.java:194)
	at com.kms.katalon.core.main.ScriptEngine.runScriptAsRawText(ScriptEngine.java:119)
	at com.kms.katalon.core.main.TestCaseExecutor.runScript(TestCaseExecutor.java:448)
	at com.kms.katalon.core.main.TestCaseExecutor.doExecute(TestCaseExecutor.java:439)
	at com.kms.katalon.core.main.TestCaseExecutor.processExecutionPhase(TestCaseExecutor.java:418)
	at com.kms.katalon.core.main.TestCaseExecutor.accessMainPhase(TestCaseExecutor.java:410)
	at com.kms.katalon.core.main.TestCaseExecutor.execute(TestCaseExecutor.java:285)
	at com.kms.katalon.core.common.CommonExecutor.accessTestCaseMainPhase(CommonExecutor.java:71)
	at com.kms.katalon.core.main.TestSuiteExecutor.accessTestSuiteMainPhase(TestSuiteExecutor.java:160)
	at com.kms.katalon.core.main.TestSuiteExecutor.execute(TestSuiteExecutor.java:107)
	at com.kms.katalon.core.main.TestCaseMain.startTestSuite(TestCaseMain.java:180)
	at TempTestSuite1745479303751.run(TempTestSuite1745479303751.groovy:35)
	at java.base/jdk.internal.reflect.NativeMethodAccessorImpl.invoke0(Native Method)
	at java.base/jdk.internal.reflect.NativeMethodAccessorImpl.invoke(NativeMethodAccessorImpl.java:77)
	at java.base/jdk.internal.reflect.DelegatingMethodAccessorImpl.invoke(DelegatingMethodAccessorImpl.java:43)
Caused by: java.lang.IllegalArgumentException: Object is null
	at com.kms.katalon.core.helper.KeywordHelper.checkTestObjectParameter(KeywordHelper.java:33)
	at com.kms.katalon.core.mobile.keyword.builtin.GetTextKeyword$_getText_closure1.doCall(GetTextKeyword.groovy:41)
	at com.kms.katalon.core.mobile.keyword.builtin.GetTextKeyword$_getText_closure1.call(GetTextKeyword.groovy)
	at com.kms.katalon.core.mobile.keyword.internal.MobileKeywordMain.runKeyword(MobileKeywordMain.groovy:30)
	at com.kms.katalon.core.mobile.keyword.builtin.GetTextKeyword.getText(GetTextKeyword.groovy:51)
	at com.kms.katalon.core.mobile.keyword.builtin.GetTextKeyword.execute(GetTextKeyword.groovy:35)
	at com.kms.katalon.core.keyword.internal.KeywordExecutor.executeKeywordForPlatform(KeywordExecutor.groovy:74)
	at com.kms.katalon.core.mobile.keyword.MobileBuiltInKeywords.getText(MobileBuiltInKeywords.groovy:1245)
	at EmailValidationTests.testTeamMemberEmailError(Script1745304286377.groovy:75)
	at EmailValidationTests.runAllTests(Script1745304286377.groovy:221)
	at Script1745304286377.run(Script1745304286377.groovy:233)
	... 15 more
)

24-04-2025T13:06:10 - [TEST_STEP][FAILED] - actualText = getText(findTestObject("Object Repository/Repo/android.widget.TextView - The email address used is a Team Member email address. Please select Create Team Member Account below"), 0): Failed to get text from element (Root cause: com.kms.katalon.core.exception.StepFailedException: Failed to get text from element
	at com.kms.katalon.core.mobile.keyword.internal.MobileKeywordMain.stepFailed(MobileKeywordMain.groovy:64)
	at com.kms.katalon.core.mobile.keyword.internal.MobileKeywordMain.runKeyword(MobileKeywordMain.groovy:34)
	at com.kms.katalon.core.mobile.keyword.builtin.GetTextKeyword.getText(GetTextKeyword.groovy:51)
	at com.kms.katalon.core.mobile.keyword.builtin.GetTextKeyword.execute(GetTextKeyword.groovy:35)
	at com.kms.katalon.core.keyword.internal.KeywordExecutor.executeKeywordForPlatform(KeywordExecutor.groovy:74)
	at com.kms.katalon.core.mobile.keyword.MobileBuiltInKeywords.getText(MobileBuiltInKeywords.groovy:1245)
	at EmailValidationTests.testTeamMemberEmailError(Script1745304286377.groovy:75)
	at EmailValidationTests.runAllTests(Script1745304286377.groovy:221)
	at C660_C677_C678_C679_C680_C681_SignUpNewUserPage_SignUpFlow.run(C660_C677_C678_C679_C680_C681_SignUpNewUserPage_SignUpFlow:233)
	at com.kms.katalon.core.main.ScriptEngine.run(ScriptEngine.java:194)
	at com.kms.katalon.core.main.ScriptEngine.runScriptAsRawText(ScriptEngine.java:119)
	at com.kms.katalon.core.main.TestCaseExecutor.runScript(TestCaseExecutor.java:448)
	at com.kms.katalon.core.main.TestCaseExecutor.doExecute(TestCaseExecutor.java:439)
	at com.kms.katalon.core.main.TestCaseExecutor.processExecutionPhase(TestCaseExecutor.java:418)
	at com.kms.katalon.core.main.TestCaseExecutor.accessMainPhase(TestCaseExecutor.java:410)
	at com.kms.katalon.core.main.TestCaseExecutor.execute(TestCaseExecutor.java:285)
	at com.kms.katalon.core.common.CommonExecutor.accessTestCaseMainPhase(CommonExecutor.java:71)
	at com.kms.katalon.core.main.TestSuiteExecutor.accessTestSuiteMainPhase(TestSuiteExecutor.java:160)
	at com.kms.katalon.core.main.TestSuiteExecutor.execute(TestSuiteExecutor.java:107)
	at com.kms.katalon.core.main.TestCaseMain.startTestSuite(TestCaseMain.java:180)
	at TempTestSuite1745479303751.run(TempTestSuite1745479303751.groovy:35)
	at java.base/jdk.internal.reflect.NativeMethodAccessorImpl.invoke0(Native Method)
	at java.base/jdk.internal.reflect.NativeMethodAccessorImpl.invoke(NativeMethodAccessorImpl.java:77)
	at java.base/jdk.internal.reflect.DelegatingMethodAccessorImpl.invoke(DelegatingMethodAccessorImpl.java:43)
Caused by: java.lang.IllegalArgumentException: Object is null
	at com.kms.katalon.core.helper.KeywordHelper.checkTestObjectParameter(KeywordHelper.java:33)
	at com.kms.katalon.core.mobile.keyword.builtin.GetTextKeyword$_getText_closure1.doCall(GetTextKeyword.groovy:41)
	at com.kms.katalon.core.mobile.keyword.builtin.GetTextKeyword$_getText_closure1.call(GetTextKeyword.groovy)
	at com.kms.katalon.core.mobile.keyword.internal.MobileKeywordMain.runKeyword(MobileKeywordMain.groovy:30)
	at com.kms.katalon.core.mobile.keyword.builtin.GetTextKeyword.getText(GetTextKeyword.groovy:51)
	at com.kms.katalon.core.mobile.keyword.builtin.GetTextKeyword.execute(GetTextKeyword.groovy:35)
	at com.kms.katalon.core.keyword.internal.KeywordExecutor.executeKeywordForPlatform(KeywordExecutor.groovy:74)
	at com.kms.katalon.core.mobile.keyword.MobileBuiltInKeywords.getText(MobileBuiltInKeywords.groovy:1245)
	at EmailValidationTests.testTeamMemberEmailError(Script1745304286377.groovy:75)
	at EmailValidationTests.runAllTests(Script1745304286377.groovy:221)
	at Script1745304286377.run(Script1745304286377.groovy:233)
	... 15 more
)

24-04-2025T13:06:10 - [MESSAGE][WARNING] - Test object with id 'Object Repository/Repo/android.widget.TextView - The email address used is a Team Member email address. Please select Create Team Member Account below' does not exist

24-04-2025T13:06:10 - [MESSAGE][WARNING] - Test object with id 'Object Repository/' does not exist

24-04-2025T13:06:12 - [MESSAGE][FAILED] - Failed to get text from element (Root cause: com.kms.katalon.core.exception.StepFailedException: Failed to get text from element
	at com.kms.katalon.core.mobile.keyword.internal.MobileKeywordMain.stepFailed(MobileKeywordMain.groovy:64)
	at com.kms.katalon.core.mobile.keyword.internal.MobileKeywordMain.runKeyword(MobileKeywordMain.groovy:34)
	at com.kms.katalon.core.mobile.keyword.builtin.GetTextKeyword.getText(GetTextKeyword.groovy:51)
	at com.kms.katalon.core.mobile.keyword.builtin.GetTextKeyword.execute(GetTextKeyword.groovy:35)
	at com.kms.katalon.core.keyword.internal.KeywordExecutor.executeKeywordForPlatform(KeywordExecutor.groovy:74)
	at com.kms.katalon.core.mobile.keyword.MobileBuiltInKeywords.getText(MobileBuiltInKeywords.groovy:1245)
	at EmailValidationTests.testTeamMemberEmailError(Script1745304286377.groovy:75)
	at EmailValidationTests.runAllTests(Script1745304286377.groovy:221)
	at C660_C677_C678_C679_C680_C681_SignUpNewUserPage_SignUpFlow.run(C660_C677_C678_C679_C680_C681_SignUpNewUserPage_SignUpFlow:233)
	at com.kms.katalon.core.main.ScriptEngine.run(ScriptEngine.java:194)
	at com.kms.katalon.core.main.ScriptEngine.runScriptAsRawText(ScriptEngine.java:119)
	at com.kms.katalon.core.main.TestCaseExecutor.runScript(TestCaseExecutor.java:448)
	at com.kms.katalon.core.main.TestCaseExecutor.doExecute(TestCaseExecutor.java:439)
	at com.kms.katalon.core.main.TestCaseExecutor.processExecutionPhase(TestCaseExecutor.java:418)
	at com.kms.katalon.core.main.TestCaseExecutor.accessMainPhase(TestCaseExecutor.java:410)
	at com.kms.katalon.core.main.TestCaseExecutor.execute(TestCaseExecutor.java:285)
	at com.kms.katalon.core.common.CommonExecutor.accessTestCaseMainPhase(CommonExecutor.java:71)
	at com.kms.katalon.core.main.TestSuiteExecutor.accessTestSuiteMainPhase(TestSuiteExecutor.java:160)
	at com.kms.katalon.core.main.TestSuiteExecutor.execute(TestSuiteExecutor.java:107)
	at com.kms.katalon.core.main.TestCaseMain.startTestSuite(TestCaseMain.java:180)
	at TempTestSuite1745479303751.run(TempTestSuite1745479303751.groovy:35)
	at java.base/jdk.internal.reflect.NativeMethodAccessorImpl.invoke0(Native Method)
	at java.base/jdk.internal.reflect.NativeMethodAccessorImpl.invoke(NativeMethodAccessorImpl.java:77)
	at java.base/jdk.internal.reflect.DelegatingMethodAccessorImpl.invoke(DelegatingMethodAccessorImpl.java:43)
Caused by: java.lang.IllegalArgumentException: Object is null
	at com.kms.katalon.core.helper.KeywordHelper.checkTestObjectParameter(KeywordHelper.java:33)
	at com.kms.katalon.core.mobile.keyword.builtin.GetTextKeyword$_getText_closure1.doCall(GetTextKeyword.groovy:41)
	at com.kms.katalon.core.mobile.keyword.builtin.GetTextKeyword$_getText_closure1.call(GetTextKeyword.groovy)
	at com.kms.katalon.core.mobile.keyword.internal.MobileKeywordMain.runKeyword(MobileKeywordMain.groovy:30)
	at com.kms.katalon.core.mobile.keyword.builtin.GetTextKeyword.getText(GetTextKeyword.groovy:51)
	at com.kms.katalon.core.mobile.keyword.builtin.GetTextKeyword.execute(GetTextKeyword.groovy:35)
	at com.kms.katalon.core.keyword.internal.KeywordExecutor.executeKeywordForPlatform(KeywordExecutor.groovy:74)
	at com.kms.katalon.core.mobile.keyword.MobileBuiltInKeywords.getText(MobileBuiltInKeywords.groovy:1245)
	at EmailValidationTests.testTeamMemberEmailError(Script1745304286377.groovy:75)
	at EmailValidationTests.runAllTests(Script1745304286377.groovy:221)
	at Script1745304286377.run(Script1745304286377.groovy:233)
	... 15 more
)
[[ATTACHMENT|/Users/gv.vignesh/Downloads/WGR-Android-Automation/Reports/20250424_125143/Android Regression/20250424_125143/1745480170038.png]]

24-04-2025T13:06:12 - [TEST_STEP][PASSED] - catch (Exception e): Object not found or text not available. Skipping check.

24-04-2025T13:06:12 - [TEST_STEP][PASSED] - markWarning("Object not found or text not available. Skipping check."): Object not found or text not available. Skipping check.

24-04-2025T13:06:12 - [MESSAGE][WARNING] - Object not found or text not available. Skipping check.

24-04-2025T13:06:12 - [TEST_STEP][PASSED] - if (actualText != null && actualText.contains(expectedText)): null

24-04-2025T13:06:12 - [TEST_STEP][PASSED] - tap(findTestObject("Object Repository/Repo/android.widget.Button - reset"), 0): Tapped on element 'Object Repository/Repo/android.widget.Button - reset'

24-04-2025T13:06:12 - [MESSAGE][WARNING] - Timeout '0' is invalid. Using default page load timeout: '30'

24-04-2025T13:06:13 - [MESSAGE][PASSED] - Tapped on element 'Object Repository/Repo/android.widget.Button - reset'

24-04-2025T13:06:13 - [TEST_STEP][PASSED] - hideKeyboard(): null

24-04-2025T13:06:13 - [MESSAGE][PASSED] - Keyboard is hidden

24-04-2025T13:06:13 - [TEST_STEP][PASSED] - testEmailAddressMismatch(): null

24-04-2025T13:06:13 - [TEST_STEP][PASSED] - testData = findTestData("Data Files/C679"): null

24-04-2025T13:06:13 - [TEST_STEP][PASSED] - email1 = testData.getValue("email", 1): null

24-04-2025T13:06:13 - [TEST_STEP][PASSED] - email2 = testData.getValue("email", 2): null

24-04-2025T13:06:13 - [TEST_STEP][PASSED] - sendKeys(findTestObject("Object Repository/Repo/android.widget.EditText-LoginorSignUp"), email1): Send keys 'vignesh@chn.com' on test object 'Object Repository/Repo/android.widget.EditText-LoginorSignUp' successfully.

24-04-2025T13:06:14 - [MESSAGE][PASSED] - Send keys 'vignesh@chn.com' on test object 'Object Repository/Repo/android.widget.EditText-LoginorSignUp' successfully.

24-04-2025T13:06:14 - [TEST_STEP][PASSED] - delay(10): Delayed 10 second(s)

24-04-2025T13:06:24 - [MESSAGE][PASSED] - Delayed 10 second(s)

24-04-2025T13:06:24 - [TEST_STEP][PASSED] - tap(findTestObject("Object Repository/Repo/android.widget.Button - Next"), 0): Tapped on element 'Object Repository/Repo/android.widget.Button - Next'

24-04-2025T13:06:24 - [MESSAGE][WARNING] - Timeout '0' is invalid. Using default page load timeout: '30'

24-04-2025T13:06:25 - [MESSAGE][PASSED] - Tapped on element 'Object Repository/Repo/android.widget.Button - Next'

24-04-2025T13:06:25 - [TEST_STEP][PASSED] - delay(20): Delayed 20 second(s)

24-04-2025T13:06:45 - [MESSAGE][PASSED] - Delayed 20 second(s)

24-04-2025T13:06:45 - [TEST_STEP][PASSED] - sendKeys(findTestObject("Object Repository/Repo/android.widget.EditText-confirm email address"), email2): Send keys 'Vignesh@c.com' on test object 'Object Repository/Repo/android.widget.EditText-confirm email address' successfully.

24-04-2025T13:06:45 - [MESSAGE][PASSED] - Send keys 'Vignesh@c.com' on test object 'Object Repository/Repo/android.widget.EditText-confirm email address' successfully.

24-04-2025T13:06:45 - [TEST_STEP][PASSED] - delay(10): Delayed 10 second(s)

24-04-2025T13:06:55 - [MESSAGE][PASSED] - Delayed 10 second(s)

24-04-2025T13:06:55 - [TEST_STEP][PASSED] - try: null

24-04-2025T13:06:55 - [TEST_STEP][PASSED] - actualText = TextView -  Email addresses must match"), 0).trim(): Text of element 'Object Repository/Repo/android.widget.TextView -  Email addresses must match' is: ' Email addresses must match.
'

24-04-2025T13:06:55 - [MESSAGE][WARNING] - Timeout '0' is invalid. Using default page load timeout: '30'

24-04-2025T13:06:56 - [MESSAGE][PASSED] - Text of element 'Object Repository/Repo/android.widget.TextView -  Email addresses must match' is: ' Email addresses must match.
'

24-04-2025T13:06:56 - [TEST_STEP][PASSED] - expectedText = "Email addresses must match.": null

24-04-2025T13:06:56 - [TEST_STEP][PASSED] - if (!(actualText.equals(expectedText))): null

24-04-2025T13:06:56 - [TEST_STEP][PASSED] - out.println("Text matches successfully!"): null

24-04-2025T13:06:56 - [TEST_STEP][PASSED] - tap(findTestObject("Object Repository/Repo/android.widget.Button - reset"), 0): Tapped on element 'Object Repository/Repo/android.widget.Button - reset'

24-04-2025T13:06:56 - [MESSAGE][WARNING] - Timeout '0' is invalid. Using default page load timeout: '30'

24-04-2025T13:06:56 - [MESSAGE][PASSED] - Tapped on element 'Object Repository/Repo/android.widget.Button - reset'

24-04-2025T13:06:56 - [TEST_STEP][PASSED] - hideKeyboard(): null

24-04-2025T13:06:57 - [MESSAGE][PASSED] - Keyboard is hidden

24-04-2025T13:06:57 - [TEST_STEP][PASSED] - testAlreadyUsedEmailAddress(): null

24-04-2025T13:06:57 - [TEST_STEP][PASSED] - excelData = findTestData("Data Files/C680"): null

24-04-2025T13:06:57 - [TEST_STEP][PASSED] - email1 = excelData.getValue("email", 1): null

24-04-2025T13:06:57 - [TEST_STEP][PASSED] - email2 = excelData.getValue("email", 2): null

24-04-2025T13:06:57 - [TEST_STEP][PASSED] - sendKeys(findTestObject("Object Repository/Repo/android.widget.EditText-LoginorSignUp"), email1): Send keys 'm@i.com' on test object 'Object Repository/Repo/android.widget.EditText-LoginorSignUp' successfully.

24-04-2025T13:06:58 - [MESSAGE][PASSED] - Send keys 'm@i.com' on test object 'Object Repository/Repo/android.widget.EditText-LoginorSignUp' successfully.

24-04-2025T13:06:58 - [TEST_STEP][PASSED] - delay(10): Delayed 10 second(s)

24-04-2025T13:07:08 - [MESSAGE][PASSED] - Delayed 10 second(s)

24-04-2025T13:07:08 - [TEST_STEP][PASSED] - tap(findTestObject("Object Repository/Repo/android.widget.Button - Next"), 0): Tapped on element 'Object Repository/Repo/android.widget.Button - Next'

24-04-2025T13:07:08 - [MESSAGE][WARNING] - Timeout '0' is invalid. Using default page load timeout: '30'

24-04-2025T13:07:08 - [MESSAGE][PASSED] - Tapped on element 'Object Repository/Repo/android.widget.Button - Next'

24-04-2025T13:07:08 - [TEST_STEP][PASSED] - delay(10): Delayed 10 second(s)

24-04-2025T13:07:18 - [MESSAGE][PASSED] - Delayed 10 second(s)

24-04-2025T13:07:18 - [TEST_STEP][PASSED] - tap(findTestObject("Object Repository/Repo/android.widget.Button - reset"), 0): Tapped on element 'Object Repository/Repo/android.widget.Button - reset'

24-04-2025T13:07:18 - [MESSAGE][WARNING] - Timeout '0' is invalid. Using default page load timeout: '30'

24-04-2025T13:07:18 - [MESSAGE][PASSED] - Tapped on element 'Object Repository/Repo/android.widget.Button - reset'

24-04-2025T13:07:18 - [TEST_STEP][PASSED] - hideKeyboard(): Keyboard is hidden

24-04-2025T13:07:19 - [MESSAGE][PASSED] - Keyboard is hidden

24-04-2025T13:07:19 - [TEST_STEP][PASSED] - delay(10): Delayed 10 second(s)

24-04-2025T13:07:29 - [MESSAGE][PASSED] - Delayed 10 second(s)

24-04-2025T13:07:29 - [TEST_STEP][PASSED] - sendKeys(findTestObject("Object Repository/Repo/android.widget.EditText -"), email2): Send keys '03205179TM@WG.COM' on test object 'Object Repository/Repo/android.widget.EditText -' successfully.

24-04-2025T13:07:30 - [MESSAGE][PASSED] - Send keys '03205179TM@WG.COM' on test object 'Object Repository/Repo/android.widget.EditText -' successfully.

24-04-2025T13:07:30 - [TEST_STEP][PASSED] - delay(10): Delayed 10 second(s)

24-04-2025T13:07:40 - [MESSAGE][PASSED] - Delayed 10 second(s)

24-04-2025T13:07:40 - [TEST_STEP][PASSED] - tap(findTestObject("Object Repository/Repo/android.widget.EditText-confirm email address"), 0): Tapped on element 'Object Repository/Repo/android.widget.EditText-confirm email address'

24-04-2025T13:07:40 - [MESSAGE][WARNING] - Timeout '0' is invalid. Using default page load timeout: '30'

24-04-2025T13:07:40 - [MESSAGE][PASSED] - Tapped on element 'Object Repository/Repo/android.widget.EditText-confirm email address'

24-04-2025T13:07:40 - [TEST_STEP][PASSED] - hideKeyboard(): Keyboard is hidden

24-04-2025T13:07:41 - [MESSAGE][PASSED] - Keyboard is hidden

24-04-2025T13:07:41 - [TEST_STEP][PASSED] - delay(10): Delayed 10 second(s)

24-04-2025T13:07:51 - [MESSAGE][PASSED] - Delayed 10 second(s)

24-04-2025T13:07:51 - [TEST_STEP][PASSED] - takeScreenshot(): Screenshot is taken

24-04-2025T13:07:54 - [MESSAGE][PASSED] - Screenshot is taken
[[ATTACHMENT|/Users/gv.vignesh/Downloads/WGR-Android-Automation/Reports/20250424_125143/Android Regression/20250424_125143/1745480271660.png]]

24-04-2025T13:07:54 - [TEST_STEP][PASSED] - tap(findTestObject("Object Repository/Repo/android.widget.Button - reset"), 0): Tapped on element 'Object Repository/Repo/android.widget.Button - reset'

24-04-2025T13:07:54 - [MESSAGE][WARNING] - Timeout '0' is invalid. Using default page load timeout: '30'

24-04-2025T13:07:54 - [MESSAGE][PASSED] - Tapped on element 'Object Repository/Repo/android.widget.Button - reset'

24-04-2025T13:07:54 - [TEST_STEP][PASSED] - hideKeyboard(): null

24-04-2025T13:07:55 - [MESSAGE][PASSED] - Keyboard is hidden

24-04-2025T13:07:55 - [TEST_STEP][PASSED] - testCopyPasteEmailFunctionality(): null

24-04-2025T13:07:55 - [TEST_STEP][PASSED] - testData = findTestData("Data Files/C681"): null

24-04-2025T13:07:55 - [TEST_STEP][PASSED] - email1 = testData.getValue("email", 1): null

24-04-2025T13:07:55 - [TEST_STEP][PASSED] - sendKeys(findTestObject("Object Repository/Repo/android.widget.EditText-LoginorSignUp"), email1): Send keys 'b@k.com' on test object 'Object Repository/Repo/android.widget.EditText-LoginorSignUp' successfully.

24-04-2025T13:07:56 - [MESSAGE][PASSED] - Send keys 'b@k.com' on test object 'Object Repository/Repo/android.widget.EditText-LoginorSignUp' successfully.

24-04-2025T13:07:56 - [TEST_STEP][PASSED] - delay(10): Delayed 10 second(s)

24-04-2025T13:08:06 - [MESSAGE][PASSED] - Delayed 10 second(s)

24-04-2025T13:08:06 - [TEST_STEP][PASSED] - tap(findTestObject("Object Repository/Repo/android.widget.Button - Next"), 0): Tapped on element 'Object Repository/Repo/android.widget.Button - Next'

24-04-2025T13:08:06 - [MESSAGE][WARNING] - Timeout '0' is invalid. Using default page load timeout: '30'

24-04-2025T13:08:07 - [MESSAGE][PASSED] - Tapped on element 'Object Repository/Repo/android.widget.Button - Next'

24-04-2025T13:08:07 - [TEST_STEP][PASSED] - delay(10): Delayed 10 second(s)

24-04-2025T13:08:17 - [MESSAGE][PASSED] - Delayed 10 second(s)

24-04-2025T13:08:17 - [TEST_STEP][FAILED] - try: Failed to wait for element ''{0}'' present (Root cause: com.kms.katalon.core.exception.StepFailedException: Failed to wait for element ''{0}'' present
	at com.kms.katalon.core.mobile.keyword.internal.MobileKeywordMain.stepFailed(MobileKeywordMain.groovy:64)
	at com.kms.katalon.core.mobile.keyword.internal.MobileKeywordMain.runKeyword(MobileKeywordMain.groovy:34)
	at com.kms.katalon.core.mobile.keyword.builtin.WaitForElementPresentKeyword.waitForElementPresent(WaitForElementPresentKeyword.groovy:77)
	at com.kms.katalon.core.mobile.keyword.builtin.WaitForElementPresentKeyword.execute(WaitForElementPresentKeyword.groovy:61)
	at com.kms.katalon.core.keyword.internal.KeywordExecutor.executeKeywordForPlatform(KeywordExecutor.groovy:74)
	at com.kms.katalon.core.mobile.keyword.MobileBuiltInKeywords.waitForElementPresent(MobileBuiltInKeywords.groovy:1660)
	at EmailValidationTests.testCopyPasteEmailFunctionality(Script1745304286377.groovy:160)
	at EmailValidationTests.runAllTests(Script1745304286377.groovy:224)
	at C660_C677_C678_C679_C680_C681_SignUpNewUserPage_SignUpFlow.run(C660_C677_C678_C679_C680_C681_SignUpNewUserPage_SignUpFlow:233)
	at com.kms.katalon.core.main.ScriptEngine.run(ScriptEngine.java:194)
	at com.kms.katalon.core.main.ScriptEngine.runScriptAsRawText(ScriptEngine.java:119)
	at com.kms.katalon.core.main.TestCaseExecutor.runScript(TestCaseExecutor.java:448)
	at com.kms.katalon.core.main.TestCaseExecutor.doExecute(TestCaseExecutor.java:439)
	at com.kms.katalon.core.main.TestCaseExecutor.processExecutionPhase(TestCaseExecutor.java:418)
	at com.kms.katalon.core.main.TestCaseExecutor.accessMainPhase(TestCaseExecutor.java:410)
	at com.kms.katalon.core.main.TestCaseExecutor.execute(TestCaseExecutor.java:285)
	at com.kms.katalon.core.common.CommonExecutor.accessTestCaseMainPhase(CommonExecutor.java:71)
	at com.kms.katalon.core.main.TestSuiteExecutor.accessTestSuiteMainPhase(TestSuiteExecutor.java:160)
	at com.kms.katalon.core.main.TestSuiteExecutor.execute(TestSuiteExecutor.java:107)
	at com.kms.katalon.core.main.TestCaseMain.startTestSuite(TestCaseMain.java:180)
	at TempTestSuite1745479303751.run(TempTestSuite1745479303751.groovy:35)
	at java.base/jdk.internal.reflect.NativeMethodAccessorImpl.invoke0(Native Method)
	at java.base/jdk.internal.reflect.NativeMethodAccessorImpl.invoke(NativeMethodAccessorImpl.java:77)
	at java.base/jdk.internal.reflect.DelegatingMethodAccessorImpl.invoke(DelegatingMethodAccessorImpl.java:43)
Caused by: java.lang.IllegalArgumentException: Object is null
	at com.kms.katalon.core.helper.KeywordHelper.checkTestObjectParameter(KeywordHelper.java:33)
	at com.kms.katalon.core.mobile.keyword.builtin.WaitForElementPresentKeyword$_waitForElementPresent_closure1.doCall(WaitForElementPresentKeyword.groovy:67)
	at com.kms.katalon.core.mobile.keyword.builtin.WaitForElementPresentKeyword$_waitForElementPresent_closure1.call(WaitForElementPresentKeyword.groovy)
	at com.kms.katalon.core.mobile.keyword.internal.MobileKeywordMain.runKeyword(MobileKeywordMain.groovy:30)
	at com.kms.katalon.core.mobile.keyword.builtin.WaitForElementPresentKeyword.waitForElementPresent(WaitForElementPresentKeyword.groovy:77)
	at com.kms.katalon.core.mobile.keyword.builtin.WaitForElementPresentKeyword.execute(WaitForElementPresentKeyword.groovy:61)
	at com.kms.katalon.core.keyword.internal.KeywordExecutor.executeKeywordForPlatform(KeywordExecutor.groovy:74)
	at com.kms.katalon.core.mobile.keyword.MobileBuiltInKeywords.waitForElementPresent(MobileBuiltInKeywords.groovy:1660)
	at EmailValidationTests.testCopyPasteEmailFunctionality(Script1745304286377.groovy:160)
	at EmailValidationTests.runAllTests(Script1745304286377.groovy:224)
	at Script1745304286377.run(Script1745304286377.groovy:233)
	... 15 more
)

24-04-2025T13:08:17 - [TEST_STEP][PASSED] - tap(findTestObject("Object Repository/Repo/android.widget.EditText-LoginorSignUp"), 0): Tapped on element 'Object Repository/Repo/android.widget.EditText-LoginorSignUp'

24-04-2025T13:08:17 - [MESSAGE][WARNING] - Timeout '0' is invalid. Using default page load timeout: '30'

24-04-2025T13:08:17 - [MESSAGE][PASSED] - Tapped on element 'Object Repository/Repo/android.widget.EditText-LoginorSignUp'

24-04-2025T13:08:17 - [TEST_STEP][PASSED] - tapAndHold(findTestObject("Object Repository/Repo/android.widget.EditText-LoginorSignUp"), 2, 0): Tapped and held on element 'Object Repository/Repo/android.widget.EditText-LoginorSignUp' with duration 2

24-04-2025T13:08:17 - [MESSAGE][WARNING] - Timeout '0' is invalid. Using default page load timeout: '30'

24-04-2025T13:08:21 - [MESSAGE][PASSED] - Tapped and held on element 'Object Repository/Repo/android.widget.EditText-LoginorSignUp' with duration 2

24-04-2025T13:08:21 - [TEST_STEP][PASSED] - delay(2): Delayed 2 second(s)

24-04-2025T13:08:23 - [MESSAGE][PASSED] - Delayed 2 second(s)

24-04-2025T13:08:23 - [TEST_STEP][FAILED] - if (waitForElementPresent(findTestObject("Object Repository/Repo/android.widget.TextView - Copy"), 3)): Failed to wait for element ''{0}'' present (Root cause: com.kms.katalon.core.exception.StepFailedException: Failed to wait for element ''{0}'' present
	at com.kms.katalon.core.mobile.keyword.internal.MobileKeywordMain.stepFailed(MobileKeywordMain.groovy:64)
	at com.kms.katalon.core.mobile.keyword.internal.MobileKeywordMain.runKeyword(MobileKeywordMain.groovy:34)
	at com.kms.katalon.core.mobile.keyword.builtin.WaitForElementPresentKeyword.waitForElementPresent(WaitForElementPresentKeyword.groovy:77)
	at com.kms.katalon.core.mobile.keyword.builtin.WaitForElementPresentKeyword.execute(WaitForElementPresentKeyword.groovy:61)
	at com.kms.katalon.core.keyword.internal.KeywordExecutor.executeKeywordForPlatform(KeywordExecutor.groovy:74)
	at com.kms.katalon.core.mobile.keyword.MobileBuiltInKeywords.waitForElementPresent(MobileBuiltInKeywords.groovy:1660)
	at EmailValidationTests.testCopyPasteEmailFunctionality(Script1745304286377.groovy:160)
	at EmailValidationTests.runAllTests(Script1745304286377.groovy:224)
	at C660_C677_C678_C679_C680_C681_SignUpNewUserPage_SignUpFlow.run(C660_C677_C678_C679_C680_C681_SignUpNewUserPage_SignUpFlow:233)
	at com.kms.katalon.core.main.ScriptEngine.run(ScriptEngine.java:194)
	at com.kms.katalon.core.main.ScriptEngine.runScriptAsRawText(ScriptEngine.java:119)
	at com.kms.katalon.core.main.TestCaseExecutor.runScript(TestCaseExecutor.java:448)
	at com.kms.katalon.core.main.TestCaseExecutor.doExecute(TestCaseExecutor.java:439)
	at com.kms.katalon.core.main.TestCaseExecutor.processExecutionPhase(TestCaseExecutor.java:418)
	at com.kms.katalon.core.main.TestCaseExecutor.accessMainPhase(TestCaseExecutor.java:410)
	at com.kms.katalon.core.main.TestCaseExecutor.execute(TestCaseExecutor.java:285)
	at com.kms.katalon.core.common.CommonExecutor.accessTestCaseMainPhase(CommonExecutor.java:71)
	at com.kms.katalon.core.main.TestSuiteExecutor.accessTestSuiteMainPhase(TestSuiteExecutor.java:160)
	at com.kms.katalon.core.main.TestSuiteExecutor.execute(TestSuiteExecutor.java:107)
	at com.kms.katalon.core.main.TestCaseMain.startTestSuite(TestCaseMain.java:180)
	at TempTestSuite1745479303751.run(TempTestSuite1745479303751.groovy:35)
	at java.base/jdk.internal.reflect.NativeMethodAccessorImpl.invoke0(Native Method)
	at java.base/jdk.internal.reflect.NativeMethodAccessorImpl.invoke(NativeMethodAccessorImpl.java:77)
	at java.base/jdk.internal.reflect.DelegatingMethodAccessorImpl.invoke(DelegatingMethodAccessorImpl.java:43)
Caused by: java.lang.IllegalArgumentException: Object is null
	at com.kms.katalon.core.helper.KeywordHelper.checkTestObjectParameter(KeywordHelper.java:33)
	at com.kms.katalon.core.mobile.keyword.builtin.WaitForElementPresentKeyword$_waitForElementPresent_closure1.doCall(WaitForElementPresentKeyword.groovy:67)
	at com.kms.katalon.core.mobile.keyword.builtin.WaitForElementPresentKeyword$_waitForElementPresent_closure1.call(WaitForElementPresentKeyword.groovy)
	at com.kms.katalon.core.mobile.keyword.internal.MobileKeywordMain.runKeyword(MobileKeywordMain.groovy:30)
	at com.kms.katalon.core.mobile.keyword.builtin.WaitForElementPresentKeyword.waitForElementPresent(WaitForElementPresentKeyword.groovy:77)
	at com.kms.katalon.core.mobile.keyword.builtin.WaitForElementPresentKeyword.execute(WaitForElementPresentKeyword.groovy:61)
	at com.kms.katalon.core.keyword.internal.KeywordExecutor.executeKeywordForPlatform(KeywordExecutor.groovy:74)
	at com.kms.katalon.core.mobile.keyword.MobileBuiltInKeywords.waitForElementPresent(MobileBuiltInKeywords.groovy:1660)
	at EmailValidationTests.testCopyPasteEmailFunctionality(Script1745304286377.groovy:160)
	at EmailValidationTests.runAllTests(Script1745304286377.groovy:224)
	at Script1745304286377.run(Script1745304286377.groovy:233)
	... 15 more
)

24-04-2025T13:08:23 - [MESSAGE][WARNING] - Test object with id 'Object Repository/Repo/android.widget.TextView - Copy' does not exist

24-04-2025T13:08:23 - [MESSAGE][WARNING] - Test object with id 'Object Repository/' does not exist

24-04-2025T13:08:24 - [MESSAGE][FAILED] - Failed to wait for element ''{0}'' present (Root cause: com.kms.katalon.core.exception.StepFailedException: Failed to wait for element ''{0}'' present
	at com.kms.katalon.core.mobile.keyword.internal.MobileKeywordMain.stepFailed(MobileKeywordMain.groovy:64)
	at com.kms.katalon.core.mobile.keyword.internal.MobileKeywordMain.runKeyword(MobileKeywordMain.groovy:34)
	at com.kms.katalon.core.mobile.keyword.builtin.WaitForElementPresentKeyword.waitForElementPresent(WaitForElementPresentKeyword.groovy:77)
	at com.kms.katalon.core.mobile.keyword.builtin.WaitForElementPresentKeyword.execute(WaitForElementPresentKeyword.groovy:61)
	at com.kms.katalon.core.keyword.internal.KeywordExecutor.executeKeywordForPlatform(KeywordExecutor.groovy:74)
	at com.kms.katalon.core.mobile.keyword.MobileBuiltInKeywords.waitForElementPresent(MobileBuiltInKeywords.groovy:1660)
	at EmailValidationTests.testCopyPasteEmailFunctionality(Script1745304286377.groovy:160)
	at EmailValidationTests.runAllTests(Script1745304286377.groovy:224)
	at C660_C677_C678_C679_C680_C681_SignUpNewUserPage_SignUpFlow.run(C660_C677_C678_C679_C680_C681_SignUpNewUserPage_SignUpFlow:233)
	at com.kms.katalon.core.main.ScriptEngine.run(ScriptEngine.java:194)
	at com.kms.katalon.core.main.ScriptEngine.runScriptAsRawText(ScriptEngine.java:119)
	at com.kms.katalon.core.main.TestCaseExecutor.runScript(TestCaseExecutor.java:448)
	at com.kms.katalon.core.main.TestCaseExecutor.doExecute(TestCaseExecutor.java:439)
	at com.kms.katalon.core.main.TestCaseExecutor.processExecutionPhase(TestCaseExecutor.java:418)
	at com.kms.katalon.core.main.TestCaseExecutor.accessMainPhase(TestCaseExecutor.java:410)
	at com.kms.katalon.core.main.TestCaseExecutor.execute(TestCaseExecutor.java:285)
	at com.kms.katalon.core.common.CommonExecutor.accessTestCaseMainPhase(CommonExecutor.java:71)
	at com.kms.katalon.core.main.TestSuiteExecutor.accessTestSuiteMainPhase(TestSuiteExecutor.java:160)
	at com.kms.katalon.core.main.TestSuiteExecutor.execute(TestSuiteExecutor.java:107)
	at com.kms.katalon.core.main.TestCaseMain.startTestSuite(TestCaseMain.java:180)
	at TempTestSuite1745479303751.run(TempTestSuite1745479303751.groovy:35)
	at java.base/jdk.internal.reflect.NativeMethodAccessorImpl.invoke0(Native Method)
	at java.base/jdk.internal.reflect.NativeMethodAccessorImpl.invoke(NativeMethodAccessorImpl.java:77)
	at java.base/jdk.internal.reflect.DelegatingMethodAccessorImpl.invoke(DelegatingMethodAccessorImpl.java:43)
Caused by: java.lang.IllegalArgumentException: Object is null
	at com.kms.katalon.core.helper.KeywordHelper.checkTestObjectParameter(KeywordHelper.java:33)
	at com.kms.katalon.core.mobile.keyword.builtin.WaitForElementPresentKeyword$_waitForElementPresent_closure1.doCall(WaitForElementPresentKeyword.groovy:67)
	at com.kms.katalon.core.mobile.keyword.builtin.WaitForElementPresentKeyword$_waitForElementPresent_closure1.call(WaitForElementPresentKeyword.groovy)
	at com.kms.katalon.core.mobile.keyword.internal.MobileKeywordMain.runKeyword(MobileKeywordMain.groovy:30)
	at com.kms.katalon.core.mobile.keyword.builtin.WaitForElementPresentKeyword.waitForElementPresent(WaitForElementPresentKeyword.groovy:77)
	at com.kms.katalon.core.mobile.keyword.builtin.WaitForElementPresentKeyword.execute(WaitForElementPresentKeyword.groovy:61)
	at com.kms.katalon.core.keyword.internal.KeywordExecutor.executeKeywordForPlatform(KeywordExecutor.groovy:74)
	at com.kms.katalon.core.mobile.keyword.MobileBuiltInKeywords.waitForElementPresent(MobileBuiltInKeywords.groovy:1660)
	at EmailValidationTests.testCopyPasteEmailFunctionality(Script1745304286377.groovy:160)
	at EmailValidationTests.runAllTests(Script1745304286377.groovy:224)
	at Script1745304286377.run(Script1745304286377.groovy:233)
	... 15 more
)
[[ATTACHMENT|/Users/gv.vignesh/Downloads/WGR-Android-Automation/Reports/20250424_125143/Android Regression/20250424_125143/1745480303519.png]]

24-04-2025T13:08:24 - [TEST_STEP][PASSED] - catch (com.kms.katalon.core.exception.StepFailedException e): null

24-04-2025T13:08:24 - [TEST_STEP][PASSED] - println("⚠️ Error occurred during copy: " + e.getMessage()): null

24-04-2025T13:08:24 - [TEST_STEP][FAILED] - try: Failed to wait for element ''{0}'' present (Root cause: com.kms.katalon.core.exception.StepFailedException: Failed to wait for element ''{0}'' present
	at com.kms.katalon.core.mobile.keyword.internal.MobileKeywordMain.stepFailed(MobileKeywordMain.groovy:64)
	at com.kms.katalon.core.mobile.keyword.internal.MobileKeywordMain.runKeyword(MobileKeywordMain.groovy:34)
	at com.kms.katalon.core.mobile.keyword.builtin.WaitForElementPresentKeyword.waitForElementPresent(WaitForElementPresentKeyword.groovy:77)
	at com.kms.katalon.core.mobile.keyword.builtin.WaitForElementPresentKeyword.execute(WaitForElementPresentKeyword.groovy:61)
	at com.kms.katalon.core.keyword.internal.KeywordExecutor.executeKeywordForPlatform(KeywordExecutor.groovy:74)
	at com.kms.katalon.core.mobile.keyword.MobileBuiltInKeywords.waitForElementPresent(MobileBuiltInKeywords.groovy:1660)
	at EmailValidationTests.testCopyPasteEmailFunctionality(Script1745304286377.groovy:175)
	at EmailValidationTests.runAllTests(Script1745304286377.groovy:224)
	at C660_C677_C678_C679_C680_C681_SignUpNewUserPage_SignUpFlow.run(C660_C677_C678_C679_C680_C681_SignUpNewUserPage_SignUpFlow:233)
	at com.kms.katalon.core.main.ScriptEngine.run(ScriptEngine.java:194)
	at com.kms.katalon.core.main.ScriptEngine.runScriptAsRawText(ScriptEngine.java:119)
	at com.kms.katalon.core.main.TestCaseExecutor.runScript(TestCaseExecutor.java:448)
	at com.kms.katalon.core.main.TestCaseExecutor.doExecute(TestCaseExecutor.java:439)
	at com.kms.katalon.core.main.TestCaseExecutor.processExecutionPhase(TestCaseExecutor.java:418)
	at com.kms.katalon.core.main.TestCaseExecutor.accessMainPhase(TestCaseExecutor.java:410)
	at com.kms.katalon.core.main.TestCaseExecutor.execute(TestCaseExecutor.java:285)
	at com.kms.katalon.core.common.CommonExecutor.accessTestCaseMainPhase(CommonExecutor.java:71)
	at com.kms.katalon.core.main.TestSuiteExecutor.accessTestSuiteMainPhase(TestSuiteExecutor.java:160)
	at com.kms.katalon.core.main.TestSuiteExecutor.execute(TestSuiteExecutor.java:107)
	at com.kms.katalon.core.main.TestCaseMain.startTestSuite(TestCaseMain.java:180)
	at TempTestSuite1745479303751.run(TempTestSuite1745479303751.groovy:35)
	at java.base/jdk.internal.reflect.NativeMethodAccessorImpl.invoke0(Native Method)
	at java.base/jdk.internal.reflect.NativeMethodAccessorImpl.invoke(NativeMethodAccessorImpl.java:77)
	at java.base/jdk.internal.reflect.DelegatingMethodAccessorImpl.invoke(DelegatingMethodAccessorImpl.java:43)
Caused by: java.lang.IllegalArgumentException: Object is null
	at com.kms.katalon.core.helper.KeywordHelper.checkTestObjectParameter(KeywordHelper.java:33)
	at com.kms.katalon.core.mobile.keyword.builtin.WaitForElementPresentKeyword$_waitForElementPresent_closure1.doCall(WaitForElementPresentKeyword.groovy:67)
	at com.kms.katalon.core.mobile.keyword.builtin.WaitForElementPresentKeyword$_waitForElementPresent_closure1.call(WaitForElementPresentKeyword.groovy)
	at com.kms.katalon.core.mobile.keyword.internal.MobileKeywordMain.runKeyword(MobileKeywordMain.groovy:30)
	at com.kms.katalon.core.mobile.keyword.builtin.WaitForElementPresentKeyword.waitForElementPresent(WaitForElementPresentKeyword.groovy:77)
	at com.kms.katalon.core.mobile.keyword.builtin.WaitForElementPresentKeyword.execute(WaitForElementPresentKeyword.groovy:61)
	at com.kms.katalon.core.keyword.internal.KeywordExecutor.executeKeywordForPlatform(KeywordExecutor.groovy:74)
	at com.kms.katalon.core.mobile.keyword.MobileBuiltInKeywords.waitForElementPresent(MobileBuiltInKeywords.groovy:1660)
	at EmailValidationTests.testCopyPasteEmailFunctionality(Script1745304286377.groovy:175)
	at EmailValidationTests.runAllTests(Script1745304286377.groovy:224)
	at Script1745304286377.run(Script1745304286377.groovy:233)
	... 15 more
)

24-04-2025T13:08:24 - [TEST_STEP][PASSED] - tap(findTestObject("Object Repository/Repo/android.widget.EditText-confirm email address"), 0): Tapped on element 'Object Repository/Repo/android.widget.EditText-confirm email address'

24-04-2025T13:08:24 - [MESSAGE][WARNING] - Timeout '0' is invalid. Using default page load timeout: '30'

24-04-2025T13:08:25 - [MESSAGE][PASSED] - Tapped on element 'Object Repository/Repo/android.widget.EditText-confirm email address'

24-04-2025T13:08:25 - [TEST_STEP][PASSED] - tapAndHold(findTestObject("Object Repository/Repo/android.widget.EditText-confirm email address"), 2, 0): Tapped and held on element 'Object Repository/Repo/android.widget.EditText-confirm email address' with duration 2

24-04-2025T13:08:25 - [MESSAGE][WARNING] - Timeout '0' is invalid. Using default page load timeout: '30'

24-04-2025T13:08:28 - [MESSAGE][PASSED] - Tapped and held on element 'Object Repository/Repo/android.widget.EditText-confirm email address' with duration 2

24-04-2025T13:08:28 - [TEST_STEP][PASSED] - delay(2): Delayed 2 second(s)

24-04-2025T13:08:30 - [MESSAGE][PASSED] - Delayed 2 second(s)

24-04-2025T13:08:30 - [TEST_STEP][FAILED] - if (waitForElementPresent(findTestObject("Object Repository/Repo/android.widget.TextView - Paste"), 3)): Failed to wait for element ''{0}'' present (Root cause: com.kms.katalon.core.exception.StepFailedException: Failed to wait for element ''{0}'' present
	at com.kms.katalon.core.mobile.keyword.internal.MobileKeywordMain.stepFailed(MobileKeywordMain.groovy:64)
	at com.kms.katalon.core.mobile.keyword.internal.MobileKeywordMain.runKeyword(MobileKeywordMain.groovy:34)
	at com.kms.katalon.core.mobile.keyword.builtin.WaitForElementPresentKeyword.waitForElementPresent(WaitForElementPresentKeyword.groovy:77)
	at com.kms.katalon.core.mobile.keyword.builtin.WaitForElementPresentKeyword.execute(WaitForElementPresentKeyword.groovy:61)
	at com.kms.katalon.core.keyword.internal.KeywordExecutor.executeKeywordForPlatform(KeywordExecutor.groovy:74)
	at com.kms.katalon.core.mobile.keyword.MobileBuiltInKeywords.waitForElementPresent(MobileBuiltInKeywords.groovy:1660)
	at EmailValidationTests.testCopyPasteEmailFunctionality(Script1745304286377.groovy:175)
	at EmailValidationTests.runAllTests(Script1745304286377.groovy:224)
	at C660_C677_C678_C679_C680_C681_SignUpNewUserPage_SignUpFlow.run(C660_C677_C678_C679_C680_C681_SignUpNewUserPage_SignUpFlow:233)
	at com.kms.katalon.core.main.ScriptEngine.run(ScriptEngine.java:194)
	at com.kms.katalon.core.main.ScriptEngine.runScriptAsRawText(ScriptEngine.java:119)
	at com.kms.katalon.core.main.TestCaseExecutor.runScript(TestCaseExecutor.java:448)
	at com.kms.katalon.core.main.TestCaseExecutor.doExecute(TestCaseExecutor.java:439)
	at com.kms.katalon.core.main.TestCaseExecutor.processExecutionPhase(TestCaseExecutor.java:418)
	at com.kms.katalon.core.main.TestCaseExecutor.accessMainPhase(TestCaseExecutor.java:410)
	at com.kms.katalon.core.main.TestCaseExecutor.execute(TestCaseExecutor.java:285)
	at com.kms.katalon.core.common.CommonExecutor.accessTestCaseMainPhase(CommonExecutor.java:71)
	at com.kms.katalon.core.main.TestSuiteExecutor.accessTestSuiteMainPhase(TestSuiteExecutor.java:160)
	at com.kms.katalon.core.main.TestSuiteExecutor.execute(TestSuiteExecutor.java:107)
	at com.kms.katalon.core.main.TestCaseMain.startTestSuite(TestCaseMain.java:180)
	at TempTestSuite1745479303751.run(TempTestSuite1745479303751.groovy:35)
	at java.base/jdk.internal.reflect.NativeMethodAccessorImpl.invoke0(Native Method)
	at java.base/jdk.internal.reflect.NativeMethodAccessorImpl.invoke(NativeMethodAccessorImpl.java:77)
	at java.base/jdk.internal.reflect.DelegatingMethodAccessorImpl.invoke(DelegatingMethodAccessorImpl.java:43)
Caused by: java.lang.IllegalArgumentException: Object is null
	at com.kms.katalon.core.helper.KeywordHelper.checkTestObjectParameter(KeywordHelper.java:33)
	at com.kms.katalon.core.mobile.keyword.builtin.WaitForElementPresentKeyword$_waitForElementPresent_closure1.doCall(WaitForElementPresentKeyword.groovy:67)
	at com.kms.katalon.core.mobile.keyword.builtin.WaitForElementPresentKeyword$_waitForElementPresent_closure1.call(WaitForElementPresentKeyword.groovy)
	at com.kms.katalon.core.mobile.keyword.internal.MobileKeywordMain.runKeyword(MobileKeywordMain.groovy:30)
	at com.kms.katalon.core.mobile.keyword.builtin.WaitForElementPresentKeyword.waitForElementPresent(WaitForElementPresentKeyword.groovy:77)
	at com.kms.katalon.core.mobile.keyword.builtin.WaitForElementPresentKeyword.execute(WaitForElementPresentKeyword.groovy:61)
	at com.kms.katalon.core.keyword.internal.KeywordExecutor.executeKeywordForPlatform(KeywordExecutor.groovy:74)
	at com.kms.katalon.core.mobile.keyword.MobileBuiltInKeywords.waitForElementPresent(MobileBuiltInKeywords.groovy:1660)
	at EmailValidationTests.testCopyPasteEmailFunctionality(Script1745304286377.groovy:175)
	at EmailValidationTests.runAllTests(Script1745304286377.groovy:224)
	at Script1745304286377.run(Script1745304286377.groovy:233)
	... 15 more
)

24-04-2025T13:08:30 - [MESSAGE][WARNING] - Test object with id 'Object Repository/Repo/android.widget.TextView - Paste' does not exist

24-04-2025T13:08:30 - [MESSAGE][WARNING] - Test object with id 'Object Repository/' does not exist

24-04-2025T13:08:31 - [MESSAGE][FAILED] - Failed to wait for element ''{0}'' present (Root cause: com.kms.katalon.core.exception.StepFailedException: Failed to wait for element ''{0}'' present
	at com.kms.katalon.core.mobile.keyword.internal.MobileKeywordMain.stepFailed(MobileKeywordMain.groovy:64)
	at com.kms.katalon.core.mobile.keyword.internal.MobileKeywordMain.runKeyword(MobileKeywordMain.groovy:34)
	at com.kms.katalon.core.mobile.keyword.builtin.WaitForElementPresentKeyword.waitForElementPresent(WaitForElementPresentKeyword.groovy:77)
	at com.kms.katalon.core.mobile.keyword.builtin.WaitForElementPresentKeyword.execute(WaitForElementPresentKeyword.groovy:61)
	at com.kms.katalon.core.keyword.internal.KeywordExecutor.executeKeywordForPlatform(KeywordExecutor.groovy:74)
	at com.kms.katalon.core.mobile.keyword.MobileBuiltInKeywords.waitForElementPresent(MobileBuiltInKeywords.groovy:1660)
	at EmailValidationTests.testCopyPasteEmailFunctionality(Script1745304286377.groovy:175)
	at EmailValidationTests.runAllTests(Script1745304286377.groovy:224)
	at C660_C677_C678_C679_C680_C681_SignUpNewUserPage_SignUpFlow.run(C660_C677_C678_C679_C680_C681_SignUpNewUserPage_SignUpFlow:233)
	at com.kms.katalon.core.main.ScriptEngine.run(ScriptEngine.java:194)
	at com.kms.katalon.core.main.ScriptEngine.runScriptAsRawText(ScriptEngine.java:119)
	at com.kms.katalon.core.main.TestCaseExecutor.runScript(TestCaseExecutor.java:448)
	at com.kms.katalon.core.main.TestCaseExecutor.doExecute(TestCaseExecutor.java:439)
	at com.kms.katalon.core.main.TestCaseExecutor.processExecutionPhase(TestCaseExecutor.java:418)
	at com.kms.katalon.core.main.TestCaseExecutor.accessMainPhase(TestCaseExecutor.java:410)
	at com.kms.katalon.core.main.TestCaseExecutor.execute(TestCaseExecutor.java:285)
	at com.kms.katalon.core.common.CommonExecutor.accessTestCaseMainPhase(CommonExecutor.java:71)
	at com.kms.katalon.core.main.TestSuiteExecutor.accessTestSuiteMainPhase(TestSuiteExecutor.java:160)
	at com.kms.katalon.core.main.TestSuiteExecutor.execute(TestSuiteExecutor.java:107)
	at com.kms.katalon.core.main.TestCaseMain.startTestSuite(TestCaseMain.java:180)
	at TempTestSuite1745479303751.run(TempTestSuite1745479303751.groovy:35)
	at java.base/jdk.internal.reflect.NativeMethodAccessorImpl.invoke0(Native Method)
	at java.base/jdk.internal.reflect.NativeMethodAccessorImpl.invoke(NativeMethodAccessorImpl.java:77)
	at java.base/jdk.internal.reflect.DelegatingMethodAccessorImpl.invoke(DelegatingMethodAccessorImpl.java:43)
Caused by: java.lang.IllegalArgumentException: Object is null
	at com.kms.katalon.core.helper.KeywordHelper.checkTestObjectParameter(KeywordHelper.java:33)
	at com.kms.katalon.core.mobile.keyword.builtin.WaitForElementPresentKeyword$_waitForElementPresent_closure1.doCall(WaitForElementPresentKeyword.groovy:67)
	at com.kms.katalon.core.mobile.keyword.builtin.WaitForElementPresentKeyword$_waitForElementPresent_closure1.call(WaitForElementPresentKeyword.groovy)
	at com.kms.katalon.core.mobile.keyword.internal.MobileKeywordMain.runKeyword(MobileKeywordMain.groovy:30)
	at com.kms.katalon.core.mobile.keyword.builtin.WaitForElementPresentKeyword.waitForElementPresent(WaitForElementPresentKeyword.groovy:77)
	at com.kms.katalon.core.mobile.keyword.builtin.WaitForElementPresentKeyword.execute(WaitForElementPresentKeyword.groovy:61)
	at com.kms.katalon.core.keyword.internal.KeywordExecutor.executeKeywordForPlatform(KeywordExecutor.groovy:74)
	at com.kms.katalon.core.mobile.keyword.MobileBuiltInKeywords.waitForElementPresent(MobileBuiltInKeywords.groovy:1660)
	at EmailValidationTests.testCopyPasteEmailFunctionality(Script1745304286377.groovy:175)
	at EmailValidationTests.runAllTests(Script1745304286377.groovy:224)
	at Script1745304286377.run(Script1745304286377.groovy:233)
	... 15 more
)
[[ATTACHMENT|/Users/gv.vignesh/Downloads/WGR-Android-Automation/Reports/20250424_125143/Android Regression/20250424_125143/1745480310097.png]]

24-04-2025T13:08:31 - [TEST_STEP][PASSED] - catch (com.kms.katalon.core.exception.StepFailedException e): null

24-04-2025T13:08:31 - [TEST_STEP][PASSED] - println("⚠️ Error occurred during paste: " + e.getMessage()): null

24-04-2025T13:08:31 - [TEST_STEP][PASSED] - testMultipleEmailsFunctionality(): null

24-04-2025T13:08:31 - [TEST_STEP][PASSED] - testData = findTestData("Data Files/Emails"): null

24-04-2025T13:08:31 - [TEST_STEP][PASSED] - email1 = testData.getValue("email", 1): null

24-04-2025T13:08:31 - [TEST_STEP][PASSED] - email2 = testData.getValue("email", 2): null

24-04-2025T13:08:31 - [TEST_STEP][PASSED] - sendKeys(findTestObject("Object Repository/Repo/android.widget.EditText-LoginorSignUp"), email1): Send keys 'c@y.com' on test object 'Object Repository/Repo/android.widget.EditText-LoginorSignUp' successfully.

24-04-2025T13:08:31 - [MESSAGE][PASSED] - Send keys 'c@y.com' on test object 'Object Repository/Repo/android.widget.EditText-LoginorSignUp' successfully.

24-04-2025T13:08:31 - [TEST_STEP][PASSED] - tap(findTestObject("Object Repository/Repo/android.widget.Button - Next (1)"), 10): Tapped on element 'Object Repository/Repo/android.widget.Button - Next (1)'

24-04-2025T13:08:35 - [MESSAGE][PASSED] - Tapped on element 'Object Repository/Repo/android.widget.Button - Next (1)'

24-04-2025T13:08:35 - [TEST_STEP][PASSED] - tap(findTestObject("Object Repository/Repo/android.widget.Button - reset"), 10): Tapped on element 'Object Repository/Repo/android.widget.Button - reset'

24-04-2025T13:08:36 - [MESSAGE][PASSED] - Tapped on element 'Object Repository/Repo/android.widget.Button - reset'

24-04-2025T13:08:36 - [TEST_STEP][PASSED] - hideKeyboard(): Keyboard is hidden

24-04-2025T13:08:37 - [MESSAGE][PASSED] - Keyboard is hidden

24-04-2025T13:08:37 - [TEST_STEP][PASSED] - sendKeys(findTestObject("Object Repository/Repo/android.widget.EditText-confirm email address"), email2): Send keys 'o.m' on test object 'Object Repository/Repo/android.widget.EditText-confirm email address' successfully.

24-04-2025T13:08:38 - [MESSAGE][PASSED] - Send keys 'o.m' on test object 'Object Repository/Repo/android.widget.EditText-confirm email address' successfully.

24-04-2025T13:08:38 - [TEST_STEP][PASSED] - delay(3): Delayed 3 second(s)

24-04-2025T13:08:41 - [MESSAGE][PASSED] - Delayed 3 second(s)

24-04-2025T13:08:41 - [TEST_STEP][PASSED] - tap(findTestObject("Object Repository/Repo/android.widget.EditText-confirm email address"), 10): Tapped on element 'Object Repository/Repo/android.widget.EditText-confirm email address'

24-04-2025T13:08:41 - [MESSAGE][PASSED] - Tapped on element 'Object Repository/Repo/android.widget.EditText-confirm email address'

24-04-2025T13:08:41 - [TEST_STEP][PASSED] - try: null

24-04-2025T13:08:41 - [TEST_STEP][PASSED] - testObject = findTestObject("Object Repository/Repo/android.widget.TextView - Invalid email format"): Test object with id 'Object Repository/Repo/android.widget.TextView - Invalid email format' does not exist

24-04-2025T13:08:41 - [MESSAGE][WARNING] - Test object with id 'Object Repository/Repo/android.widget.TextView - Invalid email format' does not exist

24-04-2025T13:08:41 - [TEST_STEP][PASSED] - if (testObject == null): null

24-04-2025T13:08:41 - [TEST_STEP][PASSED] - throw new java.lang.Exception(Test object 'Invalid email format' not found in the Object Repository.): null

24-04-2025T13:08:41 - [TEST_STEP][PASSED] - catch (Exception e): null

24-04-2025T13:08:41 - [TEST_STEP][PASSED] - println(❌ An error occurred: $e.getMessage()): null

24-04-2025T13:08:41 - [TEST_STEP][PASSED] - Finally: null

24-04-2025T13:08:41 - [TEST_STEP][PASSED] - cleanup(): null

24-04-2025T13:08:41 - [TEST_STEP][PASSED] - closeApplication(): Close app successfully

24-04-2025T13:08:44 - [MESSAGE][PASSED] - Close app successfully]]></system-out>
         <system-err><![CDATA[]]></system-err>
      </testcase>
      <testcase name="Test Cases/Sign Up New UserPage/C696_C698_SignUpNewUserPage_ConfirmationEmail_OutdatedEmail" time="319.429" classname="Test Cases/Sign Up New UserPage/C696_C698_SignUpNewUserPage_ConfirmationEmail_OutdatedEmail" status="PASSED">
         <system-out><![CDATA[24-04-2025T13:08:44 - [TEST_CASE][PASSED] - Test Cases/Sign Up New UserPage/C696_C698_SignUpNewUserPage_ConfirmationEmail_OutdatedEmail: Test Cases/Sign Up New UserPage/C696_C698_SignUpNewUserPage_ConfirmationEmail_OutdatedEmail

24-04-2025T13:08:44 - [TEST_STEP][PASSED] - testData = findTestData("Data Files/LogiNewUser"): null

24-04-2025T13:08:44 - [TEST_STEP][PASSED] - email = testData.getValue("email", 2): null

24-04-2025T13:08:44 - [TEST_STEP][PASSED] - firstName = testData.getValue("firstname", 2): null

24-04-2025T13:08:44 - [TEST_STEP][PASSED] - lastName = testData.getValue("lastname", 2): null

24-04-2025T13:08:44 - [TEST_STEP][PASSED] - password = testData.getValue("password", 2): null

24-04-2025T13:08:44 - [TEST_STEP][PASSED] - confirmPassword = testData.getValue("confirm password", 2): null

24-04-2025T13:08:44 - [TEST_STEP][PASSED] - startApplication(appUrl, true): Started application: '/Users/gv.vignesh/Downloads/WGR-Android-Automation/App Folder/app-debug-Version 2.99.68.apk'

24-04-2025T13:08:44 - [MESSAGE][INFO] - Starting application: '/Users/gv.vignesh/Downloads/WGR-Android-Automation/App Folder/app-debug-Version 2.99.68.apk'

24-04-2025T13:08:44 - [MESSAGE][INFO] - User set preference: ['uiautomator2ServerInstallTimeout', '0']

24-04-2025T13:08:44 - [MESSAGE][INFO] - User set preference: ['deviceId', '']

24-04-2025T13:08:44 - [MESSAGE][INFO] - Detected NodeJS location: "/opt/homebrew/Cellar/node/23.10.0_1/bin/node"

24-04-2025T13:08:44 - [MESSAGE][INFO] - PATH: /opt/homebrew/Cellar/node/23.10.0_1/bin:/opt/homebrew/bin:/usr/bin:/bin:/usr/sbin:/sbin:/Applications/Katalon Studio Enterprise.app/Contents/Eclipse/jre/Contents/Home/bin:/usr/local/bin/

24-04-2025T13:08:44 - [MESSAGE][INFO] - APPIUM_HOME: /Users/gv.vignesh/.appium

24-04-2025T13:08:44 - [MESSAGE][INFO] - appium outlog: /Users/gv.vignesh/Downloads/WGR-Android-Automation/Reports/20250424_125143/Android Regression/20250424_125143/appium.log

24-04-2025T13:08:44 - [MESSAGE][INFO] - appium errlog: /Users/gv.vignesh/Downloads/WGR-Android-Automation/Reports/20250424_125143/Android Regression/20250424_125143/appium_error.log

24-04-2025T13:08:45 - [MESSAGE][INFO] - Appium server started on port 55,409

24-04-2025T13:09:45 - [MESSAGE][PASSED] - Started application: '/Users/gv.vignesh/Downloads/WGR-Android-Automation/App Folder/app-debug-Version 2.99.68.apk'

24-04-2025T13:09:45 - [TEST_STEP][PASSED] - delay(10): Delayed 10 second(s)

24-04-2025T13:09:55 - [MESSAGE][PASSED] - Delayed 10 second(s)

24-04-2025T13:09:55 - [TEST_STEP][PASSED] - tap(findTestObject("Object Repository/Repo/android.widget.Button - Login or Sign Up"), 0): Tapped on element 'Object Repository/Repo/android.widget.Button - Login or Sign Up'

24-04-2025T13:09:55 - [MESSAGE][WARNING] - Timeout '0' is invalid. Using default page load timeout: '30'

24-04-2025T13:09:56 - [MESSAGE][PASSED] - Tapped on element 'Object Repository/Repo/android.widget.Button - Login or Sign Up'

24-04-2025T13:09:56 - [TEST_STEP][PASSED] - delay(10): Delayed 10 second(s)

24-04-2025T13:10:06 - [MESSAGE][PASSED] - Delayed 10 second(s)

24-04-2025T13:10:06 - [TEST_STEP][PASSED] - setText(findTestObject("Object Repository/Repo/android.widget.EditText-LoginorSignUp"), email, 0): Text 'marshal@yopmail.com' has been set to element 'Object Repository/Repo/android.widget.EditText-LoginorSignUp'

24-04-2025T13:10:06 - [MESSAGE][WARNING] - Timeout '0' is invalid. Using default page load timeout: '30'

24-04-2025T13:10:07 - [MESSAGE][PASSED] - Text 'marshal@yopmail.com' has been set to element 'Object Repository/Repo/android.widget.EditText-LoginorSignUp'

24-04-2025T13:10:07 - [TEST_STEP][PASSED] - hideKeyboard(): Keyboard is hidden

24-04-2025T13:10:08 - [MESSAGE][PASSED] - Keyboard is hidden

24-04-2025T13:10:08 - [TEST_STEP][PASSED] - delay(10): Delayed 10 second(s)

24-04-2025T13:10:18 - [MESSAGE][PASSED] - Delayed 10 second(s)

24-04-2025T13:10:18 - [TEST_STEP][PASSED] - tap(findTestObject("Object Repository/Repo/android.widget.Button - Next"), 0): Tapped on element 'Object Repository/Repo/android.widget.Button - Next'

24-04-2025T13:10:18 - [MESSAGE][WARNING] - Timeout '0' is invalid. Using default page load timeout: '30'

24-04-2025T13:10:19 - [MESSAGE][PASSED] - Tapped on element 'Object Repository/Repo/android.widget.Button - Next'

24-04-2025T13:10:19 - [TEST_STEP][PASSED] - delay(10): Delayed 10 second(s)

24-04-2025T13:10:29 - [MESSAGE][PASSED] - Delayed 10 second(s)

24-04-2025T13:10:29 - [TEST_STEP][PASSED] - setText(findTestObject("Object Repository/Repo/android.widget.EditText-confirm email address"), email, 0): Text 'marshal@yopmail.com' has been set to element 'Object Repository/Repo/android.widget.EditText-confirm email address'

24-04-2025T13:10:29 - [MESSAGE][WARNING] - Timeout '0' is invalid. Using default page load timeout: '30'

24-04-2025T13:10:30 - [MESSAGE][PASSED] - Text 'marshal@yopmail.com' has been set to element 'Object Repository/Repo/android.widget.EditText-confirm email address'

24-04-2025T13:10:30 - [TEST_STEP][PASSED] - hideKeyboard(): Keyboard is hidden

24-04-2025T13:10:31 - [MESSAGE][PASSED] - Keyboard is hidden

24-04-2025T13:10:31 - [TEST_STEP][PASSED] - delay(10): Delayed 10 second(s)

24-04-2025T13:10:41 - [MESSAGE][PASSED] - Delayed 10 second(s)

24-04-2025T13:10:41 - [TEST_STEP][PASSED] - tap(findTestObject("Object Repository/Repo/android.widget.Button - Next (1)"), 0): Tapped on element 'Object Repository/Repo/android.widget.Button - Next (1)'

24-04-2025T13:10:41 - [MESSAGE][WARNING] - Timeout '0' is invalid. Using default page load timeout: '30'

24-04-2025T13:10:42 - [MESSAGE][PASSED] - Tapped on element 'Object Repository/Repo/android.widget.Button - Next (1)'

24-04-2025T13:10:42 - [TEST_STEP][PASSED] - delay(20): Delayed 20 second(s)

24-04-2025T13:11:02 - [MESSAGE][PASSED] - Delayed 20 second(s)

24-04-2025T13:11:02 - [TEST_STEP][PASSED] - setText(findTestObject("Object Repository/Repo/android.widget.EditText-FirstName"), firstName, 0): Text 'john' has been set to element 'Object Repository/Repo/android.widget.EditText-FirstName'

24-04-2025T13:11:02 - [MESSAGE][WARNING] - Timeout '0' is invalid. Using default page load timeout: '30'

24-04-2025T13:11:02 - [MESSAGE][PASSED] - Text 'john' has been set to element 'Object Repository/Repo/android.widget.EditText-FirstName'

24-04-2025T13:11:02 - [TEST_STEP][PASSED] - hideKeyboard(): Keyboard is hidden

24-04-2025T13:11:03 - [MESSAGE][PASSED] - Keyboard is hidden

24-04-2025T13:11:03 - [TEST_STEP][PASSED] - delay(10): Delayed 10 second(s)

24-04-2025T13:11:13 - [MESSAGE][PASSED] - Delayed 10 second(s)

24-04-2025T13:11:13 - [TEST_STEP][PASSED] - setText(findTestObject("Object Repository/Repo/android.widget.EditText-LastName"), lastName, 0): Text 'doe' has been set to element 'Object Repository/Repo/android.widget.EditText-LastName'

24-04-2025T13:11:13 - [MESSAGE][WARNING] - Timeout '0' is invalid. Using default page load timeout: '30'

24-04-2025T13:11:14 - [MESSAGE][PASSED] - Text 'doe' has been set to element 'Object Repository/Repo/android.widget.EditText-LastName'

24-04-2025T13:11:14 - [TEST_STEP][PASSED] - hideKeyboard(): Keyboard is hidden

24-04-2025T13:11:16 - [MESSAGE][PASSED] - Keyboard is hidden

24-04-2025T13:11:16 - [TEST_STEP][PASSED] - delay(10): Delayed 10 second(s)

24-04-2025T13:11:26 - [MESSAGE][PASSED] - Delayed 10 second(s)

24-04-2025T13:11:26 - [TEST_STEP][PASSED] - sendKeys(findTestObject("Object Repository/Repo/android.widget.EditText-Password"), password): Send keys 'password' on test object 'Object Repository/Repo/android.widget.EditText-Password' successfully.

24-04-2025T13:11:26 - [MESSAGE][PASSED] - Send keys 'password' on test object 'Object Repository/Repo/android.widget.EditText-Password' successfully.

24-04-2025T13:11:26 - [TEST_STEP][PASSED] - hideKeyboard(): Keyboard is hidden

24-04-2025T13:11:26 - [MESSAGE][PASSED] - Keyboard is hidden

24-04-2025T13:11:26 - [TEST_STEP][PASSED] - delay(10): Delayed 10 second(s)

24-04-2025T13:11:37 - [MESSAGE][PASSED] - Delayed 10 second(s)

24-04-2025T13:11:37 - [TEST_STEP][PASSED] - sendKeys(findTestObject("Object Repository/Repo/android.widget.EditText-Confirm Password"), confirmPassword): Send keys 'password' on test object 'Object Repository/Repo/android.widget.EditText-Confirm Password' successfully.

24-04-2025T13:11:37 - [MESSAGE][PASSED] - Send keys 'password' on test object 'Object Repository/Repo/android.widget.EditText-Confirm Password' successfully.

24-04-2025T13:11:37 - [TEST_STEP][PASSED] - hideKeyboard(): Keyboard is hidden

24-04-2025T13:11:38 - [MESSAGE][PASSED] - Keyboard is hidden

24-04-2025T13:11:38 - [TEST_STEP][PASSED] - delay(10): Delayed 10 second(s)

24-04-2025T13:11:48 - [MESSAGE][PASSED] - Delayed 10 second(s)

24-04-2025T13:11:48 - [TEST_STEP][PASSED] - tap(findTestObject("Object Repository/Repo/android.widget.Button - Next (2)"), 0): Tapped on element 'Object Repository/Repo/android.widget.Button - Next (2)'

24-04-2025T13:11:48 - [MESSAGE][WARNING] - Timeout '0' is invalid. Using default page load timeout: '30'

24-04-2025T13:11:48 - [MESSAGE][PASSED] - Tapped on element 'Object Repository/Repo/android.widget.Button - Next (2)'

24-04-2025T13:11:48 - [TEST_STEP][PASSED] - delay(10): Delayed 10 second(s)

24-04-2025T13:11:58 - [MESSAGE][PASSED] - Delayed 10 second(s)

24-04-2025T13:11:58 - [TEST_STEP][PASSED] - deviceHeight = getDeviceHeight(): Current device physical height is 2408

24-04-2025T13:11:58 - [MESSAGE][PASSED] - Current device physical height is 2408

24-04-2025T13:11:58 - [TEST_STEP][PASSED] - deviceWidth = getDeviceWidth(): Current device physical width is 1080

24-04-2025T13:11:59 - [MESSAGE][PASSED] - Current device physical width is 1080

24-04-2025T13:11:59 - [TEST_STEP][PASSED] - startX = deviceWidth / 2: null

24-04-2025T13:11:59 - [TEST_STEP][PASSED] - startY = deviceHeight * 3 / 4: null

24-04-2025T13:11:59 - [TEST_STEP][PASSED] - endX = startX: null

24-04-2025T13:11:59 - [TEST_STEP][PASSED] - endY = deviceHeight / 4: null

24-04-2025T13:11:59 - [TEST_STEP][PASSED] - for ([i = 0, i < 8, (i++)]): Delayed 1 second(s)

24-04-2025T13:11:59 - [TEST_STEP][PASSED] - swipe(startX, startY, endX, endY): Swiped from 540,1,806 to 540,602

24-04-2025T13:12:00 - [MESSAGE][PASSED] - Swiped from 540,1,806 to 540,602

24-04-2025T13:12:00 - [TEST_STEP][PASSED] - delay(1): Delayed 1 second(s)

24-04-2025T13:12:01 - [MESSAGE][PASSED] - Delayed 1 second(s)

24-04-2025T13:12:01 - [TEST_STEP][PASSED] - swipe(startX, startY, endX, endY): Swiped from 540,1,806 to 540,602

24-04-2025T13:12:02 - [MESSAGE][PASSED] - Swiped from 540,1,806 to 540,602

24-04-2025T13:12:02 - [TEST_STEP][PASSED] - delay(1): Delayed 1 second(s)

24-04-2025T13:12:03 - [MESSAGE][PASSED] - Delayed 1 second(s)

24-04-2025T13:12:03 - [TEST_STEP][PASSED] - swipe(startX, startY, endX, endY): Swiped from 540,1,806 to 540,602

24-04-2025T13:12:04 - [MESSAGE][PASSED] - Swiped from 540,1,806 to 540,602

24-04-2025T13:12:04 - [TEST_STEP][PASSED] - delay(1): Delayed 1 second(s)

24-04-2025T13:12:05 - [MESSAGE][PASSED] - Delayed 1 second(s)

24-04-2025T13:12:05 - [TEST_STEP][PASSED] - swipe(startX, startY, endX, endY): Swiped from 540,1,806 to 540,602

24-04-2025T13:12:06 - [MESSAGE][PASSED] - Swiped from 540,1,806 to 540,602

24-04-2025T13:12:06 - [TEST_STEP][PASSED] - delay(1): Delayed 1 second(s)

24-04-2025T13:12:07 - [MESSAGE][PASSED] - Delayed 1 second(s)

24-04-2025T13:12:07 - [TEST_STEP][PASSED] - swipe(startX, startY, endX, endY): Swiped from 540,1,806 to 540,602

24-04-2025T13:12:09 - [MESSAGE][PASSED] - Swiped from 540,1,806 to 540,602

24-04-2025T13:12:09 - [TEST_STEP][PASSED] - delay(1): Delayed 1 second(s)

24-04-2025T13:12:10 - [MESSAGE][PASSED] - Delayed 1 second(s)

24-04-2025T13:12:10 - [TEST_STEP][PASSED] - swipe(startX, startY, endX, endY): Swiped from 540,1,806 to 540,602

24-04-2025T13:12:11 - [MESSAGE][PASSED] - Swiped from 540,1,806 to 540,602

24-04-2025T13:12:11 - [TEST_STEP][PASSED] - delay(1): Delayed 1 second(s)

24-04-2025T13:12:12 - [MESSAGE][PASSED] - Delayed 1 second(s)

24-04-2025T13:12:12 - [TEST_STEP][PASSED] - swipe(startX, startY, endX, endY): Swiped from 540,1,806 to 540,602

24-04-2025T13:12:13 - [MESSAGE][PASSED] - Swiped from 540,1,806 to 540,602

24-04-2025T13:12:13 - [TEST_STEP][PASSED] - delay(1): Delayed 1 second(s)

24-04-2025T13:12:14 - [MESSAGE][PASSED] - Delayed 1 second(s)

24-04-2025T13:12:14 - [TEST_STEP][PASSED] - swipe(startX, startY, endX, endY): Swiped from 540,1,806 to 540,602

24-04-2025T13:12:15 - [MESSAGE][PASSED] - Swiped from 540,1,806 to 540,602

24-04-2025T13:12:15 - [TEST_STEP][PASSED] - delay(1): Delayed 1 second(s)

24-04-2025T13:12:16 - [MESSAGE][PASSED] - Delayed 1 second(s)

24-04-2025T13:12:16 - [TEST_STEP][PASSED] - try: Scrolling to text 'etc)' successfully

24-04-2025T13:12:16 - [TEST_STEP][PASSED] - scrollToText("etc)"): Scrolling to text 'etc)' successfully

24-04-2025T13:12:17 - [MESSAGE][PASSED] - Scrolling to text 'etc)' successfully

24-04-2025T13:12:17 - [TEST_STEP][PASSED] - delay(5): Delayed 5 second(s)

24-04-2025T13:12:22 - [MESSAGE][PASSED] - Delayed 5 second(s)

24-04-2025T13:12:22 - [TEST_STEP][PASSED] - tap(findTestObject("Object Repository/Repo/android.widget.Button - Agree to Terms  Conditions"), 0): Tapped on element 'Object Repository/Repo/android.widget.Button - Agree to Terms  Conditions'

24-04-2025T13:12:22 - [MESSAGE][WARNING] - Timeout '0' is invalid. Using default page load timeout: '30'

24-04-2025T13:12:22 - [MESSAGE][PASSED] - Tapped on element 'Object Repository/Repo/android.widget.Button - Agree to Terms  Conditions'

24-04-2025T13:12:22 - [TEST_STEP][PASSED] - delay(30): Delayed 30 second(s)

24-04-2025T13:12:52 - [MESSAGE][PASSED] - Delayed 30 second(s)

24-04-2025T13:12:52 - [TEST_STEP][PASSED] - setText(findTestObject("Object Repository/Repo/android.widget.EditText-OAM(Login)"), email, 0): Text 'marshal@yopmail.com' has been set to element 'Object Repository/Repo/android.widget.EditText-OAM(Login)'

24-04-2025T13:12:52 - [MESSAGE][WARNING] - Timeout '0' is invalid. Using default page load timeout: '30'

24-04-2025T13:12:54 - [MESSAGE][PASSED] - Text 'marshal@yopmail.com' has been set to element 'Object Repository/Repo/android.widget.EditText-OAM(Login)'

24-04-2025T13:12:54 - [TEST_STEP][PASSED] - hideKeyboard(): Keyboard is hidden

24-04-2025T13:12:56 - [MESSAGE][PASSED] - Keyboard is hidden

24-04-2025T13:12:56 - [TEST_STEP][PASSED] - delay(10): Delayed 10 second(s)

24-04-2025T13:13:06 - [MESSAGE][PASSED] - Delayed 10 second(s)

24-04-2025T13:13:06 - [TEST_STEP][PASSED] - setText(findTestObject("Object Repository/Repo/android.widget.EditText-OAM(Password)"), password, 0): Text 'password' has been set to element 'Object Repository/Repo/android.widget.EditText-OAM(Password)'

24-04-2025T13:13:06 - [MESSAGE][WARNING] - Timeout '0' is invalid. Using default page load timeout: '30'

24-04-2025T13:13:06 - [MESSAGE][PASSED] - Text 'password' has been set to element 'Object Repository/Repo/android.widget.EditText-OAM(Password)'

24-04-2025T13:13:06 - [TEST_STEP][PASSED] - hideKeyboard(): Keyboard is hidden

24-04-2025T13:13:07 - [MESSAGE][PASSED] - Keyboard is hidden

24-04-2025T13:13:07 - [TEST_STEP][PASSED] - delay(10): Delayed 10 second(s)

24-04-2025T13:13:17 - [MESSAGE][PASSED] - Delayed 10 second(s)

24-04-2025T13:13:17 - [TEST_STEP][PASSED] - tap(findTestObject("Object Repository/Repo/android.widget.Button - LOGIN"), 0): Tapped on element 'Object Repository/Repo/android.widget.Button - LOGIN'

24-04-2025T13:13:17 - [MESSAGE][WARNING] - Timeout '0' is invalid. Using default page load timeout: '30'

24-04-2025T13:13:18 - [MESSAGE][PASSED] - Tapped on element 'Object Repository/Repo/android.widget.Button - LOGIN'

24-04-2025T13:13:18 - [TEST_STEP][PASSED] - delay(20): Delayed 20 second(s)

24-04-2025T13:13:38 - [MESSAGE][PASSED] - Delayed 20 second(s)

24-04-2025T13:13:38 - [TEST_STEP][PASSED] - verifyElementExist(findTestObject("Object Repository/Repo/android.widget.TextView - Resend Confirmation Email"), 0): Element 'Object Repository/Repo/android.widget.TextView - Resend Confirmation Email' is exist

24-04-2025T13:13:38 - [MESSAGE][WARNING] - Timeout '0' is invalid. Using default page load timeout: '30'

24-04-2025T13:13:38 - [MESSAGE][PASSED] - Element 'Object Repository/Repo/android.widget.TextView - Resend Confirmation Email' is exist

24-04-2025T13:13:38 - [TEST_STEP][PASSED] - elementText = TextView - Resend Confirmation Email"), 0).trim(): Text of element 'Object Repository/Repo/android.widget.TextView - Resend Confirmation Email' is: 'Resend Confirmation Email'

24-04-2025T13:13:38 - [MESSAGE][WARNING] - Timeout '0' is invalid. Using default page load timeout: '30'

24-04-2025T13:13:38 - [MESSAGE][PASSED] - Text of element 'Object Repository/Repo/android.widget.TextView - Resend Confirmation Email' is: 'Resend Confirmation Email'

24-04-2025T13:13:38 - [TEST_STEP][PASSED] - println("Text of the element: " + elementText): null

24-04-2025T13:13:38 - [TEST_STEP][PASSED] - expectedText = "Resend Confirmation Email".trim(): null

24-04-2025T13:13:38 - [TEST_STEP][PASSED] - assert elementText.equals(expectedText): null

24-04-2025T13:13:38 - [TEST_STEP][PASSED] - delay(10): Delayed 10 second(s)

24-04-2025T13:13:48 - [MESSAGE][PASSED] - Delayed 10 second(s)

24-04-2025T13:13:48 - [TEST_STEP][PASSED] - tap(findTestObject("Object Repository/Repo/android.widget.TextView - Resend Confirmation Email"), 0): Tapped on element 'Object Repository/Repo/android.widget.TextView - Resend Confirmation Email'

24-04-2025T13:13:48 - [MESSAGE][WARNING] - Timeout '0' is invalid. Using default page load timeout: '30'

24-04-2025T13:13:48 - [MESSAGE][PASSED] - Tapped on element 'Object Repository/Repo/android.widget.TextView - Resend Confirmation Email'

24-04-2025T13:13:48 - [TEST_STEP][PASSED] - verifyElementExist(findTestObject("Object Repository/Repo/android.widget.Button - Next (3)"), 0): Element 'Object Repository/Repo/android.widget.Button - Next (3)' is exist

24-04-2025T13:13:48 - [MESSAGE][WARNING] - Timeout '0' is invalid. Using default page load timeout: '30'

24-04-2025T13:13:49 - [MESSAGE][PASSED] - Element 'Object Repository/Repo/android.widget.Button - Next (3)' is exist

24-04-2025T13:13:49 - [TEST_STEP][PASSED] - delay(5): Delayed 5 second(s)

24-04-2025T13:13:54 - [MESSAGE][PASSED] - Delayed 5 second(s)

24-04-2025T13:13:54 - [TEST_STEP][PASSED] - tap(findTestObject("Object Repository/Repo/android.widget.Button - Next (3)"), 0): Tapped on element 'Object Repository/Repo/android.widget.Button - Next (3)'

24-04-2025T13:13:54 - [MESSAGE][WARNING] - Timeout '0' is invalid. Using default page load timeout: '30'

24-04-2025T13:13:54 - [MESSAGE][PASSED] - Tapped on element 'Object Repository/Repo/android.widget.Button - Next (3)'

24-04-2025T13:13:54 - [TEST_STEP][PASSED] - delay(5): Delayed 5 second(s)

24-04-2025T13:13:59 - [MESSAGE][PASSED] - Delayed 5 second(s)

24-04-2025T13:13:59 - [TEST_STEP][PASSED] - println("All text assertions passed successfully!"): null

24-04-2025T13:13:59 - [TEST_STEP][PASSED] - closeApplication(): Close app successfully

24-04-2025T13:14:04 - [MESSAGE][PASSED] - Close app successfully

24-04-2025T13:14:04 - [TEST_STEP][PASSED] - closeBrowser(): Browser is closed

24-04-2025T13:14:04 - [MESSAGE][PASSED] - Browser is closed]]></system-out>
         <system-err><![CDATA[]]></system-err>
      </testcase>
      <testcase name="Test Cases/Sign Up New UserPage/C699_C690_C691_C692_SignUpNewUserPage_ThankYouPageIsClickable_AgreeAndDoNotAgreeTermsAndConditions" time="316.653" classname="Test Cases/Sign Up New UserPage/C699_C690_C691_C692_SignUpNewUserPage_ThankYouPageIsClickable_AgreeAndDoNotAgreeTermsAndConditions" status="PASSED">
         <system-out><![CDATA[24-04-2025T13:14:04 - [TEST_CASE][PASSED] - Test Cases/Sign Up New UserPage/C699_C690_C691_C692_SignUpNewUserPage_ThankYouPageIsClickable_AgreeAndDoNotAgreeTermsAndConditions: Test Cases/Sign Up New UserPage/C699_C690_C691_C692_SignUpNewUserPage_ThankYouPageIsClickable_AgreeAndDoNotAgreeTermsAndConditions

24-04-2025T13:14:04 - [TEST_STEP][PASSED] - testData = findTestData("Data Files/LogiNewUser"): null

24-04-2025T13:14:04 - [TEST_STEP][PASSED] - email = testData.getValue("email", 3): null

24-04-2025T13:14:04 - [TEST_STEP][PASSED] - firstName = testData.getValue("firstname", 3): null

24-04-2025T13:14:04 - [TEST_STEP][PASSED] - lastName = testData.getValue("lastname", 3): null

24-04-2025T13:14:04 - [TEST_STEP][PASSED] - password = testData.getValue("password", 3): null

24-04-2025T13:14:04 - [TEST_STEP][PASSED] - confirmPassword = testData.getValue("confirm password", 3): null

24-04-2025T13:14:04 - [TEST_STEP][PASSED] - startApplication(appUrl, true): Started application: '/Users/gv.vignesh/Downloads/WGR-Android-Automation/App Folder/app-debug-Version 2.99.68.apk'

24-04-2025T13:14:04 - [MESSAGE][INFO] - Starting application: '/Users/gv.vignesh/Downloads/WGR-Android-Automation/App Folder/app-debug-Version 2.99.68.apk'

24-04-2025T13:14:04 - [MESSAGE][INFO] - User set preference: ['uiautomator2ServerInstallTimeout', '0']

24-04-2025T13:14:04 - [MESSAGE][INFO] - User set preference: ['deviceId', '']

24-04-2025T13:14:04 - [MESSAGE][INFO] - Detected NodeJS location: "/opt/homebrew/Cellar/node/23.10.0_1/bin/node"

24-04-2025T13:14:04 - [MESSAGE][INFO] - PATH: /opt/homebrew/Cellar/node/23.10.0_1/bin:/opt/homebrew/bin:/usr/bin:/bin:/usr/sbin:/sbin:/Applications/Katalon Studio Enterprise.app/Contents/Eclipse/jre/Contents/Home/bin:/usr/local/bin/

24-04-2025T13:14:04 - [MESSAGE][INFO] - APPIUM_HOME: /Users/gv.vignesh/.appium

24-04-2025T13:14:04 - [MESSAGE][INFO] - appium outlog: /Users/gv.vignesh/Downloads/WGR-Android-Automation/Reports/20250424_125143/Android Regression/20250424_125143/appium.log

24-04-2025T13:14:04 - [MESSAGE][INFO] - appium errlog: /Users/gv.vignesh/Downloads/WGR-Android-Automation/Reports/20250424_125143/Android Regression/20250424_125143/appium_error.log

24-04-2025T13:14:05 - [MESSAGE][INFO] - Appium server started on port 56,062

24-04-2025T13:14:31 - [MESSAGE][PASSED] - Started application: '/Users/gv.vignesh/Downloads/WGR-Android-Automation/App Folder/app-debug-Version 2.99.68.apk'

24-04-2025T13:14:31 - [TEST_STEP][PASSED] - delay(10): Delayed 10 second(s)

24-04-2025T13:14:41 - [MESSAGE][PASSED] - Delayed 10 second(s)

24-04-2025T13:14:41 - [TEST_STEP][PASSED] - tap(findTestObject("Object Repository/Repo/android.widget.Button - Login or Sign Up"), 0): Tapped on element 'Object Repository/Repo/android.widget.Button - Login or Sign Up'

24-04-2025T13:14:41 - [MESSAGE][WARNING] - Timeout '0' is invalid. Using default page load timeout: '30'

24-04-2025T13:14:41 - [MESSAGE][PASSED] - Tapped on element 'Object Repository/Repo/android.widget.Button - Login or Sign Up'

24-04-2025T13:14:42 - [TEST_STEP][PASSED] - delay(10): Delayed 10 second(s)

24-04-2025T13:14:52 - [MESSAGE][PASSED] - Delayed 10 second(s)

24-04-2025T13:14:52 - [TEST_STEP][PASSED] - setText(findTestObject("Object Repository/Repo/android.widget.EditText-LoginorSignUp"), email, 0): Text 'martin@yopmail.com' has been set to element 'Object Repository/Repo/android.widget.EditText-LoginorSignUp'

24-04-2025T13:14:52 - [MESSAGE][WARNING] - Timeout '0' is invalid. Using default page load timeout: '30'

24-04-2025T13:14:52 - [MESSAGE][PASSED] - Text 'martin@yopmail.com' has been set to element 'Object Repository/Repo/android.widget.EditText-LoginorSignUp'

24-04-2025T13:14:52 - [TEST_STEP][PASSED] - hideKeyboard(): Keyboard is hidden

24-04-2025T13:14:53 - [MESSAGE][PASSED] - Keyboard is hidden

24-04-2025T13:14:53 - [TEST_STEP][PASSED] - delay(10): Delayed 10 second(s)

24-04-2025T13:15:03 - [MESSAGE][PASSED] - Delayed 10 second(s)

24-04-2025T13:15:03 - [TEST_STEP][PASSED] - tap(findTestObject("Object Repository/Repo/android.widget.Button - Next"), 0): Tapped on element 'Object Repository/Repo/android.widget.Button - Next'

24-04-2025T13:15:03 - [MESSAGE][WARNING] - Timeout '0' is invalid. Using default page load timeout: '30'

24-04-2025T13:15:04 - [MESSAGE][PASSED] - Tapped on element 'Object Repository/Repo/android.widget.Button - Next'

24-04-2025T13:15:04 - [TEST_STEP][PASSED] - delay(10): Delayed 10 second(s)

24-04-2025T13:15:14 - [MESSAGE][PASSED] - Delayed 10 second(s)

24-04-2025T13:15:14 - [TEST_STEP][PASSED] - setText(findTestObject("Object Repository/Repo/android.widget.EditText-confirm email address"), email, 0): Text 'martin@yopmail.com' has been set to element 'Object Repository/Repo/android.widget.EditText-confirm email address'

24-04-2025T13:15:14 - [MESSAGE][WARNING] - Timeout '0' is invalid. Using default page load timeout: '30'

24-04-2025T13:15:15 - [MESSAGE][PASSED] - Text 'martin@yopmail.com' has been set to element 'Object Repository/Repo/android.widget.EditText-confirm email address'

24-04-2025T13:15:15 - [TEST_STEP][PASSED] - hideKeyboard(): Keyboard is hidden

24-04-2025T13:15:16 - [MESSAGE][PASSED] - Keyboard is hidden

24-04-2025T13:15:16 - [TEST_STEP][PASSED] - delay(10): Delayed 10 second(s)

24-04-2025T13:15:26 - [MESSAGE][PASSED] - Delayed 10 second(s)

24-04-2025T13:15:26 - [TEST_STEP][PASSED] - tap(findTestObject("Object Repository/Repo/android.widget.Button - Next (1)"), 0): Tapped on element 'Object Repository/Repo/android.widget.Button - Next (1)'

24-04-2025T13:15:26 - [MESSAGE][WARNING] - Timeout '0' is invalid. Using default page load timeout: '30'

24-04-2025T13:15:27 - [MESSAGE][PASSED] - Tapped on element 'Object Repository/Repo/android.widget.Button - Next (1)'

24-04-2025T13:15:27 - [TEST_STEP][PASSED] - delay(10): Delayed 10 second(s)

24-04-2025T13:15:37 - [MESSAGE][PASSED] - Delayed 10 second(s)

24-04-2025T13:15:37 - [TEST_STEP][PASSED] - setText(findTestObject("Object Repository/Repo/android.widget.EditText-FirstName"), firstName, 0): Text 'cameron' has been set to element 'Object Repository/Repo/android.widget.EditText-FirstName'

24-04-2025T13:15:37 - [MESSAGE][WARNING] - Timeout '0' is invalid. Using default page load timeout: '30'

24-04-2025T13:15:37 - [MESSAGE][PASSED] - Text 'cameron' has been set to element 'Object Repository/Repo/android.widget.EditText-FirstName'

24-04-2025T13:15:37 - [TEST_STEP][PASSED] - hideKeyboard(): Keyboard is hidden

24-04-2025T13:15:38 - [MESSAGE][PASSED] - Keyboard is hidden

24-04-2025T13:15:38 - [TEST_STEP][PASSED] - delay(10): Delayed 10 second(s)

24-04-2025T13:15:48 - [MESSAGE][PASSED] - Delayed 10 second(s)

24-04-2025T13:15:48 - [TEST_STEP][PASSED] - setText(findTestObject("Object Repository/Repo/android.widget.EditText-LastName"), lastName, 0): Text 'green' has been set to element 'Object Repository/Repo/android.widget.EditText-LastName'

24-04-2025T13:15:48 - [MESSAGE][WARNING] - Timeout '0' is invalid. Using default page load timeout: '30'

24-04-2025T13:15:49 - [MESSAGE][PASSED] - Text 'green' has been set to element 'Object Repository/Repo/android.widget.EditText-LastName'

24-04-2025T13:15:49 - [TEST_STEP][PASSED] - hideKeyboard(): Keyboard is hidden

24-04-2025T13:15:50 - [MESSAGE][PASSED] - Keyboard is hidden

24-04-2025T13:15:50 - [TEST_STEP][PASSED] - delay(10): Delayed 10 second(s)

24-04-2025T13:16:00 - [MESSAGE][PASSED] - Delayed 10 second(s)

24-04-2025T13:16:00 - [TEST_STEP][PASSED] - sendKeys(findTestObject("Object Repository/Repo/android.widget.EditText-Password"), password): Send keys 'password' on test object 'Object Repository/Repo/android.widget.EditText-Password' successfully.

24-04-2025T13:16:00 - [MESSAGE][PASSED] - Send keys 'password' on test object 'Object Repository/Repo/android.widget.EditText-Password' successfully.

24-04-2025T13:16:00 - [TEST_STEP][PASSED] - delay(10): Delayed 10 second(s)

24-04-2025T13:16:10 - [MESSAGE][PASSED] - Delayed 10 second(s)

24-04-2025T13:16:10 - [TEST_STEP][PASSED] - sendKeys(findTestObject("Object Repository/Repo/android.widget.EditText-Confirm Password"), confirmPassword): Send keys 'password' on test object 'Object Repository/Repo/android.widget.EditText-Confirm Password' successfully.

24-04-2025T13:16:10 - [MESSAGE][PASSED] - Send keys 'password' on test object 'Object Repository/Repo/android.widget.EditText-Confirm Password' successfully.

24-04-2025T13:16:10 - [TEST_STEP][PASSED] - delay(10): Delayed 10 second(s)

24-04-2025T13:16:20 - [MESSAGE][PASSED] - Delayed 10 second(s)

24-04-2025T13:16:20 - [TEST_STEP][PASSED] - tap(findTestObject("Object Repository/Repo/android.widget.Button - Next (2)"), 0): Tapped on element 'Object Repository/Repo/android.widget.Button - Next (2)'

24-04-2025T13:16:20 - [MESSAGE][WARNING] - Timeout '0' is invalid. Using default page load timeout: '30'

24-04-2025T13:16:21 - [MESSAGE][PASSED] - Tapped on element 'Object Repository/Repo/android.widget.Button - Next (2)'

24-04-2025T13:16:21 - [TEST_STEP][PASSED] - delay(10): Delayed 10 second(s)

24-04-2025T13:16:31 - [MESSAGE][PASSED] - Delayed 10 second(s)

24-04-2025T13:16:31 - [TEST_STEP][PASSED] - deviceHeight = getDeviceHeight(): Current device physical height is 2408

24-04-2025T13:16:31 - [MESSAGE][PASSED] - Current device physical height is 2408

24-04-2025T13:16:31 - [TEST_STEP][PASSED] - deviceWidth = getDeviceWidth(): Current device physical width is 1080

24-04-2025T13:16:32 - [MESSAGE][PASSED] - Current device physical width is 1080

24-04-2025T13:16:32 - [TEST_STEP][PASSED] - startX = deviceWidth / 2: null

24-04-2025T13:16:32 - [TEST_STEP][PASSED] - startY = deviceHeight * 3 / 4: null

24-04-2025T13:16:32 - [TEST_STEP][PASSED] - endX = startX: null

24-04-2025T13:16:32 - [TEST_STEP][PASSED] - endY = deviceHeight / 4: null

24-04-2025T13:16:32 - [TEST_STEP][PASSED] - for ([i = 0, i < 8, (i++)]): Delayed 1 second(s)

24-04-2025T13:16:32 - [TEST_STEP][PASSED] - swipe(startX, startY, endX, endY): Swiped from 540,1,806 to 540,602

24-04-2025T13:16:33 - [MESSAGE][PASSED] - Swiped from 540,1,806 to 540,602

24-04-2025T13:16:33 - [TEST_STEP][PASSED] - delay(1): Delayed 1 second(s)

24-04-2025T13:16:34 - [MESSAGE][PASSED] - Delayed 1 second(s)

24-04-2025T13:16:34 - [TEST_STEP][PASSED] - swipe(startX, startY, endX, endY): Swiped from 540,1,806 to 540,602

24-04-2025T13:16:35 - [MESSAGE][PASSED] - Swiped from 540,1,806 to 540,602

24-04-2025T13:16:35 - [TEST_STEP][PASSED] - delay(1): Delayed 1 second(s)

24-04-2025T13:16:36 - [MESSAGE][PASSED] - Delayed 1 second(s)

24-04-2025T13:16:36 - [TEST_STEP][PASSED] - swipe(startX, startY, endX, endY): Swiped from 540,1,806 to 540,602

24-04-2025T13:16:37 - [MESSAGE][PASSED] - Swiped from 540,1,806 to 540,602

24-04-2025T13:16:37 - [TEST_STEP][PASSED] - delay(1): Delayed 1 second(s)

24-04-2025T13:16:38 - [MESSAGE][PASSED] - Delayed 1 second(s)

24-04-2025T13:16:38 - [TEST_STEP][PASSED] - swipe(startX, startY, endX, endY): Swiped from 540,1,806 to 540,602

24-04-2025T13:16:39 - [MESSAGE][PASSED] - Swiped from 540,1,806 to 540,602

24-04-2025T13:16:39 - [TEST_STEP][PASSED] - delay(1): Delayed 1 second(s)

24-04-2025T13:16:40 - [MESSAGE][PASSED] - Delayed 1 second(s)

24-04-2025T13:16:40 - [TEST_STEP][PASSED] - swipe(startX, startY, endX, endY): Swiped from 540,1,806 to 540,602

24-04-2025T13:16:42 - [MESSAGE][PASSED] - Swiped from 540,1,806 to 540,602

24-04-2025T13:16:42 - [TEST_STEP][PASSED] - delay(1): Delayed 1 second(s)

24-04-2025T13:16:43 - [MESSAGE][PASSED] - Delayed 1 second(s)

24-04-2025T13:16:43 - [TEST_STEP][PASSED] - swipe(startX, startY, endX, endY): Swiped from 540,1,806 to 540,602

24-04-2025T13:16:44 - [MESSAGE][PASSED] - Swiped from 540,1,806 to 540,602

24-04-2025T13:16:44 - [TEST_STEP][PASSED] - delay(1): Delayed 1 second(s)

24-04-2025T13:16:45 - [MESSAGE][PASSED] - Delayed 1 second(s)

24-04-2025T13:16:45 - [TEST_STEP][PASSED] - swipe(startX, startY, endX, endY): Swiped from 540,1,806 to 540,602

24-04-2025T13:16:46 - [MESSAGE][PASSED] - Swiped from 540,1,806 to 540,602

24-04-2025T13:16:46 - [TEST_STEP][PASSED] - delay(1): Delayed 1 second(s)

24-04-2025T13:16:47 - [MESSAGE][PASSED] - Delayed 1 second(s)

24-04-2025T13:16:47 - [TEST_STEP][PASSED] - swipe(startX, startY, endX, endY): Swiped from 540,1,806 to 540,602

24-04-2025T13:16:48 - [MESSAGE][PASSED] - Swiped from 540,1,806 to 540,602

24-04-2025T13:16:48 - [TEST_STEP][PASSED] - delay(1): Delayed 1 second(s)

24-04-2025T13:16:49 - [MESSAGE][PASSED] - Delayed 1 second(s)

24-04-2025T13:16:49 - [TEST_STEP][PASSED] - try: Scrolling to text 'etc)' successfully

24-04-2025T13:16:49 - [TEST_STEP][PASSED] - scrollToText("etc)"): Scrolling to text 'etc)' successfully

24-04-2025T13:16:50 - [MESSAGE][PASSED] - Scrolling to text 'etc)' successfully

24-04-2025T13:16:50 - [TEST_STEP][PASSED] - delay(5): Delayed 5 second(s)

24-04-2025T13:16:55 - [MESSAGE][PASSED] - Delayed 5 second(s)

24-04-2025T13:16:55 - [TEST_STEP][PASSED] - tap(findTestObject("Object Repository/Repo/android.widget.Button - Agree to Terms  Conditions"), 0): Tapped on element 'Object Repository/Repo/android.widget.Button - Agree to Terms  Conditions'

24-04-2025T13:16:55 - [MESSAGE][WARNING] - Timeout '0' is invalid. Using default page load timeout: '30'

24-04-2025T13:16:56 - [MESSAGE][PASSED] - Tapped on element 'Object Repository/Repo/android.widget.Button - Agree to Terms  Conditions'

24-04-2025T13:16:56 - [TEST_STEP][PASSED] - delay(45): Delayed 45 second(s)

24-04-2025T13:17:41 - [MESSAGE][PASSED] - Delayed 45 second(s)

24-04-2025T13:17:41 - [TEST_STEP][PASSED] - setText(findTestObject("Object Repository/Repo/android.widget.EditText-OAM(Login)"), email, 0): Text 'martin@yopmail.com' has been set to element 'Object Repository/Repo/android.widget.EditText-OAM(Login)'

24-04-2025T13:17:41 - [MESSAGE][WARNING] - Timeout '0' is invalid. Using default page load timeout: '30'

24-04-2025T13:17:42 - [MESSAGE][PASSED] - Text 'martin@yopmail.com' has been set to element 'Object Repository/Repo/android.widget.EditText-OAM(Login)'

24-04-2025T13:17:42 - [TEST_STEP][PASSED] - hideKeyboard(): Keyboard is hidden

24-04-2025T13:17:43 - [MESSAGE][PASSED] - Keyboard is hidden

24-04-2025T13:17:43 - [TEST_STEP][PASSED] - delay(10): Delayed 10 second(s)

24-04-2025T13:17:53 - [MESSAGE][PASSED] - Delayed 10 second(s)

24-04-2025T13:17:53 - [TEST_STEP][PASSED] - setText(findTestObject("Object Repository/Repo/android.widget.EditText-OAM(Password)"), password, 0): Text 'password' has been set to element 'Object Repository/Repo/android.widget.EditText-OAM(Password)'

24-04-2025T13:17:53 - [MESSAGE][WARNING] - Timeout '0' is invalid. Using default page load timeout: '30'

24-04-2025T13:17:54 - [MESSAGE][PASSED] - Text 'password' has been set to element 'Object Repository/Repo/android.widget.EditText-OAM(Password)'

24-04-2025T13:17:54 - [TEST_STEP][PASSED] - hideKeyboard(): Keyboard is hidden

24-04-2025T13:17:55 - [MESSAGE][PASSED] - Keyboard is hidden

24-04-2025T13:17:55 - [TEST_STEP][PASSED] - delay(10): Delayed 10 second(s)

24-04-2025T13:18:05 - [MESSAGE][PASSED] - Delayed 10 second(s)

24-04-2025T13:18:05 - [TEST_STEP][PASSED] - tap(findTestObject("Object Repository/Repo/android.widget.Button -OAM(Login)"), 0): Tapped on element 'Object Repository/Repo/android.widget.Button -OAM(Login)'

24-04-2025T13:18:05 - [MESSAGE][WARNING] - Timeout '0' is invalid. Using default page load timeout: '30'

24-04-2025T13:18:05 - [MESSAGE][PASSED] - Tapped on element 'Object Repository/Repo/android.widget.Button -OAM(Login)'

24-04-2025T13:18:05 - [TEST_STEP][PASSED] - delay(20): Delayed 20 second(s)

24-04-2025T13:18:25 - [MESSAGE][PASSED] - Delayed 20 second(s)

24-04-2025T13:18:25 - [TEST_STEP][PASSED] - tap(findTestObject("Object Repository/Repo/android.widget.Button - Next-(VerifyAccount)"), 0): Tapped on element 'Object Repository/Repo/android.widget.Button - Next-(VerifyAccount)'

24-04-2025T13:18:25 - [MESSAGE][WARNING] - Timeout '0' is invalid. Using default page load timeout: '30'

24-04-2025T13:18:25 - [MESSAGE][PASSED] - Tapped on element 'Object Repository/Repo/android.widget.Button - Next-(VerifyAccount)'

24-04-2025T13:18:25 - [TEST_STEP][PASSED] - delay(10): Delayed 10 second(s)

24-04-2025T13:18:35 - [MESSAGE][PASSED] - Delayed 10 second(s)

24-04-2025T13:18:35 - [TEST_STEP][PASSED] - verifyElementExist(findTestObject("Object Repository/Repo/android.widget.TextView - Youve chosen to skip the email verification process. While you can explore the app as a guest, please note that certain features and functionalities may be limited"), 0): Element 'Object Repository/Repo/android.widget.TextView - Youve chosen to skip the email verification process. While you can explore the app as a guest, please note that certain features and functionalities may be limited' is exist

24-04-2025T13:18:35 - [MESSAGE][WARNING] - Timeout '0' is invalid. Using default page load timeout: '30'

24-04-2025T13:18:36 - [MESSAGE][PASSED] - Element 'Object Repository/Repo/android.widget.TextView - Youve chosen to skip the email verification process. While you can explore the app as a guest, please note that certain features and functionalities may be limited' is exist

24-04-2025T13:18:36 - [TEST_STEP][PASSED] - delay(10): Delayed 10 second(s)

24-04-2025T13:18:46 - [MESSAGE][PASSED] - Delayed 10 second(s)

24-04-2025T13:18:46 - [TEST_STEP][PASSED] - verifyElementExist(findTestObject("Object Repository/Repo/android.widget.TextView - To fully access all features"), 0): Element 'Object Repository/Repo/android.widget.TextView - To fully access all features' is exist

24-04-2025T13:18:46 - [MESSAGE][WARNING] - Timeout '0' is invalid. Using default page load timeout: '30'

24-04-2025T13:18:46 - [MESSAGE][PASSED] - Element 'Object Repository/Repo/android.widget.TextView - To fully access all features' is exist

24-04-2025T13:18:46 - [TEST_STEP][PASSED] - delay(10): Delayed 10 second(s)

24-04-2025T13:18:56 - [MESSAGE][PASSED] - Delayed 10 second(s)

24-04-2025T13:18:56 - [TEST_STEP][PASSED] - actualText = getText(findTestObject("Object Repository/Repo/android.widget.TextView - Youve chosen to skip the email verification process. While you can explore the app as a guest, please note that certain features and functionalities may be limited"), 0): Text of element 'Object Repository/Repo/android.widget.TextView - Youve chosen to skip the email verification process. While you can explore the app as a guest, please note that certain features and functionalities may be limited' is: 'You've chosen to skip the email verification process. While you can explore the app as a guest, please note that certain features and functionalities may be limited.'

24-04-2025T13:18:56 - [MESSAGE][WARNING] - Timeout '0' is invalid. Using default page load timeout: '30'

24-04-2025T13:18:56 - [MESSAGE][PASSED] - Text of element 'Object Repository/Repo/android.widget.TextView - Youve chosen to skip the email verification process. While you can explore the app as a guest, please note that certain features and functionalities may be limited' is: 'You've chosen to skip the email verification process. While you can explore the app as a guest, please note that certain features and functionalities may be limited.'

24-04-2025T13:18:56 - [TEST_STEP][PASSED] - expectedText = "You've chosen to skip the email verification process. While you can explore the app as a guest, please note that certain features and functionalities may be limited.": null

24-04-2025T13:18:56 - [TEST_STEP][PASSED] - assert actualText == expectedText: null

24-04-2025T13:18:56 - [TEST_STEP][PASSED] - verifyElementExist(findTestObject("Object Repository/Repo/android.widget.Button - Next (2)"), 0): Element 'Object Repository/Repo/android.widget.Button - Next (2)' is exist

24-04-2025T13:18:56 - [MESSAGE][WARNING] - Timeout '0' is invalid. Using default page load timeout: '30'

24-04-2025T13:18:56 - [MESSAGE][PASSED] - Element 'Object Repository/Repo/android.widget.Button - Next (2)' is exist

24-04-2025T13:18:56 - [TEST_STEP][PASSED] - delay(10): Delayed 10 second(s)

24-04-2025T13:19:06 - [MESSAGE][PASSED] - Delayed 10 second(s)

24-04-2025T13:19:06 - [TEST_STEP][PASSED] - tap(findTestObject("Object Repository/Repo/android.widget.Button - Next (2)"), 0): Tapped on element 'Object Repository/Repo/android.widget.Button - Next (2)'

24-04-2025T13:19:06 - [MESSAGE][WARNING] - Timeout '0' is invalid. Using default page load timeout: '30'

24-04-2025T13:19:07 - [MESSAGE][PASSED] - Tapped on element 'Object Repository/Repo/android.widget.Button - Next (2)'

24-04-2025T13:19:07 - [TEST_STEP][PASSED] - delay(10): Delayed 10 second(s)

24-04-2025T13:19:17 - [MESSAGE][PASSED] - Delayed 10 second(s)

24-04-2025T13:19:17 - [TEST_STEP][PASSED] - closeApplication(): Close app successfully

24-04-2025T13:19:20 - [MESSAGE][PASSED] - Close app successfully

24-04-2025T13:19:20 - [TEST_STEP][PASSED] - closeBrowser(): Browser is closed

24-04-2025T13:19:20 - [MESSAGE][PASSED] - Browser is closed]]></system-out>
         <system-err><![CDATA[]]></system-err>
      </testcase>
      <testcase name="Test Cases/Login Owner OR Renter/C728_LoginOwnerOrRenter_EmailVerificationInSettings" time="94.68" classname="Test Cases/Login Owner OR Renter/C728_LoginOwnerOrRenter_EmailVerificationInSettings" status="PASSED">
         <system-out><![CDATA[24-04-2025T13:19:20 - [TEST_CASE][PASSED] - Test Cases/Login Owner OR Renter/C728_LoginOwnerOrRenter_EmailVerificationInSettings: Test Cases/Login Owner OR Renter/C728_LoginOwnerOrRenter_EmailVerificationInSettings

24-04-2025T13:19:20 - [TEST_STEP][PASSED] - startApplication(appUrl, true): Started application: '/Users/gv.vignesh/Downloads/WGR-Android-Automation/App Folder/app-debug-Version 2.99.68.apk'

24-04-2025T13:19:20 - [MESSAGE][INFO] - Starting application: '/Users/gv.vignesh/Downloads/WGR-Android-Automation/App Folder/app-debug-Version 2.99.68.apk'

24-04-2025T13:19:20 - [MESSAGE][INFO] - User set preference: ['uiautomator2ServerInstallTimeout', '0']

24-04-2025T13:19:20 - [MESSAGE][INFO] - User set preference: ['deviceId', '']

24-04-2025T13:19:20 - [MESSAGE][INFO] - Detected NodeJS location: "/opt/homebrew/Cellar/node/23.10.0_1/bin/node"

24-04-2025T13:19:20 - [MESSAGE][INFO] - PATH: /opt/homebrew/Cellar/node/23.10.0_1/bin:/opt/homebrew/bin:/usr/bin:/bin:/usr/sbin:/sbin:/Applications/Katalon Studio Enterprise.app/Contents/Eclipse/jre/Contents/Home/bin:/usr/local/bin/

24-04-2025T13:19:20 - [MESSAGE][INFO] - APPIUM_HOME: /Users/gv.vignesh/.appium

24-04-2025T13:19:20 - [MESSAGE][INFO] - appium outlog: /Users/gv.vignesh/Downloads/WGR-Android-Automation/Reports/20250424_125143/Android Regression/20250424_125143/appium.log

24-04-2025T13:19:20 - [MESSAGE][INFO] - appium errlog: /Users/gv.vignesh/Downloads/WGR-Android-Automation/Reports/20250424_125143/Android Regression/20250424_125143/appium_error.log

24-04-2025T13:19:22 - [MESSAGE][INFO] - Appium server started on port 56,696

24-04-2025T13:19:47 - [MESSAGE][PASSED] - Started application: '/Users/gv.vignesh/Downloads/WGR-Android-Automation/App Folder/app-debug-Version 2.99.68.apk'

24-04-2025T13:19:47 - [TEST_STEP][PASSED] - delay(15): Delayed 15 second(s)

24-04-2025T13:20:02 - [MESSAGE][PASSED] - Delayed 15 second(s)

24-04-2025T13:20:02 - [TEST_STEP][PASSED] - tap(findTestObject("Object Repository/Repo/android.widget.Button - Login or Sign Up"), 0): Tapped on element 'Object Repository/Repo/android.widget.Button - Login or Sign Up'

24-04-2025T13:20:02 - [MESSAGE][WARNING] - Timeout '0' is invalid. Using default page load timeout: '30'

24-04-2025T13:20:03 - [MESSAGE][PASSED] - Tapped on element 'Object Repository/Repo/android.widget.Button - Login or Sign Up'

24-04-2025T13:20:03 - [TEST_STEP][PASSED] - delay(10): Delayed 10 second(s)

24-04-2025T13:20:13 - [MESSAGE][PASSED] - Delayed 10 second(s)

24-04-2025T13:20:13 - [TEST_STEP][PASSED] - testData = findTestData("Data Files/C728 (1)"): null

24-04-2025T13:20:13 - [TEST_STEP][PASSED] - email = testData.getValue("Email", 1): null

24-04-2025T13:20:13 - [TEST_STEP][PASSED] - sendKeys(findTestObject("Object Repository/Repo/android.widget.EditText-LoginorSignUp"), email): Send keys 'RobinsonCrusoe@yopmail.com' on test object 'Object Repository/Repo/android.widget.EditText-LoginorSignUp' successfully.

24-04-2025T13:20:14 - [MESSAGE][PASSED] - Send keys 'RobinsonCrusoe@yopmail.com' on test object 'Object Repository/Repo/android.widget.EditText-LoginorSignUp' successfully.

24-04-2025T13:20:14 - [TEST_STEP][PASSED] - delay(10): Delayed 10 second(s)

24-04-2025T13:20:24 - [MESSAGE][PASSED] - Delayed 10 second(s)

24-04-2025T13:20:24 - [TEST_STEP][PASSED] - tap(findTestObject("Object Repository/Repo/android.widget.Button - Next"), 0): Tapped on element 'Object Repository/Repo/android.widget.Button - Next'

24-04-2025T13:20:24 - [MESSAGE][WARNING] - Timeout '0' is invalid. Using default page load timeout: '30'

24-04-2025T13:20:24 - [MESSAGE][PASSED] - Tapped on element 'Object Repository/Repo/android.widget.Button - Next'

24-04-2025T13:20:24 - [TEST_STEP][PASSED] - delay(10): Delayed 10 second(s)

24-04-2025T13:20:34 - [MESSAGE][PASSED] - Delayed 10 second(s)

24-04-2025T13:20:34 - [TEST_STEP][PASSED] - tap(findTestObject("Object Repository/Repo/android.widget.Button - reset"), 0): Tapped on element 'Object Repository/Repo/android.widget.Button - reset'

24-04-2025T13:20:34 - [MESSAGE][WARNING] - Timeout '0' is invalid. Using default page load timeout: '30'

24-04-2025T13:20:34 - [MESSAGE][PASSED] - Tapped on element 'Object Repository/Repo/android.widget.Button - reset'

24-04-2025T13:20:34 - [TEST_STEP][PASSED] - hideKeyboard(): Keyboard is hidden

24-04-2025T13:20:35 - [MESSAGE][PASSED] - Keyboard is hidden

24-04-2025T13:20:35 - [TEST_STEP][PASSED] - delay(10): Delayed 10 second(s)

24-04-2025T13:20:46 - [MESSAGE][PASSED] - Delayed 10 second(s)

24-04-2025T13:20:46 - [TEST_STEP][PASSED] - sendKeys(findTestObject("Object Repository/Repo/android.widget.EditText-NewUserEmail"), email): Send keys 'RobinsonCrusoe@yopmail.com' on test object 'Object Repository/Repo/android.widget.EditText-NewUserEmail' successfully.

24-04-2025T13:20:46 - [MESSAGE][PASSED] - Send keys 'RobinsonCrusoe@yopmail.com' on test object 'Object Repository/Repo/android.widget.EditText-NewUserEmail' successfully.

24-04-2025T13:20:46 - [TEST_STEP][PASSED] - enteredEmail = getText(findTestObject("Object Repository/Repo/android.widget.EditText-NewUserEmail"), 0): Text of element 'Object Repository/Repo/android.widget.EditText-NewUserEmail' is: 'RobinsonCrusoe@yopmail.com'

24-04-2025T13:20:46 - [MESSAGE][WARNING] - Timeout '0' is invalid. Using default page load timeout: '30'

24-04-2025T13:20:47 - [MESSAGE][PASSED] - Text of element 'Object Repository/Repo/android.widget.EditText-NewUserEmail' is: 'RobinsonCrusoe@yopmail.com'

24-04-2025T13:20:47 - [TEST_STEP][PASSED] - assert enteredEmail == email: null

24-04-2025T13:20:47 - [TEST_STEP][PASSED] - delay(5): Delayed 5 second(s)

24-04-2025T13:20:52 - [MESSAGE][PASSED] - Delayed 5 second(s)

24-04-2025T13:20:52 - [TEST_STEP][PASSED] - closeApplication(): Close app successfully

24-04-2025T13:20:55 - [MESSAGE][PASSED] - Close app successfully]]></system-out>
         <system-err><![CDATA[]]></system-err>
      </testcase>
      <testcase name="Test Cases/Login Owner OR Renter/C661-C720-C721_LoginOwnerOrRenter_Login_AppVersion_Settingsd" time="187.199" classname="Test Cases/Login Owner OR Renter/C661-C720-C721_LoginOwnerOrRenter_Login_AppVersion_Settingsd" status="PASSED">
         <system-out><![CDATA[24-04-2025T13:20:55 - [TEST_CASE][PASSED] - Test Cases/Login Owner OR Renter/C661-C720-C721_LoginOwnerOrRenter_Login_AppVersion_Settingsd: Test Cases/Login Owner OR Renter/C661-C720-C721_LoginOwnerOrRenter_Login_AppVersion_Settingsd

24-04-2025T13:20:55 - [TEST_STEP][PASSED] - testData = findTestData("Data Files/LogiNewUser"): null

24-04-2025T13:20:55 - [TEST_STEP][PASSED] - email = testData.getValue("email", 1): null

24-04-2025T13:20:55 - [TEST_STEP][PASSED] - password = testData.getValue("password", 1): null

24-04-2025T13:20:55 - [TEST_STEP][PASSED] - expectedVersion = testData.getValue("version", 1): null

24-04-2025T13:20:55 - [TEST_STEP][PASSED] - startApplication(appUrl, true): Started application: '/Users/gv.vignesh/Downloads/WGR-Android-Automation/App Folder/app-debug-Version 2.99.68.apk'

24-04-2025T13:20:55 - [MESSAGE][INFO] - Starting application: '/Users/gv.vignesh/Downloads/WGR-Android-Automation/App Folder/app-debug-Version 2.99.68.apk'

24-04-2025T13:20:55 - [MESSAGE][INFO] - User set preference: ['uiautomator2ServerInstallTimeout', '0']

24-04-2025T13:20:55 - [MESSAGE][INFO] - User set preference: ['deviceId', '']

24-04-2025T13:20:55 - [MESSAGE][INFO] - Detected NodeJS location: "/opt/homebrew/Cellar/node/23.10.0_1/bin/node"

24-04-2025T13:20:55 - [MESSAGE][INFO] - PATH: /opt/homebrew/Cellar/node/23.10.0_1/bin:/opt/homebrew/bin:/usr/bin:/bin:/usr/sbin:/sbin:/Applications/Katalon Studio Enterprise.app/Contents/Eclipse/jre/Contents/Home/bin:/usr/local/bin/

24-04-2025T13:20:55 - [MESSAGE][INFO] - APPIUM_HOME: /Users/gv.vignesh/.appium

24-04-2025T13:20:55 - [MESSAGE][INFO] - appium outlog: /Users/gv.vignesh/Downloads/WGR-Android-Automation/Reports/20250424_125143/Android Regression/20250424_125143/appium.log

24-04-2025T13:20:55 - [MESSAGE][INFO] - appium errlog: /Users/gv.vignesh/Downloads/WGR-Android-Automation/Reports/20250424_125143/Android Regression/20250424_125143/appium_error.log

24-04-2025T13:20:56 - [MESSAGE][INFO] - Appium server started on port 56,914

24-04-2025T13:21:22 - [MESSAGE][PASSED] - Started application: '/Users/gv.vignesh/Downloads/WGR-Android-Automation/App Folder/app-debug-Version 2.99.68.apk'

24-04-2025T13:21:22 - [TEST_STEP][PASSED] - delay(10): Delayed 10 second(s)

24-04-2025T13:21:32 - [MESSAGE][PASSED] - Delayed 10 second(s)

24-04-2025T13:21:32 - [TEST_STEP][PASSED] - tap(findTestObject("Object Repository/Repo/android.widget.Button - Login or Sign Up"), 0): Tapped on element 'Object Repository/Repo/android.widget.Button - Login or Sign Up'

24-04-2025T13:21:32 - [MESSAGE][WARNING] - Timeout '0' is invalid. Using default page load timeout: '30'

24-04-2025T13:21:33 - [MESSAGE][PASSED] - Tapped on element 'Object Repository/Repo/android.widget.Button - Login or Sign Up'

24-04-2025T13:21:33 - [TEST_STEP][PASSED] - delay(10): Delayed 10 second(s)

24-04-2025T13:21:43 - [MESSAGE][PASSED] - Delayed 10 second(s)

24-04-2025T13:21:43 - [TEST_STEP][PASSED] - setText(findTestObject("Object Repository/Repo/android.widget.EditText-LoginorSignUp"), email, 0): Text '0425201TM@WG.COM' has been set to element 'Object Repository/Repo/android.widget.EditText-LoginorSignUp'

24-04-2025T13:21:43 - [MESSAGE][WARNING] - Timeout '0' is invalid. Using default page load timeout: '30'

24-04-2025T13:21:44 - [MESSAGE][PASSED] - Text '0425201TM@WG.COM' has been set to element 'Object Repository/Repo/android.widget.EditText-LoginorSignUp'

24-04-2025T13:21:44 - [TEST_STEP][PASSED] - hideKeyboard(): Keyboard is hidden

24-04-2025T13:21:45 - [MESSAGE][PASSED] - Keyboard is hidden

24-04-2025T13:21:45 - [TEST_STEP][PASSED] - delay(10): Delayed 10 second(s)

24-04-2025T13:21:55 - [MESSAGE][PASSED] - Delayed 10 second(s)

24-04-2025T13:21:55 - [TEST_STEP][PASSED] - tap(findTestObject("Object Repository/Repo/android.widget.Button - Next"), 0): Tapped on element 'Object Repository/Repo/android.widget.Button - Next'

24-04-2025T13:21:55 - [MESSAGE][WARNING] - Timeout '0' is invalid. Using default page load timeout: '30'

24-04-2025T13:21:56 - [MESSAGE][PASSED] - Tapped on element 'Object Repository/Repo/android.widget.Button - Next'

24-04-2025T13:21:56 - [TEST_STEP][PASSED] - delay(45): Delayed 45 second(s)

24-04-2025T13:22:41 - [MESSAGE][PASSED] - Delayed 45 second(s)

24-04-2025T13:22:41 - [TEST_STEP][PASSED] - setText(findTestObject("Object Repository/Repo/android.widget.EditText-OAM(Login)"), email, 0): Text '0425201TM@WG.COM' has been set to element 'Object Repository/Repo/android.widget.EditText-OAM(Login)'

24-04-2025T13:22:41 - [MESSAGE][WARNING] - Timeout '0' is invalid. Using default page load timeout: '30'

24-04-2025T13:22:42 - [MESSAGE][PASSED] - Text '0425201TM@WG.COM' has been set to element 'Object Repository/Repo/android.widget.EditText-OAM(Login)'

24-04-2025T13:22:42 - [TEST_STEP][PASSED] - hideKeyboard(): Keyboard is hidden

24-04-2025T13:22:43 - [MESSAGE][PASSED] - Keyboard is hidden

24-04-2025T13:22:43 - [TEST_STEP][PASSED] - delay(10): Delayed 10 second(s)

24-04-2025T13:22:53 - [MESSAGE][PASSED] - Delayed 10 second(s)

24-04-2025T13:22:53 - [TEST_STEP][PASSED] - setText(findTestObject("Object Repository/Repo/android.widget.EditText-OAM(Password)"), password, 0): Text 'password' has been set to element 'Object Repository/Repo/android.widget.EditText-OAM(Password)'

24-04-2025T13:22:53 - [MESSAGE][WARNING] - Timeout '0' is invalid. Using default page load timeout: '30'

24-04-2025T13:22:54 - [MESSAGE][PASSED] - Text 'password' has been set to element 'Object Repository/Repo/android.widget.EditText-OAM(Password)'

24-04-2025T13:22:54 - [TEST_STEP][PASSED] - hideKeyboard(): Keyboard is hidden

24-04-2025T13:22:56 - [MESSAGE][PASSED] - Keyboard is hidden

24-04-2025T13:22:56 - [TEST_STEP][PASSED] - delay(10): Delayed 10 second(s)

24-04-2025T13:23:06 - [MESSAGE][PASSED] - Delayed 10 second(s)

24-04-2025T13:23:06 - [TEST_STEP][PASSED] - tap(findTestObject("Object Repository/Repo/android.widget.Button -OAM(Login)"), 0): Tapped on element 'Object Repository/Repo/android.widget.Button -OAM(Login)'

24-04-2025T13:23:06 - [MESSAGE][WARNING] - Timeout '0' is invalid. Using default page load timeout: '30'

24-04-2025T13:23:06 - [MESSAGE][PASSED] - Tapped on element 'Object Repository/Repo/android.widget.Button -OAM(Login)'

24-04-2025T13:23:06 - [TEST_STEP][PASSED] - delay(20): Delayed 20 second(s)

24-04-2025T13:23:26 - [MESSAGE][PASSED] - Delayed 20 second(s)

24-04-2025T13:23:26 - [TEST_STEP][PASSED] - tap(findTestObject("Object Repository/Repo/android.view.View - Home"), 0): Tapped on element 'Object Repository/Repo/android.view.View - Home'

24-04-2025T13:23:26 - [MESSAGE][WARNING] - Timeout '0' is invalid. Using default page load timeout: '30'

24-04-2025T13:23:27 - [MESSAGE][PASSED] - Tapped on element 'Object Repository/Repo/android.view.View - Home'

24-04-2025T13:23:27 - [TEST_STEP][PASSED] - delay(10): Delayed 10 second(s)

24-04-2025T13:23:37 - [MESSAGE][PASSED] - Delayed 10 second(s)

24-04-2025T13:23:37 - [TEST_STEP][PASSED] - tap(findTestObject("Object Repository/Repo/android.widget.Button - menu"), 0): Tapped on element 'Object Repository/Repo/android.widget.Button - menu'

24-04-2025T13:23:37 - [MESSAGE][WARNING] - Timeout '0' is invalid. Using default page load timeout: '30'

24-04-2025T13:23:38 - [MESSAGE][PASSED] - Tapped on element 'Object Repository/Repo/android.widget.Button - menu'

24-04-2025T13:23:38 - [TEST_STEP][PASSED] - delay(10): Delayed 10 second(s)

24-04-2025T13:23:48 - [MESSAGE][PASSED] - Delayed 10 second(s)

24-04-2025T13:23:48 - [TEST_STEP][PASSED] - tap(findTestObject("Object Repository/Repo/android.widget.TabWidget-Settings"), 0): Tapped on element 'Object Repository/Repo/android.widget.TabWidget-Settings'

24-04-2025T13:23:48 - [MESSAGE][WARNING] - Timeout '0' is invalid. Using default page load timeout: '30'

24-04-2025T13:23:48 - [MESSAGE][PASSED] - Tapped on element 'Object Repository/Repo/android.widget.TabWidget-Settings'

24-04-2025T13:23:48 - [TEST_STEP][PASSED] - delay(10): Delayed 10 second(s)

24-04-2025T13:23:58 - [MESSAGE][PASSED] - Delayed 10 second(s)

24-04-2025T13:23:58 - [TEST_STEP][PASSED] - actualVersion = getText(findTestObject("Object Repository/testing/android.widget.Button - Version 2.99.68"), 0): Text of element 'Object Repository/testing/android.widget.Button - Version 2.99.68' is: 'Version 2.99.68'

24-04-2025T13:23:58 - [MESSAGE][WARNING] - Timeout '0' is invalid. Using default page load timeout: '30'

24-04-2025T13:23:59 - [MESSAGE][PASSED] - Text of element 'Object Repository/testing/android.widget.Button - Version 2.99.68' is: 'Version 2.99.68'

24-04-2025T13:23:59 - [TEST_STEP][PASSED] - if (actualVersion == expectedVersion): null

24-04-2025T13:23:59 - [TEST_STEP][PASSED] - println(✅ Version verification passed. Expected: $expectedVersion, Actual: $actualVersion): null

24-04-2025T13:23:59 - [TEST_STEP][PASSED] - assert actualVersion == expectedVersion: null

24-04-2025T13:23:59 - [TEST_STEP][PASSED] - closeApplication(): Close app successfully

24-04-2025T13:24:02 - [MESSAGE][PASSED] - Close app successfully

24-04-2025T13:24:02 - [TEST_STEP][PASSED] - closeBrowser(): Browser is closed

24-04-2025T13:24:02 - [MESSAGE][PASSED] - Browser is closed]]></system-out>
         <system-err><![CDATA[]]></system-err>
      </testcase>
      <testcase name="Test Cases/Login Owner OR Renter/C735_C736_LoginOwnerOrRenter_TermsAndConditions_PrivacyPolicy" time="278.843" classname="Test Cases/Login Owner OR Renter/C735_C736_LoginOwnerOrRenter_TermsAndConditions_PrivacyPolicy" status="PASSED">
         <system-out><![CDATA[24-04-2025T13:24:02 - [TEST_CASE][PASSED] - Test Cases/Login Owner OR Renter/C735_C736_LoginOwnerOrRenter_TermsAndConditions_PrivacyPolicy: Test Cases/Login Owner OR Renter/C735_C736_LoginOwnerOrRenter_TermsAndConditions_PrivacyPolicy

24-04-2025T13:24:02 - [TEST_STEP][PASSED] - testData = findTestData("Data Files/LogiNewUser"): null

24-04-2025T13:24:02 - [TEST_STEP][PASSED] - email = testData.getValue("email", 1): null

24-04-2025T13:24:02 - [TEST_STEP][PASSED] - password = testData.getValue("password", 1): null

24-04-2025T13:24:02 - [TEST_STEP][PASSED] - startApplication(appUrl, true): Started application: '/Users/gv.vignesh/Downloads/WGR-Android-Automation/App Folder/app-debug-Version 2.99.68.apk'

24-04-2025T13:24:02 - [MESSAGE][INFO] - Starting application: '/Users/gv.vignesh/Downloads/WGR-Android-Automation/App Folder/app-debug-Version 2.99.68.apk'

24-04-2025T13:24:02 - [MESSAGE][INFO] - User set preference: ['uiautomator2ServerInstallTimeout', '0']

24-04-2025T13:24:02 - [MESSAGE][INFO] - User set preference: ['deviceId', '']

24-04-2025T13:24:02 - [MESSAGE][INFO] - Detected NodeJS location: "/opt/homebrew/Cellar/node/23.10.0_1/bin/node"

24-04-2025T13:24:02 - [MESSAGE][INFO] - PATH: /opt/homebrew/Cellar/node/23.10.0_1/bin:/opt/homebrew/bin:/usr/bin:/bin:/usr/sbin:/sbin:/Applications/Katalon Studio Enterprise.app/Contents/Eclipse/jre/Contents/Home/bin:/usr/local/bin/

24-04-2025T13:24:02 - [MESSAGE][INFO] - APPIUM_HOME: /Users/gv.vignesh/.appium

24-04-2025T13:24:02 - [MESSAGE][INFO] - appium outlog: /Users/gv.vignesh/Downloads/WGR-Android-Automation/Reports/20250424_125143/Android Regression/20250424_125143/appium.log

24-04-2025T13:24:02 - [MESSAGE][INFO] - appium errlog: /Users/gv.vignesh/Downloads/WGR-Android-Automation/Reports/20250424_125143/Android Regression/20250424_125143/appium_error.log

24-04-2025T13:24:04 - [MESSAGE][INFO] - Appium server started on port 57,197

24-04-2025T13:24:30 - [MESSAGE][PASSED] - Started application: '/Users/gv.vignesh/Downloads/WGR-Android-Automation/App Folder/app-debug-Version 2.99.68.apk'

24-04-2025T13:24:30 - [TEST_STEP][PASSED] - delay(10): Delayed 10 second(s)

24-04-2025T13:24:40 - [MESSAGE][PASSED] - Delayed 10 second(s)

24-04-2025T13:24:40 - [TEST_STEP][PASSED] - tap(findTestObject("Object Repository/Repo/android.widget.Button - Login or Sign Up"), 0): Tapped on element 'Object Repository/Repo/android.widget.Button - Login or Sign Up'

24-04-2025T13:24:40 - [MESSAGE][WARNING] - Timeout '0' is invalid. Using default page load timeout: '30'

24-04-2025T13:24:41 - [MESSAGE][PASSED] - Tapped on element 'Object Repository/Repo/android.widget.Button - Login or Sign Up'

24-04-2025T13:24:41 - [TEST_STEP][PASSED] - delay(10): Delayed 10 second(s)

24-04-2025T13:24:51 - [MESSAGE][PASSED] - Delayed 10 second(s)

24-04-2025T13:24:51 - [TEST_STEP][PASSED] - sendKeys(findTestObject("Object Repository/Repo/android.widget.EditText-LoginorSignUp"), email): Send keys '0425201TM@WG.COM' on test object 'Object Repository/Repo/android.widget.EditText-LoginorSignUp' successfully.

24-04-2025T13:24:52 - [MESSAGE][PASSED] - Send keys '0425201TM@WG.COM' on test object 'Object Repository/Repo/android.widget.EditText-LoginorSignUp' successfully.

24-04-2025T13:24:52 - [TEST_STEP][PASSED] - delay(10): Delayed 10 second(s)

24-04-2025T13:25:02 - [MESSAGE][PASSED] - Delayed 10 second(s)

24-04-2025T13:25:02 - [TEST_STEP][PASSED] - tap(findTestObject("Object Repository/Repo/android.widget.Button - Next"), 0): Tapped on element 'Object Repository/Repo/android.widget.Button - Next'

24-04-2025T13:25:02 - [MESSAGE][WARNING] - Timeout '0' is invalid. Using default page load timeout: '30'

24-04-2025T13:25:02 - [MESSAGE][PASSED] - Tapped on element 'Object Repository/Repo/android.widget.Button - Next'

24-04-2025T13:25:02 - [TEST_STEP][PASSED] - delay(45): Delayed 45 second(s)

24-04-2025T13:25:47 - [MESSAGE][PASSED] - Delayed 45 second(s)

24-04-2025T13:25:47 - [TEST_STEP][PASSED] - setText(findTestObject("Object Repository/Repo/android.widget.EditText-OAM(Login)"), email, 0): Text '0425201TM@WG.COM' has been set to element 'Object Repository/Repo/android.widget.EditText-OAM(Login)'

24-04-2025T13:25:47 - [MESSAGE][WARNING] - Timeout '0' is invalid. Using default page load timeout: '30'

24-04-2025T13:25:48 - [MESSAGE][PASSED] - Text '0425201TM@WG.COM' has been set to element 'Object Repository/Repo/android.widget.EditText-OAM(Login)'

24-04-2025T13:25:48 - [TEST_STEP][PASSED] - hideKeyboard(): Keyboard is hidden

24-04-2025T13:25:49 - [MESSAGE][PASSED] - Keyboard is hidden

24-04-2025T13:25:49 - [TEST_STEP][PASSED] - delay(10): Delayed 10 second(s)

24-04-2025T13:25:59 - [MESSAGE][PASSED] - Delayed 10 second(s)

24-04-2025T13:25:59 - [TEST_STEP][PASSED] - setText(findTestObject("Object Repository/Repo/android.widget.EditText-OAM(Password)"), password, 0): Text 'password' has been set to element 'Object Repository/Repo/android.widget.EditText-OAM(Password)'

24-04-2025T13:25:59 - [MESSAGE][WARNING] - Timeout '0' is invalid. Using default page load timeout: '30'

24-04-2025T13:25:59 - [MESSAGE][PASSED] - Text 'password' has been set to element 'Object Repository/Repo/android.widget.EditText-OAM(Password)'

24-04-2025T13:25:59 - [TEST_STEP][PASSED] - hideKeyboard(): Keyboard is hidden

24-04-2025T13:26:02 - [MESSAGE][PASSED] - Keyboard is hidden

24-04-2025T13:26:02 - [TEST_STEP][PASSED] - delay(10): Delayed 10 second(s)

24-04-2025T13:26:12 - [MESSAGE][PASSED] - Delayed 10 second(s)

24-04-2025T13:26:12 - [TEST_STEP][PASSED] - tap(findTestObject("Object Repository/Repo/android.widget.Button -OAM(Login)"), 0): Tapped on element 'Object Repository/Repo/android.widget.Button -OAM(Login)'

24-04-2025T13:26:12 - [MESSAGE][WARNING] - Timeout '0' is invalid. Using default page load timeout: '30'

24-04-2025T13:26:12 - [MESSAGE][PASSED] - Tapped on element 'Object Repository/Repo/android.widget.Button -OAM(Login)'

24-04-2025T13:26:12 - [TEST_STEP][PASSED] - delay(20): Delayed 20 second(s)

24-04-2025T13:26:32 - [MESSAGE][PASSED] - Delayed 20 second(s)

24-04-2025T13:26:32 - [TEST_STEP][PASSED] - tap(findTestObject("Object Repository/Repo/android.view.View - Home"), 0, STOP_ON_FAILURE): Tapped on element 'Object Repository/Repo/android.view.View - Home'

24-04-2025T13:26:32 - [MESSAGE][WARNING] - Timeout '0' is invalid. Using default page load timeout: '30'

24-04-2025T13:26:33 - [MESSAGE][PASSED] - Tapped on element 'Object Repository/Repo/android.view.View - Home'

24-04-2025T13:26:33 - [TEST_STEP][PASSED] - delay(5): Delayed 5 second(s)

24-04-2025T13:26:38 - [MESSAGE][PASSED] - Delayed 5 second(s)

24-04-2025T13:26:38 - [TEST_STEP][PASSED] - tap(findTestObject("Object Repository/Repo/android.widget.Button - menu"), 0, STOP_ON_FAILURE): Tapped on element 'Object Repository/Repo/android.widget.Button - menu'

24-04-2025T13:26:38 - [MESSAGE][WARNING] - Timeout '0' is invalid. Using default page load timeout: '30'

24-04-2025T13:26:38 - [MESSAGE][PASSED] - Tapped on element 'Object Repository/Repo/android.widget.Button - menu'

24-04-2025T13:26:38 - [TEST_STEP][PASSED] - delay(20): Delayed 20 second(s)

24-04-2025T13:26:58 - [MESSAGE][PASSED] - Delayed 20 second(s)

24-04-2025T13:26:58 - [TEST_STEP][PASSED] - if (waitForElementPresent(findTestObject("Object Repository/Repo/android.widget.TextView - Terms and Conditions-Menu"), 10, CONTINUE_ON_FAILURE)): null

24-04-2025T13:26:59 - [MESSAGE][PASSED] - Element 'Object Repository/Repo/android.widget.TextView - Terms and Conditions-Menu' is present

24-04-2025T13:26:59 - [TEST_STEP][PASSED] - tap(findTestObject("Object Repository/Repo/android.widget.TextView - Terms and Conditions-Menu"), 0, STOP_ON_FAILURE): Tapped on element 'Object Repository/Repo/android.widget.TextView - Terms and Conditions-Menu'

24-04-2025T13:26:59 - [MESSAGE][WARNING] - Timeout '0' is invalid. Using default page load timeout: '30'

24-04-2025T13:26:59 - [MESSAGE][PASSED] - Tapped on element 'Object Repository/Repo/android.widget.TextView - Terms and Conditions-Menu'

24-04-2025T13:26:59 - [TEST_STEP][PASSED] - delay(20): Delayed 20 second(s)

24-04-2025T13:27:19 - [MESSAGE][PASSED] - Delayed 20 second(s)

24-04-2025T13:27:19 - [TEST_STEP][PASSED] - if (waitForElementPresent(findTestObject("Object Repository/Repo/android.view.View-Terms and conditions web"), 10, CONTINUE_ON_FAILURE)): null

24-04-2025T13:27:20 - [MESSAGE][PASSED] - Element 'Object Repository/Repo/android.view.View-Terms and conditions web' is present

24-04-2025T13:27:20 - [TEST_STEP][PASSED] - println("Element 'android.view.View - Terms & Conditions-Webview' exists."): null

24-04-2025T13:27:20 - [TEST_STEP][PASSED] - delay(20): Delayed 20 second(s)

24-04-2025T13:27:40 - [MESSAGE][PASSED] - Delayed 20 second(s)

24-04-2025T13:27:40 - [TEST_STEP][PASSED] - tap(findTestObject("Object Repository/Repo/android.widget.ImageButton-Cancel web"), 0, STOP_ON_FAILURE): Tapped on element 'Object Repository/Repo/android.widget.ImageButton-Cancel web'

24-04-2025T13:27:40 - [MESSAGE][WARNING] - Timeout '0' is invalid. Using default page load timeout: '30'

24-04-2025T13:27:41 - [MESSAGE][PASSED] - Tapped on element 'Object Repository/Repo/android.widget.ImageButton-Cancel web'

24-04-2025T13:27:41 - [TEST_STEP][PASSED] - delay(15): Delayed 15 second(s)

24-04-2025T13:27:56 - [MESSAGE][PASSED] - Delayed 15 second(s)

24-04-2025T13:27:56 - [TEST_STEP][PASSED] - tap(findTestObject("Object Repository/Repo/android.widget.Button - menu"), 0, STOP_ON_FAILURE): Tapped on element 'Object Repository/Repo/android.widget.Button - menu'

24-04-2025T13:27:56 - [MESSAGE][WARNING] - Timeout '0' is invalid. Using default page load timeout: '30'

24-04-2025T13:27:56 - [MESSAGE][PASSED] - Tapped on element 'Object Repository/Repo/android.widget.Button - menu'

24-04-2025T13:27:56 - [TEST_STEP][PASSED] - delay(20): Delayed 20 second(s)

24-04-2025T13:28:16 - [MESSAGE][PASSED] - Delayed 20 second(s)

24-04-2025T13:28:16 - [TEST_STEP][PASSED] - tap(findTestObject("Object Repository/Repo/android.widget.TextView - Privacy Policy-Menu"), 0, STOP_ON_FAILURE): Tapped on element 'Object Repository/Repo/android.widget.TextView - Privacy Policy-Menu'

24-04-2025T13:28:16 - [MESSAGE][WARNING] - Timeout '0' is invalid. Using default page load timeout: '30'

24-04-2025T13:28:16 - [MESSAGE][PASSED] - Tapped on element 'Object Repository/Repo/android.widget.TextView - Privacy Policy-Menu'

24-04-2025T13:28:16 - [TEST_STEP][PASSED] - delay(20): Delayed 20 second(s)

24-04-2025T13:28:36 - [MESSAGE][PASSED] - Delayed 20 second(s)

24-04-2025T13:28:36 - [TEST_STEP][PASSED] - if (waitForElementPresent(findTestObject("Object Repository/Repo/android.widget.TextView - Privacy Policy-web"), 20, STOP_ON_FAILURE)): null

24-04-2025T13:28:37 - [MESSAGE][PASSED] - Element 'Object Repository/Repo/android.widget.TextView - Privacy Policy-web' is present

24-04-2025T13:28:37 - [TEST_STEP][PASSED] - println("Element 'android.widget.TextView - Privacy Policy-web' exists."): null

24-04-2025T13:28:37 - [TEST_STEP][PASSED] - closeApplication(): Close app successfully

24-04-2025T13:28:41 - [MESSAGE][PASSED] - Close app successfully]]></system-out>
         <system-err><![CDATA[]]></system-err>
      </testcase>
      <testcase name="Test Cases/Book A Rental Tile/C770_C771_BookARentalTile_ThingsToDoFeed" time="183.113" classname="Test Cases/Book A Rental Tile/C770_C771_BookARentalTile_ThingsToDoFeed" status="PASSED">
         <system-out><![CDATA[24-04-2025T13:28:41 - [TEST_CASE][PASSED] - Test Cases/Book A Rental Tile/C770_C771_BookARentalTile_ThingsToDoFeed: Test Cases/Book A Rental Tile/C770_C771_BookARentalTile_ThingsToDoFeed

24-04-2025T13:28:41 - [TEST_STEP][PASSED] - testData = findTestData("Data Files/C770"): null

24-04-2025T13:28:41 - [TEST_STEP][PASSED] - email = testData.getValue("email", 1): null

24-04-2025T13:28:41 - [TEST_STEP][PASSED] - password = testData.getValue("password", 1): null

24-04-2025T13:28:41 - [TEST_STEP][PASSED] - startApplication(appUrl, true): Started application: '/Users/gv.vignesh/Downloads/WGR-Android-Automation/App Folder/app-debug-Version 2.99.68.apk'

24-04-2025T13:28:41 - [MESSAGE][INFO] - Starting application: '/Users/gv.vignesh/Downloads/WGR-Android-Automation/App Folder/app-debug-Version 2.99.68.apk'

24-04-2025T13:28:41 - [MESSAGE][INFO] - User set preference: ['uiautomator2ServerInstallTimeout', '0']

24-04-2025T13:28:41 - [MESSAGE][INFO] - User set preference: ['deviceId', '']

24-04-2025T13:28:41 - [MESSAGE][INFO] - Detected NodeJS location: "/opt/homebrew/Cellar/node/23.10.0_1/bin/node"

24-04-2025T13:28:41 - [MESSAGE][INFO] - PATH: /opt/homebrew/Cellar/node/23.10.0_1/bin:/opt/homebrew/bin:/usr/bin:/bin:/usr/sbin:/sbin:/Applications/Katalon Studio Enterprise.app/Contents/Eclipse/jre/Contents/Home/bin:/usr/local/bin/

24-04-2025T13:28:41 - [MESSAGE][INFO] - APPIUM_HOME: /Users/gv.vignesh/.appium

24-04-2025T13:28:41 - [MESSAGE][INFO] - appium outlog: /Users/gv.vignesh/Downloads/WGR-Android-Automation/Reports/20250424_125143/Android Regression/20250424_125143/appium.log

24-04-2025T13:28:41 - [MESSAGE][INFO] - appium errlog: /Users/gv.vignesh/Downloads/WGR-Android-Automation/Reports/20250424_125143/Android Regression/20250424_125143/appium_error.log

24-04-2025T13:28:43 - [MESSAGE][INFO] - Appium server started on port 57,502

24-04-2025T13:29:10 - [MESSAGE][PASSED] - Started application: '/Users/gv.vignesh/Downloads/WGR-Android-Automation/App Folder/app-debug-Version 2.99.68.apk'

24-04-2025T13:29:10 - [TEST_STEP][PASSED] - delay(10): Delayed 10 second(s)

24-04-2025T13:29:20 - [MESSAGE][PASSED] - Delayed 10 second(s)

24-04-2025T13:29:20 - [TEST_STEP][PASSED] - tap(findTestObject("Object Repository/Repo/MyStay/BookRental/android.widget.Button - Login or Sign Up"), 0): Tapped on element 'Object Repository/Repo/MyStay/BookRental/android.widget.Button - Login or Sign Up'

24-04-2025T13:29:20 - [MESSAGE][WARNING] - Timeout '0' is invalid. Using default page load timeout: '30'

24-04-2025T13:29:21 - [MESSAGE][PASSED] - Tapped on element 'Object Repository/Repo/MyStay/BookRental/android.widget.Button - Login or Sign Up'

24-04-2025T13:29:21 - [TEST_STEP][PASSED] - delay(10): Delayed 10 second(s)

24-04-2025T13:29:31 - [MESSAGE][PASSED] - Delayed 10 second(s)

24-04-2025T13:29:31 - [TEST_STEP][PASSED] - setText(findTestObject("Object Repository/Repo/MyStay/BookRental/android.widget.EditText"), email, 0): Text '0425222TM@WG.COM' has been set to element 'Object Repository/Repo/MyStay/BookRental/android.widget.EditText'

24-04-2025T13:29:31 - [MESSAGE][WARNING] - Timeout '0' is invalid. Using default page load timeout: '30'

24-04-2025T13:29:32 - [MESSAGE][PASSED] - Text '0425222TM@WG.COM' has been set to element 'Object Repository/Repo/MyStay/BookRental/android.widget.EditText'

24-04-2025T13:29:32 - [TEST_STEP][PASSED] - hideKeyboard(): Keyboard is hidden

24-04-2025T13:29:33 - [MESSAGE][PASSED] - Keyboard is hidden

24-04-2025T13:29:33 - [TEST_STEP][PASSED] - delay(10): Delayed 10 second(s)

24-04-2025T13:29:43 - [MESSAGE][PASSED] - Delayed 10 second(s)

24-04-2025T13:29:43 - [TEST_STEP][PASSED] - tap(findTestObject("Object Repository/Repo/MyStay/BookRental/android.widget.Button - Next"), 0): Tapped on element 'Object Repository/Repo/MyStay/BookRental/android.widget.Button - Next'

24-04-2025T13:29:43 - [MESSAGE][WARNING] - Timeout '0' is invalid. Using default page load timeout: '30'

24-04-2025T13:29:43 - [MESSAGE][PASSED] - Tapped on element 'Object Repository/Repo/MyStay/BookRental/android.widget.Button - Next'

24-04-2025T13:29:43 - [TEST_STEP][PASSED] - delay(45): Delayed 45 second(s)

24-04-2025T13:30:28 - [MESSAGE][PASSED] - Delayed 45 second(s)

24-04-2025T13:30:28 - [TEST_STEP][PASSED] - setText(findTestObject("Object Repository/Repo/MyStay/BookRental/android.widget.EditText (1)"), email, 0): Text '0425222TM@WG.COM' has been set to element 'Object Repository/Repo/MyStay/BookRental/android.widget.EditText (1)'

24-04-2025T13:30:28 - [MESSAGE][WARNING] - Timeout '0' is invalid. Using default page load timeout: '30'

24-04-2025T13:30:30 - [MESSAGE][PASSED] - Text '0425222TM@WG.COM' has been set to element 'Object Repository/Repo/MyStay/BookRental/android.widget.EditText (1)'

24-04-2025T13:30:30 - [TEST_STEP][PASSED] - hideKeyboard(): Keyboard is hidden

24-04-2025T13:30:31 - [MESSAGE][PASSED] - Keyboard is hidden

24-04-2025T13:30:31 - [TEST_STEP][PASSED] - delay(20): Delayed 20 second(s)

24-04-2025T13:30:51 - [MESSAGE][PASSED] - Delayed 20 second(s)

24-04-2025T13:30:51 - [TEST_STEP][PASSED] - setText(findTestObject("Object Repository/Repo/MyStay/BookRental/android.widget.EditText (2)"), password, 0): Text 'password' has been set to element 'Object Repository/Repo/MyStay/BookRental/android.widget.EditText (2)'

24-04-2025T13:30:51 - [MESSAGE][WARNING] - Timeout '0' is invalid. Using default page load timeout: '30'

24-04-2025T13:30:51 - [MESSAGE][PASSED] - Text 'password' has been set to element 'Object Repository/Repo/MyStay/BookRental/android.widget.EditText (2)'

24-04-2025T13:30:51 - [TEST_STEP][PASSED] - hideKeyboard(): Keyboard is hidden

24-04-2025T13:30:53 - [MESSAGE][PASSED] - Keyboard is hidden

24-04-2025T13:30:53 - [TEST_STEP][PASSED] - delay(10): Delayed 10 second(s)

24-04-2025T13:31:03 - [MESSAGE][PASSED] - Delayed 10 second(s)

24-04-2025T13:31:03 - [TEST_STEP][PASSED] - tap(findTestObject("Object Repository/Repo/MyStay/BookRental/android.widget.Button - LOGIN"), 0): Tapped on element 'Object Repository/Repo/MyStay/BookRental/android.widget.Button - LOGIN'

24-04-2025T13:31:03 - [MESSAGE][WARNING] - Timeout '0' is invalid. Using default page load timeout: '30'

24-04-2025T13:31:03 - [MESSAGE][PASSED] - Tapped on element 'Object Repository/Repo/MyStay/BookRental/android.widget.Button - LOGIN'

24-04-2025T13:31:03 - [TEST_STEP][PASSED] - delay(20): Delayed 20 second(s)

24-04-2025T13:31:23 - [MESSAGE][PASSED] - Delayed 20 second(s)

24-04-2025T13:31:23 - [TEST_STEP][PASSED] - tap(findTestObject("Object Repository/Repo/MyStay/BookRental/android.view.View - Home"), 0): Tapped on element 'Object Repository/Repo/MyStay/BookRental/android.view.View - Home'

24-04-2025T13:31:23 - [MESSAGE][WARNING] - Timeout '0' is invalid. Using default page load timeout: '30'

24-04-2025T13:31:23 - [MESSAGE][PASSED] - Tapped on element 'Object Repository/Repo/MyStay/BookRental/android.view.View - Home'

24-04-2025T13:31:23 - [TEST_STEP][PASSED] - delay(10): Delayed 10 second(s)

24-04-2025T13:31:33 - [MESSAGE][PASSED] - Delayed 10 second(s)

24-04-2025T13:31:33 - [TEST_STEP][PASSED] - scrollToText("recommended for you"): Scrolling to text 'recommended for you' successfully

24-04-2025T13:31:39 - [MESSAGE][PASSED] - Scrolling to text 'recommended for you' successfully

24-04-2025T13:31:39 - [TEST_STEP][PASSED] - elementsToVerify = ["Object Repository/Repo/MyStay/BookRental/android.view.View", "Object Repository/Repo/MyStay/BookRental/android.widget.TextView - Book a Rental", "Object Repository/Repo/MyStay/BookRental/android.widget.TextView - Westgate Resorts", "Object Repository/Repo/MyStay/BookRental/android.widget.TextView - Book Now"]: null

24-04-2025T13:31:39 - [TEST_STEP][PASSED] - for (String elementPath : elementsToVerify): Element 'Object Repository/Repo/MyStay/BookRental/android.widget.TextView - Book Now' is exist

24-04-2025T13:31:39 - [TEST_STEP][PASSED] - verifyElementExist(findTestObject(elementPath), 10, STOP_ON_FAILURE): Element 'Object Repository/Repo/MyStay/BookRental/android.view.View' is exist

24-04-2025T13:31:39 - [MESSAGE][PASSED] - Element 'Object Repository/Repo/MyStay/BookRental/android.view.View' is exist

24-04-2025T13:31:39 - [TEST_STEP][PASSED] - verifyElementExist(findTestObject(elementPath), 10, STOP_ON_FAILURE): Element 'Object Repository/Repo/MyStay/BookRental/android.widget.TextView - Book a Rental' is exist

24-04-2025T13:31:40 - [MESSAGE][PASSED] - Element 'Object Repository/Repo/MyStay/BookRental/android.widget.TextView - Book a Rental' is exist

24-04-2025T13:31:40 - [TEST_STEP][PASSED] - verifyElementExist(findTestObject(elementPath), 10, STOP_ON_FAILURE): Element 'Object Repository/Repo/MyStay/BookRental/android.widget.TextView - Westgate Resorts' is exist

24-04-2025T13:31:40 - [MESSAGE][PASSED] - Element 'Object Repository/Repo/MyStay/BookRental/android.widget.TextView - Westgate Resorts' is exist

24-04-2025T13:31:40 - [TEST_STEP][PASSED] - verifyElementExist(findTestObject(elementPath), 10, STOP_ON_FAILURE): Element 'Object Repository/Repo/MyStay/BookRental/android.widget.TextView - Book Now' is exist

24-04-2025T13:31:41 - [MESSAGE][PASSED] - Element 'Object Repository/Repo/MyStay/BookRental/android.widget.TextView - Book Now' is exist

24-04-2025T13:31:41 - [TEST_STEP][PASSED] - assert true : "All elements were verified successfully": null

24-04-2025T13:31:41 - [TEST_STEP][PASSED] - closeApplication(): Close app successfully

24-04-2025T13:31:44 - [MESSAGE][PASSED] - Close app successfully]]></system-out>
         <system-err><![CDATA[]]></system-err>
      </testcase>
      <testcase name="Test Cases/Book A Rental Tile/C768_BookARentalTile_RentalTileIsDIsplayedCorrectly" time="183.893" classname="Test Cases/Book A Rental Tile/C768_BookARentalTile_RentalTileIsDIsplayedCorrectly" status="PASSED">
         <system-out><![CDATA[24-04-2025T13:34:50 - [TEST_CASE][PASSED] - Test Cases/Book A Rental Tile/C768_BookARentalTile_RentalTileIsDIsplayedCorrectly: Test Cases/Book A Rental Tile/C768_BookARentalTile_RentalTileIsDIsplayedCorrectly

24-04-2025T13:34:50 - [TEST_STEP][PASSED] - testData = findTestData("Data Files/C768"): null

24-04-2025T13:34:50 - [TEST_STEP][PASSED] - email = testData.getValue("email", 1): null

24-04-2025T13:34:50 - [TEST_STEP][PASSED] - password = testData.getValue("password", 1): null

24-04-2025T13:34:50 - [TEST_STEP][PASSED] - startApplication(appUrl, true): Started application: '/Users/gv.vignesh/Downloads/WGR-Android-Automation/App Folder/app-debug-Version 2.99.68.apk'

24-04-2025T13:34:50 - [MESSAGE][INFO] - Starting application: '/Users/gv.vignesh/Downloads/WGR-Android-Automation/App Folder/app-debug-Version 2.99.68.apk'

24-04-2025T13:34:50 - [MESSAGE][INFO] - User set preference: ['uiautomator2ServerInstallTimeout', '0']

24-04-2025T13:34:50 - [MESSAGE][INFO] - User set preference: ['deviceId', '']

24-04-2025T13:35:16 - [MESSAGE][PASSED] - Started application: '/Users/gv.vignesh/Downloads/WGR-Android-Automation/App Folder/app-debug-Version 2.99.68.apk'

24-04-2025T13:35:16 - [TEST_STEP][PASSED] - delay(10): Delayed 10 second(s)

24-04-2025T13:35:26 - [MESSAGE][PASSED] - Delayed 10 second(s)

24-04-2025T13:35:26 - [TEST_STEP][PASSED] - tap(findTestObject("Object Repository/Repo/MyStay/BookRental/android.widget.Button - Login or Sign Up"), 0): Tapped on element 'Object Repository/Repo/MyStay/BookRental/android.widget.Button - Login or Sign Up'

24-04-2025T13:35:26 - [MESSAGE][WARNING] - Timeout '0' is invalid. Using default page load timeout: '30'

24-04-2025T13:35:27 - [MESSAGE][PASSED] - Tapped on element 'Object Repository/Repo/MyStay/BookRental/android.widget.Button - Login or Sign Up'

24-04-2025T13:35:27 - [TEST_STEP][PASSED] - delay(10): Delayed 10 second(s)

24-04-2025T13:35:37 - [MESSAGE][PASSED] - Delayed 10 second(s)

24-04-2025T13:35:37 - [TEST_STEP][PASSED] - setText(findTestObject("Object Repository/Repo/MyStay/BookRental/android.widget.EditText"), email, 0): Text 'CGARNER024@GMAIL.COM' has been set to element 'Object Repository/Repo/MyStay/BookRental/android.widget.EditText'

24-04-2025T13:35:37 - [MESSAGE][WARNING] - Timeout '0' is invalid. Using default page load timeout: '30'

24-04-2025T13:35:38 - [MESSAGE][PASSED] - Text 'CGARNER024@GMAIL.COM' has been set to element 'Object Repository/Repo/MyStay/BookRental/android.widget.EditText'

24-04-2025T13:35:38 - [TEST_STEP][PASSED] - hideKeyboard(): Keyboard is hidden

24-04-2025T13:35:39 - [MESSAGE][PASSED] - Keyboard is hidden

24-04-2025T13:35:39 - [TEST_STEP][PASSED] - delay(10): Delayed 10 second(s)

24-04-2025T13:35:49 - [MESSAGE][PASSED] - Delayed 10 second(s)

24-04-2025T13:35:49 - [TEST_STEP][PASSED] - tap(findTestObject("Object Repository/Repo/MyStay/BookRental/android.widget.Button - Next"), 0): Tapped on element 'Object Repository/Repo/MyStay/BookRental/android.widget.Button - Next'

24-04-2025T13:35:49 - [MESSAGE][WARNING] - Timeout '0' is invalid. Using default page load timeout: '30'

24-04-2025T13:35:49 - [MESSAGE][PASSED] - Tapped on element 'Object Repository/Repo/MyStay/BookRental/android.widget.Button - Next'

24-04-2025T13:35:49 - [TEST_STEP][PASSED] - delay(45): Delayed 45 second(s)

24-04-2025T13:36:34 - [MESSAGE][PASSED] - Delayed 45 second(s)

24-04-2025T13:36:34 - [TEST_STEP][PASSED] - setText(findTestObject("Object Repository/Repo/MyStay/BookRental/android.widget.EditText (1)"), email, 0): Text 'CGARNER024@GMAIL.COM' has been set to element 'Object Repository/Repo/MyStay/BookRental/android.widget.EditText (1)'

24-04-2025T13:36:34 - [MESSAGE][WARNING] - Timeout '0' is invalid. Using default page load timeout: '30'

24-04-2025T13:36:35 - [MESSAGE][PASSED] - Text 'CGARNER024@GMAIL.COM' has been set to element 'Object Repository/Repo/MyStay/BookRental/android.widget.EditText (1)'

24-04-2025T13:36:35 - [TEST_STEP][PASSED] - hideKeyboard(): Keyboard is hidden

24-04-2025T13:36:36 - [MESSAGE][PASSED] - Keyboard is hidden

24-04-2025T13:36:36 - [TEST_STEP][PASSED] - delay(20): Delayed 20 second(s)

24-04-2025T13:36:56 - [MESSAGE][PASSED] - Delayed 20 second(s)

24-04-2025T13:36:56 - [TEST_STEP][PASSED] - setText(findTestObject("Object Repository/Repo/MyStay/BookRental/android.widget.EditText (2)"), password, 0): Text 'password' has been set to element 'Object Repository/Repo/MyStay/BookRental/android.widget.EditText (2)'

24-04-2025T13:36:56 - [MESSAGE][WARNING] - Timeout '0' is invalid. Using default page load timeout: '30'

24-04-2025T13:36:57 - [MESSAGE][PASSED] - Text 'password' has been set to element 'Object Repository/Repo/MyStay/BookRental/android.widget.EditText (2)'

24-04-2025T13:36:57 - [TEST_STEP][PASSED] - hideKeyboard(): Keyboard is hidden

24-04-2025T13:36:58 - [MESSAGE][PASSED] - Keyboard is hidden

24-04-2025T13:36:58 - [TEST_STEP][PASSED] - delay(10): Delayed 10 second(s)

24-04-2025T13:37:08 - [MESSAGE][PASSED] - Delayed 10 second(s)

24-04-2025T13:37:08 - [TEST_STEP][PASSED] - tap(findTestObject("Object Repository/Repo/MyStay/BookRental/android.widget.Button - LOGIN"), 0): Tapped on element 'Object Repository/Repo/MyStay/BookRental/android.widget.Button - LOGIN'

24-04-2025T13:37:08 - [MESSAGE][WARNING] - Timeout '0' is invalid. Using default page load timeout: '30'

24-04-2025T13:37:08 - [MESSAGE][PASSED] - Tapped on element 'Object Repository/Repo/MyStay/BookRental/android.widget.Button - LOGIN'

24-04-2025T13:37:08 - [TEST_STEP][PASSED] - delay(20): Delayed 20 second(s)

24-04-2025T13:37:28 - [MESSAGE][PASSED] - Delayed 20 second(s)

24-04-2025T13:37:28 - [TEST_STEP][PASSED] - tap(findTestObject("Object Repository/Repo/MyStay/BookRental/android.view.View - Home"), 0): Tapped on element 'Object Repository/Repo/MyStay/BookRental/android.view.View - Home'

24-04-2025T13:37:28 - [MESSAGE][WARNING] - Timeout '0' is invalid. Using default page load timeout: '30'

24-04-2025T13:37:29 - [MESSAGE][PASSED] - Tapped on element 'Object Repository/Repo/MyStay/BookRental/android.view.View - Home'

24-04-2025T13:37:29 - [TEST_STEP][PASSED] - delay(10): Delayed 10 second(s)

24-04-2025T13:37:39 - [MESSAGE][PASSED] - Delayed 10 second(s)

24-04-2025T13:37:39 - [TEST_STEP][PASSED] - scrollToText("recommended for you"): Scrolling to text 'recommended for you' successfully

24-04-2025T13:37:47 - [MESSAGE][PASSED] - Scrolling to text 'recommended for you' successfully

24-04-2025T13:37:47 - [TEST_STEP][PASSED] - elementsToVerify = ["Object Repository/Repo/MyStay/BookRental/android.view.View", "Object Repository/Repo/MyStay/BookRental/android.widget.TextView - Book a Rental", "Object Repository/Repo/MyStay/BookRental/android.widget.TextView - Westgate Resorts", "Object Repository/Repo/MyStay/BookRental/android.widget.TextView - Book Now"]: null

24-04-2025T13:37:47 - [TEST_STEP][PASSED] - allElementsExist = true: null

24-04-2025T13:37:47 - [TEST_STEP][PASSED] - for (String elementPath : elementsToVerify): null

24-04-2025T13:37:47 - [TEST_STEP][PASSED] - isElementExist = verifyElementExist(findTestObject(elementPath), 10, STOP_ON_FAILURE): Element 'Object Repository/Repo/MyStay/BookRental/android.view.View' is exist

24-04-2025T13:37:48 - [MESSAGE][PASSED] - Element 'Object Repository/Repo/MyStay/BookRental/android.view.View' is exist

24-04-2025T13:37:48 - [TEST_STEP][PASSED] - if (!(isElementExist)): null

24-04-2025T13:37:48 - [TEST_STEP][PASSED] - isElementExist = verifyElementExist(findTestObject(elementPath), 10, STOP_ON_FAILURE): Element 'Object Repository/Repo/MyStay/BookRental/android.widget.TextView - Book a Rental' is exist

24-04-2025T13:37:48 - [MESSAGE][PASSED] - Element 'Object Repository/Repo/MyStay/BookRental/android.widget.TextView - Book a Rental' is exist

24-04-2025T13:37:48 - [TEST_STEP][PASSED] - if (!(isElementExist)): null

24-04-2025T13:37:48 - [TEST_STEP][PASSED] - isElementExist = verifyElementExist(findTestObject(elementPath), 10, STOP_ON_FAILURE): Element 'Object Repository/Repo/MyStay/BookRental/android.widget.TextView - Westgate Resorts' is exist

24-04-2025T13:37:48 - [MESSAGE][PASSED] - Element 'Object Repository/Repo/MyStay/BookRental/android.widget.TextView - Westgate Resorts' is exist

24-04-2025T13:37:48 - [TEST_STEP][PASSED] - if (!(isElementExist)): null

24-04-2025T13:37:48 - [TEST_STEP][PASSED] - isElementExist = verifyElementExist(findTestObject(elementPath), 10, STOP_ON_FAILURE): Element 'Object Repository/Repo/MyStay/BookRental/android.widget.TextView - Book Now' is exist

24-04-2025T13:37:49 - [MESSAGE][PASSED] - Element 'Object Repository/Repo/MyStay/BookRental/android.widget.TextView - Book Now' is exist

24-04-2025T13:37:49 - [TEST_STEP][PASSED] - if (!(isElementExist)): null

24-04-2025T13:37:49 - [TEST_STEP][PASSED] - assert allElementsExist : "One or more elements were not found within the specified timeout": null

24-04-2025T13:37:49 - [TEST_STEP][PASSED] - closeApplication(): Close app successfully

24-04-2025T13:37:54 - [MESSAGE][PASSED] - Close app successfully]]></system-out>
         <system-err><![CDATA[]]></system-err>
      </testcase>
      <testcase name="Test Cases/Book A Rental Tile/C790_C777_BookARentalTile_RenterLandingPage" time="204.01" classname="Test Cases/Book A Rental Tile/C790_C777_BookARentalTile_RenterLandingPage" status="PASSED">
         <system-out><![CDATA[24-04-2025T13:37:54 - [TEST_CASE][PASSED] - Test Cases/Book A Rental Tile/C790_C777_BookARentalTile_RenterLandingPage: Test Cases/Book A Rental Tile/C790_C777_BookARentalTile_RenterLandingPage

24-04-2025T13:37:54 - [TEST_STEP][PASSED] - testData = findTestData("Data Files/C790"): null

24-04-2025T13:37:54 - [TEST_STEP][PASSED] - email = testData.getValue("email", 1): null

24-04-2025T13:37:54 - [TEST_STEP][PASSED] - password = testData.getValue("password", 1): null

24-04-2025T13:37:54 - [TEST_STEP][PASSED] - startApplication(appUrl, true): Started application: '/Users/gv.vignesh/Downloads/WGR-Android-Automation/App Folder/app-debug-Version 2.99.68.apk'

24-04-2025T13:37:54 - [MESSAGE][INFO] - Starting application: '/Users/gv.vignesh/Downloads/WGR-Android-Automation/App Folder/app-debug-Version 2.99.68.apk'

24-04-2025T13:37:54 - [MESSAGE][INFO] - User set preference: ['uiautomator2ServerInstallTimeout', '0']

24-04-2025T13:37:54 - [MESSAGE][INFO] - User set preference: ['deviceId', '']

24-04-2025T13:37:54 - [MESSAGE][INFO] - Detected NodeJS location: "/opt/homebrew/Cellar/node/23.10.0_1/bin/node"

24-04-2025T13:37:54 - [MESSAGE][INFO] - PATH: /opt/homebrew/Cellar/node/23.10.0_1/bin:/opt/homebrew/bin:/usr/bin:/bin:/usr/sbin:/sbin:/Applications/Katalon Studio Enterprise.app/Contents/Eclipse/jre/Contents/Home/bin:/usr/local/bin/

24-04-2025T13:37:54 - [MESSAGE][INFO] - APPIUM_HOME: /Users/gv.vignesh/.appium

24-04-2025T13:37:54 - [MESSAGE][INFO] - appium outlog: /Users/gv.vignesh/Downloads/WGR-Android-Automation/Reports/20250424_125143/Android Regression/20250424_125143/appium.log

24-04-2025T13:37:54 - [MESSAGE][INFO] - appium errlog: /Users/gv.vignesh/Downloads/WGR-Android-Automation/Reports/20250424_125143/Android Regression/20250424_125143/appium_error.log

24-04-2025T13:37:55 - [MESSAGE][INFO] - Appium server started on port 58,446

24-04-2025T13:38:21 - [MESSAGE][PASSED] - Started application: '/Users/gv.vignesh/Downloads/WGR-Android-Automation/App Folder/app-debug-Version 2.99.68.apk'

24-04-2025T13:38:21 - [TEST_STEP][PASSED] - delay(10): Delayed 10 second(s)

24-04-2025T13:38:31 - [MESSAGE][PASSED] - Delayed 10 second(s)

24-04-2025T13:38:31 - [TEST_STEP][PASSED] - tap(findTestObject("Object Repository/Repo/SignUpNewUser/android.widget.Button - Login or Sign Up (1)"), 0): Tapped on element 'Object Repository/Repo/SignUpNewUser/android.widget.Button - Login or Sign Up (1)'

24-04-2025T13:38:31 - [MESSAGE][WARNING] - Timeout '0' is invalid. Using default page load timeout: '30'

24-04-2025T13:38:32 - [MESSAGE][PASSED] - Tapped on element 'Object Repository/Repo/SignUpNewUser/android.widget.Button - Login or Sign Up (1)'

24-04-2025T13:38:32 - [TEST_STEP][PASSED] - delay(10): Delayed 10 second(s)

24-04-2025T13:38:42 - [MESSAGE][PASSED] - Delayed 10 second(s)

24-04-2025T13:38:42 - [TEST_STEP][PASSED] - setText(findTestObject("Object Repository/Repo/SignUpNewUser/android.widget.EditText-LoginPage"), email, 0): Text 'CGARNER024@GMAIL.COM' has been set to element 'Object Repository/Repo/SignUpNewUser/android.widget.EditText-LoginPage'

24-04-2025T13:38:42 - [MESSAGE][WARNING] - Timeout '0' is invalid. Using default page load timeout: '30'

24-04-2025T13:38:43 - [MESSAGE][PASSED] - Text 'CGARNER024@GMAIL.COM' has been set to element 'Object Repository/Repo/SignUpNewUser/android.widget.EditText-LoginPage'

24-04-2025T13:38:43 - [TEST_STEP][PASSED] - hideKeyboard(): Keyboard is hidden

24-04-2025T13:38:45 - [MESSAGE][PASSED] - Keyboard is hidden

24-04-2025T13:38:45 - [TEST_STEP][PASSED] - delay(10): Delayed 10 second(s)

24-04-2025T13:38:55 - [MESSAGE][PASSED] - Delayed 10 second(s)

24-04-2025T13:38:55 - [TEST_STEP][PASSED] - tap(findTestObject("Object Repository/Repo/SignUpNewUser/android.widget.Button - Next (4)"), 0): Tapped on element 'Object Repository/Repo/SignUpNewUser/android.widget.Button - Next (4)'

24-04-2025T13:38:55 - [MESSAGE][WARNING] - Timeout '0' is invalid. Using default page load timeout: '30'

24-04-2025T13:38:55 - [MESSAGE][PASSED] - Tapped on element 'Object Repository/Repo/SignUpNewUser/android.widget.Button - Next (4)'

24-04-2025T13:38:55 - [TEST_STEP][PASSED] - delay(30): Delayed 30 second(s)

24-04-2025T13:39:25 - [MESSAGE][PASSED] - Delayed 30 second(s)

24-04-2025T13:39:25 - [TEST_STEP][PASSED] - setText(findTestObject("Object Repository/Repo/SignUpNewUser/android.widget.EditText (24)"), email, 0): Text 'CGARNER024@GMAIL.COM' has been set to element 'Object Repository/Repo/SignUpNewUser/android.widget.EditText (24)'

24-04-2025T13:39:25 - [MESSAGE][WARNING] - Timeout '0' is invalid. Using default page load timeout: '30'

24-04-2025T13:39:26 - [MESSAGE][PASSED] - Text 'CGARNER024@GMAIL.COM' has been set to element 'Object Repository/Repo/SignUpNewUser/android.widget.EditText (24)'

24-04-2025T13:39:26 - [TEST_STEP][PASSED] - hideKeyboard(): Keyboard is hidden

24-04-2025T13:39:27 - [MESSAGE][PASSED] - Keyboard is hidden

24-04-2025T13:39:27 - [TEST_STEP][PASSED] - delay(20): Delayed 20 second(s)

24-04-2025T13:39:47 - [MESSAGE][PASSED] - Delayed 20 second(s)

24-04-2025T13:39:47 - [TEST_STEP][PASSED] - setText(findTestObject("Object Repository/Repo/SignUpNewUser/android.widget.EditText (25)"), password, 0): Text 'password' has been set to element 'Object Repository/Repo/SignUpNewUser/android.widget.EditText (25)'

24-04-2025T13:39:47 - [MESSAGE][WARNING] - Timeout '0' is invalid. Using default page load timeout: '30'

24-04-2025T13:39:48 - [MESSAGE][PASSED] - Text 'password' has been set to element 'Object Repository/Repo/SignUpNewUser/android.widget.EditText (25)'

24-04-2025T13:39:48 - [TEST_STEP][PASSED] - hideKeyboard(): Keyboard is hidden

24-04-2025T13:39:49 - [MESSAGE][PASSED] - Keyboard is hidden

24-04-2025T13:39:49 - [TEST_STEP][PASSED] - delay(20): Delayed 20 second(s)

24-04-2025T13:40:09 - [MESSAGE][PASSED] - Delayed 20 second(s)

24-04-2025T13:40:09 - [TEST_STEP][PASSED] - tap(findTestObject("Object Repository/Repo/SignUpNewUser/android.widget.Button - LOGIN"), 0): Tapped on element 'Object Repository/Repo/SignUpNewUser/android.widget.Button - LOGIN'

24-04-2025T13:40:09 - [MESSAGE][WARNING] - Timeout '0' is invalid. Using default page load timeout: '30'

24-04-2025T13:40:09 - [MESSAGE][PASSED] - Tapped on element 'Object Repository/Repo/SignUpNewUser/android.widget.Button - LOGIN'

24-04-2025T13:40:09 - [TEST_STEP][PASSED] - delay(20): Delayed 20 second(s)

24-04-2025T13:40:29 - [MESSAGE][PASSED] - Delayed 20 second(s)

24-04-2025T13:40:29 - [TEST_STEP][PASSED] - tap(findTestObject("Object Repository/Repo/SignUpNewUser/android.view.View - My Account"), 0): Tapped on element 'Object Repository/Repo/SignUpNewUser/android.view.View - My Account'

24-04-2025T13:40:29 - [MESSAGE][WARNING] - Timeout '0' is invalid. Using default page load timeout: '30'

24-04-2025T13:40:30 - [MESSAGE][PASSED] - Tapped on element 'Object Repository/Repo/SignUpNewUser/android.view.View - My Account'

24-04-2025T13:40:30 - [TEST_STEP][PASSED] - delay(5): Delayed 5 second(s)

24-04-2025T13:40:35 - [MESSAGE][PASSED] - Delayed 5 second(s)

24-04-2025T13:40:35 - [TEST_STEP][PASSED] - verifyElementWithContinue("Object Repository/Repo/SignUpNewUser/android.widget.TextView - Add An Account Number"): null

24-04-2025T13:40:35 - [TEST_STEP][PASSED] - try: Element 'Object Repository/Repo/SignUpNewUser/android.widget.TextView - Add An Account Number' is exist

24-04-2025T13:40:35 - [TEST_STEP][PASSED] - verifyElementExist(findTestObject(objectPath), 10, STOP_ON_FAILURE): Element 'Object Repository/Repo/SignUpNewUser/android.widget.TextView - Add An Account Number' is exist

24-04-2025T13:40:35 - [MESSAGE][PASSED] - Element 'Object Repository/Repo/SignUpNewUser/android.widget.TextView - Add An Account Number' is exist

24-04-2025T13:40:35 - [TEST_STEP][PASSED] - delay(3): Delayed 3 second(s)

24-04-2025T13:40:38 - [MESSAGE][PASSED] - Delayed 3 second(s)

24-04-2025T13:40:38 - [TEST_STEP][PASSED] - verifyElementWithContinue("Object Repository/Repo/SignUpNewUser/android.view.View (3)"): null

24-04-2025T13:40:38 - [TEST_STEP][PASSED] - try: Element 'Object Repository/Repo/SignUpNewUser/android.view.View (3)' is exist

24-04-2025T13:40:38 - [TEST_STEP][PASSED] - verifyElementExist(findTestObject(objectPath), 10, STOP_ON_FAILURE): Element 'Object Repository/Repo/SignUpNewUser/android.view.View (3)' is exist

24-04-2025T13:40:38 - [MESSAGE][PASSED] - Element 'Object Repository/Repo/SignUpNewUser/android.view.View (3)' is exist

24-04-2025T13:40:38 - [TEST_STEP][PASSED] - delay(3): Delayed 3 second(s)

24-04-2025T13:40:41 - [MESSAGE][PASSED] - Delayed 3 second(s)

24-04-2025T13:40:41 - [TEST_STEP][PASSED] - delay(3): Delayed 3 second(s)

24-04-2025T13:40:44 - [MESSAGE][PASSED] - Delayed 3 second(s)

24-04-2025T13:40:44 - [TEST_STEP][PASSED] - verifyElementWithContinue("Object Repository/Repo/SignUpNewUser/android.widget.TextView - Book a Rental"): null

24-04-2025T13:40:44 - [TEST_STEP][PASSED] - try: Element 'Object Repository/Repo/SignUpNewUser/android.widget.TextView - Book a Rental' is exist

24-04-2025T13:40:44 - [TEST_STEP][PASSED] - verifyElementExist(findTestObject(objectPath), 10, STOP_ON_FAILURE): Element 'Object Repository/Repo/SignUpNewUser/android.widget.TextView - Book a Rental' is exist

24-04-2025T13:40:45 - [MESSAGE][PASSED] - Element 'Object Repository/Repo/SignUpNewUser/android.widget.TextView - Book a Rental' is exist

24-04-2025T13:40:45 - [TEST_STEP][PASSED] - delay(3): Delayed 3 second(s)

24-04-2025T13:40:48 - [MESSAGE][PASSED] - Delayed 3 second(s)

24-04-2025T13:40:48 - [TEST_STEP][PASSED] - delay(3): Delayed 3 second(s)

24-04-2025T13:40:51 - [MESSAGE][PASSED] - Delayed 3 second(s)

24-04-2025T13:40:51 - [TEST_STEP][PASSED] - scrollToText("Payment Wallet"): Scrolling to text 'Payment Wallet' successfully

24-04-2025T13:40:55 - [MESSAGE][PASSED] - Scrolling to text 'Payment Wallet' successfully

24-04-2025T13:40:55 - [TEST_STEP][PASSED] - verifyElementWithContinue("Object Repository/Repo/SignUpNewUser/android.widget.TextView - Payment Wallet"): null

24-04-2025T13:40:55 - [TEST_STEP][PASSED] - try: Element 'Object Repository/Repo/SignUpNewUser/android.widget.TextView - Payment Wallet' is exist

24-04-2025T13:40:55 - [TEST_STEP][PASSED] - verifyElementExist(findTestObject(objectPath), 10, STOP_ON_FAILURE): Element 'Object Repository/Repo/SignUpNewUser/android.widget.TextView - Payment Wallet' is exist

24-04-2025T13:40:55 - [MESSAGE][PASSED] - Element 'Object Repository/Repo/SignUpNewUser/android.widget.TextView - Payment Wallet' is exist

24-04-2025T13:40:55 - [TEST_STEP][PASSED] - delay(3): Delayed 3 second(s)

24-04-2025T13:40:58 - [MESSAGE][PASSED] - Delayed 3 second(s)

24-04-2025T13:40:58 - [TEST_STEP][PASSED] - delay(3): Delayed 3 second(s)

24-04-2025T13:41:01 - [MESSAGE][PASSED] - Delayed 3 second(s)

24-04-2025T13:41:01 - [TEST_STEP][PASSED] - verifyElementWithContinue("Object Repository/Repo/SignUpNewUser/android.view.View (4)"): null

24-04-2025T13:41:01 - [TEST_STEP][PASSED] - try: Element 'Object Repository/Repo/SignUpNewUser/android.view.View (4)' is exist

24-04-2025T13:41:01 - [TEST_STEP][PASSED] - verifyElementExist(findTestObject(objectPath), 10, STOP_ON_FAILURE): Element 'Object Repository/Repo/SignUpNewUser/android.view.View (4)' is exist

24-04-2025T13:41:02 - [MESSAGE][PASSED] - Element 'Object Repository/Repo/SignUpNewUser/android.view.View (4)' is exist

24-04-2025T13:41:02 - [TEST_STEP][PASSED] - delay(3): Delayed 3 second(s)

24-04-2025T13:41:05 - [MESSAGE][PASSED] - Delayed 3 second(s)

24-04-2025T13:41:05 - [TEST_STEP][PASSED] - delay(3): Delayed 3 second(s)

24-04-2025T13:41:08 - [MESSAGE][PASSED] - Delayed 3 second(s)

24-04-2025T13:41:08 - [TEST_STEP][PASSED] - verifyElementWithContinue("Object Repository/Repo/SignUpNewUser/android.widget.ListView"): null

24-04-2025T13:41:08 - [TEST_STEP][PASSED] - try: Element 'Object Repository/Repo/SignUpNewUser/android.widget.ListView' is exist

24-04-2025T13:41:08 - [TEST_STEP][PASSED] - verifyElementExist(findTestObject(objectPath), 10, STOP_ON_FAILURE): Element 'Object Repository/Repo/SignUpNewUser/android.widget.ListView' is exist

24-04-2025T13:41:08 - [MESSAGE][PASSED] - Element 'Object Repository/Repo/SignUpNewUser/android.widget.ListView' is exist

24-04-2025T13:41:08 - [TEST_STEP][PASSED] - delay(3): Delayed 3 second(s)

24-04-2025T13:41:11 - [MESSAGE][PASSED] - Delayed 3 second(s)

24-04-2025T13:41:11 - [TEST_STEP][PASSED] - delay(3): Delayed 3 second(s)

24-04-2025T13:41:14 - [MESSAGE][PASSED] - Delayed 3 second(s)

24-04-2025T13:41:14 - [TEST_STEP][PASSED] - closeApplication(): Close app successfully

24-04-2025T13:41:18 - [MESSAGE][PASSED] - Close app successfully]]></system-out>
         <system-err><![CDATA[]]></system-err>
      </testcase>
      <testcase name="Test Cases/Book A Rental Tile/WRMA-473_BookARentalTile_AccountAlerts" time="239.221" classname="Test Cases/Book A Rental Tile/WRMA-473_BookARentalTile_AccountAlerts" status="PASSED">
         <system-out><![CDATA[24-04-2025T13:41:18 - [TEST_CASE][PASSED] - Test Cases/Book A Rental Tile/WRMA-473_BookARentalTile_AccountAlerts: Test Cases/Book A Rental Tile/WRMA-473_BookARentalTile_AccountAlerts

24-04-2025T13:41:18 - [TEST_STEP][PASSED] - startApplication(appUrl, true): Started application: '/Users/gv.vignesh/Downloads/WGR-Android-Automation/App Folder/app-debug-Version 2.99.68.apk'

24-04-2025T13:41:18 - [MESSAGE][INFO] - Starting application: '/Users/gv.vignesh/Downloads/WGR-Android-Automation/App Folder/app-debug-Version 2.99.68.apk'

24-04-2025T13:41:18 - [MESSAGE][INFO] - User set preference: ['uiautomator2ServerInstallTimeout', '0']

24-04-2025T13:41:18 - [MESSAGE][INFO] - User set preference: ['deviceId', '']

24-04-2025T13:41:18 - [MESSAGE][INFO] - Detected NodeJS location: "/opt/homebrew/Cellar/node/23.10.0_1/bin/node"

24-04-2025T13:41:18 - [MESSAGE][INFO] - PATH: /opt/homebrew/Cellar/node/23.10.0_1/bin:/opt/homebrew/bin:/usr/bin:/bin:/usr/sbin:/sbin:/Applications/Katalon Studio Enterprise.app/Contents/Eclipse/jre/Contents/Home/bin:/usr/local/bin/

24-04-2025T13:41:18 - [MESSAGE][INFO] - APPIUM_HOME: /Users/gv.vignesh/.appium

24-04-2025T13:41:18 - [MESSAGE][INFO] - appium outlog: /Users/gv.vignesh/Downloads/WGR-Android-Automation/Reports/20250424_125143/Android Regression/20250424_125143/appium.log

24-04-2025T13:41:18 - [MESSAGE][INFO] - appium errlog: /Users/gv.vignesh/Downloads/WGR-Android-Automation/Reports/20250424_125143/Android Regression/20250424_125143/appium_error.log

24-04-2025T13:41:19 - [MESSAGE][INFO] - Appium server started on port 58,754

24-04-2025T13:41:46 - [MESSAGE][PASSED] - Started application: '/Users/gv.vignesh/Downloads/WGR-Android-Automation/App Folder/app-debug-Version 2.99.68.apk'

24-04-2025T13:41:46 - [TEST_STEP][PASSED] - delay(10): Delayed 10 second(s)

24-04-2025T13:41:56 - [MESSAGE][PASSED] - Delayed 10 second(s)

24-04-2025T13:41:56 - [TEST_STEP][PASSED] - tap(findTestObject("Object Repository/Repo/MyStay/android.widget.Button - Login or Sign Up (1)"), 0): Tapped on element 'Object Repository/Repo/MyStay/android.widget.Button - Login or Sign Up (1)'

24-04-2025T13:41:56 - [MESSAGE][WARNING] - Timeout '0' is invalid. Using default page load timeout: '30'

24-04-2025T13:41:57 - [MESSAGE][PASSED] - Tapped on element 'Object Repository/Repo/MyStay/android.widget.Button - Login or Sign Up (1)'

24-04-2025T13:41:57 - [TEST_STEP][PASSED] - delay(10): Delayed 10 second(s)

24-04-2025T13:42:07 - [MESSAGE][PASSED] - Delayed 10 second(s)

24-04-2025T13:42:07 - [TEST_STEP][PASSED] - setText(findTestObject("Object Repository/Repo/MyStay/android.widget.EditText (3)"), "CGARNER024@GMAIL.COM", 0): Text 'CGARNER024@GMAIL.COM' has been set to element 'Object Repository/Repo/MyStay/android.widget.EditText (3)'

24-04-2025T13:42:07 - [MESSAGE][WARNING] - Timeout '0' is invalid. Using default page load timeout: '30'

24-04-2025T13:42:09 - [MESSAGE][PASSED] - Text 'CGARNER024@GMAIL.COM' has been set to element 'Object Repository/Repo/MyStay/android.widget.EditText (3)'

24-04-2025T13:42:09 - [TEST_STEP][PASSED] - hideKeyboard(): Keyboard is hidden

24-04-2025T13:42:10 - [MESSAGE][PASSED] - Keyboard is hidden

24-04-2025T13:42:10 - [TEST_STEP][PASSED] - delay(10): Delayed 10 second(s)

24-04-2025T13:42:20 - [MESSAGE][PASSED] - Delayed 10 second(s)

24-04-2025T13:42:20 - [TEST_STEP][PASSED] - tap(findTestObject("Object Repository/Repo/MyStay/android.widget.Button - Next (1)"), 0): Tapped on element 'Object Repository/Repo/MyStay/android.widget.Button - Next (1)'

24-04-2025T13:42:20 - [MESSAGE][WARNING] - Timeout '0' is invalid. Using default page load timeout: '30'

24-04-2025T13:42:21 - [MESSAGE][PASSED] - Tapped on element 'Object Repository/Repo/MyStay/android.widget.Button - Next (1)'

24-04-2025T13:42:21 - [TEST_STEP][PASSED] - delay(10): Delayed 10 second(s)

24-04-2025T13:42:31 - [MESSAGE][PASSED] - Delayed 10 second(s)

24-04-2025T13:42:31 - [TEST_STEP][PASSED] - delay(30): Delayed 30 second(s)

24-04-2025T13:43:01 - [MESSAGE][PASSED] - Delayed 30 second(s)

24-04-2025T13:43:01 - [TEST_STEP][PASSED] - setText(findTestObject("Object Repository/Repo/SignUpNewUser/android.widget.EditText (24)"), "CGARNER024@GMAIL.COM", 0): Text 'CGARNER024@GMAIL.COM' has been set to element 'Object Repository/Repo/SignUpNewUser/android.widget.EditText (24)'

24-04-2025T13:43:01 - [MESSAGE][WARNING] - Timeout '0' is invalid. Using default page load timeout: '30'

24-04-2025T13:43:01 - [MESSAGE][PASSED] - Text 'CGARNER024@GMAIL.COM' has been set to element 'Object Repository/Repo/SignUpNewUser/android.widget.EditText (24)'

24-04-2025T13:43:01 - [TEST_STEP][PASSED] - hideKeyboard(): Keyboard is hidden

24-04-2025T13:43:02 - [MESSAGE][PASSED] - Keyboard is hidden

24-04-2025T13:43:02 - [TEST_STEP][PASSED] - delay(20): Delayed 20 second(s)

24-04-2025T13:43:22 - [MESSAGE][PASSED] - Delayed 20 second(s)

24-04-2025T13:43:22 - [TEST_STEP][PASSED] - setText(findTestObject("Object Repository/Repo/SignUpNewUser/android.widget.EditText (25)"), "password", 0): Text 'password' has been set to element 'Object Repository/Repo/SignUpNewUser/android.widget.EditText (25)'

24-04-2025T13:43:22 - [MESSAGE][WARNING] - Timeout '0' is invalid. Using default page load timeout: '30'

24-04-2025T13:43:23 - [MESSAGE][PASSED] - Text 'password' has been set to element 'Object Repository/Repo/SignUpNewUser/android.widget.EditText (25)'

24-04-2025T13:43:23 - [TEST_STEP][PASSED] - hideKeyboard(): Keyboard is hidden

24-04-2025T13:43:25 - [MESSAGE][PASSED] - Keyboard is hidden

24-04-2025T13:43:25 - [TEST_STEP][PASSED] - delay(20): Delayed 20 second(s)

24-04-2025T13:43:45 - [MESSAGE][PASSED] - Delayed 20 second(s)

24-04-2025T13:43:45 - [TEST_STEP][PASSED] - tap(findTestObject("Object Repository/Repo/SignUpNewUser/android.widget.Button - LOGIN"), 0): Tapped on element 'Object Repository/Repo/SignUpNewUser/android.widget.Button - LOGIN'

24-04-2025T13:43:45 - [MESSAGE][WARNING] - Timeout '0' is invalid. Using default page load timeout: '30'

24-04-2025T13:43:47 - [MESSAGE][PASSED] - Tapped on element 'Object Repository/Repo/SignUpNewUser/android.widget.Button - LOGIN'

24-04-2025T13:43:47 - [TEST_STEP][PASSED] - delay(20): Delayed 20 second(s)

24-04-2025T13:44:07 - [MESSAGE][PASSED] - Delayed 20 second(s)

24-04-2025T13:44:07 - [TEST_STEP][PASSED] - tap(findTestObject("Object Repository/Repo/MyStay/android.view.View - My Account"), 0): Tapped on element 'Object Repository/Repo/MyStay/android.view.View - My Account'

24-04-2025T13:44:07 - [MESSAGE][WARNING] - Timeout '0' is invalid. Using default page load timeout: '30'

24-04-2025T13:44:07 - [MESSAGE][PASSED] - Tapped on element 'Object Repository/Repo/MyStay/android.view.View - My Account'

24-04-2025T13:44:07 - [TEST_STEP][PASSED] - delay(10): Delayed 10 second(s)

24-04-2025T13:44:18 - [MESSAGE][PASSED] - Delayed 10 second(s)

24-04-2025T13:44:18 - [TEST_STEP][PASSED] - assert verifyElementExist(findTestObject("Object Repository/Repo/MyStay/android.view.View"), 0): Element 'Object Repository/Repo/MyStay/android.view.View' is exist

24-04-2025T13:44:18 - [MESSAGE][WARNING] - Timeout '0' is invalid. Using default page load timeout: '30'

24-04-2025T13:44:18 - [MESSAGE][PASSED] - Element 'Object Repository/Repo/MyStay/android.view.View' is exist

24-04-2025T13:44:18 - [TEST_STEP][PASSED] - delay(10): Delayed 10 second(s)

24-04-2025T13:44:28 - [MESSAGE][PASSED] - Delayed 10 second(s)

24-04-2025T13:44:28 - [TEST_STEP][PASSED] - assert verifyElementExist(findTestObject("Object Repository/Repo/MyStay/android.widget.TextView - Add An Account Number"), 0): Element 'Object Repository/Repo/MyStay/android.widget.TextView - Add An Account Number' is exist

24-04-2025T13:44:28 - [MESSAGE][WARNING] - Timeout '0' is invalid. Using default page load timeout: '30'

24-04-2025T13:44:28 - [MESSAGE][PASSED] - Element 'Object Repository/Repo/MyStay/android.widget.TextView - Add An Account Number' is exist

24-04-2025T13:44:28 - [TEST_STEP][PASSED] - delay(10): Delayed 10 second(s)

24-04-2025T13:44:38 - [MESSAGE][PASSED] - Delayed 10 second(s)

24-04-2025T13:44:38 - [TEST_STEP][PASSED] - tap(findTestObject("Object Repository/Repo/MyStay/android.widget.TextView - Book Now"), 0): Tapped on element 'Object Repository/Repo/MyStay/android.widget.TextView - Book Now'

24-04-2025T13:44:38 - [MESSAGE][WARNING] - Timeout '0' is invalid. Using default page load timeout: '30'

24-04-2025T13:44:39 - [MESSAGE][PASSED] - Tapped on element 'Object Repository/Repo/MyStay/android.widget.TextView - Book Now'

24-04-2025T13:44:39 - [TEST_STEP][PASSED] - delay(30): Delayed 30 second(s)

24-04-2025T13:45:09 - [MESSAGE][PASSED] - Delayed 30 second(s)

24-04-2025T13:45:09 - [TEST_STEP][PASSED] - takeScreenshot("/var/folders/31/bxrgywy908s0_m3f2mfxp_cc0000gn/T/screenshot7822840804442700393.png"): Screenshot is taken

24-04-2025T13:45:12 - [MESSAGE][PASSED] - Screenshot is taken
[[ATTACHMENT|/var/folders/31/bxrgywy908s0_m3f2mfxp_cc0000gn/T/screenshot7822840804442700393.png]]

24-04-2025T13:45:12 - [TEST_STEP][PASSED] - assert verifyElementExist(findTestObject("Object Repository/Repo/MyStay/android.widget.TextView - WESTGATE RESORTS"), 0): Element 'Object Repository/Repo/MyStay/android.widget.TextView - WESTGATE RESORTS' is exist

24-04-2025T13:45:12 - [MESSAGE][WARNING] - Timeout '0' is invalid. Using default page load timeout: '30'

24-04-2025T13:45:13 - [MESSAGE][PASSED] - Element 'Object Repository/Repo/MyStay/android.widget.TextView - WESTGATE RESORTS' is exist

24-04-2025T13:45:13 - [TEST_STEP][PASSED] - closeApplication(): Close app successfully

24-04-2025T13:45:17 - [MESSAGE][PASSED] - Close app successfully]]></system-out>
         <system-err><![CDATA[]]></system-err>
      </testcase>
      <testcase name="Test Cases/Delete Account/C669_DeleteAccount_VerifyAccountDeletion" time="262.822" classname="Test Cases/Delete Account/C669_DeleteAccount_VerifyAccountDeletion" status="PASSED">
         <system-out><![CDATA[24-04-2025T13:45:17 - [TEST_CASE][PASSED] - Test Cases/Delete Account/C669_DeleteAccount_VerifyAccountDeletion: Test Cases/Delete Account/C669_DeleteAccount_VerifyAccountDeletion

24-04-2025T13:45:17 - [TEST_STEP][PASSED] - testData = findTestData("Data Files/C669"): null

24-04-2025T13:45:17 - [TEST_STEP][PASSED] - email = testData.getValue("email", 1): null

24-04-2025T13:45:17 - [TEST_STEP][PASSED] - password = testData.getValue("password", 1): null

24-04-2025T13:45:17 - [TEST_STEP][PASSED] - deleteConfirmation = testData.getValue("delete_confirmation", 1): null

24-04-2025T13:45:17 - [TEST_STEP][PASSED] - startApplication(appUrl, true): Started application: '/Users/gv.vignesh/Downloads/WGR-Android-Automation/App Folder/app-debug-Version 2.99.68.apk'

24-04-2025T13:45:17 - [MESSAGE][INFO] - Starting application: '/Users/gv.vignesh/Downloads/WGR-Android-Automation/App Folder/app-debug-Version 2.99.68.apk'

24-04-2025T13:45:17 - [MESSAGE][INFO] - User set preference: ['uiautomator2ServerInstallTimeout', '0']

24-04-2025T13:45:17 - [MESSAGE][INFO] - User set preference: ['deviceId', '']

24-04-2025T13:45:17 - [MESSAGE][INFO] - Detected NodeJS location: "/opt/homebrew/Cellar/node/23.10.0_1/bin/node"

24-04-2025T13:45:17 - [MESSAGE][INFO] - PATH: /opt/homebrew/Cellar/node/23.10.0_1/bin:/opt/homebrew/bin:/usr/bin:/bin:/usr/sbin:/sbin:/Applications/Katalon Studio Enterprise.app/Contents/Eclipse/jre/Contents/Home/bin:/usr/local/bin/

24-04-2025T13:45:17 - [MESSAGE][INFO] - APPIUM_HOME: /Users/gv.vignesh/.appium

24-04-2025T13:45:17 - [MESSAGE][INFO] - appium outlog: /Users/gv.vignesh/Downloads/WGR-Android-Automation/Reports/20250424_125143/Android Regression/20250424_125143/appium.log

24-04-2025T13:45:17 - [MESSAGE][INFO] - appium errlog: /Users/gv.vignesh/Downloads/WGR-Android-Automation/Reports/20250424_125143/Android Regression/20250424_125143/appium_error.log

24-04-2025T13:45:18 - [MESSAGE][INFO] - Appium server started on port 59,084

24-04-2025T13:45:55 - [MESSAGE][PASSED] - Started application: '/Users/gv.vignesh/Downloads/WGR-Android-Automation/App Folder/app-debug-Version 2.99.68.apk'

24-04-2025T13:45:55 - [TEST_STEP][PASSED] - delay(10): Delayed 10 second(s)

24-04-2025T13:46:05 - [MESSAGE][PASSED] - Delayed 10 second(s)

24-04-2025T13:46:05 - [TEST_STEP][PASSED] - tap(findTestObject("Object Repository/Repo/android.widget.Button - Login or Sign Up"), 0): Tapped on element 'Object Repository/Repo/android.widget.Button - Login or Sign Up'

24-04-2025T13:46:05 - [MESSAGE][WARNING] - Timeout '0' is invalid. Using default page load timeout: '30'

24-04-2025T13:46:07 - [MESSAGE][PASSED] - Tapped on element 'Object Repository/Repo/android.widget.Button - Login or Sign Up'

24-04-2025T13:46:07 - [TEST_STEP][PASSED] - delay(10): Delayed 10 second(s)

24-04-2025T13:46:17 - [MESSAGE][PASSED] - Delayed 10 second(s)

24-04-2025T13:46:17 - [TEST_STEP][PASSED] - setText(findTestObject("Object Repository/Repo/android.widget.EditText-NewUserName-LoginPage"), email, 0): Text '0425240TM@WG.COM' has been set to element 'Object Repository/Repo/android.widget.EditText-NewUserName-LoginPage'

24-04-2025T13:46:17 - [MESSAGE][WARNING] - Timeout '0' is invalid. Using default page load timeout: '30'

24-04-2025T13:46:17 - [MESSAGE][PASSED] - Text '0425240TM@WG.COM' has been set to element 'Object Repository/Repo/android.widget.EditText-NewUserName-LoginPage'

24-04-2025T13:46:17 - [TEST_STEP][PASSED] - hideKeyboard(): Keyboard is hidden

24-04-2025T13:46:19 - [MESSAGE][PASSED] - Keyboard is hidden

24-04-2025T13:46:19 - [TEST_STEP][PASSED] - delay(10): Delayed 10 second(s)

24-04-2025T13:46:29 - [MESSAGE][PASSED] - Delayed 10 second(s)

24-04-2025T13:46:29 - [TEST_STEP][PASSED] - tap(findTestObject("Object Repository/Repo/android.widget.Button - Next"), 0): Tapped on element 'Object Repository/Repo/android.widget.Button - Next'

24-04-2025T13:46:29 - [MESSAGE][WARNING] - Timeout '0' is invalid. Using default page load timeout: '30'

24-04-2025T13:46:29 - [MESSAGE][PASSED] - Tapped on element 'Object Repository/Repo/android.widget.Button - Next'

24-04-2025T13:46:29 - [TEST_STEP][PASSED] - delay(30): Delayed 30 second(s)

24-04-2025T13:46:59 - [MESSAGE][PASSED] - Delayed 30 second(s)

24-04-2025T13:46:59 - [TEST_STEP][PASSED] - setText(findTestObject("Object Repository/Repo/android.widget.EditText-OAM(Login)"), email, 0): Text '0425240TM@WG.COM' has been set to element 'Object Repository/Repo/android.widget.EditText-OAM(Login)'

24-04-2025T13:46:59 - [MESSAGE][WARNING] - Timeout '0' is invalid. Using default page load timeout: '30'

24-04-2025T13:46:59 - [MESSAGE][PASSED] - Text '0425240TM@WG.COM' has been set to element 'Object Repository/Repo/android.widget.EditText-OAM(Login)'

24-04-2025T13:46:59 - [TEST_STEP][PASSED] - hideKeyboard(): Keyboard is hidden

24-04-2025T13:47:00 - [MESSAGE][PASSED] - Keyboard is hidden

24-04-2025T13:47:00 - [TEST_STEP][PASSED] - delay(20): Delayed 20 second(s)

24-04-2025T13:47:20 - [MESSAGE][PASSED] - Delayed 20 second(s)

24-04-2025T13:47:20 - [TEST_STEP][PASSED] - setText(findTestObject("Object Repository/Repo/android.widget.EditText-OAM(Password)"), password, 0): Text 'password' has been set to element 'Object Repository/Repo/android.widget.EditText-OAM(Password)'

24-04-2025T13:47:20 - [MESSAGE][WARNING] - Timeout '0' is invalid. Using default page load timeout: '30'

24-04-2025T13:47:21 - [MESSAGE][PASSED] - Text 'password' has been set to element 'Object Repository/Repo/android.widget.EditText-OAM(Password)'

24-04-2025T13:47:21 - [TEST_STEP][PASSED] - hideKeyboard(): Keyboard is hidden

24-04-2025T13:47:22 - [MESSAGE][PASSED] - Keyboard is hidden

24-04-2025T13:47:22 - [TEST_STEP][PASSED] - delay(20): Delayed 20 second(s)

24-04-2025T13:47:42 - [MESSAGE][PASSED] - Delayed 20 second(s)

24-04-2025T13:47:42 - [TEST_STEP][PASSED] - tap(findTestObject("Object Repository/Repo/android.widget.Button -OAM(Login)"), 0): Tapped on element 'Object Repository/Repo/android.widget.Button -OAM(Login)'

24-04-2025T13:47:42 - [MESSAGE][WARNING] - Timeout '0' is invalid. Using default page load timeout: '30'

24-04-2025T13:47:42 - [MESSAGE][PASSED] - Tapped on element 'Object Repository/Repo/android.widget.Button -OAM(Login)'

24-04-2025T13:47:42 - [TEST_STEP][PASSED] - delay(20): Delayed 20 second(s)

24-04-2025T13:48:02 - [MESSAGE][PASSED] - Delayed 20 second(s)

24-04-2025T13:48:02 - [TEST_STEP][PASSED] - tap(findTestObject("Object Repository/Repo/android.view.View - Home"), 0): Tapped on element 'Object Repository/Repo/android.view.View - Home'

24-04-2025T13:48:02 - [MESSAGE][WARNING] - Timeout '0' is invalid. Using default page load timeout: '30'

24-04-2025T13:48:03 - [MESSAGE][PASSED] - Tapped on element 'Object Repository/Repo/android.view.View - Home'

24-04-2025T13:48:03 - [TEST_STEP][PASSED] - delay(10): Delayed 10 second(s)

24-04-2025T13:48:13 - [MESSAGE][PASSED] - Delayed 10 second(s)

24-04-2025T13:48:13 - [TEST_STEP][PASSED] - tap(findTestObject("Object Repository/Repo/android.widget.Button - menu"), 0): Tapped on element 'Object Repository/Repo/android.widget.Button - menu'

24-04-2025T13:48:13 - [MESSAGE][WARNING] - Timeout '0' is invalid. Using default page load timeout: '30'

24-04-2025T13:48:13 - [MESSAGE][PASSED] - Tapped on element 'Object Repository/Repo/android.widget.Button - menu'

24-04-2025T13:48:13 - [TEST_STEP][PASSED] - delay(10): Delayed 10 second(s)

24-04-2025T13:48:23 - [MESSAGE][PASSED] - Delayed 10 second(s)

24-04-2025T13:48:23 - [TEST_STEP][PASSED] - tap(findTestObject("Object Repository/Repo/android.widget.TabWidget-Settings"), 0): Tapped on element 'Object Repository/Repo/android.widget.TabWidget-Settings'

24-04-2025T13:48:23 - [MESSAGE][WARNING] - Timeout '0' is invalid. Using default page load timeout: '30'

24-04-2025T13:48:24 - [MESSAGE][PASSED] - Tapped on element 'Object Repository/Repo/android.widget.TabWidget-Settings'

24-04-2025T13:48:24 - [TEST_STEP][PASSED] - delay(10): Delayed 10 second(s)

24-04-2025T13:48:34 - [MESSAGE][PASSED] - Delayed 10 second(s)

24-04-2025T13:48:34 - [TEST_STEP][PASSED] - tap(findTestObject("Object Repository/Repo/android.widget.Button - Delete My Account"), 0): Tapped on element 'Object Repository/Repo/android.widget.Button - Delete My Account'

24-04-2025T13:48:34 - [MESSAGE][WARNING] - Timeout '0' is invalid. Using default page load timeout: '30'

24-04-2025T13:48:34 - [MESSAGE][PASSED] - Tapped on element 'Object Repository/Repo/android.widget.Button - Delete My Account'

24-04-2025T13:48:34 - [TEST_STEP][PASSED] - delay(10): Delayed 10 second(s)

24-04-2025T13:48:44 - [MESSAGE][PASSED] - Delayed 10 second(s)

24-04-2025T13:48:44 - [TEST_STEP][PASSED] - assert waitForElementPresent(findTestObject("Object Repository/Repo/android.widget.TextView - Deleting your account will also delete your Online Account Management profile, and if youre a W.O.W. Loyalty Member or participate in the Westgate Travel Partner program, your benefits will be disrupted"), 10): Element 'Object Repository/Repo/android.widget.TextView - Deleting your account will also delete your Online Account Management profile, and if youre a W.O.W. Loyalty Member or participate in the Westgate Travel Partner program, your benefits will be disrupted' is present

24-04-2025T13:48:44 - [MESSAGE][PASSED] - Element 'Object Repository/Repo/android.widget.TextView - Deleting your account will also delete your Online Account Management profile, and if youre a W.O.W. Loyalty Member or participate in the Westgate Travel Partner program, your benefits will be disrupted' is present

24-04-2025T13:48:44 - [TEST_STEP][PASSED] - assert waitForElementPresent(findTestObject("Object Repository/Repo/android.widget.TextView - If you proceed, it can take up to two days for your account to be fully purged from our system"), 10): Element 'Object Repository/Repo/android.widget.TextView - If you proceed, it can take up to two days for your account to be fully purged from our system' is present

24-04-2025T13:48:45 - [MESSAGE][PASSED] - Element 'Object Repository/Repo/android.widget.TextView - If you proceed, it can take up to two days for your account to be fully purged from our system' is present

24-04-2025T13:48:45 - [TEST_STEP][PASSED] - delay(10): Delayed 10 second(s)

24-04-2025T13:48:55 - [MESSAGE][PASSED] - Delayed 10 second(s)

24-04-2025T13:48:55 - [TEST_STEP][PASSED] - setText(findTestObject("Object Repository/Repo/android.widget.EditText-DeleteConfirmationMessage"), deleteConfirmation, 0): Text 'delete' has been set to element 'Object Repository/Repo/android.widget.EditText-DeleteConfirmationMessage'

24-04-2025T13:48:55 - [MESSAGE][WARNING] - Timeout '0' is invalid. Using default page load timeout: '30'

24-04-2025T13:48:55 - [MESSAGE][PASSED] - Text 'delete' has been set to element 'Object Repository/Repo/android.widget.EditText-DeleteConfirmationMessage'

24-04-2025T13:48:55 - [TEST_STEP][PASSED] - delay(10): Delayed 10 second(s)

24-04-2025T13:49:05 - [MESSAGE][PASSED] - Delayed 10 second(s)

24-04-2025T13:49:05 - [TEST_STEP][PASSED] - tap(findTestObject("Object Repository/Repo/android.widget.Button - Delete"), 0): Tapped on element 'Object Repository/Repo/android.widget.Button - Delete'

24-04-2025T13:49:05 - [MESSAGE][WARNING] - Timeout '0' is invalid. Using default page load timeout: '30'

24-04-2025T13:49:05 - [MESSAGE][PASSED] - Tapped on element 'Object Repository/Repo/android.widget.Button - Delete'

24-04-2025T13:49:05 - [TEST_STEP][PASSED] - delay(10): Delayed 10 second(s)

24-04-2025T13:49:15 - [MESSAGE][PASSED] - Delayed 10 second(s)

24-04-2025T13:49:15 - [TEST_STEP][PASSED] - assert waitForElementPresent(findTestObject("Object Repository/Repo/android.widget.TextView - Sorry to see you go"), 10): Element 'Object Repository/Repo/android.widget.TextView - Sorry to see you go' is present

24-04-2025T13:49:16 - [MESSAGE][PASSED] - Element 'Object Repository/Repo/android.widget.TextView - Sorry to see you go' is present

24-04-2025T13:49:16 - [TEST_STEP][PASSED] - delay(10): Delayed 10 second(s)

24-04-2025T13:49:26 - [MESSAGE][PASSED] - Delayed 10 second(s)

24-04-2025T13:49:26 - [TEST_STEP][PASSED] - tap(findTestObject("Object Repository/Repo/android.widget.Button - Done"), 0): Tapped on element 'Object Repository/Repo/android.widget.Button - Done'

24-04-2025T13:49:26 - [MESSAGE][WARNING] - Timeout '0' is invalid. Using default page load timeout: '30'

24-04-2025T13:49:26 - [MESSAGE][PASSED] - Tapped on element 'Object Repository/Repo/android.widget.Button - Done'

24-04-2025T13:49:26 - [TEST_STEP][PASSED] - delay(10): Delayed 10 second(s)

24-04-2025T13:49:36 - [MESSAGE][PASSED] - Delayed 10 second(s)

24-04-2025T13:49:36 - [TEST_STEP][PASSED] - closeApplication(): Close app successfully

24-04-2025T13:49:40 - [MESSAGE][PASSED] - Close app successfully]]></system-out>
         <system-err><![CDATA[]]></system-err>
      </testcase>
      <testcase name="Test Cases/My Stay And Reservations/C748_MyStayAndReservations_MyStay_Current tab_Activestay_See all" time="196.675" classname="Test Cases/My Stay And Reservations/C748_MyStayAndReservations_MyStay_Current tab_Activestay_See all" status="FAILED">
         <failure type="FAILED" message="Test Cases/My Stay And Reservations/C748_MyStayAndReservations_MyStay_Current tab_Activestay_See all FAILED.&#xa;Reason:&#xa;com.kms.katalon.core.exception.StepFailedException: Failed to check for element 'Object Repository/Repo/MyStay/android.widget.TextView - ACTIVE STAYS' exist&#xa;	at com.kms.katalon.core.mobile.keyword.internal.MobileKeywordMain.stepFailed(MobileKeywordMain.groovy:64)&#xa;	at com.kms.katalon.core.mobile.keyword.internal.MobileKeywordMain.runKeyword(MobileKeywordMain.groovy:34)&#xa;	at com.kms.katalon.core.mobile.keyword.builtin.VerifyElementExistKeyword.verifyElementExist(VerifyElementExistKeyword.groovy:51)&#xa;	at com.kms.katalon.core.mobile.keyword.builtin.VerifyElementExistKeyword.execute(VerifyElementExistKeyword.groovy:35)&#xa;	at com.kms.katalon.core.keyword.internal.KeywordExecutor.executeKeywordForPlatform(KeywordExecutor.groovy:74)&#xa;	at com.kms.katalon.core.mobile.keyword.MobileBuiltInKeywords.verifyElementExist(MobileBuiltInKeywords.groovy:1726)&#xa;	at C748_MyStayAndReservations_MyStay_Current tab_Activestay_See all.run(C748_MyStayAndReservations_MyStay_Current tab_Activestay_See all:54)&#xa;	at com.kms.katalon.core.main.ScriptEngine.run(ScriptEngine.java:194)&#xa;	at com.kms.katalon.core.main.ScriptEngine.runScriptAsRawText(ScriptEngine.java:119)&#xa;	at com.kms.katalon.core.main.TestCaseExecutor.runScript(TestCaseExecutor.java:448)&#xa;	at com.kms.katalon.core.main.TestCaseExecutor.doExecute(TestCaseExecutor.java:439)&#xa;	at com.kms.katalon.core.main.TestCaseExecutor.processExecutionPhase(TestCaseExecutor.java:418)&#xa;	at com.kms.katalon.core.main.TestCaseExecutor.accessMainPhase(TestCaseExecutor.java:410)&#xa;	at com.kms.katalon.core.main.TestCaseExecutor.execute(TestCaseExecutor.java:285)&#xa;	at com.kms.katalon.core.main.TestCaseExecutor.execute(TestCaseExecutor.java:369)&#xa;	at com.kms.katalon.core.main.TestCaseExecutor.execute(TestCaseExecutor.java:369)&#xa;	at com.kms.katalon.core.common.CommonExecutor.accessTestCaseMainPhase(CommonExecutor.java:71)&#xa;	at com.kms.katalon.core.main.TestSuiteExecutor.accessTestSuiteMainPhase(TestSuiteExecutor.java:160)&#xa;	at com.kms.katalon.core.main.TestSuiteExecutor.execute(TestSuiteExecutor.java:107)&#xa;	at com.kms.katalon.core.main.TestCaseMain.startTestSuite(TestCaseMain.java:180)&#xa;	at TempTestSuite1745479303751.run(TempTestSuite1745479303751.groovy:35)&#xa;	at java.base/jdk.internal.reflect.NativeMethodAccessorImpl.invoke0(Native Method)&#xa;	at java.base/jdk.internal.reflect.NativeMethodAccessorImpl.invoke(NativeMethodAccessorImpl.java:77)&#xa;	at java.base/jdk.internal.reflect.DelegatingMethodAccessorImpl.invoke(DelegatingMethodAccessorImpl.java:43)&#xa;Caused by: com.kms.katalon.core.exception.StepFailedException: Element 'Object Repository/Repo/MyStay/android.widget.TextView - ACTIVE STAYS' not found&#xa;	at com.kms.katalon.core.mobile.keyword.internal.MobileKeywordMain.stepFailed(MobileKeywordMain.groovy:64)&#xa;	at com.kms.katalon.core.mobile.keyword.builtin.VerifyElementExistKeyword$_verifyElementExist_closure1.doCall(VerifyElementExistKeyword.groovy:48)&#xa;	at com.kms.katalon.core.mobile.keyword.builtin.VerifyElementExistKeyword$_verifyElementExist_closure1.call(VerifyElementExistKeyword.groovy)&#xa;	at com.kms.katalon.core.mobile.keyword.internal.MobileKeywordMain.runKeyword(MobileKeywordMain.groovy:30)&#xa;	... 22 more&#xa;"/>
         <system-out><![CDATA[24-04-2025T13:56:12 - [TEST_CASE][FAILED] - Test Cases/My Stay And Reservations/C748_MyStayAndReservations_MyStay_Current tab_Activestay_See all: Test Cases/My Stay And Reservations/C748_MyStayAndReservations_MyStay_Current tab_Activestay_See all FAILED.
Reason:
com.kms.katalon.core.exception.StepFailedException: Failed to check for element 'Object Repository/Repo/MyStay/android.widget.TextView - ACTIVE STAYS' exist
	at com.kms.katalon.core.mobile.keyword.internal.MobileKeywordMain.stepFailed(MobileKeywordMain.groovy:64)
	at com.kms.katalon.core.mobile.keyword.internal.MobileKeywordMain.runKeyword(MobileKeywordMain.groovy:34)
	at com.kms.katalon.core.mobile.keyword.builtin.VerifyElementExistKeyword.verifyElementExist(VerifyElementExistKeyword.groovy:51)
	at com.kms.katalon.core.mobile.keyword.builtin.VerifyElementExistKeyword.execute(VerifyElementExistKeyword.groovy:35)
	at com.kms.katalon.core.keyword.internal.KeywordExecutor.executeKeywordForPlatform(KeywordExecutor.groovy:74)
	at com.kms.katalon.core.mobile.keyword.MobileBuiltInKeywords.verifyElementExist(MobileBuiltInKeywords.groovy:1726)
	at C748_MyStayAndReservations_MyStay_Current tab_Activestay_See all.run(C748_MyStayAndReservations_MyStay_Current tab_Activestay_See all:54)
	at com.kms.katalon.core.main.ScriptEngine.run(ScriptEngine.java:194)
	at com.kms.katalon.core.main.ScriptEngine.runScriptAsRawText(ScriptEngine.java:119)
	at com.kms.katalon.core.main.TestCaseExecutor.runScript(TestCaseExecutor.java:448)
	at com.kms.katalon.core.main.TestCaseExecutor.doExecute(TestCaseExecutor.java:439)
	at com.kms.katalon.core.main.TestCaseExecutor.processExecutionPhase(TestCaseExecutor.java:418)
	at com.kms.katalon.core.main.TestCaseExecutor.accessMainPhase(TestCaseExecutor.java:410)
	at com.kms.katalon.core.main.TestCaseExecutor.execute(TestCaseExecutor.java:285)
	at com.kms.katalon.core.main.TestCaseExecutor.execute(TestCaseExecutor.java:369)
	at com.kms.katalon.core.main.TestCaseExecutor.execute(TestCaseExecutor.java:369)
	at com.kms.katalon.core.common.CommonExecutor.accessTestCaseMainPhase(CommonExecutor.java:71)
	at com.kms.katalon.core.main.TestSuiteExecutor.accessTestSuiteMainPhase(TestSuiteExecutor.java:160)
	at com.kms.katalon.core.main.TestSuiteExecutor.execute(TestSuiteExecutor.java:107)
	at com.kms.katalon.core.main.TestCaseMain.startTestSuite(TestCaseMain.java:180)
	at TempTestSuite1745479303751.run(TempTestSuite1745479303751.groovy:35)
	at java.base/jdk.internal.reflect.NativeMethodAccessorImpl.invoke0(Native Method)
	at java.base/jdk.internal.reflect.NativeMethodAccessorImpl.invoke(NativeMethodAccessorImpl.java:77)
	at java.base/jdk.internal.reflect.DelegatingMethodAccessorImpl.invoke(DelegatingMethodAccessorImpl.java:43)
Caused by: com.kms.katalon.core.exception.StepFailedException: Element 'Object Repository/Repo/MyStay/android.widget.TextView - ACTIVE STAYS' not found
	at com.kms.katalon.core.mobile.keyword.internal.MobileKeywordMain.stepFailed(MobileKeywordMain.groovy:64)
	at com.kms.katalon.core.mobile.keyword.builtin.VerifyElementExistKeyword$_verifyElementExist_closure1.doCall(VerifyElementExistKeyword.groovy:48)
	at com.kms.katalon.core.mobile.keyword.builtin.VerifyElementExistKeyword$_verifyElementExist_closure1.call(VerifyElementExistKeyword.groovy)
	at com.kms.katalon.core.mobile.keyword.internal.MobileKeywordMain.runKeyword(MobileKeywordMain.groovy:30)
	... 22 more


24-04-2025T13:56:12 - [TEST_STEP][PASSED] - testData = findTestData("Data Files/C751"): null

24-04-2025T13:56:12 - [TEST_STEP][PASSED] - email = testData.getValue("email", 1): null

24-04-2025T13:56:12 - [TEST_STEP][PASSED] - password = testData.getValue("password", 1): null

24-04-2025T13:56:12 - [TEST_STEP][PASSED] - startApplication(appUrl, true): Started application: '/Users/gv.vignesh/Downloads/WGR-Android-Automation/App Folder/app-debug-Version 2.99.68.apk'

24-04-2025T13:56:12 - [MESSAGE][INFO] - Starting application: '/Users/gv.vignesh/Downloads/WGR-Android-Automation/App Folder/app-debug-Version 2.99.68.apk'

24-04-2025T13:56:12 - [MESSAGE][INFO] - User set preference: ['uiautomator2ServerInstallTimeout', '0']

24-04-2025T13:56:12 - [MESSAGE][INFO] - User set preference: ['deviceId', '']

24-04-2025T13:56:38 - [MESSAGE][PASSED] - Started application: '/Users/gv.vignesh/Downloads/WGR-Android-Automation/App Folder/app-debug-Version 2.99.68.apk'

24-04-2025T13:56:38 - [TEST_STEP][PASSED] - delay(10): Delayed 10 second(s)

24-04-2025T13:56:48 - [MESSAGE][PASSED] - Delayed 10 second(s)

24-04-2025T13:56:48 - [TEST_STEP][PASSED] - tap(findTestObject("Object Repository/Repo/MyStay/android.widget.Button - Login or Sign Up"), 0): Tapped on element 'Object Repository/Repo/MyStay/android.widget.Button - Login or Sign Up'

24-04-2025T13:56:48 - [MESSAGE][WARNING] - Timeout '0' is invalid. Using default page load timeout: '30'

24-04-2025T13:56:49 - [MESSAGE][PASSED] - Tapped on element 'Object Repository/Repo/MyStay/android.widget.Button - Login or Sign Up'

24-04-2025T13:56:49 - [TEST_STEP][PASSED] - delay(10): Delayed 10 second(s)

24-04-2025T13:56:59 - [MESSAGE][PASSED] - Delayed 10 second(s)

24-04-2025T13:56:59 - [TEST_STEP][PASSED] - setText(findTestObject("Object Repository/Repo/SignUpNewUser/android.widget.EditText"), email, 0): Text '0425209TM@WG.COM' has been set to element 'Object Repository/Repo/SignUpNewUser/android.widget.EditText'

24-04-2025T13:56:59 - [MESSAGE][WARNING] - Timeout '0' is invalid. Using default page load timeout: '30'

24-04-2025T13:57:00 - [MESSAGE][PASSED] - Text '0425209TM@WG.COM' has been set to element 'Object Repository/Repo/SignUpNewUser/android.widget.EditText'

24-04-2025T13:57:00 - [TEST_STEP][PASSED] - hideKeyboard(): Keyboard is hidden

24-04-2025T13:57:01 - [MESSAGE][PASSED] - Keyboard is hidden

24-04-2025T13:57:01 - [TEST_STEP][PASSED] - delay(10): Delayed 10 second(s)

24-04-2025T13:57:11 - [MESSAGE][PASSED] - Delayed 10 second(s)

24-04-2025T13:57:11 - [TEST_STEP][PASSED] - tap(findTestObject("Object Repository/Repo/MyStay/android.widget.Button - Next"), 0): Tapped on element 'Object Repository/Repo/MyStay/android.widget.Button - Next'

24-04-2025T13:57:11 - [MESSAGE][WARNING] - Timeout '0' is invalid. Using default page load timeout: '30'

24-04-2025T13:57:12 - [MESSAGE][PASSED] - Tapped on element 'Object Repository/Repo/MyStay/android.widget.Button - Next'

24-04-2025T13:57:12 - [TEST_STEP][PASSED] - delay(40): Delayed 40 second(s)

24-04-2025T13:57:52 - [MESSAGE][PASSED] - Delayed 40 second(s)

24-04-2025T13:57:52 - [TEST_STEP][PASSED] - setText(findTestObject("Object Repository/Repo/MyStay/android.widget.EditText (1)"), email, 0): Text '0425209TM@WG.COM' has been set to element 'Object Repository/Repo/MyStay/android.widget.EditText (1)'

24-04-2025T13:57:52 - [MESSAGE][WARNING] - Timeout '0' is invalid. Using default page load timeout: '30'

24-04-2025T13:57:52 - [MESSAGE][PASSED] - Text '0425209TM@WG.COM' has been set to element 'Object Repository/Repo/MyStay/android.widget.EditText (1)'

24-04-2025T13:57:52 - [TEST_STEP][PASSED] - hideKeyboard(): Keyboard is hidden

24-04-2025T13:57:53 - [MESSAGE][PASSED] - Keyboard is hidden

24-04-2025T13:57:53 - [TEST_STEP][PASSED] - delay(20): Delayed 20 second(s)

24-04-2025T13:58:13 - [MESSAGE][PASSED] - Delayed 20 second(s)

24-04-2025T13:58:14 - [TEST_STEP][PASSED] - setText(findTestObject("Object Repository/Repo/MyStay/android.widget.EditText"), password, 0): Text 'password' has been set to element 'Object Repository/Repo/MyStay/android.widget.EditText'

24-04-2025T13:58:14 - [MESSAGE][WARNING] - Timeout '0' is invalid. Using default page load timeout: '30'

24-04-2025T13:58:14 - [MESSAGE][PASSED] - Text 'password' has been set to element 'Object Repository/Repo/MyStay/android.widget.EditText'

24-04-2025T13:58:14 - [TEST_STEP][PASSED] - hideKeyboard(): Keyboard is hidden

24-04-2025T13:58:15 - [MESSAGE][PASSED] - Keyboard is hidden

24-04-2025T13:58:15 - [TEST_STEP][PASSED] - delay(10): Delayed 10 second(s)

24-04-2025T13:58:25 - [MESSAGE][PASSED] - Delayed 10 second(s)

24-04-2025T13:58:25 - [TEST_STEP][PASSED] - tap(findTestObject("Object Repository/Repo/MyStay/android.widget.Button - LOGIN"), 0): Tapped on element 'Object Repository/Repo/MyStay/android.widget.Button - LOGIN'

24-04-2025T13:58:25 - [MESSAGE][WARNING] - Timeout '0' is invalid. Using default page load timeout: '30'

24-04-2025T13:58:26 - [MESSAGE][PASSED] - Tapped on element 'Object Repository/Repo/MyStay/android.widget.Button - LOGIN'

24-04-2025T13:58:26 - [TEST_STEP][PASSED] - delay(20): Delayed 20 second(s)

24-04-2025T13:58:46 - [MESSAGE][PASSED] - Delayed 20 second(s)

24-04-2025T13:58:46 - [TEST_STEP][PASSED] - tap(findTestObject("Object Repository/Repo/MyStay/android.view.View - My Stay"), 0): Tapped on element 'Object Repository/Repo/MyStay/android.view.View - My Stay'

24-04-2025T13:58:46 - [MESSAGE][WARNING] - Timeout '0' is invalid. Using default page load timeout: '30'

24-04-2025T13:58:46 - [MESSAGE][PASSED] - Tapped on element 'Object Repository/Repo/MyStay/android.view.View - My Stay'

24-04-2025T13:58:46 - [TEST_STEP][PASSED] - delay(30): Delayed 30 second(s)

24-04-2025T13:59:16 - [MESSAGE][PASSED] - Delayed 30 second(s)

24-04-2025T13:59:16 - [TEST_STEP][PASSED] - elementsToVerify = ["Object Repository/Repo/MyStay/android.widget.TextView - ACTIVE STAYS", "Object Repository/Repo/MyStay/android.widget.TextView - SEE ALL"]: null

24-04-2025T13:59:16 - [TEST_STEP][PASSED] - allElementsExist = true: null

24-04-2025T13:59:16 - [TEST_STEP][FAILED] - for (String elementPath : elementsToVerify): Failed to check for element 'Object Repository/Repo/MyStay/android.widget.TextView - ACTIVE STAYS' exist (Root cause: com.kms.katalon.core.exception.StepFailedException: Failed to check for element 'Object Repository/Repo/MyStay/android.widget.TextView - ACTIVE STAYS' exist
	at com.kms.katalon.core.mobile.keyword.internal.MobileKeywordMain.stepFailed(MobileKeywordMain.groovy:64)
	at com.kms.katalon.core.mobile.keyword.internal.MobileKeywordMain.runKeyword(MobileKeywordMain.groovy:34)
	at com.kms.katalon.core.mobile.keyword.builtin.VerifyElementExistKeyword.verifyElementExist(VerifyElementExistKeyword.groovy:51)
	at com.kms.katalon.core.mobile.keyword.builtin.VerifyElementExistKeyword.execute(VerifyElementExistKeyword.groovy:35)
	at com.kms.katalon.core.keyword.internal.KeywordExecutor.executeKeywordForPlatform(KeywordExecutor.groovy:74)
	at com.kms.katalon.core.mobile.keyword.MobileBuiltInKeywords.verifyElementExist(MobileBuiltInKeywords.groovy:1726)
	at C748_MyStayAndReservations_MyStay_Current tab_Activestay_See all.run(C748_MyStayAndReservations_MyStay_Current tab_Activestay_See all:54)
	at com.kms.katalon.core.main.ScriptEngine.run(ScriptEngine.java:194)
	at com.kms.katalon.core.main.ScriptEngine.runScriptAsRawText(ScriptEngine.java:119)
	at com.kms.katalon.core.main.TestCaseExecutor.runScript(TestCaseExecutor.java:448)
	at com.kms.katalon.core.main.TestCaseExecutor.doExecute(TestCaseExecutor.java:439)
	at com.kms.katalon.core.main.TestCaseExecutor.processExecutionPhase(TestCaseExecutor.java:418)
	at com.kms.katalon.core.main.TestCaseExecutor.accessMainPhase(TestCaseExecutor.java:410)
	at com.kms.katalon.core.main.TestCaseExecutor.execute(TestCaseExecutor.java:285)
	at com.kms.katalon.core.main.TestCaseExecutor.execute(TestCaseExecutor.java:369)
	at com.kms.katalon.core.main.TestCaseExecutor.execute(TestCaseExecutor.java:369)
	at com.kms.katalon.core.common.CommonExecutor.accessTestCaseMainPhase(CommonExecutor.java:71)
	at com.kms.katalon.core.main.TestSuiteExecutor.accessTestSuiteMainPhase(TestSuiteExecutor.java:160)
	at com.kms.katalon.core.main.TestSuiteExecutor.execute(TestSuiteExecutor.java:107)
	at com.kms.katalon.core.main.TestCaseMain.startTestSuite(TestCaseMain.java:180)
	at TempTestSuite1745479303751.run(TempTestSuite1745479303751.groovy:35)
	at java.base/jdk.internal.reflect.NativeMethodAccessorImpl.invoke0(Native Method)
	at java.base/jdk.internal.reflect.NativeMethodAccessorImpl.invoke(NativeMethodAccessorImpl.java:77)
	at java.base/jdk.internal.reflect.DelegatingMethodAccessorImpl.invoke(DelegatingMethodAccessorImpl.java:43)
Caused by: com.kms.katalon.core.exception.StepFailedException: Element 'Object Repository/Repo/MyStay/android.widget.TextView - ACTIVE STAYS' not found
	at com.kms.katalon.core.mobile.keyword.internal.MobileKeywordMain.stepFailed(MobileKeywordMain.groovy:64)
	at com.kms.katalon.core.mobile.keyword.builtin.VerifyElementExistKeyword$_verifyElementExist_closure1.doCall(VerifyElementExistKeyword.groovy:48)
	at com.kms.katalon.core.mobile.keyword.builtin.VerifyElementExistKeyword$_verifyElementExist_closure1.call(VerifyElementExistKeyword.groovy)
	at com.kms.katalon.core.mobile.keyword.internal.MobileKeywordMain.runKeyword(MobileKeywordMain.groovy:30)
	... 22 more
)

24-04-2025T13:59:16 - [TEST_STEP][FAILED] - elementExists = verifyElementExist(findTestObject(elementPath), 10): Failed to check for element 'Object Repository/Repo/MyStay/android.widget.TextView - ACTIVE STAYS' exist (Root cause: com.kms.katalon.core.exception.StepFailedException: Failed to check for element 'Object Repository/Repo/MyStay/android.widget.TextView - ACTIVE STAYS' exist
	at com.kms.katalon.core.mobile.keyword.internal.MobileKeywordMain.stepFailed(MobileKeywordMain.groovy:64)
	at com.kms.katalon.core.mobile.keyword.internal.MobileKeywordMain.runKeyword(MobileKeywordMain.groovy:34)
	at com.kms.katalon.core.mobile.keyword.builtin.VerifyElementExistKeyword.verifyElementExist(VerifyElementExistKeyword.groovy:51)
	at com.kms.katalon.core.mobile.keyword.builtin.VerifyElementExistKeyword.execute(VerifyElementExistKeyword.groovy:35)
	at com.kms.katalon.core.keyword.internal.KeywordExecutor.executeKeywordForPlatform(KeywordExecutor.groovy:74)
	at com.kms.katalon.core.mobile.keyword.MobileBuiltInKeywords.verifyElementExist(MobileBuiltInKeywords.groovy:1726)
	at C748_MyStayAndReservations_MyStay_Current tab_Activestay_See all.run(C748_MyStayAndReservations_MyStay_Current tab_Activestay_See all:54)
	at com.kms.katalon.core.main.ScriptEngine.run(ScriptEngine.java:194)
	at com.kms.katalon.core.main.ScriptEngine.runScriptAsRawText(ScriptEngine.java:119)
	at com.kms.katalon.core.main.TestCaseExecutor.runScript(TestCaseExecutor.java:448)
	at com.kms.katalon.core.main.TestCaseExecutor.doExecute(TestCaseExecutor.java:439)
	at com.kms.katalon.core.main.TestCaseExecutor.processExecutionPhase(TestCaseExecutor.java:418)
	at com.kms.katalon.core.main.TestCaseExecutor.accessMainPhase(TestCaseExecutor.java:410)
	at com.kms.katalon.core.main.TestCaseExecutor.execute(TestCaseExecutor.java:285)
	at com.kms.katalon.core.main.TestCaseExecutor.execute(TestCaseExecutor.java:369)
	at com.kms.katalon.core.main.TestCaseExecutor.execute(TestCaseExecutor.java:369)
	at com.kms.katalon.core.common.CommonExecutor.accessTestCaseMainPhase(CommonExecutor.java:71)
	at com.kms.katalon.core.main.TestSuiteExecutor.accessTestSuiteMainPhase(TestSuiteExecutor.java:160)
	at com.kms.katalon.core.main.TestSuiteExecutor.execute(TestSuiteExecutor.java:107)
	at com.kms.katalon.core.main.TestCaseMain.startTestSuite(TestCaseMain.java:180)
	at TempTestSuite1745479303751.run(TempTestSuite1745479303751.groovy:35)
	at java.base/jdk.internal.reflect.NativeMethodAccessorImpl.invoke0(Native Method)
	at java.base/jdk.internal.reflect.NativeMethodAccessorImpl.invoke(NativeMethodAccessorImpl.java:77)
	at java.base/jdk.internal.reflect.DelegatingMethodAccessorImpl.invoke(DelegatingMethodAccessorImpl.java:43)
Caused by: com.kms.katalon.core.exception.StepFailedException: Element 'Object Repository/Repo/MyStay/android.widget.TextView - ACTIVE STAYS' not found
	at com.kms.katalon.core.mobile.keyword.internal.MobileKeywordMain.stepFailed(MobileKeywordMain.groovy:64)
	at com.kms.katalon.core.mobile.keyword.builtin.VerifyElementExistKeyword$_verifyElementExist_closure1.doCall(VerifyElementExistKeyword.groovy:48)
	at com.kms.katalon.core.mobile.keyword.builtin.VerifyElementExistKeyword$_verifyElementExist_closure1.call(VerifyElementExistKeyword.groovy)
	at com.kms.katalon.core.mobile.keyword.internal.MobileKeywordMain.runKeyword(MobileKeywordMain.groovy:30)
	... 22 more
)

24-04-2025T13:59:28 - [MESSAGE][FAILED] - Element 'Object Repository/Repo/MyStay/android.widget.TextView - ACTIVE STAYS' not found (Root cause: com.kms.katalon.core.exception.StepFailedException: Element 'Object Repository/Repo/MyStay/android.widget.TextView - ACTIVE STAYS' not found
	at com.kms.katalon.core.mobile.keyword.internal.MobileKeywordMain.stepFailed(MobileKeywordMain.groovy:64)
	at com.kms.katalon.core.mobile.keyword.builtin.VerifyElementExistKeyword$_verifyElementExist_closure1.doCall(VerifyElementExistKeyword.groovy:48)
	at com.kms.katalon.core.mobile.keyword.builtin.VerifyElementExistKeyword$_verifyElementExist_closure1.call(VerifyElementExistKeyword.groovy)
	at com.kms.katalon.core.mobile.keyword.internal.MobileKeywordMain.runKeyword(MobileKeywordMain.groovy:30)
	at com.kms.katalon.core.mobile.keyword.builtin.VerifyElementExistKeyword.verifyElementExist(VerifyElementExistKeyword.groovy:51)
	at com.kms.katalon.core.mobile.keyword.builtin.VerifyElementExistKeyword.execute(VerifyElementExistKeyword.groovy:35)
	at com.kms.katalon.core.keyword.internal.KeywordExecutor.executeKeywordForPlatform(KeywordExecutor.groovy:74)
	at com.kms.katalon.core.mobile.keyword.MobileBuiltInKeywords.verifyElementExist(MobileBuiltInKeywords.groovy:1726)
	at C748_MyStayAndReservations_MyStay_Current tab_Activestay_See all.run(C748_MyStayAndReservations_MyStay_Current tab_Activestay_See all:54)
	at com.kms.katalon.core.main.ScriptEngine.run(ScriptEngine.java:194)
	at com.kms.katalon.core.main.ScriptEngine.runScriptAsRawText(ScriptEngine.java:119)
	at com.kms.katalon.core.main.TestCaseExecutor.runScript(TestCaseExecutor.java:448)
	at com.kms.katalon.core.main.TestCaseExecutor.doExecute(TestCaseExecutor.java:439)
	at com.kms.katalon.core.main.TestCaseExecutor.processExecutionPhase(TestCaseExecutor.java:418)
	at com.kms.katalon.core.main.TestCaseExecutor.accessMainPhase(TestCaseExecutor.java:410)
	at com.kms.katalon.core.main.TestCaseExecutor.execute(TestCaseExecutor.java:285)
	at com.kms.katalon.core.main.TestCaseExecutor.execute(TestCaseExecutor.java:369)
	at com.kms.katalon.core.main.TestCaseExecutor.execute(TestCaseExecutor.java:369)
	at com.kms.katalon.core.common.CommonExecutor.accessTestCaseMainPhase(CommonExecutor.java:71)
	at com.kms.katalon.core.main.TestSuiteExecutor.accessTestSuiteMainPhase(TestSuiteExecutor.java:160)
	at com.kms.katalon.core.main.TestSuiteExecutor.execute(TestSuiteExecutor.java:107)
	at com.kms.katalon.core.main.TestCaseMain.startTestSuite(TestCaseMain.java:180)
	at TempTestSuite1745479303751.run(TempTestSuite1745479303751.groovy:35)
	at java.base/jdk.internal.reflect.NativeMethodAccessorImpl.invoke0(Native Method)
	at java.base/jdk.internal.reflect.NativeMethodAccessorImpl.invoke(NativeMethodAccessorImpl.java:77)
	at java.base/jdk.internal.reflect.DelegatingMethodAccessorImpl.invoke(DelegatingMethodAccessorImpl.java:43)
)
[[ATTACHMENT|/Users/gv.vignesh/Downloads/WGR-Android-Automation/Reports/20250424_125143/Android Regression/20250424_125143/1745483366948.png]]

24-04-2025T13:59:29 - [MESSAGE][FAILED] - Failed to check for element 'Object Repository/Repo/MyStay/android.widget.TextView - ACTIVE STAYS' exist (Root cause: com.kms.katalon.core.exception.StepFailedException: Failed to check for element 'Object Repository/Repo/MyStay/android.widget.TextView - ACTIVE STAYS' exist
	at com.kms.katalon.core.mobile.keyword.internal.MobileKeywordMain.stepFailed(MobileKeywordMain.groovy:64)
	at com.kms.katalon.core.mobile.keyword.internal.MobileKeywordMain.runKeyword(MobileKeywordMain.groovy:34)
	at com.kms.katalon.core.mobile.keyword.builtin.VerifyElementExistKeyword.verifyElementExist(VerifyElementExistKeyword.groovy:51)
	at com.kms.katalon.core.mobile.keyword.builtin.VerifyElementExistKeyword.execute(VerifyElementExistKeyword.groovy:35)
	at com.kms.katalon.core.keyword.internal.KeywordExecutor.executeKeywordForPlatform(KeywordExecutor.groovy:74)
	at com.kms.katalon.core.mobile.keyword.MobileBuiltInKeywords.verifyElementExist(MobileBuiltInKeywords.groovy:1726)
	at C748_MyStayAndReservations_MyStay_Current tab_Activestay_See all.run(C748_MyStayAndReservations_MyStay_Current tab_Activestay_See all:54)
	at com.kms.katalon.core.main.ScriptEngine.run(ScriptEngine.java:194)
	at com.kms.katalon.core.main.ScriptEngine.runScriptAsRawText(ScriptEngine.java:119)
	at com.kms.katalon.core.main.TestCaseExecutor.runScript(TestCaseExecutor.java:448)
	at com.kms.katalon.core.main.TestCaseExecutor.doExecute(TestCaseExecutor.java:439)
	at com.kms.katalon.core.main.TestCaseExecutor.processExecutionPhase(TestCaseExecutor.java:418)
	at com.kms.katalon.core.main.TestCaseExecutor.accessMainPhase(TestCaseExecutor.java:410)
	at com.kms.katalon.core.main.TestCaseExecutor.execute(TestCaseExecutor.java:285)
	at com.kms.katalon.core.main.TestCaseExecutor.execute(TestCaseExecutor.java:369)
	at com.kms.katalon.core.main.TestCaseExecutor.execute(TestCaseExecutor.java:369)
	at com.kms.katalon.core.common.CommonExecutor.accessTestCaseMainPhase(CommonExecutor.java:71)
	at com.kms.katalon.core.main.TestSuiteExecutor.accessTestSuiteMainPhase(TestSuiteExecutor.java:160)
	at com.kms.katalon.core.main.TestSuiteExecutor.execute(TestSuiteExecutor.java:107)
	at com.kms.katalon.core.main.TestCaseMain.startTestSuite(TestCaseMain.java:180)
	at TempTestSuite1745479303751.run(TempTestSuite1745479303751.groovy:35)
	at java.base/jdk.internal.reflect.NativeMethodAccessorImpl.invoke0(Native Method)
	at java.base/jdk.internal.reflect.NativeMethodAccessorImpl.invoke(NativeMethodAccessorImpl.java:77)
	at java.base/jdk.internal.reflect.DelegatingMethodAccessorImpl.invoke(DelegatingMethodAccessorImpl.java:43)
Caused by: com.kms.katalon.core.exception.StepFailedException: Element 'Object Repository/Repo/MyStay/android.widget.TextView - ACTIVE STAYS' not found
	at com.kms.katalon.core.mobile.keyword.internal.MobileKeywordMain.stepFailed(MobileKeywordMain.groovy:64)
	at com.kms.katalon.core.mobile.keyword.builtin.VerifyElementExistKeyword$_verifyElementExist_closure1.doCall(VerifyElementExistKeyword.groovy:48)
	at com.kms.katalon.core.mobile.keyword.builtin.VerifyElementExistKeyword$_verifyElementExist_closure1.call(VerifyElementExistKeyword.groovy)
	at com.kms.katalon.core.mobile.keyword.internal.MobileKeywordMain.runKeyword(MobileKeywordMain.groovy:30)
	... 22 more
)
[[ATTACHMENT|/Users/gv.vignesh/Downloads/WGR-Android-Automation/Reports/20250424_125143/Android Regression/20250424_125143/1745483368330.png]]]]></system-out>
         <system-err><![CDATA[24-04-2025T13:56:12 - [TEST_CASE][FAILED] - Test Cases/My Stay And Reservations/C748_MyStayAndReservations_MyStay_Current tab_Activestay_See all: Test Cases/My Stay And Reservations/C748_MyStayAndReservations_MyStay_Current tab_Activestay_See all FAILED.
Reason:
com.kms.katalon.core.exception.StepFailedException: Failed to check for element 'Object Repository/Repo/MyStay/android.widget.TextView - ACTIVE STAYS' exist
	at com.kms.katalon.core.mobile.keyword.internal.MobileKeywordMain.stepFailed(MobileKeywordMain.groovy:64)
	at com.kms.katalon.core.mobile.keyword.internal.MobileKeywordMain.runKeyword(MobileKeywordMain.groovy:34)
	at com.kms.katalon.core.mobile.keyword.builtin.VerifyElementExistKeyword.verifyElementExist(VerifyElementExistKeyword.groovy:51)
	at com.kms.katalon.core.mobile.keyword.builtin.VerifyElementExistKeyword.execute(VerifyElementExistKeyword.groovy:35)
	at com.kms.katalon.core.keyword.internal.KeywordExecutor.executeKeywordForPlatform(KeywordExecutor.groovy:74)
	at com.kms.katalon.core.mobile.keyword.MobileBuiltInKeywords.verifyElementExist(MobileBuiltInKeywords.groovy:1726)
	at C748_MyStayAndReservations_MyStay_Current tab_Activestay_See all.run(C748_MyStayAndReservations_MyStay_Current tab_Activestay_See all:54)
	at com.kms.katalon.core.main.ScriptEngine.run(ScriptEngine.java:194)
	at com.kms.katalon.core.main.ScriptEngine.runScriptAsRawText(ScriptEngine.java:119)
	at com.kms.katalon.core.main.TestCaseExecutor.runScript(TestCaseExecutor.java:448)
	at com.kms.katalon.core.main.TestCaseExecutor.doExecute(TestCaseExecutor.java:439)
	at com.kms.katalon.core.main.TestCaseExecutor.processExecutionPhase(TestCaseExecutor.java:418)
	at com.kms.katalon.core.main.TestCaseExecutor.accessMainPhase(TestCaseExecutor.java:410)
	at com.kms.katalon.core.main.TestCaseExecutor.execute(TestCaseExecutor.java:285)
	at com.kms.katalon.core.main.TestCaseExecutor.execute(TestCaseExecutor.java:369)
	at com.kms.katalon.core.main.TestCaseExecutor.execute(TestCaseExecutor.java:369)
	at com.kms.katalon.core.common.CommonExecutor.accessTestCaseMainPhase(CommonExecutor.java:71)
	at com.kms.katalon.core.main.TestSuiteExecutor.accessTestSuiteMainPhase(TestSuiteExecutor.java:160)
	at com.kms.katalon.core.main.TestSuiteExecutor.execute(TestSuiteExecutor.java:107)
	at com.kms.katalon.core.main.TestCaseMain.startTestSuite(TestCaseMain.java:180)
	at TempTestSuite1745479303751.run(TempTestSuite1745479303751.groovy:35)
	at java.base/jdk.internal.reflect.NativeMethodAccessorImpl.invoke0(Native Method)
	at java.base/jdk.internal.reflect.NativeMethodAccessorImpl.invoke(NativeMethodAccessorImpl.java:77)
	at java.base/jdk.internal.reflect.DelegatingMethodAccessorImpl.invoke(DelegatingMethodAccessorImpl.java:43)
Caused by: com.kms.katalon.core.exception.StepFailedException: Element 'Object Repository/Repo/MyStay/android.widget.TextView - ACTIVE STAYS' not found
	at com.kms.katalon.core.mobile.keyword.internal.MobileKeywordMain.stepFailed(MobileKeywordMain.groovy:64)
	at com.kms.katalon.core.mobile.keyword.builtin.VerifyElementExistKeyword$_verifyElementExist_closure1.doCall(VerifyElementExistKeyword.groovy:48)
	at com.kms.katalon.core.mobile.keyword.builtin.VerifyElementExistKeyword$_verifyElementExist_closure1.call(VerifyElementExistKeyword.groovy)
	at com.kms.katalon.core.mobile.keyword.internal.MobileKeywordMain.runKeyword(MobileKeywordMain.groovy:30)
	... 22 more]]></system-err>
      </testcase>
      <testcase name="Test Cases/My Stay And Reservations/WRMA-301_MyStayAndReservations_Error_ReservationsNotLoadingPastStays" time="113.797" classname="Test Cases/My Stay And Reservations/WRMA-301_MyStayAndReservations_Error_ReservationsNotLoadingPastStays" status="FAILED">
         <failure type="FAILED" message="Test Cases/My Stay And Reservations/WRMA-301_MyStayAndReservations_Error_ReservationsNotLoadingPastStays FAILED.&#xa;Reason:&#xa;com.kms.katalon.core.exception.StepFailedException: Failed to set text into element&#xa;	at com.kms.katalon.core.mobile.keyword.internal.MobileKeywordMain.stepFailed(MobileKeywordMain.groovy:64)&#xa;	at com.kms.katalon.core.mobile.keyword.internal.MobileKeywordMain.runKeyword(MobileKeywordMain.groovy:34)&#xa;	at com.kms.katalon.core.mobile.keyword.builtin.SetTextKeyword.setText(SetTextKeyword.groovy:62)&#xa;	at com.kms.katalon.core.mobile.keyword.builtin.SetTextKeyword.execute(SetTextKeyword.groovy:42)&#xa;	at com.kms.katalon.core.keyword.internal.KeywordExecutor.executeKeywordForPlatform(KeywordExecutor.groovy:74)&#xa;	at com.kms.katalon.core.mobile.keyword.MobileBuiltInKeywords.setText(MobileBuiltInKeywords.groovy:1278)&#xa;	at WRMA-301_MyStayAndReservations_Error_ReservationsNotLoadingPastStays.run(WRMA-301_MyStayAndReservations_Error_ReservationsNotLoadingPastStays:49)&#xa;	at com.kms.katalon.core.main.ScriptEngine.run(ScriptEngine.java:194)&#xa;	at com.kms.katalon.core.main.ScriptEngine.runScriptAsRawText(ScriptEngine.java:119)&#xa;	at com.kms.katalon.core.main.TestCaseExecutor.runScript(TestCaseExecutor.java:448)&#xa;	at com.kms.katalon.core.main.TestCaseExecutor.doExecute(TestCaseExecutor.java:439)&#xa;	at com.kms.katalon.core.main.TestCaseExecutor.processExecutionPhase(TestCaseExecutor.java:418)&#xa;	at com.kms.katalon.core.main.TestCaseExecutor.accessMainPhase(TestCaseExecutor.java:410)&#xa;	at com.kms.katalon.core.main.TestCaseExecutor.execute(TestCaseExecutor.java:285)&#xa;	at com.kms.katalon.core.main.TestCaseExecutor.execute(TestCaseExecutor.java:369)&#xa;	at com.kms.katalon.core.main.TestCaseExecutor.execute(TestCaseExecutor.java:369)&#xa;	at com.kms.katalon.core.common.CommonExecutor.accessTestCaseMainPhase(CommonExecutor.java:71)&#xa;	at com.kms.katalon.core.main.TestSuiteExecutor.accessTestSuiteMainPhase(TestSuiteExecutor.java:160)&#xa;	at com.kms.katalon.core.main.TestSuiteExecutor.execute(TestSuiteExecutor.java:107)&#xa;	at com.kms.katalon.core.main.TestCaseMain.startTestSuite(TestCaseMain.java:180)&#xa;	at TempTestSuite1745479303751.run(TempTestSuite1745479303751.groovy:35)&#xa;	at java.base/jdk.internal.reflect.NativeMethodAccessorImpl.invoke0(Native Method)&#xa;	at java.base/jdk.internal.reflect.NativeMethodAccessorImpl.invoke(NativeMethodAccessorImpl.java:77)&#xa;	at java.base/jdk.internal.reflect.DelegatingMethodAccessorImpl.invoke(DelegatingMethodAccessorImpl.java:43)&#xa;Caused by: com.kms.katalon.core.exception.StepFailedException: Object Object Repository/Repo/MyStay/android.widget.EditText not found&#xa;	at com.kms.katalon.core.mobile.keyword.internal.MobileKeywordMain.stepFailed(MobileKeywordMain.groovy:64)&#xa;	at com.kms.katalon.core.mobile.keyword.builtin.SetTextKeyword$_setText_closure1.doCall(SetTextKeyword.groovy:52)&#xa;	at com.kms.katalon.core.mobile.keyword.builtin.SetTextKeyword$_setText_closure1.call(SetTextKeyword.groovy)&#xa;	at com.kms.katalon.core.mobile.keyword.internal.MobileKeywordMain.runKeyword(MobileKeywordMain.groovy:30)&#xa;	... 22 more&#xa;"/>
         <system-out><![CDATA[24-04-2025T14:02:13 - [TEST_CASE][FAILED] - Test Cases/My Stay And Reservations/WRMA-301_MyStayAndReservations_Error_ReservationsNotLoadingPastStays: Test Cases/My Stay And Reservations/WRMA-301_MyStayAndReservations_Error_ReservationsNotLoadingPastStays FAILED.
Reason:
com.kms.katalon.core.exception.StepFailedException: Failed to set text into element
	at com.kms.katalon.core.mobile.keyword.internal.MobileKeywordMain.stepFailed(MobileKeywordMain.groovy:64)
	at com.kms.katalon.core.mobile.keyword.internal.MobileKeywordMain.runKeyword(MobileKeywordMain.groovy:34)
	at com.kms.katalon.core.mobile.keyword.builtin.SetTextKeyword.setText(SetTextKeyword.groovy:62)
	at com.kms.katalon.core.mobile.keyword.builtin.SetTextKeyword.execute(SetTextKeyword.groovy:42)
	at com.kms.katalon.core.keyword.internal.KeywordExecutor.executeKeywordForPlatform(KeywordExecutor.groovy:74)
	at com.kms.katalon.core.mobile.keyword.MobileBuiltInKeywords.setText(MobileBuiltInKeywords.groovy:1278)
	at WRMA-301_MyStayAndReservations_Error_ReservationsNotLoadingPastStays.run(WRMA-301_MyStayAndReservations_Error_ReservationsNotLoadingPastStays:49)
	at com.kms.katalon.core.main.ScriptEngine.run(ScriptEngine.java:194)
	at com.kms.katalon.core.main.ScriptEngine.runScriptAsRawText(ScriptEngine.java:119)
	at com.kms.katalon.core.main.TestCaseExecutor.runScript(TestCaseExecutor.java:448)
	at com.kms.katalon.core.main.TestCaseExecutor.doExecute(TestCaseExecutor.java:439)
	at com.kms.katalon.core.main.TestCaseExecutor.processExecutionPhase(TestCaseExecutor.java:418)
	at com.kms.katalon.core.main.TestCaseExecutor.accessMainPhase(TestCaseExecutor.java:410)
	at com.kms.katalon.core.main.TestCaseExecutor.execute(TestCaseExecutor.java:285)
	at com.kms.katalon.core.main.TestCaseExecutor.execute(TestCaseExecutor.java:369)
	at com.kms.katalon.core.main.TestCaseExecutor.execute(TestCaseExecutor.java:369)
	at com.kms.katalon.core.common.CommonExecutor.accessTestCaseMainPhase(CommonExecutor.java:71)
	at com.kms.katalon.core.main.TestSuiteExecutor.accessTestSuiteMainPhase(TestSuiteExecutor.java:160)
	at com.kms.katalon.core.main.TestSuiteExecutor.execute(TestSuiteExecutor.java:107)
	at com.kms.katalon.core.main.TestCaseMain.startTestSuite(TestCaseMain.java:180)
	at TempTestSuite1745479303751.run(TempTestSuite1745479303751.groovy:35)
	at java.base/jdk.internal.reflect.NativeMethodAccessorImpl.invoke0(Native Method)
	at java.base/jdk.internal.reflect.NativeMethodAccessorImpl.invoke(NativeMethodAccessorImpl.java:77)
	at java.base/jdk.internal.reflect.DelegatingMethodAccessorImpl.invoke(DelegatingMethodAccessorImpl.java:43)
Caused by: com.kms.katalon.core.exception.StepFailedException: Object Object Repository/Repo/MyStay/android.widget.EditText not found
	at com.kms.katalon.core.mobile.keyword.internal.MobileKeywordMain.stepFailed(MobileKeywordMain.groovy:64)
	at com.kms.katalon.core.mobile.keyword.builtin.SetTextKeyword$_setText_closure1.doCall(SetTextKeyword.groovy:52)
	at com.kms.katalon.core.mobile.keyword.builtin.SetTextKeyword$_setText_closure1.call(SetTextKeyword.groovy)
	at com.kms.katalon.core.mobile.keyword.internal.MobileKeywordMain.runKeyword(MobileKeywordMain.groovy:30)
	... 22 more


24-04-2025T14:02:13 - [TEST_STEP][PASSED] - testData = findTestData("Data Files/C726"): null

24-04-2025T14:02:13 - [TEST_STEP][PASSED] - username = testData.getValue("username", 1): null

24-04-2025T14:02:13 - [TEST_STEP][PASSED] - password = testData.getValue("password", 1): null

24-04-2025T14:02:13 - [TEST_STEP][PASSED] - startApplication(appUrl, true): Started application: '/Users/gv.vignesh/Downloads/WGR-Android-Automation/App Folder/app-debug-Version 2.99.68.apk'

24-04-2025T14:02:13 - [MESSAGE][INFO] - Starting application: '/Users/gv.vignesh/Downloads/WGR-Android-Automation/App Folder/app-debug-Version 2.99.68.apk'

24-04-2025T14:02:13 - [MESSAGE][INFO] - User set preference: ['uiautomator2ServerInstallTimeout', '0']

24-04-2025T14:02:13 - [MESSAGE][INFO] - User set preference: ['deviceId', '']

24-04-2025T14:03:10 - [MESSAGE][PASSED] - Started application: '/Users/gv.vignesh/Downloads/WGR-Android-Automation/App Folder/app-debug-Version 2.99.68.apk'

24-04-2025T14:03:10 - [TEST_STEP][PASSED] - delay(10): Delayed 10 second(s)

24-04-2025T14:03:20 - [MESSAGE][PASSED] - Delayed 10 second(s)

24-04-2025T14:03:20 - [TEST_STEP][PASSED] - tap(findTestObject("Object Repository/Repo/MyStay/android.widget.Button - Login or Sign Up"), 0): Tapped on element 'Object Repository/Repo/MyStay/android.widget.Button - Login or Sign Up'

24-04-2025T14:03:20 - [MESSAGE][WARNING] - Timeout '0' is invalid. Using default page load timeout: '30'

24-04-2025T14:03:21 - [MESSAGE][PASSED] - Tapped on element 'Object Repository/Repo/MyStay/android.widget.Button - Login or Sign Up'

24-04-2025T14:03:21 - [TEST_STEP][PASSED] - delay(10): Delayed 10 second(s)

24-04-2025T14:03:31 - [MESSAGE][PASSED] - Delayed 10 second(s)

24-04-2025T14:03:31 - [TEST_STEP][FAILED] - setText(findTestObject("Object Repository/Repo/MyStay/android.widget.EditText"), username, 0): Failed to set text into element (Root cause: com.kms.katalon.core.exception.StepFailedException: Failed to set text into element
	at com.kms.katalon.core.mobile.keyword.internal.MobileKeywordMain.stepFailed(MobileKeywordMain.groovy:64)
	at com.kms.katalon.core.mobile.keyword.internal.MobileKeywordMain.runKeyword(MobileKeywordMain.groovy:34)
	at com.kms.katalon.core.mobile.keyword.builtin.SetTextKeyword.setText(SetTextKeyword.groovy:62)
	at com.kms.katalon.core.mobile.keyword.builtin.SetTextKeyword.execute(SetTextKeyword.groovy:42)
	at com.kms.katalon.core.keyword.internal.KeywordExecutor.executeKeywordForPlatform(KeywordExecutor.groovy:74)
	at com.kms.katalon.core.mobile.keyword.MobileBuiltInKeywords.setText(MobileBuiltInKeywords.groovy:1278)
	at WRMA-301_MyStayAndReservations_Error_ReservationsNotLoadingPastStays.run(WRMA-301_MyStayAndReservations_Error_ReservationsNotLoadingPastStays:49)
	at com.kms.katalon.core.main.ScriptEngine.run(ScriptEngine.java:194)
	at com.kms.katalon.core.main.ScriptEngine.runScriptAsRawText(ScriptEngine.java:119)
	at com.kms.katalon.core.main.TestCaseExecutor.runScript(TestCaseExecutor.java:448)
	at com.kms.katalon.core.main.TestCaseExecutor.doExecute(TestCaseExecutor.java:439)
	at com.kms.katalon.core.main.TestCaseExecutor.processExecutionPhase(TestCaseExecutor.java:418)
	at com.kms.katalon.core.main.TestCaseExecutor.accessMainPhase(TestCaseExecutor.java:410)
	at com.kms.katalon.core.main.TestCaseExecutor.execute(TestCaseExecutor.java:285)
	at com.kms.katalon.core.main.TestCaseExecutor.execute(TestCaseExecutor.java:369)
	at com.kms.katalon.core.main.TestCaseExecutor.execute(TestCaseExecutor.java:369)
	at com.kms.katalon.core.common.CommonExecutor.accessTestCaseMainPhase(CommonExecutor.java:71)
	at com.kms.katalon.core.main.TestSuiteExecutor.accessTestSuiteMainPhase(TestSuiteExecutor.java:160)
	at com.kms.katalon.core.main.TestSuiteExecutor.execute(TestSuiteExecutor.java:107)
	at com.kms.katalon.core.main.TestCaseMain.startTestSuite(TestCaseMain.java:180)
	at TempTestSuite1745479303751.run(TempTestSuite1745479303751.groovy:35)
	at java.base/jdk.internal.reflect.NativeMethodAccessorImpl.invoke0(Native Method)
	at java.base/jdk.internal.reflect.NativeMethodAccessorImpl.invoke(NativeMethodAccessorImpl.java:77)
	at java.base/jdk.internal.reflect.DelegatingMethodAccessorImpl.invoke(DelegatingMethodAccessorImpl.java:43)
Caused by: com.kms.katalon.core.exception.StepFailedException: Object Object Repository/Repo/MyStay/android.widget.EditText not found
	at com.kms.katalon.core.mobile.keyword.internal.MobileKeywordMain.stepFailed(MobileKeywordMain.groovy:64)
	at com.kms.katalon.core.mobile.keyword.builtin.SetTextKeyword$_setText_closure1.doCall(SetTextKeyword.groovy:52)
	at com.kms.katalon.core.mobile.keyword.builtin.SetTextKeyword$_setText_closure1.call(SetTextKeyword.groovy)
	at com.kms.katalon.core.mobile.keyword.internal.MobileKeywordMain.runKeyword(MobileKeywordMain.groovy:30)
	... 22 more
)

24-04-2025T14:03:31 - [MESSAGE][WARNING] - Timeout '0' is invalid. Using default page load timeout: '30'

24-04-2025T14:04:04 - [MESSAGE][FAILED] - Object Object Repository/Repo/MyStay/android.widget.EditText not found (Root cause: com.kms.katalon.core.exception.StepFailedException: Object Object Repository/Repo/MyStay/android.widget.EditText not found
	at com.kms.katalon.core.mobile.keyword.internal.MobileKeywordMain.stepFailed(MobileKeywordMain.groovy:64)
	at com.kms.katalon.core.mobile.keyword.builtin.SetTextKeyword$_setText_closure1.doCall(SetTextKeyword.groovy:52)
	at com.kms.katalon.core.mobile.keyword.builtin.SetTextKeyword$_setText_closure1.call(SetTextKeyword.groovy)
	at com.kms.katalon.core.mobile.keyword.internal.MobileKeywordMain.runKeyword(MobileKeywordMain.groovy:30)
	at com.kms.katalon.core.mobile.keyword.builtin.SetTextKeyword.setText(SetTextKeyword.groovy:62)
	at com.kms.katalon.core.mobile.keyword.builtin.SetTextKeyword.execute(SetTextKeyword.groovy:42)
	at com.kms.katalon.core.keyword.internal.KeywordExecutor.executeKeywordForPlatform(KeywordExecutor.groovy:74)
	at com.kms.katalon.core.mobile.keyword.MobileBuiltInKeywords.setText(MobileBuiltInKeywords.groovy:1278)
	at WRMA-301_MyStayAndReservations_Error_ReservationsNotLoadingPastStays.run(WRMA-301_MyStayAndReservations_Error_ReservationsNotLoadingPastStays:49)
	at com.kms.katalon.core.main.ScriptEngine.run(ScriptEngine.java:194)
	at com.kms.katalon.core.main.ScriptEngine.runScriptAsRawText(ScriptEngine.java:119)
	at com.kms.katalon.core.main.TestCaseExecutor.runScript(TestCaseExecutor.java:448)
	at com.kms.katalon.core.main.TestCaseExecutor.doExecute(TestCaseExecutor.java:439)
	at com.kms.katalon.core.main.TestCaseExecutor.processExecutionPhase(TestCaseExecutor.java:418)
	at com.kms.katalon.core.main.TestCaseExecutor.accessMainPhase(TestCaseExecutor.java:410)
	at com.kms.katalon.core.main.TestCaseExecutor.execute(TestCaseExecutor.java:285)
	at com.kms.katalon.core.main.TestCaseExecutor.execute(TestCaseExecutor.java:369)
	at com.kms.katalon.core.main.TestCaseExecutor.execute(TestCaseExecutor.java:369)
	at com.kms.katalon.core.common.CommonExecutor.accessTestCaseMainPhase(CommonExecutor.java:71)
	at com.kms.katalon.core.main.TestSuiteExecutor.accessTestSuiteMainPhase(TestSuiteExecutor.java:160)
	at com.kms.katalon.core.main.TestSuiteExecutor.execute(TestSuiteExecutor.java:107)
	at com.kms.katalon.core.main.TestCaseMain.startTestSuite(TestCaseMain.java:180)
	at TempTestSuite1745479303751.run(TempTestSuite1745479303751.groovy:35)
	at java.base/jdk.internal.reflect.NativeMethodAccessorImpl.invoke0(Native Method)
	at java.base/jdk.internal.reflect.NativeMethodAccessorImpl.invoke(NativeMethodAccessorImpl.java:77)
	at java.base/jdk.internal.reflect.DelegatingMethodAccessorImpl.invoke(DelegatingMethodAccessorImpl.java:43)
)
[[ATTACHMENT|/Users/gv.vignesh/Downloads/WGR-Android-Automation/Reports/20250424_125143/Android Regression/20250424_125143/1745483641744.png]]

24-04-2025T14:04:07 - [MESSAGE][FAILED] - Failed to set text into element (Root cause: com.kms.katalon.core.exception.StepFailedException: Failed to set text into element
	at com.kms.katalon.core.mobile.keyword.internal.MobileKeywordMain.stepFailed(MobileKeywordMain.groovy:64)
	at com.kms.katalon.core.mobile.keyword.internal.MobileKeywordMain.runKeyword(MobileKeywordMain.groovy:34)
	at com.kms.katalon.core.mobile.keyword.builtin.SetTextKeyword.setText(SetTextKeyword.groovy:62)
	at com.kms.katalon.core.mobile.keyword.builtin.SetTextKeyword.execute(SetTextKeyword.groovy:42)
	at com.kms.katalon.core.keyword.internal.KeywordExecutor.executeKeywordForPlatform(KeywordExecutor.groovy:74)
	at com.kms.katalon.core.mobile.keyword.MobileBuiltInKeywords.setText(MobileBuiltInKeywords.groovy:1278)
	at WRMA-301_MyStayAndReservations_Error_ReservationsNotLoadingPastStays.run(WRMA-301_MyStayAndReservations_Error_ReservationsNotLoadingPastStays:49)
	at com.kms.katalon.core.main.ScriptEngine.run(ScriptEngine.java:194)
	at com.kms.katalon.core.main.ScriptEngine.runScriptAsRawText(ScriptEngine.java:119)
	at com.kms.katalon.core.main.TestCaseExecutor.runScript(TestCaseExecutor.java:448)
	at com.kms.katalon.core.main.TestCaseExecutor.doExecute(TestCaseExecutor.java:439)
	at com.kms.katalon.core.main.TestCaseExecutor.processExecutionPhase(TestCaseExecutor.java:418)
	at com.kms.katalon.core.main.TestCaseExecutor.accessMainPhase(TestCaseExecutor.java:410)
	at com.kms.katalon.core.main.TestCaseExecutor.execute(TestCaseExecutor.java:285)
	at com.kms.katalon.core.main.TestCaseExecutor.execute(TestCaseExecutor.java:369)
	at com.kms.katalon.core.main.TestCaseExecutor.execute(TestCaseExecutor.java:369)
	at com.kms.katalon.core.common.CommonExecutor.accessTestCaseMainPhase(CommonExecutor.java:71)
	at com.kms.katalon.core.main.TestSuiteExecutor.accessTestSuiteMainPhase(TestSuiteExecutor.java:160)
	at com.kms.katalon.core.main.TestSuiteExecutor.execute(TestSuiteExecutor.java:107)
	at com.kms.katalon.core.main.TestCaseMain.startTestSuite(TestCaseMain.java:180)
	at TempTestSuite1745479303751.run(TempTestSuite1745479303751.groovy:35)
	at java.base/jdk.internal.reflect.NativeMethodAccessorImpl.invoke0(Native Method)
	at java.base/jdk.internal.reflect.NativeMethodAccessorImpl.invoke(NativeMethodAccessorImpl.java:77)
	at java.base/jdk.internal.reflect.DelegatingMethodAccessorImpl.invoke(DelegatingMethodAccessorImpl.java:43)
Caused by: com.kms.katalon.core.exception.StepFailedException: Object Object Repository/Repo/MyStay/android.widget.EditText not found
	at com.kms.katalon.core.mobile.keyword.internal.MobileKeywordMain.stepFailed(MobileKeywordMain.groovy:64)
	at com.kms.katalon.core.mobile.keyword.builtin.SetTextKeyword$_setText_closure1.doCall(SetTextKeyword.groovy:52)
	at com.kms.katalon.core.mobile.keyword.builtin.SetTextKeyword$_setText_closure1.call(SetTextKeyword.groovy)
	at com.kms.katalon.core.mobile.keyword.internal.MobileKeywordMain.runKeyword(MobileKeywordMain.groovy:30)
	... 22 more
)
[[ATTACHMENT|/Users/gv.vignesh/Downloads/WGR-Android-Automation/Reports/20250424_125143/Android Regression/20250424_125143/1745483644590.png]]]]></system-out>
         <system-err><![CDATA[24-04-2025T14:02:13 - [TEST_CASE][FAILED] - Test Cases/My Stay And Reservations/WRMA-301_MyStayAndReservations_Error_ReservationsNotLoadingPastStays: Test Cases/My Stay And Reservations/WRMA-301_MyStayAndReservations_Error_ReservationsNotLoadingPastStays FAILED.
Reason:
com.kms.katalon.core.exception.StepFailedException: Failed to set text into element
	at com.kms.katalon.core.mobile.keyword.internal.MobileKeywordMain.stepFailed(MobileKeywordMain.groovy:64)
	at com.kms.katalon.core.mobile.keyword.internal.MobileKeywordMain.runKeyword(MobileKeywordMain.groovy:34)
	at com.kms.katalon.core.mobile.keyword.builtin.SetTextKeyword.setText(SetTextKeyword.groovy:62)
	at com.kms.katalon.core.mobile.keyword.builtin.SetTextKeyword.execute(SetTextKeyword.groovy:42)
	at com.kms.katalon.core.keyword.internal.KeywordExecutor.executeKeywordForPlatform(KeywordExecutor.groovy:74)
	at com.kms.katalon.core.mobile.keyword.MobileBuiltInKeywords.setText(MobileBuiltInKeywords.groovy:1278)
	at WRMA-301_MyStayAndReservations_Error_ReservationsNotLoadingPastStays.run(WRMA-301_MyStayAndReservations_Error_ReservationsNotLoadingPastStays:49)
	at com.kms.katalon.core.main.ScriptEngine.run(ScriptEngine.java:194)
	at com.kms.katalon.core.main.ScriptEngine.runScriptAsRawText(ScriptEngine.java:119)
	at com.kms.katalon.core.main.TestCaseExecutor.runScript(TestCaseExecutor.java:448)
	at com.kms.katalon.core.main.TestCaseExecutor.doExecute(TestCaseExecutor.java:439)
	at com.kms.katalon.core.main.TestCaseExecutor.processExecutionPhase(TestCaseExecutor.java:418)
	at com.kms.katalon.core.main.TestCaseExecutor.accessMainPhase(TestCaseExecutor.java:410)
	at com.kms.katalon.core.main.TestCaseExecutor.execute(TestCaseExecutor.java:285)
	at com.kms.katalon.core.main.TestCaseExecutor.execute(TestCaseExecutor.java:369)
	at com.kms.katalon.core.main.TestCaseExecutor.execute(TestCaseExecutor.java:369)
	at com.kms.katalon.core.common.CommonExecutor.accessTestCaseMainPhase(CommonExecutor.java:71)
	at com.kms.katalon.core.main.TestSuiteExecutor.accessTestSuiteMainPhase(TestSuiteExecutor.java:160)
	at com.kms.katalon.core.main.TestSuiteExecutor.execute(TestSuiteExecutor.java:107)
	at com.kms.katalon.core.main.TestCaseMain.startTestSuite(TestCaseMain.java:180)
	at TempTestSuite1745479303751.run(TempTestSuite1745479303751.groovy:35)
	at java.base/jdk.internal.reflect.NativeMethodAccessorImpl.invoke0(Native Method)
	at java.base/jdk.internal.reflect.NativeMethodAccessorImpl.invoke(NativeMethodAccessorImpl.java:77)
	at java.base/jdk.internal.reflect.DelegatingMethodAccessorImpl.invoke(DelegatingMethodAccessorImpl.java:43)
Caused by: com.kms.katalon.core.exception.StepFailedException: Object Object Repository/Repo/MyStay/android.widget.EditText not found
	at com.kms.katalon.core.mobile.keyword.internal.MobileKeywordMain.stepFailed(MobileKeywordMain.groovy:64)
	at com.kms.katalon.core.mobile.keyword.builtin.SetTextKeyword$_setText_closure1.doCall(SetTextKeyword.groovy:52)
	at com.kms.katalon.core.mobile.keyword.builtin.SetTextKeyword$_setText_closure1.call(SetTextKeyword.groovy)
	at com.kms.katalon.core.mobile.keyword.internal.MobileKeywordMain.runKeyword(MobileKeywordMain.groovy:30)
	... 22 more]]></system-err>
      </testcase>
      <testcase name="Test Cases/My Stay And Reservations/C725_MyStayAndReservations_Mystay_Landingpage_Nostays" time="264.035" classname="Test Cases/My Stay And Reservations/C725_MyStayAndReservations_Mystay_Landingpage_Nostays" status="PASSED">
         <system-out><![CDATA[24-04-2025T14:04:07 - [TEST_CASE][PASSED] - Test Cases/My Stay And Reservations/C725_MyStayAndReservations_Mystay_Landingpage_Nostays: Test Cases/My Stay And Reservations/C725_MyStayAndReservations_Mystay_Landingpage_Nostays

24-04-2025T14:04:07 - [TEST_STEP][PASSED] - testData = findTestData("Data Files/C790"): null

24-04-2025T14:04:07 - [TEST_STEP][PASSED] - email = testData.getValue("email", 1): null

24-04-2025T14:04:07 - [TEST_STEP][PASSED] - password = testData.getValue("password", 1): null

24-04-2025T14:04:07 - [TEST_STEP][PASSED] - startApplication(appUrl, true): Started application: '/Users/gv.vignesh/Downloads/WGR-Android-Automation/App Folder/app-debug-Version 2.99.68.apk'

24-04-2025T14:04:07 - [MESSAGE][INFO] - Starting application: '/Users/gv.vignesh/Downloads/WGR-Android-Automation/App Folder/app-debug-Version 2.99.68.apk'

24-04-2025T14:04:07 - [MESSAGE][INFO] - User set preference: ['uiautomator2ServerInstallTimeout', '0']

24-04-2025T14:04:07 - [MESSAGE][INFO] - User set preference: ['deviceId', '']

24-04-2025T14:05:06 - [MESSAGE][PASSED] - Started application: '/Users/gv.vignesh/Downloads/WGR-Android-Automation/App Folder/app-debug-Version 2.99.68.apk'

24-04-2025T14:05:06 - [TEST_STEP][PASSED] - delay(10): Delayed 10 second(s)

24-04-2025T14:05:16 - [MESSAGE][PASSED] - Delayed 10 second(s)

24-04-2025T14:05:16 - [TEST_STEP][PASSED] - tap(findTestObject("Object Repository/Repo/MyStay/android.widget.Button - Login or Sign Up (2)"), 0): Tapped on element 'Object Repository/Repo/MyStay/android.widget.Button - Login or Sign Up (2)'

24-04-2025T14:05:16 - [MESSAGE][WARNING] - Timeout '0' is invalid. Using default page load timeout: '30'

24-04-2025T14:05:17 - [MESSAGE][PASSED] - Tapped on element 'Object Repository/Repo/MyStay/android.widget.Button - Login or Sign Up (2)'

24-04-2025T14:05:17 - [TEST_STEP][PASSED] - delay(10): Delayed 10 second(s)

24-04-2025T14:05:27 - [MESSAGE][PASSED] - Delayed 10 second(s)

24-04-2025T14:05:27 - [TEST_STEP][PASSED] - setText(findTestObject("Object Repository/Repo/android.widget.EditText-NewUserName-LoginPage"), email, 0): Text 'CGARNER024@GMAIL.COM' has been set to element 'Object Repository/Repo/android.widget.EditText-NewUserName-LoginPage'

24-04-2025T14:05:27 - [MESSAGE][WARNING] - Timeout '0' is invalid. Using default page load timeout: '30'

24-04-2025T14:05:28 - [MESSAGE][PASSED] - Text 'CGARNER024@GMAIL.COM' has been set to element 'Object Repository/Repo/android.widget.EditText-NewUserName-LoginPage'

24-04-2025T14:05:28 - [TEST_STEP][PASSED] - hideKeyboard(): Keyboard is hidden

24-04-2025T14:05:30 - [MESSAGE][PASSED] - Keyboard is hidden

24-04-2025T14:05:30 - [TEST_STEP][PASSED] - delay(10): Delayed 10 second(s)

24-04-2025T14:05:40 - [MESSAGE][PASSED] - Delayed 10 second(s)

24-04-2025T14:05:40 - [TEST_STEP][PASSED] - tap(findTestObject("Object Repository/Repo/MyStay/android.widget.Button - Next (2)"), 0): Tapped on element 'Object Repository/Repo/MyStay/android.widget.Button - Next (2)'

24-04-2025T14:05:40 - [MESSAGE][WARNING] - Timeout '0' is invalid. Using default page load timeout: '30'

24-04-2025T14:05:40 - [MESSAGE][PASSED] - Tapped on element 'Object Repository/Repo/MyStay/android.widget.Button - Next (2)'

24-04-2025T14:05:40 - [TEST_STEP][PASSED] - delay(30): Delayed 30 second(s)

24-04-2025T14:06:10 - [MESSAGE][PASSED] - Delayed 30 second(s)

24-04-2025T14:06:10 - [TEST_STEP][PASSED] - setText(findTestObject("Object Repository/Repo/MyStay/android.widget.EditText (5)"), email, 0): Text 'CGARNER024@GMAIL.COM' has been set to element 'Object Repository/Repo/MyStay/android.widget.EditText (5)'

24-04-2025T14:06:10 - [MESSAGE][WARNING] - Timeout '0' is invalid. Using default page load timeout: '30'

24-04-2025T14:06:11 - [MESSAGE][PASSED] - Text 'CGARNER024@GMAIL.COM' has been set to element 'Object Repository/Repo/MyStay/android.widget.EditText (5)'

24-04-2025T14:06:11 - [TEST_STEP][PASSED] - hideKeyboard(): Keyboard is hidden

24-04-2025T14:06:12 - [MESSAGE][PASSED] - Keyboard is hidden

24-04-2025T14:06:12 - [TEST_STEP][PASSED] - delay(20): Delayed 20 second(s)

24-04-2025T14:06:32 - [MESSAGE][PASSED] - Delayed 20 second(s)

24-04-2025T14:06:32 - [TEST_STEP][PASSED] - setText(findTestObject("Object Repository/Repo/MyStay/android.widget.EditText (6)"), password, 0): Text 'password' has been set to element 'Object Repository/Repo/MyStay/android.widget.EditText (6)'

24-04-2025T14:06:32 - [MESSAGE][WARNING] - Timeout '0' is invalid. Using default page load timeout: '30'

24-04-2025T14:06:32 - [MESSAGE][PASSED] - Text 'password' has been set to element 'Object Repository/Repo/MyStay/android.widget.EditText (6)'

24-04-2025T14:06:32 - [TEST_STEP][PASSED] - hideKeyboard(): Keyboard is hidden

24-04-2025T14:06:34 - [MESSAGE][PASSED] - Keyboard is hidden

24-04-2025T14:06:34 - [TEST_STEP][PASSED] - delay(20): Delayed 20 second(s)

24-04-2025T14:06:54 - [MESSAGE][PASSED] - Delayed 20 second(s)

24-04-2025T14:06:54 - [TEST_STEP][PASSED] - tap(findTestObject("Object Repository/Repo/MyStay/android.widget.Button - LOGIN (1)"), 0): Tapped on element 'Object Repository/Repo/MyStay/android.widget.Button - LOGIN (1)'

24-04-2025T14:06:54 - [MESSAGE][WARNING] - Timeout '0' is invalid. Using default page load timeout: '30'

24-04-2025T14:06:54 - [MESSAGE][PASSED] - Tapped on element 'Object Repository/Repo/MyStay/android.widget.Button - LOGIN (1)'

24-04-2025T14:06:54 - [TEST_STEP][PASSED] - delay(20): Delayed 20 second(s)

24-04-2025T14:07:14 - [MESSAGE][PASSED] - Delayed 20 second(s)

24-04-2025T14:07:14 - [TEST_STEP][PASSED] - verifyElementWithContinue("Object Repository/Repo/MyStay/android.view.View - My Stay (2)"): null

24-04-2025T14:07:14 - [TEST_STEP][PASSED] - try: Element 'Object Repository/Repo/MyStay/android.view.View - My Stay (2)' is exist

24-04-2025T14:07:14 - [TEST_STEP][PASSED] - verifyElementExist(findTestObject(objectPath), 10, STOP_ON_FAILURE): Element 'Object Repository/Repo/MyStay/android.view.View - My Stay (2)' is exist

24-04-2025T14:07:14 - [MESSAGE][PASSED] - Element 'Object Repository/Repo/MyStay/android.view.View - My Stay (2)' is exist

24-04-2025T14:07:14 - [TEST_STEP][PASSED] - delay(3): Delayed 3 second(s)

24-04-2025T14:07:17 - [MESSAGE][PASSED] - Delayed 3 second(s)

24-04-2025T14:07:17 - [TEST_STEP][PASSED] - tap(findTestObject("Object Repository/Repo/MyStay/android.view.View - My Stay (2)"), 0): Tapped on element 'Object Repository/Repo/MyStay/android.view.View - My Stay (2)'

24-04-2025T14:07:17 - [MESSAGE][WARNING] - Timeout '0' is invalid. Using default page load timeout: '30'

24-04-2025T14:07:18 - [MESSAGE][PASSED] - Tapped on element 'Object Repository/Repo/MyStay/android.view.View - My Stay (2)'

24-04-2025T14:07:18 - [TEST_STEP][PASSED] - delay(5): Delayed 5 second(s)

24-04-2025T14:07:23 - [MESSAGE][PASSED] - Delayed 5 second(s)

24-04-2025T14:07:23 - [TEST_STEP][PASSED] - verifyElementWithContinue("Object Repository/Repo/MyStay/android.widget.TextView - You dont have any upcoming stays associated with your profile"): null

24-04-2025T14:07:23 - [TEST_STEP][FAILED] - try: Failed to check for element 'Object Repository/Repo/MyStay/android.widget.TextView - You dont have any upcoming stays associated with your profile' exist (Root cause: com.kms.katalon.core.exception.StepFailedException: Failed to check for element 'Object Repository/Repo/MyStay/android.widget.TextView - You dont have any upcoming stays associated with your profile' exist
	at com.kms.katalon.core.mobile.keyword.internal.MobileKeywordMain.stepFailed(MobileKeywordMain.groovy:64)
	at com.kms.katalon.core.mobile.keyword.internal.MobileKeywordMain.runKeyword(MobileKeywordMain.groovy:34)
	at com.kms.katalon.core.mobile.keyword.builtin.VerifyElementExistKeyword.verifyElementExist(VerifyElementExistKeyword.groovy:51)
	at com.kms.katalon.core.mobile.keyword.builtin.VerifyElementExistKeyword.execute(VerifyElementExistKeyword.groovy:35)
	at com.kms.katalon.core.keyword.internal.KeywordExecutor.executeKeywordForPlatform(KeywordExecutor.groovy:74)
	at com.kms.katalon.core.mobile.keyword.MobileBuiltInKeywords.verifyElementExist(MobileBuiltInKeywords.groovy:1710)
	at C725_MyStayAndReservations_Mystay_Landingpage_Nostays.verifyElementWithContinue(C725_MyStayAndReservations_Mystay_Landingpage_Nostays:93)
	at C725_MyStayAndReservations_Mystay_Landingpage_Nostays.run(C725_MyStayAndReservations_Mystay_Landingpage_Nostays:78)
	at com.kms.katalon.core.main.ScriptEngine.run(ScriptEngine.java:194)
	at com.kms.katalon.core.main.ScriptEngine.runScriptAsRawText(ScriptEngine.java:119)
	at com.kms.katalon.core.main.TestCaseExecutor.runScript(TestCaseExecutor.java:448)
	at com.kms.katalon.core.main.TestCaseExecutor.doExecute(TestCaseExecutor.java:439)
	at com.kms.katalon.core.main.TestCaseExecutor.processExecutionPhase(TestCaseExecutor.java:418)
	at com.kms.katalon.core.main.TestCaseExecutor.accessMainPhase(TestCaseExecutor.java:410)
	at com.kms.katalon.core.main.TestCaseExecutor.execute(TestCaseExecutor.java:285)
	at com.kms.katalon.core.common.CommonExecutor.accessTestCaseMainPhase(CommonExecutor.java:71)
	at com.kms.katalon.core.main.TestSuiteExecutor.accessTestSuiteMainPhase(TestSuiteExecutor.java:160)
	at com.kms.katalon.core.main.TestSuiteExecutor.execute(TestSuiteExecutor.java:107)
	at com.kms.katalon.core.main.TestCaseMain.startTestSuite(TestCaseMain.java:180)
	at TempTestSuite1745479303751.run(TempTestSuite1745479303751.groovy:35)
	at java.base/jdk.internal.reflect.NativeMethodAccessorImpl.invoke0(Native Method)
	at java.base/jdk.internal.reflect.NativeMethodAccessorImpl.invoke(NativeMethodAccessorImpl.java:77)
	at java.base/jdk.internal.reflect.DelegatingMethodAccessorImpl.invoke(DelegatingMethodAccessorImpl.java:43)
Caused by: com.kms.katalon.core.exception.StepFailedException: Element 'Object Repository/Repo/MyStay/android.widget.TextView - You dont have any upcoming stays associated with your profile' not found
	at com.kms.katalon.core.mobile.keyword.internal.MobileKeywordMain.stepFailed(MobileKeywordMain.groovy:64)
	at com.kms.katalon.core.mobile.keyword.builtin.VerifyElementExistKeyword$_verifyElementExist_closure1.doCall(VerifyElementExistKeyword.groovy:48)
	at com.kms.katalon.core.mobile.keyword.builtin.VerifyElementExistKeyword$_verifyElementExist_closure1.call(VerifyElementExistKeyword.groovy)
	at com.kms.katalon.core.mobile.keyword.internal.MobileKeywordMain.runKeyword(MobileKeywordMain.groovy:30)
	... 21 more
)

24-04-2025T14:07:23 - [TEST_STEP][FAILED] - verifyElementExist(findTestObject(objectPath), 10, STOP_ON_FAILURE): Failed to check for element 'Object Repository/Repo/MyStay/android.widget.TextView - You dont have any upcoming stays associated with your profile' exist (Root cause: com.kms.katalon.core.exception.StepFailedException: Failed to check for element 'Object Repository/Repo/MyStay/android.widget.TextView - You dont have any upcoming stays associated with your profile' exist
	at com.kms.katalon.core.mobile.keyword.internal.MobileKeywordMain.stepFailed(MobileKeywordMain.groovy:64)
	at com.kms.katalon.core.mobile.keyword.internal.MobileKeywordMain.runKeyword(MobileKeywordMain.groovy:34)
	at com.kms.katalon.core.mobile.keyword.builtin.VerifyElementExistKeyword.verifyElementExist(VerifyElementExistKeyword.groovy:51)
	at com.kms.katalon.core.mobile.keyword.builtin.VerifyElementExistKeyword.execute(VerifyElementExistKeyword.groovy:35)
	at com.kms.katalon.core.keyword.internal.KeywordExecutor.executeKeywordForPlatform(KeywordExecutor.groovy:74)
	at com.kms.katalon.core.mobile.keyword.MobileBuiltInKeywords.verifyElementExist(MobileBuiltInKeywords.groovy:1710)
	at C725_MyStayAndReservations_Mystay_Landingpage_Nostays.verifyElementWithContinue(C725_MyStayAndReservations_Mystay_Landingpage_Nostays:93)
	at C725_MyStayAndReservations_Mystay_Landingpage_Nostays.run(C725_MyStayAndReservations_Mystay_Landingpage_Nostays:78)
	at com.kms.katalon.core.main.ScriptEngine.run(ScriptEngine.java:194)
	at com.kms.katalon.core.main.ScriptEngine.runScriptAsRawText(ScriptEngine.java:119)
	at com.kms.katalon.core.main.TestCaseExecutor.runScript(TestCaseExecutor.java:448)
	at com.kms.katalon.core.main.TestCaseExecutor.doExecute(TestCaseExecutor.java:439)
	at com.kms.katalon.core.main.TestCaseExecutor.processExecutionPhase(TestCaseExecutor.java:418)
	at com.kms.katalon.core.main.TestCaseExecutor.accessMainPhase(TestCaseExecutor.java:410)
	at com.kms.katalon.core.main.TestCaseExecutor.execute(TestCaseExecutor.java:285)
	at com.kms.katalon.core.common.CommonExecutor.accessTestCaseMainPhase(CommonExecutor.java:71)
	at com.kms.katalon.core.main.TestSuiteExecutor.accessTestSuiteMainPhase(TestSuiteExecutor.java:160)
	at com.kms.katalon.core.main.TestSuiteExecutor.execute(TestSuiteExecutor.java:107)
	at com.kms.katalon.core.main.TestCaseMain.startTestSuite(TestCaseMain.java:180)
	at TempTestSuite1745479303751.run(TempTestSuite1745479303751.groovy:35)
	at java.base/jdk.internal.reflect.NativeMethodAccessorImpl.invoke0(Native Method)
	at java.base/jdk.internal.reflect.NativeMethodAccessorImpl.invoke(NativeMethodAccessorImpl.java:77)
	at java.base/jdk.internal.reflect.DelegatingMethodAccessorImpl.invoke(DelegatingMethodAccessorImpl.java:43)
Caused by: com.kms.katalon.core.exception.StepFailedException: Element 'Object Repository/Repo/MyStay/android.widget.TextView - You dont have any upcoming stays associated with your profile' not found
	at com.kms.katalon.core.mobile.keyword.internal.MobileKeywordMain.stepFailed(MobileKeywordMain.groovy:64)
	at com.kms.katalon.core.mobile.keyword.builtin.VerifyElementExistKeyword$_verifyElementExist_closure1.doCall(VerifyElementExistKeyword.groovy:48)
	at com.kms.katalon.core.mobile.keyword.builtin.VerifyElementExistKeyword$_verifyElementExist_closure1.call(VerifyElementExistKeyword.groovy)
	at com.kms.katalon.core.mobile.keyword.internal.MobileKeywordMain.runKeyword(MobileKeywordMain.groovy:30)
	... 21 more
)

24-04-2025T14:07:34 - [MESSAGE][FAILED] - Element 'Object Repository/Repo/MyStay/android.widget.TextView - You dont have any upcoming stays associated with your profile' not found (Root cause: com.kms.katalon.core.exception.StepFailedException: Element 'Object Repository/Repo/MyStay/android.widget.TextView - You dont have any upcoming stays associated with your profile' not found
	at com.kms.katalon.core.mobile.keyword.internal.MobileKeywordMain.stepFailed(MobileKeywordMain.groovy:64)
	at com.kms.katalon.core.mobile.keyword.builtin.VerifyElementExistKeyword$_verifyElementExist_closure1.doCall(VerifyElementExistKeyword.groovy:48)
	at com.kms.katalon.core.mobile.keyword.builtin.VerifyElementExistKeyword$_verifyElementExist_closure1.call(VerifyElementExistKeyword.groovy)
	at com.kms.katalon.core.mobile.keyword.internal.MobileKeywordMain.runKeyword(MobileKeywordMain.groovy:30)
	at com.kms.katalon.core.mobile.keyword.builtin.VerifyElementExistKeyword.verifyElementExist(VerifyElementExistKeyword.groovy:51)
	at com.kms.katalon.core.mobile.keyword.builtin.VerifyElementExistKeyword.execute(VerifyElementExistKeyword.groovy:35)
	at com.kms.katalon.core.keyword.internal.KeywordExecutor.executeKeywordForPlatform(KeywordExecutor.groovy:74)
	at com.kms.katalon.core.mobile.keyword.MobileBuiltInKeywords.verifyElementExist(MobileBuiltInKeywords.groovy:1710)
	at C725_MyStayAndReservations_Mystay_Landingpage_Nostays.verifyElementWithContinue(C725_MyStayAndReservations_Mystay_Landingpage_Nostays:93)
	at C725_MyStayAndReservations_Mystay_Landingpage_Nostays.run(C725_MyStayAndReservations_Mystay_Landingpage_Nostays:78)
	at com.kms.katalon.core.main.ScriptEngine.run(ScriptEngine.java:194)
	at com.kms.katalon.core.main.ScriptEngine.runScriptAsRawText(ScriptEngine.java:119)
	at com.kms.katalon.core.main.TestCaseExecutor.runScript(TestCaseExecutor.java:448)
	at com.kms.katalon.core.main.TestCaseExecutor.doExecute(TestCaseExecutor.java:439)
	at com.kms.katalon.core.main.TestCaseExecutor.processExecutionPhase(TestCaseExecutor.java:418)
	at com.kms.katalon.core.main.TestCaseExecutor.accessMainPhase(TestCaseExecutor.java:410)
	at com.kms.katalon.core.main.TestCaseExecutor.execute(TestCaseExecutor.java:285)
	at com.kms.katalon.core.common.CommonExecutor.accessTestCaseMainPhase(CommonExecutor.java:71)
	at com.kms.katalon.core.main.TestSuiteExecutor.accessTestSuiteMainPhase(TestSuiteExecutor.java:160)
	at com.kms.katalon.core.main.TestSuiteExecutor.execute(TestSuiteExecutor.java:107)
	at com.kms.katalon.core.main.TestCaseMain.startTestSuite(TestCaseMain.java:180)
	at TempTestSuite1745479303751.run(TempTestSuite1745479303751.groovy:35)
	at java.base/jdk.internal.reflect.NativeMethodAccessorImpl.invoke0(Native Method)
	at java.base/jdk.internal.reflect.NativeMethodAccessorImpl.invoke(NativeMethodAccessorImpl.java:77)
	at java.base/jdk.internal.reflect.DelegatingMethodAccessorImpl.invoke(DelegatingMethodAccessorImpl.java:43)
)
[[ATTACHMENT|/Users/gv.vignesh/Downloads/WGR-Android-Automation/Reports/20250424_125143/Android Regression/20250424_125143/1745483853354.png]]

24-04-2025T14:07:35 - [MESSAGE][FAILED] - Failed to check for element 'Object Repository/Repo/MyStay/android.widget.TextView - You dont have any upcoming stays associated with your profile' exist (Root cause: com.kms.katalon.core.exception.StepFailedException: Failed to check for element 'Object Repository/Repo/MyStay/android.widget.TextView - You dont have any upcoming stays associated with your profile' exist
	at com.kms.katalon.core.mobile.keyword.internal.MobileKeywordMain.stepFailed(MobileKeywordMain.groovy:64)
	at com.kms.katalon.core.mobile.keyword.internal.MobileKeywordMain.runKeyword(MobileKeywordMain.groovy:34)
	at com.kms.katalon.core.mobile.keyword.builtin.VerifyElementExistKeyword.verifyElementExist(VerifyElementExistKeyword.groovy:51)
	at com.kms.katalon.core.mobile.keyword.builtin.VerifyElementExistKeyword.execute(VerifyElementExistKeyword.groovy:35)
	at com.kms.katalon.core.keyword.internal.KeywordExecutor.executeKeywordForPlatform(KeywordExecutor.groovy:74)
	at com.kms.katalon.core.mobile.keyword.MobileBuiltInKeywords.verifyElementExist(MobileBuiltInKeywords.groovy:1710)
	at C725_MyStayAndReservations_Mystay_Landingpage_Nostays.verifyElementWithContinue(C725_MyStayAndReservations_Mystay_Landingpage_Nostays:93)
	at C725_MyStayAndReservations_Mystay_Landingpage_Nostays.run(C725_MyStayAndReservations_Mystay_Landingpage_Nostays:78)
	at com.kms.katalon.core.main.ScriptEngine.run(ScriptEngine.java:194)
	at com.kms.katalon.core.main.ScriptEngine.runScriptAsRawText(ScriptEngine.java:119)
	at com.kms.katalon.core.main.TestCaseExecutor.runScript(TestCaseExecutor.java:448)
	at com.kms.katalon.core.main.TestCaseExecutor.doExecute(TestCaseExecutor.java:439)
	at com.kms.katalon.core.main.TestCaseExecutor.processExecutionPhase(TestCaseExecutor.java:418)
	at com.kms.katalon.core.main.TestCaseExecutor.accessMainPhase(TestCaseExecutor.java:410)
	at com.kms.katalon.core.main.TestCaseExecutor.execute(TestCaseExecutor.java:285)
	at com.kms.katalon.core.common.CommonExecutor.accessTestCaseMainPhase(CommonExecutor.java:71)
	at com.kms.katalon.core.main.TestSuiteExecutor.accessTestSuiteMainPhase(TestSuiteExecutor.java:160)
	at com.kms.katalon.core.main.TestSuiteExecutor.execute(TestSuiteExecutor.java:107)
	at com.kms.katalon.core.main.TestCaseMain.startTestSuite(TestCaseMain.java:180)
	at TempTestSuite1745479303751.run(TempTestSuite1745479303751.groovy:35)
	at java.base/jdk.internal.reflect.NativeMethodAccessorImpl.invoke0(Native Method)
	at java.base/jdk.internal.reflect.NativeMethodAccessorImpl.invoke(NativeMethodAccessorImpl.java:77)
	at java.base/jdk.internal.reflect.DelegatingMethodAccessorImpl.invoke(DelegatingMethodAccessorImpl.java:43)
Caused by: com.kms.katalon.core.exception.StepFailedException: Element 'Object Repository/Repo/MyStay/android.widget.TextView - You dont have any upcoming stays associated with your profile' not found
	at com.kms.katalon.core.mobile.keyword.internal.MobileKeywordMain.stepFailed(MobileKeywordMain.groovy:64)
	at com.kms.katalon.core.mobile.keyword.builtin.VerifyElementExistKeyword$_verifyElementExist_closure1.doCall(VerifyElementExistKeyword.groovy:48)
	at com.kms.katalon.core.mobile.keyword.builtin.VerifyElementExistKeyword$_verifyElementExist_closure1.call(VerifyElementExistKeyword.groovy)
	at com.kms.katalon.core.mobile.keyword.internal.MobileKeywordMain.runKeyword(MobileKeywordMain.groovy:30)
	... 21 more
)
[[ATTACHMENT|/Users/gv.vignesh/Downloads/WGR-Android-Automation/Reports/20250424_125143/Android Regression/20250424_125143/1745483854541.png]]

24-04-2025T14:07:35 - [TEST_STEP][PASSED] - catch (Exception e): null

24-04-2025T14:07:35 - [TEST_STEP][PASSED] - takeScreenshot(FAILURE_$objectPath.replace(/, _)_$System.currentTimeMillis().png): Screenshot is taken

24-04-2025T14:07:36 - [MESSAGE][PASSED] - Screenshot is taken
[[ATTACHMENT|/Users/gv.vignesh/Downloads/WGR-Android-Automation/Reports/20250424_125143/Android Regression/20250424_125143/FAILURE_Object Repository_Repo_MyStay_android.widget.TextView - You dont have any upcoming stays associated with your profile_1745483855627.png]]

24-04-2025T14:07:36 - [TEST_STEP][PASSED] - println(Verification failed for $objectPath - Continuing test execution): null

24-04-2025T14:07:36 - [TEST_STEP][PASSED] - delay(3): Delayed 3 second(s)

24-04-2025T14:07:39 - [MESSAGE][PASSED] - Delayed 3 second(s)

24-04-2025T14:07:39 - [TEST_STEP][PASSED] - verifyElementWithContinue("Object Repository/Repo/MyStay/android.widget.TextView - Add a Reservation (1)"): null

24-04-2025T14:07:39 - [TEST_STEP][PASSED] - try: Element 'Object Repository/Repo/MyStay/android.widget.TextView - Add a Reservation (1)' is exist

24-04-2025T14:07:39 - [TEST_STEP][PASSED] - verifyElementExist(findTestObject(objectPath), 10, STOP_ON_FAILURE): Element 'Object Repository/Repo/MyStay/android.widget.TextView - Add a Reservation (1)' is exist

24-04-2025T14:07:39 - [MESSAGE][PASSED] - Element 'Object Repository/Repo/MyStay/android.widget.TextView - Add a Reservation (1)' is exist

24-04-2025T14:07:39 - [TEST_STEP][PASSED] - delay(3): Delayed 3 second(s)

24-04-2025T14:07:42 - [MESSAGE][PASSED] - Delayed 3 second(s)

24-04-2025T14:07:42 - [TEST_STEP][PASSED] - verifyElementWithContinue("Object Repository/Repo/MyStay/android.widget.TextView - Get the most out of your stay by adding it to the Westgate Resorts Mobile App (1)"): null

24-04-2025T14:07:42 - [TEST_STEP][PASSED] - try: Element 'Object Repository/Repo/MyStay/android.widget.TextView - Get the most out of your stay by adding it to the Westgate Resorts Mobile App (1)' is exist

24-04-2025T14:07:42 - [TEST_STEP][PASSED] - verifyElementExist(findTestObject(objectPath), 10, STOP_ON_FAILURE): Element 'Object Repository/Repo/MyStay/android.widget.TextView - Get the most out of your stay by adding it to the Westgate Resorts Mobile App (1)' is exist

24-04-2025T14:07:43 - [MESSAGE][PASSED] - Element 'Object Repository/Repo/MyStay/android.widget.TextView - Get the most out of your stay by adding it to the Westgate Resorts Mobile App (1)' is exist

24-04-2025T14:07:43 - [TEST_STEP][PASSED] - delay(3): Delayed 3 second(s)

24-04-2025T14:07:46 - [MESSAGE][PASSED] - Delayed 3 second(s)

24-04-2025T14:07:46 - [TEST_STEP][PASSED] - verifyElementWithContinue("Object Repository/Repo/MyStay/android.widget.Button - ADD A RESERVATION (1)"): null

24-04-2025T14:07:46 - [TEST_STEP][PASSED] - try: Element 'Object Repository/Repo/MyStay/android.widget.Button - ADD A RESERVATION (1)' is exist

24-04-2025T14:07:46 - [TEST_STEP][PASSED] - verifyElementExist(findTestObject(objectPath), 10, STOP_ON_FAILURE): Element 'Object Repository/Repo/MyStay/android.widget.Button - ADD A RESERVATION (1)' is exist

24-04-2025T14:07:46 - [MESSAGE][PASSED] - Element 'Object Repository/Repo/MyStay/android.widget.Button - ADD A RESERVATION (1)' is exist

24-04-2025T14:07:46 - [TEST_STEP][PASSED] - delay(3): Delayed 3 second(s)

24-04-2025T14:07:49 - [MESSAGE][PASSED] - Delayed 3 second(s)

24-04-2025T14:07:49 - [TEST_STEP][PASSED] - verifyElementWithContinue("Object Repository/Repo/MyStay/android.widget.TextView - My Stay (1)"): null

24-04-2025T14:07:49 - [TEST_STEP][PASSED] - try: Element 'Object Repository/Repo/MyStay/android.widget.TextView - My Stay (1)' is exist

24-04-2025T14:07:49 - [TEST_STEP][PASSED] - verifyElementExist(findTestObject(objectPath), 10, STOP_ON_FAILURE): Element 'Object Repository/Repo/MyStay/android.widget.TextView - My Stay (1)' is exist

24-04-2025T14:07:49 - [MESSAGE][PASSED] - Element 'Object Repository/Repo/MyStay/android.widget.TextView - My Stay (1)' is exist

24-04-2025T14:07:49 - [TEST_STEP][PASSED] - delay(3): Delayed 3 second(s)

24-04-2025T14:07:52 - [MESSAGE][PASSED] - Delayed 3 second(s)

24-04-2025T14:07:52 - [TEST_STEP][PASSED] - verifyElementWithContinue("Object Repository/Repo/MyStay/android.widget.Button - Current (1)"): null

24-04-2025T14:07:52 - [TEST_STEP][FAILED] - try: Failed to check for element 'Object Repository/Repo/MyStay/android.widget.Button - Current (1)' exist (Root cause: com.kms.katalon.core.exception.StepFailedException: Failed to check for element 'Object Repository/Repo/MyStay/android.widget.Button - Current (1)' exist
	at com.kms.katalon.core.mobile.keyword.internal.MobileKeywordMain.stepFailed(MobileKeywordMain.groovy:64)
	at com.kms.katalon.core.mobile.keyword.internal.MobileKeywordMain.runKeyword(MobileKeywordMain.groovy:34)
	at com.kms.katalon.core.mobile.keyword.builtin.VerifyElementExistKeyword.verifyElementExist(VerifyElementExistKeyword.groovy:51)
	at com.kms.katalon.core.mobile.keyword.builtin.VerifyElementExistKeyword.execute(VerifyElementExistKeyword.groovy:35)
	at com.kms.katalon.core.keyword.internal.KeywordExecutor.executeKeywordForPlatform(KeywordExecutor.groovy:74)
	at com.kms.katalon.core.mobile.keyword.MobileBuiltInKeywords.verifyElementExist(MobileBuiltInKeywords.groovy:1710)
	at C725_MyStayAndReservations_Mystay_Landingpage_Nostays.verifyElementWithContinue(C725_MyStayAndReservations_Mystay_Landingpage_Nostays:93)
	at C725_MyStayAndReservations_Mystay_Landingpage_Nostays.run(C725_MyStayAndReservations_Mystay_Landingpage_Nostays:83)
	at com.kms.katalon.core.main.ScriptEngine.run(ScriptEngine.java:194)
	at com.kms.katalon.core.main.ScriptEngine.runScriptAsRawText(ScriptEngine.java:119)
	at com.kms.katalon.core.main.TestCaseExecutor.runScript(TestCaseExecutor.java:448)
	at com.kms.katalon.core.main.TestCaseExecutor.doExecute(TestCaseExecutor.java:439)
	at com.kms.katalon.core.main.TestCaseExecutor.processExecutionPhase(TestCaseExecutor.java:418)
	at com.kms.katalon.core.main.TestCaseExecutor.accessMainPhase(TestCaseExecutor.java:410)
	at com.kms.katalon.core.main.TestCaseExecutor.execute(TestCaseExecutor.java:285)
	at com.kms.katalon.core.common.CommonExecutor.accessTestCaseMainPhase(CommonExecutor.java:71)
	at com.kms.katalon.core.main.TestSuiteExecutor.accessTestSuiteMainPhase(TestSuiteExecutor.java:160)
	at com.kms.katalon.core.main.TestSuiteExecutor.execute(TestSuiteExecutor.java:107)
	at com.kms.katalon.core.main.TestCaseMain.startTestSuite(TestCaseMain.java:180)
	at TempTestSuite1745479303751.run(TempTestSuite1745479303751.groovy:35)
	at java.base/jdk.internal.reflect.NativeMethodAccessorImpl.invoke0(Native Method)
	at java.base/jdk.internal.reflect.NativeMethodAccessorImpl.invoke(NativeMethodAccessorImpl.java:77)
	at java.base/jdk.internal.reflect.DelegatingMethodAccessorImpl.invoke(DelegatingMethodAccessorImpl.java:43)
Caused by: com.kms.katalon.core.exception.StepFailedException: Element 'Object Repository/Repo/MyStay/android.widget.Button - Current (1)' not found
	at com.kms.katalon.core.mobile.keyword.internal.MobileKeywordMain.stepFailed(MobileKeywordMain.groovy:64)
	at com.kms.katalon.core.mobile.keyword.builtin.VerifyElementExistKeyword$_verifyElementExist_closure1.doCall(VerifyElementExistKeyword.groovy:48)
	at com.kms.katalon.core.mobile.keyword.builtin.VerifyElementExistKeyword$_verifyElementExist_closure1.call(VerifyElementExistKeyword.groovy)
	at com.kms.katalon.core.mobile.keyword.internal.MobileKeywordMain.runKeyword(MobileKeywordMain.groovy:30)
	... 21 more
)

24-04-2025T14:07:52 - [TEST_STEP][FAILED] - verifyElementExist(findTestObject(objectPath), 10, STOP_ON_FAILURE): Failed to check for element 'Object Repository/Repo/MyStay/android.widget.Button - Current (1)' exist (Root cause: com.kms.katalon.core.exception.StepFailedException: Failed to check for element 'Object Repository/Repo/MyStay/android.widget.Button - Current (1)' exist
	at com.kms.katalon.core.mobile.keyword.internal.MobileKeywordMain.stepFailed(MobileKeywordMain.groovy:64)
	at com.kms.katalon.core.mobile.keyword.internal.MobileKeywordMain.runKeyword(MobileKeywordMain.groovy:34)
	at com.kms.katalon.core.mobile.keyword.builtin.VerifyElementExistKeyword.verifyElementExist(VerifyElementExistKeyword.groovy:51)
	at com.kms.katalon.core.mobile.keyword.builtin.VerifyElementExistKeyword.execute(VerifyElementExistKeyword.groovy:35)
	at com.kms.katalon.core.keyword.internal.KeywordExecutor.executeKeywordForPlatform(KeywordExecutor.groovy:74)
	at com.kms.katalon.core.mobile.keyword.MobileBuiltInKeywords.verifyElementExist(MobileBuiltInKeywords.groovy:1710)
	at C725_MyStayAndReservations_Mystay_Landingpage_Nostays.verifyElementWithContinue(C725_MyStayAndReservations_Mystay_Landingpage_Nostays:93)
	at C725_MyStayAndReservations_Mystay_Landingpage_Nostays.run(C725_MyStayAndReservations_Mystay_Landingpage_Nostays:83)
	at com.kms.katalon.core.main.ScriptEngine.run(ScriptEngine.java:194)
	at com.kms.katalon.core.main.ScriptEngine.runScriptAsRawText(ScriptEngine.java:119)
	at com.kms.katalon.core.main.TestCaseExecutor.runScript(TestCaseExecutor.java:448)
	at com.kms.katalon.core.main.TestCaseExecutor.doExecute(TestCaseExecutor.java:439)
	at com.kms.katalon.core.main.TestCaseExecutor.processExecutionPhase(TestCaseExecutor.java:418)
	at com.kms.katalon.core.main.TestCaseExecutor.accessMainPhase(TestCaseExecutor.java:410)
	at com.kms.katalon.core.main.TestCaseExecutor.execute(TestCaseExecutor.java:285)
	at com.kms.katalon.core.common.CommonExecutor.accessTestCaseMainPhase(CommonExecutor.java:71)
	at com.kms.katalon.core.main.TestSuiteExecutor.accessTestSuiteMainPhase(TestSuiteExecutor.java:160)
	at com.kms.katalon.core.main.TestSuiteExecutor.execute(TestSuiteExecutor.java:107)
	at com.kms.katalon.core.main.TestCaseMain.startTestSuite(TestCaseMain.java:180)
	at TempTestSuite1745479303751.run(TempTestSuite1745479303751.groovy:35)
	at java.base/jdk.internal.reflect.NativeMethodAccessorImpl.invoke0(Native Method)
	at java.base/jdk.internal.reflect.NativeMethodAccessorImpl.invoke(NativeMethodAccessorImpl.java:77)
	at java.base/jdk.internal.reflect.DelegatingMethodAccessorImpl.invoke(DelegatingMethodAccessorImpl.java:43)
Caused by: com.kms.katalon.core.exception.StepFailedException: Element 'Object Repository/Repo/MyStay/android.widget.Button - Current (1)' not found
	at com.kms.katalon.core.mobile.keyword.internal.MobileKeywordMain.stepFailed(MobileKeywordMain.groovy:64)
	at com.kms.katalon.core.mobile.keyword.builtin.VerifyElementExistKeyword$_verifyElementExist_closure1.doCall(VerifyElementExistKeyword.groovy:48)
	at com.kms.katalon.core.mobile.keyword.builtin.VerifyElementExistKeyword$_verifyElementExist_closure1.call(VerifyElementExistKeyword.groovy)
	at com.kms.katalon.core.mobile.keyword.internal.MobileKeywordMain.runKeyword(MobileKeywordMain.groovy:30)
	... 21 more
)

24-04-2025T14:08:03 - [MESSAGE][FAILED] - Element 'Object Repository/Repo/MyStay/android.widget.Button - Current (1)' not found (Root cause: com.kms.katalon.core.exception.StepFailedException: Element 'Object Repository/Repo/MyStay/android.widget.Button - Current (1)' not found
	at com.kms.katalon.core.mobile.keyword.internal.MobileKeywordMain.stepFailed(MobileKeywordMain.groovy:64)
	at com.kms.katalon.core.mobile.keyword.builtin.VerifyElementExistKeyword$_verifyElementExist_closure1.doCall(VerifyElementExistKeyword.groovy:48)
	at com.kms.katalon.core.mobile.keyword.builtin.VerifyElementExistKeyword$_verifyElementExist_closure1.call(VerifyElementExistKeyword.groovy)
	at com.kms.katalon.core.mobile.keyword.internal.MobileKeywordMain.runKeyword(MobileKeywordMain.groovy:30)
	at com.kms.katalon.core.mobile.keyword.builtin.VerifyElementExistKeyword.verifyElementExist(VerifyElementExistKeyword.groovy:51)
	at com.kms.katalon.core.mobile.keyword.builtin.VerifyElementExistKeyword.execute(VerifyElementExistKeyword.groovy:35)
	at com.kms.katalon.core.keyword.internal.KeywordExecutor.executeKeywordForPlatform(KeywordExecutor.groovy:74)
	at com.kms.katalon.core.mobile.keyword.MobileBuiltInKeywords.verifyElementExist(MobileBuiltInKeywords.groovy:1710)
	at C725_MyStayAndReservations_Mystay_Landingpage_Nostays.verifyElementWithContinue(C725_MyStayAndReservations_Mystay_Landingpage_Nostays:93)
	at C725_MyStayAndReservations_Mystay_Landingpage_Nostays.run(C725_MyStayAndReservations_Mystay_Landingpage_Nostays:83)
	at com.kms.katalon.core.main.ScriptEngine.run(ScriptEngine.java:194)
	at com.kms.katalon.core.main.ScriptEngine.runScriptAsRawText(ScriptEngine.java:119)
	at com.kms.katalon.core.main.TestCaseExecutor.runScript(TestCaseExecutor.java:448)
	at com.kms.katalon.core.main.TestCaseExecutor.doExecute(TestCaseExecutor.java:439)
	at com.kms.katalon.core.main.TestCaseExecutor.processExecutionPhase(TestCaseExecutor.java:418)
	at com.kms.katalon.core.main.TestCaseExecutor.accessMainPhase(TestCaseExecutor.java:410)
	at com.kms.katalon.core.main.TestCaseExecutor.execute(TestCaseExecutor.java:285)
	at com.kms.katalon.core.common.CommonExecutor.accessTestCaseMainPhase(CommonExecutor.java:71)
	at com.kms.katalon.core.main.TestSuiteExecutor.accessTestSuiteMainPhase(TestSuiteExecutor.java:160)
	at com.kms.katalon.core.main.TestSuiteExecutor.execute(TestSuiteExecutor.java:107)
	at com.kms.katalon.core.main.TestCaseMain.startTestSuite(TestCaseMain.java:180)
	at TempTestSuite1745479303751.run(TempTestSuite1745479303751.groovy:35)
	at java.base/jdk.internal.reflect.NativeMethodAccessorImpl.invoke0(Native Method)
	at java.base/jdk.internal.reflect.NativeMethodAccessorImpl.invoke(NativeMethodAccessorImpl.java:77)
	at java.base/jdk.internal.reflect.DelegatingMethodAccessorImpl.invoke(DelegatingMethodAccessorImpl.java:43)
)
[[ATTACHMENT|/Users/gv.vignesh/Downloads/WGR-Android-Automation/Reports/20250424_125143/Android Regression/20250424_125143/1745483882747.png]]

24-04-2025T14:08:05 - [MESSAGE][FAILED] - Failed to check for element 'Object Repository/Repo/MyStay/android.widget.Button - Current (1)' exist (Root cause: com.kms.katalon.core.exception.StepFailedException: Failed to check for element 'Object Repository/Repo/MyStay/android.widget.Button - Current (1)' exist
	at com.kms.katalon.core.mobile.keyword.internal.MobileKeywordMain.stepFailed(MobileKeywordMain.groovy:64)
	at com.kms.katalon.core.mobile.keyword.internal.MobileKeywordMain.runKeyword(MobileKeywordMain.groovy:34)
	at com.kms.katalon.core.mobile.keyword.builtin.VerifyElementExistKeyword.verifyElementExist(VerifyElementExistKeyword.groovy:51)
	at com.kms.katalon.core.mobile.keyword.builtin.VerifyElementExistKeyword.execute(VerifyElementExistKeyword.groovy:35)
	at com.kms.katalon.core.keyword.internal.KeywordExecutor.executeKeywordForPlatform(KeywordExecutor.groovy:74)
	at com.kms.katalon.core.mobile.keyword.MobileBuiltInKeywords.verifyElementExist(MobileBuiltInKeywords.groovy:1710)
	at C725_MyStayAndReservations_Mystay_Landingpage_Nostays.verifyElementWithContinue(C725_MyStayAndReservations_Mystay_Landingpage_Nostays:93)
	at C725_MyStayAndReservations_Mystay_Landingpage_Nostays.run(C725_MyStayAndReservations_Mystay_Landingpage_Nostays:83)
	at com.kms.katalon.core.main.ScriptEngine.run(ScriptEngine.java:194)
	at com.kms.katalon.core.main.ScriptEngine.runScriptAsRawText(ScriptEngine.java:119)
	at com.kms.katalon.core.main.TestCaseExecutor.runScript(TestCaseExecutor.java:448)
	at com.kms.katalon.core.main.TestCaseExecutor.doExecute(TestCaseExecutor.java:439)
	at com.kms.katalon.core.main.TestCaseExecutor.processExecutionPhase(TestCaseExecutor.java:418)
	at com.kms.katalon.core.main.TestCaseExecutor.accessMainPhase(TestCaseExecutor.java:410)
	at com.kms.katalon.core.main.TestCaseExecutor.execute(TestCaseExecutor.java:285)
	at com.kms.katalon.core.common.CommonExecutor.accessTestCaseMainPhase(CommonExecutor.java:71)
	at com.kms.katalon.core.main.TestSuiteExecutor.accessTestSuiteMainPhase(TestSuiteExecutor.java:160)
	at com.kms.katalon.core.main.TestSuiteExecutor.execute(TestSuiteExecutor.java:107)
	at com.kms.katalon.core.main.TestCaseMain.startTestSuite(TestCaseMain.java:180)
	at TempTestSuite1745479303751.run(TempTestSuite1745479303751.groovy:35)
	at java.base/jdk.internal.reflect.NativeMethodAccessorImpl.invoke0(Native Method)
	at java.base/jdk.internal.reflect.NativeMethodAccessorImpl.invoke(NativeMethodAccessorImpl.java:77)
	at java.base/jdk.internal.reflect.DelegatingMethodAccessorImpl.invoke(DelegatingMethodAccessorImpl.java:43)
Caused by: com.kms.katalon.core.exception.StepFailedException: Element 'Object Repository/Repo/MyStay/android.widget.Button - Current (1)' not found
	at com.kms.katalon.core.mobile.keyword.internal.MobileKeywordMain.stepFailed(MobileKeywordMain.groovy:64)
	at com.kms.katalon.core.mobile.keyword.builtin.VerifyElementExistKeyword$_verifyElementExist_closure1.doCall(VerifyElementExistKeyword.groovy:48)
	at com.kms.katalon.core.mobile.keyword.builtin.VerifyElementExistKeyword$_verifyElementExist_closure1.call(VerifyElementExistKeyword.groovy)
	at com.kms.katalon.core.mobile.keyword.internal.MobileKeywordMain.runKeyword(MobileKeywordMain.groovy:30)
	... 21 more
)
[[ATTACHMENT|/Users/gv.vignesh/Downloads/WGR-Android-Automation/Reports/20250424_125143/Android Regression/20250424_125143/1745483883942.png]]

24-04-2025T14:08:05 - [TEST_STEP][PASSED] - catch (Exception e): null

24-04-2025T14:08:05 - [TEST_STEP][PASSED] - takeScreenshot(FAILURE_$objectPath.replace(/, _)_$System.currentTimeMillis().png): Screenshot is taken

24-04-2025T14:08:06 - [MESSAGE][PASSED] - Screenshot is taken
[[ATTACHMENT|/Users/gv.vignesh/Downloads/WGR-Android-Automation/Reports/20250424_125143/Android Regression/20250424_125143/FAILURE_Object Repository_Repo_MyStay_android.widget.Button - Current (1)_1745483885024.png]]

24-04-2025T14:08:06 - [TEST_STEP][PASSED] - println(Verification failed for $objectPath - Continuing test execution): null

24-04-2025T14:08:06 - [TEST_STEP][PASSED] - delay(3): Delayed 3 second(s)

24-04-2025T14:08:09 - [MESSAGE][PASSED] - Delayed 3 second(s)

24-04-2025T14:08:09 - [TEST_STEP][PASSED] - verifyElementWithContinue("Object Repository/Repo/MyStay/android.widget.Button - Past Stays (1)"): null

24-04-2025T14:08:09 - [TEST_STEP][FAILED] - try: Failed to check for element 'Object Repository/Repo/MyStay/android.widget.Button - Past Stays (1)' exist (Root cause: com.kms.katalon.core.exception.StepFailedException: Failed to check for element 'Object Repository/Repo/MyStay/android.widget.Button - Past Stays (1)' exist
	at com.kms.katalon.core.mobile.keyword.internal.MobileKeywordMain.stepFailed(MobileKeywordMain.groovy:64)
	at com.kms.katalon.core.mobile.keyword.internal.MobileKeywordMain.runKeyword(MobileKeywordMain.groovy:34)
	at com.kms.katalon.core.mobile.keyword.builtin.VerifyElementExistKeyword.verifyElementExist(VerifyElementExistKeyword.groovy:51)
	at com.kms.katalon.core.mobile.keyword.builtin.VerifyElementExistKeyword.execute(VerifyElementExistKeyword.groovy:35)
	at com.kms.katalon.core.keyword.internal.KeywordExecutor.executeKeywordForPlatform(KeywordExecutor.groovy:74)
	at com.kms.katalon.core.mobile.keyword.MobileBuiltInKeywords.verifyElementExist(MobileBuiltInKeywords.groovy:1710)
	at C725_MyStayAndReservations_Mystay_Landingpage_Nostays.verifyElementWithContinue(C725_MyStayAndReservations_Mystay_Landingpage_Nostays:93)
	at C725_MyStayAndReservations_Mystay_Landingpage_Nostays.run(C725_MyStayAndReservations_Mystay_Landingpage_Nostays:84)
	at com.kms.katalon.core.main.ScriptEngine.run(ScriptEngine.java:194)
	at com.kms.katalon.core.main.ScriptEngine.runScriptAsRawText(ScriptEngine.java:119)
	at com.kms.katalon.core.main.TestCaseExecutor.runScript(TestCaseExecutor.java:448)
	at com.kms.katalon.core.main.TestCaseExecutor.doExecute(TestCaseExecutor.java:439)
	at com.kms.katalon.core.main.TestCaseExecutor.processExecutionPhase(TestCaseExecutor.java:418)
	at com.kms.katalon.core.main.TestCaseExecutor.accessMainPhase(TestCaseExecutor.java:410)
	at com.kms.katalon.core.main.TestCaseExecutor.execute(TestCaseExecutor.java:285)
	at com.kms.katalon.core.common.CommonExecutor.accessTestCaseMainPhase(CommonExecutor.java:71)
	at com.kms.katalon.core.main.TestSuiteExecutor.accessTestSuiteMainPhase(TestSuiteExecutor.java:160)
	at com.kms.katalon.core.main.TestSuiteExecutor.execute(TestSuiteExecutor.java:107)
	at com.kms.katalon.core.main.TestCaseMain.startTestSuite(TestCaseMain.java:180)
	at TempTestSuite1745479303751.run(TempTestSuite1745479303751.groovy:35)
	at java.base/jdk.internal.reflect.NativeMethodAccessorImpl.invoke0(Native Method)
	at java.base/jdk.internal.reflect.NativeMethodAccessorImpl.invoke(NativeMethodAccessorImpl.java:77)
	at java.base/jdk.internal.reflect.DelegatingMethodAccessorImpl.invoke(DelegatingMethodAccessorImpl.java:43)
Caused by: com.kms.katalon.core.exception.StepFailedException: Element 'Object Repository/Repo/MyStay/android.widget.Button - Past Stays (1)' not found
	at com.kms.katalon.core.mobile.keyword.internal.MobileKeywordMain.stepFailed(MobileKeywordMain.groovy:64)
	at com.kms.katalon.core.mobile.keyword.builtin.VerifyElementExistKeyword$_verifyElementExist_closure1.doCall(VerifyElementExistKeyword.groovy:48)
	at com.kms.katalon.core.mobile.keyword.builtin.VerifyElementExistKeyword$_verifyElementExist_closure1.call(VerifyElementExistKeyword.groovy)
	at com.kms.katalon.core.mobile.keyword.internal.MobileKeywordMain.runKeyword(MobileKeywordMain.groovy:30)
	... 21 more
)

24-04-2025T14:08:09 - [TEST_STEP][FAILED] - verifyElementExist(findTestObject(objectPath), 10, STOP_ON_FAILURE): Failed to check for element 'Object Repository/Repo/MyStay/android.widget.Button - Past Stays (1)' exist (Root cause: com.kms.katalon.core.exception.StepFailedException: Failed to check for element 'Object Repository/Repo/MyStay/android.widget.Button - Past Stays (1)' exist
	at com.kms.katalon.core.mobile.keyword.internal.MobileKeywordMain.stepFailed(MobileKeywordMain.groovy:64)
	at com.kms.katalon.core.mobile.keyword.internal.MobileKeywordMain.runKeyword(MobileKeywordMain.groovy:34)
	at com.kms.katalon.core.mobile.keyword.builtin.VerifyElementExistKeyword.verifyElementExist(VerifyElementExistKeyword.groovy:51)
	at com.kms.katalon.core.mobile.keyword.builtin.VerifyElementExistKeyword.execute(VerifyElementExistKeyword.groovy:35)
	at com.kms.katalon.core.keyword.internal.KeywordExecutor.executeKeywordForPlatform(KeywordExecutor.groovy:74)
	at com.kms.katalon.core.mobile.keyword.MobileBuiltInKeywords.verifyElementExist(MobileBuiltInKeywords.groovy:1710)
	at C725_MyStayAndReservations_Mystay_Landingpage_Nostays.verifyElementWithContinue(C725_MyStayAndReservations_Mystay_Landingpage_Nostays:93)
	at C725_MyStayAndReservations_Mystay_Landingpage_Nostays.run(C725_MyStayAndReservations_Mystay_Landingpage_Nostays:84)
	at com.kms.katalon.core.main.ScriptEngine.run(ScriptEngine.java:194)
	at com.kms.katalon.core.main.ScriptEngine.runScriptAsRawText(ScriptEngine.java:119)
	at com.kms.katalon.core.main.TestCaseExecutor.runScript(TestCaseExecutor.java:448)
	at com.kms.katalon.core.main.TestCaseExecutor.doExecute(TestCaseExecutor.java:439)
	at com.kms.katalon.core.main.TestCaseExecutor.processExecutionPhase(TestCaseExecutor.java:418)
	at com.kms.katalon.core.main.TestCaseExecutor.accessMainPhase(TestCaseExecutor.java:410)
	at com.kms.katalon.core.main.TestCaseExecutor.execute(TestCaseExecutor.java:285)
	at com.kms.katalon.core.common.CommonExecutor.accessTestCaseMainPhase(CommonExecutor.java:71)
	at com.kms.katalon.core.main.TestSuiteExecutor.accessTestSuiteMainPhase(TestSuiteExecutor.java:160)
	at com.kms.katalon.core.main.TestSuiteExecutor.execute(TestSuiteExecutor.java:107)
	at com.kms.katalon.core.main.TestCaseMain.startTestSuite(TestCaseMain.java:180)
	at TempTestSuite1745479303751.run(TempTestSuite1745479303751.groovy:35)
	at java.base/jdk.internal.reflect.NativeMethodAccessorImpl.invoke0(Native Method)
	at java.base/jdk.internal.reflect.NativeMethodAccessorImpl.invoke(NativeMethodAccessorImpl.java:77)
	at java.base/jdk.internal.reflect.DelegatingMethodAccessorImpl.invoke(DelegatingMethodAccessorImpl.java:43)
Caused by: com.kms.katalon.core.exception.StepFailedException: Element 'Object Repository/Repo/MyStay/android.widget.Button - Past Stays (1)' not found
	at com.kms.katalon.core.mobile.keyword.internal.MobileKeywordMain.stepFailed(MobileKeywordMain.groovy:64)
	at com.kms.katalon.core.mobile.keyword.builtin.VerifyElementExistKeyword$_verifyElementExist_closure1.doCall(VerifyElementExistKeyword.groovy:48)
	at com.kms.katalon.core.mobile.keyword.builtin.VerifyElementExistKeyword$_verifyElementExist_closure1.call(VerifyElementExistKeyword.groovy)
	at com.kms.katalon.core.mobile.keyword.internal.MobileKeywordMain.runKeyword(MobileKeywordMain.groovy:30)
	... 21 more
)

24-04-2025T14:08:20 - [MESSAGE][FAILED] - Element 'Object Repository/Repo/MyStay/android.widget.Button - Past Stays (1)' not found (Root cause: com.kms.katalon.core.exception.StepFailedException: Element 'Object Repository/Repo/MyStay/android.widget.Button - Past Stays (1)' not found
	at com.kms.katalon.core.mobile.keyword.internal.MobileKeywordMain.stepFailed(MobileKeywordMain.groovy:64)
	at com.kms.katalon.core.mobile.keyword.builtin.VerifyElementExistKeyword$_verifyElementExist_closure1.doCall(VerifyElementExistKeyword.groovy:48)
	at com.kms.katalon.core.mobile.keyword.builtin.VerifyElementExistKeyword$_verifyElementExist_closure1.call(VerifyElementExistKeyword.groovy)
	at com.kms.katalon.core.mobile.keyword.internal.MobileKeywordMain.runKeyword(MobileKeywordMain.groovy:30)
	at com.kms.katalon.core.mobile.keyword.builtin.VerifyElementExistKeyword.verifyElementExist(VerifyElementExistKeyword.groovy:51)
	at com.kms.katalon.core.mobile.keyword.builtin.VerifyElementExistKeyword.execute(VerifyElementExistKeyword.groovy:35)
	at com.kms.katalon.core.keyword.internal.KeywordExecutor.executeKeywordForPlatform(KeywordExecutor.groovy:74)
	at com.kms.katalon.core.mobile.keyword.MobileBuiltInKeywords.verifyElementExist(MobileBuiltInKeywords.groovy:1710)
	at C725_MyStayAndReservations_Mystay_Landingpage_Nostays.verifyElementWithContinue(C725_MyStayAndReservations_Mystay_Landingpage_Nostays:93)
	at C725_MyStayAndReservations_Mystay_Landingpage_Nostays.run(C725_MyStayAndReservations_Mystay_Landingpage_Nostays:84)
	at com.kms.katalon.core.main.ScriptEngine.run(ScriptEngine.java:194)
	at com.kms.katalon.core.main.ScriptEngine.runScriptAsRawText(ScriptEngine.java:119)
	at com.kms.katalon.core.main.TestCaseExecutor.runScript(TestCaseExecutor.java:448)
	at com.kms.katalon.core.main.TestCaseExecutor.doExecute(TestCaseExecutor.java:439)
	at com.kms.katalon.core.main.TestCaseExecutor.processExecutionPhase(TestCaseExecutor.java:418)
	at com.kms.katalon.core.main.TestCaseExecutor.accessMainPhase(TestCaseExecutor.java:410)
	at com.kms.katalon.core.main.TestCaseExecutor.execute(TestCaseExecutor.java:285)
	at com.kms.katalon.core.common.CommonExecutor.accessTestCaseMainPhase(CommonExecutor.java:71)
	at com.kms.katalon.core.main.TestSuiteExecutor.accessTestSuiteMainPhase(TestSuiteExecutor.java:160)
	at com.kms.katalon.core.main.TestSuiteExecutor.execute(TestSuiteExecutor.java:107)
	at com.kms.katalon.core.main.TestCaseMain.startTestSuite(TestCaseMain.java:180)
	at TempTestSuite1745479303751.run(TempTestSuite1745479303751.groovy:35)
	at java.base/jdk.internal.reflect.NativeMethodAccessorImpl.invoke0(Native Method)
	at java.base/jdk.internal.reflect.NativeMethodAccessorImpl.invoke(NativeMethodAccessorImpl.java:77)
	at java.base/jdk.internal.reflect.DelegatingMethodAccessorImpl.invoke(DelegatingMethodAccessorImpl.java:43)
)
[[ATTACHMENT|/Users/gv.vignesh/Downloads/WGR-Android-Automation/Reports/20250424_125143/Android Regression/20250424_125143/1745483899242.png]]

24-04-2025T14:08:21 - [MESSAGE][FAILED] - Failed to check for element 'Object Repository/Repo/MyStay/android.widget.Button - Past Stays (1)' exist (Root cause: com.kms.katalon.core.exception.StepFailedException: Failed to check for element 'Object Repository/Repo/MyStay/android.widget.Button - Past Stays (1)' exist
	at com.kms.katalon.core.mobile.keyword.internal.MobileKeywordMain.stepFailed(MobileKeywordMain.groovy:64)
	at com.kms.katalon.core.mobile.keyword.internal.MobileKeywordMain.runKeyword(MobileKeywordMain.groovy:34)
	at com.kms.katalon.core.mobile.keyword.builtin.VerifyElementExistKeyword.verifyElementExist(VerifyElementExistKeyword.groovy:51)
	at com.kms.katalon.core.mobile.keyword.builtin.VerifyElementExistKeyword.execute(VerifyElementExistKeyword.groovy:35)
	at com.kms.katalon.core.keyword.internal.KeywordExecutor.executeKeywordForPlatform(KeywordExecutor.groovy:74)
	at com.kms.katalon.core.mobile.keyword.MobileBuiltInKeywords.verifyElementExist(MobileBuiltInKeywords.groovy:1710)
	at C725_MyStayAndReservations_Mystay_Landingpage_Nostays.verifyElementWithContinue(C725_MyStayAndReservations_Mystay_Landingpage_Nostays:93)
	at C725_MyStayAndReservations_Mystay_Landingpage_Nostays.run(C725_MyStayAndReservations_Mystay_Landingpage_Nostays:84)
	at com.kms.katalon.core.main.ScriptEngine.run(ScriptEngine.java:194)
	at com.kms.katalon.core.main.ScriptEngine.runScriptAsRawText(ScriptEngine.java:119)
	at com.kms.katalon.core.main.TestCaseExecutor.runScript(TestCaseExecutor.java:448)
	at com.kms.katalon.core.main.TestCaseExecutor.doExecute(TestCaseExecutor.java:439)
	at com.kms.katalon.core.main.TestCaseExecutor.processExecutionPhase(TestCaseExecutor.java:418)
	at com.kms.katalon.core.main.TestCaseExecutor.accessMainPhase(TestCaseExecutor.java:410)
	at com.kms.katalon.core.main.TestCaseExecutor.execute(TestCaseExecutor.java:285)
	at com.kms.katalon.core.common.CommonExecutor.accessTestCaseMainPhase(CommonExecutor.java:71)
	at com.kms.katalon.core.main.TestSuiteExecutor.accessTestSuiteMainPhase(TestSuiteExecutor.java:160)
	at com.kms.katalon.core.main.TestSuiteExecutor.execute(TestSuiteExecutor.java:107)
	at com.kms.katalon.core.main.TestCaseMain.startTestSuite(TestCaseMain.java:180)
	at TempTestSuite1745479303751.run(TempTestSuite1745479303751.groovy:35)
	at java.base/jdk.internal.reflect.NativeMethodAccessorImpl.invoke0(Native Method)
	at java.base/jdk.internal.reflect.NativeMethodAccessorImpl.invoke(NativeMethodAccessorImpl.java:77)
	at java.base/jdk.internal.reflect.DelegatingMethodAccessorImpl.invoke(DelegatingMethodAccessorImpl.java:43)
Caused by: com.kms.katalon.core.exception.StepFailedException: Element 'Object Repository/Repo/MyStay/android.widget.Button - Past Stays (1)' not found
	at com.kms.katalon.core.mobile.keyword.internal.MobileKeywordMain.stepFailed(MobileKeywordMain.groovy:64)
	at com.kms.katalon.core.mobile.keyword.builtin.VerifyElementExistKeyword$_verifyElementExist_closure1.doCall(VerifyElementExistKeyword.groovy:48)
	at com.kms.katalon.core.mobile.keyword.builtin.VerifyElementExistKeyword$_verifyElementExist_closure1.call(VerifyElementExistKeyword.groovy)
	at com.kms.katalon.core.mobile.keyword.internal.MobileKeywordMain.runKeyword(MobileKeywordMain.groovy:30)
	... 21 more
)
[[ATTACHMENT|/Users/gv.vignesh/Downloads/WGR-Android-Automation/Reports/20250424_125143/Android Regression/20250424_125143/1745483900385.png]]

24-04-2025T14:08:21 - [TEST_STEP][PASSED] - catch (Exception e): null

24-04-2025T14:08:21 - [TEST_STEP][PASSED] - takeScreenshot(FAILURE_$objectPath.replace(/, _)_$System.currentTimeMillis().png): Screenshot is taken

24-04-2025T14:08:22 - [MESSAGE][PASSED] - Screenshot is taken
[[ATTACHMENT|/Users/gv.vignesh/Downloads/WGR-Android-Automation/Reports/20250424_125143/Android Regression/20250424_125143/FAILURE_Object Repository_Repo_MyStay_android.widget.Button - Past Stays (1)_1745483901662.png]]

24-04-2025T14:08:22 - [TEST_STEP][PASSED] - println(Verification failed for $objectPath - Continuing test execution): null

24-04-2025T14:08:22 - [TEST_STEP][PASSED] - delay(3): Delayed 3 second(s)

24-04-2025T14:08:25 - [MESSAGE][PASSED] - Delayed 3 second(s)

24-04-2025T14:08:25 - [TEST_STEP][PASSED] - closeApplication(): Close app successfully

24-04-2025T14:08:31 - [MESSAGE][INFO] - The process with PID 13,597 wasnt terminated, error: {1}

24-04-2025T14:08:31 - [MESSAGE][PASSED] - Close app successfully]]></system-out>
         <system-err><![CDATA[]]></system-err>
      </testcase>
      <testcase name="Test Cases/My Stay And Reservations/C704_C809_MyStayAndReservations_AddReservationNumber" time="207.817" classname="Test Cases/My Stay And Reservations/C704_C809_MyStayAndReservations_AddReservationNumber" status="PASSED">
         <system-out><![CDATA[24-04-2025T14:08:31 - [TEST_CASE][PASSED] - Test Cases/My Stay And Reservations/C704_C809_MyStayAndReservations_AddReservationNumber: Test Cases/My Stay And Reservations/C704_C809_MyStayAndReservations_AddReservationNumber

24-04-2025T14:08:31 - [TEST_STEP][PASSED] - testData = findTestData("Data Files/WRMA-107"): null

24-04-2025T14:08:31 - [TEST_STEP][PASSED] - email = testData.getValue("Email", 1): null

24-04-2025T14:08:31 - [TEST_STEP][PASSED] - password = testData.getValue("Password", 1): null

24-04-2025T14:08:31 - [TEST_STEP][PASSED] - accountNumber = testData.getValue("AccountNumber", 1): null

24-04-2025T14:08:31 - [TEST_STEP][PASSED] - startApplication(appUrl, true): Started application: '/Users/gv.vignesh/Downloads/WGR-Android-Automation/App Folder/app-debug-Version 2.99.68.apk'

24-04-2025T14:08:31 - [MESSAGE][INFO] - Starting application: '/Users/gv.vignesh/Downloads/WGR-Android-Automation/App Folder/app-debug-Version 2.99.68.apk'

24-04-2025T14:08:31 - [MESSAGE][INFO] - User set preference: ['uiautomator2ServerInstallTimeout', '0']

24-04-2025T14:08:31 - [MESSAGE][INFO] - User set preference: ['deviceId', '']

24-04-2025T14:08:31 - [MESSAGE][INFO] - Detected NodeJS location: "/opt/homebrew/Cellar/node/23.10.0_1/bin/node"

24-04-2025T14:08:31 - [MESSAGE][INFO] - PATH: /opt/homebrew/Cellar/node/23.10.0_1/bin:/opt/homebrew/bin:/usr/bin:/bin:/usr/sbin:/sbin:/Applications/Katalon Studio Enterprise.app/Contents/Eclipse/jre/Contents/Home/bin:/usr/local/bin/

24-04-2025T14:08:31 - [MESSAGE][INFO] - APPIUM_HOME: /Users/gv.vignesh/.appium

24-04-2025T14:08:31 - [MESSAGE][INFO] - appium outlog: /Users/gv.vignesh/Downloads/WGR-Android-Automation/Reports/20250424_125143/Android Regression/20250424_125143/appium.log

24-04-2025T14:08:31 - [MESSAGE][INFO] - appium errlog: /Users/gv.vignesh/Downloads/WGR-Android-Automation/Reports/20250424_125143/Android Regression/20250424_125143/appium_error.log

24-04-2025T14:08:32 - [MESSAGE][INFO] - Appium server started on port 61,372

24-04-2025T14:09:28 - [MESSAGE][PASSED] - Started application: '/Users/gv.vignesh/Downloads/WGR-Android-Automation/App Folder/app-debug-Version 2.99.68.apk'

24-04-2025T14:09:28 - [TEST_STEP][PASSED] - delay(10): Delayed 10 second(s)

24-04-2025T14:09:38 - [MESSAGE][PASSED] - Delayed 10 second(s)

24-04-2025T14:09:38 - [TEST_STEP][PASSED] - tap(findTestObject("Object Repository/AddReservation/android.widget.Button - Login or Sign Up"), 0): Tapped on element 'Object Repository/AddReservation/android.widget.Button - Login or Sign Up'

24-04-2025T14:09:38 - [MESSAGE][WARNING] - Timeout '0' is invalid. Using default page load timeout: '30'

24-04-2025T14:09:39 - [MESSAGE][PASSED] - Tapped on element 'Object Repository/AddReservation/android.widget.Button - Login or Sign Up'

24-04-2025T14:09:39 - [TEST_STEP][PASSED] - delay(10): Delayed 10 second(s)

24-04-2025T14:09:49 - [MESSAGE][PASSED] - Delayed 10 second(s)

24-04-2025T14:09:49 - [TEST_STEP][PASSED] - setText(findTestObject("Object Repository/AddReservation/android.widget.EditText"), email, 0): Text '0425201TM@WG.COM' has been set to element 'Object Repository/AddReservation/android.widget.EditText'

24-04-2025T14:09:49 - [MESSAGE][WARNING] - Timeout '0' is invalid. Using default page load timeout: '30'

24-04-2025T14:09:50 - [MESSAGE][PASSED] - Text '0425201TM@WG.COM' has been set to element 'Object Repository/AddReservation/android.widget.EditText'

24-04-2025T14:09:50 - [TEST_STEP][PASSED] - hideKeyboard(): Keyboard is hidden

24-04-2025T14:09:51 - [MESSAGE][PASSED] - Keyboard is hidden

24-04-2025T14:09:51 - [TEST_STEP][PASSED] - delay(10): Delayed 10 second(s)

24-04-2025T14:10:01 - [MESSAGE][PASSED] - Delayed 10 second(s)

24-04-2025T14:10:01 - [TEST_STEP][PASSED] - tap(findTestObject("Object Repository/AddReservation/android.widget.Button - Next"), 0): Tapped on element 'Object Repository/AddReservation/android.widget.Button - Next'

24-04-2025T14:10:01 - [MESSAGE][WARNING] - Timeout '0' is invalid. Using default page load timeout: '30'

24-04-2025T14:10:02 - [MESSAGE][PASSED] - Tapped on element 'Object Repository/AddReservation/android.widget.Button - Next'

24-04-2025T14:10:02 - [TEST_STEP][PASSED] - delay(45): Delayed 45 second(s)

24-04-2025T14:10:47 - [MESSAGE][PASSED] - Delayed 45 second(s)

24-04-2025T14:10:47 - [TEST_STEP][PASSED] - setText(findTestObject("Object Repository/AddReservation/android.widget.EditText (1)"), email, 0): Text '0425201TM@WG.COM' has been set to element 'Object Repository/AddReservation/android.widget.EditText (1)'

24-04-2025T14:10:47 - [MESSAGE][WARNING] - Timeout '0' is invalid. Using default page load timeout: '30'

24-04-2025T14:10:49 - [MESSAGE][PASSED] - Text '0425201TM@WG.COM' has been set to element 'Object Repository/AddReservation/android.widget.EditText (1)'

24-04-2025T14:10:49 - [TEST_STEP][PASSED] - hideKeyboard(): Keyboard is hidden

24-04-2025T14:10:50 - [MESSAGE][PASSED] - Keyboard is hidden

24-04-2025T14:10:50 - [TEST_STEP][PASSED] - delay(10): Delayed 10 second(s)

24-04-2025T14:11:00 - [MESSAGE][PASSED] - Delayed 10 second(s)

24-04-2025T14:11:00 - [TEST_STEP][PASSED] - setText(findTestObject("Object Repository/AddReservation/android.widget.EditText (2)"), password, 0): Text 'password' has been set to element 'Object Repository/AddReservation/android.widget.EditText (2)'

24-04-2025T14:11:00 - [MESSAGE][WARNING] - Timeout '0' is invalid. Using default page load timeout: '30'

24-04-2025T14:11:00 - [MESSAGE][PASSED] - Text 'password' has been set to element 'Object Repository/AddReservation/android.widget.EditText (2)'

24-04-2025T14:11:00 - [TEST_STEP][PASSED] - hideKeyboard(): Keyboard is hidden

24-04-2025T14:11:02 - [MESSAGE][PASSED] - Keyboard is hidden

24-04-2025T14:11:02 - [TEST_STEP][PASSED] - delay(10): Delayed 10 second(s)

24-04-2025T14:11:12 - [MESSAGE][PASSED] - Delayed 10 second(s)

24-04-2025T14:11:12 - [TEST_STEP][PASSED] - tap(findTestObject("Object Repository/AddReservation/android.widget.Button - LOGIN"), 0): Tapped on element 'Object Repository/AddReservation/android.widget.Button - LOGIN'

24-04-2025T14:11:12 - [MESSAGE][WARNING] - Timeout '0' is invalid. Using default page load timeout: '30'

24-04-2025T14:11:12 - [MESSAGE][PASSED] - Tapped on element 'Object Repository/AddReservation/android.widget.Button - LOGIN'

24-04-2025T14:11:12 - [TEST_STEP][PASSED] - delay(10): Delayed 10 second(s)

24-04-2025T14:11:22 - [MESSAGE][PASSED] - Delayed 10 second(s)

24-04-2025T14:11:22 - [TEST_STEP][PASSED] - tap(findTestObject("Object Repository/AddReservation/android.view.View - My Account"), 0): Tapped on element 'Object Repository/AddReservation/android.view.View - My Account'

24-04-2025T14:11:22 - [MESSAGE][WARNING] - Timeout '0' is invalid. Using default page load timeout: '30'

24-04-2025T14:11:22 - [MESSAGE][PASSED] - Tapped on element 'Object Repository/AddReservation/android.view.View - My Account'

24-04-2025T14:11:22 - [TEST_STEP][PASSED] - delay(10): Delayed 10 second(s)

24-04-2025T14:11:32 - [MESSAGE][PASSED] - Delayed 10 second(s)

24-04-2025T14:11:33 - [TEST_STEP][PASSED] - tap(findTestObject("Object Repository/AddReservation/android.widget.TextView - Add An Account Number"), 0): Tapped on element 'Object Repository/AddReservation/android.widget.TextView - Add An Account Number'

24-04-2025T14:11:33 - [MESSAGE][WARNING] - Timeout '0' is invalid. Using default page load timeout: '30'

24-04-2025T14:11:33 - [MESSAGE][PASSED] - Tapped on element 'Object Repository/AddReservation/android.widget.TextView - Add An Account Number'

24-04-2025T14:11:33 - [TEST_STEP][PASSED] - delay(10): Delayed 10 second(s)

24-04-2025T14:11:43 - [MESSAGE][PASSED] - Delayed 10 second(s)

24-04-2025T14:11:43 - [TEST_STEP][PASSED] - setText(findTestObject("Object Repository/AddReservation/android.widget.EditText (3)"), accountNumber, 0): Text '87667' has been set to element 'Object Repository/AddReservation/android.widget.EditText (3)'

24-04-2025T14:11:43 - [MESSAGE][WARNING] - Timeout '0' is invalid. Using default page load timeout: '30'

24-04-2025T14:11:43 - [MESSAGE][PASSED] - Text '87667' has been set to element 'Object Repository/AddReservation/android.widget.EditText (3)'

24-04-2025T14:11:43 - [TEST_STEP][PASSED] - delay(10): Delayed 10 second(s)

24-04-2025T14:11:53 - [MESSAGE][PASSED] - Delayed 10 second(s)

24-04-2025T14:11:53 - [TEST_STEP][PASSED] - verifyElementExist(findTestObject("Object Repository/C701-C702/android.widget.TextView -  Account number should be 7-11 digits"), 0): Element 'Object Repository/C701-C702/android.widget.TextView -  Account number should be 7-11 digits' is exist

24-04-2025T14:11:53 - [MESSAGE][WARNING] - Timeout '0' is invalid. Using default page load timeout: '30'

24-04-2025T14:11:54 - [MESSAGE][PASSED] - Element 'Object Repository/C701-C702/android.widget.TextView -  Account number should be 7-11 digits' is exist

24-04-2025T14:11:54 - [TEST_STEP][PASSED] - isExist = verifyElementExist(findTestObject("Object Repository/C701-C702/android.widget.TextView -  Account number should be 7-11 digits"), 0): Element 'Object Repository/C701-C702/android.widget.TextView -  Account number should be 7-11 digits' is exist

24-04-2025T14:11:54 - [MESSAGE][WARNING] - Timeout '0' is invalid. Using default page load timeout: '30'

24-04-2025T14:11:54 - [MESSAGE][PASSED] - Element 'Object Repository/C701-C702/android.widget.TextView -  Account number should be 7-11 digits' is exist

24-04-2025T14:11:54 - [TEST_STEP][PASSED] - assert isExist == true : "The expected element exist!": null

24-04-2025T14:11:54 - [TEST_STEP][PASSED] - closeApplication(): Close app successfully

24-04-2025T14:11:59 - [MESSAGE][PASSED] - Close app successfully]]></system-out>
         <system-err><![CDATA[]]></system-err>
      </testcase>
      <testcase name="Test Cases/My Stay And Reservations/C751_MyStayAndReservations_Current tab_UpcomingReservations" time="275.264" classname="Test Cases/My Stay And Reservations/C751_MyStayAndReservations_Current tab_UpcomingReservations" status="FAILED">
         <failure type="FAILED" message="Test Cases/My Stay And Reservations/C751_MyStayAndReservations_Current tab_UpcomingReservations FAILED.&#xa;Reason:&#xa;com.kms.katalon.core.exception.StepFailedException: Failed to check for element 'Object Repository/Repo/MyStay/android.widget.TextView - UPCOMING STAYS' exist&#xa;	at com.kms.katalon.core.mobile.keyword.internal.MobileKeywordMain.stepFailed(MobileKeywordMain.groovy:64)&#xa;	at com.kms.katalon.core.mobile.keyword.internal.MobileKeywordMain.runKeyword(MobileKeywordMain.groovy:34)&#xa;	at com.kms.katalon.core.mobile.keyword.builtin.VerifyElementExistKeyword.verifyElementExist(VerifyElementExistKeyword.groovy:51)&#xa;	at com.kms.katalon.core.mobile.keyword.builtin.VerifyElementExistKeyword.execute(VerifyElementExistKeyword.groovy:35)&#xa;	at com.kms.katalon.core.keyword.internal.KeywordExecutor.executeKeywordForPlatform(KeywordExecutor.groovy:74)&#xa;	at com.kms.katalon.core.mobile.keyword.MobileBuiltInKeywords.verifyElementExist(MobileBuiltInKeywords.groovy:1726)&#xa;	at C751_MyStayAndReservations_Current tab_UpcomingReservations.run(C751_MyStayAndReservations_Current tab_UpcomingReservations:70)&#xa;	at com.kms.katalon.core.main.ScriptEngine.run(ScriptEngine.java:194)&#xa;	at com.kms.katalon.core.main.ScriptEngine.runScriptAsRawText(ScriptEngine.java:119)&#xa;	at com.kms.katalon.core.main.TestCaseExecutor.runScript(TestCaseExecutor.java:448)&#xa;	at com.kms.katalon.core.main.TestCaseExecutor.doExecute(TestCaseExecutor.java:439)&#xa;	at com.kms.katalon.core.main.TestCaseExecutor.processExecutionPhase(TestCaseExecutor.java:418)&#xa;	at com.kms.katalon.core.main.TestCaseExecutor.accessMainPhase(TestCaseExecutor.java:410)&#xa;	at com.kms.katalon.core.main.TestCaseExecutor.execute(TestCaseExecutor.java:285)&#xa;	at com.kms.katalon.core.main.TestCaseExecutor.execute(TestCaseExecutor.java:369)&#xa;	at com.kms.katalon.core.main.TestCaseExecutor.execute(TestCaseExecutor.java:369)&#xa;	at com.kms.katalon.core.common.CommonExecutor.accessTestCaseMainPhase(CommonExecutor.java:71)&#xa;	at com.kms.katalon.core.main.TestSuiteExecutor.accessTestSuiteMainPhase(TestSuiteExecutor.java:160)&#xa;	at com.kms.katalon.core.main.TestSuiteExecutor.execute(TestSuiteExecutor.java:107)&#xa;	at com.kms.katalon.core.main.TestCaseMain.startTestSuite(TestCaseMain.java:180)&#xa;	at TempTestSuite1745479303751.run(TempTestSuite1745479303751.groovy:35)&#xa;	at java.base/jdk.internal.reflect.NativeMethodAccessorImpl.invoke0(Native Method)&#xa;	at java.base/jdk.internal.reflect.NativeMethodAccessorImpl.invoke(NativeMethodAccessorImpl.java:77)&#xa;	at java.base/jdk.internal.reflect.DelegatingMethodAccessorImpl.invoke(DelegatingMethodAccessorImpl.java:43)&#xa;Caused by: com.kms.katalon.core.exception.StepFailedException: Element 'Object Repository/Repo/MyStay/android.widget.TextView - UPCOMING STAYS' not found&#xa;	at com.kms.katalon.core.mobile.keyword.internal.MobileKeywordMain.stepFailed(MobileKeywordMain.groovy:64)&#xa;	at com.kms.katalon.core.mobile.keyword.builtin.VerifyElementExistKeyword$_verifyElementExist_closure1.doCall(VerifyElementExistKeyword.groovy:48)&#xa;	at com.kms.katalon.core.mobile.keyword.builtin.VerifyElementExistKeyword$_verifyElementExist_closure1.call(VerifyElementExistKeyword.groovy)&#xa;	at com.kms.katalon.core.mobile.keyword.internal.MobileKeywordMain.runKeyword(MobileKeywordMain.groovy:30)&#xa;	... 22 more&#xa;"/>
         <system-out><![CDATA[24-04-2025T14:17:45 - [TEST_CASE][FAILED] - Test Cases/My Stay And Reservations/C751_MyStayAndReservations_Current tab_UpcomingReservations: Test Cases/My Stay And Reservations/C751_MyStayAndReservations_Current tab_UpcomingReservations FAILED.
Reason:
com.kms.katalon.core.exception.StepFailedException: Failed to check for element 'Object Repository/Repo/MyStay/android.widget.TextView - UPCOMING STAYS' exist
	at com.kms.katalon.core.mobile.keyword.internal.MobileKeywordMain.stepFailed(MobileKeywordMain.groovy:64)
	at com.kms.katalon.core.mobile.keyword.internal.MobileKeywordMain.runKeyword(MobileKeywordMain.groovy:34)
	at com.kms.katalon.core.mobile.keyword.builtin.VerifyElementExistKeyword.verifyElementExist(VerifyElementExistKeyword.groovy:51)
	at com.kms.katalon.core.mobile.keyword.builtin.VerifyElementExistKeyword.execute(VerifyElementExistKeyword.groovy:35)
	at com.kms.katalon.core.keyword.internal.KeywordExecutor.executeKeywordForPlatform(KeywordExecutor.groovy:74)
	at com.kms.katalon.core.mobile.keyword.MobileBuiltInKeywords.verifyElementExist(MobileBuiltInKeywords.groovy:1726)
	at C751_MyStayAndReservations_Current tab_UpcomingReservations.run(C751_MyStayAndReservations_Current tab_UpcomingReservations:70)
	at com.kms.katalon.core.main.ScriptEngine.run(ScriptEngine.java:194)
	at com.kms.katalon.core.main.ScriptEngine.runScriptAsRawText(ScriptEngine.java:119)
	at com.kms.katalon.core.main.TestCaseExecutor.runScript(TestCaseExecutor.java:448)
	at com.kms.katalon.core.main.TestCaseExecutor.doExecute(TestCaseExecutor.java:439)
	at com.kms.katalon.core.main.TestCaseExecutor.processExecutionPhase(TestCaseExecutor.java:418)
	at com.kms.katalon.core.main.TestCaseExecutor.accessMainPhase(TestCaseExecutor.java:410)
	at com.kms.katalon.core.main.TestCaseExecutor.execute(TestCaseExecutor.java:285)
	at com.kms.katalon.core.main.TestCaseExecutor.execute(TestCaseExecutor.java:369)
	at com.kms.katalon.core.main.TestCaseExecutor.execute(TestCaseExecutor.java:369)
	at com.kms.katalon.core.common.CommonExecutor.accessTestCaseMainPhase(CommonExecutor.java:71)
	at com.kms.katalon.core.main.TestSuiteExecutor.accessTestSuiteMainPhase(TestSuiteExecutor.java:160)
	at com.kms.katalon.core.main.TestSuiteExecutor.execute(TestSuiteExecutor.java:107)
	at com.kms.katalon.core.main.TestCaseMain.startTestSuite(TestCaseMain.java:180)
	at TempTestSuite1745479303751.run(TempTestSuite1745479303751.groovy:35)
	at java.base/jdk.internal.reflect.NativeMethodAccessorImpl.invoke0(Native Method)
	at java.base/jdk.internal.reflect.NativeMethodAccessorImpl.invoke(NativeMethodAccessorImpl.java:77)
	at java.base/jdk.internal.reflect.DelegatingMethodAccessorImpl.invoke(DelegatingMethodAccessorImpl.java:43)
Caused by: com.kms.katalon.core.exception.StepFailedException: Element 'Object Repository/Repo/MyStay/android.widget.TextView - UPCOMING STAYS' not found
	at com.kms.katalon.core.mobile.keyword.internal.MobileKeywordMain.stepFailed(MobileKeywordMain.groovy:64)
	at com.kms.katalon.core.mobile.keyword.builtin.VerifyElementExistKeyword$_verifyElementExist_closure1.doCall(VerifyElementExistKeyword.groovy:48)
	at com.kms.katalon.core.mobile.keyword.builtin.VerifyElementExistKeyword$_verifyElementExist_closure1.call(VerifyElementExistKeyword.groovy)
	at com.kms.katalon.core.mobile.keyword.internal.MobileKeywordMain.runKeyword(MobileKeywordMain.groovy:30)
	... 22 more


24-04-2025T14:17:45 - [TEST_STEP][PASSED] - testData = findTestData("Data Files/C751"): null

24-04-2025T14:17:45 - [TEST_STEP][PASSED] - email = testData.getValue("email", 1): null

24-04-2025T14:17:45 - [TEST_STEP][PASSED] - password = testData.getValue("password", 1): null

24-04-2025T14:17:45 - [TEST_STEP][PASSED] - startApplication(appUrl, true): Started application: '/Users/gv.vignesh/Downloads/WGR-Android-Automation/App Folder/app-debug-Version 2.99.68.apk'

24-04-2025T14:17:45 - [MESSAGE][INFO] - Starting application: '/Users/gv.vignesh/Downloads/WGR-Android-Automation/App Folder/app-debug-Version 2.99.68.apk'

24-04-2025T14:17:45 - [MESSAGE][INFO] - User set preference: ['uiautomator2ServerInstallTimeout', '0']

24-04-2025T14:17:45 - [MESSAGE][INFO] - User set preference: ['deviceId', '']

24-04-2025T14:18:50 - [MESSAGE][PASSED] - Started application: '/Users/gv.vignesh/Downloads/WGR-Android-Automation/App Folder/app-debug-Version 2.99.68.apk'

24-04-2025T14:18:50 - [TEST_STEP][PASSED] - delay(10): Delayed 10 second(s)

24-04-2025T14:19:00 - [MESSAGE][PASSED] - Delayed 10 second(s)

24-04-2025T14:19:00 - [TEST_STEP][PASSED] - tap(findTestObject("Object Repository/Repo/MyStay/android.widget.Button - Login or Sign Up"), 0): Tapped on element 'Object Repository/Repo/MyStay/android.widget.Button - Login or Sign Up'

24-04-2025T14:19:00 - [MESSAGE][WARNING] - Timeout '0' is invalid. Using default page load timeout: '30'

24-04-2025T14:19:01 - [MESSAGE][PASSED] - Tapped on element 'Object Repository/Repo/MyStay/android.widget.Button - Login or Sign Up'

24-04-2025T14:19:01 - [TEST_STEP][PASSED] - delay(10): Delayed 10 second(s)

24-04-2025T14:19:11 - [MESSAGE][PASSED] - Delayed 10 second(s)

24-04-2025T14:19:11 - [TEST_STEP][PASSED] - setText(findTestObject("Object Repository/Repo/SignUpNewUser/android.widget.EditText"), email, 0): Text '0425209TM@WG.COM' has been set to element 'Object Repository/Repo/SignUpNewUser/android.widget.EditText'

24-04-2025T14:19:11 - [MESSAGE][WARNING] - Timeout '0' is invalid. Using default page load timeout: '30'

24-04-2025T14:19:12 - [MESSAGE][PASSED] - Text '0425209TM@WG.COM' has been set to element 'Object Repository/Repo/SignUpNewUser/android.widget.EditText'

24-04-2025T14:19:12 - [TEST_STEP][PASSED] - hideKeyboard(): Keyboard is hidden

24-04-2025T14:19:13 - [MESSAGE][PASSED] - Keyboard is hidden

24-04-2025T14:19:13 - [TEST_STEP][PASSED] - delay(10): Delayed 10 second(s)

24-04-2025T14:19:23 - [MESSAGE][PASSED] - Delayed 10 second(s)

24-04-2025T14:19:23 - [TEST_STEP][PASSED] - tap(findTestObject("Object Repository/Repo/MyStay/android.widget.Button - Next"), 0): Tapped on element 'Object Repository/Repo/MyStay/android.widget.Button - Next'

24-04-2025T14:19:23 - [MESSAGE][WARNING] - Timeout '0' is invalid. Using default page load timeout: '30'

24-04-2025T14:19:24 - [MESSAGE][PASSED] - Tapped on element 'Object Repository/Repo/MyStay/android.widget.Button - Next'

24-04-2025T14:19:24 - [TEST_STEP][PASSED] - delay(45): Delayed 45 second(s)

24-04-2025T14:20:09 - [MESSAGE][PASSED] - Delayed 45 second(s)

24-04-2025T14:20:09 - [TEST_STEP][PASSED] - setText(findTestObject("Object Repository/Repo/MyStay/android.widget.EditText (1)"), email, 0): Text '0425209TM@WG.COM' has been set to element 'Object Repository/Repo/MyStay/android.widget.EditText (1)'

24-04-2025T14:20:09 - [MESSAGE][WARNING] - Timeout '0' is invalid. Using default page load timeout: '30'

24-04-2025T14:20:09 - [MESSAGE][PASSED] - Text '0425209TM@WG.COM' has been set to element 'Object Repository/Repo/MyStay/android.widget.EditText (1)'

24-04-2025T14:20:09 - [TEST_STEP][PASSED] - hideKeyboard(): Keyboard is hidden

24-04-2025T14:20:10 - [MESSAGE][PASSED] - Keyboard is hidden

24-04-2025T14:20:10 - [TEST_STEP][PASSED] - delay(20): Delayed 20 second(s)

24-04-2025T14:20:30 - [MESSAGE][PASSED] - Delayed 20 second(s)

24-04-2025T14:20:30 - [TEST_STEP][PASSED] - setText(findTestObject("Object Repository/Repo/MyStay/android.widget.EditText"), password, 0): Text 'password' has been set to element 'Object Repository/Repo/MyStay/android.widget.EditText'

24-04-2025T14:20:30 - [MESSAGE][WARNING] - Timeout '0' is invalid. Using default page load timeout: '30'

24-04-2025T14:20:31 - [MESSAGE][PASSED] - Text 'password' has been set to element 'Object Repository/Repo/MyStay/android.widget.EditText'

24-04-2025T14:20:31 - [TEST_STEP][PASSED] - hideKeyboard(): Keyboard is hidden

24-04-2025T14:20:32 - [MESSAGE][PASSED] - Keyboard is hidden

24-04-2025T14:20:32 - [TEST_STEP][PASSED] - delay(20): Delayed 20 second(s)

24-04-2025T14:20:52 - [MESSAGE][PASSED] - Delayed 20 second(s)

24-04-2025T14:20:52 - [TEST_STEP][PASSED] - tap(findTestObject("Object Repository/Repo/MyStay/android.widget.Button - LOGIN"), 0): Tapped on element 'Object Repository/Repo/MyStay/android.widget.Button - LOGIN'

24-04-2025T14:20:52 - [MESSAGE][WARNING] - Timeout '0' is invalid. Using default page load timeout: '30'

24-04-2025T14:20:52 - [MESSAGE][PASSED] - Tapped on element 'Object Repository/Repo/MyStay/android.widget.Button - LOGIN'

24-04-2025T14:20:52 - [TEST_STEP][PASSED] - delay(20): Delayed 20 second(s)

24-04-2025T14:21:12 - [MESSAGE][PASSED] - Delayed 20 second(s)

24-04-2025T14:21:12 - [TEST_STEP][PASSED] - verifyElementExist(findTestObject("Object Repository/Repo/MyStay/android.view.View - My Stay"), 0): Element 'Object Repository/Repo/MyStay/android.view.View - My Stay' is exist

24-04-2025T14:21:12 - [MESSAGE][WARNING] - Timeout '0' is invalid. Using default page load timeout: '30'

24-04-2025T14:21:13 - [MESSAGE][PASSED] - Element 'Object Repository/Repo/MyStay/android.view.View - My Stay' is exist

24-04-2025T14:21:13 - [TEST_STEP][PASSED] - delay(5): Delayed 5 second(s)

24-04-2025T14:21:18 - [MESSAGE][PASSED] - Delayed 5 second(s)

24-04-2025T14:21:18 - [TEST_STEP][PASSED] - tap(findTestObject("Object Repository/Repo/MyStay/android.view.View - My Stay"), 0): Tapped on element 'Object Repository/Repo/MyStay/android.view.View - My Stay'

24-04-2025T14:21:18 - [MESSAGE][WARNING] - Timeout '0' is invalid. Using default page load timeout: '30'

24-04-2025T14:21:18 - [MESSAGE][PASSED] - Tapped on element 'Object Repository/Repo/MyStay/android.view.View - My Stay'

24-04-2025T14:21:18 - [TEST_STEP][PASSED] - delay(30): Delayed 30 second(s)

24-04-2025T14:21:48 - [MESSAGE][PASSED] - Delayed 30 second(s)

24-04-2025T14:21:48 - [TEST_STEP][FAILED] - verifyElementExist(findTestObject("Object Repository/Repo/MyStay/android.widget.TextView - UPCOMING STAYS"), 0): Failed to check for element 'Object Repository/Repo/MyStay/android.widget.TextView - UPCOMING STAYS' exist (Root cause: com.kms.katalon.core.exception.StepFailedException: Failed to check for element 'Object Repository/Repo/MyStay/android.widget.TextView - UPCOMING STAYS' exist
	at com.kms.katalon.core.mobile.keyword.internal.MobileKeywordMain.stepFailed(MobileKeywordMain.groovy:64)
	at com.kms.katalon.core.mobile.keyword.internal.MobileKeywordMain.runKeyword(MobileKeywordMain.groovy:34)
	at com.kms.katalon.core.mobile.keyword.builtin.VerifyElementExistKeyword.verifyElementExist(VerifyElementExistKeyword.groovy:51)
	at com.kms.katalon.core.mobile.keyword.builtin.VerifyElementExistKeyword.execute(VerifyElementExistKeyword.groovy:35)
	at com.kms.katalon.core.keyword.internal.KeywordExecutor.executeKeywordForPlatform(KeywordExecutor.groovy:74)
	at com.kms.katalon.core.mobile.keyword.MobileBuiltInKeywords.verifyElementExist(MobileBuiltInKeywords.groovy:1726)
	at C751_MyStayAndReservations_Current tab_UpcomingReservations.run(C751_MyStayAndReservations_Current tab_UpcomingReservations:70)
	at com.kms.katalon.core.main.ScriptEngine.run(ScriptEngine.java:194)
	at com.kms.katalon.core.main.ScriptEngine.runScriptAsRawText(ScriptEngine.java:119)
	at com.kms.katalon.core.main.TestCaseExecutor.runScript(TestCaseExecutor.java:448)
	at com.kms.katalon.core.main.TestCaseExecutor.doExecute(TestCaseExecutor.java:439)
	at com.kms.katalon.core.main.TestCaseExecutor.processExecutionPhase(TestCaseExecutor.java:418)
	at com.kms.katalon.core.main.TestCaseExecutor.accessMainPhase(TestCaseExecutor.java:410)
	at com.kms.katalon.core.main.TestCaseExecutor.execute(TestCaseExecutor.java:285)
	at com.kms.katalon.core.main.TestCaseExecutor.execute(TestCaseExecutor.java:369)
	at com.kms.katalon.core.main.TestCaseExecutor.execute(TestCaseExecutor.java:369)
	at com.kms.katalon.core.common.CommonExecutor.accessTestCaseMainPhase(CommonExecutor.java:71)
	at com.kms.katalon.core.main.TestSuiteExecutor.accessTestSuiteMainPhase(TestSuiteExecutor.java:160)
	at com.kms.katalon.core.main.TestSuiteExecutor.execute(TestSuiteExecutor.java:107)
	at com.kms.katalon.core.main.TestCaseMain.startTestSuite(TestCaseMain.java:180)
	at TempTestSuite1745479303751.run(TempTestSuite1745479303751.groovy:35)
	at java.base/jdk.internal.reflect.NativeMethodAccessorImpl.invoke0(Native Method)
	at java.base/jdk.internal.reflect.NativeMethodAccessorImpl.invoke(NativeMethodAccessorImpl.java:77)
	at java.base/jdk.internal.reflect.DelegatingMethodAccessorImpl.invoke(DelegatingMethodAccessorImpl.java:43)
Caused by: com.kms.katalon.core.exception.StepFailedException: Element 'Object Repository/Repo/MyStay/android.widget.TextView - UPCOMING STAYS' not found
	at com.kms.katalon.core.mobile.keyword.internal.MobileKeywordMain.stepFailed(MobileKeywordMain.groovy:64)
	at com.kms.katalon.core.mobile.keyword.builtin.VerifyElementExistKeyword$_verifyElementExist_closure1.doCall(VerifyElementExistKeyword.groovy:48)
	at com.kms.katalon.core.mobile.keyword.builtin.VerifyElementExistKeyword$_verifyElementExist_closure1.call(VerifyElementExistKeyword.groovy)
	at com.kms.katalon.core.mobile.keyword.internal.MobileKeywordMain.runKeyword(MobileKeywordMain.groovy:30)
	... 22 more
)

24-04-2025T14:21:48 - [MESSAGE][WARNING] - Timeout '0' is invalid. Using default page load timeout: '30'

24-04-2025T14:22:19 - [MESSAGE][FAILED] - Element 'Object Repository/Repo/MyStay/android.widget.TextView - UPCOMING STAYS' not found (Root cause: com.kms.katalon.core.exception.StepFailedException: Element 'Object Repository/Repo/MyStay/android.widget.TextView - UPCOMING STAYS' not found
	at com.kms.katalon.core.mobile.keyword.internal.MobileKeywordMain.stepFailed(MobileKeywordMain.groovy:64)
	at com.kms.katalon.core.mobile.keyword.builtin.VerifyElementExistKeyword$_verifyElementExist_closure1.doCall(VerifyElementExistKeyword.groovy:48)
	at com.kms.katalon.core.mobile.keyword.builtin.VerifyElementExistKeyword$_verifyElementExist_closure1.call(VerifyElementExistKeyword.groovy)
	at com.kms.katalon.core.mobile.keyword.internal.MobileKeywordMain.runKeyword(MobileKeywordMain.groovy:30)
	at com.kms.katalon.core.mobile.keyword.builtin.VerifyElementExistKeyword.verifyElementExist(VerifyElementExistKeyword.groovy:51)
	at com.kms.katalon.core.mobile.keyword.builtin.VerifyElementExistKeyword.execute(VerifyElementExistKeyword.groovy:35)
	at com.kms.katalon.core.keyword.internal.KeywordExecutor.executeKeywordForPlatform(KeywordExecutor.groovy:74)
	at com.kms.katalon.core.mobile.keyword.MobileBuiltInKeywords.verifyElementExist(MobileBuiltInKeywords.groovy:1726)
	at C751_MyStayAndReservations_Current tab_UpcomingReservations.run(C751_MyStayAndReservations_Current tab_UpcomingReservations:70)
	at com.kms.katalon.core.main.ScriptEngine.run(ScriptEngine.java:194)
	at com.kms.katalon.core.main.ScriptEngine.runScriptAsRawText(ScriptEngine.java:119)
	at com.kms.katalon.core.main.TestCaseExecutor.runScript(TestCaseExecutor.java:448)
	at com.kms.katalon.core.main.TestCaseExecutor.doExecute(TestCaseExecutor.java:439)
	at com.kms.katalon.core.main.TestCaseExecutor.processExecutionPhase(TestCaseExecutor.java:418)
	at com.kms.katalon.core.main.TestCaseExecutor.accessMainPhase(TestCaseExecutor.java:410)
	at com.kms.katalon.core.main.TestCaseExecutor.execute(TestCaseExecutor.java:285)
	at com.kms.katalon.core.main.TestCaseExecutor.execute(TestCaseExecutor.java:369)
	at com.kms.katalon.core.main.TestCaseExecutor.execute(TestCaseExecutor.java:369)
	at com.kms.katalon.core.common.CommonExecutor.accessTestCaseMainPhase(CommonExecutor.java:71)
	at com.kms.katalon.core.main.TestSuiteExecutor.accessTestSuiteMainPhase(TestSuiteExecutor.java:160)
	at com.kms.katalon.core.main.TestSuiteExecutor.execute(TestSuiteExecutor.java:107)
	at com.kms.katalon.core.main.TestCaseMain.startTestSuite(TestCaseMain.java:180)
	at TempTestSuite1745479303751.run(TempTestSuite1745479303751.groovy:35)
	at java.base/jdk.internal.reflect.NativeMethodAccessorImpl.invoke0(Native Method)
	at java.base/jdk.internal.reflect.NativeMethodAccessorImpl.invoke(NativeMethodAccessorImpl.java:77)
	at java.base/jdk.internal.reflect.DelegatingMethodAccessorImpl.invoke(DelegatingMethodAccessorImpl.java:43)
)
[[ATTACHMENT|/Users/gv.vignesh/Downloads/WGR-Android-Automation/Reports/20250424_125143/Android Regression/20250424_125143/1745484738515.png]]

24-04-2025T14:22:20 - [MESSAGE][FAILED] - Failed to check for element 'Object Repository/Repo/MyStay/android.widget.TextView - UPCOMING STAYS' exist (Root cause: com.kms.katalon.core.exception.StepFailedException: Failed to check for element 'Object Repository/Repo/MyStay/android.widget.TextView - UPCOMING STAYS' exist
	at com.kms.katalon.core.mobile.keyword.internal.MobileKeywordMain.stepFailed(MobileKeywordMain.groovy:64)
	at com.kms.katalon.core.mobile.keyword.internal.MobileKeywordMain.runKeyword(MobileKeywordMain.groovy:34)
	at com.kms.katalon.core.mobile.keyword.builtin.VerifyElementExistKeyword.verifyElementExist(VerifyElementExistKeyword.groovy:51)
	at com.kms.katalon.core.mobile.keyword.builtin.VerifyElementExistKeyword.execute(VerifyElementExistKeyword.groovy:35)
	at com.kms.katalon.core.keyword.internal.KeywordExecutor.executeKeywordForPlatform(KeywordExecutor.groovy:74)
	at com.kms.katalon.core.mobile.keyword.MobileBuiltInKeywords.verifyElementExist(MobileBuiltInKeywords.groovy:1726)
	at C751_MyStayAndReservations_Current tab_UpcomingReservations.run(C751_MyStayAndReservations_Current tab_UpcomingReservations:70)
	at com.kms.katalon.core.main.ScriptEngine.run(ScriptEngine.java:194)
	at com.kms.katalon.core.main.ScriptEngine.runScriptAsRawText(ScriptEngine.java:119)
	at com.kms.katalon.core.main.TestCaseExecutor.runScript(TestCaseExecutor.java:448)
	at com.kms.katalon.core.main.TestCaseExecutor.doExecute(TestCaseExecutor.java:439)
	at com.kms.katalon.core.main.TestCaseExecutor.processExecutionPhase(TestCaseExecutor.java:418)
	at com.kms.katalon.core.main.TestCaseExecutor.accessMainPhase(TestCaseExecutor.java:410)
	at com.kms.katalon.core.main.TestCaseExecutor.execute(TestCaseExecutor.java:285)
	at com.kms.katalon.core.main.TestCaseExecutor.execute(TestCaseExecutor.java:369)
	at com.kms.katalon.core.main.TestCaseExecutor.execute(TestCaseExecutor.java:369)
	at com.kms.katalon.core.common.CommonExecutor.accessTestCaseMainPhase(CommonExecutor.java:71)
	at com.kms.katalon.core.main.TestSuiteExecutor.accessTestSuiteMainPhase(TestSuiteExecutor.java:160)
	at com.kms.katalon.core.main.TestSuiteExecutor.execute(TestSuiteExecutor.java:107)
	at com.kms.katalon.core.main.TestCaseMain.startTestSuite(TestCaseMain.java:180)
	at TempTestSuite1745479303751.run(TempTestSuite1745479303751.groovy:35)
	at java.base/jdk.internal.reflect.NativeMethodAccessorImpl.invoke0(Native Method)
	at java.base/jdk.internal.reflect.NativeMethodAccessorImpl.invoke(NativeMethodAccessorImpl.java:77)
	at java.base/jdk.internal.reflect.DelegatingMethodAccessorImpl.invoke(DelegatingMethodAccessorImpl.java:43)
Caused by: com.kms.katalon.core.exception.StepFailedException: Element 'Object Repository/Repo/MyStay/android.widget.TextView - UPCOMING STAYS' not found
	at com.kms.katalon.core.mobile.keyword.internal.MobileKeywordMain.stepFailed(MobileKeywordMain.groovy:64)
	at com.kms.katalon.core.mobile.keyword.builtin.VerifyElementExistKeyword$_verifyElementExist_closure1.doCall(VerifyElementExistKeyword.groovy:48)
	at com.kms.katalon.core.mobile.keyword.builtin.VerifyElementExistKeyword$_verifyElementExist_closure1.call(VerifyElementExistKeyword.groovy)
	at com.kms.katalon.core.mobile.keyword.internal.MobileKeywordMain.runKeyword(MobileKeywordMain.groovy:30)
	... 22 more
)
[[ATTACHMENT|/Users/gv.vignesh/Downloads/WGR-Android-Automation/Reports/20250424_125143/Android Regression/20250424_125143/1745484739864.png]]]]></system-out>
         <system-err><![CDATA[24-04-2025T14:17:45 - [TEST_CASE][FAILED] - Test Cases/My Stay And Reservations/C751_MyStayAndReservations_Current tab_UpcomingReservations: Test Cases/My Stay And Reservations/C751_MyStayAndReservations_Current tab_UpcomingReservations FAILED.
Reason:
com.kms.katalon.core.exception.StepFailedException: Failed to check for element 'Object Repository/Repo/MyStay/android.widget.TextView - UPCOMING STAYS' exist
	at com.kms.katalon.core.mobile.keyword.internal.MobileKeywordMain.stepFailed(MobileKeywordMain.groovy:64)
	at com.kms.katalon.core.mobile.keyword.internal.MobileKeywordMain.runKeyword(MobileKeywordMain.groovy:34)
	at com.kms.katalon.core.mobile.keyword.builtin.VerifyElementExistKeyword.verifyElementExist(VerifyElementExistKeyword.groovy:51)
	at com.kms.katalon.core.mobile.keyword.builtin.VerifyElementExistKeyword.execute(VerifyElementExistKeyword.groovy:35)
	at com.kms.katalon.core.keyword.internal.KeywordExecutor.executeKeywordForPlatform(KeywordExecutor.groovy:74)
	at com.kms.katalon.core.mobile.keyword.MobileBuiltInKeywords.verifyElementExist(MobileBuiltInKeywords.groovy:1726)
	at C751_MyStayAndReservations_Current tab_UpcomingReservations.run(C751_MyStayAndReservations_Current tab_UpcomingReservations:70)
	at com.kms.katalon.core.main.ScriptEngine.run(ScriptEngine.java:194)
	at com.kms.katalon.core.main.ScriptEngine.runScriptAsRawText(ScriptEngine.java:119)
	at com.kms.katalon.core.main.TestCaseExecutor.runScript(TestCaseExecutor.java:448)
	at com.kms.katalon.core.main.TestCaseExecutor.doExecute(TestCaseExecutor.java:439)
	at com.kms.katalon.core.main.TestCaseExecutor.processExecutionPhase(TestCaseExecutor.java:418)
	at com.kms.katalon.core.main.TestCaseExecutor.accessMainPhase(TestCaseExecutor.java:410)
	at com.kms.katalon.core.main.TestCaseExecutor.execute(TestCaseExecutor.java:285)
	at com.kms.katalon.core.main.TestCaseExecutor.execute(TestCaseExecutor.java:369)
	at com.kms.katalon.core.main.TestCaseExecutor.execute(TestCaseExecutor.java:369)
	at com.kms.katalon.core.common.CommonExecutor.accessTestCaseMainPhase(CommonExecutor.java:71)
	at com.kms.katalon.core.main.TestSuiteExecutor.accessTestSuiteMainPhase(TestSuiteExecutor.java:160)
	at com.kms.katalon.core.main.TestSuiteExecutor.execute(TestSuiteExecutor.java:107)
	at com.kms.katalon.core.main.TestCaseMain.startTestSuite(TestCaseMain.java:180)
	at TempTestSuite1745479303751.run(TempTestSuite1745479303751.groovy:35)
	at java.base/jdk.internal.reflect.NativeMethodAccessorImpl.invoke0(Native Method)
	at java.base/jdk.internal.reflect.NativeMethodAccessorImpl.invoke(NativeMethodAccessorImpl.java:77)
	at java.base/jdk.internal.reflect.DelegatingMethodAccessorImpl.invoke(DelegatingMethodAccessorImpl.java:43)
Caused by: com.kms.katalon.core.exception.StepFailedException: Element 'Object Repository/Repo/MyStay/android.widget.TextView - UPCOMING STAYS' not found
	at com.kms.katalon.core.mobile.keyword.internal.MobileKeywordMain.stepFailed(MobileKeywordMain.groovy:64)
	at com.kms.katalon.core.mobile.keyword.builtin.VerifyElementExistKeyword$_verifyElementExist_closure1.doCall(VerifyElementExistKeyword.groovy:48)
	at com.kms.katalon.core.mobile.keyword.builtin.VerifyElementExistKeyword$_verifyElementExist_closure1.call(VerifyElementExistKeyword.groovy)
	at com.kms.katalon.core.mobile.keyword.internal.MobileKeywordMain.runKeyword(MobileKeywordMain.groovy:30)
	... 22 more]]></system-err>
      </testcase>
      <testcase name="Test Cases/My Stay And Reservations/C726_MyStayAndReservations_My Stay_PastStaysTab_NoStays" time="105.007" classname="Test Cases/My Stay And Reservations/C726_MyStayAndReservations_My Stay_PastStaysTab_NoStays" status="FAILED">
         <failure type="FAILED" message="Test Cases/My Stay And Reservations/C726_MyStayAndReservations_My Stay_PastStaysTab_NoStays FAILED.&#xa;Reason:&#xa;com.kms.katalon.core.exception.StepFailedException: Failed to set text into element&#xa;	at com.kms.katalon.core.mobile.keyword.internal.MobileKeywordMain.stepFailed(MobileKeywordMain.groovy:64)&#xa;	at com.kms.katalon.core.mobile.keyword.internal.MobileKeywordMain.runKeyword(MobileKeywordMain.groovy:34)&#xa;	at com.kms.katalon.core.mobile.keyword.builtin.SetTextKeyword.setText(SetTextKeyword.groovy:62)&#xa;	at com.kms.katalon.core.mobile.keyword.builtin.SetTextKeyword.execute(SetTextKeyword.groovy:42)&#xa;	at com.kms.katalon.core.keyword.internal.KeywordExecutor.executeKeywordForPlatform(KeywordExecutor.groovy:74)&#xa;	at com.kms.katalon.core.mobile.keyword.MobileBuiltInKeywords.setText(MobileBuiltInKeywords.groovy:1278)&#xa;	at C726_MyStayAndReservations_My Stay_PastStaysTab_NoStays.run(C726_MyStayAndReservations_My Stay_PastStaysTab_NoStays:28)&#xa;	at com.kms.katalon.core.main.ScriptEngine.run(ScriptEngine.java:194)&#xa;	at com.kms.katalon.core.main.ScriptEngine.runScriptAsRawText(ScriptEngine.java:119)&#xa;	at com.kms.katalon.core.main.TestCaseExecutor.runScript(TestCaseExecutor.java:448)&#xa;	at com.kms.katalon.core.main.TestCaseExecutor.doExecute(TestCaseExecutor.java:439)&#xa;	at com.kms.katalon.core.main.TestCaseExecutor.processExecutionPhase(TestCaseExecutor.java:418)&#xa;	at com.kms.katalon.core.main.TestCaseExecutor.accessMainPhase(TestCaseExecutor.java:410)&#xa;	at com.kms.katalon.core.main.TestCaseExecutor.execute(TestCaseExecutor.java:285)&#xa;	at com.kms.katalon.core.main.TestCaseExecutor.execute(TestCaseExecutor.java:369)&#xa;	at com.kms.katalon.core.main.TestCaseExecutor.execute(TestCaseExecutor.java:369)&#xa;	at com.kms.katalon.core.common.CommonExecutor.accessTestCaseMainPhase(CommonExecutor.java:71)&#xa;	at com.kms.katalon.core.main.TestSuiteExecutor.accessTestSuiteMainPhase(TestSuiteExecutor.java:160)&#xa;	at com.kms.katalon.core.main.TestSuiteExecutor.execute(TestSuiteExecutor.java:107)&#xa;	at com.kms.katalon.core.main.TestCaseMain.startTestSuite(TestCaseMain.java:180)&#xa;	at TempTestSuite1745479303751.run(TempTestSuite1745479303751.groovy:35)&#xa;	at java.base/jdk.internal.reflect.NativeMethodAccessorImpl.invoke0(Native Method)&#xa;	at java.base/jdk.internal.reflect.NativeMethodAccessorImpl.invoke(NativeMethodAccessorImpl.java:77)&#xa;	at java.base/jdk.internal.reflect.DelegatingMethodAccessorImpl.invoke(DelegatingMethodAccessorImpl.java:43)&#xa;Caused by: com.kms.katalon.core.exception.StepFailedException: Object Object Repository/Repo/MyStay/android.widget.EditText not found&#xa;	at com.kms.katalon.core.mobile.keyword.internal.MobileKeywordMain.stepFailed(MobileKeywordMain.groovy:64)&#xa;	at com.kms.katalon.core.mobile.keyword.builtin.SetTextKeyword$_setText_closure1.doCall(SetTextKeyword.groovy:52)&#xa;	at com.kms.katalon.core.mobile.keyword.builtin.SetTextKeyword$_setText_closure1.call(SetTextKeyword.groovy)&#xa;	at com.kms.katalon.core.mobile.keyword.internal.MobileKeywordMain.runKeyword(MobileKeywordMain.groovy:30)&#xa;	... 22 more&#xa;"/>
         <system-out><![CDATA[24-04-2025T14:25:46 - [TEST_CASE][FAILED] - Test Cases/My Stay And Reservations/C726_MyStayAndReservations_My Stay_PastStaysTab_NoStays: Test Cases/My Stay And Reservations/C726_MyStayAndReservations_My Stay_PastStaysTab_NoStays FAILED.
Reason:
com.kms.katalon.core.exception.StepFailedException: Failed to set text into element
	at com.kms.katalon.core.mobile.keyword.internal.MobileKeywordMain.stepFailed(MobileKeywordMain.groovy:64)
	at com.kms.katalon.core.mobile.keyword.internal.MobileKeywordMain.runKeyword(MobileKeywordMain.groovy:34)
	at com.kms.katalon.core.mobile.keyword.builtin.SetTextKeyword.setText(SetTextKeyword.groovy:62)
	at com.kms.katalon.core.mobile.keyword.builtin.SetTextKeyword.execute(SetTextKeyword.groovy:42)
	at com.kms.katalon.core.keyword.internal.KeywordExecutor.executeKeywordForPlatform(KeywordExecutor.groovy:74)
	at com.kms.katalon.core.mobile.keyword.MobileBuiltInKeywords.setText(MobileBuiltInKeywords.groovy:1278)
	at C726_MyStayAndReservations_My Stay_PastStaysTab_NoStays.run(C726_MyStayAndReservations_My Stay_PastStaysTab_NoStays:28)
	at com.kms.katalon.core.main.ScriptEngine.run(ScriptEngine.java:194)
	at com.kms.katalon.core.main.ScriptEngine.runScriptAsRawText(ScriptEngine.java:119)
	at com.kms.katalon.core.main.TestCaseExecutor.runScript(TestCaseExecutor.java:448)
	at com.kms.katalon.core.main.TestCaseExecutor.doExecute(TestCaseExecutor.java:439)
	at com.kms.katalon.core.main.TestCaseExecutor.processExecutionPhase(TestCaseExecutor.java:418)
	at com.kms.katalon.core.main.TestCaseExecutor.accessMainPhase(TestCaseExecutor.java:410)
	at com.kms.katalon.core.main.TestCaseExecutor.execute(TestCaseExecutor.java:285)
	at com.kms.katalon.core.main.TestCaseExecutor.execute(TestCaseExecutor.java:369)
	at com.kms.katalon.core.main.TestCaseExecutor.execute(TestCaseExecutor.java:369)
	at com.kms.katalon.core.common.CommonExecutor.accessTestCaseMainPhase(CommonExecutor.java:71)
	at com.kms.katalon.core.main.TestSuiteExecutor.accessTestSuiteMainPhase(TestSuiteExecutor.java:160)
	at com.kms.katalon.core.main.TestSuiteExecutor.execute(TestSuiteExecutor.java:107)
	at com.kms.katalon.core.main.TestCaseMain.startTestSuite(TestCaseMain.java:180)
	at TempTestSuite1745479303751.run(TempTestSuite1745479303751.groovy:35)
	at java.base/jdk.internal.reflect.NativeMethodAccessorImpl.invoke0(Native Method)
	at java.base/jdk.internal.reflect.NativeMethodAccessorImpl.invoke(NativeMethodAccessorImpl.java:77)
	at java.base/jdk.internal.reflect.DelegatingMethodAccessorImpl.invoke(DelegatingMethodAccessorImpl.java:43)
Caused by: com.kms.katalon.core.exception.StepFailedException: Object Object Repository/Repo/MyStay/android.widget.EditText not found
	at com.kms.katalon.core.mobile.keyword.internal.MobileKeywordMain.stepFailed(MobileKeywordMain.groovy:64)
	at com.kms.katalon.core.mobile.keyword.builtin.SetTextKeyword$_setText_closure1.doCall(SetTextKeyword.groovy:52)
	at com.kms.katalon.core.mobile.keyword.builtin.SetTextKeyword$_setText_closure1.call(SetTextKeyword.groovy)
	at com.kms.katalon.core.mobile.keyword.internal.MobileKeywordMain.runKeyword(MobileKeywordMain.groovy:30)
	... 22 more


24-04-2025T14:25:46 - [TEST_STEP][PASSED] - testData = findTestData("Data Files/C726"): null

24-04-2025T14:25:46 - [TEST_STEP][PASSED] - username = testData.getValue("username", 1): null

24-04-2025T14:25:46 - [TEST_STEP][PASSED] - password = testData.getValue("password", 1): null

24-04-2025T14:25:46 - [TEST_STEP][PASSED] - startApplication(appUrl, true): Started application: '/Users/gv.vignesh/Downloads/WGR-Android-Automation/App Folder/app-debug-Version 2.99.68.apk'

24-04-2025T14:25:46 - [MESSAGE][INFO] - Starting application: '/Users/gv.vignesh/Downloads/WGR-Android-Automation/App Folder/app-debug-Version 2.99.68.apk'

24-04-2025T14:25:46 - [MESSAGE][INFO] - User set preference: ['uiautomator2ServerInstallTimeout', '0']

24-04-2025T14:25:46 - [MESSAGE][INFO] - User set preference: ['deviceId', '']

24-04-2025T14:26:35 - [MESSAGE][PASSED] - Started application: '/Users/gv.vignesh/Downloads/WGR-Android-Automation/App Folder/app-debug-Version 2.99.68.apk'

24-04-2025T14:26:35 - [TEST_STEP][PASSED] - delay(10): Delayed 10 second(s)

24-04-2025T14:26:45 - [MESSAGE][PASSED] - Delayed 10 second(s)

24-04-2025T14:26:45 - [TEST_STEP][PASSED] - tap(findTestObject("Object Repository/Repo/MyStay/android.widget.Button - Login or Sign Up"), 0): Tapped on element 'Object Repository/Repo/MyStay/android.widget.Button - Login or Sign Up'

24-04-2025T14:26:45 - [MESSAGE][WARNING] - Timeout '0' is invalid. Using default page load timeout: '30'

24-04-2025T14:26:46 - [MESSAGE][PASSED] - Tapped on element 'Object Repository/Repo/MyStay/android.widget.Button - Login or Sign Up'

24-04-2025T14:26:46 - [TEST_STEP][PASSED] - delay(10): Delayed 10 second(s)

24-04-2025T14:26:56 - [MESSAGE][PASSED] - Delayed 10 second(s)

24-04-2025T14:26:56 - [TEST_STEP][FAILED] - setText(findTestObject("Object Repository/Repo/MyStay/android.widget.EditText"), username, 0): Failed to set text into element (Root cause: com.kms.katalon.core.exception.StepFailedException: Failed to set text into element
	at com.kms.katalon.core.mobile.keyword.internal.MobileKeywordMain.stepFailed(MobileKeywordMain.groovy:64)
	at com.kms.katalon.core.mobile.keyword.internal.MobileKeywordMain.runKeyword(MobileKeywordMain.groovy:34)
	at com.kms.katalon.core.mobile.keyword.builtin.SetTextKeyword.setText(SetTextKeyword.groovy:62)
	at com.kms.katalon.core.mobile.keyword.builtin.SetTextKeyword.execute(SetTextKeyword.groovy:42)
	at com.kms.katalon.core.keyword.internal.KeywordExecutor.executeKeywordForPlatform(KeywordExecutor.groovy:74)
	at com.kms.katalon.core.mobile.keyword.MobileBuiltInKeywords.setText(MobileBuiltInKeywords.groovy:1278)
	at C726_MyStayAndReservations_My Stay_PastStaysTab_NoStays.run(C726_MyStayAndReservations_My Stay_PastStaysTab_NoStays:28)
	at com.kms.katalon.core.main.ScriptEngine.run(ScriptEngine.java:194)
	at com.kms.katalon.core.main.ScriptEngine.runScriptAsRawText(ScriptEngine.java:119)
	at com.kms.katalon.core.main.TestCaseExecutor.runScript(TestCaseExecutor.java:448)
	at com.kms.katalon.core.main.TestCaseExecutor.doExecute(TestCaseExecutor.java:439)
	at com.kms.katalon.core.main.TestCaseExecutor.processExecutionPhase(TestCaseExecutor.java:418)
	at com.kms.katalon.core.main.TestCaseExecutor.accessMainPhase(TestCaseExecutor.java:410)
	at com.kms.katalon.core.main.TestCaseExecutor.execute(TestCaseExecutor.java:285)
	at com.kms.katalon.core.main.TestCaseExecutor.execute(TestCaseExecutor.java:369)
	at com.kms.katalon.core.main.TestCaseExecutor.execute(TestCaseExecutor.java:369)
	at com.kms.katalon.core.common.CommonExecutor.accessTestCaseMainPhase(CommonExecutor.java:71)
	at com.kms.katalon.core.main.TestSuiteExecutor.accessTestSuiteMainPhase(TestSuiteExecutor.java:160)
	at com.kms.katalon.core.main.TestSuiteExecutor.execute(TestSuiteExecutor.java:107)
	at com.kms.katalon.core.main.TestCaseMain.startTestSuite(TestCaseMain.java:180)
	at TempTestSuite1745479303751.run(TempTestSuite1745479303751.groovy:35)
	at java.base/jdk.internal.reflect.NativeMethodAccessorImpl.invoke0(Native Method)
	at java.base/jdk.internal.reflect.NativeMethodAccessorImpl.invoke(NativeMethodAccessorImpl.java:77)
	at java.base/jdk.internal.reflect.DelegatingMethodAccessorImpl.invoke(DelegatingMethodAccessorImpl.java:43)
Caused by: com.kms.katalon.core.exception.StepFailedException: Object Object Repository/Repo/MyStay/android.widget.EditText not found
	at com.kms.katalon.core.mobile.keyword.internal.MobileKeywordMain.stepFailed(MobileKeywordMain.groovy:64)
	at com.kms.katalon.core.mobile.keyword.builtin.SetTextKeyword$_setText_closure1.doCall(SetTextKeyword.groovy:52)
	at com.kms.katalon.core.mobile.keyword.builtin.SetTextKeyword$_setText_closure1.call(SetTextKeyword.groovy)
	at com.kms.katalon.core.mobile.keyword.internal.MobileKeywordMain.runKeyword(MobileKeywordMain.groovy:30)
	... 22 more
)

24-04-2025T14:26:56 - [MESSAGE][WARNING] - Timeout '0' is invalid. Using default page load timeout: '30'

24-04-2025T14:27:29 - [MESSAGE][FAILED] - Object Object Repository/Repo/MyStay/android.widget.EditText not found (Root cause: com.kms.katalon.core.exception.StepFailedException: Object Object Repository/Repo/MyStay/android.widget.EditText not found
	at com.kms.katalon.core.mobile.keyword.internal.MobileKeywordMain.stepFailed(MobileKeywordMain.groovy:64)
	at com.kms.katalon.core.mobile.keyword.builtin.SetTextKeyword$_setText_closure1.doCall(SetTextKeyword.groovy:52)
	at com.kms.katalon.core.mobile.keyword.builtin.SetTextKeyword$_setText_closure1.call(SetTextKeyword.groovy)
	at com.kms.katalon.core.mobile.keyword.internal.MobileKeywordMain.runKeyword(MobileKeywordMain.groovy:30)
	at com.kms.katalon.core.mobile.keyword.builtin.SetTextKeyword.setText(SetTextKeyword.groovy:62)
	at com.kms.katalon.core.mobile.keyword.builtin.SetTextKeyword.execute(SetTextKeyword.groovy:42)
	at com.kms.katalon.core.keyword.internal.KeywordExecutor.executeKeywordForPlatform(KeywordExecutor.groovy:74)
	at com.kms.katalon.core.mobile.keyword.MobileBuiltInKeywords.setText(MobileBuiltInKeywords.groovy:1278)
	at C726_MyStayAndReservations_My Stay_PastStaysTab_NoStays.run(C726_MyStayAndReservations_My Stay_PastStaysTab_NoStays:28)
	at com.kms.katalon.core.main.ScriptEngine.run(ScriptEngine.java:194)
	at com.kms.katalon.core.main.ScriptEngine.runScriptAsRawText(ScriptEngine.java:119)
	at com.kms.katalon.core.main.TestCaseExecutor.runScript(TestCaseExecutor.java:448)
	at com.kms.katalon.core.main.TestCaseExecutor.doExecute(TestCaseExecutor.java:439)
	at com.kms.katalon.core.main.TestCaseExecutor.processExecutionPhase(TestCaseExecutor.java:418)
	at com.kms.katalon.core.main.TestCaseExecutor.accessMainPhase(TestCaseExecutor.java:410)
	at com.kms.katalon.core.main.TestCaseExecutor.execute(TestCaseExecutor.java:285)
	at com.kms.katalon.core.main.TestCaseExecutor.execute(TestCaseExecutor.java:369)
	at com.kms.katalon.core.main.TestCaseExecutor.execute(TestCaseExecutor.java:369)
	at com.kms.katalon.core.common.CommonExecutor.accessTestCaseMainPhase(CommonExecutor.java:71)
	at com.kms.katalon.core.main.TestSuiteExecutor.accessTestSuiteMainPhase(TestSuiteExecutor.java:160)
	at com.kms.katalon.core.main.TestSuiteExecutor.execute(TestSuiteExecutor.java:107)
	at com.kms.katalon.core.main.TestCaseMain.startTestSuite(TestCaseMain.java:180)
	at TempTestSuite1745479303751.run(TempTestSuite1745479303751.groovy:35)
	at java.base/jdk.internal.reflect.NativeMethodAccessorImpl.invoke0(Native Method)
	at java.base/jdk.internal.reflect.NativeMethodAccessorImpl.invoke(NativeMethodAccessorImpl.java:77)
	at java.base/jdk.internal.reflect.DelegatingMethodAccessorImpl.invoke(DelegatingMethodAccessorImpl.java:43)
)
[[ATTACHMENT|/Users/gv.vignesh/Downloads/WGR-Android-Automation/Reports/20250424_125143/Android Regression/20250424_125143/1745485046979.png]]

24-04-2025T14:27:31 - [MESSAGE][FAILED] - Failed to set text into element (Root cause: com.kms.katalon.core.exception.StepFailedException: Failed to set text into element
	at com.kms.katalon.core.mobile.keyword.internal.MobileKeywordMain.stepFailed(MobileKeywordMain.groovy:64)
	at com.kms.katalon.core.mobile.keyword.internal.MobileKeywordMain.runKeyword(MobileKeywordMain.groovy:34)
	at com.kms.katalon.core.mobile.keyword.builtin.SetTextKeyword.setText(SetTextKeyword.groovy:62)
	at com.kms.katalon.core.mobile.keyword.builtin.SetTextKeyword.execute(SetTextKeyword.groovy:42)
	at com.kms.katalon.core.keyword.internal.KeywordExecutor.executeKeywordForPlatform(KeywordExecutor.groovy:74)
	at com.kms.katalon.core.mobile.keyword.MobileBuiltInKeywords.setText(MobileBuiltInKeywords.groovy:1278)
	at C726_MyStayAndReservations_My Stay_PastStaysTab_NoStays.run(C726_MyStayAndReservations_My Stay_PastStaysTab_NoStays:28)
	at com.kms.katalon.core.main.ScriptEngine.run(ScriptEngine.java:194)
	at com.kms.katalon.core.main.ScriptEngine.runScriptAsRawText(ScriptEngine.java:119)
	at com.kms.katalon.core.main.TestCaseExecutor.runScript(TestCaseExecutor.java:448)
	at com.kms.katalon.core.main.TestCaseExecutor.doExecute(TestCaseExecutor.java:439)
	at com.kms.katalon.core.main.TestCaseExecutor.processExecutionPhase(TestCaseExecutor.java:418)
	at com.kms.katalon.core.main.TestCaseExecutor.accessMainPhase(TestCaseExecutor.java:410)
	at com.kms.katalon.core.main.TestCaseExecutor.execute(TestCaseExecutor.java:285)
	at com.kms.katalon.core.main.TestCaseExecutor.execute(TestCaseExecutor.java:369)
	at com.kms.katalon.core.main.TestCaseExecutor.execute(TestCaseExecutor.java:369)
	at com.kms.katalon.core.common.CommonExecutor.accessTestCaseMainPhase(CommonExecutor.java:71)
	at com.kms.katalon.core.main.TestSuiteExecutor.accessTestSuiteMainPhase(TestSuiteExecutor.java:160)
	at com.kms.katalon.core.main.TestSuiteExecutor.execute(TestSuiteExecutor.java:107)
	at com.kms.katalon.core.main.TestCaseMain.startTestSuite(TestCaseMain.java:180)
	at TempTestSuite1745479303751.run(TempTestSuite1745479303751.groovy:35)
	at java.base/jdk.internal.reflect.NativeMethodAccessorImpl.invoke0(Native Method)
	at java.base/jdk.internal.reflect.NativeMethodAccessorImpl.invoke(NativeMethodAccessorImpl.java:77)
	at java.base/jdk.internal.reflect.DelegatingMethodAccessorImpl.invoke(DelegatingMethodAccessorImpl.java:43)
Caused by: com.kms.katalon.core.exception.StepFailedException: Object Object Repository/Repo/MyStay/android.widget.EditText not found
	at com.kms.katalon.core.mobile.keyword.internal.MobileKeywordMain.stepFailed(MobileKeywordMain.groovy:64)
	at com.kms.katalon.core.mobile.keyword.builtin.SetTextKeyword$_setText_closure1.doCall(SetTextKeyword.groovy:52)
	at com.kms.katalon.core.mobile.keyword.builtin.SetTextKeyword$_setText_closure1.call(SetTextKeyword.groovy)
	at com.kms.katalon.core.mobile.keyword.internal.MobileKeywordMain.runKeyword(MobileKeywordMain.groovy:30)
	... 22 more
)
[[ATTACHMENT|/Users/gv.vignesh/Downloads/WGR-Android-Automation/Reports/20250424_125143/Android Regression/20250424_125143/1745485049590.png]]]]></system-out>
         <system-err><![CDATA[24-04-2025T14:25:46 - [TEST_CASE][FAILED] - Test Cases/My Stay And Reservations/C726_MyStayAndReservations_My Stay_PastStaysTab_NoStays: Test Cases/My Stay And Reservations/C726_MyStayAndReservations_My Stay_PastStaysTab_NoStays FAILED.
Reason:
com.kms.katalon.core.exception.StepFailedException: Failed to set text into element
	at com.kms.katalon.core.mobile.keyword.internal.MobileKeywordMain.stepFailed(MobileKeywordMain.groovy:64)
	at com.kms.katalon.core.mobile.keyword.internal.MobileKeywordMain.runKeyword(MobileKeywordMain.groovy:34)
	at com.kms.katalon.core.mobile.keyword.builtin.SetTextKeyword.setText(SetTextKeyword.groovy:62)
	at com.kms.katalon.core.mobile.keyword.builtin.SetTextKeyword.execute(SetTextKeyword.groovy:42)
	at com.kms.katalon.core.keyword.internal.KeywordExecutor.executeKeywordForPlatform(KeywordExecutor.groovy:74)
	at com.kms.katalon.core.mobile.keyword.MobileBuiltInKeywords.setText(MobileBuiltInKeywords.groovy:1278)
	at C726_MyStayAndReservations_My Stay_PastStaysTab_NoStays.run(C726_MyStayAndReservations_My Stay_PastStaysTab_NoStays:28)
	at com.kms.katalon.core.main.ScriptEngine.run(ScriptEngine.java:194)
	at com.kms.katalon.core.main.ScriptEngine.runScriptAsRawText(ScriptEngine.java:119)
	at com.kms.katalon.core.main.TestCaseExecutor.runScript(TestCaseExecutor.java:448)
	at com.kms.katalon.core.main.TestCaseExecutor.doExecute(TestCaseExecutor.java:439)
	at com.kms.katalon.core.main.TestCaseExecutor.processExecutionPhase(TestCaseExecutor.java:418)
	at com.kms.katalon.core.main.TestCaseExecutor.accessMainPhase(TestCaseExecutor.java:410)
	at com.kms.katalon.core.main.TestCaseExecutor.execute(TestCaseExecutor.java:285)
	at com.kms.katalon.core.main.TestCaseExecutor.execute(TestCaseExecutor.java:369)
	at com.kms.katalon.core.main.TestCaseExecutor.execute(TestCaseExecutor.java:369)
	at com.kms.katalon.core.common.CommonExecutor.accessTestCaseMainPhase(CommonExecutor.java:71)
	at com.kms.katalon.core.main.TestSuiteExecutor.accessTestSuiteMainPhase(TestSuiteExecutor.java:160)
	at com.kms.katalon.core.main.TestSuiteExecutor.execute(TestSuiteExecutor.java:107)
	at com.kms.katalon.core.main.TestCaseMain.startTestSuite(TestCaseMain.java:180)
	at TempTestSuite1745479303751.run(TempTestSuite1745479303751.groovy:35)
	at java.base/jdk.internal.reflect.NativeMethodAccessorImpl.invoke0(Native Method)
	at java.base/jdk.internal.reflect.NativeMethodAccessorImpl.invoke(NativeMethodAccessorImpl.java:77)
	at java.base/jdk.internal.reflect.DelegatingMethodAccessorImpl.invoke(DelegatingMethodAccessorImpl.java:43)
Caused by: com.kms.katalon.core.exception.StepFailedException: Object Object Repository/Repo/MyStay/android.widget.EditText not found
	at com.kms.katalon.core.mobile.keyword.internal.MobileKeywordMain.stepFailed(MobileKeywordMain.groovy:64)
	at com.kms.katalon.core.mobile.keyword.builtin.SetTextKeyword$_setText_closure1.doCall(SetTextKeyword.groovy:52)
	at com.kms.katalon.core.mobile.keyword.builtin.SetTextKeyword$_setText_closure1.call(SetTextKeyword.groovy)
	at com.kms.katalon.core.mobile.keyword.internal.MobileKeywordMain.runKeyword(MobileKeywordMain.groovy:30)
	... 22 more]]></system-err>
      </testcase>
      <testcase name="Test Cases/My Stay And Reservations/WRMA-293_MyStayAndReservations_Error_ReservationsNotLoading_current stays" time="71.305" classname="Test Cases/My Stay And Reservations/WRMA-293_MyStayAndReservations_Error_ReservationsNotLoading_current stays" status="FAILED">
         <failure type="FAILED" message="Test Cases/My Stay And Reservations/WRMA-293_MyStayAndReservations_Error_ReservationsNotLoading_current stays FAILED.&#xa;Reason:&#xa;com.kms.katalon.core.exception.StepFailedException: Failed to set text into element&#xa;	at com.kms.katalon.core.mobile.keyword.internal.MobileKeywordMain.stepFailed(MobileKeywordMain.groovy:64)&#xa;	at com.kms.katalon.core.mobile.keyword.internal.MobileKeywordMain.runKeyword(MobileKeywordMain.groovy:34)&#xa;	at com.kms.katalon.core.mobile.keyword.builtin.SetTextKeyword.setText(SetTextKeyword.groovy:62)&#xa;	at com.kms.katalon.core.mobile.keyword.builtin.SetTextKeyword.execute(SetTextKeyword.groovy:42)&#xa;	at com.kms.katalon.core.keyword.internal.KeywordExecutor.executeKeywordForPlatform(KeywordExecutor.groovy:74)&#xa;	at com.kms.katalon.core.mobile.keyword.MobileBuiltInKeywords.setText(MobileBuiltInKeywords.groovy:1278)&#xa;	at WRMA-293_MyStayAndReservations_Error_ReservationsNotLoading_current stays.run(WRMA-293_MyStayAndReservations_Error_ReservationsNotLoading_current stays:58)&#xa;	at com.kms.katalon.core.main.ScriptEngine.run(ScriptEngine.java:194)&#xa;	at com.kms.katalon.core.main.ScriptEngine.runScriptAsRawText(ScriptEngine.java:119)&#xa;	at com.kms.katalon.core.main.TestCaseExecutor.runScript(TestCaseExecutor.java:448)&#xa;	at com.kms.katalon.core.main.TestCaseExecutor.doExecute(TestCaseExecutor.java:439)&#xa;	at com.kms.katalon.core.main.TestCaseExecutor.processExecutionPhase(TestCaseExecutor.java:418)&#xa;	at com.kms.katalon.core.main.TestCaseExecutor.accessMainPhase(TestCaseExecutor.java:410)&#xa;	at com.kms.katalon.core.main.TestCaseExecutor.execute(TestCaseExecutor.java:285)&#xa;	at com.kms.katalon.core.main.TestCaseExecutor.execute(TestCaseExecutor.java:369)&#xa;	at com.kms.katalon.core.main.TestCaseExecutor.execute(TestCaseExecutor.java:369)&#xa;	at com.kms.katalon.core.common.CommonExecutor.accessTestCaseMainPhase(CommonExecutor.java:71)&#xa;	at com.kms.katalon.core.main.TestSuiteExecutor.accessTestSuiteMainPhase(TestSuiteExecutor.java:160)&#xa;	at com.kms.katalon.core.main.TestSuiteExecutor.execute(TestSuiteExecutor.java:107)&#xa;	at com.kms.katalon.core.main.TestCaseMain.startTestSuite(TestCaseMain.java:180)&#xa;	at TempTestSuite1745479303751.run(TempTestSuite1745479303751.groovy:35)&#xa;	at java.base/jdk.internal.reflect.NativeMethodAccessorImpl.invoke0(Native Method)&#xa;	at java.base/jdk.internal.reflect.NativeMethodAccessorImpl.invoke(NativeMethodAccessorImpl.java:77)&#xa;	at java.base/jdk.internal.reflect.DelegatingMethodAccessorImpl.invoke(DelegatingMethodAccessorImpl.java:43)&#xa;Caused by: java.lang.IllegalArgumentException: Object is null&#xa;	at com.kms.katalon.core.helper.KeywordHelper.checkTestObjectParameter(KeywordHelper.java:33)&#xa;	at com.kms.katalon.core.mobile.keyword.builtin.SetTextKeyword$_setText_closure1.doCall(SetTextKeyword.groovy:48)&#xa;	at com.kms.katalon.core.mobile.keyword.builtin.SetTextKeyword$_setText_closure1.call(SetTextKeyword.groovy)&#xa;	at com.kms.katalon.core.mobile.keyword.internal.MobileKeywordMain.runKeyword(MobileKeywordMain.groovy:30)&#xa;	... 22 more&#xa;"/>
         <system-out><![CDATA[24-04-2025T14:29:59 - [TEST_CASE][FAILED] - Test Cases/My Stay And Reservations/WRMA-293_MyStayAndReservations_Error_ReservationsNotLoading_current stays: Test Cases/My Stay And Reservations/WRMA-293_MyStayAndReservations_Error_ReservationsNotLoading_current stays FAILED.
Reason:
com.kms.katalon.core.exception.StepFailedException: Failed to set text into element
	at com.kms.katalon.core.mobile.keyword.internal.MobileKeywordMain.stepFailed(MobileKeywordMain.groovy:64)
	at com.kms.katalon.core.mobile.keyword.internal.MobileKeywordMain.runKeyword(MobileKeywordMain.groovy:34)
	at com.kms.katalon.core.mobile.keyword.builtin.SetTextKeyword.setText(SetTextKeyword.groovy:62)
	at com.kms.katalon.core.mobile.keyword.builtin.SetTextKeyword.execute(SetTextKeyword.groovy:42)
	at com.kms.katalon.core.keyword.internal.KeywordExecutor.executeKeywordForPlatform(KeywordExecutor.groovy:74)
	at com.kms.katalon.core.mobile.keyword.MobileBuiltInKeywords.setText(MobileBuiltInKeywords.groovy:1278)
	at WRMA-293_MyStayAndReservations_Error_ReservationsNotLoading_current stays.run(WRMA-293_MyStayAndReservations_Error_ReservationsNotLoading_current stays:58)
	at com.kms.katalon.core.main.ScriptEngine.run(ScriptEngine.java:194)
	at com.kms.katalon.core.main.ScriptEngine.runScriptAsRawText(ScriptEngine.java:119)
	at com.kms.katalon.core.main.TestCaseExecutor.runScript(TestCaseExecutor.java:448)
	at com.kms.katalon.core.main.TestCaseExecutor.doExecute(TestCaseExecutor.java:439)
	at com.kms.katalon.core.main.TestCaseExecutor.processExecutionPhase(TestCaseExecutor.java:418)
	at com.kms.katalon.core.main.TestCaseExecutor.accessMainPhase(TestCaseExecutor.java:410)
	at com.kms.katalon.core.main.TestCaseExecutor.execute(TestCaseExecutor.java:285)
	at com.kms.katalon.core.main.TestCaseExecutor.execute(TestCaseExecutor.java:369)
	at com.kms.katalon.core.main.TestCaseExecutor.execute(TestCaseExecutor.java:369)
	at com.kms.katalon.core.common.CommonExecutor.accessTestCaseMainPhase(CommonExecutor.java:71)
	at com.kms.katalon.core.main.TestSuiteExecutor.accessTestSuiteMainPhase(TestSuiteExecutor.java:160)
	at com.kms.katalon.core.main.TestSuiteExecutor.execute(TestSuiteExecutor.java:107)
	at com.kms.katalon.core.main.TestCaseMain.startTestSuite(TestCaseMain.java:180)
	at TempTestSuite1745479303751.run(TempTestSuite1745479303751.groovy:35)
	at java.base/jdk.internal.reflect.NativeMethodAccessorImpl.invoke0(Native Method)
	at java.base/jdk.internal.reflect.NativeMethodAccessorImpl.invoke(NativeMethodAccessorImpl.java:77)
	at java.base/jdk.internal.reflect.DelegatingMethodAccessorImpl.invoke(DelegatingMethodAccessorImpl.java:43)
Caused by: java.lang.IllegalArgumentException: Object is null
	at com.kms.katalon.core.helper.KeywordHelper.checkTestObjectParameter(KeywordHelper.java:33)
	at com.kms.katalon.core.mobile.keyword.builtin.SetTextKeyword$_setText_closure1.doCall(SetTextKeyword.groovy:48)
	at com.kms.katalon.core.mobile.keyword.builtin.SetTextKeyword$_setText_closure1.call(SetTextKeyword.groovy)
	at com.kms.katalon.core.mobile.keyword.internal.MobileKeywordMain.runKeyword(MobileKeywordMain.groovy:30)
	... 22 more


24-04-2025T14:29:59 - [TEST_STEP][PASSED] - testData = findTestData("Data Files/C790"): null

24-04-2025T14:29:59 - [TEST_STEP][PASSED] - email = testData.getValue("email", 1): null

24-04-2025T14:29:59 - [TEST_STEP][PASSED] - password = testData.getValue("password", 1): null

24-04-2025T14:29:59 - [TEST_STEP][PASSED] - startApplication(appUrl, true): Started application: '/Users/gv.vignesh/Downloads/WGR-Android-Automation/App Folder/app-debug-Version 2.99.68.apk'

24-04-2025T14:29:59 - [MESSAGE][INFO] - Starting application: '/Users/gv.vignesh/Downloads/WGR-Android-Automation/App Folder/app-debug-Version 2.99.68.apk'

24-04-2025T14:29:59 - [MESSAGE][INFO] - User set preference: ['uiautomator2ServerInstallTimeout', '0']

24-04-2025T14:29:59 - [MESSAGE][INFO] - User set preference: ['deviceId', '']

24-04-2025T14:30:47 - [MESSAGE][PASSED] - Started application: '/Users/gv.vignesh/Downloads/WGR-Android-Automation/App Folder/app-debug-Version 2.99.68.apk'

24-04-2025T14:30:47 - [TEST_STEP][PASSED] - delay(10): Delayed 10 second(s)

24-04-2025T14:30:57 - [MESSAGE][PASSED] - Delayed 10 second(s)

24-04-2025T14:30:57 - [TEST_STEP][PASSED] - tap(findTestObject("Object Repository/Repo/MyStay/android.widget.Button - Login or Sign Up (2)"), 0): Tapped on element 'Object Repository/Repo/MyStay/android.widget.Button - Login or Sign Up (2)'

24-04-2025T14:30:57 - [MESSAGE][WARNING] - Timeout '0' is invalid. Using default page load timeout: '30'

24-04-2025T14:30:58 - [MESSAGE][PASSED] - Tapped on element 'Object Repository/Repo/MyStay/android.widget.Button - Login or Sign Up (2)'

24-04-2025T14:30:58 - [TEST_STEP][PASSED] - delay(10): Delayed 10 second(s)

24-04-2025T14:31:08 - [MESSAGE][PASSED] - Delayed 10 second(s)

24-04-2025T14:31:08 - [TEST_STEP][FAILED] - setText(findTestObject("Object Repository/Repo/MyStay/android.widget.EditText (4)"), email, 0): Failed to set text into element (Root cause: com.kms.katalon.core.exception.StepFailedException: Failed to set text into element
	at com.kms.katalon.core.mobile.keyword.internal.MobileKeywordMain.stepFailed(MobileKeywordMain.groovy:64)
	at com.kms.katalon.core.mobile.keyword.internal.MobileKeywordMain.runKeyword(MobileKeywordMain.groovy:34)
	at com.kms.katalon.core.mobile.keyword.builtin.SetTextKeyword.setText(SetTextKeyword.groovy:62)
	at com.kms.katalon.core.mobile.keyword.builtin.SetTextKeyword.execute(SetTextKeyword.groovy:42)
	at com.kms.katalon.core.keyword.internal.KeywordExecutor.executeKeywordForPlatform(KeywordExecutor.groovy:74)
	at com.kms.katalon.core.mobile.keyword.MobileBuiltInKeywords.setText(MobileBuiltInKeywords.groovy:1278)
	at WRMA-293_MyStayAndReservations_Error_ReservationsNotLoading_current stays.run(WRMA-293_MyStayAndReservations_Error_ReservationsNotLoading_current stays:58)
	at com.kms.katalon.core.main.ScriptEngine.run(ScriptEngine.java:194)
	at com.kms.katalon.core.main.ScriptEngine.runScriptAsRawText(ScriptEngine.java:119)
	at com.kms.katalon.core.main.TestCaseExecutor.runScript(TestCaseExecutor.java:448)
	at com.kms.katalon.core.main.TestCaseExecutor.doExecute(TestCaseExecutor.java:439)
	at com.kms.katalon.core.main.TestCaseExecutor.processExecutionPhase(TestCaseExecutor.java:418)
	at com.kms.katalon.core.main.TestCaseExecutor.accessMainPhase(TestCaseExecutor.java:410)
	at com.kms.katalon.core.main.TestCaseExecutor.execute(TestCaseExecutor.java:285)
	at com.kms.katalon.core.main.TestCaseExecutor.execute(TestCaseExecutor.java:369)
	at com.kms.katalon.core.main.TestCaseExecutor.execute(TestCaseExecutor.java:369)
	at com.kms.katalon.core.common.CommonExecutor.accessTestCaseMainPhase(CommonExecutor.java:71)
	at com.kms.katalon.core.main.TestSuiteExecutor.accessTestSuiteMainPhase(TestSuiteExecutor.java:160)
	at com.kms.katalon.core.main.TestSuiteExecutor.execute(TestSuiteExecutor.java:107)
	at com.kms.katalon.core.main.TestCaseMain.startTestSuite(TestCaseMain.java:180)
	at TempTestSuite1745479303751.run(TempTestSuite1745479303751.groovy:35)
	at java.base/jdk.internal.reflect.NativeMethodAccessorImpl.invoke0(Native Method)
	at java.base/jdk.internal.reflect.NativeMethodAccessorImpl.invoke(NativeMethodAccessorImpl.java:77)
	at java.base/jdk.internal.reflect.DelegatingMethodAccessorImpl.invoke(DelegatingMethodAccessorImpl.java:43)
Caused by: java.lang.IllegalArgumentException: Object is null
	at com.kms.katalon.core.helper.KeywordHelper.checkTestObjectParameter(KeywordHelper.java:33)
	at com.kms.katalon.core.mobile.keyword.builtin.SetTextKeyword$_setText_closure1.doCall(SetTextKeyword.groovy:48)
	at com.kms.katalon.core.mobile.keyword.builtin.SetTextKeyword$_setText_closure1.call(SetTextKeyword.groovy)
	at com.kms.katalon.core.mobile.keyword.internal.MobileKeywordMain.runKeyword(MobileKeywordMain.groovy:30)
	at com.kms.katalon.core.mobile.keyword.builtin.SetTextKeyword.setText(SetTextKeyword.groovy:62)
	at com.kms.katalon.core.mobile.keyword.builtin.SetTextKeyword.execute(SetTextKeyword.groovy:42)
	at com.kms.katalon.core.keyword.internal.KeywordExecutor.executeKeywordForPlatform(KeywordExecutor.groovy:74)
	at com.kms.katalon.core.mobile.keyword.MobileBuiltInKeywords.setText(MobileBuiltInKeywords.groovy:1278)
	at Script1745306654776.run(Script1745306654776.groovy:58)
	... 17 more
)

24-04-2025T14:31:08 - [MESSAGE][WARNING] - Test object with id 'Object Repository/Repo/MyStay/android.widget.EditText (4)' does not exist

24-04-2025T14:31:08 - [MESSAGE][WARNING] - Test object with id 'Object Repository/' does not exist

24-04-2025T14:31:10 - [MESSAGE][FAILED] - Failed to set text into element (Root cause: com.kms.katalon.core.exception.StepFailedException: Failed to set text into element
	at com.kms.katalon.core.mobile.keyword.internal.MobileKeywordMain.stepFailed(MobileKeywordMain.groovy:64)
	at com.kms.katalon.core.mobile.keyword.internal.MobileKeywordMain.runKeyword(MobileKeywordMain.groovy:34)
	at com.kms.katalon.core.mobile.keyword.builtin.SetTextKeyword.setText(SetTextKeyword.groovy:62)
	at com.kms.katalon.core.mobile.keyword.builtin.SetTextKeyword.execute(SetTextKeyword.groovy:42)
	at com.kms.katalon.core.keyword.internal.KeywordExecutor.executeKeywordForPlatform(KeywordExecutor.groovy:74)
	at com.kms.katalon.core.mobile.keyword.MobileBuiltInKeywords.setText(MobileBuiltInKeywords.groovy:1278)
	at WRMA-293_MyStayAndReservations_Error_ReservationsNotLoading_current stays.run(WRMA-293_MyStayAndReservations_Error_ReservationsNotLoading_current stays:58)
	at com.kms.katalon.core.main.ScriptEngine.run(ScriptEngine.java:194)
	at com.kms.katalon.core.main.ScriptEngine.runScriptAsRawText(ScriptEngine.java:119)
	at com.kms.katalon.core.main.TestCaseExecutor.runScript(TestCaseExecutor.java:448)
	at com.kms.katalon.core.main.TestCaseExecutor.doExecute(TestCaseExecutor.java:439)
	at com.kms.katalon.core.main.TestCaseExecutor.processExecutionPhase(TestCaseExecutor.java:418)
	at com.kms.katalon.core.main.TestCaseExecutor.accessMainPhase(TestCaseExecutor.java:410)
	at com.kms.katalon.core.main.TestCaseExecutor.execute(TestCaseExecutor.java:285)
	at com.kms.katalon.core.main.TestCaseExecutor.execute(TestCaseExecutor.java:369)
	at com.kms.katalon.core.main.TestCaseExecutor.execute(TestCaseExecutor.java:369)
	at com.kms.katalon.core.common.CommonExecutor.accessTestCaseMainPhase(CommonExecutor.java:71)
	at com.kms.katalon.core.main.TestSuiteExecutor.accessTestSuiteMainPhase(TestSuiteExecutor.java:160)
	at com.kms.katalon.core.main.TestSuiteExecutor.execute(TestSuiteExecutor.java:107)
	at com.kms.katalon.core.main.TestCaseMain.startTestSuite(TestCaseMain.java:180)
	at TempTestSuite1745479303751.run(TempTestSuite1745479303751.groovy:35)
	at java.base/jdk.internal.reflect.NativeMethodAccessorImpl.invoke0(Native Method)
	at java.base/jdk.internal.reflect.NativeMethodAccessorImpl.invoke(NativeMethodAccessorImpl.java:77)
	at java.base/jdk.internal.reflect.DelegatingMethodAccessorImpl.invoke(DelegatingMethodAccessorImpl.java:43)
Caused by: java.lang.IllegalArgumentException: Object is null
	at com.kms.katalon.core.helper.KeywordHelper.checkTestObjectParameter(KeywordHelper.java:33)
	at com.kms.katalon.core.mobile.keyword.builtin.SetTextKeyword$_setText_closure1.doCall(SetTextKeyword.groovy:48)
	at com.kms.katalon.core.mobile.keyword.builtin.SetTextKeyword$_setText_closure1.call(SetTextKeyword.groovy)
	at com.kms.katalon.core.mobile.keyword.internal.MobileKeywordMain.runKeyword(MobileKeywordMain.groovy:30)
	at com.kms.katalon.core.mobile.keyword.builtin.SetTextKeyword.setText(SetTextKeyword.groovy:62)
	at com.kms.katalon.core.mobile.keyword.builtin.SetTextKeyword.execute(SetTextKeyword.groovy:42)
	at com.kms.katalon.core.keyword.internal.KeywordExecutor.executeKeywordForPlatform(KeywordExecutor.groovy:74)
	at com.kms.katalon.core.mobile.keyword.MobileBuiltInKeywords.setText(MobileBuiltInKeywords.groovy:1278)
	at Script1745306654776.run(Script1745306654776.groovy:58)
	... 17 more
)
[[ATTACHMENT|/Users/gv.vignesh/Downloads/WGR-Android-Automation/Reports/20250424_125143/Android Regression/20250424_125143/1745485268128.png]]]]></system-out>
         <system-err><![CDATA[24-04-2025T14:29:59 - [TEST_CASE][FAILED] - Test Cases/My Stay And Reservations/WRMA-293_MyStayAndReservations_Error_ReservationsNotLoading_current stays: Test Cases/My Stay And Reservations/WRMA-293_MyStayAndReservations_Error_ReservationsNotLoading_current stays FAILED.
Reason:
com.kms.katalon.core.exception.StepFailedException: Failed to set text into element
	at com.kms.katalon.core.mobile.keyword.internal.MobileKeywordMain.stepFailed(MobileKeywordMain.groovy:64)
	at com.kms.katalon.core.mobile.keyword.internal.MobileKeywordMain.runKeyword(MobileKeywordMain.groovy:34)
	at com.kms.katalon.core.mobile.keyword.builtin.SetTextKeyword.setText(SetTextKeyword.groovy:62)
	at com.kms.katalon.core.mobile.keyword.builtin.SetTextKeyword.execute(SetTextKeyword.groovy:42)
	at com.kms.katalon.core.keyword.internal.KeywordExecutor.executeKeywordForPlatform(KeywordExecutor.groovy:74)
	at com.kms.katalon.core.mobile.keyword.MobileBuiltInKeywords.setText(MobileBuiltInKeywords.groovy:1278)
	at WRMA-293_MyStayAndReservations_Error_ReservationsNotLoading_current stays.run(WRMA-293_MyStayAndReservations_Error_ReservationsNotLoading_current stays:58)
	at com.kms.katalon.core.main.ScriptEngine.run(ScriptEngine.java:194)
	at com.kms.katalon.core.main.ScriptEngine.runScriptAsRawText(ScriptEngine.java:119)
	at com.kms.katalon.core.main.TestCaseExecutor.runScript(TestCaseExecutor.java:448)
	at com.kms.katalon.core.main.TestCaseExecutor.doExecute(TestCaseExecutor.java:439)
	at com.kms.katalon.core.main.TestCaseExecutor.processExecutionPhase(TestCaseExecutor.java:418)
	at com.kms.katalon.core.main.TestCaseExecutor.accessMainPhase(TestCaseExecutor.java:410)
	at com.kms.katalon.core.main.TestCaseExecutor.execute(TestCaseExecutor.java:285)
	at com.kms.katalon.core.main.TestCaseExecutor.execute(TestCaseExecutor.java:369)
	at com.kms.katalon.core.main.TestCaseExecutor.execute(TestCaseExecutor.java:369)
	at com.kms.katalon.core.common.CommonExecutor.accessTestCaseMainPhase(CommonExecutor.java:71)
	at com.kms.katalon.core.main.TestSuiteExecutor.accessTestSuiteMainPhase(TestSuiteExecutor.java:160)
	at com.kms.katalon.core.main.TestSuiteExecutor.execute(TestSuiteExecutor.java:107)
	at com.kms.katalon.core.main.TestCaseMain.startTestSuite(TestCaseMain.java:180)
	at TempTestSuite1745479303751.run(TempTestSuite1745479303751.groovy:35)
	at java.base/jdk.internal.reflect.NativeMethodAccessorImpl.invoke0(Native Method)
	at java.base/jdk.internal.reflect.NativeMethodAccessorImpl.invoke(NativeMethodAccessorImpl.java:77)
	at java.base/jdk.internal.reflect.DelegatingMethodAccessorImpl.invoke(DelegatingMethodAccessorImpl.java:43)
Caused by: java.lang.IllegalArgumentException: Object is null
	at com.kms.katalon.core.helper.KeywordHelper.checkTestObjectParameter(KeywordHelper.java:33)
	at com.kms.katalon.core.mobile.keyword.builtin.SetTextKeyword$_setText_closure1.doCall(SetTextKeyword.groovy:48)
	at com.kms.katalon.core.mobile.keyword.builtin.SetTextKeyword$_setText_closure1.call(SetTextKeyword.groovy)
	at com.kms.katalon.core.mobile.keyword.internal.MobileKeywordMain.runKeyword(MobileKeywordMain.groovy:30)
	... 22 more]]></system-err>
      </testcase>
      <testcase name="Test Cases/Add Account Number/WRMA-187_Add_Account_Number_Guest mode" time="310.993" classname="Test Cases/Add Account Number/WRMA-187_Add_Account_Number_Guest mode" status="PASSED">
         <system-out><![CDATA[24-04-2025T14:31:10 - [TEST_CASE][PASSED] - Test Cases/Add Account Number/WRMA-187_Add_Account_Number_Guest mode: Test Cases/Add Account Number/WRMA-187_Add_Account_Number_Guest mode

24-04-2025T14:31:10 - [TEST_STEP][PASSED] - testData = findTestData("Data Files/WRMA-187"): null

24-04-2025T14:31:10 - [TEST_STEP][PASSED] - email = testData.getValue("Email", 1): null

24-04-2025T14:31:10 - [TEST_STEP][PASSED] - password = testData.getValue("Password", 1): null

24-04-2025T14:31:10 - [TEST_STEP][PASSED] - startApplication(appUrl, true): Started application: '/Users/gv.vignesh/Downloads/WGR-Android-Automation/App Folder/app-debug-Version 2.99.68.apk'

24-04-2025T14:31:10 - [MESSAGE][INFO] - Starting application: '/Users/gv.vignesh/Downloads/WGR-Android-Automation/App Folder/app-debug-Version 2.99.68.apk'

24-04-2025T14:31:10 - [MESSAGE][INFO] - User set preference: ['uiautomator2ServerInstallTimeout', '0']

24-04-2025T14:31:10 - [MESSAGE][INFO] - User set preference: ['deviceId', '']

24-04-2025T14:32:18 - [MESSAGE][PASSED] - Started application: '/Users/gv.vignesh/Downloads/WGR-Android-Automation/App Folder/app-debug-Version 2.99.68.apk'

24-04-2025T14:32:18 - [TEST_STEP][PASSED] - delay(10): Delayed 10 second(s)

24-04-2025T14:32:28 - [MESSAGE][PASSED] - Delayed 10 second(s)

24-04-2025T14:32:28 - [TEST_STEP][PASSED] - tap(findTestObject("Object Repository/Repo/GuestUserMode/android.widget.TextView - Continue as a Guest"), 10): Tapped on element 'Object Repository/Repo/GuestUserMode/android.widget.TextView - Continue as a Guest'

24-04-2025T14:32:28 - [MESSAGE][PASSED] - Tapped on element 'Object Repository/Repo/GuestUserMode/android.widget.TextView - Continue as a Guest'

24-04-2025T14:32:28 - [TEST_STEP][PASSED] - delay(10): Delayed 10 second(s)

24-04-2025T14:32:38 - [MESSAGE][PASSED] - Delayed 10 second(s)

24-04-2025T14:32:38 - [TEST_STEP][PASSED] - scrollToText("recommended"): Scrolling to text 'recommended' successfully

24-04-2025T14:32:44 - [MESSAGE][PASSED] - Scrolling to text 'recommended' successfully

24-04-2025T14:32:44 - [TEST_STEP][PASSED] - delay(10): Delayed 10 second(s)

24-04-2025T14:32:54 - [MESSAGE][PASSED] - Delayed 10 second(s)

24-04-2025T14:32:54 - [TEST_STEP][PASSED] - tap(findTestObject("Object Repository/Repo/GuestUserMode/android.view.View - My Account"), 10): Tapped on element 'Object Repository/Repo/GuestUserMode/android.view.View - My Account'

24-04-2025T14:32:54 - [MESSAGE][PASSED] - Tapped on element 'Object Repository/Repo/GuestUserMode/android.view.View - My Account'

24-04-2025T14:32:54 - [TEST_STEP][PASSED] - delay(10): Delayed 10 second(s)

24-04-2025T14:33:04 - [MESSAGE][PASSED] - Delayed 10 second(s)

24-04-2025T14:33:04 - [TEST_STEP][PASSED] - assert waitForElementPresent(findTestObject("Object Repository/Repo/GuestUserMode/android.widget.TextView - My Account"), 10): Element 'Object Repository/Repo/GuestUserMode/android.widget.TextView - My Account' is present

24-04-2025T14:33:05 - [MESSAGE][PASSED] - Element 'Object Repository/Repo/GuestUserMode/android.widget.TextView - My Account' is present

24-04-2025T14:33:05 - [TEST_STEP][PASSED] - delay(5): Delayed 5 second(s)

24-04-2025T14:33:10 - [MESSAGE][PASSED] - Delayed 5 second(s)

24-04-2025T14:33:10 - [TEST_STEP][PASSED] - assert waitForElementPresent(findTestObject("Object Repository/Repo/GuestUserMode/android.widget.TextView - Create an OAM Account"), 10): Element 'Object Repository/Repo/GuestUserMode/android.widget.TextView - Create an OAM Account' is present

24-04-2025T14:33:10 - [MESSAGE][PASSED] - Element 'Object Repository/Repo/GuestUserMode/android.widget.TextView - Create an OAM Account' is present

24-04-2025T14:33:10 - [TEST_STEP][PASSED] - delay(5): Delayed 5 second(s)

24-04-2025T14:33:15 - [MESSAGE][PASSED] - Delayed 5 second(s)

24-04-2025T14:33:15 - [TEST_STEP][PASSED] - assert waitForElementPresent(findTestObject("Object Repository/Repo/GuestUserMode/android.widget.TextView - To access and manage your reservations and Online Account Manager, you must create a user profile or sign into an existing Westgate Online Account Management user profile"), 10): Element 'Object Repository/Repo/GuestUserMode/android.widget.TextView - To access and manage your reservations and Online Account Manager, you must create a user profile or sign into an existing Westgate Online Account Management user profile' is present

24-04-2025T14:33:15 - [MESSAGE][PASSED] - Element 'Object Repository/Repo/GuestUserMode/android.widget.TextView - To access and manage your reservations and Online Account Manager, you must create a user profile or sign into an existing Westgate Online Account Management user profile' is present

24-04-2025T14:33:15 - [TEST_STEP][PASSED] - delay(5): Delayed 5 second(s)

24-04-2025T14:33:20 - [MESSAGE][PASSED] - Delayed 5 second(s)

24-04-2025T14:33:20 - [TEST_STEP][PASSED] - getText(findTestObject("Object Repository/Repo/GuestUserMode/android.widget.TextView - To access and manage your reservations and Online Account Manager, you must create a user profile or sign into an existing Westgate Online Account Management user profile"), 10): Text of element 'Object Repository/Repo/GuestUserMode/android.widget.TextView - To access and manage your reservations and Online Account Manager, you must create a user profile or sign into an existing Westgate Online Account Management user profile' is: 'To access and manage your reservations and Online Account Manager, you must create a user profile or sign into an existing Westgate Online Account Management user profile.'

24-04-2025T14:33:20 - [MESSAGE][PASSED] - Text of element 'Object Repository/Repo/GuestUserMode/android.widget.TextView - To access and manage your reservations and Online Account Manager, you must create a user profile or sign into an existing Westgate Online Account Management user profile' is: 'To access and manage your reservations and Online Account Manager, you must create a user profile or sign into an existing Westgate Online Account Management user profile.'

24-04-2025T14:33:20 - [TEST_STEP][PASSED] - delay(5): Delayed 5 second(s)

24-04-2025T14:33:25 - [MESSAGE][PASSED] - Delayed 5 second(s)

24-04-2025T14:33:25 - [TEST_STEP][PASSED] - assert waitForElementPresent(findTestObject("Object Repository/Repo/GuestUserMode/android.widget.TextView - The Westgate Online Account Management System is your convenient resource to book reservations, manage payments, and keep your account up-to-date. Open 247"), 10): Element 'Object Repository/Repo/GuestUserMode/android.widget.TextView - The Westgate Online Account Management System is your convenient resource to book reservations, manage payments, and keep your account up-to-date. Open 247' is present

24-04-2025T14:33:26 - [MESSAGE][PASSED] - Element 'Object Repository/Repo/GuestUserMode/android.widget.TextView - The Westgate Online Account Management System is your convenient resource to book reservations, manage payments, and keep your account up-to-date. Open 247' is present

24-04-2025T14:33:26 - [TEST_STEP][PASSED] - delay(5): Delayed 5 second(s)

24-04-2025T14:33:31 - [MESSAGE][PASSED] - Delayed 5 second(s)

24-04-2025T14:33:31 - [TEST_STEP][PASSED] - getText(findTestObject("Object Repository/Repo/GuestUserMode/android.widget.TextView - The Westgate Online Account Management System is your convenient resource to book reservations, manage payments, and keep your account up-to-date. Open 247"), 10): Text of element 'Object Repository/Repo/GuestUserMode/android.widget.TextView - The Westgate Online Account Management System is your convenient resource to book reservations, manage payments, and keep your account up-to-date. Open 247' is: 'The Westgate Online Account Management System is your convenient resource to book reservations, manage payments, and keep your account up-to-date. Open 24/7.'

24-04-2025T14:33:31 - [MESSAGE][PASSED] - Text of element 'Object Repository/Repo/GuestUserMode/android.widget.TextView - The Westgate Online Account Management System is your convenient resource to book reservations, manage payments, and keep your account up-to-date. Open 247' is: 'The Westgate Online Account Management System is your convenient resource to book reservations, manage payments, and keep your account up-to-date. Open 24/7.'

24-04-2025T14:33:31 - [TEST_STEP][PASSED] - delay(5): Delayed 5 second(s)

24-04-2025T14:33:36 - [MESSAGE][PASSED] - Delayed 5 second(s)

24-04-2025T14:33:36 - [TEST_STEP][PASSED] - tap(findTestObject("Object Repository/Repo/GuestUserMode/android.view.View - Home"), 10): Tapped on element 'Object Repository/Repo/GuestUserMode/android.view.View - Home'

24-04-2025T14:33:37 - [MESSAGE][PASSED] - Tapped on element 'Object Repository/Repo/GuestUserMode/android.view.View - Home'

24-04-2025T14:33:37 - [TEST_STEP][PASSED] - delay(10): Delayed 10 second(s)

24-04-2025T14:33:47 - [MESSAGE][PASSED] - Delayed 10 second(s)

24-04-2025T14:33:47 - [TEST_STEP][PASSED] - tap(findTestObject("Object Repository/Repo/GuestUserMode/android.widget.TextView - Login"), 10): Tapped on element 'Object Repository/Repo/GuestUserMode/android.widget.TextView - Login'

24-04-2025T14:33:47 - [MESSAGE][PASSED] - Tapped on element 'Object Repository/Repo/GuestUserMode/android.widget.TextView - Login'

24-04-2025T14:33:47 - [TEST_STEP][PASSED] - delay(45): Delayed 45 second(s)

24-04-2025T14:34:32 - [MESSAGE][PASSED] - Delayed 45 second(s)

24-04-2025T14:34:32 - [TEST_STEP][PASSED] - setText(findTestObject("Object Repository/Repo/GuestUserMode/android.widget.EditText (2)"), email, 10): Text 'CGARNER024@GMAIL.COM' has been set to element 'Object Repository/Repo/GuestUserMode/android.widget.EditText (2)'

24-04-2025T14:34:34 - [MESSAGE][PASSED] - Text 'CGARNER024@GMAIL.COM' has been set to element 'Object Repository/Repo/GuestUserMode/android.widget.EditText (2)'

24-04-2025T14:34:34 - [TEST_STEP][PASSED] - hideKeyboard(): Keyboard is hidden

24-04-2025T14:34:36 - [MESSAGE][PASSED] - Keyboard is hidden

24-04-2025T14:34:36 - [TEST_STEP][PASSED] - delay(30): Delayed 30 second(s)

24-04-2025T14:35:06 - [MESSAGE][PASSED] - Delayed 30 second(s)

24-04-2025T14:35:06 - [TEST_STEP][PASSED] - setText(findTestObject("Object Repository/Repo/GuestUserMode/android.widget.EditText (1)"), password, 10): Text 'password' has been set to element 'Object Repository/Repo/GuestUserMode/android.widget.EditText (1)'

24-04-2025T14:35:06 - [MESSAGE][PASSED] - Text 'password' has been set to element 'Object Repository/Repo/GuestUserMode/android.widget.EditText (1)'

24-04-2025T14:35:06 - [TEST_STEP][PASSED] - hideKeyboard(): Keyboard is hidden

24-04-2025T14:35:09 - [MESSAGE][PASSED] - Keyboard is hidden

24-04-2025T14:35:09 - [TEST_STEP][PASSED] - delay(30): Delayed 30 second(s)

24-04-2025T14:35:39 - [MESSAGE][PASSED] - Delayed 30 second(s)

24-04-2025T14:35:39 - [TEST_STEP][PASSED] - tap(findTestObject("Object Repository/Repo/GuestUserMode/android.widget.Button - LOGIN (1)"), 10): Tapped on element 'Object Repository/Repo/GuestUserMode/android.widget.Button - LOGIN (1)'

24-04-2025T14:35:39 - [MESSAGE][PASSED] - Tapped on element 'Object Repository/Repo/GuestUserMode/android.widget.Button - LOGIN (1)'

24-04-2025T14:35:39 - [TEST_STEP][PASSED] - delay(20): Delayed 20 second(s)

24-04-2025T14:35:59 - [MESSAGE][PASSED] - Delayed 20 second(s)

24-04-2025T14:35:59 - [TEST_STEP][PASSED] - verifyElementExist(findTestObject("Object Repository/Repo/GuestUserMode/android.view.View - Home (1)"), 10): Element 'Object Repository/Repo/GuestUserMode/android.view.View - Home (1)' is exist

24-04-2025T14:36:00 - [MESSAGE][PASSED] - Element 'Object Repository/Repo/GuestUserMode/android.view.View - Home (1)' is exist

24-04-2025T14:36:00 - [TEST_STEP][PASSED] - delay(5): Delayed 5 second(s)

24-04-2025T14:36:05 - [MESSAGE][PASSED] - Delayed 5 second(s)

24-04-2025T14:36:05 - [TEST_STEP][PASSED] - verifyElementExist(findTestObject("Object Repository/Repo/GuestUserMode/android.view.View - My Stay"), 10): Element 'Object Repository/Repo/GuestUserMode/android.view.View - My Stay' is exist

24-04-2025T14:36:05 - [MESSAGE][PASSED] - Element 'Object Repository/Repo/GuestUserMode/android.view.View - My Stay' is exist

24-04-2025T14:36:05 - [TEST_STEP][PASSED] - delay(5): Delayed 5 second(s)

24-04-2025T14:36:10 - [MESSAGE][PASSED] - Delayed 5 second(s)

24-04-2025T14:36:10 - [TEST_STEP][PASSED] - verifyElementExist(findTestObject("Object Repository/Repo/GuestUserMode/android.view.View - My Account (1)"), 10): Element 'Object Repository/Repo/GuestUserMode/android.view.View - My Account (1)' is exist

24-04-2025T14:36:10 - [MESSAGE][PASSED] - Element 'Object Repository/Repo/GuestUserMode/android.view.View - My Account (1)' is exist

24-04-2025T14:36:10 - [TEST_STEP][PASSED] - delay(5): Delayed 5 second(s)

24-04-2025T14:36:15 - [MESSAGE][PASSED] - Delayed 5 second(s)

24-04-2025T14:36:15 - [TEST_STEP][PASSED] - assert verifyElementExist(findTestObject("Object Repository/Repo/GuestUserMode/android.view.View - Home (1)"), 10): Element 'Object Repository/Repo/GuestUserMode/android.view.View - Home (1)' is exist

24-04-2025T14:36:16 - [MESSAGE][PASSED] - Element 'Object Repository/Repo/GuestUserMode/android.view.View - Home (1)' is exist

24-04-2025T14:36:16 - [TEST_STEP][PASSED] - assert verifyElementExist(findTestObject("Object Repository/Repo/GuestUserMode/android.view.View - My Stay"), 10): Element 'Object Repository/Repo/GuestUserMode/android.view.View - My Stay' is exist

24-04-2025T14:36:16 - [MESSAGE][PASSED] - Element 'Object Repository/Repo/GuestUserMode/android.view.View - My Stay' is exist

24-04-2025T14:36:16 - [TEST_STEP][PASSED] - assert verifyElementExist(findTestObject("Object Repository/Repo/GuestUserMode/android.view.View - My Account (1)"), 10): Element 'Object Repository/Repo/GuestUserMode/android.view.View - My Account (1)' is exist

24-04-2025T14:36:16 - [MESSAGE][PASSED] - Element 'Object Repository/Repo/GuestUserMode/android.view.View - My Account (1)' is exist

24-04-2025T14:36:16 - [TEST_STEP][PASSED] - closeApplication(): Close app successfully

24-04-2025T14:36:21 - [MESSAGE][INFO] - The process with PID 14,492 wasnt terminated, error: {1}

24-04-2025T14:36:21 - [MESSAGE][PASSED] - Close app successfully]]></system-out>
         <system-err><![CDATA[]]></system-err>
      </testcase>
      <testcase name="Test Cases/Add Account Number/C710-C711_AddAccountNumber_Error)VOAUsers" time="118.035" classname="Test Cases/Add Account Number/C710-C711_AddAccountNumber_Error)VOAUsers" status="FAILED">
         <failure type="FAILED" message="Test Cases/Add Account Number/C710-C711_AddAccountNumber_Error)VOAUsers FAILED.&#xa;Reason:&#xa;com.kms.katalon.core.exception.StepFailedException: Failed to set text into element&#xa;	at com.kms.katalon.core.mobile.keyword.internal.MobileKeywordMain.stepFailed(MobileKeywordMain.groovy:64)&#xa;	at com.kms.katalon.core.mobile.keyword.internal.MobileKeywordMain.runKeyword(MobileKeywordMain.groovy:34)&#xa;	at com.kms.katalon.core.mobile.keyword.builtin.SetTextKeyword.setText(SetTextKeyword.groovy:62)&#xa;	at com.kms.katalon.core.mobile.keyword.builtin.SetTextKeyword.execute(SetTextKeyword.groovy:42)&#xa;	at com.kms.katalon.core.keyword.internal.KeywordExecutor.executeKeywordForPlatform(KeywordExecutor.groovy:74)&#xa;	at com.kms.katalon.core.mobile.keyword.MobileBuiltInKeywords.setText(MobileBuiltInKeywords.groovy:1278)&#xa;	at C710-C711_AddAccountNumber_Error)VOAUsers.run(C710-C711_AddAccountNumber_Error)VOAUsers:36)&#xa;	at com.kms.katalon.core.main.ScriptEngine.run(ScriptEngine.java:194)&#xa;	at com.kms.katalon.core.main.ScriptEngine.runScriptAsRawText(ScriptEngine.java:119)&#xa;	at com.kms.katalon.core.main.TestCaseExecutor.runScript(TestCaseExecutor.java:448)&#xa;	at com.kms.katalon.core.main.TestCaseExecutor.doExecute(TestCaseExecutor.java:439)&#xa;	at com.kms.katalon.core.main.TestCaseExecutor.processExecutionPhase(TestCaseExecutor.java:418)&#xa;	at com.kms.katalon.core.main.TestCaseExecutor.accessMainPhase(TestCaseExecutor.java:410)&#xa;	at com.kms.katalon.core.main.TestCaseExecutor.execute(TestCaseExecutor.java:285)&#xa;	at com.kms.katalon.core.main.TestCaseExecutor.execute(TestCaseExecutor.java:369)&#xa;	at com.kms.katalon.core.main.TestCaseExecutor.execute(TestCaseExecutor.java:369)&#xa;	at com.kms.katalon.core.common.CommonExecutor.accessTestCaseMainPhase(CommonExecutor.java:71)&#xa;	at com.kms.katalon.core.main.TestSuiteExecutor.accessTestSuiteMainPhase(TestSuiteExecutor.java:160)&#xa;	at com.kms.katalon.core.main.TestSuiteExecutor.execute(TestSuiteExecutor.java:107)&#xa;	at com.kms.katalon.core.main.TestCaseMain.startTestSuite(TestCaseMain.java:180)&#xa;	at TempTestSuite1745479303751.run(TempTestSuite1745479303751.groovy:35)&#xa;	at java.base/jdk.internal.reflect.NativeMethodAccessorImpl.invoke0(Native Method)&#xa;	at java.base/jdk.internal.reflect.NativeMethodAccessorImpl.invoke(NativeMethodAccessorImpl.java:77)&#xa;	at java.base/jdk.internal.reflect.DelegatingMethodAccessorImpl.invoke(DelegatingMethodAccessorImpl.java:43)&#xa;Caused by: com.kms.katalon.core.exception.StepFailedException: Object Object Repository/VOAusers/android.widget.EditText not found&#xa;	at com.kms.katalon.core.mobile.keyword.internal.MobileKeywordMain.stepFailed(MobileKeywordMain.groovy:64)&#xa;	at com.kms.katalon.core.mobile.keyword.builtin.SetTextKeyword$_setText_closure1.doCall(SetTextKeyword.groovy:52)&#xa;	at com.kms.katalon.core.mobile.keyword.builtin.SetTextKeyword$_setText_closure1.call(SetTextKeyword.groovy)&#xa;	at com.kms.katalon.core.mobile.keyword.internal.MobileKeywordMain.runKeyword(MobileKeywordMain.groovy:30)&#xa;	... 22 more&#xa;"/>
         <system-out><![CDATA[24-04-2025T14:39:24 - [TEST_CASE][FAILED] - Test Cases/Add Account Number/C710-C711_AddAccountNumber_Error)VOAUsers: Test Cases/Add Account Number/C710-C711_AddAccountNumber_Error)VOAUsers FAILED.
Reason:
com.kms.katalon.core.exception.StepFailedException: Failed to set text into element
	at com.kms.katalon.core.mobile.keyword.internal.MobileKeywordMain.stepFailed(MobileKeywordMain.groovy:64)
	at com.kms.katalon.core.mobile.keyword.internal.MobileKeywordMain.runKeyword(MobileKeywordMain.groovy:34)
	at com.kms.katalon.core.mobile.keyword.builtin.SetTextKeyword.setText(SetTextKeyword.groovy:62)
	at com.kms.katalon.core.mobile.keyword.builtin.SetTextKeyword.execute(SetTextKeyword.groovy:42)
	at com.kms.katalon.core.keyword.internal.KeywordExecutor.executeKeywordForPlatform(KeywordExecutor.groovy:74)
	at com.kms.katalon.core.mobile.keyword.MobileBuiltInKeywords.setText(MobileBuiltInKeywords.groovy:1278)
	at C710-C711_AddAccountNumber_Error)VOAUsers.run(C710-C711_AddAccountNumber_Error)VOAUsers:36)
	at com.kms.katalon.core.main.ScriptEngine.run(ScriptEngine.java:194)
	at com.kms.katalon.core.main.ScriptEngine.runScriptAsRawText(ScriptEngine.java:119)
	at com.kms.katalon.core.main.TestCaseExecutor.runScript(TestCaseExecutor.java:448)
	at com.kms.katalon.core.main.TestCaseExecutor.doExecute(TestCaseExecutor.java:439)
	at com.kms.katalon.core.main.TestCaseExecutor.processExecutionPhase(TestCaseExecutor.java:418)
	at com.kms.katalon.core.main.TestCaseExecutor.accessMainPhase(TestCaseExecutor.java:410)
	at com.kms.katalon.core.main.TestCaseExecutor.execute(TestCaseExecutor.java:285)
	at com.kms.katalon.core.main.TestCaseExecutor.execute(TestCaseExecutor.java:369)
	at com.kms.katalon.core.main.TestCaseExecutor.execute(TestCaseExecutor.java:369)
	at com.kms.katalon.core.common.CommonExecutor.accessTestCaseMainPhase(CommonExecutor.java:71)
	at com.kms.katalon.core.main.TestSuiteExecutor.accessTestSuiteMainPhase(TestSuiteExecutor.java:160)
	at com.kms.katalon.core.main.TestSuiteExecutor.execute(TestSuiteExecutor.java:107)
	at com.kms.katalon.core.main.TestCaseMain.startTestSuite(TestCaseMain.java:180)
	at TempTestSuite1745479303751.run(TempTestSuite1745479303751.groovy:35)
	at java.base/jdk.internal.reflect.NativeMethodAccessorImpl.invoke0(Native Method)
	at java.base/jdk.internal.reflect.NativeMethodAccessorImpl.invoke(NativeMethodAccessorImpl.java:77)
	at java.base/jdk.internal.reflect.DelegatingMethodAccessorImpl.invoke(DelegatingMethodAccessorImpl.java:43)
Caused by: com.kms.katalon.core.exception.StepFailedException: Object Object Repository/VOAusers/android.widget.EditText not found
	at com.kms.katalon.core.mobile.keyword.internal.MobileKeywordMain.stepFailed(MobileKeywordMain.groovy:64)
	at com.kms.katalon.core.mobile.keyword.builtin.SetTextKeyword$_setText_closure1.doCall(SetTextKeyword.groovy:52)
	at com.kms.katalon.core.mobile.keyword.builtin.SetTextKeyword$_setText_closure1.call(SetTextKeyword.groovy)
	at com.kms.katalon.core.mobile.keyword.internal.MobileKeywordMain.runKeyword(MobileKeywordMain.groovy:30)
	... 22 more


24-04-2025T14:39:24 - [TEST_STEP][PASSED] - startApplication(appUrl, true): Started application: '/Users/gv.vignesh/Downloads/WGR-Android-Automation/App Folder/app-debug-Version 2.99.68.apk'

24-04-2025T14:39:24 - [MESSAGE][INFO] - Starting application: '/Users/gv.vignesh/Downloads/WGR-Android-Automation/App Folder/app-debug-Version 2.99.68.apk'

24-04-2025T14:39:24 - [MESSAGE][INFO] - User set preference: ['uiautomator2ServerInstallTimeout', '0']

24-04-2025T14:39:24 - [MESSAGE][INFO] - User set preference: ['deviceId', '']

24-04-2025T14:40:25 - [MESSAGE][PASSED] - Started application: '/Users/gv.vignesh/Downloads/WGR-Android-Automation/App Folder/app-debug-Version 2.99.68.apk'

24-04-2025T14:40:25 - [TEST_STEP][PASSED] - delay(10): Delayed 10 second(s)

24-04-2025T14:40:35 - [MESSAGE][PASSED] - Delayed 10 second(s)

24-04-2025T14:40:35 - [TEST_STEP][PASSED] - tap(findTestObject("Object Repository/VOAusers/android.widget.Button - Login or Sign Up"), 0): Tapped on element 'Object Repository/VOAusers/android.widget.Button - Login or Sign Up'

24-04-2025T14:40:35 - [MESSAGE][WARNING] - Timeout '0' is invalid. Using default page load timeout: '30'

24-04-2025T14:40:36 - [MESSAGE][PASSED] - Tapped on element 'Object Repository/VOAusers/android.widget.Button - Login or Sign Up'

24-04-2025T14:40:36 - [TEST_STEP][PASSED] - delay(10): Delayed 10 second(s)

24-04-2025T14:40:46 - [MESSAGE][PASSED] - Delayed 10 second(s)

24-04-2025T14:40:46 - [TEST_STEP][FAILED] - setText(findTestObject("Object Repository/VOAusers/android.widget.EditText"), "CGARNER024@GMAIL.COM", 0): Failed to set text into element (Root cause: com.kms.katalon.core.exception.StepFailedException: Failed to set text into element
	at com.kms.katalon.core.mobile.keyword.internal.MobileKeywordMain.stepFailed(MobileKeywordMain.groovy:64)
	at com.kms.katalon.core.mobile.keyword.internal.MobileKeywordMain.runKeyword(MobileKeywordMain.groovy:34)
	at com.kms.katalon.core.mobile.keyword.builtin.SetTextKeyword.setText(SetTextKeyword.groovy:62)
	at com.kms.katalon.core.mobile.keyword.builtin.SetTextKeyword.execute(SetTextKeyword.groovy:42)
	at com.kms.katalon.core.keyword.internal.KeywordExecutor.executeKeywordForPlatform(KeywordExecutor.groovy:74)
	at com.kms.katalon.core.mobile.keyword.MobileBuiltInKeywords.setText(MobileBuiltInKeywords.groovy:1278)
	at C710-C711_AddAccountNumber_Error)VOAUsers.run(C710-C711_AddAccountNumber_Error)VOAUsers:36)
	at com.kms.katalon.core.main.ScriptEngine.run(ScriptEngine.java:194)
	at com.kms.katalon.core.main.ScriptEngine.runScriptAsRawText(ScriptEngine.java:119)
	at com.kms.katalon.core.main.TestCaseExecutor.runScript(TestCaseExecutor.java:448)
	at com.kms.katalon.core.main.TestCaseExecutor.doExecute(TestCaseExecutor.java:439)
	at com.kms.katalon.core.main.TestCaseExecutor.processExecutionPhase(TestCaseExecutor.java:418)
	at com.kms.katalon.core.main.TestCaseExecutor.accessMainPhase(TestCaseExecutor.java:410)
	at com.kms.katalon.core.main.TestCaseExecutor.execute(TestCaseExecutor.java:285)
	at com.kms.katalon.core.main.TestCaseExecutor.execute(TestCaseExecutor.java:369)
	at com.kms.katalon.core.main.TestCaseExecutor.execute(TestCaseExecutor.java:369)
	at com.kms.katalon.core.common.CommonExecutor.accessTestCaseMainPhase(CommonExecutor.java:71)
	at com.kms.katalon.core.main.TestSuiteExecutor.accessTestSuiteMainPhase(TestSuiteExecutor.java:160)
	at com.kms.katalon.core.main.TestSuiteExecutor.execute(TestSuiteExecutor.java:107)
	at com.kms.katalon.core.main.TestCaseMain.startTestSuite(TestCaseMain.java:180)
	at TempTestSuite1745479303751.run(TempTestSuite1745479303751.groovy:35)
	at java.base/jdk.internal.reflect.NativeMethodAccessorImpl.invoke0(Native Method)
	at java.base/jdk.internal.reflect.NativeMethodAccessorImpl.invoke(NativeMethodAccessorImpl.java:77)
	at java.base/jdk.internal.reflect.DelegatingMethodAccessorImpl.invoke(DelegatingMethodAccessorImpl.java:43)
Caused by: com.kms.katalon.core.exception.StepFailedException: Object Object Repository/VOAusers/android.widget.EditText not found
	at com.kms.katalon.core.mobile.keyword.internal.MobileKeywordMain.stepFailed(MobileKeywordMain.groovy:64)
	at com.kms.katalon.core.mobile.keyword.builtin.SetTextKeyword$_setText_closure1.doCall(SetTextKeyword.groovy:52)
	at com.kms.katalon.core.mobile.keyword.builtin.SetTextKeyword$_setText_closure1.call(SetTextKeyword.groovy)
	at com.kms.katalon.core.mobile.keyword.internal.MobileKeywordMain.runKeyword(MobileKeywordMain.groovy:30)
	... 22 more
)

24-04-2025T14:40:46 - [MESSAGE][WARNING] - Timeout '0' is invalid. Using default page load timeout: '30'

24-04-2025T14:41:19 - [MESSAGE][FAILED] - Object Object Repository/VOAusers/android.widget.EditText not found (Root cause: com.kms.katalon.core.exception.StepFailedException: Object Object Repository/VOAusers/android.widget.EditText not found
	at com.kms.katalon.core.mobile.keyword.internal.MobileKeywordMain.stepFailed(MobileKeywordMain.groovy:64)
	at com.kms.katalon.core.mobile.keyword.builtin.SetTextKeyword$_setText_closure1.doCall(SetTextKeyword.groovy:52)
	at com.kms.katalon.core.mobile.keyword.builtin.SetTextKeyword$_setText_closure1.call(SetTextKeyword.groovy)
	at com.kms.katalon.core.mobile.keyword.internal.MobileKeywordMain.runKeyword(MobileKeywordMain.groovy:30)
	at com.kms.katalon.core.mobile.keyword.builtin.SetTextKeyword.setText(SetTextKeyword.groovy:62)
	at com.kms.katalon.core.mobile.keyword.builtin.SetTextKeyword.execute(SetTextKeyword.groovy:42)
	at com.kms.katalon.core.keyword.internal.KeywordExecutor.executeKeywordForPlatform(KeywordExecutor.groovy:74)
	at com.kms.katalon.core.mobile.keyword.MobileBuiltInKeywords.setText(MobileBuiltInKeywords.groovy:1278)
	at C710-C711_AddAccountNumber_Error)VOAUsers.run(C710-C711_AddAccountNumber_Error)VOAUsers:36)
	at com.kms.katalon.core.main.ScriptEngine.run(ScriptEngine.java:194)
	at com.kms.katalon.core.main.ScriptEngine.runScriptAsRawText(ScriptEngine.java:119)
	at com.kms.katalon.core.main.TestCaseExecutor.runScript(TestCaseExecutor.java:448)
	at com.kms.katalon.core.main.TestCaseExecutor.doExecute(TestCaseExecutor.java:439)
	at com.kms.katalon.core.main.TestCaseExecutor.processExecutionPhase(TestCaseExecutor.java:418)
	at com.kms.katalon.core.main.TestCaseExecutor.accessMainPhase(TestCaseExecutor.java:410)
	at com.kms.katalon.core.main.TestCaseExecutor.execute(TestCaseExecutor.java:285)
	at com.kms.katalon.core.main.TestCaseExecutor.execute(TestCaseExecutor.java:369)
	at com.kms.katalon.core.main.TestCaseExecutor.execute(TestCaseExecutor.java:369)
	at com.kms.katalon.core.common.CommonExecutor.accessTestCaseMainPhase(CommonExecutor.java:71)
	at com.kms.katalon.core.main.TestSuiteExecutor.accessTestSuiteMainPhase(TestSuiteExecutor.java:160)
	at com.kms.katalon.core.main.TestSuiteExecutor.execute(TestSuiteExecutor.java:107)
	at com.kms.katalon.core.main.TestCaseMain.startTestSuite(TestCaseMain.java:180)
	at TempTestSuite1745479303751.run(TempTestSuite1745479303751.groovy:35)
	at java.base/jdk.internal.reflect.NativeMethodAccessorImpl.invoke0(Native Method)
	at java.base/jdk.internal.reflect.NativeMethodAccessorImpl.invoke(NativeMethodAccessorImpl.java:77)
	at java.base/jdk.internal.reflect.DelegatingMethodAccessorImpl.invoke(DelegatingMethodAccessorImpl.java:43)
)
[[ATTACHMENT|/Users/gv.vignesh/Downloads/WGR-Android-Automation/Reports/20250424_125143/Android Regression/20250424_125143/1745485876791.png]]

24-04-2025T14:41:22 - [MESSAGE][FAILED] - Failed to set text into element (Root cause: com.kms.katalon.core.exception.StepFailedException: Failed to set text into element
	at com.kms.katalon.core.mobile.keyword.internal.MobileKeywordMain.stepFailed(MobileKeywordMain.groovy:64)
	at com.kms.katalon.core.mobile.keyword.internal.MobileKeywordMain.runKeyword(MobileKeywordMain.groovy:34)
	at com.kms.katalon.core.mobile.keyword.builtin.SetTextKeyword.setText(SetTextKeyword.groovy:62)
	at com.kms.katalon.core.mobile.keyword.builtin.SetTextKeyword.execute(SetTextKeyword.groovy:42)
	at com.kms.katalon.core.keyword.internal.KeywordExecutor.executeKeywordForPlatform(KeywordExecutor.groovy:74)
	at com.kms.katalon.core.mobile.keyword.MobileBuiltInKeywords.setText(MobileBuiltInKeywords.groovy:1278)
	at C710-C711_AddAccountNumber_Error)VOAUsers.run(C710-C711_AddAccountNumber_Error)VOAUsers:36)
	at com.kms.katalon.core.main.ScriptEngine.run(ScriptEngine.java:194)
	at com.kms.katalon.core.main.ScriptEngine.runScriptAsRawText(ScriptEngine.java:119)
	at com.kms.katalon.core.main.TestCaseExecutor.runScript(TestCaseExecutor.java:448)
	at com.kms.katalon.core.main.TestCaseExecutor.doExecute(TestCaseExecutor.java:439)
	at com.kms.katalon.core.main.TestCaseExecutor.processExecutionPhase(TestCaseExecutor.java:418)
	at com.kms.katalon.core.main.TestCaseExecutor.accessMainPhase(TestCaseExecutor.java:410)
	at com.kms.katalon.core.main.TestCaseExecutor.execute(TestCaseExecutor.java:285)
	at com.kms.katalon.core.main.TestCaseExecutor.execute(TestCaseExecutor.java:369)
	at com.kms.katalon.core.main.TestCaseExecutor.execute(TestCaseExecutor.java:369)
	at com.kms.katalon.core.common.CommonExecutor.accessTestCaseMainPhase(CommonExecutor.java:71)
	at com.kms.katalon.core.main.TestSuiteExecutor.accessTestSuiteMainPhase(TestSuiteExecutor.java:160)
	at com.kms.katalon.core.main.TestSuiteExecutor.execute(TestSuiteExecutor.java:107)
	at com.kms.katalon.core.main.TestCaseMain.startTestSuite(TestCaseMain.java:180)
	at TempTestSuite1745479303751.run(TempTestSuite1745479303751.groovy:35)
	at java.base/jdk.internal.reflect.NativeMethodAccessorImpl.invoke0(Native Method)
	at java.base/jdk.internal.reflect.NativeMethodAccessorImpl.invoke(NativeMethodAccessorImpl.java:77)
	at java.base/jdk.internal.reflect.DelegatingMethodAccessorImpl.invoke(DelegatingMethodAccessorImpl.java:43)
Caused by: com.kms.katalon.core.exception.StepFailedException: Object Object Repository/VOAusers/android.widget.EditText not found
	at com.kms.katalon.core.mobile.keyword.internal.MobileKeywordMain.stepFailed(MobileKeywordMain.groovy:64)
	at com.kms.katalon.core.mobile.keyword.builtin.SetTextKeyword$_setText_closure1.doCall(SetTextKeyword.groovy:52)
	at com.kms.katalon.core.mobile.keyword.builtin.SetTextKeyword$_setText_closure1.call(SetTextKeyword.groovy)
	at com.kms.katalon.core.mobile.keyword.internal.MobileKeywordMain.runKeyword(MobileKeywordMain.groovy:30)
	... 22 more
)
[[ATTACHMENT|/Users/gv.vignesh/Downloads/WGR-Android-Automation/Reports/20250424_125143/Android Regression/20250424_125143/1745485879555.png]]]]></system-out>
         <system-err><![CDATA[24-04-2025T14:39:24 - [TEST_CASE][FAILED] - Test Cases/Add Account Number/C710-C711_AddAccountNumber_Error)VOAUsers: Test Cases/Add Account Number/C710-C711_AddAccountNumber_Error)VOAUsers FAILED.
Reason:
com.kms.katalon.core.exception.StepFailedException: Failed to set text into element
	at com.kms.katalon.core.mobile.keyword.internal.MobileKeywordMain.stepFailed(MobileKeywordMain.groovy:64)
	at com.kms.katalon.core.mobile.keyword.internal.MobileKeywordMain.runKeyword(MobileKeywordMain.groovy:34)
	at com.kms.katalon.core.mobile.keyword.builtin.SetTextKeyword.setText(SetTextKeyword.groovy:62)
	at com.kms.katalon.core.mobile.keyword.builtin.SetTextKeyword.execute(SetTextKeyword.groovy:42)
	at com.kms.katalon.core.keyword.internal.KeywordExecutor.executeKeywordForPlatform(KeywordExecutor.groovy:74)
	at com.kms.katalon.core.mobile.keyword.MobileBuiltInKeywords.setText(MobileBuiltInKeywords.groovy:1278)
	at C710-C711_AddAccountNumber_Error)VOAUsers.run(C710-C711_AddAccountNumber_Error)VOAUsers:36)
	at com.kms.katalon.core.main.ScriptEngine.run(ScriptEngine.java:194)
	at com.kms.katalon.core.main.ScriptEngine.runScriptAsRawText(ScriptEngine.java:119)
	at com.kms.katalon.core.main.TestCaseExecutor.runScript(TestCaseExecutor.java:448)
	at com.kms.katalon.core.main.TestCaseExecutor.doExecute(TestCaseExecutor.java:439)
	at com.kms.katalon.core.main.TestCaseExecutor.processExecutionPhase(TestCaseExecutor.java:418)
	at com.kms.katalon.core.main.TestCaseExecutor.accessMainPhase(TestCaseExecutor.java:410)
	at com.kms.katalon.core.main.TestCaseExecutor.execute(TestCaseExecutor.java:285)
	at com.kms.katalon.core.main.TestCaseExecutor.execute(TestCaseExecutor.java:369)
	at com.kms.katalon.core.main.TestCaseExecutor.execute(TestCaseExecutor.java:369)
	at com.kms.katalon.core.common.CommonExecutor.accessTestCaseMainPhase(CommonExecutor.java:71)
	at com.kms.katalon.core.main.TestSuiteExecutor.accessTestSuiteMainPhase(TestSuiteExecutor.java:160)
	at com.kms.katalon.core.main.TestSuiteExecutor.execute(TestSuiteExecutor.java:107)
	at com.kms.katalon.core.main.TestCaseMain.startTestSuite(TestCaseMain.java:180)
	at TempTestSuite1745479303751.run(TempTestSuite1745479303751.groovy:35)
	at java.base/jdk.internal.reflect.NativeMethodAccessorImpl.invoke0(Native Method)
	at java.base/jdk.internal.reflect.NativeMethodAccessorImpl.invoke(NativeMethodAccessorImpl.java:77)
	at java.base/jdk.internal.reflect.DelegatingMethodAccessorImpl.invoke(DelegatingMethodAccessorImpl.java:43)
Caused by: com.kms.katalon.core.exception.StepFailedException: Object Object Repository/VOAusers/android.widget.EditText not found
	at com.kms.katalon.core.mobile.keyword.internal.MobileKeywordMain.stepFailed(MobileKeywordMain.groovy:64)
	at com.kms.katalon.core.mobile.keyword.builtin.SetTextKeyword$_setText_closure1.doCall(SetTextKeyword.groovy:52)
	at com.kms.katalon.core.mobile.keyword.builtin.SetTextKeyword$_setText_closure1.call(SetTextKeyword.groovy)
	at com.kms.katalon.core.mobile.keyword.internal.MobileKeywordMain.runKeyword(MobileKeywordMain.groovy:30)
	... 22 more]]></system-err>
      </testcase>
      <system-out><![CDATA[24-04-2025T12:51:47 - [TEST_SUITE][FAILED] - Android Regression: Test Cases/Guest User Mode/C764_C739_C793_GuestUserMode_OAM_BottomNavBar_ThingsToDo FAILED.
Reason:
com.kms.katalon.core.exception.StepFailedException: Failed to set text into element
	at com.kms.katalon.core.mobile.keyword.internal.MobileKeywordMain.stepFailed(MobileKeywordMain.groovy:64)
	at com.kms.katalon.core.mobile.keyword.internal.MobileKeywordMain.runKeyword(MobileKeywordMain.groovy:34)
	at com.kms.katalon.core.mobile.keyword.builtin.SetTextKeyword.setText(SetTextKeyword.groovy:62)
	at com.kms.katalon.core.mobile.keyword.builtin.SetTextKeyword.execute(SetTextKeyword.groovy:42)
	at com.kms.katalon.core.keyword.internal.KeywordExecutor.executeKeywordForPlatform(KeywordExecutor.groovy:74)
	at com.kms.katalon.core.mobile.keyword.MobileBuiltInKeywords.setText(MobileBuiltInKeywords.groovy:1278)
	at C764_C739_C793_GuestUserMode_OAM_BottomNavBar_ThingsToDo.run(C764_C739_C793_GuestUserMode_OAM_BottomNavBar_ThingsToDo:183)
	at com.kms.katalon.core.main.ScriptEngine.run(ScriptEngine.java:194)
	at com.kms.katalon.core.main.ScriptEngine.runScriptAsRawText(ScriptEngine.java:119)
	at com.kms.katalon.core.main.TestCaseExecutor.runScript(TestCaseExecutor.java:448)
	at com.kms.katalon.core.main.TestCaseExecutor.doExecute(TestCaseExecutor.java:439)
	at com.kms.katalon.core.main.TestCaseExecutor.processExecutionPhase(TestCaseExecutor.java:418)
	at com.kms.katalon.core.main.TestCaseExecutor.accessMainPhase(TestCaseExecutor.java:410)
	at com.kms.katalon.core.main.TestCaseExecutor.execute(TestCaseExecutor.java:285)
	at com.kms.katalon.core.common.CommonExecutor.accessTestCaseMainPhase(CommonExecutor.java:71)
	at com.kms.katalon.core.main.TestSuiteExecutor.accessTestSuiteMainPhase(TestSuiteExecutor.java:160)
	at com.kms.katalon.core.main.TestSuiteExecutor.execute(TestSuiteExecutor.java:107)
	at com.kms.katalon.core.main.TestCaseMain.startTestSuite(TestCaseMain.java:180)
	at TempTestSuite1745479303751.run(TempTestSuite1745479303751.groovy:35)
	at java.base/jdk.internal.reflect.NativeMethodAccessorImpl.invoke0(Native Method)
	at java.base/jdk.internal.reflect.NativeMethodAccessorImpl.invoke(NativeMethodAccessorImpl.java:77)
	at java.base/jdk.internal.reflect.DelegatingMethodAccessorImpl.invoke(DelegatingMethodAccessorImpl.java:43)
Caused by: org.openqa.selenium.StaleElementReferenceException: androidx.test.uiautomator.StaleObjectException
For documentation on this error, please visit: https://www.selenium.dev/documentation/webdriver/troubleshooting/errors#stale-element-reference-exception
Build info: version: '4.22.0', revision: 'c5f3146703'
System info: os.name: 'Mac OS X', os.arch: 'aarch64', os.version: '15.4.1', java.version: '17.0.14'
Driver info: io.appium.java_client.android.AndroidDriver
Command: [1023bbb1-6f8d-4543-8707-5d3924b7695f, sendKeysToElement {value=[Ljava.lang.CharSequence;@749ffdc7, id=00000000-0000-004d-0000-017b0000000e}]
Capabilities {appium:app: /Users/gv.vignesh/Downloads..., appium:appActivity: westgate_xamarin.android.Ma..., appium:appPackage: westgate_xamarin.android.debug, appium:autoGrantPermissions: true, appium:automationName: uiautomator2, appium:databaseEnabled: false, appium:desired: {app: /Users/gv.vignesh/Downloads..., autoGrantPermissions: true, automationName: uiautomator2, deviceId: , deviceName: samsung SM-A146B (Android 14), fullReset: true, newCommandTimeout: 1800, noReset: false, platformName: ANDROID, platformVersion: 14, systemPort: 54155, udid: adb-RZCW811B2MK-cCoIXY._adb..., uiautomator2ServerInstallTimeout: 0}, appium:deviceApiLevel: 34, appium:deviceId: , appium:deviceManufacturer: samsung, appium:deviceModel: SM-A146B, appium:deviceName: adb-RZCW811B2MK-cCoIXY._adb..., appium:deviceScreenDensity: 450, appium:deviceScreenSize: 1080x2408, appium:deviceUDID: adb-RZCW811B2MK-cCoIXY._adb..., appium:fullReset: true, appium:javascriptEnabled: true, appium:locationContextEnabled: false, appium:networkConnectionEnabled: true, appium:newCommandTimeout: 1800, appium:noReset: false, appium:pixelRatio: 2.8125, appium:platformVersion: 14, appium:statBarHeight: 65, appium:systemPort: 54155, appium:takesScreenshot: true, appium:udid: adb-RZCW811B2MK-cCoIXY._adb..., appium:uiautomator2ServerInstallTimeout: 0, appium:viewportRect: {height: 2343, left: 0, top: 65, width: 1080}, appium:warnings: {}, appium:webStorageEnabled: false, platformName: ANDROID}
Element: [[AndroidDriver:  on ANDROID (1023bbb1-6f8d-4543-8707-5d3924b7695f)] -> xpath: //android.widget.EditText[@resource-id='password' and (@text='' or .='')]]
Session ID: 1023bbb1-6f8d-4543-8707-5d3924b7695f
	at java.base/jdk.internal.reflect.NativeConstructorAccessorImpl.newInstance0(Native Method)
	at java.base/jdk.internal.reflect.NativeConstructorAccessorImpl.newInstance(NativeConstructorAccessorImpl.java:77)
	at java.base/jdk.internal.reflect.DelegatingConstructorAccessorImpl.newInstance(DelegatingConstructorAccessorImpl.java:45)
	at org.openqa.selenium.remote.ErrorCodec.decode(ErrorCodec.java:167)
	at org.openqa.selenium.remote.codec.w3c.W3CHttpResponseCodec.decode(W3CHttpResponseCodec.java:138)
	at org.openqa.selenium.remote.codec.w3c.W3CHttpResponseCodec.decode(W3CHttpResponseCodec.java:50)
	at org.openqa.selenium.remote.HttpCommandExecutor.execute(HttpCommandExecutor.java:190)
	at io.appium.java_client.remote.AppiumCommandExecutor.execute(AppiumCommandExecutor.java:237)
	at org.openqa.selenium.remote.RemoteWebDriver.execute(RemoteWebDriver.java:518)
	at org.openqa.selenium.remote.RemoteWebElement.execute(RemoteWebElement.java:223)
	at org.openqa.selenium.remote.RemoteWebElement.sendKeys(RemoteWebElement.java:110)
	at java.base/jdk.internal.reflect.NativeMethodAccessorImpl.invoke0(Native Method)
	at java.base/jdk.internal.reflect.NativeMethodAccessorImpl.invoke(NativeMethodAccessorImpl.java:77)
	at java.base/jdk.internal.reflect.DelegatingMethodAccessorImpl.invoke(DelegatingMethodAccessorImpl.java:43)
	at com.kms.katalon.core.mobile.keyword.builtin.SetTextKeyword.sendKeys(SetTextKeyword.groovy:69)
	at com.kms.katalon.core.mobile.keyword.builtin.SetTextKeyword$_setText_closure1.doCall(SetTextKeyword.groovy:56)
	at com.kms.katalon.core.mobile.keyword.builtin.SetTextKeyword$_setText_closure1.call(SetTextKeyword.groovy)
	at com.kms.katalon.core.mobile.keyword.internal.MobileKeywordMain.runKeyword(MobileKeywordMain.groovy:30)
	... 20 more]]></system-out>
      <system-err><![CDATA[24-04-2025T12:51:47 - [TEST_SUITE][FAILED] - Android Regression: Test Cases/Guest User Mode/C764_C739_C793_GuestUserMode_OAM_BottomNavBar_ThingsToDo FAILED.
Reason:
com.kms.katalon.core.exception.StepFailedException: Failed to set text into element
	at com.kms.katalon.core.mobile.keyword.internal.MobileKeywordMain.stepFailed(MobileKeywordMain.groovy:64)
	at com.kms.katalon.core.mobile.keyword.internal.MobileKeywordMain.runKeyword(MobileKeywordMain.groovy:34)
	at com.kms.katalon.core.mobile.keyword.builtin.SetTextKeyword.setText(SetTextKeyword.groovy:62)
	at com.kms.katalon.core.mobile.keyword.builtin.SetTextKeyword.execute(SetTextKeyword.groovy:42)
	at com.kms.katalon.core.keyword.internal.KeywordExecutor.executeKeywordForPlatform(KeywordExecutor.groovy:74)
	at com.kms.katalon.core.mobile.keyword.MobileBuiltInKeywords.setText(MobileBuiltInKeywords.groovy:1278)
	at C764_C739_C793_GuestUserMode_OAM_BottomNavBar_ThingsToDo.run(C764_C739_C793_GuestUserMode_OAM_BottomNavBar_ThingsToDo:183)
	at com.kms.katalon.core.main.ScriptEngine.run(ScriptEngine.java:194)
	at com.kms.katalon.core.main.ScriptEngine.runScriptAsRawText(ScriptEngine.java:119)
	at com.kms.katalon.core.main.TestCaseExecutor.runScript(TestCaseExecutor.java:448)
	at com.kms.katalon.core.main.TestCaseExecutor.doExecute(TestCaseExecutor.java:439)
	at com.kms.katalon.core.main.TestCaseExecutor.processExecutionPhase(TestCaseExecutor.java:418)
	at com.kms.katalon.core.main.TestCaseExecutor.accessMainPhase(TestCaseExecutor.java:410)
	at com.kms.katalon.core.main.TestCaseExecutor.execute(TestCaseExecutor.java:285)
	at com.kms.katalon.core.common.CommonExecutor.accessTestCaseMainPhase(CommonExecutor.java:71)
	at com.kms.katalon.core.main.TestSuiteExecutor.accessTestSuiteMainPhase(TestSuiteExecutor.java:160)
	at com.kms.katalon.core.main.TestSuiteExecutor.execute(TestSuiteExecutor.java:107)
	at com.kms.katalon.core.main.TestCaseMain.startTestSuite(TestCaseMain.java:180)
	at TempTestSuite1745479303751.run(TempTestSuite1745479303751.groovy:35)
	at java.base/jdk.internal.reflect.NativeMethodAccessorImpl.invoke0(Native Method)
	at java.base/jdk.internal.reflect.NativeMethodAccessorImpl.invoke(NativeMethodAccessorImpl.java:77)
	at java.base/jdk.internal.reflect.DelegatingMethodAccessorImpl.invoke(DelegatingMethodAccessorImpl.java:43)
Caused by: org.openqa.selenium.StaleElementReferenceException: androidx.test.uiautomator.StaleObjectException
For documentation on this error, please visit: https://www.selenium.dev/documentation/webdriver/troubleshooting/errors#stale-element-reference-exception
Build info: version: '4.22.0', revision: 'c5f3146703'
System info: os.name: 'Mac OS X', os.arch: 'aarch64', os.version: '15.4.1', java.version: '17.0.14'
Driver info: io.appium.java_client.android.AndroidDriver
Command: [1023bbb1-6f8d-4543-8707-5d3924b7695f, sendKeysToElement {value=[Ljava.lang.CharSequence;@749ffdc7, id=00000000-0000-004d-0000-017b0000000e}]
Capabilities {appium:app: /Users/gv.vignesh/Downloads..., appium:appActivity: westgate_xamarin.android.Ma..., appium:appPackage: westgate_xamarin.android.debug, appium:autoGrantPermissions: true, appium:automationName: uiautomator2, appium:databaseEnabled: false, appium:desired: {app: /Users/gv.vignesh/Downloads..., autoGrantPermissions: true, automationName: uiautomator2, deviceId: , deviceName: samsung SM-A146B (Android 14), fullReset: true, newCommandTimeout: 1800, noReset: false, platformName: ANDROID, platformVersion: 14, systemPort: 54155, udid: adb-RZCW811B2MK-cCoIXY._adb..., uiautomator2ServerInstallTimeout: 0}, appium:deviceApiLevel: 34, appium:deviceId: , appium:deviceManufacturer: samsung, appium:deviceModel: SM-A146B, appium:deviceName: adb-RZCW811B2MK-cCoIXY._adb..., appium:deviceScreenDensity: 450, appium:deviceScreenSize: 1080x2408, appium:deviceUDID: adb-RZCW811B2MK-cCoIXY._adb..., appium:fullReset: true, appium:javascriptEnabled: true, appium:locationContextEnabled: false, appium:networkConnectionEnabled: true, appium:newCommandTimeout: 1800, appium:noReset: false, appium:pixelRatio: 2.8125, appium:platformVersion: 14, appium:statBarHeight: 65, appium:systemPort: 54155, appium:takesScreenshot: true, appium:udid: adb-RZCW811B2MK-cCoIXY._adb..., appium:uiautomator2ServerInstallTimeout: 0, appium:viewportRect: {height: 2343, left: 0, top: 65, width: 1080}, appium:warnings: {}, appium:webStorageEnabled: false, platformName: ANDROID}
Element: [[AndroidDriver:  on ANDROID (1023bbb1-6f8d-4543-8707-5d3924b7695f)] -> xpath: //android.widget.EditText[@resource-id='password' and (@text='' or .='')]]
Session ID: 1023bbb1-6f8d-4543-8707-5d3924b7695f
	at java.base/jdk.internal.reflect.NativeConstructorAccessorImpl.newInstance0(Native Method)
	at java.base/jdk.internal.reflect.NativeConstructorAccessorImpl.newInstance(NativeConstructorAccessorImpl.java:77)
	at java.base/jdk.internal.reflect.DelegatingConstructorAccessorImpl.newInstance(DelegatingConstructorAccessorImpl.java:45)
	at org.openqa.selenium.remote.ErrorCodec.decode(ErrorCodec.java:167)
	at org.openqa.selenium.remote.codec.w3c.W3CHttpResponseCodec.decode(W3CHttpResponseCodec.java:138)
	at org.openqa.selenium.remote.codec.w3c.W3CHttpResponseCodec.decode(W3CHttpResponseCodec.java:50)
	at org.openqa.selenium.remote.HttpCommandExecutor.execute(HttpCommandExecutor.java:190)
	at io.appium.java_client.remote.AppiumCommandExecutor.execute(AppiumCommandExecutor.java:237)
	at org.openqa.selenium.remote.RemoteWebDriver.execute(RemoteWebDriver.java:518)
	at org.openqa.selenium.remote.RemoteWebElement.execute(RemoteWebElement.java:223)
	at org.openqa.selenium.remote.RemoteWebElement.sendKeys(RemoteWebElement.java:110)
	at java.base/jdk.internal.reflect.NativeMethodAccessorImpl.invoke0(Native Method)
	at java.base/jdk.internal.reflect.NativeMethodAccessorImpl.invoke(NativeMethodAccessorImpl.java:77)
	at java.base/jdk.internal.reflect.DelegatingMethodAccessorImpl.invoke(DelegatingMethodAccessorImpl.java:43)
	at com.kms.katalon.core.mobile.keyword.builtin.SetTextKeyword.sendKeys(SetTextKeyword.groovy:69)
	at com.kms.katalon.core.mobile.keyword.builtin.SetTextKeyword$_setText_closure1.doCall(SetTextKeyword.groovy:56)
	at com.kms.katalon.core.mobile.keyword.builtin.SetTextKeyword$_setText_closure1.call(SetTextKeyword.groovy)
	at com.kms.katalon.core.mobile.keyword.internal.MobileKeywordMain.runKeyword(MobileKeywordMain.groovy:30)
	... 20 more]]></system-err>
   </testsuite>
</testsuites>
