<?xml version="1.0" encoding="UTF-8"?>
<testsuites name="WRMA-Android Regression" time="429.599" tests="2" failures="0" errors="0">
   <testsuite name="WRMA-Android Regression" tests="2" failures="0" errors="0" time="429.599" skipped="0" timestamp="27-03-2025T20:18:55" hostname="**********" id="Test Suites/WRMA-Android Regression">
      <properties>
         <property name="deviceName" value="emulator-5554 (sdk_gphone64_arm64 - Android 13)"/>
         <property name="devicePlatform" value="Android"/>
         <property name="logFolder" value="/Users/gv.vignesh/Downloads/WGR-Android-Automation/Reports/20250327_201850/WRMA-Android Regression/20250327_201850"/>
         <property name="logFiles" value="/Users/gv.vignesh/Downloads/WGR-Android-Automation/Reports/20250327_201850/WRMA-Android Regression/20250327_201850/execution0.log, /Users/gv.vignesh/Downloads/WGR-Android-Automation/Reports/20250327_201850/WRMA-Android Regression/20250327_201850/appium_error.log, /Users/gv.vignesh/Downloads/WGR-Android-Automation/Reports/20250327_201850/WRMA-Android Regression/20250327_201850/appium.log"/>
         <property name="attachments" value="/Users/gv.vignesh/Downloads/WGR-Android-Automation/Reports/20250327_201850/WRMA-Android Regression/20250327_201850/1743087206406.png, /Users/gv.vignesh/Downloads/WGR-Android-Automation/Reports/20250327_201850/WRMA-Android Regression/20250327_201850/1743087206846.png"/>
         <property name="hostName" value="**********"/>
         <property name="os" value="Mac OS X 64bit"/>
         <property name="appiumServerStatus" value="{&quot;value&quot;:{&quot;ready&quot;:true,&quot;message&quot;:&quot;The server is ready to accept new connections&quot;,&quot;build&quot;:{&quot;version&quot;:&quot;2.17.1&quot;,&quot;git-sha&quot;:&quot;f1041842141f20bc701b522d4371d7843d905580&quot;,&quot;built&quot;:&quot;2025-03-24 02:42:00 +0000&quot;}}}"/>
         <property name="katalonVersion" value="10.1.1.0"/>
         <property name="deviceOS" value="Android"/>
         <property name="appiumVersion" value="2.17.1"/>
         <property name="deviceModel" value="sdk_gphone64_arm64"/>
         <property name="hostAddress" value="**********"/>
         <property name="deviceManufacturer" value="Google"/>
         <property name="deviceId" value="emulator-5554"/>
         <property name="deviceName" value="emulator-5554 (sdk_gphone64_arm64 - Android 13)"/>
         <property name="deviceOSVersion" value="13"/>
      </properties>
      <testcase name="Test Cases/Guest User Mode/C666-C719-C738_GuestUserMode" time="85.574" classname="Test Cases/Guest User Mode/C666-C719-C738_GuestUserMode" status="PASSED">
         <system-out><![CDATA[27-03-2025T20:18:56 - [TEST_CASE][PASSED] - Test Cases/Guest User Mode/C666-C719-C738_GuestUserMode: Test Cases/Guest User Mode/C666-C719-C738_GuestUserMode

27-03-2025T20:18:56 - [TEST_STEP][PASSED] - startApplication("/Users/gv.vignesh/Downloads/WGR-Android-Automation/App Folder/universal.apk", false): Started application: '/Users/gv.vignesh/Downloads/WGR-Android-Automation/App Folder/universal.apk'

27-03-2025T20:18:56 - [MESSAGE][INFO] - Starting application: '/Users/gv.vignesh/Downloads/WGR-Android-Automation/App Folder/universal.apk'

27-03-2025T20:18:56 - [MESSAGE][INFO] - User set preference: ['deviceId', '']

27-03-2025T20:18:56 - [MESSAGE][INFO] - Detected NodeJS location: "/opt/homebrew/Cellar/node/23.10.0_1/bin/node"

27-03-2025T20:18:56 - [MESSAGE][INFO] - PATH: /opt/homebrew/Cellar/node/23.10.0_1/bin:/opt/homebrew/bin:/usr/bin:/bin:/usr/sbin:/sbin:/Applications/Katalon Studio Enterprise.app/Contents/Eclipse/jre/Contents/Home/bin:/usr/local/bin/

27-03-2025T20:18:56 - [MESSAGE][INFO] - APPIUM_HOME: /Users/gv.vignesh/.appium

27-03-2025T20:18:56 - [MESSAGE][INFO] - appium outlog: /Users/gv.vignesh/Downloads/WGR-Android-Automation/Reports/20250327_201850/WRMA-Android Regression/20250327_201850/appium.log

27-03-2025T20:18:56 - [MESSAGE][INFO] - appium errlog: /Users/gv.vignesh/Downloads/WGR-Android-Automation/Reports/20250327_201850/WRMA-Android Regression/20250327_201850/appium_error.log

27-03-2025T20:18:57 - [MESSAGE][INFO] - Appium server started on port 58,129

27-03-2025T20:19:07 - [MESSAGE][PASSED] - Started application: '/Users/gv.vignesh/Downloads/WGR-Android-Automation/App Folder/universal.apk'

27-03-2025T20:19:07 - [TEST_STEP][PASSED] - delay(10): Delayed 10 second(s)

27-03-2025T20:19:17 - [MESSAGE][PASSED] - Delayed 10 second(s)

27-03-2025T20:19:17 - [TEST_STEP][PASSED] - tap(findTestObject("Object Repository/Repo/android.widget.TextView - Continue as a Guest"), 0): Tapped on element 'Object Repository/Repo/android.widget.TextView - Continue as a Guest'

27-03-2025T20:19:17 - [MESSAGE][WARNING] - Timeout '0' is invalid. Using default page load timeout: '30'

27-03-2025T20:19:18 - [MESSAGE][PASSED] - Tapped on element 'Object Repository/Repo/android.widget.TextView - Continue as a Guest'

27-03-2025T20:19:18 - [TEST_STEP][PASSED] - delay(10): Delayed 10 second(s)

27-03-2025T20:19:28 - [MESSAGE][PASSED] - Delayed 10 second(s)

27-03-2025T20:19:28 - [TEST_STEP][PASSED] - tap(findTestObject("Object Repository/Repo/android.widget.Button - menu"), 0): Tapped on element 'Object Repository/Repo/android.widget.Button - menu'

27-03-2025T20:19:28 - [MESSAGE][WARNING] - Timeout '0' is invalid. Using default page load timeout: '30'

27-03-2025T20:19:28 - [MESSAGE][PASSED] - Tapped on element 'Object Repository/Repo/android.widget.Button - menu'

27-03-2025T20:19:28 - [TEST_STEP][PASSED] - delay(20): Delayed 20 second(s)

27-03-2025T20:19:48 - [MESSAGE][PASSED] - Delayed 20 second(s)

27-03-2025T20:19:48 - [TEST_STEP][PASSED] - tap(findTestObject("Object Repository/Repo/android.widget.TabWidget (1)"), 0): Tapped on element 'Object Repository/Repo/android.widget.TabWidget (1)'

27-03-2025T20:19:48 - [MESSAGE][WARNING] - Timeout '0' is invalid. Using default page load timeout: '30'

27-03-2025T20:19:48 - [MESSAGE][PASSED] - Tapped on element 'Object Repository/Repo/android.widget.TabWidget (1)'

27-03-2025T20:19:48 - [TEST_STEP][PASSED] - delay(10): Delayed 10 second(s)

27-03-2025T20:19:58 - [MESSAGE][PASSED] - Delayed 10 second(s)

27-03-2025T20:19:58 - [TEST_STEP][PASSED] - actualVersionText = getText(findTestObject("Object Repository/Repo/android.widget.Button - Version 2.81.111"), 0): Text of element 'Object Repository/Repo/android.widget.Button - Version 2.81.111' is: 'Version 2.81.111'

27-03-2025T20:19:58 - [MESSAGE][WARNING] - Timeout '0' is invalid. Using default page load timeout: '30'

27-03-2025T20:19:58 - [MESSAGE][PASSED] - Text of element 'Object Repository/Repo/android.widget.Button - Version 2.81.111' is: 'Version 2.81.111'

27-03-2025T20:19:58 - [TEST_STEP][PASSED] - expectedVersionText = "Version 2.81.111": null

27-03-2025T20:19:58 - [TEST_STEP][PASSED] - assert actualVersionText == expectedVersionText: null

27-03-2025T20:19:58 - [TEST_STEP][PASSED] - println(Version verification successful: $actualVersionText): null

27-03-2025T20:19:58 - [TEST_STEP][PASSED] - tap(findTestObject("Object Repository/Repo/android.widget.Button - menu"), 0): Tapped on element 'Object Repository/Repo/android.widget.Button - menu'

27-03-2025T20:19:58 - [MESSAGE][WARNING] - Timeout '0' is invalid. Using default page load timeout: '30'

27-03-2025T20:19:58 - [MESSAGE][PASSED] - Tapped on element 'Object Repository/Repo/android.widget.Button - menu'

27-03-2025T20:19:58 - [TEST_STEP][PASSED] - delay(10): Delayed 10 second(s)

27-03-2025T20:20:08 - [MESSAGE][PASSED] - Delayed 10 second(s)

27-03-2025T20:20:08 - [TEST_STEP][PASSED] - homeElementExists = verifyElementExist(findTestObject("Object Repository/Repo/android.view.View - Home"), 0): Element 'Object Repository/Repo/android.view.View - Home' is exist

27-03-2025T20:20:08 - [MESSAGE][WARNING] - Timeout '0' is invalid. Using default page load timeout: '30'

27-03-2025T20:20:09 - [MESSAGE][PASSED] - Element 'Object Repository/Repo/android.view.View - Home' is exist

27-03-2025T20:20:09 - [TEST_STEP][PASSED] - assert homeElementExists : "Element 'Home' does not exist.": null

27-03-2025T20:20:09 - [TEST_STEP][PASSED] - homeText = getText(findTestObject("Object Repository/Repo/android.view.View - Home"), 0): Text of element 'Object Repository/Repo/android.view.View - Home' is: 'Home'

27-03-2025T20:20:09 - [MESSAGE][WARNING] - Timeout '0' is invalid. Using default page load timeout: '30'

27-03-2025T20:20:09 - [MESSAGE][PASSED] - Text of element 'Object Repository/Repo/android.view.View - Home' is: 'Home'

27-03-2025T20:20:09 - [TEST_STEP][PASSED] - assert homeText == "Home": null

27-03-2025T20:20:09 - [TEST_STEP][PASSED] - println("Home screen verification successful."): null

27-03-2025T20:20:09 - [TEST_STEP][PASSED] - tap(findTestObject("Object Repository/Repo/android.view.View - My Account"), 0): Tapped on element 'Object Repository/Repo/android.view.View - My Account'

27-03-2025T20:20:09 - [MESSAGE][WARNING] - Timeout '0' is invalid. Using default page load timeout: '30'

27-03-2025T20:20:09 - [MESSAGE][PASSED] - Tapped on element 'Object Repository/Repo/android.view.View - My Account'

27-03-2025T20:20:09 - [TEST_STEP][PASSED] - delay(10): Delayed 10 second(s)

27-03-2025T20:20:19 - [MESSAGE][PASSED] - Delayed 10 second(s)

27-03-2025T20:20:19 - [TEST_STEP][PASSED] - myAccountElementExists = verifyElementExist(findTestObject("Object Repository/Repo/android.view.View - My Account"), 0): Element 'Object Repository/Repo/android.view.View - My Account' is exist

27-03-2025T20:20:19 - [MESSAGE][WARNING] - Timeout '0' is invalid. Using default page load timeout: '30'

27-03-2025T20:20:19 - [MESSAGE][PASSED] - Element 'Object Repository/Repo/android.view.View - My Account' is exist

27-03-2025T20:20:19 - [TEST_STEP][PASSED] - assert myAccountElementExists : "Element 'My Account' does not exist.": null

27-03-2025T20:20:19 - [TEST_STEP][PASSED] - myAccountText = getText(findTestObject("Object Repository/Repo/android.view.View - My Account"), 0): Text of element 'Object Repository/Repo/android.view.View - My Account' is: 'My Account'

27-03-2025T20:20:19 - [MESSAGE][WARNING] - Timeout '0' is invalid. Using default page load timeout: '30'

27-03-2025T20:20:19 - [MESSAGE][PASSED] - Text of element 'Object Repository/Repo/android.view.View - My Account' is: 'My Account'

27-03-2025T20:20:19 - [TEST_STEP][PASSED] - assert myAccountText == "My Account": null

27-03-2025T20:20:19 - [TEST_STEP][PASSED] - println("My Account screen verification successful."): null

27-03-2025T20:20:19 - [TEST_STEP][PASSED] - println("All test verifications completed successfully!"): null

27-03-2025T20:20:19 - [TEST_STEP][PASSED] - closeApplication(): Close app successfully

27-03-2025T20:20:21 - [MESSAGE][PASSED] - Close app successfully]]></system-out>
         <system-err><![CDATA[]]></system-err>
      </testcase>
      <testcase name="Test Cases/Guest User Mode/C764-C793_GuestUserMode" time="158.445" classname="Test Cases/Guest User Mode/C764-C793_GuestUserMode" status="PASSED">
         <system-out><![CDATA[27-03-2025T20:23:27 - [TEST_CASE][PASSED] - Test Cases/Guest User Mode/C764-C793_GuestUserMode: Test Cases/Guest User Mode/C764-C793_GuestUserMode

27-03-2025T20:23:27 - [TEST_STEP][PASSED] - startApplication("/Users/gv.vignesh/Downloads/WGR-Android-Automation/App Folder/app-debug.apk", true): Started application: '/Users/gv.vignesh/Downloads/WGR-Android-Automation/App Folder/app-debug.apk'

27-03-2025T20:23:27 - [MESSAGE][INFO] - Starting application: '/Users/gv.vignesh/Downloads/WGR-Android-Automation/App Folder/app-debug.apk'

27-03-2025T20:23:27 - [MESSAGE][INFO] - User set preference: ['deviceId', '']

27-03-2025T20:23:31 - [MESSAGE][PASSED] - Started application: '/Users/gv.vignesh/Downloads/WGR-Android-Automation/App Folder/app-debug.apk'

27-03-2025T20:23:31 - [TEST_STEP][PASSED] - delay(10): Delayed 10 second(s)

27-03-2025T20:23:41 - [MESSAGE][PASSED] - Delayed 10 second(s)

27-03-2025T20:23:41 - [TEST_STEP][PASSED] - verifyElementExist(findTestObject("Object Repository/Repo/android.view.View - Home"), 0): Element 'Object Repository/Repo/android.view.View - Home' is exist

27-03-2025T20:23:42 - [MESSAGE][WARNING] - Timeout '0' is invalid. Using default page load timeout: '30'

27-03-2025T20:23:42 - [MESSAGE][PASSED] - Element 'Object Repository/Repo/android.view.View - Home' is exist

27-03-2025T20:23:42 - [TEST_STEP][PASSED] - delay(5): Delayed 5 second(s)

27-03-2025T20:23:47 - [MESSAGE][PASSED] - Delayed 5 second(s)

27-03-2025T20:23:47 - [TEST_STEP][PASSED] - tap(findTestObject("Object Repository/Repo/android.view.View - Home"), 0): Tapped on element 'Object Repository/Repo/android.view.View - Home'

27-03-2025T20:23:47 - [MESSAGE][WARNING] - Timeout '0' is invalid. Using default page load timeout: '30'

27-03-2025T20:23:47 - [MESSAGE][PASSED] - Tapped on element 'Object Repository/Repo/android.view.View - Home'

27-03-2025T20:23:47 - [TEST_STEP][PASSED] - delay(10): Delayed 10 second(s)

27-03-2025T20:23:57 - [MESSAGE][PASSED] - Delayed 10 second(s)

27-03-2025T20:23:57 - [TEST_STEP][PASSED] - verifyElementExist(findTestObject("Object Repository/Repo/android.view.View - Home (1)"), 0): Element 'Object Repository/Repo/android.view.View - Home (1)' is exist

27-03-2025T20:23:57 - [MESSAGE][WARNING] - Timeout '0' is invalid. Using default page load timeout: '30'

27-03-2025T20:23:57 - [MESSAGE][PASSED] - Element 'Object Repository/Repo/android.view.View - Home (1)' is exist

27-03-2025T20:23:57 - [TEST_STEP][PASSED] - delay(5): Delayed 5 second(s)

27-03-2025T20:24:02 - [MESSAGE][PASSED] - Delayed 5 second(s)

27-03-2025T20:24:02 - [TEST_STEP][PASSED] - verifyElementExist(findTestObject("Object Repository/Repo/android.widget.TextView-Slide"), 0): Element 'Object Repository/Repo/android.widget.TextView-Slide' is exist

27-03-2025T20:24:02 - [MESSAGE][WARNING] - Timeout '0' is invalid. Using default page load timeout: '30'

27-03-2025T20:24:02 - [MESSAGE][PASSED] - Element 'Object Repository/Repo/android.widget.TextView-Slide' is exist

27-03-2025T20:24:02 - [TEST_STEP][PASSED] - startX = 1000: null

27-03-2025T20:24:02 - [TEST_STEP][PASSED] - startY = 2000: null

27-03-2025T20:24:02 - [TEST_STEP][PASSED] - endX = 200: null

27-03-2025T20:24:02 - [TEST_STEP][PASSED] - endY = 1000: null

27-03-2025T20:24:02 - [TEST_STEP][PASSED] - swipe(startX, startY, endX, endY): Swiped from 1,000,2,000 to 200,1,000

27-03-2025T20:24:03 - [MESSAGE][PASSED] - Swiped from 1,000,2,000 to 200,1,000

27-03-2025T20:24:03 - [TEST_STEP][PASSED] - delay(5): Delayed 5 second(s)

27-03-2025T20:24:08 - [MESSAGE][PASSED] - Delayed 5 second(s)

27-03-2025T20:24:08 - [TEST_STEP][PASSED] - homeText = View - Home (1)"), 0).trim(): Text of element 'Object Repository/Repo/android.view.View - Home (1)' is: 'Home'

27-03-2025T20:24:08 - [MESSAGE][WARNING] - Timeout '0' is invalid. Using default page load timeout: '30'

27-03-2025T20:24:08 - [MESSAGE][PASSED] - Text of element 'Object Repository/Repo/android.view.View - Home (1)' is: 'Home'

27-03-2025T20:24:08 - [TEST_STEP][PASSED] - println("Home Text: " + homeText): null

27-03-2025T20:24:08 - [TEST_STEP][PASSED] - verifyEqual(homeText, "Home", STOP_ON_FAILURE): Actual object 'Home' and expected object 'Home' are equal

27-03-2025T20:24:08 - [MESSAGE][PASSED] - Actual object 'Home' and expected object 'Home' are equal

27-03-2025T20:24:08 - [TEST_STEP][PASSED] - delay(5): Delayed 5 second(s)

27-03-2025T20:24:13 - [MESSAGE][PASSED] - Delayed 5 second(s)

27-03-2025T20:24:13 - [TEST_STEP][PASSED] - verifyElementExist(findTestObject("Object Repository/Repo/android.view.View - My Account (1)"), 0): Element 'Object Repository/Repo/android.view.View - My Account (1)' is exist

27-03-2025T20:24:13 - [MESSAGE][WARNING] - Timeout '0' is invalid. Using default page load timeout: '30'

27-03-2025T20:24:13 - [MESSAGE][PASSED] - Element 'Object Repository/Repo/android.view.View - My Account (1)' is exist

27-03-2025T20:24:13 - [TEST_STEP][PASSED] - delay(5): Delayed 5 second(s)

27-03-2025T20:24:18 - [MESSAGE][PASSED] - Delayed 5 second(s)

27-03-2025T20:24:18 - [TEST_STEP][PASSED] - myAccountText = View - My Account (1)"), 0).trim(): Text of element 'Object Repository/Repo/android.view.View - My Account (1)' is: 'My Account'

27-03-2025T20:24:18 - [MESSAGE][WARNING] - Timeout '0' is invalid. Using default page load timeout: '30'

27-03-2025T20:24:18 - [MESSAGE][PASSED] - Text of element 'Object Repository/Repo/android.view.View - My Account (1)' is: 'My Account'

27-03-2025T20:24:18 - [TEST_STEP][PASSED] - println("My Account Text: " + myAccountText): null

27-03-2025T20:24:18 - [TEST_STEP][PASSED] - verifyEqual(myAccountText, "My Account", STOP_ON_FAILURE): Actual object 'My Account' and expected object 'My Account' are equal

27-03-2025T20:24:18 - [MESSAGE][PASSED] - Actual object 'My Account' and expected object 'My Account' are equal

27-03-2025T20:24:18 - [TEST_STEP][PASSED] - delay(15): Delayed 15 second(s)

27-03-2025T20:24:33 - [MESSAGE][PASSED] - Delayed 15 second(s)

27-03-2025T20:24:33 - [TEST_STEP][PASSED] - scrollToText("Recommended for you"): Scrolling to text 'Recommended for you' successfully

27-03-2025T20:24:37 - [MESSAGE][PASSED] - Scrolling to text 'Recommended for you' successfully

27-03-2025T20:24:37 - [TEST_STEP][PASSED] - delay(5): Delayed 5 second(s)

27-03-2025T20:24:42 - [MESSAGE][PASSED] - Delayed 5 second(s)

27-03-2025T20:24:42 - [TEST_STEP][PASSED] - delay(5): Delayed 5 second(s)

27-03-2025T20:24:47 - [MESSAGE][PASSED] - Delayed 5 second(s)

27-03-2025T20:24:47 - [TEST_STEP][PASSED] - verifyElementExist(findTestObject("Object Repository/Repo/android.widget.TextView - RECOMMENDED FOR YOU"), 0): Element 'Object Repository/Repo/android.widget.TextView - RECOMMENDED FOR YOU' is exist

27-03-2025T20:24:47 - [MESSAGE][WARNING] - Timeout '0' is invalid. Using default page load timeout: '30'

27-03-2025T20:24:47 - [MESSAGE][PASSED] - Element 'Object Repository/Repo/android.widget.TextView - RECOMMENDED FOR YOU' is exist

27-03-2025T20:24:47 - [TEST_STEP][PASSED] - delay(5): Delayed 5 second(s)

27-03-2025T20:24:52 - [MESSAGE][PASSED] - Delayed 5 second(s)

27-03-2025T20:24:52 - [TEST_STEP][PASSED] - recommendedText = TextView - RECOMMENDED FOR YOU"), 0).trim(): Text of element 'Object Repository/Repo/android.widget.TextView - RECOMMENDED FOR YOU' is: 'RECOMMENDED FOR YOU'

27-03-2025T20:24:52 - [MESSAGE][WARNING] - Timeout '0' is invalid. Using default page load timeout: '30'

27-03-2025T20:24:52 - [MESSAGE][PASSED] - Text of element 'Object Repository/Repo/android.widget.TextView - RECOMMENDED FOR YOU' is: 'RECOMMENDED FOR YOU'

27-03-2025T20:24:52 - [TEST_STEP][PASSED] - println("Recommended Text: " + recommendedText): null

27-03-2025T20:24:52 - [TEST_STEP][PASSED] - verifyEqual(recommendedText, "RECOMMENDED FOR YOU", STOP_ON_FAILURE): Actual object 'RECOMMENDED FOR YOU' and expected object 'RECOMMENDED FOR YOU' are equal

27-03-2025T20:24:52 - [MESSAGE][PASSED] - Actual object 'RECOMMENDED FOR YOU' and expected object 'RECOMMENDED FOR YOU' are equal

27-03-2025T20:24:52 - [TEST_STEP][PASSED] - delay(5): Delayed 5 second(s)

27-03-2025T20:24:57 - [MESSAGE][PASSED] - Delayed 5 second(s)

27-03-2025T20:24:57 - [TEST_STEP][PASSED] - verifyElementExist(findTestObject("Object Repository/Repo/android.widget.TextView - THINGS TO DO"), 0): Element 'Object Repository/Repo/android.widget.TextView - THINGS TO DO' is exist

27-03-2025T20:24:57 - [MESSAGE][WARNING] - Timeout '0' is invalid. Using default page load timeout: '30'

27-03-2025T20:24:57 - [MESSAGE][PASSED] - Element 'Object Repository/Repo/android.widget.TextView - THINGS TO DO' is exist

27-03-2025T20:24:57 - [TEST_STEP][PASSED] - delay(5): Delayed 5 second(s)

27-03-2025T20:25:02 - [MESSAGE][PASSED] - Delayed 5 second(s)

27-03-2025T20:25:02 - [TEST_STEP][PASSED] - thingsToDoText = TextView - THINGS TO DO"), 0).trim(): Text of element 'Object Repository/Repo/android.widget.TextView - THINGS TO DO' is: 'THINGS TO DO'

27-03-2025T20:25:02 - [MESSAGE][WARNING] - Timeout '0' is invalid. Using default page load timeout: '30'

27-03-2025T20:25:02 - [MESSAGE][PASSED] - Text of element 'Object Repository/Repo/android.widget.TextView - THINGS TO DO' is: 'THINGS TO DO'

27-03-2025T20:25:02 - [TEST_STEP][PASSED] - println("Things to Do Text: " + thingsToDoText): null

27-03-2025T20:25:02 - [TEST_STEP][PASSED] - verifyEqual(thingsToDoText, "THINGS TO DO", STOP_ON_FAILURE): Actual object 'THINGS TO DO' and expected object 'THINGS TO DO' are equal

27-03-2025T20:25:02 - [MESSAGE][PASSED] - Actual object 'THINGS TO DO' and expected object 'THINGS TO DO' are equal

27-03-2025T20:25:02 - [TEST_STEP][PASSED] - delay(5): Delayed 5 second(s)

27-03-2025T20:25:07 - [MESSAGE][PASSED] - Delayed 5 second(s)

27-03-2025T20:25:07 - [TEST_STEP][PASSED] - verifyElementExist(findTestObject("Object Repository/Repo/android.view.View-gain access"), 0): Element 'Object Repository/Repo/android.view.View-gain access' is exist

27-03-2025T20:25:07 - [MESSAGE][WARNING] - Timeout '0' is invalid. Using default page load timeout: '30'

27-03-2025T20:25:07 - [MESSAGE][PASSED] - Element 'Object Repository/Repo/android.view.View-gain access' is exist

27-03-2025T20:25:07 - [TEST_STEP][PASSED] - delay(5): Delayed 5 second(s)

27-03-2025T20:25:12 - [MESSAGE][PASSED] - Delayed 5 second(s)

27-03-2025T20:25:12 - [TEST_STEP][PASSED] - gainAccessText = TextView - Gain access to a"), 0).trim(): Text of element 'Object Repository/Repo/android.widget.TextView - Gain access to a' is: 'Gain access to a'

27-03-2025T20:25:12 - [MESSAGE][WARNING] - Timeout '0' is invalid. Using default page load timeout: '30'

27-03-2025T20:25:12 - [MESSAGE][PASSED] - Text of element 'Object Repository/Repo/android.widget.TextView - Gain access to a' is: 'Gain access to a'

27-03-2025T20:25:12 - [TEST_STEP][PASSED] - println("Gain Access Text: " + gainAccessText): null

27-03-2025T20:25:12 - [TEST_STEP][PASSED] - verifyEqual(gainAccessText, "Gain access to a", STOP_ON_FAILURE): Actual object 'Gain access to a' and expected object 'Gain access to a' are equal

27-03-2025T20:25:12 - [MESSAGE][PASSED] - Actual object 'Gain access to a' and expected object 'Gain access to a' are equal

27-03-2025T20:25:12 - [TEST_STEP][PASSED] - delay(5): Delayed 5 second(s)

27-03-2025T20:25:17 - [MESSAGE][PASSED] - Delayed 5 second(s)

27-03-2025T20:25:17 - [TEST_STEP][PASSED] - customizedExperienceText = TextView - customized experience"), 0).trim(): Text of element 'Object Repository/Repo/android.widget.TextView - customized experience' is: 'customized experience'

27-03-2025T20:25:18 - [MESSAGE][WARNING] - Timeout '0' is invalid. Using default page load timeout: '30'

27-03-2025T20:25:18 - [MESSAGE][PASSED] - Text of element 'Object Repository/Repo/android.widget.TextView - customized experience' is: 'customized experience'

27-03-2025T20:25:18 - [TEST_STEP][PASSED] - println("Customized Experience Text: " + customizedExperienceText): null

27-03-2025T20:25:18 - [TEST_STEP][PASSED] - verifyEqual(customizedExperienceText, "customized experience", STOP_ON_FAILURE): Actual object 'customized experience' and expected object 'customized experience' are equal

27-03-2025T20:25:18 - [MESSAGE][PASSED] - Actual object 'customized experience' and expected object 'customized experience' are equal

27-03-2025T20:25:18 - [TEST_STEP][PASSED] - delay(5): Delayed 5 second(s)

27-03-2025T20:25:23 - [MESSAGE][PASSED] - Delayed 5 second(s)

27-03-2025T20:25:23 - [TEST_STEP][PASSED] - verifyElementExist(findTestObject("Object Repository/Repo/android.widget.TextView - Login"), 0): Element 'Object Repository/Repo/android.widget.TextView - Login' is exist

27-03-2025T20:25:23 - [MESSAGE][WARNING] - Timeout '0' is invalid. Using default page load timeout: '30'

27-03-2025T20:25:23 - [MESSAGE][PASSED] - Element 'Object Repository/Repo/android.widget.TextView - Login' is exist

27-03-2025T20:25:23 - [TEST_STEP][PASSED] - delay(5): Delayed 5 second(s)

27-03-2025T20:25:28 - [MESSAGE][PASSED] - Delayed 5 second(s)

27-03-2025T20:25:28 - [TEST_STEP][PASSED] - loginText = TextView - Login"), 0).trim(): Text of element 'Object Repository/Repo/android.widget.TextView - Login' is: 'Login'

27-03-2025T20:25:28 - [MESSAGE][WARNING] - Timeout '0' is invalid. Using default page load timeout: '30'

27-03-2025T20:25:28 - [MESSAGE][PASSED] - Text of element 'Object Repository/Repo/android.widget.TextView - Login' is: 'Login'

27-03-2025T20:25:28 - [TEST_STEP][PASSED] - println("Login Text: " + loginText): null

27-03-2025T20:25:28 - [TEST_STEP][PASSED] - verifyEqual(loginText, "Login", STOP_ON_FAILURE): Actual object 'Login' and expected object 'Login' are equal

27-03-2025T20:25:28 - [MESSAGE][PASSED] - Actual object 'Login' and expected object 'Login' are equal

27-03-2025T20:25:28 - [TEST_STEP][PASSED] - tap(findTestObject("Object Repository/Repo/android.widget.TextView - Login"), 0): Tapped on element 'Object Repository/Repo/android.widget.TextView - Login'

27-03-2025T20:25:28 - [MESSAGE][WARNING] - Timeout '0' is invalid. Using default page load timeout: '30'

27-03-2025T20:25:28 - [MESSAGE][PASSED] - Tapped on element 'Object Repository/Repo/android.widget.TextView - Login'

27-03-2025T20:25:28 - [TEST_STEP][PASSED] - delay(30): Delayed 30 second(s)

27-03-2025T20:25:58 - [MESSAGE][PASSED] - Delayed 30 second(s)

27-03-2025T20:25:58 - [TEST_STEP][PASSED] - verifyElementExist(findTestObject("Object Repository/Repo/android.widget.TextView - WESTGATE Online Account Management"), 0): Element 'Object Repository/Repo/android.widget.TextView - WESTGATE Online Account Management' is exist

27-03-2025T20:25:58 - [MESSAGE][WARNING] - Timeout '0' is invalid. Using default page load timeout: '30'

27-03-2025T20:25:58 - [MESSAGE][PASSED] - Element 'Object Repository/Repo/android.widget.TextView - WESTGATE Online Account Management' is exist

27-03-2025T20:25:58 - [TEST_STEP][PASSED] - delay(5): Delayed 5 second(s)

27-03-2025T20:26:03 - [MESSAGE][PASSED] - Delayed 5 second(s)

27-03-2025T20:26:03 - [TEST_STEP][PASSED] - westgateText = TextView - WESTGATE Online Account Management"), 0).trim(): Text of element 'Object Repository/Repo/android.widget.TextView - WESTGATE Online Account Management' is: 'WESTGATE Online Account Management'

27-03-2025T20:26:03 - [MESSAGE][WARNING] - Timeout '0' is invalid. Using default page load timeout: '30'

27-03-2025T20:26:03 - [MESSAGE][PASSED] - Text of element 'Object Repository/Repo/android.widget.TextView - WESTGATE Online Account Management' is: 'WESTGATE Online Account Management'

27-03-2025T20:26:03 - [TEST_STEP][PASSED] - println("WESTGATE Text: " + westgateText): null

27-03-2025T20:26:03 - [TEST_STEP][PASSED] - verifyEqual(westgateText, "WESTGATE Online Account Management", STOP_ON_FAILURE): Actual object 'WESTGATE Online Account Management' and expected object 'WESTGATE Online Account Management' are equal

27-03-2025T20:26:03 - [MESSAGE][PASSED] - Actual object 'WESTGATE Online Account Management' and expected object 'WESTGATE Online Account Management' are equal

27-03-2025T20:26:03 - [TEST_STEP][PASSED] - closeApplication(): Close app successfully

27-03-2025T20:26:05 - [MESSAGE][PASSED] - Close app successfully]]></system-out>
         <system-err><![CDATA[]]></system-err>
      </testcase>
      <system-out><![CDATA[27-03-2025T20:18:55 - [TEST_SUITE][FAILED] - WRMA-Android Regression: Test Cases/Guest User Mode/C764-C793_GuestUserMode FAILED.
Reason:
com.kms.katalon.core.exception.StepFailedException: Failed to check for element 'Object Repository/Repo/android.widget.TextView - WESTGATE Online Account Management' exist
	at com.kms.katalon.core.mobile.keyword.internal.MobileKeywordMain.stepFailed(MobileKeywordMain.groovy:64)
	at com.kms.katalon.core.mobile.keyword.internal.MobileKeywordMain.runKeyword(MobileKeywordMain.groovy:34)
	at com.kms.katalon.core.mobile.keyword.builtin.VerifyElementExistKeyword.verifyElementExist(VerifyElementExistKeyword.groovy:51)
	at com.kms.katalon.core.mobile.keyword.builtin.VerifyElementExistKeyword.execute(VerifyElementExistKeyword.groovy:35)
	at com.kms.katalon.core.keyword.internal.KeywordExecutor.executeKeywordForPlatform(KeywordExecutor.groovy:74)
	at com.kms.katalon.core.mobile.keyword.MobileBuiltInKeywords.verifyElementExist(MobileBuiltInKeywords.groovy:1726)
	at C764-C793_GuestUserMode.run(C764-C793_GuestUserMode:158)
	at com.kms.katalon.core.main.ScriptEngine.run(ScriptEngine.java:194)
	at com.kms.katalon.core.main.ScriptEngine.runScriptAsRawText(ScriptEngine.java:119)
	at com.kms.katalon.core.main.TestCaseExecutor.runScript(TestCaseExecutor.java:448)
	at com.kms.katalon.core.main.TestCaseExecutor.doExecute(TestCaseExecutor.java:439)
	at com.kms.katalon.core.main.TestCaseExecutor.processExecutionPhase(TestCaseExecutor.java:418)
	at com.kms.katalon.core.main.TestCaseExecutor.accessMainPhase(TestCaseExecutor.java:410)
	at com.kms.katalon.core.main.TestCaseExecutor.execute(TestCaseExecutor.java:285)
	at com.kms.katalon.core.common.CommonExecutor.accessTestCaseMainPhase(CommonExecutor.java:71)
	at com.kms.katalon.core.main.TestSuiteExecutor.accessTestSuiteMainPhase(TestSuiteExecutor.java:160)
	at com.kms.katalon.core.main.TestSuiteExecutor.execute(TestSuiteExecutor.java:107)
	at com.kms.katalon.core.main.TestCaseMain.startTestSuite(TestCaseMain.java:180)
	at TempTestSuite1743086930550.run(TempTestSuite1743086930550.groovy:35)
	at java.base/jdk.internal.reflect.NativeMethodAccessorImpl.invoke0(Native Method)
	at java.base/jdk.internal.reflect.NativeMethodAccessorImpl.invoke(NativeMethodAccessorImpl.java:77)
	at java.base/jdk.internal.reflect.DelegatingMethodAccessorImpl.invoke(DelegatingMethodAccessorImpl.java:43)
Caused by: com.kms.katalon.core.exception.StepFailedException: Element 'Object Repository/Repo/android.widget.TextView - WESTGATE Online Account Management' not found
	at com.kms.katalon.core.mobile.keyword.internal.MobileKeywordMain.stepFailed(MobileKeywordMain.groovy:64)
	at com.kms.katalon.core.mobile.keyword.builtin.VerifyElementExistKeyword$_verifyElementExist_closure1.doCall(VerifyElementExistKeyword.groovy:48)
	at com.kms.katalon.core.mobile.keyword.builtin.VerifyElementExistKeyword$_verifyElementExist_closure1.call(VerifyElementExistKeyword.groovy)
	at com.kms.katalon.core.mobile.keyword.internal.MobileKeywordMain.runKeyword(MobileKeywordMain.groovy:30)
	... 20 more]]></system-out>
      <system-err><![CDATA[27-03-2025T20:18:55 - [TEST_SUITE][FAILED] - WRMA-Android Regression: Test Cases/Guest User Mode/C764-C793_GuestUserMode FAILED.
Reason:
com.kms.katalon.core.exception.StepFailedException: Failed to check for element 'Object Repository/Repo/android.widget.TextView - WESTGATE Online Account Management' exist
	at com.kms.katalon.core.mobile.keyword.internal.MobileKeywordMain.stepFailed(MobileKeywordMain.groovy:64)
	at com.kms.katalon.core.mobile.keyword.internal.MobileKeywordMain.runKeyword(MobileKeywordMain.groovy:34)
	at com.kms.katalon.core.mobile.keyword.builtin.VerifyElementExistKeyword.verifyElementExist(VerifyElementExistKeyword.groovy:51)
	at com.kms.katalon.core.mobile.keyword.builtin.VerifyElementExistKeyword.execute(VerifyElementExistKeyword.groovy:35)
	at com.kms.katalon.core.keyword.internal.KeywordExecutor.executeKeywordForPlatform(KeywordExecutor.groovy:74)
	at com.kms.katalon.core.mobile.keyword.MobileBuiltInKeywords.verifyElementExist(MobileBuiltInKeywords.groovy:1726)
	at C764-C793_GuestUserMode.run(C764-C793_GuestUserMode:158)
	at com.kms.katalon.core.main.ScriptEngine.run(ScriptEngine.java:194)
	at com.kms.katalon.core.main.ScriptEngine.runScriptAsRawText(ScriptEngine.java:119)
	at com.kms.katalon.core.main.TestCaseExecutor.runScript(TestCaseExecutor.java:448)
	at com.kms.katalon.core.main.TestCaseExecutor.doExecute(TestCaseExecutor.java:439)
	at com.kms.katalon.core.main.TestCaseExecutor.processExecutionPhase(TestCaseExecutor.java:418)
	at com.kms.katalon.core.main.TestCaseExecutor.accessMainPhase(TestCaseExecutor.java:410)
	at com.kms.katalon.core.main.TestCaseExecutor.execute(TestCaseExecutor.java:285)
	at com.kms.katalon.core.common.CommonExecutor.accessTestCaseMainPhase(CommonExecutor.java:71)
	at com.kms.katalon.core.main.TestSuiteExecutor.accessTestSuiteMainPhase(TestSuiteExecutor.java:160)
	at com.kms.katalon.core.main.TestSuiteExecutor.execute(TestSuiteExecutor.java:107)
	at com.kms.katalon.core.main.TestCaseMain.startTestSuite(TestCaseMain.java:180)
	at TempTestSuite1743086930550.run(TempTestSuite1743086930550.groovy:35)
	at java.base/jdk.internal.reflect.NativeMethodAccessorImpl.invoke0(Native Method)
	at java.base/jdk.internal.reflect.NativeMethodAccessorImpl.invoke(NativeMethodAccessorImpl.java:77)
	at java.base/jdk.internal.reflect.DelegatingMethodAccessorImpl.invoke(DelegatingMethodAccessorImpl.java:43)
Caused by: com.kms.katalon.core.exception.StepFailedException: Element 'Object Repository/Repo/android.widget.TextView - WESTGATE Online Account Management' not found
	at com.kms.katalon.core.mobile.keyword.internal.MobileKeywordMain.stepFailed(MobileKeywordMain.groovy:64)
	at com.kms.katalon.core.mobile.keyword.builtin.VerifyElementExistKeyword$_verifyElementExist_closure1.doCall(VerifyElementExistKeyword.groovy:48)
	at com.kms.katalon.core.mobile.keyword.builtin.VerifyElementExistKeyword$_verifyElementExist_closure1.call(VerifyElementExistKeyword.groovy)
	at com.kms.katalon.core.mobile.keyword.internal.MobileKeywordMain.runKeyword(MobileKeywordMain.groovy:30)
	... 20 more]]></system-err>
   </testsuite>
</testsuites>
