<?xml version="1.0" encoding="UTF-8"?>
<testsuites name="WRMA Android Regression" time="3438.064" tests="8" failures="0" errors="0">
   <testsuite name="WRMA Android Regression" tests="8" failures="0" errors="0" time="3438.064" skipped="0" timestamp="31-03-2025T20:25:17" hostname="**********" id="Test Suites/WRMA Android Regression">
      <properties>
         <property name="deviceName" value="samsung SM-A146B (Android 14)"/>
         <property name="devicePlatform" value="Android"/>
         <property name="logFolder" value="/Users/gv.vignesh/Downloads/WGR-Android-Automation/Reports/20250331_202512/WRMA Android Regression/20250331_202512"/>
         <property name="logFiles" value="/Users/gv.vignesh/Downloads/WGR-Android-Automation/Reports/20250331_202512/WRMA Android Regression/20250331_202512/execution0.log, /Users/gv.vignesh/Downloads/WGR-Android-Automation/Reports/20250331_202512/WRMA Android Regression/20250331_202512/appium_error.log, /Users/gv.vignesh/Downloads/WGR-Android-Automation/Reports/20250331_202512/WRMA Android Regression/20250331_202512/appium.log"/>
         <property name="attachments" value="/Users/gv.vignesh/Downloads/WGR-Android-Automation/Reports/20250331_202512/WRMA Android Regression/20250331_202512/1743434379406.png, /Users/gv.vignesh/Downloads/WGR-Android-Automation/Reports/20250331_202512/WRMA Android Regression/20250331_202512/1743434394065.png, /Users/gv.vignesh/Downloads/WGR-Android-Automation/Reports/20250331_202512/WRMA Android Regression/20250331_202512/1743435447549.png, /Users/gv.vignesh/Downloads/WGR-Android-Automation/Reports/20250331_202512/WRMA Android Regression/20250331_202512/1743435448865.png, /Users/gv.vignesh/Downloads/WGR-Android-Automation/Reports/20250331_202512/WRMA Android Regression/20250331_202512/1743435687505.png, /Users/gv.vignesh/Downloads/WGR-Android-Automation/Reports/20250331_202512/WRMA Android Regression/20250331_202512/1743435689774.png"/>
         <property name="hostName" value="**********"/>
         <property name="os" value="Mac OS X 64bit"/>
         <property name="appiumServerStatus" value="{&quot;value&quot;:{&quot;ready&quot;:true,&quot;message&quot;:&quot;The server is ready to accept new connections&quot;,&quot;build&quot;:{&quot;version&quot;:&quot;2.16.0&quot;,&quot;git-sha&quot;:&quot;f1041842141f20bc701b522d4371d7843d905580&quot;,&quot;built&quot;:&quot;2025-03-24 02:42:00 +0000&quot;}}}"/>
         <property name="katalonVersion" value="10.1.1.0"/>
         <property name="deviceOS" value="Android"/>
         <property name="appiumVersion" value="2.16.0"/>
         <property name="deviceModel" value="SM-A146B"/>
         <property name="hostAddress" value="**********"/>
         <property name="deviceManufacturer" value="samsung"/>
         <property name="deviceId" value="adb-RZCW811B2MK-cCoIXY._adb-tls-connect._tcp"/>
         <property name="deviceName" value="samsung SM-A146B (Android 14)"/>
         <property name="deviceOSVersion" value="14"/>
      </properties>
      <testcase name="Test Cases/App Installation And Launching/C658-C667-C668_AppInstallationAndLaunching" time="202.752" classname="Test Cases/App Installation And Launching/C658-C667-C668_AppInstallationAndLaunching" status="PASSED">
         <system-out><![CDATA[31-03-2025T20:25:17 - [TEST_CASE][PASSED] - Test Cases/App Installation And Launching/C658-C667-C668_AppInstallationAndLaunching: Test Cases/App Installation And Launching/C658-C667-C668_AppInstallationAndLaunching

31-03-2025T20:25:17 - [TEST_STEP][PASSED] - startApplication(appUrl, true): Started application: '/Users/gv.vignesh/Downloads/WGR-Android-Automation/App Folder/universal.apk'

31-03-2025T20:25:17 - [MESSAGE][INFO] - Starting application: '/Users/gv.vignesh/Downloads/WGR-Android-Automation/App Folder/universal.apk'

31-03-2025T20:25:17 - [MESSAGE][INFO] - User set preference: ['deviceId', '']

31-03-2025T20:25:17 - [MESSAGE][INFO] - Detected NodeJS location: "/opt/homebrew/Cellar/node/23.10.0_1/bin/node"

31-03-2025T20:25:17 - [MESSAGE][INFO] - PATH: /opt/homebrew/Cellar/node/23.10.0_1/bin:/opt/homebrew/bin:/usr/bin:/bin:/usr/sbin:/sbin:/Applications/Katalon Studio Enterprise.app/Contents/Eclipse/jre/Contents/Home/bin:/usr/local/bin/

31-03-2025T20:25:17 - [MESSAGE][INFO] - APPIUM_HOME: /Users/gv.vignesh/.appium

31-03-2025T20:25:17 - [MESSAGE][INFO] - appium outlog: /Users/gv.vignesh/Downloads/WGR-Android-Automation/Reports/20250331_202512/WRMA Android Regression/20250331_202512/appium.log

31-03-2025T20:25:17 - [MESSAGE][INFO] - appium errlog: /Users/gv.vignesh/Downloads/WGR-Android-Automation/Reports/20250331_202512/WRMA Android Regression/20250331_202512/appium_error.log

31-03-2025T20:25:18 - [MESSAGE][INFO] - Appium server started on port 50,001

31-03-2025T20:25:48 - [MESSAGE][PASSED] - Started application: '/Users/gv.vignesh/Downloads/WGR-Android-Automation/App Folder/universal.apk'

31-03-2025T20:25:48 - [TEST_STEP][PASSED] - delay(3): Delayed 3 second(s)

31-03-2025T20:25:51 - [MESSAGE][PASSED] - Delayed 3 second(s)

31-03-2025T20:25:51 - [TEST_STEP][PASSED] - verifyElementExist(findTestObject("Object Repository/Repo/android.widget.TextView - Youre Moments Away FromCustomized Vacation Experiences"), 0): Element 'Object Repository/Repo/android.widget.TextView - Youre Moments Away FromCustomized Vacation Experiences' is exist

31-03-2025T20:25:51 - [MESSAGE][WARNING] - Timeout '0' is invalid. Using default page load timeout: '30'

31-03-2025T20:25:55 - [MESSAGE][PASSED] - Element 'Object Repository/Repo/android.widget.TextView - Youre Moments Away FromCustomized Vacation Experiences' is exist

31-03-2025T20:25:55 - [TEST_STEP][PASSED] - delay(3): Delayed 3 second(s)

31-03-2025T20:25:58 - [MESSAGE][PASSED] - Delayed 3 second(s)

31-03-2025T20:25:58 - [TEST_STEP][PASSED] - text = getText(findTestObject("Object Repository/Repo/android.widget.TextView - Youre Moments Away FromCustomized Vacation Experiences"), 0): Text of element 'Object Repository/Repo/android.widget.TextView - Youre Moments Away FromCustomized Vacation Experiences' is: 'You’re Moments Away From
Customized Vacation Experiences.'

31-03-2025T20:25:58 - [MESSAGE][WARNING] - Timeout '0' is invalid. Using default page load timeout: '30'

31-03-2025T20:25:58 - [MESSAGE][PASSED] - Text of element 'Object Repository/Repo/android.widget.TextView - Youre Moments Away FromCustomized Vacation Experiences' is: 'You’re Moments Away From
Customized Vacation Experiences.'

31-03-2025T20:25:58 - [TEST_STEP][PASSED] - println("Text: " + text): null

31-03-2025T20:25:58 - [TEST_STEP][PASSED] - delay(3): Delayed 3 second(s)

31-03-2025T20:26:01 - [MESSAGE][PASSED] - Delayed 3 second(s)

31-03-2025T20:26:01 - [TEST_STEP][PASSED] - verifyElementExist(findTestObject("Object Repository/Repo/android.widget.Button - Login or Sign Up"), 0): Element 'Object Repository/Repo/android.widget.Button - Login or Sign Up' is exist

31-03-2025T20:26:01 - [MESSAGE][WARNING] - Timeout '0' is invalid. Using default page load timeout: '30'

31-03-2025T20:26:01 - [MESSAGE][PASSED] - Element 'Object Repository/Repo/android.widget.Button - Login or Sign Up' is exist

31-03-2025T20:26:01 - [TEST_STEP][PASSED] - delay(3): Delayed 3 second(s)

31-03-2025T20:26:04 - [MESSAGE][PASSED] - Delayed 3 second(s)

31-03-2025T20:26:04 - [TEST_STEP][PASSED] - verifyElementExist(findTestObject("Object Repository/Repo/android.view.View - Home"), 0): Element 'Object Repository/Repo/android.view.View - Home' is exist

31-03-2025T20:26:04 - [MESSAGE][WARNING] - Timeout '0' is invalid. Using default page load timeout: '30'

31-03-2025T20:26:04 - [MESSAGE][PASSED] - Element 'Object Repository/Repo/android.view.View - Home' is exist

31-03-2025T20:26:04 - [TEST_STEP][PASSED] - delay(3): Delayed 3 second(s)

31-03-2025T20:26:07 - [MESSAGE][PASSED] - Delayed 3 second(s)

31-03-2025T20:26:07 - [TEST_STEP][PASSED] - verifyElementExist(findTestObject("Object Repository/Repo/android.view.View - My Account"), 0): Element 'Object Repository/Repo/android.view.View - My Account' is exist

31-03-2025T20:26:07 - [MESSAGE][WARNING] - Timeout '0' is invalid. Using default page load timeout: '30'

31-03-2025T20:26:08 - [MESSAGE][PASSED] - Element 'Object Repository/Repo/android.view.View - My Account' is exist

31-03-2025T20:26:08 - [TEST_STEP][PASSED] - delay(3): Delayed 3 second(s)

31-03-2025T20:26:11 - [MESSAGE][PASSED] - Delayed 3 second(s)

31-03-2025T20:26:11 - [TEST_STEP][PASSED] - tap(findTestObject("Object Repository/Repo/android.widget.TextView - Vacation More. Get More"), 0): Tapped on element 'Object Repository/Repo/android.widget.TextView - Vacation More. Get More'

31-03-2025T20:26:11 - [MESSAGE][WARNING] - Timeout '0' is invalid. Using default page load timeout: '30'

31-03-2025T20:26:11 - [MESSAGE][PASSED] - Tapped on element 'Object Repository/Repo/android.widget.TextView - Vacation More. Get More'

31-03-2025T20:26:11 - [TEST_STEP][PASSED] - delay(3): Delayed 3 second(s)

31-03-2025T20:26:14 - [MESSAGE][PASSED] - Delayed 3 second(s)

31-03-2025T20:26:14 - [TEST_STEP][PASSED] - verifyElementVisible(findTestObject("Object Repository/Repo/android.widget.TextView - Vacation More. Get More"), 0): Element 'Object Repository/Repo/android.widget.TextView - Vacation More. Get More' is visible

31-03-2025T20:26:14 - [MESSAGE][WARNING] - Timeout '0' is invalid. Using default page load timeout: '30'

31-03-2025T20:26:14 - [MESSAGE][PASSED] - Element 'Object Repository/Repo/android.widget.TextView - Vacation More. Get More' is visible

31-03-2025T20:26:14 - [TEST_STEP][PASSED] - delay(3): Delayed 3 second(s)

31-03-2025T20:26:17 - [MESSAGE][PASSED] - Delayed 3 second(s)

31-03-2025T20:26:17 - [TEST_STEP][PASSED] - verifyElementVisible(findTestObject("Object Repository/Repo/android.widget.TextView - Explore Westgate Loyalty"), 0): Element 'Object Repository/Repo/android.widget.TextView - Explore Westgate Loyalty' is visible

31-03-2025T20:26:17 - [MESSAGE][WARNING] - Timeout '0' is invalid. Using default page load timeout: '30'

31-03-2025T20:26:18 - [MESSAGE][PASSED] - Element 'Object Repository/Repo/android.widget.TextView - Explore Westgate Loyalty' is visible

31-03-2025T20:26:18 - [TEST_STEP][PASSED] - delay(3): Delayed 3 second(s)

31-03-2025T20:26:21 - [MESSAGE][PASSED] - Delayed 3 second(s)

31-03-2025T20:26:21 - [TEST_STEP][PASSED] - tap(findTestObject("Object Repository/Repo/android.widget.TextView - Continue as a Guest"), 0): Tapped on element 'Object Repository/Repo/android.widget.TextView - Continue as a Guest'

31-03-2025T20:26:21 - [MESSAGE][WARNING] - Timeout '0' is invalid. Using default page load timeout: '30'

31-03-2025T20:26:21 - [MESSAGE][PASSED] - Tapped on element 'Object Repository/Repo/android.widget.TextView - Continue as a Guest'

31-03-2025T20:26:21 - [TEST_STEP][PASSED] - isElementVisible = waitForElementPresent(findTestObject("Object Repository/Repo/android.widget.TextView - Continue as a Guest"), 10): Element 'Object Repository/Repo/android.widget.TextView - Continue as a Guest' is present

31-03-2025T20:26:22 - [MESSAGE][PASSED] - Element 'Object Repository/Repo/android.widget.TextView - Continue as a Guest' is present

31-03-2025T20:26:22 - [TEST_STEP][PASSED] - if (!(isElementVisible)): null

31-03-2025T20:26:22 - [TEST_STEP][PASSED] - else: Failed: Expected element not found after tapping 'Continue as a Guest.

31-03-2025T20:26:22 - [TEST_STEP][PASSED] - logInfo("Failed: Expected element not found after tapping 'Continue as a Guest."): Failed: Expected element not found after tapping 'Continue as a Guest.

31-03-2025T20:26:22 - [MESSAGE][INFO] - Failed: Expected element not found after tapping 'Continue as a Guest.

31-03-2025T20:26:22 - [TEST_STEP][PASSED] - delay(10): Delayed 10 second(s)

31-03-2025T20:26:32 - [MESSAGE][PASSED] - Delayed 10 second(s)

31-03-2025T20:26:32 - [TEST_STEP][PASSED] - tap(findTestObject("Object Repository/Repo/android.widget.Button - menu"), 0): Tapped on element 'Object Repository/Repo/android.widget.Button - menu'

31-03-2025T20:26:32 - [MESSAGE][WARNING] - Timeout '0' is invalid. Using default page load timeout: '30'

31-03-2025T20:26:32 - [MESSAGE][PASSED] - Tapped on element 'Object Repository/Repo/android.widget.Button - menu'

31-03-2025T20:26:32 - [TEST_STEP][PASSED] - delay(30): Delayed 30 second(s)

31-03-2025T20:27:02 - [MESSAGE][PASSED] - Delayed 30 second(s)

31-03-2025T20:27:02 - [TEST_STEP][PASSED] - tap(findTestObject("Object Repository/Repo/android.widget.TextView - Terms and Conditions-Menu"), 0): Tapped on element 'Object Repository/Repo/android.widget.TextView - Terms and Conditions-Menu'

31-03-2025T20:27:02 - [MESSAGE][WARNING] - Timeout '0' is invalid. Using default page load timeout: '30'

31-03-2025T20:27:03 - [MESSAGE][PASSED] - Tapped on element 'Object Repository/Repo/android.widget.TextView - Terms and Conditions-Menu'

31-03-2025T20:27:03 - [TEST_STEP][PASSED] - delay(10): Delayed 10 second(s)

31-03-2025T20:27:13 - [MESSAGE][PASSED] - Delayed 10 second(s)

31-03-2025T20:27:13 - [TEST_STEP][PASSED] - if (waitForElementPresent(findTestObject("Object Repository/Repo/android.view.View-Terms and conditions web"), 30, CONTINUE_ON_FAILURE)): null

31-03-2025T20:27:14 - [MESSAGE][PASSED] - Element 'Object Repository/Repo/android.view.View-Terms and conditions web' is present

31-03-2025T20:27:14 - [TEST_STEP][PASSED] - println("Element 'android.view.View - Terms & Conditions-Webview' exists."): null

31-03-2025T20:27:14 - [TEST_STEP][PASSED] - delay(10): Delayed 10 second(s)

31-03-2025T20:27:24 - [MESSAGE][PASSED] - Delayed 10 second(s)

31-03-2025T20:27:24 - [TEST_STEP][PASSED] - tap(findTestObject("Object Repository/Repo/android.widget.ImageButton-Cancel web"), 0): Tapped on element 'Object Repository/Repo/android.widget.ImageButton-Cancel web'

31-03-2025T20:27:24 - [MESSAGE][WARNING] - Timeout '0' is invalid. Using default page load timeout: '30'

31-03-2025T20:27:25 - [MESSAGE][PASSED] - Tapped on element 'Object Repository/Repo/android.widget.ImageButton-Cancel web'

31-03-2025T20:27:25 - [TEST_STEP][PASSED] - delay(15): Delayed 15 second(s)

31-03-2025T20:27:40 - [MESSAGE][PASSED] - Delayed 15 second(s)

31-03-2025T20:27:40 - [TEST_STEP][PASSED] - tap(findTestObject("Object Repository/Repo/android.widget.Button - menu"), 0): Tapped on element 'Object Repository/Repo/android.widget.Button - menu'

31-03-2025T20:27:40 - [MESSAGE][WARNING] - Timeout '0' is invalid. Using default page load timeout: '30'

31-03-2025T20:27:40 - [MESSAGE][PASSED] - Tapped on element 'Object Repository/Repo/android.widget.Button - menu'

31-03-2025T20:27:40 - [TEST_STEP][PASSED] - delay(15): Delayed 15 second(s)

31-03-2025T20:27:55 - [MESSAGE][PASSED] - Delayed 15 second(s)

31-03-2025T20:27:55 - [TEST_STEP][PASSED] - tap(findTestObject("Object Repository/Repo/android.widget.TextView - Privacy Policy-Menu"), 0): Tapped on element 'Object Repository/Repo/android.widget.TextView - Privacy Policy-Menu'

31-03-2025T20:27:55 - [MESSAGE][WARNING] - Timeout '0' is invalid. Using default page load timeout: '30'

31-03-2025T20:28:05 - [MESSAGE][PASSED] - Tapped on element 'Object Repository/Repo/android.widget.TextView - Privacy Policy-Menu'

31-03-2025T20:28:05 - [TEST_STEP][PASSED] - if (waitForElementPresent(findTestObject("Object Repository/Repo/android.widget.TextView - Privacy Policy-web"), 30, CONTINUE_ON_FAILURE)): Object Object Repository/Repo/android.widget.TextView - Privacy Policy-web not found

31-03-2025T20:28:35 - [MESSAGE][WARNING] - Object Object Repository/Repo/android.widget.TextView - Privacy Policy-web not found

31-03-2025T20:28:35 - [TEST_STEP][PASSED] - else: null

31-03-2025T20:28:35 - [TEST_STEP][PASSED] - println("Element 'android.widget.TextView - Privacy Policy-web' does not exist after waiting."): null

31-03-2025T20:28:35 - [TEST_STEP][PASSED] - closeApplication(): Close app successfully

31-03-2025T20:28:40 - [MESSAGE][PASSED] - Close app successfully

31-03-2025T20:28:40 - [TEST_STEP][PASSED] - closeBrowser(): Browser is closed

31-03-2025T20:28:40 - [MESSAGE][PASSED] - Browser is closed]]></system-out>
         <system-err><![CDATA[]]></system-err>
      </testcase>
      <testcase name="Test Cases/Guest User Mode/C666-C719-C738_GuestUserMode" time="127.088" classname="Test Cases/Guest User Mode/C666-C719-C738_GuestUserMode" status="PASSED">
         <system-out><![CDATA[31-03-2025T20:28:40 - [TEST_CASE][PASSED] - Test Cases/Guest User Mode/C666-C719-C738_GuestUserMode: Test Cases/Guest User Mode/C666-C719-C738_GuestUserMode

31-03-2025T20:28:40 - [TEST_STEP][PASSED] - startApplication(appUrl, true): Started application: '/Users/gv.vignesh/Downloads/WGR-Android-Automation/App Folder/universal.apk'

31-03-2025T20:28:40 - [MESSAGE][INFO] - Starting application: '/Users/gv.vignesh/Downloads/WGR-Android-Automation/App Folder/universal.apk'

31-03-2025T20:28:40 - [MESSAGE][INFO] - User set preference: ['deviceId', '']

31-03-2025T20:28:40 - [MESSAGE][INFO] - Detected NodeJS location: "/opt/homebrew/Cellar/node/23.10.0_1/bin/node"

31-03-2025T20:28:40 - [MESSAGE][INFO] - PATH: /opt/homebrew/Cellar/node/23.10.0_1/bin:/opt/homebrew/bin:/usr/bin:/bin:/usr/sbin:/sbin:/Applications/Katalon Studio Enterprise.app/Contents/Eclipse/jre/Contents/Home/bin:/usr/local/bin/

31-03-2025T20:28:40 - [MESSAGE][INFO] - APPIUM_HOME: /Users/gv.vignesh/.appium

31-03-2025T20:28:40 - [MESSAGE][INFO] - appium outlog: /Users/gv.vignesh/Downloads/WGR-Android-Automation/Reports/20250331_202512/WRMA Android Regression/20250331_202512/appium.log

31-03-2025T20:28:40 - [MESSAGE][INFO] - appium errlog: /Users/gv.vignesh/Downloads/WGR-Android-Automation/Reports/20250331_202512/WRMA Android Regression/20250331_202512/appium_error.log

31-03-2025T20:28:40 - [MESSAGE][INFO] - Appium server started on port 50,191

31-03-2025T20:29:28 - [MESSAGE][PASSED] - Started application: '/Users/gv.vignesh/Downloads/WGR-Android-Automation/App Folder/universal.apk'

31-03-2025T20:29:28 - [TEST_STEP][PASSED] - delay(10): Delayed 10 second(s)

31-03-2025T20:29:38 - [MESSAGE][PASSED] - Delayed 10 second(s)

31-03-2025T20:29:38 - [TEST_STEP][PASSED] - tap(findTestObject("Object Repository/Repo/android.widget.TextView - Continue as a Guest"), 0): Tapped on element 'Object Repository/Repo/android.widget.TextView - Continue as a Guest'

31-03-2025T20:29:38 - [MESSAGE][WARNING] - Timeout '0' is invalid. Using default page load timeout: '30'

31-03-2025T20:29:39 - [MESSAGE][PASSED] - Tapped on element 'Object Repository/Repo/android.widget.TextView - Continue as a Guest'

31-03-2025T20:29:39 - [TEST_STEP][PASSED] - delay(10): Delayed 10 second(s)

31-03-2025T20:29:49 - [MESSAGE][PASSED] - Delayed 10 second(s)

31-03-2025T20:29:49 - [TEST_STEP][PASSED] - tap(findTestObject("Object Repository/Repo/android.widget.Button - menu"), 0): Tapped on element 'Object Repository/Repo/android.widget.Button - menu'

31-03-2025T20:29:49 - [MESSAGE][WARNING] - Timeout '0' is invalid. Using default page load timeout: '30'

31-03-2025T20:29:49 - [MESSAGE][PASSED] - Tapped on element 'Object Repository/Repo/android.widget.Button - menu'

31-03-2025T20:29:49 - [TEST_STEP][PASSED] - delay(20): Delayed 20 second(s)

31-03-2025T20:30:09 - [MESSAGE][PASSED] - Delayed 20 second(s)

31-03-2025T20:30:09 - [TEST_STEP][PASSED] - tap(findTestObject("Object Repository/Repo/android.widget.TabWidget-Settings"), 0): Tapped on element 'Object Repository/Repo/android.widget.TabWidget-Settings'

31-03-2025T20:30:09 - [MESSAGE][WARNING] - Timeout '0' is invalid. Using default page load timeout: '30'

31-03-2025T20:30:10 - [MESSAGE][PASSED] - Tapped on element 'Object Repository/Repo/android.widget.TabWidget-Settings'

31-03-2025T20:30:10 - [TEST_STEP][PASSED] - delay(10): Delayed 10 second(s)

31-03-2025T20:30:20 - [MESSAGE][PASSED] - Delayed 10 second(s)

31-03-2025T20:30:20 - [TEST_STEP][PASSED] - actualVersionText = getText(findTestObject("Object Repository/Repo/android.widget.Button - Version 2.81.111"), 0): Text of element 'Object Repository/Repo/android.widget.Button - Version 2.81.111' is: 'Version 2.81.111'

31-03-2025T20:30:20 - [MESSAGE][WARNING] - Timeout '0' is invalid. Using default page load timeout: '30'

31-03-2025T20:30:20 - [MESSAGE][PASSED] - Text of element 'Object Repository/Repo/android.widget.Button - Version 2.81.111' is: 'Version 2.81.111'

31-03-2025T20:30:20 - [TEST_STEP][PASSED] - expectedVersionText = "Version 2.81.111": null

31-03-2025T20:30:20 - [TEST_STEP][PASSED] - assert actualVersionText == expectedVersionText: null

31-03-2025T20:30:20 - [TEST_STEP][PASSED] - println(Version verification successful: $actualVersionText): null

31-03-2025T20:30:20 - [TEST_STEP][PASSED] - tap(findTestObject("Object Repository/Repo/android.widget.Button - menu"), 0): Tapped on element 'Object Repository/Repo/android.widget.Button - menu'

31-03-2025T20:30:20 - [MESSAGE][WARNING] - Timeout '0' is invalid. Using default page load timeout: '30'

31-03-2025T20:30:21 - [MESSAGE][PASSED] - Tapped on element 'Object Repository/Repo/android.widget.Button - menu'

31-03-2025T20:30:21 - [TEST_STEP][PASSED] - delay(10): Delayed 10 second(s)

31-03-2025T20:30:31 - [MESSAGE][PASSED] - Delayed 10 second(s)

31-03-2025T20:30:31 - [TEST_STEP][PASSED] - homeElementExists = verifyElementExist(findTestObject("Object Repository/Repo/android.view.View - Home"), 0): Element 'Object Repository/Repo/android.view.View - Home' is exist

31-03-2025T20:30:31 - [MESSAGE][WARNING] - Timeout '0' is invalid. Using default page load timeout: '30'

31-03-2025T20:30:31 - [MESSAGE][PASSED] - Element 'Object Repository/Repo/android.view.View - Home' is exist

31-03-2025T20:30:31 - [TEST_STEP][PASSED] - assert homeElementExists : "Element 'Home' does not exist.": null

31-03-2025T20:30:31 - [TEST_STEP][PASSED] - homeText = getText(findTestObject("Object Repository/Repo/android.view.View - Home"), 0): Text of element 'Object Repository/Repo/android.view.View - Home' is: 'Home'

31-03-2025T20:30:31 - [MESSAGE][WARNING] - Timeout '0' is invalid. Using default page load timeout: '30'

31-03-2025T20:30:32 - [MESSAGE][PASSED] - Text of element 'Object Repository/Repo/android.view.View - Home' is: 'Home'

31-03-2025T20:30:32 - [TEST_STEP][PASSED] - assert homeText == "Home": null

31-03-2025T20:30:32 - [TEST_STEP][PASSED] - println("Home screen verification successful."): null

31-03-2025T20:30:32 - [TEST_STEP][PASSED] - tap(findTestObject("Object Repository/Repo/android.view.View - My Account"), 0): Tapped on element 'Object Repository/Repo/android.view.View - My Account'

31-03-2025T20:30:32 - [MESSAGE][WARNING] - Timeout '0' is invalid. Using default page load timeout: '30'

31-03-2025T20:30:32 - [MESSAGE][PASSED] - Tapped on element 'Object Repository/Repo/android.view.View - My Account'

31-03-2025T20:30:32 - [TEST_STEP][PASSED] - delay(10): Delayed 10 second(s)

31-03-2025T20:30:42 - [MESSAGE][PASSED] - Delayed 10 second(s)

31-03-2025T20:30:42 - [TEST_STEP][PASSED] - myAccountElementExists = verifyElementExist(findTestObject("Object Repository/Repo/android.view.View - My Account"), 0): Element 'Object Repository/Repo/android.view.View - My Account' is exist

31-03-2025T20:30:42 - [MESSAGE][WARNING] - Timeout '0' is invalid. Using default page load timeout: '30'

31-03-2025T20:30:42 - [MESSAGE][PASSED] - Element 'Object Repository/Repo/android.view.View - My Account' is exist

31-03-2025T20:30:42 - [TEST_STEP][PASSED] - assert myAccountElementExists : "Element 'My Account' does not exist.": null

31-03-2025T20:30:42 - [TEST_STEP][PASSED] - myAccountText = getText(findTestObject("Object Repository/Repo/android.view.View - My Account"), 0): Text of element 'Object Repository/Repo/android.view.View - My Account' is: 'My Account'

31-03-2025T20:30:42 - [MESSAGE][WARNING] - Timeout '0' is invalid. Using default page load timeout: '30'

31-03-2025T20:30:43 - [MESSAGE][PASSED] - Text of element 'Object Repository/Repo/android.view.View - My Account' is: 'My Account'

31-03-2025T20:30:43 - [TEST_STEP][PASSED] - assert myAccountText == "My Account": null

31-03-2025T20:30:43 - [TEST_STEP][PASSED] - println("My Account screen verification successful."): null

31-03-2025T20:30:43 - [TEST_STEP][PASSED] - println("All test verifications completed successfully!"): null

31-03-2025T20:30:43 - [TEST_STEP][PASSED] - closeApplication(): Close app successfully

31-03-2025T20:30:47 - [MESSAGE][PASSED] - Close app successfully

31-03-2025T20:30:47 - [TEST_STEP][PASSED] - closeBrowser(): Browser is closed

31-03-2025T20:30:47 - [MESSAGE][PASSED] - Browser is closed]]></system-out>
         <system-err><![CDATA[]]></system-err>
      </testcase>
      <testcase name="Test Cases/Guest User Mode/C764-C793_GuestUserMode" time="189.901" classname="Test Cases/Guest User Mode/C764-C793_GuestUserMode" status="PASSED">
         <system-out><![CDATA[31-03-2025T20:30:47 - [TEST_CASE][PASSED] - Test Cases/Guest User Mode/C764-C793_GuestUserMode: Test Cases/Guest User Mode/C764-C793_GuestUserMode

31-03-2025T20:30:47 - [TEST_STEP][PASSED] - startApplication("/Users/gv.vignesh/Downloads/WGR-Android-Automation/App Folder/app-debug.apk", true): Started application: '/Users/gv.vignesh/Downloads/WGR-Android-Automation/App Folder/app-debug.apk'

31-03-2025T20:30:47 - [MESSAGE][INFO] - Starting application: '/Users/gv.vignesh/Downloads/WGR-Android-Automation/App Folder/app-debug.apk'

31-03-2025T20:30:47 - [MESSAGE][INFO] - User set preference: ['deviceId', '']

31-03-2025T20:30:47 - [MESSAGE][INFO] - Detected NodeJS location: "/opt/homebrew/Cellar/node/23.10.0_1/bin/node"

31-03-2025T20:30:47 - [MESSAGE][INFO] - PATH: /opt/homebrew/Cellar/node/23.10.0_1/bin:/opt/homebrew/bin:/usr/bin:/bin:/usr/sbin:/sbin:/Applications/Katalon Studio Enterprise.app/Contents/Eclipse/jre/Contents/Home/bin:/usr/local/bin/

31-03-2025T20:30:47 - [MESSAGE][INFO] - APPIUM_HOME: /Users/gv.vignesh/.appium

31-03-2025T20:30:47 - [MESSAGE][INFO] - appium outlog: /Users/gv.vignesh/Downloads/WGR-Android-Automation/Reports/20250331_202512/WRMA Android Regression/20250331_202512/appium.log

31-03-2025T20:30:47 - [MESSAGE][INFO] - appium errlog: /Users/gv.vignesh/Downloads/WGR-Android-Automation/Reports/20250331_202512/WRMA Android Regression/20250331_202512/appium_error.log

31-03-2025T20:30:48 - [MESSAGE][INFO] - Appium server started on port 50,376

31-03-2025T20:31:21 - [MESSAGE][PASSED] - Started application: '/Users/gv.vignesh/Downloads/WGR-Android-Automation/App Folder/app-debug.apk'

31-03-2025T20:31:21 - [TEST_STEP][PASSED] - delay(10): Delayed 10 second(s)

31-03-2025T20:31:31 - [MESSAGE][PASSED] - Delayed 10 second(s)

31-03-2025T20:31:31 - [TEST_STEP][PASSED] - verifyElementExist(findTestObject("Object Repository/Repo/android.view.View - Home"), 0): Element 'Object Repository/Repo/android.view.View - Home' is exist

31-03-2025T20:31:31 - [MESSAGE][WARNING] - Timeout '0' is invalid. Using default page load timeout: '30'

31-03-2025T20:31:32 - [MESSAGE][PASSED] - Element 'Object Repository/Repo/android.view.View - Home' is exist

31-03-2025T20:31:32 - [TEST_STEP][PASSED] - delay(5): Delayed 5 second(s)

31-03-2025T20:31:37 - [MESSAGE][PASSED] - Delayed 5 second(s)

31-03-2025T20:31:37 - [TEST_STEP][PASSED] - tap(findTestObject("Object Repository/Repo/android.view.View - Home"), 0): Tapped on element 'Object Repository/Repo/android.view.View - Home'

31-03-2025T20:31:37 - [MESSAGE][WARNING] - Timeout '0' is invalid. Using default page load timeout: '30'

31-03-2025T20:31:38 - [MESSAGE][PASSED] - Tapped on element 'Object Repository/Repo/android.view.View - Home'

31-03-2025T20:31:38 - [TEST_STEP][PASSED] - delay(10): Delayed 10 second(s)

31-03-2025T20:31:48 - [MESSAGE][PASSED] - Delayed 10 second(s)

31-03-2025T20:31:48 - [TEST_STEP][PASSED] - verifyElementExist(findTestObject("Object Repository/Repo/android.view.View - Home (1)"), 0): Element 'Object Repository/Repo/android.view.View - Home (1)' is exist

31-03-2025T20:31:48 - [MESSAGE][WARNING] - Timeout '0' is invalid. Using default page load timeout: '30'

31-03-2025T20:31:48 - [MESSAGE][PASSED] - Element 'Object Repository/Repo/android.view.View - Home (1)' is exist

31-03-2025T20:31:48 - [TEST_STEP][PASSED] - delay(5): Delayed 5 second(s)

31-03-2025T20:31:53 - [MESSAGE][PASSED] - Delayed 5 second(s)

31-03-2025T20:31:53 - [TEST_STEP][PASSED] - verifyElementExist(findTestObject("Object Repository/Repo/android.widget.TextView-Slide"), 0): Element 'Object Repository/Repo/android.widget.TextView-Slide' is exist

31-03-2025T20:31:53 - [MESSAGE][WARNING] - Timeout '0' is invalid. Using default page load timeout: '30'

31-03-2025T20:31:53 - [MESSAGE][PASSED] - Element 'Object Repository/Repo/android.widget.TextView-Slide' is exist

31-03-2025T20:31:53 - [TEST_STEP][PASSED] - startX = 1000: null

31-03-2025T20:31:53 - [TEST_STEP][PASSED] - startY = 2000: null

31-03-2025T20:31:53 - [TEST_STEP][PASSED] - endX = 200: null

31-03-2025T20:31:53 - [TEST_STEP][PASSED] - endY = 1000: null

31-03-2025T20:31:53 - [TEST_STEP][PASSED] - swipe(startX, startY, endX, endY): Swiped from 1,000,2,000 to 200,1,000

31-03-2025T20:31:55 - [MESSAGE][PASSED] - Swiped from 1,000,2,000 to 200,1,000

31-03-2025T20:31:55 - [TEST_STEP][PASSED] - delay(5): Delayed 5 second(s)

31-03-2025T20:32:00 - [MESSAGE][PASSED] - Delayed 5 second(s)

31-03-2025T20:32:00 - [TEST_STEP][PASSED] - homeText = View - Home (1)"), 0).trim(): Text of element 'Object Repository/Repo/android.view.View - Home (1)' is: 'Home'

31-03-2025T20:32:00 - [MESSAGE][WARNING] - Timeout '0' is invalid. Using default page load timeout: '30'

31-03-2025T20:32:00 - [MESSAGE][PASSED] - Text of element 'Object Repository/Repo/android.view.View - Home (1)' is: 'Home'

31-03-2025T20:32:00 - [TEST_STEP][PASSED] - println("Home Text: " + homeText): null

31-03-2025T20:32:00 - [TEST_STEP][PASSED] - verifyEqual(homeText, "Home", STOP_ON_FAILURE): Actual object 'Home' and expected object 'Home' are equal

31-03-2025T20:32:00 - [MESSAGE][PASSED] - Actual object 'Home' and expected object 'Home' are equal

31-03-2025T20:32:00 - [TEST_STEP][PASSED] - delay(5): Delayed 5 second(s)

31-03-2025T20:32:05 - [MESSAGE][PASSED] - Delayed 5 second(s)

31-03-2025T20:32:05 - [TEST_STEP][PASSED] - verifyElementExist(findTestObject("Object Repository/Repo/android.view.View - My Account (1)"), 0): Element 'Object Repository/Repo/android.view.View - My Account (1)' is exist

31-03-2025T20:32:05 - [MESSAGE][WARNING] - Timeout '0' is invalid. Using default page load timeout: '30'

31-03-2025T20:32:06 - [MESSAGE][PASSED] - Element 'Object Repository/Repo/android.view.View - My Account (1)' is exist

31-03-2025T20:32:06 - [TEST_STEP][PASSED] - delay(5): Delayed 5 second(s)

31-03-2025T20:32:11 - [MESSAGE][PASSED] - Delayed 5 second(s)

31-03-2025T20:32:11 - [TEST_STEP][PASSED] - myAccountText = View - My Account (1)"), 0).trim(): Text of element 'Object Repository/Repo/android.view.View - My Account (1)' is: 'My Account'

31-03-2025T20:32:11 - [MESSAGE][WARNING] - Timeout '0' is invalid. Using default page load timeout: '30'

31-03-2025T20:32:11 - [MESSAGE][PASSED] - Text of element 'Object Repository/Repo/android.view.View - My Account (1)' is: 'My Account'

31-03-2025T20:32:11 - [TEST_STEP][PASSED] - println("My Account Text: " + myAccountText): null

31-03-2025T20:32:11 - [TEST_STEP][PASSED] - verifyEqual(myAccountText, "My Account", STOP_ON_FAILURE): Actual object 'My Account' and expected object 'My Account' are equal

31-03-2025T20:32:11 - [MESSAGE][PASSED] - Actual object 'My Account' and expected object 'My Account' are equal

31-03-2025T20:32:11 - [TEST_STEP][PASSED] - delay(15): Delayed 15 second(s)

31-03-2025T20:32:26 - [MESSAGE][PASSED] - Delayed 15 second(s)

31-03-2025T20:32:26 - [TEST_STEP][PASSED] - scrollToText("Recommended for you"): Scrolling to text 'Recommended for you' successfully

31-03-2025T20:32:28 - [MESSAGE][PASSED] - Scrolling to text 'Recommended for you' successfully

31-03-2025T20:32:28 - [TEST_STEP][PASSED] - delay(5): Delayed 5 second(s)

31-03-2025T20:32:33 - [MESSAGE][PASSED] - Delayed 5 second(s)

31-03-2025T20:32:33 - [TEST_STEP][PASSED] - verifyElementExist(findTestObject("Object Repository/Repo/android.widget.TextView - RECOMMENDED FOR YOU"), 0): Element 'Object Repository/Repo/android.widget.TextView - RECOMMENDED FOR YOU' is exist

31-03-2025T20:32:33 - [MESSAGE][WARNING] - Timeout '0' is invalid. Using default page load timeout: '30'

31-03-2025T20:32:33 - [MESSAGE][PASSED] - Element 'Object Repository/Repo/android.widget.TextView - RECOMMENDED FOR YOU' is exist

31-03-2025T20:32:33 - [TEST_STEP][PASSED] - delay(5): Delayed 5 second(s)

31-03-2025T20:32:38 - [MESSAGE][PASSED] - Delayed 5 second(s)

31-03-2025T20:32:38 - [TEST_STEP][PASSED] - recommendedText = TextView - RECOMMENDED FOR YOU"), 0).trim(): Text of element 'Object Repository/Repo/android.widget.TextView - RECOMMENDED FOR YOU' is: 'RECOMMENDED FOR YOU'

31-03-2025T20:32:38 - [MESSAGE][WARNING] - Timeout '0' is invalid. Using default page load timeout: '30'

31-03-2025T20:32:39 - [MESSAGE][PASSED] - Text of element 'Object Repository/Repo/android.widget.TextView - RECOMMENDED FOR YOU' is: 'RECOMMENDED FOR YOU'

31-03-2025T20:32:39 - [TEST_STEP][PASSED] - println("Recommended Text: " + recommendedText): null

31-03-2025T20:32:39 - [TEST_STEP][PASSED] - verifyEqual(recommendedText, "RECOMMENDED FOR YOU", STOP_ON_FAILURE): Actual object 'RECOMMENDED FOR YOU' and expected object 'RECOMMENDED FOR YOU' are equal

31-03-2025T20:32:39 - [MESSAGE][PASSED] - Actual object 'RECOMMENDED FOR YOU' and expected object 'RECOMMENDED FOR YOU' are equal

31-03-2025T20:32:39 - [TEST_STEP][PASSED] - delay(5): Delayed 5 second(s)

31-03-2025T20:32:44 - [MESSAGE][PASSED] - Delayed 5 second(s)

31-03-2025T20:32:44 - [TEST_STEP][PASSED] - verifyElementExist(findTestObject("Object Repository/Repo/android.widget.TextView - THINGS TO DO"), 0): Element 'Object Repository/Repo/android.widget.TextView - THINGS TO DO' is exist

31-03-2025T20:32:44 - [MESSAGE][WARNING] - Timeout '0' is invalid. Using default page load timeout: '30'

31-03-2025T20:32:44 - [MESSAGE][PASSED] - Element 'Object Repository/Repo/android.widget.TextView - THINGS TO DO' is exist

31-03-2025T20:32:44 - [TEST_STEP][PASSED] - delay(5): Delayed 5 second(s)

31-03-2025T20:32:49 - [MESSAGE][PASSED] - Delayed 5 second(s)

31-03-2025T20:32:49 - [TEST_STEP][PASSED] - thingsToDoText = TextView - THINGS TO DO"), 0).trim(): Text of element 'Object Repository/Repo/android.widget.TextView - THINGS TO DO' is: 'THINGS TO DO'

31-03-2025T20:32:49 - [MESSAGE][WARNING] - Timeout '0' is invalid. Using default page load timeout: '30'

31-03-2025T20:32:49 - [MESSAGE][PASSED] - Text of element 'Object Repository/Repo/android.widget.TextView - THINGS TO DO' is: 'THINGS TO DO'

31-03-2025T20:32:49 - [TEST_STEP][PASSED] - println("Things to Do Text: " + thingsToDoText): null

31-03-2025T20:32:49 - [TEST_STEP][PASSED] - verifyEqual(thingsToDoText, "THINGS TO DO", STOP_ON_FAILURE): Actual object 'THINGS TO DO' and expected object 'THINGS TO DO' are equal

31-03-2025T20:32:49 - [MESSAGE][PASSED] - Actual object 'THINGS TO DO' and expected object 'THINGS TO DO' are equal

31-03-2025T20:32:49 - [TEST_STEP][PASSED] - delay(5): Delayed 5 second(s)

31-03-2025T20:32:54 - [MESSAGE][PASSED] - Delayed 5 second(s)

31-03-2025T20:32:54 - [TEST_STEP][PASSED] - verifyElementExist(findTestObject("Object Repository/Repo/android.view.View-gain access"), 0): Element 'Object Repository/Repo/android.view.View-gain access' is exist

31-03-2025T20:32:54 - [MESSAGE][WARNING] - Timeout '0' is invalid. Using default page load timeout: '30'

31-03-2025T20:32:55 - [MESSAGE][PASSED] - Element 'Object Repository/Repo/android.view.View-gain access' is exist

31-03-2025T20:32:55 - [TEST_STEP][PASSED] - delay(5): Delayed 5 second(s)

31-03-2025T20:33:00 - [MESSAGE][PASSED] - Delayed 5 second(s)

31-03-2025T20:33:00 - [TEST_STEP][PASSED] - gainAccessText = TextView - Gain access to a"), 0).trim(): Text of element 'Object Repository/Repo/android.widget.TextView - Gain access to a' is: 'Gain access to a'

31-03-2025T20:33:00 - [MESSAGE][WARNING] - Timeout '0' is invalid. Using default page load timeout: '30'

31-03-2025T20:33:00 - [MESSAGE][PASSED] - Text of element 'Object Repository/Repo/android.widget.TextView - Gain access to a' is: 'Gain access to a'

31-03-2025T20:33:00 - [TEST_STEP][PASSED] - println("Gain Access Text: " + gainAccessText): null

31-03-2025T20:33:00 - [TEST_STEP][PASSED] - verifyEqual(gainAccessText, "Gain access to a", STOP_ON_FAILURE): Actual object 'Gain access to a' and expected object 'Gain access to a' are equal

31-03-2025T20:33:00 - [MESSAGE][PASSED] - Actual object 'Gain access to a' and expected object 'Gain access to a' are equal

31-03-2025T20:33:00 - [TEST_STEP][PASSED] - delay(5): Delayed 5 second(s)

31-03-2025T20:33:05 - [MESSAGE][PASSED] - Delayed 5 second(s)

31-03-2025T20:33:05 - [TEST_STEP][PASSED] - customizedExperienceText = TextView - customized experience"), 0).trim(): Text of element 'Object Repository/Repo/android.widget.TextView - customized experience' is: 'customized experience'

31-03-2025T20:33:05 - [MESSAGE][WARNING] - Timeout '0' is invalid. Using default page load timeout: '30'

31-03-2025T20:33:05 - [MESSAGE][PASSED] - Text of element 'Object Repository/Repo/android.widget.TextView - customized experience' is: 'customized experience'

31-03-2025T20:33:05 - [TEST_STEP][PASSED] - println("Customized Experience Text: " + customizedExperienceText): null

31-03-2025T20:33:05 - [TEST_STEP][PASSED] - verifyEqual(customizedExperienceText, "customized experience", STOP_ON_FAILURE): Actual object 'customized experience' and expected object 'customized experience' are equal

31-03-2025T20:33:05 - [MESSAGE][PASSED] - Actual object 'customized experience' and expected object 'customized experience' are equal

31-03-2025T20:33:05 - [TEST_STEP][PASSED] - delay(5): Delayed 5 second(s)

31-03-2025T20:33:10 - [MESSAGE][PASSED] - Delayed 5 second(s)

31-03-2025T20:33:10 - [TEST_STEP][PASSED] - verifyElementExist(findTestObject("Object Repository/Repo/android.widget.TextView - Login"), 0): Element 'Object Repository/Repo/android.widget.TextView - Login' is exist

31-03-2025T20:33:10 - [MESSAGE][WARNING] - Timeout '0' is invalid. Using default page load timeout: '30'

31-03-2025T20:33:11 - [MESSAGE][PASSED] - Element 'Object Repository/Repo/android.widget.TextView - Login' is exist

31-03-2025T20:33:11 - [TEST_STEP][PASSED] - delay(5): Delayed 5 second(s)

31-03-2025T20:33:16 - [MESSAGE][PASSED] - Delayed 5 second(s)

31-03-2025T20:33:16 - [TEST_STEP][PASSED] - loginText = TextView - Login"), 0).trim(): Text of element 'Object Repository/Repo/android.widget.TextView - Login' is: 'Login'

31-03-2025T20:33:16 - [MESSAGE][WARNING] - Timeout '0' is invalid. Using default page load timeout: '30'

31-03-2025T20:33:16 - [MESSAGE][PASSED] - Text of element 'Object Repository/Repo/android.widget.TextView - Login' is: 'Login'

31-03-2025T20:33:16 - [TEST_STEP][PASSED] - println("Login Text: " + loginText): null

31-03-2025T20:33:16 - [TEST_STEP][PASSED] - verifyEqual(loginText, "Login", STOP_ON_FAILURE): Actual object 'Login' and expected object 'Login' are equal

31-03-2025T20:33:16 - [MESSAGE][PASSED] - Actual object 'Login' and expected object 'Login' are equal

31-03-2025T20:33:16 - [TEST_STEP][PASSED] - tap(findTestObject("Object Repository/Repo/android.widget.TextView - Login"), 0): Tapped on element 'Object Repository/Repo/android.widget.TextView - Login'

31-03-2025T20:33:16 - [MESSAGE][WARNING] - Timeout '0' is invalid. Using default page load timeout: '30'

31-03-2025T20:33:16 - [MESSAGE][PASSED] - Tapped on element 'Object Repository/Repo/android.widget.TextView - Login'

31-03-2025T20:33:16 - [TEST_STEP][PASSED] - delay(30): Delayed 30 second(s)

31-03-2025T20:33:46 - [MESSAGE][PASSED] - Delayed 30 second(s)

31-03-2025T20:33:46 - [TEST_STEP][PASSED] - verifyElementExist(findTestObject("Object Repository/Repo/android.widget.TextView - WESTGATE Online Account Management"), 0): Element 'Object Repository/Repo/android.widget.TextView - WESTGATE Online Account Management' is exist

31-03-2025T20:33:46 - [MESSAGE][WARNING] - Timeout '0' is invalid. Using default page load timeout: '30'

31-03-2025T20:33:47 - [MESSAGE][PASSED] - Element 'Object Repository/Repo/android.widget.TextView - WESTGATE Online Account Management' is exist

31-03-2025T20:33:47 - [TEST_STEP][PASSED] - delay(5): Delayed 5 second(s)

31-03-2025T20:33:52 - [MESSAGE][PASSED] - Delayed 5 second(s)

31-03-2025T20:33:52 - [TEST_STEP][PASSED] - westgateText = TextView - WESTGATE Online Account Management"), 0).trim(): Text of element 'Object Repository/Repo/android.widget.TextView - WESTGATE Online Account Management' is: 'WESTGATE Online Account Management'

31-03-2025T20:33:52 - [MESSAGE][WARNING] - Timeout '0' is invalid. Using default page load timeout: '30'

31-03-2025T20:33:52 - [MESSAGE][PASSED] - Text of element 'Object Repository/Repo/android.widget.TextView - WESTGATE Online Account Management' is: 'WESTGATE Online Account Management'

31-03-2025T20:33:52 - [TEST_STEP][PASSED] - println("WESTGATE Text: " + westgateText): null

31-03-2025T20:33:52 - [TEST_STEP][PASSED] - verifyEqual(westgateText, "WESTGATE Online Account Management", CONTINUE_ON_FAILURE): Actual object 'WESTGATE Online Account Management' and expected object 'WESTGATE Online Account Management' are equal

31-03-2025T20:33:52 - [MESSAGE][PASSED] - Actual object 'WESTGATE Online Account Management' and expected object 'WESTGATE Online Account Management' are equal

31-03-2025T20:33:52 - [TEST_STEP][PASSED] - closeApplication(): Close app successfully

31-03-2025T20:33:57 - [MESSAGE][PASSED] - Close app successfully

31-03-2025T20:33:57 - [TEST_STEP][PASSED] - closeBrowser(): Browser is closed

31-03-2025T20:33:57 - [MESSAGE][PASSED] - Browser is closed]]></system-out>
         <system-err><![CDATA[]]></system-err>
      </testcase>
      <testcase name="Test Cases/Sign Up New UserPage/C660-C681_SignUpNewUserPage" time="283.483" classname="Test Cases/Sign Up New UserPage/C660-C681_SignUpNewUserPage" status="PASSED">
         <system-out><![CDATA[31-03-2025T20:45:26 - [TEST_CASE][PASSED] - Test Cases/Sign Up New UserPage/C660-C681_SignUpNewUserPage: Test Cases/Sign Up New UserPage/C660-C681_SignUpNewUserPage

31-03-2025T20:45:26 - [TEST_STEP][PASSED] - emailValidationTests = new EmailValidationTests(): null

31-03-2025T20:45:26 - [TEST_STEP][PASSED] - emailValidationTests.runAllTests(): null

31-03-2025T20:45:26 - [TEST_STEP][PASSED] - setup(): null

31-03-2025T20:45:26 - [TEST_STEP][PASSED] - startApplication(appUrl, true): Started application: '/Users/gv.vignesh/Downloads/WGR-Android-Automation/App Folder/universal.apk'

31-03-2025T20:45:26 - [MESSAGE][INFO] - Starting application: '/Users/gv.vignesh/Downloads/WGR-Android-Automation/App Folder/universal.apk'

31-03-2025T20:45:26 - [MESSAGE][INFO] - User set preference: ['deviceId', '']

31-03-2025T20:45:26 - [MESSAGE][INFO] - Detected NodeJS location: "/opt/homebrew/Cellar/node/23.10.0_1/bin/node"

31-03-2025T20:45:26 - [MESSAGE][INFO] - PATH: /opt/homebrew/Cellar/node/23.10.0_1/bin:/opt/homebrew/bin:/usr/bin:/bin:/usr/sbin:/sbin:/Applications/Katalon Studio Enterprise.app/Contents/Eclipse/jre/Contents/Home/bin:/usr/local/bin/

31-03-2025T20:45:26 - [MESSAGE][INFO] - APPIUM_HOME: /Users/gv.vignesh/.appium

31-03-2025T20:45:26 - [MESSAGE][INFO] - appium outlog: /Users/gv.vignesh/Downloads/WGR-Android-Automation/Reports/20250331_202512/WRMA Android Regression/20250331_202512/appium.log

31-03-2025T20:45:26 - [MESSAGE][INFO] - appium errlog: /Users/gv.vignesh/Downloads/WGR-Android-Automation/Reports/20250331_202512/WRMA Android Regression/20250331_202512/appium_error.log

31-03-2025T20:45:27 - [MESSAGE][INFO] - Appium server started on port 51,729

31-03-2025T20:46:07 - [MESSAGE][PASSED] - Started application: '/Users/gv.vignesh/Downloads/WGR-Android-Automation/App Folder/universal.apk'

31-03-2025T20:46:07 - [TEST_STEP][PASSED] - delay(20): Delayed 20 second(s)

31-03-2025T20:46:27 - [MESSAGE][PASSED] - Delayed 20 second(s)

31-03-2025T20:46:27 - [TEST_STEP][PASSED] - tap(findTestObject("Object Repository/Repo/android.widget.Button - Login or Sign Up"), 0): Tapped on element 'Object Repository/Repo/android.widget.Button - Login or Sign Up'

31-03-2025T20:46:27 - [MESSAGE][WARNING] - Timeout '0' is invalid. Using default page load timeout: '30'

31-03-2025T20:46:28 - [MESSAGE][PASSED] - Tapped on element 'Object Repository/Repo/android.widget.Button - Login or Sign Up'

31-03-2025T20:46:28 - [TEST_STEP][PASSED] - try: null

31-03-2025T20:46:28 - [TEST_STEP][PASSED] - testInvalidEmailFormat(): null

31-03-2025T20:46:28 - [TEST_STEP][PASSED] - excelData = findTestData("Data Files/InvalidEmail"): null

31-03-2025T20:46:28 - [TEST_STEP][PASSED] - rowCount = excelData.getRowNumbers(): null

31-03-2025T20:46:28 - [TEST_STEP][PASSED] - for ([i = 1, i <= rowCount, (i++)]): null

31-03-2025T20:46:28 - [TEST_STEP][PASSED] - invalidEmail = excelData.getValue("email-Address", i): null

31-03-2025T20:46:28 - [TEST_STEP][PASSED] - println(Testing invalid email from Excel (Row $i): $invalidEmail): null

31-03-2025T20:46:28 - [TEST_STEP][PASSED] - waitForElementPresent(findTestObject("Object Repository/Repo/android.widget.EditText-LoginorSignUp"), 20): Element 'Object Repository/Repo/android.widget.EditText-LoginorSignUp' is present

31-03-2025T20:46:29 - [MESSAGE][PASSED] - Element 'Object Repository/Repo/android.widget.EditText-LoginorSignUp' is present

31-03-2025T20:46:29 - [TEST_STEP][PASSED] - sendKeys(findTestObject("Object Repository/Repo/android.widget.EditText-LoginorSignUp"), invalidEmail): Send keys 'd.g.com' on test object 'Object Repository/Repo/android.widget.EditText-LoginorSignUp' successfully.

31-03-2025T20:46:30 - [MESSAGE][PASSED] - Send keys 'd.g.com' on test object 'Object Repository/Repo/android.widget.EditText-LoginorSignUp' successfully.

31-03-2025T20:46:30 - [TEST_STEP][PASSED] - actualErrorMessage = TextView -  Invalid email format"), 0).trim(): Text of element 'Object Repository/Repo/android.widget.TextView -  Invalid email format' is: ' Invalid email format.
'

31-03-2025T20:46:30 - [MESSAGE][WARNING] - Timeout '0' is invalid. Using default page load timeout: '30'

31-03-2025T20:46:31 - [MESSAGE][PASSED] - Text of element 'Object Repository/Repo/android.widget.TextView -  Invalid email format' is: ' Invalid email format.
'

31-03-2025T20:46:31 - [TEST_STEP][PASSED] - expectedErrorMessage = "Invalid email format": null

31-03-2025T20:46:31 - [TEST_STEP][PASSED] - Assert.assertEquals(Error message validation failed at row $i, replaceAll("[^a-zA-Z0-9 ]", "").trim(), replaceAll("[^a-zA-Z0-9 ]", "").trim()): null

31-03-2025T20:46:31 - [TEST_STEP][PASSED] - tap(findTestObject("Object Repository/Repo/android.widget.Button - reset"), 0): Tapped on element 'Object Repository/Repo/android.widget.Button - reset'

31-03-2025T20:46:31 - [MESSAGE][WARNING] - Timeout '0' is invalid. Using default page load timeout: '30'

31-03-2025T20:46:32 - [MESSAGE][PASSED] - Tapped on element 'Object Repository/Repo/android.widget.Button - reset'

31-03-2025T20:46:32 - [TEST_STEP][PASSED] - hideKeyboard(): Keyboard is hidden

31-03-2025T20:46:33 - [MESSAGE][PASSED] - Keyboard is hidden

31-03-2025T20:46:33 - [TEST_STEP][PASSED] - invalidEmail = excelData.getValue("email-Address", i): null

31-03-2025T20:46:33 - [TEST_STEP][PASSED] - println(Testing invalid email from Excel (Row $i): $invalidEmail): null

31-03-2025T20:46:33 - [TEST_STEP][PASSED] - waitForElementPresent(findTestObject("Object Repository/Repo/android.widget.EditText-LoginorSignUp"), 20): Element 'Object Repository/Repo/android.widget.EditText-LoginorSignUp' is present

31-03-2025T20:46:34 - [MESSAGE][PASSED] - Element 'Object Repository/Repo/android.widget.EditText-LoginorSignUp' is present

31-03-2025T20:46:34 - [TEST_STEP][PASSED] - sendKeys(findTestObject("Object Repository/Repo/android.widget.EditText-LoginorSignUp"), invalidEmail): Send keys 's@com' on test object 'Object Repository/Repo/android.widget.EditText-LoginorSignUp' successfully.

31-03-2025T20:46:34 - [MESSAGE][PASSED] - Send keys 's@com' on test object 'Object Repository/Repo/android.widget.EditText-LoginorSignUp' successfully.

31-03-2025T20:46:34 - [TEST_STEP][PASSED] - actualErrorMessage = TextView -  Invalid email format"), 0).trim(): Text of element 'Object Repository/Repo/android.widget.TextView -  Invalid email format' is: ' Invalid email format.
'

31-03-2025T20:46:34 - [MESSAGE][WARNING] - Timeout '0' is invalid. Using default page load timeout: '30'

31-03-2025T20:46:35 - [MESSAGE][PASSED] - Text of element 'Object Repository/Repo/android.widget.TextView -  Invalid email format' is: ' Invalid email format.
'

31-03-2025T20:46:35 - [TEST_STEP][PASSED] - expectedErrorMessage = "Invalid email format": null

31-03-2025T20:46:35 - [TEST_STEP][PASSED] - Assert.assertEquals(Error message validation failed at row $i, replaceAll("[^a-zA-Z0-9 ]", "").trim(), replaceAll("[^a-zA-Z0-9 ]", "").trim()): null

31-03-2025T20:46:35 - [TEST_STEP][PASSED] - tap(findTestObject("Object Repository/Repo/android.widget.Button - reset"), 0): Tapped on element 'Object Repository/Repo/android.widget.Button - reset'

31-03-2025T20:46:35 - [MESSAGE][WARNING] - Timeout '0' is invalid. Using default page load timeout: '30'

31-03-2025T20:46:36 - [MESSAGE][PASSED] - Tapped on element 'Object Repository/Repo/android.widget.Button - reset'

31-03-2025T20:46:36 - [TEST_STEP][PASSED] - hideKeyboard(): Keyboard is hidden

31-03-2025T20:46:36 - [MESSAGE][PASSED] - Keyboard is hidden

31-03-2025T20:46:36 - [TEST_STEP][PASSED] - invalidEmail = excelData.getValue("email-Address", i): null

31-03-2025T20:46:36 - [TEST_STEP][PASSED] - println(Testing invalid email from Excel (Row $i): $invalidEmail): null

31-03-2025T20:46:36 - [TEST_STEP][PASSED] - waitForElementPresent(findTestObject("Object Repository/Repo/android.widget.EditText-LoginorSignUp"), 20): Element 'Object Repository/Repo/android.widget.EditText-LoginorSignUp' is present

31-03-2025T20:46:37 - [MESSAGE][PASSED] - Element 'Object Repository/Repo/android.widget.EditText-LoginorSignUp' is present

31-03-2025T20:46:37 - [TEST_STEP][PASSED] - sendKeys(findTestObject("Object Repository/Repo/android.widget.EditText-LoginorSignUp"), invalidEmail): Send keys 'vg@.1gv' on test object 'Object Repository/Repo/android.widget.EditText-LoginorSignUp' successfully.

31-03-2025T20:46:38 - [MESSAGE][PASSED] - Send keys 'vg@.1gv' on test object 'Object Repository/Repo/android.widget.EditText-LoginorSignUp' successfully.

31-03-2025T20:46:38 - [TEST_STEP][PASSED] - actualErrorMessage = TextView -  Invalid email format"), 0).trim(): Text of element 'Object Repository/Repo/android.widget.TextView -  Invalid email format' is: ' Invalid email format.
'

31-03-2025T20:46:38 - [MESSAGE][WARNING] - Timeout '0' is invalid. Using default page load timeout: '30'

31-03-2025T20:46:39 - [MESSAGE][PASSED] - Text of element 'Object Repository/Repo/android.widget.TextView -  Invalid email format' is: ' Invalid email format.
'

31-03-2025T20:46:39 - [TEST_STEP][PASSED] - expectedErrorMessage = "Invalid email format": null

31-03-2025T20:46:39 - [TEST_STEP][PASSED] - Assert.assertEquals(Error message validation failed at row $i, replaceAll("[^a-zA-Z0-9 ]", "").trim(), replaceAll("[^a-zA-Z0-9 ]", "").trim()): null

31-03-2025T20:46:39 - [TEST_STEP][PASSED] - tap(findTestObject("Object Repository/Repo/android.widget.Button - reset"), 0): Tapped on element 'Object Repository/Repo/android.widget.Button - reset'

31-03-2025T20:46:39 - [MESSAGE][WARNING] - Timeout '0' is invalid. Using default page load timeout: '30'

31-03-2025T20:46:41 - [MESSAGE][PASSED] - Tapped on element 'Object Repository/Repo/android.widget.Button - reset'

31-03-2025T20:46:41 - [TEST_STEP][PASSED] - hideKeyboard(): Keyboard is hidden

31-03-2025T20:46:41 - [MESSAGE][PASSED] - Keyboard is hidden

31-03-2025T20:46:41 - [TEST_STEP][PASSED] - invalidEmail = excelData.getValue("email-Address", i): null

31-03-2025T20:46:41 - [TEST_STEP][PASSED] - println(Testing invalid email from Excel (Row $i): $invalidEmail): null

31-03-2025T20:46:41 - [TEST_STEP][PASSED] - waitForElementPresent(findTestObject("Object Repository/Repo/android.widget.EditText-LoginorSignUp"), 20): Element 'Object Repository/Repo/android.widget.EditText-LoginorSignUp' is present

31-03-2025T20:46:42 - [MESSAGE][PASSED] - Element 'Object Repository/Repo/android.widget.EditText-LoginorSignUp' is present

31-03-2025T20:46:42 - [TEST_STEP][PASSED] - sendKeys(findTestObject("Object Repository/Repo/android.widget.EditText-LoginorSignUp"), invalidEmail): Send keys 'g@2.1' on test object 'Object Repository/Repo/android.widget.EditText-LoginorSignUp' successfully.

31-03-2025T20:46:43 - [MESSAGE][PASSED] - Send keys 'g@2.1' on test object 'Object Repository/Repo/android.widget.EditText-LoginorSignUp' successfully.

31-03-2025T20:46:43 - [TEST_STEP][PASSED] - actualErrorMessage = TextView -  Invalid email format"), 0).trim(): Text of element 'Object Repository/Repo/android.widget.TextView -  Invalid email format' is: ' Invalid email format.
'

31-03-2025T20:46:43 - [MESSAGE][WARNING] - Timeout '0' is invalid. Using default page load timeout: '30'

31-03-2025T20:46:44 - [MESSAGE][PASSED] - Text of element 'Object Repository/Repo/android.widget.TextView -  Invalid email format' is: ' Invalid email format.
'

31-03-2025T20:46:44 - [TEST_STEP][PASSED] - expectedErrorMessage = "Invalid email format": null

31-03-2025T20:46:44 - [TEST_STEP][PASSED] - Assert.assertEquals(Error message validation failed at row $i, replaceAll("[^a-zA-Z0-9 ]", "").trim(), replaceAll("[^a-zA-Z0-9 ]", "").trim()): null

31-03-2025T20:46:44 - [TEST_STEP][PASSED] - tap(findTestObject("Object Repository/Repo/android.widget.Button - reset"), 0): Tapped on element 'Object Repository/Repo/android.widget.Button - reset'

31-03-2025T20:46:44 - [MESSAGE][WARNING] - Timeout '0' is invalid. Using default page load timeout: '30'

31-03-2025T20:46:45 - [MESSAGE][PASSED] - Tapped on element 'Object Repository/Repo/android.widget.Button - reset'

31-03-2025T20:46:45 - [TEST_STEP][PASSED] - hideKeyboard(): Keyboard is hidden

31-03-2025T20:46:45 - [MESSAGE][PASSED] - Keyboard is hidden

31-03-2025T20:46:45 - [TEST_STEP][PASSED] - invalidEmail = excelData.getValue("email-Address", i): null

31-03-2025T20:46:45 - [TEST_STEP][PASSED] - println(Testing invalid email from Excel (Row $i): $invalidEmail): null

31-03-2025T20:46:45 - [TEST_STEP][PASSED] - waitForElementPresent(findTestObject("Object Repository/Repo/android.widget.EditText-LoginorSignUp"), 20): Element 'Object Repository/Repo/android.widget.EditText-LoginorSignUp' is present

31-03-2025T20:46:46 - [MESSAGE][PASSED] - Element 'Object Repository/Repo/android.widget.EditText-LoginorSignUp' is present

31-03-2025T20:46:46 - [TEST_STEP][PASSED] - sendKeys(findTestObject("Object Repository/Repo/android.widget.EditText-LoginorSignUp"), invalidEmail): Send keys 'v.com@q' on test object 'Object Repository/Repo/android.widget.EditText-LoginorSignUp' successfully.

31-03-2025T20:46:47 - [MESSAGE][PASSED] - Send keys 'v.com@q' on test object 'Object Repository/Repo/android.widget.EditText-LoginorSignUp' successfully.

31-03-2025T20:46:47 - [TEST_STEP][PASSED] - actualErrorMessage = TextView -  Invalid email format"), 0).trim(): Text of element 'Object Repository/Repo/android.widget.TextView -  Invalid email format' is: ' Invalid email format.
'

31-03-2025T20:46:47 - [MESSAGE][WARNING] - Timeout '0' is invalid. Using default page load timeout: '30'

31-03-2025T20:46:48 - [MESSAGE][PASSED] - Text of element 'Object Repository/Repo/android.widget.TextView -  Invalid email format' is: ' Invalid email format.
'

31-03-2025T20:46:48 - [TEST_STEP][PASSED] - expectedErrorMessage = "Invalid email format": null

31-03-2025T20:46:48 - [TEST_STEP][PASSED] - Assert.assertEquals(Error message validation failed at row $i, replaceAll("[^a-zA-Z0-9 ]", "").trim(), replaceAll("[^a-zA-Z0-9 ]", "").trim()): null

31-03-2025T20:46:48 - [TEST_STEP][PASSED] - tap(findTestObject("Object Repository/Repo/android.widget.Button - reset"), 0): Tapped on element 'Object Repository/Repo/android.widget.Button - reset'

31-03-2025T20:46:48 - [MESSAGE][WARNING] - Timeout '0' is invalid. Using default page load timeout: '30'

31-03-2025T20:46:49 - [MESSAGE][PASSED] - Tapped on element 'Object Repository/Repo/android.widget.Button - reset'

31-03-2025T20:46:49 - [TEST_STEP][PASSED] - hideKeyboard(): Keyboard is hidden

31-03-2025T20:46:49 - [MESSAGE][PASSED] - Keyboard is hidden

31-03-2025T20:46:49 - [TEST_STEP][PASSED] - testTeamMemberEmailError(): null

31-03-2025T20:46:49 - [TEST_STEP][PASSED] - testData = findTestData("Data Files/C678"): null

31-03-2025T20:46:49 - [TEST_STEP][PASSED] - email1 = testData.getValue("email", 1): null

31-03-2025T20:46:49 - [TEST_STEP][PASSED] - email2 = testData.getValue("email", 2): null

31-03-2025T20:46:49 - [TEST_STEP][PASSED] - sendKeys(findTestObject("Object Repository/Repo/android.widget.EditText-LoginorSignUp"), email1): Send keys 'i@p.com' on test object 'Object Repository/Repo/android.widget.EditText-LoginorSignUp' successfully.

31-03-2025T20:46:50 - [MESSAGE][PASSED] - Send keys 'i@p.com' on test object 'Object Repository/Repo/android.widget.EditText-LoginorSignUp' successfully.

31-03-2025T20:46:50 - [TEST_STEP][PASSED] - delay(10): Delayed 10 second(s)

31-03-2025T20:47:00 - [MESSAGE][PASSED] - Delayed 10 second(s)

31-03-2025T20:47:00 - [TEST_STEP][PASSED] - tap(findTestObject("Object Repository/Repo/android.widget.Button - Next"), 0): Tapped on element 'Object Repository/Repo/android.widget.Button - Next'

31-03-2025T20:47:00 - [MESSAGE][WARNING] - Timeout '0' is invalid. Using default page load timeout: '30'

31-03-2025T20:47:01 - [MESSAGE][PASSED] - Tapped on element 'Object Repository/Repo/android.widget.Button - Next'

31-03-2025T20:47:01 - [TEST_STEP][PASSED] - delay(10): Delayed 10 second(s)

31-03-2025T20:47:11 - [MESSAGE][PASSED] - Delayed 10 second(s)

31-03-2025T20:47:11 - [TEST_STEP][PASSED] - tap(findTestObject("Object Repository/Repo/android.widget.Button - reset"), 0): Tapped on element 'Object Repository/Repo/android.widget.Button - reset'

31-03-2025T20:47:11 - [MESSAGE][WARNING] - Timeout '0' is invalid. Using default page load timeout: '30'

31-03-2025T20:47:11 - [MESSAGE][PASSED] - Tapped on element 'Object Repository/Repo/android.widget.Button - reset'

31-03-2025T20:47:11 - [TEST_STEP][PASSED] - hideKeyboard(): Keyboard is hidden

31-03-2025T20:47:12 - [MESSAGE][PASSED] - Keyboard is hidden

31-03-2025T20:47:12 - [TEST_STEP][PASSED] - delay(10): Delayed 10 second(s)

31-03-2025T20:47:22 - [MESSAGE][PASSED] - Delayed 10 second(s)

31-03-2025T20:47:22 - [TEST_STEP][PASSED] - sendKeys(findTestObject("Object Repository/Repo/android.widget.EditText -"), email2): Send keys 'wg@wgresorts.com' on test object 'Object Repository/Repo/android.widget.EditText -' successfully.

31-03-2025T20:47:23 - [MESSAGE][PASSED] - Send keys 'wg@wgresorts.com' on test object 'Object Repository/Repo/android.widget.EditText -' successfully.

31-03-2025T20:47:23 - [TEST_STEP][PASSED] - delay(10): Delayed 10 second(s)

31-03-2025T20:47:33 - [MESSAGE][PASSED] - Delayed 10 second(s)

31-03-2025T20:47:33 - [TEST_STEP][PASSED] - tap(findTestObject("Object Repository/Repo/android.widget.Button - Next (1)"), 0): Tapped on element 'Object Repository/Repo/android.widget.Button - Next (1)'

31-03-2025T20:47:33 - [MESSAGE][WARNING] - Timeout '0' is invalid. Using default page load timeout: '30'

31-03-2025T20:47:33 - [MESSAGE][PASSED] - Tapped on element 'Object Repository/Repo/android.widget.Button - Next (1)'

31-03-2025T20:47:33 - [TEST_STEP][PASSED] - delay(10): Delayed 10 second(s)

31-03-2025T20:47:43 - [MESSAGE][PASSED] - Delayed 10 second(s)

31-03-2025T20:47:43 - [TEST_STEP][PASSED] - actualText = getText(findTestObject("Object Repository/Repo/android.widget.TextView -  The email address used is a Team Member email address.  Please select Create Team Member Account below"), 0): Text of element 'Object Repository/Repo/android.widget.TextView -  The email address used is a Team Member email address.  Please select Create Team Member Account below' is: ' The email address used is a Team Member email address.  Please select Create Team Member Account below.
'

31-03-2025T20:47:43 - [MESSAGE][WARNING] - Timeout '0' is invalid. Using default page load timeout: '30'

31-03-2025T20:47:43 - [MESSAGE][PASSED] - Text of element 'Object Repository/Repo/android.widget.TextView -  The email address used is a Team Member email address.  Please select Create Team Member Account below' is: ' The email address used is a Team Member email address.  Please select Create Team Member Account below.
'

31-03-2025T20:47:43 - [TEST_STEP][PASSED] - expectedText = " The email address used is a Team Member email address.  Please select Create Team Member Account below.": null

31-03-2025T20:47:43 - [TEST_STEP][PASSED] - assert actualText.contains(expectedText): null

31-03-2025T20:47:43 - [TEST_STEP][PASSED] - tap(findTestObject("Object Repository/Repo/android.widget.Button - reset"), 0): Tapped on element 'Object Repository/Repo/android.widget.Button - reset'

31-03-2025T20:47:43 - [MESSAGE][WARNING] - Timeout '0' is invalid. Using default page load timeout: '30'

31-03-2025T20:47:43 - [MESSAGE][PASSED] - Tapped on element 'Object Repository/Repo/android.widget.Button - reset'

31-03-2025T20:47:43 - [TEST_STEP][PASSED] - hideKeyboard(): null

31-03-2025T20:47:44 - [MESSAGE][PASSED] - Keyboard is hidden

31-03-2025T20:47:44 - [TEST_STEP][PASSED] - testEmailAddressMismatch(): null

31-03-2025T20:47:44 - [TEST_STEP][PASSED] - testData = findTestData("Data Files/C679"): null

31-03-2025T20:47:44 - [TEST_STEP][PASSED] - email1 = testData.getValue("email", 1): null

31-03-2025T20:47:44 - [TEST_STEP][PASSED] - email2 = testData.getValue("email", 2): null

31-03-2025T20:47:44 - [TEST_STEP][PASSED] - sendKeys(findTestObject("Object Repository/Repo/android.widget.EditText-LoginorSignUp"), email1): Send keys 'vignesh@chn.com' on test object 'Object Repository/Repo/android.widget.EditText-LoginorSignUp' successfully.

31-03-2025T20:47:45 - [MESSAGE][PASSED] - Send keys 'vignesh@chn.com' on test object 'Object Repository/Repo/android.widget.EditText-LoginorSignUp' successfully.

31-03-2025T20:47:45 - [TEST_STEP][PASSED] - delay(10): Delayed 10 second(s)

31-03-2025T20:47:55 - [MESSAGE][PASSED] - Delayed 10 second(s)

31-03-2025T20:47:55 - [TEST_STEP][PASSED] - tap(findTestObject("Object Repository/Repo/android.widget.Button - Next"), 0): Tapped on element 'Object Repository/Repo/android.widget.Button - Next'

31-03-2025T20:47:55 - [MESSAGE][WARNING] - Timeout '0' is invalid. Using default page load timeout: '30'

31-03-2025T20:47:55 - [MESSAGE][PASSED] - Tapped on element 'Object Repository/Repo/android.widget.Button - Next'

31-03-2025T20:47:55 - [TEST_STEP][PASSED] - delay(10): Delayed 10 second(s)

31-03-2025T20:48:05 - [MESSAGE][PASSED] - Delayed 10 second(s)

31-03-2025T20:48:05 - [TEST_STEP][PASSED] - sendKeys(findTestObject("Object Repository/Repo/android.widget.EditText-confirm email address"), email2): Send keys 'Vignesh@c.com' on test object 'Object Repository/Repo/android.widget.EditText-confirm email address' successfully.

31-03-2025T20:48:05 - [MESSAGE][PASSED] - Send keys 'Vignesh@c.com' on test object 'Object Repository/Repo/android.widget.EditText-confirm email address' successfully.

31-03-2025T20:48:05 - [TEST_STEP][PASSED] - delay(10): Delayed 10 second(s)

31-03-2025T20:48:15 - [MESSAGE][PASSED] - Delayed 10 second(s)

31-03-2025T20:48:15 - [TEST_STEP][PASSED] - actualText = TextView -  Email addresses must match"), 0).trim(): Text of element 'Object Repository/Repo/android.widget.TextView -  Email addresses must match' is: ' Email addresses must match.
'

31-03-2025T20:48:15 - [MESSAGE][WARNING] - Timeout '0' is invalid. Using default page load timeout: '30'

31-03-2025T20:48:16 - [MESSAGE][PASSED] - Text of element 'Object Repository/Repo/android.widget.TextView -  Email addresses must match' is: ' Email addresses must match.
'

31-03-2025T20:48:16 - [TEST_STEP][PASSED] - expectedText = "Email addresses must match.": null

31-03-2025T20:48:16 - [TEST_STEP][PASSED] - assert actualText == expectedText: null

31-03-2025T20:48:16 - [TEST_STEP][PASSED] - tap(findTestObject("Object Repository/Repo/android.widget.Button - reset"), 0): Tapped on element 'Object Repository/Repo/android.widget.Button - reset'

31-03-2025T20:48:16 - [MESSAGE][WARNING] - Timeout '0' is invalid. Using default page load timeout: '30'

31-03-2025T20:48:16 - [MESSAGE][PASSED] - Tapped on element 'Object Repository/Repo/android.widget.Button - reset'

31-03-2025T20:48:16 - [TEST_STEP][PASSED] - hideKeyboard(): null

31-03-2025T20:48:17 - [MESSAGE][PASSED] - Keyboard is hidden

31-03-2025T20:48:17 - [TEST_STEP][PASSED] - testAlreadyUsedEmailAddress(): null

31-03-2025T20:48:17 - [TEST_STEP][PASSED] - excelData = findTestData("Data Files/C680"): null

31-03-2025T20:48:17 - [TEST_STEP][PASSED] - email1 = excelData.getValue("email", 1): null

31-03-2025T20:48:17 - [TEST_STEP][PASSED] - email2 = excelData.getValue("email", 2): null

31-03-2025T20:48:17 - [TEST_STEP][PASSED] - sendKeys(findTestObject("Object Repository/Repo/android.widget.EditText-LoginorSignUp"), email1): Send keys 'm@i.com' on test object 'Object Repository/Repo/android.widget.EditText-LoginorSignUp' successfully.

31-03-2025T20:48:18 - [MESSAGE][PASSED] - Send keys 'm@i.com' on test object 'Object Repository/Repo/android.widget.EditText-LoginorSignUp' successfully.

31-03-2025T20:48:18 - [TEST_STEP][PASSED] - delay(10): Delayed 10 second(s)

31-03-2025T20:48:28 - [MESSAGE][PASSED] - Delayed 10 second(s)

31-03-2025T20:48:28 - [TEST_STEP][PASSED] - tap(findTestObject("Object Repository/Repo/android.widget.Button - Next"), 0): Tapped on element 'Object Repository/Repo/android.widget.Button - Next'

31-03-2025T20:48:28 - [MESSAGE][WARNING] - Timeout '0' is invalid. Using default page load timeout: '30'

31-03-2025T20:48:28 - [MESSAGE][PASSED] - Tapped on element 'Object Repository/Repo/android.widget.Button - Next'

31-03-2025T20:48:28 - [TEST_STEP][PASSED] - delay(10): Delayed 10 second(s)

31-03-2025T20:48:38 - [MESSAGE][PASSED] - Delayed 10 second(s)

31-03-2025T20:48:38 - [TEST_STEP][PASSED] - tap(findTestObject("Object Repository/Repo/android.widget.Button - reset"), 0): Tapped on element 'Object Repository/Repo/android.widget.Button - reset'

31-03-2025T20:48:38 - [MESSAGE][WARNING] - Timeout '0' is invalid. Using default page load timeout: '30'

31-03-2025T20:48:38 - [MESSAGE][PASSED] - Tapped on element 'Object Repository/Repo/android.widget.Button - reset'

31-03-2025T20:48:38 - [TEST_STEP][PASSED] - hideKeyboard(): Keyboard is hidden

31-03-2025T20:48:39 - [MESSAGE][PASSED] - Keyboard is hidden

31-03-2025T20:48:39 - [TEST_STEP][PASSED] - delay(10): Delayed 10 second(s)

31-03-2025T20:48:49 - [MESSAGE][PASSED] - Delayed 10 second(s)

31-03-2025T20:48:49 - [TEST_STEP][PASSED] - sendKeys(findTestObject("Object Repository/Repo/android.widget.EditText -"), email2): Send keys '03205179TM@WG.COM' on test object 'Object Repository/Repo/android.widget.EditText -' successfully.

31-03-2025T20:48:49 - [MESSAGE][PASSED] - Send keys '03205179TM@WG.COM' on test object 'Object Repository/Repo/android.widget.EditText -' successfully.

31-03-2025T20:48:49 - [TEST_STEP][PASSED] - delay(10): Delayed 10 second(s)

31-03-2025T20:48:59 - [MESSAGE][PASSED] - Delayed 10 second(s)

31-03-2025T20:48:59 - [TEST_STEP][PASSED] - tap(findTestObject("Object Repository/Repo/android.widget.EditText-confirm email address"), 0): Tapped on element 'Object Repository/Repo/android.widget.EditText-confirm email address'

31-03-2025T20:48:59 - [MESSAGE][WARNING] - Timeout '0' is invalid. Using default page load timeout: '30'

31-03-2025T20:49:00 - [MESSAGE][PASSED] - Tapped on element 'Object Repository/Repo/android.widget.EditText-confirm email address'

31-03-2025T20:49:00 - [TEST_STEP][PASSED] - hideKeyboard(): Keyboard is hidden

31-03-2025T20:49:00 - [MESSAGE][PASSED] - Keyboard is hidden

31-03-2025T20:49:00 - [TEST_STEP][PASSED] - delay(10): Delayed 10 second(s)

31-03-2025T20:49:10 - [MESSAGE][PASSED] - Delayed 10 second(s)

31-03-2025T20:49:10 - [TEST_STEP][PASSED] - actualText = getText(findTestObject("Object Repository/Repo/android.widget.TextView -  The email address is already in use"), 0): Text of element 'Object Repository/Repo/android.widget.TextView -  The email address is already in use' is: ''

31-03-2025T20:49:10 - [MESSAGE][WARNING] - Timeout '0' is invalid. Using default page load timeout: '30'

31-03-2025T20:49:11 - [MESSAGE][PASSED] - Text of element 'Object Repository/Repo/android.widget.TextView -  The email address is already in use' is: ''

31-03-2025T20:49:11 - [TEST_STEP][PASSED] - expectedText = " The email address is already in use.": null

31-03-2025T20:49:11 - [TEST_STEP][PASSED] - tap(findTestObject("Object Repository/Repo/android.widget.Button - reset"), 0): Tapped on element 'Object Repository/Repo/android.widget.Button - reset'

31-03-2025T20:49:11 - [MESSAGE][WARNING] - Timeout '0' is invalid. Using default page load timeout: '30'

31-03-2025T20:49:11 - [MESSAGE][PASSED] - Tapped on element 'Object Repository/Repo/android.widget.Button - reset'

31-03-2025T20:49:11 - [TEST_STEP][PASSED] - hideKeyboard(): null

31-03-2025T20:49:12 - [MESSAGE][PASSED] - Keyboard is hidden

31-03-2025T20:49:12 - [TEST_STEP][PASSED] - testCopyPasteEmailFunctionality(): null

31-03-2025T20:49:12 - [TEST_STEP][PASSED] - testData = findTestData("Data Files/C681"): null

31-03-2025T20:49:12 - [TEST_STEP][PASSED] - email1 = testData.getValue("email", 1): null

31-03-2025T20:49:12 - [TEST_STEP][PASSED] - sendKeys(findTestObject("Object Repository/Repo/android.widget.EditText-LoginorSignUp"), email1): Send keys 'b@k.com' on test object 'Object Repository/Repo/android.widget.EditText-LoginorSignUp' successfully.

31-03-2025T20:49:13 - [MESSAGE][PASSED] - Send keys 'b@k.com' on test object 'Object Repository/Repo/android.widget.EditText-LoginorSignUp' successfully.

31-03-2025T20:49:13 - [TEST_STEP][PASSED] - delay(10): Delayed 10 second(s)

31-03-2025T20:49:23 - [MESSAGE][PASSED] - Delayed 10 second(s)

31-03-2025T20:49:23 - [TEST_STEP][PASSED] - tap(findTestObject("Object Repository/Repo/android.widget.Button - Next (1)"), 0): Tapped on element 'Object Repository/Repo/android.widget.Button - Next (1)'

31-03-2025T20:49:23 - [MESSAGE][WARNING] - Timeout '0' is invalid. Using default page load timeout: '30'

31-03-2025T20:49:23 - [MESSAGE][PASSED] - Tapped on element 'Object Repository/Repo/android.widget.Button - Next (1)'

31-03-2025T20:49:23 - [TEST_STEP][PASSED] - delay(10): Delayed 10 second(s)

31-03-2025T20:49:33 - [MESSAGE][PASSED] - Delayed 10 second(s)

31-03-2025T20:49:33 - [TEST_STEP][FAILED] - try: Failed to wait for element ''{0}'' present (Root cause: com.kms.katalon.core.exception.StepFailedException: Failed to wait for element ''{0}'' present
	at com.kms.katalon.core.mobile.keyword.internal.MobileKeywordMain.stepFailed(MobileKeywordMain.groovy:64)
	at com.kms.katalon.core.mobile.keyword.internal.MobileKeywordMain.runKeyword(MobileKeywordMain.groovy:34)
	at com.kms.katalon.core.mobile.keyword.builtin.WaitForElementPresentKeyword.waitForElementPresent(WaitForElementPresentKeyword.groovy:77)
	at com.kms.katalon.core.mobile.keyword.builtin.WaitForElementPresentKeyword.execute(WaitForElementPresentKeyword.groovy:61)
	at com.kms.katalon.core.keyword.internal.KeywordExecutor.executeKeywordForPlatform(KeywordExecutor.groovy:74)
	at com.kms.katalon.core.mobile.keyword.MobileBuiltInKeywords.waitForElementPresent(MobileBuiltInKeywords.groovy:1660)
	at EmailValidationTests.testCopyPasteEmailFunctionality(Script1743084213202.groovy:139)
	at EmailValidationTests.runAllTests(Script1743084213202.groovy:207)
	at C660-C681_SignUpNewUserPage.run(C660-C681_SignUpNewUserPage:216)
	at com.kms.katalon.core.main.ScriptEngine.run(ScriptEngine.java:194)
	at com.kms.katalon.core.main.ScriptEngine.runScriptAsRawText(ScriptEngine.java:119)
	at com.kms.katalon.core.main.TestCaseExecutor.runScript(TestCaseExecutor.java:448)
	at com.kms.katalon.core.main.TestCaseExecutor.doExecute(TestCaseExecutor.java:439)
	at com.kms.katalon.core.main.TestCaseExecutor.processExecutionPhase(TestCaseExecutor.java:418)
	at com.kms.katalon.core.main.TestCaseExecutor.accessMainPhase(TestCaseExecutor.java:410)
	at com.kms.katalon.core.main.TestCaseExecutor.execute(TestCaseExecutor.java:285)
	at com.kms.katalon.core.main.TestCaseExecutor.execute(TestCaseExecutor.java:369)
	at com.kms.katalon.core.main.TestCaseExecutor.execute(TestCaseExecutor.java:369)
	at com.kms.katalon.core.main.TestCaseExecutor.execute(TestCaseExecutor.java:369)
	at com.kms.katalon.core.common.CommonExecutor.accessTestCaseMainPhase(CommonExecutor.java:71)
	at com.kms.katalon.core.main.TestSuiteExecutor.accessTestSuiteMainPhase(TestSuiteExecutor.java:160)
	at com.kms.katalon.core.main.TestSuiteExecutor.execute(TestSuiteExecutor.java:107)
	at com.kms.katalon.core.main.TestCaseMain.startTestSuite(TestCaseMain.java:180)
	at TempTestSuite1743432912534.run(TempTestSuite1743432912534.groovy:35)
	at java.base/jdk.internal.reflect.NativeMethodAccessorImpl.invoke0(Native Method)
	at java.base/jdk.internal.reflect.NativeMethodAccessorImpl.invoke(NativeMethodAccessorImpl.java:77)
	at java.base/jdk.internal.reflect.DelegatingMethodAccessorImpl.invoke(DelegatingMethodAccessorImpl.java:43)
Caused by: java.lang.IllegalArgumentException: Object is null
	at com.kms.katalon.core.helper.KeywordHelper.checkTestObjectParameter(KeywordHelper.java:33)
	at com.kms.katalon.core.mobile.keyword.builtin.WaitForElementPresentKeyword$_waitForElementPresent_closure1.doCall(WaitForElementPresentKeyword.groovy:67)
	at com.kms.katalon.core.mobile.keyword.builtin.WaitForElementPresentKeyword$_waitForElementPresent_closure1.call(WaitForElementPresentKeyword.groovy)
	at com.kms.katalon.core.mobile.keyword.internal.MobileKeywordMain.runKeyword(MobileKeywordMain.groovy:30)
	at com.kms.katalon.core.mobile.keyword.builtin.WaitForElementPresentKeyword.waitForElementPresent(WaitForElementPresentKeyword.groovy:77)
	at com.kms.katalon.core.mobile.keyword.builtin.WaitForElementPresentKeyword.execute(WaitForElementPresentKeyword.groovy:61)
	at com.kms.katalon.core.keyword.internal.KeywordExecutor.executeKeywordForPlatform(KeywordExecutor.groovy:74)
	at com.kms.katalon.core.mobile.keyword.MobileBuiltInKeywords.waitForElementPresent(MobileBuiltInKeywords.groovy:1660)
	at EmailValidationTests.testCopyPasteEmailFunctionality(Script1743084213202.groovy:139)
	at EmailValidationTests.runAllTests(Script1743084213202.groovy:207)
	at Script1743084213202.run(Script1743084213202.groovy:216)
	... 18 more
)

31-03-2025T20:49:33 - [TEST_STEP][PASSED] - tap(findTestObject("Object Repository/Repo/android.widget.EditText-LoginorSignUp"), 0): Tapped on element 'Object Repository/Repo/android.widget.EditText-LoginorSignUp'

31-03-2025T20:49:33 - [MESSAGE][WARNING] - Timeout '0' is invalid. Using default page load timeout: '30'

31-03-2025T20:49:33 - [MESSAGE][PASSED] - Tapped on element 'Object Repository/Repo/android.widget.EditText-LoginorSignUp'

31-03-2025T20:49:33 - [TEST_STEP][PASSED] - tapAndHold(findTestObject("Object Repository/Repo/android.widget.EditText-LoginorSignUp"), 2, 0): Tapped and held on element 'Object Repository/Repo/android.widget.EditText-LoginorSignUp' with duration 2

31-03-2025T20:49:33 - [MESSAGE][WARNING] - Timeout '0' is invalid. Using default page load timeout: '30'

31-03-2025T20:49:37 - [MESSAGE][PASSED] - Tapped and held on element 'Object Repository/Repo/android.widget.EditText-LoginorSignUp' with duration 2

31-03-2025T20:49:37 - [TEST_STEP][PASSED] - delay(2): Delayed 2 second(s)

31-03-2025T20:49:39 - [MESSAGE][PASSED] - Delayed 2 second(s)

31-03-2025T20:49:39 - [TEST_STEP][FAILED] - if (waitForElementPresent(findTestObject("Object Repository/Repo/android.widget.TextView - Copy"), 3)): Failed to wait for element ''{0}'' present (Root cause: com.kms.katalon.core.exception.StepFailedException: Failed to wait for element ''{0}'' present
	at com.kms.katalon.core.mobile.keyword.internal.MobileKeywordMain.stepFailed(MobileKeywordMain.groovy:64)
	at com.kms.katalon.core.mobile.keyword.internal.MobileKeywordMain.runKeyword(MobileKeywordMain.groovy:34)
	at com.kms.katalon.core.mobile.keyword.builtin.WaitForElementPresentKeyword.waitForElementPresent(WaitForElementPresentKeyword.groovy:77)
	at com.kms.katalon.core.mobile.keyword.builtin.WaitForElementPresentKeyword.execute(WaitForElementPresentKeyword.groovy:61)
	at com.kms.katalon.core.keyword.internal.KeywordExecutor.executeKeywordForPlatform(KeywordExecutor.groovy:74)
	at com.kms.katalon.core.mobile.keyword.MobileBuiltInKeywords.waitForElementPresent(MobileBuiltInKeywords.groovy:1660)
	at EmailValidationTests.testCopyPasteEmailFunctionality(Script1743084213202.groovy:139)
	at EmailValidationTests.runAllTests(Script1743084213202.groovy:207)
	at C660-C681_SignUpNewUserPage.run(C660-C681_SignUpNewUserPage:216)
	at com.kms.katalon.core.main.ScriptEngine.run(ScriptEngine.java:194)
	at com.kms.katalon.core.main.ScriptEngine.runScriptAsRawText(ScriptEngine.java:119)
	at com.kms.katalon.core.main.TestCaseExecutor.runScript(TestCaseExecutor.java:448)
	at com.kms.katalon.core.main.TestCaseExecutor.doExecute(TestCaseExecutor.java:439)
	at com.kms.katalon.core.main.TestCaseExecutor.processExecutionPhase(TestCaseExecutor.java:418)
	at com.kms.katalon.core.main.TestCaseExecutor.accessMainPhase(TestCaseExecutor.java:410)
	at com.kms.katalon.core.main.TestCaseExecutor.execute(TestCaseExecutor.java:285)
	at com.kms.katalon.core.main.TestCaseExecutor.execute(TestCaseExecutor.java:369)
	at com.kms.katalon.core.main.TestCaseExecutor.execute(TestCaseExecutor.java:369)
	at com.kms.katalon.core.main.TestCaseExecutor.execute(TestCaseExecutor.java:369)
	at com.kms.katalon.core.common.CommonExecutor.accessTestCaseMainPhase(CommonExecutor.java:71)
	at com.kms.katalon.core.main.TestSuiteExecutor.accessTestSuiteMainPhase(TestSuiteExecutor.java:160)
	at com.kms.katalon.core.main.TestSuiteExecutor.execute(TestSuiteExecutor.java:107)
	at com.kms.katalon.core.main.TestCaseMain.startTestSuite(TestCaseMain.java:180)
	at TempTestSuite1743432912534.run(TempTestSuite1743432912534.groovy:35)
	at java.base/jdk.internal.reflect.NativeMethodAccessorImpl.invoke0(Native Method)
	at java.base/jdk.internal.reflect.NativeMethodAccessorImpl.invoke(NativeMethodAccessorImpl.java:77)
	at java.base/jdk.internal.reflect.DelegatingMethodAccessorImpl.invoke(DelegatingMethodAccessorImpl.java:43)
Caused by: java.lang.IllegalArgumentException: Object is null
	at com.kms.katalon.core.helper.KeywordHelper.checkTestObjectParameter(KeywordHelper.java:33)
	at com.kms.katalon.core.mobile.keyword.builtin.WaitForElementPresentKeyword$_waitForElementPresent_closure1.doCall(WaitForElementPresentKeyword.groovy:67)
	at com.kms.katalon.core.mobile.keyword.builtin.WaitForElementPresentKeyword$_waitForElementPresent_closure1.call(WaitForElementPresentKeyword.groovy)
	at com.kms.katalon.core.mobile.keyword.internal.MobileKeywordMain.runKeyword(MobileKeywordMain.groovy:30)
	at com.kms.katalon.core.mobile.keyword.builtin.WaitForElementPresentKeyword.waitForElementPresent(WaitForElementPresentKeyword.groovy:77)
	at com.kms.katalon.core.mobile.keyword.builtin.WaitForElementPresentKeyword.execute(WaitForElementPresentKeyword.groovy:61)
	at com.kms.katalon.core.keyword.internal.KeywordExecutor.executeKeywordForPlatform(KeywordExecutor.groovy:74)
	at com.kms.katalon.core.mobile.keyword.MobileBuiltInKeywords.waitForElementPresent(MobileBuiltInKeywords.groovy:1660)
	at EmailValidationTests.testCopyPasteEmailFunctionality(Script1743084213202.groovy:139)
	at EmailValidationTests.runAllTests(Script1743084213202.groovy:207)
	at Script1743084213202.run(Script1743084213202.groovy:216)
	... 18 more
)

31-03-2025T20:49:39 - [MESSAGE][WARNING] - Test object with id 'Object Repository/Repo/android.widget.TextView - Copy' does not exist

31-03-2025T20:49:39 - [MESSAGE][WARNING] - Test object with id 'Object Repository/' does not exist

31-03-2025T20:49:40 - [MESSAGE][FAILED] - Failed to wait for element ''{0}'' present (Root cause: com.kms.katalon.core.exception.StepFailedException: Failed to wait for element ''{0}'' present
	at com.kms.katalon.core.mobile.keyword.internal.MobileKeywordMain.stepFailed(MobileKeywordMain.groovy:64)
	at com.kms.katalon.core.mobile.keyword.internal.MobileKeywordMain.runKeyword(MobileKeywordMain.groovy:34)
	at com.kms.katalon.core.mobile.keyword.builtin.WaitForElementPresentKeyword.waitForElementPresent(WaitForElementPresentKeyword.groovy:77)
	at com.kms.katalon.core.mobile.keyword.builtin.WaitForElementPresentKeyword.execute(WaitForElementPresentKeyword.groovy:61)
	at com.kms.katalon.core.keyword.internal.KeywordExecutor.executeKeywordForPlatform(KeywordExecutor.groovy:74)
	at com.kms.katalon.core.mobile.keyword.MobileBuiltInKeywords.waitForElementPresent(MobileBuiltInKeywords.groovy:1660)
	at EmailValidationTests.testCopyPasteEmailFunctionality(Script1743084213202.groovy:139)
	at EmailValidationTests.runAllTests(Script1743084213202.groovy:207)
	at C660-C681_SignUpNewUserPage.run(C660-C681_SignUpNewUserPage:216)
	at com.kms.katalon.core.main.ScriptEngine.run(ScriptEngine.java:194)
	at com.kms.katalon.core.main.ScriptEngine.runScriptAsRawText(ScriptEngine.java:119)
	at com.kms.katalon.core.main.TestCaseExecutor.runScript(TestCaseExecutor.java:448)
	at com.kms.katalon.core.main.TestCaseExecutor.doExecute(TestCaseExecutor.java:439)
	at com.kms.katalon.core.main.TestCaseExecutor.processExecutionPhase(TestCaseExecutor.java:418)
	at com.kms.katalon.core.main.TestCaseExecutor.accessMainPhase(TestCaseExecutor.java:410)
	at com.kms.katalon.core.main.TestCaseExecutor.execute(TestCaseExecutor.java:285)
	at com.kms.katalon.core.main.TestCaseExecutor.execute(TestCaseExecutor.java:369)
	at com.kms.katalon.core.main.TestCaseExecutor.execute(TestCaseExecutor.java:369)
	at com.kms.katalon.core.main.TestCaseExecutor.execute(TestCaseExecutor.java:369)
	at com.kms.katalon.core.common.CommonExecutor.accessTestCaseMainPhase(CommonExecutor.java:71)
	at com.kms.katalon.core.main.TestSuiteExecutor.accessTestSuiteMainPhase(TestSuiteExecutor.java:160)
	at com.kms.katalon.core.main.TestSuiteExecutor.execute(TestSuiteExecutor.java:107)
	at com.kms.katalon.core.main.TestCaseMain.startTestSuite(TestCaseMain.java:180)
	at TempTestSuite1743432912534.run(TempTestSuite1743432912534.groovy:35)
	at java.base/jdk.internal.reflect.NativeMethodAccessorImpl.invoke0(Native Method)
	at java.base/jdk.internal.reflect.NativeMethodAccessorImpl.invoke(NativeMethodAccessorImpl.java:77)
	at java.base/jdk.internal.reflect.DelegatingMethodAccessorImpl.invoke(DelegatingMethodAccessorImpl.java:43)
Caused by: java.lang.IllegalArgumentException: Object is null
	at com.kms.katalon.core.helper.KeywordHelper.checkTestObjectParameter(KeywordHelper.java:33)
	at com.kms.katalon.core.mobile.keyword.builtin.WaitForElementPresentKeyword$_waitForElementPresent_closure1.doCall(WaitForElementPresentKeyword.groovy:67)
	at com.kms.katalon.core.mobile.keyword.builtin.WaitForElementPresentKeyword$_waitForElementPresent_closure1.call(WaitForElementPresentKeyword.groovy)
	at com.kms.katalon.core.mobile.keyword.internal.MobileKeywordMain.runKeyword(MobileKeywordMain.groovy:30)
	at com.kms.katalon.core.mobile.keyword.builtin.WaitForElementPresentKeyword.waitForElementPresent(WaitForElementPresentKeyword.groovy:77)
	at com.kms.katalon.core.mobile.keyword.builtin.WaitForElementPresentKeyword.execute(WaitForElementPresentKeyword.groovy:61)
	at com.kms.katalon.core.keyword.internal.KeywordExecutor.executeKeywordForPlatform(KeywordExecutor.groovy:74)
	at com.kms.katalon.core.mobile.keyword.MobileBuiltInKeywords.waitForElementPresent(MobileBuiltInKeywords.groovy:1660)
	at EmailValidationTests.testCopyPasteEmailFunctionality(Script1743084213202.groovy:139)
	at EmailValidationTests.runAllTests(Script1743084213202.groovy:207)
	at Script1743084213202.run(Script1743084213202.groovy:216)
	... 18 more
)
[[ATTACHMENT|/Users/gv.vignesh/Downloads/WGR-Android-Automation/Reports/20250331_202512/WRMA Android Regression/20250331_202512/1743434379406.png]]

31-03-2025T20:49:40 - [TEST_STEP][PASSED] - catch (com.kms.katalon.core.exception.StepFailedException e): null

31-03-2025T20:49:40 - [TEST_STEP][PASSED] - println("⚠️ Error occurred during copy: " + e.getMessage()): null

31-03-2025T20:49:40 - [TEST_STEP][FAILED] - try: Failed to tap and hold on element 'Object Repository/Repo/android.widget.EditText-confirm email address' with duration 2 (Root cause: com.kms.katalon.core.exception.StepFailedException: Failed to tap and hold on element 'Object Repository/Repo/android.widget.EditText-confirm email address' with duration 2
	at com.kms.katalon.core.mobile.keyword.internal.MobileKeywordMain.stepFailed(MobileKeywordMain.groovy:64)
	at com.kms.katalon.core.mobile.keyword.internal.MobileKeywordMain.runKeyword(MobileKeywordMain.groovy:34)
	at com.kms.katalon.core.mobile.keyword.builtin.TapAndHoldKeyword.tapAndHold(TapAndHoldKeyword.groovy:69)
	at com.kms.katalon.core.mobile.keyword.builtin.TapAndHoldKeyword.execute(TapAndHoldKeyword.groovy:62)
	at com.kms.katalon.core.keyword.internal.KeywordExecutor.executeKeywordForPlatform(KeywordExecutor.groovy:74)
	at com.kms.katalon.core.mobile.keyword.MobileBuiltInKeywords.tapAndHold(MobileBuiltInKeywords.groovy:1542)
	at EmailValidationTests.testCopyPasteEmailFunctionality(Script1743084213202.groovy:151)
	at EmailValidationTests.runAllTests(Script1743084213202.groovy:207)
	at C660-C681_SignUpNewUserPage.run(C660-C681_SignUpNewUserPage:216)
	at com.kms.katalon.core.main.ScriptEngine.run(ScriptEngine.java:194)
	at com.kms.katalon.core.main.ScriptEngine.runScriptAsRawText(ScriptEngine.java:119)
	at com.kms.katalon.core.main.TestCaseExecutor.runScript(TestCaseExecutor.java:448)
	at com.kms.katalon.core.main.TestCaseExecutor.doExecute(TestCaseExecutor.java:439)
	at com.kms.katalon.core.main.TestCaseExecutor.processExecutionPhase(TestCaseExecutor.java:418)
	at com.kms.katalon.core.main.TestCaseExecutor.accessMainPhase(TestCaseExecutor.java:410)
	at com.kms.katalon.core.main.TestCaseExecutor.execute(TestCaseExecutor.java:285)
	at com.kms.katalon.core.main.TestCaseExecutor.execute(TestCaseExecutor.java:369)
	at com.kms.katalon.core.main.TestCaseExecutor.execute(TestCaseExecutor.java:369)
	at com.kms.katalon.core.main.TestCaseExecutor.execute(TestCaseExecutor.java:369)
	at com.kms.katalon.core.common.CommonExecutor.accessTestCaseMainPhase(CommonExecutor.java:71)
	at com.kms.katalon.core.main.TestSuiteExecutor.accessTestSuiteMainPhase(TestSuiteExecutor.java:160)
	at com.kms.katalon.core.main.TestSuiteExecutor.execute(TestSuiteExecutor.java:107)
	at com.kms.katalon.core.main.TestCaseMain.startTestSuite(TestCaseMain.java:180)
	at TempTestSuite1743432912534.run(TempTestSuite1743432912534.groovy:35)
	at java.base/jdk.internal.reflect.NativeMethodAccessorImpl.invoke0(Native Method)
	at java.base/jdk.internal.reflect.NativeMethodAccessorImpl.invoke(NativeMethodAccessorImpl.java:77)
	at java.base/jdk.internal.reflect.DelegatingMethodAccessorImpl.invoke(DelegatingMethodAccessorImpl.java:43)
Caused by: org.openqa.selenium.InvalidElementStateException: Unable to perform W3C actions. Check the logcat output for possible error reports and make sure your input actions chain is valid.
Build info: version: '4.22.0', revision: 'c5f3146703'
System info: os.name: 'Mac OS X', os.arch: 'aarch64', os.version: '15.3.2', java.version: '17.0.14'
Driver info: io.appium.java_client.android.AndroidDriver
Command: [29c397f4-36e4-49be-b38a-e4b4f1766bab, actions {actions=[org.openqa.selenium.interactions.Sequence@426ead99]}]
Capabilities {appium:app: /Users/gv.vignesh/Downloads..., appium:appActivity: com.westgate.rewrite2.MainA..., appium:appPackage: com.westgate.rewrite2, appium:autoGrantPermissions: true, appium:automationName: uiautomator2, appium:databaseEnabled: false, appium:desired: {app: /Users/gv.vignesh/Downloads..., autoGrantPermissions: true, automationName: uiautomator2, deviceId: , deviceName: samsung SM-A146B (Android 14), fullReset: true, newCommandTimeout: 1800, noReset: false, platformName: ANDROID, platformVersion: 14, systemPort: 51728, udid: adb-RZCW811B2MK-cCoIXY._adb...}, appium:deviceApiLevel: 34, appium:deviceId: , appium:deviceManufacturer: samsung, appium:deviceModel: SM-A146B, appium:deviceName: adb-RZCW811B2MK-cCoIXY._adb..., appium:deviceScreenDensity: 450, appium:deviceScreenSize: 1080x2408, appium:deviceUDID: adb-RZCW811B2MK-cCoIXY._adb..., appium:fullReset: true, appium:javascriptEnabled: true, appium:locationContextEnabled: false, appium:networkConnectionEnabled: true, appium:newCommandTimeout: 1800, appium:noReset: false, appium:pixelRatio: 2.8125, appium:platformVersion: 14, appium:statBarHeight: 65, appium:systemPort: 51728, appium:takesScreenshot: true, appium:udid: adb-RZCW811B2MK-cCoIXY._adb..., appium:viewportRect: {height: 2343, left: 0, top: 65, width: 1080}, appium:warnings: {}, appium:webStorageEnabled: false, platformName: ANDROID}
Session ID: 29c397f4-36e4-49be-b38a-e4b4f1766bab
	at java.base/jdk.internal.reflect.NativeConstructorAccessorImpl.newInstance0(Native Method)
	at java.base/jdk.internal.reflect.NativeConstructorAccessorImpl.newInstance(NativeConstructorAccessorImpl.java:77)
	at java.base/jdk.internal.reflect.DelegatingConstructorAccessorImpl.newInstance(DelegatingConstructorAccessorImpl.java:45)
	at org.openqa.selenium.remote.ErrorCodec.decode(ErrorCodec.java:167)
	at org.openqa.selenium.remote.codec.w3c.W3CHttpResponseCodec.decode(W3CHttpResponseCodec.java:138)
	at org.openqa.selenium.remote.codec.w3c.W3CHttpResponseCodec.decode(W3CHttpResponseCodec.java:50)
	at org.openqa.selenium.remote.HttpCommandExecutor.execute(HttpCommandExecutor.java:190)
	at io.appium.java_client.remote.AppiumCommandExecutor.execute(AppiumCommandExecutor.java:237)
	at org.openqa.selenium.remote.RemoteWebDriver.execute(RemoteWebDriver.java:518)
	at org.openqa.selenium.remote.RemoteWebDriver.perform(RemoteWebDriver.java:604)
	at com.kms.katalon.core.mobile.helper.MobileCommonHelper.tap(MobileCommonHelper.java:93)
	at com.kms.katalon.core.mobile.helper.MobileElementCommonHelper.tapAndHold(MobileElementCommonHelper.java:89)
	at com.kms.katalon.core.mobile.keyword.builtin.TapAndHoldKeyword$_tapAndHold_closure1.doCall(TapAndHoldKeyword.groovy:68)
	at com.kms.katalon.core.mobile.keyword.builtin.TapAndHoldKeyword$_tapAndHold_closure1.call(TapAndHoldKeyword.groovy)
	at com.kms.katalon.core.mobile.keyword.internal.MobileKeywordMain.runKeyword(MobileKeywordMain.groovy:30)
	at com.kms.katalon.core.mobile.keyword.builtin.TapAndHoldKeyword.tapAndHold(TapAndHoldKeyword.groovy:69)
	at com.kms.katalon.core.mobile.keyword.builtin.TapAndHoldKeyword.execute(TapAndHoldKeyword.groovy:62)
	at com.kms.katalon.core.keyword.internal.KeywordExecutor.executeKeywordForPlatform(KeywordExecutor.groovy:74)
	at com.kms.katalon.core.mobile.keyword.MobileBuiltInKeywords.tapAndHold(MobileBuiltInKeywords.groovy:1542)
	at EmailValidationTests.testCopyPasteEmailFunctionality(Script1743084213202.groovy:151)
	at EmailValidationTests.runAllTests(Script1743084213202.groovy:207)
	at Script1743084213202.run(Script1743084213202.groovy:216)
	... 18 more
)

31-03-2025T20:49:40 - [TEST_STEP][PASSED] - tap(findTestObject("Object Repository/Repo/android.widget.EditText-confirm email address"), 0): Tapped on element 'Object Repository/Repo/android.widget.EditText-confirm email address'

31-03-2025T20:49:40 - [MESSAGE][WARNING] - Timeout '0' is invalid. Using default page load timeout: '30'

31-03-2025T20:49:50 - [MESSAGE][PASSED] - Tapped on element 'Object Repository/Repo/android.widget.EditText-confirm email address'

31-03-2025T20:49:50 - [TEST_STEP][FAILED] - tapAndHold(findTestObject("Object Repository/Repo/android.widget.EditText-confirm email address"), 2, 0): Failed to tap and hold on element 'Object Repository/Repo/android.widget.EditText-confirm email address' with duration 2 (Root cause: com.kms.katalon.core.exception.StepFailedException: Failed to tap and hold on element 'Object Repository/Repo/android.widget.EditText-confirm email address' with duration 2
	at com.kms.katalon.core.mobile.keyword.internal.MobileKeywordMain.stepFailed(MobileKeywordMain.groovy:64)
	at com.kms.katalon.core.mobile.keyword.internal.MobileKeywordMain.runKeyword(MobileKeywordMain.groovy:34)
	at com.kms.katalon.core.mobile.keyword.builtin.TapAndHoldKeyword.tapAndHold(TapAndHoldKeyword.groovy:69)
	at com.kms.katalon.core.mobile.keyword.builtin.TapAndHoldKeyword.execute(TapAndHoldKeyword.groovy:62)
	at com.kms.katalon.core.keyword.internal.KeywordExecutor.executeKeywordForPlatform(KeywordExecutor.groovy:74)
	at com.kms.katalon.core.mobile.keyword.MobileBuiltInKeywords.tapAndHold(MobileBuiltInKeywords.groovy:1542)
	at EmailValidationTests.testCopyPasteEmailFunctionality(Script1743084213202.groovy:151)
	at EmailValidationTests.runAllTests(Script1743084213202.groovy:207)
	at C660-C681_SignUpNewUserPage.run(C660-C681_SignUpNewUserPage:216)
	at com.kms.katalon.core.main.ScriptEngine.run(ScriptEngine.java:194)
	at com.kms.katalon.core.main.ScriptEngine.runScriptAsRawText(ScriptEngine.java:119)
	at com.kms.katalon.core.main.TestCaseExecutor.runScript(TestCaseExecutor.java:448)
	at com.kms.katalon.core.main.TestCaseExecutor.doExecute(TestCaseExecutor.java:439)
	at com.kms.katalon.core.main.TestCaseExecutor.processExecutionPhase(TestCaseExecutor.java:418)
	at com.kms.katalon.core.main.TestCaseExecutor.accessMainPhase(TestCaseExecutor.java:410)
	at com.kms.katalon.core.main.TestCaseExecutor.execute(TestCaseExecutor.java:285)
	at com.kms.katalon.core.main.TestCaseExecutor.execute(TestCaseExecutor.java:369)
	at com.kms.katalon.core.main.TestCaseExecutor.execute(TestCaseExecutor.java:369)
	at com.kms.katalon.core.main.TestCaseExecutor.execute(TestCaseExecutor.java:369)
	at com.kms.katalon.core.common.CommonExecutor.accessTestCaseMainPhase(CommonExecutor.java:71)
	at com.kms.katalon.core.main.TestSuiteExecutor.accessTestSuiteMainPhase(TestSuiteExecutor.java:160)
	at com.kms.katalon.core.main.TestSuiteExecutor.execute(TestSuiteExecutor.java:107)
	at com.kms.katalon.core.main.TestCaseMain.startTestSuite(TestCaseMain.java:180)
	at TempTestSuite1743432912534.run(TempTestSuite1743432912534.groovy:35)
	at java.base/jdk.internal.reflect.NativeMethodAccessorImpl.invoke0(Native Method)
	at java.base/jdk.internal.reflect.NativeMethodAccessorImpl.invoke(NativeMethodAccessorImpl.java:77)
	at java.base/jdk.internal.reflect.DelegatingMethodAccessorImpl.invoke(DelegatingMethodAccessorImpl.java:43)
Caused by: org.openqa.selenium.InvalidElementStateException: Unable to perform W3C actions. Check the logcat output for possible error reports and make sure your input actions chain is valid.
Build info: version: '4.22.0', revision: 'c5f3146703'
System info: os.name: 'Mac OS X', os.arch: 'aarch64', os.version: '15.3.2', java.version: '17.0.14'
Driver info: io.appium.java_client.android.AndroidDriver
Command: [29c397f4-36e4-49be-b38a-e4b4f1766bab, actions {actions=[org.openqa.selenium.interactions.Sequence@426ead99]}]
Capabilities {appium:app: /Users/gv.vignesh/Downloads..., appium:appActivity: com.westgate.rewrite2.MainA..., appium:appPackage: com.westgate.rewrite2, appium:autoGrantPermissions: true, appium:automationName: uiautomator2, appium:databaseEnabled: false, appium:desired: {app: /Users/gv.vignesh/Downloads..., autoGrantPermissions: true, automationName: uiautomator2, deviceId: , deviceName: samsung SM-A146B (Android 14), fullReset: true, newCommandTimeout: 1800, noReset: false, platformName: ANDROID, platformVersion: 14, systemPort: 51728, udid: adb-RZCW811B2MK-cCoIXY._adb...}, appium:deviceApiLevel: 34, appium:deviceId: , appium:deviceManufacturer: samsung, appium:deviceModel: SM-A146B, appium:deviceName: adb-RZCW811B2MK-cCoIXY._adb..., appium:deviceScreenDensity: 450, appium:deviceScreenSize: 1080x2408, appium:deviceUDID: adb-RZCW811B2MK-cCoIXY._adb..., appium:fullReset: true, appium:javascriptEnabled: true, appium:locationContextEnabled: false, appium:networkConnectionEnabled: true, appium:newCommandTimeout: 1800, appium:noReset: false, appium:pixelRatio: 2.8125, appium:platformVersion: 14, appium:statBarHeight: 65, appium:systemPort: 51728, appium:takesScreenshot: true, appium:udid: adb-RZCW811B2MK-cCoIXY._adb..., appium:viewportRect: {height: 2343, left: 0, top: 65, width: 1080}, appium:warnings: {}, appium:webStorageEnabled: false, platformName: ANDROID}
Session ID: 29c397f4-36e4-49be-b38a-e4b4f1766bab
	at java.base/jdk.internal.reflect.NativeConstructorAccessorImpl.newInstance0(Native Method)
	at java.base/jdk.internal.reflect.NativeConstructorAccessorImpl.newInstance(NativeConstructorAccessorImpl.java:77)
	at java.base/jdk.internal.reflect.DelegatingConstructorAccessorImpl.newInstance(DelegatingConstructorAccessorImpl.java:45)
	at org.openqa.selenium.remote.ErrorCodec.decode(ErrorCodec.java:167)
	at org.openqa.selenium.remote.codec.w3c.W3CHttpResponseCodec.decode(W3CHttpResponseCodec.java:138)
	at org.openqa.selenium.remote.codec.w3c.W3CHttpResponseCodec.decode(W3CHttpResponseCodec.java:50)
	at org.openqa.selenium.remote.HttpCommandExecutor.execute(HttpCommandExecutor.java:190)
	at io.appium.java_client.remote.AppiumCommandExecutor.execute(AppiumCommandExecutor.java:237)
	at org.openqa.selenium.remote.RemoteWebDriver.execute(RemoteWebDriver.java:518)
	at org.openqa.selenium.remote.RemoteWebDriver.perform(RemoteWebDriver.java:604)
	at com.kms.katalon.core.mobile.helper.MobileCommonHelper.tap(MobileCommonHelper.java:93)
	at com.kms.katalon.core.mobile.helper.MobileElementCommonHelper.tapAndHold(MobileElementCommonHelper.java:89)
	at com.kms.katalon.core.mobile.keyword.builtin.TapAndHoldKeyword$_tapAndHold_closure1.doCall(TapAndHoldKeyword.groovy:68)
	at com.kms.katalon.core.mobile.keyword.builtin.TapAndHoldKeyword$_tapAndHold_closure1.call(TapAndHoldKeyword.groovy)
	at com.kms.katalon.core.mobile.keyword.internal.MobileKeywordMain.runKeyword(MobileKeywordMain.groovy:30)
	at com.kms.katalon.core.mobile.keyword.builtin.TapAndHoldKeyword.tapAndHold(TapAndHoldKeyword.groovy:69)
	at com.kms.katalon.core.mobile.keyword.builtin.TapAndHoldKeyword.execute(TapAndHoldKeyword.groovy:62)
	at com.kms.katalon.core.keyword.internal.KeywordExecutor.executeKeywordForPlatform(KeywordExecutor.groovy:74)
	at com.kms.katalon.core.mobile.keyword.MobileBuiltInKeywords.tapAndHold(MobileBuiltInKeywords.groovy:1542)
	at EmailValidationTests.testCopyPasteEmailFunctionality(Script1743084213202.groovy:151)
	at EmailValidationTests.runAllTests(Script1743084213202.groovy:207)
	at Script1743084213202.run(Script1743084213202.groovy:216)
	... 18 more
)

31-03-2025T20:49:50 - [MESSAGE][WARNING] - Timeout '0' is invalid. Using default page load timeout: '30'

31-03-2025T20:49:55 - [MESSAGE][FAILED] - Failed to tap and hold on element 'Object Repository/Repo/android.widget.EditText-confirm email address' with duration 2 (Root cause: com.kms.katalon.core.exception.StepFailedException: Failed to tap and hold on element 'Object Repository/Repo/android.widget.EditText-confirm email address' with duration 2
	at com.kms.katalon.core.mobile.keyword.internal.MobileKeywordMain.stepFailed(MobileKeywordMain.groovy:64)
	at com.kms.katalon.core.mobile.keyword.internal.MobileKeywordMain.runKeyword(MobileKeywordMain.groovy:34)
	at com.kms.katalon.core.mobile.keyword.builtin.TapAndHoldKeyword.tapAndHold(TapAndHoldKeyword.groovy:69)
	at com.kms.katalon.core.mobile.keyword.builtin.TapAndHoldKeyword.execute(TapAndHoldKeyword.groovy:62)
	at com.kms.katalon.core.keyword.internal.KeywordExecutor.executeKeywordForPlatform(KeywordExecutor.groovy:74)
	at com.kms.katalon.core.mobile.keyword.MobileBuiltInKeywords.tapAndHold(MobileBuiltInKeywords.groovy:1542)
	at EmailValidationTests.testCopyPasteEmailFunctionality(Script1743084213202.groovy:151)
	at EmailValidationTests.runAllTests(Script1743084213202.groovy:207)
	at C660-C681_SignUpNewUserPage.run(C660-C681_SignUpNewUserPage:216)
	at com.kms.katalon.core.main.ScriptEngine.run(ScriptEngine.java:194)
	at com.kms.katalon.core.main.ScriptEngine.runScriptAsRawText(ScriptEngine.java:119)
	at com.kms.katalon.core.main.TestCaseExecutor.runScript(TestCaseExecutor.java:448)
	at com.kms.katalon.core.main.TestCaseExecutor.doExecute(TestCaseExecutor.java:439)
	at com.kms.katalon.core.main.TestCaseExecutor.processExecutionPhase(TestCaseExecutor.java:418)
	at com.kms.katalon.core.main.TestCaseExecutor.accessMainPhase(TestCaseExecutor.java:410)
	at com.kms.katalon.core.main.TestCaseExecutor.execute(TestCaseExecutor.java:285)
	at com.kms.katalon.core.main.TestCaseExecutor.execute(TestCaseExecutor.java:369)
	at com.kms.katalon.core.main.TestCaseExecutor.execute(TestCaseExecutor.java:369)
	at com.kms.katalon.core.main.TestCaseExecutor.execute(TestCaseExecutor.java:369)
	at com.kms.katalon.core.common.CommonExecutor.accessTestCaseMainPhase(CommonExecutor.java:71)
	at com.kms.katalon.core.main.TestSuiteExecutor.accessTestSuiteMainPhase(TestSuiteExecutor.java:160)
	at com.kms.katalon.core.main.TestSuiteExecutor.execute(TestSuiteExecutor.java:107)
	at com.kms.katalon.core.main.TestCaseMain.startTestSuite(TestCaseMain.java:180)
	at TempTestSuite1743432912534.run(TempTestSuite1743432912534.groovy:35)
	at java.base/jdk.internal.reflect.NativeMethodAccessorImpl.invoke0(Native Method)
	at java.base/jdk.internal.reflect.NativeMethodAccessorImpl.invoke(NativeMethodAccessorImpl.java:77)
	at java.base/jdk.internal.reflect.DelegatingMethodAccessorImpl.invoke(DelegatingMethodAccessorImpl.java:43)
Caused by: org.openqa.selenium.InvalidElementStateException: Unable to perform W3C actions. Check the logcat output for possible error reports and make sure your input actions chain is valid.
Build info: version: '4.22.0', revision: 'c5f3146703'
System info: os.name: 'Mac OS X', os.arch: 'aarch64', os.version: '15.3.2', java.version: '17.0.14'
Driver info: io.appium.java_client.android.AndroidDriver
Command: [29c397f4-36e4-49be-b38a-e4b4f1766bab, actions {actions=[org.openqa.selenium.interactions.Sequence@426ead99]}]
Capabilities {appium:app: /Users/gv.vignesh/Downloads..., appium:appActivity: com.westgate.rewrite2.MainA..., appium:appPackage: com.westgate.rewrite2, appium:autoGrantPermissions: true, appium:automationName: uiautomator2, appium:databaseEnabled: false, appium:desired: {app: /Users/gv.vignesh/Downloads..., autoGrantPermissions: true, automationName: uiautomator2, deviceId: , deviceName: samsung SM-A146B (Android 14), fullReset: true, newCommandTimeout: 1800, noReset: false, platformName: ANDROID, platformVersion: 14, systemPort: 51728, udid: adb-RZCW811B2MK-cCoIXY._adb...}, appium:deviceApiLevel: 34, appium:deviceId: , appium:deviceManufacturer: samsung, appium:deviceModel: SM-A146B, appium:deviceName: adb-RZCW811B2MK-cCoIXY._adb..., appium:deviceScreenDensity: 450, appium:deviceScreenSize: 1080x2408, appium:deviceUDID: adb-RZCW811B2MK-cCoIXY._adb..., appium:fullReset: true, appium:javascriptEnabled: true, appium:locationContextEnabled: false, appium:networkConnectionEnabled: true, appium:newCommandTimeout: 1800, appium:noReset: false, appium:pixelRatio: 2.8125, appium:platformVersion: 14, appium:statBarHeight: 65, appium:systemPort: 51728, appium:takesScreenshot: true, appium:udid: adb-RZCW811B2MK-cCoIXY._adb..., appium:viewportRect: {height: 2343, left: 0, top: 65, width: 1080}, appium:warnings: {}, appium:webStorageEnabled: false, platformName: ANDROID}
Session ID: 29c397f4-36e4-49be-b38a-e4b4f1766bab
	at java.base/jdk.internal.reflect.NativeConstructorAccessorImpl.newInstance0(Native Method)
	at java.base/jdk.internal.reflect.NativeConstructorAccessorImpl.newInstance(NativeConstructorAccessorImpl.java:77)
	at java.base/jdk.internal.reflect.DelegatingConstructorAccessorImpl.newInstance(DelegatingConstructorAccessorImpl.java:45)
	at org.openqa.selenium.remote.ErrorCodec.decode(ErrorCodec.java:167)
	at org.openqa.selenium.remote.codec.w3c.W3CHttpResponseCodec.decode(W3CHttpResponseCodec.java:138)
	at org.openqa.selenium.remote.codec.w3c.W3CHttpResponseCodec.decode(W3CHttpResponseCodec.java:50)
	at org.openqa.selenium.remote.HttpCommandExecutor.execute(HttpCommandExecutor.java:190)
	at io.appium.java_client.remote.AppiumCommandExecutor.execute(AppiumCommandExecutor.java:237)
	at org.openqa.selenium.remote.RemoteWebDriver.execute(RemoteWebDriver.java:518)
	at org.openqa.selenium.remote.RemoteWebDriver.perform(RemoteWebDriver.java:604)
	at com.kms.katalon.core.mobile.helper.MobileCommonHelper.tap(MobileCommonHelper.java:93)
	at com.kms.katalon.core.mobile.helper.MobileElementCommonHelper.tapAndHold(MobileElementCommonHelper.java:89)
	at com.kms.katalon.core.mobile.keyword.builtin.TapAndHoldKeyword$_tapAndHold_closure1.doCall(TapAndHoldKeyword.groovy:68)
	at com.kms.katalon.core.mobile.keyword.builtin.TapAndHoldKeyword$_tapAndHold_closure1.call(TapAndHoldKeyword.groovy)
	at com.kms.katalon.core.mobile.keyword.internal.MobileKeywordMain.runKeyword(MobileKeywordMain.groovy:30)
	at com.kms.katalon.core.mobile.keyword.builtin.TapAndHoldKeyword.tapAndHold(TapAndHoldKeyword.groovy:69)
	at com.kms.katalon.core.mobile.keyword.builtin.TapAndHoldKeyword.execute(TapAndHoldKeyword.groovy:62)
	at com.kms.katalon.core.keyword.internal.KeywordExecutor.executeKeywordForPlatform(KeywordExecutor.groovy:74)
	at com.kms.katalon.core.mobile.keyword.MobileBuiltInKeywords.tapAndHold(MobileBuiltInKeywords.groovy:1542)
	at EmailValidationTests.testCopyPasteEmailFunctionality(Script1743084213202.groovy:151)
	at EmailValidationTests.runAllTests(Script1743084213202.groovy:207)
	at Script1743084213202.run(Script1743084213202.groovy:216)
	... 18 more
)
[[ATTACHMENT|/Users/gv.vignesh/Downloads/WGR-Android-Automation/Reports/20250331_202512/WRMA Android Regression/20250331_202512/1743434394065.png]]

31-03-2025T20:49:55 - [TEST_STEP][PASSED] - catch (com.kms.katalon.core.exception.StepFailedException e): null

31-03-2025T20:49:55 - [TEST_STEP][PASSED] - println("⚠️ Error occurred during paste: " + e.getMessage()): null

31-03-2025T20:49:55 - [TEST_STEP][PASSED] - tap(findTestObject("Object Repository/Repo/android.widget.Button - reset"), 0): Tapped on element 'Object Repository/Repo/android.widget.Button - reset'

31-03-2025T20:49:55 - [MESSAGE][WARNING] - Timeout '0' is invalid. Using default page load timeout: '30'

31-03-2025T20:49:55 - [MESSAGE][PASSED] - Tapped on element 'Object Repository/Repo/android.widget.Button - reset'

31-03-2025T20:49:55 - [TEST_STEP][PASSED] - hideKeyboard(): null

31-03-2025T20:49:56 - [MESSAGE][PASSED] - Keyboard is hidden

31-03-2025T20:49:56 - [TEST_STEP][PASSED] - testMultipleEmailsFunctionality(): null

31-03-2025T20:49:56 - [TEST_STEP][PASSED] - testData = findTestData("Data Files/Emails"): null

31-03-2025T20:49:56 - [TEST_STEP][PASSED] - email1 = testData.getValue("email", 1): null

31-03-2025T20:49:56 - [TEST_STEP][PASSED] - email2 = testData.getValue("email", 2): null

31-03-2025T20:49:56 - [TEST_STEP][PASSED] - sendKeys(findTestObject("Object Repository/Repo/android.widget.EditText-LoginorSignUp"), email1): Send keys 'c@y.com' on test object 'Object Repository/Repo/android.widget.EditText-LoginorSignUp' successfully.

31-03-2025T20:49:57 - [MESSAGE][PASSED] - Send keys 'c@y.com' on test object 'Object Repository/Repo/android.widget.EditText-LoginorSignUp' successfully.

31-03-2025T20:49:57 - [TEST_STEP][PASSED] - tap(findTestObject("Object Repository/Repo/android.widget.Button - Next (1)"), 10): Tapped on element 'Object Repository/Repo/android.widget.Button - Next (1)'

31-03-2025T20:49:59 - [MESSAGE][PASSED] - Tapped on element 'Object Repository/Repo/android.widget.Button - Next (1)'

31-03-2025T20:49:59 - [TEST_STEP][PASSED] - tap(findTestObject("Object Repository/Repo/android.widget.Button - reset"), 10): Tapped on element 'Object Repository/Repo/android.widget.Button - reset'

31-03-2025T20:49:59 - [MESSAGE][PASSED] - Tapped on element 'Object Repository/Repo/android.widget.Button - reset'

31-03-2025T20:49:59 - [TEST_STEP][PASSED] - hideKeyboard(): Keyboard is hidden

31-03-2025T20:50:00 - [MESSAGE][PASSED] - Keyboard is hidden

31-03-2025T20:50:00 - [TEST_STEP][PASSED] - sendKeys(findTestObject("Object Repository/Repo/android.widget.EditText-confirm email address"), email2): Send keys 'o.m' on test object 'Object Repository/Repo/android.widget.EditText-confirm email address' successfully.

31-03-2025T20:50:00 - [MESSAGE][PASSED] - Send keys 'o.m' on test object 'Object Repository/Repo/android.widget.EditText-confirm email address' successfully.

31-03-2025T20:50:00 - [TEST_STEP][PASSED] - delay(3): Delayed 3 second(s)

31-03-2025T20:50:03 - [MESSAGE][PASSED] - Delayed 3 second(s)

31-03-2025T20:50:03 - [TEST_STEP][PASSED] - tap(findTestObject("Object Repository/Repo/android.widget.EditText-confirm email address"), 10): Tapped on element 'Object Repository/Repo/android.widget.EditText-confirm email address'

31-03-2025T20:50:04 - [MESSAGE][PASSED] - Tapped on element 'Object Repository/Repo/android.widget.EditText-confirm email address'

31-03-2025T20:50:04 - [TEST_STEP][PASSED] - try: null

31-03-2025T20:50:04 - [TEST_STEP][PASSED] - testObject = findTestObject("Object Repository/Repo/android.widget.TextView - Invalid email format"): Test object with id 'Object Repository/Repo/android.widget.TextView - Invalid email format' does not exist

31-03-2025T20:50:04 - [MESSAGE][WARNING] - Test object with id 'Object Repository/Repo/android.widget.TextView - Invalid email format' does not exist

31-03-2025T20:50:04 - [TEST_STEP][PASSED] - if (testObject == null): null

31-03-2025T20:50:04 - [TEST_STEP][PASSED] - throw new java.lang.Exception(Test object 'Invalid email format' not found in the Object Repository.): null

31-03-2025T20:50:04 - [TEST_STEP][PASSED] - catch (Exception e): null

31-03-2025T20:50:04 - [TEST_STEP][PASSED] - println(❌ An error occurred: $e.getMessage()): null

31-03-2025T20:50:04 - [TEST_STEP][PASSED] - tap(findTestObject("Object Repository/Repo/android.widget.Button - reset"), 0): Tapped on element 'Object Repository/Repo/android.widget.Button - reset'

31-03-2025T20:50:04 - [MESSAGE][WARNING] - Timeout '0' is invalid. Using default page load timeout: '30'

31-03-2025T20:50:05 - [MESSAGE][PASSED] - Tapped on element 'Object Repository/Repo/android.widget.Button - reset'

31-03-2025T20:50:05 - [TEST_STEP][PASSED] - hideKeyboard(): Keyboard is hidden

31-03-2025T20:50:06 - [MESSAGE][PASSED] - Keyboard is hidden

31-03-2025T20:50:06 - [TEST_STEP][PASSED] - Finally: null

31-03-2025T20:50:06 - [TEST_STEP][PASSED] - cleanup(): null

31-03-2025T20:50:06 - [TEST_STEP][PASSED] - closeApplication(): Close app successfully

31-03-2025T20:50:10 - [MESSAGE][PASSED] - Close app successfully]]></system-out>
         <system-err><![CDATA[]]></system-err>
      </testcase>
      <testcase name="Test Cases/Sign Up New UserPage/C682-C688_SignUpNewUserPage" time="361.47" classname="Test Cases/Sign Up New UserPage/C682-C688_SignUpNewUserPage" status="PASSED">
         <system-out><![CDATA[31-03-2025T20:53:26 - [TEST_CASE][PASSED] - Test Cases/Sign Up New UserPage/C682-C688_SignUpNewUserPage: Test Cases/Sign Up New UserPage/C682-C688_SignUpNewUserPage

31-03-2025T20:53:26 - [TEST_STEP][PASSED] - startApplication("/Users/gv.vignesh/Downloads/WGR-Android-Automation/App Folder/universal.apk", true): Started application: '/Users/gv.vignesh/Downloads/WGR-Android-Automation/App Folder/universal.apk'

31-03-2025T20:53:26 - [MESSAGE][INFO] - Starting application: '/Users/gv.vignesh/Downloads/WGR-Android-Automation/App Folder/universal.apk'

31-03-2025T20:53:26 - [MESSAGE][INFO] - User set preference: ['deviceId', '']

31-03-2025T20:53:57 - [MESSAGE][PASSED] - Started application: '/Users/gv.vignesh/Downloads/WGR-Android-Automation/App Folder/universal.apk'

31-03-2025T20:53:57 - [TEST_STEP][PASSED] - delay(10): Delayed 10 second(s)

31-03-2025T20:54:07 - [MESSAGE][PASSED] - Delayed 10 second(s)

31-03-2025T20:54:07 - [TEST_STEP][PASSED] - tap(findTestObject("Object Repository/Repo/SignUpNewUser/android.widget.Button - Login or Sign Up"), 0): Tapped on element 'Object Repository/Repo/SignUpNewUser/android.widget.Button - Login or Sign Up'

31-03-2025T20:54:07 - [MESSAGE][WARNING] - Timeout '0' is invalid. Using default page load timeout: '30'

31-03-2025T20:54:08 - [MESSAGE][PASSED] - Tapped on element 'Object Repository/Repo/SignUpNewUser/android.widget.Button - Login or Sign Up'

31-03-2025T20:54:08 - [TEST_STEP][PASSED] - delay(10): Delayed 10 second(s)

31-03-2025T20:54:18 - [MESSAGE][PASSED] - Delayed 10 second(s)

31-03-2025T20:54:18 - [TEST_STEP][PASSED] - setText(findTestObject("Object Repository/Repo/SignUpNewUser/android.widget.EditText"), "johndavid@gmail.com", 0): Text 'johndavid@gmail.com' has been set to element 'Object Repository/Repo/SignUpNewUser/android.widget.EditText'

31-03-2025T20:54:18 - [MESSAGE][WARNING] - Timeout '0' is invalid. Using default page load timeout: '30'

31-03-2025T20:54:20 - [MESSAGE][PASSED] - Text 'johndavid@gmail.com' has been set to element 'Object Repository/Repo/SignUpNewUser/android.widget.EditText'

31-03-2025T20:54:20 - [TEST_STEP][PASSED] - delay(3): Delayed 3 second(s)

31-03-2025T20:54:23 - [MESSAGE][PASSED] - Delayed 3 second(s)

31-03-2025T20:54:23 - [TEST_STEP][PASSED] - hideKeyboard(): Keyboard is hidden

31-03-2025T20:54:24 - [MESSAGE][PASSED] - Keyboard is hidden

31-03-2025T20:54:24 - [TEST_STEP][PASSED] - delay(3): Delayed 3 second(s)

31-03-2025T20:54:27 - [MESSAGE][PASSED] - Delayed 3 second(s)

31-03-2025T20:54:27 - [TEST_STEP][PASSED] - tap(findTestObject("Object Repository/Repo/SignUpNewUser/android.widget.Button - Next"), 0): Tapped on element 'Object Repository/Repo/SignUpNewUser/android.widget.Button - Next'

31-03-2025T20:54:27 - [MESSAGE][WARNING] - Timeout '0' is invalid. Using default page load timeout: '30'

31-03-2025T20:54:28 - [MESSAGE][PASSED] - Tapped on element 'Object Repository/Repo/SignUpNewUser/android.widget.Button - Next'

31-03-2025T20:54:28 - [TEST_STEP][PASSED] - delay(3): Delayed 3 second(s)

31-03-2025T20:54:31 - [MESSAGE][PASSED] - Delayed 3 second(s)

31-03-2025T20:54:31 - [TEST_STEP][PASSED] - setText(findTestObject("Object Repository/Repo/SignUpNewUser/android.widget.EditText (1)"), "johndavid@gmail.com", 0): Text 'johndavid@gmail.com' has been set to element 'Object Repository/Repo/SignUpNewUser/android.widget.EditText (1)'

31-03-2025T20:54:31 - [MESSAGE][WARNING] - Timeout '0' is invalid. Using default page load timeout: '30'

31-03-2025T20:54:31 - [MESSAGE][PASSED] - Text 'johndavid@gmail.com' has been set to element 'Object Repository/Repo/SignUpNewUser/android.widget.EditText (1)'

31-03-2025T20:54:31 - [TEST_STEP][PASSED] - delay(3): Delayed 3 second(s)

31-03-2025T20:54:34 - [MESSAGE][PASSED] - Delayed 3 second(s)

31-03-2025T20:54:34 - [TEST_STEP][PASSED] - hideKeyboard(): Keyboard is hidden

31-03-2025T20:54:35 - [MESSAGE][PASSED] - Keyboard is hidden

31-03-2025T20:54:35 - [TEST_STEP][PASSED] - delay(3): Delayed 3 second(s)

31-03-2025T20:54:38 - [MESSAGE][PASSED] - Delayed 3 second(s)

31-03-2025T20:54:38 - [TEST_STEP][PASSED] - tap(findTestObject("Object Repository/Repo/SignUpNewUser/android.widget.Button - Next (1)"), 0): Tapped on element 'Object Repository/Repo/SignUpNewUser/android.widget.Button - Next (1)'

31-03-2025T20:54:38 - [MESSAGE][WARNING] - Timeout '0' is invalid. Using default page load timeout: '30'

31-03-2025T20:54:38 - [MESSAGE][PASSED] - Tapped on element 'Object Repository/Repo/SignUpNewUser/android.widget.Button - Next (1)'

31-03-2025T20:54:38 - [TEST_STEP][PASSED] - delay(3): Delayed 3 second(s)

31-03-2025T20:54:41 - [MESSAGE][PASSED] - Delayed 3 second(s)

31-03-2025T20:54:41 - [TEST_STEP][PASSED] - setText(findTestObject("Object Repository/Repo/SignUpNewUser/android.widget.EditText (2)"), "steve", 0): Text 'steve' has been set to element 'Object Repository/Repo/SignUpNewUser/android.widget.EditText (2)'

31-03-2025T20:54:41 - [MESSAGE][WARNING] - Timeout '0' is invalid. Using default page load timeout: '30'

31-03-2025T20:54:41 - [MESSAGE][PASSED] - Text 'steve' has been set to element 'Object Repository/Repo/SignUpNewUser/android.widget.EditText (2)'

31-03-2025T20:54:41 - [TEST_STEP][PASSED] - delay(3): Delayed 3 second(s)

31-03-2025T20:54:44 - [MESSAGE][PASSED] - Delayed 3 second(s)

31-03-2025T20:54:44 - [TEST_STEP][PASSED] - hideKeyboard(): Keyboard is hidden

31-03-2025T20:54:45 - [MESSAGE][PASSED] - Keyboard is hidden

31-03-2025T20:54:45 - [TEST_STEP][PASSED] - delay(3): Delayed 3 second(s)

31-03-2025T20:54:48 - [MESSAGE][PASSED] - Delayed 3 second(s)

31-03-2025T20:54:48 - [TEST_STEP][PASSED] - setText(findTestObject("Object Repository/Repo/SignUpNewUser/android.widget.EditText (3)"), "smith", 0): Text 'smith' has been set to element 'Object Repository/Repo/SignUpNewUser/android.widget.EditText (3)'

31-03-2025T20:54:48 - [MESSAGE][WARNING] - Timeout '0' is invalid. Using default page load timeout: '30'

31-03-2025T20:54:49 - [MESSAGE][PASSED] - Text 'smith' has been set to element 'Object Repository/Repo/SignUpNewUser/android.widget.EditText (3)'

31-03-2025T20:54:49 - [TEST_STEP][PASSED] - delay(3): Delayed 3 second(s)

31-03-2025T20:54:52 - [MESSAGE][PASSED] - Delayed 3 second(s)

31-03-2025T20:54:52 - [TEST_STEP][PASSED] - hideKeyboard(): Keyboard is hidden

31-03-2025T20:54:53 - [MESSAGE][PASSED] - Keyboard is hidden

31-03-2025T20:54:53 - [TEST_STEP][PASSED] - delay(3): Delayed 3 second(s)

31-03-2025T20:54:56 - [MESSAGE][PASSED] - Delayed 3 second(s)

31-03-2025T20:54:56 - [TEST_STEP][PASSED] - sendKeys(findTestObject("Object Repository/Repo/SignUpNewUser/android.widget.EditText (5)"), "pass"): Send keys 'pass' on test object 'Object Repository/Repo/SignUpNewUser/android.widget.EditText (5)' successfully.

31-03-2025T20:54:56 - [MESSAGE][PASSED] - Send keys 'pass' on test object 'Object Repository/Repo/SignUpNewUser/android.widget.EditText (5)' successfully.

31-03-2025T20:54:56 - [TEST_STEP][PASSED] - delay(3): Delayed 3 second(s)

31-03-2025T20:54:59 - [MESSAGE][PASSED] - Delayed 3 second(s)

31-03-2025T20:54:59 - [TEST_STEP][PASSED] - tap(findTestObject("Object Repository/Repo/SignUpNewUser/android.widget.TextView - Your password must be between 8 and 20 characters and may not contain spaces"), 0): Tapped on element 'Object Repository/Repo/SignUpNewUser/android.widget.TextView - Your password must be between 8 and 20 characters and may not contain spaces'

31-03-2025T20:54:59 - [MESSAGE][WARNING] - Timeout '0' is invalid. Using default page load timeout: '30'

31-03-2025T20:55:00 - [MESSAGE][PASSED] - Tapped on element 'Object Repository/Repo/SignUpNewUser/android.widget.TextView - Your password must be between 8 and 20 characters and may not contain spaces'

31-03-2025T20:55:00 - [TEST_STEP][PASSED] - delay(3): Delayed 3 second(s)

31-03-2025T20:55:03 - [MESSAGE][PASSED] - Delayed 3 second(s)

31-03-2025T20:55:03 - [TEST_STEP][PASSED] - verifyElementExist(findTestObject("Object Repository/Repo/SignUpNewUser/android.widget.TextView -  Password does not meet security requirements"), 0): Element 'Object Repository/Repo/SignUpNewUser/android.widget.TextView -  Password does not meet security requirements' is exist

31-03-2025T20:55:03 - [MESSAGE][WARNING] - Timeout '0' is invalid. Using default page load timeout: '30'

31-03-2025T20:55:03 - [MESSAGE][PASSED] - Element 'Object Repository/Repo/SignUpNewUser/android.widget.TextView -  Password does not meet security requirements' is exist

31-03-2025T20:55:03 - [TEST_STEP][PASSED] - delay(3): Delayed 3 second(s)

31-03-2025T20:55:06 - [MESSAGE][PASSED] - Delayed 3 second(s)

31-03-2025T20:55:06 - [TEST_STEP][PASSED] - tap(findTestObject("Object Repository/Repo/SignUpNewUser/android.widget.Button - back"), 0): Tapped on element 'Object Repository/Repo/SignUpNewUser/android.widget.Button - back'

31-03-2025T20:55:06 - [MESSAGE][WARNING] - Timeout '0' is invalid. Using default page load timeout: '30'

31-03-2025T20:55:07 - [MESSAGE][PASSED] - Tapped on element 'Object Repository/Repo/SignUpNewUser/android.widget.Button - back'

31-03-2025T20:55:07 - [TEST_STEP][PASSED] - delay(3): Delayed 3 second(s)

31-03-2025T20:55:10 - [MESSAGE][PASSED] - Delayed 3 second(s)

31-03-2025T20:55:10 - [TEST_STEP][PASSED] - setText(findTestObject("Object Repository/Repo/SignUpNewUser/android.widget.EditText (1)"), "johndavid@gmail.com", 0): Text 'johndavid@gmail.com' has been set to element 'Object Repository/Repo/SignUpNewUser/android.widget.EditText (1)'

31-03-2025T20:55:10 - [MESSAGE][WARNING] - Timeout '0' is invalid. Using default page load timeout: '30'

31-03-2025T20:55:10 - [MESSAGE][PASSED] - Text 'johndavid@gmail.com' has been set to element 'Object Repository/Repo/SignUpNewUser/android.widget.EditText (1)'

31-03-2025T20:55:10 - [TEST_STEP][PASSED] - delay(3): Delayed 3 second(s)

31-03-2025T20:55:13 - [MESSAGE][PASSED] - Delayed 3 second(s)

31-03-2025T20:55:13 - [TEST_STEP][PASSED] - hideKeyboard(): Keyboard is hidden

31-03-2025T20:55:13 - [MESSAGE][PASSED] - Keyboard is hidden

31-03-2025T20:55:13 - [TEST_STEP][PASSED] - delay(3): Delayed 3 second(s)

31-03-2025T20:55:16 - [MESSAGE][PASSED] - Delayed 3 second(s)

31-03-2025T20:55:16 - [TEST_STEP][PASSED] - tap(findTestObject("Object Repository/Repo/SignUpNewUser/android.widget.Button - Next (1)"), 0): Tapped on element 'Object Repository/Repo/SignUpNewUser/android.widget.Button - Next (1)'

31-03-2025T20:55:16 - [MESSAGE][WARNING] - Timeout '0' is invalid. Using default page load timeout: '30'

31-03-2025T20:55:17 - [MESSAGE][PASSED] - Tapped on element 'Object Repository/Repo/SignUpNewUser/android.widget.Button - Next (1)'

31-03-2025T20:55:17 - [TEST_STEP][PASSED] - delay(3): Delayed 3 second(s)

31-03-2025T20:55:20 - [MESSAGE][PASSED] - Delayed 3 second(s)

31-03-2025T20:55:20 - [TEST_STEP][PASSED] - setText(findTestObject("Object Repository/Repo/SignUpNewUser/android.widget.EditText (6)"), "steve", 0): Text 'steve' has been set to element 'Object Repository/Repo/SignUpNewUser/android.widget.EditText (6)'

31-03-2025T20:55:20 - [MESSAGE][WARNING] - Timeout '0' is invalid. Using default page load timeout: '30'

31-03-2025T20:55:21 - [MESSAGE][PASSED] - Text 'steve' has been set to element 'Object Repository/Repo/SignUpNewUser/android.widget.EditText (6)'

31-03-2025T20:55:21 - [TEST_STEP][PASSED] - delay(3): Delayed 3 second(s)

31-03-2025T20:55:24 - [MESSAGE][PASSED] - Delayed 3 second(s)

31-03-2025T20:55:24 - [TEST_STEP][PASSED] - hideKeyboard(): Keyboard is hidden

31-03-2025T20:55:24 - [MESSAGE][PASSED] - Keyboard is hidden

31-03-2025T20:55:24 - [TEST_STEP][PASSED] - delay(3): Delayed 3 second(s)

31-03-2025T20:55:27 - [MESSAGE][PASSED] - Delayed 3 second(s)

31-03-2025T20:55:27 - [TEST_STEP][PASSED] - setText(findTestObject("Object Repository/Repo/SignUpNewUser/android.widget.EditText (7)"), "smith", 0): Text 'smith' has been set to element 'Object Repository/Repo/SignUpNewUser/android.widget.EditText (7)'

31-03-2025T20:55:27 - [MESSAGE][WARNING] - Timeout '0' is invalid. Using default page load timeout: '30'

31-03-2025T20:55:28 - [MESSAGE][PASSED] - Text 'smith' has been set to element 'Object Repository/Repo/SignUpNewUser/android.widget.EditText (7)'

31-03-2025T20:55:28 - [TEST_STEP][PASSED] - delay(3): Delayed 3 second(s)

31-03-2025T20:55:31 - [MESSAGE][PASSED] - Delayed 3 second(s)

31-03-2025T20:55:31 - [TEST_STEP][PASSED] - hideKeyboard(): Keyboard is hidden

31-03-2025T20:55:31 - [MESSAGE][PASSED] - Keyboard is hidden

31-03-2025T20:55:31 - [TEST_STEP][PASSED] - delay(3): Delayed 3 second(s)

31-03-2025T20:55:34 - [MESSAGE][PASSED] - Delayed 3 second(s)

31-03-2025T20:55:34 - [TEST_STEP][PASSED] - sendKeys(findTestObject("Object Repository/Repo/SignUpNewUser/android.widget.EditText (8)"), "1234567890123456789012"): Send keys '1234567890123456789012' on test object 'Object Repository/Repo/SignUpNewUser/android.widget.EditText (8)' successfully.

31-03-2025T20:55:35 - [MESSAGE][PASSED] - Send keys '1234567890123456789012' on test object 'Object Repository/Repo/SignUpNewUser/android.widget.EditText (8)' successfully.

31-03-2025T20:55:35 - [TEST_STEP][PASSED] - delay(3): Delayed 3 second(s)

31-03-2025T20:55:38 - [MESSAGE][PASSED] - Delayed 3 second(s)

31-03-2025T20:55:38 - [TEST_STEP][PASSED] - tap(findTestObject("Object Repository/Repo/SignUpNewUser/android.widget.TextView - Your password must be between 8 and 20 characters and may not contain spaces"), 0): Tapped on element 'Object Repository/Repo/SignUpNewUser/android.widget.TextView - Your password must be between 8 and 20 characters and may not contain spaces'

31-03-2025T20:55:38 - [MESSAGE][WARNING] - Timeout '0' is invalid. Using default page load timeout: '30'

31-03-2025T20:55:38 - [MESSAGE][PASSED] - Tapped on element 'Object Repository/Repo/SignUpNewUser/android.widget.TextView - Your password must be between 8 and 20 characters and may not contain spaces'

31-03-2025T20:55:38 - [TEST_STEP][PASSED] - delay(3): Delayed 3 second(s)

31-03-2025T20:55:41 - [MESSAGE][PASSED] - Delayed 3 second(s)

31-03-2025T20:55:41 - [TEST_STEP][PASSED] - tap(findTestObject("Object Repository/Repo/SignUpNewUser/android.widget.TextView - Confirm Password"), 0): Tapped on element 'Object Repository/Repo/SignUpNewUser/android.widget.TextView - Confirm Password'

31-03-2025T20:55:41 - [MESSAGE][WARNING] - Timeout '0' is invalid. Using default page load timeout: '30'

31-03-2025T20:55:41 - [MESSAGE][PASSED] - Tapped on element 'Object Repository/Repo/SignUpNewUser/android.widget.TextView - Confirm Password'

31-03-2025T20:55:41 - [TEST_STEP][PASSED] - delay(3): Delayed 3 second(s)

31-03-2025T20:55:44 - [MESSAGE][PASSED] - Delayed 3 second(s)

31-03-2025T20:55:44 - [TEST_STEP][PASSED] - tap(findTestObject("Object Repository/Repo/SignUpNewUser/android.widget.TextView - Confirm Password"), 0): Tapped on element 'Object Repository/Repo/SignUpNewUser/android.widget.TextView - Confirm Password'

31-03-2025T20:55:44 - [MESSAGE][WARNING] - Timeout '0' is invalid. Using default page load timeout: '30'

31-03-2025T20:55:45 - [MESSAGE][PASSED] - Tapped on element 'Object Repository/Repo/SignUpNewUser/android.widget.TextView - Confirm Password'

31-03-2025T20:55:45 - [TEST_STEP][PASSED] - delay(3): Delayed 3 second(s)

31-03-2025T20:55:48 - [MESSAGE][PASSED] - Delayed 3 second(s)

31-03-2025T20:55:48 - [TEST_STEP][PASSED] - sendKeys(findTestObject("Object Repository/Repo/SignUpNewUser/android.widget.EditText (9)"), "1234567890123456789012"): Send keys '1234567890123456789012' on test object 'Object Repository/Repo/SignUpNewUser/android.widget.EditText (9)' successfully.

31-03-2025T20:55:48 - [MESSAGE][PASSED] - Send keys '1234567890123456789012' on test object 'Object Repository/Repo/SignUpNewUser/android.widget.EditText (9)' successfully.

31-03-2025T20:55:48 - [TEST_STEP][PASSED] - delay(3): Delayed 3 second(s)

31-03-2025T20:55:51 - [MESSAGE][PASSED] - Delayed 3 second(s)

31-03-2025T20:55:51 - [TEST_STEP][PASSED] - tap(findTestObject("Object Repository/Repo/SignUpNewUser/android.widget.TextView - Confirm Password"), 0): Tapped on element 'Object Repository/Repo/SignUpNewUser/android.widget.TextView - Confirm Password'

31-03-2025T20:55:51 - [MESSAGE][WARNING] - Timeout '0' is invalid. Using default page load timeout: '30'

31-03-2025T20:55:52 - [MESSAGE][PASSED] - Tapped on element 'Object Repository/Repo/SignUpNewUser/android.widget.TextView - Confirm Password'

31-03-2025T20:55:52 - [TEST_STEP][PASSED] - delay(3): Delayed 3 second(s)

31-03-2025T20:55:55 - [MESSAGE][PASSED] - Delayed 3 second(s)

31-03-2025T20:55:55 - [TEST_STEP][PASSED] - tap(findTestObject("Object Repository/Repo/SignUpNewUser/android.widget.Image"), 0): Tapped on element 'Object Repository/Repo/SignUpNewUser/android.widget.Image'

31-03-2025T20:55:55 - [MESSAGE][WARNING] - Timeout '0' is invalid. Using default page load timeout: '30'

31-03-2025T20:55:55 - [MESSAGE][PASSED] - Tapped on element 'Object Repository/Repo/SignUpNewUser/android.widget.Image'

31-03-2025T20:55:55 - [TEST_STEP][PASSED] - delay(3): Delayed 3 second(s)

31-03-2025T20:55:58 - [MESSAGE][PASSED] - Delayed 3 second(s)

31-03-2025T20:55:58 - [TEST_STEP][PASSED] - tap(findTestObject("Object Repository/Repo/SignUpNewUser/android.widget.TextView - Your password must be between 8 and 20 characters and may not contain spaces"), 0): Tapped on element 'Object Repository/Repo/SignUpNewUser/android.widget.TextView - Your password must be between 8 and 20 characters and may not contain spaces'

31-03-2025T20:55:58 - [MESSAGE][WARNING] - Timeout '0' is invalid. Using default page load timeout: '30'

31-03-2025T20:55:58 - [MESSAGE][PASSED] - Tapped on element 'Object Repository/Repo/SignUpNewUser/android.widget.TextView - Your password must be between 8 and 20 characters and may not contain spaces'

31-03-2025T20:55:58 - [TEST_STEP][PASSED] - delay(3): Delayed 3 second(s)

31-03-2025T20:56:01 - [MESSAGE][PASSED] - Delayed 3 second(s)

31-03-2025T20:56:01 - [TEST_STEP][PASSED] - tap(findTestObject("Object Repository/Repo/SignUpNewUser/android.widget.TextView - Confirm Password"), 0): Tapped on element 'Object Repository/Repo/SignUpNewUser/android.widget.TextView - Confirm Password'

31-03-2025T20:56:01 - [MESSAGE][WARNING] - Timeout '0' is invalid. Using default page load timeout: '30'

31-03-2025T20:56:02 - [MESSAGE][PASSED] - Tapped on element 'Object Repository/Repo/SignUpNewUser/android.widget.TextView - Confirm Password'

31-03-2025T20:56:02 - [TEST_STEP][PASSED] - delay(3): Delayed 3 second(s)

31-03-2025T20:56:05 - [MESSAGE][PASSED] - Delayed 3 second(s)

31-03-2025T20:56:05 - [TEST_STEP][PASSED] - tap(findTestObject("Object Repository/Repo/SignUpNewUser/android.widget.Image"), 0): Tapped on element 'Object Repository/Repo/SignUpNewUser/android.widget.Image'

31-03-2025T20:56:05 - [MESSAGE][WARNING] - Timeout '0' is invalid. Using default page load timeout: '30'

31-03-2025T20:56:05 - [MESSAGE][PASSED] - Tapped on element 'Object Repository/Repo/SignUpNewUser/android.widget.Image'

31-03-2025T20:56:05 - [TEST_STEP][PASSED] - delay(3): Delayed 3 second(s)

31-03-2025T20:56:08 - [MESSAGE][PASSED] - Delayed 3 second(s)

31-03-2025T20:56:08 - [TEST_STEP][PASSED] - tap(findTestObject("Object Repository/Repo/SignUpNewUser/android.view.View"), 0): Tapped on element 'Object Repository/Repo/SignUpNewUser/android.view.View'

31-03-2025T20:56:08 - [MESSAGE][WARNING] - Timeout '0' is invalid. Using default page load timeout: '30'

31-03-2025T20:56:08 - [MESSAGE][PASSED] - Tapped on element 'Object Repository/Repo/SignUpNewUser/android.view.View'

31-03-2025T20:56:08 - [TEST_STEP][PASSED] - delay(3): Delayed 3 second(s)

31-03-2025T20:56:11 - [MESSAGE][PASSED] - Delayed 3 second(s)

31-03-2025T20:56:11 - [TEST_STEP][PASSED] - tap(findTestObject("Object Repository/Repo/SignUpNewUser/android.widget.TextView - Your password must be between 8 and 20 characters and may not contain spaces"), 0): Tapped on element 'Object Repository/Repo/SignUpNewUser/android.widget.TextView - Your password must be between 8 and 20 characters and may not contain spaces'

31-03-2025T20:56:11 - [MESSAGE][WARNING] - Timeout '0' is invalid. Using default page load timeout: '30'

31-03-2025T20:56:12 - [MESSAGE][PASSED] - Tapped on element 'Object Repository/Repo/SignUpNewUser/android.widget.TextView - Your password must be between 8 and 20 characters and may not contain spaces'

31-03-2025T20:56:12 - [TEST_STEP][PASSED] - delay(3): Delayed 3 second(s)

31-03-2025T20:56:15 - [MESSAGE][PASSED] - Delayed 3 second(s)

31-03-2025T20:56:15 - [TEST_STEP][PASSED] - sendKeys(findTestObject("Object Repository/Repo/SignUpNewUser/android.widget.EditText - 1234567890123456789012"), "1234567890123456789012"): Send keys '1234567890123456789012' on test object 'Object Repository/Repo/SignUpNewUser/android.widget.EditText - 1234567890123456789012' successfully.

31-03-2025T20:56:15 - [MESSAGE][PASSED] - Send keys '1234567890123456789012' on test object 'Object Repository/Repo/SignUpNewUser/android.widget.EditText - 1234567890123456789012' successfully.

31-03-2025T20:56:15 - [TEST_STEP][PASSED] - delay(3): Delayed 3 second(s)

31-03-2025T20:56:18 - [MESSAGE][PASSED] - Delayed 3 second(s)

31-03-2025T20:56:18 - [TEST_STEP][PASSED] - tap(findTestObject("Object Repository/Repo/SignUpNewUser/android.widget.TextView - Your password must be between 8 and 20 characters and may not contain spaces"), 0): Tapped on element 'Object Repository/Repo/SignUpNewUser/android.widget.TextView - Your password must be between 8 and 20 characters and may not contain spaces'

31-03-2025T20:56:18 - [MESSAGE][WARNING] - Timeout '0' is invalid. Using default page load timeout: '30'

31-03-2025T20:56:18 - [MESSAGE][PASSED] - Tapped on element 'Object Repository/Repo/SignUpNewUser/android.widget.TextView - Your password must be between 8 and 20 characters and may not contain spaces'

31-03-2025T20:56:18 - [TEST_STEP][PASSED] - delay(3): Delayed 3 second(s)

31-03-2025T20:56:21 - [MESSAGE][PASSED] - Delayed 3 second(s)

31-03-2025T20:56:21 - [TEST_STEP][PASSED] - tap(findTestObject("Object Repository/Repo/SignUpNewUser/android.widget.TextView - Confirm Password"), 0): Tapped on element 'Object Repository/Repo/SignUpNewUser/android.widget.TextView - Confirm Password'

31-03-2025T20:56:21 - [MESSAGE][WARNING] - Timeout '0' is invalid. Using default page load timeout: '30'

31-03-2025T20:56:22 - [MESSAGE][PASSED] - Tapped on element 'Object Repository/Repo/SignUpNewUser/android.widget.TextView - Confirm Password'

31-03-2025T20:56:22 - [TEST_STEP][PASSED] - delay(3): Delayed 3 second(s)

31-03-2025T20:56:25 - [MESSAGE][PASSED] - Delayed 3 second(s)

31-03-2025T20:56:25 - [TEST_STEP][PASSED] - tap(findTestObject("Object Repository/Repo/SignUpNewUser/android.widget.Image"), 0): Tapped on element 'Object Repository/Repo/SignUpNewUser/android.widget.Image'

31-03-2025T20:56:25 - [MESSAGE][WARNING] - Timeout '0' is invalid. Using default page load timeout: '30'

31-03-2025T20:56:25 - [MESSAGE][PASSED] - Tapped on element 'Object Repository/Repo/SignUpNewUser/android.widget.Image'

31-03-2025T20:56:25 - [TEST_STEP][PASSED] - delay(3): Delayed 3 second(s)

31-03-2025T20:56:28 - [MESSAGE][PASSED] - Delayed 3 second(s)

31-03-2025T20:56:28 - [TEST_STEP][PASSED] - tap(findTestObject("Object Repository/Repo/SignUpNewUser/android.widget.Image"), 0): Tapped on element 'Object Repository/Repo/SignUpNewUser/android.widget.Image'

31-03-2025T20:56:28 - [MESSAGE][WARNING] - Timeout '0' is invalid. Using default page load timeout: '30'

31-03-2025T20:56:28 - [MESSAGE][PASSED] - Tapped on element 'Object Repository/Repo/SignUpNewUser/android.widget.Image'

31-03-2025T20:56:28 - [TEST_STEP][PASSED] - delay(3): Delayed 3 second(s)

31-03-2025T20:56:31 - [MESSAGE][PASSED] - Delayed 3 second(s)

31-03-2025T20:56:31 - [TEST_STEP][PASSED] - tap(findTestObject("Object Repository/Repo/SignUpNewUser/android.view.View (1)"), 0): Tapped on element 'Object Repository/Repo/SignUpNewUser/android.view.View (1)'

31-03-2025T20:56:31 - [MESSAGE][WARNING] - Timeout '0' is invalid. Using default page load timeout: '30'

31-03-2025T20:56:32 - [MESSAGE][PASSED] - Tapped on element 'Object Repository/Repo/SignUpNewUser/android.view.View (1)'

31-03-2025T20:56:32 - [TEST_STEP][PASSED] - delay(3): Delayed 3 second(s)

31-03-2025T20:56:35 - [MESSAGE][PASSED] - Delayed 3 second(s)

31-03-2025T20:56:35 - [TEST_STEP][PASSED] - sendKeys(findTestObject("Object Repository/Repo/SignUpNewUser/android.widget.EditText - 1234567890123456789012 (1)"), "1234567890123456789012"): Send keys '1234567890123456789012' on test object 'Object Repository/Repo/SignUpNewUser/android.widget.EditText - 1234567890123456789012 (1)' successfully.

31-03-2025T20:56:35 - [MESSAGE][PASSED] - Send keys '1234567890123456789012' on test object 'Object Repository/Repo/SignUpNewUser/android.widget.EditText - 1234567890123456789012 (1)' successfully.

31-03-2025T20:56:35 - [TEST_STEP][PASSED] - delay(3): Delayed 3 second(s)

31-03-2025T20:56:38 - [MESSAGE][PASSED] - Delayed 3 second(s)

31-03-2025T20:56:38 - [TEST_STEP][PASSED] - tap(findTestObject("Object Repository/Repo/SignUpNewUser/android.widget.TextView - Your password must be between 8 and 20 characters and may not contain spaces"), 0): Tapped on element 'Object Repository/Repo/SignUpNewUser/android.widget.TextView - Your password must be between 8 and 20 characters and may not contain spaces'

31-03-2025T20:56:38 - [MESSAGE][WARNING] - Timeout '0' is invalid. Using default page load timeout: '30'

31-03-2025T20:56:39 - [MESSAGE][PASSED] - Tapped on element 'Object Repository/Repo/SignUpNewUser/android.widget.TextView - Your password must be between 8 and 20 characters and may not contain spaces'

31-03-2025T20:56:39 - [TEST_STEP][PASSED] - delay(3): Delayed 3 second(s)

31-03-2025T20:56:42 - [MESSAGE][PASSED] - Delayed 3 second(s)

31-03-2025T20:56:42 - [TEST_STEP][PASSED] - tap(findTestObject("Object Repository/Repo/SignUpNewUser/android.widget.Image (1)"), 0): Tapped on element 'Object Repository/Repo/SignUpNewUser/android.widget.Image (1)'

31-03-2025T20:56:42 - [MESSAGE][WARNING] - Timeout '0' is invalid. Using default page load timeout: '30'

31-03-2025T20:56:42 - [MESSAGE][PASSED] - Tapped on element 'Object Repository/Repo/SignUpNewUser/android.widget.Image (1)'

31-03-2025T20:56:42 - [TEST_STEP][PASSED] - delay(3): Delayed 3 second(s)

31-03-2025T20:56:45 - [MESSAGE][PASSED] - Delayed 3 second(s)

31-03-2025T20:56:45 - [TEST_STEP][PASSED] - sendKeys(findTestObject("Object Repository/Repo/SignUpNewUser/android.widget.EditText - 1234567890123456789012 (2)"), "1234567890123456789012"): Send keys '1234567890123456789012' on test object 'Object Repository/Repo/SignUpNewUser/android.widget.EditText - 1234567890123456789012 (2)' successfully.

31-03-2025T20:56:45 - [MESSAGE][PASSED] - Send keys '1234567890123456789012' on test object 'Object Repository/Repo/SignUpNewUser/android.widget.EditText - 1234567890123456789012 (2)' successfully.

31-03-2025T20:56:45 - [TEST_STEP][PASSED] - delay(3): Delayed 3 second(s)

31-03-2025T20:56:48 - [MESSAGE][PASSED] - Delayed 3 second(s)

31-03-2025T20:56:48 - [TEST_STEP][PASSED] - tap(findTestObject("Object Repository/Repo/SignUpNewUser/android.widget.TextView - Your password must be between 8 and 20 characters and may not contain spaces"), 0): Tapped on element 'Object Repository/Repo/SignUpNewUser/android.widget.TextView - Your password must be between 8 and 20 characters and may not contain spaces'

31-03-2025T20:56:48 - [MESSAGE][WARNING] - Timeout '0' is invalid. Using default page load timeout: '30'

31-03-2025T20:56:49 - [MESSAGE][PASSED] - Tapped on element 'Object Repository/Repo/SignUpNewUser/android.widget.TextView - Your password must be between 8 and 20 characters and may not contain spaces'

31-03-2025T20:56:49 - [TEST_STEP][PASSED] - delay(3): Delayed 3 second(s)

31-03-2025T20:56:52 - [MESSAGE][PASSED] - Delayed 3 second(s)

31-03-2025T20:56:52 - [TEST_STEP][PASSED] - tap(findTestObject("Object Repository/Repo/SignUpNewUser/android.widget.TextView - Account Email Address"), 0): Tapped on element 'Object Repository/Repo/SignUpNewUser/android.widget.TextView - Account Email Address'

31-03-2025T20:56:52 - [MESSAGE][WARNING] - Timeout '0' is invalid. Using default page load timeout: '30'

31-03-2025T20:56:52 - [MESSAGE][PASSED] - Tapped on element 'Object Repository/Repo/SignUpNewUser/android.widget.TextView - Account Email Address'

31-03-2025T20:56:52 - [TEST_STEP][PASSED] - delay(3): Delayed 3 second(s)

31-03-2025T20:56:55 - [MESSAGE][PASSED] - Delayed 3 second(s)

31-03-2025T20:56:55 - [TEST_STEP][PASSED] - tap(findTestObject("Object Repository/Repo/SignUpNewUser/android.widget.TextView - Your password must be between 8 and 20 characters and may not contain spaces"), 0): Tapped on element 'Object Repository/Repo/SignUpNewUser/android.widget.TextView - Your password must be between 8 and 20 characters and may not contain spaces'

31-03-2025T20:56:55 - [MESSAGE][WARNING] - Timeout '0' is invalid. Using default page load timeout: '30'

31-03-2025T20:56:55 - [MESSAGE][PASSED] - Tapped on element 'Object Repository/Repo/SignUpNewUser/android.widget.TextView - Your password must be between 8 and 20 characters and may not contain spaces'

31-03-2025T20:56:55 - [TEST_STEP][PASSED] - delay(3): Delayed 3 second(s)

31-03-2025T20:56:58 - [MESSAGE][PASSED] - Delayed 3 second(s)

31-03-2025T20:56:58 - [TEST_STEP][PASSED] - tap(findTestObject("Object Repository/Repo/SignUpNewUser/android.widget.Image"), 0): Tapped on element 'Object Repository/Repo/SignUpNewUser/android.widget.Image'

31-03-2025T20:56:58 - [MESSAGE][WARNING] - Timeout '0' is invalid. Using default page load timeout: '30'

31-03-2025T20:56:59 - [MESSAGE][PASSED] - Tapped on element 'Object Repository/Repo/SignUpNewUser/android.widget.Image'

31-03-2025T20:56:59 - [TEST_STEP][PASSED] - delay(3): Delayed 3 second(s)

31-03-2025T20:57:02 - [MESSAGE][PASSED] - Delayed 3 second(s)

31-03-2025T20:57:02 - [TEST_STEP][PASSED] - sendKeys(findTestObject("Object Repository/Repo/SignUpNewUser/android.widget.EditText - 1234567890123456789012"), "1234567890123456789012"): Send keys '1234567890123456789012' on test object 'Object Repository/Repo/SignUpNewUser/android.widget.EditText - 1234567890123456789012' successfully.

31-03-2025T20:57:02 - [MESSAGE][PASSED] - Send keys '1234567890123456789012' on test object 'Object Repository/Repo/SignUpNewUser/android.widget.EditText - 1234567890123456789012' successfully.

31-03-2025T20:57:02 - [TEST_STEP][PASSED] - delay(3): Delayed 3 second(s)

31-03-2025T20:57:05 - [MESSAGE][PASSED] - Delayed 3 second(s)

31-03-2025T20:57:05 - [TEST_STEP][PASSED] - tap(findTestObject("Object Repository/Repo/SignUpNewUser/android.widget.TextView - Your password must be between 8 and 20 characters and may not contain spaces"), 0): Tapped on element 'Object Repository/Repo/SignUpNewUser/android.widget.TextView - Your password must be between 8 and 20 characters and may not contain spaces'

31-03-2025T20:57:05 - [MESSAGE][WARNING] - Timeout '0' is invalid. Using default page load timeout: '30'

31-03-2025T20:57:06 - [MESSAGE][PASSED] - Tapped on element 'Object Repository/Repo/SignUpNewUser/android.widget.TextView - Your password must be between 8 and 20 characters and may not contain spaces'

31-03-2025T20:57:06 - [TEST_STEP][PASSED] - delay(3): Delayed 3 second(s)

31-03-2025T20:57:09 - [MESSAGE][PASSED] - Delayed 3 second(s)

31-03-2025T20:57:09 - [TEST_STEP][PASSED] - tap(findTestObject("Object Repository/Repo/SignUpNewUser/android.widget.TextView - Confirm Password"), 0): Tapped on element 'Object Repository/Repo/SignUpNewUser/android.widget.TextView - Confirm Password'

31-03-2025T20:57:09 - [MESSAGE][WARNING] - Timeout '0' is invalid. Using default page load timeout: '30'

31-03-2025T20:57:09 - [MESSAGE][PASSED] - Tapped on element 'Object Repository/Repo/SignUpNewUser/android.widget.TextView - Confirm Password'

31-03-2025T20:57:09 - [TEST_STEP][PASSED] - delay(3): Delayed 3 second(s)

31-03-2025T20:57:12 - [MESSAGE][PASSED] - Delayed 3 second(s)

31-03-2025T20:57:12 - [TEST_STEP][PASSED] - tap(findTestObject("Object Repository/Repo/SignUpNewUser/android.widget.EditText - 1234567890123456789012 (1)"), 0): Tapped on element 'Object Repository/Repo/SignUpNewUser/android.widget.EditText - 1234567890123456789012 (1)'

31-03-2025T20:57:12 - [MESSAGE][WARNING] - Timeout '0' is invalid. Using default page load timeout: '30'

31-03-2025T20:57:12 - [MESSAGE][PASSED] - Tapped on element 'Object Repository/Repo/SignUpNewUser/android.widget.EditText - 1234567890123456789012 (1)'

31-03-2025T20:57:12 - [TEST_STEP][PASSED] - delay(3): Delayed 3 second(s)

31-03-2025T20:57:15 - [MESSAGE][PASSED] - Delayed 3 second(s)

31-03-2025T20:57:15 - [TEST_STEP][PASSED] - verifyElementExist(findTestObject("Object Repository/Repo/SignUpNewUser/android.widget.TextView -  Password does not meet security requirements"), 0): Element 'Object Repository/Repo/SignUpNewUser/android.widget.TextView -  Password does not meet security requirements' is exist

31-03-2025T20:57:15 - [MESSAGE][WARNING] - Timeout '0' is invalid. Using default page load timeout: '30'

31-03-2025T20:57:16 - [MESSAGE][PASSED] - Element 'Object Repository/Repo/SignUpNewUser/android.widget.TextView -  Password does not meet security requirements' is exist

31-03-2025T20:57:16 - [TEST_STEP][PASSED] - delay(3): Delayed 3 second(s)

31-03-2025T20:57:19 - [MESSAGE][PASSED] - Delayed 3 second(s)

31-03-2025T20:57:19 - [TEST_STEP][PASSED] - tap(findTestObject("Object Repository/Repo/SignUpNewUser/android.widget.Button - back"), 0): Tapped on element 'Object Repository/Repo/SignUpNewUser/android.widget.Button - back'

31-03-2025T20:57:19 - [MESSAGE][WARNING] - Timeout '0' is invalid. Using default page load timeout: '30'

31-03-2025T20:57:19 - [MESSAGE][PASSED] - Tapped on element 'Object Repository/Repo/SignUpNewUser/android.widget.Button - back'

31-03-2025T20:57:19 - [TEST_STEP][PASSED] - delay(3): Delayed 3 second(s)

31-03-2025T20:57:22 - [MESSAGE][PASSED] - Delayed 3 second(s)

31-03-2025T20:57:22 - [TEST_STEP][PASSED] - setText(findTestObject("Object Repository/Repo/SignUpNewUser/android.widget.EditText (1)"), "johndavid@gmail.com", 0): Text 'johndavid@gmail.com' has been set to element 'Object Repository/Repo/SignUpNewUser/android.widget.EditText (1)'

31-03-2025T20:57:22 - [MESSAGE][WARNING] - Timeout '0' is invalid. Using default page load timeout: '30'

31-03-2025T20:57:22 - [MESSAGE][PASSED] - Text 'johndavid@gmail.com' has been set to element 'Object Repository/Repo/SignUpNewUser/android.widget.EditText (1)'

31-03-2025T20:57:22 - [TEST_STEP][PASSED] - delay(3): Delayed 3 second(s)

31-03-2025T20:57:25 - [MESSAGE][PASSED] - Delayed 3 second(s)

31-03-2025T20:57:25 - [TEST_STEP][PASSED] - tap(findTestObject("Object Repository/Repo/SignUpNewUser/android.widget.Button - Next (1)"), 0): Tapped on element 'Object Repository/Repo/SignUpNewUser/android.widget.Button - Next (1)'

31-03-2025T20:57:25 - [MESSAGE][WARNING] - Timeout '0' is invalid. Using default page load timeout: '30'

31-03-2025T20:57:26 - [MESSAGE][PASSED] - Tapped on element 'Object Repository/Repo/SignUpNewUser/android.widget.Button - Next (1)'

31-03-2025T20:57:26 - [TEST_STEP][PASSED] - delay(3): Delayed 3 second(s)

31-03-2025T20:57:29 - [MESSAGE][PASSED] - Delayed 3 second(s)

31-03-2025T20:57:29 - [TEST_STEP][PASSED] - setText(findTestObject("Object Repository/Repo/SignUpNewUser/android.widget.EditText (10)"), "AlexanderMaximilianChristopherNathanielJonathanMontgomeryWilliams", 0): Text 'AlexanderMaximilianChristopherNathanielJonathanMontgomeryWilliams' has been set to element 'Object Repository/Repo/SignUpNewUser/android.widget.EditText (10)'

31-03-2025T20:57:29 - [MESSAGE][WARNING] - Timeout '0' is invalid. Using default page load timeout: '30'

31-03-2025T20:57:29 - [MESSAGE][PASSED] - Text 'AlexanderMaximilianChristopherNathanielJonathanMontgomeryWilliams' has been set to element 'Object Repository/Repo/SignUpNewUser/android.widget.EditText (10)'

31-03-2025T20:57:29 - [TEST_STEP][PASSED] - delay(3): Delayed 3 second(s)

31-03-2025T20:57:32 - [MESSAGE][PASSED] - Delayed 3 second(s)

31-03-2025T20:57:32 - [TEST_STEP][PASSED] - setText(findTestObject("Object Repository/Repo/SignUpNewUser/android.widget.EditText (11)"), "AlexanderMaximilianChristopherNathanielJonathanMontgomeryWilliams", 0): Text 'AlexanderMaximilianChristopherNathanielJonathanMontgomeryWilliams' has been set to element 'Object Repository/Repo/SignUpNewUser/android.widget.EditText (11)'

31-03-2025T20:57:32 - [MESSAGE][WARNING] - Timeout '0' is invalid. Using default page load timeout: '30'

31-03-2025T20:57:33 - [MESSAGE][PASSED] - Text 'AlexanderMaximilianChristopherNathanielJonathanMontgomeryWilliams' has been set to element 'Object Repository/Repo/SignUpNewUser/android.widget.EditText (11)'

31-03-2025T20:57:33 - [TEST_STEP][PASSED] - delay(3): Delayed 3 second(s)

31-03-2025T20:57:36 - [MESSAGE][PASSED] - Delayed 3 second(s)

31-03-2025T20:57:36 - [TEST_STEP][PASSED] - tap(findTestObject("Object Repository/Repo/SignUpNewUser/android.widget.Button - Next (2)"), 0): Tapped on element 'Object Repository/Repo/SignUpNewUser/android.widget.Button - Next (2)'

31-03-2025T20:57:36 - [MESSAGE][WARNING] - Timeout '0' is invalid. Using default page load timeout: '30'

31-03-2025T20:57:37 - [MESSAGE][PASSED] - Tapped on element 'Object Repository/Repo/SignUpNewUser/android.widget.Button - Next (2)'

31-03-2025T20:57:37 - [TEST_STEP][PASSED] - delay(3): Delayed 3 second(s)

31-03-2025T20:57:40 - [MESSAGE][PASSED] - Delayed 3 second(s)

31-03-2025T20:57:40 - [TEST_STEP][PASSED] - verifyElementExist(findTestObject("Object Repository/Repo/SignUpNewUser/android.widget.TextView -  First name must be 50 characters or less"), 0): Element 'Object Repository/Repo/SignUpNewUser/android.widget.TextView -  First name must be 50 characters or less' is exist

31-03-2025T20:57:40 - [MESSAGE][WARNING] - Timeout '0' is invalid. Using default page load timeout: '30'

31-03-2025T20:57:40 - [MESSAGE][PASSED] - Element 'Object Repository/Repo/SignUpNewUser/android.widget.TextView -  First name must be 50 characters or less' is exist

31-03-2025T20:57:40 - [TEST_STEP][PASSED] - delay(3): Delayed 3 second(s)

31-03-2025T20:57:43 - [MESSAGE][PASSED] - Delayed 3 second(s)

31-03-2025T20:57:43 - [TEST_STEP][PASSED] - verifyElementExist(findTestObject("Object Repository/Repo/SignUpNewUser/android.widget.TextView -  Last name must be 50 characters or less"), 0): Element 'Object Repository/Repo/SignUpNewUser/android.widget.TextView -  Last name must be 50 characters or less' is exist

31-03-2025T20:57:43 - [MESSAGE][WARNING] - Timeout '0' is invalid. Using default page load timeout: '30'

31-03-2025T20:57:43 - [MESSAGE][PASSED] - Element 'Object Repository/Repo/SignUpNewUser/android.widget.TextView -  Last name must be 50 characters or less' is exist

31-03-2025T20:57:43 - [TEST_STEP][PASSED] - delay(3): Delayed 3 second(s)

31-03-2025T20:57:46 - [MESSAGE][PASSED] - Delayed 3 second(s)

31-03-2025T20:57:46 - [TEST_STEP][PASSED] - tap(findTestObject("Object Repository/Repo/SignUpNewUser/android.widget.Button - back"), 0): Tapped on element 'Object Repository/Repo/SignUpNewUser/android.widget.Button - back'

31-03-2025T20:57:46 - [MESSAGE][WARNING] - Timeout '0' is invalid. Using default page load timeout: '30'

31-03-2025T20:57:46 - [MESSAGE][PASSED] - Tapped on element 'Object Repository/Repo/SignUpNewUser/android.widget.Button - back'

31-03-2025T20:57:46 - [TEST_STEP][PASSED] - delay(3): Delayed 3 second(s)

31-03-2025T20:57:49 - [MESSAGE][PASSED] - Delayed 3 second(s)

31-03-2025T20:57:49 - [TEST_STEP][PASSED] - setText(findTestObject("Object Repository/Repo/SignUpNewUser/android.widget.EditText (1)"), "johndavid@gmail.com", 0): Text 'johndavid@gmail.com' has been set to element 'Object Repository/Repo/SignUpNewUser/android.widget.EditText (1)'

31-03-2025T20:57:49 - [MESSAGE][WARNING] - Timeout '0' is invalid. Using default page load timeout: '30'

31-03-2025T20:57:51 - [MESSAGE][PASSED] - Text 'johndavid@gmail.com' has been set to element 'Object Repository/Repo/SignUpNewUser/android.widget.EditText (1)'

31-03-2025T20:57:51 - [TEST_STEP][PASSED] - delay(3): Delayed 3 second(s)

31-03-2025T20:57:54 - [MESSAGE][PASSED] - Delayed 3 second(s)

31-03-2025T20:57:54 - [TEST_STEP][PASSED] - tap(findTestObject("Object Repository/Repo/SignUpNewUser/android.widget.Button - Next (1)"), 0): Tapped on element 'Object Repository/Repo/SignUpNewUser/android.widget.Button - Next (1)'

31-03-2025T20:57:54 - [MESSAGE][WARNING] - Timeout '0' is invalid. Using default page load timeout: '30'

31-03-2025T20:57:54 - [MESSAGE][PASSED] - Tapped on element 'Object Repository/Repo/SignUpNewUser/android.widget.Button - Next (1)'

31-03-2025T20:57:54 - [TEST_STEP][PASSED] - delay(3): Delayed 3 second(s)

31-03-2025T20:57:57 - [MESSAGE][PASSED] - Delayed 3 second(s)

31-03-2025T20:57:57 - [TEST_STEP][PASSED] - setText(findTestObject("Object Repository/Repo/SignUpNewUser/android.widget.EditText (12)"), "john", 0): Text 'john' has been set to element 'Object Repository/Repo/SignUpNewUser/android.widget.EditText (12)'

31-03-2025T20:57:57 - [MESSAGE][WARNING] - Timeout '0' is invalid. Using default page load timeout: '30'

31-03-2025T20:57:58 - [MESSAGE][PASSED] - Text 'john' has been set to element 'Object Repository/Repo/SignUpNewUser/android.widget.EditText (12)'

31-03-2025T20:57:58 - [TEST_STEP][PASSED] - delay(3): Delayed 3 second(s)

31-03-2025T20:58:01 - [MESSAGE][PASSED] - Delayed 3 second(s)

31-03-2025T20:58:01 - [TEST_STEP][PASSED] - setText(findTestObject("Object Repository/Repo/SignUpNewUser/android.widget.EditText (13)"), "password", 0): Text 'password' has been set to element 'Object Repository/Repo/SignUpNewUser/android.widget.EditText (13)'

31-03-2025T20:58:01 - [MESSAGE][WARNING] - Timeout '0' is invalid. Using default page load timeout: '30'

31-03-2025T20:58:01 - [MESSAGE][PASSED] - Text 'password' has been set to element 'Object Repository/Repo/SignUpNewUser/android.widget.EditText (13)'

31-03-2025T20:58:01 - [TEST_STEP][PASSED] - delay(3): Delayed 3 second(s)

31-03-2025T20:58:04 - [MESSAGE][PASSED] - Delayed 3 second(s)

31-03-2025T20:58:04 - [TEST_STEP][PASSED] - sendKeys(findTestObject("Object Repository/Repo/SignUpNewUser/android.widget.EditText (14)"), "password"): Send keys 'password' on test object 'Object Repository/Repo/SignUpNewUser/android.widget.EditText (14)' successfully.

31-03-2025T20:58:04 - [MESSAGE][PASSED] - Send keys 'password' on test object 'Object Repository/Repo/SignUpNewUser/android.widget.EditText (14)' successfully.

31-03-2025T20:58:04 - [TEST_STEP][PASSED] - delay(3): Delayed 3 second(s)

31-03-2025T20:58:07 - [MESSAGE][PASSED] - Delayed 3 second(s)

31-03-2025T20:58:07 - [TEST_STEP][PASSED] - tap(findTestObject("Object Repository/Repo/SignUpNewUser/android.widget.Button - Next (2)"), 0): Tapped on element 'Object Repository/Repo/SignUpNewUser/android.widget.Button - Next (2)'

31-03-2025T20:58:07 - [MESSAGE][WARNING] - Timeout '0' is invalid. Using default page load timeout: '30'

31-03-2025T20:58:08 - [MESSAGE][PASSED] - Tapped on element 'Object Repository/Repo/SignUpNewUser/android.widget.Button - Next (2)'

31-03-2025T20:58:08 - [TEST_STEP][PASSED] - delay(3): Delayed 3 second(s)

31-03-2025T20:58:11 - [MESSAGE][PASSED] - Delayed 3 second(s)

31-03-2025T20:58:11 - [TEST_STEP][PASSED] - tap(findTestObject("Object Repository/Repo/SignUpNewUser/android.widget.Button - back"), 0): Tapped on element 'Object Repository/Repo/SignUpNewUser/android.widget.Button - back'

31-03-2025T20:58:11 - [MESSAGE][WARNING] - Timeout '0' is invalid. Using default page load timeout: '30'

31-03-2025T20:58:11 - [MESSAGE][PASSED] - Tapped on element 'Object Repository/Repo/SignUpNewUser/android.widget.Button - back'

31-03-2025T20:58:11 - [TEST_STEP][PASSED] - delay(3): Delayed 3 second(s)

31-03-2025T20:58:14 - [MESSAGE][PASSED] - Delayed 3 second(s)

31-03-2025T20:58:14 - [TEST_STEP][PASSED] - setText(findTestObject("Object Repository/Repo/SignUpNewUser/android.widget.EditText (1)"), "johndavid@gmail.com", 0): Text 'johndavid@gmail.com' has been set to element 'Object Repository/Repo/SignUpNewUser/android.widget.EditText (1)'

31-03-2025T20:58:14 - [MESSAGE][WARNING] - Timeout '0' is invalid. Using default page load timeout: '30'

31-03-2025T20:58:15 - [MESSAGE][PASSED] - Text 'johndavid@gmail.com' has been set to element 'Object Repository/Repo/SignUpNewUser/android.widget.EditText (1)'

31-03-2025T20:58:15 - [TEST_STEP][PASSED] - delay(3): Delayed 3 second(s)

31-03-2025T20:58:18 - [MESSAGE][PASSED] - Delayed 3 second(s)

31-03-2025T20:58:18 - [TEST_STEP][PASSED] - tap(findTestObject("Object Repository/Repo/SignUpNewUser/android.widget.Button - Next (1)"), 0): Tapped on element 'Object Repository/Repo/SignUpNewUser/android.widget.Button - Next (1)'

31-03-2025T20:58:18 - [MESSAGE][WARNING] - Timeout '0' is invalid. Using default page load timeout: '30'

31-03-2025T20:58:18 - [MESSAGE][PASSED] - Tapped on element 'Object Repository/Repo/SignUpNewUser/android.widget.Button - Next (1)'

31-03-2025T20:58:18 - [TEST_STEP][PASSED] - delay(3): Delayed 3 second(s)

31-03-2025T20:58:21 - [MESSAGE][PASSED] - Delayed 3 second(s)

31-03-2025T20:58:21 - [TEST_STEP][PASSED] - setText(findTestObject("Object Repository/Repo/SignUpNewUser/android.widget.EditText (15)"), "john", 0): Text 'john' has been set to element 'Object Repository/Repo/SignUpNewUser/android.widget.EditText (15)'

31-03-2025T20:58:21 - [MESSAGE][WARNING] - Timeout '0' is invalid. Using default page load timeout: '30'

31-03-2025T20:58:22 - [MESSAGE][PASSED] - Text 'john' has been set to element 'Object Repository/Repo/SignUpNewUser/android.widget.EditText (15)'

31-03-2025T20:58:22 - [TEST_STEP][PASSED] - delay(3): Delayed 3 second(s)

31-03-2025T20:58:25 - [MESSAGE][PASSED] - Delayed 3 second(s)

31-03-2025T20:58:25 - [TEST_STEP][PASSED] - hideKeyboard(): Keyboard is hidden

31-03-2025T20:58:25 - [MESSAGE][PASSED] - Keyboard is hidden

31-03-2025T20:58:25 - [TEST_STEP][PASSED] - delay(3): Delayed 3 second(s)

31-03-2025T20:58:28 - [MESSAGE][PASSED] - Delayed 3 second(s)

31-03-2025T20:58:28 - [TEST_STEP][PASSED] - setText(findTestObject("Object Repository/Repo/SignUpNewUser/android.widget.EditText (16)"), "smith", 0): Text 'smith' has been set to element 'Object Repository/Repo/SignUpNewUser/android.widget.EditText (16)'

31-03-2025T20:58:28 - [MESSAGE][WARNING] - Timeout '0' is invalid. Using default page load timeout: '30'

31-03-2025T20:58:29 - [MESSAGE][PASSED] - Text 'smith' has been set to element 'Object Repository/Repo/SignUpNewUser/android.widget.EditText (16)'

31-03-2025T20:58:29 - [TEST_STEP][PASSED] - delay(3): Delayed 3 second(s)

31-03-2025T20:58:32 - [MESSAGE][PASSED] - Delayed 3 second(s)

31-03-2025T20:58:32 - [TEST_STEP][PASSED] - hideKeyboard(): Keyboard is hidden

31-03-2025T20:58:32 - [MESSAGE][PASSED] - Keyboard is hidden

31-03-2025T20:58:32 - [TEST_STEP][PASSED] - delay(3): Delayed 3 second(s)

31-03-2025T20:58:35 - [MESSAGE][PASSED] - Delayed 3 second(s)

31-03-2025T20:58:35 - [TEST_STEP][PASSED] - setText(findTestObject("Object Repository/Repo/SignUpNewUser/android.widget.EditText (17)"), "password", 0): Text 'password' has been set to element 'Object Repository/Repo/SignUpNewUser/android.widget.EditText (17)'

31-03-2025T20:58:35 - [MESSAGE][WARNING] - Timeout '0' is invalid. Using default page load timeout: '30'

31-03-2025T20:58:36 - [MESSAGE][PASSED] - Text 'password' has been set to element 'Object Repository/Repo/SignUpNewUser/android.widget.EditText (17)'

31-03-2025T20:58:37 - [TEST_STEP][PASSED] - delay(3): Delayed 3 second(s)

31-03-2025T20:58:40 - [MESSAGE][PASSED] - Delayed 3 second(s)

31-03-2025T20:58:40 - [TEST_STEP][PASSED] - sendKeys(findTestObject("Object Repository/Repo/SignUpNewUser/android.widget.EditText (18)"), "password1"): Send keys 'password1' on test object 'Object Repository/Repo/SignUpNewUser/android.widget.EditText (18)' successfully.

31-03-2025T20:58:40 - [MESSAGE][PASSED] - Send keys 'password1' on test object 'Object Repository/Repo/SignUpNewUser/android.widget.EditText (18)' successfully.

31-03-2025T20:58:40 - [TEST_STEP][PASSED] - delay(3): Delayed 3 second(s)

31-03-2025T20:58:43 - [MESSAGE][PASSED] - Delayed 3 second(s)

31-03-2025T20:58:43 - [TEST_STEP][PASSED] - tap(findTestObject("Object Repository/Repo/SignUpNewUser/android.widget.Button - Next (2)"), 0): Tapped on element 'Object Repository/Repo/SignUpNewUser/android.widget.Button - Next (2)'

31-03-2025T20:58:43 - [MESSAGE][WARNING] - Timeout '0' is invalid. Using default page load timeout: '30'

31-03-2025T20:58:43 - [MESSAGE][PASSED] - Tapped on element 'Object Repository/Repo/SignUpNewUser/android.widget.Button - Next (2)'

31-03-2025T20:58:43 - [TEST_STEP][PASSED] - delay(3): Delayed 3 second(s)

31-03-2025T20:58:46 - [MESSAGE][PASSED] - Delayed 3 second(s)

31-03-2025T20:58:46 - [TEST_STEP][PASSED] - verifyElementExist(findTestObject("Object Repository/Repo/SignUpNewUser/android.widget.TextView -  Passwords must match"), 0): Element 'Object Repository/Repo/SignUpNewUser/android.widget.TextView -  Passwords must match' is exist

31-03-2025T20:58:46 - [MESSAGE][WARNING] - Timeout '0' is invalid. Using default page load timeout: '30'

31-03-2025T20:58:46 - [MESSAGE][PASSED] - Element 'Object Repository/Repo/SignUpNewUser/android.widget.TextView -  Passwords must match' is exist

31-03-2025T20:58:46 - [TEST_STEP][PASSED] - delay(3): Delayed 3 second(s)

31-03-2025T20:58:49 - [MESSAGE][PASSED] - Delayed 3 second(s)

31-03-2025T20:58:49 - [TEST_STEP][PASSED] - tap(findTestObject("Object Repository/Repo/SignUpNewUser/android.widget.Button - back"), 0): Tapped on element 'Object Repository/Repo/SignUpNewUser/android.widget.Button - back'

31-03-2025T20:58:49 - [MESSAGE][WARNING] - Timeout '0' is invalid. Using default page load timeout: '30'

31-03-2025T20:58:50 - [MESSAGE][PASSED] - Tapped on element 'Object Repository/Repo/SignUpNewUser/android.widget.Button - back'

31-03-2025T20:58:50 - [TEST_STEP][PASSED] - delay(3): Delayed 3 second(s)

31-03-2025T20:58:53 - [MESSAGE][PASSED] - Delayed 3 second(s)

31-03-2025T20:58:53 - [TEST_STEP][PASSED] - setText(findTestObject("Object Repository/Repo/SignUpNewUser/android.widget.EditText (1)"), "johndavid@gmail.com", 0): Text 'johndavid@gmail.com' has been set to element 'Object Repository/Repo/SignUpNewUser/android.widget.EditText (1)'

31-03-2025T20:58:53 - [MESSAGE][WARNING] - Timeout '0' is invalid. Using default page load timeout: '30'

31-03-2025T20:58:53 - [MESSAGE][PASSED] - Text 'johndavid@gmail.com' has been set to element 'Object Repository/Repo/SignUpNewUser/android.widget.EditText (1)'

31-03-2025T20:58:53 - [TEST_STEP][PASSED] - delay(3): Delayed 3 second(s)

31-03-2025T20:58:56 - [MESSAGE][PASSED] - Delayed 3 second(s)

31-03-2025T20:58:56 - [TEST_STEP][PASSED] - tap(findTestObject("Object Repository/Repo/SignUpNewUser/android.widget.Button - Next (1)"), 0): Tapped on element 'Object Repository/Repo/SignUpNewUser/android.widget.Button - Next (1)'

31-03-2025T20:58:56 - [MESSAGE][WARNING] - Timeout '0' is invalid. Using default page load timeout: '30'

31-03-2025T20:58:56 - [MESSAGE][PASSED] - Tapped on element 'Object Repository/Repo/SignUpNewUser/android.widget.Button - Next (1)'

31-03-2025T20:58:56 - [TEST_STEP][PASSED] - delay(3): Delayed 3 second(s)

31-03-2025T20:58:59 - [MESSAGE][PASSED] - Delayed 3 second(s)

31-03-2025T20:58:59 - [TEST_STEP][PASSED] - setText(findTestObject("Object Repository/Repo/SignUpNewUser/android.widget.EditText (20)"), "smith", 0): Text 'smith' has been set to element 'Object Repository/Repo/SignUpNewUser/android.widget.EditText (20)'

31-03-2025T20:58:59 - [MESSAGE][WARNING] - Timeout '0' is invalid. Using default page load timeout: '30'

31-03-2025T20:59:00 - [MESSAGE][PASSED] - Text 'smith' has been set to element 'Object Repository/Repo/SignUpNewUser/android.widget.EditText (20)'

31-03-2025T20:59:00 - [TEST_STEP][PASSED] - delay(3): Delayed 3 second(s)

31-03-2025T20:59:03 - [MESSAGE][PASSED] - Delayed 3 second(s)

31-03-2025T20:59:03 - [TEST_STEP][PASSED] - setText(findTestObject("Object Repository/Repo/SignUpNewUser/android.widget.EditText - smith"), "john", 0): Text 'john' has been set to element 'Object Repository/Repo/SignUpNewUser/android.widget.EditText - smith'

31-03-2025T20:59:03 - [MESSAGE][WARNING] - Timeout '0' is invalid. Using default page load timeout: '30'

31-03-2025T20:59:04 - [MESSAGE][PASSED] - Text 'john' has been set to element 'Object Repository/Repo/SignUpNewUser/android.widget.EditText - smith'

31-03-2025T20:59:04 - [TEST_STEP][PASSED] - delay(3): Delayed 3 second(s)

31-03-2025T20:59:07 - [MESSAGE][PASSED] - Delayed 3 second(s)

31-03-2025T20:59:07 - [TEST_STEP][PASSED] - sendKeys(findTestObject("Object Repository/Repo/SignUpNewUser/android.widget.EditText (21)"), "password"): Send keys 'password' on test object 'Object Repository/Repo/SignUpNewUser/android.widget.EditText (21)' successfully.

31-03-2025T20:59:07 - [MESSAGE][PASSED] - Send keys 'password' on test object 'Object Repository/Repo/SignUpNewUser/android.widget.EditText (21)' successfully.

31-03-2025T20:59:07 - [TEST_STEP][PASSED] - delay(3): Delayed 3 second(s)

31-03-2025T20:59:10 - [MESSAGE][PASSED] - Delayed 3 second(s)

31-03-2025T20:59:10 - [TEST_STEP][PASSED] - sendKeys(findTestObject("Object Repository/Repo/SignUpNewUser/android.widget.EditText (22)"), "password"): Send keys 'password' on test object 'Object Repository/Repo/SignUpNewUser/android.widget.EditText (22)' successfully.

31-03-2025T20:59:10 - [MESSAGE][PASSED] - Send keys 'password' on test object 'Object Repository/Repo/SignUpNewUser/android.widget.EditText (22)' successfully.

31-03-2025T20:59:10 - [TEST_STEP][PASSED] - delay(3): Delayed 3 second(s)

31-03-2025T20:59:13 - [MESSAGE][PASSED] - Delayed 3 second(s)

31-03-2025T20:59:13 - [TEST_STEP][PASSED] - tap(findTestObject("Object Repository/Repo/SignUpNewUser/android.widget.Button - Next (3)"), 0): Tapped on element 'Object Repository/Repo/SignUpNewUser/android.widget.Button - Next (3)'

31-03-2025T20:59:13 - [MESSAGE][WARNING] - Timeout '0' is invalid. Using default page load timeout: '30'

31-03-2025T20:59:14 - [MESSAGE][PASSED] - Tapped on element 'Object Repository/Repo/SignUpNewUser/android.widget.Button - Next (3)'

31-03-2025T20:59:14 - [TEST_STEP][PASSED] - delay(3): Delayed 3 second(s)

31-03-2025T20:59:17 - [MESSAGE][PASSED] - Delayed 3 second(s)

31-03-2025T20:59:17 - [TEST_STEP][PASSED] - verifyElementExist(findTestObject("Object Repository/Repo/SignUpNewUser/android.widget.TextView - Terms and Conditions"), 0): Element 'Object Repository/Repo/SignUpNewUser/android.widget.TextView - Terms and Conditions' is exist

31-03-2025T20:59:17 - [MESSAGE][WARNING] - Timeout '0' is invalid. Using default page load timeout: '30'

31-03-2025T20:59:17 - [MESSAGE][PASSED] - Element 'Object Repository/Repo/SignUpNewUser/android.widget.TextView - Terms and Conditions' is exist

31-03-2025T20:59:17 - [TEST_STEP][PASSED] - delay(3): Delayed 3 second(s)

31-03-2025T20:59:20 - [MESSAGE][PASSED] - Delayed 3 second(s)

31-03-2025T20:59:20 - [TEST_STEP][PASSED] - closeApplication(): Close app successfully

31-03-2025T20:59:24 - [MESSAGE][PASSED] - Close app successfully

31-03-2025T20:59:24 - [TEST_STEP][PASSED] - delay(3): Delayed 3 second(s)

31-03-2025T20:59:27 - [MESSAGE][PASSED] - Delayed 3 second(s)]]></system-out>
         <system-err><![CDATA[]]></system-err>
      </testcase>
      <testcase name="Test Cases/Sign Up New UserPage/C699_SignUpNewUserPage" time="358.07" classname="Test Cases/Sign Up New UserPage/C699_SignUpNewUserPage" status="PASSED">
         <system-out><![CDATA[31-03-2025T20:59:27 - [TEST_CASE][PASSED] - Test Cases/Sign Up New UserPage/C699_SignUpNewUserPage: Test Cases/Sign Up New UserPage/C699_SignUpNewUserPage

31-03-2025T20:59:27 - [TEST_STEP][PASSED] - testData = findTestData("Data Files/LogiNewUser"): null

31-03-2025T20:59:27 - [TEST_STEP][PASSED] - email = testData.getValue("email", 1): null

31-03-2025T20:59:27 - [TEST_STEP][PASSED] - firstName = testData.getValue("firstname", 1): null

31-03-2025T20:59:27 - [TEST_STEP][PASSED] - lastName = testData.getValue("lastname", 1): null

31-03-2025T20:59:27 - [TEST_STEP][PASSED] - password = testData.getValue("password", 1): null

31-03-2025T20:59:27 - [TEST_STEP][PASSED] - confirmPassword = testData.getValue("confirm password", 1): null

31-03-2025T20:59:27 - [TEST_STEP][PASSED] - startApplication(appUrl, true): Started application: '/Users/gv.vignesh/Downloads/WGR-Android-Automation/App Folder/universal.apk'

31-03-2025T20:59:27 - [MESSAGE][INFO] - Starting application: '/Users/gv.vignesh/Downloads/WGR-Android-Automation/App Folder/universal.apk'

31-03-2025T20:59:27 - [MESSAGE][INFO] - User set preference: ['deviceId', '']

31-03-2025T20:59:27 - [MESSAGE][INFO] - Detected NodeJS location: "/opt/homebrew/Cellar/node/23.10.0_1/bin/node"

31-03-2025T20:59:27 - [MESSAGE][INFO] - PATH: /opt/homebrew/Cellar/node/23.10.0_1/bin:/opt/homebrew/bin:/usr/bin:/bin:/usr/sbin:/sbin:/Applications/Katalon Studio Enterprise.app/Contents/Eclipse/jre/Contents/Home/bin:/usr/local/bin/

31-03-2025T20:59:27 - [MESSAGE][INFO] - APPIUM_HOME: /Users/gv.vignesh/.appium

31-03-2025T20:59:27 - [MESSAGE][INFO] - appium outlog: /Users/gv.vignesh/Downloads/WGR-Android-Automation/Reports/20250331_202512/WRMA Android Regression/20250331_202512/appium.log

31-03-2025T20:59:27 - [MESSAGE][INFO] - appium errlog: /Users/gv.vignesh/Downloads/WGR-Android-Automation/Reports/20250331_202512/WRMA Android Regression/20250331_202512/appium_error.log

31-03-2025T20:59:28 - [MESSAGE][INFO] - Appium server started on port 52,790

31-03-2025T21:00:08 - [MESSAGE][PASSED] - Started application: '/Users/gv.vignesh/Downloads/WGR-Android-Automation/App Folder/universal.apk'

31-03-2025T21:00:08 - [TEST_STEP][PASSED] - delay(10): Delayed 10 second(s)

31-03-2025T21:00:18 - [MESSAGE][PASSED] - Delayed 10 second(s)

31-03-2025T21:00:18 - [TEST_STEP][PASSED] - tap(findTestObject("Object Repository/Repo/android.widget.Button - Login or Sign Up"), 0): Tapped on element 'Object Repository/Repo/android.widget.Button - Login or Sign Up'

31-03-2025T21:00:18 - [MESSAGE][WARNING] - Timeout '0' is invalid. Using default page load timeout: '30'

31-03-2025T21:00:19 - [MESSAGE][PASSED] - Tapped on element 'Object Repository/Repo/android.widget.Button - Login or Sign Up'

31-03-2025T21:00:19 - [TEST_STEP][PASSED] - delay(10): Delayed 10 second(s)

31-03-2025T21:00:29 - [MESSAGE][PASSED] - Delayed 10 second(s)

31-03-2025T21:00:29 - [TEST_STEP][PASSED] - setText(findTestObject("Object Repository/Repo/android.widget.EditText-LoginorSignUp"), email, 0): Text 'darwin@yopmail.com' has been set to element 'Object Repository/Repo/android.widget.EditText-LoginorSignUp'

31-03-2025T21:00:29 - [MESSAGE][WARNING] - Timeout '0' is invalid. Using default page load timeout: '30'

31-03-2025T21:00:29 - [MESSAGE][PASSED] - Text 'darwin@yopmail.com' has been set to element 'Object Repository/Repo/android.widget.EditText-LoginorSignUp'

31-03-2025T21:00:29 - [TEST_STEP][PASSED] - hideKeyboard(): Keyboard is hidden

31-03-2025T21:00:30 - [MESSAGE][PASSED] - Keyboard is hidden

31-03-2025T21:00:30 - [TEST_STEP][PASSED] - delay(10): Delayed 10 second(s)

31-03-2025T21:00:40 - [MESSAGE][PASSED] - Delayed 10 second(s)

31-03-2025T21:00:40 - [TEST_STEP][PASSED] - tap(findTestObject("Object Repository/Repo/android.widget.Button - Next"), 0): Tapped on element 'Object Repository/Repo/android.widget.Button - Next'

31-03-2025T21:00:40 - [MESSAGE][WARNING] - Timeout '0' is invalid. Using default page load timeout: '30'

31-03-2025T21:00:40 - [MESSAGE][PASSED] - Tapped on element 'Object Repository/Repo/android.widget.Button - Next'

31-03-2025T21:00:40 - [TEST_STEP][PASSED] - delay(10): Delayed 10 second(s)

31-03-2025T21:00:50 - [MESSAGE][PASSED] - Delayed 10 second(s)

31-03-2025T21:00:50 - [TEST_STEP][PASSED] - setText(findTestObject("Object Repository/Repo/android.widget.EditText-confirm email address"), email, 0): Text 'darwin@yopmail.com' has been set to element 'Object Repository/Repo/android.widget.EditText-confirm email address'

31-03-2025T21:00:50 - [MESSAGE][WARNING] - Timeout '0' is invalid. Using default page load timeout: '30'

31-03-2025T21:00:52 - [MESSAGE][PASSED] - Text 'darwin@yopmail.com' has been set to element 'Object Repository/Repo/android.widget.EditText-confirm email address'

31-03-2025T21:00:52 - [TEST_STEP][PASSED] - hideKeyboard(): Keyboard is hidden

31-03-2025T21:00:53 - [MESSAGE][PASSED] - Keyboard is hidden

31-03-2025T21:00:53 - [TEST_STEP][PASSED] - delay(10): Delayed 10 second(s)

31-03-2025T21:01:03 - [MESSAGE][PASSED] - Delayed 10 second(s)

31-03-2025T21:01:03 - [TEST_STEP][PASSED] - tap(findTestObject("Object Repository/Repo/android.widget.Button - Next (1)"), 0): Tapped on element 'Object Repository/Repo/android.widget.Button - Next (1)'

31-03-2025T21:01:03 - [MESSAGE][WARNING] - Timeout '0' is invalid. Using default page load timeout: '30'

31-03-2025T21:01:03 - [MESSAGE][PASSED] - Tapped on element 'Object Repository/Repo/android.widget.Button - Next (1)'

31-03-2025T21:01:03 - [TEST_STEP][PASSED] - delay(10): Delayed 10 second(s)

31-03-2025T21:01:13 - [MESSAGE][PASSED] - Delayed 10 second(s)

31-03-2025T21:01:13 - [TEST_STEP][PASSED] - setText(findTestObject("Object Repository/Repo/android.widget.EditText-FirstName"), firstName, 0): Text 'steve' has been set to element 'Object Repository/Repo/android.widget.EditText-FirstName'

31-03-2025T21:01:13 - [MESSAGE][WARNING] - Timeout '0' is invalid. Using default page load timeout: '30'

31-03-2025T21:01:13 - [MESSAGE][PASSED] - Text 'steve' has been set to element 'Object Repository/Repo/android.widget.EditText-FirstName'

31-03-2025T21:01:13 - [TEST_STEP][PASSED] - hideKeyboard(): Keyboard is hidden

31-03-2025T21:01:14 - [MESSAGE][PASSED] - Keyboard is hidden

31-03-2025T21:01:14 - [TEST_STEP][PASSED] - delay(10): Delayed 10 second(s)

31-03-2025T21:01:24 - [MESSAGE][PASSED] - Delayed 10 second(s)

31-03-2025T21:01:24 - [TEST_STEP][PASSED] - setText(findTestObject("Object Repository/Repo/android.widget.EditText-LastName"), lastName, 0): Text 'smith' has been set to element 'Object Repository/Repo/android.widget.EditText-LastName'

31-03-2025T21:01:24 - [MESSAGE][WARNING] - Timeout '0' is invalid. Using default page load timeout: '30'

31-03-2025T21:01:25 - [MESSAGE][PASSED] - Text 'smith' has been set to element 'Object Repository/Repo/android.widget.EditText-LastName'

31-03-2025T21:01:25 - [TEST_STEP][PASSED] - hideKeyboard(): Keyboard is hidden

31-03-2025T21:01:25 - [MESSAGE][PASSED] - Keyboard is hidden

31-03-2025T21:01:25 - [TEST_STEP][PASSED] - delay(10): Delayed 10 second(s)

31-03-2025T21:01:35 - [MESSAGE][PASSED] - Delayed 10 second(s)

31-03-2025T21:01:35 - [TEST_STEP][PASSED] - sendKeys(findTestObject("Object Repository/Repo/android.widget.EditText-Password"), password): Send keys 'password' on test object 'Object Repository/Repo/android.widget.EditText-Password' successfully.

31-03-2025T21:01:36 - [MESSAGE][PASSED] - Send keys 'password' on test object 'Object Repository/Repo/android.widget.EditText-Password' successfully.

31-03-2025T21:01:36 - [TEST_STEP][PASSED] - delay(10): Delayed 10 second(s)

31-03-2025T21:01:46 - [MESSAGE][PASSED] - Delayed 10 second(s)

31-03-2025T21:01:46 - [TEST_STEP][PASSED] - sendKeys(findTestObject("Object Repository/Repo/android.widget.EditText-Confirm Password"), confirmPassword): Send keys 'password' on test object 'Object Repository/Repo/android.widget.EditText-Confirm Password' successfully.

31-03-2025T21:01:46 - [MESSAGE][PASSED] - Send keys 'password' on test object 'Object Repository/Repo/android.widget.EditText-Confirm Password' successfully.

31-03-2025T21:01:46 - [TEST_STEP][PASSED] - delay(10): Delayed 10 second(s)

31-03-2025T21:01:56 - [MESSAGE][PASSED] - Delayed 10 second(s)

31-03-2025T21:01:56 - [TEST_STEP][PASSED] - tap(findTestObject("Object Repository/Repo/android.widget.Button - Next (2)"), 0): Tapped on element 'Object Repository/Repo/android.widget.Button - Next (2)'

31-03-2025T21:01:56 - [MESSAGE][WARNING] - Timeout '0' is invalid. Using default page load timeout: '30'

31-03-2025T21:01:56 - [MESSAGE][PASSED] - Tapped on element 'Object Repository/Repo/android.widget.Button - Next (2)'

31-03-2025T21:01:56 - [TEST_STEP][PASSED] - delay(20): Delayed 20 second(s)

31-03-2025T21:02:16 - [MESSAGE][PASSED] - Delayed 20 second(s)

31-03-2025T21:02:16 - [TEST_STEP][PASSED] - scrollToText("etc)."): Scrolling to text 'etc).' successfully

31-03-2025T21:02:17 - [MESSAGE][PASSED] - Scrolling to text 'etc).' successfully

31-03-2025T21:02:17 - [TEST_STEP][PASSED] - delay(5): Delayed 5 second(s)

31-03-2025T21:02:22 - [MESSAGE][PASSED] - Delayed 5 second(s)

31-03-2025T21:02:22 - [TEST_STEP][PASSED] - tap(findTestObject("Object Repository/Repo/android.widget.Button - Agree to Terms  Conditions"), 0): Tapped on element 'Object Repository/Repo/android.widget.Button - Agree to Terms  Conditions'

31-03-2025T21:02:22 - [MESSAGE][WARNING] - Timeout '0' is invalid. Using default page load timeout: '30'

31-03-2025T21:02:23 - [MESSAGE][PASSED] - Tapped on element 'Object Repository/Repo/android.widget.Button - Agree to Terms  Conditions'

31-03-2025T21:02:23 - [TEST_STEP][PASSED] - delay(45): Delayed 45 second(s)

31-03-2025T21:03:08 - [MESSAGE][PASSED] - Delayed 45 second(s)

31-03-2025T21:03:08 - [TEST_STEP][PASSED] - setText(findTestObject("Object Repository/Repo/android.widget.EditText-OAM(Login)"), email, 0): Text 'darwin@yopmail.com' has been set to element 'Object Repository/Repo/android.widget.EditText-OAM(Login)'

31-03-2025T21:03:08 - [MESSAGE][WARNING] - Timeout '0' is invalid. Using default page load timeout: '30'

31-03-2025T21:03:08 - [MESSAGE][PASSED] - Text 'darwin@yopmail.com' has been set to element 'Object Repository/Repo/android.widget.EditText-OAM(Login)'

31-03-2025T21:03:08 - [TEST_STEP][PASSED] - hideKeyboard(): Keyboard is hidden

31-03-2025T21:03:09 - [MESSAGE][PASSED] - Keyboard is hidden

31-03-2025T21:03:09 - [TEST_STEP][PASSED] - delay(30): Delayed 30 second(s)

31-03-2025T21:03:39 - [MESSAGE][PASSED] - Delayed 30 second(s)

31-03-2025T21:03:39 - [TEST_STEP][PASSED] - setText(findTestObject("Object Repository/Repo/android.widget.EditText-OAM(Password)"), password, 0): Text 'password' has been set to element 'Object Repository/Repo/android.widget.EditText-OAM(Password)'

31-03-2025T21:03:39 - [MESSAGE][WARNING] - Timeout '0' is invalid. Using default page load timeout: '30'

31-03-2025T21:03:40 - [MESSAGE][PASSED] - Text 'password' has been set to element 'Object Repository/Repo/android.widget.EditText-OAM(Password)'

31-03-2025T21:03:40 - [TEST_STEP][PASSED] - hideKeyboard(): Keyboard is hidden

31-03-2025T21:03:41 - [MESSAGE][PASSED] - Keyboard is hidden

31-03-2025T21:03:41 - [TEST_STEP][PASSED] - delay(30): Delayed 30 second(s)

31-03-2025T21:04:11 - [MESSAGE][PASSED] - Delayed 30 second(s)

31-03-2025T21:04:11 - [TEST_STEP][PASSED] - tap(findTestObject("Object Repository/Repo/android.widget.Button -OAM(Login)"), 0): Tapped on element 'Object Repository/Repo/android.widget.Button -OAM(Login)'

31-03-2025T21:04:11 - [MESSAGE][WARNING] - Timeout '0' is invalid. Using default page load timeout: '30'

31-03-2025T21:04:11 - [MESSAGE][PASSED] - Tapped on element 'Object Repository/Repo/android.widget.Button -OAM(Login)'

31-03-2025T21:04:11 - [TEST_STEP][PASSED] - delay(20): Delayed 20 second(s)

31-03-2025T21:04:31 - [MESSAGE][PASSED] - Delayed 20 second(s)

31-03-2025T21:04:31 - [TEST_STEP][PASSED] - tap(findTestObject("Object Repository/Repo/android.widget.Button - Next-(VerifyAccount)"), 0): Tapped on element 'Object Repository/Repo/android.widget.Button - Next-(VerifyAccount)'

31-03-2025T21:04:31 - [MESSAGE][WARNING] - Timeout '0' is invalid. Using default page load timeout: '30'

31-03-2025T21:04:31 - [MESSAGE][PASSED] - Tapped on element 'Object Repository/Repo/android.widget.Button - Next-(VerifyAccount)'

31-03-2025T21:04:31 - [TEST_STEP][PASSED] - delay(10): Delayed 10 second(s)

31-03-2025T21:04:41 - [MESSAGE][PASSED] - Delayed 10 second(s)

31-03-2025T21:04:41 - [TEST_STEP][PASSED] - verifyElementExist(findTestObject("Object Repository/Repo/android.widget.TextView - Youve chosen to skip the email verification process. While you can explore the app as a guest, please note that certain features and functionalities may be limited"), 0): Element 'Object Repository/Repo/android.widget.TextView - Youve chosen to skip the email verification process. While you can explore the app as a guest, please note that certain features and functionalities may be limited' is exist

31-03-2025T21:04:41 - [MESSAGE][WARNING] - Timeout '0' is invalid. Using default page load timeout: '30'

31-03-2025T21:04:42 - [MESSAGE][PASSED] - Element 'Object Repository/Repo/android.widget.TextView - Youve chosen to skip the email verification process. While you can explore the app as a guest, please note that certain features and functionalities may be limited' is exist

31-03-2025T21:04:42 - [TEST_STEP][PASSED] - delay(10): Delayed 10 second(s)

31-03-2025T21:04:52 - [MESSAGE][PASSED] - Delayed 10 second(s)

31-03-2025T21:04:52 - [TEST_STEP][PASSED] - verifyElementExist(findTestObject("Object Repository/Repo/android.widget.TextView - To fully access all features"), 0): Element 'Object Repository/Repo/android.widget.TextView - To fully access all features' is exist

31-03-2025T21:04:52 - [MESSAGE][WARNING] - Timeout '0' is invalid. Using default page load timeout: '30'

31-03-2025T21:04:52 - [MESSAGE][PASSED] - Element 'Object Repository/Repo/android.widget.TextView - To fully access all features' is exist

31-03-2025T21:04:52 - [TEST_STEP][PASSED] - delay(10): Delayed 10 second(s)

31-03-2025T21:05:02 - [MESSAGE][PASSED] - Delayed 10 second(s)

31-03-2025T21:05:02 - [TEST_STEP][PASSED] - actualText = getText(findTestObject("Object Repository/Repo/android.widget.TextView - Youve chosen to skip the email verification process. While you can explore the app as a guest, please note that certain features and functionalities may be limited"), 0): Text of element 'Object Repository/Repo/android.widget.TextView - Youve chosen to skip the email verification process. While you can explore the app as a guest, please note that certain features and functionalities may be limited' is: 'You've chosen to skip the email verification process. While you can explore the app as a guest, please note that certain features and functionalities may be limited.'

31-03-2025T21:05:02 - [MESSAGE][WARNING] - Timeout '0' is invalid. Using default page load timeout: '30'

31-03-2025T21:05:02 - [MESSAGE][PASSED] - Text of element 'Object Repository/Repo/android.widget.TextView - Youve chosen to skip the email verification process. While you can explore the app as a guest, please note that certain features and functionalities may be limited' is: 'You've chosen to skip the email verification process. While you can explore the app as a guest, please note that certain features and functionalities may be limited.'

31-03-2025T21:05:02 - [TEST_STEP][PASSED] - expectedText = "You've chosen to skip the email verification process. While you can explore the app as a guest, please note that certain features and functionalities may be limited.": null

31-03-2025T21:05:02 - [TEST_STEP][PASSED] - assert actualText == expectedText: null

31-03-2025T21:05:02 - [TEST_STEP][PASSED] - verifyElementExist(findTestObject("Object Repository/Repo/android.widget.Button - Next (2)"), 0): Element 'Object Repository/Repo/android.widget.Button - Next (2)' is exist

31-03-2025T21:05:02 - [MESSAGE][WARNING] - Timeout '0' is invalid. Using default page load timeout: '30'

31-03-2025T21:05:02 - [MESSAGE][PASSED] - Element 'Object Repository/Repo/android.widget.Button - Next (2)' is exist

31-03-2025T21:05:02 - [TEST_STEP][PASSED] - delay(10): Delayed 10 second(s)

31-03-2025T21:05:12 - [MESSAGE][PASSED] - Delayed 10 second(s)

31-03-2025T21:05:12 - [TEST_STEP][PASSED] - tap(findTestObject("Object Repository/Repo/android.widget.Button - Next (2)"), 0): Tapped on element 'Object Repository/Repo/android.widget.Button - Next (2)'

31-03-2025T21:05:12 - [MESSAGE][WARNING] - Timeout '0' is invalid. Using default page load timeout: '30'

31-03-2025T21:05:12 - [MESSAGE][PASSED] - Tapped on element 'Object Repository/Repo/android.widget.Button - Next (2)'

31-03-2025T21:05:12 - [TEST_STEP][PASSED] - delay(10): Delayed 10 second(s)

31-03-2025T21:05:22 - [MESSAGE][PASSED] - Delayed 10 second(s)

31-03-2025T21:05:22 - [TEST_STEP][PASSED] - closeApplication(): Close app successfully

31-03-2025T21:05:25 - [MESSAGE][PASSED] - Close app successfully

31-03-2025T21:05:25 - [TEST_STEP][PASSED] - closeBrowser(): Browser is closed

31-03-2025T21:05:25 - [MESSAGE][PASSED] - Browser is closed]]></system-out>
         <system-err><![CDATA[]]></system-err>
      </testcase>
      <testcase name="Test Cases/Login Owner OR Renter/C735-C736-C739_LoginOwnerOrRenter" time="414.971" classname="Test Cases/Login Owner OR Renter/C735-C736-C739_LoginOwnerOrRenter" status="PASSED">
         <system-out><![CDATA[31-03-2025T21:11:31 - [TEST_CASE][PASSED] - Test Cases/Login Owner OR Renter/C735-C736-C739_LoginOwnerOrRenter: Test Cases/Login Owner OR Renter/C735-C736-C739_LoginOwnerOrRenter

31-03-2025T21:11:31 - [TEST_STEP][PASSED] - testData = findTestData("Data Files/LogiNewUser"): null

31-03-2025T21:11:31 - [TEST_STEP][PASSED] - email = testData.getValue("email", 1): null

31-03-2025T21:11:31 - [TEST_STEP][PASSED] - password = testData.getValue("password", 1): null

31-03-2025T21:11:31 - [TEST_STEP][PASSED] - startApplication("/Users/gv.vignesh/Downloads/WGR-Android-Automation/App Folder/app-debug.apk", true): Started application: '/Users/gv.vignesh/Downloads/WGR-Android-Automation/App Folder/app-debug.apk'

31-03-2025T21:11:31 - [MESSAGE][INFO] - Starting application: '/Users/gv.vignesh/Downloads/WGR-Android-Automation/App Folder/app-debug.apk'

31-03-2025T21:11:31 - [MESSAGE][INFO] - User set preference: ['deviceId', '']

31-03-2025T21:12:06 - [MESSAGE][PASSED] - Started application: '/Users/gv.vignesh/Downloads/WGR-Android-Automation/App Folder/app-debug.apk'

31-03-2025T21:12:06 - [TEST_STEP][PASSED] - delay(10): Delayed 10 second(s)

31-03-2025T21:12:16 - [MESSAGE][PASSED] - Delayed 10 second(s)

31-03-2025T21:12:16 - [TEST_STEP][PASSED] - tap(findTestObject("Object Repository/Repo/android.widget.Button - Login or Sign Up"), 0): Tapped on element 'Object Repository/Repo/android.widget.Button - Login or Sign Up'

31-03-2025T21:12:16 - [MESSAGE][WARNING] - Timeout '0' is invalid. Using default page load timeout: '30'

31-03-2025T21:12:17 - [MESSAGE][PASSED] - Tapped on element 'Object Repository/Repo/android.widget.Button - Login or Sign Up'

31-03-2025T21:12:17 - [TEST_STEP][PASSED] - delay(10): Delayed 10 second(s)

31-03-2025T21:12:27 - [MESSAGE][PASSED] - Delayed 10 second(s)

31-03-2025T21:12:27 - [TEST_STEP][PASSED] - sendKeys(findTestObject("Object Repository/Repo/android.widget.EditText-LoginorSignUp"), email): Send keys 'darwin@yopmail.com' on test object 'Object Repository/Repo/android.widget.EditText-LoginorSignUp' successfully.

31-03-2025T21:12:28 - [MESSAGE][PASSED] - Send keys 'darwin@yopmail.com' on test object 'Object Repository/Repo/android.widget.EditText-LoginorSignUp' successfully.

31-03-2025T21:12:28 - [TEST_STEP][PASSED] - delay(10): Delayed 10 second(s)

31-03-2025T21:12:38 - [MESSAGE][PASSED] - Delayed 10 second(s)

31-03-2025T21:12:38 - [TEST_STEP][PASSED] - tap(findTestObject("Object Repository/Repo/android.widget.Button - Next"), 0): Tapped on element 'Object Repository/Repo/android.widget.Button - Next'

31-03-2025T21:12:38 - [MESSAGE][WARNING] - Timeout '0' is invalid. Using default page load timeout: '30'

31-03-2025T21:12:38 - [MESSAGE][PASSED] - Tapped on element 'Object Repository/Repo/android.widget.Button - Next'

31-03-2025T21:12:38 - [TEST_STEP][PASSED] - delay(30): Delayed 30 second(s)

31-03-2025T21:13:08 - [MESSAGE][PASSED] - Delayed 30 second(s)

31-03-2025T21:13:08 - [TEST_STEP][PASSED] - setText(findTestObject("Object Repository/Repo/android.widget.TextView - Email Address-oam"), email, 0, STOP_ON_FAILURE): Text 'darwin@yopmail.com' has been set to element 'Object Repository/Repo/android.widget.TextView - Email Address-oam'

31-03-2025T21:13:08 - [MESSAGE][WARNING] - Timeout '0' is invalid. Using default page load timeout: '30'

31-03-2025T21:13:09 - [MESSAGE][PASSED] - Text 'darwin@yopmail.com' has been set to element 'Object Repository/Repo/android.widget.TextView - Email Address-oam'

31-03-2025T21:13:09 - [TEST_STEP][PASSED] - hideKeyboard(): Keyboard is hidden

31-03-2025T21:13:10 - [MESSAGE][PASSED] - Keyboard is hidden

31-03-2025T21:13:10 - [TEST_STEP][PASSED] - delay(30): Delayed 30 second(s)

31-03-2025T21:13:40 - [MESSAGE][PASSED] - Delayed 30 second(s)

31-03-2025T21:13:40 - [TEST_STEP][PASSED] - setText(findTestObject("Object Repository/Repo/android.widget.TextView - Password-oam"), password, 0, STOP_ON_FAILURE): Text 'password' has been set to element 'Object Repository/Repo/android.widget.TextView - Password-oam'

31-03-2025T21:13:40 - [MESSAGE][WARNING] - Timeout '0' is invalid. Using default page load timeout: '30'

31-03-2025T21:13:42 - [MESSAGE][PASSED] - Text 'password' has been set to element 'Object Repository/Repo/android.widget.TextView - Password-oam'

31-03-2025T21:13:42 - [TEST_STEP][PASSED] - hideKeyboard(): Keyboard is hidden

31-03-2025T21:13:43 - [MESSAGE][PASSED] - Keyboard is hidden

31-03-2025T21:13:43 - [TEST_STEP][PASSED] - delay(30): Delayed 30 second(s)

31-03-2025T21:14:13 - [MESSAGE][PASSED] - Delayed 30 second(s)

31-03-2025T21:14:13 - [TEST_STEP][PASSED] - tap(findTestObject("Object Repository/Repo/android.widget.Button -OAM(Login)"), 0, STOP_ON_FAILURE): Tapped on element 'Object Repository/Repo/android.widget.Button -OAM(Login)'

31-03-2025T21:14:13 - [MESSAGE][WARNING] - Timeout '0' is invalid. Using default page load timeout: '30'

31-03-2025T21:14:14 - [MESSAGE][PASSED] - Tapped on element 'Object Repository/Repo/android.widget.Button -OAM(Login)'

31-03-2025T21:14:14 - [TEST_STEP][PASSED] - delay(10): Delayed 10 second(s)

31-03-2025T21:14:24 - [MESSAGE][PASSED] - Delayed 10 second(s)

31-03-2025T21:14:24 - [TEST_STEP][PASSED] - delay(30): Delayed 30 second(s)

31-03-2025T21:14:54 - [MESSAGE][PASSED] - Delayed 30 second(s)

31-03-2025T21:14:54 - [TEST_STEP][PASSED] - homeElementExists = verifyElementExist(findTestObject("Object Repository/Repo/android.view.View - Home"), 0): Element 'Object Repository/Repo/android.view.View - Home' is exist

31-03-2025T21:14:54 - [MESSAGE][WARNING] - Timeout '0' is invalid. Using default page load timeout: '30'

31-03-2025T21:14:54 - [MESSAGE][PASSED] - Element 'Object Repository/Repo/android.view.View - Home' is exist

31-03-2025T21:14:54 - [TEST_STEP][PASSED] - assert homeElementExists : "Element 'Home' does not exist.": null

31-03-2025T21:14:54 - [TEST_STEP][PASSED] - homeText = getText(findTestObject("Object Repository/Repo/android.view.View - Home"), 0): Text of element 'Object Repository/Repo/android.view.View - Home' is: 'Home'

31-03-2025T21:14:54 - [MESSAGE][WARNING] - Timeout '0' is invalid. Using default page load timeout: '30'

31-03-2025T21:14:54 - [MESSAGE][PASSED] - Text of element 'Object Repository/Repo/android.view.View - Home' is: 'Home'

31-03-2025T21:14:54 - [TEST_STEP][PASSED] - assert homeText == "Home": null

31-03-2025T21:14:54 - [TEST_STEP][PASSED] - delay(10): Delayed 10 second(s)

31-03-2025T21:15:04 - [MESSAGE][PASSED] - Delayed 10 second(s)

31-03-2025T21:15:04 - [TEST_STEP][PASSED] - myStayElementExists = verifyElementExist(findTestObject("Object Repository/Repo/android.view.View - My Stay"), 0): Element 'Object Repository/Repo/android.view.View - My Stay' is exist

31-03-2025T21:15:04 - [MESSAGE][WARNING] - Timeout '0' is invalid. Using default page load timeout: '30'

31-03-2025T21:15:05 - [MESSAGE][PASSED] - Element 'Object Repository/Repo/android.view.View - My Stay' is exist

31-03-2025T21:15:05 - [TEST_STEP][PASSED] - assert myStayElementExists : "Element 'My Stay' does not exist.": null

31-03-2025T21:15:05 - [TEST_STEP][PASSED] - myStayText = getText(findTestObject("Object Repository/Repo/android.view.View - My Stay"), 0): Text of element 'Object Repository/Repo/android.view.View - My Stay' is: 'My Stay'

31-03-2025T21:15:05 - [MESSAGE][WARNING] - Timeout '0' is invalid. Using default page load timeout: '30'

31-03-2025T21:15:05 - [MESSAGE][PASSED] - Text of element 'Object Repository/Repo/android.view.View - My Stay' is: 'My Stay'

31-03-2025T21:15:05 - [TEST_STEP][PASSED] - assert myStayText == "My Stay": null

31-03-2025T21:15:05 - [TEST_STEP][PASSED] - delay(10): Delayed 10 second(s)

31-03-2025T21:15:15 - [MESSAGE][PASSED] - Delayed 10 second(s)

31-03-2025T21:15:15 - [TEST_STEP][PASSED] - myAccountElementExists = verifyElementExist(findTestObject("Object Repository/Repo/android.view.View - My Account"), 0): Element 'Object Repository/Repo/android.view.View - My Account' is exist

31-03-2025T21:15:15 - [MESSAGE][WARNING] - Timeout '0' is invalid. Using default page load timeout: '30'

31-03-2025T21:15:15 - [MESSAGE][PASSED] - Element 'Object Repository/Repo/android.view.View - My Account' is exist

31-03-2025T21:15:15 - [TEST_STEP][PASSED] - assert myAccountElementExists : "Element 'My Account' does not exist.": null

31-03-2025T21:15:15 - [TEST_STEP][PASSED] - myAccountText = getText(findTestObject("Object Repository/Repo/android.view.View - My Account"), 0): Text of element 'Object Repository/Repo/android.view.View - My Account' is: 'My Account'

31-03-2025T21:15:15 - [MESSAGE][WARNING] - Timeout '0' is invalid. Using default page load timeout: '30'

31-03-2025T21:15:16 - [MESSAGE][PASSED] - Text of element 'Object Repository/Repo/android.view.View - My Account' is: 'My Account'

31-03-2025T21:15:16 - [TEST_STEP][PASSED] - assert myAccountText == "My Account": null

31-03-2025T21:15:16 - [TEST_STEP][PASSED] - delay(10): Delayed 10 second(s)

31-03-2025T21:15:26 - [MESSAGE][PASSED] - Delayed 10 second(s)

31-03-2025T21:15:26 - [TEST_STEP][PASSED] - println("Text 'Home' is present."): null

31-03-2025T21:15:26 - [TEST_STEP][PASSED] - println("Text 'My Stay' is present."): null

31-03-2025T21:15:26 - [TEST_STEP][PASSED] - println("Text 'My Account' is present."): null

31-03-2025T21:15:26 - [TEST_STEP][PASSED] - delay(10): Delayed 10 second(s)

31-03-2025T21:15:36 - [MESSAGE][PASSED] - Delayed 10 second(s)

31-03-2025T21:15:36 - [TEST_STEP][PASSED] - tap(findTestObject("Object Repository/Repo/android.view.View - Home"), 0, STOP_ON_FAILURE): Tapped on element 'Object Repository/Repo/android.view.View - Home'

31-03-2025T21:15:36 - [MESSAGE][WARNING] - Timeout '0' is invalid. Using default page load timeout: '30'

31-03-2025T21:15:36 - [MESSAGE][PASSED] - Tapped on element 'Object Repository/Repo/android.view.View - Home'

31-03-2025T21:15:36 - [TEST_STEP][PASSED] - delay(5): Delayed 5 second(s)

31-03-2025T21:15:41 - [MESSAGE][PASSED] - Delayed 5 second(s)

31-03-2025T21:15:41 - [TEST_STEP][PASSED] - tap(findTestObject("Object Repository/Repo/android.widget.Button - menu"), 0, STOP_ON_FAILURE): Tapped on element 'Object Repository/Repo/android.widget.Button - menu'

31-03-2025T21:15:41 - [MESSAGE][WARNING] - Timeout '0' is invalid. Using default page load timeout: '30'

31-03-2025T21:15:41 - [MESSAGE][PASSED] - Tapped on element 'Object Repository/Repo/android.widget.Button - menu'

31-03-2025T21:15:41 - [TEST_STEP][PASSED] - delay(20): Delayed 20 second(s)

31-03-2025T21:16:01 - [MESSAGE][PASSED] - Delayed 20 second(s)

31-03-2025T21:16:01 - [TEST_STEP][PASSED] - if (waitForElementPresent(findTestObject("Object Repository/Repo/android.widget.TextView - Terms and Conditions-Menu"), 10, CONTINUE_ON_FAILURE)): null

31-03-2025T21:16:02 - [MESSAGE][PASSED] - Element 'Object Repository/Repo/android.widget.TextView - Terms and Conditions-Menu' is present

31-03-2025T21:16:02 - [TEST_STEP][PASSED] - tap(findTestObject("Object Repository/Repo/android.widget.TextView - Terms and Conditions-Menu"), 0, STOP_ON_FAILURE): Tapped on element 'Object Repository/Repo/android.widget.TextView - Terms and Conditions-Menu'

31-03-2025T21:16:02 - [MESSAGE][WARNING] - Timeout '0' is invalid. Using default page load timeout: '30'

31-03-2025T21:16:02 - [MESSAGE][PASSED] - Tapped on element 'Object Repository/Repo/android.widget.TextView - Terms and Conditions-Menu'

31-03-2025T21:16:02 - [TEST_STEP][PASSED] - delay(20): Delayed 20 second(s)

31-03-2025T21:16:22 - [MESSAGE][PASSED] - Delayed 20 second(s)

31-03-2025T21:16:22 - [TEST_STEP][PASSED] - if (waitForElementPresent(findTestObject("Object Repository/Repo/android.view.View-Terms and conditions web"), 30, CONTINUE_ON_FAILURE)): Object Object Repository/Repo/android.view.View-Terms and conditions web not found

31-03-2025T21:16:52 - [MESSAGE][WARNING] - Object Object Repository/Repo/android.view.View-Terms and conditions web not found

31-03-2025T21:16:52 - [TEST_STEP][PASSED] - else: null

31-03-2025T21:16:52 - [TEST_STEP][PASSED] - println("Element 'android.view.View - Terms & Conditions-Webview' does not exist after waiting."): null

31-03-2025T21:16:52 - [TEST_STEP][PASSED] - delay(20): Delayed 20 second(s)

31-03-2025T21:17:12 - [MESSAGE][PASSED] - Delayed 20 second(s)

31-03-2025T21:17:12 - [TEST_STEP][PASSED] - tap(findTestObject("Object Repository/Repo/android.widget.ImageButton-Cancel web"), 0, STOP_ON_FAILURE): Tapped on element 'Object Repository/Repo/android.widget.ImageButton-Cancel web'

31-03-2025T21:17:12 - [MESSAGE][WARNING] - Timeout '0' is invalid. Using default page load timeout: '30'

31-03-2025T21:17:13 - [MESSAGE][PASSED] - Tapped on element 'Object Repository/Repo/android.widget.ImageButton-Cancel web'

31-03-2025T21:17:13 - [TEST_STEP][PASSED] - delay(15): Delayed 15 second(s)

31-03-2025T21:17:28 - [MESSAGE][PASSED] - Delayed 15 second(s)

31-03-2025T21:17:28 - [TEST_STEP][PASSED] - tap(findTestObject("Object Repository/Repo/android.widget.Button - menu"), 0, STOP_ON_FAILURE): Tapped on element 'Object Repository/Repo/android.widget.Button - menu'

31-03-2025T21:17:28 - [MESSAGE][WARNING] - Timeout '0' is invalid. Using default page load timeout: '30'

31-03-2025T21:17:28 - [MESSAGE][PASSED] - Tapped on element 'Object Repository/Repo/android.widget.Button - menu'

31-03-2025T21:17:28 - [TEST_STEP][PASSED] - delay(20): Delayed 20 second(s)

31-03-2025T21:17:48 - [MESSAGE][PASSED] - Delayed 20 second(s)

31-03-2025T21:17:48 - [TEST_STEP][PASSED] - tap(findTestObject("Object Repository/Repo/android.widget.TextView - Privacy Policy-Menu"), 0, STOP_ON_FAILURE): Tapped on element 'Object Repository/Repo/android.widget.TextView - Privacy Policy-Menu'

31-03-2025T21:17:48 - [MESSAGE][WARNING] - Timeout '0' is invalid. Using default page load timeout: '30'

31-03-2025T21:17:50 - [MESSAGE][PASSED] - Tapped on element 'Object Repository/Repo/android.widget.TextView - Privacy Policy-Menu'

31-03-2025T21:17:50 - [TEST_STEP][PASSED] - delay(30): Delayed 30 second(s)

31-03-2025T21:18:20 - [MESSAGE][PASSED] - Delayed 30 second(s)

31-03-2025T21:18:20 - [TEST_STEP][PASSED] - if (waitForElementPresent(findTestObject("Object Repository/Repo/android.widget.TextView - Privacy Policy-web"), 30, CONTINUE_ON_FAILURE)): null

31-03-2025T21:18:21 - [MESSAGE][PASSED] - Element 'Object Repository/Repo/android.widget.TextView - Privacy Policy-web' is present

31-03-2025T21:18:21 - [TEST_STEP][PASSED] - println("Element 'android.widget.TextView - Privacy Policy-web' exists."): null

31-03-2025T21:18:21 - [TEST_STEP][PASSED] - closeApplication(): Close app successfully

31-03-2025T21:18:26 - [MESSAGE][INFO] - The process with PID 2,722 wasnt terminated, error: {1}

31-03-2025T21:18:26 - [MESSAGE][PASSED] - Close app successfully

31-03-2025T21:18:26 - [TEST_STEP][PASSED] - closeBrowser(): Browser is closed

31-03-2025T21:18:26 - [MESSAGE][PASSED] - Browser is closed]]></system-out>
         <system-err><![CDATA[]]></system-err>
      </testcase>
      <testcase name="Test Cases/Login Owner OR Renter/C661-C720-C721_LoginOwnerOrRenter" time="248.654" classname="Test Cases/Login Owner OR Renter/C661-C720-C721_LoginOwnerOrRenter" status="PASSED">
         <system-out><![CDATA[31-03-2025T21:18:26 - [TEST_CASE][PASSED] - Test Cases/Login Owner OR Renter/C661-C720-C721_LoginOwnerOrRenter: Test Cases/Login Owner OR Renter/C661-C720-C721_LoginOwnerOrRenter

31-03-2025T21:18:26 - [TEST_STEP][PASSED] - testData = findTestData("Data Files/LogiNewUser"): null

31-03-2025T21:18:26 - [TEST_STEP][PASSED] - email = testData.getValue("email", 1): null

31-03-2025T21:18:26 - [TEST_STEP][PASSED] - password = testData.getValue("password", 1): null

31-03-2025T21:18:26 - [TEST_STEP][PASSED] - expectedVersion = testData.getValue("version", 1): null

31-03-2025T21:18:26 - [TEST_STEP][PASSED] - startApplication(appUrl, true): Started application: '/Users/gv.vignesh/Downloads/WGR-Android-Automation/App Folder/universal.apk'

31-03-2025T21:18:26 - [MESSAGE][INFO] - Starting application: '/Users/gv.vignesh/Downloads/WGR-Android-Automation/App Folder/universal.apk'

31-03-2025T21:18:26 - [MESSAGE][INFO] - User set preference: ['deviceId', '']

31-03-2025T21:18:26 - [MESSAGE][INFO] - Detected NodeJS location: "/opt/homebrew/Cellar/node/23.10.0_1/bin/node"

31-03-2025T21:18:26 - [MESSAGE][INFO] - PATH: /opt/homebrew/Cellar/node/23.10.0_1/bin:/opt/homebrew/bin:/usr/bin:/bin:/usr/sbin:/sbin:/Applications/Katalon Studio Enterprise.app/Contents/Eclipse/jre/Contents/Home/bin:/usr/local/bin/

31-03-2025T21:18:26 - [MESSAGE][INFO] - APPIUM_HOME: /Users/gv.vignesh/.appium

31-03-2025T21:18:26 - [MESSAGE][INFO] - appium outlog: /Users/gv.vignesh/Downloads/WGR-Android-Automation/Reports/20250331_202512/WRMA Android Regression/20250331_202512/appium.log

31-03-2025T21:18:26 - [MESSAGE][INFO] - appium errlog: /Users/gv.vignesh/Downloads/WGR-Android-Automation/Reports/20250331_202512/WRMA Android Regression/20250331_202512/appium_error.log

31-03-2025T21:18:27 - [MESSAGE][INFO] - Appium server started on port 53,908

31-03-2025T21:19:00 - [MESSAGE][PASSED] - Started application: '/Users/gv.vignesh/Downloads/WGR-Android-Automation/App Folder/universal.apk'

31-03-2025T21:19:00 - [TEST_STEP][PASSED] - delay(10): Delayed 10 second(s)

31-03-2025T21:19:10 - [MESSAGE][PASSED] - Delayed 10 second(s)

31-03-2025T21:19:10 - [TEST_STEP][PASSED] - tap(findTestObject("Object Repository/Repo/android.widget.Button - Login or Sign Up"), 0): Tapped on element 'Object Repository/Repo/android.widget.Button - Login or Sign Up'

31-03-2025T21:19:10 - [MESSAGE][WARNING] - Timeout '0' is invalid. Using default page load timeout: '30'

31-03-2025T21:19:11 - [MESSAGE][PASSED] - Tapped on element 'Object Repository/Repo/android.widget.Button - Login or Sign Up'

31-03-2025T21:19:11 - [TEST_STEP][PASSED] - delay(10): Delayed 10 second(s)

31-03-2025T21:19:21 - [MESSAGE][PASSED] - Delayed 10 second(s)

31-03-2025T21:19:21 - [TEST_STEP][PASSED] - setText(findTestObject("Object Repository/Repo/android.widget.EditText-LoginorSignUp"), email, 0): Text 'darwin@yopmail.com' has been set to element 'Object Repository/Repo/android.widget.EditText-LoginorSignUp'

31-03-2025T21:19:21 - [MESSAGE][WARNING] - Timeout '0' is invalid. Using default page load timeout: '30'

31-03-2025T21:19:22 - [MESSAGE][PASSED] - Text 'darwin@yopmail.com' has been set to element 'Object Repository/Repo/android.widget.EditText-LoginorSignUp'

31-03-2025T21:19:22 - [TEST_STEP][PASSED] - hideKeyboard(): Keyboard is hidden

31-03-2025T21:19:22 - [MESSAGE][PASSED] - Keyboard is hidden

31-03-2025T21:19:22 - [TEST_STEP][PASSED] - delay(10): Delayed 10 second(s)

31-03-2025T21:19:32 - [MESSAGE][PASSED] - Delayed 10 second(s)

31-03-2025T21:19:32 - [TEST_STEP][PASSED] - tap(findTestObject("Object Repository/Repo/android.widget.Button - Next"), 0): Tapped on element 'Object Repository/Repo/android.widget.Button - Next'

31-03-2025T21:19:32 - [MESSAGE][WARNING] - Timeout '0' is invalid. Using default page load timeout: '30'

31-03-2025T21:19:33 - [MESSAGE][PASSED] - Tapped on element 'Object Repository/Repo/android.widget.Button - Next'

31-03-2025T21:19:33 - [TEST_STEP][PASSED] - delay(45): Delayed 45 second(s)

31-03-2025T21:20:18 - [MESSAGE][PASSED] - Delayed 45 second(s)

31-03-2025T21:20:18 - [TEST_STEP][PASSED] - setText(findTestObject("Object Repository/Repo/android.widget.EditText-OAM(Login)"), email, 0): Text 'darwin@yopmail.com' has been set to element 'Object Repository/Repo/android.widget.EditText-OAM(Login)'

31-03-2025T21:20:18 - [MESSAGE][WARNING] - Timeout '0' is invalid. Using default page load timeout: '30'

31-03-2025T21:20:19 - [MESSAGE][PASSED] - Text 'darwin@yopmail.com' has been set to element 'Object Repository/Repo/android.widget.EditText-OAM(Login)'

31-03-2025T21:20:19 - [TEST_STEP][PASSED] - hideKeyboard(): Keyboard is hidden

31-03-2025T21:20:19 - [MESSAGE][PASSED] - Keyboard is hidden

31-03-2025T21:20:19 - [TEST_STEP][PASSED] - delay(30): Delayed 30 second(s)

31-03-2025T21:20:49 - [MESSAGE][PASSED] - Delayed 30 second(s)

31-03-2025T21:20:49 - [TEST_STEP][PASSED] - setText(findTestObject("Object Repository/Repo/android.widget.EditText-OAM(Password)"), password, 0): Text 'password' has been set to element 'Object Repository/Repo/android.widget.EditText-OAM(Password)'

31-03-2025T21:20:49 - [MESSAGE][WARNING] - Timeout '0' is invalid. Using default page load timeout: '30'

31-03-2025T21:20:49 - [MESSAGE][PASSED] - Text 'password' has been set to element 'Object Repository/Repo/android.widget.EditText-OAM(Password)'

31-03-2025T21:20:49 - [TEST_STEP][PASSED] - hideKeyboard(): Keyboard is hidden

31-03-2025T21:20:52 - [MESSAGE][PASSED] - Keyboard is hidden

31-03-2025T21:20:52 - [TEST_STEP][PASSED] - delay(30): Delayed 30 second(s)

31-03-2025T21:21:22 - [MESSAGE][PASSED] - Delayed 30 second(s)

31-03-2025T21:21:22 - [TEST_STEP][PASSED] - tap(findTestObject("Object Repository/Repo/android.widget.Button -OAM(Login)"), 0): Tapped on element 'Object Repository/Repo/android.widget.Button -OAM(Login)'

31-03-2025T21:21:22 - [MESSAGE][WARNING] - Timeout '0' is invalid. Using default page load timeout: '30'

31-03-2025T21:21:22 - [MESSAGE][PASSED] - Tapped on element 'Object Repository/Repo/android.widget.Button -OAM(Login)'

31-03-2025T21:21:22 - [TEST_STEP][PASSED] - delay(20): Delayed 20 second(s)

31-03-2025T21:21:42 - [MESSAGE][PASSED] - Delayed 20 second(s)

31-03-2025T21:21:42 - [TEST_STEP][PASSED] - verifyElementExist(findTestObject("Object Repository/Repo/android.view.View - My Stay"), 0): Element 'Object Repository/Repo/android.view.View - My Stay' is exist

31-03-2025T21:21:42 - [MESSAGE][WARNING] - Timeout '0' is invalid. Using default page load timeout: '30'

31-03-2025T21:21:43 - [MESSAGE][PASSED] - Element 'Object Repository/Repo/android.view.View - My Stay' is exist

31-03-2025T21:21:43 - [TEST_STEP][PASSED] - delay(5): Delayed 5 second(s)

31-03-2025T21:21:48 - [MESSAGE][PASSED] - Delayed 5 second(s)

31-03-2025T21:21:48 - [TEST_STEP][PASSED] - verifyElementExist(findTestObject("Object Repository/Repo/android.view.View - My Account"), 0): Element 'Object Repository/Repo/android.view.View - My Account' is exist

31-03-2025T21:21:48 - [MESSAGE][WARNING] - Timeout '0' is invalid. Using default page load timeout: '30'

31-03-2025T21:21:48 - [MESSAGE][PASSED] - Element 'Object Repository/Repo/android.view.View - My Account' is exist

31-03-2025T21:21:48 - [TEST_STEP][PASSED] - delay(5): Delayed 5 second(s)

31-03-2025T21:21:53 - [MESSAGE][PASSED] - Delayed 5 second(s)

31-03-2025T21:21:53 - [TEST_STEP][PASSED] - verifyElementExist(findTestObject("Object Repository/Repo/android.view.View - Home"), 0): Element 'Object Repository/Repo/android.view.View - Home' is exist

31-03-2025T21:21:53 - [MESSAGE][WARNING] - Timeout '0' is invalid. Using default page load timeout: '30'

31-03-2025T21:21:53 - [MESSAGE][PASSED] - Element 'Object Repository/Repo/android.view.View - Home' is exist

31-03-2025T21:21:53 - [TEST_STEP][PASSED] - delay(5): Delayed 5 second(s)

31-03-2025T21:21:58 - [MESSAGE][PASSED] - Delayed 5 second(s)

31-03-2025T21:21:58 - [TEST_STEP][PASSED] - myStayText = getText(findTestObject("Object Repository/Repo/android.view.View - My Stay"), 0): Text of element 'Object Repository/Repo/android.view.View - My Stay' is: 'My Stay'

31-03-2025T21:21:58 - [MESSAGE][WARNING] - Timeout '0' is invalid. Using default page load timeout: '30'

31-03-2025T21:21:59 - [MESSAGE][PASSED] - Text of element 'Object Repository/Repo/android.view.View - My Stay' is: 'My Stay'

31-03-2025T21:21:59 - [TEST_STEP][PASSED] - assert myStayText == "My Stay": null

31-03-2025T21:21:59 - [TEST_STEP][PASSED] - myAccountText = getText(findTestObject("Object Repository/Repo/android.view.View - My Account"), 0): Text of element 'Object Repository/Repo/android.view.View - My Account' is: 'My Account'

31-03-2025T21:21:59 - [MESSAGE][WARNING] - Timeout '0' is invalid. Using default page load timeout: '30'

31-03-2025T21:21:59 - [MESSAGE][PASSED] - Text of element 'Object Repository/Repo/android.view.View - My Account' is: 'My Account'

31-03-2025T21:21:59 - [TEST_STEP][PASSED] - assert myAccountText == "My Account": null

31-03-2025T21:21:59 - [TEST_STEP][PASSED] - homeText = getText(findTestObject("Object Repository/Repo/android.view.View - Home"), 0): Text of element 'Object Repository/Repo/android.view.View - Home' is: 'Home'

31-03-2025T21:21:59 - [MESSAGE][WARNING] - Timeout '0' is invalid. Using default page load timeout: '30'

31-03-2025T21:22:00 - [MESSAGE][PASSED] - Text of element 'Object Repository/Repo/android.view.View - Home' is: 'Home'

31-03-2025T21:22:00 - [TEST_STEP][PASSED] - assert homeText == "Home": null

31-03-2025T21:22:00 - [TEST_STEP][PASSED] - tap(findTestObject("Object Repository/Repo/android.view.View - Home"), 0): Tapped on element 'Object Repository/Repo/android.view.View - Home'

31-03-2025T21:22:00 - [MESSAGE][WARNING] - Timeout '0' is invalid. Using default page load timeout: '30'

31-03-2025T21:22:00 - [MESSAGE][PASSED] - Tapped on element 'Object Repository/Repo/android.view.View - Home'

31-03-2025T21:22:00 - [TEST_STEP][PASSED] - delay(10): Delayed 10 second(s)

31-03-2025T21:22:10 - [MESSAGE][PASSED] - Delayed 10 second(s)

31-03-2025T21:22:10 - [TEST_STEP][PASSED] - tap(findTestObject("Object Repository/Repo/android.widget.Button - menu"), 0): Tapped on element 'Object Repository/Repo/android.widget.Button - menu'

31-03-2025T21:22:10 - [MESSAGE][WARNING] - Timeout '0' is invalid. Using default page load timeout: '30'

31-03-2025T21:22:10 - [MESSAGE][PASSED] - Tapped on element 'Object Repository/Repo/android.widget.Button - menu'

31-03-2025T21:22:10 - [TEST_STEP][PASSED] - delay(10): Delayed 10 second(s)

31-03-2025T21:22:20 - [MESSAGE][PASSED] - Delayed 10 second(s)

31-03-2025T21:22:20 - [TEST_STEP][PASSED] - tap(findTestObject("Object Repository/Repo/android.widget.TabWidget-Settings"), 0): Tapped on element 'Object Repository/Repo/android.widget.TabWidget-Settings'

31-03-2025T21:22:20 - [MESSAGE][WARNING] - Timeout '0' is invalid. Using default page load timeout: '30'

31-03-2025T21:22:21 - [MESSAGE][PASSED] - Tapped on element 'Object Repository/Repo/android.widget.TabWidget-Settings'

31-03-2025T21:22:21 - [TEST_STEP][PASSED] - delay(10): Delayed 10 second(s)

31-03-2025T21:22:31 - [MESSAGE][PASSED] - Delayed 10 second(s)

31-03-2025T21:22:31 - [TEST_STEP][PASSED] - actualVersion = getText(findTestObject("Object Repository/Repo/android.widget.Button - Version 2.81.111"), 0): Text of element 'Object Repository/Repo/android.widget.Button - Version 2.81.111' is: 'Version 2.81.111'

31-03-2025T21:22:31 - [MESSAGE][WARNING] - Timeout '0' is invalid. Using default page load timeout: '30'

31-03-2025T21:22:31 - [MESSAGE][PASSED] - Text of element 'Object Repository/Repo/android.widget.Button - Version 2.81.111' is: 'Version 2.81.111'

31-03-2025T21:22:31 - [TEST_STEP][PASSED] - if (actualVersion == expectedVersion): null

31-03-2025T21:22:31 - [TEST_STEP][PASSED] - println(Version verification passed. Expected: $expectedVersion, Actual: $actualVersion): null

31-03-2025T21:22:31 - [TEST_STEP][PASSED] - verifyElementExist(findTestObject("Object Repository/Repo/android.widget.Button - Version 2.81.111"), 0): Element 'Object Repository/Repo/android.widget.Button - Version 2.81.111' is exist

31-03-2025T21:22:31 - [MESSAGE][WARNING] - Timeout '0' is invalid. Using default page load timeout: '30'

31-03-2025T21:22:32 - [MESSAGE][PASSED] - Element 'Object Repository/Repo/android.widget.Button - Version 2.81.111' is exist

31-03-2025T21:22:32 - [TEST_STEP][PASSED] - closeApplication(): Close app successfully

31-03-2025T21:22:35 - [MESSAGE][PASSED] - Close app successfully

31-03-2025T21:22:35 - [TEST_STEP][PASSED] - closeBrowser(): Browser is closed

31-03-2025T21:22:35 - [MESSAGE][PASSED] - Browser is closed]]></system-out>
         <system-err><![CDATA[]]></system-err>
      </testcase>
      <system-out><![CDATA[31-03-2025T20:25:17 - [TEST_SUITE][FAILED] - WRMA Android Regression: Test Cases/Sign Up New UserPage/C660-C681_SignUpNewUserPage FAILED.
Reason:
java.lang.AssertionError: ERROR: Expected text not found! Actual text: . Expression: actualText.contains(expectedText)
	at EmailValidationTests.testAlreadyUsedEmailAddress(Script1743084213202.groovy:121)
	at EmailValidationTests.runAllTests(Script1743084213202.groovy:208)
	at C660-C681_SignUpNewUserPage.run(C660-C681_SignUpNewUserPage:218)
	at com.kms.katalon.core.main.ScriptEngine.run(ScriptEngine.java:194)
	at com.kms.katalon.core.main.ScriptEngine.runScriptAsRawText(ScriptEngine.java:119)
	at com.kms.katalon.core.main.TestCaseExecutor.runScript(TestCaseExecutor.java:448)
	at com.kms.katalon.core.main.TestCaseExecutor.doExecute(TestCaseExecutor.java:439)
	at com.kms.katalon.core.main.TestCaseExecutor.processExecutionPhase(TestCaseExecutor.java:418)
	at com.kms.katalon.core.main.TestCaseExecutor.accessMainPhase(TestCaseExecutor.java:410)
	at com.kms.katalon.core.main.TestCaseExecutor.execute(TestCaseExecutor.java:285)
	at com.kms.katalon.core.common.CommonExecutor.accessTestCaseMainPhase(CommonExecutor.java:71)
	at com.kms.katalon.core.main.TestSuiteExecutor.accessTestSuiteMainPhase(TestSuiteExecutor.java:160)
	at com.kms.katalon.core.main.TestSuiteExecutor.execute(TestSuiteExecutor.java:107)
	at com.kms.katalon.core.main.TestCaseMain.startTestSuite(TestCaseMain.java:180)
	at TempTestSuite1743432912534.run(TempTestSuite1743432912534.groovy:35)
	at java.base/jdk.internal.reflect.NativeMethodAccessorImpl.invoke0(Native Method)
	at java.base/jdk.internal.reflect.NativeMethodAccessorImpl.invoke(NativeMethodAccessorImpl.java:77)
	at java.base/jdk.internal.reflect.DelegatingMethodAccessorImpl.invoke(DelegatingMethodAccessorImpl.java:43)]]></system-out>
      <system-err><![CDATA[31-03-2025T20:25:17 - [TEST_SUITE][FAILED] - WRMA Android Regression: Test Cases/Sign Up New UserPage/C660-C681_SignUpNewUserPage FAILED.
Reason:
java.lang.AssertionError: ERROR: Expected text not found! Actual text: . Expression: actualText.contains(expectedText)
	at EmailValidationTests.testAlreadyUsedEmailAddress(Script1743084213202.groovy:121)
	at EmailValidationTests.runAllTests(Script1743084213202.groovy:208)
	at C660-C681_SignUpNewUserPage.run(C660-C681_SignUpNewUserPage:218)
	at com.kms.katalon.core.main.ScriptEngine.run(ScriptEngine.java:194)
	at com.kms.katalon.core.main.ScriptEngine.runScriptAsRawText(ScriptEngine.java:119)
	at com.kms.katalon.core.main.TestCaseExecutor.runScript(TestCaseExecutor.java:448)
	at com.kms.katalon.core.main.TestCaseExecutor.doExecute(TestCaseExecutor.java:439)
	at com.kms.katalon.core.main.TestCaseExecutor.processExecutionPhase(TestCaseExecutor.java:418)
	at com.kms.katalon.core.main.TestCaseExecutor.accessMainPhase(TestCaseExecutor.java:410)
	at com.kms.katalon.core.main.TestCaseExecutor.execute(TestCaseExecutor.java:285)
	at com.kms.katalon.core.common.CommonExecutor.accessTestCaseMainPhase(CommonExecutor.java:71)
	at com.kms.katalon.core.main.TestSuiteExecutor.accessTestSuiteMainPhase(TestSuiteExecutor.java:160)
	at com.kms.katalon.core.main.TestSuiteExecutor.execute(TestSuiteExecutor.java:107)
	at com.kms.katalon.core.main.TestCaseMain.startTestSuite(TestCaseMain.java:180)
	at TempTestSuite1743432912534.run(TempTestSuite1743432912534.groovy:35)
	at java.base/jdk.internal.reflect.NativeMethodAccessorImpl.invoke0(Native Method)
	at java.base/jdk.internal.reflect.NativeMethodAccessorImpl.invoke(NativeMethodAccessorImpl.java:77)
	at java.base/jdk.internal.reflect.DelegatingMethodAccessorImpl.invoke(DelegatingMethodAccessorImpl.java:43)]]></system-err>
   </testsuite>
</testsuites>
