<?xml version="1.0" encoding="UTF-8"?>
<testsuites name="WRMA Android Regression" time="1053.244" tests="3" failures="0" errors="0">
   <testsuite name="WRMA Android Regression" tests="3" failures="0" errors="0" time="1053.244" skipped="0" timestamp="31-03-2025T17:32:19" hostname="**********" id="Test Suites/WRMA Android Regression">
      <properties>
         <property name="deviceName" value="emulator-5554 (sdk_gphone64_arm64 - Android 16)"/>
         <property name="devicePlatform" value="Android"/>
         <property name="logFolder" value="/Users/gv.vignesh/Downloads/WGR-Android-Automation/Reports/20250331_173215/WRMA Android Regression/20250331_173215"/>
         <property name="logFiles" value="/Users/gv.vignesh/Downloads/WGR-Android-Automation/Reports/20250331_173215/WRMA Android Regression/20250331_173215/execution0.log, /Users/gv.vignesh/Downloads/WGR-Android-Automation/Reports/20250331_173215/WRMA Android Regression/20250331_173215/appium_error.log, /Users/gv.vignesh/Downloads/WGR-Android-Automation/Reports/20250331_173215/WRMA Android Regression/20250331_173215/appium.log"/>
         <property name="attachments" value="/Users/gv.vignesh/Downloads/WGR-Android-Automation/Reports/20250331_173215/WRMA Android Regression/20250331_173215/1743423261084.png, /Users/gv.vignesh/Downloads/WGR-Android-Automation/Reports/20250331_173215/WRMA Android Regression/20250331_173215/1743423261617.png, /Users/gv.vignesh/Downloads/WGR-Android-Automation/Reports/20250331_173215/WRMA Android Regression/20250331_173215/1743423359532.png, /Users/gv.vignesh/Downloads/WGR-Android-Automation/Reports/20250331_173215/WRMA Android Regression/20250331_173215/1743423359939.png"/>
         <property name="hostName" value="**********"/>
         <property name="os" value="Mac OS X 64bit"/>
         <property name="appiumServerStatus" value="{&quot;value&quot;:{&quot;ready&quot;:true,&quot;message&quot;:&quot;The server is ready to accept new connections&quot;,&quot;build&quot;:{&quot;version&quot;:&quot;2.16.0&quot;,&quot;git-sha&quot;:&quot;f1041842141f20bc701b522d4371d7843d905580&quot;,&quot;built&quot;:&quot;2025-03-24 02:42:00 +0000&quot;}}}"/>
         <property name="katalonVersion" value="10.1.1.0"/>
         <property name="deviceOS" value="Android"/>
         <property name="appiumVersion" value="2.16.0"/>
         <property name="deviceModel" value="sdk_gphone64_arm64"/>
         <property name="hostAddress" value="**********"/>
         <property name="deviceManufacturer" value="Google"/>
         <property name="deviceId" value="emulator-5554"/>
         <property name="deviceName" value="emulator-5554 (sdk_gphone64_arm64 - Android 16)"/>
         <property name="deviceOSVersion" value="16"/>
      </properties>
      <testcase name="Test Cases/Sign Up New UserPage/C699_SignUpNewUserPage" time="306.061" classname="Test Cases/Sign Up New UserPage/C699_SignUpNewUserPage" status="PASSED">
         <system-out><![CDATA[31-03-2025T17:32:19 - [TEST_CASE][PASSED] - Test Cases/Sign Up New UserPage/C699_SignUpNewUserPage: Test Cases/Sign Up New UserPage/C699_SignUpNewUserPage

31-03-2025T17:32:19 - [TEST_STEP][PASSED] - testData = findTestData("Data Files/LogiNewUser"): null

31-03-2025T17:32:20 - [TEST_STEP][PASSED] - email = testData.getValue("email", 1): null

31-03-2025T17:32:20 - [TEST_STEP][PASSED] - firstName = testData.getValue("firstname", 1): null

31-03-2025T17:32:20 - [TEST_STEP][PASSED] - lastName = testData.getValue("lastname", 1): null

31-03-2025T17:32:20 - [TEST_STEP][PASSED] - password = testData.getValue("password", 1): null

31-03-2025T17:32:20 - [TEST_STEP][PASSED] - confirmPassword = testData.getValue("confirm password", 1): null

31-03-2025T17:32:20 - [TEST_STEP][PASSED] - startApplication(appUrl, true): Started application: '/Users/gv.vignesh/Downloads/WGR-Android-Automation/App Folder/universal.apk'

31-03-2025T17:32:20 - [MESSAGE][INFO] - Starting application: '/Users/gv.vignesh/Downloads/WGR-Android-Automation/App Folder/universal.apk'

31-03-2025T17:32:20 - [MESSAGE][INFO] - User set preference: ['deviceId', '']

31-03-2025T17:32:20 - [MESSAGE][INFO] - Detected NodeJS location: "/opt/homebrew/Cellar/node/23.10.0_1/bin/node"

31-03-2025T17:32:20 - [MESSAGE][INFO] - PATH: /opt/homebrew/Cellar/node/23.10.0_1/bin:/opt/homebrew/bin:/usr/bin:/bin:/usr/sbin:/sbin:/Applications/Katalon Studio Enterprise.app/Contents/Eclipse/jre/Contents/Home/bin:/usr/local/bin/

31-03-2025T17:32:20 - [MESSAGE][INFO] - APPIUM_HOME: /Users/gv.vignesh/.appium

31-03-2025T17:32:20 - [MESSAGE][INFO] - appium outlog: /Users/gv.vignesh/Downloads/WGR-Android-Automation/Reports/20250331_173215/WRMA Android Regression/20250331_173215/appium.log

31-03-2025T17:32:20 - [MESSAGE][INFO] - appium errlog: /Users/gv.vignesh/Downloads/WGR-Android-Automation/Reports/20250331_173215/WRMA Android Regression/20250331_173215/appium_error.log

31-03-2025T17:32:21 - [MESSAGE][INFO] - Appium server started on port 56,612

31-03-2025T17:32:28 - [MESSAGE][PASSED] - Started application: '/Users/gv.vignesh/Downloads/WGR-Android-Automation/App Folder/universal.apk'

31-03-2025T17:32:28 - [TEST_STEP][PASSED] - delay(10): Delayed 10 second(s)

31-03-2025T17:32:38 - [MESSAGE][PASSED] - Delayed 10 second(s)

31-03-2025T17:32:38 - [TEST_STEP][PASSED] - tap(findTestObject("Object Repository/Repo/android.widget.Button - Login or Sign Up"), 0): Tapped on element 'Object Repository/Repo/android.widget.Button - Login or Sign Up'

31-03-2025T17:32:38 - [MESSAGE][WARNING] - Timeout '0' is invalid. Using default page load timeout: '30'

31-03-2025T17:32:38 - [MESSAGE][PASSED] - Tapped on element 'Object Repository/Repo/android.widget.Button - Login or Sign Up'

31-03-2025T17:32:38 - [TEST_STEP][PASSED] - delay(10): Delayed 10 second(s)

31-03-2025T17:32:48 - [MESSAGE][PASSED] - Delayed 10 second(s)

31-03-2025T17:32:48 - [TEST_STEP][PASSED] - setText(findTestObject("Object Repository/Repo/android.widget.EditText-LoginorSignUp"), email, 0): Text 'drakejohn@yopmail.com' has been set to element 'Object Repository/Repo/android.widget.EditText-LoginorSignUp'

31-03-2025T17:32:48 - [MESSAGE][WARNING] - Timeout '0' is invalid. Using default page load timeout: '30'

31-03-2025T17:32:49 - [MESSAGE][PASSED] - Text 'drakejohn@yopmail.com' has been set to element 'Object Repository/Repo/android.widget.EditText-LoginorSignUp'

31-03-2025T17:32:49 - [TEST_STEP][PASSED] - hideKeyboard(): Keyboard is hidden

31-03-2025T17:32:50 - [MESSAGE][PASSED] - Keyboard is hidden

31-03-2025T17:32:50 - [TEST_STEP][PASSED] - delay(10): Delayed 10 second(s)

31-03-2025T17:33:00 - [MESSAGE][PASSED] - Delayed 10 second(s)

31-03-2025T17:33:00 - [TEST_STEP][PASSED] - tap(findTestObject("Object Repository/Repo/android.widget.Button - Next"), 0): Tapped on element 'Object Repository/Repo/android.widget.Button - Next'

31-03-2025T17:33:00 - [MESSAGE][WARNING] - Timeout '0' is invalid. Using default page load timeout: '30'

31-03-2025T17:33:00 - [MESSAGE][PASSED] - Tapped on element 'Object Repository/Repo/android.widget.Button - Next'

31-03-2025T17:33:00 - [TEST_STEP][PASSED] - delay(10): Delayed 10 second(s)

31-03-2025T17:33:10 - [MESSAGE][PASSED] - Delayed 10 second(s)

31-03-2025T17:33:10 - [TEST_STEP][PASSED] - setText(findTestObject("Object Repository/Repo/android.widget.EditText-confirm email address"), email, 0): Text 'drakejohn@yopmail.com' has been set to element 'Object Repository/Repo/android.widget.EditText-confirm email address'

31-03-2025T17:33:10 - [MESSAGE][WARNING] - Timeout '0' is invalid. Using default page load timeout: '30'

31-03-2025T17:33:11 - [MESSAGE][PASSED] - Text 'drakejohn@yopmail.com' has been set to element 'Object Repository/Repo/android.widget.EditText-confirm email address'

31-03-2025T17:33:11 - [TEST_STEP][PASSED] - hideKeyboard(): Keyboard is hidden

31-03-2025T17:33:12 - [MESSAGE][PASSED] - Keyboard is hidden

31-03-2025T17:33:12 - [TEST_STEP][PASSED] - delay(10): Delayed 10 second(s)

31-03-2025T17:33:22 - [MESSAGE][PASSED] - Delayed 10 second(s)

31-03-2025T17:33:22 - [TEST_STEP][PASSED] - tap(findTestObject("Object Repository/Repo/android.widget.Button - Next (1)"), 0): Tapped on element 'Object Repository/Repo/android.widget.Button - Next (1)'

31-03-2025T17:33:22 - [MESSAGE][WARNING] - Timeout '0' is invalid. Using default page load timeout: '30'

31-03-2025T17:33:22 - [MESSAGE][PASSED] - Tapped on element 'Object Repository/Repo/android.widget.Button - Next (1)'

31-03-2025T17:33:22 - [TEST_STEP][PASSED] - delay(10): Delayed 10 second(s)

31-03-2025T17:33:32 - [MESSAGE][PASSED] - Delayed 10 second(s)

31-03-2025T17:33:32 - [TEST_STEP][PASSED] - setText(findTestObject("Object Repository/Repo/android.widget.EditText-FirstName"), firstName, 0): Text 'steve' has been set to element 'Object Repository/Repo/android.widget.EditText-FirstName'

31-03-2025T17:33:32 - [MESSAGE][WARNING] - Timeout '0' is invalid. Using default page load timeout: '30'

31-03-2025T17:33:32 - [MESSAGE][PASSED] - Text 'steve' has been set to element 'Object Repository/Repo/android.widget.EditText-FirstName'

31-03-2025T17:33:32 - [TEST_STEP][PASSED] - hideKeyboard(): Keyboard is hidden

31-03-2025T17:33:33 - [MESSAGE][PASSED] - Keyboard is hidden

31-03-2025T17:33:33 - [TEST_STEP][PASSED] - delay(10): Delayed 10 second(s)

31-03-2025T17:33:43 - [MESSAGE][PASSED] - Delayed 10 second(s)

31-03-2025T17:33:43 - [TEST_STEP][PASSED] - setText(findTestObject("Object Repository/Repo/android.widget.EditText-LastName"), lastName, 0): Text 'smith' has been set to element 'Object Repository/Repo/android.widget.EditText-LastName'

31-03-2025T17:33:43 - [MESSAGE][WARNING] - Timeout '0' is invalid. Using default page load timeout: '30'

31-03-2025T17:33:44 - [MESSAGE][PASSED] - Text 'smith' has been set to element 'Object Repository/Repo/android.widget.EditText-LastName'

31-03-2025T17:33:44 - [TEST_STEP][PASSED] - hideKeyboard(): Keyboard is hidden

31-03-2025T17:33:45 - [MESSAGE][PASSED] - Keyboard is hidden

31-03-2025T17:33:45 - [TEST_STEP][PASSED] - delay(10): Delayed 10 second(s)

31-03-2025T17:33:55 - [MESSAGE][PASSED] - Delayed 10 second(s)

31-03-2025T17:33:55 - [TEST_STEP][PASSED] - sendKeys(findTestObject("Object Repository/Repo/android.widget.EditText-Password"), password): Send keys 'password' on test object 'Object Repository/Repo/android.widget.EditText-Password' successfully.

31-03-2025T17:33:55 - [MESSAGE][PASSED] - Send keys 'password' on test object 'Object Repository/Repo/android.widget.EditText-Password' successfully.

31-03-2025T17:33:55 - [TEST_STEP][PASSED] - delay(10): Delayed 10 second(s)

31-03-2025T17:34:05 - [MESSAGE][PASSED] - Delayed 10 second(s)

31-03-2025T17:34:05 - [TEST_STEP][PASSED] - sendKeys(findTestObject("Object Repository/Repo/android.widget.EditText-Confirm Password"), confirmPassword): Send keys 'password' on test object 'Object Repository/Repo/android.widget.EditText-Confirm Password' successfully.

31-03-2025T17:34:05 - [MESSAGE][PASSED] - Send keys 'password' on test object 'Object Repository/Repo/android.widget.EditText-Confirm Password' successfully.

31-03-2025T17:34:05 - [TEST_STEP][PASSED] - delay(10): Delayed 10 second(s)

31-03-2025T17:34:15 - [MESSAGE][PASSED] - Delayed 10 second(s)

31-03-2025T17:34:15 - [TEST_STEP][PASSED] - tap(findTestObject("Object Repository/Repo/android.widget.Button - Next (2)"), 0): Tapped on element 'Object Repository/Repo/android.widget.Button - Next (2)'

31-03-2025T17:34:15 - [MESSAGE][WARNING] - Timeout '0' is invalid. Using default page load timeout: '30'

31-03-2025T17:34:15 - [MESSAGE][PASSED] - Tapped on element 'Object Repository/Repo/android.widget.Button - Next (2)'

31-03-2025T17:34:15 - [TEST_STEP][PASSED] - delay(20): Delayed 20 second(s)

31-03-2025T17:34:35 - [MESSAGE][PASSED] - Delayed 20 second(s)

31-03-2025T17:34:35 - [TEST_STEP][PASSED] - scrollToText("etc)."): Scrolling to text 'etc).' successfully

31-03-2025T17:34:36 - [MESSAGE][PASSED] - Scrolling to text 'etc).' successfully

31-03-2025T17:34:36 - [TEST_STEP][PASSED] - delay(5): Delayed 5 second(s)

31-03-2025T17:34:41 - [MESSAGE][PASSED] - Delayed 5 second(s)

31-03-2025T17:34:41 - [TEST_STEP][PASSED] - tap(findTestObject("Object Repository/Repo/android.widget.Button - Agree to Terms  Conditions"), 0): Tapped on element 'Object Repository/Repo/android.widget.Button - Agree to Terms  Conditions'

31-03-2025T17:34:41 - [MESSAGE][WARNING] - Timeout '0' is invalid. Using default page load timeout: '30'

31-03-2025T17:34:41 - [MESSAGE][PASSED] - Tapped on element 'Object Repository/Repo/android.widget.Button - Agree to Terms  Conditions'

31-03-2025T17:34:41 - [TEST_STEP][PASSED] - delay(30): Delayed 30 second(s)

31-03-2025T17:35:11 - [MESSAGE][PASSED] - Delayed 30 second(s)

31-03-2025T17:35:11 - [TEST_STEP][PASSED] - setText(findTestObject("Object Repository/Repo/android.widget.EditText-OAM(Login)"), email, 0): Text 'drakejohn@yopmail.com' has been set to element 'Object Repository/Repo/android.widget.EditText-OAM(Login)'

31-03-2025T17:35:11 - [MESSAGE][WARNING] - Timeout '0' is invalid. Using default page load timeout: '30'

31-03-2025T17:35:11 - [MESSAGE][PASSED] - Text 'drakejohn@yopmail.com' has been set to element 'Object Repository/Repo/android.widget.EditText-OAM(Login)'

31-03-2025T17:35:11 - [TEST_STEP][PASSED] - hideKeyboard(): Keyboard is hidden

31-03-2025T17:35:12 - [MESSAGE][PASSED] - Keyboard is hidden

31-03-2025T17:35:12 - [TEST_STEP][PASSED] - delay(30): Delayed 30 second(s)

31-03-2025T17:35:42 - [MESSAGE][PASSED] - Delayed 30 second(s)

31-03-2025T17:35:42 - [TEST_STEP][PASSED] - setText(findTestObject("Object Repository/Repo/android.widget.EditText-OAM(Password)"), password, 0): Text 'password' has been set to element 'Object Repository/Repo/android.widget.EditText-OAM(Password)'

31-03-2025T17:35:42 - [MESSAGE][WARNING] - Timeout '0' is invalid. Using default page load timeout: '30'

31-03-2025T17:35:42 - [MESSAGE][PASSED] - Text 'password' has been set to element 'Object Repository/Repo/android.widget.EditText-OAM(Password)'

31-03-2025T17:35:42 - [TEST_STEP][PASSED] - hideKeyboard(): Keyboard is hidden

31-03-2025T17:35:42 - [MESSAGE][PASSED] - Keyboard is hidden

31-03-2025T17:35:42 - [TEST_STEP][PASSED] - delay(30): Delayed 30 second(s)

31-03-2025T17:36:12 - [MESSAGE][PASSED] - Delayed 30 second(s)

31-03-2025T17:36:12 - [TEST_STEP][PASSED] - tap(findTestObject("Object Repository/Repo/android.widget.Button -OAM(Login)"), 0): Tapped on element 'Object Repository/Repo/android.widget.Button -OAM(Login)'

31-03-2025T17:36:13 - [MESSAGE][WARNING] - Timeout '0' is invalid. Using default page load timeout: '30'

31-03-2025T17:36:13 - [MESSAGE][PASSED] - Tapped on element 'Object Repository/Repo/android.widget.Button -OAM(Login)'

31-03-2025T17:36:13 - [TEST_STEP][PASSED] - delay(20): Delayed 20 second(s)

31-03-2025T17:36:34 - [MESSAGE][PASSED] - Delayed 20 second(s)

31-03-2025T17:36:34 - [TEST_STEP][PASSED] - tap(findTestObject("Object Repository/Repo/android.widget.Button - Next-(VerifyAccount)"), 0): Tapped on element 'Object Repository/Repo/android.widget.Button - Next-(VerifyAccount)'

31-03-2025T17:36:34 - [MESSAGE][WARNING] - Timeout '0' is invalid. Using default page load timeout: '30'

31-03-2025T17:36:34 - [MESSAGE][PASSED] - Tapped on element 'Object Repository/Repo/android.widget.Button - Next-(VerifyAccount)'

31-03-2025T17:36:34 - [TEST_STEP][PASSED] - delay(10): Delayed 10 second(s)

31-03-2025T17:36:44 - [MESSAGE][PASSED] - Delayed 10 second(s)

31-03-2025T17:36:44 - [TEST_STEP][PASSED] - verifyElementExist(findTestObject("Object Repository/Repo/android.widget.TextView - Youve chosen to skip the email verification process. While you can explore the app as a guest, please note that certain features and functionalities may be limited"), 0): Element 'Object Repository/Repo/android.widget.TextView - Youve chosen to skip the email verification process. While you can explore the app as a guest, please note that certain features and functionalities may be limited' is exist

31-03-2025T17:36:44 - [MESSAGE][WARNING] - Timeout '0' is invalid. Using default page load timeout: '30'

31-03-2025T17:36:44 - [MESSAGE][PASSED] - Element 'Object Repository/Repo/android.widget.TextView - Youve chosen to skip the email verification process. While you can explore the app as a guest, please note that certain features and functionalities may be limited' is exist

31-03-2025T17:36:44 - [TEST_STEP][PASSED] - delay(10): Delayed 10 second(s)

31-03-2025T17:36:54 - [MESSAGE][PASSED] - Delayed 10 second(s)

31-03-2025T17:36:54 - [TEST_STEP][PASSED] - verifyElementExist(findTestObject("Object Repository/Repo/android.widget.TextView - To fully access all features"), 0): Element 'Object Repository/Repo/android.widget.TextView - To fully access all features' is exist

31-03-2025T17:36:54 - [MESSAGE][WARNING] - Timeout '0' is invalid. Using default page load timeout: '30'

31-03-2025T17:36:54 - [MESSAGE][PASSED] - Element 'Object Repository/Repo/android.widget.TextView - To fully access all features' is exist

31-03-2025T17:36:54 - [TEST_STEP][PASSED] - delay(10): Delayed 10 second(s)

31-03-2025T17:37:04 - [MESSAGE][PASSED] - Delayed 10 second(s)

31-03-2025T17:37:04 - [TEST_STEP][PASSED] - actualText = getText(findTestObject("Object Repository/Repo/android.widget.TextView - Youve chosen to skip the email verification process. While you can explore the app as a guest, please note that certain features and functionalities may be limited"), 0): Text of element 'Object Repository/Repo/android.widget.TextView - Youve chosen to skip the email verification process. While you can explore the app as a guest, please note that certain features and functionalities may be limited' is: 'You've chosen to skip the email verification process. While you can explore the app as a guest, please note that certain features and functionalities may be limited.'

31-03-2025T17:37:04 - [MESSAGE][WARNING] - Timeout '0' is invalid. Using default page load timeout: '30'

31-03-2025T17:37:04 - [MESSAGE][PASSED] - Text of element 'Object Repository/Repo/android.widget.TextView - Youve chosen to skip the email verification process. While you can explore the app as a guest, please note that certain features and functionalities may be limited' is: 'You've chosen to skip the email verification process. While you can explore the app as a guest, please note that certain features and functionalities may be limited.'

31-03-2025T17:37:04 - [TEST_STEP][PASSED] - expectedText = "You've chosen to skip the email verification process. While you can explore the app as a guest, please note that certain features and functionalities may be limited.": null

31-03-2025T17:37:04 - [TEST_STEP][PASSED] - assert actualText == expectedText: null

31-03-2025T17:37:04 - [TEST_STEP][PASSED] - verifyElementExist(findTestObject("Object Repository/Repo/android.widget.Button - Next (2)"), 0): Element 'Object Repository/Repo/android.widget.Button - Next (2)' is exist

31-03-2025T17:37:04 - [MESSAGE][WARNING] - Timeout '0' is invalid. Using default page load timeout: '30'

31-03-2025T17:37:04 - [MESSAGE][PASSED] - Element 'Object Repository/Repo/android.widget.Button - Next (2)' is exist

31-03-2025T17:37:04 - [TEST_STEP][PASSED] - delay(10): Delayed 10 second(s)

31-03-2025T17:37:14 - [MESSAGE][PASSED] - Delayed 10 second(s)

31-03-2025T17:37:14 - [TEST_STEP][PASSED] - tap(findTestObject("Object Repository/Repo/android.widget.Button - Next (2)"), 0): Tapped on element 'Object Repository/Repo/android.widget.Button - Next (2)'

31-03-2025T17:37:14 - [MESSAGE][WARNING] - Timeout '0' is invalid. Using default page load timeout: '30'

31-03-2025T17:37:14 - [MESSAGE][PASSED] - Tapped on element 'Object Repository/Repo/android.widget.Button - Next (2)'

31-03-2025T17:37:14 - [TEST_STEP][PASSED] - delay(10): Delayed 10 second(s)

31-03-2025T17:37:24 - [MESSAGE][PASSED] - Delayed 10 second(s)

31-03-2025T17:37:24 - [TEST_STEP][PASSED] - closeApplication(): Close app successfully

31-03-2025T17:37:25 - [MESSAGE][PASSED] - Close app successfully

31-03-2025T17:37:25 - [TEST_STEP][PASSED] - closeBrowser(): Browser is closed

31-03-2025T17:37:25 - [MESSAGE][PASSED] - Browser is closed]]></system-out>
         <system-err><![CDATA[]]></system-err>
      </testcase>
      <testcase name="Test Cases/Login Owner OR Renter/C739_LoginOwnerOrRenter" time="278.28" classname="Test Cases/Login Owner OR Renter/C739_LoginOwnerOrRenter" status="PASSED">
         <system-out><![CDATA[31-03-2025T17:37:42 - [TEST_CASE][PASSED] - Test Cases/Login Owner OR Renter/C739_LoginOwnerOrRenter: Test Cases/Login Owner OR Renter/C739_LoginOwnerOrRenter

31-03-2025T17:37:42 - [TEST_STEP][PASSED] - testData = findTestData("Data Files/LogiNewUser"): null

31-03-2025T17:37:42 - [TEST_STEP][PASSED] - email = testData.getValue("email", 1): null

31-03-2025T17:37:42 - [TEST_STEP][PASSED] - password = testData.getValue("password", 1): null

31-03-2025T17:37:42 - [TEST_STEP][PASSED] - startApplication("/Users/gv.vignesh/Downloads/WGR-Android-Automation/App Folder/app-debug.apk", true): Started application: '/Users/gv.vignesh/Downloads/WGR-Android-Automation/App Folder/app-debug.apk'

31-03-2025T17:37:42 - [MESSAGE][INFO] - Starting application: '/Users/gv.vignesh/Downloads/WGR-Android-Automation/App Folder/app-debug.apk'

31-03-2025T17:37:42 - [MESSAGE][INFO] - User set preference: ['deviceId', '']

31-03-2025T17:37:46 - [MESSAGE][PASSED] - Started application: '/Users/gv.vignesh/Downloads/WGR-Android-Automation/App Folder/app-debug.apk'

31-03-2025T17:37:46 - [TEST_STEP][PASSED] - delay(10): Delayed 10 second(s)

31-03-2025T17:37:56 - [MESSAGE][PASSED] - Delayed 10 second(s)

31-03-2025T17:37:56 - [TEST_STEP][PASSED] - tap(findTestObject("Object Repository/Repo/android.widget.Button - Login or Sign Up"), 0): Tapped on element 'Object Repository/Repo/android.widget.Button - Login or Sign Up'

31-03-2025T17:37:56 - [MESSAGE][WARNING] - Timeout '0' is invalid. Using default page load timeout: '30'

31-03-2025T17:37:56 - [MESSAGE][PASSED] - Tapped on element 'Object Repository/Repo/android.widget.Button - Login or Sign Up'

31-03-2025T17:37:56 - [TEST_STEP][PASSED] - delay(10): Delayed 10 second(s)

31-03-2025T17:38:06 - [MESSAGE][PASSED] - Delayed 10 second(s)

31-03-2025T17:38:06 - [TEST_STEP][PASSED] - sendKeys(findTestObject("Object Repository/Repo/android.widget.EditText-LoginorSignUp"), email): Send keys 'drakejohn@yopmail.com' on test object 'Object Repository/Repo/android.widget.EditText-LoginorSignUp' successfully.

31-03-2025T17:38:06 - [MESSAGE][PASSED] - Send keys 'drakejohn@yopmail.com' on test object 'Object Repository/Repo/android.widget.EditText-LoginorSignUp' successfully.

31-03-2025T17:38:06 - [TEST_STEP][PASSED] - delay(10): Delayed 10 second(s)

31-03-2025T17:38:16 - [MESSAGE][PASSED] - Delayed 10 second(s)

31-03-2025T17:38:16 - [TEST_STEP][PASSED] - tap(findTestObject("Object Repository/Repo/android.widget.Button - Next"), 0): Tapped on element 'Object Repository/Repo/android.widget.Button - Next'

31-03-2025T17:38:16 - [MESSAGE][WARNING] - Timeout '0' is invalid. Using default page load timeout: '30'

31-03-2025T17:38:16 - [MESSAGE][PASSED] - Tapped on element 'Object Repository/Repo/android.widget.Button - Next'

31-03-2025T17:38:16 - [TEST_STEP][PASSED] - delay(30): Delayed 30 second(s)

31-03-2025T17:38:46 - [MESSAGE][PASSED] - Delayed 30 second(s)

31-03-2025T17:38:46 - [TEST_STEP][PASSED] - homeElementExists = verifyElementExist(findTestObject("Object Repository/Repo/android.view.View - Home"), 0): Element 'Object Repository/Repo/android.view.View - Home' is exist

31-03-2025T17:38:46 - [MESSAGE][WARNING] - Timeout '0' is invalid. Using default page load timeout: '30'

31-03-2025T17:38:46 - [MESSAGE][PASSED] - Element 'Object Repository/Repo/android.view.View - Home' is exist

31-03-2025T17:38:46 - [TEST_STEP][PASSED] - assert homeElementExists : "Element 'Home' does not exist.": null

31-03-2025T17:38:46 - [TEST_STEP][PASSED] - homeText = getText(findTestObject("Object Repository/Repo/android.view.View - Home"), 0): Text of element 'Object Repository/Repo/android.view.View - Home' is: 'Home'

31-03-2025T17:38:46 - [MESSAGE][WARNING] - Timeout '0' is invalid. Using default page load timeout: '30'

31-03-2025T17:38:46 - [MESSAGE][PASSED] - Text of element 'Object Repository/Repo/android.view.View - Home' is: 'Home'

31-03-2025T17:38:46 - [TEST_STEP][PASSED] - assert homeText == "Home": null

31-03-2025T17:38:46 - [TEST_STEP][PASSED] - delay(10): Delayed 10 second(s)

31-03-2025T17:38:56 - [MESSAGE][PASSED] - Delayed 10 second(s)

31-03-2025T17:38:56 - [TEST_STEP][PASSED] - myStayElementExists = verifyElementExist(findTestObject("Object Repository/Repo/android.view.View - My Stay"), 0): Element 'Object Repository/Repo/android.view.View - My Stay' is exist

31-03-2025T17:38:56 - [MESSAGE][WARNING] - Timeout '0' is invalid. Using default page load timeout: '30'

31-03-2025T17:38:56 - [MESSAGE][PASSED] - Element 'Object Repository/Repo/android.view.View - My Stay' is exist

31-03-2025T17:38:56 - [TEST_STEP][PASSED] - assert myStayElementExists : "Element 'My Stay' does not exist.": null

31-03-2025T17:38:56 - [TEST_STEP][PASSED] - myStayText = getText(findTestObject("Object Repository/Repo/android.view.View - My Stay"), 0): Text of element 'Object Repository/Repo/android.view.View - My Stay' is: 'My Stay'

31-03-2025T17:38:56 - [MESSAGE][WARNING] - Timeout '0' is invalid. Using default page load timeout: '30'

31-03-2025T17:38:56 - [MESSAGE][PASSED] - Text of element 'Object Repository/Repo/android.view.View - My Stay' is: 'My Stay'

31-03-2025T17:38:56 - [TEST_STEP][PASSED] - assert myStayText == "My Stay": null

31-03-2025T17:38:56 - [TEST_STEP][PASSED] - delay(10): Delayed 10 second(s)

31-03-2025T17:39:06 - [MESSAGE][PASSED] - Delayed 10 second(s)

31-03-2025T17:39:06 - [TEST_STEP][PASSED] - myAccountElementExists = verifyElementExist(findTestObject("Object Repository/Repo/android.view.View - My Account"), 0): Element 'Object Repository/Repo/android.view.View - My Account' is exist

31-03-2025T17:39:06 - [MESSAGE][WARNING] - Timeout '0' is invalid. Using default page load timeout: '30'

31-03-2025T17:39:06 - [MESSAGE][PASSED] - Element 'Object Repository/Repo/android.view.View - My Account' is exist

31-03-2025T17:39:06 - [TEST_STEP][PASSED] - assert myAccountElementExists : "Element 'My Account' does not exist.": null

31-03-2025T17:39:06 - [TEST_STEP][PASSED] - myAccountText = getText(findTestObject("Object Repository/Repo/android.view.View - My Account"), 0): Text of element 'Object Repository/Repo/android.view.View - My Account' is: 'My Account'

31-03-2025T17:39:06 - [MESSAGE][WARNING] - Timeout '0' is invalid. Using default page load timeout: '30'

31-03-2025T17:39:07 - [MESSAGE][PASSED] - Text of element 'Object Repository/Repo/android.view.View - My Account' is: 'My Account'

31-03-2025T17:39:07 - [TEST_STEP][PASSED] - assert myAccountText == "My Account": null

31-03-2025T17:39:07 - [TEST_STEP][PASSED] - delay(10): Delayed 10 second(s)

31-03-2025T17:39:17 - [MESSAGE][PASSED] - Delayed 10 second(s)

31-03-2025T17:39:17 - [TEST_STEP][PASSED] - println("Text 'Home' is present."): null

31-03-2025T17:39:17 - [TEST_STEP][PASSED] - println("Text 'My Stay' is present."): null

31-03-2025T17:39:17 - [TEST_STEP][PASSED] - println("Text 'My Account' is present."): null

31-03-2025T17:39:17 - [TEST_STEP][PASSED] - delay(10): Delayed 10 second(s)

31-03-2025T17:39:27 - [MESSAGE][PASSED] - Delayed 10 second(s)

31-03-2025T17:39:27 - [TEST_STEP][PASSED] - tap(findTestObject("Object Repository/Repo/android.view.View - Home"), 0, STOP_ON_FAILURE): Tapped on element 'Object Repository/Repo/android.view.View - Home'

31-03-2025T17:39:27 - [MESSAGE][WARNING] - Timeout '0' is invalid. Using default page load timeout: '30'

31-03-2025T17:39:27 - [MESSAGE][PASSED] - Tapped on element 'Object Repository/Repo/android.view.View - Home'

31-03-2025T17:39:27 - [TEST_STEP][PASSED] - delay(5): Delayed 5 second(s)

31-03-2025T17:39:32 - [MESSAGE][PASSED] - Delayed 5 second(s)

31-03-2025T17:39:32 - [TEST_STEP][PASSED] - tap(findTestObject("Object Repository/Repo/android.widget.Button - menu"), 0, STOP_ON_FAILURE): Tapped on element 'Object Repository/Repo/android.widget.Button - menu'

31-03-2025T17:39:32 - [MESSAGE][WARNING] - Timeout '0' is invalid. Using default page load timeout: '30'

31-03-2025T17:39:32 - [MESSAGE][PASSED] - Tapped on element 'Object Repository/Repo/android.widget.Button - menu'

31-03-2025T17:39:32 - [TEST_STEP][PASSED] - delay(30): Delayed 30 second(s)

31-03-2025T17:40:02 - [MESSAGE][PASSED] - Delayed 30 second(s)

31-03-2025T17:40:02 - [TEST_STEP][PASSED] - if (waitForElementPresent(findTestObject("Object Repository/Repo/android.widget.TextView - Terms and Conditions-Menu"), 10, CONTINUE_ON_FAILURE)): null

31-03-2025T17:40:02 - [MESSAGE][PASSED] - Element 'Object Repository/Repo/android.widget.TextView - Terms and Conditions-Menu' is present

31-03-2025T17:40:02 - [TEST_STEP][PASSED] - tap(findTestObject("Object Repository/Repo/android.widget.TextView - Terms and Conditions-Menu"), 0, STOP_ON_FAILURE): Tapped on element 'Object Repository/Repo/android.widget.TextView - Terms and Conditions-Menu'

31-03-2025T17:40:02 - [MESSAGE][WARNING] - Timeout '0' is invalid. Using default page load timeout: '30'

31-03-2025T17:40:02 - [MESSAGE][PASSED] - Tapped on element 'Object Repository/Repo/android.widget.TextView - Terms and Conditions-Menu'

31-03-2025T17:40:02 - [TEST_STEP][PASSED] - delay(30): Delayed 30 second(s)

31-03-2025T17:40:32 - [MESSAGE][PASSED] - Delayed 30 second(s)

31-03-2025T17:40:32 - [TEST_STEP][PASSED] - if (waitForElementPresent(findTestObject("Object Repository/Repo/android.view.View-Terms and conditions web"), 30, CONTINUE_ON_FAILURE)): null

31-03-2025T17:40:32 - [MESSAGE][PASSED] - Element 'Object Repository/Repo/android.view.View-Terms and conditions web' is present

31-03-2025T17:40:32 - [TEST_STEP][PASSED] - println("Element 'android.view.View - Terms & Conditions-Webview' exists."): null

31-03-2025T17:40:32 - [TEST_STEP][PASSED] - delay(30): Delayed 30 second(s)

31-03-2025T17:41:02 - [MESSAGE][PASSED] - Delayed 30 second(s)

31-03-2025T17:41:02 - [TEST_STEP][PASSED] - tap(findTestObject("Object Repository/Repo/android.widget.ImageButton-Cancel web"), 0, STOP_ON_FAILURE): Tapped on element 'Object Repository/Repo/android.widget.ImageButton-Cancel web'

31-03-2025T17:41:02 - [MESSAGE][WARNING] - Timeout '0' is invalid. Using default page load timeout: '30'

31-03-2025T17:41:02 - [MESSAGE][PASSED] - Tapped on element 'Object Repository/Repo/android.widget.ImageButton-Cancel web'

31-03-2025T17:41:02 - [TEST_STEP][PASSED] - delay(15): Delayed 15 second(s)

31-03-2025T17:41:17 - [MESSAGE][PASSED] - Delayed 15 second(s)

31-03-2025T17:41:17 - [TEST_STEP][PASSED] - tap(findTestObject("Object Repository/Repo/android.widget.Button - menu"), 0, STOP_ON_FAILURE): Tapped on element 'Object Repository/Repo/android.widget.Button - menu'

31-03-2025T17:41:17 - [MESSAGE][WARNING] - Timeout '0' is invalid. Using default page load timeout: '30'

31-03-2025T17:41:18 - [MESSAGE][PASSED] - Tapped on element 'Object Repository/Repo/android.widget.Button - menu'

31-03-2025T17:41:18 - [TEST_STEP][PASSED] - delay(30): Delayed 30 second(s)

31-03-2025T17:41:48 - [MESSAGE][PASSED] - Delayed 30 second(s)

31-03-2025T17:41:48 - [TEST_STEP][PASSED] - tap(findTestObject("Object Repository/Repo/android.widget.TextView - Privacy Policy-Menu"), 0, STOP_ON_FAILURE): Tapped on element 'Object Repository/Repo/android.widget.TextView - Privacy Policy-Menu'

31-03-2025T17:41:48 - [MESSAGE][WARNING] - Timeout '0' is invalid. Using default page load timeout: '30'

31-03-2025T17:41:48 - [MESSAGE][PASSED] - Tapped on element 'Object Repository/Repo/android.widget.TextView - Privacy Policy-Menu'

31-03-2025T17:41:48 - [TEST_STEP][PASSED] - delay(30): Delayed 30 second(s)

31-03-2025T17:42:18 - [MESSAGE][PASSED] - Delayed 30 second(s)

31-03-2025T17:42:18 - [TEST_STEP][PASSED] - if (waitForElementPresent(findTestObject("Object Repository/Repo/android.widget.TextView - Privacy Policy-web"), 30, CONTINUE_ON_FAILURE)): null

31-03-2025T17:42:18 - [MESSAGE][PASSED] - Element 'Object Repository/Repo/android.widget.TextView - Privacy Policy-web' is present

31-03-2025T17:42:18 - [TEST_STEP][PASSED] - println("Element 'android.widget.TextView - Privacy Policy-web' exists."): null

31-03-2025T17:42:18 - [TEST_STEP][PASSED] - closeApplication(): Close app successfully

31-03-2025T17:42:20 - [MESSAGE][PASSED] - Close app successfully

31-03-2025T17:42:20 - [TEST_STEP][PASSED] - closeBrowser(): Browser is closed

31-03-2025T17:42:20 - [MESSAGE][PASSED] - Browser is closed]]></system-out>
         <system-err><![CDATA[]]></system-err>
      </testcase>
      <testcase name="Test Cases/Login Owner OR Renter/C661-C720-C721_LoginOwnerOrRenter" time="232.819" classname="Test Cases/Login Owner OR Renter/C661-C720-C721_LoginOwnerOrRenter" status="PASSED">
         <system-out><![CDATA[31-03-2025T17:46:00 - [TEST_CASE][PASSED] - Test Cases/Login Owner OR Renter/C661-C720-C721_LoginOwnerOrRenter: Test Cases/Login Owner OR Renter/C661-C720-C721_LoginOwnerOrRenter

31-03-2025T17:46:00 - [TEST_STEP][PASSED] - testData = findTestData("Data Files/LogiNewUser"): null

31-03-2025T17:46:00 - [TEST_STEP][PASSED] - email = testData.getValue("email", 1): null

31-03-2025T17:46:00 - [TEST_STEP][PASSED] - password = testData.getValue("password", 1): null

31-03-2025T17:46:00 - [TEST_STEP][PASSED] - expectedVersion = testData.getValue("version", 1): null

31-03-2025T17:46:00 - [TEST_STEP][PASSED] - startApplication(appUrl, true): Started application: '/Users/gv.vignesh/Downloads/WGR-Android-Automation/App Folder/universal.apk'

31-03-2025T17:46:00 - [MESSAGE][INFO] - Starting application: '/Users/gv.vignesh/Downloads/WGR-Android-Automation/App Folder/universal.apk'

31-03-2025T17:46:00 - [MESSAGE][INFO] - User set preference: ['deviceId', '']

31-03-2025T17:46:05 - [MESSAGE][PASSED] - Started application: '/Users/gv.vignesh/Downloads/WGR-Android-Automation/App Folder/universal.apk'

31-03-2025T17:46:05 - [TEST_STEP][PASSED] - delay(10): Delayed 10 second(s)

31-03-2025T17:46:15 - [MESSAGE][PASSED] - Delayed 10 second(s)

31-03-2025T17:46:15 - [TEST_STEP][PASSED] - tap(findTestObject("Object Repository/Repo/android.widget.Button - Login or Sign Up"), 0): Tapped on element 'Object Repository/Repo/android.widget.Button - Login or Sign Up'

31-03-2025T17:46:15 - [MESSAGE][WARNING] - Timeout '0' is invalid. Using default page load timeout: '30'

31-03-2025T17:46:15 - [MESSAGE][PASSED] - Tapped on element 'Object Repository/Repo/android.widget.Button - Login or Sign Up'

31-03-2025T17:46:15 - [TEST_STEP][PASSED] - delay(10): Delayed 10 second(s)

31-03-2025T17:46:25 - [MESSAGE][PASSED] - Delayed 10 second(s)

31-03-2025T17:46:25 - [TEST_STEP][PASSED] - setText(findTestObject("Object Repository/Repo/android.widget.EditText-LoginorSignUp"), email, 0): Text 'drakejohn@yopmail.com' has been set to element 'Object Repository/Repo/android.widget.EditText-LoginorSignUp'

31-03-2025T17:46:25 - [MESSAGE][WARNING] - Timeout '0' is invalid. Using default page load timeout: '30'

31-03-2025T17:46:25 - [MESSAGE][PASSED] - Text 'drakejohn@yopmail.com' has been set to element 'Object Repository/Repo/android.widget.EditText-LoginorSignUp'

31-03-2025T17:46:25 - [TEST_STEP][PASSED] - hideKeyboard(): Keyboard is hidden

31-03-2025T17:46:27 - [MESSAGE][PASSED] - Keyboard is hidden

31-03-2025T17:46:27 - [TEST_STEP][PASSED] - delay(10): Delayed 10 second(s)

31-03-2025T17:46:37 - [MESSAGE][PASSED] - Delayed 10 second(s)

31-03-2025T17:46:37 - [TEST_STEP][PASSED] - tap(findTestObject("Object Repository/Repo/android.widget.Button - Next"), 0): Tapped on element 'Object Repository/Repo/android.widget.Button - Next'

31-03-2025T17:46:37 - [MESSAGE][WARNING] - Timeout '0' is invalid. Using default page load timeout: '30'

31-03-2025T17:46:37 - [MESSAGE][PASSED] - Tapped on element 'Object Repository/Repo/android.widget.Button - Next'

31-03-2025T17:46:37 - [TEST_STEP][PASSED] - delay(30): Delayed 30 second(s)

31-03-2025T17:47:08 - [MESSAGE][PASSED] - Delayed 30 second(s)

31-03-2025T17:47:08 - [TEST_STEP][PASSED] - delay(30): Delayed 30 second(s)

31-03-2025T17:47:38 - [MESSAGE][PASSED] - Delayed 30 second(s)

31-03-2025T17:47:38 - [TEST_STEP][PASSED] - setText(findTestObject("Object Repository/Repo/android.widget.EditText-OAM(Login)"), email, 0): Text 'drakejohn@yopmail.com' has been set to element 'Object Repository/Repo/android.widget.EditText-OAM(Login)'

31-03-2025T17:47:38 - [MESSAGE][WARNING] - Timeout '0' is invalid. Using default page load timeout: '30'

31-03-2025T17:47:38 - [MESSAGE][PASSED] - Text 'drakejohn@yopmail.com' has been set to element 'Object Repository/Repo/android.widget.EditText-OAM(Login)'

31-03-2025T17:47:38 - [TEST_STEP][PASSED] - hideKeyboard(): Keyboard is hidden

31-03-2025T17:47:38 - [MESSAGE][PASSED] - Keyboard is hidden

31-03-2025T17:47:38 - [TEST_STEP][PASSED] - delay(30): Delayed 30 second(s)

31-03-2025T17:48:08 - [MESSAGE][PASSED] - Delayed 30 second(s)

31-03-2025T17:48:08 - [TEST_STEP][PASSED] - setText(findTestObject("Object Repository/Repo/android.widget.EditText-OAM(Password)"), password, 0): Text 'password' has been set to element 'Object Repository/Repo/android.widget.EditText-OAM(Password)'

31-03-2025T17:48:08 - [MESSAGE][WARNING] - Timeout '0' is invalid. Using default page load timeout: '30'

31-03-2025T17:48:10 - [MESSAGE][PASSED] - Text 'password' has been set to element 'Object Repository/Repo/android.widget.EditText-OAM(Password)'

31-03-2025T17:48:10 - [TEST_STEP][PASSED] - hideKeyboard(): Keyboard is hidden

31-03-2025T17:48:12 - [MESSAGE][PASSED] - Keyboard is hidden

31-03-2025T17:48:12 - [TEST_STEP][PASSED] - delay(30): Delayed 30 second(s)

31-03-2025T17:48:42 - [MESSAGE][PASSED] - Delayed 30 second(s)

31-03-2025T17:48:42 - [TEST_STEP][PASSED] - tap(findTestObject("Object Repository/Repo/android.widget.Button -OAM(Login)"), 0): Tapped on element 'Object Repository/Repo/android.widget.Button -OAM(Login)'

31-03-2025T17:48:42 - [MESSAGE][WARNING] - Timeout '0' is invalid. Using default page load timeout: '30'

31-03-2025T17:48:42 - [MESSAGE][PASSED] - Tapped on element 'Object Repository/Repo/android.widget.Button -OAM(Login)'

31-03-2025T17:48:42 - [TEST_STEP][PASSED] - delay(20): Delayed 20 second(s)

31-03-2025T17:49:02 - [MESSAGE][PASSED] - Delayed 20 second(s)

31-03-2025T17:49:02 - [TEST_STEP][PASSED] - verifyElementExist(findTestObject("Object Repository/Repo/android.view.View - My Stay"), 0): Element 'Object Repository/Repo/android.view.View - My Stay' is exist

31-03-2025T17:49:02 - [MESSAGE][WARNING] - Timeout '0' is invalid. Using default page load timeout: '30'

31-03-2025T17:49:02 - [MESSAGE][PASSED] - Element 'Object Repository/Repo/android.view.View - My Stay' is exist

31-03-2025T17:49:02 - [TEST_STEP][PASSED] - delay(5): Delayed 5 second(s)

31-03-2025T17:49:07 - [MESSAGE][PASSED] - Delayed 5 second(s)

31-03-2025T17:49:07 - [TEST_STEP][PASSED] - verifyElementExist(findTestObject("Object Repository/Repo/android.view.View - My Account"), 0): Element 'Object Repository/Repo/android.view.View - My Account' is exist

31-03-2025T17:49:07 - [MESSAGE][WARNING] - Timeout '0' is invalid. Using default page load timeout: '30'

31-03-2025T17:49:07 - [MESSAGE][PASSED] - Element 'Object Repository/Repo/android.view.View - My Account' is exist

31-03-2025T17:49:07 - [TEST_STEP][PASSED] - delay(5): Delayed 5 second(s)

31-03-2025T17:49:12 - [MESSAGE][PASSED] - Delayed 5 second(s)

31-03-2025T17:49:12 - [TEST_STEP][PASSED] - verifyElementExist(findTestObject("Object Repository/Repo/android.view.View - Home"), 0): Element 'Object Repository/Repo/android.view.View - Home' is exist

31-03-2025T17:49:12 - [MESSAGE][WARNING] - Timeout '0' is invalid. Using default page load timeout: '30'

31-03-2025T17:49:12 - [MESSAGE][PASSED] - Element 'Object Repository/Repo/android.view.View - Home' is exist

31-03-2025T17:49:12 - [TEST_STEP][PASSED] - delay(5): Delayed 5 second(s)

31-03-2025T17:49:17 - [MESSAGE][PASSED] - Delayed 5 second(s)

31-03-2025T17:49:17 - [TEST_STEP][PASSED] - myStayText = getText(findTestObject("Object Repository/Repo/android.view.View - My Stay"), 0): Text of element 'Object Repository/Repo/android.view.View - My Stay' is: 'My Stay'

31-03-2025T17:49:17 - [MESSAGE][WARNING] - Timeout '0' is invalid. Using default page load timeout: '30'

31-03-2025T17:49:17 - [MESSAGE][PASSED] - Text of element 'Object Repository/Repo/android.view.View - My Stay' is: 'My Stay'

31-03-2025T17:49:17 - [TEST_STEP][PASSED] - assert myStayText == "My Stay": null

31-03-2025T17:49:17 - [TEST_STEP][PASSED] - myAccountText = getText(findTestObject("Object Repository/Repo/android.view.View - My Account"), 0): Text of element 'Object Repository/Repo/android.view.View - My Account' is: 'My Account'

31-03-2025T17:49:17 - [MESSAGE][WARNING] - Timeout '0' is invalid. Using default page load timeout: '30'

31-03-2025T17:49:18 - [MESSAGE][PASSED] - Text of element 'Object Repository/Repo/android.view.View - My Account' is: 'My Account'

31-03-2025T17:49:18 - [TEST_STEP][PASSED] - assert myAccountText == "My Account": null

31-03-2025T17:49:18 - [TEST_STEP][PASSED] - homeText = getText(findTestObject("Object Repository/Repo/android.view.View - Home"), 0): Text of element 'Object Repository/Repo/android.view.View - Home' is: 'Home'

31-03-2025T17:49:18 - [MESSAGE][WARNING] - Timeout '0' is invalid. Using default page load timeout: '30'

31-03-2025T17:49:18 - [MESSAGE][PASSED] - Text of element 'Object Repository/Repo/android.view.View - Home' is: 'Home'

31-03-2025T17:49:18 - [TEST_STEP][PASSED] - assert homeText == "Home": null

31-03-2025T17:49:18 - [TEST_STEP][PASSED] - tap(findTestObject("Object Repository/Repo/android.view.View - Home"), 0): Tapped on element 'Object Repository/Repo/android.view.View - Home'

31-03-2025T17:49:18 - [MESSAGE][WARNING] - Timeout '0' is invalid. Using default page load timeout: '30'

31-03-2025T17:49:18 - [MESSAGE][PASSED] - Tapped on element 'Object Repository/Repo/android.view.View - Home'

31-03-2025T17:49:18 - [TEST_STEP][PASSED] - delay(10): Delayed 10 second(s)

31-03-2025T17:49:28 - [MESSAGE][PASSED] - Delayed 10 second(s)

31-03-2025T17:49:28 - [TEST_STEP][PASSED] - tap(findTestObject("Object Repository/Repo/android.widget.Button - menu"), 0): Tapped on element 'Object Repository/Repo/android.widget.Button - menu'

31-03-2025T17:49:28 - [MESSAGE][WARNING] - Timeout '0' is invalid. Using default page load timeout: '30'

31-03-2025T17:49:28 - [MESSAGE][PASSED] - Tapped on element 'Object Repository/Repo/android.widget.Button - menu'

31-03-2025T17:49:28 - [TEST_STEP][PASSED] - delay(10): Delayed 10 second(s)

31-03-2025T17:49:38 - [MESSAGE][PASSED] - Delayed 10 second(s)

31-03-2025T17:49:38 - [TEST_STEP][PASSED] - tap(findTestObject("Object Repository/Repo/android.widget.TabWidget-Settings"), 0): Tapped on element 'Object Repository/Repo/android.widget.TabWidget-Settings'

31-03-2025T17:49:38 - [MESSAGE][WARNING] - Timeout '0' is invalid. Using default page load timeout: '30'

31-03-2025T17:49:41 - [MESSAGE][PASSED] - Tapped on element 'Object Repository/Repo/android.widget.TabWidget-Settings'

31-03-2025T17:49:41 - [TEST_STEP][PASSED] - delay(10): Delayed 10 second(s)

31-03-2025T17:49:51 - [MESSAGE][PASSED] - Delayed 10 second(s)

31-03-2025T17:49:51 - [TEST_STEP][PASSED] - actualVersion = getText(findTestObject("Object Repository/Repo/android.widget.Button - Version 2.81.111"), 0): Text of element 'Object Repository/Repo/android.widget.Button - Version 2.81.111' is: 'Version 2.81.111'

31-03-2025T17:49:51 - [MESSAGE][WARNING] - Timeout '0' is invalid. Using default page load timeout: '30'

31-03-2025T17:49:51 - [MESSAGE][PASSED] - Text of element 'Object Repository/Repo/android.widget.Button - Version 2.81.111' is: 'Version 2.81.111'

31-03-2025T17:49:51 - [TEST_STEP][PASSED] - if (actualVersion == expectedVersion): null

31-03-2025T17:49:51 - [TEST_STEP][PASSED] - println(Version verification passed. Expected: $expectedVersion, Actual: $actualVersion): null

31-03-2025T17:49:51 - [TEST_STEP][PASSED] - verifyElementExist(findTestObject("Object Repository/Repo/android.widget.Button - Version 2.81.111"), 0): Element 'Object Repository/Repo/android.widget.Button - Version 2.81.111' is exist

31-03-2025T17:49:51 - [MESSAGE][WARNING] - Timeout '0' is invalid. Using default page load timeout: '30'

31-03-2025T17:49:51 - [MESSAGE][PASSED] - Element 'Object Repository/Repo/android.widget.Button - Version 2.81.111' is exist

31-03-2025T17:49:51 - [TEST_STEP][PASSED] - closeApplication(): Close app successfully

31-03-2025T17:49:53 - [MESSAGE][PASSED] - Close app successfully

31-03-2025T17:49:53 - [TEST_STEP][PASSED] - closeBrowser(): Browser is closed

31-03-2025T17:49:53 - [MESSAGE][PASSED] - Browser is closed]]></system-out>
         <system-err><![CDATA[]]></system-err>
      </testcase>
      <system-out><![CDATA[31-03-2025T17:32:19 - [TEST_SUITE][FAILED] - WRMA Android Regression: Test Cases/Login Owner OR Renter/C739_LoginOwnerOrRenter FAILED.
Reason:
com.kms.katalon.core.exception.StepFailedException: Failed to tap on element 'Object Repository/Repo/android.widget.Button - Login or Sign Up'
	at com.kms.katalon.core.mobile.keyword.internal.MobileKeywordMain.stepFailed(MobileKeywordMain.groovy:64)
	at com.kms.katalon.core.mobile.keyword.internal.MobileKeywordMain.runKeyword(MobileKeywordMain.groovy:34)
	at com.kms.katalon.core.mobile.keyword.builtin.TapKeyword.tap(TapKeyword.groovy:51)
	at com.kms.katalon.core.mobile.keyword.builtin.TapKeyword.execute(TapKeyword.groovy:35)
	at com.kms.katalon.core.keyword.internal.KeywordExecutor.executeKeywordForPlatform(KeywordExecutor.groovy:74)
	at com.kms.katalon.core.mobile.keyword.MobileBuiltInKeywords.tap(MobileBuiltInKeywords.groovy:1461)
	at C739_LoginOwnerOrRenter.run(C739_LoginOwnerOrRenter:40)
	at com.kms.katalon.core.main.ScriptEngine.run(ScriptEngine.java:194)
	at com.kms.katalon.core.main.ScriptEngine.runScriptAsRawText(ScriptEngine.java:119)
	at com.kms.katalon.core.main.TestCaseExecutor.runScript(TestCaseExecutor.java:448)
	at com.kms.katalon.core.main.TestCaseExecutor.doExecute(TestCaseExecutor.java:439)
	at com.kms.katalon.core.main.TestCaseExecutor.processExecutionPhase(TestCaseExecutor.java:418)
	at com.kms.katalon.core.main.TestCaseExecutor.accessMainPhase(TestCaseExecutor.java:410)
	at com.kms.katalon.core.main.TestCaseExecutor.execute(TestCaseExecutor.java:285)
	at com.kms.katalon.core.common.CommonExecutor.accessTestCaseMainPhase(CommonExecutor.java:71)
	at com.kms.katalon.core.main.TestSuiteExecutor.accessTestSuiteMainPhase(TestSuiteExecutor.java:160)
	at com.kms.katalon.core.main.TestSuiteExecutor.execute(TestSuiteExecutor.java:107)
	at com.kms.katalon.core.main.TestCaseMain.startTestSuite(TestCaseMain.java:180)
	at TempTestSuite1743422535341.run(TempTestSuite1743422535341.groovy:35)
	at java.base/jdk.internal.reflect.NativeMethodAccessorImpl.invoke0(Native Method)
	at java.base/jdk.internal.reflect.NativeMethodAccessorImpl.invoke(NativeMethodAccessorImpl.java:77)
	at java.base/jdk.internal.reflect.DelegatingMethodAccessorImpl.invoke(DelegatingMethodAccessorImpl.java:43)
Caused by: org.openqa.selenium.WebDriverException: An unknown server-side error occurred while processing the command. Original error: 'GET /window/current/size' cannot be proxied to UiAutomator2 server because the instrumentation process is not running (probably crashed). Check the server log and/or the logcat output for more details
Build info: version: '4.22.0', revision: 'c5f3146703'
System info: os.name: 'Mac OS X', os.arch: 'aarch64', os.version: '15.3.2', java.version: '17.0.14'
Driver info: io.appium.java_client.android.AndroidDriver
Command: [0aa3d846-566e-440d-8d2c-07c8df693bd1, getCurrentWindowSize {}]
Capabilities {appium:app: /Users/gv.vignesh/Downloads..., appium:appActivity: com.westgate.rewrite2.MainA..., appium:appPackage: com.westgate.rewrite2, appium:autoGrantPermissions: true, appium:automationName: uiautomator2, appium:databaseEnabled: false, appium:desired: {app: /Users/gv.vignesh/Downloads..., autoGrantPermissions: true, automationName: uiautomator2, deviceId: , deviceName: emulator-5554 (sdk_gphone64..., fullReset: true, newCommandTimeout: 1800, noReset: false, platformName: ANDROID, platformVersion: 16, systemPort: 57083, udid: emulator-5554}, appium:deviceApiLevel: 36, appium:deviceId: , appium:deviceManufacturer: Google, appium:deviceModel: sdk_gphone64_arm64, appium:deviceName: emulator-5554, appium:deviceScreenDensity: 420, appium:deviceScreenSize: 1080x2400, appium:deviceUDID: emulator-5554, appium:fullReset: true, appium:javascriptEnabled: true, appium:locationContextEnabled: false, appium:networkConnectionEnabled: true, appium:newCommandTimeout: 1800, appium:noReset: false, appium:pixelRatio: 2.625, appium:platformVersion: 16, appium:statBarHeight: 63, appium:systemPort: 57083, appium:takesScreenshot: true, appium:udid: emulator-5554, appium:viewportRect: {height: 2337, left: 0, top: 63, width: 1080}, appium:warnings: {}, appium:webStorageEnabled: false, platformName: ANDROID}
Session ID: 0aa3d846-566e-440d-8d2c-07c8df693bd1
	at java.base/jdk.internal.reflect.NativeConstructorAccessorImpl.newInstance0(Native Method)
	at java.base/jdk.internal.reflect.NativeConstructorAccessorImpl.newInstance(NativeConstructorAccessorImpl.java:77)
	at java.base/jdk.internal.reflect.DelegatingConstructorAccessorImpl.newInstance(DelegatingConstructorAccessorImpl.java:45)
	at org.openqa.selenium.remote.ErrorCodec.decode(ErrorCodec.java:167)
	at org.openqa.selenium.remote.codec.w3c.W3CHttpResponseCodec.decode(W3CHttpResponseCodec.java:138)
	at org.openqa.selenium.remote.codec.w3c.W3CHttpResponseCodec.decode(W3CHttpResponseCodec.java:50)
	at org.openqa.selenium.remote.HttpCommandExecutor.execute(HttpCommandExecutor.java:190)
	at io.appium.java_client.remote.AppiumCommandExecutor.execute(AppiumCommandExecutor.java:237)
	at org.openqa.selenium.remote.RemoteWebDriver.execute(RemoteWebDriver.java:518)
	at org.openqa.selenium.remote.RemoteWebDriver.execute(RemoteWebDriver.java:591)
	at io.appium.java_client.AppiumDriver.execute(AppiumDriver.java:310)
	at org.openqa.selenium.remote.RemoteWebDriver$RemoteWebDriverOptions$RemoteWindow.getSize(RemoteWebDriver.java:1000)
	at org.openqa.selenium.WebDriver$Window$getSize.call(Unknown Source)
	at com.kms.katalon.core.mobile.keyword.internal.MobileAbstractKeyword.findElement(MobileAbstractKeyword.groovy:81)
	at jdk.internal.reflect.GeneratedMethodAccessor6.invoke(Unknown Source)
	at java.base/jdk.internal.reflect.DelegatingMethodAccessorImpl.invoke(DelegatingMethodAccessorImpl.java:43)
	at com.kms.katalon.core.mobile.keyword.builtin.TapKeyword$_tap_closure1.doCall(TapKeyword.groovy:43)
	at com.kms.katalon.core.mobile.keyword.builtin.TapKeyword$_tap_closure1.call(TapKeyword.groovy)
	at com.kms.katalon.core.mobile.keyword.internal.MobileKeywordMain.runKeyword(MobileKeywordMain.groovy:30)
	... 20 more]]></system-out>
      <system-err><![CDATA[31-03-2025T17:32:19 - [TEST_SUITE][FAILED] - WRMA Android Regression: Test Cases/Login Owner OR Renter/C739_LoginOwnerOrRenter FAILED.
Reason:
com.kms.katalon.core.exception.StepFailedException: Failed to tap on element 'Object Repository/Repo/android.widget.Button - Login or Sign Up'
	at com.kms.katalon.core.mobile.keyword.internal.MobileKeywordMain.stepFailed(MobileKeywordMain.groovy:64)
	at com.kms.katalon.core.mobile.keyword.internal.MobileKeywordMain.runKeyword(MobileKeywordMain.groovy:34)
	at com.kms.katalon.core.mobile.keyword.builtin.TapKeyword.tap(TapKeyword.groovy:51)
	at com.kms.katalon.core.mobile.keyword.builtin.TapKeyword.execute(TapKeyword.groovy:35)
	at com.kms.katalon.core.keyword.internal.KeywordExecutor.executeKeywordForPlatform(KeywordExecutor.groovy:74)
	at com.kms.katalon.core.mobile.keyword.MobileBuiltInKeywords.tap(MobileBuiltInKeywords.groovy:1461)
	at C739_LoginOwnerOrRenter.run(C739_LoginOwnerOrRenter:40)
	at com.kms.katalon.core.main.ScriptEngine.run(ScriptEngine.java:194)
	at com.kms.katalon.core.main.ScriptEngine.runScriptAsRawText(ScriptEngine.java:119)
	at com.kms.katalon.core.main.TestCaseExecutor.runScript(TestCaseExecutor.java:448)
	at com.kms.katalon.core.main.TestCaseExecutor.doExecute(TestCaseExecutor.java:439)
	at com.kms.katalon.core.main.TestCaseExecutor.processExecutionPhase(TestCaseExecutor.java:418)
	at com.kms.katalon.core.main.TestCaseExecutor.accessMainPhase(TestCaseExecutor.java:410)
	at com.kms.katalon.core.main.TestCaseExecutor.execute(TestCaseExecutor.java:285)
	at com.kms.katalon.core.common.CommonExecutor.accessTestCaseMainPhase(CommonExecutor.java:71)
	at com.kms.katalon.core.main.TestSuiteExecutor.accessTestSuiteMainPhase(TestSuiteExecutor.java:160)
	at com.kms.katalon.core.main.TestSuiteExecutor.execute(TestSuiteExecutor.java:107)
	at com.kms.katalon.core.main.TestCaseMain.startTestSuite(TestCaseMain.java:180)
	at TempTestSuite1743422535341.run(TempTestSuite1743422535341.groovy:35)
	at java.base/jdk.internal.reflect.NativeMethodAccessorImpl.invoke0(Native Method)
	at java.base/jdk.internal.reflect.NativeMethodAccessorImpl.invoke(NativeMethodAccessorImpl.java:77)
	at java.base/jdk.internal.reflect.DelegatingMethodAccessorImpl.invoke(DelegatingMethodAccessorImpl.java:43)
Caused by: org.openqa.selenium.WebDriverException: An unknown server-side error occurred while processing the command. Original error: 'GET /window/current/size' cannot be proxied to UiAutomator2 server because the instrumentation process is not running (probably crashed). Check the server log and/or the logcat output for more details
Build info: version: '4.22.0', revision: 'c5f3146703'
System info: os.name: 'Mac OS X', os.arch: 'aarch64', os.version: '15.3.2', java.version: '17.0.14'
Driver info: io.appium.java_client.android.AndroidDriver
Command: [0aa3d846-566e-440d-8d2c-07c8df693bd1, getCurrentWindowSize {}]
Capabilities {appium:app: /Users/gv.vignesh/Downloads..., appium:appActivity: com.westgate.rewrite2.MainA..., appium:appPackage: com.westgate.rewrite2, appium:autoGrantPermissions: true, appium:automationName: uiautomator2, appium:databaseEnabled: false, appium:desired: {app: /Users/gv.vignesh/Downloads..., autoGrantPermissions: true, automationName: uiautomator2, deviceId: , deviceName: emulator-5554 (sdk_gphone64..., fullReset: true, newCommandTimeout: 1800, noReset: false, platformName: ANDROID, platformVersion: 16, systemPort: 57083, udid: emulator-5554}, appium:deviceApiLevel: 36, appium:deviceId: , appium:deviceManufacturer: Google, appium:deviceModel: sdk_gphone64_arm64, appium:deviceName: emulator-5554, appium:deviceScreenDensity: 420, appium:deviceScreenSize: 1080x2400, appium:deviceUDID: emulator-5554, appium:fullReset: true, appium:javascriptEnabled: true, appium:locationContextEnabled: false, appium:networkConnectionEnabled: true, appium:newCommandTimeout: 1800, appium:noReset: false, appium:pixelRatio: 2.625, appium:platformVersion: 16, appium:statBarHeight: 63, appium:systemPort: 57083, appium:takesScreenshot: true, appium:udid: emulator-5554, appium:viewportRect: {height: 2337, left: 0, top: 63, width: 1080}, appium:warnings: {}, appium:webStorageEnabled: false, platformName: ANDROID}
Session ID: 0aa3d846-566e-440d-8d2c-07c8df693bd1
	at java.base/jdk.internal.reflect.NativeConstructorAccessorImpl.newInstance0(Native Method)
	at java.base/jdk.internal.reflect.NativeConstructorAccessorImpl.newInstance(NativeConstructorAccessorImpl.java:77)
	at java.base/jdk.internal.reflect.DelegatingConstructorAccessorImpl.newInstance(DelegatingConstructorAccessorImpl.java:45)
	at org.openqa.selenium.remote.ErrorCodec.decode(ErrorCodec.java:167)
	at org.openqa.selenium.remote.codec.w3c.W3CHttpResponseCodec.decode(W3CHttpResponseCodec.java:138)
	at org.openqa.selenium.remote.codec.w3c.W3CHttpResponseCodec.decode(W3CHttpResponseCodec.java:50)
	at org.openqa.selenium.remote.HttpCommandExecutor.execute(HttpCommandExecutor.java:190)
	at io.appium.java_client.remote.AppiumCommandExecutor.execute(AppiumCommandExecutor.java:237)
	at org.openqa.selenium.remote.RemoteWebDriver.execute(RemoteWebDriver.java:518)
	at org.openqa.selenium.remote.RemoteWebDriver.execute(RemoteWebDriver.java:591)
	at io.appium.java_client.AppiumDriver.execute(AppiumDriver.java:310)
	at org.openqa.selenium.remote.RemoteWebDriver$RemoteWebDriverOptions$RemoteWindow.getSize(RemoteWebDriver.java:1000)
	at org.openqa.selenium.WebDriver$Window$getSize.call(Unknown Source)
	at com.kms.katalon.core.mobile.keyword.internal.MobileAbstractKeyword.findElement(MobileAbstractKeyword.groovy:81)
	at jdk.internal.reflect.GeneratedMethodAccessor6.invoke(Unknown Source)
	at java.base/jdk.internal.reflect.DelegatingMethodAccessorImpl.invoke(DelegatingMethodAccessorImpl.java:43)
	at com.kms.katalon.core.mobile.keyword.builtin.TapKeyword$_tap_closure1.doCall(TapKeyword.groovy:43)
	at com.kms.katalon.core.mobile.keyword.builtin.TapKeyword$_tap_closure1.call(TapKeyword.groovy)
	at com.kms.katalon.core.mobile.keyword.internal.MobileKeywordMain.runKeyword(MobileKeywordMain.groovy:30)
	... 20 more]]></system-err>
   </testsuite>
</testsuites>
