<?xml version="1.0" encoding="UTF-8"?>
<testsuites name="WRMA Android Regression" time="3154.85" tests="8" failures="1" errors="0">
   <testsuite name="WRMA Android Regression" tests="8" failures="1" errors="0" time="3154.85" skipped="0" timestamp="02-04-2025T11:35:16" hostname="**********" id="Test Suites/WRMA Android Regression">
      <properties>
         <property name="deviceName" value="samsung SM-A146B (Android 14)"/>
         <property name="devicePlatform" value="Android"/>
         <property name="logFolder" value="/Users/gv.vignesh/Downloads/WGR-Android-Automation/Reports/20250402_113510/WRMA Android Regression/20250402_113510"/>
         <property name="logFiles" value="/Users/gv.vignesh/Downloads/WGR-Android-Automation/Reports/20250402_113510/WRMA Android Regression/20250402_113510/execution0.log, /Users/gv.vignesh/Downloads/WGR-Android-Automation/Reports/20250402_113510/WRMA Android Regression/20250402_113510/appium_error.log, /Users/gv.vignesh/Downloads/WGR-Android-Automation/Reports/20250402_113510/WRMA Android Regression/20250402_113510/appium.log"/>
         <property name="attachments" value="/Users/gv.vignesh/Downloads/WGR-Android-Automation/Reports/20250402_113510/WRMA Android Regression/20250402_113510/1743574529496.png, /Users/gv.vignesh/Downloads/WGR-Android-Automation/Reports/20250402_113510/WRMA Android Regression/20250402_113510/1743574588448.png, /Users/gv.vignesh/Downloads/WGR-Android-Automation/Reports/20250402_113510/WRMA Android Regression/20250402_113510/1743574729827.png, /Users/gv.vignesh/Downloads/WGR-Android-Automation/Reports/20250402_113510/WRMA Android Regression/20250402_113510/1743574846093.png, /Users/gv.vignesh/Downloads/WGR-Android-Automation/Reports/20250402_113510/WRMA Android Regression/20250402_113510/1743574853698.png, /Users/gv.vignesh/Downloads/WGR-Android-Automation/Reports/20250402_113510/WRMA Android Regression/20250402_113510/1743575628039.png, /Users/gv.vignesh/Downloads/WGR-Android-Automation/Reports/20250402_113510/WRMA Android Regression/20250402_113510/1743575629982.png, /Users/gv.vignesh/Downloads/WGR-Android-Automation/Reports/20250402_113510/WRMA Android Regression/20250402_113510/1743576654979.png, /Users/gv.vignesh/Downloads/WGR-Android-Automation/Reports/20250402_113510/WRMA Android Regression/20250402_113510/1743576658106.png, /Users/gv.vignesh/Downloads/WGR-Android-Automation/Reports/20250402_113510/WRMA Android Regression/20250402_113510/1743576896570.png, /Users/gv.vignesh/Downloads/WGR-Android-Automation/Reports/20250402_113510/WRMA Android Regression/20250402_113510/1743576897564.png"/>
         <property name="hostName" value="**********"/>
         <property name="os" value="Mac OS X 64bit"/>
         <property name="appiumServerStatus" value="{&quot;value&quot;:{&quot;ready&quot;:true,&quot;message&quot;:&quot;The server is ready to accept new connections&quot;,&quot;build&quot;:{&quot;version&quot;:&quot;2.17.1&quot;,&quot;git-sha&quot;:&quot;f1041842141f20bc701b522d4371d7843d905580&quot;,&quot;built&quot;:&quot;2025-03-24 02:42:00 +0000&quot;}}}"/>
         <property name="katalonVersion" value="10.1.1.0"/>
         <property name="deviceOS" value="Android"/>
         <property name="appiumVersion" value="2.17.1"/>
         <property name="deviceModel" value="SM-A146B"/>
         <property name="hostAddress" value="**********"/>
         <property name="deviceManufacturer" value="samsung"/>
         <property name="deviceId" value="adb-RZCW811B2MK-cCoIXY._adb-tls-connect._tcp"/>
         <property name="deviceName" value="samsung SM-A146B (Android 14)"/>
         <property name="deviceOSVersion" value="14"/>
      </properties>
      <testcase name="Test Cases/App Installation And Launching/C658-C667-C668_AppInstallationAndLaunching" time="185.396" classname="Test Cases/App Installation And Launching/C658-C667-C668_AppInstallationAndLaunching" status="PASSED">
         <system-out><![CDATA[02-04-2025T11:35:16 - [TEST_CASE][PASSED] - Test Cases/App Installation And Launching/C658-C667-C668_AppInstallationAndLaunching: Test Cases/App Installation And Launching/C658-C667-C668_AppInstallationAndLaunching

02-04-2025T11:35:16 - [TEST_STEP][PASSED] - startApplication(appUrl, true): Started application: '/Users/gv.vignesh/Downloads/WGR-Android-Automation/App Folder/universal.apk'

02-04-2025T11:35:16 - [MESSAGE][INFO] - Starting application: '/Users/gv.vignesh/Downloads/WGR-Android-Automation/App Folder/universal.apk'

02-04-2025T11:35:16 - [MESSAGE][INFO] - User set preference: ['deviceId', '']

02-04-2025T11:35:16 - [MESSAGE][INFO] - Detected NodeJS location: "/opt/homebrew/Cellar/node/23.10.0_1/bin/node"

02-04-2025T11:35:16 - [MESSAGE][INFO] - PATH: /opt/homebrew/Cellar/node/23.10.0_1/bin:/opt/homebrew/bin:/usr/bin:/bin:/usr/sbin:/sbin:/Applications/Katalon Studio Enterprise.app/Contents/Eclipse/jre/Contents/Home/bin:/usr/local/bin/

02-04-2025T11:35:16 - [MESSAGE][INFO] - APPIUM_HOME: /Users/gv.vignesh/.appium

02-04-2025T11:35:16 - [MESSAGE][INFO] - appium outlog: /Users/gv.vignesh/Downloads/WGR-Android-Automation/Reports/20250402_113510/WRMA Android Regression/20250402_113510/appium.log

02-04-2025T11:35:16 - [MESSAGE][INFO] - appium errlog: /Users/gv.vignesh/Downloads/WGR-Android-Automation/Reports/20250402_113510/WRMA Android Regression/20250402_113510/appium_error.log

02-04-2025T11:35:17 - [MESSAGE][INFO] - Appium server started on port 55,314

02-04-2025T11:36:01 - [MESSAGE][PASSED] - Started application: '/Users/gv.vignesh/Downloads/WGR-Android-Automation/App Folder/universal.apk'

02-04-2025T11:36:01 - [TEST_STEP][PASSED] - delay(3): Delayed 3 second(s)

02-04-2025T11:36:04 - [MESSAGE][PASSED] - Delayed 3 second(s)

02-04-2025T11:36:04 - [TEST_STEP][PASSED] - verifyElementExist(findTestObject("Object Repository/Repo/android.widget.TextView - Youre Moments Away FromCustomized Vacation Experiences"), 0): Element 'Object Repository/Repo/android.widget.TextView - Youre Moments Away FromCustomized Vacation Experiences' is exist

02-04-2025T11:36:04 - [MESSAGE][WARNING] - Timeout '0' is invalid. Using default page load timeout: '30'

02-04-2025T11:36:07 - [MESSAGE][PASSED] - Element 'Object Repository/Repo/android.widget.TextView - Youre Moments Away FromCustomized Vacation Experiences' is exist

02-04-2025T11:36:07 - [TEST_STEP][PASSED] - delay(3): Delayed 3 second(s)

02-04-2025T11:36:10 - [MESSAGE][PASSED] - Delayed 3 second(s)

02-04-2025T11:36:10 - [TEST_STEP][PASSED] - text = getText(findTestObject("Object Repository/Repo/android.widget.TextView - Youre Moments Away FromCustomized Vacation Experiences"), 0): Text of element 'Object Repository/Repo/android.widget.TextView - Youre Moments Away FromCustomized Vacation Experiences' is: 'You’re Moments Away From
Customized Vacation Experiences.'

02-04-2025T11:36:10 - [MESSAGE][WARNING] - Timeout '0' is invalid. Using default page load timeout: '30'

02-04-2025T11:36:11 - [MESSAGE][PASSED] - Text of element 'Object Repository/Repo/android.widget.TextView - Youre Moments Away FromCustomized Vacation Experiences' is: 'You’re Moments Away From
Customized Vacation Experiences.'

02-04-2025T11:36:11 - [TEST_STEP][PASSED] - println("Text: " + text): null

02-04-2025T11:36:11 - [TEST_STEP][PASSED] - delay(3): Delayed 3 second(s)

02-04-2025T11:36:14 - [MESSAGE][PASSED] - Delayed 3 second(s)

02-04-2025T11:36:14 - [TEST_STEP][PASSED] - verifyElementExist(findTestObject("Object Repository/Repo/android.widget.Button - Login or Sign Up"), 0): Element 'Object Repository/Repo/android.widget.Button - Login or Sign Up' is exist

02-04-2025T11:36:14 - [MESSAGE][WARNING] - Timeout '0' is invalid. Using default page load timeout: '30'

02-04-2025T11:36:14 - [MESSAGE][PASSED] - Element 'Object Repository/Repo/android.widget.Button - Login or Sign Up' is exist

02-04-2025T11:36:14 - [TEST_STEP][PASSED] - delay(3): Delayed 3 second(s)

02-04-2025T11:36:17 - [MESSAGE][PASSED] - Delayed 3 second(s)

02-04-2025T11:36:17 - [TEST_STEP][PASSED] - verifyElementExist(findTestObject("Object Repository/Repo/android.view.View - Home"), 0): Element 'Object Repository/Repo/android.view.View - Home' is exist

02-04-2025T11:36:17 - [MESSAGE][WARNING] - Timeout '0' is invalid. Using default page load timeout: '30'

02-04-2025T11:36:17 - [MESSAGE][PASSED] - Element 'Object Repository/Repo/android.view.View - Home' is exist

02-04-2025T11:36:17 - [TEST_STEP][PASSED] - delay(3): Delayed 3 second(s)

02-04-2025T11:36:20 - [MESSAGE][PASSED] - Delayed 3 second(s)

02-04-2025T11:36:20 - [TEST_STEP][PASSED] - verifyElementExist(findTestObject("Object Repository/Repo/android.view.View - My Account"), 0): Element 'Object Repository/Repo/android.view.View - My Account' is exist

02-04-2025T11:36:20 - [MESSAGE][WARNING] - Timeout '0' is invalid. Using default page load timeout: '30'

02-04-2025T11:36:20 - [MESSAGE][PASSED] - Element 'Object Repository/Repo/android.view.View - My Account' is exist

02-04-2025T11:36:20 - [TEST_STEP][PASSED] - delay(3): Delayed 3 second(s)

02-04-2025T11:36:23 - [MESSAGE][PASSED] - Delayed 3 second(s)

02-04-2025T11:36:23 - [TEST_STEP][PASSED] - tap(findTestObject("Object Repository/Repo/android.widget.TextView - Vacation More. Get More"), 0): Tapped on element 'Object Repository/Repo/android.widget.TextView - Vacation More. Get More'

02-04-2025T11:36:23 - [MESSAGE][WARNING] - Timeout '0' is invalid. Using default page load timeout: '30'

02-04-2025T11:36:24 - [MESSAGE][PASSED] - Tapped on element 'Object Repository/Repo/android.widget.TextView - Vacation More. Get More'

02-04-2025T11:36:24 - [TEST_STEP][PASSED] - delay(3): Delayed 3 second(s)

02-04-2025T11:36:27 - [MESSAGE][PASSED] - Delayed 3 second(s)

02-04-2025T11:36:27 - [TEST_STEP][PASSED] - verifyElementVisible(findTestObject("Object Repository/Repo/android.widget.TextView - Vacation More. Get More"), 0): Element 'Object Repository/Repo/android.widget.TextView - Vacation More. Get More' is visible

02-04-2025T11:36:27 - [MESSAGE][WARNING] - Timeout '0' is invalid. Using default page load timeout: '30'

02-04-2025T11:36:27 - [MESSAGE][PASSED] - Element 'Object Repository/Repo/android.widget.TextView - Vacation More. Get More' is visible

02-04-2025T11:36:27 - [TEST_STEP][PASSED] - delay(3): Delayed 3 second(s)

02-04-2025T11:36:30 - [MESSAGE][PASSED] - Delayed 3 second(s)

02-04-2025T11:36:30 - [TEST_STEP][PASSED] - verifyElementVisible(findTestObject("Object Repository/Repo/android.widget.TextView - Explore Westgate Loyalty"), 0): Element 'Object Repository/Repo/android.widget.TextView - Explore Westgate Loyalty' is visible

02-04-2025T11:36:30 - [MESSAGE][WARNING] - Timeout '0' is invalid. Using default page load timeout: '30'

02-04-2025T11:36:30 - [MESSAGE][PASSED] - Element 'Object Repository/Repo/android.widget.TextView - Explore Westgate Loyalty' is visible

02-04-2025T11:36:30 - [TEST_STEP][PASSED] - delay(3): Delayed 3 second(s)

02-04-2025T11:36:33 - [MESSAGE][PASSED] - Delayed 3 second(s)

02-04-2025T11:36:33 - [TEST_STEP][PASSED] - tap(findTestObject("Object Repository/Repo/android.widget.TextView - Continue as a Guest"), 0): Tapped on element 'Object Repository/Repo/android.widget.TextView - Continue as a Guest'

02-04-2025T11:36:33 - [MESSAGE][WARNING] - Timeout '0' is invalid. Using default page load timeout: '30'

02-04-2025T11:36:33 - [MESSAGE][PASSED] - Tapped on element 'Object Repository/Repo/android.widget.TextView - Continue as a Guest'

02-04-2025T11:36:33 - [TEST_STEP][PASSED] - isElementVisible = waitForElementPresent(findTestObject("Object Repository/Repo/android.widget.TextView - Continue as a Guest"), 10): Element 'Object Repository/Repo/android.widget.TextView - Continue as a Guest' is present

02-04-2025T11:36:34 - [MESSAGE][PASSED] - Element 'Object Repository/Repo/android.widget.TextView - Continue as a Guest' is present

02-04-2025T11:36:34 - [TEST_STEP][PASSED] - if (!(isElementVisible)): null

02-04-2025T11:36:34 - [TEST_STEP][PASSED] - else: Failed: Expected element not found after tapping 'Continue as a Guest.

02-04-2025T11:36:34 - [TEST_STEP][PASSED] - logInfo("Failed: Expected element not found after tapping 'Continue as a Guest."): Failed: Expected element not found after tapping 'Continue as a Guest.

02-04-2025T11:36:34 - [MESSAGE][INFO] - Failed: Expected element not found after tapping 'Continue as a Guest.

02-04-2025T11:36:34 - [TEST_STEP][PASSED] - delay(10): Delayed 10 second(s)

02-04-2025T11:36:44 - [MESSAGE][PASSED] - Delayed 10 second(s)

02-04-2025T11:36:44 - [TEST_STEP][PASSED] - tap(findTestObject("Object Repository/Repo/android.widget.Button - menu"), 0): Tapped on element 'Object Repository/Repo/android.widget.Button - menu'

02-04-2025T11:36:44 - [MESSAGE][WARNING] - Timeout '0' is invalid. Using default page load timeout: '30'

02-04-2025T11:36:44 - [MESSAGE][PASSED] - Tapped on element 'Object Repository/Repo/android.widget.Button - menu'

02-04-2025T11:36:44 - [TEST_STEP][PASSED] - delay(30): Delayed 30 second(s)

02-04-2025T11:37:14 - [MESSAGE][PASSED] - Delayed 30 second(s)

02-04-2025T11:37:14 - [TEST_STEP][PASSED] - tap(findTestObject("Object Repository/Repo/android.widget.TextView - Terms and Conditions-Menu"), 0): Tapped on element 'Object Repository/Repo/android.widget.TextView - Terms and Conditions-Menu'

02-04-2025T11:37:14 - [MESSAGE][WARNING] - Timeout '0' is invalid. Using default page load timeout: '30'

02-04-2025T11:37:15 - [MESSAGE][PASSED] - Tapped on element 'Object Repository/Repo/android.widget.TextView - Terms and Conditions-Menu'

02-04-2025T11:37:15 - [TEST_STEP][PASSED] - delay(10): Delayed 10 second(s)

02-04-2025T11:37:25 - [MESSAGE][PASSED] - Delayed 10 second(s)

02-04-2025T11:37:25 - [TEST_STEP][PASSED] - if (waitForElementPresent(findTestObject("Object Repository/Repo/android.view.View-Terms and conditions web"), 30, CONTINUE_ON_FAILURE)): null

02-04-2025T11:37:25 - [MESSAGE][PASSED] - Element 'Object Repository/Repo/android.view.View-Terms and conditions web' is present

02-04-2025T11:37:25 - [TEST_STEP][PASSED] - println("Element 'android.view.View - Terms & Conditions-Webview' exists."): null

02-04-2025T11:37:25 - [TEST_STEP][PASSED] - delay(10): Delayed 10 second(s)

02-04-2025T11:37:35 - [MESSAGE][PASSED] - Delayed 10 second(s)

02-04-2025T11:37:35 - [TEST_STEP][PASSED] - tap(findTestObject("Object Repository/Repo/android.widget.ImageButton-Cancel web"), 0): Tapped on element 'Object Repository/Repo/android.widget.ImageButton-Cancel web'

02-04-2025T11:37:35 - [MESSAGE][WARNING] - Timeout '0' is invalid. Using default page load timeout: '30'

02-04-2025T11:37:36 - [MESSAGE][PASSED] - Tapped on element 'Object Repository/Repo/android.widget.ImageButton-Cancel web'

02-04-2025T11:37:36 - [TEST_STEP][PASSED] - delay(15): Delayed 15 second(s)

02-04-2025T11:37:51 - [MESSAGE][PASSED] - Delayed 15 second(s)

02-04-2025T11:37:51 - [TEST_STEP][PASSED] - tap(findTestObject("Object Repository/Repo/android.widget.Button - menu"), 0): Tapped on element 'Object Repository/Repo/android.widget.Button - menu'

02-04-2025T11:37:51 - [MESSAGE][WARNING] - Timeout '0' is invalid. Using default page load timeout: '30'

02-04-2025T11:37:52 - [MESSAGE][PASSED] - Tapped on element 'Object Repository/Repo/android.widget.Button - menu'

02-04-2025T11:37:52 - [TEST_STEP][PASSED] - delay(15): Delayed 15 second(s)

02-04-2025T11:38:07 - [MESSAGE][PASSED] - Delayed 15 second(s)

02-04-2025T11:38:07 - [TEST_STEP][PASSED] - tap(findTestObject("Object Repository/Repo/android.widget.TextView - Privacy Policy-Menu"), 0): Tapped on element 'Object Repository/Repo/android.widget.TextView - Privacy Policy-Menu'

02-04-2025T11:38:07 - [MESSAGE][WARNING] - Timeout '0' is invalid. Using default page load timeout: '30'

02-04-2025T11:38:14 - [MESSAGE][PASSED] - Tapped on element 'Object Repository/Repo/android.widget.TextView - Privacy Policy-Menu'

02-04-2025T11:38:14 - [TEST_STEP][PASSED] - if (waitForElementPresent(findTestObject("Object Repository/Repo/android.widget.TextView - Privacy Policy-web"), 30, CONTINUE_ON_FAILURE)): null

02-04-2025T11:38:16 - [MESSAGE][PASSED] - Element 'Object Repository/Repo/android.widget.TextView - Privacy Policy-web' is present

02-04-2025T11:38:16 - [TEST_STEP][PASSED] - println("Element 'android.widget.TextView - Privacy Policy-web' exists."): null

02-04-2025T11:38:16 - [TEST_STEP][PASSED] - closeApplication(): Close app successfully

02-04-2025T11:38:21 - [MESSAGE][PASSED] - Close app successfully

02-04-2025T11:38:21 - [TEST_STEP][PASSED] - closeBrowser(): Browser is closed

02-04-2025T11:38:21 - [MESSAGE][PASSED] - Browser is closed]]></system-out>
         <system-err><![CDATA[]]></system-err>
      </testcase>
      <testcase name="Test Cases/Guest User Mode/C666-C719-C738_GuestUserMode" time="113.1" classname="Test Cases/Guest User Mode/C666-C719-C738_GuestUserMode" status="PASSED">
         <system-out><![CDATA[02-04-2025T11:38:21 - [TEST_CASE][PASSED] - Test Cases/Guest User Mode/C666-C719-C738_GuestUserMode: Test Cases/Guest User Mode/C666-C719-C738_GuestUserMode

02-04-2025T11:38:21 - [TEST_STEP][PASSED] - startApplication(appUrl, true): Started application: '/Users/gv.vignesh/Downloads/WGR-Android-Automation/App Folder/universal.apk'

02-04-2025T11:38:21 - [MESSAGE][INFO] - Starting application: '/Users/gv.vignesh/Downloads/WGR-Android-Automation/App Folder/universal.apk'

02-04-2025T11:38:21 - [MESSAGE][INFO] - User set preference: ['deviceId', '']

02-04-2025T11:38:21 - [MESSAGE][INFO] - Detected NodeJS location: "/opt/homebrew/Cellar/node/23.10.0_1/bin/node"

02-04-2025T11:38:21 - [MESSAGE][INFO] - PATH: /opt/homebrew/Cellar/node/23.10.0_1/bin:/opt/homebrew/bin:/usr/bin:/bin:/usr/sbin:/sbin:/Applications/Katalon Studio Enterprise.app/Contents/Eclipse/jre/Contents/Home/bin:/usr/local/bin/

02-04-2025T11:38:21 - [MESSAGE][INFO] - APPIUM_HOME: /Users/gv.vignesh/.appium

02-04-2025T11:38:21 - [MESSAGE][INFO] - appium outlog: /Users/gv.vignesh/Downloads/WGR-Android-Automation/Reports/20250402_113510/WRMA Android Regression/20250402_113510/appium.log

02-04-2025T11:38:21 - [MESSAGE][INFO] - appium errlog: /Users/gv.vignesh/Downloads/WGR-Android-Automation/Reports/20250402_113510/WRMA Android Regression/20250402_113510/appium_error.log

02-04-2025T11:38:22 - [MESSAGE][INFO] - Appium server started on port 55,536

02-04-2025T11:38:56 - [MESSAGE][PASSED] - Started application: '/Users/gv.vignesh/Downloads/WGR-Android-Automation/App Folder/universal.apk'

02-04-2025T11:38:56 - [TEST_STEP][PASSED] - delay(10): Delayed 10 second(s)

02-04-2025T11:39:06 - [MESSAGE][PASSED] - Delayed 10 second(s)

02-04-2025T11:39:06 - [TEST_STEP][PASSED] - tap(findTestObject("Object Repository/Repo/android.widget.TextView - Continue as a Guest"), 0): Tapped on element 'Object Repository/Repo/android.widget.TextView - Continue as a Guest'

02-04-2025T11:39:06 - [MESSAGE][WARNING] - Timeout '0' is invalid. Using default page load timeout: '30'

02-04-2025T11:39:07 - [MESSAGE][PASSED] - Tapped on element 'Object Repository/Repo/android.widget.TextView - Continue as a Guest'

02-04-2025T11:39:07 - [TEST_STEP][PASSED] - delay(10): Delayed 10 second(s)

02-04-2025T11:39:17 - [MESSAGE][PASSED] - Delayed 10 second(s)

02-04-2025T11:39:17 - [TEST_STEP][PASSED] - tap(findTestObject("Object Repository/Repo/android.widget.Button - menu"), 0): Tapped on element 'Object Repository/Repo/android.widget.Button - menu'

02-04-2025T11:39:17 - [MESSAGE][WARNING] - Timeout '0' is invalid. Using default page load timeout: '30'

02-04-2025T11:39:17 - [MESSAGE][PASSED] - Tapped on element 'Object Repository/Repo/android.widget.Button - menu'

02-04-2025T11:39:17 - [TEST_STEP][PASSED] - delay(20): Delayed 20 second(s)

02-04-2025T11:39:37 - [MESSAGE][PASSED] - Delayed 20 second(s)

02-04-2025T11:39:37 - [TEST_STEP][PASSED] - tap(findTestObject("Object Repository/Repo/android.widget.TabWidget-Settings"), 0): Tapped on element 'Object Repository/Repo/android.widget.TabWidget-Settings'

02-04-2025T11:39:37 - [MESSAGE][WARNING] - Timeout '0' is invalid. Using default page load timeout: '30'

02-04-2025T11:39:38 - [MESSAGE][PASSED] - Tapped on element 'Object Repository/Repo/android.widget.TabWidget-Settings'

02-04-2025T11:39:38 - [TEST_STEP][PASSED] - delay(10): Delayed 10 second(s)

02-04-2025T11:39:48 - [MESSAGE][PASSED] - Delayed 10 second(s)

02-04-2025T11:39:48 - [TEST_STEP][PASSED] - actualVersionText = getText(findTestObject("Object Repository/Repo/android.widget.Button - Version 2.81.111"), 0): Text of element 'Object Repository/Repo/android.widget.Button - Version 2.81.111' is: 'Version 2.81.111'

02-04-2025T11:39:48 - [MESSAGE][WARNING] - Timeout '0' is invalid. Using default page load timeout: '30'

02-04-2025T11:39:48 - [MESSAGE][PASSED] - Text of element 'Object Repository/Repo/android.widget.Button - Version 2.81.111' is: 'Version 2.81.111'

02-04-2025T11:39:48 - [TEST_STEP][PASSED] - expectedVersionText = "Version 2.81.111": null

02-04-2025T11:39:48 - [TEST_STEP][PASSED] - assert actualVersionText == expectedVersionText: null

02-04-2025T11:39:48 - [TEST_STEP][PASSED] - println(Version verification successful: $actualVersionText): null

02-04-2025T11:39:48 - [TEST_STEP][PASSED] - tap(findTestObject("Object Repository/Repo/android.widget.Button - menu"), 0): Tapped on element 'Object Repository/Repo/android.widget.Button - menu'

02-04-2025T11:39:48 - [MESSAGE][WARNING] - Timeout '0' is invalid. Using default page load timeout: '30'

02-04-2025T11:39:49 - [MESSAGE][PASSED] - Tapped on element 'Object Repository/Repo/android.widget.Button - menu'

02-04-2025T11:39:49 - [TEST_STEP][PASSED] - delay(10): Delayed 10 second(s)

02-04-2025T11:39:59 - [MESSAGE][PASSED] - Delayed 10 second(s)

02-04-2025T11:39:59 - [TEST_STEP][PASSED] - homeElementExists = verifyElementExist(findTestObject("Object Repository/Repo/android.view.View - Home"), 0): Element 'Object Repository/Repo/android.view.View - Home' is exist

02-04-2025T11:39:59 - [MESSAGE][WARNING] - Timeout '0' is invalid. Using default page load timeout: '30'

02-04-2025T11:39:59 - [MESSAGE][PASSED] - Element 'Object Repository/Repo/android.view.View - Home' is exist

02-04-2025T11:39:59 - [TEST_STEP][PASSED] - assert homeElementExists : "Element 'Home' does not exist.": null

02-04-2025T11:39:59 - [TEST_STEP][PASSED] - homeText = getText(findTestObject("Object Repository/Repo/android.view.View - Home"), 0): Text of element 'Object Repository/Repo/android.view.View - Home' is: 'Home'

02-04-2025T11:39:59 - [MESSAGE][WARNING] - Timeout '0' is invalid. Using default page load timeout: '30'

02-04-2025T11:40:00 - [MESSAGE][PASSED] - Text of element 'Object Repository/Repo/android.view.View - Home' is: 'Home'

02-04-2025T11:40:00 - [TEST_STEP][PASSED] - assert homeText == "Home": null

02-04-2025T11:40:00 - [TEST_STEP][PASSED] - println("Home screen verification successful."): null

02-04-2025T11:40:00 - [TEST_STEP][PASSED] - tap(findTestObject("Object Repository/Repo/android.view.View - My Account"), 0): Tapped on element 'Object Repository/Repo/android.view.View - My Account'

02-04-2025T11:40:00 - [MESSAGE][WARNING] - Timeout '0' is invalid. Using default page load timeout: '30'

02-04-2025T11:40:01 - [MESSAGE][PASSED] - Tapped on element 'Object Repository/Repo/android.view.View - My Account'

02-04-2025T11:40:01 - [TEST_STEP][PASSED] - delay(10): Delayed 10 second(s)

02-04-2025T11:40:11 - [MESSAGE][PASSED] - Delayed 10 second(s)

02-04-2025T11:40:11 - [TEST_STEP][PASSED] - myAccountElementExists = verifyElementExist(findTestObject("Object Repository/Repo/android.view.View - My Account"), 0): Element 'Object Repository/Repo/android.view.View - My Account' is exist

02-04-2025T11:40:11 - [MESSAGE][WARNING] - Timeout '0' is invalid. Using default page load timeout: '30'

02-04-2025T11:40:11 - [MESSAGE][PASSED] - Element 'Object Repository/Repo/android.view.View - My Account' is exist

02-04-2025T11:40:11 - [TEST_STEP][PASSED] - assert myAccountElementExists : "Element 'My Account' does not exist.": null

02-04-2025T11:40:11 - [TEST_STEP][PASSED] - myAccountText = getText(findTestObject("Object Repository/Repo/android.view.View - My Account"), 0): Text of element 'Object Repository/Repo/android.view.View - My Account' is: 'My Account'

02-04-2025T11:40:11 - [MESSAGE][WARNING] - Timeout '0' is invalid. Using default page load timeout: '30'

02-04-2025T11:40:11 - [MESSAGE][PASSED] - Text of element 'Object Repository/Repo/android.view.View - My Account' is: 'My Account'

02-04-2025T11:40:11 - [TEST_STEP][PASSED] - assert myAccountText == "My Account": null

02-04-2025T11:40:11 - [TEST_STEP][PASSED] - println("My Account screen verification successful."): null

02-04-2025T11:40:11 - [TEST_STEP][PASSED] - println("All test verifications completed successfully!"): null

02-04-2025T11:40:11 - [TEST_STEP][PASSED] - closeApplication(): Close app successfully

02-04-2025T11:40:14 - [MESSAGE][PASSED] - Close app successfully

02-04-2025T11:40:14 - [TEST_STEP][PASSED] - closeBrowser(): Browser is closed

02-04-2025T11:40:14 - [MESSAGE][PASSED] - Browser is closed]]></system-out>
         <system-err><![CDATA[]]></system-err>
      </testcase>
      <testcase name="Test Cases/Guest User Mode/C764-C793_GuestUserMode" time="188.897" classname="Test Cases/Guest User Mode/C764-C793_GuestUserMode" status="PASSED">
         <system-out><![CDATA[02-04-2025T11:40:14 - [TEST_CASE][PASSED] - Test Cases/Guest User Mode/C764-C793_GuestUserMode: Test Cases/Guest User Mode/C764-C793_GuestUserMode

02-04-2025T11:40:14 - [TEST_STEP][PASSED] - startApplication("/Users/gv.vignesh/Downloads/WGR-Android-Automation/App Folder/app-debug.apk", true): Started application: '/Users/gv.vignesh/Downloads/WGR-Android-Automation/App Folder/app-debug.apk'

02-04-2025T11:40:14 - [MESSAGE][INFO] - Starting application: '/Users/gv.vignesh/Downloads/WGR-Android-Automation/App Folder/app-debug.apk'

02-04-2025T11:40:14 - [MESSAGE][INFO] - User set preference: ['deviceId', '']

02-04-2025T11:40:15 - [MESSAGE][INFO] - Detected NodeJS location: "/opt/homebrew/Cellar/node/23.10.0_1/bin/node"

02-04-2025T11:40:15 - [MESSAGE][INFO] - PATH: /opt/homebrew/Cellar/node/23.10.0_1/bin:/opt/homebrew/bin:/usr/bin:/bin:/usr/sbin:/sbin:/Applications/Katalon Studio Enterprise.app/Contents/Eclipse/jre/Contents/Home/bin:/usr/local/bin/

02-04-2025T11:40:15 - [MESSAGE][INFO] - APPIUM_HOME: /Users/gv.vignesh/.appium

02-04-2025T11:40:15 - [MESSAGE][INFO] - appium outlog: /Users/gv.vignesh/Downloads/WGR-Android-Automation/Reports/20250402_113510/WRMA Android Regression/20250402_113510/appium.log

02-04-2025T11:40:15 - [MESSAGE][INFO] - appium errlog: /Users/gv.vignesh/Downloads/WGR-Android-Automation/Reports/20250402_113510/WRMA Android Regression/20250402_113510/appium_error.log

02-04-2025T11:40:15 - [MESSAGE][INFO] - Appium server started on port 55,711

02-04-2025T11:40:47 - [MESSAGE][PASSED] - Started application: '/Users/gv.vignesh/Downloads/WGR-Android-Automation/App Folder/app-debug.apk'

02-04-2025T11:40:47 - [TEST_STEP][PASSED] - delay(10): Delayed 10 second(s)

02-04-2025T11:40:58 - [MESSAGE][PASSED] - Delayed 10 second(s)

02-04-2025T11:40:58 - [TEST_STEP][PASSED] - verifyElementExist(findTestObject("Object Repository/Repo/android.view.View - Home"), 0): Element 'Object Repository/Repo/android.view.View - Home' is exist

02-04-2025T11:40:58 - [MESSAGE][WARNING] - Timeout '0' is invalid. Using default page load timeout: '30'

02-04-2025T11:40:58 - [MESSAGE][PASSED] - Element 'Object Repository/Repo/android.view.View - Home' is exist

02-04-2025T11:40:58 - [TEST_STEP][PASSED] - delay(5): Delayed 5 second(s)

02-04-2025T11:41:03 - [MESSAGE][PASSED] - Delayed 5 second(s)

02-04-2025T11:41:03 - [TEST_STEP][PASSED] - tap(findTestObject("Object Repository/Repo/android.view.View - Home"), 0): Tapped on element 'Object Repository/Repo/android.view.View - Home'

02-04-2025T11:41:03 - [MESSAGE][WARNING] - Timeout '0' is invalid. Using default page load timeout: '30'

02-04-2025T11:41:04 - [MESSAGE][PASSED] - Tapped on element 'Object Repository/Repo/android.view.View - Home'

02-04-2025T11:41:04 - [TEST_STEP][PASSED] - delay(10): Delayed 10 second(s)

02-04-2025T11:41:14 - [MESSAGE][PASSED] - Delayed 10 second(s)

02-04-2025T11:41:14 - [TEST_STEP][PASSED] - verifyElementExist(findTestObject("Object Repository/Repo/android.view.View - Home (1)"), 0): Element 'Object Repository/Repo/android.view.View - Home (1)' is exist

02-04-2025T11:41:14 - [MESSAGE][WARNING] - Timeout '0' is invalid. Using default page load timeout: '30'

02-04-2025T11:41:14 - [MESSAGE][PASSED] - Element 'Object Repository/Repo/android.view.View - Home (1)' is exist

02-04-2025T11:41:14 - [TEST_STEP][PASSED] - delay(5): Delayed 5 second(s)

02-04-2025T11:41:19 - [MESSAGE][PASSED] - Delayed 5 second(s)

02-04-2025T11:41:19 - [TEST_STEP][PASSED] - verifyElementExist(findTestObject("Object Repository/Repo/android.widget.TextView-Slide"), 0): Element 'Object Repository/Repo/android.widget.TextView-Slide' is exist

02-04-2025T11:41:19 - [MESSAGE][WARNING] - Timeout '0' is invalid. Using default page load timeout: '30'

02-04-2025T11:41:20 - [MESSAGE][PASSED] - Element 'Object Repository/Repo/android.widget.TextView-Slide' is exist

02-04-2025T11:41:20 - [TEST_STEP][PASSED] - startX = 1000: null

02-04-2025T11:41:20 - [TEST_STEP][PASSED] - startY = 2000: null

02-04-2025T11:41:20 - [TEST_STEP][PASSED] - endX = 200: null

02-04-2025T11:41:20 - [TEST_STEP][PASSED] - endY = 1000: null

02-04-2025T11:41:20 - [TEST_STEP][PASSED] - swipe(startX, startY, endX, endY, CONTINUE_ON_FAILURE): Swiped from 1,000,2,000 to 200,1,000

02-04-2025T11:41:21 - [MESSAGE][PASSED] - Swiped from 1,000,2,000 to 200,1,000

02-04-2025T11:41:21 - [TEST_STEP][PASSED] - delay(5): Delayed 5 second(s)

02-04-2025T11:41:26 - [MESSAGE][PASSED] - Delayed 5 second(s)

02-04-2025T11:41:26 - [TEST_STEP][PASSED] - homeText = View - Home (1)"), 0).trim(): Text of element 'Object Repository/Repo/android.view.View - Home (1)' is: 'Home'

02-04-2025T11:41:26 - [MESSAGE][WARNING] - Timeout '0' is invalid. Using default page load timeout: '30'

02-04-2025T11:41:27 - [MESSAGE][PASSED] - Text of element 'Object Repository/Repo/android.view.View - Home (1)' is: 'Home'

02-04-2025T11:41:27 - [TEST_STEP][PASSED] - println("Home Text: " + homeText): null

02-04-2025T11:41:27 - [TEST_STEP][PASSED] - verifyEqual(homeText, "Home", STOP_ON_FAILURE): Actual object 'Home' and expected object 'Home' are equal

02-04-2025T11:41:27 - [MESSAGE][PASSED] - Actual object 'Home' and expected object 'Home' are equal

02-04-2025T11:41:27 - [TEST_STEP][PASSED] - delay(5): Delayed 5 second(s)

02-04-2025T11:41:32 - [MESSAGE][PASSED] - Delayed 5 second(s)

02-04-2025T11:41:32 - [TEST_STEP][PASSED] - verifyElementExist(findTestObject("Object Repository/Repo/android.view.View - My Account (1)"), 0): Element 'Object Repository/Repo/android.view.View - My Account (1)' is exist

02-04-2025T11:41:32 - [MESSAGE][WARNING] - Timeout '0' is invalid. Using default page load timeout: '30'

02-04-2025T11:41:32 - [MESSAGE][PASSED] - Element 'Object Repository/Repo/android.view.View - My Account (1)' is exist

02-04-2025T11:41:32 - [TEST_STEP][PASSED] - delay(5): Delayed 5 second(s)

02-04-2025T11:41:37 - [MESSAGE][PASSED] - Delayed 5 second(s)

02-04-2025T11:41:37 - [TEST_STEP][PASSED] - myAccountText = View - My Account (1)"), 0).trim(): Text of element 'Object Repository/Repo/android.view.View - My Account (1)' is: 'My Account'

02-04-2025T11:41:37 - [MESSAGE][WARNING] - Timeout '0' is invalid. Using default page load timeout: '30'

02-04-2025T11:41:37 - [MESSAGE][PASSED] - Text of element 'Object Repository/Repo/android.view.View - My Account (1)' is: 'My Account'

02-04-2025T11:41:37 - [TEST_STEP][PASSED] - println("My Account Text: " + myAccountText): null

02-04-2025T11:41:37 - [TEST_STEP][PASSED] - verifyEqual(myAccountText, "My Account", STOP_ON_FAILURE): Actual object 'My Account' and expected object 'My Account' are equal

02-04-2025T11:41:37 - [MESSAGE][PASSED] - Actual object 'My Account' and expected object 'My Account' are equal

02-04-2025T11:41:37 - [TEST_STEP][PASSED] - delay(15): Delayed 15 second(s)

02-04-2025T11:41:52 - [MESSAGE][PASSED] - Delayed 15 second(s)

02-04-2025T11:41:52 - [TEST_STEP][PASSED] - scrollToText("Recommended for you"): Scrolling to text 'Recommended for you' successfully

02-04-2025T11:41:54 - [MESSAGE][PASSED] - Scrolling to text 'Recommended for you' successfully

02-04-2025T11:41:54 - [TEST_STEP][PASSED] - delay(5): Delayed 5 second(s)

02-04-2025T11:41:59 - [MESSAGE][PASSED] - Delayed 5 second(s)

02-04-2025T11:41:59 - [TEST_STEP][PASSED] - verifyElementExist(findTestObject("Object Repository/Repo/android.widget.TextView - RECOMMENDED FOR YOU"), 0): Element 'Object Repository/Repo/android.widget.TextView - RECOMMENDED FOR YOU' is exist

02-04-2025T11:41:59 - [MESSAGE][WARNING] - Timeout '0' is invalid. Using default page load timeout: '30'

02-04-2025T11:42:00 - [MESSAGE][PASSED] - Element 'Object Repository/Repo/android.widget.TextView - RECOMMENDED FOR YOU' is exist

02-04-2025T11:42:00 - [TEST_STEP][PASSED] - delay(5): Delayed 5 second(s)

02-04-2025T11:42:05 - [MESSAGE][PASSED] - Delayed 5 second(s)

02-04-2025T11:42:05 - [TEST_STEP][PASSED] - recommendedText = TextView - RECOMMENDED FOR YOU"), 0).trim(): Text of element 'Object Repository/Repo/android.widget.TextView - RECOMMENDED FOR YOU' is: 'RECOMMENDED FOR YOU'

02-04-2025T11:42:05 - [MESSAGE][WARNING] - Timeout '0' is invalid. Using default page load timeout: '30'

02-04-2025T11:42:05 - [MESSAGE][PASSED] - Text of element 'Object Repository/Repo/android.widget.TextView - RECOMMENDED FOR YOU' is: 'RECOMMENDED FOR YOU'

02-04-2025T11:42:05 - [TEST_STEP][PASSED] - println("Recommended Text: " + recommendedText): null

02-04-2025T11:42:05 - [TEST_STEP][PASSED] - verifyEqual(recommendedText, "RECOMMENDED FOR YOU", STOP_ON_FAILURE): Actual object 'RECOMMENDED FOR YOU' and expected object 'RECOMMENDED FOR YOU' are equal

02-04-2025T11:42:05 - [MESSAGE][PASSED] - Actual object 'RECOMMENDED FOR YOU' and expected object 'RECOMMENDED FOR YOU' are equal

02-04-2025T11:42:05 - [TEST_STEP][PASSED] - delay(5): Delayed 5 second(s)

02-04-2025T11:42:10 - [MESSAGE][PASSED] - Delayed 5 second(s)

02-04-2025T11:42:10 - [TEST_STEP][PASSED] - verifyElementExist(findTestObject("Object Repository/Repo/android.widget.TextView - THINGS TO DO"), 0): Element 'Object Repository/Repo/android.widget.TextView - THINGS TO DO' is exist

02-04-2025T11:42:10 - [MESSAGE][WARNING] - Timeout '0' is invalid. Using default page load timeout: '30'

02-04-2025T11:42:11 - [MESSAGE][PASSED] - Element 'Object Repository/Repo/android.widget.TextView - THINGS TO DO' is exist

02-04-2025T11:42:11 - [TEST_STEP][PASSED] - delay(5): Delayed 5 second(s)

02-04-2025T11:42:16 - [MESSAGE][PASSED] - Delayed 5 second(s)

02-04-2025T11:42:16 - [TEST_STEP][PASSED] - thingsToDoText = TextView - THINGS TO DO"), 0).trim(): Text of element 'Object Repository/Repo/android.widget.TextView - THINGS TO DO' is: 'THINGS TO DO'

02-04-2025T11:42:16 - [MESSAGE][WARNING] - Timeout '0' is invalid. Using default page load timeout: '30'

02-04-2025T11:42:16 - [MESSAGE][PASSED] - Text of element 'Object Repository/Repo/android.widget.TextView - THINGS TO DO' is: 'THINGS TO DO'

02-04-2025T11:42:16 - [TEST_STEP][PASSED] - println("Things to Do Text: " + thingsToDoText): null

02-04-2025T11:42:16 - [TEST_STEP][PASSED] - verifyEqual(thingsToDoText, "THINGS TO DO", STOP_ON_FAILURE): Actual object 'THINGS TO DO' and expected object 'THINGS TO DO' are equal

02-04-2025T11:42:16 - [MESSAGE][PASSED] - Actual object 'THINGS TO DO' and expected object 'THINGS TO DO' are equal

02-04-2025T11:42:16 - [TEST_STEP][PASSED] - delay(5): Delayed 5 second(s)

02-04-2025T11:42:21 - [MESSAGE][PASSED] - Delayed 5 second(s)

02-04-2025T11:42:21 - [TEST_STEP][PASSED] - verifyElementExist(findTestObject("Object Repository/Repo/android.view.View-gain access"), 0): Element 'Object Repository/Repo/android.view.View-gain access' is exist

02-04-2025T11:42:21 - [MESSAGE][WARNING] - Timeout '0' is invalid. Using default page load timeout: '30'

02-04-2025T11:42:22 - [MESSAGE][PASSED] - Element 'Object Repository/Repo/android.view.View-gain access' is exist

02-04-2025T11:42:22 - [TEST_STEP][PASSED] - delay(5): Delayed 5 second(s)

02-04-2025T11:42:27 - [MESSAGE][PASSED] - Delayed 5 second(s)

02-04-2025T11:42:27 - [TEST_STEP][PASSED] - gainAccessText = TextView - Gain access to a"), 0).trim(): Text of element 'Object Repository/Repo/android.widget.TextView - Gain access to a' is: 'Gain access to a'

02-04-2025T11:42:27 - [MESSAGE][WARNING] - Timeout '0' is invalid. Using default page load timeout: '30'

02-04-2025T11:42:27 - [MESSAGE][PASSED] - Text of element 'Object Repository/Repo/android.widget.TextView - Gain access to a' is: 'Gain access to a'

02-04-2025T11:42:27 - [TEST_STEP][PASSED] - println("Gain Access Text: " + gainAccessText): null

02-04-2025T11:42:27 - [TEST_STEP][PASSED] - verifyEqual(gainAccessText, "Gain access to a", STOP_ON_FAILURE): Actual object 'Gain access to a' and expected object 'Gain access to a' are equal

02-04-2025T11:42:27 - [MESSAGE][PASSED] - Actual object 'Gain access to a' and expected object 'Gain access to a' are equal

02-04-2025T11:42:27 - [TEST_STEP][PASSED] - delay(5): Delayed 5 second(s)

02-04-2025T11:42:32 - [MESSAGE][PASSED] - Delayed 5 second(s)

02-04-2025T11:42:32 - [TEST_STEP][PASSED] - customizedExperienceText = TextView - customized experience"), 0).trim(): Text of element 'Object Repository/Repo/android.widget.TextView - customized experience' is: 'customized experience'

02-04-2025T11:42:32 - [MESSAGE][WARNING] - Timeout '0' is invalid. Using default page load timeout: '30'

02-04-2025T11:42:33 - [MESSAGE][PASSED] - Text of element 'Object Repository/Repo/android.widget.TextView - customized experience' is: 'customized experience'

02-04-2025T11:42:33 - [TEST_STEP][PASSED] - println("Customized Experience Text: " + customizedExperienceText): null

02-04-2025T11:42:33 - [TEST_STEP][PASSED] - verifyEqual(customizedExperienceText, "customized experience", STOP_ON_FAILURE): Actual object 'customized experience' and expected object 'customized experience' are equal

02-04-2025T11:42:33 - [MESSAGE][PASSED] - Actual object 'customized experience' and expected object 'customized experience' are equal

02-04-2025T11:42:33 - [TEST_STEP][PASSED] - delay(5): Delayed 5 second(s)

02-04-2025T11:42:38 - [MESSAGE][PASSED] - Delayed 5 second(s)

02-04-2025T11:42:38 - [TEST_STEP][PASSED] - verifyElementExist(findTestObject("Object Repository/Repo/android.widget.TextView - Login"), 0): Element 'Object Repository/Repo/android.widget.TextView - Login' is exist

02-04-2025T11:42:38 - [MESSAGE][WARNING] - Timeout '0' is invalid. Using default page load timeout: '30'

02-04-2025T11:42:38 - [MESSAGE][PASSED] - Element 'Object Repository/Repo/android.widget.TextView - Login' is exist

02-04-2025T11:42:38 - [TEST_STEP][PASSED] - delay(5): Delayed 5 second(s)

02-04-2025T11:42:43 - [MESSAGE][PASSED] - Delayed 5 second(s)

02-04-2025T11:42:43 - [TEST_STEP][PASSED] - loginText = TextView - Login"), 0).trim(): Text of element 'Object Repository/Repo/android.widget.TextView - Login' is: 'Login'

02-04-2025T11:42:43 - [MESSAGE][WARNING] - Timeout '0' is invalid. Using default page load timeout: '30'

02-04-2025T11:42:43 - [MESSAGE][PASSED] - Text of element 'Object Repository/Repo/android.widget.TextView - Login' is: 'Login'

02-04-2025T11:42:43 - [TEST_STEP][PASSED] - println("Login Text: " + loginText): null

02-04-2025T11:42:43 - [TEST_STEP][PASSED] - verifyEqual(loginText, "Login", STOP_ON_FAILURE): Actual object 'Login' and expected object 'Login' are equal

02-04-2025T11:42:43 - [MESSAGE][PASSED] - Actual object 'Login' and expected object 'Login' are equal

02-04-2025T11:42:43 - [TEST_STEP][PASSED] - tap(findTestObject("Object Repository/Repo/android.widget.TextView - Login"), 0): Tapped on element 'Object Repository/Repo/android.widget.TextView - Login'

02-04-2025T11:42:43 - [MESSAGE][WARNING] - Timeout '0' is invalid. Using default page load timeout: '30'

02-04-2025T11:42:44 - [MESSAGE][PASSED] - Tapped on element 'Object Repository/Repo/android.widget.TextView - Login'

02-04-2025T11:42:44 - [TEST_STEP][PASSED] - delay(30): Delayed 30 second(s)

02-04-2025T11:43:14 - [MESSAGE][PASSED] - Delayed 30 second(s)

02-04-2025T11:43:14 - [TEST_STEP][PASSED] - delay(5): Delayed 5 second(s)

02-04-2025T11:43:19 - [MESSAGE][PASSED] - Delayed 5 second(s)

02-04-2025T11:43:19 - [TEST_STEP][PASSED] - westgateText = TextView - WESTGATE Online Account Management"), 0).trim(): Text of element 'Object Repository/Repo/android.widget.TextView - WESTGATE Online Account Management' is: 'WESTGATE Online Account Management'

02-04-2025T11:43:19 - [MESSAGE][WARNING] - Timeout '0' is invalid. Using default page load timeout: '30'

02-04-2025T11:43:19 - [MESSAGE][PASSED] - Text of element 'Object Repository/Repo/android.widget.TextView - WESTGATE Online Account Management' is: 'WESTGATE Online Account Management'

02-04-2025T11:43:19 - [TEST_STEP][PASSED] - println("WESTGATE Text: " + westgateText): null

02-04-2025T11:43:19 - [TEST_STEP][PASSED] - verifyEqual(westgateText, "WESTGATE Online Account Management", CONTINUE_ON_FAILURE): Actual object 'WESTGATE Online Account Management' and expected object 'WESTGATE Online Account Management' are equal

02-04-2025T11:43:19 - [MESSAGE][PASSED] - Actual object 'WESTGATE Online Account Management' and expected object 'WESTGATE Online Account Management' are equal

02-04-2025T11:43:19 - [TEST_STEP][PASSED] - closeApplication(): Close app successfully

02-04-2025T11:43:23 - [MESSAGE][PASSED] - Close app successfully

02-04-2025T11:43:23 - [TEST_STEP][PASSED] - closeBrowser(): Browser is closed

02-04-2025T11:43:23 - [MESSAGE][PASSED] - Browser is closed]]></system-out>
         <system-err><![CDATA[]]></system-err>
      </testcase>
      <testcase name="Test Cases/Sign Up New UserPage/C660-C681_SignUpNewUserPage" time="275.66" classname="Test Cases/Sign Up New UserPage/C660-C681_SignUpNewUserPage" status="PASSED">
         <system-out><![CDATA[02-04-2025T11:46:34 - [TEST_CASE][PASSED] - Test Cases/Sign Up New UserPage/C660-C681_SignUpNewUserPage: Test Cases/Sign Up New UserPage/C660-C681_SignUpNewUserPage

02-04-2025T11:46:35 - [TEST_STEP][PASSED] - emailValidationTests = new EmailValidationTests(): null

02-04-2025T11:46:35 - [TEST_STEP][PASSED] - emailValidationTests.runAllTests(): null

02-04-2025T11:46:35 - [TEST_STEP][PASSED] - setup(): null

02-04-2025T11:46:35 - [TEST_STEP][PASSED] - startApplication(appUrl, true): Started application: '/Users/gv.vignesh/Downloads/WGR-Android-Automation/App Folder/universal.apk'

02-04-2025T11:46:35 - [MESSAGE][INFO] - Starting application: '/Users/gv.vignesh/Downloads/WGR-Android-Automation/App Folder/universal.apk'

02-04-2025T11:46:35 - [MESSAGE][INFO] - User set preference: ['deviceId', '']

02-04-2025T11:46:35 - [MESSAGE][INFO] - Detected NodeJS location: "/opt/homebrew/Cellar/node/23.10.0_1/bin/node"

02-04-2025T11:46:35 - [MESSAGE][INFO] - PATH: /opt/homebrew/Cellar/node/23.10.0_1/bin:/opt/homebrew/bin:/usr/bin:/bin:/usr/sbin:/sbin:/Applications/Katalon Studio Enterprise.app/Contents/Eclipse/jre/Contents/Home/bin:/usr/local/bin/

02-04-2025T11:46:35 - [MESSAGE][INFO] - APPIUM_HOME: /Users/gv.vignesh/.appium

02-04-2025T11:46:35 - [MESSAGE][INFO] - appium outlog: /Users/gv.vignesh/Downloads/WGR-Android-Automation/Reports/20250402_113510/WRMA Android Regression/20250402_113510/appium.log

02-04-2025T11:46:35 - [MESSAGE][INFO] - appium errlog: /Users/gv.vignesh/Downloads/WGR-Android-Automation/Reports/20250402_113510/WRMA Android Regression/20250402_113510/appium_error.log

02-04-2025T11:46:35 - [MESSAGE][INFO] - Appium server started on port 56,318

02-04-2025T11:47:20 - [MESSAGE][PASSED] - Started application: '/Users/gv.vignesh/Downloads/WGR-Android-Automation/App Folder/universal.apk'

02-04-2025T11:47:20 - [TEST_STEP][PASSED] - delay(15): Delayed 15 second(s)

02-04-2025T11:47:35 - [MESSAGE][PASSED] - Delayed 15 second(s)

02-04-2025T11:47:35 - [TEST_STEP][PASSED] - tap(findTestObject("Object Repository/Repo/android.widget.Button - Login or Sign Up"), 0): Tapped on element 'Object Repository/Repo/android.widget.Button - Login or Sign Up'

02-04-2025T11:47:35 - [MESSAGE][WARNING] - Timeout '0' is invalid. Using default page load timeout: '30'

02-04-2025T11:47:36 - [MESSAGE][PASSED] - Tapped on element 'Object Repository/Repo/android.widget.Button - Login or Sign Up'

02-04-2025T11:47:36 - [TEST_STEP][PASSED] - try: null

02-04-2025T11:47:36 - [TEST_STEP][PASSED] - testInvalidEmailFormat(): null

02-04-2025T11:47:36 - [TEST_STEP][PASSED] - excelData = findTestData("Data Files/InvalidEmail"): null

02-04-2025T11:47:36 - [TEST_STEP][PASSED] - rowCount = excelData.getRowNumbers(): null

02-04-2025T11:47:36 - [TEST_STEP][PASSED] - for ([i = 1, i <= rowCount, (i++)]): null

02-04-2025T11:47:36 - [TEST_STEP][PASSED] - invalidEmail = excelData.getValue("email-Address", i): null

02-04-2025T11:47:36 - [TEST_STEP][PASSED] - println(Testing invalid email from Excel (Row $i): $invalidEmail): null

02-04-2025T11:47:36 - [TEST_STEP][PASSED] - waitForElementPresent(findTestObject("Object Repository/Repo/android.widget.EditText-LoginorSignUp"), 20): Element 'Object Repository/Repo/android.widget.EditText-LoginorSignUp' is present

02-04-2025T11:47:37 - [MESSAGE][PASSED] - Element 'Object Repository/Repo/android.widget.EditText-LoginorSignUp' is present

02-04-2025T11:47:37 - [TEST_STEP][PASSED] - sendKeys(findTestObject("Object Repository/Repo/android.widget.EditText-LoginorSignUp"), invalidEmail): Send keys 'd.g.com' on test object 'Object Repository/Repo/android.widget.EditText-LoginorSignUp' successfully.

02-04-2025T11:47:38 - [MESSAGE][PASSED] - Send keys 'd.g.com' on test object 'Object Repository/Repo/android.widget.EditText-LoginorSignUp' successfully.

02-04-2025T11:47:38 - [TEST_STEP][PASSED] - actualErrorMessage = TextView -  Invalid email format"), 0).trim(): Text of element 'Object Repository/Repo/android.widget.TextView -  Invalid email format' is: ' Invalid email format.
'

02-04-2025T11:47:38 - [MESSAGE][WARNING] - Timeout '0' is invalid. Using default page load timeout: '30'

02-04-2025T11:47:39 - [MESSAGE][PASSED] - Text of element 'Object Repository/Repo/android.widget.TextView -  Invalid email format' is: ' Invalid email format.
'

02-04-2025T11:47:39 - [TEST_STEP][PASSED] - expectedErrorMessage = "Invalid email format": null

02-04-2025T11:47:39 - [TEST_STEP][PASSED] - Assert.assertEquals(Error message validation failed at row $i, replaceAll("[^a-zA-Z0-9 ]", "").trim(), replaceAll("[^a-zA-Z0-9 ]", "").trim()): null

02-04-2025T11:47:39 - [TEST_STEP][PASSED] - tap(findTestObject("Object Repository/Repo/android.widget.Button - reset"), 0): Tapped on element 'Object Repository/Repo/android.widget.Button - reset'

02-04-2025T11:47:39 - [MESSAGE][WARNING] - Timeout '0' is invalid. Using default page load timeout: '30'

02-04-2025T11:47:40 - [MESSAGE][PASSED] - Tapped on element 'Object Repository/Repo/android.widget.Button - reset'

02-04-2025T11:47:40 - [TEST_STEP][PASSED] - hideKeyboard(): Keyboard is hidden

02-04-2025T11:47:40 - [MESSAGE][PASSED] - Keyboard is hidden

02-04-2025T11:47:40 - [TEST_STEP][PASSED] - invalidEmail = excelData.getValue("email-Address", i): null

02-04-2025T11:47:40 - [TEST_STEP][PASSED] - println(Testing invalid email from Excel (Row $i): $invalidEmail): null

02-04-2025T11:47:40 - [TEST_STEP][PASSED] - waitForElementPresent(findTestObject("Object Repository/Repo/android.widget.EditText-LoginorSignUp"), 20): Element 'Object Repository/Repo/android.widget.EditText-LoginorSignUp' is present

02-04-2025T11:47:41 - [MESSAGE][PASSED] - Element 'Object Repository/Repo/android.widget.EditText-LoginorSignUp' is present

02-04-2025T11:47:41 - [TEST_STEP][PASSED] - sendKeys(findTestObject("Object Repository/Repo/android.widget.EditText-LoginorSignUp"), invalidEmail): Send keys 's@com' on test object 'Object Repository/Repo/android.widget.EditText-LoginorSignUp' successfully.

02-04-2025T11:47:41 - [MESSAGE][PASSED] - Send keys 's@com' on test object 'Object Repository/Repo/android.widget.EditText-LoginorSignUp' successfully.

02-04-2025T11:47:41 - [TEST_STEP][PASSED] - actualErrorMessage = TextView -  Invalid email format"), 0).trim(): Text of element 'Object Repository/Repo/android.widget.TextView -  Invalid email format' is: ' Invalid email format.
'

02-04-2025T11:47:41 - [MESSAGE][WARNING] - Timeout '0' is invalid. Using default page load timeout: '30'

02-04-2025T11:47:43 - [MESSAGE][PASSED] - Text of element 'Object Repository/Repo/android.widget.TextView -  Invalid email format' is: ' Invalid email format.
'

02-04-2025T11:47:43 - [TEST_STEP][PASSED] - expectedErrorMessage = "Invalid email format": null

02-04-2025T11:47:43 - [TEST_STEP][PASSED] - Assert.assertEquals(Error message validation failed at row $i, replaceAll("[^a-zA-Z0-9 ]", "").trim(), replaceAll("[^a-zA-Z0-9 ]", "").trim()): null

02-04-2025T11:47:43 - [TEST_STEP][PASSED] - tap(findTestObject("Object Repository/Repo/android.widget.Button - reset"), 0): Tapped on element 'Object Repository/Repo/android.widget.Button - reset'

02-04-2025T11:47:43 - [MESSAGE][WARNING] - Timeout '0' is invalid. Using default page load timeout: '30'

02-04-2025T11:47:43 - [MESSAGE][PASSED] - Tapped on element 'Object Repository/Repo/android.widget.Button - reset'

02-04-2025T11:47:43 - [TEST_STEP][PASSED] - hideKeyboard(): Keyboard is hidden

02-04-2025T11:47:45 - [MESSAGE][PASSED] - Keyboard is hidden

02-04-2025T11:47:45 - [TEST_STEP][PASSED] - invalidEmail = excelData.getValue("email-Address", i): null

02-04-2025T11:47:45 - [TEST_STEP][PASSED] - println(Testing invalid email from Excel (Row $i): $invalidEmail): null

02-04-2025T11:47:45 - [TEST_STEP][PASSED] - waitForElementPresent(findTestObject("Object Repository/Repo/android.widget.EditText-LoginorSignUp"), 20): Element 'Object Repository/Repo/android.widget.EditText-LoginorSignUp' is present

02-04-2025T11:47:46 - [MESSAGE][PASSED] - Element 'Object Repository/Repo/android.widget.EditText-LoginorSignUp' is present

02-04-2025T11:47:46 - [TEST_STEP][PASSED] - sendKeys(findTestObject("Object Repository/Repo/android.widget.EditText-LoginorSignUp"), invalidEmail): Send keys 'vg@.1gv' on test object 'Object Repository/Repo/android.widget.EditText-LoginorSignUp' successfully.

02-04-2025T11:47:46 - [MESSAGE][PASSED] - Send keys 'vg@.1gv' on test object 'Object Repository/Repo/android.widget.EditText-LoginorSignUp' successfully.

02-04-2025T11:47:46 - [TEST_STEP][PASSED] - actualErrorMessage = TextView -  Invalid email format"), 0).trim(): Text of element 'Object Repository/Repo/android.widget.TextView -  Invalid email format' is: ' Invalid email format.
'

02-04-2025T11:47:46 - [MESSAGE][WARNING] - Timeout '0' is invalid. Using default page load timeout: '30'

02-04-2025T11:47:48 - [MESSAGE][PASSED] - Text of element 'Object Repository/Repo/android.widget.TextView -  Invalid email format' is: ' Invalid email format.
'

02-04-2025T11:47:48 - [TEST_STEP][PASSED] - expectedErrorMessage = "Invalid email format": null

02-04-2025T11:47:48 - [TEST_STEP][PASSED] - Assert.assertEquals(Error message validation failed at row $i, replaceAll("[^a-zA-Z0-9 ]", "").trim(), replaceAll("[^a-zA-Z0-9 ]", "").trim()): null

02-04-2025T11:47:48 - [TEST_STEP][PASSED] - tap(findTestObject("Object Repository/Repo/android.widget.Button - reset"), 0): Tapped on element 'Object Repository/Repo/android.widget.Button - reset'

02-04-2025T11:47:48 - [MESSAGE][WARNING] - Timeout '0' is invalid. Using default page load timeout: '30'

02-04-2025T11:47:48 - [MESSAGE][PASSED] - Tapped on element 'Object Repository/Repo/android.widget.Button - reset'

02-04-2025T11:47:48 - [TEST_STEP][PASSED] - hideKeyboard(): Keyboard is hidden

02-04-2025T11:47:49 - [MESSAGE][PASSED] - Keyboard is hidden

02-04-2025T11:47:49 - [TEST_STEP][PASSED] - invalidEmail = excelData.getValue("email-Address", i): null

02-04-2025T11:47:49 - [TEST_STEP][PASSED] - println(Testing invalid email from Excel (Row $i): $invalidEmail): null

02-04-2025T11:47:49 - [TEST_STEP][PASSED] - waitForElementPresent(findTestObject("Object Repository/Repo/android.widget.EditText-LoginorSignUp"), 20): Element 'Object Repository/Repo/android.widget.EditText-LoginorSignUp' is present

02-04-2025T11:47:49 - [MESSAGE][PASSED] - Element 'Object Repository/Repo/android.widget.EditText-LoginorSignUp' is present

02-04-2025T11:47:49 - [TEST_STEP][PASSED] - sendKeys(findTestObject("Object Repository/Repo/android.widget.EditText-LoginorSignUp"), invalidEmail): Send keys 'g@2.1' on test object 'Object Repository/Repo/android.widget.EditText-LoginorSignUp' successfully.

02-04-2025T11:47:50 - [MESSAGE][PASSED] - Send keys 'g@2.1' on test object 'Object Repository/Repo/android.widget.EditText-LoginorSignUp' successfully.

02-04-2025T11:47:50 - [TEST_STEP][PASSED] - actualErrorMessage = TextView -  Invalid email format"), 0).trim(): Text of element 'Object Repository/Repo/android.widget.TextView -  Invalid email format' is: ' Invalid email format.
'

02-04-2025T11:47:50 - [MESSAGE][WARNING] - Timeout '0' is invalid. Using default page load timeout: '30'

02-04-2025T11:47:51 - [MESSAGE][PASSED] - Text of element 'Object Repository/Repo/android.widget.TextView -  Invalid email format' is: ' Invalid email format.
'

02-04-2025T11:47:51 - [TEST_STEP][PASSED] - expectedErrorMessage = "Invalid email format": null

02-04-2025T11:47:51 - [TEST_STEP][PASSED] - Assert.assertEquals(Error message validation failed at row $i, replaceAll("[^a-zA-Z0-9 ]", "").trim(), replaceAll("[^a-zA-Z0-9 ]", "").trim()): null

02-04-2025T11:47:51 - [TEST_STEP][PASSED] - tap(findTestObject("Object Repository/Repo/android.widget.Button - reset"), 0): Tapped on element 'Object Repository/Repo/android.widget.Button - reset'

02-04-2025T11:47:51 - [MESSAGE][WARNING] - Timeout '0' is invalid. Using default page load timeout: '30'

02-04-2025T11:47:52 - [MESSAGE][PASSED] - Tapped on element 'Object Repository/Repo/android.widget.Button - reset'

02-04-2025T11:47:52 - [TEST_STEP][PASSED] - hideKeyboard(): Keyboard is hidden

02-04-2025T11:47:52 - [MESSAGE][PASSED] - Keyboard is hidden

02-04-2025T11:47:52 - [TEST_STEP][PASSED] - invalidEmail = excelData.getValue("email-Address", i): null

02-04-2025T11:47:52 - [TEST_STEP][PASSED] - println(Testing invalid email from Excel (Row $i): $invalidEmail): null

02-04-2025T11:47:52 - [TEST_STEP][PASSED] - waitForElementPresent(findTestObject("Object Repository/Repo/android.widget.EditText-LoginorSignUp"), 20): Element 'Object Repository/Repo/android.widget.EditText-LoginorSignUp' is present

02-04-2025T11:47:53 - [MESSAGE][PASSED] - Element 'Object Repository/Repo/android.widget.EditText-LoginorSignUp' is present

02-04-2025T11:47:53 - [TEST_STEP][PASSED] - sendKeys(findTestObject("Object Repository/Repo/android.widget.EditText-LoginorSignUp"), invalidEmail): Send keys 'v.com@q' on test object 'Object Repository/Repo/android.widget.EditText-LoginorSignUp' successfully.

02-04-2025T11:47:53 - [MESSAGE][PASSED] - Send keys 'v.com@q' on test object 'Object Repository/Repo/android.widget.EditText-LoginorSignUp' successfully.

02-04-2025T11:47:53 - [TEST_STEP][PASSED] - actualErrorMessage = TextView -  Invalid email format"), 0).trim(): Text of element 'Object Repository/Repo/android.widget.TextView -  Invalid email format' is: ' Invalid email format.
'

02-04-2025T11:47:53 - [MESSAGE][WARNING] - Timeout '0' is invalid. Using default page load timeout: '30'

02-04-2025T11:47:55 - [MESSAGE][PASSED] - Text of element 'Object Repository/Repo/android.widget.TextView -  Invalid email format' is: ' Invalid email format.
'

02-04-2025T11:47:55 - [TEST_STEP][PASSED] - expectedErrorMessage = "Invalid email format": null

02-04-2025T11:47:55 - [TEST_STEP][PASSED] - Assert.assertEquals(Error message validation failed at row $i, replaceAll("[^a-zA-Z0-9 ]", "").trim(), replaceAll("[^a-zA-Z0-9 ]", "").trim()): null

02-04-2025T11:47:55 - [TEST_STEP][PASSED] - tap(findTestObject("Object Repository/Repo/android.widget.Button - reset"), 0): Tapped on element 'Object Repository/Repo/android.widget.Button - reset'

02-04-2025T11:47:55 - [MESSAGE][WARNING] - Timeout '0' is invalid. Using default page load timeout: '30'

02-04-2025T11:47:55 - [MESSAGE][PASSED] - Tapped on element 'Object Repository/Repo/android.widget.Button - reset'

02-04-2025T11:47:55 - [TEST_STEP][PASSED] - hideKeyboard(): Keyboard is hidden

02-04-2025T11:47:56 - [MESSAGE][PASSED] - Keyboard is hidden

02-04-2025T11:47:56 - [TEST_STEP][PASSED] - testTeamMemberEmailError(): null

02-04-2025T11:47:56 - [TEST_STEP][PASSED] - testData = findTestData("Data Files/C678"): null

02-04-2025T11:47:56 - [TEST_STEP][PASSED] - email1 = testData.getValue("email", 1): null

02-04-2025T11:47:56 - [TEST_STEP][PASSED] - email2 = testData.getValue("email", 2): null

02-04-2025T11:47:56 - [TEST_STEP][PASSED] - sendKeys(findTestObject("Object Repository/Repo/android.widget.EditText-LoginorSignUp"), email1): Send keys 'i@p.com' on test object 'Object Repository/Repo/android.widget.EditText-LoginorSignUp' successfully.

02-04-2025T11:47:57 - [MESSAGE][PASSED] - Send keys 'i@p.com' on test object 'Object Repository/Repo/android.widget.EditText-LoginorSignUp' successfully.

02-04-2025T11:47:57 - [TEST_STEP][PASSED] - delay(10): Delayed 10 second(s)

02-04-2025T11:48:07 - [MESSAGE][PASSED] - Delayed 10 second(s)

02-04-2025T11:48:07 - [TEST_STEP][PASSED] - tap(findTestObject("Object Repository/Repo/android.widget.Button - Next"), 0): Tapped on element 'Object Repository/Repo/android.widget.Button - Next'

02-04-2025T11:48:07 - [MESSAGE][WARNING] - Timeout '0' is invalid. Using default page load timeout: '30'

02-04-2025T11:48:07 - [MESSAGE][PASSED] - Tapped on element 'Object Repository/Repo/android.widget.Button - Next'

02-04-2025T11:48:07 - [TEST_STEP][PASSED] - delay(10): Delayed 10 second(s)

02-04-2025T11:48:17 - [MESSAGE][PASSED] - Delayed 10 second(s)

02-04-2025T11:48:17 - [TEST_STEP][PASSED] - tap(findTestObject("Object Repository/Repo/android.widget.Button - reset"), 0): Tapped on element 'Object Repository/Repo/android.widget.Button - reset'

02-04-2025T11:48:17 - [MESSAGE][WARNING] - Timeout '0' is invalid. Using default page load timeout: '30'

02-04-2025T11:48:17 - [MESSAGE][PASSED] - Tapped on element 'Object Repository/Repo/android.widget.Button - reset'

02-04-2025T11:48:17 - [TEST_STEP][PASSED] - hideKeyboard(): Keyboard is hidden

02-04-2025T11:48:18 - [MESSAGE][PASSED] - Keyboard is hidden

02-04-2025T11:48:18 - [TEST_STEP][PASSED] - delay(10): Delayed 10 second(s)

02-04-2025T11:48:28 - [MESSAGE][PASSED] - Delayed 10 second(s)

02-04-2025T11:48:28 - [TEST_STEP][PASSED] - sendKeys(findTestObject("Object Repository/Repo/android.widget.EditText -"), email2): Send keys 'wg@wgresorts.com' on test object 'Object Repository/Repo/android.widget.EditText -' successfully.

02-04-2025T11:48:29 - [MESSAGE][PASSED] - Send keys 'wg@wgresorts.com' on test object 'Object Repository/Repo/android.widget.EditText -' successfully.

02-04-2025T11:48:29 - [TEST_STEP][PASSED] - delay(10): Delayed 10 second(s)

02-04-2025T11:48:39 - [MESSAGE][PASSED] - Delayed 10 second(s)

02-04-2025T11:48:39 - [TEST_STEP][PASSED] - tap(findTestObject("Object Repository/Repo/android.widget.Button - Next (1)"), 0): Tapped on element 'Object Repository/Repo/android.widget.Button - Next (1)'

02-04-2025T11:48:39 - [MESSAGE][WARNING] - Timeout '0' is invalid. Using default page load timeout: '30'

02-04-2025T11:48:39 - [MESSAGE][PASSED] - Tapped on element 'Object Repository/Repo/android.widget.Button - Next (1)'

02-04-2025T11:48:39 - [TEST_STEP][PASSED] - delay(10): Delayed 10 second(s)

02-04-2025T11:48:49 - [MESSAGE][PASSED] - Delayed 10 second(s)

02-04-2025T11:48:49 - [TEST_STEP][PASSED] - actualText = null: null

02-04-2025T11:48:49 - [TEST_STEP][PASSED] - expectedText = " The email address used is a Team Member email address.  Please select Create Team Member Account below.": null

02-04-2025T11:48:49 - [TEST_STEP][FAILED] - try: Failed to get text from element (Root cause: com.kms.katalon.core.exception.StepFailedException: Failed to get text from element
	at com.kms.katalon.core.mobile.keyword.internal.MobileKeywordMain.stepFailed(MobileKeywordMain.groovy:64)
	at com.kms.katalon.core.mobile.keyword.internal.MobileKeywordMain.runKeyword(MobileKeywordMain.groovy:34)
	at com.kms.katalon.core.mobile.keyword.builtin.GetTextKeyword.getText(GetTextKeyword.groovy:51)
	at com.kms.katalon.core.mobile.keyword.builtin.GetTextKeyword.execute(GetTextKeyword.groovy:35)
	at com.kms.katalon.core.keyword.internal.KeywordExecutor.executeKeywordForPlatform(KeywordExecutor.groovy:74)
	at com.kms.katalon.core.mobile.keyword.MobileBuiltInKeywords.getText(MobileBuiltInKeywords.groovy:1245)
	at EmailValidationTests.testTeamMemberEmailError(Script1743084213202.groovy:75)
	at EmailValidationTests.runAllTests(Script1743084213202.groovy:215)
	at C660-C681_SignUpNewUserPage.run(C660-C681_SignUpNewUserPage:227)
	at com.kms.katalon.core.main.ScriptEngine.run(ScriptEngine.java:194)
	at com.kms.katalon.core.main.ScriptEngine.runScriptAsRawText(ScriptEngine.java:119)
	at com.kms.katalon.core.main.TestCaseExecutor.runScript(TestCaseExecutor.java:448)
	at com.kms.katalon.core.main.TestCaseExecutor.doExecute(TestCaseExecutor.java:439)
	at com.kms.katalon.core.main.TestCaseExecutor.processExecutionPhase(TestCaseExecutor.java:418)
	at com.kms.katalon.core.main.TestCaseExecutor.accessMainPhase(TestCaseExecutor.java:410)
	at com.kms.katalon.core.main.TestCaseExecutor.execute(TestCaseExecutor.java:285)
	at com.kms.katalon.core.main.TestCaseExecutor.execute(TestCaseExecutor.java:369)
	at com.kms.katalon.core.common.CommonExecutor.accessTestCaseMainPhase(CommonExecutor.java:71)
	at com.kms.katalon.core.main.TestSuiteExecutor.accessTestSuiteMainPhase(TestSuiteExecutor.java:160)
	at com.kms.katalon.core.main.TestSuiteExecutor.execute(TestSuiteExecutor.java:107)
	at com.kms.katalon.core.main.TestCaseMain.startTestSuite(TestCaseMain.java:180)
	at TempTestSuite1743573910045.run(TempTestSuite1743573910045.groovy:35)
	at java.base/jdk.internal.reflect.NativeMethodAccessorImpl.invoke0(Native Method)
	at java.base/jdk.internal.reflect.NativeMethodAccessorImpl.invoke(NativeMethodAccessorImpl.java:77)
	at java.base/jdk.internal.reflect.DelegatingMethodAccessorImpl.invoke(DelegatingMethodAccessorImpl.java:43)
Caused by: java.lang.IllegalArgumentException: Object is null
	at com.kms.katalon.core.helper.KeywordHelper.checkTestObjectParameter(KeywordHelper.java:33)
	at com.kms.katalon.core.mobile.keyword.builtin.GetTextKeyword$_getText_closure1.doCall(GetTextKeyword.groovy:41)
	at com.kms.katalon.core.mobile.keyword.builtin.GetTextKeyword$_getText_closure1.call(GetTextKeyword.groovy)
	at com.kms.katalon.core.mobile.keyword.internal.MobileKeywordMain.runKeyword(MobileKeywordMain.groovy:30)
	at com.kms.katalon.core.mobile.keyword.builtin.GetTextKeyword.getText(GetTextKeyword.groovy:51)
	at com.kms.katalon.core.mobile.keyword.builtin.GetTextKeyword.execute(GetTextKeyword.groovy:35)
	at com.kms.katalon.core.keyword.internal.KeywordExecutor.executeKeywordForPlatform(KeywordExecutor.groovy:74)
	at com.kms.katalon.core.mobile.keyword.MobileBuiltInKeywords.getText(MobileBuiltInKeywords.groovy:1245)
	at EmailValidationTests.testTeamMemberEmailError(Script1743084213202.groovy:75)
	at EmailValidationTests.runAllTests(Script1743084213202.groovy:215)
	at Script1743084213202.run(Script1743084213202.groovy:227)
	... 16 more
)

02-04-2025T11:48:49 - [TEST_STEP][FAILED] - actualText = getText(findTestObject("Object Repository/Repo/android.widget.TextView - The email address used is a Team Member email address. Please select Create Team Member Account below"), 0): Failed to get text from element (Root cause: com.kms.katalon.core.exception.StepFailedException: Failed to get text from element
	at com.kms.katalon.core.mobile.keyword.internal.MobileKeywordMain.stepFailed(MobileKeywordMain.groovy:64)
	at com.kms.katalon.core.mobile.keyword.internal.MobileKeywordMain.runKeyword(MobileKeywordMain.groovy:34)
	at com.kms.katalon.core.mobile.keyword.builtin.GetTextKeyword.getText(GetTextKeyword.groovy:51)
	at com.kms.katalon.core.mobile.keyword.builtin.GetTextKeyword.execute(GetTextKeyword.groovy:35)
	at com.kms.katalon.core.keyword.internal.KeywordExecutor.executeKeywordForPlatform(KeywordExecutor.groovy:74)
	at com.kms.katalon.core.mobile.keyword.MobileBuiltInKeywords.getText(MobileBuiltInKeywords.groovy:1245)
	at EmailValidationTests.testTeamMemberEmailError(Script1743084213202.groovy:75)
	at EmailValidationTests.runAllTests(Script1743084213202.groovy:215)
	at C660-C681_SignUpNewUserPage.run(C660-C681_SignUpNewUserPage:227)
	at com.kms.katalon.core.main.ScriptEngine.run(ScriptEngine.java:194)
	at com.kms.katalon.core.main.ScriptEngine.runScriptAsRawText(ScriptEngine.java:119)
	at com.kms.katalon.core.main.TestCaseExecutor.runScript(TestCaseExecutor.java:448)
	at com.kms.katalon.core.main.TestCaseExecutor.doExecute(TestCaseExecutor.java:439)
	at com.kms.katalon.core.main.TestCaseExecutor.processExecutionPhase(TestCaseExecutor.java:418)
	at com.kms.katalon.core.main.TestCaseExecutor.accessMainPhase(TestCaseExecutor.java:410)
	at com.kms.katalon.core.main.TestCaseExecutor.execute(TestCaseExecutor.java:285)
	at com.kms.katalon.core.main.TestCaseExecutor.execute(TestCaseExecutor.java:369)
	at com.kms.katalon.core.common.CommonExecutor.accessTestCaseMainPhase(CommonExecutor.java:71)
	at com.kms.katalon.core.main.TestSuiteExecutor.accessTestSuiteMainPhase(TestSuiteExecutor.java:160)
	at com.kms.katalon.core.main.TestSuiteExecutor.execute(TestSuiteExecutor.java:107)
	at com.kms.katalon.core.main.TestCaseMain.startTestSuite(TestCaseMain.java:180)
	at TempTestSuite1743573910045.run(TempTestSuite1743573910045.groovy:35)
	at java.base/jdk.internal.reflect.NativeMethodAccessorImpl.invoke0(Native Method)
	at java.base/jdk.internal.reflect.NativeMethodAccessorImpl.invoke(NativeMethodAccessorImpl.java:77)
	at java.base/jdk.internal.reflect.DelegatingMethodAccessorImpl.invoke(DelegatingMethodAccessorImpl.java:43)
Caused by: java.lang.IllegalArgumentException: Object is null
	at com.kms.katalon.core.helper.KeywordHelper.checkTestObjectParameter(KeywordHelper.java:33)
	at com.kms.katalon.core.mobile.keyword.builtin.GetTextKeyword$_getText_closure1.doCall(GetTextKeyword.groovy:41)
	at com.kms.katalon.core.mobile.keyword.builtin.GetTextKeyword$_getText_closure1.call(GetTextKeyword.groovy)
	at com.kms.katalon.core.mobile.keyword.internal.MobileKeywordMain.runKeyword(MobileKeywordMain.groovy:30)
	at com.kms.katalon.core.mobile.keyword.builtin.GetTextKeyword.getText(GetTextKeyword.groovy:51)
	at com.kms.katalon.core.mobile.keyword.builtin.GetTextKeyword.execute(GetTextKeyword.groovy:35)
	at com.kms.katalon.core.keyword.internal.KeywordExecutor.executeKeywordForPlatform(KeywordExecutor.groovy:74)
	at com.kms.katalon.core.mobile.keyword.MobileBuiltInKeywords.getText(MobileBuiltInKeywords.groovy:1245)
	at EmailValidationTests.testTeamMemberEmailError(Script1743084213202.groovy:75)
	at EmailValidationTests.runAllTests(Script1743084213202.groovy:215)
	at Script1743084213202.run(Script1743084213202.groovy:227)
	... 16 more
)

02-04-2025T11:48:49 - [MESSAGE][WARNING] - Test object with id 'Object Repository/Repo/android.widget.TextView - The email address used is a Team Member email address. Please select Create Team Member Account below' does not exist

02-04-2025T11:48:49 - [MESSAGE][WARNING] - Test object with id 'Object Repository/' does not exist

02-04-2025T11:48:52 - [MESSAGE][FAILED] - Failed to get text from element (Root cause: com.kms.katalon.core.exception.StepFailedException: Failed to get text from element
	at com.kms.katalon.core.mobile.keyword.internal.MobileKeywordMain.stepFailed(MobileKeywordMain.groovy:64)
	at com.kms.katalon.core.mobile.keyword.internal.MobileKeywordMain.runKeyword(MobileKeywordMain.groovy:34)
	at com.kms.katalon.core.mobile.keyword.builtin.GetTextKeyword.getText(GetTextKeyword.groovy:51)
	at com.kms.katalon.core.mobile.keyword.builtin.GetTextKeyword.execute(GetTextKeyword.groovy:35)
	at com.kms.katalon.core.keyword.internal.KeywordExecutor.executeKeywordForPlatform(KeywordExecutor.groovy:74)
	at com.kms.katalon.core.mobile.keyword.MobileBuiltInKeywords.getText(MobileBuiltInKeywords.groovy:1245)
	at EmailValidationTests.testTeamMemberEmailError(Script1743084213202.groovy:75)
	at EmailValidationTests.runAllTests(Script1743084213202.groovy:215)
	at C660-C681_SignUpNewUserPage.run(C660-C681_SignUpNewUserPage:227)
	at com.kms.katalon.core.main.ScriptEngine.run(ScriptEngine.java:194)
	at com.kms.katalon.core.main.ScriptEngine.runScriptAsRawText(ScriptEngine.java:119)
	at com.kms.katalon.core.main.TestCaseExecutor.runScript(TestCaseExecutor.java:448)
	at com.kms.katalon.core.main.TestCaseExecutor.doExecute(TestCaseExecutor.java:439)
	at com.kms.katalon.core.main.TestCaseExecutor.processExecutionPhase(TestCaseExecutor.java:418)
	at com.kms.katalon.core.main.TestCaseExecutor.accessMainPhase(TestCaseExecutor.java:410)
	at com.kms.katalon.core.main.TestCaseExecutor.execute(TestCaseExecutor.java:285)
	at com.kms.katalon.core.main.TestCaseExecutor.execute(TestCaseExecutor.java:369)
	at com.kms.katalon.core.common.CommonExecutor.accessTestCaseMainPhase(CommonExecutor.java:71)
	at com.kms.katalon.core.main.TestSuiteExecutor.accessTestSuiteMainPhase(TestSuiteExecutor.java:160)
	at com.kms.katalon.core.main.TestSuiteExecutor.execute(TestSuiteExecutor.java:107)
	at com.kms.katalon.core.main.TestCaseMain.startTestSuite(TestCaseMain.java:180)
	at TempTestSuite1743573910045.run(TempTestSuite1743573910045.groovy:35)
	at java.base/jdk.internal.reflect.NativeMethodAccessorImpl.invoke0(Native Method)
	at java.base/jdk.internal.reflect.NativeMethodAccessorImpl.invoke(NativeMethodAccessorImpl.java:77)
	at java.base/jdk.internal.reflect.DelegatingMethodAccessorImpl.invoke(DelegatingMethodAccessorImpl.java:43)
Caused by: java.lang.IllegalArgumentException: Object is null
	at com.kms.katalon.core.helper.KeywordHelper.checkTestObjectParameter(KeywordHelper.java:33)
	at com.kms.katalon.core.mobile.keyword.builtin.GetTextKeyword$_getText_closure1.doCall(GetTextKeyword.groovy:41)
	at com.kms.katalon.core.mobile.keyword.builtin.GetTextKeyword$_getText_closure1.call(GetTextKeyword.groovy)
	at com.kms.katalon.core.mobile.keyword.internal.MobileKeywordMain.runKeyword(MobileKeywordMain.groovy:30)
	at com.kms.katalon.core.mobile.keyword.builtin.GetTextKeyword.getText(GetTextKeyword.groovy:51)
	at com.kms.katalon.core.mobile.keyword.builtin.GetTextKeyword.execute(GetTextKeyword.groovy:35)
	at com.kms.katalon.core.keyword.internal.KeywordExecutor.executeKeywordForPlatform(KeywordExecutor.groovy:74)
	at com.kms.katalon.core.mobile.keyword.MobileBuiltInKeywords.getText(MobileBuiltInKeywords.groovy:1245)
	at EmailValidationTests.testTeamMemberEmailError(Script1743084213202.groovy:75)
	at EmailValidationTests.runAllTests(Script1743084213202.groovy:215)
	at Script1743084213202.run(Script1743084213202.groovy:227)
	... 16 more
)
[[ATTACHMENT|/Users/gv.vignesh/Downloads/WGR-Android-Automation/Reports/20250402_113510/WRMA Android Regression/20250402_113510/1743574729827.png]]

02-04-2025T11:48:52 - [TEST_STEP][PASSED] - catch (Exception e): Object not found or text not available. Skipping check.

02-04-2025T11:48:52 - [TEST_STEP][PASSED] - markWarning("Object not found or text not available. Skipping check."): Object not found or text not available. Skipping check.

02-04-2025T11:48:52 - [MESSAGE][WARNING] - Object not found or text not available. Skipping check.

02-04-2025T11:48:52 - [TEST_STEP][PASSED] - if (actualText != null && actualText.contains(expectedText)): null

02-04-2025T11:48:52 - [TEST_STEP][PASSED] - tap(findTestObject("Object Repository/Repo/android.widget.Button - reset"), 0): Tapped on element 'Object Repository/Repo/android.widget.Button - reset'

02-04-2025T11:48:52 - [MESSAGE][WARNING] - Timeout '0' is invalid. Using default page load timeout: '30'

02-04-2025T11:48:52 - [MESSAGE][PASSED] - Tapped on element 'Object Repository/Repo/android.widget.Button - reset'

02-04-2025T11:48:52 - [TEST_STEP][PASSED] - hideKeyboard(): null

02-04-2025T11:48:53 - [MESSAGE][PASSED] - Keyboard is hidden

02-04-2025T11:48:53 - [TEST_STEP][PASSED] - testEmailAddressMismatch(): null

02-04-2025T11:48:53 - [TEST_STEP][PASSED] - testData = findTestData("Data Files/C679"): null

02-04-2025T11:48:53 - [TEST_STEP][PASSED] - email1 = testData.getValue("email", 1): null

02-04-2025T11:48:53 - [TEST_STEP][PASSED] - email2 = testData.getValue("email", 2): null

02-04-2025T11:48:53 - [TEST_STEP][PASSED] - sendKeys(findTestObject("Object Repository/Repo/android.widget.EditText-LoginorSignUp"), email1): Send keys 'vignesh@chn.com' on test object 'Object Repository/Repo/android.widget.EditText-LoginorSignUp' successfully.

02-04-2025T11:48:54 - [MESSAGE][PASSED] - Send keys 'vignesh@chn.com' on test object 'Object Repository/Repo/android.widget.EditText-LoginorSignUp' successfully.

02-04-2025T11:48:54 - [TEST_STEP][PASSED] - delay(10): Delayed 10 second(s)

02-04-2025T11:49:04 - [MESSAGE][PASSED] - Delayed 10 second(s)

02-04-2025T11:49:04 - [TEST_STEP][PASSED] - tap(findTestObject("Object Repository/Repo/android.widget.Button - Next"), 0): Tapped on element 'Object Repository/Repo/android.widget.Button - Next'

02-04-2025T11:49:04 - [MESSAGE][WARNING] - Timeout '0' is invalid. Using default page load timeout: '30'

02-04-2025T11:49:04 - [MESSAGE][PASSED] - Tapped on element 'Object Repository/Repo/android.widget.Button - Next'

02-04-2025T11:49:04 - [TEST_STEP][PASSED] - delay(10): Delayed 10 second(s)

02-04-2025T11:49:14 - [MESSAGE][PASSED] - Delayed 10 second(s)

02-04-2025T11:49:14 - [TEST_STEP][PASSED] - sendKeys(findTestObject("Object Repository/Repo/android.widget.EditText-confirm email address"), email2): Send keys 'Vignesh@c.com' on test object 'Object Repository/Repo/android.widget.EditText-confirm email address' successfully.

02-04-2025T11:49:14 - [MESSAGE][PASSED] - Send keys 'Vignesh@c.com' on test object 'Object Repository/Repo/android.widget.EditText-confirm email address' successfully.

02-04-2025T11:49:14 - [TEST_STEP][PASSED] - delay(10): Delayed 10 second(s)

02-04-2025T11:49:24 - [MESSAGE][PASSED] - Delayed 10 second(s)

02-04-2025T11:49:24 - [TEST_STEP][PASSED] - actualText = TextView -  Email addresses must match"), 0).trim(): Text of element 'Object Repository/Repo/android.widget.TextView -  Email addresses must match' is: ' Email addresses must match.
'

02-04-2025T11:49:24 - [MESSAGE][WARNING] - Timeout '0' is invalid. Using default page load timeout: '30'

02-04-2025T11:49:25 - [MESSAGE][PASSED] - Text of element 'Object Repository/Repo/android.widget.TextView -  Email addresses must match' is: ' Email addresses must match.
'

02-04-2025T11:49:25 - [TEST_STEP][PASSED] - expectedText = "Email addresses must match.": null

02-04-2025T11:49:25 - [TEST_STEP][PASSED] - assert actualText == expectedText: null

02-04-2025T11:49:25 - [TEST_STEP][PASSED] - tap(findTestObject("Object Repository/Repo/android.widget.Button - reset"), 0): Tapped on element 'Object Repository/Repo/android.widget.Button - reset'

02-04-2025T11:49:25 - [MESSAGE][WARNING] - Timeout '0' is invalid. Using default page load timeout: '30'

02-04-2025T11:49:25 - [MESSAGE][PASSED] - Tapped on element 'Object Repository/Repo/android.widget.Button - reset'

02-04-2025T11:49:25 - [TEST_STEP][PASSED] - hideKeyboard(): null

02-04-2025T11:49:26 - [MESSAGE][PASSED] - Keyboard is hidden

02-04-2025T11:49:26 - [TEST_STEP][PASSED] - testAlreadyUsedEmailAddress(): null

02-04-2025T11:49:26 - [TEST_STEP][PASSED] - excelData = findTestData("Data Files/C680"): null

02-04-2025T11:49:26 - [TEST_STEP][PASSED] - email1 = excelData.getValue("email", 1): null

02-04-2025T11:49:26 - [TEST_STEP][PASSED] - email2 = excelData.getValue("email", 2): null

02-04-2025T11:49:26 - [TEST_STEP][PASSED] - sendKeys(findTestObject("Object Repository/Repo/android.widget.EditText-LoginorSignUp"), email1): Send keys 'm@i.com' on test object 'Object Repository/Repo/android.widget.EditText-LoginorSignUp' successfully.

02-04-2025T11:49:27 - [MESSAGE][PASSED] - Send keys 'm@i.com' on test object 'Object Repository/Repo/android.widget.EditText-LoginorSignUp' successfully.

02-04-2025T11:49:27 - [TEST_STEP][PASSED] - delay(10): Delayed 10 second(s)

02-04-2025T11:49:37 - [MESSAGE][PASSED] - Delayed 10 second(s)

02-04-2025T11:49:37 - [TEST_STEP][PASSED] - tap(findTestObject("Object Repository/Repo/android.widget.Button - Next"), 0): Tapped on element 'Object Repository/Repo/android.widget.Button - Next'

02-04-2025T11:49:37 - [MESSAGE][WARNING] - Timeout '0' is invalid. Using default page load timeout: '30'

02-04-2025T11:49:37 - [MESSAGE][PASSED] - Tapped on element 'Object Repository/Repo/android.widget.Button - Next'

02-04-2025T11:49:37 - [TEST_STEP][PASSED] - delay(10): Delayed 10 second(s)

02-04-2025T11:49:47 - [MESSAGE][PASSED] - Delayed 10 second(s)

02-04-2025T11:49:47 - [TEST_STEP][PASSED] - tap(findTestObject("Object Repository/Repo/android.widget.Button - reset"), 0): Tapped on element 'Object Repository/Repo/android.widget.Button - reset'

02-04-2025T11:49:47 - [MESSAGE][WARNING] - Timeout '0' is invalid. Using default page load timeout: '30'

02-04-2025T11:49:47 - [MESSAGE][PASSED] - Tapped on element 'Object Repository/Repo/android.widget.Button - reset'

02-04-2025T11:49:47 - [TEST_STEP][PASSED] - hideKeyboard(): Keyboard is hidden

02-04-2025T11:49:48 - [MESSAGE][PASSED] - Keyboard is hidden

02-04-2025T11:49:48 - [TEST_STEP][PASSED] - delay(10): Delayed 10 second(s)

02-04-2025T11:49:58 - [MESSAGE][PASSED] - Delayed 10 second(s)

02-04-2025T11:49:58 - [TEST_STEP][PASSED] - sendKeys(findTestObject("Object Repository/Repo/android.widget.EditText -"), email2): Send keys '03205179TM@WG.COM' on test object 'Object Repository/Repo/android.widget.EditText -' successfully.

02-04-2025T11:49:58 - [MESSAGE][PASSED] - Send keys '03205179TM@WG.COM' on test object 'Object Repository/Repo/android.widget.EditText -' successfully.

02-04-2025T11:49:58 - [TEST_STEP][PASSED] - delay(10): Delayed 10 second(s)

02-04-2025T11:50:08 - [MESSAGE][PASSED] - Delayed 10 second(s)

02-04-2025T11:50:08 - [TEST_STEP][PASSED] - tap(findTestObject("Object Repository/Repo/android.widget.EditText-confirm email address"), 0): Tapped on element 'Object Repository/Repo/android.widget.EditText-confirm email address'

02-04-2025T11:50:08 - [MESSAGE][WARNING] - Timeout '0' is invalid. Using default page load timeout: '30'

02-04-2025T11:50:09 - [MESSAGE][PASSED] - Tapped on element 'Object Repository/Repo/android.widget.EditText-confirm email address'

02-04-2025T11:50:09 - [TEST_STEP][PASSED] - hideKeyboard(): Keyboard is hidden

02-04-2025T11:50:10 - [MESSAGE][PASSED] - Keyboard is hidden

02-04-2025T11:50:10 - [TEST_STEP][PASSED] - delay(10): Delayed 10 second(s)

02-04-2025T11:50:20 - [MESSAGE][PASSED] - Delayed 10 second(s)

02-04-2025T11:50:20 - [TEST_STEP][PASSED] - actualText = getText(findTestObject("Object Repository/Repo/android.widget.TextView -  The email address is already in use"), 0): Text of element 'Object Repository/Repo/android.widget.TextView -  The email address is already in use' is: ''

02-04-2025T11:50:20 - [MESSAGE][WARNING] - Timeout '0' is invalid. Using default page load timeout: '30'

02-04-2025T11:50:20 - [MESSAGE][PASSED] - Text of element 'Object Repository/Repo/android.widget.TextView -  The email address is already in use' is: ''

02-04-2025T11:50:20 - [TEST_STEP][PASSED] - expectedText = " The email address is already in use.": null

02-04-2025T11:50:20 - [TEST_STEP][PASSED] - tap(findTestObject("Object Repository/Repo/android.widget.Button - reset"), 0): Tapped on element 'Object Repository/Repo/android.widget.Button - reset'

02-04-2025T11:50:20 - [MESSAGE][WARNING] - Timeout '0' is invalid. Using default page load timeout: '30'

02-04-2025T11:50:20 - [MESSAGE][PASSED] - Tapped on element 'Object Repository/Repo/android.widget.Button - reset'

02-04-2025T11:50:20 - [TEST_STEP][PASSED] - hideKeyboard(): null

02-04-2025T11:50:21 - [MESSAGE][PASSED] - Keyboard is hidden

02-04-2025T11:50:21 - [TEST_STEP][PASSED] - testCopyPasteEmailFunctionality(): null

02-04-2025T11:50:21 - [TEST_STEP][PASSED] - testData = findTestData("Data Files/C681"): null

02-04-2025T11:50:21 - [TEST_STEP][PASSED] - email1 = testData.getValue("email", 1): null

02-04-2025T11:50:21 - [TEST_STEP][PASSED] - sendKeys(findTestObject("Object Repository/Repo/android.widget.EditText-LoginorSignUp"), email1): Send keys 'b@k.com' on test object 'Object Repository/Repo/android.widget.EditText-LoginorSignUp' successfully.

02-04-2025T11:50:22 - [MESSAGE][PASSED] - Send keys 'b@k.com' on test object 'Object Repository/Repo/android.widget.EditText-LoginorSignUp' successfully.

02-04-2025T11:50:22 - [TEST_STEP][PASSED] - delay(10): Delayed 10 second(s)

02-04-2025T11:50:32 - [MESSAGE][PASSED] - Delayed 10 second(s)

02-04-2025T11:50:32 - [TEST_STEP][PASSED] - tap(findTestObject("Object Repository/Repo/android.widget.Button - Next (1)"), 0): Tapped on element 'Object Repository/Repo/android.widget.Button - Next (1)'

02-04-2025T11:50:32 - [MESSAGE][WARNING] - Timeout '0' is invalid. Using default page load timeout: '30'

02-04-2025T11:50:32 - [MESSAGE][PASSED] - Tapped on element 'Object Repository/Repo/android.widget.Button - Next (1)'

02-04-2025T11:50:32 - [TEST_STEP][PASSED] - delay(10): Delayed 10 second(s)

02-04-2025T11:50:42 - [MESSAGE][PASSED] - Delayed 10 second(s)

02-04-2025T11:50:42 - [TEST_STEP][FAILED] - try: Failed to tap and hold on element 'Object Repository/Repo/android.widget.EditText-LoginorSignUp' with duration 2 (Root cause: com.kms.katalon.core.exception.StepFailedException: Failed to tap and hold on element 'Object Repository/Repo/android.widget.EditText-LoginorSignUp' with duration 2
	at com.kms.katalon.core.mobile.keyword.internal.MobileKeywordMain.stepFailed(MobileKeywordMain.groovy:64)
	at com.kms.katalon.core.mobile.keyword.internal.MobileKeywordMain.runKeyword(MobileKeywordMain.groovy:34)
	at com.kms.katalon.core.mobile.keyword.builtin.TapAndHoldKeyword.tapAndHold(TapAndHoldKeyword.groovy:69)
	at com.kms.katalon.core.mobile.keyword.builtin.TapAndHoldKeyword.execute(TapAndHoldKeyword.groovy:62)
	at com.kms.katalon.core.keyword.internal.KeywordExecutor.executeKeywordForPlatform(KeywordExecutor.groovy:74)
	at com.kms.katalon.core.mobile.keyword.MobileBuiltInKeywords.tapAndHold(MobileBuiltInKeywords.groovy:1542)
	at EmailValidationTests.testCopyPasteEmailFunctionality(Script1743084213202.groovy:147)
	at EmailValidationTests.runAllTests(Script1743084213202.groovy:218)
	at C660-C681_SignUpNewUserPage.run(C660-C681_SignUpNewUserPage:227)
	at com.kms.katalon.core.main.ScriptEngine.run(ScriptEngine.java:194)
	at com.kms.katalon.core.main.ScriptEngine.runScriptAsRawText(ScriptEngine.java:119)
	at com.kms.katalon.core.main.TestCaseExecutor.runScript(TestCaseExecutor.java:448)
	at com.kms.katalon.core.main.TestCaseExecutor.doExecute(TestCaseExecutor.java:439)
	at com.kms.katalon.core.main.TestCaseExecutor.processExecutionPhase(TestCaseExecutor.java:418)
	at com.kms.katalon.core.main.TestCaseExecutor.accessMainPhase(TestCaseExecutor.java:410)
	at com.kms.katalon.core.main.TestCaseExecutor.execute(TestCaseExecutor.java:285)
	at com.kms.katalon.core.main.TestCaseExecutor.execute(TestCaseExecutor.java:369)
	at com.kms.katalon.core.common.CommonExecutor.accessTestCaseMainPhase(CommonExecutor.java:71)
	at com.kms.katalon.core.main.TestSuiteExecutor.accessTestSuiteMainPhase(TestSuiteExecutor.java:160)
	at com.kms.katalon.core.main.TestSuiteExecutor.execute(TestSuiteExecutor.java:107)
	at com.kms.katalon.core.main.TestCaseMain.startTestSuite(TestCaseMain.java:180)
	at TempTestSuite1743573910045.run(TempTestSuite1743573910045.groovy:35)
	at java.base/jdk.internal.reflect.NativeMethodAccessorImpl.invoke0(Native Method)
	at java.base/jdk.internal.reflect.NativeMethodAccessorImpl.invoke(NativeMethodAccessorImpl.java:77)
	at java.base/jdk.internal.reflect.DelegatingMethodAccessorImpl.invoke(DelegatingMethodAccessorImpl.java:43)
Caused by: org.openqa.selenium.InvalidElementStateException: Unable to perform W3C actions. Check the logcat output for possible error reports and make sure your input actions chain is valid.
Build info: version: '4.22.0', revision: 'c5f3146703'
System info: os.name: 'Mac OS X', os.arch: 'aarch64', os.version: '15.3.2', java.version: '17.0.14'
Driver info: io.appium.java_client.android.AndroidDriver
Command: [96c5684d-5544-4848-a93e-f34693700d4a, actions {actions=[org.openqa.selenium.interactions.Sequence@3f634608]}]
Capabilities {appium:app: /Users/gv.vignesh/Downloads..., appium:appActivity: com.westgate.rewrite2.MainA..., appium:appPackage: com.westgate.rewrite2, appium:autoGrantPermissions: true, appium:automationName: uiautomator2, appium:databaseEnabled: false, appium:desired: {app: /Users/gv.vignesh/Downloads..., autoGrantPermissions: true, automationName: uiautomator2, deviceId: , deviceName: samsung SM-A146B (Android 14), fullReset: true, newCommandTimeout: 1800, noReset: false, platformName: ANDROID, platformVersion: 14, systemPort: 56316, udid: adb-RZCW811B2MK-cCoIXY._adb...}, appium:deviceApiLevel: 34, appium:deviceId: , appium:deviceManufacturer: samsung, appium:deviceModel: SM-A146B, appium:deviceName: adb-RZCW811B2MK-cCoIXY._adb..., appium:deviceScreenDensity: 450, appium:deviceScreenSize: 1080x2408, appium:deviceUDID: adb-RZCW811B2MK-cCoIXY._adb..., appium:fullReset: true, appium:javascriptEnabled: true, appium:locationContextEnabled: false, appium:networkConnectionEnabled: true, appium:newCommandTimeout: 1800, appium:noReset: false, appium:pixelRatio: 2.8125, appium:platformVersion: 14, appium:statBarHeight: 65, appium:systemPort: 56316, appium:takesScreenshot: true, appium:udid: adb-RZCW811B2MK-cCoIXY._adb..., appium:viewportRect: {height: 2343, left: 0, top: 65, width: 1080}, appium:warnings: {}, appium:webStorageEnabled: false, platformName: ANDROID}
Session ID: 96c5684d-5544-4848-a93e-f34693700d4a
	at java.base/jdk.internal.reflect.NativeConstructorAccessorImpl.newInstance0(Native Method)
	at java.base/jdk.internal.reflect.NativeConstructorAccessorImpl.newInstance(NativeConstructorAccessorImpl.java:77)
	at java.base/jdk.internal.reflect.DelegatingConstructorAccessorImpl.newInstance(DelegatingConstructorAccessorImpl.java:45)
	at org.openqa.selenium.remote.ErrorCodec.decode(ErrorCodec.java:167)
	at org.openqa.selenium.remote.codec.w3c.W3CHttpResponseCodec.decode(W3CHttpResponseCodec.java:138)
	at org.openqa.selenium.remote.codec.w3c.W3CHttpResponseCodec.decode(W3CHttpResponseCodec.java:50)
	at org.openqa.selenium.remote.HttpCommandExecutor.execute(HttpCommandExecutor.java:190)
	at io.appium.java_client.remote.AppiumCommandExecutor.execute(AppiumCommandExecutor.java:237)
	at org.openqa.selenium.remote.RemoteWebDriver.execute(RemoteWebDriver.java:518)
	at org.openqa.selenium.remote.RemoteWebDriver.perform(RemoteWebDriver.java:604)
	at com.kms.katalon.core.mobile.helper.MobileCommonHelper.tap(MobileCommonHelper.java:93)
	at com.kms.katalon.core.mobile.helper.MobileElementCommonHelper.tapAndHold(MobileElementCommonHelper.java:89)
	at com.kms.katalon.core.mobile.keyword.builtin.TapAndHoldKeyword$_tapAndHold_closure1.doCall(TapAndHoldKeyword.groovy:68)
	at com.kms.katalon.core.mobile.keyword.builtin.TapAndHoldKeyword$_tapAndHold_closure1.call(TapAndHoldKeyword.groovy)
	at com.kms.katalon.core.mobile.keyword.internal.MobileKeywordMain.runKeyword(MobileKeywordMain.groovy:30)
	at com.kms.katalon.core.mobile.keyword.builtin.TapAndHoldKeyword.tapAndHold(TapAndHoldKeyword.groovy:69)
	at com.kms.katalon.core.mobile.keyword.builtin.TapAndHoldKeyword.execute(TapAndHoldKeyword.groovy:62)
	at com.kms.katalon.core.keyword.internal.KeywordExecutor.executeKeywordForPlatform(KeywordExecutor.groovy:74)
	at com.kms.katalon.core.mobile.keyword.MobileBuiltInKeywords.tapAndHold(MobileBuiltInKeywords.groovy:1542)
	at EmailValidationTests.testCopyPasteEmailFunctionality(Script1743084213202.groovy:147)
	at EmailValidationTests.runAllTests(Script1743084213202.groovy:218)
	at Script1743084213202.run(Script1743084213202.groovy:227)
	... 16 more
)

02-04-2025T11:50:42 - [TEST_STEP][PASSED] - tap(findTestObject("Object Repository/Repo/android.widget.EditText-LoginorSignUp"), 0): Tapped on element 'Object Repository/Repo/android.widget.EditText-LoginorSignUp'

02-04-2025T11:50:42 - [MESSAGE][WARNING] - Timeout '0' is invalid. Using default page load timeout: '30'

02-04-2025T11:50:42 - [MESSAGE][PASSED] - Tapped on element 'Object Repository/Repo/android.widget.EditText-LoginorSignUp'

02-04-2025T11:50:42 - [TEST_STEP][FAILED] - tapAndHold(findTestObject("Object Repository/Repo/android.widget.EditText-LoginorSignUp"), 2, 0): Failed to tap and hold on element 'Object Repository/Repo/android.widget.EditText-LoginorSignUp' with duration 2 (Root cause: com.kms.katalon.core.exception.StepFailedException: Failed to tap and hold on element 'Object Repository/Repo/android.widget.EditText-LoginorSignUp' with duration 2
	at com.kms.katalon.core.mobile.keyword.internal.MobileKeywordMain.stepFailed(MobileKeywordMain.groovy:64)
	at com.kms.katalon.core.mobile.keyword.internal.MobileKeywordMain.runKeyword(MobileKeywordMain.groovy:34)
	at com.kms.katalon.core.mobile.keyword.builtin.TapAndHoldKeyword.tapAndHold(TapAndHoldKeyword.groovy:69)
	at com.kms.katalon.core.mobile.keyword.builtin.TapAndHoldKeyword.execute(TapAndHoldKeyword.groovy:62)
	at com.kms.katalon.core.keyword.internal.KeywordExecutor.executeKeywordForPlatform(KeywordExecutor.groovy:74)
	at com.kms.katalon.core.mobile.keyword.MobileBuiltInKeywords.tapAndHold(MobileBuiltInKeywords.groovy:1542)
	at EmailValidationTests.testCopyPasteEmailFunctionality(Script1743084213202.groovy:147)
	at EmailValidationTests.runAllTests(Script1743084213202.groovy:218)
	at C660-C681_SignUpNewUserPage.run(C660-C681_SignUpNewUserPage:227)
	at com.kms.katalon.core.main.ScriptEngine.run(ScriptEngine.java:194)
	at com.kms.katalon.core.main.ScriptEngine.runScriptAsRawText(ScriptEngine.java:119)
	at com.kms.katalon.core.main.TestCaseExecutor.runScript(TestCaseExecutor.java:448)
	at com.kms.katalon.core.main.TestCaseExecutor.doExecute(TestCaseExecutor.java:439)
	at com.kms.katalon.core.main.TestCaseExecutor.processExecutionPhase(TestCaseExecutor.java:418)
	at com.kms.katalon.core.main.TestCaseExecutor.accessMainPhase(TestCaseExecutor.java:410)
	at com.kms.katalon.core.main.TestCaseExecutor.execute(TestCaseExecutor.java:285)
	at com.kms.katalon.core.main.TestCaseExecutor.execute(TestCaseExecutor.java:369)
	at com.kms.katalon.core.common.CommonExecutor.accessTestCaseMainPhase(CommonExecutor.java:71)
	at com.kms.katalon.core.main.TestSuiteExecutor.accessTestSuiteMainPhase(TestSuiteExecutor.java:160)
	at com.kms.katalon.core.main.TestSuiteExecutor.execute(TestSuiteExecutor.java:107)
	at com.kms.katalon.core.main.TestCaseMain.startTestSuite(TestCaseMain.java:180)
	at TempTestSuite1743573910045.run(TempTestSuite1743573910045.groovy:35)
	at java.base/jdk.internal.reflect.NativeMethodAccessorImpl.invoke0(Native Method)
	at java.base/jdk.internal.reflect.NativeMethodAccessorImpl.invoke(NativeMethodAccessorImpl.java:77)
	at java.base/jdk.internal.reflect.DelegatingMethodAccessorImpl.invoke(DelegatingMethodAccessorImpl.java:43)
Caused by: org.openqa.selenium.InvalidElementStateException: Unable to perform W3C actions. Check the logcat output for possible error reports and make sure your input actions chain is valid.
Build info: version: '4.22.0', revision: 'c5f3146703'
System info: os.name: 'Mac OS X', os.arch: 'aarch64', os.version: '15.3.2', java.version: '17.0.14'
Driver info: io.appium.java_client.android.AndroidDriver
Command: [96c5684d-5544-4848-a93e-f34693700d4a, actions {actions=[org.openqa.selenium.interactions.Sequence@3f634608]}]
Capabilities {appium:app: /Users/gv.vignesh/Downloads..., appium:appActivity: com.westgate.rewrite2.MainA..., appium:appPackage: com.westgate.rewrite2, appium:autoGrantPermissions: true, appium:automationName: uiautomator2, appium:databaseEnabled: false, appium:desired: {app: /Users/gv.vignesh/Downloads..., autoGrantPermissions: true, automationName: uiautomator2, deviceId: , deviceName: samsung SM-A146B (Android 14), fullReset: true, newCommandTimeout: 1800, noReset: false, platformName: ANDROID, platformVersion: 14, systemPort: 56316, udid: adb-RZCW811B2MK-cCoIXY._adb...}, appium:deviceApiLevel: 34, appium:deviceId: , appium:deviceManufacturer: samsung, appium:deviceModel: SM-A146B, appium:deviceName: adb-RZCW811B2MK-cCoIXY._adb..., appium:deviceScreenDensity: 450, appium:deviceScreenSize: 1080x2408, appium:deviceUDID: adb-RZCW811B2MK-cCoIXY._adb..., appium:fullReset: true, appium:javascriptEnabled: true, appium:locationContextEnabled: false, appium:networkConnectionEnabled: true, appium:newCommandTimeout: 1800, appium:noReset: false, appium:pixelRatio: 2.8125, appium:platformVersion: 14, appium:statBarHeight: 65, appium:systemPort: 56316, appium:takesScreenshot: true, appium:udid: adb-RZCW811B2MK-cCoIXY._adb..., appium:viewportRect: {height: 2343, left: 0, top: 65, width: 1080}, appium:warnings: {}, appium:webStorageEnabled: false, platformName: ANDROID}
Session ID: 96c5684d-5544-4848-a93e-f34693700d4a
	at java.base/jdk.internal.reflect.NativeConstructorAccessorImpl.newInstance0(Native Method)
	at java.base/jdk.internal.reflect.NativeConstructorAccessorImpl.newInstance(NativeConstructorAccessorImpl.java:77)
	at java.base/jdk.internal.reflect.DelegatingConstructorAccessorImpl.newInstance(DelegatingConstructorAccessorImpl.java:45)
	at org.openqa.selenium.remote.ErrorCodec.decode(ErrorCodec.java:167)
	at org.openqa.selenium.remote.codec.w3c.W3CHttpResponseCodec.decode(W3CHttpResponseCodec.java:138)
	at org.openqa.selenium.remote.codec.w3c.W3CHttpResponseCodec.decode(W3CHttpResponseCodec.java:50)
	at org.openqa.selenium.remote.HttpCommandExecutor.execute(HttpCommandExecutor.java:190)
	at io.appium.java_client.remote.AppiumCommandExecutor.execute(AppiumCommandExecutor.java:237)
	at org.openqa.selenium.remote.RemoteWebDriver.execute(RemoteWebDriver.java:518)
	at org.openqa.selenium.remote.RemoteWebDriver.perform(RemoteWebDriver.java:604)
	at com.kms.katalon.core.mobile.helper.MobileCommonHelper.tap(MobileCommonHelper.java:93)
	at com.kms.katalon.core.mobile.helper.MobileElementCommonHelper.tapAndHold(MobileElementCommonHelper.java:89)
	at com.kms.katalon.core.mobile.keyword.builtin.TapAndHoldKeyword$_tapAndHold_closure1.doCall(TapAndHoldKeyword.groovy:68)
	at com.kms.katalon.core.mobile.keyword.builtin.TapAndHoldKeyword$_tapAndHold_closure1.call(TapAndHoldKeyword.groovy)
	at com.kms.katalon.core.mobile.keyword.internal.MobileKeywordMain.runKeyword(MobileKeywordMain.groovy:30)
	at com.kms.katalon.core.mobile.keyword.builtin.TapAndHoldKeyword.tapAndHold(TapAndHoldKeyword.groovy:69)
	at com.kms.katalon.core.mobile.keyword.builtin.TapAndHoldKeyword.execute(TapAndHoldKeyword.groovy:62)
	at com.kms.katalon.core.keyword.internal.KeywordExecutor.executeKeywordForPlatform(KeywordExecutor.groovy:74)
	at com.kms.katalon.core.mobile.keyword.MobileBuiltInKeywords.tapAndHold(MobileBuiltInKeywords.groovy:1542)
	at EmailValidationTests.testCopyPasteEmailFunctionality(Script1743084213202.groovy:147)
	at EmailValidationTests.runAllTests(Script1743084213202.groovy:218)
	at Script1743084213202.run(Script1743084213202.groovy:227)
	... 16 more
)

02-04-2025T11:50:42 - [MESSAGE][WARNING] - Timeout '0' is invalid. Using default page load timeout: '30'

02-04-2025T11:50:48 - [MESSAGE][FAILED] - Failed to tap and hold on element 'Object Repository/Repo/android.widget.EditText-LoginorSignUp' with duration 2 (Root cause: com.kms.katalon.core.exception.StepFailedException: Failed to tap and hold on element 'Object Repository/Repo/android.widget.EditText-LoginorSignUp' with duration 2
	at com.kms.katalon.core.mobile.keyword.internal.MobileKeywordMain.stepFailed(MobileKeywordMain.groovy:64)
	at com.kms.katalon.core.mobile.keyword.internal.MobileKeywordMain.runKeyword(MobileKeywordMain.groovy:34)
	at com.kms.katalon.core.mobile.keyword.builtin.TapAndHoldKeyword.tapAndHold(TapAndHoldKeyword.groovy:69)
	at com.kms.katalon.core.mobile.keyword.builtin.TapAndHoldKeyword.execute(TapAndHoldKeyword.groovy:62)
	at com.kms.katalon.core.keyword.internal.KeywordExecutor.executeKeywordForPlatform(KeywordExecutor.groovy:74)
	at com.kms.katalon.core.mobile.keyword.MobileBuiltInKeywords.tapAndHold(MobileBuiltInKeywords.groovy:1542)
	at EmailValidationTests.testCopyPasteEmailFunctionality(Script1743084213202.groovy:147)
	at EmailValidationTests.runAllTests(Script1743084213202.groovy:218)
	at C660-C681_SignUpNewUserPage.run(C660-C681_SignUpNewUserPage:227)
	at com.kms.katalon.core.main.ScriptEngine.run(ScriptEngine.java:194)
	at com.kms.katalon.core.main.ScriptEngine.runScriptAsRawText(ScriptEngine.java:119)
	at com.kms.katalon.core.main.TestCaseExecutor.runScript(TestCaseExecutor.java:448)
	at com.kms.katalon.core.main.TestCaseExecutor.doExecute(TestCaseExecutor.java:439)
	at com.kms.katalon.core.main.TestCaseExecutor.processExecutionPhase(TestCaseExecutor.java:418)
	at com.kms.katalon.core.main.TestCaseExecutor.accessMainPhase(TestCaseExecutor.java:410)
	at com.kms.katalon.core.main.TestCaseExecutor.execute(TestCaseExecutor.java:285)
	at com.kms.katalon.core.main.TestCaseExecutor.execute(TestCaseExecutor.java:369)
	at com.kms.katalon.core.common.CommonExecutor.accessTestCaseMainPhase(CommonExecutor.java:71)
	at com.kms.katalon.core.main.TestSuiteExecutor.accessTestSuiteMainPhase(TestSuiteExecutor.java:160)
	at com.kms.katalon.core.main.TestSuiteExecutor.execute(TestSuiteExecutor.java:107)
	at com.kms.katalon.core.main.TestCaseMain.startTestSuite(TestCaseMain.java:180)
	at TempTestSuite1743573910045.run(TempTestSuite1743573910045.groovy:35)
	at java.base/jdk.internal.reflect.NativeMethodAccessorImpl.invoke0(Native Method)
	at java.base/jdk.internal.reflect.NativeMethodAccessorImpl.invoke(NativeMethodAccessorImpl.java:77)
	at java.base/jdk.internal.reflect.DelegatingMethodAccessorImpl.invoke(DelegatingMethodAccessorImpl.java:43)
Caused by: org.openqa.selenium.InvalidElementStateException: Unable to perform W3C actions. Check the logcat output for possible error reports and make sure your input actions chain is valid.
Build info: version: '4.22.0', revision: 'c5f3146703'
System info: os.name: 'Mac OS X', os.arch: 'aarch64', os.version: '15.3.2', java.version: '17.0.14'
Driver info: io.appium.java_client.android.AndroidDriver
Command: [96c5684d-5544-4848-a93e-f34693700d4a, actions {actions=[org.openqa.selenium.interactions.Sequence@3f634608]}]
Capabilities {appium:app: /Users/gv.vignesh/Downloads..., appium:appActivity: com.westgate.rewrite2.MainA..., appium:appPackage: com.westgate.rewrite2, appium:autoGrantPermissions: true, appium:automationName: uiautomator2, appium:databaseEnabled: false, appium:desired: {app: /Users/gv.vignesh/Downloads..., autoGrantPermissions: true, automationName: uiautomator2, deviceId: , deviceName: samsung SM-A146B (Android 14), fullReset: true, newCommandTimeout: 1800, noReset: false, platformName: ANDROID, platformVersion: 14, systemPort: 56316, udid: adb-RZCW811B2MK-cCoIXY._adb...}, appium:deviceApiLevel: 34, appium:deviceId: , appium:deviceManufacturer: samsung, appium:deviceModel: SM-A146B, appium:deviceName: adb-RZCW811B2MK-cCoIXY._adb..., appium:deviceScreenDensity: 450, appium:deviceScreenSize: 1080x2408, appium:deviceUDID: adb-RZCW811B2MK-cCoIXY._adb..., appium:fullReset: true, appium:javascriptEnabled: true, appium:locationContextEnabled: false, appium:networkConnectionEnabled: true, appium:newCommandTimeout: 1800, appium:noReset: false, appium:pixelRatio: 2.8125, appium:platformVersion: 14, appium:statBarHeight: 65, appium:systemPort: 56316, appium:takesScreenshot: true, appium:udid: adb-RZCW811B2MK-cCoIXY._adb..., appium:viewportRect: {height: 2343, left: 0, top: 65, width: 1080}, appium:warnings: {}, appium:webStorageEnabled: false, platformName: ANDROID}
Session ID: 96c5684d-5544-4848-a93e-f34693700d4a
	at java.base/jdk.internal.reflect.NativeConstructorAccessorImpl.newInstance0(Native Method)
	at java.base/jdk.internal.reflect.NativeConstructorAccessorImpl.newInstance(NativeConstructorAccessorImpl.java:77)
	at java.base/jdk.internal.reflect.DelegatingConstructorAccessorImpl.newInstance(DelegatingConstructorAccessorImpl.java:45)
	at org.openqa.selenium.remote.ErrorCodec.decode(ErrorCodec.java:167)
	at org.openqa.selenium.remote.codec.w3c.W3CHttpResponseCodec.decode(W3CHttpResponseCodec.java:138)
	at org.openqa.selenium.remote.codec.w3c.W3CHttpResponseCodec.decode(W3CHttpResponseCodec.java:50)
	at org.openqa.selenium.remote.HttpCommandExecutor.execute(HttpCommandExecutor.java:190)
	at io.appium.java_client.remote.AppiumCommandExecutor.execute(AppiumCommandExecutor.java:237)
	at org.openqa.selenium.remote.RemoteWebDriver.execute(RemoteWebDriver.java:518)
	at org.openqa.selenium.remote.RemoteWebDriver.perform(RemoteWebDriver.java:604)
	at com.kms.katalon.core.mobile.helper.MobileCommonHelper.tap(MobileCommonHelper.java:93)
	at com.kms.katalon.core.mobile.helper.MobileElementCommonHelper.tapAndHold(MobileElementCommonHelper.java:89)
	at com.kms.katalon.core.mobile.keyword.builtin.TapAndHoldKeyword$_tapAndHold_closure1.doCall(TapAndHoldKeyword.groovy:68)
	at com.kms.katalon.core.mobile.keyword.builtin.TapAndHoldKeyword$_tapAndHold_closure1.call(TapAndHoldKeyword.groovy)
	at com.kms.katalon.core.mobile.keyword.internal.MobileKeywordMain.runKeyword(MobileKeywordMain.groovy:30)
	at com.kms.katalon.core.mobile.keyword.builtin.TapAndHoldKeyword.tapAndHold(TapAndHoldKeyword.groovy:69)
	at com.kms.katalon.core.mobile.keyword.builtin.TapAndHoldKeyword.execute(TapAndHoldKeyword.groovy:62)
	at com.kms.katalon.core.keyword.internal.KeywordExecutor.executeKeywordForPlatform(KeywordExecutor.groovy:74)
	at com.kms.katalon.core.mobile.keyword.MobileBuiltInKeywords.tapAndHold(MobileBuiltInKeywords.groovy:1542)
	at EmailValidationTests.testCopyPasteEmailFunctionality(Script1743084213202.groovy:147)
	at EmailValidationTests.runAllTests(Script1743084213202.groovy:218)
	at Script1743084213202.run(Script1743084213202.groovy:227)
	... 16 more
)
[[ATTACHMENT|/Users/gv.vignesh/Downloads/WGR-Android-Automation/Reports/20250402_113510/WRMA Android Regression/20250402_113510/1743574846093.png]]

02-04-2025T11:50:48 - [TEST_STEP][PASSED] - catch (com.kms.katalon.core.exception.StepFailedException e): null

02-04-2025T11:50:48 - [TEST_STEP][PASSED] - println("⚠️ Error occurred during copy: " + e.getMessage()): null

02-04-2025T11:50:48 - [TEST_STEP][FAILED] - try: Failed to wait for element ''{0}'' present (Root cause: com.kms.katalon.core.exception.StepFailedException: Failed to wait for element ''{0}'' present
	at com.kms.katalon.core.mobile.keyword.internal.MobileKeywordMain.stepFailed(MobileKeywordMain.groovy:64)
	at com.kms.katalon.core.mobile.keyword.internal.MobileKeywordMain.runKeyword(MobileKeywordMain.groovy:34)
	at com.kms.katalon.core.mobile.keyword.builtin.WaitForElementPresentKeyword.waitForElementPresent(WaitForElementPresentKeyword.groovy:77)
	at com.kms.katalon.core.mobile.keyword.builtin.WaitForElementPresentKeyword.execute(WaitForElementPresentKeyword.groovy:61)
	at com.kms.katalon.core.keyword.internal.KeywordExecutor.executeKeywordForPlatform(KeywordExecutor.groovy:74)
	at com.kms.katalon.core.mobile.keyword.MobileBuiltInKeywords.waitForElementPresent(MobileBuiltInKeywords.groovy:1660)
	at EmailValidationTests.testCopyPasteEmailFunctionality(Script1743084213202.groovy:165)
	at EmailValidationTests.runAllTests(Script1743084213202.groovy:218)
	at C660-C681_SignUpNewUserPage.run(C660-C681_SignUpNewUserPage:227)
	at com.kms.katalon.core.main.ScriptEngine.run(ScriptEngine.java:194)
	at com.kms.katalon.core.main.ScriptEngine.runScriptAsRawText(ScriptEngine.java:119)
	at com.kms.katalon.core.main.TestCaseExecutor.runScript(TestCaseExecutor.java:448)
	at com.kms.katalon.core.main.TestCaseExecutor.doExecute(TestCaseExecutor.java:439)
	at com.kms.katalon.core.main.TestCaseExecutor.processExecutionPhase(TestCaseExecutor.java:418)
	at com.kms.katalon.core.main.TestCaseExecutor.accessMainPhase(TestCaseExecutor.java:410)
	at com.kms.katalon.core.main.TestCaseExecutor.execute(TestCaseExecutor.java:285)
	at com.kms.katalon.core.main.TestCaseExecutor.execute(TestCaseExecutor.java:369)
	at com.kms.katalon.core.common.CommonExecutor.accessTestCaseMainPhase(CommonExecutor.java:71)
	at com.kms.katalon.core.main.TestSuiteExecutor.accessTestSuiteMainPhase(TestSuiteExecutor.java:160)
	at com.kms.katalon.core.main.TestSuiteExecutor.execute(TestSuiteExecutor.java:107)
	at com.kms.katalon.core.main.TestCaseMain.startTestSuite(TestCaseMain.java:180)
	at TempTestSuite1743573910045.run(TempTestSuite1743573910045.groovy:35)
	at java.base/jdk.internal.reflect.NativeMethodAccessorImpl.invoke0(Native Method)
	at java.base/jdk.internal.reflect.NativeMethodAccessorImpl.invoke(NativeMethodAccessorImpl.java:77)
	at java.base/jdk.internal.reflect.DelegatingMethodAccessorImpl.invoke(DelegatingMethodAccessorImpl.java:43)
Caused by: java.lang.IllegalArgumentException: Object is null
	at com.kms.katalon.core.helper.KeywordHelper.checkTestObjectParameter(KeywordHelper.java:33)
	at com.kms.katalon.core.mobile.keyword.builtin.WaitForElementPresentKeyword$_waitForElementPresent_closure1.doCall(WaitForElementPresentKeyword.groovy:67)
	at com.kms.katalon.core.mobile.keyword.builtin.WaitForElementPresentKeyword$_waitForElementPresent_closure1.call(WaitForElementPresentKeyword.groovy)
	at com.kms.katalon.core.mobile.keyword.internal.MobileKeywordMain.runKeyword(MobileKeywordMain.groovy:30)
	at com.kms.katalon.core.mobile.keyword.builtin.WaitForElementPresentKeyword.waitForElementPresent(WaitForElementPresentKeyword.groovy:77)
	at com.kms.katalon.core.mobile.keyword.builtin.WaitForElementPresentKeyword.execute(WaitForElementPresentKeyword.groovy:61)
	at com.kms.katalon.core.keyword.internal.KeywordExecutor.executeKeywordForPlatform(KeywordExecutor.groovy:74)
	at com.kms.katalon.core.mobile.keyword.MobileBuiltInKeywords.waitForElementPresent(MobileBuiltInKeywords.groovy:1660)
	at EmailValidationTests.testCopyPasteEmailFunctionality(Script1743084213202.groovy:165)
	at EmailValidationTests.runAllTests(Script1743084213202.groovy:218)
	at Script1743084213202.run(Script1743084213202.groovy:227)
	... 16 more
)

02-04-2025T11:50:48 - [TEST_STEP][PASSED] - tap(findTestObject("Object Repository/Repo/android.widget.EditText-confirm email address"), 0): Tapped on element 'Object Repository/Repo/android.widget.EditText-confirm email address'

02-04-2025T11:50:48 - [MESSAGE][WARNING] - Timeout '0' is invalid. Using default page load timeout: '30'

02-04-2025T11:50:48 - [MESSAGE][PASSED] - Tapped on element 'Object Repository/Repo/android.widget.EditText-confirm email address'

02-04-2025T11:50:48 - [TEST_STEP][PASSED] - tapAndHold(findTestObject("Object Repository/Repo/android.widget.EditText-confirm email address"), 2, 0): Tapped and held on element 'Object Repository/Repo/android.widget.EditText-confirm email address' with duration 2

02-04-2025T11:50:48 - [MESSAGE][WARNING] - Timeout '0' is invalid. Using default page load timeout: '30'

02-04-2025T11:50:51 - [MESSAGE][PASSED] - Tapped and held on element 'Object Repository/Repo/android.widget.EditText-confirm email address' with duration 2

02-04-2025T11:50:51 - [TEST_STEP][PASSED] - delay(2): Delayed 2 second(s)

02-04-2025T11:50:53 - [MESSAGE][PASSED] - Delayed 2 second(s)

02-04-2025T11:50:53 - [TEST_STEP][FAILED] - if (waitForElementPresent(findTestObject("Object Repository/Repo/android.widget.TextView - Paste"), 3)): Failed to wait for element ''{0}'' present (Root cause: com.kms.katalon.core.exception.StepFailedException: Failed to wait for element ''{0}'' present
	at com.kms.katalon.core.mobile.keyword.internal.MobileKeywordMain.stepFailed(MobileKeywordMain.groovy:64)
	at com.kms.katalon.core.mobile.keyword.internal.MobileKeywordMain.runKeyword(MobileKeywordMain.groovy:34)
	at com.kms.katalon.core.mobile.keyword.builtin.WaitForElementPresentKeyword.waitForElementPresent(WaitForElementPresentKeyword.groovy:77)
	at com.kms.katalon.core.mobile.keyword.builtin.WaitForElementPresentKeyword.execute(WaitForElementPresentKeyword.groovy:61)
	at com.kms.katalon.core.keyword.internal.KeywordExecutor.executeKeywordForPlatform(KeywordExecutor.groovy:74)
	at com.kms.katalon.core.mobile.keyword.MobileBuiltInKeywords.waitForElementPresent(MobileBuiltInKeywords.groovy:1660)
	at EmailValidationTests.testCopyPasteEmailFunctionality(Script1743084213202.groovy:165)
	at EmailValidationTests.runAllTests(Script1743084213202.groovy:218)
	at C660-C681_SignUpNewUserPage.run(C660-C681_SignUpNewUserPage:227)
	at com.kms.katalon.core.main.ScriptEngine.run(ScriptEngine.java:194)
	at com.kms.katalon.core.main.ScriptEngine.runScriptAsRawText(ScriptEngine.java:119)
	at com.kms.katalon.core.main.TestCaseExecutor.runScript(TestCaseExecutor.java:448)
	at com.kms.katalon.core.main.TestCaseExecutor.doExecute(TestCaseExecutor.java:439)
	at com.kms.katalon.core.main.TestCaseExecutor.processExecutionPhase(TestCaseExecutor.java:418)
	at com.kms.katalon.core.main.TestCaseExecutor.accessMainPhase(TestCaseExecutor.java:410)
	at com.kms.katalon.core.main.TestCaseExecutor.execute(TestCaseExecutor.java:285)
	at com.kms.katalon.core.main.TestCaseExecutor.execute(TestCaseExecutor.java:369)
	at com.kms.katalon.core.common.CommonExecutor.accessTestCaseMainPhase(CommonExecutor.java:71)
	at com.kms.katalon.core.main.TestSuiteExecutor.accessTestSuiteMainPhase(TestSuiteExecutor.java:160)
	at com.kms.katalon.core.main.TestSuiteExecutor.execute(TestSuiteExecutor.java:107)
	at com.kms.katalon.core.main.TestCaseMain.startTestSuite(TestCaseMain.java:180)
	at TempTestSuite1743573910045.run(TempTestSuite1743573910045.groovy:35)
	at java.base/jdk.internal.reflect.NativeMethodAccessorImpl.invoke0(Native Method)
	at java.base/jdk.internal.reflect.NativeMethodAccessorImpl.invoke(NativeMethodAccessorImpl.java:77)
	at java.base/jdk.internal.reflect.DelegatingMethodAccessorImpl.invoke(DelegatingMethodAccessorImpl.java:43)
Caused by: java.lang.IllegalArgumentException: Object is null
	at com.kms.katalon.core.helper.KeywordHelper.checkTestObjectParameter(KeywordHelper.java:33)
	at com.kms.katalon.core.mobile.keyword.builtin.WaitForElementPresentKeyword$_waitForElementPresent_closure1.doCall(WaitForElementPresentKeyword.groovy:67)
	at com.kms.katalon.core.mobile.keyword.builtin.WaitForElementPresentKeyword$_waitForElementPresent_closure1.call(WaitForElementPresentKeyword.groovy)
	at com.kms.katalon.core.mobile.keyword.internal.MobileKeywordMain.runKeyword(MobileKeywordMain.groovy:30)
	at com.kms.katalon.core.mobile.keyword.builtin.WaitForElementPresentKeyword.waitForElementPresent(WaitForElementPresentKeyword.groovy:77)
	at com.kms.katalon.core.mobile.keyword.builtin.WaitForElementPresentKeyword.execute(WaitForElementPresentKeyword.groovy:61)
	at com.kms.katalon.core.keyword.internal.KeywordExecutor.executeKeywordForPlatform(KeywordExecutor.groovy:74)
	at com.kms.katalon.core.mobile.keyword.MobileBuiltInKeywords.waitForElementPresent(MobileBuiltInKeywords.groovy:1660)
	at EmailValidationTests.testCopyPasteEmailFunctionality(Script1743084213202.groovy:165)
	at EmailValidationTests.runAllTests(Script1743084213202.groovy:218)
	at Script1743084213202.run(Script1743084213202.groovy:227)
	... 16 more
)

02-04-2025T11:50:53 - [MESSAGE][WARNING] - Test object with id 'Object Repository/Repo/android.widget.TextView - Paste' does not exist

02-04-2025T11:50:53 - [MESSAGE][WARNING] - Test object with id 'Object Repository/' does not exist

02-04-2025T11:50:54 - [MESSAGE][FAILED] - Failed to wait for element ''{0}'' present (Root cause: com.kms.katalon.core.exception.StepFailedException: Failed to wait for element ''{0}'' present
	at com.kms.katalon.core.mobile.keyword.internal.MobileKeywordMain.stepFailed(MobileKeywordMain.groovy:64)
	at com.kms.katalon.core.mobile.keyword.internal.MobileKeywordMain.runKeyword(MobileKeywordMain.groovy:34)
	at com.kms.katalon.core.mobile.keyword.builtin.WaitForElementPresentKeyword.waitForElementPresent(WaitForElementPresentKeyword.groovy:77)
	at com.kms.katalon.core.mobile.keyword.builtin.WaitForElementPresentKeyword.execute(WaitForElementPresentKeyword.groovy:61)
	at com.kms.katalon.core.keyword.internal.KeywordExecutor.executeKeywordForPlatform(KeywordExecutor.groovy:74)
	at com.kms.katalon.core.mobile.keyword.MobileBuiltInKeywords.waitForElementPresent(MobileBuiltInKeywords.groovy:1660)
	at EmailValidationTests.testCopyPasteEmailFunctionality(Script1743084213202.groovy:165)
	at EmailValidationTests.runAllTests(Script1743084213202.groovy:218)
	at C660-C681_SignUpNewUserPage.run(C660-C681_SignUpNewUserPage:227)
	at com.kms.katalon.core.main.ScriptEngine.run(ScriptEngine.java:194)
	at com.kms.katalon.core.main.ScriptEngine.runScriptAsRawText(ScriptEngine.java:119)
	at com.kms.katalon.core.main.TestCaseExecutor.runScript(TestCaseExecutor.java:448)
	at com.kms.katalon.core.main.TestCaseExecutor.doExecute(TestCaseExecutor.java:439)
	at com.kms.katalon.core.main.TestCaseExecutor.processExecutionPhase(TestCaseExecutor.java:418)
	at com.kms.katalon.core.main.TestCaseExecutor.accessMainPhase(TestCaseExecutor.java:410)
	at com.kms.katalon.core.main.TestCaseExecutor.execute(TestCaseExecutor.java:285)
	at com.kms.katalon.core.main.TestCaseExecutor.execute(TestCaseExecutor.java:369)
	at com.kms.katalon.core.common.CommonExecutor.accessTestCaseMainPhase(CommonExecutor.java:71)
	at com.kms.katalon.core.main.TestSuiteExecutor.accessTestSuiteMainPhase(TestSuiteExecutor.java:160)
	at com.kms.katalon.core.main.TestSuiteExecutor.execute(TestSuiteExecutor.java:107)
	at com.kms.katalon.core.main.TestCaseMain.startTestSuite(TestCaseMain.java:180)
	at TempTestSuite1743573910045.run(TempTestSuite1743573910045.groovy:35)
	at java.base/jdk.internal.reflect.NativeMethodAccessorImpl.invoke0(Native Method)
	at java.base/jdk.internal.reflect.NativeMethodAccessorImpl.invoke(NativeMethodAccessorImpl.java:77)
	at java.base/jdk.internal.reflect.DelegatingMethodAccessorImpl.invoke(DelegatingMethodAccessorImpl.java:43)
Caused by: java.lang.IllegalArgumentException: Object is null
	at com.kms.katalon.core.helper.KeywordHelper.checkTestObjectParameter(KeywordHelper.java:33)
	at com.kms.katalon.core.mobile.keyword.builtin.WaitForElementPresentKeyword$_waitForElementPresent_closure1.doCall(WaitForElementPresentKeyword.groovy:67)
	at com.kms.katalon.core.mobile.keyword.builtin.WaitForElementPresentKeyword$_waitForElementPresent_closure1.call(WaitForElementPresentKeyword.groovy)
	at com.kms.katalon.core.mobile.keyword.internal.MobileKeywordMain.runKeyword(MobileKeywordMain.groovy:30)
	at com.kms.katalon.core.mobile.keyword.builtin.WaitForElementPresentKeyword.waitForElementPresent(WaitForElementPresentKeyword.groovy:77)
	at com.kms.katalon.core.mobile.keyword.builtin.WaitForElementPresentKeyword.execute(WaitForElementPresentKeyword.groovy:61)
	at com.kms.katalon.core.keyword.internal.KeywordExecutor.executeKeywordForPlatform(KeywordExecutor.groovy:74)
	at com.kms.katalon.core.mobile.keyword.MobileBuiltInKeywords.waitForElementPresent(MobileBuiltInKeywords.groovy:1660)
	at EmailValidationTests.testCopyPasteEmailFunctionality(Script1743084213202.groovy:165)
	at EmailValidationTests.runAllTests(Script1743084213202.groovy:218)
	at Script1743084213202.run(Script1743084213202.groovy:227)
	... 16 more
)
[[ATTACHMENT|/Users/gv.vignesh/Downloads/WGR-Android-Automation/Reports/20250402_113510/WRMA Android Regression/20250402_113510/1743574853698.png]]

02-04-2025T11:50:54 - [TEST_STEP][PASSED] - catch (com.kms.katalon.core.exception.StepFailedException e): null

02-04-2025T11:50:54 - [TEST_STEP][PASSED] - println("⚠️ Error occurred during paste: " + e.getMessage()): null

02-04-2025T11:50:54 - [TEST_STEP][PASSED] - tap(findTestObject("Object Repository/Repo/android.widget.Button - reset"), 0): Tapped on element 'Object Repository/Repo/android.widget.Button - reset'

02-04-2025T11:50:54 - [MESSAGE][WARNING] - Timeout '0' is invalid. Using default page load timeout: '30'

02-04-2025T11:50:55 - [MESSAGE][PASSED] - Tapped on element 'Object Repository/Repo/android.widget.Button - reset'

02-04-2025T11:50:55 - [TEST_STEP][PASSED] - hideKeyboard(): null

02-04-2025T11:50:57 - [MESSAGE][PASSED] - Keyboard is hidden

02-04-2025T11:50:57 - [TEST_STEP][PASSED] - testMultipleEmailsFunctionality(): null

02-04-2025T11:50:57 - [TEST_STEP][PASSED] - testData = findTestData("Data Files/Emails"): null

02-04-2025T11:50:57 - [TEST_STEP][PASSED] - email1 = testData.getValue("email", 1): null

02-04-2025T11:50:57 - [TEST_STEP][PASSED] - email2 = testData.getValue("email", 2): null

02-04-2025T11:50:57 - [TEST_STEP][PASSED] - sendKeys(findTestObject("Object Repository/Repo/android.widget.EditText-LoginorSignUp"), email1): Send keys 'c@y.com' on test object 'Object Repository/Repo/android.widget.EditText-LoginorSignUp' successfully.

02-04-2025T11:50:57 - [MESSAGE][PASSED] - Send keys 'c@y.com' on test object 'Object Repository/Repo/android.widget.EditText-LoginorSignUp' successfully.

02-04-2025T11:50:57 - [TEST_STEP][PASSED] - tap(findTestObject("Object Repository/Repo/android.widget.Button - Next (1)"), 10): Tapped on element 'Object Repository/Repo/android.widget.Button - Next (1)'

02-04-2025T11:51:00 - [MESSAGE][PASSED] - Tapped on element 'Object Repository/Repo/android.widget.Button - Next (1)'

02-04-2025T11:51:00 - [TEST_STEP][PASSED] - tap(findTestObject("Object Repository/Repo/android.widget.Button - reset"), 10): Tapped on element 'Object Repository/Repo/android.widget.Button - reset'

02-04-2025T11:51:00 - [MESSAGE][PASSED] - Tapped on element 'Object Repository/Repo/android.widget.Button - reset'

02-04-2025T11:51:00 - [TEST_STEP][PASSED] - hideKeyboard(): Keyboard is hidden

02-04-2025T11:51:00 - [MESSAGE][PASSED] - Keyboard is hidden

02-04-2025T11:51:00 - [TEST_STEP][PASSED] - sendKeys(findTestObject("Object Repository/Repo/android.widget.EditText-confirm email address"), email2): Send keys 'o.m' on test object 'Object Repository/Repo/android.widget.EditText-confirm email address' successfully.

02-04-2025T11:51:01 - [MESSAGE][PASSED] - Send keys 'o.m' on test object 'Object Repository/Repo/android.widget.EditText-confirm email address' successfully.

02-04-2025T11:51:01 - [TEST_STEP][PASSED] - delay(3): Delayed 3 second(s)

02-04-2025T11:51:04 - [MESSAGE][PASSED] - Delayed 3 second(s)

02-04-2025T11:51:04 - [TEST_STEP][PASSED] - tap(findTestObject("Object Repository/Repo/android.widget.EditText-confirm email address"), 10): Tapped on element 'Object Repository/Repo/android.widget.EditText-confirm email address'

02-04-2025T11:51:05 - [MESSAGE][PASSED] - Tapped on element 'Object Repository/Repo/android.widget.EditText-confirm email address'

02-04-2025T11:51:05 - [TEST_STEP][PASSED] - try: null

02-04-2025T11:51:05 - [TEST_STEP][PASSED] - testObject = findTestObject("Object Repository/Repo/android.widget.TextView - Invalid email format"): Test object with id 'Object Repository/Repo/android.widget.TextView - Invalid email format' does not exist

02-04-2025T11:51:05 - [MESSAGE][WARNING] - Test object with id 'Object Repository/Repo/android.widget.TextView - Invalid email format' does not exist

02-04-2025T11:51:05 - [TEST_STEP][PASSED] - if (testObject == null): null

02-04-2025T11:51:05 - [TEST_STEP][PASSED] - throw new java.lang.Exception(Test object 'Invalid email format' not found in the Object Repository.): null

02-04-2025T11:51:05 - [TEST_STEP][PASSED] - catch (Exception e): null

02-04-2025T11:51:05 - [TEST_STEP][PASSED] - println(❌ An error occurred: $e.getMessage()): null

02-04-2025T11:51:05 - [TEST_STEP][PASSED] - tap(findTestObject("Object Repository/Repo/android.widget.Button - reset"), 0): Tapped on element 'Object Repository/Repo/android.widget.Button - reset'

02-04-2025T11:51:05 - [MESSAGE][WARNING] - Timeout '0' is invalid. Using default page load timeout: '30'

02-04-2025T11:51:06 - [MESSAGE][PASSED] - Tapped on element 'Object Repository/Repo/android.widget.Button - reset'

02-04-2025T11:51:06 - [TEST_STEP][PASSED] - hideKeyboard(): Keyboard is hidden

02-04-2025T11:51:07 - [MESSAGE][PASSED] - Keyboard is hidden

02-04-2025T11:51:07 - [TEST_STEP][PASSED] - Finally: null

02-04-2025T11:51:07 - [TEST_STEP][PASSED] - cleanup(): null

02-04-2025T11:51:07 - [TEST_STEP][PASSED] - closeApplication(): Close app successfully

02-04-2025T11:51:10 - [MESSAGE][PASSED] - Close app successfully]]></system-out>
         <system-err><![CDATA[]]></system-err>
      </testcase>
      <testcase name="Test Cases/Sign Up New UserPage/C682-C688_SignUpNewUserPage" time="373.747" classname="Test Cases/Sign Up New UserPage/C682-C688_SignUpNewUserPage" status="PASSED">
         <system-out><![CDATA[02-04-2025T11:51:10 - [TEST_CASE][PASSED] - Test Cases/Sign Up New UserPage/C682-C688_SignUpNewUserPage: Test Cases/Sign Up New UserPage/C682-C688_SignUpNewUserPage

02-04-2025T11:51:10 - [TEST_STEP][PASSED] - startApplication("/Users/gv.vignesh/Downloads/WGR-Android-Automation/App Folder/universal.apk", true): Started application: '/Users/gv.vignesh/Downloads/WGR-Android-Automation/App Folder/universal.apk'

02-04-2025T11:51:10 - [MESSAGE][INFO] - Starting application: '/Users/gv.vignesh/Downloads/WGR-Android-Automation/App Folder/universal.apk'

02-04-2025T11:51:10 - [MESSAGE][INFO] - User set preference: ['deviceId', '']

02-04-2025T11:51:10 - [MESSAGE][INFO] - Detected NodeJS location: "/opt/homebrew/Cellar/node/23.10.0_1/bin/node"

02-04-2025T11:51:10 - [MESSAGE][INFO] - PATH: /opt/homebrew/Cellar/node/23.10.0_1/bin:/opt/homebrew/bin:/usr/bin:/bin:/usr/sbin:/sbin:/Applications/Katalon Studio Enterprise.app/Contents/Eclipse/jre/Contents/Home/bin:/usr/local/bin/

02-04-2025T11:51:10 - [MESSAGE][INFO] - APPIUM_HOME: /Users/gv.vignesh/.appium

02-04-2025T11:51:10 - [MESSAGE][INFO] - appium outlog: /Users/gv.vignesh/Downloads/WGR-Android-Automation/Reports/20250402_113510/WRMA Android Regression/20250402_113510/appium.log

02-04-2025T11:51:10 - [MESSAGE][INFO] - appium errlog: /Users/gv.vignesh/Downloads/WGR-Android-Automation/Reports/20250402_113510/WRMA Android Regression/20250402_113510/appium_error.log

02-04-2025T11:51:11 - [MESSAGE][INFO] - Appium server started on port 56,770

02-04-2025T11:51:42 - [MESSAGE][PASSED] - Started application: '/Users/gv.vignesh/Downloads/WGR-Android-Automation/App Folder/universal.apk'

02-04-2025T11:51:42 - [TEST_STEP][PASSED] - delay(10): Delayed 10 second(s)

02-04-2025T11:51:52 - [MESSAGE][PASSED] - Delayed 10 second(s)

02-04-2025T11:51:52 - [TEST_STEP][PASSED] - tap(findTestObject("Object Repository/Repo/SignUpNewUser/android.widget.Button - Login or Sign Up"), 0): Tapped on element 'Object Repository/Repo/SignUpNewUser/android.widget.Button - Login or Sign Up'

02-04-2025T11:51:52 - [MESSAGE][WARNING] - Timeout '0' is invalid. Using default page load timeout: '30'

02-04-2025T11:51:53 - [MESSAGE][PASSED] - Tapped on element 'Object Repository/Repo/SignUpNewUser/android.widget.Button - Login or Sign Up'

02-04-2025T11:51:53 - [TEST_STEP][PASSED] - delay(10): Delayed 10 second(s)

02-04-2025T11:52:03 - [MESSAGE][PASSED] - Delayed 10 second(s)

02-04-2025T11:52:03 - [TEST_STEP][PASSED] - setText(findTestObject("Object Repository/Repo/SignUpNewUser/android.widget.EditText"), "Sara@yopmail.com", 0): Text 'Sara@yopmail.com' has been set to element 'Object Repository/Repo/SignUpNewUser/android.widget.EditText'

02-04-2025T11:52:03 - [MESSAGE][WARNING] - Timeout '0' is invalid. Using default page load timeout: '30'

02-04-2025T11:52:04 - [MESSAGE][PASSED] - Text 'Sara@yopmail.com' has been set to element 'Object Repository/Repo/SignUpNewUser/android.widget.EditText'

02-04-2025T11:52:04 - [TEST_STEP][PASSED] - delay(3): Delayed 3 second(s)

02-04-2025T11:52:07 - [MESSAGE][PASSED] - Delayed 3 second(s)

02-04-2025T11:52:07 - [TEST_STEP][PASSED] - hideKeyboard(): Keyboard is hidden

02-04-2025T11:52:08 - [MESSAGE][PASSED] - Keyboard is hidden

02-04-2025T11:52:08 - [TEST_STEP][PASSED] - delay(3): Delayed 3 second(s)

02-04-2025T11:52:11 - [MESSAGE][PASSED] - Delayed 3 second(s)

02-04-2025T11:52:11 - [TEST_STEP][PASSED] - tap(findTestObject("Object Repository/Repo/SignUpNewUser/android.widget.Button - Next"), 0): Tapped on element 'Object Repository/Repo/SignUpNewUser/android.widget.Button - Next'

02-04-2025T11:52:11 - [MESSAGE][WARNING] - Timeout '0' is invalid. Using default page load timeout: '30'

02-04-2025T11:52:12 - [MESSAGE][PASSED] - Tapped on element 'Object Repository/Repo/SignUpNewUser/android.widget.Button - Next'

02-04-2025T11:52:12 - [TEST_STEP][PASSED] - delay(3): Delayed 3 second(s)

02-04-2025T11:52:15 - [MESSAGE][PASSED] - Delayed 3 second(s)

02-04-2025T11:52:15 - [TEST_STEP][PASSED] - setText(findTestObject("Object Repository/Repo/SignUpNewUser/android.widget.EditText (1)"), "Sara@yopmail.com", 0): Text 'Sara@yopmail.com' has been set to element 'Object Repository/Repo/SignUpNewUser/android.widget.EditText (1)'

02-04-2025T11:52:15 - [MESSAGE][WARNING] - Timeout '0' is invalid. Using default page load timeout: '30'

02-04-2025T11:52:15 - [MESSAGE][PASSED] - Text 'Sara@yopmail.com' has been set to element 'Object Repository/Repo/SignUpNewUser/android.widget.EditText (1)'

02-04-2025T11:52:15 - [TEST_STEP][PASSED] - delay(3): Delayed 3 second(s)

02-04-2025T11:52:18 - [MESSAGE][PASSED] - Delayed 3 second(s)

02-04-2025T11:52:18 - [TEST_STEP][PASSED] - hideKeyboard(): Keyboard is hidden

02-04-2025T11:52:19 - [MESSAGE][PASSED] - Keyboard is hidden

02-04-2025T11:52:19 - [TEST_STEP][PASSED] - delay(3): Delayed 3 second(s)

02-04-2025T11:52:22 - [MESSAGE][PASSED] - Delayed 3 second(s)

02-04-2025T11:52:22 - [TEST_STEP][PASSED] - tap(findTestObject("Object Repository/Repo/SignUpNewUser/android.widget.Button - Next (1)"), 0): Tapped on element 'Object Repository/Repo/SignUpNewUser/android.widget.Button - Next (1)'

02-04-2025T11:52:22 - [MESSAGE][WARNING] - Timeout '0' is invalid. Using default page load timeout: '30'

02-04-2025T11:52:23 - [MESSAGE][PASSED] - Tapped on element 'Object Repository/Repo/SignUpNewUser/android.widget.Button - Next (1)'

02-04-2025T11:52:23 - [TEST_STEP][PASSED] - delay(3): Delayed 3 second(s)

02-04-2025T11:52:26 - [MESSAGE][PASSED] - Delayed 3 second(s)

02-04-2025T11:52:26 - [TEST_STEP][PASSED] - setText(findTestObject("Object Repository/Repo/SignUpNewUser/android.widget.EditText (2)"), "steve", 0): Text 'steve' has been set to element 'Object Repository/Repo/SignUpNewUser/android.widget.EditText (2)'

02-04-2025T11:52:26 - [MESSAGE][WARNING] - Timeout '0' is invalid. Using default page load timeout: '30'

02-04-2025T11:52:26 - [MESSAGE][PASSED] - Text 'steve' has been set to element 'Object Repository/Repo/SignUpNewUser/android.widget.EditText (2)'

02-04-2025T11:52:26 - [TEST_STEP][PASSED] - delay(3): Delayed 3 second(s)

02-04-2025T11:52:29 - [MESSAGE][PASSED] - Delayed 3 second(s)

02-04-2025T11:52:29 - [TEST_STEP][PASSED] - hideKeyboard(): Keyboard is hidden

02-04-2025T11:52:30 - [MESSAGE][PASSED] - Keyboard is hidden

02-04-2025T11:52:30 - [TEST_STEP][PASSED] - delay(3): Delayed 3 second(s)

02-04-2025T11:52:33 - [MESSAGE][PASSED] - Delayed 3 second(s)

02-04-2025T11:52:33 - [TEST_STEP][PASSED] - setText(findTestObject("Object Repository/Repo/SignUpNewUser/android.widget.EditText (3)"), "smith", 0): Text 'smith' has been set to element 'Object Repository/Repo/SignUpNewUser/android.widget.EditText (3)'

02-04-2025T11:52:33 - [MESSAGE][WARNING] - Timeout '0' is invalid. Using default page load timeout: '30'

02-04-2025T11:52:35 - [MESSAGE][PASSED] - Text 'smith' has been set to element 'Object Repository/Repo/SignUpNewUser/android.widget.EditText (3)'

02-04-2025T11:52:35 - [TEST_STEP][PASSED] - delay(3): Delayed 3 second(s)

02-04-2025T11:52:38 - [MESSAGE][PASSED] - Delayed 3 second(s)

02-04-2025T11:52:38 - [TEST_STEP][PASSED] - hideKeyboard(): Keyboard is hidden

02-04-2025T11:52:38 - [MESSAGE][PASSED] - Keyboard is hidden

02-04-2025T11:52:38 - [TEST_STEP][PASSED] - delay(3): Delayed 3 second(s)

02-04-2025T11:52:41 - [MESSAGE][PASSED] - Delayed 3 second(s)

02-04-2025T11:52:41 - [TEST_STEP][PASSED] - sendKeys(findTestObject("Object Repository/Repo/SignUpNewUser/android.widget.EditText (5)"), "pass"): Send keys 'pass' on test object 'Object Repository/Repo/SignUpNewUser/android.widget.EditText (5)' successfully.

02-04-2025T11:52:42 - [MESSAGE][PASSED] - Send keys 'pass' on test object 'Object Repository/Repo/SignUpNewUser/android.widget.EditText (5)' successfully.

02-04-2025T11:52:42 - [TEST_STEP][PASSED] - delay(3): Delayed 3 second(s)

02-04-2025T11:52:45 - [MESSAGE][PASSED] - Delayed 3 second(s)

02-04-2025T11:52:45 - [TEST_STEP][PASSED] - tap(findTestObject("Object Repository/Repo/SignUpNewUser/android.widget.TextView - Your password must be between 8 and 20 characters and may not contain spaces"), 0): Tapped on element 'Object Repository/Repo/SignUpNewUser/android.widget.TextView - Your password must be between 8 and 20 characters and may not contain spaces'

02-04-2025T11:52:45 - [MESSAGE][WARNING] - Timeout '0' is invalid. Using default page load timeout: '30'

02-04-2025T11:52:46 - [MESSAGE][PASSED] - Tapped on element 'Object Repository/Repo/SignUpNewUser/android.widget.TextView - Your password must be between 8 and 20 characters and may not contain spaces'

02-04-2025T11:52:46 - [TEST_STEP][PASSED] - delay(3): Delayed 3 second(s)

02-04-2025T11:52:49 - [MESSAGE][PASSED] - Delayed 3 second(s)

02-04-2025T11:52:49 - [TEST_STEP][PASSED] - verifyElementExist(findTestObject("Object Repository/Repo/SignUpNewUser/android.widget.TextView -  Password does not meet security requirements"), 0): Element 'Object Repository/Repo/SignUpNewUser/android.widget.TextView -  Password does not meet security requirements' is exist

02-04-2025T11:52:49 - [MESSAGE][WARNING] - Timeout '0' is invalid. Using default page load timeout: '30'

02-04-2025T11:52:50 - [MESSAGE][PASSED] - Element 'Object Repository/Repo/SignUpNewUser/android.widget.TextView -  Password does not meet security requirements' is exist

02-04-2025T11:52:50 - [TEST_STEP][PASSED] - delay(3): Delayed 3 second(s)

02-04-2025T11:52:53 - [MESSAGE][PASSED] - Delayed 3 second(s)

02-04-2025T11:52:53 - [TEST_STEP][PASSED] - tap(findTestObject("Object Repository/Repo/SignUpNewUser/android.widget.Button - back"), 0): Tapped on element 'Object Repository/Repo/SignUpNewUser/android.widget.Button - back'

02-04-2025T11:52:53 - [MESSAGE][WARNING] - Timeout '0' is invalid. Using default page load timeout: '30'

02-04-2025T11:52:53 - [MESSAGE][PASSED] - Tapped on element 'Object Repository/Repo/SignUpNewUser/android.widget.Button - back'

02-04-2025T11:52:53 - [TEST_STEP][PASSED] - delay(3): Delayed 3 second(s)

02-04-2025T11:52:56 - [MESSAGE][PASSED] - Delayed 3 second(s)

02-04-2025T11:52:56 - [TEST_STEP][PASSED] - setText(findTestObject("Object Repository/Repo/SignUpNewUser/android.widget.EditText (1)"), "Sara@yopmail.com", 0): Text 'Sara@yopmail.com' has been set to element 'Object Repository/Repo/SignUpNewUser/android.widget.EditText (1)'

02-04-2025T11:52:56 - [MESSAGE][WARNING] - Timeout '0' is invalid. Using default page load timeout: '30'

02-04-2025T11:52:56 - [MESSAGE][PASSED] - Text 'Sara@yopmail.com' has been set to element 'Object Repository/Repo/SignUpNewUser/android.widget.EditText (1)'

02-04-2025T11:52:56 - [TEST_STEP][PASSED] - delay(3): Delayed 3 second(s)

02-04-2025T11:52:59 - [MESSAGE][PASSED] - Delayed 3 second(s)

02-04-2025T11:52:59 - [TEST_STEP][PASSED] - hideKeyboard(): Keyboard is hidden

02-04-2025T11:53:00 - [MESSAGE][PASSED] - Keyboard is hidden

02-04-2025T11:53:00 - [TEST_STEP][PASSED] - delay(3): Delayed 3 second(s)

02-04-2025T11:53:03 - [MESSAGE][PASSED] - Delayed 3 second(s)

02-04-2025T11:53:03 - [TEST_STEP][PASSED] - tap(findTestObject("Object Repository/Repo/SignUpNewUser/android.widget.Button - Next (1)"), 0): Tapped on element 'Object Repository/Repo/SignUpNewUser/android.widget.Button - Next (1)'

02-04-2025T11:53:03 - [MESSAGE][WARNING] - Timeout '0' is invalid. Using default page load timeout: '30'

02-04-2025T11:53:04 - [MESSAGE][PASSED] - Tapped on element 'Object Repository/Repo/SignUpNewUser/android.widget.Button - Next (1)'

02-04-2025T11:53:04 - [TEST_STEP][PASSED] - delay(3): Delayed 3 second(s)

02-04-2025T11:53:07 - [MESSAGE][PASSED] - Delayed 3 second(s)

02-04-2025T11:53:07 - [TEST_STEP][PASSED] - setText(findTestObject("Object Repository/Repo/SignUpNewUser/android.widget.EditText (6)"), "steve", 0): Text 'steve' has been set to element 'Object Repository/Repo/SignUpNewUser/android.widget.EditText (6)'

02-04-2025T11:53:07 - [MESSAGE][WARNING] - Timeout '0' is invalid. Using default page load timeout: '30'

02-04-2025T11:53:08 - [MESSAGE][PASSED] - Text 'steve' has been set to element 'Object Repository/Repo/SignUpNewUser/android.widget.EditText (6)'

02-04-2025T11:53:08 - [TEST_STEP][PASSED] - delay(3): Delayed 3 second(s)

02-04-2025T11:53:11 - [MESSAGE][PASSED] - Delayed 3 second(s)

02-04-2025T11:53:11 - [TEST_STEP][PASSED] - hideKeyboard(): Keyboard is hidden

02-04-2025T11:53:11 - [MESSAGE][PASSED] - Keyboard is hidden

02-04-2025T11:53:11 - [TEST_STEP][PASSED] - delay(3): Delayed 3 second(s)

02-04-2025T11:53:14 - [MESSAGE][PASSED] - Delayed 3 second(s)

02-04-2025T11:53:14 - [TEST_STEP][PASSED] - setText(findTestObject("Object Repository/Repo/SignUpNewUser/android.widget.EditText (7)"), "smith", 0): Text 'smith' has been set to element 'Object Repository/Repo/SignUpNewUser/android.widget.EditText (7)'

02-04-2025T11:53:14 - [MESSAGE][WARNING] - Timeout '0' is invalid. Using default page load timeout: '30'

02-04-2025T11:53:16 - [MESSAGE][PASSED] - Text 'smith' has been set to element 'Object Repository/Repo/SignUpNewUser/android.widget.EditText (7)'

02-04-2025T11:53:16 - [TEST_STEP][PASSED] - delay(3): Delayed 3 second(s)

02-04-2025T11:53:19 - [MESSAGE][PASSED] - Delayed 3 second(s)

02-04-2025T11:53:19 - [TEST_STEP][PASSED] - hideKeyboard(): Keyboard is hidden

02-04-2025T11:53:20 - [MESSAGE][PASSED] - Keyboard is hidden

02-04-2025T11:53:20 - [TEST_STEP][PASSED] - delay(3): Delayed 3 second(s)

02-04-2025T11:53:23 - [MESSAGE][PASSED] - Delayed 3 second(s)

02-04-2025T11:53:23 - [TEST_STEP][PASSED] - sendKeys(findTestObject("Object Repository/Repo/SignUpNewUser/android.widget.EditText (8)"), "1234567890123456789012"): Send keys '1234567890123456789012' on test object 'Object Repository/Repo/SignUpNewUser/android.widget.EditText (8)' successfully.

02-04-2025T11:53:24 - [MESSAGE][PASSED] - Send keys '1234567890123456789012' on test object 'Object Repository/Repo/SignUpNewUser/android.widget.EditText (8)' successfully.

02-04-2025T11:53:24 - [TEST_STEP][PASSED] - delay(3): Delayed 3 second(s)

02-04-2025T11:53:27 - [MESSAGE][PASSED] - Delayed 3 second(s)

02-04-2025T11:53:27 - [TEST_STEP][PASSED] - tap(findTestObject("Object Repository/Repo/SignUpNewUser/android.widget.TextView - Your password must be between 8 and 20 characters and may not contain spaces"), 0): Tapped on element 'Object Repository/Repo/SignUpNewUser/android.widget.TextView - Your password must be between 8 and 20 characters and may not contain spaces'

02-04-2025T11:53:27 - [MESSAGE][WARNING] - Timeout '0' is invalid. Using default page load timeout: '30'

02-04-2025T11:53:27 - [MESSAGE][PASSED] - Tapped on element 'Object Repository/Repo/SignUpNewUser/android.widget.TextView - Your password must be between 8 and 20 characters and may not contain spaces'

02-04-2025T11:53:27 - [TEST_STEP][PASSED] - delay(3): Delayed 3 second(s)

02-04-2025T11:53:30 - [MESSAGE][PASSED] - Delayed 3 second(s)

02-04-2025T11:53:30 - [TEST_STEP][PASSED] - tap(findTestObject("Object Repository/Repo/SignUpNewUser/android.widget.TextView - Confirm Password"), 0): Tapped on element 'Object Repository/Repo/SignUpNewUser/android.widget.TextView - Confirm Password'

02-04-2025T11:53:30 - [MESSAGE][WARNING] - Timeout '0' is invalid. Using default page load timeout: '30'

02-04-2025T11:53:30 - [MESSAGE][PASSED] - Tapped on element 'Object Repository/Repo/SignUpNewUser/android.widget.TextView - Confirm Password'

02-04-2025T11:53:30 - [TEST_STEP][PASSED] - delay(3): Delayed 3 second(s)

02-04-2025T11:53:33 - [MESSAGE][PASSED] - Delayed 3 second(s)

02-04-2025T11:53:33 - [TEST_STEP][PASSED] - tap(findTestObject("Object Repository/Repo/SignUpNewUser/android.widget.TextView - Confirm Password"), 0): Tapped on element 'Object Repository/Repo/SignUpNewUser/android.widget.TextView - Confirm Password'

02-04-2025T11:53:33 - [MESSAGE][WARNING] - Timeout '0' is invalid. Using default page load timeout: '30'

02-04-2025T11:53:34 - [MESSAGE][PASSED] - Tapped on element 'Object Repository/Repo/SignUpNewUser/android.widget.TextView - Confirm Password'

02-04-2025T11:53:34 - [TEST_STEP][PASSED] - delay(3): Delayed 3 second(s)

02-04-2025T11:53:37 - [MESSAGE][PASSED] - Delayed 3 second(s)

02-04-2025T11:53:37 - [TEST_STEP][PASSED] - sendKeys(findTestObject("Object Repository/Repo/SignUpNewUser/android.widget.EditText (9)"), "1234567890123456789012"): Send keys '1234567890123456789012' on test object 'Object Repository/Repo/SignUpNewUser/android.widget.EditText (9)' successfully.

02-04-2025T11:53:37 - [MESSAGE][PASSED] - Send keys '1234567890123456789012' on test object 'Object Repository/Repo/SignUpNewUser/android.widget.EditText (9)' successfully.

02-04-2025T11:53:37 - [TEST_STEP][PASSED] - delay(3): Delayed 3 second(s)

02-04-2025T11:53:40 - [MESSAGE][PASSED] - Delayed 3 second(s)

02-04-2025T11:53:40 - [TEST_STEP][PASSED] - tap(findTestObject("Object Repository/Repo/SignUpNewUser/android.widget.TextView - Confirm Password"), 0): Tapped on element 'Object Repository/Repo/SignUpNewUser/android.widget.TextView - Confirm Password'

02-04-2025T11:53:40 - [MESSAGE][WARNING] - Timeout '0' is invalid. Using default page load timeout: '30'

02-04-2025T11:53:40 - [MESSAGE][PASSED] - Tapped on element 'Object Repository/Repo/SignUpNewUser/android.widget.TextView - Confirm Password'

02-04-2025T11:53:40 - [TEST_STEP][PASSED] - delay(3): Delayed 3 second(s)

02-04-2025T11:53:43 - [MESSAGE][PASSED] - Delayed 3 second(s)

02-04-2025T11:53:43 - [TEST_STEP][PASSED] - tap(findTestObject("Object Repository/Repo/SignUpNewUser/android.widget.Image"), 0): Tapped on element 'Object Repository/Repo/SignUpNewUser/android.widget.Image'

02-04-2025T11:53:43 - [MESSAGE][WARNING] - Timeout '0' is invalid. Using default page load timeout: '30'

02-04-2025T11:53:44 - [MESSAGE][PASSED] - Tapped on element 'Object Repository/Repo/SignUpNewUser/android.widget.Image'

02-04-2025T11:53:44 - [TEST_STEP][PASSED] - delay(3): Delayed 3 second(s)

02-04-2025T11:53:47 - [MESSAGE][PASSED] - Delayed 3 second(s)

02-04-2025T11:53:47 - [TEST_STEP][PASSED] - tap(findTestObject("Object Repository/Repo/SignUpNewUser/android.widget.TextView - Your password must be between 8 and 20 characters and may not contain spaces"), 0): Tapped on element 'Object Repository/Repo/SignUpNewUser/android.widget.TextView - Your password must be between 8 and 20 characters and may not contain spaces'

02-04-2025T11:53:47 - [MESSAGE][WARNING] - Timeout '0' is invalid. Using default page load timeout: '30'

02-04-2025T11:53:47 - [MESSAGE][PASSED] - Tapped on element 'Object Repository/Repo/SignUpNewUser/android.widget.TextView - Your password must be between 8 and 20 characters and may not contain spaces'

02-04-2025T11:53:47 - [TEST_STEP][PASSED] - delay(3): Delayed 3 second(s)

02-04-2025T11:53:50 - [MESSAGE][PASSED] - Delayed 3 second(s)

02-04-2025T11:53:50 - [TEST_STEP][PASSED] - tap(findTestObject("Object Repository/Repo/SignUpNewUser/android.widget.TextView - Confirm Password"), 0): Tapped on element 'Object Repository/Repo/SignUpNewUser/android.widget.TextView - Confirm Password'

02-04-2025T11:53:50 - [MESSAGE][WARNING] - Timeout '0' is invalid. Using default page load timeout: '30'

02-04-2025T11:53:50 - [MESSAGE][PASSED] - Tapped on element 'Object Repository/Repo/SignUpNewUser/android.widget.TextView - Confirm Password'

02-04-2025T11:53:50 - [TEST_STEP][PASSED] - delay(3): Delayed 3 second(s)

02-04-2025T11:53:53 - [MESSAGE][PASSED] - Delayed 3 second(s)

02-04-2025T11:53:53 - [TEST_STEP][PASSED] - tap(findTestObject("Object Repository/Repo/SignUpNewUser/android.widget.Image"), 0): Tapped on element 'Object Repository/Repo/SignUpNewUser/android.widget.Image'

02-04-2025T11:53:53 - [MESSAGE][WARNING] - Timeout '0' is invalid. Using default page load timeout: '30'

02-04-2025T11:53:54 - [MESSAGE][PASSED] - Tapped on element 'Object Repository/Repo/SignUpNewUser/android.widget.Image'

02-04-2025T11:53:54 - [TEST_STEP][PASSED] - delay(3): Delayed 3 second(s)

02-04-2025T11:53:57 - [MESSAGE][PASSED] - Delayed 3 second(s)

02-04-2025T11:53:57 - [TEST_STEP][PASSED] - tap(findTestObject("Object Repository/Repo/SignUpNewUser/android.view.View"), 0): Tapped on element 'Object Repository/Repo/SignUpNewUser/android.view.View'

02-04-2025T11:53:57 - [MESSAGE][WARNING] - Timeout '0' is invalid. Using default page load timeout: '30'

02-04-2025T11:53:57 - [MESSAGE][PASSED] - Tapped on element 'Object Repository/Repo/SignUpNewUser/android.view.View'

02-04-2025T11:53:57 - [TEST_STEP][PASSED] - delay(3): Delayed 3 second(s)

02-04-2025T11:54:00 - [MESSAGE][PASSED] - Delayed 3 second(s)

02-04-2025T11:54:00 - [TEST_STEP][PASSED] - tap(findTestObject("Object Repository/Repo/SignUpNewUser/android.widget.TextView - Your password must be between 8 and 20 characters and may not contain spaces"), 0): Tapped on element 'Object Repository/Repo/SignUpNewUser/android.widget.TextView - Your password must be between 8 and 20 characters and may not contain spaces'

02-04-2025T11:54:00 - [MESSAGE][WARNING] - Timeout '0' is invalid. Using default page load timeout: '30'

02-04-2025T11:54:01 - [MESSAGE][PASSED] - Tapped on element 'Object Repository/Repo/SignUpNewUser/android.widget.TextView - Your password must be between 8 and 20 characters and may not contain spaces'

02-04-2025T11:54:01 - [TEST_STEP][PASSED] - delay(3): Delayed 3 second(s)

02-04-2025T11:54:04 - [MESSAGE][PASSED] - Delayed 3 second(s)

02-04-2025T11:54:04 - [TEST_STEP][PASSED] - sendKeys(findTestObject("Object Repository/Repo/SignUpNewUser/android.widget.EditText - 1234567890123456789012"), "1234567890123456789012"): Send keys '1234567890123456789012' on test object 'Object Repository/Repo/SignUpNewUser/android.widget.EditText - 1234567890123456789012' successfully.

02-04-2025T11:54:04 - [MESSAGE][PASSED] - Send keys '1234567890123456789012' on test object 'Object Repository/Repo/SignUpNewUser/android.widget.EditText - 1234567890123456789012' successfully.

02-04-2025T11:54:04 - [TEST_STEP][PASSED] - delay(3): Delayed 3 second(s)

02-04-2025T11:54:07 - [MESSAGE][PASSED] - Delayed 3 second(s)

02-04-2025T11:54:07 - [TEST_STEP][PASSED] - tap(findTestObject("Object Repository/Repo/SignUpNewUser/android.widget.TextView - Your password must be between 8 and 20 characters and may not contain spaces"), 0): Tapped on element 'Object Repository/Repo/SignUpNewUser/android.widget.TextView - Your password must be between 8 and 20 characters and may not contain spaces'

02-04-2025T11:54:07 - [MESSAGE][WARNING] - Timeout '0' is invalid. Using default page load timeout: '30'

02-04-2025T11:54:08 - [MESSAGE][PASSED] - Tapped on element 'Object Repository/Repo/SignUpNewUser/android.widget.TextView - Your password must be between 8 and 20 characters and may not contain spaces'

02-04-2025T11:54:08 - [TEST_STEP][PASSED] - delay(3): Delayed 3 second(s)

02-04-2025T11:54:11 - [MESSAGE][PASSED] - Delayed 3 second(s)

02-04-2025T11:54:11 - [TEST_STEP][PASSED] - tap(findTestObject("Object Repository/Repo/SignUpNewUser/android.widget.TextView - Confirm Password"), 0): Tapped on element 'Object Repository/Repo/SignUpNewUser/android.widget.TextView - Confirm Password'

02-04-2025T11:54:11 - [MESSAGE][WARNING] - Timeout '0' is invalid. Using default page load timeout: '30'

02-04-2025T11:54:11 - [MESSAGE][PASSED] - Tapped on element 'Object Repository/Repo/SignUpNewUser/android.widget.TextView - Confirm Password'

02-04-2025T11:54:11 - [TEST_STEP][PASSED] - delay(3): Delayed 3 second(s)

02-04-2025T11:54:14 - [MESSAGE][PASSED] - Delayed 3 second(s)

02-04-2025T11:54:14 - [TEST_STEP][PASSED] - tap(findTestObject("Object Repository/Repo/SignUpNewUser/android.widget.Image"), 0): Tapped on element 'Object Repository/Repo/SignUpNewUser/android.widget.Image'

02-04-2025T11:54:14 - [MESSAGE][WARNING] - Timeout '0' is invalid. Using default page load timeout: '30'

02-04-2025T11:54:15 - [MESSAGE][PASSED] - Tapped on element 'Object Repository/Repo/SignUpNewUser/android.widget.Image'

02-04-2025T11:54:15 - [TEST_STEP][PASSED] - delay(3): Delayed 3 second(s)

02-04-2025T11:54:18 - [MESSAGE][PASSED] - Delayed 3 second(s)

02-04-2025T11:54:18 - [TEST_STEP][PASSED] - tap(findTestObject("Object Repository/Repo/SignUpNewUser/android.widget.Image"), 0): Tapped on element 'Object Repository/Repo/SignUpNewUser/android.widget.Image'

02-04-2025T11:54:18 - [MESSAGE][WARNING] - Timeout '0' is invalid. Using default page load timeout: '30'

02-04-2025T11:54:18 - [MESSAGE][PASSED] - Tapped on element 'Object Repository/Repo/SignUpNewUser/android.widget.Image'

02-04-2025T11:54:18 - [TEST_STEP][PASSED] - delay(3): Delayed 3 second(s)

02-04-2025T11:54:21 - [MESSAGE][PASSED] - Delayed 3 second(s)

02-04-2025T11:54:21 - [TEST_STEP][PASSED] - tap(findTestObject("Object Repository/Repo/SignUpNewUser/android.view.View (1)"), 0): Tapped on element 'Object Repository/Repo/SignUpNewUser/android.view.View (1)'

02-04-2025T11:54:21 - [MESSAGE][WARNING] - Timeout '0' is invalid. Using default page load timeout: '30'

02-04-2025T11:54:21 - [MESSAGE][PASSED] - Tapped on element 'Object Repository/Repo/SignUpNewUser/android.view.View (1)'

02-04-2025T11:54:21 - [TEST_STEP][PASSED] - delay(3): Delayed 3 second(s)

02-04-2025T11:54:25 - [MESSAGE][PASSED] - Delayed 3 second(s)

02-04-2025T11:54:25 - [TEST_STEP][PASSED] - sendKeys(findTestObject("Object Repository/Repo/SignUpNewUser/android.widget.EditText - 1234567890123456789012 (1)"), "1234567890123456789012"): Send keys '1234567890123456789012' on test object 'Object Repository/Repo/SignUpNewUser/android.widget.EditText - 1234567890123456789012 (1)' successfully.

02-04-2025T11:54:27 - [MESSAGE][PASSED] - Send keys '1234567890123456789012' on test object 'Object Repository/Repo/SignUpNewUser/android.widget.EditText - 1234567890123456789012 (1)' successfully.

02-04-2025T11:54:27 - [TEST_STEP][PASSED] - delay(3): Delayed 3 second(s)

02-04-2025T11:54:30 - [MESSAGE][PASSED] - Delayed 3 second(s)

02-04-2025T11:54:30 - [TEST_STEP][PASSED] - tap(findTestObject("Object Repository/Repo/SignUpNewUser/android.widget.TextView - Your password must be between 8 and 20 characters and may not contain spaces"), 0): Tapped on element 'Object Repository/Repo/SignUpNewUser/android.widget.TextView - Your password must be between 8 and 20 characters and may not contain spaces'

02-04-2025T11:54:30 - [MESSAGE][WARNING] - Timeout '0' is invalid. Using default page load timeout: '30'

02-04-2025T11:54:30 - [MESSAGE][PASSED] - Tapped on element 'Object Repository/Repo/SignUpNewUser/android.widget.TextView - Your password must be between 8 and 20 characters and may not contain spaces'

02-04-2025T11:54:30 - [TEST_STEP][PASSED] - delay(3): Delayed 3 second(s)

02-04-2025T11:54:33 - [MESSAGE][PASSED] - Delayed 3 second(s)

02-04-2025T11:54:33 - [TEST_STEP][PASSED] - tap(findTestObject("Object Repository/Repo/SignUpNewUser/android.widget.Image (1)"), 0): Tapped on element 'Object Repository/Repo/SignUpNewUser/android.widget.Image (1)'

02-04-2025T11:54:33 - [MESSAGE][WARNING] - Timeout '0' is invalid. Using default page load timeout: '30'

02-04-2025T11:54:34 - [MESSAGE][PASSED] - Tapped on element 'Object Repository/Repo/SignUpNewUser/android.widget.Image (1)'

02-04-2025T11:54:34 - [TEST_STEP][PASSED] - delay(3): Delayed 3 second(s)

02-04-2025T11:54:37 - [MESSAGE][PASSED] - Delayed 3 second(s)

02-04-2025T11:54:37 - [TEST_STEP][PASSED] - sendKeys(findTestObject("Object Repository/Repo/SignUpNewUser/android.widget.EditText - 1234567890123456789012 (2)"), "1234567890123456789012"): Send keys '1234567890123456789012' on test object 'Object Repository/Repo/SignUpNewUser/android.widget.EditText - 1234567890123456789012 (2)' successfully.

02-04-2025T11:54:37 - [MESSAGE][PASSED] - Send keys '1234567890123456789012' on test object 'Object Repository/Repo/SignUpNewUser/android.widget.EditText - 1234567890123456789012 (2)' successfully.

02-04-2025T11:54:37 - [TEST_STEP][PASSED] - delay(3): Delayed 3 second(s)

02-04-2025T11:54:40 - [MESSAGE][PASSED] - Delayed 3 second(s)

02-04-2025T11:54:40 - [TEST_STEP][PASSED] - tap(findTestObject("Object Repository/Repo/SignUpNewUser/android.widget.TextView - Your password must be between 8 and 20 characters and may not contain spaces"), 0): Tapped on element 'Object Repository/Repo/SignUpNewUser/android.widget.TextView - Your password must be between 8 and 20 characters and may not contain spaces'

02-04-2025T11:54:40 - [MESSAGE][WARNING] - Timeout '0' is invalid. Using default page load timeout: '30'

02-04-2025T11:54:40 - [MESSAGE][PASSED] - Tapped on element 'Object Repository/Repo/SignUpNewUser/android.widget.TextView - Your password must be between 8 and 20 characters and may not contain spaces'

02-04-2025T11:54:40 - [TEST_STEP][PASSED] - delay(3): Delayed 3 second(s)

02-04-2025T11:54:43 - [MESSAGE][PASSED] - Delayed 3 second(s)

02-04-2025T11:54:43 - [TEST_STEP][PASSED] - tap(findTestObject("Object Repository/Repo/SignUpNewUser/android.widget.TextView - Account Email Address"), 0): Tapped on element 'Object Repository/Repo/SignUpNewUser/android.widget.TextView - Account Email Address'

02-04-2025T11:54:43 - [MESSAGE][WARNING] - Timeout '0' is invalid. Using default page load timeout: '30'

02-04-2025T11:54:44 - [MESSAGE][PASSED] - Tapped on element 'Object Repository/Repo/SignUpNewUser/android.widget.TextView - Account Email Address'

02-04-2025T11:54:44 - [TEST_STEP][PASSED] - delay(3): Delayed 3 second(s)

02-04-2025T11:54:47 - [MESSAGE][PASSED] - Delayed 3 second(s)

02-04-2025T11:54:47 - [TEST_STEP][PASSED] - tap(findTestObject("Object Repository/Repo/SignUpNewUser/android.widget.TextView - Your password must be between 8 and 20 characters and may not contain spaces"), 0): Tapped on element 'Object Repository/Repo/SignUpNewUser/android.widget.TextView - Your password must be between 8 and 20 characters and may not contain spaces'

02-04-2025T11:54:47 - [MESSAGE][WARNING] - Timeout '0' is invalid. Using default page load timeout: '30'

02-04-2025T11:54:47 - [MESSAGE][PASSED] - Tapped on element 'Object Repository/Repo/SignUpNewUser/android.widget.TextView - Your password must be between 8 and 20 characters and may not contain spaces'

02-04-2025T11:54:47 - [TEST_STEP][PASSED] - delay(3): Delayed 3 second(s)

02-04-2025T11:54:50 - [MESSAGE][PASSED] - Delayed 3 second(s)

02-04-2025T11:54:50 - [TEST_STEP][PASSED] - tap(findTestObject("Object Repository/Repo/SignUpNewUser/android.widget.Image"), 0): Tapped on element 'Object Repository/Repo/SignUpNewUser/android.widget.Image'

02-04-2025T11:54:50 - [MESSAGE][WARNING] - Timeout '0' is invalid. Using default page load timeout: '30'

02-04-2025T11:54:51 - [MESSAGE][PASSED] - Tapped on element 'Object Repository/Repo/SignUpNewUser/android.widget.Image'

02-04-2025T11:54:51 - [TEST_STEP][PASSED] - delay(3): Delayed 3 second(s)

02-04-2025T11:54:54 - [MESSAGE][PASSED] - Delayed 3 second(s)

02-04-2025T11:54:54 - [TEST_STEP][PASSED] - sendKeys(findTestObject("Object Repository/Repo/SignUpNewUser/android.widget.EditText - 1234567890123456789012"), "1234567890123456789012"): Send keys '1234567890123456789012' on test object 'Object Repository/Repo/SignUpNewUser/android.widget.EditText - 1234567890123456789012' successfully.

02-04-2025T11:54:54 - [MESSAGE][PASSED] - Send keys '1234567890123456789012' on test object 'Object Repository/Repo/SignUpNewUser/android.widget.EditText - 1234567890123456789012' successfully.

02-04-2025T11:54:54 - [TEST_STEP][PASSED] - delay(3): Delayed 3 second(s)

02-04-2025T11:54:57 - [MESSAGE][PASSED] - Delayed 3 second(s)

02-04-2025T11:54:57 - [TEST_STEP][PASSED] - tap(findTestObject("Object Repository/Repo/SignUpNewUser/android.widget.TextView - Your password must be between 8 and 20 characters and may not contain spaces"), 0): Tapped on element 'Object Repository/Repo/SignUpNewUser/android.widget.TextView - Your password must be between 8 and 20 characters and may not contain spaces'

02-04-2025T11:54:57 - [MESSAGE][WARNING] - Timeout '0' is invalid. Using default page load timeout: '30'

02-04-2025T11:54:57 - [MESSAGE][PASSED] - Tapped on element 'Object Repository/Repo/SignUpNewUser/android.widget.TextView - Your password must be between 8 and 20 characters and may not contain spaces'

02-04-2025T11:54:57 - [TEST_STEP][PASSED] - delay(3): Delayed 3 second(s)

02-04-2025T11:55:00 - [MESSAGE][PASSED] - Delayed 3 second(s)

02-04-2025T11:55:00 - [TEST_STEP][PASSED] - tap(findTestObject("Object Repository/Repo/SignUpNewUser/android.widget.TextView - Confirm Password"), 0): Tapped on element 'Object Repository/Repo/SignUpNewUser/android.widget.TextView - Confirm Password'

02-04-2025T11:55:00 - [MESSAGE][WARNING] - Timeout '0' is invalid. Using default page load timeout: '30'

02-04-2025T11:55:01 - [MESSAGE][PASSED] - Tapped on element 'Object Repository/Repo/SignUpNewUser/android.widget.TextView - Confirm Password'

02-04-2025T11:55:01 - [TEST_STEP][PASSED] - delay(3): Delayed 3 second(s)

02-04-2025T11:55:04 - [MESSAGE][PASSED] - Delayed 3 second(s)

02-04-2025T11:55:04 - [TEST_STEP][PASSED] - tap(findTestObject("Object Repository/Repo/SignUpNewUser/android.widget.EditText - 1234567890123456789012 (1)"), 0): Tapped on element 'Object Repository/Repo/SignUpNewUser/android.widget.EditText - 1234567890123456789012 (1)'

02-04-2025T11:55:04 - [MESSAGE][WARNING] - Timeout '0' is invalid. Using default page load timeout: '30'

02-04-2025T11:55:04 - [MESSAGE][PASSED] - Tapped on element 'Object Repository/Repo/SignUpNewUser/android.widget.EditText - 1234567890123456789012 (1)'

02-04-2025T11:55:04 - [TEST_STEP][PASSED] - delay(3): Delayed 3 second(s)

02-04-2025T11:55:07 - [MESSAGE][PASSED] - Delayed 3 second(s)

02-04-2025T11:55:07 - [TEST_STEP][PASSED] - verifyElementExist(findTestObject("Object Repository/Repo/SignUpNewUser/android.widget.TextView -  Password does not meet security requirements"), 0): Element 'Object Repository/Repo/SignUpNewUser/android.widget.TextView -  Password does not meet security requirements' is exist

02-04-2025T11:55:07 - [MESSAGE][WARNING] - Timeout '0' is invalid. Using default page load timeout: '30'

02-04-2025T11:55:07 - [MESSAGE][PASSED] - Element 'Object Repository/Repo/SignUpNewUser/android.widget.TextView -  Password does not meet security requirements' is exist

02-04-2025T11:55:07 - [TEST_STEP][PASSED] - delay(3): Delayed 3 second(s)

02-04-2025T11:55:10 - [MESSAGE][PASSED] - Delayed 3 second(s)

02-04-2025T11:55:10 - [TEST_STEP][PASSED] - tap(findTestObject("Object Repository/Repo/SignUpNewUser/android.widget.Button - back"), 0): Tapped on element 'Object Repository/Repo/SignUpNewUser/android.widget.Button - back'

02-04-2025T11:55:11 - [MESSAGE][WARNING] - Timeout '0' is invalid. Using default page load timeout: '30'

02-04-2025T11:55:11 - [MESSAGE][PASSED] - Tapped on element 'Object Repository/Repo/SignUpNewUser/android.widget.Button - back'

02-04-2025T11:55:11 - [TEST_STEP][PASSED] - delay(3): Delayed 3 second(s)

02-04-2025T11:55:14 - [MESSAGE][PASSED] - Delayed 3 second(s)

02-04-2025T11:55:14 - [TEST_STEP][PASSED] - setText(findTestObject("Object Repository/Repo/SignUpNewUser/android.widget.EditText (1)"), "Sara@yopmail.com", 0): Text 'Sara@yopmail.com' has been set to element 'Object Repository/Repo/SignUpNewUser/android.widget.EditText (1)'

02-04-2025T11:55:14 - [MESSAGE][WARNING] - Timeout '0' is invalid. Using default page load timeout: '30'

02-04-2025T11:55:14 - [MESSAGE][PASSED] - Text 'Sara@yopmail.com' has been set to element 'Object Repository/Repo/SignUpNewUser/android.widget.EditText (1)'

02-04-2025T11:55:14 - [TEST_STEP][PASSED] - delay(3): Delayed 3 second(s)

02-04-2025T11:55:17 - [MESSAGE][PASSED] - Delayed 3 second(s)

02-04-2025T11:55:17 - [TEST_STEP][PASSED] - tap(findTestObject("Object Repository/Repo/SignUpNewUser/android.widget.Button - Next (1)"), 0): Tapped on element 'Object Repository/Repo/SignUpNewUser/android.widget.Button - Next (1)'

02-04-2025T11:55:17 - [MESSAGE][WARNING] - Timeout '0' is invalid. Using default page load timeout: '30'

02-04-2025T11:55:18 - [MESSAGE][PASSED] - Tapped on element 'Object Repository/Repo/SignUpNewUser/android.widget.Button - Next (1)'

02-04-2025T11:55:18 - [TEST_STEP][PASSED] - delay(3): Delayed 3 second(s)

02-04-2025T11:55:21 - [MESSAGE][PASSED] - Delayed 3 second(s)

02-04-2025T11:55:21 - [TEST_STEP][PASSED] - setText(findTestObject("Object Repository/Repo/SignUpNewUser/android.widget.EditText (10)"), "AlexanderMaximilianChristopherNathanielJonathanMontgomeryWilliams", 0): Text 'AlexanderMaximilianChristopherNathanielJonathanMontgomeryWilliams' has been set to element 'Object Repository/Repo/SignUpNewUser/android.widget.EditText (10)'

02-04-2025T11:55:21 - [MESSAGE][WARNING] - Timeout '0' is invalid. Using default page load timeout: '30'

02-04-2025T11:55:21 - [MESSAGE][PASSED] - Text 'AlexanderMaximilianChristopherNathanielJonathanMontgomeryWilliams' has been set to element 'Object Repository/Repo/SignUpNewUser/android.widget.EditText (10)'

02-04-2025T11:55:21 - [TEST_STEP][PASSED] - delay(3): Delayed 3 second(s)

02-04-2025T11:55:24 - [MESSAGE][PASSED] - Delayed 3 second(s)

02-04-2025T11:55:24 - [TEST_STEP][PASSED] - setText(findTestObject("Object Repository/Repo/SignUpNewUser/android.widget.EditText (11)"), "AlexanderMaximilianChristopherNathanielJonathanMontgomeryWilliams", 0): Text 'AlexanderMaximilianChristopherNathanielJonathanMontgomeryWilliams' has been set to element 'Object Repository/Repo/SignUpNewUser/android.widget.EditText (11)'

02-04-2025T11:55:24 - [MESSAGE][WARNING] - Timeout '0' is invalid. Using default page load timeout: '30'

02-04-2025T11:55:27 - [MESSAGE][PASSED] - Text 'AlexanderMaximilianChristopherNathanielJonathanMontgomeryWilliams' has been set to element 'Object Repository/Repo/SignUpNewUser/android.widget.EditText (11)'

02-04-2025T11:55:27 - [TEST_STEP][PASSED] - delay(3): Delayed 3 second(s)

02-04-2025T11:55:30 - [MESSAGE][PASSED] - Delayed 3 second(s)

02-04-2025T11:55:30 - [TEST_STEP][PASSED] - tap(findTestObject("Object Repository/Repo/SignUpNewUser/android.widget.Button - Next (2)"), 0): Tapped on element 'Object Repository/Repo/SignUpNewUser/android.widget.Button - Next (2)'

02-04-2025T11:55:30 - [MESSAGE][WARNING] - Timeout '0' is invalid. Using default page load timeout: '30'

02-04-2025T11:55:30 - [MESSAGE][PASSED] - Tapped on element 'Object Repository/Repo/SignUpNewUser/android.widget.Button - Next (2)'

02-04-2025T11:55:30 - [TEST_STEP][PASSED] - delay(3): Delayed 3 second(s)

02-04-2025T11:55:33 - [MESSAGE][PASSED] - Delayed 3 second(s)

02-04-2025T11:55:33 - [TEST_STEP][PASSED] - verifyElementExist(findTestObject("Object Repository/Repo/SignUpNewUser/android.widget.TextView -  First name must be 50 characters or less"), 0): Element 'Object Repository/Repo/SignUpNewUser/android.widget.TextView -  First name must be 50 characters or less' is exist

02-04-2025T11:55:33 - [MESSAGE][WARNING] - Timeout '0' is invalid. Using default page load timeout: '30'

02-04-2025T11:55:33 - [MESSAGE][PASSED] - Element 'Object Repository/Repo/SignUpNewUser/android.widget.TextView -  First name must be 50 characters or less' is exist

02-04-2025T11:55:33 - [TEST_STEP][PASSED] - delay(3): Delayed 3 second(s)

02-04-2025T11:55:36 - [MESSAGE][PASSED] - Delayed 3 second(s)

02-04-2025T11:55:36 - [TEST_STEP][PASSED] - verifyElementExist(findTestObject("Object Repository/Repo/SignUpNewUser/android.widget.TextView -  Last name must be 50 characters or less"), 0): Element 'Object Repository/Repo/SignUpNewUser/android.widget.TextView -  Last name must be 50 characters or less' is exist

02-04-2025T11:55:36 - [MESSAGE][WARNING] - Timeout '0' is invalid. Using default page load timeout: '30'

02-04-2025T11:55:37 - [MESSAGE][PASSED] - Element 'Object Repository/Repo/SignUpNewUser/android.widget.TextView -  Last name must be 50 characters or less' is exist

02-04-2025T11:55:37 - [TEST_STEP][PASSED] - delay(3): Delayed 3 second(s)

02-04-2025T11:55:40 - [MESSAGE][PASSED] - Delayed 3 second(s)

02-04-2025T11:55:40 - [TEST_STEP][PASSED] - tap(findTestObject("Object Repository/Repo/SignUpNewUser/android.widget.Button - back"), 0): Tapped on element 'Object Repository/Repo/SignUpNewUser/android.widget.Button - back'

02-04-2025T11:55:40 - [MESSAGE][WARNING] - Timeout '0' is invalid. Using default page load timeout: '30'

02-04-2025T11:55:40 - [MESSAGE][PASSED] - Tapped on element 'Object Repository/Repo/SignUpNewUser/android.widget.Button - back'

02-04-2025T11:55:40 - [TEST_STEP][PASSED] - delay(3): Delayed 3 second(s)

02-04-2025T11:55:43 - [MESSAGE][PASSED] - Delayed 3 second(s)

02-04-2025T11:55:43 - [TEST_STEP][PASSED] - setText(findTestObject("Object Repository/Repo/SignUpNewUser/android.widget.EditText (1)"), "Sara@yopmail.com", 0): Text 'Sara@yopmail.com' has been set to element 'Object Repository/Repo/SignUpNewUser/android.widget.EditText (1)'

02-04-2025T11:55:43 - [MESSAGE][WARNING] - Timeout '0' is invalid. Using default page load timeout: '30'

02-04-2025T11:55:43 - [MESSAGE][PASSED] - Text 'Sara@yopmail.com' has been set to element 'Object Repository/Repo/SignUpNewUser/android.widget.EditText (1)'

02-04-2025T11:55:43 - [TEST_STEP][PASSED] - delay(3): Delayed 3 second(s)

02-04-2025T11:55:46 - [MESSAGE][PASSED] - Delayed 3 second(s)

02-04-2025T11:55:46 - [TEST_STEP][PASSED] - tap(findTestObject("Object Repository/Repo/SignUpNewUser/android.widget.Button - Next (1)"), 0): Tapped on element 'Object Repository/Repo/SignUpNewUser/android.widget.Button - Next (1)'

02-04-2025T11:55:46 - [MESSAGE][WARNING] - Timeout '0' is invalid. Using default page load timeout: '30'

02-04-2025T11:55:47 - [MESSAGE][PASSED] - Tapped on element 'Object Repository/Repo/SignUpNewUser/android.widget.Button - Next (1)'

02-04-2025T11:55:47 - [TEST_STEP][PASSED] - delay(3): Delayed 3 second(s)

02-04-2025T11:55:50 - [MESSAGE][PASSED] - Delayed 3 second(s)

02-04-2025T11:55:50 - [TEST_STEP][PASSED] - setText(findTestObject("Object Repository/Repo/SignUpNewUser/android.widget.EditText (12)"), "john", 0): Text 'john' has been set to element 'Object Repository/Repo/SignUpNewUser/android.widget.EditText (12)'

02-04-2025T11:55:50 - [MESSAGE][WARNING] - Timeout '0' is invalid. Using default page load timeout: '30'

02-04-2025T11:55:51 - [MESSAGE][PASSED] - Text 'john' has been set to element 'Object Repository/Repo/SignUpNewUser/android.widget.EditText (12)'

02-04-2025T11:55:51 - [TEST_STEP][PASSED] - delay(3): Delayed 3 second(s)

02-04-2025T11:55:54 - [MESSAGE][PASSED] - Delayed 3 second(s)

02-04-2025T11:55:54 - [TEST_STEP][PASSED] - setText(findTestObject("Object Repository/Repo/SignUpNewUser/android.widget.EditText (13)"), "password", 0): Text 'password' has been set to element 'Object Repository/Repo/SignUpNewUser/android.widget.EditText (13)'

02-04-2025T11:55:54 - [MESSAGE][WARNING] - Timeout '0' is invalid. Using default page load timeout: '30'

02-04-2025T11:55:57 - [MESSAGE][PASSED] - Text 'password' has been set to element 'Object Repository/Repo/SignUpNewUser/android.widget.EditText (13)'

02-04-2025T11:55:57 - [TEST_STEP][PASSED] - delay(3): Delayed 3 second(s)

02-04-2025T11:56:00 - [MESSAGE][PASSED] - Delayed 3 second(s)

02-04-2025T11:56:00 - [TEST_STEP][PASSED] - sendKeys(findTestObject("Object Repository/Repo/SignUpNewUser/android.widget.EditText (14)"), "password"): Send keys 'password' on test object 'Object Repository/Repo/SignUpNewUser/android.widget.EditText (14)' successfully.

02-04-2025T11:56:00 - [MESSAGE][PASSED] - Send keys 'password' on test object 'Object Repository/Repo/SignUpNewUser/android.widget.EditText (14)' successfully.

02-04-2025T11:56:00 - [TEST_STEP][PASSED] - delay(3): Delayed 3 second(s)

02-04-2025T11:56:03 - [MESSAGE][PASSED] - Delayed 3 second(s)

02-04-2025T11:56:03 - [TEST_STEP][PASSED] - tap(findTestObject("Object Repository/Repo/SignUpNewUser/android.widget.Button - Next (2)"), 0): Tapped on element 'Object Repository/Repo/SignUpNewUser/android.widget.Button - Next (2)'

02-04-2025T11:56:03 - [MESSAGE][WARNING] - Timeout '0' is invalid. Using default page load timeout: '30'

02-04-2025T11:56:04 - [MESSAGE][PASSED] - Tapped on element 'Object Repository/Repo/SignUpNewUser/android.widget.Button - Next (2)'

02-04-2025T11:56:04 - [TEST_STEP][PASSED] - delay(3): Delayed 3 second(s)

02-04-2025T11:56:07 - [MESSAGE][PASSED] - Delayed 3 second(s)

02-04-2025T11:56:07 - [TEST_STEP][PASSED] - tap(findTestObject("Object Repository/Repo/SignUpNewUser/android.widget.Button - back"), 0): Tapped on element 'Object Repository/Repo/SignUpNewUser/android.widget.Button - back'

02-04-2025T11:56:07 - [MESSAGE][WARNING] - Timeout '0' is invalid. Using default page load timeout: '30'

02-04-2025T11:56:07 - [MESSAGE][PASSED] - Tapped on element 'Object Repository/Repo/SignUpNewUser/android.widget.Button - back'

02-04-2025T11:56:07 - [TEST_STEP][PASSED] - delay(3): Delayed 3 second(s)

02-04-2025T11:56:10 - [MESSAGE][PASSED] - Delayed 3 second(s)

02-04-2025T11:56:10 - [TEST_STEP][PASSED] - setText(findTestObject("Object Repository/Repo/SignUpNewUser/android.widget.EditText (1)"), "Sara@yopmail.com", 0): Text 'Sara@yopmail.com' has been set to element 'Object Repository/Repo/SignUpNewUser/android.widget.EditText (1)'

02-04-2025T11:56:10 - [MESSAGE][WARNING] - Timeout '0' is invalid. Using default page load timeout: '30'

02-04-2025T11:56:10 - [MESSAGE][PASSED] - Text 'Sara@yopmail.com' has been set to element 'Object Repository/Repo/SignUpNewUser/android.widget.EditText (1)'

02-04-2025T11:56:10 - [TEST_STEP][PASSED] - delay(3): Delayed 3 second(s)

02-04-2025T11:56:13 - [MESSAGE][PASSED] - Delayed 3 second(s)

02-04-2025T11:56:13 - [TEST_STEP][PASSED] - tap(findTestObject("Object Repository/Repo/SignUpNewUser/android.widget.Button - Next (1)"), 0): Tapped on element 'Object Repository/Repo/SignUpNewUser/android.widget.Button - Next (1)'

02-04-2025T11:56:13 - [MESSAGE][WARNING] - Timeout '0' is invalid. Using default page load timeout: '30'

02-04-2025T11:56:14 - [MESSAGE][PASSED] - Tapped on element 'Object Repository/Repo/SignUpNewUser/android.widget.Button - Next (1)'

02-04-2025T11:56:14 - [TEST_STEP][PASSED] - delay(3): Delayed 3 second(s)

02-04-2025T11:56:17 - [MESSAGE][PASSED] - Delayed 3 second(s)

02-04-2025T11:56:17 - [TEST_STEP][PASSED] - setText(findTestObject("Object Repository/Repo/SignUpNewUser/android.widget.EditText (15)"), "john", 0): Text 'john' has been set to element 'Object Repository/Repo/SignUpNewUser/android.widget.EditText (15)'

02-04-2025T11:56:17 - [MESSAGE][WARNING] - Timeout '0' is invalid. Using default page load timeout: '30'

02-04-2025T11:56:18 - [MESSAGE][PASSED] - Text 'john' has been set to element 'Object Repository/Repo/SignUpNewUser/android.widget.EditText (15)'

02-04-2025T11:56:18 - [TEST_STEP][PASSED] - delay(3): Delayed 3 second(s)

02-04-2025T11:56:21 - [MESSAGE][PASSED] - Delayed 3 second(s)

02-04-2025T11:56:21 - [TEST_STEP][PASSED] - hideKeyboard(): Keyboard is hidden

02-04-2025T11:56:21 - [MESSAGE][PASSED] - Keyboard is hidden

02-04-2025T11:56:21 - [TEST_STEP][PASSED] - delay(3): Delayed 3 second(s)

02-04-2025T11:56:24 - [MESSAGE][PASSED] - Delayed 3 second(s)

02-04-2025T11:56:24 - [TEST_STEP][PASSED] - setText(findTestObject("Object Repository/Repo/SignUpNewUser/android.widget.EditText (16)"), "smith", 0): Text 'smith' has been set to element 'Object Repository/Repo/SignUpNewUser/android.widget.EditText (16)'

02-04-2025T11:56:24 - [MESSAGE][WARNING] - Timeout '0' is invalid. Using default page load timeout: '30'

02-04-2025T11:56:25 - [MESSAGE][PASSED] - Text 'smith' has been set to element 'Object Repository/Repo/SignUpNewUser/android.widget.EditText (16)'

02-04-2025T11:56:25 - [TEST_STEP][PASSED] - delay(3): Delayed 3 second(s)

02-04-2025T11:56:28 - [MESSAGE][PASSED] - Delayed 3 second(s)

02-04-2025T11:56:28 - [TEST_STEP][PASSED] - hideKeyboard(): Keyboard is hidden

02-04-2025T11:56:29 - [MESSAGE][PASSED] - Keyboard is hidden

02-04-2025T11:56:29 - [TEST_STEP][PASSED] - delay(3): Delayed 3 second(s)

02-04-2025T11:56:32 - [MESSAGE][PASSED] - Delayed 3 second(s)

02-04-2025T11:56:32 - [TEST_STEP][PASSED] - setText(findTestObject("Object Repository/Repo/SignUpNewUser/android.widget.EditText (17)"), "password", 0): Text 'password' has been set to element 'Object Repository/Repo/SignUpNewUser/android.widget.EditText (17)'

02-04-2025T11:56:32 - [MESSAGE][WARNING] - Timeout '0' is invalid. Using default page load timeout: '30'

02-04-2025T11:56:33 - [MESSAGE][PASSED] - Text 'password' has been set to element 'Object Repository/Repo/SignUpNewUser/android.widget.EditText (17)'

02-04-2025T11:56:33 - [TEST_STEP][PASSED] - delay(3): Delayed 3 second(s)

02-04-2025T11:56:36 - [MESSAGE][PASSED] - Delayed 3 second(s)

02-04-2025T11:56:36 - [TEST_STEP][PASSED] - sendKeys(findTestObject("Object Repository/Repo/SignUpNewUser/android.widget.EditText (18)"), "password1"): Send keys 'password1' on test object 'Object Repository/Repo/SignUpNewUser/android.widget.EditText (18)' successfully.

02-04-2025T11:56:36 - [MESSAGE][PASSED] - Send keys 'password1' on test object 'Object Repository/Repo/SignUpNewUser/android.widget.EditText (18)' successfully.

02-04-2025T11:56:36 - [TEST_STEP][PASSED] - delay(3): Delayed 3 second(s)

02-04-2025T11:56:39 - [MESSAGE][PASSED] - Delayed 3 second(s)

02-04-2025T11:56:39 - [TEST_STEP][PASSED] - tap(findTestObject("Object Repository/Repo/SignUpNewUser/android.widget.Button - Next (2)"), 0): Tapped on element 'Object Repository/Repo/SignUpNewUser/android.widget.Button - Next (2)'

02-04-2025T11:56:39 - [MESSAGE][WARNING] - Timeout '0' is invalid. Using default page load timeout: '30'

02-04-2025T11:56:40 - [MESSAGE][PASSED] - Tapped on element 'Object Repository/Repo/SignUpNewUser/android.widget.Button - Next (2)'

02-04-2025T11:56:40 - [TEST_STEP][PASSED] - delay(3): Delayed 3 second(s)

02-04-2025T11:56:43 - [MESSAGE][PASSED] - Delayed 3 second(s)

02-04-2025T11:56:43 - [TEST_STEP][PASSED] - verifyElementExist(findTestObject("Object Repository/Repo/SignUpNewUser/android.widget.TextView -  Passwords must match"), 0): Element 'Object Repository/Repo/SignUpNewUser/android.widget.TextView -  Passwords must match' is exist

02-04-2025T11:56:43 - [MESSAGE][WARNING] - Timeout '0' is invalid. Using default page load timeout: '30'

02-04-2025T11:56:43 - [MESSAGE][PASSED] - Element 'Object Repository/Repo/SignUpNewUser/android.widget.TextView -  Passwords must match' is exist

02-04-2025T11:56:43 - [TEST_STEP][PASSED] - delay(3): Delayed 3 second(s)

02-04-2025T11:56:46 - [MESSAGE][PASSED] - Delayed 3 second(s)

02-04-2025T11:56:46 - [TEST_STEP][PASSED] - tap(findTestObject("Object Repository/Repo/SignUpNewUser/android.widget.Button - back"), 0): Tapped on element 'Object Repository/Repo/SignUpNewUser/android.widget.Button - back'

02-04-2025T11:56:46 - [MESSAGE][WARNING] - Timeout '0' is invalid. Using default page load timeout: '30'

02-04-2025T11:56:46 - [MESSAGE][PASSED] - Tapped on element 'Object Repository/Repo/SignUpNewUser/android.widget.Button - back'

02-04-2025T11:56:46 - [TEST_STEP][PASSED] - delay(3): Delayed 3 second(s)

02-04-2025T11:56:49 - [MESSAGE][PASSED] - Delayed 3 second(s)

02-04-2025T11:56:49 - [TEST_STEP][PASSED] - setText(findTestObject("Object Repository/Repo/SignUpNewUser/android.widget.EditText (1)"), "Sara@yopmail.com", 0): Text 'Sara@yopmail.com' has been set to element 'Object Repository/Repo/SignUpNewUser/android.widget.EditText (1)'

02-04-2025T11:56:49 - [MESSAGE][WARNING] - Timeout '0' is invalid. Using default page load timeout: '30'

02-04-2025T11:56:49 - [MESSAGE][PASSED] - Text 'Sara@yopmail.com' has been set to element 'Object Repository/Repo/SignUpNewUser/android.widget.EditText (1)'

02-04-2025T11:56:49 - [TEST_STEP][PASSED] - delay(3): Delayed 3 second(s)

02-04-2025T11:56:52 - [MESSAGE][PASSED] - Delayed 3 second(s)

02-04-2025T11:56:52 - [TEST_STEP][PASSED] - tap(findTestObject("Object Repository/Repo/SignUpNewUser/android.widget.Button - Next (1)"), 0): Tapped on element 'Object Repository/Repo/SignUpNewUser/android.widget.Button - Next (1)'

02-04-2025T11:56:52 - [MESSAGE][WARNING] - Timeout '0' is invalid. Using default page load timeout: '30'

02-04-2025T11:56:53 - [MESSAGE][PASSED] - Tapped on element 'Object Repository/Repo/SignUpNewUser/android.widget.Button - Next (1)'

02-04-2025T11:56:53 - [TEST_STEP][PASSED] - delay(3): Delayed 3 second(s)

02-04-2025T11:56:56 - [MESSAGE][PASSED] - Delayed 3 second(s)

02-04-2025T11:56:56 - [TEST_STEP][PASSED] - setText(findTestObject("Object Repository/Repo/SignUpNewUser/android.widget.EditText (20)"), "smith", 0): Text 'smith' has been set to element 'Object Repository/Repo/SignUpNewUser/android.widget.EditText (20)'

02-04-2025T11:56:56 - [MESSAGE][WARNING] - Timeout '0' is invalid. Using default page load timeout: '30'

02-04-2025T11:56:57 - [MESSAGE][PASSED] - Text 'smith' has been set to element 'Object Repository/Repo/SignUpNewUser/android.widget.EditText (20)'

02-04-2025T11:56:57 - [TEST_STEP][PASSED] - delay(3): Delayed 3 second(s)

02-04-2025T11:57:00 - [MESSAGE][PASSED] - Delayed 3 second(s)

02-04-2025T11:57:00 - [TEST_STEP][PASSED] - setText(findTestObject("Object Repository/Repo/SignUpNewUser/android.widget.EditText - smith"), "john", 0): Text 'john' has been set to element 'Object Repository/Repo/SignUpNewUser/android.widget.EditText - smith'

02-04-2025T11:57:00 - [MESSAGE][WARNING] - Timeout '0' is invalid. Using default page load timeout: '30'

02-04-2025T11:57:02 - [MESSAGE][PASSED] - Text 'john' has been set to element 'Object Repository/Repo/SignUpNewUser/android.widget.EditText - smith'

02-04-2025T11:57:02 - [TEST_STEP][PASSED] - delay(3): Delayed 3 second(s)

02-04-2025T11:57:05 - [MESSAGE][PASSED] - Delayed 3 second(s)

02-04-2025T11:57:05 - [TEST_STEP][PASSED] - sendKeys(findTestObject("Object Repository/Repo/SignUpNewUser/android.widget.EditText (21)"), "password"): Send keys 'password' on test object 'Object Repository/Repo/SignUpNewUser/android.widget.EditText (21)' successfully.

02-04-2025T11:57:05 - [MESSAGE][PASSED] - Send keys 'password' on test object 'Object Repository/Repo/SignUpNewUser/android.widget.EditText (21)' successfully.

02-04-2025T11:57:05 - [TEST_STEP][PASSED] - delay(3): Delayed 3 second(s)

02-04-2025T11:57:08 - [MESSAGE][PASSED] - Delayed 3 second(s)

02-04-2025T11:57:08 - [TEST_STEP][PASSED] - sendKeys(findTestObject("Object Repository/Repo/SignUpNewUser/android.widget.EditText (22)"), "password"): Send keys 'password' on test object 'Object Repository/Repo/SignUpNewUser/android.widget.EditText (22)' successfully.

02-04-2025T11:57:08 - [MESSAGE][PASSED] - Send keys 'password' on test object 'Object Repository/Repo/SignUpNewUser/android.widget.EditText (22)' successfully.

02-04-2025T11:57:08 - [TEST_STEP][PASSED] - delay(3): Delayed 3 second(s)

02-04-2025T11:57:11 - [MESSAGE][PASSED] - Delayed 3 second(s)

02-04-2025T11:57:11 - [TEST_STEP][PASSED] - tap(findTestObject("Object Repository/Repo/SignUpNewUser/android.widget.Button - Next (3)"), 0): Tapped on element 'Object Repository/Repo/SignUpNewUser/android.widget.Button - Next (3)'

02-04-2025T11:57:11 - [MESSAGE][WARNING] - Timeout '0' is invalid. Using default page load timeout: '30'

02-04-2025T11:57:11 - [MESSAGE][PASSED] - Tapped on element 'Object Repository/Repo/SignUpNewUser/android.widget.Button - Next (3)'

02-04-2025T11:57:11 - [TEST_STEP][PASSED] - delay(3): Delayed 3 second(s)

02-04-2025T11:57:14 - [MESSAGE][PASSED] - Delayed 3 second(s)

02-04-2025T11:57:14 - [TEST_STEP][PASSED] - verifyElementExist(findTestObject("Object Repository/Repo/SignUpNewUser/android.widget.TextView - Terms and Conditions"), 0): Element 'Object Repository/Repo/SignUpNewUser/android.widget.TextView - Terms and Conditions' is exist

02-04-2025T11:57:14 - [MESSAGE][WARNING] - Timeout '0' is invalid. Using default page load timeout: '30'

02-04-2025T11:57:15 - [MESSAGE][PASSED] - Element 'Object Repository/Repo/SignUpNewUser/android.widget.TextView - Terms and Conditions' is exist

02-04-2025T11:57:15 - [TEST_STEP][PASSED] - delay(3): Delayed 3 second(s)

02-04-2025T11:57:18 - [MESSAGE][PASSED] - Delayed 3 second(s)

02-04-2025T11:57:18 - [TEST_STEP][PASSED] - closeApplication(): Close app successfully

02-04-2025T11:57:21 - [MESSAGE][PASSED] - Close app successfully

02-04-2025T11:57:21 - [TEST_STEP][PASSED] - delay(3): Delayed 3 second(s)

02-04-2025T11:57:24 - [MESSAGE][PASSED] - Delayed 3 second(s)]]></system-out>
         <system-err><![CDATA[]]></system-err>
      </testcase>
      <testcase name="Test Cases/Sign Up New UserPage/C699_SignUpNewUserPage" time="366.673" classname="Test Cases/Sign Up New UserPage/C699_SignUpNewUserPage" status="PASSED">
         <system-out><![CDATA[02-04-2025T12:03:51 - [TEST_CASE][PASSED] - Test Cases/Sign Up New UserPage/C699_SignUpNewUserPage: Test Cases/Sign Up New UserPage/C699_SignUpNewUserPage

02-04-2025T12:03:51 - [TEST_STEP][PASSED] - testData = findTestData("Data Files/LogiNewUser"): null

02-04-2025T12:03:51 - [TEST_STEP][PASSED] - email = testData.getValue("email", 1): null

02-04-2025T12:03:51 - [TEST_STEP][PASSED] - firstName = testData.getValue("firstname", 1): null

02-04-2025T12:03:51 - [TEST_STEP][PASSED] - lastName = testData.getValue("lastname", 1): null

02-04-2025T12:03:51 - [TEST_STEP][PASSED] - password = testData.getValue("password", 1): null

02-04-2025T12:03:51 - [TEST_STEP][PASSED] - confirmPassword = testData.getValue("confirm password", 1): null

02-04-2025T12:03:51 - [TEST_STEP][PASSED] - startApplication(appUrl, true): Started application: '/Users/gv.vignesh/Downloads/WGR-Android-Automation/App Folder/universal.apk'

02-04-2025T12:03:51 - [MESSAGE][INFO] - Starting application: '/Users/gv.vignesh/Downloads/WGR-Android-Automation/App Folder/universal.apk'

02-04-2025T12:03:51 - [MESSAGE][INFO] - User set preference: ['deviceId', '']

02-04-2025T12:04:33 - [MESSAGE][PASSED] - Started application: '/Users/gv.vignesh/Downloads/WGR-Android-Automation/App Folder/universal.apk'

02-04-2025T12:04:33 - [TEST_STEP][PASSED] - delay(10): Delayed 10 second(s)

02-04-2025T12:04:43 - [MESSAGE][PASSED] - Delayed 10 second(s)

02-04-2025T12:04:43 - [TEST_STEP][PASSED] - tap(findTestObject("Object Repository/Repo/android.widget.Button - Login or Sign Up"), 0): Tapped on element 'Object Repository/Repo/android.widget.Button - Login or Sign Up'

02-04-2025T12:04:43 - [MESSAGE][WARNING] - Timeout '0' is invalid. Using default page load timeout: '30'

02-04-2025T12:04:44 - [MESSAGE][PASSED] - Tapped on element 'Object Repository/Repo/android.widget.Button - Login or Sign Up'

02-04-2025T12:04:44 - [TEST_STEP][PASSED] - delay(10): Delayed 10 second(s)

02-04-2025T12:04:54 - [MESSAGE][PASSED] - Delayed 10 second(s)

02-04-2025T12:04:54 - [TEST_STEP][PASSED] - setText(findTestObject("Object Repository/Repo/android.widget.EditText-LoginorSignUp"), email, 0): Text 'Robinson@yopmail.com' has been set to element 'Object Repository/Repo/android.widget.EditText-LoginorSignUp'

02-04-2025T12:04:54 - [MESSAGE][WARNING] - Timeout '0' is invalid. Using default page load timeout: '30'

02-04-2025T12:04:54 - [MESSAGE][PASSED] - Text 'Robinson@yopmail.com' has been set to element 'Object Repository/Repo/android.widget.EditText-LoginorSignUp'

02-04-2025T12:04:54 - [TEST_STEP][PASSED] - hideKeyboard(): Keyboard is hidden

02-04-2025T12:04:55 - [MESSAGE][PASSED] - Keyboard is hidden

02-04-2025T12:04:55 - [TEST_STEP][PASSED] - delay(10): Delayed 10 second(s)

02-04-2025T12:05:05 - [MESSAGE][PASSED] - Delayed 10 second(s)

02-04-2025T12:05:05 - [TEST_STEP][PASSED] - tap(findTestObject("Object Repository/Repo/android.widget.Button - Next"), 0): Tapped on element 'Object Repository/Repo/android.widget.Button - Next'

02-04-2025T12:05:05 - [MESSAGE][WARNING] - Timeout '0' is invalid. Using default page load timeout: '30'

02-04-2025T12:05:06 - [MESSAGE][PASSED] - Tapped on element 'Object Repository/Repo/android.widget.Button - Next'

02-04-2025T12:05:06 - [TEST_STEP][PASSED] - delay(10): Delayed 10 second(s)

02-04-2025T12:05:16 - [MESSAGE][PASSED] - Delayed 10 second(s)

02-04-2025T12:05:16 - [TEST_STEP][PASSED] - setText(findTestObject("Object Repository/Repo/android.widget.EditText-confirm email address"), email, 0): Text 'Robinson@yopmail.com' has been set to element 'Object Repository/Repo/android.widget.EditText-confirm email address'

02-04-2025T12:05:16 - [MESSAGE][WARNING] - Timeout '0' is invalid. Using default page load timeout: '30'

02-04-2025T12:05:16 - [MESSAGE][PASSED] - Text 'Robinson@yopmail.com' has been set to element 'Object Repository/Repo/android.widget.EditText-confirm email address'

02-04-2025T12:05:16 - [TEST_STEP][PASSED] - hideKeyboard(): Keyboard is hidden

02-04-2025T12:05:17 - [MESSAGE][PASSED] - Keyboard is hidden

02-04-2025T12:05:17 - [TEST_STEP][PASSED] - delay(10): Delayed 10 second(s)

02-04-2025T12:05:27 - [MESSAGE][PASSED] - Delayed 10 second(s)

02-04-2025T12:05:27 - [TEST_STEP][PASSED] - tap(findTestObject("Object Repository/Repo/android.widget.Button - Next (1)"), 0): Tapped on element 'Object Repository/Repo/android.widget.Button - Next (1)'

02-04-2025T12:05:27 - [MESSAGE][WARNING] - Timeout '0' is invalid. Using default page load timeout: '30'

02-04-2025T12:05:28 - [MESSAGE][PASSED] - Tapped on element 'Object Repository/Repo/android.widget.Button - Next (1)'

02-04-2025T12:05:28 - [TEST_STEP][PASSED] - delay(10): Delayed 10 second(s)

02-04-2025T12:05:38 - [MESSAGE][PASSED] - Delayed 10 second(s)

02-04-2025T12:05:38 - [TEST_STEP][PASSED] - setText(findTestObject("Object Repository/Repo/android.widget.EditText-FirstName"), firstName, 0): Text 'steve' has been set to element 'Object Repository/Repo/android.widget.EditText-FirstName'

02-04-2025T12:05:38 - [MESSAGE][WARNING] - Timeout '0' is invalid. Using default page load timeout: '30'

02-04-2025T12:05:39 - [MESSAGE][PASSED] - Text 'steve' has been set to element 'Object Repository/Repo/android.widget.EditText-FirstName'

02-04-2025T12:05:39 - [TEST_STEP][PASSED] - hideKeyboard(): Keyboard is hidden

02-04-2025T12:05:40 - [MESSAGE][PASSED] - Keyboard is hidden

02-04-2025T12:05:40 - [TEST_STEP][PASSED] - delay(10): Delayed 10 second(s)

02-04-2025T12:05:50 - [MESSAGE][PASSED] - Delayed 10 second(s)

02-04-2025T12:05:50 - [TEST_STEP][PASSED] - setText(findTestObject("Object Repository/Repo/android.widget.EditText-LastName"), lastName, 0): Text 'smith' has been set to element 'Object Repository/Repo/android.widget.EditText-LastName'

02-04-2025T12:05:50 - [MESSAGE][WARNING] - Timeout '0' is invalid. Using default page load timeout: '30'

02-04-2025T12:05:50 - [MESSAGE][PASSED] - Text 'smith' has been set to element 'Object Repository/Repo/android.widget.EditText-LastName'

02-04-2025T12:05:50 - [TEST_STEP][PASSED] - hideKeyboard(): Keyboard is hidden

02-04-2025T12:05:51 - [MESSAGE][PASSED] - Keyboard is hidden

02-04-2025T12:05:51 - [TEST_STEP][PASSED] - delay(10): Delayed 10 second(s)

02-04-2025T12:06:01 - [MESSAGE][PASSED] - Delayed 10 second(s)

02-04-2025T12:06:01 - [TEST_STEP][PASSED] - sendKeys(findTestObject("Object Repository/Repo/android.widget.EditText-Password"), password): Send keys 'password' on test object 'Object Repository/Repo/android.widget.EditText-Password' successfully.

02-04-2025T12:06:01 - [MESSAGE][PASSED] - Send keys 'password' on test object 'Object Repository/Repo/android.widget.EditText-Password' successfully.

02-04-2025T12:06:01 - [TEST_STEP][PASSED] - delay(10): Delayed 10 second(s)

02-04-2025T12:06:11 - [MESSAGE][PASSED] - Delayed 10 second(s)

02-04-2025T12:06:11 - [TEST_STEP][PASSED] - sendKeys(findTestObject("Object Repository/Repo/android.widget.EditText-Confirm Password"), confirmPassword): Send keys 'password' on test object 'Object Repository/Repo/android.widget.EditText-Confirm Password' successfully.

02-04-2025T12:06:12 - [MESSAGE][PASSED] - Send keys 'password' on test object 'Object Repository/Repo/android.widget.EditText-Confirm Password' successfully.

02-04-2025T12:06:12 - [TEST_STEP][PASSED] - delay(10): Delayed 10 second(s)

02-04-2025T12:06:22 - [MESSAGE][PASSED] - Delayed 10 second(s)

02-04-2025T12:06:22 - [TEST_STEP][PASSED] - tap(findTestObject("Object Repository/Repo/android.widget.Button - Next (2)"), 0): Tapped on element 'Object Repository/Repo/android.widget.Button - Next (2)'

02-04-2025T12:06:22 - [MESSAGE][WARNING] - Timeout '0' is invalid. Using default page load timeout: '30'

02-04-2025T12:06:22 - [MESSAGE][PASSED] - Tapped on element 'Object Repository/Repo/android.widget.Button - Next (2)'

02-04-2025T12:06:22 - [TEST_STEP][PASSED] - delay(20): Delayed 20 second(s)

02-04-2025T12:06:42 - [MESSAGE][PASSED] - Delayed 20 second(s)

02-04-2025T12:06:42 - [TEST_STEP][PASSED] - scrollToText("etc)."): Scrolling to text 'etc).' successfully

02-04-2025T12:06:43 - [MESSAGE][PASSED] - Scrolling to text 'etc).' successfully

02-04-2025T12:06:43 - [TEST_STEP][PASSED] - delay(5): Delayed 5 second(s)

02-04-2025T12:06:48 - [MESSAGE][PASSED] - Delayed 5 second(s)

02-04-2025T12:06:48 - [TEST_STEP][PASSED] - tap(findTestObject("Object Repository/Repo/android.widget.Button - Agree to Terms  Conditions"), 0): Tapped on element 'Object Repository/Repo/android.widget.Button - Agree to Terms  Conditions'

02-04-2025T12:06:48 - [MESSAGE][WARNING] - Timeout '0' is invalid. Using default page load timeout: '30'

02-04-2025T12:06:49 - [MESSAGE][PASSED] - Tapped on element 'Object Repository/Repo/android.widget.Button - Agree to Terms  Conditions'

02-04-2025T12:06:49 - [TEST_STEP][PASSED] - delay(45): Delayed 45 second(s)

02-04-2025T12:07:34 - [MESSAGE][PASSED] - Delayed 45 second(s)

02-04-2025T12:07:34 - [TEST_STEP][PASSED] - setText(findTestObject("Object Repository/Repo/android.widget.EditText-OAM(Login)"), email, 0): Text 'Robinson@yopmail.com' has been set to element 'Object Repository/Repo/android.widget.EditText-OAM(Login)'

02-04-2025T12:07:34 - [MESSAGE][WARNING] - Timeout '0' is invalid. Using default page load timeout: '30'

02-04-2025T12:07:35 - [MESSAGE][PASSED] - Text 'Robinson@yopmail.com' has been set to element 'Object Repository/Repo/android.widget.EditText-OAM(Login)'

02-04-2025T12:07:35 - [TEST_STEP][PASSED] - hideKeyboard(): Keyboard is hidden

02-04-2025T12:07:38 - [MESSAGE][PASSED] - Keyboard is hidden

02-04-2025T12:07:38 - [TEST_STEP][PASSED] - delay(30): Delayed 30 second(s)

02-04-2025T12:08:08 - [MESSAGE][PASSED] - Delayed 30 second(s)

02-04-2025T12:08:08 - [TEST_STEP][PASSED] - setText(findTestObject("Object Repository/Repo/android.widget.EditText-OAM(Password)"), password, 0): Text 'password' has been set to element 'Object Repository/Repo/android.widget.EditText-OAM(Password)'

02-04-2025T12:08:08 - [MESSAGE][WARNING] - Timeout '0' is invalid. Using default page load timeout: '30'

02-04-2025T12:08:09 - [MESSAGE][PASSED] - Text 'password' has been set to element 'Object Repository/Repo/android.widget.EditText-OAM(Password)'

02-04-2025T12:08:09 - [TEST_STEP][PASSED] - hideKeyboard(): Keyboard is hidden

02-04-2025T12:08:11 - [MESSAGE][PASSED] - Keyboard is hidden

02-04-2025T12:08:11 - [TEST_STEP][PASSED] - delay(30): Delayed 30 second(s)

02-04-2025T12:08:41 - [MESSAGE][PASSED] - Delayed 30 second(s)

02-04-2025T12:08:41 - [TEST_STEP][PASSED] - tap(findTestObject("Object Repository/Repo/android.widget.Button -OAM(Login)"), 0): Tapped on element 'Object Repository/Repo/android.widget.Button -OAM(Login)'

02-04-2025T12:08:41 - [MESSAGE][WARNING] - Timeout '0' is invalid. Using default page load timeout: '30'

02-04-2025T12:08:41 - [MESSAGE][PASSED] - Tapped on element 'Object Repository/Repo/android.widget.Button -OAM(Login)'

02-04-2025T12:08:41 - [TEST_STEP][PASSED] - delay(20): Delayed 20 second(s)

02-04-2025T12:09:01 - [MESSAGE][PASSED] - Delayed 20 second(s)

02-04-2025T12:09:01 - [TEST_STEP][PASSED] - tap(findTestObject("Object Repository/Repo/android.widget.Button - Next-(VerifyAccount)"), 0): Tapped on element 'Object Repository/Repo/android.widget.Button - Next-(VerifyAccount)'

02-04-2025T12:09:01 - [MESSAGE][WARNING] - Timeout '0' is invalid. Using default page load timeout: '30'

02-04-2025T12:09:01 - [MESSAGE][PASSED] - Tapped on element 'Object Repository/Repo/android.widget.Button - Next-(VerifyAccount)'

02-04-2025T12:09:01 - [TEST_STEP][PASSED] - delay(10): Delayed 10 second(s)

02-04-2025T12:09:11 - [MESSAGE][PASSED] - Delayed 10 second(s)

02-04-2025T12:09:11 - [TEST_STEP][PASSED] - verifyElementExist(findTestObject("Object Repository/Repo/android.widget.TextView - Youve chosen to skip the email verification process. While you can explore the app as a guest, please note that certain features and functionalities may be limited"), 0): Element 'Object Repository/Repo/android.widget.TextView - Youve chosen to skip the email verification process. While you can explore the app as a guest, please note that certain features and functionalities may be limited' is exist

02-04-2025T12:09:11 - [MESSAGE][WARNING] - Timeout '0' is invalid. Using default page load timeout: '30'

02-04-2025T12:09:12 - [MESSAGE][PASSED] - Element 'Object Repository/Repo/android.widget.TextView - Youve chosen to skip the email verification process. While you can explore the app as a guest, please note that certain features and functionalities may be limited' is exist

02-04-2025T12:09:12 - [TEST_STEP][PASSED] - delay(10): Delayed 10 second(s)

02-04-2025T12:09:22 - [MESSAGE][PASSED] - Delayed 10 second(s)

02-04-2025T12:09:22 - [TEST_STEP][PASSED] - verifyElementExist(findTestObject("Object Repository/Repo/android.widget.TextView - To fully access all features"), 0): Element 'Object Repository/Repo/android.widget.TextView - To fully access all features' is exist

02-04-2025T12:09:22 - [MESSAGE][WARNING] - Timeout '0' is invalid. Using default page load timeout: '30'

02-04-2025T12:09:22 - [MESSAGE][PASSED] - Element 'Object Repository/Repo/android.widget.TextView - To fully access all features' is exist

02-04-2025T12:09:22 - [TEST_STEP][PASSED] - delay(10): Delayed 10 second(s)

02-04-2025T12:09:32 - [MESSAGE][PASSED] - Delayed 10 second(s)

02-04-2025T12:09:32 - [TEST_STEP][PASSED] - actualText = getText(findTestObject("Object Repository/Repo/android.widget.TextView - Youve chosen to skip the email verification process. While you can explore the app as a guest, please note that certain features and functionalities may be limited"), 0): Text of element 'Object Repository/Repo/android.widget.TextView - Youve chosen to skip the email verification process. While you can explore the app as a guest, please note that certain features and functionalities may be limited' is: 'You've chosen to skip the email verification process. While you can explore the app as a guest, please note that certain features and functionalities may be limited.'

02-04-2025T12:09:32 - [MESSAGE][WARNING] - Timeout '0' is invalid. Using default page load timeout: '30'

02-04-2025T12:09:32 - [MESSAGE][PASSED] - Text of element 'Object Repository/Repo/android.widget.TextView - Youve chosen to skip the email verification process. While you can explore the app as a guest, please note that certain features and functionalities may be limited' is: 'You've chosen to skip the email verification process. While you can explore the app as a guest, please note that certain features and functionalities may be limited.'

02-04-2025T12:09:32 - [TEST_STEP][PASSED] - expectedText = "You've chosen to skip the email verification process. While you can explore the app as a guest, please note that certain features and functionalities may be limited.": null

02-04-2025T12:09:32 - [TEST_STEP][PASSED] - assert actualText == expectedText: null

02-04-2025T12:09:32 - [TEST_STEP][PASSED] - verifyElementExist(findTestObject("Object Repository/Repo/android.widget.Button - Next (2)"), 0): Element 'Object Repository/Repo/android.widget.Button - Next (2)' is exist

02-04-2025T12:09:32 - [MESSAGE][WARNING] - Timeout '0' is invalid. Using default page load timeout: '30'

02-04-2025T12:09:32 - [MESSAGE][PASSED] - Element 'Object Repository/Repo/android.widget.Button - Next (2)' is exist

02-04-2025T12:09:32 - [TEST_STEP][PASSED] - delay(10): Delayed 10 second(s)

02-04-2025T12:09:42 - [MESSAGE][PASSED] - Delayed 10 second(s)

02-04-2025T12:09:42 - [TEST_STEP][PASSED] - tap(findTestObject("Object Repository/Repo/android.widget.Button - Next (2)"), 0): Tapped on element 'Object Repository/Repo/android.widget.Button - Next (2)'

02-04-2025T12:09:42 - [MESSAGE][WARNING] - Timeout '0' is invalid. Using default page load timeout: '30'

02-04-2025T12:09:42 - [MESSAGE][PASSED] - Tapped on element 'Object Repository/Repo/android.widget.Button - Next (2)'

02-04-2025T12:09:42 - [TEST_STEP][PASSED] - delay(10): Delayed 10 second(s)

02-04-2025T12:09:52 - [MESSAGE][PASSED] - Delayed 10 second(s)

02-04-2025T12:09:52 - [TEST_STEP][PASSED] - closeApplication(): Close app successfully

02-04-2025T12:09:58 - [MESSAGE][INFO] - The process with PID 4,265 wasnt terminated, error: {1}

02-04-2025T12:09:58 - [MESSAGE][PASSED] - Close app successfully

02-04-2025T12:09:58 - [TEST_STEP][PASSED] - closeBrowser(): Browser is closed

02-04-2025T12:09:58 - [MESSAGE][PASSED] - Browser is closed]]></system-out>
         <system-err><![CDATA[]]></system-err>
      </testcase>
      <testcase name="Test Cases/Login Owner OR Renter/C735-C736-C739_LoginOwnerOrRenter" time="427.088" classname="Test Cases/Login Owner OR Renter/C735-C736-C739_LoginOwnerOrRenter" status="PASSED">
         <system-out><![CDATA[02-04-2025T12:09:58 - [TEST_CASE][PASSED] - Test Cases/Login Owner OR Renter/C735-C736-C739_LoginOwnerOrRenter: Test Cases/Login Owner OR Renter/C735-C736-C739_LoginOwnerOrRenter

02-04-2025T12:09:58 - [TEST_STEP][PASSED] - testData = findTestData("Data Files/LogiNewUser"): null

02-04-2025T12:09:58 - [TEST_STEP][PASSED] - email = testData.getValue("email", 1): null

02-04-2025T12:09:58 - [TEST_STEP][PASSED] - password = testData.getValue("password", 1): null

02-04-2025T12:09:58 - [TEST_STEP][PASSED] - startApplication("/Users/gv.vignesh/Downloads/WGR-Android-Automation/App Folder/app-debug.apk", true): Started application: '/Users/gv.vignesh/Downloads/WGR-Android-Automation/App Folder/app-debug.apk'

02-04-2025T12:09:58 - [MESSAGE][INFO] - Starting application: '/Users/gv.vignesh/Downloads/WGR-Android-Automation/App Folder/app-debug.apk'

02-04-2025T12:09:58 - [MESSAGE][INFO] - User set preference: ['deviceId', '']

02-04-2025T12:09:58 - [MESSAGE][INFO] - Detected NodeJS location: "/opt/homebrew/Cellar/node/23.10.0_1/bin/node"

02-04-2025T12:09:58 - [MESSAGE][INFO] - PATH: /opt/homebrew/Cellar/node/23.10.0_1/bin:/opt/homebrew/bin:/usr/bin:/bin:/usr/sbin:/sbin:/Applications/Katalon Studio Enterprise.app/Contents/Eclipse/jre/Contents/Home/bin:/usr/local/bin/

02-04-2025T12:09:58 - [MESSAGE][INFO] - APPIUM_HOME: /Users/gv.vignesh/.appium

02-04-2025T12:09:58 - [MESSAGE][INFO] - appium outlog: /Users/gv.vignesh/Downloads/WGR-Android-Automation/Reports/20250402_113510/WRMA Android Regression/20250402_113510/appium.log

02-04-2025T12:09:58 - [MESSAGE][INFO] - appium errlog: /Users/gv.vignesh/Downloads/WGR-Android-Automation/Reports/20250402_113510/WRMA Android Regression/20250402_113510/appium_error.log

02-04-2025T12:09:59 - [MESSAGE][INFO] - Appium server started on port 57,806

02-04-2025T12:10:54 - [MESSAGE][PASSED] - Started application: '/Users/gv.vignesh/Downloads/WGR-Android-Automation/App Folder/app-debug.apk'

02-04-2025T12:10:54 - [TEST_STEP][PASSED] - delay(10): Delayed 10 second(s)

02-04-2025T12:11:04 - [MESSAGE][PASSED] - Delayed 10 second(s)

02-04-2025T12:11:04 - [TEST_STEP][PASSED] - tap(findTestObject("Object Repository/Repo/android.widget.Button - Login or Sign Up"), 0): Tapped on element 'Object Repository/Repo/android.widget.Button - Login or Sign Up'

02-04-2025T12:11:04 - [MESSAGE][WARNING] - Timeout '0' is invalid. Using default page load timeout: '30'

02-04-2025T12:11:05 - [MESSAGE][PASSED] - Tapped on element 'Object Repository/Repo/android.widget.Button - Login or Sign Up'

02-04-2025T12:11:05 - [TEST_STEP][PASSED] - delay(10): Delayed 10 second(s)

02-04-2025T12:11:15 - [MESSAGE][PASSED] - Delayed 10 second(s)

02-04-2025T12:11:15 - [TEST_STEP][PASSED] - sendKeys(findTestObject("Object Repository/Repo/android.widget.EditText-LoginorSignUp"), email): Send keys 'Robinson@yopmail.com' on test object 'Object Repository/Repo/android.widget.EditText-LoginorSignUp' successfully.

02-04-2025T12:11:16 - [MESSAGE][PASSED] - Send keys 'Robinson@yopmail.com' on test object 'Object Repository/Repo/android.widget.EditText-LoginorSignUp' successfully.

02-04-2025T12:11:16 - [TEST_STEP][PASSED] - delay(10): Delayed 10 second(s)

02-04-2025T12:11:26 - [MESSAGE][PASSED] - Delayed 10 second(s)

02-04-2025T12:11:26 - [TEST_STEP][PASSED] - tap(findTestObject("Object Repository/Repo/android.widget.Button - Next"), 0): Tapped on element 'Object Repository/Repo/android.widget.Button - Next'

02-04-2025T12:11:26 - [MESSAGE][WARNING] - Timeout '0' is invalid. Using default page load timeout: '30'

02-04-2025T12:11:26 - [MESSAGE][PASSED] - Tapped on element 'Object Repository/Repo/android.widget.Button - Next'

02-04-2025T12:11:26 - [TEST_STEP][PASSED] - delay(45): Delayed 45 second(s)

02-04-2025T12:12:11 - [MESSAGE][PASSED] - Delayed 45 second(s)

02-04-2025T12:12:11 - [TEST_STEP][PASSED] - setText(findTestObject("Object Repository/Repo/android.widget.TextView - Email Address-oam"), email, 0, STOP_ON_FAILURE): Text 'Robinson@yopmail.com' has been set to element 'Object Repository/Repo/android.widget.TextView - Email Address-oam'

02-04-2025T12:12:11 - [MESSAGE][WARNING] - Timeout '0' is invalid. Using default page load timeout: '30'

02-04-2025T12:12:15 - [MESSAGE][PASSED] - Text 'Robinson@yopmail.com' has been set to element 'Object Repository/Repo/android.widget.TextView - Email Address-oam'

02-04-2025T12:12:15 - [TEST_STEP][PASSED] - hideKeyboard(): Keyboard is hidden

02-04-2025T12:12:18 - [MESSAGE][PASSED] - Keyboard is hidden

02-04-2025T12:12:18 - [TEST_STEP][PASSED] - delay(30): Delayed 30 second(s)

02-04-2025T12:12:48 - [MESSAGE][PASSED] - Delayed 30 second(s)

02-04-2025T12:12:48 - [TEST_STEP][PASSED] - setText(findTestObject("Object Repository/Repo/android.widget.TextView - Password-oam"), password, 0, STOP_ON_FAILURE): Text 'password' has been set to element 'Object Repository/Repo/android.widget.TextView - Password-oam'

02-04-2025T12:12:48 - [MESSAGE][WARNING] - Timeout '0' is invalid. Using default page load timeout: '30'

02-04-2025T12:12:50 - [MESSAGE][PASSED] - Text 'password' has been set to element 'Object Repository/Repo/android.widget.TextView - Password-oam'

02-04-2025T12:12:50 - [TEST_STEP][PASSED] - hideKeyboard(): Keyboard is hidden

02-04-2025T12:12:53 - [MESSAGE][PASSED] - Keyboard is hidden

02-04-2025T12:12:53 - [TEST_STEP][PASSED] - delay(30): Delayed 30 second(s)

02-04-2025T12:13:23 - [MESSAGE][PASSED] - Delayed 30 second(s)

02-04-2025T12:13:23 - [TEST_STEP][PASSED] - tap(findTestObject("Object Repository/Repo/android.widget.Button -OAM(Login)"), 0, STOP_ON_FAILURE): Tapped on element 'Object Repository/Repo/android.widget.Button -OAM(Login)'

02-04-2025T12:13:23 - [MESSAGE][WARNING] - Timeout '0' is invalid. Using default page load timeout: '30'

02-04-2025T12:13:24 - [MESSAGE][PASSED] - Tapped on element 'Object Repository/Repo/android.widget.Button -OAM(Login)'

02-04-2025T12:13:24 - [TEST_STEP][PASSED] - delay(30): Delayed 30 second(s)

02-04-2025T12:13:54 - [MESSAGE][PASSED] - Delayed 30 second(s)

02-04-2025T12:13:54 - [TEST_STEP][PASSED] - homeElementExists = verifyElementExist(findTestObject("Object Repository/Repo/android.view.View - Home"), 0): Element 'Object Repository/Repo/android.view.View - Home' is exist

02-04-2025T12:13:54 - [MESSAGE][WARNING] - Timeout '0' is invalid. Using default page load timeout: '30'

02-04-2025T12:13:54 - [MESSAGE][PASSED] - Element 'Object Repository/Repo/android.view.View - Home' is exist

02-04-2025T12:13:54 - [TEST_STEP][PASSED] - assert homeElementExists : "Element 'Home' does not exist.": null

02-04-2025T12:13:54 - [TEST_STEP][PASSED] - homeText = getText(findTestObject("Object Repository/Repo/android.view.View - Home"), 0): Text of element 'Object Repository/Repo/android.view.View - Home' is: 'Home'

02-04-2025T12:13:55 - [MESSAGE][WARNING] - Timeout '0' is invalid. Using default page load timeout: '30'

02-04-2025T12:13:55 - [MESSAGE][PASSED] - Text of element 'Object Repository/Repo/android.view.View - Home' is: 'Home'

02-04-2025T12:13:55 - [TEST_STEP][PASSED] - assert homeText == "Home": null

02-04-2025T12:13:55 - [TEST_STEP][PASSED] - delay(10): Delayed 10 second(s)

02-04-2025T12:14:05 - [MESSAGE][PASSED] - Delayed 10 second(s)

02-04-2025T12:14:05 - [TEST_STEP][PASSED] - myStayElementExists = verifyElementExist(findTestObject("Object Repository/Repo/android.view.View - My Stay"), 0): Element 'Object Repository/Repo/android.view.View - My Stay' is exist

02-04-2025T12:14:05 - [MESSAGE][WARNING] - Timeout '0' is invalid. Using default page load timeout: '30'

02-04-2025T12:14:05 - [MESSAGE][PASSED] - Element 'Object Repository/Repo/android.view.View - My Stay' is exist

02-04-2025T12:14:05 - [TEST_STEP][PASSED] - assert myStayElementExists : "Element 'My Stay' does not exist.": null

02-04-2025T12:14:05 - [TEST_STEP][PASSED] - myStayText = getText(findTestObject("Object Repository/Repo/android.view.View - My Stay"), 0): Text of element 'Object Repository/Repo/android.view.View - My Stay' is: 'My Stay'

02-04-2025T12:14:05 - [MESSAGE][WARNING] - Timeout '0' is invalid. Using default page load timeout: '30'

02-04-2025T12:14:06 - [MESSAGE][PASSED] - Text of element 'Object Repository/Repo/android.view.View - My Stay' is: 'My Stay'

02-04-2025T12:14:06 - [TEST_STEP][PASSED] - assert myStayText == "My Stay": null

02-04-2025T12:14:06 - [TEST_STEP][PASSED] - delay(10): Delayed 10 second(s)

02-04-2025T12:14:16 - [MESSAGE][PASSED] - Delayed 10 second(s)

02-04-2025T12:14:16 - [TEST_STEP][PASSED] - myAccountElementExists = verifyElementExist(findTestObject("Object Repository/Repo/android.view.View - My Account"), 0): Element 'Object Repository/Repo/android.view.View - My Account' is exist

02-04-2025T12:14:16 - [MESSAGE][WARNING] - Timeout '0' is invalid. Using default page load timeout: '30'

02-04-2025T12:14:16 - [MESSAGE][PASSED] - Element 'Object Repository/Repo/android.view.View - My Account' is exist

02-04-2025T12:14:16 - [TEST_STEP][PASSED] - assert myAccountElementExists : "Element 'My Account' does not exist.": null

02-04-2025T12:14:16 - [TEST_STEP][PASSED] - myAccountText = getText(findTestObject("Object Repository/Repo/android.view.View - My Account"), 0): Text of element 'Object Repository/Repo/android.view.View - My Account' is: 'My Account'

02-04-2025T12:14:16 - [MESSAGE][WARNING] - Timeout '0' is invalid. Using default page load timeout: '30'

02-04-2025T12:14:17 - [MESSAGE][PASSED] - Text of element 'Object Repository/Repo/android.view.View - My Account' is: 'My Account'

02-04-2025T12:14:17 - [TEST_STEP][PASSED] - assert myAccountText == "My Account": null

02-04-2025T12:14:17 - [TEST_STEP][PASSED] - delay(10): Delayed 10 second(s)

02-04-2025T12:14:27 - [MESSAGE][PASSED] - Delayed 10 second(s)

02-04-2025T12:14:27 - [TEST_STEP][PASSED] - println("Text 'Home' is present."): null

02-04-2025T12:14:27 - [TEST_STEP][PASSED] - println("Text 'My Stay' is present."): null

02-04-2025T12:14:27 - [TEST_STEP][PASSED] - println("Text 'My Account' is present."): null

02-04-2025T12:14:27 - [TEST_STEP][PASSED] - delay(10): Delayed 10 second(s)

02-04-2025T12:14:37 - [MESSAGE][PASSED] - Delayed 10 second(s)

02-04-2025T12:14:37 - [TEST_STEP][PASSED] - tap(findTestObject("Object Repository/Repo/android.view.View - Home"), 0, STOP_ON_FAILURE): Tapped on element 'Object Repository/Repo/android.view.View - Home'

02-04-2025T12:14:37 - [MESSAGE][WARNING] - Timeout '0' is invalid. Using default page load timeout: '30'

02-04-2025T12:14:37 - [MESSAGE][PASSED] - Tapped on element 'Object Repository/Repo/android.view.View - Home'

02-04-2025T12:14:37 - [TEST_STEP][PASSED] - delay(5): Delayed 5 second(s)

02-04-2025T12:14:42 - [MESSAGE][PASSED] - Delayed 5 second(s)

02-04-2025T12:14:42 - [TEST_STEP][PASSED] - tap(findTestObject("Object Repository/Repo/android.widget.Button - menu"), 0, STOP_ON_FAILURE): Tapped on element 'Object Repository/Repo/android.widget.Button - menu'

02-04-2025T12:14:42 - [MESSAGE][WARNING] - Timeout '0' is invalid. Using default page load timeout: '30'

02-04-2025T12:14:42 - [MESSAGE][PASSED] - Tapped on element 'Object Repository/Repo/android.widget.Button - menu'

02-04-2025T12:14:42 - [TEST_STEP][PASSED] - delay(20): Delayed 20 second(s)

02-04-2025T12:15:02 - [MESSAGE][PASSED] - Delayed 20 second(s)

02-04-2025T12:15:02 - [TEST_STEP][PASSED] - if (waitForElementPresent(findTestObject("Object Repository/Repo/android.widget.TextView - Terms and Conditions-Menu"), 10, CONTINUE_ON_FAILURE)): null

02-04-2025T12:15:03 - [MESSAGE][PASSED] - Element 'Object Repository/Repo/android.widget.TextView - Terms and Conditions-Menu' is present

02-04-2025T12:15:03 - [TEST_STEP][PASSED] - tap(findTestObject("Object Repository/Repo/android.widget.TextView - Terms and Conditions-Menu"), 0, STOP_ON_FAILURE): Tapped on element 'Object Repository/Repo/android.widget.TextView - Terms and Conditions-Menu'

02-04-2025T12:15:03 - [MESSAGE][WARNING] - Timeout '0' is invalid. Using default page load timeout: '30'

02-04-2025T12:15:03 - [MESSAGE][PASSED] - Tapped on element 'Object Repository/Repo/android.widget.TextView - Terms and Conditions-Menu'

02-04-2025T12:15:03 - [TEST_STEP][PASSED] - delay(20): Delayed 20 second(s)

02-04-2025T12:15:23 - [MESSAGE][PASSED] - Delayed 20 second(s)

02-04-2025T12:15:23 - [TEST_STEP][PASSED] - if (waitForElementPresent(findTestObject("Object Repository/Repo/android.view.View-Terms and conditions web"), 10, CONTINUE_ON_FAILURE)): Object Object Repository/Repo/android.view.View-Terms and conditions web not found

02-04-2025T12:15:33 - [MESSAGE][WARNING] - Object Object Repository/Repo/android.view.View-Terms and conditions web not found

02-04-2025T12:15:33 - [TEST_STEP][PASSED] - else: null

02-04-2025T12:15:33 - [TEST_STEP][PASSED] - println("Element 'android.view.View - Terms & Conditions-Webview' does not exist after waiting."): null

02-04-2025T12:15:33 - [TEST_STEP][PASSED] - delay(20): Delayed 20 second(s)

02-04-2025T12:15:53 - [MESSAGE][PASSED] - Delayed 20 second(s)

02-04-2025T12:15:53 - [TEST_STEP][PASSED] - tap(findTestObject("Object Repository/Repo/android.widget.ImageButton-Cancel web"), 0, STOP_ON_FAILURE): Tapped on element 'Object Repository/Repo/android.widget.ImageButton-Cancel web'

02-04-2025T12:15:53 - [MESSAGE][WARNING] - Timeout '0' is invalid. Using default page load timeout: '30'

02-04-2025T12:15:54 - [MESSAGE][PASSED] - Tapped on element 'Object Repository/Repo/android.widget.ImageButton-Cancel web'

02-04-2025T12:15:54 - [TEST_STEP][PASSED] - delay(15): Delayed 15 second(s)

02-04-2025T12:16:09 - [MESSAGE][PASSED] - Delayed 15 second(s)

02-04-2025T12:16:09 - [TEST_STEP][PASSED] - tap(findTestObject("Object Repository/Repo/android.widget.Button - menu"), 0, STOP_ON_FAILURE): Tapped on element 'Object Repository/Repo/android.widget.Button - menu'

02-04-2025T12:16:09 - [MESSAGE][WARNING] - Timeout '0' is invalid. Using default page load timeout: '30'

02-04-2025T12:16:09 - [MESSAGE][PASSED] - Tapped on element 'Object Repository/Repo/android.widget.Button - menu'

02-04-2025T12:16:09 - [TEST_STEP][PASSED] - delay(20): Delayed 20 second(s)

02-04-2025T12:16:29 - [MESSAGE][PASSED] - Delayed 20 second(s)

02-04-2025T12:16:29 - [TEST_STEP][PASSED] - tap(findTestObject("Object Repository/Repo/android.widget.TextView - Privacy Policy-Menu"), 0, STOP_ON_FAILURE): Tapped on element 'Object Repository/Repo/android.widget.TextView - Privacy Policy-Menu'

02-04-2025T12:16:29 - [MESSAGE][WARNING] - Timeout '0' is invalid. Using default page load timeout: '30'

02-04-2025T12:16:30 - [MESSAGE][PASSED] - Tapped on element 'Object Repository/Repo/android.widget.TextView - Privacy Policy-Menu'

02-04-2025T12:16:30 - [TEST_STEP][PASSED] - delay(30): Delayed 30 second(s)

02-04-2025T12:17:00 - [MESSAGE][PASSED] - Delayed 30 second(s)

02-04-2025T12:17:00 - [TEST_STEP][PASSED] - if (waitForElementPresent(findTestObject("Object Repository/Repo/android.widget.TextView - Privacy Policy-web"), 20, CONTINUE_ON_FAILURE)): null

02-04-2025T12:17:00 - [MESSAGE][PASSED] - Element 'Object Repository/Repo/android.widget.TextView - Privacy Policy-web' is present

02-04-2025T12:17:00 - [TEST_STEP][PASSED] - println("Element 'android.widget.TextView - Privacy Policy-web' exists."): null

02-04-2025T12:17:00 - [TEST_STEP][PASSED] - closeApplication(): Close app successfully

02-04-2025T12:17:05 - [MESSAGE][PASSED] - Close app successfully

02-04-2025T12:17:05 - [TEST_STEP][PASSED] - closeBrowser(): Browser is closed

02-04-2025T12:17:05 - [MESSAGE][PASSED] - Browser is closed]]></system-out>
         <system-err><![CDATA[]]></system-err>
      </testcase>
      <testcase name="Test Cases/Login Owner OR Renter/C661-C720-C721_LoginOwnerOrRenter" time="20.131" classname="Test Cases/Login Owner OR Renter/C661-C720-C721_LoginOwnerOrRenter" status="FAILED">
         <failure type="FAILED" message="Test Cases/Login Owner OR Renter/C661-C720-C721_LoginOwnerOrRenter FAILED.&#xa;Reason:&#xa;com.kms.katalon.core.exception.StepFailedException: Unable to start application: '/Users/gv.vignesh/Downloads/WGR-Android-Automation/App Folder/universal.apk'&#xa;	at com.kms.katalon.core.mobile.keyword.internal.MobileKeywordMain.stepFailed(MobileKeywordMain.groovy:64)&#xa;	at com.kms.katalon.core.mobile.keyword.internal.MobileKeywordMain.runKeyword(MobileKeywordMain.groovy:34)&#xa;	at com.kms.katalon.core.mobile.keyword.builtin.StartApplicationKeyword.startApplication(StartApplicationKeyword.groovy:91)&#xa;	at com.kms.katalon.core.mobile.keyword.builtin.StartApplicationKeyword.execute(StartApplicationKeyword.groovy:48)&#xa;	at com.kms.katalon.core.keyword.internal.KeywordExecutor.executeKeywordForPlatform(KeywordExecutor.groovy:74)&#xa;	at com.kms.katalon.core.mobile.keyword.MobileBuiltInKeywords.startApplication(MobileBuiltInKeywords.groovy:49)&#xa;	at C661-C720-C721_LoginOwnerOrRenter.run(C661-C720-C721_LoginOwnerOrRenter:52)&#xa;	at com.kms.katalon.core.main.ScriptEngine.run(ScriptEngine.java:194)&#xa;	at com.kms.katalon.core.main.ScriptEngine.runScriptAsRawText(ScriptEngine.java:119)&#xa;	at com.kms.katalon.core.main.TestCaseExecutor.runScript(TestCaseExecutor.java:448)&#xa;	at com.kms.katalon.core.main.TestCaseExecutor.doExecute(TestCaseExecutor.java:439)&#xa;	at com.kms.katalon.core.main.TestCaseExecutor.processExecutionPhase(TestCaseExecutor.java:418)&#xa;	at com.kms.katalon.core.main.TestCaseExecutor.accessMainPhase(TestCaseExecutor.java:410)&#xa;	at com.kms.katalon.core.main.TestCaseExecutor.execute(TestCaseExecutor.java:285)&#xa;	at com.kms.katalon.core.main.TestCaseExecutor.execute(TestCaseExecutor.java:369)&#xa;	at com.kms.katalon.core.main.TestCaseExecutor.execute(TestCaseExecutor.java:369)&#xa;	at com.kms.katalon.core.main.TestCaseExecutor.execute(TestCaseExecutor.java:369)&#xa;	at com.kms.katalon.core.common.CommonExecutor.accessTestCaseMainPhase(CommonExecutor.java:71)&#xa;	at com.kms.katalon.core.main.TestSuiteExecutor.accessTestSuiteMainPhase(TestSuiteExecutor.java:160)&#xa;	at com.kms.katalon.core.main.TestSuiteExecutor.execute(TestSuiteExecutor.java:107)&#xa;	at com.kms.katalon.core.main.TestCaseMain.startTestSuite(TestCaseMain.java:180)&#xa;	at TempTestSuite1743573910045.run(TempTestSuite1743573910045.groovy:35)&#xa;	at java.base/jdk.internal.reflect.NativeMethodAccessorImpl.invoke0(Native Method)&#xa;	at java.base/jdk.internal.reflect.NativeMethodAccessorImpl.invoke(NativeMethodAccessorImpl.java:77)&#xa;	at java.base/jdk.internal.reflect.DelegatingMethodAccessorImpl.invoke(DelegatingMethodAccessorImpl.java:43)&#xa;Caused by: org.openqa.selenium.SessionNotCreatedException: Could not start a new session. Response code 500. Message: An unknown server-side error occurred while processing the command. Original error: Could not find a connected Android device in 20000ms &#xa;Host info: host: '**********', ip: '**********'&#xa;Build info: version: '4.22.0', revision: 'c5f3146703'&#xa;System info: os.name: 'Mac OS X', os.arch: 'aarch64', os.version: '15.3.2', java.version: '17.0.14'&#xa;Driver info: io.appium.java_client.android.AndroidDriver&#xa;Command: [null, newSession {capabilities=[Capabilities {appium:app: /Users/gv.vignesh/Downloads..., appium:autoGrantPermissions: true, appium:automationName: uiautomator2, appium:deviceId: , appium:deviceName: samsung SM-A146B (Android 14), appium:fullReset: true, appium:newCommandTimeout: 1800, appium:noReset: false, appium:platformName: ANDROID, appium:platformVersion: 14, appium:systemPort: 58733, appium:udid: adb-RZCW811B2MK-cCoIXY._adb..., platformName: ANDROID}]}]&#xa;Capabilities {appium:app: /Users/gv.vignesh/Downloads..., appium:autoGrantPermissions: true, appium:automationName: uiautomator2, appium:deviceId: , appium:deviceName: samsung SM-A146B (Android 14), appium:fullReset: true, appium:newCommandTimeout: 1800, appium:noReset: false, appium:platformName: ANDROID, appium:platformVersion: 14, appium:systemPort: 58733, appium:udid: adb-RZCW811B2MK-cCoIXY._adb..., platformName: ANDROID}&#xa;	at org.openqa.selenium.remote.ProtocolHandshake.createSession(ProtocolHandshake.java:114)&#xa;	at org.openqa.selenium.remote.ProtocolHandshake.createSession(ProtocolHandshake.java:75)&#xa;	at org.openqa.selenium.remote.ProtocolHandshake.createSession(ProtocolHandshake.java:61)&#xa;	at io.appium.java_client.remote.AppiumCommandExecutor.createSession(AppiumCommandExecutor.java:176)&#xa;	at io.appium.java_client.remote.AppiumCommandExecutor.execute(AppiumCommandExecutor.java:237)&#xa;	at org.openqa.selenium.remote.RemoteWebDriver.execute(RemoteWebDriver.java:518)&#xa;	at io.appium.java_client.AppiumDriver.startSession(AppiumDriver.java:270)&#xa;	at org.openqa.selenium.remote.RemoteWebDriver.&lt;init>(RemoteWebDriver.java:161)&#xa;	at io.appium.java_client.AppiumDriver.&lt;init>(AppiumDriver.java:91)&#xa;	at io.appium.java_client.android.AndroidDriver.&lt;init>(AndroidDriver.java:99)&#xa;	at com.kms.katalon.core.appium.driver.AppiumDriverManager.createMobileDriver(AppiumDriverManager.java:574)&#xa;	at com.kms.katalon.core.appium.driver.AppiumDriverManager.createMobileDriver(AppiumDriverManager.java:551)&#xa;	at com.kms.katalon.core.mobile.keyword.internal.MobileDriverFactory.startLocalMobileDriver(MobileDriverFactory.java:597)&#xa;	at com.kms.katalon.core.mobile.keyword.internal.MobileDriverFactory.startMobileDriver(MobileDriverFactory.java:510)&#xa;	at com.kms.katalon.core.mobile.keyword.builtin.StartApplicationKeyword$_startApplication_closure1.doCall(StartApplicationKeyword.groovy:89)&#xa;	at com.kms.katalon.core.mobile.keyword.builtin.StartApplicationKeyword$_startApplication_closure1.call(StartApplicationKeyword.groovy)&#xa;	at com.kms.katalon.core.mobile.keyword.internal.MobileKeywordMain.runKeyword(MobileKeywordMain.groovy:30)&#xa;	... 23 more&#xa;"/>
         <system-out><![CDATA[02-04-2025T12:27:31 - [TEST_CASE][FAILED] - Test Cases/Login Owner OR Renter/C661-C720-C721_LoginOwnerOrRenter: Test Cases/Login Owner OR Renter/C661-C720-C721_LoginOwnerOrRenter FAILED.
Reason:
com.kms.katalon.core.exception.StepFailedException: Unable to start application: '/Users/gv.vignesh/Downloads/WGR-Android-Automation/App Folder/universal.apk'
	at com.kms.katalon.core.mobile.keyword.internal.MobileKeywordMain.stepFailed(MobileKeywordMain.groovy:64)
	at com.kms.katalon.core.mobile.keyword.internal.MobileKeywordMain.runKeyword(MobileKeywordMain.groovy:34)
	at com.kms.katalon.core.mobile.keyword.builtin.StartApplicationKeyword.startApplication(StartApplicationKeyword.groovy:91)
	at com.kms.katalon.core.mobile.keyword.builtin.StartApplicationKeyword.execute(StartApplicationKeyword.groovy:48)
	at com.kms.katalon.core.keyword.internal.KeywordExecutor.executeKeywordForPlatform(KeywordExecutor.groovy:74)
	at com.kms.katalon.core.mobile.keyword.MobileBuiltInKeywords.startApplication(MobileBuiltInKeywords.groovy:49)
	at C661-C720-C721_LoginOwnerOrRenter.run(C661-C720-C721_LoginOwnerOrRenter:52)
	at com.kms.katalon.core.main.ScriptEngine.run(ScriptEngine.java:194)
	at com.kms.katalon.core.main.ScriptEngine.runScriptAsRawText(ScriptEngine.java:119)
	at com.kms.katalon.core.main.TestCaseExecutor.runScript(TestCaseExecutor.java:448)
	at com.kms.katalon.core.main.TestCaseExecutor.doExecute(TestCaseExecutor.java:439)
	at com.kms.katalon.core.main.TestCaseExecutor.processExecutionPhase(TestCaseExecutor.java:418)
	at com.kms.katalon.core.main.TestCaseExecutor.accessMainPhase(TestCaseExecutor.java:410)
	at com.kms.katalon.core.main.TestCaseExecutor.execute(TestCaseExecutor.java:285)
	at com.kms.katalon.core.main.TestCaseExecutor.execute(TestCaseExecutor.java:369)
	at com.kms.katalon.core.main.TestCaseExecutor.execute(TestCaseExecutor.java:369)
	at com.kms.katalon.core.main.TestCaseExecutor.execute(TestCaseExecutor.java:369)
	at com.kms.katalon.core.common.CommonExecutor.accessTestCaseMainPhase(CommonExecutor.java:71)
	at com.kms.katalon.core.main.TestSuiteExecutor.accessTestSuiteMainPhase(TestSuiteExecutor.java:160)
	at com.kms.katalon.core.main.TestSuiteExecutor.execute(TestSuiteExecutor.java:107)
	at com.kms.katalon.core.main.TestCaseMain.startTestSuite(TestCaseMain.java:180)
	at TempTestSuite1743573910045.run(TempTestSuite1743573910045.groovy:35)
	at java.base/jdk.internal.reflect.NativeMethodAccessorImpl.invoke0(Native Method)
	at java.base/jdk.internal.reflect.NativeMethodAccessorImpl.invoke(NativeMethodAccessorImpl.java:77)
	at java.base/jdk.internal.reflect.DelegatingMethodAccessorImpl.invoke(DelegatingMethodAccessorImpl.java:43)
Caused by: org.openqa.selenium.SessionNotCreatedException: Could not start a new session. Response code 500. Message: An unknown server-side error occurred while processing the command. Original error: Could not find a connected Android device in 20000ms 
Host info: host: '**********', ip: '**********'
Build info: version: '4.22.0', revision: 'c5f3146703'
System info: os.name: 'Mac OS X', os.arch: 'aarch64', os.version: '15.3.2', java.version: '17.0.14'
Driver info: io.appium.java_client.android.AndroidDriver
Command: [null, newSession {capabilities=[Capabilities {appium:app: /Users/gv.vignesh/Downloads..., appium:autoGrantPermissions: true, appium:automationName: uiautomator2, appium:deviceId: , appium:deviceName: samsung SM-A146B (Android 14), appium:fullReset: true, appium:newCommandTimeout: 1800, appium:noReset: false, appium:platformName: ANDROID, appium:platformVersion: 14, appium:systemPort: 58733, appium:udid: adb-RZCW811B2MK-cCoIXY._adb..., platformName: ANDROID}]}]
Capabilities {appium:app: /Users/gv.vignesh/Downloads..., appium:autoGrantPermissions: true, appium:automationName: uiautomator2, appium:deviceId: , appium:deviceName: samsung SM-A146B (Android 14), appium:fullReset: true, appium:newCommandTimeout: 1800, appium:noReset: false, appium:platformName: ANDROID, appium:platformVersion: 14, appium:systemPort: 58733, appium:udid: adb-RZCW811B2MK-cCoIXY._adb..., platformName: ANDROID}
	at org.openqa.selenium.remote.ProtocolHandshake.createSession(ProtocolHandshake.java:114)
	at org.openqa.selenium.remote.ProtocolHandshake.createSession(ProtocolHandshake.java:75)
	at org.openqa.selenium.remote.ProtocolHandshake.createSession(ProtocolHandshake.java:61)
	at io.appium.java_client.remote.AppiumCommandExecutor.createSession(AppiumCommandExecutor.java:176)
	at io.appium.java_client.remote.AppiumCommandExecutor.execute(AppiumCommandExecutor.java:237)
	at org.openqa.selenium.remote.RemoteWebDriver.execute(RemoteWebDriver.java:518)
	at io.appium.java_client.AppiumDriver.startSession(AppiumDriver.java:270)
	at org.openqa.selenium.remote.RemoteWebDriver.<init>(RemoteWebDriver.java:161)
	at io.appium.java_client.AppiumDriver.<init>(AppiumDriver.java:91)
	at io.appium.java_client.android.AndroidDriver.<init>(AndroidDriver.java:99)
	at com.kms.katalon.core.appium.driver.AppiumDriverManager.createMobileDriver(AppiumDriverManager.java:574)
	at com.kms.katalon.core.appium.driver.AppiumDriverManager.createMobileDriver(AppiumDriverManager.java:551)
	at com.kms.katalon.core.mobile.keyword.internal.MobileDriverFactory.startLocalMobileDriver(MobileDriverFactory.java:597)
	at com.kms.katalon.core.mobile.keyword.internal.MobileDriverFactory.startMobileDriver(MobileDriverFactory.java:510)
	at com.kms.katalon.core.mobile.keyword.builtin.StartApplicationKeyword$_startApplication_closure1.doCall(StartApplicationKeyword.groovy:89)
	at com.kms.katalon.core.mobile.keyword.builtin.StartApplicationKeyword$_startApplication_closure1.call(StartApplicationKeyword.groovy)
	at com.kms.katalon.core.mobile.keyword.internal.MobileKeywordMain.runKeyword(MobileKeywordMain.groovy:30)
	... 23 more


02-04-2025T12:27:31 - [TEST_STEP][PASSED] - testData = findTestData("Data Files/LogiNewUser"): null

02-04-2025T12:27:31 - [TEST_STEP][PASSED] - email = testData.getValue("email", 1): null

02-04-2025T12:27:31 - [TEST_STEP][PASSED] - password = testData.getValue("password", 1): null

02-04-2025T12:27:31 - [TEST_STEP][PASSED] - expectedVersion = testData.getValue("version", 1): null

02-04-2025T12:27:31 - [TEST_STEP][FAILED] - startApplication(appUrl, true): Unable to start application: '/Users/gv.vignesh/Downloads/WGR-Android-Automation/App Folder/universal.apk' (Root cause: com.kms.katalon.core.exception.StepFailedException: Unable to start application: '/Users/gv.vignesh/Downloads/WGR-Android-Automation/App Folder/universal.apk'
	at com.kms.katalon.core.mobile.keyword.internal.MobileKeywordMain.stepFailed(MobileKeywordMain.groovy:64)
	at com.kms.katalon.core.mobile.keyword.internal.MobileKeywordMain.runKeyword(MobileKeywordMain.groovy:34)
	at com.kms.katalon.core.mobile.keyword.builtin.StartApplicationKeyword.startApplication(StartApplicationKeyword.groovy:91)
	at com.kms.katalon.core.mobile.keyword.builtin.StartApplicationKeyword.execute(StartApplicationKeyword.groovy:48)
	at com.kms.katalon.core.keyword.internal.KeywordExecutor.executeKeywordForPlatform(KeywordExecutor.groovy:74)
	at com.kms.katalon.core.mobile.keyword.MobileBuiltInKeywords.startApplication(MobileBuiltInKeywords.groovy:49)
	at C661-C720-C721_LoginOwnerOrRenter.run(C661-C720-C721_LoginOwnerOrRenter:52)
	at com.kms.katalon.core.main.ScriptEngine.run(ScriptEngine.java:194)
	at com.kms.katalon.core.main.ScriptEngine.runScriptAsRawText(ScriptEngine.java:119)
	at com.kms.katalon.core.main.TestCaseExecutor.runScript(TestCaseExecutor.java:448)
	at com.kms.katalon.core.main.TestCaseExecutor.doExecute(TestCaseExecutor.java:439)
	at com.kms.katalon.core.main.TestCaseExecutor.processExecutionPhase(TestCaseExecutor.java:418)
	at com.kms.katalon.core.main.TestCaseExecutor.accessMainPhase(TestCaseExecutor.java:410)
	at com.kms.katalon.core.main.TestCaseExecutor.execute(TestCaseExecutor.java:285)
	at com.kms.katalon.core.main.TestCaseExecutor.execute(TestCaseExecutor.java:369)
	at com.kms.katalon.core.main.TestCaseExecutor.execute(TestCaseExecutor.java:369)
	at com.kms.katalon.core.main.TestCaseExecutor.execute(TestCaseExecutor.java:369)
	at com.kms.katalon.core.common.CommonExecutor.accessTestCaseMainPhase(CommonExecutor.java:71)
	at com.kms.katalon.core.main.TestSuiteExecutor.accessTestSuiteMainPhase(TestSuiteExecutor.java:160)
	at com.kms.katalon.core.main.TestSuiteExecutor.execute(TestSuiteExecutor.java:107)
	at com.kms.katalon.core.main.TestCaseMain.startTestSuite(TestCaseMain.java:180)
	at TempTestSuite1743573910045.run(TempTestSuite1743573910045.groovy:35)
	at java.base/jdk.internal.reflect.NativeMethodAccessorImpl.invoke0(Native Method)
	at java.base/jdk.internal.reflect.NativeMethodAccessorImpl.invoke(NativeMethodAccessorImpl.java:77)
	at java.base/jdk.internal.reflect.DelegatingMethodAccessorImpl.invoke(DelegatingMethodAccessorImpl.java:43)
Caused by: org.openqa.selenium.SessionNotCreatedException: Could not start a new session. Response code 500. Message: An unknown server-side error occurred while processing the command. Original error: Could not find a connected Android device in 20000ms 
Host info: host: '**********', ip: '**********'
Build info: version: '4.22.0', revision: 'c5f3146703'
System info: os.name: 'Mac OS X', os.arch: 'aarch64', os.version: '15.3.2', java.version: '17.0.14'
Driver info: io.appium.java_client.android.AndroidDriver
Command: [null, newSession {capabilities=[Capabilities {appium:app: /Users/gv.vignesh/Downloads..., appium:autoGrantPermissions: true, appium:automationName: uiautomator2, appium:deviceId: , appium:deviceName: samsung SM-A146B (Android 14), appium:fullReset: true, appium:newCommandTimeout: 1800, appium:noReset: false, appium:platformName: ANDROID, appium:platformVersion: 14, appium:systemPort: 58733, appium:udid: adb-RZCW811B2MK-cCoIXY._adb..., platformName: ANDROID}]}]
Capabilities {appium:app: /Users/gv.vignesh/Downloads..., appium:autoGrantPermissions: true, appium:automationName: uiautomator2, appium:deviceId: , appium:deviceName: samsung SM-A146B (Android 14), appium:fullReset: true, appium:newCommandTimeout: 1800, appium:noReset: false, appium:platformName: ANDROID, appium:platformVersion: 14, appium:systemPort: 58733, appium:udid: adb-RZCW811B2MK-cCoIXY._adb..., platformName: ANDROID}
	at org.openqa.selenium.remote.ProtocolHandshake.createSession(ProtocolHandshake.java:114)
	at org.openqa.selenium.remote.ProtocolHandshake.createSession(ProtocolHandshake.java:75)
	at org.openqa.selenium.remote.ProtocolHandshake.createSession(ProtocolHandshake.java:61)
	at io.appium.java_client.remote.AppiumCommandExecutor.createSession(AppiumCommandExecutor.java:176)
	at io.appium.java_client.remote.AppiumCommandExecutor.execute(AppiumCommandExecutor.java:237)
	at org.openqa.selenium.remote.RemoteWebDriver.execute(RemoteWebDriver.java:518)
	at io.appium.java_client.AppiumDriver.startSession(AppiumDriver.java:270)
	at org.openqa.selenium.remote.RemoteWebDriver.<init>(RemoteWebDriver.java:161)
	at io.appium.java_client.AppiumDriver.<init>(AppiumDriver.java:91)
	at io.appium.java_client.android.AndroidDriver.<init>(AndroidDriver.java:99)
	at com.kms.katalon.core.appium.driver.AppiumDriverManager.createMobileDriver(AppiumDriverManager.java:574)
	at com.kms.katalon.core.appium.driver.AppiumDriverManager.createMobileDriver(AppiumDriverManager.java:551)
	at com.kms.katalon.core.mobile.keyword.internal.MobileDriverFactory.startLocalMobileDriver(MobileDriverFactory.java:597)
	at com.kms.katalon.core.mobile.keyword.internal.MobileDriverFactory.startMobileDriver(MobileDriverFactory.java:510)
	at com.kms.katalon.core.mobile.keyword.builtin.StartApplicationKeyword$_startApplication_closure1.doCall(StartApplicationKeyword.groovy:89)
	at com.kms.katalon.core.mobile.keyword.builtin.StartApplicationKeyword$_startApplication_closure1.call(StartApplicationKeyword.groovy)
	at com.kms.katalon.core.mobile.keyword.internal.MobileKeywordMain.runKeyword(MobileKeywordMain.groovy:30)
	at com.kms.katalon.core.mobile.keyword.builtin.StartApplicationKeyword.startApplication(StartApplicationKeyword.groovy:91)
	at com.kms.katalon.core.mobile.keyword.builtin.StartApplicationKeyword.execute(StartApplicationKeyword.groovy:48)
	at com.kms.katalon.core.keyword.internal.KeywordExecutor.executeKeywordForPlatform(KeywordExecutor.groovy:74)
	at com.kms.katalon.core.mobile.keyword.MobileBuiltInKeywords.startApplication(MobileBuiltInKeywords.groovy:49)
	at Script1743084480752.run(Script1743084480752.groovy:52)
	... 18 more
)

02-04-2025T12:27:31 - [MESSAGE][INFO] - Starting application: '/Users/gv.vignesh/Downloads/WGR-Android-Automation/App Folder/universal.apk'

02-04-2025T12:27:31 - [MESSAGE][INFO] - User set preference: ['deviceId', '']

02-04-2025T12:27:51 - [MESSAGE][FAILED] - Unable to start application: '/Users/gv.vignesh/Downloads/WGR-Android-Automation/App Folder/universal.apk' (Root cause: com.kms.katalon.core.exception.StepFailedException: Unable to start application: '/Users/gv.vignesh/Downloads/WGR-Android-Automation/App Folder/universal.apk'
	at com.kms.katalon.core.mobile.keyword.internal.MobileKeywordMain.stepFailed(MobileKeywordMain.groovy:64)
	at com.kms.katalon.core.mobile.keyword.internal.MobileKeywordMain.runKeyword(MobileKeywordMain.groovy:34)
	at com.kms.katalon.core.mobile.keyword.builtin.StartApplicationKeyword.startApplication(StartApplicationKeyword.groovy:91)
	at com.kms.katalon.core.mobile.keyword.builtin.StartApplicationKeyword.execute(StartApplicationKeyword.groovy:48)
	at com.kms.katalon.core.keyword.internal.KeywordExecutor.executeKeywordForPlatform(KeywordExecutor.groovy:74)
	at com.kms.katalon.core.mobile.keyword.MobileBuiltInKeywords.startApplication(MobileBuiltInKeywords.groovy:49)
	at C661-C720-C721_LoginOwnerOrRenter.run(C661-C720-C721_LoginOwnerOrRenter:52)
	at com.kms.katalon.core.main.ScriptEngine.run(ScriptEngine.java:194)
	at com.kms.katalon.core.main.ScriptEngine.runScriptAsRawText(ScriptEngine.java:119)
	at com.kms.katalon.core.main.TestCaseExecutor.runScript(TestCaseExecutor.java:448)
	at com.kms.katalon.core.main.TestCaseExecutor.doExecute(TestCaseExecutor.java:439)
	at com.kms.katalon.core.main.TestCaseExecutor.processExecutionPhase(TestCaseExecutor.java:418)
	at com.kms.katalon.core.main.TestCaseExecutor.accessMainPhase(TestCaseExecutor.java:410)
	at com.kms.katalon.core.main.TestCaseExecutor.execute(TestCaseExecutor.java:285)
	at com.kms.katalon.core.main.TestCaseExecutor.execute(TestCaseExecutor.java:369)
	at com.kms.katalon.core.main.TestCaseExecutor.execute(TestCaseExecutor.java:369)
	at com.kms.katalon.core.main.TestCaseExecutor.execute(TestCaseExecutor.java:369)
	at com.kms.katalon.core.common.CommonExecutor.accessTestCaseMainPhase(CommonExecutor.java:71)
	at com.kms.katalon.core.main.TestSuiteExecutor.accessTestSuiteMainPhase(TestSuiteExecutor.java:160)
	at com.kms.katalon.core.main.TestSuiteExecutor.execute(TestSuiteExecutor.java:107)
	at com.kms.katalon.core.main.TestCaseMain.startTestSuite(TestCaseMain.java:180)
	at TempTestSuite1743573910045.run(TempTestSuite1743573910045.groovy:35)
	at java.base/jdk.internal.reflect.NativeMethodAccessorImpl.invoke0(Native Method)
	at java.base/jdk.internal.reflect.NativeMethodAccessorImpl.invoke(NativeMethodAccessorImpl.java:77)
	at java.base/jdk.internal.reflect.DelegatingMethodAccessorImpl.invoke(DelegatingMethodAccessorImpl.java:43)
Caused by: org.openqa.selenium.SessionNotCreatedException: Could not start a new session. Response code 500. Message: An unknown server-side error occurred while processing the command. Original error: Could not find a connected Android device in 20000ms 
Host info: host: '**********', ip: '**********'
Build info: version: '4.22.0', revision: 'c5f3146703'
System info: os.name: 'Mac OS X', os.arch: 'aarch64', os.version: '15.3.2', java.version: '17.0.14'
Driver info: io.appium.java_client.android.AndroidDriver
Command: [null, newSession {capabilities=[Capabilities {appium:app: /Users/gv.vignesh/Downloads..., appium:autoGrantPermissions: true, appium:automationName: uiautomator2, appium:deviceId: , appium:deviceName: samsung SM-A146B (Android 14), appium:fullReset: true, appium:newCommandTimeout: 1800, appium:noReset: false, appium:platformName: ANDROID, appium:platformVersion: 14, appium:systemPort: 58733, appium:udid: adb-RZCW811B2MK-cCoIXY._adb..., platformName: ANDROID}]}]
Capabilities {appium:app: /Users/gv.vignesh/Downloads..., appium:autoGrantPermissions: true, appium:automationName: uiautomator2, appium:deviceId: , appium:deviceName: samsung SM-A146B (Android 14), appium:fullReset: true, appium:newCommandTimeout: 1800, appium:noReset: false, appium:platformName: ANDROID, appium:platformVersion: 14, appium:systemPort: 58733, appium:udid: adb-RZCW811B2MK-cCoIXY._adb..., platformName: ANDROID}
	at org.openqa.selenium.remote.ProtocolHandshake.createSession(ProtocolHandshake.java:114)
	at org.openqa.selenium.remote.ProtocolHandshake.createSession(ProtocolHandshake.java:75)
	at org.openqa.selenium.remote.ProtocolHandshake.createSession(ProtocolHandshake.java:61)
	at io.appium.java_client.remote.AppiumCommandExecutor.createSession(AppiumCommandExecutor.java:176)
	at io.appium.java_client.remote.AppiumCommandExecutor.execute(AppiumCommandExecutor.java:237)
	at org.openqa.selenium.remote.RemoteWebDriver.execute(RemoteWebDriver.java:518)
	at io.appium.java_client.AppiumDriver.startSession(AppiumDriver.java:270)
	at org.openqa.selenium.remote.RemoteWebDriver.<init>(RemoteWebDriver.java:161)
	at io.appium.java_client.AppiumDriver.<init>(AppiumDriver.java:91)
	at io.appium.java_client.android.AndroidDriver.<init>(AndroidDriver.java:99)
	at com.kms.katalon.core.appium.driver.AppiumDriverManager.createMobileDriver(AppiumDriverManager.java:574)
	at com.kms.katalon.core.appium.driver.AppiumDriverManager.createMobileDriver(AppiumDriverManager.java:551)
	at com.kms.katalon.core.mobile.keyword.internal.MobileDriverFactory.startLocalMobileDriver(MobileDriverFactory.java:597)
	at com.kms.katalon.core.mobile.keyword.internal.MobileDriverFactory.startMobileDriver(MobileDriverFactory.java:510)
	at com.kms.katalon.core.mobile.keyword.builtin.StartApplicationKeyword$_startApplication_closure1.doCall(StartApplicationKeyword.groovy:89)
	at com.kms.katalon.core.mobile.keyword.builtin.StartApplicationKeyword$_startApplication_closure1.call(StartApplicationKeyword.groovy)
	at com.kms.katalon.core.mobile.keyword.internal.MobileKeywordMain.runKeyword(MobileKeywordMain.groovy:30)
	at com.kms.katalon.core.mobile.keyword.builtin.StartApplicationKeyword.startApplication(StartApplicationKeyword.groovy:91)
	at com.kms.katalon.core.mobile.keyword.builtin.StartApplicationKeyword.execute(StartApplicationKeyword.groovy:48)
	at com.kms.katalon.core.keyword.internal.KeywordExecutor.executeKeywordForPlatform(KeywordExecutor.groovy:74)
	at com.kms.katalon.core.mobile.keyword.MobileBuiltInKeywords.startApplication(MobileBuiltInKeywords.groovy:49)
	at Script1743084480752.run(Script1743084480752.groovy:52)
	... 18 more
)]]></system-out>
         <system-err><![CDATA[02-04-2025T12:27:31 - [TEST_CASE][FAILED] - Test Cases/Login Owner OR Renter/C661-C720-C721_LoginOwnerOrRenter: Test Cases/Login Owner OR Renter/C661-C720-C721_LoginOwnerOrRenter FAILED.
Reason:
com.kms.katalon.core.exception.StepFailedException: Unable to start application: '/Users/gv.vignesh/Downloads/WGR-Android-Automation/App Folder/universal.apk'
	at com.kms.katalon.core.mobile.keyword.internal.MobileKeywordMain.stepFailed(MobileKeywordMain.groovy:64)
	at com.kms.katalon.core.mobile.keyword.internal.MobileKeywordMain.runKeyword(MobileKeywordMain.groovy:34)
	at com.kms.katalon.core.mobile.keyword.builtin.StartApplicationKeyword.startApplication(StartApplicationKeyword.groovy:91)
	at com.kms.katalon.core.mobile.keyword.builtin.StartApplicationKeyword.execute(StartApplicationKeyword.groovy:48)
	at com.kms.katalon.core.keyword.internal.KeywordExecutor.executeKeywordForPlatform(KeywordExecutor.groovy:74)
	at com.kms.katalon.core.mobile.keyword.MobileBuiltInKeywords.startApplication(MobileBuiltInKeywords.groovy:49)
	at C661-C720-C721_LoginOwnerOrRenter.run(C661-C720-C721_LoginOwnerOrRenter:52)
	at com.kms.katalon.core.main.ScriptEngine.run(ScriptEngine.java:194)
	at com.kms.katalon.core.main.ScriptEngine.runScriptAsRawText(ScriptEngine.java:119)
	at com.kms.katalon.core.main.TestCaseExecutor.runScript(TestCaseExecutor.java:448)
	at com.kms.katalon.core.main.TestCaseExecutor.doExecute(TestCaseExecutor.java:439)
	at com.kms.katalon.core.main.TestCaseExecutor.processExecutionPhase(TestCaseExecutor.java:418)
	at com.kms.katalon.core.main.TestCaseExecutor.accessMainPhase(TestCaseExecutor.java:410)
	at com.kms.katalon.core.main.TestCaseExecutor.execute(TestCaseExecutor.java:285)
	at com.kms.katalon.core.main.TestCaseExecutor.execute(TestCaseExecutor.java:369)
	at com.kms.katalon.core.main.TestCaseExecutor.execute(TestCaseExecutor.java:369)
	at com.kms.katalon.core.main.TestCaseExecutor.execute(TestCaseExecutor.java:369)
	at com.kms.katalon.core.common.CommonExecutor.accessTestCaseMainPhase(CommonExecutor.java:71)
	at com.kms.katalon.core.main.TestSuiteExecutor.accessTestSuiteMainPhase(TestSuiteExecutor.java:160)
	at com.kms.katalon.core.main.TestSuiteExecutor.execute(TestSuiteExecutor.java:107)
	at com.kms.katalon.core.main.TestCaseMain.startTestSuite(TestCaseMain.java:180)
	at TempTestSuite1743573910045.run(TempTestSuite1743573910045.groovy:35)
	at java.base/jdk.internal.reflect.NativeMethodAccessorImpl.invoke0(Native Method)
	at java.base/jdk.internal.reflect.NativeMethodAccessorImpl.invoke(NativeMethodAccessorImpl.java:77)
	at java.base/jdk.internal.reflect.DelegatingMethodAccessorImpl.invoke(DelegatingMethodAccessorImpl.java:43)
Caused by: org.openqa.selenium.SessionNotCreatedException: Could not start a new session. Response code 500. Message: An unknown server-side error occurred while processing the command. Original error: Could not find a connected Android device in 20000ms 
Host info: host: '**********', ip: '**********'
Build info: version: '4.22.0', revision: 'c5f3146703'
System info: os.name: 'Mac OS X', os.arch: 'aarch64', os.version: '15.3.2', java.version: '17.0.14'
Driver info: io.appium.java_client.android.AndroidDriver
Command: [null, newSession {capabilities=[Capabilities {appium:app: /Users/gv.vignesh/Downloads..., appium:autoGrantPermissions: true, appium:automationName: uiautomator2, appium:deviceId: , appium:deviceName: samsung SM-A146B (Android 14), appium:fullReset: true, appium:newCommandTimeout: 1800, appium:noReset: false, appium:platformName: ANDROID, appium:platformVersion: 14, appium:systemPort: 58733, appium:udid: adb-RZCW811B2MK-cCoIXY._adb..., platformName: ANDROID}]}]
Capabilities {appium:app: /Users/gv.vignesh/Downloads..., appium:autoGrantPermissions: true, appium:automationName: uiautomator2, appium:deviceId: , appium:deviceName: samsung SM-A146B (Android 14), appium:fullReset: true, appium:newCommandTimeout: 1800, appium:noReset: false, appium:platformName: ANDROID, appium:platformVersion: 14, appium:systemPort: 58733, appium:udid: adb-RZCW811B2MK-cCoIXY._adb..., platformName: ANDROID}
	at org.openqa.selenium.remote.ProtocolHandshake.createSession(ProtocolHandshake.java:114)
	at org.openqa.selenium.remote.ProtocolHandshake.createSession(ProtocolHandshake.java:75)
	at org.openqa.selenium.remote.ProtocolHandshake.createSession(ProtocolHandshake.java:61)
	at io.appium.java_client.remote.AppiumCommandExecutor.createSession(AppiumCommandExecutor.java:176)
	at io.appium.java_client.remote.AppiumCommandExecutor.execute(AppiumCommandExecutor.java:237)
	at org.openqa.selenium.remote.RemoteWebDriver.execute(RemoteWebDriver.java:518)
	at io.appium.java_client.AppiumDriver.startSession(AppiumDriver.java:270)
	at org.openqa.selenium.remote.RemoteWebDriver.<init>(RemoteWebDriver.java:161)
	at io.appium.java_client.AppiumDriver.<init>(AppiumDriver.java:91)
	at io.appium.java_client.android.AndroidDriver.<init>(AndroidDriver.java:99)
	at com.kms.katalon.core.appium.driver.AppiumDriverManager.createMobileDriver(AppiumDriverManager.java:574)
	at com.kms.katalon.core.appium.driver.AppiumDriverManager.createMobileDriver(AppiumDriverManager.java:551)
	at com.kms.katalon.core.mobile.keyword.internal.MobileDriverFactory.startLocalMobileDriver(MobileDriverFactory.java:597)
	at com.kms.katalon.core.mobile.keyword.internal.MobileDriverFactory.startMobileDriver(MobileDriverFactory.java:510)
	at com.kms.katalon.core.mobile.keyword.builtin.StartApplicationKeyword$_startApplication_closure1.doCall(StartApplicationKeyword.groovy:89)
	at com.kms.katalon.core.mobile.keyword.builtin.StartApplicationKeyword$_startApplication_closure1.call(StartApplicationKeyword.groovy)
	at com.kms.katalon.core.mobile.keyword.internal.MobileKeywordMain.runKeyword(MobileKeywordMain.groovy:30)
	... 23 more]]></system-err>
      </testcase>
      <system-out><![CDATA[02-04-2025T11:35:16 - [TEST_SUITE][FAILED] - WRMA Android Regression: Test Cases/Sign Up New UserPage/C660-C681_SignUpNewUserPage FAILED.
Reason:
com.kms.katalon.core.exception.StepFailedException: Failed to tap on element 'Object Repository/Repo/android.widget.Button - reset'
	at com.kms.katalon.core.mobile.keyword.internal.MobileKeywordMain.stepFailed(MobileKeywordMain.groovy:64)
	at com.kms.katalon.core.mobile.keyword.internal.MobileKeywordMain.runKeyword(MobileKeywordMain.groovy:34)
	at com.kms.katalon.core.mobile.keyword.builtin.TapKeyword.tap(TapKeyword.groovy:51)
	at com.kms.katalon.core.mobile.keyword.builtin.TapKeyword.execute(TapKeyword.groovy:35)
	at com.kms.katalon.core.keyword.internal.KeywordExecutor.executeKeywordForPlatform(KeywordExecutor.groovy:74)
	at com.kms.katalon.core.mobile.keyword.MobileBuiltInKeywords.tap(MobileBuiltInKeywords.groovy:1461)
	at EmailValidationTests.testAlreadyUsedEmailAddress(Script1743084213202.groovy:119)
	at EmailValidationTests.runAllTests(Script1743084213202.groovy:217)
	at C660-C681_SignUpNewUserPage.run(C660-C681_SignUpNewUserPage:227)
	at com.kms.katalon.core.main.ScriptEngine.run(ScriptEngine.java:194)
	at com.kms.katalon.core.main.ScriptEngine.runScriptAsRawText(ScriptEngine.java:119)
	at com.kms.katalon.core.main.TestCaseExecutor.runScript(TestCaseExecutor.java:448)
	at com.kms.katalon.core.main.TestCaseExecutor.doExecute(TestCaseExecutor.java:439)
	at com.kms.katalon.core.main.TestCaseExecutor.processExecutionPhase(TestCaseExecutor.java:418)
	at com.kms.katalon.core.main.TestCaseExecutor.accessMainPhase(TestCaseExecutor.java:410)
	at com.kms.katalon.core.main.TestCaseExecutor.execute(TestCaseExecutor.java:285)
	at com.kms.katalon.core.common.CommonExecutor.accessTestCaseMainPhase(CommonExecutor.java:71)
	at com.kms.katalon.core.main.TestSuiteExecutor.accessTestSuiteMainPhase(TestSuiteExecutor.java:160)
	at com.kms.katalon.core.main.TestSuiteExecutor.execute(TestSuiteExecutor.java:107)
	at com.kms.katalon.core.main.TestCaseMain.startTestSuite(TestCaseMain.java:180)
	at TempTestSuite1743573910045.run(TempTestSuite1743573910045.groovy:35)
	at java.base/jdk.internal.reflect.NativeMethodAccessorImpl.invoke0(Native Method)
	at java.base/jdk.internal.reflect.NativeMethodAccessorImpl.invoke(NativeMethodAccessorImpl.java:77)
	at java.base/jdk.internal.reflect.DelegatingMethodAccessorImpl.invoke(DelegatingMethodAccessorImpl.java:43)
Caused by: org.openqa.selenium.StaleElementReferenceException: Cached elements 'By.xpath: //*[@class = 'android.widget.Button' and (@text = 'reset' or . = 'reset')]' do not exist in DOM anymore
For documentation on this error, please visit: https://www.selenium.dev/documentation/webdriver/troubleshooting/errors#stale-element-reference-exception
Build info: version: '4.22.0', revision: 'c5f3146703'
System info: os.name: 'Mac OS X', os.arch: 'aarch64', os.version: '15.3.2', java.version: '17.0.14'
Driver info: io.appium.java_client.android.AndroidDriver
Command: [668e7f44-8619-4f64-9346-547db4f0b4c7, getElementRect {id=00000000-0000-004e-0000-016d00000007}]
Capabilities {appium:app: /Users/gv.vignesh/Downloads..., appium:appActivity: com.westgate.rewrite2.MainA..., appium:appPackage: com.westgate.rewrite2, appium:autoGrantPermissions: true, appium:automationName: uiautomator2, appium:databaseEnabled: false, appium:desired: {app: /Users/gv.vignesh/Downloads..., autoGrantPermissions: true, automationName: uiautomator2, deviceId: , deviceName: samsung SM-A146B (Android 14), fullReset: true, newCommandTimeout: 1800, noReset: false, platformName: ANDROID, platformVersion: 14, systemPort: 55961, udid: adb-RZCW811B2MK-cCoIXY._adb...}, appium:deviceApiLevel: 34, appium:deviceId: , appium:deviceManufacturer: samsung, appium:deviceModel: SM-A146B, appium:deviceName: adb-RZCW811B2MK-cCoIXY._adb..., appium:deviceScreenDensity: 450, appium:deviceScreenSize: 1080x2408, appium:deviceUDID: adb-RZCW811B2MK-cCoIXY._adb..., appium:fullReset: true, appium:javascriptEnabled: true, appium:locationContextEnabled: false, appium:networkConnectionEnabled: true, appium:newCommandTimeout: 1800, appium:noReset: false, appium:pixelRatio: 2.8125, appium:platformVersion: 14, appium:statBarHeight: 65, appium:systemPort: 55961, appium:takesScreenshot: true, appium:udid: adb-RZCW811B2MK-cCoIXY._adb..., appium:viewportRect: {height: 2343, left: 0, top: 65, width: 1080}, appium:warnings: {}, appium:webStorageEnabled: false, platformName: ANDROID}
Element: [[AndroidDriver:  on ANDROID (668e7f44-8619-4f64-9346-547db4f0b4c7)] -> xpath: //*[@class = 'android.widget.Button' and (@text = 'reset' or . = 'reset')]]
Session ID: 668e7f44-8619-4f64-9346-547db4f0b4c7
	at java.base/jdk.internal.reflect.NativeConstructorAccessorImpl.newInstance0(Native Method)
	at java.base/jdk.internal.reflect.NativeConstructorAccessorImpl.newInstance(NativeConstructorAccessorImpl.java:77)
	at java.base/jdk.internal.reflect.DelegatingConstructorAccessorImpl.newInstance(DelegatingConstructorAccessorImpl.java:45)
	at org.openqa.selenium.remote.ErrorCodec.decode(ErrorCodec.java:167)
	at org.openqa.selenium.remote.codec.w3c.W3CHttpResponseCodec.decode(W3CHttpResponseCodec.java:138)
	at org.openqa.selenium.remote.codec.w3c.W3CHttpResponseCodec.decode(W3CHttpResponseCodec.java:50)
	at org.openqa.selenium.remote.HttpCommandExecutor.execute(HttpCommandExecutor.java:190)
	at io.appium.java_client.remote.AppiumCommandExecutor.execute(AppiumCommandExecutor.java:237)
	at org.openqa.selenium.remote.RemoteWebDriver.execute(RemoteWebDriver.java:518)
	at org.openqa.selenium.remote.RemoteWebElement.execute(RemoteWebElement.java:223)
	at org.openqa.selenium.remote.RemoteWebElement.getLocation(RemoteWebElement.java:297)
	at org.openqa.selenium.WebElement$getLocation.call(Unknown Source)
	at com.kms.katalon.core.mobile.keyword.internal.MobileAbstractKeyword.findElement(MobileAbstractKeyword.groovy:86)
	at jdk.internal.reflect.GeneratedMethodAccessor5.invoke(Unknown Source)
	at java.base/jdk.internal.reflect.DelegatingMethodAccessorImpl.invoke(DelegatingMethodAccessorImpl.java:43)
	at com.kms.katalon.core.mobile.keyword.builtin.TapKeyword$_tap_closure1.doCall(TapKeyword.groovy:43)
	at com.kms.katalon.core.mobile.keyword.builtin.TapKeyword$_tap_closure1.call(TapKeyword.groovy)
	at com.kms.katalon.core.mobile.keyword.internal.MobileKeywordMain.runKeyword(MobileKeywordMain.groovy:30)
	... 22 more]]></system-out>
      <system-err><![CDATA[02-04-2025T11:35:16 - [TEST_SUITE][FAILED] - WRMA Android Regression: Test Cases/Sign Up New UserPage/C660-C681_SignUpNewUserPage FAILED.
Reason:
com.kms.katalon.core.exception.StepFailedException: Failed to tap on element 'Object Repository/Repo/android.widget.Button - reset'
	at com.kms.katalon.core.mobile.keyword.internal.MobileKeywordMain.stepFailed(MobileKeywordMain.groovy:64)
	at com.kms.katalon.core.mobile.keyword.internal.MobileKeywordMain.runKeyword(MobileKeywordMain.groovy:34)
	at com.kms.katalon.core.mobile.keyword.builtin.TapKeyword.tap(TapKeyword.groovy:51)
	at com.kms.katalon.core.mobile.keyword.builtin.TapKeyword.execute(TapKeyword.groovy:35)
	at com.kms.katalon.core.keyword.internal.KeywordExecutor.executeKeywordForPlatform(KeywordExecutor.groovy:74)
	at com.kms.katalon.core.mobile.keyword.MobileBuiltInKeywords.tap(MobileBuiltInKeywords.groovy:1461)
	at EmailValidationTests.testAlreadyUsedEmailAddress(Script1743084213202.groovy:119)
	at EmailValidationTests.runAllTests(Script1743084213202.groovy:217)
	at C660-C681_SignUpNewUserPage.run(C660-C681_SignUpNewUserPage:227)
	at com.kms.katalon.core.main.ScriptEngine.run(ScriptEngine.java:194)
	at com.kms.katalon.core.main.ScriptEngine.runScriptAsRawText(ScriptEngine.java:119)
	at com.kms.katalon.core.main.TestCaseExecutor.runScript(TestCaseExecutor.java:448)
	at com.kms.katalon.core.main.TestCaseExecutor.doExecute(TestCaseExecutor.java:439)
	at com.kms.katalon.core.main.TestCaseExecutor.processExecutionPhase(TestCaseExecutor.java:418)
	at com.kms.katalon.core.main.TestCaseExecutor.accessMainPhase(TestCaseExecutor.java:410)
	at com.kms.katalon.core.main.TestCaseExecutor.execute(TestCaseExecutor.java:285)
	at com.kms.katalon.core.common.CommonExecutor.accessTestCaseMainPhase(CommonExecutor.java:71)
	at com.kms.katalon.core.main.TestSuiteExecutor.accessTestSuiteMainPhase(TestSuiteExecutor.java:160)
	at com.kms.katalon.core.main.TestSuiteExecutor.execute(TestSuiteExecutor.java:107)
	at com.kms.katalon.core.main.TestCaseMain.startTestSuite(TestCaseMain.java:180)
	at TempTestSuite1743573910045.run(TempTestSuite1743573910045.groovy:35)
	at java.base/jdk.internal.reflect.NativeMethodAccessorImpl.invoke0(Native Method)
	at java.base/jdk.internal.reflect.NativeMethodAccessorImpl.invoke(NativeMethodAccessorImpl.java:77)
	at java.base/jdk.internal.reflect.DelegatingMethodAccessorImpl.invoke(DelegatingMethodAccessorImpl.java:43)
Caused by: org.openqa.selenium.StaleElementReferenceException: Cached elements 'By.xpath: //*[@class = 'android.widget.Button' and (@text = 'reset' or . = 'reset')]' do not exist in DOM anymore
For documentation on this error, please visit: https://www.selenium.dev/documentation/webdriver/troubleshooting/errors#stale-element-reference-exception
Build info: version: '4.22.0', revision: 'c5f3146703'
System info: os.name: 'Mac OS X', os.arch: 'aarch64', os.version: '15.3.2', java.version: '17.0.14'
Driver info: io.appium.java_client.android.AndroidDriver
Command: [668e7f44-8619-4f64-9346-547db4f0b4c7, getElementRect {id=00000000-0000-004e-0000-016d00000007}]
Capabilities {appium:app: /Users/gv.vignesh/Downloads..., appium:appActivity: com.westgate.rewrite2.MainA..., appium:appPackage: com.westgate.rewrite2, appium:autoGrantPermissions: true, appium:automationName: uiautomator2, appium:databaseEnabled: false, appium:desired: {app: /Users/gv.vignesh/Downloads..., autoGrantPermissions: true, automationName: uiautomator2, deviceId: , deviceName: samsung SM-A146B (Android 14), fullReset: true, newCommandTimeout: 1800, noReset: false, platformName: ANDROID, platformVersion: 14, systemPort: 55961, udid: adb-RZCW811B2MK-cCoIXY._adb...}, appium:deviceApiLevel: 34, appium:deviceId: , appium:deviceManufacturer: samsung, appium:deviceModel: SM-A146B, appium:deviceName: adb-RZCW811B2MK-cCoIXY._adb..., appium:deviceScreenDensity: 450, appium:deviceScreenSize: 1080x2408, appium:deviceUDID: adb-RZCW811B2MK-cCoIXY._adb..., appium:fullReset: true, appium:javascriptEnabled: true, appium:locationContextEnabled: false, appium:networkConnectionEnabled: true, appium:newCommandTimeout: 1800, appium:noReset: false, appium:pixelRatio: 2.8125, appium:platformVersion: 14, appium:statBarHeight: 65, appium:systemPort: 55961, appium:takesScreenshot: true, appium:udid: adb-RZCW811B2MK-cCoIXY._adb..., appium:viewportRect: {height: 2343, left: 0, top: 65, width: 1080}, appium:warnings: {}, appium:webStorageEnabled: false, platformName: ANDROID}
Element: [[AndroidDriver:  on ANDROID (668e7f44-8619-4f64-9346-547db4f0b4c7)] -> xpath: //*[@class = 'android.widget.Button' and (@text = 'reset' or . = 'reset')]]
Session ID: 668e7f44-8619-4f64-9346-547db4f0b4c7
	at java.base/jdk.internal.reflect.NativeConstructorAccessorImpl.newInstance0(Native Method)
	at java.base/jdk.internal.reflect.NativeConstructorAccessorImpl.newInstance(NativeConstructorAccessorImpl.java:77)
	at java.base/jdk.internal.reflect.DelegatingConstructorAccessorImpl.newInstance(DelegatingConstructorAccessorImpl.java:45)
	at org.openqa.selenium.remote.ErrorCodec.decode(ErrorCodec.java:167)
	at org.openqa.selenium.remote.codec.w3c.W3CHttpResponseCodec.decode(W3CHttpResponseCodec.java:138)
	at org.openqa.selenium.remote.codec.w3c.W3CHttpResponseCodec.decode(W3CHttpResponseCodec.java:50)
	at org.openqa.selenium.remote.HttpCommandExecutor.execute(HttpCommandExecutor.java:190)
	at io.appium.java_client.remote.AppiumCommandExecutor.execute(AppiumCommandExecutor.java:237)
	at org.openqa.selenium.remote.RemoteWebDriver.execute(RemoteWebDriver.java:518)
	at org.openqa.selenium.remote.RemoteWebElement.execute(RemoteWebElement.java:223)
	at org.openqa.selenium.remote.RemoteWebElement.getLocation(RemoteWebElement.java:297)
	at org.openqa.selenium.WebElement$getLocation.call(Unknown Source)
	at com.kms.katalon.core.mobile.keyword.internal.MobileAbstractKeyword.findElement(MobileAbstractKeyword.groovy:86)
	at jdk.internal.reflect.GeneratedMethodAccessor5.invoke(Unknown Source)
	at java.base/jdk.internal.reflect.DelegatingMethodAccessorImpl.invoke(DelegatingMethodAccessorImpl.java:43)
	at com.kms.katalon.core.mobile.keyword.builtin.TapKeyword$_tap_closure1.doCall(TapKeyword.groovy:43)
	at com.kms.katalon.core.mobile.keyword.builtin.TapKeyword$_tap_closure1.call(TapKeyword.groovy)
	at com.kms.katalon.core.mobile.keyword.internal.MobileKeywordMain.runKeyword(MobileKeywordMain.groovy:30)
	... 22 more]]></system-err>
   </testsuite>
</testsuites>
