<?xml version="1.0" encoding="UTF-8"?>
<testsuites name="WRMA Android Regression" time="3239.412" tests="8" failures="0" errors="0">
   <testsuite name="WRMA Android Regression" tests="8" failures="0" errors="0" time="3239.412" skipped="0" timestamp="02-04-2025T17:44:48" hostname="**********" id="Test Suites/WRMA Android Regression">
      <properties>
         <property name="deviceName" value="Xiaomi 23076PC4BI (Android 15)"/>
         <property name="devicePlatform" value="Android"/>
         <property name="logFolder" value="/Users/gv.vignesh/Downloads/WGR-Android-Automation/Reports/20250402_174444/WRMA Android Regression/20250402_174444"/>
         <property name="logFiles" value="/Users/gv.vignesh/Downloads/WGR-Android-Automation/Reports/20250402_174444/WRMA Android Regression/20250402_174444/execution0.log, /Users/gv.vignesh/Downloads/WGR-Android-Automation/Reports/20250402_174444/WRMA Android Regression/20250402_174444/appium_error.log, /Users/gv.vignesh/Downloads/WGR-Android-Automation/Reports/20250402_174444/WRMA Android Regression/20250402_174444/appium.log"/>
         <property name="attachments" value="/Users/gv.vignesh/Downloads/WGR-Android-Automation/Reports/20250402_174444/WRMA Android Regression/20250402_174444/1743596850859.png, /Users/gv.vignesh/Downloads/WGR-Android-Automation/Reports/20250402_174444/WRMA Android Regression/20250402_174444/1743596958365.png, /Users/gv.vignesh/Downloads/WGR-Android-Automation/Reports/20250402_174444/WRMA Android Regression/20250402_174444/1743596989669.png, /Users/gv.vignesh/Downloads/WGR-Android-Automation/Reports/20250402_174444/WRMA Android Regression/20250402_174444/1743596997017.png, /Users/gv.vignesh/Downloads/WGR-Android-Automation/Reports/20250402_174444/WRMA Android Regression/20250402_174444/1743597574605.png, /Users/gv.vignesh/Downloads/WGR-Android-Automation/Reports/20250402_174444/WRMA Android Regression/20250402_174444/1743597881952.png, /Users/gv.vignesh/Downloads/WGR-Android-Automation/Reports/20250402_174444/WRMA Android Regression/20250402_174444/1743597883600.png, /Users/gv.vignesh/Downloads/WGR-Android-Automation/Reports/20250402_174444/WRMA Android Regression/20250402_174444/1743598295395.png, /Users/gv.vignesh/Downloads/WGR-Android-Automation/Reports/20250402_174444/WRMA Android Regression/20250402_174444/1743598703549.png, /Users/gv.vignesh/Downloads/WGR-Android-Automation/Reports/20250402_174444/WRMA Android Regression/20250402_174444/1743598706955.png, /Users/gv.vignesh/Downloads/WGR-Android-Automation/Reports/20250402_174444/WRMA Android Regression/20250402_174444/1743599097759.png, /Users/gv.vignesh/Downloads/WGR-Android-Automation/Reports/20250402_174444/WRMA Android Regression/20250402_174444/1743599099404.png"/>
         <property name="hostName" value="**********"/>
         <property name="os" value="Mac OS X 64bit"/>
         <property name="appiumServerStatus" value="{&quot;value&quot;:{&quot;ready&quot;:true,&quot;message&quot;:&quot;The server is ready to accept new connections&quot;,&quot;build&quot;:{&quot;version&quot;:&quot;2.17.1&quot;,&quot;git-sha&quot;:&quot;9b1efcd944408db0bd85f82fe4724ccae04a812f&quot;,&quot;built&quot;:&quot;2025-03-31 08:55:01 +0000&quot;}}}"/>
         <property name="katalonVersion" value="10.1.1.0"/>
         <property name="deviceOS" value="Android"/>
         <property name="appiumVersion" value="2.17.1"/>
         <property name="deviceModel" value="23076PC4BI"/>
         <property name="hostAddress" value="**********"/>
         <property name="deviceManufacturer" value="Xiaomi"/>
         <property name="deviceId" value="a6e538dc5180"/>
         <property name="deviceName" value="Xiaomi 23076PC4BI (Android 15)"/>
         <property name="deviceOSVersion" value="15"/>
      </properties>
      <testcase name="Test Cases/App Installation And Launching/C658-C667-C668_AppInstallationAndLaunching" time="186.221" classname="Test Cases/App Installation And Launching/C658-C667-C668_AppInstallationAndLaunching" status="PASSED">
         <system-out><![CDATA[02-04-2025T17:44:48 - [TEST_CASE][PASSED] - Test Cases/App Installation And Launching/C658-C667-C668_AppInstallationAndLaunching: Test Cases/App Installation And Launching/C658-C667-C668_AppInstallationAndLaunching

02-04-2025T17:44:48 - [TEST_STEP][PASSED] - startApplication(appUrl, true): Started application: '/Users/gv.vignesh/Downloads/WGR-Android-Automation/App Folder/universal.apk'

02-04-2025T17:44:48 - [MESSAGE][INFO] - Starting application: '/Users/gv.vignesh/Downloads/WGR-Android-Automation/App Folder/universal.apk'

02-04-2025T17:44:48 - [MESSAGE][INFO] - User set preference: ['deviceId', '']

02-04-2025T17:44:48 - [MESSAGE][INFO] - Detected NodeJS location: "/opt/homebrew/Cellar/node/23.10.0_1/bin/node"

02-04-2025T17:44:48 - [MESSAGE][INFO] - PATH: /opt/homebrew/Cellar/node/23.10.0_1/bin:/opt/homebrew/bin:/usr/bin:/bin:/usr/sbin:/sbin:/Applications/Katalon Studio Enterprise.app/Contents/Eclipse/jre/Contents/Home/bin:/usr/local/bin/

02-04-2025T17:44:48 - [MESSAGE][INFO] - APPIUM_HOME: /Users/gv.vignesh/.appium

02-04-2025T17:44:48 - [MESSAGE][INFO] - appium outlog: /Users/gv.vignesh/Downloads/WGR-Android-Automation/Reports/20250402_174444/WRMA Android Regression/20250402_174444/appium.log

02-04-2025T17:44:48 - [MESSAGE][INFO] - appium errlog: /Users/gv.vignesh/Downloads/WGR-Android-Automation/Reports/20250402_174444/WRMA Android Regression/20250402_174444/appium_error.log

02-04-2025T17:44:49 - [MESSAGE][INFO] - Appium server started on port 54,114

02-04-2025T17:45:27 - [MESSAGE][PASSED] - Started application: '/Users/gv.vignesh/Downloads/WGR-Android-Automation/App Folder/universal.apk'

02-04-2025T17:45:27 - [TEST_STEP][PASSED] - delay(3): Delayed 3 second(s)

02-04-2025T17:45:30 - [MESSAGE][PASSED] - Delayed 3 second(s)

02-04-2025T17:45:30 - [TEST_STEP][PASSED] - verifyElementExist(findTestObject("Object Repository/Repo/android.widget.TextView - Youre Moments Away FromCustomized Vacation Experiences"), 0): Element 'Object Repository/Repo/android.widget.TextView - Youre Moments Away FromCustomized Vacation Experiences' is exist

02-04-2025T17:45:30 - [MESSAGE][WARNING] - Timeout '0' is invalid. Using default page load timeout: '30'

02-04-2025T17:45:36 - [MESSAGE][PASSED] - Element 'Object Repository/Repo/android.widget.TextView - Youre Moments Away FromCustomized Vacation Experiences' is exist

02-04-2025T17:45:36 - [TEST_STEP][PASSED] - delay(3): Delayed 3 second(s)

02-04-2025T17:45:39 - [MESSAGE][PASSED] - Delayed 3 second(s)

02-04-2025T17:45:39 - [TEST_STEP][PASSED] - text = getText(findTestObject("Object Repository/Repo/android.widget.TextView - Youre Moments Away FromCustomized Vacation Experiences"), 0): Text of element 'Object Repository/Repo/android.widget.TextView - Youre Moments Away FromCustomized Vacation Experiences' is: 'You’re Moments Away From
Customized Vacation Experiences.'

02-04-2025T17:45:39 - [MESSAGE][WARNING] - Timeout '0' is invalid. Using default page load timeout: '30'

02-04-2025T17:45:39 - [MESSAGE][PASSED] - Text of element 'Object Repository/Repo/android.widget.TextView - Youre Moments Away FromCustomized Vacation Experiences' is: 'You’re Moments Away From
Customized Vacation Experiences.'

02-04-2025T17:45:39 - [TEST_STEP][PASSED] - println("Text: " + text): null

02-04-2025T17:45:39 - [TEST_STEP][PASSED] - delay(3): Delayed 3 second(s)

02-04-2025T17:45:42 - [MESSAGE][PASSED] - Delayed 3 second(s)

02-04-2025T17:45:42 - [TEST_STEP][PASSED] - verifyElementExist(findTestObject("Object Repository/Repo/android.widget.Button - Login or Sign Up"), 0): Element 'Object Repository/Repo/android.widget.Button - Login or Sign Up' is exist

02-04-2025T17:45:42 - [MESSAGE][WARNING] - Timeout '0' is invalid. Using default page load timeout: '30'

02-04-2025T17:45:42 - [MESSAGE][PASSED] - Element 'Object Repository/Repo/android.widget.Button - Login or Sign Up' is exist

02-04-2025T17:45:42 - [TEST_STEP][PASSED] - delay(3): Delayed 3 second(s)

02-04-2025T17:45:45 - [MESSAGE][PASSED] - Delayed 3 second(s)

02-04-2025T17:45:45 - [TEST_STEP][PASSED] - verifyElementExist(findTestObject("Object Repository/Repo/android.view.View - Home"), 0): Element 'Object Repository/Repo/android.view.View - Home' is exist

02-04-2025T17:45:45 - [MESSAGE][WARNING] - Timeout '0' is invalid. Using default page load timeout: '30'

02-04-2025T17:45:46 - [MESSAGE][PASSED] - Element 'Object Repository/Repo/android.view.View - Home' is exist

02-04-2025T17:45:46 - [TEST_STEP][PASSED] - delay(3): Delayed 3 second(s)

02-04-2025T17:45:49 - [MESSAGE][PASSED] - Delayed 3 second(s)

02-04-2025T17:45:49 - [TEST_STEP][PASSED] - verifyElementExist(findTestObject("Object Repository/Repo/android.view.View - My Account"), 0): Element 'Object Repository/Repo/android.view.View - My Account' is exist

02-04-2025T17:45:49 - [MESSAGE][WARNING] - Timeout '0' is invalid. Using default page load timeout: '30'

02-04-2025T17:45:49 - [MESSAGE][PASSED] - Element 'Object Repository/Repo/android.view.View - My Account' is exist

02-04-2025T17:45:49 - [TEST_STEP][PASSED] - delay(3): Delayed 3 second(s)

02-04-2025T17:45:52 - [MESSAGE][PASSED] - Delayed 3 second(s)

02-04-2025T17:45:52 - [TEST_STEP][PASSED] - tap(findTestObject("Object Repository/Repo/android.widget.TextView - Vacation More. Get More"), 0): Tapped on element 'Object Repository/Repo/android.widget.TextView - Vacation More. Get More'

02-04-2025T17:45:52 - [MESSAGE][WARNING] - Timeout '0' is invalid. Using default page load timeout: '30'

02-04-2025T17:45:54 - [MESSAGE][PASSED] - Tapped on element 'Object Repository/Repo/android.widget.TextView - Vacation More. Get More'

02-04-2025T17:45:54 - [TEST_STEP][PASSED] - delay(3): Delayed 3 second(s)

02-04-2025T17:45:57 - [MESSAGE][PASSED] - Delayed 3 second(s)

02-04-2025T17:45:57 - [TEST_STEP][PASSED] - verifyElementVisible(findTestObject("Object Repository/Repo/android.widget.TextView - Vacation More. Get More"), 0): Element 'Object Repository/Repo/android.widget.TextView - Vacation More. Get More' is visible

02-04-2025T17:45:57 - [MESSAGE][WARNING] - Timeout '0' is invalid. Using default page load timeout: '30'

02-04-2025T17:45:57 - [MESSAGE][PASSED] - Element 'Object Repository/Repo/android.widget.TextView - Vacation More. Get More' is visible

02-04-2025T17:45:57 - [TEST_STEP][PASSED] - delay(3): Delayed 3 second(s)

02-04-2025T17:46:00 - [MESSAGE][PASSED] - Delayed 3 second(s)

02-04-2025T17:46:00 - [TEST_STEP][PASSED] - verifyElementVisible(findTestObject("Object Repository/Repo/android.widget.TextView - Explore Westgate Loyalty"), 0): Element 'Object Repository/Repo/android.widget.TextView - Explore Westgate Loyalty' is visible

02-04-2025T17:46:00 - [MESSAGE][WARNING] - Timeout '0' is invalid. Using default page load timeout: '30'

02-04-2025T17:46:00 - [MESSAGE][PASSED] - Element 'Object Repository/Repo/android.widget.TextView - Explore Westgate Loyalty' is visible

02-04-2025T17:46:00 - [TEST_STEP][PASSED] - delay(3): Delayed 3 second(s)

02-04-2025T17:46:03 - [MESSAGE][PASSED] - Delayed 3 second(s)

02-04-2025T17:46:03 - [TEST_STEP][PASSED] - tap(findTestObject("Object Repository/Repo/android.widget.TextView - Continue as a Guest"), 0): Tapped on element 'Object Repository/Repo/android.widget.TextView - Continue as a Guest'

02-04-2025T17:46:03 - [MESSAGE][WARNING] - Timeout '0' is invalid. Using default page load timeout: '30'

02-04-2025T17:46:04 - [MESSAGE][PASSED] - Tapped on element 'Object Repository/Repo/android.widget.TextView - Continue as a Guest'

02-04-2025T17:46:04 - [TEST_STEP][PASSED] - isElementVisible = waitForElementPresent(findTestObject("Object Repository/Repo/android.widget.TextView - Continue as a Guest"), 10): Element 'Object Repository/Repo/android.widget.TextView - Continue as a Guest' is present

02-04-2025T17:46:04 - [MESSAGE][PASSED] - Element 'Object Repository/Repo/android.widget.TextView - Continue as a Guest' is present

02-04-2025T17:46:04 - [TEST_STEP][PASSED] - if (!(isElementVisible)): null

02-04-2025T17:46:04 - [TEST_STEP][PASSED] - else: Failed: Expected element not found after tapping 'Continue as a Guest.

02-04-2025T17:46:04 - [TEST_STEP][PASSED] - logInfo("Failed: Expected element not found after tapping 'Continue as a Guest."): Failed: Expected element not found after tapping 'Continue as a Guest.

02-04-2025T17:46:04 - [MESSAGE][INFO] - Failed: Expected element not found after tapping 'Continue as a Guest.

02-04-2025T17:46:04 - [TEST_STEP][PASSED] - delay(10): Delayed 10 second(s)

02-04-2025T17:46:14 - [MESSAGE][PASSED] - Delayed 10 second(s)

02-04-2025T17:46:14 - [TEST_STEP][PASSED] - tap(findTestObject("Object Repository/Repo/android.widget.Button - menu"), 0): Tapped on element 'Object Repository/Repo/android.widget.Button - menu'

02-04-2025T17:46:14 - [MESSAGE][WARNING] - Timeout '0' is invalid. Using default page load timeout: '30'

02-04-2025T17:46:14 - [MESSAGE][PASSED] - Tapped on element 'Object Repository/Repo/android.widget.Button - menu'

02-04-2025T17:46:14 - [TEST_STEP][PASSED] - delay(30): Delayed 30 second(s)

02-04-2025T17:46:44 - [MESSAGE][PASSED] - Delayed 30 second(s)

02-04-2025T17:46:44 - [TEST_STEP][PASSED] - tap(findTestObject("Object Repository/Repo/android.widget.TextView - Terms and Conditions-Menu"), 0): Tapped on element 'Object Repository/Repo/android.widget.TextView - Terms and Conditions-Menu'

02-04-2025T17:46:44 - [MESSAGE][WARNING] - Timeout '0' is invalid. Using default page load timeout: '30'

02-04-2025T17:46:45 - [MESSAGE][PASSED] - Tapped on element 'Object Repository/Repo/android.widget.TextView - Terms and Conditions-Menu'

02-04-2025T17:46:45 - [TEST_STEP][PASSED] - delay(10): Delayed 10 second(s)

02-04-2025T17:46:55 - [MESSAGE][PASSED] - Delayed 10 second(s)

02-04-2025T17:46:55 - [TEST_STEP][PASSED] - if (waitForElementPresent(findTestObject("Object Repository/Repo/android.view.View-Terms and conditions web"), 30, CONTINUE_ON_FAILURE)): null

02-04-2025T17:46:57 - [MESSAGE][PASSED] - Element 'Object Repository/Repo/android.view.View-Terms and conditions web' is present

02-04-2025T17:46:57 - [TEST_STEP][PASSED] - println("Element 'android.view.View - Terms & Conditions-Webview' exists."): null

02-04-2025T17:46:57 - [TEST_STEP][PASSED] - delay(10): Delayed 10 second(s)

02-04-2025T17:47:07 - [MESSAGE][PASSED] - Delayed 10 second(s)

02-04-2025T17:47:07 - [TEST_STEP][PASSED] - tap(findTestObject("Object Repository/Repo/android.widget.ImageButton-Cancel web"), 0): Tapped on element 'Object Repository/Repo/android.widget.ImageButton-Cancel web'

02-04-2025T17:47:07 - [MESSAGE][WARNING] - Timeout '0' is invalid. Using default page load timeout: '30'

02-04-2025T17:47:10 - [MESSAGE][PASSED] - Tapped on element 'Object Repository/Repo/android.widget.ImageButton-Cancel web'

02-04-2025T17:47:10 - [TEST_STEP][PASSED] - delay(15): Delayed 15 second(s)

02-04-2025T17:47:25 - [MESSAGE][PASSED] - Delayed 15 second(s)

02-04-2025T17:47:25 - [TEST_STEP][PASSED] - tap(findTestObject("Object Repository/Repo/android.widget.Button - menu"), 0): Tapped on element 'Object Repository/Repo/android.widget.Button - menu'

02-04-2025T17:47:25 - [MESSAGE][WARNING] - Timeout '0' is invalid. Using default page load timeout: '30'

02-04-2025T17:47:25 - [MESSAGE][PASSED] - Tapped on element 'Object Repository/Repo/android.widget.Button - menu'

02-04-2025T17:47:25 - [TEST_STEP][PASSED] - delay(15): Delayed 15 second(s)

02-04-2025T17:47:40 - [MESSAGE][PASSED] - Delayed 15 second(s)

02-04-2025T17:47:40 - [TEST_STEP][PASSED] - tap(findTestObject("Object Repository/Repo/android.widget.TextView - Privacy Policy-Menu"), 0): Tapped on element 'Object Repository/Repo/android.widget.TextView - Privacy Policy-Menu'

02-04-2025T17:47:40 - [MESSAGE][WARNING] - Timeout '0' is invalid. Using default page load timeout: '30'

02-04-2025T17:47:41 - [MESSAGE][PASSED] - Tapped on element 'Object Repository/Repo/android.widget.TextView - Privacy Policy-Menu'

02-04-2025T17:47:41 - [TEST_STEP][PASSED] - if (waitForElementPresent(findTestObject("Object Repository/Repo/android.widget.TextView - Privacy Policy-web"), 30, CONTINUE_ON_FAILURE)): null

02-04-2025T17:47:49 - [MESSAGE][PASSED] - Element 'Object Repository/Repo/android.widget.TextView - Privacy Policy-web' is present

02-04-2025T17:47:49 - [TEST_STEP][PASSED] - println("Element 'android.widget.TextView - Privacy Policy-web' exists."): null

02-04-2025T17:47:49 - [TEST_STEP][PASSED] - closeApplication(): Close app successfully

02-04-2025T17:47:54 - [MESSAGE][PASSED] - Close app successfully

02-04-2025T17:47:54 - [TEST_STEP][PASSED] - closeBrowser(): Browser is closed

02-04-2025T17:47:54 - [MESSAGE][PASSED] - Browser is closed]]></system-out>
         <system-err><![CDATA[]]></system-err>
      </testcase>
      <testcase name="Test Cases/Guest User Mode/C666-C719-C738_GuestUserMode" time="141.735" classname="Test Cases/Guest User Mode/C666-C719-C738_GuestUserMode" status="PASSED">
         <system-out><![CDATA[02-04-2025T17:48:23 - [TEST_CASE][PASSED] - Test Cases/Guest User Mode/C666-C719-C738_GuestUserMode: Test Cases/Guest User Mode/C666-C719-C738_GuestUserMode

02-04-2025T17:48:23 - [TEST_STEP][PASSED] - startApplication(appUrl, true): Started application: '/Users/gv.vignesh/Downloads/WGR-Android-Automation/App Folder/universal.apk'

02-04-2025T17:48:23 - [MESSAGE][INFO] - Starting application: '/Users/gv.vignesh/Downloads/WGR-Android-Automation/App Folder/universal.apk'

02-04-2025T17:48:23 - [MESSAGE][INFO] - User set preference: ['deviceId', '']

02-04-2025T17:48:58 - [MESSAGE][PASSED] - Started application: '/Users/gv.vignesh/Downloads/WGR-Android-Automation/App Folder/universal.apk'

02-04-2025T17:48:58 - [TEST_STEP][PASSED] - delay(10): Delayed 10 second(s)

02-04-2025T17:49:08 - [MESSAGE][PASSED] - Delayed 10 second(s)

02-04-2025T17:49:08 - [TEST_STEP][PASSED] - tap(findTestObject("Object Repository/Repo/android.widget.TextView - Continue as a Guest"), 0): Tapped on element 'Object Repository/Repo/android.widget.TextView - Continue as a Guest'

02-04-2025T17:49:08 - [MESSAGE][WARNING] - Timeout '0' is invalid. Using default page load timeout: '30'

02-04-2025T17:49:10 - [MESSAGE][PASSED] - Tapped on element 'Object Repository/Repo/android.widget.TextView - Continue as a Guest'

02-04-2025T17:49:10 - [TEST_STEP][PASSED] - delay(10): Delayed 10 second(s)

02-04-2025T17:49:20 - [MESSAGE][PASSED] - Delayed 10 second(s)

02-04-2025T17:49:20 - [TEST_STEP][PASSED] - tap(findTestObject("Object Repository/Repo/android.widget.Button - menu"), 0): Tapped on element 'Object Repository/Repo/android.widget.Button - menu'

02-04-2025T17:49:20 - [MESSAGE][WARNING] - Timeout '0' is invalid. Using default page load timeout: '30'

02-04-2025T17:49:49 - [MESSAGE][PASSED] - Tapped on element 'Object Repository/Repo/android.widget.Button - menu'

02-04-2025T17:49:49 - [TEST_STEP][PASSED] - delay(20): Delayed 20 second(s)

02-04-2025T17:50:09 - [MESSAGE][PASSED] - Delayed 20 second(s)

02-04-2025T17:50:09 - [TEST_STEP][PASSED] - tap(findTestObject("Object Repository/Repo/android.widget.TabWidget-Settings"), 0): Tapped on element 'Object Repository/Repo/android.widget.TabWidget-Settings'

02-04-2025T17:50:09 - [MESSAGE][WARNING] - Timeout '0' is invalid. Using default page load timeout: '30'

02-04-2025T17:50:10 - [MESSAGE][PASSED] - Tapped on element 'Object Repository/Repo/android.widget.TabWidget-Settings'

02-04-2025T17:50:10 - [TEST_STEP][PASSED] - delay(10): Delayed 10 second(s)

02-04-2025T17:50:20 - [MESSAGE][PASSED] - Delayed 10 second(s)

02-04-2025T17:50:20 - [TEST_STEP][PASSED] - actualVersionText = getText(findTestObject("Object Repository/Repo/android.widget.Button - Version 2.81.111"), 0): Text of element 'Object Repository/Repo/android.widget.Button - Version 2.81.111' is: 'Version 2.81.111'

02-04-2025T17:50:20 - [MESSAGE][WARNING] - Timeout '0' is invalid. Using default page load timeout: '30'

02-04-2025T17:50:20 - [MESSAGE][PASSED] - Text of element 'Object Repository/Repo/android.widget.Button - Version 2.81.111' is: 'Version 2.81.111'

02-04-2025T17:50:20 - [TEST_STEP][PASSED] - expectedVersionText = "Version 2.81.111": null

02-04-2025T17:50:20 - [TEST_STEP][PASSED] - assert actualVersionText == expectedVersionText: null

02-04-2025T17:50:20 - [TEST_STEP][PASSED] - println(Version verification successful: $actualVersionText): null

02-04-2025T17:50:20 - [TEST_STEP][PASSED] - tap(findTestObject("Object Repository/Repo/android.widget.Button - menu"), 0): Tapped on element 'Object Repository/Repo/android.widget.Button - menu'

02-04-2025T17:50:20 - [MESSAGE][WARNING] - Timeout '0' is invalid. Using default page load timeout: '30'

02-04-2025T17:50:20 - [MESSAGE][PASSED] - Tapped on element 'Object Repository/Repo/android.widget.Button - menu'

02-04-2025T17:50:20 - [TEST_STEP][PASSED] - delay(10): Delayed 10 second(s)

02-04-2025T17:50:30 - [MESSAGE][PASSED] - Delayed 10 second(s)

02-04-2025T17:50:30 - [TEST_STEP][PASSED] - homeElementExists = verifyElementExist(findTestObject("Object Repository/Repo/android.view.View - Home"), 0): Element 'Object Repository/Repo/android.view.View - Home' is exist

02-04-2025T17:50:30 - [MESSAGE][WARNING] - Timeout '0' is invalid. Using default page load timeout: '30'

02-04-2025T17:50:30 - [MESSAGE][PASSED] - Element 'Object Repository/Repo/android.view.View - Home' is exist

02-04-2025T17:50:30 - [TEST_STEP][PASSED] - assert homeElementExists : "Element 'Home' does not exist.": null

02-04-2025T17:50:30 - [TEST_STEP][PASSED] - homeText = getText(findTestObject("Object Repository/Repo/android.view.View - Home"), 0): Text of element 'Object Repository/Repo/android.view.View - Home' is: 'Home'

02-04-2025T17:50:30 - [MESSAGE][WARNING] - Timeout '0' is invalid. Using default page load timeout: '30'

02-04-2025T17:50:31 - [MESSAGE][PASSED] - Text of element 'Object Repository/Repo/android.view.View - Home' is: 'Home'

02-04-2025T17:50:31 - [TEST_STEP][PASSED] - assert homeText == "Home": null

02-04-2025T17:50:31 - [TEST_STEP][PASSED] - println("Home screen verification successful."): null

02-04-2025T17:50:31 - [TEST_STEP][PASSED] - tap(findTestObject("Object Repository/Repo/android.view.View - My Account"), 0): Tapped on element 'Object Repository/Repo/android.view.View - My Account'

02-04-2025T17:50:31 - [MESSAGE][WARNING] - Timeout '0' is invalid. Using default page load timeout: '30'

02-04-2025T17:50:31 - [MESSAGE][PASSED] - Tapped on element 'Object Repository/Repo/android.view.View - My Account'

02-04-2025T17:50:31 - [TEST_STEP][PASSED] - delay(10): Delayed 10 second(s)

02-04-2025T17:50:41 - [MESSAGE][PASSED] - Delayed 10 second(s)

02-04-2025T17:50:41 - [TEST_STEP][PASSED] - myAccountElementExists = verifyElementExist(findTestObject("Object Repository/Repo/android.view.View - My Account"), 0): Element 'Object Repository/Repo/android.view.View - My Account' is exist

02-04-2025T17:50:41 - [MESSAGE][WARNING] - Timeout '0' is invalid. Using default page load timeout: '30'

02-04-2025T17:50:41 - [MESSAGE][PASSED] - Element 'Object Repository/Repo/android.view.View - My Account' is exist

02-04-2025T17:50:41 - [TEST_STEP][PASSED] - assert myAccountElementExists : "Element 'My Account' does not exist.": null

02-04-2025T17:50:41 - [TEST_STEP][PASSED] - myAccountText = getText(findTestObject("Object Repository/Repo/android.view.View - My Account"), 0): Text of element 'Object Repository/Repo/android.view.View - My Account' is: 'My Account'

02-04-2025T17:50:41 - [MESSAGE][WARNING] - Timeout '0' is invalid. Using default page load timeout: '30'

02-04-2025T17:50:41 - [MESSAGE][PASSED] - Text of element 'Object Repository/Repo/android.view.View - My Account' is: 'My Account'

02-04-2025T17:50:41 - [TEST_STEP][PASSED] - assert myAccountText == "My Account": null

02-04-2025T17:50:41 - [TEST_STEP][PASSED] - println("My Account screen verification successful."): null

02-04-2025T17:50:41 - [TEST_STEP][PASSED] - println("All test verifications completed successfully!"): null

02-04-2025T17:50:41 - [TEST_STEP][PASSED] - closeApplication(): Close app successfully

02-04-2025T17:50:44 - [MESSAGE][PASSED] - Close app successfully

02-04-2025T17:50:44 - [TEST_STEP][PASSED] - closeBrowser(): Browser is closed

02-04-2025T17:50:44 - [MESSAGE][PASSED] - Browser is closed]]></system-out>
         <system-err><![CDATA[]]></system-err>
      </testcase>
      <testcase name="Test Cases/Guest User Mode/C764-C793_GuestUserMode" time="177.861" classname="Test Cases/Guest User Mode/C764-C793_GuestUserMode" status="PASSED">
         <system-out><![CDATA[02-04-2025T17:52:31 - [TEST_CASE][PASSED] - Test Cases/Guest User Mode/C764-C793_GuestUserMode: Test Cases/Guest User Mode/C764-C793_GuestUserMode

02-04-2025T17:52:31 - [TEST_STEP][PASSED] - startApplication("/Users/gv.vignesh/Downloads/WGR-Android-Automation/App Folder/app-debug.apk", true): Started application: '/Users/gv.vignesh/Downloads/WGR-Android-Automation/App Folder/app-debug.apk'

02-04-2025T17:52:31 - [MESSAGE][INFO] - Starting application: '/Users/gv.vignesh/Downloads/WGR-Android-Automation/App Folder/app-debug.apk'

02-04-2025T17:52:31 - [MESSAGE][INFO] - User set preference: ['deviceId', '']

02-04-2025T17:52:48 - [MESSAGE][PASSED] - Started application: '/Users/gv.vignesh/Downloads/WGR-Android-Automation/App Folder/app-debug.apk'

02-04-2025T17:52:48 - [TEST_STEP][PASSED] - delay(10): Delayed 10 second(s)

02-04-2025T17:52:58 - [MESSAGE][PASSED] - Delayed 10 second(s)

02-04-2025T17:52:58 - [TEST_STEP][PASSED] - verifyElementExist(findTestObject("Object Repository/Repo/android.view.View - Home"), 0): Element 'Object Repository/Repo/android.view.View - Home' is exist

02-04-2025T17:52:58 - [MESSAGE][WARNING] - Timeout '0' is invalid. Using default page load timeout: '30'

02-04-2025T17:52:58 - [MESSAGE][PASSED] - Element 'Object Repository/Repo/android.view.View - Home' is exist

02-04-2025T17:52:58 - [TEST_STEP][PASSED] - delay(5): Delayed 5 second(s)

02-04-2025T17:53:03 - [MESSAGE][PASSED] - Delayed 5 second(s)

02-04-2025T17:53:03 - [TEST_STEP][PASSED] - tap(findTestObject("Object Repository/Repo/android.view.View - Home"), 0): Tapped on element 'Object Repository/Repo/android.view.View - Home'

02-04-2025T17:53:03 - [MESSAGE][WARNING] - Timeout '0' is invalid. Using default page load timeout: '30'

02-04-2025T17:53:05 - [MESSAGE][PASSED] - Tapped on element 'Object Repository/Repo/android.view.View - Home'

02-04-2025T17:53:05 - [TEST_STEP][PASSED] - delay(10): Delayed 10 second(s)

02-04-2025T17:53:15 - [MESSAGE][PASSED] - Delayed 10 second(s)

02-04-2025T17:53:15 - [TEST_STEP][PASSED] - verifyElementExist(findTestObject("Object Repository/Repo/android.view.View - Home (1)"), 0): Element 'Object Repository/Repo/android.view.View - Home (1)' is exist

02-04-2025T17:53:15 - [MESSAGE][WARNING] - Timeout '0' is invalid. Using default page load timeout: '30'

02-04-2025T17:53:16 - [MESSAGE][PASSED] - Element 'Object Repository/Repo/android.view.View - Home (1)' is exist

02-04-2025T17:53:16 - [TEST_STEP][PASSED] - delay(5): Delayed 5 second(s)

02-04-2025T17:53:21 - [MESSAGE][PASSED] - Delayed 5 second(s)

02-04-2025T17:53:21 - [TEST_STEP][PASSED] - verifyElementExist(findTestObject("Object Repository/Repo/android.widget.TextView-Slide"), 0): Element 'Object Repository/Repo/android.widget.TextView-Slide' is exist

02-04-2025T17:53:21 - [MESSAGE][WARNING] - Timeout '0' is invalid. Using default page load timeout: '30'

02-04-2025T17:53:21 - [MESSAGE][PASSED] - Element 'Object Repository/Repo/android.widget.TextView-Slide' is exist

02-04-2025T17:53:21 - [TEST_STEP][PASSED] - startX = 1000: null

02-04-2025T17:53:21 - [TEST_STEP][PASSED] - startY = 2000: null

02-04-2025T17:53:21 - [TEST_STEP][PASSED] - endX = 200: null

02-04-2025T17:53:21 - [TEST_STEP][PASSED] - endY = 1000: null

02-04-2025T17:53:21 - [TEST_STEP][PASSED] - try: null

02-04-2025T17:53:21 - [TEST_STEP][PASSED] - swipe(startX, startY, endX, endY): Swiped from 1,000,2,000 to 200,1,000

02-04-2025T17:53:22 - [MESSAGE][PASSED] - Swiped from 1,000,2,000 to 200,1,000

02-04-2025T17:53:22 - [TEST_STEP][PASSED] - println("Swipe action successful"): null

02-04-2025T17:53:22 - [TEST_STEP][PASSED] - delay(5): Delayed 5 second(s)

02-04-2025T17:53:27 - [MESSAGE][PASSED] - Delayed 5 second(s)

02-04-2025T17:53:27 - [TEST_STEP][PASSED] - homeText = View - Home (1)"), 0).trim(): Text of element 'Object Repository/Repo/android.view.View - Home (1)' is: 'Home'

02-04-2025T17:53:27 - [MESSAGE][WARNING] - Timeout '0' is invalid. Using default page load timeout: '30'

02-04-2025T17:53:29 - [MESSAGE][PASSED] - Text of element 'Object Repository/Repo/android.view.View - Home (1)' is: 'Home'

02-04-2025T17:53:29 - [TEST_STEP][PASSED] - println("Home Text: " + homeText): null

02-04-2025T17:53:29 - [TEST_STEP][PASSED] - verifyEqual(homeText, "Home", STOP_ON_FAILURE): Actual object 'Home' and expected object 'Home' are equal

02-04-2025T17:53:29 - [MESSAGE][PASSED] - Actual object 'Home' and expected object 'Home' are equal

02-04-2025T17:53:29 - [TEST_STEP][PASSED] - delay(5): Delayed 5 second(s)

02-04-2025T17:53:34 - [MESSAGE][PASSED] - Delayed 5 second(s)

02-04-2025T17:53:34 - [TEST_STEP][PASSED] - verifyElementExist(findTestObject("Object Repository/Repo/android.view.View - My Account (1)"), 0): Element 'Object Repository/Repo/android.view.View - My Account (1)' is exist

02-04-2025T17:53:34 - [MESSAGE][WARNING] - Timeout '0' is invalid. Using default page load timeout: '30'

02-04-2025T17:53:34 - [MESSAGE][PASSED] - Element 'Object Repository/Repo/android.view.View - My Account (1)' is exist

02-04-2025T17:53:34 - [TEST_STEP][PASSED] - delay(5): Delayed 5 second(s)

02-04-2025T17:53:39 - [MESSAGE][PASSED] - Delayed 5 second(s)

02-04-2025T17:53:39 - [TEST_STEP][PASSED] - myAccountText = View - My Account (1)"), 0).trim(): Text of element 'Object Repository/Repo/android.view.View - My Account (1)' is: 'My Account'

02-04-2025T17:53:39 - [MESSAGE][WARNING] - Timeout '0' is invalid. Using default page load timeout: '30'

02-04-2025T17:53:41 - [MESSAGE][PASSED] - Text of element 'Object Repository/Repo/android.view.View - My Account (1)' is: 'My Account'

02-04-2025T17:53:41 - [TEST_STEP][PASSED] - println("My Account Text: " + myAccountText): null

02-04-2025T17:53:41 - [TEST_STEP][PASSED] - verifyEqual(myAccountText, "My Account", STOP_ON_FAILURE): Actual object 'My Account' and expected object 'My Account' are equal

02-04-2025T17:53:41 - [MESSAGE][PASSED] - Actual object 'My Account' and expected object 'My Account' are equal

02-04-2025T17:53:41 - [TEST_STEP][PASSED] - delay(15): Delayed 15 second(s)

02-04-2025T17:53:56 - [MESSAGE][PASSED] - Delayed 15 second(s)

02-04-2025T17:53:56 - [TEST_STEP][PASSED] - scrollToText("Recommended for you"): Scrolling to text 'Recommended for you' successfully

02-04-2025T17:53:57 - [MESSAGE][PASSED] - Scrolling to text 'Recommended for you' successfully

02-04-2025T17:53:57 - [TEST_STEP][PASSED] - delay(5): Delayed 5 second(s)

02-04-2025T17:54:02 - [MESSAGE][PASSED] - Delayed 5 second(s)

02-04-2025T17:54:02 - [TEST_STEP][PASSED] - verifyElementExist(findTestObject("Object Repository/Repo/android.widget.TextView - RECOMMENDED FOR YOU"), 0): Element 'Object Repository/Repo/android.widget.TextView - RECOMMENDED FOR YOU' is exist

02-04-2025T17:54:02 - [MESSAGE][WARNING] - Timeout '0' is invalid. Using default page load timeout: '30'

02-04-2025T17:54:03 - [MESSAGE][PASSED] - Element 'Object Repository/Repo/android.widget.TextView - RECOMMENDED FOR YOU' is exist

02-04-2025T17:54:03 - [TEST_STEP][PASSED] - delay(5): Delayed 5 second(s)

02-04-2025T17:54:08 - [MESSAGE][PASSED] - Delayed 5 second(s)

02-04-2025T17:54:08 - [TEST_STEP][PASSED] - recommendedText = TextView - RECOMMENDED FOR YOU"), 0).trim(): Text of element 'Object Repository/Repo/android.widget.TextView - RECOMMENDED FOR YOU' is: 'RECOMMENDED FOR YOU'

02-04-2025T17:54:08 - [MESSAGE][WARNING] - Timeout '0' is invalid. Using default page load timeout: '30'

02-04-2025T17:54:08 - [MESSAGE][PASSED] - Text of element 'Object Repository/Repo/android.widget.TextView - RECOMMENDED FOR YOU' is: 'RECOMMENDED FOR YOU'

02-04-2025T17:54:08 - [TEST_STEP][PASSED] - println("Recommended Text: " + recommendedText): null

02-04-2025T17:54:08 - [TEST_STEP][PASSED] - verifyEqual(recommendedText, "RECOMMENDED FOR YOU", STOP_ON_FAILURE): Actual object 'RECOMMENDED FOR YOU' and expected object 'RECOMMENDED FOR YOU' are equal

02-04-2025T17:54:08 - [MESSAGE][PASSED] - Actual object 'RECOMMENDED FOR YOU' and expected object 'RECOMMENDED FOR YOU' are equal

02-04-2025T17:54:08 - [TEST_STEP][PASSED] - delay(5): Delayed 5 second(s)

02-04-2025T17:54:13 - [MESSAGE][PASSED] - Delayed 5 second(s)

02-04-2025T17:54:13 - [TEST_STEP][PASSED] - verifyElementExist(findTestObject("Object Repository/Repo/android.widget.TextView - THINGS TO DO"), 0): Element 'Object Repository/Repo/android.widget.TextView - THINGS TO DO' is exist

02-04-2025T17:54:13 - [MESSAGE][WARNING] - Timeout '0' is invalid. Using default page load timeout: '30'

02-04-2025T17:54:14 - [MESSAGE][PASSED] - Element 'Object Repository/Repo/android.widget.TextView - THINGS TO DO' is exist

02-04-2025T17:54:14 - [TEST_STEP][PASSED] - delay(5): Delayed 5 second(s)

02-04-2025T17:54:19 - [MESSAGE][PASSED] - Delayed 5 second(s)

02-04-2025T17:54:19 - [TEST_STEP][PASSED] - thingsToDoText = TextView - THINGS TO DO"), 0).trim(): Text of element 'Object Repository/Repo/android.widget.TextView - THINGS TO DO' is: 'THINGS TO DO'

02-04-2025T17:54:19 - [MESSAGE][WARNING] - Timeout '0' is invalid. Using default page load timeout: '30'

02-04-2025T17:54:19 - [MESSAGE][PASSED] - Text of element 'Object Repository/Repo/android.widget.TextView - THINGS TO DO' is: 'THINGS TO DO'

02-04-2025T17:54:19 - [TEST_STEP][PASSED] - println("Things to Do Text: " + thingsToDoText): null

02-04-2025T17:54:19 - [TEST_STEP][PASSED] - verifyEqual(thingsToDoText, "THINGS TO DO", STOP_ON_FAILURE): Actual object 'THINGS TO DO' and expected object 'THINGS TO DO' are equal

02-04-2025T17:54:19 - [MESSAGE][PASSED] - Actual object 'THINGS TO DO' and expected object 'THINGS TO DO' are equal

02-04-2025T17:54:19 - [TEST_STEP][PASSED] - delay(5): Delayed 5 second(s)

02-04-2025T17:54:24 - [MESSAGE][PASSED] - Delayed 5 second(s)

02-04-2025T17:54:24 - [TEST_STEP][PASSED] - verifyElementExist(findTestObject("Object Repository/Repo/android.view.View-gain access"), 0): Element 'Object Repository/Repo/android.view.View-gain access' is exist

02-04-2025T17:54:24 - [MESSAGE][WARNING] - Timeout '0' is invalid. Using default page load timeout: '30'

02-04-2025T17:54:25 - [MESSAGE][PASSED] - Element 'Object Repository/Repo/android.view.View-gain access' is exist

02-04-2025T17:54:25 - [TEST_STEP][PASSED] - delay(5): Delayed 5 second(s)

02-04-2025T17:54:30 - [MESSAGE][PASSED] - Delayed 5 second(s)

02-04-2025T17:54:30 - [TEST_STEP][PASSED] - gainAccessText = TextView - Gain access to a"), 0).trim(): Text of element 'Object Repository/Repo/android.widget.TextView - Gain access to a' is: 'Gain access to a'

02-04-2025T17:54:30 - [MESSAGE][WARNING] - Timeout '0' is invalid. Using default page load timeout: '30'

02-04-2025T17:54:31 - [MESSAGE][PASSED] - Text of element 'Object Repository/Repo/android.widget.TextView - Gain access to a' is: 'Gain access to a'

02-04-2025T17:54:31 - [TEST_STEP][PASSED] - println("Gain Access Text: " + gainAccessText): null

02-04-2025T17:54:31 - [TEST_STEP][PASSED] - verifyEqual(gainAccessText, "Gain access to a", STOP_ON_FAILURE): Actual object 'Gain access to a' and expected object 'Gain access to a' are equal

02-04-2025T17:54:31 - [MESSAGE][PASSED] - Actual object 'Gain access to a' and expected object 'Gain access to a' are equal

02-04-2025T17:54:31 - [TEST_STEP][PASSED] - delay(5): Delayed 5 second(s)

02-04-2025T17:54:36 - [MESSAGE][PASSED] - Delayed 5 second(s)

02-04-2025T17:54:36 - [TEST_STEP][PASSED] - customizedExperienceText = TextView - customized experience"), 0).trim(): Text of element 'Object Repository/Repo/android.widget.TextView - customized experience' is: 'customized experience'

02-04-2025T17:54:36 - [MESSAGE][WARNING] - Timeout '0' is invalid. Using default page load timeout: '30'

02-04-2025T17:54:36 - [MESSAGE][PASSED] - Text of element 'Object Repository/Repo/android.widget.TextView - customized experience' is: 'customized experience'

02-04-2025T17:54:36 - [TEST_STEP][PASSED] - println("Customized Experience Text: " + customizedExperienceText): null

02-04-2025T17:54:36 - [TEST_STEP][PASSED] - verifyEqual(customizedExperienceText, "customized experience", STOP_ON_FAILURE): Actual object 'customized experience' and expected object 'customized experience' are equal

02-04-2025T17:54:36 - [MESSAGE][PASSED] - Actual object 'customized experience' and expected object 'customized experience' are equal

02-04-2025T17:54:36 - [TEST_STEP][PASSED] - delay(5): Delayed 5 second(s)

02-04-2025T17:54:41 - [MESSAGE][PASSED] - Delayed 5 second(s)

02-04-2025T17:54:41 - [TEST_STEP][PASSED] - verifyElementExist(findTestObject("Object Repository/Repo/android.widget.TextView - Login"), 0): Element 'Object Repository/Repo/android.widget.TextView - Login' is exist

02-04-2025T17:54:41 - [MESSAGE][WARNING] - Timeout '0' is invalid. Using default page load timeout: '30'

02-04-2025T17:54:42 - [MESSAGE][PASSED] - Element 'Object Repository/Repo/android.widget.TextView - Login' is exist

02-04-2025T17:54:42 - [TEST_STEP][PASSED] - delay(5): Delayed 5 second(s)

02-04-2025T17:54:47 - [MESSAGE][PASSED] - Delayed 5 second(s)

02-04-2025T17:54:47 - [TEST_STEP][PASSED] - loginText = TextView - Login"), 0).trim(): Text of element 'Object Repository/Repo/android.widget.TextView - Login' is: 'Login'

02-04-2025T17:54:47 - [MESSAGE][WARNING] - Timeout '0' is invalid. Using default page load timeout: '30'

02-04-2025T17:54:47 - [MESSAGE][PASSED] - Text of element 'Object Repository/Repo/android.widget.TextView - Login' is: 'Login'

02-04-2025T17:54:47 - [TEST_STEP][PASSED] - println("Login Text: " + loginText): null

02-04-2025T17:54:47 - [TEST_STEP][PASSED] - verifyEqual(loginText, "Login", STOP_ON_FAILURE): Actual object 'Login' and expected object 'Login' are equal

02-04-2025T17:54:47 - [MESSAGE][PASSED] - Actual object 'Login' and expected object 'Login' are equal

02-04-2025T17:54:47 - [TEST_STEP][PASSED] - tap(findTestObject("Object Repository/Repo/android.widget.TextView - Login"), 0): Tapped on element 'Object Repository/Repo/android.widget.TextView - Login'

02-04-2025T17:54:47 - [MESSAGE][WARNING] - Timeout '0' is invalid. Using default page load timeout: '30'

02-04-2025T17:54:48 - [MESSAGE][PASSED] - Tapped on element 'Object Repository/Repo/android.widget.TextView - Login'

02-04-2025T17:54:48 - [TEST_STEP][PASSED] - delay(30): Delayed 30 second(s)

02-04-2025T17:55:18 - [MESSAGE][PASSED] - Delayed 30 second(s)

02-04-2025T17:55:18 - [TEST_STEP][PASSED] - delay(5): Delayed 5 second(s)

02-04-2025T17:55:23 - [MESSAGE][PASSED] - Delayed 5 second(s)

02-04-2025T17:55:23 - [TEST_STEP][PASSED] - westgateText = TextView - WESTGATE Online Account Management"), 0).trim(): Text of element 'Object Repository/Repo/android.widget.TextView - WESTGATE Online Account Management' is: 'WESTGATE Online Account Management'

02-04-2025T17:55:23 - [MESSAGE][WARNING] - Timeout '0' is invalid. Using default page load timeout: '30'

02-04-2025T17:55:23 - [MESSAGE][PASSED] - Text of element 'Object Repository/Repo/android.widget.TextView - WESTGATE Online Account Management' is: 'WESTGATE Online Account Management'

02-04-2025T17:55:23 - [TEST_STEP][PASSED] - println("WESTGATE Text: " + westgateText): null

02-04-2025T17:55:23 - [TEST_STEP][PASSED] - verifyEqual(westgateText, "WESTGATE Online Account Management", CONTINUE_ON_FAILURE): Actual object 'WESTGATE Online Account Management' and expected object 'WESTGATE Online Account Management' are equal

02-04-2025T17:55:23 - [MESSAGE][PASSED] - Actual object 'WESTGATE Online Account Management' and expected object 'WESTGATE Online Account Management' are equal

02-04-2025T17:55:23 - [TEST_STEP][PASSED] - closeApplication(): Close app successfully

02-04-2025T17:55:29 - [MESSAGE][PASSED] - Close app successfully

02-04-2025T17:55:29 - [TEST_STEP][PASSED] - closeBrowser(): Browser is closed

02-04-2025T17:55:29 - [MESSAGE][PASSED] - Browser is closed]]></system-out>
         <system-err><![CDATA[]]></system-err>
      </testcase>
      <testcase name="Test Cases/Sign Up New UserPage/C660-C681_SignUpNewUserPage" time="289.882" classname="Test Cases/Sign Up New UserPage/C660-C681_SignUpNewUserPage" status="PASSED">
         <system-out><![CDATA[02-04-2025T17:55:29 - [TEST_CASE][PASSED] - Test Cases/Sign Up New UserPage/C660-C681_SignUpNewUserPage: Test Cases/Sign Up New UserPage/C660-C681_SignUpNewUserPage

02-04-2025T17:55:29 - [TEST_STEP][PASSED] - emailValidationTests = new EmailValidationTests(): null

02-04-2025T17:55:29 - [TEST_STEP][PASSED] - emailValidationTests.runAllTests(): null

02-04-2025T17:55:29 - [TEST_STEP][PASSED] - setup(): null

02-04-2025T17:55:29 - [TEST_STEP][PASSED] - startApplication(appUrl, true): Started application: '/Users/gv.vignesh/Downloads/WGR-Android-Automation/App Folder/universal.apk'

02-04-2025T17:55:29 - [MESSAGE][INFO] - Starting application: '/Users/gv.vignesh/Downloads/WGR-Android-Automation/App Folder/universal.apk'

02-04-2025T17:55:29 - [MESSAGE][INFO] - User set preference: ['deviceId', '']

02-04-2025T17:55:29 - [MESSAGE][INFO] - Detected NodeJS location: "/opt/homebrew/Cellar/node/23.10.0_1/bin/node"

02-04-2025T17:55:29 - [MESSAGE][INFO] - PATH: /opt/homebrew/Cellar/node/23.10.0_1/bin:/opt/homebrew/bin:/usr/bin:/bin:/usr/sbin:/sbin:/Applications/Katalon Studio Enterprise.app/Contents/Eclipse/jre/Contents/Home/bin:/usr/local/bin/

02-04-2025T17:55:29 - [MESSAGE][INFO] - APPIUM_HOME: /Users/gv.vignesh/.appium

02-04-2025T17:55:29 - [MESSAGE][INFO] - appium outlog: /Users/gv.vignesh/Downloads/WGR-Android-Automation/Reports/20250402_174444/WRMA Android Regression/20250402_174444/appium.log

02-04-2025T17:55:29 - [MESSAGE][INFO] - appium errlog: /Users/gv.vignesh/Downloads/WGR-Android-Automation/Reports/20250402_174444/WRMA Android Regression/20250402_174444/appium_error.log

02-04-2025T17:55:30 - [MESSAGE][INFO] - Appium server started on port 55,073

02-04-2025T17:55:47 - [MESSAGE][PASSED] - Started application: '/Users/gv.vignesh/Downloads/WGR-Android-Automation/App Folder/universal.apk'

02-04-2025T17:55:47 - [TEST_STEP][PASSED] - delay(15): Delayed 15 second(s)

02-04-2025T17:56:02 - [MESSAGE][PASSED] - Delayed 15 second(s)

02-04-2025T17:56:02 - [TEST_STEP][PASSED] - tap(findTestObject("Object Repository/Repo/android.widget.Button - Login or Sign Up"), 0): Tapped on element 'Object Repository/Repo/android.widget.Button - Login or Sign Up'

02-04-2025T17:56:02 - [MESSAGE][WARNING] - Timeout '0' is invalid. Using default page load timeout: '30'

02-04-2025T17:56:03 - [MESSAGE][PASSED] - Tapped on element 'Object Repository/Repo/android.widget.Button - Login or Sign Up'

02-04-2025T17:56:03 - [TEST_STEP][PASSED] - try: null

02-04-2025T17:56:03 - [TEST_STEP][PASSED] - testInvalidEmailFormat(): null

02-04-2025T17:56:03 - [TEST_STEP][PASSED] - excelData = findTestData("Data Files/InvalidEmail"): null

02-04-2025T17:56:03 - [TEST_STEP][PASSED] - rowCount = excelData.getRowNumbers(): null

02-04-2025T17:56:03 - [TEST_STEP][PASSED] - for ([i = 1, i <= rowCount, (i++)]): null

02-04-2025T17:56:03 - [TEST_STEP][PASSED] - invalidEmail = excelData.getValue("email-Address", i): null

02-04-2025T17:56:03 - [TEST_STEP][PASSED] - println(Testing invalid email from Excel (Row $i): $invalidEmail): null

02-04-2025T17:56:03 - [TEST_STEP][PASSED] - waitForElementPresent(findTestObject("Object Repository/Repo/android.widget.EditText-LoginorSignUp"), 20): Element 'Object Repository/Repo/android.widget.EditText-LoginorSignUp' is present

02-04-2025T17:56:06 - [MESSAGE][PASSED] - Element 'Object Repository/Repo/android.widget.EditText-LoginorSignUp' is present

02-04-2025T17:56:06 - [TEST_STEP][PASSED] - sendKeys(findTestObject("Object Repository/Repo/android.widget.EditText-LoginorSignUp"), invalidEmail): Send keys 'd.g.com' on test object 'Object Repository/Repo/android.widget.EditText-LoginorSignUp' successfully.

02-04-2025T17:56:06 - [MESSAGE][PASSED] - Send keys 'd.g.com' on test object 'Object Repository/Repo/android.widget.EditText-LoginorSignUp' successfully.

02-04-2025T17:56:06 - [TEST_STEP][PASSED] - actualErrorMessage = TextView -  Invalid email format"), 0).trim(): Text of element 'Object Repository/Repo/android.widget.TextView -  Invalid email format' is: ' Invalid email format.
'

02-04-2025T17:56:06 - [MESSAGE][WARNING] - Timeout '0' is invalid. Using default page load timeout: '30'

02-04-2025T17:56:08 - [MESSAGE][PASSED] - Text of element 'Object Repository/Repo/android.widget.TextView -  Invalid email format' is: ' Invalid email format.
'

02-04-2025T17:56:08 - [TEST_STEP][PASSED] - expectedErrorMessage = "Invalid email format": null

02-04-2025T17:56:08 - [TEST_STEP][PASSED] - Assert.assertEquals(Error message validation failed at row $i, replaceAll("[^a-zA-Z0-9 ]", "").trim(), replaceAll("[^a-zA-Z0-9 ]", "").trim()): null

02-04-2025T17:56:08 - [TEST_STEP][PASSED] - tap(findTestObject("Object Repository/Repo/android.widget.Button - reset"), 0): Tapped on element 'Object Repository/Repo/android.widget.Button - reset'

02-04-2025T17:56:08 - [MESSAGE][WARNING] - Timeout '0' is invalid. Using default page load timeout: '30'

02-04-2025T17:56:08 - [MESSAGE][PASSED] - Tapped on element 'Object Repository/Repo/android.widget.Button - reset'

02-04-2025T17:56:08 - [TEST_STEP][PASSED] - hideKeyboard(): Keyboard is hidden

02-04-2025T17:56:11 - [MESSAGE][PASSED] - Keyboard is hidden

02-04-2025T17:56:11 - [TEST_STEP][PASSED] - invalidEmail = excelData.getValue("email-Address", i): null

02-04-2025T17:56:11 - [TEST_STEP][PASSED] - println(Testing invalid email from Excel (Row $i): $invalidEmail): null

02-04-2025T17:56:11 - [TEST_STEP][PASSED] - waitForElementPresent(findTestObject("Object Repository/Repo/android.widget.EditText-LoginorSignUp"), 20): Element 'Object Repository/Repo/android.widget.EditText-LoginorSignUp' is present

02-04-2025T17:56:12 - [MESSAGE][PASSED] - Element 'Object Repository/Repo/android.widget.EditText-LoginorSignUp' is present

02-04-2025T17:56:12 - [TEST_STEP][PASSED] - sendKeys(findTestObject("Object Repository/Repo/android.widget.EditText-LoginorSignUp"), invalidEmail): Send keys 's@com' on test object 'Object Repository/Repo/android.widget.EditText-LoginorSignUp' successfully.

02-04-2025T17:56:13 - [MESSAGE][PASSED] - Send keys 's@com' on test object 'Object Repository/Repo/android.widget.EditText-LoginorSignUp' successfully.

02-04-2025T17:56:13 - [TEST_STEP][PASSED] - actualErrorMessage = TextView -  Invalid email format"), 0).trim(): Text of element 'Object Repository/Repo/android.widget.TextView -  Invalid email format' is: ' Invalid email format.
'

02-04-2025T17:56:13 - [MESSAGE][WARNING] - Timeout '0' is invalid. Using default page load timeout: '30'

02-04-2025T17:56:14 - [MESSAGE][PASSED] - Text of element 'Object Repository/Repo/android.widget.TextView -  Invalid email format' is: ' Invalid email format.
'

02-04-2025T17:56:14 - [TEST_STEP][PASSED] - expectedErrorMessage = "Invalid email format": null

02-04-2025T17:56:14 - [TEST_STEP][PASSED] - Assert.assertEquals(Error message validation failed at row $i, replaceAll("[^a-zA-Z0-9 ]", "").trim(), replaceAll("[^a-zA-Z0-9 ]", "").trim()): null

02-04-2025T17:56:14 - [TEST_STEP][PASSED] - tap(findTestObject("Object Repository/Repo/android.widget.Button - reset"), 0): Tapped on element 'Object Repository/Repo/android.widget.Button - reset'

02-04-2025T17:56:14 - [MESSAGE][WARNING] - Timeout '0' is invalid. Using default page load timeout: '30'

02-04-2025T17:56:15 - [MESSAGE][PASSED] - Tapped on element 'Object Repository/Repo/android.widget.Button - reset'

02-04-2025T17:56:15 - [TEST_STEP][PASSED] - hideKeyboard(): Keyboard is hidden

02-04-2025T17:56:17 - [MESSAGE][PASSED] - Keyboard is hidden

02-04-2025T17:56:17 - [TEST_STEP][PASSED] - invalidEmail = excelData.getValue("email-Address", i): null

02-04-2025T17:56:17 - [TEST_STEP][PASSED] - println(Testing invalid email from Excel (Row $i): $invalidEmail): null

02-04-2025T17:56:17 - [TEST_STEP][PASSED] - waitForElementPresent(findTestObject("Object Repository/Repo/android.widget.EditText-LoginorSignUp"), 20): Element 'Object Repository/Repo/android.widget.EditText-LoginorSignUp' is present

02-04-2025T17:56:18 - [MESSAGE][PASSED] - Element 'Object Repository/Repo/android.widget.EditText-LoginorSignUp' is present

02-04-2025T17:56:18 - [TEST_STEP][PASSED] - sendKeys(findTestObject("Object Repository/Repo/android.widget.EditText-LoginorSignUp"), invalidEmail): Send keys 'vg@.1gv' on test object 'Object Repository/Repo/android.widget.EditText-LoginorSignUp' successfully.

02-04-2025T17:56:18 - [MESSAGE][PASSED] - Send keys 'vg@.1gv' on test object 'Object Repository/Repo/android.widget.EditText-LoginorSignUp' successfully.

02-04-2025T17:56:18 - [TEST_STEP][PASSED] - actualErrorMessage = TextView -  Invalid email format"), 0).trim(): Text of element 'Object Repository/Repo/android.widget.TextView -  Invalid email format' is: ' Invalid email format.
'

02-04-2025T17:56:18 - [MESSAGE][WARNING] - Timeout '0' is invalid. Using default page load timeout: '30'

02-04-2025T17:56:20 - [MESSAGE][PASSED] - Text of element 'Object Repository/Repo/android.widget.TextView -  Invalid email format' is: ' Invalid email format.
'

02-04-2025T17:56:20 - [TEST_STEP][PASSED] - expectedErrorMessage = "Invalid email format": null

02-04-2025T17:56:20 - [TEST_STEP][PASSED] - Assert.assertEquals(Error message validation failed at row $i, replaceAll("[^a-zA-Z0-9 ]", "").trim(), replaceAll("[^a-zA-Z0-9 ]", "").trim()): null

02-04-2025T17:56:20 - [TEST_STEP][PASSED] - tap(findTestObject("Object Repository/Repo/android.widget.Button - reset"), 0): Tapped on element 'Object Repository/Repo/android.widget.Button - reset'

02-04-2025T17:56:20 - [MESSAGE][WARNING] - Timeout '0' is invalid. Using default page load timeout: '30'

02-04-2025T17:56:20 - [MESSAGE][PASSED] - Tapped on element 'Object Repository/Repo/android.widget.Button - reset'

02-04-2025T17:56:20 - [TEST_STEP][PASSED] - hideKeyboard(): Keyboard is hidden

02-04-2025T17:56:23 - [MESSAGE][PASSED] - Keyboard is hidden

02-04-2025T17:56:23 - [TEST_STEP][PASSED] - invalidEmail = excelData.getValue("email-Address", i): null

02-04-2025T17:56:23 - [TEST_STEP][PASSED] - println(Testing invalid email from Excel (Row $i): $invalidEmail): null

02-04-2025T17:56:23 - [TEST_STEP][PASSED] - waitForElementPresent(findTestObject("Object Repository/Repo/android.widget.EditText-LoginorSignUp"), 20): Element 'Object Repository/Repo/android.widget.EditText-LoginorSignUp' is present

02-04-2025T17:56:24 - [MESSAGE][PASSED] - Element 'Object Repository/Repo/android.widget.EditText-LoginorSignUp' is present

02-04-2025T17:56:24 - [TEST_STEP][PASSED] - sendKeys(findTestObject("Object Repository/Repo/android.widget.EditText-LoginorSignUp"), invalidEmail): Send keys 'g@2.1' on test object 'Object Repository/Repo/android.widget.EditText-LoginorSignUp' successfully.

02-04-2025T17:56:24 - [MESSAGE][PASSED] - Send keys 'g@2.1' on test object 'Object Repository/Repo/android.widget.EditText-LoginorSignUp' successfully.

02-04-2025T17:56:24 - [TEST_STEP][PASSED] - actualErrorMessage = TextView -  Invalid email format"), 0).trim(): Text of element 'Object Repository/Repo/android.widget.TextView -  Invalid email format' is: ' Invalid email format.
'

02-04-2025T17:56:24 - [MESSAGE][WARNING] - Timeout '0' is invalid. Using default page load timeout: '30'

02-04-2025T17:56:26 - [MESSAGE][PASSED] - Text of element 'Object Repository/Repo/android.widget.TextView -  Invalid email format' is: ' Invalid email format.
'

02-04-2025T17:56:26 - [TEST_STEP][PASSED] - expectedErrorMessage = "Invalid email format": null

02-04-2025T17:56:26 - [TEST_STEP][PASSED] - Assert.assertEquals(Error message validation failed at row $i, replaceAll("[^a-zA-Z0-9 ]", "").trim(), replaceAll("[^a-zA-Z0-9 ]", "").trim()): null

02-04-2025T17:56:26 - [TEST_STEP][PASSED] - tap(findTestObject("Object Repository/Repo/android.widget.Button - reset"), 0): Tapped on element 'Object Repository/Repo/android.widget.Button - reset'

02-04-2025T17:56:26 - [MESSAGE][WARNING] - Timeout '0' is invalid. Using default page load timeout: '30'

02-04-2025T17:56:27 - [MESSAGE][PASSED] - Tapped on element 'Object Repository/Repo/android.widget.Button - reset'

02-04-2025T17:56:27 - [TEST_STEP][PASSED] - hideKeyboard(): Keyboard is hidden

02-04-2025T17:56:29 - [MESSAGE][PASSED] - Keyboard is hidden

02-04-2025T17:56:29 - [TEST_STEP][PASSED] - invalidEmail = excelData.getValue("email-Address", i): null

02-04-2025T17:56:29 - [TEST_STEP][PASSED] - println(Testing invalid email from Excel (Row $i): $invalidEmail): null

02-04-2025T17:56:29 - [TEST_STEP][PASSED] - waitForElementPresent(findTestObject("Object Repository/Repo/android.widget.EditText-LoginorSignUp"), 20): Element 'Object Repository/Repo/android.widget.EditText-LoginorSignUp' is present

02-04-2025T17:56:30 - [MESSAGE][PASSED] - Element 'Object Repository/Repo/android.widget.EditText-LoginorSignUp' is present

02-04-2025T17:56:30 - [TEST_STEP][PASSED] - sendKeys(findTestObject("Object Repository/Repo/android.widget.EditText-LoginorSignUp"), invalidEmail): Send keys 'v.com@q' on test object 'Object Repository/Repo/android.widget.EditText-LoginorSignUp' successfully.

02-04-2025T17:56:31 - [MESSAGE][PASSED] - Send keys 'v.com@q' on test object 'Object Repository/Repo/android.widget.EditText-LoginorSignUp' successfully.

02-04-2025T17:56:31 - [TEST_STEP][PASSED] - actualErrorMessage = TextView -  Invalid email format"), 0).trim(): Text of element 'Object Repository/Repo/android.widget.TextView -  Invalid email format' is: ' Invalid email format.
'

02-04-2025T17:56:31 - [MESSAGE][WARNING] - Timeout '0' is invalid. Using default page load timeout: '30'

02-04-2025T17:56:32 - [MESSAGE][PASSED] - Text of element 'Object Repository/Repo/android.widget.TextView -  Invalid email format' is: ' Invalid email format.
'

02-04-2025T17:56:32 - [TEST_STEP][PASSED] - expectedErrorMessage = "Invalid email format": null

02-04-2025T17:56:32 - [TEST_STEP][PASSED] - Assert.assertEquals(Error message validation failed at row $i, replaceAll("[^a-zA-Z0-9 ]", "").trim(), replaceAll("[^a-zA-Z0-9 ]", "").trim()): null

02-04-2025T17:56:32 - [TEST_STEP][PASSED] - tap(findTestObject("Object Repository/Repo/android.widget.Button - reset"), 0): Tapped on element 'Object Repository/Repo/android.widget.Button - reset'

02-04-2025T17:56:32 - [MESSAGE][WARNING] - Timeout '0' is invalid. Using default page load timeout: '30'

02-04-2025T17:56:32 - [MESSAGE][PASSED] - Tapped on element 'Object Repository/Repo/android.widget.Button - reset'

02-04-2025T17:56:32 - [TEST_STEP][PASSED] - hideKeyboard(): Keyboard is hidden

02-04-2025T17:56:35 - [MESSAGE][PASSED] - Keyboard is hidden

02-04-2025T17:56:35 - [TEST_STEP][PASSED] - testTeamMemberEmailError(): null

02-04-2025T17:56:35 - [TEST_STEP][PASSED] - testData = findTestData("Data Files/C678"): null

02-04-2025T17:56:35 - [TEST_STEP][PASSED] - email1 = testData.getValue("email", 1): null

02-04-2025T17:56:35 - [TEST_STEP][PASSED] - email2 = testData.getValue("email", 2): null

02-04-2025T17:56:35 - [TEST_STEP][PASSED] - sendKeys(findTestObject("Object Repository/Repo/android.widget.EditText-LoginorSignUp"), email1): Send keys 'i@p.com' on test object 'Object Repository/Repo/android.widget.EditText-LoginorSignUp' successfully.

02-04-2025T17:56:36 - [MESSAGE][PASSED] - Send keys 'i@p.com' on test object 'Object Repository/Repo/android.widget.EditText-LoginorSignUp' successfully.

02-04-2025T17:56:36 - [TEST_STEP][PASSED] - delay(10): Delayed 10 second(s)

02-04-2025T17:56:46 - [MESSAGE][PASSED] - Delayed 10 second(s)

02-04-2025T17:56:46 - [TEST_STEP][PASSED] - tap(findTestObject("Object Repository/Repo/android.widget.Button - Next"), 0): Tapped on element 'Object Repository/Repo/android.widget.Button - Next'

02-04-2025T17:56:46 - [MESSAGE][WARNING] - Timeout '0' is invalid. Using default page load timeout: '30'

02-04-2025T17:56:46 - [MESSAGE][PASSED] - Tapped on element 'Object Repository/Repo/android.widget.Button - Next'

02-04-2025T17:56:46 - [TEST_STEP][PASSED] - delay(10): Delayed 10 second(s)

02-04-2025T17:56:56 - [MESSAGE][PASSED] - Delayed 10 second(s)

02-04-2025T17:56:56 - [TEST_STEP][PASSED] - tap(findTestObject("Object Repository/Repo/android.widget.Button - reset"), 0): Tapped on element 'Object Repository/Repo/android.widget.Button - reset'

02-04-2025T17:56:56 - [MESSAGE][WARNING] - Timeout '0' is invalid. Using default page load timeout: '30'

02-04-2025T17:56:57 - [MESSAGE][PASSED] - Tapped on element 'Object Repository/Repo/android.widget.Button - reset'

02-04-2025T17:56:57 - [TEST_STEP][PASSED] - hideKeyboard(): Keyboard is hidden

02-04-2025T17:57:00 - [MESSAGE][PASSED] - Keyboard is hidden

02-04-2025T17:57:00 - [TEST_STEP][PASSED] - delay(10): Delayed 10 second(s)

02-04-2025T17:57:10 - [MESSAGE][PASSED] - Delayed 10 second(s)

02-04-2025T17:57:10 - [TEST_STEP][PASSED] - sendKeys(findTestObject("Object Repository/Repo/android.widget.EditText -"), email2): Send keys 'wg@wgresorts.com' on test object 'Object Repository/Repo/android.widget.EditText -' successfully.

02-04-2025T17:57:10 - [MESSAGE][PASSED] - Send keys 'wg@wgresorts.com' on test object 'Object Repository/Repo/android.widget.EditText -' successfully.

02-04-2025T17:57:10 - [TEST_STEP][PASSED] - delay(10): Delayed 10 second(s)

02-04-2025T17:57:20 - [MESSAGE][PASSED] - Delayed 10 second(s)

02-04-2025T17:57:20 - [TEST_STEP][PASSED] - tap(findTestObject("Object Repository/Repo/android.widget.Button - Next (1)"), 0): Tapped on element 'Object Repository/Repo/android.widget.Button - Next (1)'

02-04-2025T17:57:20 - [MESSAGE][WARNING] - Timeout '0' is invalid. Using default page load timeout: '30'

02-04-2025T17:57:20 - [MESSAGE][PASSED] - Tapped on element 'Object Repository/Repo/android.widget.Button - Next (1)'

02-04-2025T17:57:20 - [TEST_STEP][PASSED] - delay(10): Delayed 10 second(s)

02-04-2025T17:57:30 - [MESSAGE][PASSED] - Delayed 10 second(s)

02-04-2025T17:57:30 - [TEST_STEP][PASSED] - actualText = null: null

02-04-2025T17:57:30 - [TEST_STEP][PASSED] - expectedText = " The email address used is a Team Member email address.  Please select Create Team Member Account below.": null

02-04-2025T17:57:30 - [TEST_STEP][FAILED] - try: Failed to get text from element (Root cause: com.kms.katalon.core.exception.StepFailedException: Failed to get text from element
	at com.kms.katalon.core.mobile.keyword.internal.MobileKeywordMain.stepFailed(MobileKeywordMain.groovy:64)
	at com.kms.katalon.core.mobile.keyword.internal.MobileKeywordMain.runKeyword(MobileKeywordMain.groovy:34)
	at com.kms.katalon.core.mobile.keyword.builtin.GetTextKeyword.getText(GetTextKeyword.groovy:51)
	at com.kms.katalon.core.mobile.keyword.builtin.GetTextKeyword.execute(GetTextKeyword.groovy:35)
	at com.kms.katalon.core.keyword.internal.KeywordExecutor.executeKeywordForPlatform(KeywordExecutor.groovy:74)
	at com.kms.katalon.core.mobile.keyword.MobileBuiltInKeywords.getText(MobileBuiltInKeywords.groovy:1245)
	at EmailValidationTests.testTeamMemberEmailError(Script1743084213202.groovy:75)
	at EmailValidationTests.runAllTests(Script1743084213202.groovy:225)
	at C660-C681_SignUpNewUserPage.run(C660-C681_SignUpNewUserPage:237)
	at com.kms.katalon.core.main.ScriptEngine.run(ScriptEngine.java:194)
	at com.kms.katalon.core.main.ScriptEngine.runScriptAsRawText(ScriptEngine.java:119)
	at com.kms.katalon.core.main.TestCaseExecutor.runScript(TestCaseExecutor.java:448)
	at com.kms.katalon.core.main.TestCaseExecutor.doExecute(TestCaseExecutor.java:439)
	at com.kms.katalon.core.main.TestCaseExecutor.processExecutionPhase(TestCaseExecutor.java:418)
	at com.kms.katalon.core.main.TestCaseExecutor.accessMainPhase(TestCaseExecutor.java:410)
	at com.kms.katalon.core.main.TestCaseExecutor.execute(TestCaseExecutor.java:285)
	at com.kms.katalon.core.common.CommonExecutor.accessTestCaseMainPhase(CommonExecutor.java:71)
	at com.kms.katalon.core.main.TestSuiteExecutor.accessTestSuiteMainPhase(TestSuiteExecutor.java:160)
	at com.kms.katalon.core.main.TestSuiteExecutor.execute(TestSuiteExecutor.java:107)
	at com.kms.katalon.core.main.TestCaseMain.startTestSuite(TestCaseMain.java:180)
	at TempTestSuite1743596084091.run(TempTestSuite1743596084091.groovy:35)
	at java.base/jdk.internal.reflect.NativeMethodAccessorImpl.invoke0(Native Method)
	at java.base/jdk.internal.reflect.NativeMethodAccessorImpl.invoke(NativeMethodAccessorImpl.java:77)
	at java.base/jdk.internal.reflect.DelegatingMethodAccessorImpl.invoke(DelegatingMethodAccessorImpl.java:43)
Caused by: java.lang.IllegalArgumentException: Object is null
	at com.kms.katalon.core.helper.KeywordHelper.checkTestObjectParameter(KeywordHelper.java:33)
	at com.kms.katalon.core.mobile.keyword.builtin.GetTextKeyword$_getText_closure1.doCall(GetTextKeyword.groovy:41)
	at com.kms.katalon.core.mobile.keyword.builtin.GetTextKeyword$_getText_closure1.call(GetTextKeyword.groovy)
	at com.kms.katalon.core.mobile.keyword.internal.MobileKeywordMain.runKeyword(MobileKeywordMain.groovy:30)
	at com.kms.katalon.core.mobile.keyword.builtin.GetTextKeyword.getText(GetTextKeyword.groovy:51)
	at com.kms.katalon.core.mobile.keyword.builtin.GetTextKeyword.execute(GetTextKeyword.groovy:35)
	at com.kms.katalon.core.keyword.internal.KeywordExecutor.executeKeywordForPlatform(KeywordExecutor.groovy:74)
	at com.kms.katalon.core.mobile.keyword.MobileBuiltInKeywords.getText(MobileBuiltInKeywords.groovy:1245)
	at EmailValidationTests.testTeamMemberEmailError(Script1743084213202.groovy:75)
	at EmailValidationTests.runAllTests(Script1743084213202.groovy:225)
	at Script1743084213202.run(Script1743084213202.groovy:237)
	... 15 more
)

02-04-2025T17:57:30 - [TEST_STEP][FAILED] - actualText = getText(findTestObject("Object Repository/Repo/android.widget.TextView - The email address used is a Team Member email address. Please select Create Team Member Account below"), 0): Failed to get text from element (Root cause: com.kms.katalon.core.exception.StepFailedException: Failed to get text from element
	at com.kms.katalon.core.mobile.keyword.internal.MobileKeywordMain.stepFailed(MobileKeywordMain.groovy:64)
	at com.kms.katalon.core.mobile.keyword.internal.MobileKeywordMain.runKeyword(MobileKeywordMain.groovy:34)
	at com.kms.katalon.core.mobile.keyword.builtin.GetTextKeyword.getText(GetTextKeyword.groovy:51)
	at com.kms.katalon.core.mobile.keyword.builtin.GetTextKeyword.execute(GetTextKeyword.groovy:35)
	at com.kms.katalon.core.keyword.internal.KeywordExecutor.executeKeywordForPlatform(KeywordExecutor.groovy:74)
	at com.kms.katalon.core.mobile.keyword.MobileBuiltInKeywords.getText(MobileBuiltInKeywords.groovy:1245)
	at EmailValidationTests.testTeamMemberEmailError(Script1743084213202.groovy:75)
	at EmailValidationTests.runAllTests(Script1743084213202.groovy:225)
	at C660-C681_SignUpNewUserPage.run(C660-C681_SignUpNewUserPage:237)
	at com.kms.katalon.core.main.ScriptEngine.run(ScriptEngine.java:194)
	at com.kms.katalon.core.main.ScriptEngine.runScriptAsRawText(ScriptEngine.java:119)
	at com.kms.katalon.core.main.TestCaseExecutor.runScript(TestCaseExecutor.java:448)
	at com.kms.katalon.core.main.TestCaseExecutor.doExecute(TestCaseExecutor.java:439)
	at com.kms.katalon.core.main.TestCaseExecutor.processExecutionPhase(TestCaseExecutor.java:418)
	at com.kms.katalon.core.main.TestCaseExecutor.accessMainPhase(TestCaseExecutor.java:410)
	at com.kms.katalon.core.main.TestCaseExecutor.execute(TestCaseExecutor.java:285)
	at com.kms.katalon.core.common.CommonExecutor.accessTestCaseMainPhase(CommonExecutor.java:71)
	at com.kms.katalon.core.main.TestSuiteExecutor.accessTestSuiteMainPhase(TestSuiteExecutor.java:160)
	at com.kms.katalon.core.main.TestSuiteExecutor.execute(TestSuiteExecutor.java:107)
	at com.kms.katalon.core.main.TestCaseMain.startTestSuite(TestCaseMain.java:180)
	at TempTestSuite1743596084091.run(TempTestSuite1743596084091.groovy:35)
	at java.base/jdk.internal.reflect.NativeMethodAccessorImpl.invoke0(Native Method)
	at java.base/jdk.internal.reflect.NativeMethodAccessorImpl.invoke(NativeMethodAccessorImpl.java:77)
	at java.base/jdk.internal.reflect.DelegatingMethodAccessorImpl.invoke(DelegatingMethodAccessorImpl.java:43)
Caused by: java.lang.IllegalArgumentException: Object is null
	at com.kms.katalon.core.helper.KeywordHelper.checkTestObjectParameter(KeywordHelper.java:33)
	at com.kms.katalon.core.mobile.keyword.builtin.GetTextKeyword$_getText_closure1.doCall(GetTextKeyword.groovy:41)
	at com.kms.katalon.core.mobile.keyword.builtin.GetTextKeyword$_getText_closure1.call(GetTextKeyword.groovy)
	at com.kms.katalon.core.mobile.keyword.internal.MobileKeywordMain.runKeyword(MobileKeywordMain.groovy:30)
	at com.kms.katalon.core.mobile.keyword.builtin.GetTextKeyword.getText(GetTextKeyword.groovy:51)
	at com.kms.katalon.core.mobile.keyword.builtin.GetTextKeyword.execute(GetTextKeyword.groovy:35)
	at com.kms.katalon.core.keyword.internal.KeywordExecutor.executeKeywordForPlatform(KeywordExecutor.groovy:74)
	at com.kms.katalon.core.mobile.keyword.MobileBuiltInKeywords.getText(MobileBuiltInKeywords.groovy:1245)
	at EmailValidationTests.testTeamMemberEmailError(Script1743084213202.groovy:75)
	at EmailValidationTests.runAllTests(Script1743084213202.groovy:225)
	at Script1743084213202.run(Script1743084213202.groovy:237)
	... 15 more
)

02-04-2025T17:57:30 - [MESSAGE][WARNING] - Test object with id 'Object Repository/Repo/android.widget.TextView - The email address used is a Team Member email address. Please select Create Team Member Account below' does not exist

02-04-2025T17:57:30 - [MESSAGE][WARNING] - Test object with id 'Object Repository/' does not exist

02-04-2025T17:57:32 - [MESSAGE][FAILED] - Failed to get text from element (Root cause: com.kms.katalon.core.exception.StepFailedException: Failed to get text from element
	at com.kms.katalon.core.mobile.keyword.internal.MobileKeywordMain.stepFailed(MobileKeywordMain.groovy:64)
	at com.kms.katalon.core.mobile.keyword.internal.MobileKeywordMain.runKeyword(MobileKeywordMain.groovy:34)
	at com.kms.katalon.core.mobile.keyword.builtin.GetTextKeyword.getText(GetTextKeyword.groovy:51)
	at com.kms.katalon.core.mobile.keyword.builtin.GetTextKeyword.execute(GetTextKeyword.groovy:35)
	at com.kms.katalon.core.keyword.internal.KeywordExecutor.executeKeywordForPlatform(KeywordExecutor.groovy:74)
	at com.kms.katalon.core.mobile.keyword.MobileBuiltInKeywords.getText(MobileBuiltInKeywords.groovy:1245)
	at EmailValidationTests.testTeamMemberEmailError(Script1743084213202.groovy:75)
	at EmailValidationTests.runAllTests(Script1743084213202.groovy:225)
	at C660-C681_SignUpNewUserPage.run(C660-C681_SignUpNewUserPage:237)
	at com.kms.katalon.core.main.ScriptEngine.run(ScriptEngine.java:194)
	at com.kms.katalon.core.main.ScriptEngine.runScriptAsRawText(ScriptEngine.java:119)
	at com.kms.katalon.core.main.TestCaseExecutor.runScript(TestCaseExecutor.java:448)
	at com.kms.katalon.core.main.TestCaseExecutor.doExecute(TestCaseExecutor.java:439)
	at com.kms.katalon.core.main.TestCaseExecutor.processExecutionPhase(TestCaseExecutor.java:418)
	at com.kms.katalon.core.main.TestCaseExecutor.accessMainPhase(TestCaseExecutor.java:410)
	at com.kms.katalon.core.main.TestCaseExecutor.execute(TestCaseExecutor.java:285)
	at com.kms.katalon.core.common.CommonExecutor.accessTestCaseMainPhase(CommonExecutor.java:71)
	at com.kms.katalon.core.main.TestSuiteExecutor.accessTestSuiteMainPhase(TestSuiteExecutor.java:160)
	at com.kms.katalon.core.main.TestSuiteExecutor.execute(TestSuiteExecutor.java:107)
	at com.kms.katalon.core.main.TestCaseMain.startTestSuite(TestCaseMain.java:180)
	at TempTestSuite1743596084091.run(TempTestSuite1743596084091.groovy:35)
	at java.base/jdk.internal.reflect.NativeMethodAccessorImpl.invoke0(Native Method)
	at java.base/jdk.internal.reflect.NativeMethodAccessorImpl.invoke(NativeMethodAccessorImpl.java:77)
	at java.base/jdk.internal.reflect.DelegatingMethodAccessorImpl.invoke(DelegatingMethodAccessorImpl.java:43)
Caused by: java.lang.IllegalArgumentException: Object is null
	at com.kms.katalon.core.helper.KeywordHelper.checkTestObjectParameter(KeywordHelper.java:33)
	at com.kms.katalon.core.mobile.keyword.builtin.GetTextKeyword$_getText_closure1.doCall(GetTextKeyword.groovy:41)
	at com.kms.katalon.core.mobile.keyword.builtin.GetTextKeyword$_getText_closure1.call(GetTextKeyword.groovy)
	at com.kms.katalon.core.mobile.keyword.internal.MobileKeywordMain.runKeyword(MobileKeywordMain.groovy:30)
	at com.kms.katalon.core.mobile.keyword.builtin.GetTextKeyword.getText(GetTextKeyword.groovy:51)
	at com.kms.katalon.core.mobile.keyword.builtin.GetTextKeyword.execute(GetTextKeyword.groovy:35)
	at com.kms.katalon.core.keyword.internal.KeywordExecutor.executeKeywordForPlatform(KeywordExecutor.groovy:74)
	at com.kms.katalon.core.mobile.keyword.MobileBuiltInKeywords.getText(MobileBuiltInKeywords.groovy:1245)
	at EmailValidationTests.testTeamMemberEmailError(Script1743084213202.groovy:75)
	at EmailValidationTests.runAllTests(Script1743084213202.groovy:225)
	at Script1743084213202.run(Script1743084213202.groovy:237)
	... 15 more
)
[[ATTACHMENT|/Users/gv.vignesh/Downloads/WGR-Android-Automation/Reports/20250402_174444/WRMA Android Regression/20250402_174444/1743596850859.png]]

02-04-2025T17:57:32 - [TEST_STEP][PASSED] - catch (Exception e): Object not found or text not available. Skipping check.

02-04-2025T17:57:32 - [TEST_STEP][PASSED] - markWarning("Object not found or text not available. Skipping check."): Object not found or text not available. Skipping check.

02-04-2025T17:57:32 - [MESSAGE][WARNING] - Object not found or text not available. Skipping check.

02-04-2025T17:57:32 - [TEST_STEP][PASSED] - if (actualText != null && actualText.contains(expectedText)): null

02-04-2025T17:57:32 - [TEST_STEP][PASSED] - tap(findTestObject("Object Repository/Repo/android.widget.Button - reset"), 0): Tapped on element 'Object Repository/Repo/android.widget.Button - reset'

02-04-2025T17:57:32 - [MESSAGE][WARNING] - Timeout '0' is invalid. Using default page load timeout: '30'

02-04-2025T17:57:32 - [MESSAGE][PASSED] - Tapped on element 'Object Repository/Repo/android.widget.Button - reset'

02-04-2025T17:57:32 - [TEST_STEP][PASSED] - hideKeyboard(): null

02-04-2025T17:57:35 - [MESSAGE][PASSED] - Keyboard is hidden

02-04-2025T17:57:35 - [TEST_STEP][PASSED] - testEmailAddressMismatch(): null

02-04-2025T17:57:35 - [TEST_STEP][PASSED] - testData = findTestData("Data Files/C679"): null

02-04-2025T17:57:35 - [TEST_STEP][PASSED] - email1 = testData.getValue("email", 1): null

02-04-2025T17:57:35 - [TEST_STEP][PASSED] - email2 = testData.getValue("email", 2): null

02-04-2025T17:57:35 - [TEST_STEP][PASSED] - sendKeys(findTestObject("Object Repository/Repo/android.widget.EditText-LoginorSignUp"), email1): Send keys 'vignesh@chn.com' on test object 'Object Repository/Repo/android.widget.EditText-LoginorSignUp' successfully.

02-04-2025T17:57:36 - [MESSAGE][PASSED] - Send keys 'vignesh@chn.com' on test object 'Object Repository/Repo/android.widget.EditText-LoginorSignUp' successfully.

02-04-2025T17:57:36 - [TEST_STEP][PASSED] - delay(10): Delayed 10 second(s)

02-04-2025T17:57:46 - [MESSAGE][PASSED] - Delayed 10 second(s)

02-04-2025T17:57:46 - [TEST_STEP][PASSED] - tap(findTestObject("Object Repository/Repo/android.widget.Button - Next"), 0): Tapped on element 'Object Repository/Repo/android.widget.Button - Next'

02-04-2025T17:57:46 - [MESSAGE][WARNING] - Timeout '0' is invalid. Using default page load timeout: '30'

02-04-2025T17:57:47 - [MESSAGE][PASSED] - Tapped on element 'Object Repository/Repo/android.widget.Button - Next'

02-04-2025T17:57:47 - [TEST_STEP][PASSED] - delay(20): Delayed 20 second(s)

02-04-2025T17:58:07 - [MESSAGE][PASSED] - Delayed 20 second(s)

02-04-2025T17:58:07 - [TEST_STEP][PASSED] - sendKeys(findTestObject("Object Repository/Repo/android.widget.EditText-confirm email address"), email2): Send keys 'Vignesh@c.com' on test object 'Object Repository/Repo/android.widget.EditText-confirm email address' successfully.

02-04-2025T17:58:07 - [MESSAGE][PASSED] - Send keys 'Vignesh@c.com' on test object 'Object Repository/Repo/android.widget.EditText-confirm email address' successfully.

02-04-2025T17:58:07 - [TEST_STEP][PASSED] - delay(10): Delayed 10 second(s)

02-04-2025T17:58:17 - [MESSAGE][PASSED] - Delayed 10 second(s)

02-04-2025T17:58:17 - [TEST_STEP][PASSED] - try: null

02-04-2025T17:58:17 - [TEST_STEP][PASSED] - actualText = TextView -  Email addresses must match"), 0).trim(): Text of element 'Object Repository/Repo/android.widget.TextView -  Email addresses must match' is: ' Email addresses must match.
'

02-04-2025T17:58:17 - [MESSAGE][WARNING] - Timeout '0' is invalid. Using default page load timeout: '30'

02-04-2025T17:58:17 - [MESSAGE][PASSED] - Text of element 'Object Repository/Repo/android.widget.TextView -  Email addresses must match' is: ' Email addresses must match.
'

02-04-2025T17:58:17 - [TEST_STEP][PASSED] - expectedText = "Email addresses must match.": null

02-04-2025T17:58:17 - [TEST_STEP][PASSED] - if (!(actualText.equals(expectedText))): null

02-04-2025T17:58:17 - [TEST_STEP][PASSED] - out.println("Text matches successfully!"): null

02-04-2025T17:58:17 - [TEST_STEP][PASSED] - tap(findTestObject("Object Repository/Repo/android.widget.Button - reset"), 0): Tapped on element 'Object Repository/Repo/android.widget.Button - reset'

02-04-2025T17:58:17 - [MESSAGE][WARNING] - Timeout '0' is invalid. Using default page load timeout: '30'

02-04-2025T17:58:18 - [MESSAGE][PASSED] - Tapped on element 'Object Repository/Repo/android.widget.Button - reset'

02-04-2025T17:58:18 - [TEST_STEP][PASSED] - hideKeyboard(): null

02-04-2025T17:58:20 - [MESSAGE][PASSED] - Keyboard is hidden

02-04-2025T17:58:20 - [TEST_STEP][PASSED] - testAlreadyUsedEmailAddress(): null

02-04-2025T17:58:20 - [TEST_STEP][PASSED] - excelData = findTestData("Data Files/C680"): null

02-04-2025T17:58:20 - [TEST_STEP][PASSED] - email1 = excelData.getValue("email", 1): null

02-04-2025T17:58:20 - [TEST_STEP][PASSED] - email2 = excelData.getValue("email", 2): null

02-04-2025T17:58:20 - [TEST_STEP][PASSED] - sendKeys(findTestObject("Object Repository/Repo/android.widget.EditText-LoginorSignUp"), email1): Send keys 'm@i.com' on test object 'Object Repository/Repo/android.widget.EditText-LoginorSignUp' successfully.

02-04-2025T17:58:21 - [MESSAGE][PASSED] - Send keys 'm@i.com' on test object 'Object Repository/Repo/android.widget.EditText-LoginorSignUp' successfully.

02-04-2025T17:58:21 - [TEST_STEP][PASSED] - delay(10): Delayed 10 second(s)

02-04-2025T17:58:31 - [MESSAGE][PASSED] - Delayed 10 second(s)

02-04-2025T17:58:31 - [TEST_STEP][PASSED] - tap(findTestObject("Object Repository/Repo/android.widget.Button - Next"), 0): Tapped on element 'Object Repository/Repo/android.widget.Button - Next'

02-04-2025T17:58:31 - [MESSAGE][WARNING] - Timeout '0' is invalid. Using default page load timeout: '30'

02-04-2025T17:58:31 - [MESSAGE][PASSED] - Tapped on element 'Object Repository/Repo/android.widget.Button - Next'

02-04-2025T17:58:31 - [TEST_STEP][PASSED] - delay(10): Delayed 10 second(s)

02-04-2025T17:58:41 - [MESSAGE][PASSED] - Delayed 10 second(s)

02-04-2025T17:58:41 - [TEST_STEP][PASSED] - tap(findTestObject("Object Repository/Repo/android.widget.Button - reset"), 0): Tapped on element 'Object Repository/Repo/android.widget.Button - reset'

02-04-2025T17:58:41 - [MESSAGE][WARNING] - Timeout '0' is invalid. Using default page load timeout: '30'

02-04-2025T17:58:42 - [MESSAGE][PASSED] - Tapped on element 'Object Repository/Repo/android.widget.Button - reset'

02-04-2025T17:58:42 - [TEST_STEP][PASSED] - hideKeyboard(): Keyboard is hidden

02-04-2025T17:58:44 - [MESSAGE][PASSED] - Keyboard is hidden

02-04-2025T17:58:44 - [TEST_STEP][PASSED] - delay(10): Delayed 10 second(s)

02-04-2025T17:58:54 - [MESSAGE][PASSED] - Delayed 10 second(s)

02-04-2025T17:58:54 - [TEST_STEP][PASSED] - sendKeys(findTestObject("Object Repository/Repo/android.widget.EditText -"), email2): Send keys '03205179TM@WG.COM' on test object 'Object Repository/Repo/android.widget.EditText -' successfully.

02-04-2025T17:58:55 - [MESSAGE][PASSED] - Send keys '03205179TM@WG.COM' on test object 'Object Repository/Repo/android.widget.EditText -' successfully.

02-04-2025T17:58:55 - [TEST_STEP][PASSED] - delay(10): Delayed 10 second(s)

02-04-2025T17:59:05 - [MESSAGE][PASSED] - Delayed 10 second(s)

02-04-2025T17:59:05 - [TEST_STEP][PASSED] - tap(findTestObject("Object Repository/Repo/android.widget.EditText-confirm email address"), 0): Tapped on element 'Object Repository/Repo/android.widget.EditText-confirm email address'

02-04-2025T17:59:05 - [MESSAGE][WARNING] - Timeout '0' is invalid. Using default page load timeout: '30'

02-04-2025T17:59:05 - [MESSAGE][PASSED] - Tapped on element 'Object Repository/Repo/android.widget.EditText-confirm email address'

02-04-2025T17:59:05 - [TEST_STEP][PASSED] - hideKeyboard(): Keyboard is hidden

02-04-2025T17:59:08 - [MESSAGE][PASSED] - Keyboard is hidden

02-04-2025T17:59:08 - [TEST_STEP][PASSED] - delay(10): Delayed 10 second(s)

02-04-2025T17:59:18 - [MESSAGE][PASSED] - Delayed 10 second(s)

02-04-2025T17:59:18 - [TEST_STEP][PASSED] - takeScreenshot(): Screenshot is taken

02-04-2025T17:59:19 - [MESSAGE][PASSED] - Screenshot is taken
[[ATTACHMENT|/Users/gv.vignesh/Downloads/WGR-Android-Automation/Reports/20250402_174444/WRMA Android Regression/20250402_174444/1743596958365.png]]

02-04-2025T17:59:19 - [TEST_STEP][PASSED] - tap(findTestObject("Object Repository/Repo/android.widget.Button - reset"), 0): Tapped on element 'Object Repository/Repo/android.widget.Button - reset'

02-04-2025T17:59:19 - [MESSAGE][WARNING] - Timeout '0' is invalid. Using default page load timeout: '30'

02-04-2025T17:59:19 - [MESSAGE][PASSED] - Tapped on element 'Object Repository/Repo/android.widget.Button - reset'

02-04-2025T17:59:19 - [TEST_STEP][PASSED] - hideKeyboard(): null

02-04-2025T17:59:22 - [MESSAGE][PASSED] - Keyboard is hidden

02-04-2025T17:59:22 - [TEST_STEP][PASSED] - testCopyPasteEmailFunctionality(): null

02-04-2025T17:59:22 - [TEST_STEP][PASSED] - testData = findTestData("Data Files/C681"): null

02-04-2025T17:59:22 - [TEST_STEP][PASSED] - email1 = testData.getValue("email", 1): null

02-04-2025T17:59:22 - [TEST_STEP][PASSED] - sendKeys(findTestObject("Object Repository/Repo/android.widget.EditText-LoginorSignUp"), email1): Send keys 'b@k.com' on test object 'Object Repository/Repo/android.widget.EditText-LoginorSignUp' successfully.

02-04-2025T17:59:23 - [MESSAGE][PASSED] - Send keys 'b@k.com' on test object 'Object Repository/Repo/android.widget.EditText-LoginorSignUp' successfully.

02-04-2025T17:59:23 - [TEST_STEP][PASSED] - delay(10): Delayed 10 second(s)

02-04-2025T17:59:33 - [MESSAGE][PASSED] - Delayed 10 second(s)

02-04-2025T17:59:33 - [TEST_STEP][PASSED] - tap(findTestObject("Object Repository/Repo/android.widget.Button - Next (1)"), 0): Tapped on element 'Object Repository/Repo/android.widget.Button - Next (1)'

02-04-2025T17:59:33 - [MESSAGE][WARNING] - Timeout '0' is invalid. Using default page load timeout: '30'

02-04-2025T17:59:33 - [MESSAGE][PASSED] - Tapped on element 'Object Repository/Repo/android.widget.Button - Next (1)'

02-04-2025T17:59:33 - [TEST_STEP][PASSED] - delay(10): Delayed 10 second(s)

02-04-2025T17:59:43 - [MESSAGE][PASSED] - Delayed 10 second(s)

02-04-2025T17:59:43 - [TEST_STEP][FAILED] - try: Failed to wait for element ''{0}'' present (Root cause: com.kms.katalon.core.exception.StepFailedException: Failed to wait for element ''{0}'' present
	at com.kms.katalon.core.mobile.keyword.internal.MobileKeywordMain.stepFailed(MobileKeywordMain.groovy:64)
	at com.kms.katalon.core.mobile.keyword.internal.MobileKeywordMain.runKeyword(MobileKeywordMain.groovy:34)
	at com.kms.katalon.core.mobile.keyword.builtin.WaitForElementPresentKeyword.waitForElementPresent(WaitForElementPresentKeyword.groovy:77)
	at com.kms.katalon.core.mobile.keyword.builtin.WaitForElementPresentKeyword.execute(WaitForElementPresentKeyword.groovy:61)
	at com.kms.katalon.core.keyword.internal.KeywordExecutor.executeKeywordForPlatform(KeywordExecutor.groovy:74)
	at com.kms.katalon.core.mobile.keyword.MobileBuiltInKeywords.waitForElementPresent(MobileBuiltInKeywords.groovy:1660)
	at EmailValidationTests.testCopyPasteEmailFunctionality(Script1743084213202.groovy:160)
	at EmailValidationTests.runAllTests(Script1743084213202.groovy:228)
	at C660-C681_SignUpNewUserPage.run(C660-C681_SignUpNewUserPage:237)
	at com.kms.katalon.core.main.ScriptEngine.run(ScriptEngine.java:194)
	at com.kms.katalon.core.main.ScriptEngine.runScriptAsRawText(ScriptEngine.java:119)
	at com.kms.katalon.core.main.TestCaseExecutor.runScript(TestCaseExecutor.java:448)
	at com.kms.katalon.core.main.TestCaseExecutor.doExecute(TestCaseExecutor.java:439)
	at com.kms.katalon.core.main.TestCaseExecutor.processExecutionPhase(TestCaseExecutor.java:418)
	at com.kms.katalon.core.main.TestCaseExecutor.accessMainPhase(TestCaseExecutor.java:410)
	at com.kms.katalon.core.main.TestCaseExecutor.execute(TestCaseExecutor.java:285)
	at com.kms.katalon.core.common.CommonExecutor.accessTestCaseMainPhase(CommonExecutor.java:71)
	at com.kms.katalon.core.main.TestSuiteExecutor.accessTestSuiteMainPhase(TestSuiteExecutor.java:160)
	at com.kms.katalon.core.main.TestSuiteExecutor.execute(TestSuiteExecutor.java:107)
	at com.kms.katalon.core.main.TestCaseMain.startTestSuite(TestCaseMain.java:180)
	at TempTestSuite1743596084091.run(TempTestSuite1743596084091.groovy:35)
	at java.base/jdk.internal.reflect.NativeMethodAccessorImpl.invoke0(Native Method)
	at java.base/jdk.internal.reflect.NativeMethodAccessorImpl.invoke(NativeMethodAccessorImpl.java:77)
	at java.base/jdk.internal.reflect.DelegatingMethodAccessorImpl.invoke(DelegatingMethodAccessorImpl.java:43)
Caused by: java.lang.IllegalArgumentException: Object is null
	at com.kms.katalon.core.helper.KeywordHelper.checkTestObjectParameter(KeywordHelper.java:33)
	at com.kms.katalon.core.mobile.keyword.builtin.WaitForElementPresentKeyword$_waitForElementPresent_closure1.doCall(WaitForElementPresentKeyword.groovy:67)
	at com.kms.katalon.core.mobile.keyword.builtin.WaitForElementPresentKeyword$_waitForElementPresent_closure1.call(WaitForElementPresentKeyword.groovy)
	at com.kms.katalon.core.mobile.keyword.internal.MobileKeywordMain.runKeyword(MobileKeywordMain.groovy:30)
	at com.kms.katalon.core.mobile.keyword.builtin.WaitForElementPresentKeyword.waitForElementPresent(WaitForElementPresentKeyword.groovy:77)
	at com.kms.katalon.core.mobile.keyword.builtin.WaitForElementPresentKeyword.execute(WaitForElementPresentKeyword.groovy:61)
	at com.kms.katalon.core.keyword.internal.KeywordExecutor.executeKeywordForPlatform(KeywordExecutor.groovy:74)
	at com.kms.katalon.core.mobile.keyword.MobileBuiltInKeywords.waitForElementPresent(MobileBuiltInKeywords.groovy:1660)
	at EmailValidationTests.testCopyPasteEmailFunctionality(Script1743084213202.groovy:160)
	at EmailValidationTests.runAllTests(Script1743084213202.groovy:228)
	at Script1743084213202.run(Script1743084213202.groovy:237)
	... 15 more
)

02-04-2025T17:59:43 - [TEST_STEP][PASSED] - tap(findTestObject("Object Repository/Repo/android.widget.EditText-LoginorSignUp"), 0): Tapped on element 'Object Repository/Repo/android.widget.EditText-LoginorSignUp'

02-04-2025T17:59:43 - [MESSAGE][WARNING] - Timeout '0' is invalid. Using default page load timeout: '30'

02-04-2025T17:59:44 - [MESSAGE][PASSED] - Tapped on element 'Object Repository/Repo/android.widget.EditText-LoginorSignUp'

02-04-2025T17:59:44 - [TEST_STEP][PASSED] - tapAndHold(findTestObject("Object Repository/Repo/android.widget.EditText-LoginorSignUp"), 2, 0): Tapped and held on element 'Object Repository/Repo/android.widget.EditText-LoginorSignUp' with duration 2

02-04-2025T17:59:44 - [MESSAGE][WARNING] - Timeout '0' is invalid. Using default page load timeout: '30'

02-04-2025T17:59:47 - [MESSAGE][PASSED] - Tapped and held on element 'Object Repository/Repo/android.widget.EditText-LoginorSignUp' with duration 2

02-04-2025T17:59:47 - [TEST_STEP][PASSED] - delay(2): Delayed 2 second(s)

02-04-2025T17:59:49 - [MESSAGE][PASSED] - Delayed 2 second(s)

02-04-2025T17:59:49 - [TEST_STEP][FAILED] - if (waitForElementPresent(findTestObject("Object Repository/Repo/android.widget.TextView - Copy"), 3)): Failed to wait for element ''{0}'' present (Root cause: com.kms.katalon.core.exception.StepFailedException: Failed to wait for element ''{0}'' present
	at com.kms.katalon.core.mobile.keyword.internal.MobileKeywordMain.stepFailed(MobileKeywordMain.groovy:64)
	at com.kms.katalon.core.mobile.keyword.internal.MobileKeywordMain.runKeyword(MobileKeywordMain.groovy:34)
	at com.kms.katalon.core.mobile.keyword.builtin.WaitForElementPresentKeyword.waitForElementPresent(WaitForElementPresentKeyword.groovy:77)
	at com.kms.katalon.core.mobile.keyword.builtin.WaitForElementPresentKeyword.execute(WaitForElementPresentKeyword.groovy:61)
	at com.kms.katalon.core.keyword.internal.KeywordExecutor.executeKeywordForPlatform(KeywordExecutor.groovy:74)
	at com.kms.katalon.core.mobile.keyword.MobileBuiltInKeywords.waitForElementPresent(MobileBuiltInKeywords.groovy:1660)
	at EmailValidationTests.testCopyPasteEmailFunctionality(Script1743084213202.groovy:160)
	at EmailValidationTests.runAllTests(Script1743084213202.groovy:228)
	at C660-C681_SignUpNewUserPage.run(C660-C681_SignUpNewUserPage:237)
	at com.kms.katalon.core.main.ScriptEngine.run(ScriptEngine.java:194)
	at com.kms.katalon.core.main.ScriptEngine.runScriptAsRawText(ScriptEngine.java:119)
	at com.kms.katalon.core.main.TestCaseExecutor.runScript(TestCaseExecutor.java:448)
	at com.kms.katalon.core.main.TestCaseExecutor.doExecute(TestCaseExecutor.java:439)
	at com.kms.katalon.core.main.TestCaseExecutor.processExecutionPhase(TestCaseExecutor.java:418)
	at com.kms.katalon.core.main.TestCaseExecutor.accessMainPhase(TestCaseExecutor.java:410)
	at com.kms.katalon.core.main.TestCaseExecutor.execute(TestCaseExecutor.java:285)
	at com.kms.katalon.core.common.CommonExecutor.accessTestCaseMainPhase(CommonExecutor.java:71)
	at com.kms.katalon.core.main.TestSuiteExecutor.accessTestSuiteMainPhase(TestSuiteExecutor.java:160)
	at com.kms.katalon.core.main.TestSuiteExecutor.execute(TestSuiteExecutor.java:107)
	at com.kms.katalon.core.main.TestCaseMain.startTestSuite(TestCaseMain.java:180)
	at TempTestSuite1743596084091.run(TempTestSuite1743596084091.groovy:35)
	at java.base/jdk.internal.reflect.NativeMethodAccessorImpl.invoke0(Native Method)
	at java.base/jdk.internal.reflect.NativeMethodAccessorImpl.invoke(NativeMethodAccessorImpl.java:77)
	at java.base/jdk.internal.reflect.DelegatingMethodAccessorImpl.invoke(DelegatingMethodAccessorImpl.java:43)
Caused by: java.lang.IllegalArgumentException: Object is null
	at com.kms.katalon.core.helper.KeywordHelper.checkTestObjectParameter(KeywordHelper.java:33)
	at com.kms.katalon.core.mobile.keyword.builtin.WaitForElementPresentKeyword$_waitForElementPresent_closure1.doCall(WaitForElementPresentKeyword.groovy:67)
	at com.kms.katalon.core.mobile.keyword.builtin.WaitForElementPresentKeyword$_waitForElementPresent_closure1.call(WaitForElementPresentKeyword.groovy)
	at com.kms.katalon.core.mobile.keyword.internal.MobileKeywordMain.runKeyword(MobileKeywordMain.groovy:30)
	at com.kms.katalon.core.mobile.keyword.builtin.WaitForElementPresentKeyword.waitForElementPresent(WaitForElementPresentKeyword.groovy:77)
	at com.kms.katalon.core.mobile.keyword.builtin.WaitForElementPresentKeyword.execute(WaitForElementPresentKeyword.groovy:61)
	at com.kms.katalon.core.keyword.internal.KeywordExecutor.executeKeywordForPlatform(KeywordExecutor.groovy:74)
	at com.kms.katalon.core.mobile.keyword.MobileBuiltInKeywords.waitForElementPresent(MobileBuiltInKeywords.groovy:1660)
	at EmailValidationTests.testCopyPasteEmailFunctionality(Script1743084213202.groovy:160)
	at EmailValidationTests.runAllTests(Script1743084213202.groovy:228)
	at Script1743084213202.run(Script1743084213202.groovy:237)
	... 15 more
)

02-04-2025T17:59:49 - [MESSAGE][WARNING] - Test object with id 'Object Repository/Repo/android.widget.TextView - Copy' does not exist

02-04-2025T17:59:49 - [MESSAGE][WARNING] - Test object with id 'Object Repository/' does not exist

02-04-2025T17:59:50 - [MESSAGE][FAILED] - Failed to wait for element ''{0}'' present (Root cause: com.kms.katalon.core.exception.StepFailedException: Failed to wait for element ''{0}'' present
	at com.kms.katalon.core.mobile.keyword.internal.MobileKeywordMain.stepFailed(MobileKeywordMain.groovy:64)
	at com.kms.katalon.core.mobile.keyword.internal.MobileKeywordMain.runKeyword(MobileKeywordMain.groovy:34)
	at com.kms.katalon.core.mobile.keyword.builtin.WaitForElementPresentKeyword.waitForElementPresent(WaitForElementPresentKeyword.groovy:77)
	at com.kms.katalon.core.mobile.keyword.builtin.WaitForElementPresentKeyword.execute(WaitForElementPresentKeyword.groovy:61)
	at com.kms.katalon.core.keyword.internal.KeywordExecutor.executeKeywordForPlatform(KeywordExecutor.groovy:74)
	at com.kms.katalon.core.mobile.keyword.MobileBuiltInKeywords.waitForElementPresent(MobileBuiltInKeywords.groovy:1660)
	at EmailValidationTests.testCopyPasteEmailFunctionality(Script1743084213202.groovy:160)
	at EmailValidationTests.runAllTests(Script1743084213202.groovy:228)
	at C660-C681_SignUpNewUserPage.run(C660-C681_SignUpNewUserPage:237)
	at com.kms.katalon.core.main.ScriptEngine.run(ScriptEngine.java:194)
	at com.kms.katalon.core.main.ScriptEngine.runScriptAsRawText(ScriptEngine.java:119)
	at com.kms.katalon.core.main.TestCaseExecutor.runScript(TestCaseExecutor.java:448)
	at com.kms.katalon.core.main.TestCaseExecutor.doExecute(TestCaseExecutor.java:439)
	at com.kms.katalon.core.main.TestCaseExecutor.processExecutionPhase(TestCaseExecutor.java:418)
	at com.kms.katalon.core.main.TestCaseExecutor.accessMainPhase(TestCaseExecutor.java:410)
	at com.kms.katalon.core.main.TestCaseExecutor.execute(TestCaseExecutor.java:285)
	at com.kms.katalon.core.common.CommonExecutor.accessTestCaseMainPhase(CommonExecutor.java:71)
	at com.kms.katalon.core.main.TestSuiteExecutor.accessTestSuiteMainPhase(TestSuiteExecutor.java:160)
	at com.kms.katalon.core.main.TestSuiteExecutor.execute(TestSuiteExecutor.java:107)
	at com.kms.katalon.core.main.TestCaseMain.startTestSuite(TestCaseMain.java:180)
	at TempTestSuite1743596084091.run(TempTestSuite1743596084091.groovy:35)
	at java.base/jdk.internal.reflect.NativeMethodAccessorImpl.invoke0(Native Method)
	at java.base/jdk.internal.reflect.NativeMethodAccessorImpl.invoke(NativeMethodAccessorImpl.java:77)
	at java.base/jdk.internal.reflect.DelegatingMethodAccessorImpl.invoke(DelegatingMethodAccessorImpl.java:43)
Caused by: java.lang.IllegalArgumentException: Object is null
	at com.kms.katalon.core.helper.KeywordHelper.checkTestObjectParameter(KeywordHelper.java:33)
	at com.kms.katalon.core.mobile.keyword.builtin.WaitForElementPresentKeyword$_waitForElementPresent_closure1.doCall(WaitForElementPresentKeyword.groovy:67)
	at com.kms.katalon.core.mobile.keyword.builtin.WaitForElementPresentKeyword$_waitForElementPresent_closure1.call(WaitForElementPresentKeyword.groovy)
	at com.kms.katalon.core.mobile.keyword.internal.MobileKeywordMain.runKeyword(MobileKeywordMain.groovy:30)
	at com.kms.katalon.core.mobile.keyword.builtin.WaitForElementPresentKeyword.waitForElementPresent(WaitForElementPresentKeyword.groovy:77)
	at com.kms.katalon.core.mobile.keyword.builtin.WaitForElementPresentKeyword.execute(WaitForElementPresentKeyword.groovy:61)
	at com.kms.katalon.core.keyword.internal.KeywordExecutor.executeKeywordForPlatform(KeywordExecutor.groovy:74)
	at com.kms.katalon.core.mobile.keyword.MobileBuiltInKeywords.waitForElementPresent(MobileBuiltInKeywords.groovy:1660)
	at EmailValidationTests.testCopyPasteEmailFunctionality(Script1743084213202.groovy:160)
	at EmailValidationTests.runAllTests(Script1743084213202.groovy:228)
	at Script1743084213202.run(Script1743084213202.groovy:237)
	... 15 more
)
[[ATTACHMENT|/Users/gv.vignesh/Downloads/WGR-Android-Automation/Reports/20250402_174444/WRMA Android Regression/20250402_174444/1743596989669.png]]

02-04-2025T17:59:50 - [TEST_STEP][PASSED] - catch (com.kms.katalon.core.exception.StepFailedException e): null

02-04-2025T17:59:50 - [TEST_STEP][PASSED] - println("⚠️ Error occurred during copy: " + e.getMessage()): null

02-04-2025T17:59:50 - [TEST_STEP][FAILED] - try: Failed to wait for element ''{0}'' present (Root cause: com.kms.katalon.core.exception.StepFailedException: Failed to wait for element ''{0}'' present
	at com.kms.katalon.core.mobile.keyword.internal.MobileKeywordMain.stepFailed(MobileKeywordMain.groovy:64)
	at com.kms.katalon.core.mobile.keyword.internal.MobileKeywordMain.runKeyword(MobileKeywordMain.groovy:34)
	at com.kms.katalon.core.mobile.keyword.builtin.WaitForElementPresentKeyword.waitForElementPresent(WaitForElementPresentKeyword.groovy:77)
	at com.kms.katalon.core.mobile.keyword.builtin.WaitForElementPresentKeyword.execute(WaitForElementPresentKeyword.groovy:61)
	at com.kms.katalon.core.keyword.internal.KeywordExecutor.executeKeywordForPlatform(KeywordExecutor.groovy:74)
	at com.kms.katalon.core.mobile.keyword.MobileBuiltInKeywords.waitForElementPresent(MobileBuiltInKeywords.groovy:1660)
	at EmailValidationTests.testCopyPasteEmailFunctionality(Script1743084213202.groovy:175)
	at EmailValidationTests.runAllTests(Script1743084213202.groovy:228)
	at C660-C681_SignUpNewUserPage.run(C660-C681_SignUpNewUserPage:237)
	at com.kms.katalon.core.main.ScriptEngine.run(ScriptEngine.java:194)
	at com.kms.katalon.core.main.ScriptEngine.runScriptAsRawText(ScriptEngine.java:119)
	at com.kms.katalon.core.main.TestCaseExecutor.runScript(TestCaseExecutor.java:448)
	at com.kms.katalon.core.main.TestCaseExecutor.doExecute(TestCaseExecutor.java:439)
	at com.kms.katalon.core.main.TestCaseExecutor.processExecutionPhase(TestCaseExecutor.java:418)
	at com.kms.katalon.core.main.TestCaseExecutor.accessMainPhase(TestCaseExecutor.java:410)
	at com.kms.katalon.core.main.TestCaseExecutor.execute(TestCaseExecutor.java:285)
	at com.kms.katalon.core.common.CommonExecutor.accessTestCaseMainPhase(CommonExecutor.java:71)
	at com.kms.katalon.core.main.TestSuiteExecutor.accessTestSuiteMainPhase(TestSuiteExecutor.java:160)
	at com.kms.katalon.core.main.TestSuiteExecutor.execute(TestSuiteExecutor.java:107)
	at com.kms.katalon.core.main.TestCaseMain.startTestSuite(TestCaseMain.java:180)
	at TempTestSuite1743596084091.run(TempTestSuite1743596084091.groovy:35)
	at java.base/jdk.internal.reflect.NativeMethodAccessorImpl.invoke0(Native Method)
	at java.base/jdk.internal.reflect.NativeMethodAccessorImpl.invoke(NativeMethodAccessorImpl.java:77)
	at java.base/jdk.internal.reflect.DelegatingMethodAccessorImpl.invoke(DelegatingMethodAccessorImpl.java:43)
Caused by: java.lang.IllegalArgumentException: Object is null
	at com.kms.katalon.core.helper.KeywordHelper.checkTestObjectParameter(KeywordHelper.java:33)
	at com.kms.katalon.core.mobile.keyword.builtin.WaitForElementPresentKeyword$_waitForElementPresent_closure1.doCall(WaitForElementPresentKeyword.groovy:67)
	at com.kms.katalon.core.mobile.keyword.builtin.WaitForElementPresentKeyword$_waitForElementPresent_closure1.call(WaitForElementPresentKeyword.groovy)
	at com.kms.katalon.core.mobile.keyword.internal.MobileKeywordMain.runKeyword(MobileKeywordMain.groovy:30)
	at com.kms.katalon.core.mobile.keyword.builtin.WaitForElementPresentKeyword.waitForElementPresent(WaitForElementPresentKeyword.groovy:77)
	at com.kms.katalon.core.mobile.keyword.builtin.WaitForElementPresentKeyword.execute(WaitForElementPresentKeyword.groovy:61)
	at com.kms.katalon.core.keyword.internal.KeywordExecutor.executeKeywordForPlatform(KeywordExecutor.groovy:74)
	at com.kms.katalon.core.mobile.keyword.MobileBuiltInKeywords.waitForElementPresent(MobileBuiltInKeywords.groovy:1660)
	at EmailValidationTests.testCopyPasteEmailFunctionality(Script1743084213202.groovy:175)
	at EmailValidationTests.runAllTests(Script1743084213202.groovy:228)
	at Script1743084213202.run(Script1743084213202.groovy:237)
	... 15 more
)

02-04-2025T17:59:50 - [TEST_STEP][PASSED] - tap(findTestObject("Object Repository/Repo/android.widget.EditText-confirm email address"), 0): Tapped on element 'Object Repository/Repo/android.widget.EditText-confirm email address'

02-04-2025T17:59:50 - [MESSAGE][WARNING] - Timeout '0' is invalid. Using default page load timeout: '30'

02-04-2025T17:59:51 - [MESSAGE][PASSED] - Tapped on element 'Object Repository/Repo/android.widget.EditText-confirm email address'

02-04-2025T17:59:51 - [TEST_STEP][PASSED] - tapAndHold(findTestObject("Object Repository/Repo/android.widget.EditText-confirm email address"), 2, 0): Tapped and held on element 'Object Repository/Repo/android.widget.EditText-confirm email address' with duration 2

02-04-2025T17:59:51 - [MESSAGE][WARNING] - Timeout '0' is invalid. Using default page load timeout: '30'

02-04-2025T17:59:55 - [MESSAGE][PASSED] - Tapped and held on element 'Object Repository/Repo/android.widget.EditText-confirm email address' with duration 2

02-04-2025T17:59:55 - [TEST_STEP][PASSED] - delay(2): Delayed 2 second(s)

02-04-2025T17:59:57 - [MESSAGE][PASSED] - Delayed 2 second(s)

02-04-2025T17:59:57 - [TEST_STEP][FAILED] - if (waitForElementPresent(findTestObject("Object Repository/Repo/android.widget.TextView - Paste"), 3)): Failed to wait for element ''{0}'' present (Root cause: com.kms.katalon.core.exception.StepFailedException: Failed to wait for element ''{0}'' present
	at com.kms.katalon.core.mobile.keyword.internal.MobileKeywordMain.stepFailed(MobileKeywordMain.groovy:64)
	at com.kms.katalon.core.mobile.keyword.internal.MobileKeywordMain.runKeyword(MobileKeywordMain.groovy:34)
	at com.kms.katalon.core.mobile.keyword.builtin.WaitForElementPresentKeyword.waitForElementPresent(WaitForElementPresentKeyword.groovy:77)
	at com.kms.katalon.core.mobile.keyword.builtin.WaitForElementPresentKeyword.execute(WaitForElementPresentKeyword.groovy:61)
	at com.kms.katalon.core.keyword.internal.KeywordExecutor.executeKeywordForPlatform(KeywordExecutor.groovy:74)
	at com.kms.katalon.core.mobile.keyword.MobileBuiltInKeywords.waitForElementPresent(MobileBuiltInKeywords.groovy:1660)
	at EmailValidationTests.testCopyPasteEmailFunctionality(Script1743084213202.groovy:175)
	at EmailValidationTests.runAllTests(Script1743084213202.groovy:228)
	at C660-C681_SignUpNewUserPage.run(C660-C681_SignUpNewUserPage:237)
	at com.kms.katalon.core.main.ScriptEngine.run(ScriptEngine.java:194)
	at com.kms.katalon.core.main.ScriptEngine.runScriptAsRawText(ScriptEngine.java:119)
	at com.kms.katalon.core.main.TestCaseExecutor.runScript(TestCaseExecutor.java:448)
	at com.kms.katalon.core.main.TestCaseExecutor.doExecute(TestCaseExecutor.java:439)
	at com.kms.katalon.core.main.TestCaseExecutor.processExecutionPhase(TestCaseExecutor.java:418)
	at com.kms.katalon.core.main.TestCaseExecutor.accessMainPhase(TestCaseExecutor.java:410)
	at com.kms.katalon.core.main.TestCaseExecutor.execute(TestCaseExecutor.java:285)
	at com.kms.katalon.core.common.CommonExecutor.accessTestCaseMainPhase(CommonExecutor.java:71)
	at com.kms.katalon.core.main.TestSuiteExecutor.accessTestSuiteMainPhase(TestSuiteExecutor.java:160)
	at com.kms.katalon.core.main.TestSuiteExecutor.execute(TestSuiteExecutor.java:107)
	at com.kms.katalon.core.main.TestCaseMain.startTestSuite(TestCaseMain.java:180)
	at TempTestSuite1743596084091.run(TempTestSuite1743596084091.groovy:35)
	at java.base/jdk.internal.reflect.NativeMethodAccessorImpl.invoke0(Native Method)
	at java.base/jdk.internal.reflect.NativeMethodAccessorImpl.invoke(NativeMethodAccessorImpl.java:77)
	at java.base/jdk.internal.reflect.DelegatingMethodAccessorImpl.invoke(DelegatingMethodAccessorImpl.java:43)
Caused by: java.lang.IllegalArgumentException: Object is null
	at com.kms.katalon.core.helper.KeywordHelper.checkTestObjectParameter(KeywordHelper.java:33)
	at com.kms.katalon.core.mobile.keyword.builtin.WaitForElementPresentKeyword$_waitForElementPresent_closure1.doCall(WaitForElementPresentKeyword.groovy:67)
	at com.kms.katalon.core.mobile.keyword.builtin.WaitForElementPresentKeyword$_waitForElementPresent_closure1.call(WaitForElementPresentKeyword.groovy)
	at com.kms.katalon.core.mobile.keyword.internal.MobileKeywordMain.runKeyword(MobileKeywordMain.groovy:30)
	at com.kms.katalon.core.mobile.keyword.builtin.WaitForElementPresentKeyword.waitForElementPresent(WaitForElementPresentKeyword.groovy:77)
	at com.kms.katalon.core.mobile.keyword.builtin.WaitForElementPresentKeyword.execute(WaitForElementPresentKeyword.groovy:61)
	at com.kms.katalon.core.keyword.internal.KeywordExecutor.executeKeywordForPlatform(KeywordExecutor.groovy:74)
	at com.kms.katalon.core.mobile.keyword.MobileBuiltInKeywords.waitForElementPresent(MobileBuiltInKeywords.groovy:1660)
	at EmailValidationTests.testCopyPasteEmailFunctionality(Script1743084213202.groovy:175)
	at EmailValidationTests.runAllTests(Script1743084213202.groovy:228)
	at Script1743084213202.run(Script1743084213202.groovy:237)
	... 15 more
)

02-04-2025T17:59:57 - [MESSAGE][WARNING] - Test object with id 'Object Repository/Repo/android.widget.TextView - Paste' does not exist

02-04-2025T17:59:57 - [MESSAGE][WARNING] - Test object with id 'Object Repository/' does not exist

02-04-2025T17:59:58 - [MESSAGE][FAILED] - Failed to wait for element ''{0}'' present (Root cause: com.kms.katalon.core.exception.StepFailedException: Failed to wait for element ''{0}'' present
	at com.kms.katalon.core.mobile.keyword.internal.MobileKeywordMain.stepFailed(MobileKeywordMain.groovy:64)
	at com.kms.katalon.core.mobile.keyword.internal.MobileKeywordMain.runKeyword(MobileKeywordMain.groovy:34)
	at com.kms.katalon.core.mobile.keyword.builtin.WaitForElementPresentKeyword.waitForElementPresent(WaitForElementPresentKeyword.groovy:77)
	at com.kms.katalon.core.mobile.keyword.builtin.WaitForElementPresentKeyword.execute(WaitForElementPresentKeyword.groovy:61)
	at com.kms.katalon.core.keyword.internal.KeywordExecutor.executeKeywordForPlatform(KeywordExecutor.groovy:74)
	at com.kms.katalon.core.mobile.keyword.MobileBuiltInKeywords.waitForElementPresent(MobileBuiltInKeywords.groovy:1660)
	at EmailValidationTests.testCopyPasteEmailFunctionality(Script1743084213202.groovy:175)
	at EmailValidationTests.runAllTests(Script1743084213202.groovy:228)
	at C660-C681_SignUpNewUserPage.run(C660-C681_SignUpNewUserPage:237)
	at com.kms.katalon.core.main.ScriptEngine.run(ScriptEngine.java:194)
	at com.kms.katalon.core.main.ScriptEngine.runScriptAsRawText(ScriptEngine.java:119)
	at com.kms.katalon.core.main.TestCaseExecutor.runScript(TestCaseExecutor.java:448)
	at com.kms.katalon.core.main.TestCaseExecutor.doExecute(TestCaseExecutor.java:439)
	at com.kms.katalon.core.main.TestCaseExecutor.processExecutionPhase(TestCaseExecutor.java:418)
	at com.kms.katalon.core.main.TestCaseExecutor.accessMainPhase(TestCaseExecutor.java:410)
	at com.kms.katalon.core.main.TestCaseExecutor.execute(TestCaseExecutor.java:285)
	at com.kms.katalon.core.common.CommonExecutor.accessTestCaseMainPhase(CommonExecutor.java:71)
	at com.kms.katalon.core.main.TestSuiteExecutor.accessTestSuiteMainPhase(TestSuiteExecutor.java:160)
	at com.kms.katalon.core.main.TestSuiteExecutor.execute(TestSuiteExecutor.java:107)
	at com.kms.katalon.core.main.TestCaseMain.startTestSuite(TestCaseMain.java:180)
	at TempTestSuite1743596084091.run(TempTestSuite1743596084091.groovy:35)
	at java.base/jdk.internal.reflect.NativeMethodAccessorImpl.invoke0(Native Method)
	at java.base/jdk.internal.reflect.NativeMethodAccessorImpl.invoke(NativeMethodAccessorImpl.java:77)
	at java.base/jdk.internal.reflect.DelegatingMethodAccessorImpl.invoke(DelegatingMethodAccessorImpl.java:43)
Caused by: java.lang.IllegalArgumentException: Object is null
	at com.kms.katalon.core.helper.KeywordHelper.checkTestObjectParameter(KeywordHelper.java:33)
	at com.kms.katalon.core.mobile.keyword.builtin.WaitForElementPresentKeyword$_waitForElementPresent_closure1.doCall(WaitForElementPresentKeyword.groovy:67)
	at com.kms.katalon.core.mobile.keyword.builtin.WaitForElementPresentKeyword$_waitForElementPresent_closure1.call(WaitForElementPresentKeyword.groovy)
	at com.kms.katalon.core.mobile.keyword.internal.MobileKeywordMain.runKeyword(MobileKeywordMain.groovy:30)
	at com.kms.katalon.core.mobile.keyword.builtin.WaitForElementPresentKeyword.waitForElementPresent(WaitForElementPresentKeyword.groovy:77)
	at com.kms.katalon.core.mobile.keyword.builtin.WaitForElementPresentKeyword.execute(WaitForElementPresentKeyword.groovy:61)
	at com.kms.katalon.core.keyword.internal.KeywordExecutor.executeKeywordForPlatform(KeywordExecutor.groovy:74)
	at com.kms.katalon.core.mobile.keyword.MobileBuiltInKeywords.waitForElementPresent(MobileBuiltInKeywords.groovy:1660)
	at EmailValidationTests.testCopyPasteEmailFunctionality(Script1743084213202.groovy:175)
	at EmailValidationTests.runAllTests(Script1743084213202.groovy:228)
	at Script1743084213202.run(Script1743084213202.groovy:237)
	... 15 more
)
[[ATTACHMENT|/Users/gv.vignesh/Downloads/WGR-Android-Automation/Reports/20250402_174444/WRMA Android Regression/20250402_174444/1743596997017.png]]

02-04-2025T17:59:58 - [TEST_STEP][PASSED] - catch (com.kms.katalon.core.exception.StepFailedException e): null

02-04-2025T17:59:58 - [TEST_STEP][PASSED] - println("⚠️ Error occurred during paste: " + e.getMessage()): null

02-04-2025T17:59:58 - [TEST_STEP][PASSED] - tap(findTestObject("Object Repository/Repo/android.widget.Button - reset"), 0): Tapped on element 'Object Repository/Repo/android.widget.Button - reset'

02-04-2025T17:59:58 - [MESSAGE][WARNING] - Timeout '0' is invalid. Using default page load timeout: '30'

02-04-2025T17:59:58 - [MESSAGE][PASSED] - Tapped on element 'Object Repository/Repo/android.widget.Button - reset'

02-04-2025T17:59:58 - [TEST_STEP][PASSED] - hideKeyboard(): null

02-04-2025T18:00:01 - [MESSAGE][PASSED] - Keyboard is hidden

02-04-2025T18:00:01 - [TEST_STEP][PASSED] - testMultipleEmailsFunctionality(): null

02-04-2025T18:00:01 - [TEST_STEP][PASSED] - testData = findTestData("Data Files/Emails"): null

02-04-2025T18:00:01 - [TEST_STEP][PASSED] - email1 = testData.getValue("email", 1): null

02-04-2025T18:00:01 - [TEST_STEP][PASSED] - email2 = testData.getValue("email", 2): null

02-04-2025T18:00:01 - [TEST_STEP][PASSED] - sendKeys(findTestObject("Object Repository/Repo/android.widget.EditText-LoginorSignUp"), email1): Send keys 'c@y.com' on test object 'Object Repository/Repo/android.widget.EditText-LoginorSignUp' successfully.

02-04-2025T18:00:01 - [MESSAGE][PASSED] - Send keys 'c@y.com' on test object 'Object Repository/Repo/android.widget.EditText-LoginorSignUp' successfully.

02-04-2025T18:00:01 - [TEST_STEP][PASSED] - tap(findTestObject("Object Repository/Repo/android.widget.Button - Next (1)"), 10): Tapped on element 'Object Repository/Repo/android.widget.Button - Next (1)'

02-04-2025T18:00:03 - [MESSAGE][PASSED] - Tapped on element 'Object Repository/Repo/android.widget.Button - Next (1)'

02-04-2025T18:00:03 - [TEST_STEP][PASSED] - tap(findTestObject("Object Repository/Repo/android.widget.Button - reset"), 10): Tapped on element 'Object Repository/Repo/android.widget.Button - reset'

02-04-2025T18:00:03 - [MESSAGE][PASSED] - Tapped on element 'Object Repository/Repo/android.widget.Button - reset'

02-04-2025T18:00:03 - [TEST_STEP][PASSED] - hideKeyboard(): Keyboard is hidden

02-04-2025T18:00:06 - [MESSAGE][PASSED] - Keyboard is hidden

02-04-2025T18:00:06 - [TEST_STEP][PASSED] - sendKeys(findTestObject("Object Repository/Repo/android.widget.EditText-confirm email address"), email2): Send keys 'o.m' on test object 'Object Repository/Repo/android.widget.EditText-confirm email address' successfully.

02-04-2025T18:00:08 - [MESSAGE][PASSED] - Send keys 'o.m' on test object 'Object Repository/Repo/android.widget.EditText-confirm email address' successfully.

02-04-2025T18:00:08 - [TEST_STEP][PASSED] - delay(3): Delayed 3 second(s)

02-04-2025T18:00:11 - [MESSAGE][PASSED] - Delayed 3 second(s)

02-04-2025T18:00:11 - [TEST_STEP][PASSED] - tap(findTestObject("Object Repository/Repo/android.widget.EditText-confirm email address"), 10): Tapped on element 'Object Repository/Repo/android.widget.EditText-confirm email address'

02-04-2025T18:00:11 - [MESSAGE][PASSED] - Tapped on element 'Object Repository/Repo/android.widget.EditText-confirm email address'

02-04-2025T18:00:11 - [TEST_STEP][PASSED] - try: null

02-04-2025T18:00:11 - [TEST_STEP][PASSED] - testObject = findTestObject("Object Repository/Repo/android.widget.TextView - Invalid email format"): Test object with id 'Object Repository/Repo/android.widget.TextView - Invalid email format' does not exist

02-04-2025T18:00:11 - [MESSAGE][WARNING] - Test object with id 'Object Repository/Repo/android.widget.TextView - Invalid email format' does not exist

02-04-2025T18:00:11 - [TEST_STEP][PASSED] - if (testObject == null): null

02-04-2025T18:00:11 - [TEST_STEP][PASSED] - throw new java.lang.Exception(Test object 'Invalid email format' not found in the Object Repository.): null

02-04-2025T18:00:11 - [TEST_STEP][PASSED] - catch (Exception e): null

02-04-2025T18:00:11 - [TEST_STEP][PASSED] - println(❌ An error occurred: $e.getMessage()): null

02-04-2025T18:00:11 - [TEST_STEP][PASSED] - tap(findTestObject("Object Repository/Repo/android.widget.Button - reset"), 0): Tapped on element 'Object Repository/Repo/android.widget.Button - reset'

02-04-2025T18:00:11 - [MESSAGE][WARNING] - Timeout '0' is invalid. Using default page load timeout: '30'

02-04-2025T18:00:13 - [MESSAGE][PASSED] - Tapped on element 'Object Repository/Repo/android.widget.Button - reset'

02-04-2025T18:00:13 - [TEST_STEP][PASSED] - hideKeyboard(): Keyboard is hidden

02-04-2025T18:00:16 - [MESSAGE][PASSED] - Keyboard is hidden

02-04-2025T18:00:16 - [TEST_STEP][PASSED] - Finally: null

02-04-2025T18:00:16 - [TEST_STEP][PASSED] - cleanup(): null

02-04-2025T18:00:16 - [TEST_STEP][PASSED] - closeApplication(): Close app successfully

02-04-2025T18:00:19 - [MESSAGE][PASSED] - Close app successfully]]></system-out>
         <system-err><![CDATA[]]></system-err>
      </testcase>
      <testcase name="Test Cases/Sign Up New UserPage/C682-C688_SignUpNewUserPage" time="366.725" classname="Test Cases/Sign Up New UserPage/C682-C688_SignUpNewUserPage" status="PASSED">
         <system-out><![CDATA[02-04-2025T18:00:19 - [TEST_CASE][PASSED] - Test Cases/Sign Up New UserPage/C682-C688_SignUpNewUserPage: Test Cases/Sign Up New UserPage/C682-C688_SignUpNewUserPage

02-04-2025T18:00:19 - [TEST_STEP][PASSED] - startApplication("/Users/gv.vignesh/Downloads/WGR-Android-Automation/App Folder/universal.apk", true): Started application: '/Users/gv.vignesh/Downloads/WGR-Android-Automation/App Folder/universal.apk'

02-04-2025T18:00:19 - [MESSAGE][INFO] - Starting application: '/Users/gv.vignesh/Downloads/WGR-Android-Automation/App Folder/universal.apk'

02-04-2025T18:00:19 - [MESSAGE][INFO] - User set preference: ['deviceId', '']

02-04-2025T18:00:19 - [MESSAGE][INFO] - Detected NodeJS location: "/opt/homebrew/Cellar/node/23.10.0_1/bin/node"

02-04-2025T18:00:19 - [MESSAGE][INFO] - PATH: /opt/homebrew/Cellar/node/23.10.0_1/bin:/opt/homebrew/bin:/usr/bin:/bin:/usr/sbin:/sbin:/Applications/Katalon Studio Enterprise.app/Contents/Eclipse/jre/Contents/Home/bin:/usr/local/bin/

02-04-2025T18:00:19 - [MESSAGE][INFO] - APPIUM_HOME: /Users/gv.vignesh/.appium

02-04-2025T18:00:19 - [MESSAGE][INFO] - appium outlog: /Users/gv.vignesh/Downloads/WGR-Android-Automation/Reports/20250402_174444/WRMA Android Regression/20250402_174444/appium.log

02-04-2025T18:00:19 - [MESSAGE][INFO] - appium errlog: /Users/gv.vignesh/Downloads/WGR-Android-Automation/Reports/20250402_174444/WRMA Android Regression/20250402_174444/appium_error.log

02-04-2025T18:00:19 - [MESSAGE][INFO] - Appium server started on port 55,668

02-04-2025T18:00:38 - [MESSAGE][PASSED] - Started application: '/Users/gv.vignesh/Downloads/WGR-Android-Automation/App Folder/universal.apk'

02-04-2025T18:00:38 - [TEST_STEP][PASSED] - delay(10): Delayed 10 second(s)

02-04-2025T18:00:48 - [MESSAGE][PASSED] - Delayed 10 second(s)

02-04-2025T18:00:48 - [TEST_STEP][PASSED] - tap(findTestObject("Object Repository/Repo/SignUpNewUser/android.widget.Button - Login or Sign Up"), 0): Tapped on element 'Object Repository/Repo/SignUpNewUser/android.widget.Button - Login or Sign Up'

02-04-2025T18:00:48 - [MESSAGE][WARNING] - Timeout '0' is invalid. Using default page load timeout: '30'

02-04-2025T18:00:49 - [MESSAGE][PASSED] - Tapped on element 'Object Repository/Repo/SignUpNewUser/android.widget.Button - Login or Sign Up'

02-04-2025T18:00:49 - [TEST_STEP][PASSED] - delay(10): Delayed 10 second(s)

02-04-2025T18:00:59 - [MESSAGE][PASSED] - Delayed 10 second(s)

02-04-2025T18:00:59 - [TEST_STEP][PASSED] - setText(findTestObject("Object Repository/Repo/SignUpNewUser/android.widget.EditText"), "Walterjr@yopmail.com", 0): Text 'Walterjr@yopmail.com' has been set to element 'Object Repository/Repo/SignUpNewUser/android.widget.EditText'

02-04-2025T18:00:59 - [MESSAGE][WARNING] - Timeout '0' is invalid. Using default page load timeout: '30'

02-04-2025T18:01:01 - [MESSAGE][PASSED] - Text 'Walterjr@yopmail.com' has been set to element 'Object Repository/Repo/SignUpNewUser/android.widget.EditText'

02-04-2025T18:01:01 - [TEST_STEP][PASSED] - delay(3): Delayed 3 second(s)

02-04-2025T18:01:04 - [MESSAGE][PASSED] - Delayed 3 second(s)

02-04-2025T18:01:04 - [TEST_STEP][PASSED] - hideKeyboard(): Keyboard is hidden

02-04-2025T18:01:06 - [MESSAGE][PASSED] - Keyboard is hidden

02-04-2025T18:01:06 - [TEST_STEP][PASSED] - delay(3): Delayed 3 second(s)

02-04-2025T18:01:09 - [MESSAGE][PASSED] - Delayed 3 second(s)

02-04-2025T18:01:09 - [TEST_STEP][PASSED] - tap(findTestObject("Object Repository/Repo/SignUpNewUser/android.widget.Button - Next"), 0): Tapped on element 'Object Repository/Repo/SignUpNewUser/android.widget.Button - Next'

02-04-2025T18:01:09 - [MESSAGE][WARNING] - Timeout '0' is invalid. Using default page load timeout: '30'

02-04-2025T18:01:09 - [MESSAGE][PASSED] - Tapped on element 'Object Repository/Repo/SignUpNewUser/android.widget.Button - Next'

02-04-2025T18:01:09 - [TEST_STEP][PASSED] - delay(3): Delayed 3 second(s)

02-04-2025T18:01:12 - [MESSAGE][PASSED] - Delayed 3 second(s)

02-04-2025T18:01:12 - [TEST_STEP][PASSED] - setText(findTestObject("Object Repository/Repo/SignUpNewUser/android.widget.EditText (1)"), "Walterjr@yopmail.com", 0): Text 'Walterjr@yopmail.com' has been set to element 'Object Repository/Repo/SignUpNewUser/android.widget.EditText (1)'

02-04-2025T18:01:12 - [MESSAGE][WARNING] - Timeout '0' is invalid. Using default page load timeout: '30'

02-04-2025T18:01:13 - [MESSAGE][PASSED] - Text 'Walterjr@yopmail.com' has been set to element 'Object Repository/Repo/SignUpNewUser/android.widget.EditText (1)'

02-04-2025T18:01:13 - [TEST_STEP][PASSED] - delay(3): Delayed 3 second(s)

02-04-2025T18:01:16 - [MESSAGE][PASSED] - Delayed 3 second(s)

02-04-2025T18:01:16 - [TEST_STEP][PASSED] - hideKeyboard(): Keyboard is hidden

02-04-2025T18:01:16 - [MESSAGE][PASSED] - Keyboard is hidden

02-04-2025T18:01:16 - [TEST_STEP][PASSED] - delay(3): Delayed 3 second(s)

02-04-2025T18:01:19 - [MESSAGE][PASSED] - Delayed 3 second(s)

02-04-2025T18:01:19 - [TEST_STEP][PASSED] - tap(findTestObject("Object Repository/Repo/SignUpNewUser/android.widget.Button - Next (1)"), 0): Tapped on element 'Object Repository/Repo/SignUpNewUser/android.widget.Button - Next (1)'

02-04-2025T18:01:19 - [MESSAGE][WARNING] - Timeout '0' is invalid. Using default page load timeout: '30'

02-04-2025T18:01:20 - [MESSAGE][PASSED] - Tapped on element 'Object Repository/Repo/SignUpNewUser/android.widget.Button - Next (1)'

02-04-2025T18:01:20 - [TEST_STEP][PASSED] - delay(3): Delayed 3 second(s)

02-04-2025T18:01:23 - [MESSAGE][PASSED] - Delayed 3 second(s)

02-04-2025T18:01:23 - [TEST_STEP][PASSED] - setText(findTestObject("Object Repository/Repo/SignUpNewUser/android.widget.EditText (2)"), "steve", 0): Text 'steve' has been set to element 'Object Repository/Repo/SignUpNewUser/android.widget.EditText (2)'

02-04-2025T18:01:23 - [MESSAGE][WARNING] - Timeout '0' is invalid. Using default page load timeout: '30'

02-04-2025T18:01:24 - [MESSAGE][PASSED] - Text 'steve' has been set to element 'Object Repository/Repo/SignUpNewUser/android.widget.EditText (2)'

02-04-2025T18:01:24 - [TEST_STEP][PASSED] - delay(3): Delayed 3 second(s)

02-04-2025T18:01:27 - [MESSAGE][PASSED] - Delayed 3 second(s)

02-04-2025T18:01:27 - [TEST_STEP][PASSED] - hideKeyboard(): Keyboard is hidden

02-04-2025T18:01:29 - [MESSAGE][PASSED] - Keyboard is hidden

02-04-2025T18:01:29 - [TEST_STEP][PASSED] - delay(3): Delayed 3 second(s)

02-04-2025T18:01:32 - [MESSAGE][PASSED] - Delayed 3 second(s)

02-04-2025T18:01:32 - [TEST_STEP][PASSED] - setText(findTestObject("Object Repository/Repo/SignUpNewUser/android.widget.EditText (3)"), "smith", 0): Text 'smith' has been set to element 'Object Repository/Repo/SignUpNewUser/android.widget.EditText (3)'

02-04-2025T18:01:32 - [MESSAGE][WARNING] - Timeout '0' is invalid. Using default page load timeout: '30'

02-04-2025T18:01:33 - [MESSAGE][PASSED] - Text 'smith' has been set to element 'Object Repository/Repo/SignUpNewUser/android.widget.EditText (3)'

02-04-2025T18:01:33 - [TEST_STEP][PASSED] - delay(3): Delayed 3 second(s)

02-04-2025T18:01:36 - [MESSAGE][PASSED] - Delayed 3 second(s)

02-04-2025T18:01:36 - [TEST_STEP][PASSED] - hideKeyboard(): Keyboard is hidden

02-04-2025T18:01:37 - [MESSAGE][PASSED] - Keyboard is hidden

02-04-2025T18:01:37 - [TEST_STEP][PASSED] - delay(3): Delayed 3 second(s)

02-04-2025T18:01:40 - [MESSAGE][PASSED] - Delayed 3 second(s)

02-04-2025T18:01:40 - [TEST_STEP][PASSED] - sendKeys(findTestObject("Object Repository/Repo/SignUpNewUser/android.widget.EditText (5)"), "pass"): Send keys 'pass' on test object 'Object Repository/Repo/SignUpNewUser/android.widget.EditText (5)' successfully.

02-04-2025T18:01:40 - [MESSAGE][PASSED] - Send keys 'pass' on test object 'Object Repository/Repo/SignUpNewUser/android.widget.EditText (5)' successfully.

02-04-2025T18:01:40 - [TEST_STEP][PASSED] - delay(3): Delayed 3 second(s)

02-04-2025T18:01:43 - [MESSAGE][PASSED] - Delayed 3 second(s)

02-04-2025T18:01:43 - [TEST_STEP][PASSED] - tap(findTestObject("Object Repository/Repo/SignUpNewUser/android.widget.TextView - Your password must be between 8 and 20 characters and may not contain spaces"), 0): Tapped on element 'Object Repository/Repo/SignUpNewUser/android.widget.TextView - Your password must be between 8 and 20 characters and may not contain spaces'

02-04-2025T18:01:43 - [MESSAGE][WARNING] - Timeout '0' is invalid. Using default page load timeout: '30'

02-04-2025T18:01:44 - [MESSAGE][PASSED] - Tapped on element 'Object Repository/Repo/SignUpNewUser/android.widget.TextView - Your password must be between 8 and 20 characters and may not contain spaces'

02-04-2025T18:01:44 - [TEST_STEP][PASSED] - delay(3): Delayed 3 second(s)

02-04-2025T18:01:47 - [MESSAGE][PASSED] - Delayed 3 second(s)

02-04-2025T18:01:47 - [TEST_STEP][PASSED] - verifyElementExist(findTestObject("Object Repository/Repo/SignUpNewUser/android.widget.TextView -  Password does not meet security requirements"), 0): Element 'Object Repository/Repo/SignUpNewUser/android.widget.TextView -  Password does not meet security requirements' is exist

02-04-2025T18:01:47 - [MESSAGE][WARNING] - Timeout '0' is invalid. Using default page load timeout: '30'

02-04-2025T18:01:48 - [MESSAGE][PASSED] - Element 'Object Repository/Repo/SignUpNewUser/android.widget.TextView -  Password does not meet security requirements' is exist

02-04-2025T18:01:48 - [TEST_STEP][PASSED] - delay(3): Delayed 3 second(s)

02-04-2025T18:01:51 - [MESSAGE][PASSED] - Delayed 3 second(s)

02-04-2025T18:01:51 - [TEST_STEP][PASSED] - tap(findTestObject("Object Repository/Repo/SignUpNewUser/android.widget.Button - back"), 0): Tapped on element 'Object Repository/Repo/SignUpNewUser/android.widget.Button - back'

02-04-2025T18:01:51 - [MESSAGE][WARNING] - Timeout '0' is invalid. Using default page load timeout: '30'

02-04-2025T18:01:52 - [MESSAGE][PASSED] - Tapped on element 'Object Repository/Repo/SignUpNewUser/android.widget.Button - back'

02-04-2025T18:01:52 - [TEST_STEP][PASSED] - delay(3): Delayed 3 second(s)

02-04-2025T18:01:55 - [MESSAGE][PASSED] - Delayed 3 second(s)

02-04-2025T18:01:55 - [TEST_STEP][PASSED] - setText(findTestObject("Object Repository/Repo/SignUpNewUser/android.widget.EditText (1)"), "Walterjr@yopmail.com", 0): Text 'Walterjr@yopmail.com' has been set to element 'Object Repository/Repo/SignUpNewUser/android.widget.EditText (1)'

02-04-2025T18:01:55 - [MESSAGE][WARNING] - Timeout '0' is invalid. Using default page load timeout: '30'

02-04-2025T18:01:56 - [MESSAGE][PASSED] - Text 'Walterjr@yopmail.com' has been set to element 'Object Repository/Repo/SignUpNewUser/android.widget.EditText (1)'

02-04-2025T18:01:56 - [TEST_STEP][PASSED] - delay(3): Delayed 3 second(s)

02-04-2025T18:01:59 - [MESSAGE][PASSED] - Delayed 3 second(s)

02-04-2025T18:01:59 - [TEST_STEP][PASSED] - hideKeyboard(): Keyboard is hidden

02-04-2025T18:01:59 - [MESSAGE][PASSED] - Keyboard is hidden

02-04-2025T18:01:59 - [TEST_STEP][PASSED] - delay(3): Delayed 3 second(s)

02-04-2025T18:02:02 - [MESSAGE][PASSED] - Delayed 3 second(s)

02-04-2025T18:02:02 - [TEST_STEP][PASSED] - tap(findTestObject("Object Repository/Repo/SignUpNewUser/android.widget.Button - Next (1)"), 0): Tapped on element 'Object Repository/Repo/SignUpNewUser/android.widget.Button - Next (1)'

02-04-2025T18:02:02 - [MESSAGE][WARNING] - Timeout '0' is invalid. Using default page load timeout: '30'

02-04-2025T18:02:03 - [MESSAGE][PASSED] - Tapped on element 'Object Repository/Repo/SignUpNewUser/android.widget.Button - Next (1)'

02-04-2025T18:02:03 - [TEST_STEP][PASSED] - delay(3): Delayed 3 second(s)

02-04-2025T18:02:06 - [MESSAGE][PASSED] - Delayed 3 second(s)

02-04-2025T18:02:06 - [TEST_STEP][PASSED] - setText(findTestObject("Object Repository/Repo/SignUpNewUser/android.widget.EditText (6)"), "steve", 0): Text 'steve' has been set to element 'Object Repository/Repo/SignUpNewUser/android.widget.EditText (6)'

02-04-2025T18:02:06 - [MESSAGE][WARNING] - Timeout '0' is invalid. Using default page load timeout: '30'

02-04-2025T18:02:07 - [MESSAGE][PASSED] - Text 'steve' has been set to element 'Object Repository/Repo/SignUpNewUser/android.widget.EditText (6)'

02-04-2025T18:02:07 - [TEST_STEP][PASSED] - delay(3): Delayed 3 second(s)

02-04-2025T18:02:10 - [MESSAGE][PASSED] - Delayed 3 second(s)

02-04-2025T18:02:10 - [TEST_STEP][PASSED] - hideKeyboard(): Keyboard is hidden

02-04-2025T18:02:10 - [MESSAGE][PASSED] - Keyboard is hidden

02-04-2025T18:02:10 - [TEST_STEP][PASSED] - delay(3): Delayed 3 second(s)

02-04-2025T18:02:13 - [MESSAGE][PASSED] - Delayed 3 second(s)

02-04-2025T18:02:13 - [TEST_STEP][PASSED] - setText(findTestObject("Object Repository/Repo/SignUpNewUser/android.widget.EditText (7)"), "smith", 0): Text 'smith' has been set to element 'Object Repository/Repo/SignUpNewUser/android.widget.EditText (7)'

02-04-2025T18:02:13 - [MESSAGE][WARNING] - Timeout '0' is invalid. Using default page load timeout: '30'

02-04-2025T18:02:14 - [MESSAGE][PASSED] - Text 'smith' has been set to element 'Object Repository/Repo/SignUpNewUser/android.widget.EditText (7)'

02-04-2025T18:02:14 - [TEST_STEP][PASSED] - delay(3): Delayed 3 second(s)

02-04-2025T18:02:17 - [MESSAGE][PASSED] - Delayed 3 second(s)

02-04-2025T18:02:17 - [TEST_STEP][PASSED] - hideKeyboard(): Keyboard is hidden

02-04-2025T18:02:17 - [MESSAGE][PASSED] - Keyboard is hidden

02-04-2025T18:02:17 - [TEST_STEP][PASSED] - delay(3): Delayed 3 second(s)

02-04-2025T18:02:20 - [MESSAGE][PASSED] - Delayed 3 second(s)

02-04-2025T18:02:20 - [TEST_STEP][PASSED] - sendKeys(findTestObject("Object Repository/Repo/SignUpNewUser/android.widget.EditText (8)"), "1234567890123456789012"): Send keys '1234567890123456789012' on test object 'Object Repository/Repo/SignUpNewUser/android.widget.EditText (8)' successfully.

02-04-2025T18:02:21 - [MESSAGE][PASSED] - Send keys '1234567890123456789012' on test object 'Object Repository/Repo/SignUpNewUser/android.widget.EditText (8)' successfully.

02-04-2025T18:02:21 - [TEST_STEP][PASSED] - delay(3): Delayed 3 second(s)

02-04-2025T18:02:24 - [MESSAGE][PASSED] - Delayed 3 second(s)

02-04-2025T18:02:24 - [TEST_STEP][PASSED] - tap(findTestObject("Object Repository/Repo/SignUpNewUser/android.widget.TextView - Your password must be between 8 and 20 characters and may not contain spaces"), 0): Tapped on element 'Object Repository/Repo/SignUpNewUser/android.widget.TextView - Your password must be between 8 and 20 characters and may not contain spaces'

02-04-2025T18:02:24 - [MESSAGE][WARNING] - Timeout '0' is invalid. Using default page load timeout: '30'

02-04-2025T18:02:24 - [MESSAGE][PASSED] - Tapped on element 'Object Repository/Repo/SignUpNewUser/android.widget.TextView - Your password must be between 8 and 20 characters and may not contain spaces'

02-04-2025T18:02:24 - [TEST_STEP][PASSED] - delay(3): Delayed 3 second(s)

02-04-2025T18:02:27 - [MESSAGE][PASSED] - Delayed 3 second(s)

02-04-2025T18:02:27 - [TEST_STEP][PASSED] - tap(findTestObject("Object Repository/Repo/SignUpNewUser/android.widget.TextView - Confirm Password"), 0): Tapped on element 'Object Repository/Repo/SignUpNewUser/android.widget.TextView - Confirm Password'

02-04-2025T18:02:27 - [MESSAGE][WARNING] - Timeout '0' is invalid. Using default page load timeout: '30'

02-04-2025T18:02:28 - [MESSAGE][PASSED] - Tapped on element 'Object Repository/Repo/SignUpNewUser/android.widget.TextView - Confirm Password'

02-04-2025T18:02:28 - [TEST_STEP][PASSED] - delay(3): Delayed 3 second(s)

02-04-2025T18:02:31 - [MESSAGE][PASSED] - Delayed 3 second(s)

02-04-2025T18:02:31 - [TEST_STEP][PASSED] - tap(findTestObject("Object Repository/Repo/SignUpNewUser/android.widget.TextView - Confirm Password"), 0): Tapped on element 'Object Repository/Repo/SignUpNewUser/android.widget.TextView - Confirm Password'

02-04-2025T18:02:31 - [MESSAGE][WARNING] - Timeout '0' is invalid. Using default page load timeout: '30'

02-04-2025T18:02:32 - [MESSAGE][PASSED] - Tapped on element 'Object Repository/Repo/SignUpNewUser/android.widget.TextView - Confirm Password'

02-04-2025T18:02:32 - [TEST_STEP][PASSED] - delay(3): Delayed 3 second(s)

02-04-2025T18:02:35 - [MESSAGE][PASSED] - Delayed 3 second(s)

02-04-2025T18:02:35 - [TEST_STEP][PASSED] - sendKeys(findTestObject("Object Repository/Repo/SignUpNewUser/android.widget.EditText (9)"), "1234567890123456789012"): Send keys '1234567890123456789012' on test object 'Object Repository/Repo/SignUpNewUser/android.widget.EditText (9)' successfully.

02-04-2025T18:02:36 - [MESSAGE][PASSED] - Send keys '1234567890123456789012' on test object 'Object Repository/Repo/SignUpNewUser/android.widget.EditText (9)' successfully.

02-04-2025T18:02:36 - [TEST_STEP][PASSED] - delay(3): Delayed 3 second(s)

02-04-2025T18:02:39 - [MESSAGE][PASSED] - Delayed 3 second(s)

02-04-2025T18:02:39 - [TEST_STEP][PASSED] - tap(findTestObject("Object Repository/Repo/SignUpNewUser/android.widget.TextView - Confirm Password"), 0): Tapped on element 'Object Repository/Repo/SignUpNewUser/android.widget.TextView - Confirm Password'

02-04-2025T18:02:39 - [MESSAGE][WARNING] - Timeout '0' is invalid. Using default page load timeout: '30'

02-04-2025T18:02:39 - [MESSAGE][PASSED] - Tapped on element 'Object Repository/Repo/SignUpNewUser/android.widget.TextView - Confirm Password'

02-04-2025T18:02:39 - [TEST_STEP][PASSED] - delay(3): Delayed 3 second(s)

02-04-2025T18:02:42 - [MESSAGE][PASSED] - Delayed 3 second(s)

02-04-2025T18:02:42 - [TEST_STEP][PASSED] - tap(findTestObject("Object Repository/Repo/SignUpNewUser/android.widget.Image"), 0): Tapped on element 'Object Repository/Repo/SignUpNewUser/android.widget.Image'

02-04-2025T18:02:42 - [MESSAGE][WARNING] - Timeout '0' is invalid. Using default page load timeout: '30'

02-04-2025T18:02:43 - [MESSAGE][PASSED] - Tapped on element 'Object Repository/Repo/SignUpNewUser/android.widget.Image'

02-04-2025T18:02:43 - [TEST_STEP][PASSED] - delay(3): Delayed 3 second(s)

02-04-2025T18:02:46 - [MESSAGE][PASSED] - Delayed 3 second(s)

02-04-2025T18:02:46 - [TEST_STEP][PASSED] - tap(findTestObject("Object Repository/Repo/SignUpNewUser/android.widget.TextView - Your password must be between 8 and 20 characters and may not contain spaces"), 0): Tapped on element 'Object Repository/Repo/SignUpNewUser/android.widget.TextView - Your password must be between 8 and 20 characters and may not contain spaces'

02-04-2025T18:02:46 - [MESSAGE][WARNING] - Timeout '0' is invalid. Using default page load timeout: '30'

02-04-2025T18:02:47 - [MESSAGE][PASSED] - Tapped on element 'Object Repository/Repo/SignUpNewUser/android.widget.TextView - Your password must be between 8 and 20 characters and may not contain spaces'

02-04-2025T18:02:47 - [TEST_STEP][PASSED] - delay(3): Delayed 3 second(s)

02-04-2025T18:02:50 - [MESSAGE][PASSED] - Delayed 3 second(s)

02-04-2025T18:02:50 - [TEST_STEP][PASSED] - tap(findTestObject("Object Repository/Repo/SignUpNewUser/android.widget.TextView - Confirm Password"), 0): Tapped on element 'Object Repository/Repo/SignUpNewUser/android.widget.TextView - Confirm Password'

02-04-2025T18:02:50 - [MESSAGE][WARNING] - Timeout '0' is invalid. Using default page load timeout: '30'

02-04-2025T18:02:50 - [MESSAGE][PASSED] - Tapped on element 'Object Repository/Repo/SignUpNewUser/android.widget.TextView - Confirm Password'

02-04-2025T18:02:50 - [TEST_STEP][PASSED] - delay(3): Delayed 3 second(s)

02-04-2025T18:02:53 - [MESSAGE][PASSED] - Delayed 3 second(s)

02-04-2025T18:02:53 - [TEST_STEP][PASSED] - tap(findTestObject("Object Repository/Repo/SignUpNewUser/android.widget.Image"), 0): Tapped on element 'Object Repository/Repo/SignUpNewUser/android.widget.Image'

02-04-2025T18:02:53 - [MESSAGE][WARNING] - Timeout '0' is invalid. Using default page load timeout: '30'

02-04-2025T18:02:53 - [MESSAGE][PASSED] - Tapped on element 'Object Repository/Repo/SignUpNewUser/android.widget.Image'

02-04-2025T18:02:53 - [TEST_STEP][PASSED] - delay(3): Delayed 3 second(s)

02-04-2025T18:02:56 - [MESSAGE][PASSED] - Delayed 3 second(s)

02-04-2025T18:02:56 - [TEST_STEP][PASSED] - tap(findTestObject("Object Repository/Repo/SignUpNewUser/android.view.View"), 0): Tapped on element 'Object Repository/Repo/SignUpNewUser/android.view.View'

02-04-2025T18:02:56 - [MESSAGE][WARNING] - Timeout '0' is invalid. Using default page load timeout: '30'

02-04-2025T18:02:57 - [MESSAGE][PASSED] - Tapped on element 'Object Repository/Repo/SignUpNewUser/android.view.View'

02-04-2025T18:02:57 - [TEST_STEP][PASSED] - delay(3): Delayed 3 second(s)

02-04-2025T18:03:00 - [MESSAGE][PASSED] - Delayed 3 second(s)

02-04-2025T18:03:00 - [TEST_STEP][PASSED] - tap(findTestObject("Object Repository/Repo/SignUpNewUser/android.widget.TextView - Your password must be between 8 and 20 characters and may not contain spaces"), 0): Tapped on element 'Object Repository/Repo/SignUpNewUser/android.widget.TextView - Your password must be between 8 and 20 characters and may not contain spaces'

02-04-2025T18:03:00 - [MESSAGE][WARNING] - Timeout '0' is invalid. Using default page load timeout: '30'

02-04-2025T18:03:01 - [MESSAGE][PASSED] - Tapped on element 'Object Repository/Repo/SignUpNewUser/android.widget.TextView - Your password must be between 8 and 20 characters and may not contain spaces'

02-04-2025T18:03:01 - [TEST_STEP][PASSED] - delay(3): Delayed 3 second(s)

02-04-2025T18:03:04 - [MESSAGE][PASSED] - Delayed 3 second(s)

02-04-2025T18:03:04 - [TEST_STEP][PASSED] - sendKeys(findTestObject("Object Repository/Repo/SignUpNewUser/android.widget.EditText - 1234567890123456789012"), "1234567890123456789012"): Send keys '1234567890123456789012' on test object 'Object Repository/Repo/SignUpNewUser/android.widget.EditText - 1234567890123456789012' successfully.

02-04-2025T18:03:04 - [MESSAGE][PASSED] - Send keys '1234567890123456789012' on test object 'Object Repository/Repo/SignUpNewUser/android.widget.EditText - 1234567890123456789012' successfully.

02-04-2025T18:03:04 - [TEST_STEP][PASSED] - delay(3): Delayed 3 second(s)

02-04-2025T18:03:07 - [MESSAGE][PASSED] - Delayed 3 second(s)

02-04-2025T18:03:07 - [TEST_STEP][PASSED] - tap(findTestObject("Object Repository/Repo/SignUpNewUser/android.widget.TextView - Your password must be between 8 and 20 characters and may not contain spaces"), 0): Tapped on element 'Object Repository/Repo/SignUpNewUser/android.widget.TextView - Your password must be between 8 and 20 characters and may not contain spaces'

02-04-2025T18:03:07 - [MESSAGE][WARNING] - Timeout '0' is invalid. Using default page load timeout: '30'

02-04-2025T18:03:07 - [MESSAGE][PASSED] - Tapped on element 'Object Repository/Repo/SignUpNewUser/android.widget.TextView - Your password must be between 8 and 20 characters and may not contain spaces'

02-04-2025T18:03:07 - [TEST_STEP][PASSED] - delay(3): Delayed 3 second(s)

02-04-2025T18:03:10 - [MESSAGE][PASSED] - Delayed 3 second(s)

02-04-2025T18:03:10 - [TEST_STEP][PASSED] - tap(findTestObject("Object Repository/Repo/SignUpNewUser/android.widget.TextView - Confirm Password"), 0): Tapped on element 'Object Repository/Repo/SignUpNewUser/android.widget.TextView - Confirm Password'

02-04-2025T18:03:10 - [MESSAGE][WARNING] - Timeout '0' is invalid. Using default page load timeout: '30'

02-04-2025T18:03:11 - [MESSAGE][PASSED] - Tapped on element 'Object Repository/Repo/SignUpNewUser/android.widget.TextView - Confirm Password'

02-04-2025T18:03:11 - [TEST_STEP][PASSED] - delay(3): Delayed 3 second(s)

02-04-2025T18:03:14 - [MESSAGE][PASSED] - Delayed 3 second(s)

02-04-2025T18:03:14 - [TEST_STEP][PASSED] - tap(findTestObject("Object Repository/Repo/SignUpNewUser/android.widget.Image"), 0): Tapped on element 'Object Repository/Repo/SignUpNewUser/android.widget.Image'

02-04-2025T18:03:14 - [MESSAGE][WARNING] - Timeout '0' is invalid. Using default page load timeout: '30'

02-04-2025T18:03:14 - [MESSAGE][PASSED] - Tapped on element 'Object Repository/Repo/SignUpNewUser/android.widget.Image'

02-04-2025T18:03:14 - [TEST_STEP][PASSED] - delay(3): Delayed 3 second(s)

02-04-2025T18:03:17 - [MESSAGE][PASSED] - Delayed 3 second(s)

02-04-2025T18:03:17 - [TEST_STEP][PASSED] - tap(findTestObject("Object Repository/Repo/SignUpNewUser/android.widget.Image"), 0): Tapped on element 'Object Repository/Repo/SignUpNewUser/android.widget.Image'

02-04-2025T18:03:17 - [MESSAGE][WARNING] - Timeout '0' is invalid. Using default page load timeout: '30'

02-04-2025T18:03:18 - [MESSAGE][PASSED] - Tapped on element 'Object Repository/Repo/SignUpNewUser/android.widget.Image'

02-04-2025T18:03:18 - [TEST_STEP][PASSED] - delay(3): Delayed 3 second(s)

02-04-2025T18:03:21 - [MESSAGE][PASSED] - Delayed 3 second(s)

02-04-2025T18:03:21 - [TEST_STEP][PASSED] - tap(findTestObject("Object Repository/Repo/SignUpNewUser/android.view.View (1)"), 0): Tapped on element 'Object Repository/Repo/SignUpNewUser/android.view.View (1)'

02-04-2025T18:03:21 - [MESSAGE][WARNING] - Timeout '0' is invalid. Using default page load timeout: '30'

02-04-2025T18:03:21 - [MESSAGE][PASSED] - Tapped on element 'Object Repository/Repo/SignUpNewUser/android.view.View (1)'

02-04-2025T18:03:21 - [TEST_STEP][PASSED] - delay(3): Delayed 3 second(s)

02-04-2025T18:03:24 - [MESSAGE][PASSED] - Delayed 3 second(s)

02-04-2025T18:03:24 - [TEST_STEP][PASSED] - sendKeys(findTestObject("Object Repository/Repo/SignUpNewUser/android.widget.EditText - 1234567890123456789012 (1)"), "1234567890123456789012"): Send keys '1234567890123456789012' on test object 'Object Repository/Repo/SignUpNewUser/android.widget.EditText - 1234567890123456789012 (1)' successfully.

02-04-2025T18:03:24 - [MESSAGE][PASSED] - Send keys '1234567890123456789012' on test object 'Object Repository/Repo/SignUpNewUser/android.widget.EditText - 1234567890123456789012 (1)' successfully.

02-04-2025T18:03:24 - [TEST_STEP][PASSED] - delay(3): Delayed 3 second(s)

02-04-2025T18:03:27 - [MESSAGE][PASSED] - Delayed 3 second(s)

02-04-2025T18:03:27 - [TEST_STEP][PASSED] - tap(findTestObject("Object Repository/Repo/SignUpNewUser/android.widget.TextView - Your password must be between 8 and 20 characters and may not contain spaces"), 0): Tapped on element 'Object Repository/Repo/SignUpNewUser/android.widget.TextView - Your password must be between 8 and 20 characters and may not contain spaces'

02-04-2025T18:03:27 - [MESSAGE][WARNING] - Timeout '0' is invalid. Using default page load timeout: '30'

02-04-2025T18:03:28 - [MESSAGE][PASSED] - Tapped on element 'Object Repository/Repo/SignUpNewUser/android.widget.TextView - Your password must be between 8 and 20 characters and may not contain spaces'

02-04-2025T18:03:28 - [TEST_STEP][PASSED] - delay(3): Delayed 3 second(s)

02-04-2025T18:03:31 - [MESSAGE][PASSED] - Delayed 3 second(s)

02-04-2025T18:03:31 - [TEST_STEP][PASSED] - tap(findTestObject("Object Repository/Repo/SignUpNewUser/android.widget.Image (1)"), 0): Tapped on element 'Object Repository/Repo/SignUpNewUser/android.widget.Image (1)'

02-04-2025T18:03:31 - [MESSAGE][WARNING] - Timeout '0' is invalid. Using default page load timeout: '30'

02-04-2025T18:03:32 - [MESSAGE][PASSED] - Tapped on element 'Object Repository/Repo/SignUpNewUser/android.widget.Image (1)'

02-04-2025T18:03:32 - [TEST_STEP][PASSED] - delay(3): Delayed 3 second(s)

02-04-2025T18:03:35 - [MESSAGE][PASSED] - Delayed 3 second(s)

02-04-2025T18:03:35 - [TEST_STEP][PASSED] - sendKeys(findTestObject("Object Repository/Repo/SignUpNewUser/android.widget.EditText - 1234567890123456789012 (2)"), "1234567890123456789012"): Send keys '1234567890123456789012' on test object 'Object Repository/Repo/SignUpNewUser/android.widget.EditText - 1234567890123456789012 (2)' successfully.

02-04-2025T18:03:35 - [MESSAGE][PASSED] - Send keys '1234567890123456789012' on test object 'Object Repository/Repo/SignUpNewUser/android.widget.EditText - 1234567890123456789012 (2)' successfully.

02-04-2025T18:03:35 - [TEST_STEP][PASSED] - delay(3): Delayed 3 second(s)

02-04-2025T18:03:38 - [MESSAGE][PASSED] - Delayed 3 second(s)

02-04-2025T18:03:38 - [TEST_STEP][PASSED] - tap(findTestObject("Object Repository/Repo/SignUpNewUser/android.widget.TextView - Your password must be between 8 and 20 characters and may not contain spaces"), 0): Tapped on element 'Object Repository/Repo/SignUpNewUser/android.widget.TextView - Your password must be between 8 and 20 characters and may not contain spaces'

02-04-2025T18:03:38 - [MESSAGE][WARNING] - Timeout '0' is invalid. Using default page load timeout: '30'

02-04-2025T18:03:39 - [MESSAGE][PASSED] - Tapped on element 'Object Repository/Repo/SignUpNewUser/android.widget.TextView - Your password must be between 8 and 20 characters and may not contain spaces'

02-04-2025T18:03:39 - [TEST_STEP][PASSED] - delay(3): Delayed 3 second(s)

02-04-2025T18:03:42 - [MESSAGE][PASSED] - Delayed 3 second(s)

02-04-2025T18:03:42 - [TEST_STEP][PASSED] - tap(findTestObject("Object Repository/Repo/SignUpNewUser/android.widget.TextView - Account Email Address"), 0): Tapped on element 'Object Repository/Repo/SignUpNewUser/android.widget.TextView - Account Email Address'

02-04-2025T18:03:42 - [MESSAGE][WARNING] - Timeout '0' is invalid. Using default page load timeout: '30'

02-04-2025T18:03:42 - [MESSAGE][PASSED] - Tapped on element 'Object Repository/Repo/SignUpNewUser/android.widget.TextView - Account Email Address'

02-04-2025T18:03:42 - [TEST_STEP][PASSED] - delay(3): Delayed 3 second(s)

02-04-2025T18:03:45 - [MESSAGE][PASSED] - Delayed 3 second(s)

02-04-2025T18:03:45 - [TEST_STEP][PASSED] - tap(findTestObject("Object Repository/Repo/SignUpNewUser/android.widget.TextView - Your password must be between 8 and 20 characters and may not contain spaces"), 0): Tapped on element 'Object Repository/Repo/SignUpNewUser/android.widget.TextView - Your password must be between 8 and 20 characters and may not contain spaces'

02-04-2025T18:03:45 - [MESSAGE][WARNING] - Timeout '0' is invalid. Using default page load timeout: '30'

02-04-2025T18:03:45 - [MESSAGE][PASSED] - Tapped on element 'Object Repository/Repo/SignUpNewUser/android.widget.TextView - Your password must be between 8 and 20 characters and may not contain spaces'

02-04-2025T18:03:45 - [TEST_STEP][PASSED] - delay(3): Delayed 3 second(s)

02-04-2025T18:03:48 - [MESSAGE][PASSED] - Delayed 3 second(s)

02-04-2025T18:03:48 - [TEST_STEP][PASSED] - tap(findTestObject("Object Repository/Repo/SignUpNewUser/android.widget.Image"), 0): Tapped on element 'Object Repository/Repo/SignUpNewUser/android.widget.Image'

02-04-2025T18:03:48 - [MESSAGE][WARNING] - Timeout '0' is invalid. Using default page load timeout: '30'

02-04-2025T18:03:48 - [MESSAGE][PASSED] - Tapped on element 'Object Repository/Repo/SignUpNewUser/android.widget.Image'

02-04-2025T18:03:48 - [TEST_STEP][PASSED] - delay(3): Delayed 3 second(s)

02-04-2025T18:03:51 - [MESSAGE][PASSED] - Delayed 3 second(s)

02-04-2025T18:03:51 - [TEST_STEP][PASSED] - sendKeys(findTestObject("Object Repository/Repo/SignUpNewUser/android.widget.EditText - 1234567890123456789012"), "1234567890123456789012"): Send keys '1234567890123456789012' on test object 'Object Repository/Repo/SignUpNewUser/android.widget.EditText - 1234567890123456789012' successfully.

02-04-2025T18:03:52 - [MESSAGE][PASSED] - Send keys '1234567890123456789012' on test object 'Object Repository/Repo/SignUpNewUser/android.widget.EditText - 1234567890123456789012' successfully.

02-04-2025T18:03:52 - [TEST_STEP][PASSED] - delay(3): Delayed 3 second(s)

02-04-2025T18:03:55 - [MESSAGE][PASSED] - Delayed 3 second(s)

02-04-2025T18:03:55 - [TEST_STEP][PASSED] - tap(findTestObject("Object Repository/Repo/SignUpNewUser/android.widget.TextView - Your password must be between 8 and 20 characters and may not contain spaces"), 0): Tapped on element 'Object Repository/Repo/SignUpNewUser/android.widget.TextView - Your password must be between 8 and 20 characters and may not contain spaces'

02-04-2025T18:03:55 - [MESSAGE][WARNING] - Timeout '0' is invalid. Using default page load timeout: '30'

02-04-2025T18:03:55 - [MESSAGE][PASSED] - Tapped on element 'Object Repository/Repo/SignUpNewUser/android.widget.TextView - Your password must be between 8 and 20 characters and may not contain spaces'

02-04-2025T18:03:55 - [TEST_STEP][PASSED] - delay(3): Delayed 3 second(s)

02-04-2025T18:03:58 - [MESSAGE][PASSED] - Delayed 3 second(s)

02-04-2025T18:03:58 - [TEST_STEP][PASSED] - tap(findTestObject("Object Repository/Repo/SignUpNewUser/android.widget.TextView - Confirm Password"), 0): Tapped on element 'Object Repository/Repo/SignUpNewUser/android.widget.TextView - Confirm Password'

02-04-2025T18:03:58 - [MESSAGE][WARNING] - Timeout '0' is invalid. Using default page load timeout: '30'

02-04-2025T18:03:59 - [MESSAGE][PASSED] - Tapped on element 'Object Repository/Repo/SignUpNewUser/android.widget.TextView - Confirm Password'

02-04-2025T18:03:59 - [TEST_STEP][PASSED] - delay(3): Delayed 3 second(s)

02-04-2025T18:04:02 - [MESSAGE][PASSED] - Delayed 3 second(s)

02-04-2025T18:04:02 - [TEST_STEP][PASSED] - tap(findTestObject("Object Repository/Repo/SignUpNewUser/android.widget.EditText - 1234567890123456789012 (1)"), 0): Tapped on element 'Object Repository/Repo/SignUpNewUser/android.widget.EditText - 1234567890123456789012 (1)'

02-04-2025T18:04:02 - [MESSAGE][WARNING] - Timeout '0' is invalid. Using default page load timeout: '30'

02-04-2025T18:04:04 - [MESSAGE][PASSED] - Tapped on element 'Object Repository/Repo/SignUpNewUser/android.widget.EditText - 1234567890123456789012 (1)'

02-04-2025T18:04:04 - [TEST_STEP][PASSED] - delay(3): Delayed 3 second(s)

02-04-2025T18:04:07 - [MESSAGE][PASSED] - Delayed 3 second(s)

02-04-2025T18:04:07 - [TEST_STEP][PASSED] - verifyElementExist(findTestObject("Object Repository/Repo/SignUpNewUser/android.widget.TextView -  Password does not meet security requirements"), 0): Element 'Object Repository/Repo/SignUpNewUser/android.widget.TextView -  Password does not meet security requirements' is exist

02-04-2025T18:04:07 - [MESSAGE][WARNING] - Timeout '0' is invalid. Using default page load timeout: '30'

02-04-2025T18:04:08 - [MESSAGE][PASSED] - Element 'Object Repository/Repo/SignUpNewUser/android.widget.TextView -  Password does not meet security requirements' is exist

02-04-2025T18:04:08 - [TEST_STEP][PASSED] - delay(3): Delayed 3 second(s)

02-04-2025T18:04:11 - [MESSAGE][PASSED] - Delayed 3 second(s)

02-04-2025T18:04:11 - [TEST_STEP][PASSED] - tap(findTestObject("Object Repository/Repo/SignUpNewUser/android.widget.Button - back"), 0): Tapped on element 'Object Repository/Repo/SignUpNewUser/android.widget.Button - back'

02-04-2025T18:04:11 - [MESSAGE][WARNING] - Timeout '0' is invalid. Using default page load timeout: '30'

02-04-2025T18:04:11 - [MESSAGE][PASSED] - Tapped on element 'Object Repository/Repo/SignUpNewUser/android.widget.Button - back'

02-04-2025T18:04:11 - [TEST_STEP][PASSED] - delay(3): Delayed 3 second(s)

02-04-2025T18:04:14 - [MESSAGE][PASSED] - Delayed 3 second(s)

02-04-2025T18:04:14 - [TEST_STEP][PASSED] - setText(findTestObject("Object Repository/Repo/SignUpNewUser/android.widget.EditText (1)"), "Walterjr@yopmail.com", 0): Text 'Walterjr@yopmail.com' has been set to element 'Object Repository/Repo/SignUpNewUser/android.widget.EditText (1)'

02-04-2025T18:04:14 - [MESSAGE][WARNING] - Timeout '0' is invalid. Using default page load timeout: '30'

02-04-2025T18:04:15 - [MESSAGE][PASSED] - Text 'Walterjr@yopmail.com' has been set to element 'Object Repository/Repo/SignUpNewUser/android.widget.EditText (1)'

02-04-2025T18:04:15 - [TEST_STEP][PASSED] - delay(3): Delayed 3 second(s)

02-04-2025T18:04:18 - [MESSAGE][PASSED] - Delayed 3 second(s)

02-04-2025T18:04:18 - [TEST_STEP][PASSED] - tap(findTestObject("Object Repository/Repo/SignUpNewUser/android.widget.Button - Next (1)"), 0): Tapped on element 'Object Repository/Repo/SignUpNewUser/android.widget.Button - Next (1)'

02-04-2025T18:04:18 - [MESSAGE][WARNING] - Timeout '0' is invalid. Using default page load timeout: '30'

02-04-2025T18:04:18 - [MESSAGE][PASSED] - Tapped on element 'Object Repository/Repo/SignUpNewUser/android.widget.Button - Next (1)'

02-04-2025T18:04:18 - [TEST_STEP][PASSED] - delay(3): Delayed 3 second(s)

02-04-2025T18:04:21 - [MESSAGE][PASSED] - Delayed 3 second(s)

02-04-2025T18:04:21 - [TEST_STEP][PASSED] - setText(findTestObject("Object Repository/Repo/SignUpNewUser/android.widget.EditText (10)"), "AlexanderMaximilianChristopherNathanielJonathanMontgomeryWilliams", 0): Text 'AlexanderMaximilianChristopherNathanielJonathanMontgomeryWilliams' has been set to element 'Object Repository/Repo/SignUpNewUser/android.widget.EditText (10)'

02-04-2025T18:04:21 - [MESSAGE][WARNING] - Timeout '0' is invalid. Using default page load timeout: '30'

02-04-2025T18:04:22 - [MESSAGE][PASSED] - Text 'AlexanderMaximilianChristopherNathanielJonathanMontgomeryWilliams' has been set to element 'Object Repository/Repo/SignUpNewUser/android.widget.EditText (10)'

02-04-2025T18:04:22 - [TEST_STEP][PASSED] - delay(3): Delayed 3 second(s)

02-04-2025T18:04:25 - [MESSAGE][PASSED] - Delayed 3 second(s)

02-04-2025T18:04:25 - [TEST_STEP][PASSED] - setText(findTestObject("Object Repository/Repo/SignUpNewUser/android.widget.EditText (11)"), "AlexanderMaximilianChristopherNathanielJonathanMontgomeryWilliams", 0): Text 'AlexanderMaximilianChristopherNathanielJonathanMontgomeryWilliams' has been set to element 'Object Repository/Repo/SignUpNewUser/android.widget.EditText (11)'

02-04-2025T18:04:25 - [MESSAGE][WARNING] - Timeout '0' is invalid. Using default page load timeout: '30'

02-04-2025T18:04:26 - [MESSAGE][PASSED] - Text 'AlexanderMaximilianChristopherNathanielJonathanMontgomeryWilliams' has been set to element 'Object Repository/Repo/SignUpNewUser/android.widget.EditText (11)'

02-04-2025T18:04:26 - [TEST_STEP][PASSED] - delay(3): Delayed 3 second(s)

02-04-2025T18:04:29 - [MESSAGE][PASSED] - Delayed 3 second(s)

02-04-2025T18:04:29 - [TEST_STEP][PASSED] - tap(findTestObject("Object Repository/Repo/SignUpNewUser/android.widget.Button - Next (2)"), 0): Tapped on element 'Object Repository/Repo/SignUpNewUser/android.widget.Button - Next (2)'

02-04-2025T18:04:29 - [MESSAGE][WARNING] - Timeout '0' is invalid. Using default page load timeout: '30'

02-04-2025T18:04:30 - [MESSAGE][PASSED] - Tapped on element 'Object Repository/Repo/SignUpNewUser/android.widget.Button - Next (2)'

02-04-2025T18:04:30 - [TEST_STEP][PASSED] - delay(3): Delayed 3 second(s)

02-04-2025T18:04:33 - [MESSAGE][PASSED] - Delayed 3 second(s)

02-04-2025T18:04:33 - [TEST_STEP][PASSED] - verifyElementExist(findTestObject("Object Repository/Repo/SignUpNewUser/android.widget.TextView -  First name must be 50 characters or less"), 0): Element 'Object Repository/Repo/SignUpNewUser/android.widget.TextView -  First name must be 50 characters or less' is exist

02-04-2025T18:04:33 - [MESSAGE][WARNING] - Timeout '0' is invalid. Using default page load timeout: '30'

02-04-2025T18:04:33 - [MESSAGE][PASSED] - Element 'Object Repository/Repo/SignUpNewUser/android.widget.TextView -  First name must be 50 characters or less' is exist

02-04-2025T18:04:33 - [TEST_STEP][PASSED] - delay(3): Delayed 3 second(s)

02-04-2025T18:04:36 - [MESSAGE][PASSED] - Delayed 3 second(s)

02-04-2025T18:04:36 - [TEST_STEP][PASSED] - verifyElementExist(findTestObject("Object Repository/Repo/SignUpNewUser/android.widget.TextView -  Last name must be 50 characters or less"), 0): Element 'Object Repository/Repo/SignUpNewUser/android.widget.TextView -  Last name must be 50 characters or less' is exist

02-04-2025T18:04:36 - [MESSAGE][WARNING] - Timeout '0' is invalid. Using default page load timeout: '30'

02-04-2025T18:04:37 - [MESSAGE][PASSED] - Element 'Object Repository/Repo/SignUpNewUser/android.widget.TextView -  Last name must be 50 characters or less' is exist

02-04-2025T18:04:37 - [TEST_STEP][PASSED] - delay(3): Delayed 3 second(s)

02-04-2025T18:04:40 - [MESSAGE][PASSED] - Delayed 3 second(s)

02-04-2025T18:04:40 - [TEST_STEP][PASSED] - tap(findTestObject("Object Repository/Repo/SignUpNewUser/android.widget.Button - back"), 0): Tapped on element 'Object Repository/Repo/SignUpNewUser/android.widget.Button - back'

02-04-2025T18:04:40 - [MESSAGE][WARNING] - Timeout '0' is invalid. Using default page load timeout: '30'

02-04-2025T18:04:40 - [MESSAGE][PASSED] - Tapped on element 'Object Repository/Repo/SignUpNewUser/android.widget.Button - back'

02-04-2025T18:04:40 - [TEST_STEP][PASSED] - delay(3): Delayed 3 second(s)

02-04-2025T18:04:44 - [MESSAGE][PASSED] - Delayed 3 second(s)

02-04-2025T18:04:44 - [TEST_STEP][PASSED] - setText(findTestObject("Object Repository/Repo/SignUpNewUser/android.widget.EditText (1)"), "Walterjr@yopmail.com", 0): Text 'Walterjr@yopmail.com' has been set to element 'Object Repository/Repo/SignUpNewUser/android.widget.EditText (1)'

02-04-2025T18:04:44 - [MESSAGE][WARNING] - Timeout '0' is invalid. Using default page load timeout: '30'

02-04-2025T18:04:45 - [MESSAGE][PASSED] - Text 'Walterjr@yopmail.com' has been set to element 'Object Repository/Repo/SignUpNewUser/android.widget.EditText (1)'

02-04-2025T18:04:45 - [TEST_STEP][PASSED] - delay(3): Delayed 3 second(s)

02-04-2025T18:04:48 - [MESSAGE][PASSED] - Delayed 3 second(s)

02-04-2025T18:04:48 - [TEST_STEP][PASSED] - tap(findTestObject("Object Repository/Repo/SignUpNewUser/android.widget.Button - Next (1)"), 0): Tapped on element 'Object Repository/Repo/SignUpNewUser/android.widget.Button - Next (1)'

02-04-2025T18:04:48 - [MESSAGE][WARNING] - Timeout '0' is invalid. Using default page load timeout: '30'

02-04-2025T18:04:49 - [MESSAGE][PASSED] - Tapped on element 'Object Repository/Repo/SignUpNewUser/android.widget.Button - Next (1)'

02-04-2025T18:04:49 - [TEST_STEP][PASSED] - delay(3): Delayed 3 second(s)

02-04-2025T18:04:52 - [MESSAGE][PASSED] - Delayed 3 second(s)

02-04-2025T18:04:52 - [TEST_STEP][PASSED] - setText(findTestObject("Object Repository/Repo/SignUpNewUser/android.widget.EditText (12)"), "john", 0): Text 'john' has been set to element 'Object Repository/Repo/SignUpNewUser/android.widget.EditText (12)'

02-04-2025T18:04:52 - [MESSAGE][WARNING] - Timeout '0' is invalid. Using default page load timeout: '30'

02-04-2025T18:04:53 - [MESSAGE][PASSED] - Text 'john' has been set to element 'Object Repository/Repo/SignUpNewUser/android.widget.EditText (12)'

02-04-2025T18:04:53 - [TEST_STEP][PASSED] - delay(3): Delayed 3 second(s)

02-04-2025T18:04:56 - [MESSAGE][PASSED] - Delayed 3 second(s)

02-04-2025T18:04:56 - [TEST_STEP][PASSED] - setText(findTestObject("Object Repository/Repo/SignUpNewUser/android.widget.EditText (13)"), "password", 0): Text 'password' has been set to element 'Object Repository/Repo/SignUpNewUser/android.widget.EditText (13)'

02-04-2025T18:04:56 - [MESSAGE][WARNING] - Timeout '0' is invalid. Using default page load timeout: '30'

02-04-2025T18:04:57 - [MESSAGE][PASSED] - Text 'password' has been set to element 'Object Repository/Repo/SignUpNewUser/android.widget.EditText (13)'

02-04-2025T18:04:57 - [TEST_STEP][PASSED] - delay(3): Delayed 3 second(s)

02-04-2025T18:05:00 - [MESSAGE][PASSED] - Delayed 3 second(s)

02-04-2025T18:05:00 - [TEST_STEP][PASSED] - sendKeys(findTestObject("Object Repository/Repo/SignUpNewUser/android.widget.EditText (14)"), "password"): Send keys 'password' on test object 'Object Repository/Repo/SignUpNewUser/android.widget.EditText (14)' successfully.

02-04-2025T18:05:01 - [MESSAGE][PASSED] - Send keys 'password' on test object 'Object Repository/Repo/SignUpNewUser/android.widget.EditText (14)' successfully.

02-04-2025T18:05:01 - [TEST_STEP][PASSED] - delay(3): Delayed 3 second(s)

02-04-2025T18:05:04 - [MESSAGE][PASSED] - Delayed 3 second(s)

02-04-2025T18:05:04 - [TEST_STEP][PASSED] - tap(findTestObject("Object Repository/Repo/SignUpNewUser/android.widget.Button - Next (2)"), 0): Tapped on element 'Object Repository/Repo/SignUpNewUser/android.widget.Button - Next (2)'

02-04-2025T18:05:04 - [MESSAGE][WARNING] - Timeout '0' is invalid. Using default page load timeout: '30'

02-04-2025T18:05:05 - [MESSAGE][PASSED] - Tapped on element 'Object Repository/Repo/SignUpNewUser/android.widget.Button - Next (2)'

02-04-2025T18:05:05 - [TEST_STEP][PASSED] - delay(3): Delayed 3 second(s)

02-04-2025T18:05:08 - [MESSAGE][PASSED] - Delayed 3 second(s)

02-04-2025T18:05:08 - [TEST_STEP][PASSED] - tap(findTestObject("Object Repository/Repo/SignUpNewUser/android.widget.Button - back"), 0): Tapped on element 'Object Repository/Repo/SignUpNewUser/android.widget.Button - back'

02-04-2025T18:05:08 - [MESSAGE][WARNING] - Timeout '0' is invalid. Using default page load timeout: '30'

02-04-2025T18:05:08 - [MESSAGE][PASSED] - Tapped on element 'Object Repository/Repo/SignUpNewUser/android.widget.Button - back'

02-04-2025T18:05:08 - [TEST_STEP][PASSED] - delay(3): Delayed 3 second(s)

02-04-2025T18:05:11 - [MESSAGE][PASSED] - Delayed 3 second(s)

02-04-2025T18:05:11 - [TEST_STEP][PASSED] - setText(findTestObject("Object Repository/Repo/SignUpNewUser/android.widget.EditText (1)"), "Walterjr@yopmail.com", 0): Text 'Walterjr@yopmail.com' has been set to element 'Object Repository/Repo/SignUpNewUser/android.widget.EditText (1)'

02-04-2025T18:05:11 - [MESSAGE][WARNING] - Timeout '0' is invalid. Using default page load timeout: '30'

02-04-2025T18:05:11 - [MESSAGE][PASSED] - Text 'Walterjr@yopmail.com' has been set to element 'Object Repository/Repo/SignUpNewUser/android.widget.EditText (1)'

02-04-2025T18:05:11 - [TEST_STEP][PASSED] - delay(3): Delayed 3 second(s)

02-04-2025T18:05:14 - [MESSAGE][PASSED] - Delayed 3 second(s)

02-04-2025T18:05:14 - [TEST_STEP][PASSED] - tap(findTestObject("Object Repository/Repo/SignUpNewUser/android.widget.Button - Next (1)"), 0): Tapped on element 'Object Repository/Repo/SignUpNewUser/android.widget.Button - Next (1)'

02-04-2025T18:05:14 - [MESSAGE][WARNING] - Timeout '0' is invalid. Using default page load timeout: '30'

02-04-2025T18:05:15 - [MESSAGE][PASSED] - Tapped on element 'Object Repository/Repo/SignUpNewUser/android.widget.Button - Next (1)'

02-04-2025T18:05:15 - [TEST_STEP][PASSED] - delay(3): Delayed 3 second(s)

02-04-2025T18:05:18 - [MESSAGE][PASSED] - Delayed 3 second(s)

02-04-2025T18:05:18 - [TEST_STEP][PASSED] - setText(findTestObject("Object Repository/Repo/SignUpNewUser/android.widget.EditText (15)"), "john", 0): Text 'john' has been set to element 'Object Repository/Repo/SignUpNewUser/android.widget.EditText (15)'

02-04-2025T18:05:18 - [MESSAGE][WARNING] - Timeout '0' is invalid. Using default page load timeout: '30'

02-04-2025T18:05:18 - [MESSAGE][PASSED] - Text 'john' has been set to element 'Object Repository/Repo/SignUpNewUser/android.widget.EditText (15)'

02-04-2025T18:05:18 - [TEST_STEP][PASSED] - delay(3): Delayed 3 second(s)

02-04-2025T18:05:21 - [MESSAGE][PASSED] - Delayed 3 second(s)

02-04-2025T18:05:21 - [TEST_STEP][PASSED] - hideKeyboard(): Keyboard is hidden

02-04-2025T18:05:22 - [MESSAGE][PASSED] - Keyboard is hidden

02-04-2025T18:05:22 - [TEST_STEP][PASSED] - delay(3): Delayed 3 second(s)

02-04-2025T18:05:25 - [MESSAGE][PASSED] - Delayed 3 second(s)

02-04-2025T18:05:25 - [TEST_STEP][PASSED] - setText(findTestObject("Object Repository/Repo/SignUpNewUser/android.widget.EditText (16)"), "smith", 0): Text 'smith' has been set to element 'Object Repository/Repo/SignUpNewUser/android.widget.EditText (16)'

02-04-2025T18:05:25 - [MESSAGE][WARNING] - Timeout '0' is invalid. Using default page load timeout: '30'

02-04-2025T18:05:26 - [MESSAGE][PASSED] - Text 'smith' has been set to element 'Object Repository/Repo/SignUpNewUser/android.widget.EditText (16)'

02-04-2025T18:05:26 - [TEST_STEP][PASSED] - delay(3): Delayed 3 second(s)

02-04-2025T18:05:29 - [MESSAGE][PASSED] - Delayed 3 second(s)

02-04-2025T18:05:29 - [TEST_STEP][PASSED] - hideKeyboard(): Keyboard is hidden

02-04-2025T18:05:29 - [MESSAGE][PASSED] - Keyboard is hidden

02-04-2025T18:05:29 - [TEST_STEP][PASSED] - delay(3): Delayed 3 second(s)

02-04-2025T18:05:32 - [MESSAGE][PASSED] - Delayed 3 second(s)

02-04-2025T18:05:32 - [TEST_STEP][PASSED] - setText(findTestObject("Object Repository/Repo/SignUpNewUser/android.widget.EditText (17)"), "password", 0): Text 'password' has been set to element 'Object Repository/Repo/SignUpNewUser/android.widget.EditText (17)'

02-04-2025T18:05:32 - [MESSAGE][WARNING] - Timeout '0' is invalid. Using default page load timeout: '30'

02-04-2025T18:05:33 - [MESSAGE][PASSED] - Text 'password' has been set to element 'Object Repository/Repo/SignUpNewUser/android.widget.EditText (17)'

02-04-2025T18:05:33 - [TEST_STEP][PASSED] - delay(3): Delayed 3 second(s)

02-04-2025T18:05:36 - [MESSAGE][PASSED] - Delayed 3 second(s)

02-04-2025T18:05:36 - [TEST_STEP][PASSED] - sendKeys(findTestObject("Object Repository/Repo/SignUpNewUser/android.widget.EditText (18)"), "password1"): Send keys 'password1' on test object 'Object Repository/Repo/SignUpNewUser/android.widget.EditText (18)' successfully.

02-04-2025T18:05:37 - [MESSAGE][PASSED] - Send keys 'password1' on test object 'Object Repository/Repo/SignUpNewUser/android.widget.EditText (18)' successfully.

02-04-2025T18:05:37 - [TEST_STEP][PASSED] - delay(3): Delayed 3 second(s)

02-04-2025T18:05:40 - [MESSAGE][PASSED] - Delayed 3 second(s)

02-04-2025T18:05:40 - [TEST_STEP][PASSED] - tap(findTestObject("Object Repository/Repo/SignUpNewUser/android.widget.Button - Next (2)"), 0): Tapped on element 'Object Repository/Repo/SignUpNewUser/android.widget.Button - Next (2)'

02-04-2025T18:05:40 - [MESSAGE][WARNING] - Timeout '0' is invalid. Using default page load timeout: '30'

02-04-2025T18:05:41 - [MESSAGE][PASSED] - Tapped on element 'Object Repository/Repo/SignUpNewUser/android.widget.Button - Next (2)'

02-04-2025T18:05:41 - [TEST_STEP][PASSED] - delay(3): Delayed 3 second(s)

02-04-2025T18:05:44 - [MESSAGE][PASSED] - Delayed 3 second(s)

02-04-2025T18:05:44 - [TEST_STEP][PASSED] - verifyElementExist(findTestObject("Object Repository/Repo/SignUpNewUser/android.widget.TextView -  Passwords must match"), 0): Element 'Object Repository/Repo/SignUpNewUser/android.widget.TextView -  Passwords must match' is exist

02-04-2025T18:05:44 - [MESSAGE][WARNING] - Timeout '0' is invalid. Using default page load timeout: '30'

02-04-2025T18:05:44 - [MESSAGE][PASSED] - Element 'Object Repository/Repo/SignUpNewUser/android.widget.TextView -  Passwords must match' is exist

02-04-2025T18:05:44 - [TEST_STEP][PASSED] - delay(3): Delayed 3 second(s)

02-04-2025T18:05:47 - [MESSAGE][PASSED] - Delayed 3 second(s)

02-04-2025T18:05:47 - [TEST_STEP][PASSED] - tap(findTestObject("Object Repository/Repo/SignUpNewUser/android.widget.Button - back"), 0): Tapped on element 'Object Repository/Repo/SignUpNewUser/android.widget.Button - back'

02-04-2025T18:05:47 - [MESSAGE][WARNING] - Timeout '0' is invalid. Using default page load timeout: '30'

02-04-2025T18:05:47 - [MESSAGE][PASSED] - Tapped on element 'Object Repository/Repo/SignUpNewUser/android.widget.Button - back'

02-04-2025T18:05:47 - [TEST_STEP][PASSED] - delay(3): Delayed 3 second(s)

02-04-2025T18:05:50 - [MESSAGE][PASSED] - Delayed 3 second(s)

02-04-2025T18:05:50 - [TEST_STEP][PASSED] - setText(findTestObject("Object Repository/Repo/SignUpNewUser/android.widget.EditText (1)"), "Walterjr@yopmail.com", 0): Text 'Walterjr@yopmail.com' has been set to element 'Object Repository/Repo/SignUpNewUser/android.widget.EditText (1)'

02-04-2025T18:05:50 - [MESSAGE][WARNING] - Timeout '0' is invalid. Using default page load timeout: '30'

02-04-2025T18:05:51 - [MESSAGE][PASSED] - Text 'Walterjr@yopmail.com' has been set to element 'Object Repository/Repo/SignUpNewUser/android.widget.EditText (1)'

02-04-2025T18:05:51 - [TEST_STEP][PASSED] - delay(3): Delayed 3 second(s)

02-04-2025T18:05:54 - [MESSAGE][PASSED] - Delayed 3 second(s)

02-04-2025T18:05:54 - [TEST_STEP][PASSED] - tap(findTestObject("Object Repository/Repo/SignUpNewUser/android.widget.Button - Next (1)"), 0): Tapped on element 'Object Repository/Repo/SignUpNewUser/android.widget.Button - Next (1)'

02-04-2025T18:05:54 - [MESSAGE][WARNING] - Timeout '0' is invalid. Using default page load timeout: '30'

02-04-2025T18:05:54 - [MESSAGE][PASSED] - Tapped on element 'Object Repository/Repo/SignUpNewUser/android.widget.Button - Next (1)'

02-04-2025T18:05:54 - [TEST_STEP][PASSED] - delay(3): Delayed 3 second(s)

02-04-2025T18:05:57 - [MESSAGE][PASSED] - Delayed 3 second(s)

02-04-2025T18:05:57 - [TEST_STEP][PASSED] - setText(findTestObject("Object Repository/Repo/SignUpNewUser/android.widget.EditText (20)"), "smith", 0): Text 'smith' has been set to element 'Object Repository/Repo/SignUpNewUser/android.widget.EditText (20)'

02-04-2025T18:05:57 - [MESSAGE][WARNING] - Timeout '0' is invalid. Using default page load timeout: '30'

02-04-2025T18:05:58 - [MESSAGE][PASSED] - Text 'smith' has been set to element 'Object Repository/Repo/SignUpNewUser/android.widget.EditText (20)'

02-04-2025T18:05:58 - [TEST_STEP][PASSED] - delay(3): Delayed 3 second(s)

02-04-2025T18:06:01 - [MESSAGE][PASSED] - Delayed 3 second(s)

02-04-2025T18:06:01 - [TEST_STEP][PASSED] - setText(findTestObject("Object Repository/Repo/SignUpNewUser/android.widget.EditText - smith"), "john", 0): Text 'john' has been set to element 'Object Repository/Repo/SignUpNewUser/android.widget.EditText - smith'

02-04-2025T18:06:01 - [MESSAGE][WARNING] - Timeout '0' is invalid. Using default page load timeout: '30'

02-04-2025T18:06:02 - [MESSAGE][PASSED] - Text 'john' has been set to element 'Object Repository/Repo/SignUpNewUser/android.widget.EditText - smith'

02-04-2025T18:06:02 - [TEST_STEP][PASSED] - delay(3): Delayed 3 second(s)

02-04-2025T18:06:05 - [MESSAGE][PASSED] - Delayed 3 second(s)

02-04-2025T18:06:05 - [TEST_STEP][PASSED] - sendKeys(findTestObject("Object Repository/Repo/SignUpNewUser/android.widget.EditText (21)"), "password"): Send keys 'password' on test object 'Object Repository/Repo/SignUpNewUser/android.widget.EditText (21)' successfully.

02-04-2025T18:06:05 - [MESSAGE][PASSED] - Send keys 'password' on test object 'Object Repository/Repo/SignUpNewUser/android.widget.EditText (21)' successfully.

02-04-2025T18:06:05 - [TEST_STEP][PASSED] - delay(3): Delayed 3 second(s)

02-04-2025T18:06:08 - [MESSAGE][PASSED] - Delayed 3 second(s)

02-04-2025T18:06:08 - [TEST_STEP][PASSED] - sendKeys(findTestObject("Object Repository/Repo/SignUpNewUser/android.widget.EditText (22)"), "password"): Send keys 'password' on test object 'Object Repository/Repo/SignUpNewUser/android.widget.EditText (22)' successfully.

02-04-2025T18:06:09 - [MESSAGE][PASSED] - Send keys 'password' on test object 'Object Repository/Repo/SignUpNewUser/android.widget.EditText (22)' successfully.

02-04-2025T18:06:09 - [TEST_STEP][PASSED] - delay(3): Delayed 3 second(s)

02-04-2025T18:06:12 - [MESSAGE][PASSED] - Delayed 3 second(s)

02-04-2025T18:06:12 - [TEST_STEP][PASSED] - tap(findTestObject("Object Repository/Repo/SignUpNewUser/android.widget.Button - Next (3)"), 0): Tapped on element 'Object Repository/Repo/SignUpNewUser/android.widget.Button - Next (3)'

02-04-2025T18:06:12 - [MESSAGE][WARNING] - Timeout '0' is invalid. Using default page load timeout: '30'

02-04-2025T18:06:13 - [MESSAGE][PASSED] - Tapped on element 'Object Repository/Repo/SignUpNewUser/android.widget.Button - Next (3)'

02-04-2025T18:06:13 - [TEST_STEP][PASSED] - delay(3): Delayed 3 second(s)

02-04-2025T18:06:16 - [MESSAGE][PASSED] - Delayed 3 second(s)

02-04-2025T18:06:16 - [TEST_STEP][PASSED] - verifyElementExist(findTestObject("Object Repository/Repo/SignUpNewUser/android.widget.TextView - Terms and Conditions"), 0): Element 'Object Repository/Repo/SignUpNewUser/android.widget.TextView - Terms and Conditions' is exist

02-04-2025T18:06:16 - [MESSAGE][WARNING] - Timeout '0' is invalid. Using default page load timeout: '30'

02-04-2025T18:06:16 - [MESSAGE][PASSED] - Element 'Object Repository/Repo/SignUpNewUser/android.widget.TextView - Terms and Conditions' is exist

02-04-2025T18:06:16 - [TEST_STEP][PASSED] - delay(3): Delayed 3 second(s)

02-04-2025T18:06:19 - [MESSAGE][PASSED] - Delayed 3 second(s)

02-04-2025T18:06:19 - [TEST_STEP][PASSED] - closeApplication(): Close app successfully

02-04-2025T18:06:22 - [MESSAGE][PASSED] - Close app successfully

02-04-2025T18:06:22 - [TEST_STEP][PASSED] - delay(3): Delayed 3 second(s)

02-04-2025T18:06:25 - [MESSAGE][PASSED] - Delayed 3 second(s)]]></system-out>
         <system-err><![CDATA[]]></system-err>
      </testcase>
      <testcase name="Test Cases/Sign Up New UserPage/C699_SignUpNewUserPage" time="356.279" classname="Test Cases/Sign Up New UserPage/C699_SignUpNewUserPage" status="PASSED">
         <system-out><![CDATA[02-04-2025T18:14:44 - [TEST_CASE][PASSED] - Test Cases/Sign Up New UserPage/C699_SignUpNewUserPage: Test Cases/Sign Up New UserPage/C699_SignUpNewUserPage

02-04-2025T18:14:44 - [TEST_STEP][PASSED] - testData = findTestData("Data Files/LogiNewUser"): null

02-04-2025T18:14:44 - [TEST_STEP][PASSED] - email = testData.getValue("email", 1): null

02-04-2025T18:14:44 - [TEST_STEP][PASSED] - firstName = testData.getValue("firstname", 1): null

02-04-2025T18:14:44 - [TEST_STEP][PASSED] - lastName = testData.getValue("lastname", 1): null

02-04-2025T18:14:44 - [TEST_STEP][PASSED] - password = testData.getValue("password", 1): null

02-04-2025T18:14:44 - [TEST_STEP][PASSED] - confirmPassword = testData.getValue("confirm password", 1): null

02-04-2025T18:14:44 - [TEST_STEP][PASSED] - startApplication(appUrl, true): Started application: '/Users/gv.vignesh/Downloads/WGR-Android-Automation/App Folder/universal.apk'

02-04-2025T18:14:44 - [MESSAGE][INFO] - Starting application: '/Users/gv.vignesh/Downloads/WGR-Android-Automation/App Folder/universal.apk'

02-04-2025T18:14:44 - [MESSAGE][INFO] - User set preference: ['deviceId', '']

02-04-2025T18:15:04 - [MESSAGE][PASSED] - Started application: '/Users/gv.vignesh/Downloads/WGR-Android-Automation/App Folder/universal.apk'

02-04-2025T18:15:04 - [TEST_STEP][PASSED] - delay(10): Delayed 10 second(s)

02-04-2025T18:15:14 - [MESSAGE][PASSED] - Delayed 10 second(s)

02-04-2025T18:15:14 - [TEST_STEP][PASSED] - tap(findTestObject("Object Repository/Repo/android.widget.Button - Login or Sign Up"), 0): Tapped on element 'Object Repository/Repo/android.widget.Button - Login or Sign Up'

02-04-2025T18:15:14 - [MESSAGE][WARNING] - Timeout '0' is invalid. Using default page load timeout: '30'

02-04-2025T18:15:14 - [MESSAGE][PASSED] - Tapped on element 'Object Repository/Repo/android.widget.Button - Login or Sign Up'

02-04-2025T18:15:14 - [TEST_STEP][PASSED] - delay(10): Delayed 10 second(s)

02-04-2025T18:15:24 - [MESSAGE][PASSED] - Delayed 10 second(s)

02-04-2025T18:15:24 - [TEST_STEP][PASSED] - setText(findTestObject("Object Repository/Repo/android.widget.EditText-LoginorSignUp"), email, 0): Text 'Williamsonjohnnnn@yopmail.com' has been set to element 'Object Repository/Repo/android.widget.EditText-LoginorSignUp'

02-04-2025T18:15:24 - [MESSAGE][WARNING] - Timeout '0' is invalid. Using default page load timeout: '30'

02-04-2025T18:15:26 - [MESSAGE][PASSED] - Text 'Williamsonjohnnnn@yopmail.com' has been set to element 'Object Repository/Repo/android.widget.EditText-LoginorSignUp'

02-04-2025T18:15:26 - [TEST_STEP][PASSED] - hideKeyboard(): Keyboard is hidden

02-04-2025T18:15:29 - [MESSAGE][PASSED] - Keyboard is hidden

02-04-2025T18:15:29 - [TEST_STEP][PASSED] - delay(10): Delayed 10 second(s)

02-04-2025T18:15:39 - [MESSAGE][PASSED] - Delayed 10 second(s)

02-04-2025T18:15:39 - [TEST_STEP][PASSED] - tap(findTestObject("Object Repository/Repo/android.widget.Button - Next"), 0): Tapped on element 'Object Repository/Repo/android.widget.Button - Next'

02-04-2025T18:15:39 - [MESSAGE][WARNING] - Timeout '0' is invalid. Using default page load timeout: '30'

02-04-2025T18:15:40 - [MESSAGE][PASSED] - Tapped on element 'Object Repository/Repo/android.widget.Button - Next'

02-04-2025T18:15:40 - [TEST_STEP][PASSED] - delay(10): Delayed 10 second(s)

02-04-2025T18:15:50 - [MESSAGE][PASSED] - Delayed 10 second(s)

02-04-2025T18:15:50 - [TEST_STEP][PASSED] - setText(findTestObject("Object Repository/Repo/android.widget.EditText-confirm email address"), email, 0): Text 'Williamsonjohnnnn@yopmail.com' has been set to element 'Object Repository/Repo/android.widget.EditText-confirm email address'

02-04-2025T18:15:50 - [MESSAGE][WARNING] - Timeout '0' is invalid. Using default page load timeout: '30'

02-04-2025T18:15:50 - [MESSAGE][PASSED] - Text 'Williamsonjohnnnn@yopmail.com' has been set to element 'Object Repository/Repo/android.widget.EditText-confirm email address'

02-04-2025T18:15:50 - [TEST_STEP][PASSED] - hideKeyboard(): Keyboard is hidden

02-04-2025T18:15:53 - [MESSAGE][PASSED] - Keyboard is hidden

02-04-2025T18:15:53 - [TEST_STEP][PASSED] - delay(10): Delayed 10 second(s)

02-04-2025T18:16:03 - [MESSAGE][PASSED] - Delayed 10 second(s)

02-04-2025T18:16:03 - [TEST_STEP][PASSED] - tap(findTestObject("Object Repository/Repo/android.widget.Button - Next (1)"), 0): Tapped on element 'Object Repository/Repo/android.widget.Button - Next (1)'

02-04-2025T18:16:03 - [MESSAGE][WARNING] - Timeout '0' is invalid. Using default page load timeout: '30'

02-04-2025T18:16:04 - [MESSAGE][PASSED] - Tapped on element 'Object Repository/Repo/android.widget.Button - Next (1)'

02-04-2025T18:16:04 - [TEST_STEP][PASSED] - delay(10): Delayed 10 second(s)

02-04-2025T18:16:14 - [MESSAGE][PASSED] - Delayed 10 second(s)

02-04-2025T18:16:14 - [TEST_STEP][PASSED] - setText(findTestObject("Object Repository/Repo/android.widget.EditText-FirstName"), firstName, 0): Text 'steve' has been set to element 'Object Repository/Repo/android.widget.EditText-FirstName'

02-04-2025T18:16:14 - [MESSAGE][WARNING] - Timeout '0' is invalid. Using default page load timeout: '30'

02-04-2025T18:16:14 - [MESSAGE][PASSED] - Text 'steve' has been set to element 'Object Repository/Repo/android.widget.EditText-FirstName'

02-04-2025T18:16:14 - [TEST_STEP][PASSED] - hideKeyboard(): Keyboard is hidden

02-04-2025T18:16:17 - [MESSAGE][PASSED] - Keyboard is hidden

02-04-2025T18:16:17 - [TEST_STEP][PASSED] - delay(10): Delayed 10 second(s)

02-04-2025T18:16:27 - [MESSAGE][PASSED] - Delayed 10 second(s)

02-04-2025T18:16:27 - [TEST_STEP][PASSED] - setText(findTestObject("Object Repository/Repo/android.widget.EditText-LastName"), lastName, 0): Text 'smith' has been set to element 'Object Repository/Repo/android.widget.EditText-LastName'

02-04-2025T18:16:27 - [MESSAGE][WARNING] - Timeout '0' is invalid. Using default page load timeout: '30'

02-04-2025T18:16:28 - [MESSAGE][PASSED] - Text 'smith' has been set to element 'Object Repository/Repo/android.widget.EditText-LastName'

02-04-2025T18:16:28 - [TEST_STEP][PASSED] - hideKeyboard(): Keyboard is hidden

02-04-2025T18:16:31 - [MESSAGE][PASSED] - Keyboard is hidden

02-04-2025T18:16:31 - [TEST_STEP][PASSED] - delay(10): Delayed 10 second(s)

02-04-2025T18:16:41 - [MESSAGE][PASSED] - Delayed 10 second(s)

02-04-2025T18:16:41 - [TEST_STEP][PASSED] - sendKeys(findTestObject("Object Repository/Repo/android.widget.EditText-Password"), password): Send keys 'password' on test object 'Object Repository/Repo/android.widget.EditText-Password' successfully.

02-04-2025T18:16:41 - [MESSAGE][PASSED] - Send keys 'password' on test object 'Object Repository/Repo/android.widget.EditText-Password' successfully.

02-04-2025T18:16:41 - [TEST_STEP][PASSED] - delay(10): Delayed 10 second(s)

02-04-2025T18:16:51 - [MESSAGE][PASSED] - Delayed 10 second(s)

02-04-2025T18:16:51 - [TEST_STEP][PASSED] - sendKeys(findTestObject("Object Repository/Repo/android.widget.EditText-Confirm Password"), confirmPassword): Send keys 'password' on test object 'Object Repository/Repo/android.widget.EditText-Confirm Password' successfully.

02-04-2025T18:16:52 - [MESSAGE][PASSED] - Send keys 'password' on test object 'Object Repository/Repo/android.widget.EditText-Confirm Password' successfully.

02-04-2025T18:16:52 - [TEST_STEP][PASSED] - delay(10): Delayed 10 second(s)

02-04-2025T18:17:02 - [MESSAGE][PASSED] - Delayed 10 second(s)

02-04-2025T18:17:02 - [TEST_STEP][PASSED] - tap(findTestObject("Object Repository/Repo/android.widget.Button - Next (2)"), 0): Tapped on element 'Object Repository/Repo/android.widget.Button - Next (2)'

02-04-2025T18:17:02 - [MESSAGE][WARNING] - Timeout '0' is invalid. Using default page load timeout: '30'

02-04-2025T18:17:02 - [MESSAGE][PASSED] - Tapped on element 'Object Repository/Repo/android.widget.Button - Next (2)'

02-04-2025T18:17:02 - [TEST_STEP][PASSED] - delay(20): Delayed 20 second(s)

02-04-2025T18:17:22 - [MESSAGE][PASSED] - Delayed 20 second(s)

02-04-2025T18:17:22 - [TEST_STEP][PASSED] - scrollToText("etc)."): Scrolling to text 'etc).' successfully

02-04-2025T18:17:24 - [MESSAGE][PASSED] - Scrolling to text 'etc).' successfully

02-04-2025T18:17:24 - [TEST_STEP][PASSED] - delay(5): Delayed 5 second(s)

02-04-2025T18:17:29 - [MESSAGE][PASSED] - Delayed 5 second(s)

02-04-2025T18:17:29 - [TEST_STEP][PASSED] - tap(findTestObject("Object Repository/Repo/android.widget.Button - Agree to Terms  Conditions"), 0): Tapped on element 'Object Repository/Repo/android.widget.Button - Agree to Terms  Conditions'

02-04-2025T18:17:29 - [MESSAGE][WARNING] - Timeout '0' is invalid. Using default page load timeout: '30'

02-04-2025T18:17:30 - [MESSAGE][PASSED] - Tapped on element 'Object Repository/Repo/android.widget.Button - Agree to Terms  Conditions'

02-04-2025T18:17:30 - [TEST_STEP][PASSED] - delay(45): Delayed 45 second(s)

02-04-2025T18:18:15 - [MESSAGE][PASSED] - Delayed 45 second(s)

02-04-2025T18:18:15 - [TEST_STEP][PASSED] - setText(findTestObject("Object Repository/Repo/android.widget.EditText-OAM(Login)"), email, 0): Text 'Williamsonjohnnnn@yopmail.com' has been set to element 'Object Repository/Repo/android.widget.EditText-OAM(Login)'

02-04-2025T18:18:15 - [MESSAGE][WARNING] - Timeout '0' is invalid. Using default page load timeout: '30'

02-04-2025T18:18:17 - [MESSAGE][PASSED] - Text 'Williamsonjohnnnn@yopmail.com' has been set to element 'Object Repository/Repo/android.widget.EditText-OAM(Login)'

02-04-2025T18:18:17 - [TEST_STEP][PASSED] - hideKeyboard(): Keyboard is hidden

02-04-2025T18:18:18 - [MESSAGE][PASSED] - Keyboard is hidden

02-04-2025T18:18:18 - [TEST_STEP][PASSED] - delay(30): Delayed 30 second(s)

02-04-2025T18:18:48 - [MESSAGE][PASSED] - Delayed 30 second(s)

02-04-2025T18:18:48 - [TEST_STEP][PASSED] - setText(findTestObject("Object Repository/Repo/android.widget.EditText-OAM(Password)"), password, 0): Text 'password' has been set to element 'Object Repository/Repo/android.widget.EditText-OAM(Password)'

02-04-2025T18:18:48 - [MESSAGE][WARNING] - Timeout '0' is invalid. Using default page load timeout: '30'

02-04-2025T18:18:49 - [MESSAGE][PASSED] - Text 'password' has been set to element 'Object Repository/Repo/android.widget.EditText-OAM(Password)'

02-04-2025T18:18:49 - [TEST_STEP][PASSED] - hideKeyboard(): Keyboard is hidden

02-04-2025T18:18:52 - [MESSAGE][PASSED] - Keyboard is hidden

02-04-2025T18:18:52 - [TEST_STEP][PASSED] - delay(30): Delayed 30 second(s)

02-04-2025T18:19:22 - [MESSAGE][PASSED] - Delayed 30 second(s)

02-04-2025T18:19:22 - [TEST_STEP][PASSED] - tap(findTestObject("Object Repository/Repo/android.widget.Button -OAM(Login)"), 0): Tapped on element 'Object Repository/Repo/android.widget.Button -OAM(Login)'

02-04-2025T18:19:22 - [MESSAGE][WARNING] - Timeout '0' is invalid. Using default page load timeout: '30'

02-04-2025T18:19:23 - [MESSAGE][PASSED] - Tapped on element 'Object Repository/Repo/android.widget.Button -OAM(Login)'

02-04-2025T18:19:23 - [TEST_STEP][PASSED] - delay(20): Delayed 20 second(s)

02-04-2025T18:19:43 - [MESSAGE][PASSED] - Delayed 20 second(s)

02-04-2025T18:19:43 - [TEST_STEP][PASSED] - tap(findTestObject("Object Repository/Repo/android.widget.Button - Next-(VerifyAccount)"), 0): Tapped on element 'Object Repository/Repo/android.widget.Button - Next-(VerifyAccount)'

02-04-2025T18:19:43 - [MESSAGE][WARNING] - Timeout '0' is invalid. Using default page load timeout: '30'

02-04-2025T18:19:43 - [MESSAGE][PASSED] - Tapped on element 'Object Repository/Repo/android.widget.Button - Next-(VerifyAccount)'

02-04-2025T18:19:43 - [TEST_STEP][PASSED] - delay(10): Delayed 10 second(s)

02-04-2025T18:19:53 - [MESSAGE][PASSED] - Delayed 10 second(s)

02-04-2025T18:19:53 - [TEST_STEP][PASSED] - verifyElementExist(findTestObject("Object Repository/Repo/android.widget.TextView - Youve chosen to skip the email verification process. While you can explore the app as a guest, please note that certain features and functionalities may be limited"), 0): Element 'Object Repository/Repo/android.widget.TextView - Youve chosen to skip the email verification process. While you can explore the app as a guest, please note that certain features and functionalities may be limited' is exist

02-04-2025T18:19:53 - [MESSAGE][WARNING] - Timeout '0' is invalid. Using default page load timeout: '30'

02-04-2025T18:19:54 - [MESSAGE][PASSED] - Element 'Object Repository/Repo/android.widget.TextView - Youve chosen to skip the email verification process. While you can explore the app as a guest, please note that certain features and functionalities may be limited' is exist

02-04-2025T18:19:54 - [TEST_STEP][PASSED] - delay(10): Delayed 10 second(s)

02-04-2025T18:20:04 - [MESSAGE][PASSED] - Delayed 10 second(s)

02-04-2025T18:20:04 - [TEST_STEP][PASSED] - verifyElementExist(findTestObject("Object Repository/Repo/android.widget.TextView - To fully access all features"), 0): Element 'Object Repository/Repo/android.widget.TextView - To fully access all features' is exist

02-04-2025T18:20:04 - [MESSAGE][WARNING] - Timeout '0' is invalid. Using default page load timeout: '30'

02-04-2025T18:20:04 - [MESSAGE][PASSED] - Element 'Object Repository/Repo/android.widget.TextView - To fully access all features' is exist

02-04-2025T18:20:04 - [TEST_STEP][PASSED] - delay(10): Delayed 10 second(s)

02-04-2025T18:20:14 - [MESSAGE][PASSED] - Delayed 10 second(s)

02-04-2025T18:20:14 - [TEST_STEP][PASSED] - actualText = getText(findTestObject("Object Repository/Repo/android.widget.TextView - Youve chosen to skip the email verification process. While you can explore the app as a guest, please note that certain features and functionalities may be limited"), 0): Text of element 'Object Repository/Repo/android.widget.TextView - Youve chosen to skip the email verification process. While you can explore the app as a guest, please note that certain features and functionalities may be limited' is: 'You've chosen to skip the email verification process. While you can explore the app as a guest, please note that certain features and functionalities may be limited.'

02-04-2025T18:20:14 - [MESSAGE][WARNING] - Timeout '0' is invalid. Using default page load timeout: '30'

02-04-2025T18:20:14 - [MESSAGE][PASSED] - Text of element 'Object Repository/Repo/android.widget.TextView - Youve chosen to skip the email verification process. While you can explore the app as a guest, please note that certain features and functionalities may be limited' is: 'You've chosen to skip the email verification process. While you can explore the app as a guest, please note that certain features and functionalities may be limited.'

02-04-2025T18:20:14 - [TEST_STEP][PASSED] - expectedText = "You've chosen to skip the email verification process. While you can explore the app as a guest, please note that certain features and functionalities may be limited.": null

02-04-2025T18:20:14 - [TEST_STEP][PASSED] - assert actualText == expectedText: null

02-04-2025T18:20:14 - [TEST_STEP][PASSED] - verifyElementExist(findTestObject("Object Repository/Repo/android.widget.Button - Next (2)"), 0): Element 'Object Repository/Repo/android.widget.Button - Next (2)' is exist

02-04-2025T18:20:14 - [MESSAGE][WARNING] - Timeout '0' is invalid. Using default page load timeout: '30'

02-04-2025T18:20:14 - [MESSAGE][PASSED] - Element 'Object Repository/Repo/android.widget.Button - Next (2)' is exist

02-04-2025T18:20:14 - [TEST_STEP][PASSED] - delay(10): Delayed 10 second(s)

02-04-2025T18:20:24 - [MESSAGE][PASSED] - Delayed 10 second(s)

02-04-2025T18:20:24 - [TEST_STEP][PASSED] - tap(findTestObject("Object Repository/Repo/android.widget.Button - Next (2)"), 0): Tapped on element 'Object Repository/Repo/android.widget.Button - Next (2)'

02-04-2025T18:20:24 - [MESSAGE][WARNING] - Timeout '0' is invalid. Using default page load timeout: '30'

02-04-2025T18:20:25 - [MESSAGE][PASSED] - Tapped on element 'Object Repository/Repo/android.widget.Button - Next (2)'

02-04-2025T18:20:25 - [TEST_STEP][PASSED] - delay(10): Delayed 10 second(s)

02-04-2025T18:20:35 - [MESSAGE][PASSED] - Delayed 10 second(s)

02-04-2025T18:20:35 - [TEST_STEP][PASSED] - closeApplication(): Close app successfully

02-04-2025T18:20:40 - [MESSAGE][INFO] - The process with PID 26,367 wasnt terminated, error: {1}

02-04-2025T18:20:40 - [MESSAGE][PASSED] - Close app successfully

02-04-2025T18:20:40 - [TEST_STEP][PASSED] - closeBrowser(): Browser is closed

02-04-2025T18:20:40 - [MESSAGE][PASSED] - Browser is closed]]></system-out>
         <system-err><![CDATA[]]></system-err>
      </testcase>
      <testcase name="Test Cases/Login Owner OR Renter/C735-C736-C739_LoginOwnerOrRenter" time="236.674" classname="Test Cases/Login Owner OR Renter/C735-C736-C739_LoginOwnerOrRenter" status="PASSED">
         <system-out><![CDATA[02-04-2025T18:28:29 - [TEST_CASE][PASSED] - Test Cases/Login Owner OR Renter/C735-C736-C739_LoginOwnerOrRenter: Test Cases/Login Owner OR Renter/C735-C736-C739_LoginOwnerOrRenter

02-04-2025T18:28:29 - [TEST_STEP][PASSED] - testData = findTestData("Data Files/LogiNewUser"): null

02-04-2025T18:28:29 - [TEST_STEP][PASSED] - email = testData.getValue("email", 1): null

02-04-2025T18:28:29 - [TEST_STEP][PASSED] - password = testData.getValue("password", 1): null

02-04-2025T18:28:29 - [TEST_STEP][PASSED] - startApplication("/Users/gv.vignesh/Downloads/WGR-Android-Automation/App Folder/app-debug.apk", true): Started application: '/Users/gv.vignesh/Downloads/WGR-Android-Automation/App Folder/app-debug.apk'

02-04-2025T18:28:29 - [MESSAGE][INFO] - Starting application: '/Users/gv.vignesh/Downloads/WGR-Android-Automation/App Folder/app-debug.apk'

02-04-2025T18:28:29 - [MESSAGE][INFO] - User set preference: ['deviceId', '']

02-04-2025T18:28:51 - [MESSAGE][PASSED] - Started application: '/Users/gv.vignesh/Downloads/WGR-Android-Automation/App Folder/app-debug.apk'

02-04-2025T18:28:51 - [TEST_STEP][PASSED] - delay(10): Delayed 10 second(s)

02-04-2025T18:29:01 - [MESSAGE][PASSED] - Delayed 10 second(s)

02-04-2025T18:29:01 - [TEST_STEP][PASSED] - tap(findTestObject("Object Repository/Repo/android.widget.Button - Login or Sign Up"), 0): Tapped on element 'Object Repository/Repo/android.widget.Button - Login or Sign Up'

02-04-2025T18:29:01 - [MESSAGE][WARNING] - Timeout '0' is invalid. Using default page load timeout: '30'

02-04-2025T18:29:02 - [MESSAGE][PASSED] - Tapped on element 'Object Repository/Repo/android.widget.Button - Login or Sign Up'

02-04-2025T18:29:02 - [TEST_STEP][PASSED] - delay(10): Delayed 10 second(s)

02-04-2025T18:29:12 - [MESSAGE][PASSED] - Delayed 10 second(s)

02-04-2025T18:29:12 - [TEST_STEP][PASSED] - sendKeys(findTestObject("Object Repository/Repo/android.widget.EditText-LoginorSignUp"), email): Send keys 'Williamsonjohnnnn@yopmail.com' on test object 'Object Repository/Repo/android.widget.EditText-LoginorSignUp' successfully.

02-04-2025T18:29:13 - [MESSAGE][PASSED] - Send keys 'Williamsonjohnnnn@yopmail.com' on test object 'Object Repository/Repo/android.widget.EditText-LoginorSignUp' successfully.

02-04-2025T18:29:13 - [TEST_STEP][PASSED] - delay(10): Delayed 10 second(s)

02-04-2025T18:29:23 - [MESSAGE][PASSED] - Delayed 10 second(s)

02-04-2025T18:29:23 - [TEST_STEP][PASSED] - tap(findTestObject("Object Repository/Repo/android.widget.Button - Next"), 0): Tapped on element 'Object Repository/Repo/android.widget.Button - Next'

02-04-2025T18:29:23 - [MESSAGE][WARNING] - Timeout '0' is invalid. Using default page load timeout: '30'

02-04-2025T18:29:24 - [MESSAGE][PASSED] - Tapped on element 'Object Repository/Repo/android.widget.Button - Next'

02-04-2025T18:29:24 - [TEST_STEP][PASSED] - homeElementExists = verifyElementExist(findTestObject("Object Repository/Repo/android.view.View - Home"), 0): Element 'Object Repository/Repo/android.view.View - Home' is exist

02-04-2025T18:29:24 - [MESSAGE][WARNING] - Timeout '0' is invalid. Using default page load timeout: '30'

02-04-2025T18:29:27 - [MESSAGE][PASSED] - Element 'Object Repository/Repo/android.view.View - Home' is exist

02-04-2025T18:29:27 - [TEST_STEP][PASSED] - assert homeElementExists : "Element 'Home' does not exist.": null

02-04-2025T18:29:27 - [TEST_STEP][PASSED] - homeText = getText(findTestObject("Object Repository/Repo/android.view.View - Home"), 0): Text of element 'Object Repository/Repo/android.view.View - Home' is: 'Home'

02-04-2025T18:29:27 - [MESSAGE][WARNING] - Timeout '0' is invalid. Using default page load timeout: '30'

02-04-2025T18:29:27 - [MESSAGE][PASSED] - Text of element 'Object Repository/Repo/android.view.View - Home' is: 'Home'

02-04-2025T18:29:27 - [TEST_STEP][PASSED] - assert homeText == "Home": null

02-04-2025T18:29:27 - [TEST_STEP][PASSED] - delay(10): Delayed 10 second(s)

02-04-2025T18:29:37 - [MESSAGE][PASSED] - Delayed 10 second(s)

02-04-2025T18:29:37 - [TEST_STEP][PASSED] - myStayElementExists = verifyElementExist(findTestObject("Object Repository/Repo/android.view.View - My Stay"), 0): Element 'Object Repository/Repo/android.view.View - My Stay' is exist

02-04-2025T18:29:37 - [MESSAGE][WARNING] - Timeout '0' is invalid. Using default page load timeout: '30'

02-04-2025T18:29:38 - [MESSAGE][PASSED] - Element 'Object Repository/Repo/android.view.View - My Stay' is exist

02-04-2025T18:29:38 - [TEST_STEP][PASSED] - assert myStayElementExists : "Element 'My Stay' does not exist.": null

02-04-2025T18:29:38 - [TEST_STEP][PASSED] - myStayText = getText(findTestObject("Object Repository/Repo/android.view.View - My Stay"), 0): Text of element 'Object Repository/Repo/android.view.View - My Stay' is: 'My Stay'

02-04-2025T18:29:38 - [MESSAGE][WARNING] - Timeout '0' is invalid. Using default page load timeout: '30'

02-04-2025T18:29:39 - [MESSAGE][PASSED] - Text of element 'Object Repository/Repo/android.view.View - My Stay' is: 'My Stay'

02-04-2025T18:29:39 - [TEST_STEP][PASSED] - assert myStayText == "My Stay": null

02-04-2025T18:29:39 - [TEST_STEP][PASSED] - delay(10): Delayed 10 second(s)

02-04-2025T18:29:49 - [MESSAGE][PASSED] - Delayed 10 second(s)

02-04-2025T18:29:49 - [TEST_STEP][PASSED] - myAccountElementExists = verifyElementExist(findTestObject("Object Repository/Repo/android.view.View - My Account"), 0): Element 'Object Repository/Repo/android.view.View - My Account' is exist

02-04-2025T18:29:49 - [MESSAGE][WARNING] - Timeout '0' is invalid. Using default page load timeout: '30'

02-04-2025T18:29:49 - [MESSAGE][PASSED] - Element 'Object Repository/Repo/android.view.View - My Account' is exist

02-04-2025T18:29:49 - [TEST_STEP][PASSED] - assert myAccountElementExists : "Element 'My Account' does not exist.": null

02-04-2025T18:29:49 - [TEST_STEP][PASSED] - myAccountText = getText(findTestObject("Object Repository/Repo/android.view.View - My Account"), 0): Text of element 'Object Repository/Repo/android.view.View - My Account' is: 'My Account'

02-04-2025T18:29:49 - [MESSAGE][WARNING] - Timeout '0' is invalid. Using default page load timeout: '30'

02-04-2025T18:29:50 - [MESSAGE][PASSED] - Text of element 'Object Repository/Repo/android.view.View - My Account' is: 'My Account'

02-04-2025T18:29:50 - [TEST_STEP][PASSED] - assert myAccountText == "My Account": null

02-04-2025T18:29:50 - [TEST_STEP][PASSED] - delay(5): Delayed 5 second(s)

02-04-2025T18:29:55 - [MESSAGE][PASSED] - Delayed 5 second(s)

02-04-2025T18:29:55 - [TEST_STEP][PASSED] - println("Text 'Home' is present."): null

02-04-2025T18:29:55 - [TEST_STEP][PASSED] - println("Text 'My Stay' is present."): null

02-04-2025T18:29:55 - [TEST_STEP][PASSED] - println("Text 'My Account' is present."): null

02-04-2025T18:29:55 - [TEST_STEP][PASSED] - delay(10): Delayed 10 second(s)

02-04-2025T18:30:05 - [MESSAGE][PASSED] - Delayed 10 second(s)

02-04-2025T18:30:05 - [TEST_STEP][PASSED] - tap(findTestObject("Object Repository/Repo/android.view.View - Home"), 0, STOP_ON_FAILURE): Tapped on element 'Object Repository/Repo/android.view.View - Home'

02-04-2025T18:30:05 - [MESSAGE][WARNING] - Timeout '0' is invalid. Using default page load timeout: '30'

02-04-2025T18:30:05 - [MESSAGE][PASSED] - Tapped on element 'Object Repository/Repo/android.view.View - Home'

02-04-2025T18:30:05 - [TEST_STEP][PASSED] - delay(5): Delayed 5 second(s)

02-04-2025T18:30:10 - [MESSAGE][PASSED] - Delayed 5 second(s)

02-04-2025T18:30:10 - [TEST_STEP][PASSED] - tap(findTestObject("Object Repository/Repo/android.widget.Button - menu"), 0, STOP_ON_FAILURE): Tapped on element 'Object Repository/Repo/android.widget.Button - menu'

02-04-2025T18:30:10 - [MESSAGE][WARNING] - Timeout '0' is invalid. Using default page load timeout: '30'

02-04-2025T18:30:11 - [MESSAGE][PASSED] - Tapped on element 'Object Repository/Repo/android.widget.Button - menu'

02-04-2025T18:30:11 - [TEST_STEP][PASSED] - delay(20): Delayed 20 second(s)

02-04-2025T18:30:31 - [MESSAGE][PASSED] - Delayed 20 second(s)

02-04-2025T18:30:31 - [TEST_STEP][PASSED] - if (waitForElementPresent(findTestObject("Object Repository/Repo/android.widget.TextView - Terms and Conditions-Menu"), 10, CONTINUE_ON_FAILURE)): null

02-04-2025T18:30:31 - [MESSAGE][PASSED] - Element 'Object Repository/Repo/android.widget.TextView - Terms and Conditions-Menu' is present

02-04-2025T18:30:31 - [TEST_STEP][PASSED] - tap(findTestObject("Object Repository/Repo/android.widget.TextView - Terms and Conditions-Menu"), 0, STOP_ON_FAILURE): Tapped on element 'Object Repository/Repo/android.widget.TextView - Terms and Conditions-Menu'

02-04-2025T18:30:31 - [MESSAGE][WARNING] - Timeout '0' is invalid. Using default page load timeout: '30'

02-04-2025T18:30:32 - [MESSAGE][PASSED] - Tapped on element 'Object Repository/Repo/android.widget.TextView - Terms and Conditions-Menu'

02-04-2025T18:30:32 - [TEST_STEP][PASSED] - delay(20): Delayed 20 second(s)

02-04-2025T18:30:52 - [MESSAGE][PASSED] - Delayed 20 second(s)

02-04-2025T18:30:52 - [TEST_STEP][PASSED] - if (waitForElementPresent(findTestObject("Object Repository/Repo/android.view.View-Terms and conditions web"), 10, CONTINUE_ON_FAILURE)): Object Object Repository/Repo/android.view.View-Terms and conditions web not found

02-04-2025T18:31:02 - [MESSAGE][WARNING] - Object Object Repository/Repo/android.view.View-Terms and conditions web not found

02-04-2025T18:31:02 - [TEST_STEP][PASSED] - else: null

02-04-2025T18:31:02 - [TEST_STEP][PASSED] - println("Element 'android.view.View - Terms & Conditions-Webview' does not exist after waiting."): null

02-04-2025T18:31:02 - [TEST_STEP][PASSED] - delay(20): Delayed 20 second(s)

02-04-2025T18:31:22 - [MESSAGE][PASSED] - Delayed 20 second(s)

02-04-2025T18:31:22 - [TEST_STEP][PASSED] - tap(findTestObject("Object Repository/Repo/android.widget.ImageButton-Cancel web"), 0, STOP_ON_FAILURE): Tapped on element 'Object Repository/Repo/android.widget.ImageButton-Cancel web'

02-04-2025T18:31:22 - [MESSAGE][WARNING] - Timeout '0' is invalid. Using default page load timeout: '30'

02-04-2025T18:31:22 - [MESSAGE][PASSED] - Tapped on element 'Object Repository/Repo/android.widget.ImageButton-Cancel web'

02-04-2025T18:31:22 - [TEST_STEP][PASSED] - delay(15): Delayed 15 second(s)

02-04-2025T18:31:37 - [MESSAGE][PASSED] - Delayed 15 second(s)

02-04-2025T18:31:37 - [TEST_STEP][PASSED] - tap(findTestObject("Object Repository/Repo/android.widget.Button - menu"), 0, STOP_ON_FAILURE): Tapped on element 'Object Repository/Repo/android.widget.Button - menu'

02-04-2025T18:31:37 - [MESSAGE][WARNING] - Timeout '0' is invalid. Using default page load timeout: '30'

02-04-2025T18:31:38 - [MESSAGE][PASSED] - Tapped on element 'Object Repository/Repo/android.widget.Button - menu'

02-04-2025T18:31:38 - [TEST_STEP][PASSED] - delay(20): Delayed 20 second(s)

02-04-2025T18:31:58 - [MESSAGE][PASSED] - Delayed 20 second(s)

02-04-2025T18:31:58 - [TEST_STEP][PASSED] - tap(findTestObject("Object Repository/Repo/android.widget.TextView - Privacy Policy-Menu"), 0, STOP_ON_FAILURE): Tapped on element 'Object Repository/Repo/android.widget.TextView - Privacy Policy-Menu'

02-04-2025T18:31:58 - [MESSAGE][WARNING] - Timeout '0' is invalid. Using default page load timeout: '30'

02-04-2025T18:31:59 - [MESSAGE][PASSED] - Tapped on element 'Object Repository/Repo/android.widget.TextView - Privacy Policy-Menu'

02-04-2025T18:31:59 - [TEST_STEP][PASSED] - delay(20): Delayed 20 second(s)

02-04-2025T18:32:19 - [MESSAGE][PASSED] - Delayed 20 second(s)

02-04-2025T18:32:19 - [TEST_STEP][PASSED] - if (waitForElementPresent(findTestObject("Object Repository/Repo/android.widget.TextView - Privacy Policy-web"), 20, CONTINUE_ON_FAILURE)): null

02-04-2025T18:32:20 - [MESSAGE][PASSED] - Element 'Object Repository/Repo/android.widget.TextView - Privacy Policy-web' is present

02-04-2025T18:32:20 - [TEST_STEP][PASSED] - println("Element 'android.widget.TextView - Privacy Policy-web' exists."): null

02-04-2025T18:32:20 - [TEST_STEP][PASSED] - closeApplication(): Close app successfully

02-04-2025T18:32:26 - [MESSAGE][INFO] - The process with PID 27,078 wasnt terminated, error: {1}

02-04-2025T18:32:26 - [MESSAGE][PASSED] - Close app successfully

02-04-2025T18:32:26 - [TEST_STEP][PASSED] - closeBrowser(): Browser is closed

02-04-2025T18:32:26 - [MESSAGE][PASSED] - Browser is closed]]></system-out>
         <system-err><![CDATA[]]></system-err>
      </testcase>
      <testcase name="Test Cases/Login Owner OR Renter/C661-C720-C721_LoginOwnerOrRenter" time="227.698" classname="Test Cases/Login Owner OR Renter/C661-C720-C721_LoginOwnerOrRenter" status="PASSED">
         <system-out><![CDATA[02-04-2025T18:35:00 - [TEST_CASE][PASSED] - Test Cases/Login Owner OR Renter/C661-C720-C721_LoginOwnerOrRenter: Test Cases/Login Owner OR Renter/C661-C720-C721_LoginOwnerOrRenter

02-04-2025T18:35:00 - [TEST_STEP][PASSED] - testData = findTestData("Data Files/LogiNewUser"): null

02-04-2025T18:35:00 - [TEST_STEP][PASSED] - email = testData.getValue("email", 1): null

02-04-2025T18:35:00 - [TEST_STEP][PASSED] - password = testData.getValue("password", 1): null

02-04-2025T18:35:00 - [TEST_STEP][PASSED] - expectedVersion = testData.getValue("version", 1): null

02-04-2025T18:35:00 - [TEST_STEP][PASSED] - startApplication(appUrl, true): Started application: '/Users/gv.vignesh/Downloads/WGR-Android-Automation/App Folder/universal.apk'

02-04-2025T18:35:00 - [MESSAGE][INFO] - Starting application: '/Users/gv.vignesh/Downloads/WGR-Android-Automation/App Folder/universal.apk'

02-04-2025T18:35:00 - [MESSAGE][INFO] - User set preference: ['deviceId', '']

02-04-2025T18:35:18 - [MESSAGE][PASSED] - Started application: '/Users/gv.vignesh/Downloads/WGR-Android-Automation/App Folder/universal.apk'

02-04-2025T18:35:18 - [TEST_STEP][PASSED] - delay(10): Delayed 10 second(s)

02-04-2025T18:35:28 - [MESSAGE][PASSED] - Delayed 10 second(s)

02-04-2025T18:35:28 - [TEST_STEP][PASSED] - tap(findTestObject("Object Repository/Repo/android.widget.Button - Login or Sign Up"), 0): Tapped on element 'Object Repository/Repo/android.widget.Button - Login or Sign Up'

02-04-2025T18:35:28 - [MESSAGE][WARNING] - Timeout '0' is invalid. Using default page load timeout: '30'

02-04-2025T18:35:29 - [MESSAGE][PASSED] - Tapped on element 'Object Repository/Repo/android.widget.Button - Login or Sign Up'

02-04-2025T18:35:29 - [TEST_STEP][PASSED] - delay(10): Delayed 10 second(s)

02-04-2025T18:35:39 - [MESSAGE][PASSED] - Delayed 10 second(s)

02-04-2025T18:35:39 - [TEST_STEP][PASSED] - setText(findTestObject("Object Repository/Repo/android.widget.EditText-LoginorSignUp"), email, 0): Text 'Williamsonjohnnnn@yopmail.com' has been set to element 'Object Repository/Repo/android.widget.EditText-LoginorSignUp'

02-04-2025T18:35:39 - [MESSAGE][WARNING] - Timeout '0' is invalid. Using default page load timeout: '30'

02-04-2025T18:35:40 - [MESSAGE][PASSED] - Text 'Williamsonjohnnnn@yopmail.com' has been set to element 'Object Repository/Repo/android.widget.EditText-LoginorSignUp'

02-04-2025T18:35:40 - [TEST_STEP][PASSED] - hideKeyboard(): Keyboard is hidden

02-04-2025T18:35:43 - [MESSAGE][PASSED] - Keyboard is hidden

02-04-2025T18:35:43 - [TEST_STEP][PASSED] - delay(10): Delayed 10 second(s)

02-04-2025T18:35:53 - [MESSAGE][PASSED] - Delayed 10 second(s)

02-04-2025T18:35:53 - [TEST_STEP][PASSED] - tap(findTestObject("Object Repository/Repo/android.widget.Button - Next"), 0): Tapped on element 'Object Repository/Repo/android.widget.Button - Next'

02-04-2025T18:35:53 - [MESSAGE][WARNING] - Timeout '0' is invalid. Using default page load timeout: '30'

02-04-2025T18:35:54 - [MESSAGE][PASSED] - Tapped on element 'Object Repository/Repo/android.widget.Button - Next'

02-04-2025T18:35:54 - [TEST_STEP][PASSED] - delay(45): Delayed 45 second(s)

02-04-2025T18:36:39 - [MESSAGE][PASSED] - Delayed 45 second(s)

02-04-2025T18:36:39 - [TEST_STEP][PASSED] - setText(findTestObject("Object Repository/Repo/android.widget.EditText-OAM(Login)"), email, 0): Text 'Williamsonjohnnnn@yopmail.com' has been set to element 'Object Repository/Repo/android.widget.EditText-OAM(Login)'

02-04-2025T18:36:39 - [MESSAGE][WARNING] - Timeout '0' is invalid. Using default page load timeout: '30'

02-04-2025T18:36:41 - [MESSAGE][PASSED] - Text 'Williamsonjohnnnn@yopmail.com' has been set to element 'Object Repository/Repo/android.widget.EditText-OAM(Login)'

02-04-2025T18:36:41 - [TEST_STEP][PASSED] - hideKeyboard(): Keyboard is hidden

02-04-2025T18:36:44 - [MESSAGE][PASSED] - Keyboard is hidden

02-04-2025T18:36:44 - [TEST_STEP][PASSED] - delay(30): Delayed 30 second(s)

02-04-2025T18:37:14 - [MESSAGE][PASSED] - Delayed 30 second(s)

02-04-2025T18:37:14 - [TEST_STEP][PASSED] - setText(findTestObject("Object Repository/Repo/android.widget.EditText-OAM(Password)"), password, 0): Text 'password' has been set to element 'Object Repository/Repo/android.widget.EditText-OAM(Password)'

02-04-2025T18:37:14 - [MESSAGE][WARNING] - Timeout '0' is invalid. Using default page load timeout: '30'

02-04-2025T18:37:15 - [MESSAGE][PASSED] - Text 'password' has been set to element 'Object Repository/Repo/android.widget.EditText-OAM(Password)'

02-04-2025T18:37:15 - [TEST_STEP][PASSED] - hideKeyboard(): Keyboard is hidden

02-04-2025T18:37:18 - [MESSAGE][PASSED] - Keyboard is hidden

02-04-2025T18:37:18 - [TEST_STEP][PASSED] - delay(30): Delayed 30 second(s)

02-04-2025T18:37:48 - [MESSAGE][PASSED] - Delayed 30 second(s)

02-04-2025T18:37:48 - [TEST_STEP][PASSED] - tap(findTestObject("Object Repository/Repo/android.widget.Button -OAM(Login)"), 0): Tapped on element 'Object Repository/Repo/android.widget.Button -OAM(Login)'

02-04-2025T18:37:48 - [MESSAGE][WARNING] - Timeout '0' is invalid. Using default page load timeout: '30'

02-04-2025T18:37:49 - [MESSAGE][PASSED] - Tapped on element 'Object Repository/Repo/android.widget.Button -OAM(Login)'

02-04-2025T18:37:49 - [TEST_STEP][PASSED] - delay(20): Delayed 20 second(s)

02-04-2025T18:38:09 - [MESSAGE][PASSED] - Delayed 20 second(s)

02-04-2025T18:38:09 - [TEST_STEP][PASSED] - tap(findTestObject("Object Repository/Repo/android.view.View - Home"), 0): Tapped on element 'Object Repository/Repo/android.view.View - Home'

02-04-2025T18:38:09 - [MESSAGE][WARNING] - Timeout '0' is invalid. Using default page load timeout: '30'

02-04-2025T18:38:09 - [MESSAGE][PASSED] - Tapped on element 'Object Repository/Repo/android.view.View - Home'

02-04-2025T18:38:09 - [TEST_STEP][PASSED] - delay(10): Delayed 10 second(s)

02-04-2025T18:38:19 - [MESSAGE][PASSED] - Delayed 10 second(s)

02-04-2025T18:38:19 - [TEST_STEP][PASSED] - tap(findTestObject("Object Repository/Repo/android.widget.Button - menu"), 0): Tapped on element 'Object Repository/Repo/android.widget.Button - menu'

02-04-2025T18:38:19 - [MESSAGE][WARNING] - Timeout '0' is invalid. Using default page load timeout: '30'

02-04-2025T18:38:21 - [MESSAGE][PASSED] - Tapped on element 'Object Repository/Repo/android.widget.Button - menu'

02-04-2025T18:38:21 - [TEST_STEP][PASSED] - delay(10): Delayed 10 second(s)

02-04-2025T18:38:31 - [MESSAGE][PASSED] - Delayed 10 second(s)

02-04-2025T18:38:31 - [TEST_STEP][PASSED] - tap(findTestObject("Object Repository/Repo/android.widget.TabWidget-Settings"), 0): Tapped on element 'Object Repository/Repo/android.widget.TabWidget-Settings'

02-04-2025T18:38:31 - [MESSAGE][WARNING] - Timeout '0' is invalid. Using default page load timeout: '30'

02-04-2025T18:38:32 - [MESSAGE][PASSED] - Tapped on element 'Object Repository/Repo/android.widget.TabWidget-Settings'

02-04-2025T18:38:32 - [TEST_STEP][PASSED] - delay(10): Delayed 10 second(s)

02-04-2025T18:38:42 - [MESSAGE][PASSED] - Delayed 10 second(s)

02-04-2025T18:38:42 - [TEST_STEP][PASSED] - actualVersion = getText(findTestObject("Object Repository/Repo/android.widget.Button - Version 2.81.111"), 0): Text of element 'Object Repository/Repo/android.widget.Button - Version 2.81.111' is: 'Version 2.81.111'

02-04-2025T18:38:42 - [MESSAGE][WARNING] - Timeout '0' is invalid. Using default page load timeout: '30'

02-04-2025T18:38:42 - [MESSAGE][PASSED] - Text of element 'Object Repository/Repo/android.widget.Button - Version 2.81.111' is: 'Version 2.81.111'

02-04-2025T18:38:42 - [TEST_STEP][PASSED] - if (actualVersion == expectedVersion): null

02-04-2025T18:38:42 - [TEST_STEP][PASSED] - println(Version verification passed. Expected: $expectedVersion, Actual: $actualVersion): null

02-04-2025T18:38:42 - [TEST_STEP][PASSED] - verifyElementExist(findTestObject("Object Repository/Repo/android.widget.Button - Version 2.81.111"), 0): Element 'Object Repository/Repo/android.widget.Button - Version 2.81.111' is exist

02-04-2025T18:38:42 - [MESSAGE][WARNING] - Timeout '0' is invalid. Using default page load timeout: '30'

02-04-2025T18:38:42 - [MESSAGE][PASSED] - Element 'Object Repository/Repo/android.widget.Button - Version 2.81.111' is exist

02-04-2025T18:38:42 - [TEST_STEP][PASSED] - closeApplication(): Close app successfully

02-04-2025T18:38:48 - [MESSAGE][INFO] - The process with PID 27,550 wasnt terminated, error: {1}

02-04-2025T18:38:48 - [MESSAGE][PASSED] - Close app successfully

02-04-2025T18:38:48 - [TEST_STEP][PASSED] - closeBrowser(): Browser is closed

02-04-2025T18:38:48 - [MESSAGE][PASSED] - Browser is closed]]></system-out>
         <system-err><![CDATA[]]></system-err>
      </testcase>
      <system-out><![CDATA[02-04-2025T17:44:48 - [TEST_SUITE][FAILED] - WRMA Android Regression: Test Cases/Guest User Mode/C666-C719-C738_GuestUserMode FAILED.
Reason:
com.kms.katalon.core.exception.StepFailedException: Unable to start application: '/Users/gv.vignesh/Downloads/WGR-Android-Automation/App Folder/universal.apk'
	at com.kms.katalon.core.mobile.keyword.internal.MobileKeywordMain.stepFailed(MobileKeywordMain.groovy:64)
	at com.kms.katalon.core.mobile.keyword.internal.MobileKeywordMain.runKeyword(MobileKeywordMain.groovy:34)
	at com.kms.katalon.core.mobile.keyword.builtin.StartApplicationKeyword.startApplication(StartApplicationKeyword.groovy:91)
	at com.kms.katalon.core.mobile.keyword.builtin.StartApplicationKeyword.execute(StartApplicationKeyword.groovy:48)
	at com.kms.katalon.core.keyword.internal.KeywordExecutor.executeKeywordForPlatform(KeywordExecutor.groovy:74)
	at com.kms.katalon.core.mobile.keyword.MobileBuiltInKeywords.startApplication(MobileBuiltInKeywords.groovy:49)
	at C666-C719-C738_GuestUserMode.run(C666-C719-C738_GuestUserMode:40)
	at com.kms.katalon.core.main.ScriptEngine.run(ScriptEngine.java:194)
	at com.kms.katalon.core.main.ScriptEngine.runScriptAsRawText(ScriptEngine.java:119)
	at com.kms.katalon.core.main.TestCaseExecutor.runScript(TestCaseExecutor.java:448)
	at com.kms.katalon.core.main.TestCaseExecutor.doExecute(TestCaseExecutor.java:439)
	at com.kms.katalon.core.main.TestCaseExecutor.processExecutionPhase(TestCaseExecutor.java:418)
	at com.kms.katalon.core.main.TestCaseExecutor.accessMainPhase(TestCaseExecutor.java:410)
	at com.kms.katalon.core.main.TestCaseExecutor.execute(TestCaseExecutor.java:285)
	at com.kms.katalon.core.common.CommonExecutor.accessTestCaseMainPhase(CommonExecutor.java:71)
	at com.kms.katalon.core.main.TestSuiteExecutor.accessTestSuiteMainPhase(TestSuiteExecutor.java:160)
	at com.kms.katalon.core.main.TestSuiteExecutor.execute(TestSuiteExecutor.java:107)
	at com.kms.katalon.core.main.TestCaseMain.startTestSuite(TestCaseMain.java:180)
	at TempTestSuite1743596084091.run(TempTestSuite1743596084091.groovy:35)
	at java.base/jdk.internal.reflect.NativeMethodAccessorImpl.invoke0(Native Method)
	at java.base/jdk.internal.reflect.NativeMethodAccessorImpl.invoke(NativeMethodAccessorImpl.java:77)
	at java.base/jdk.internal.reflect.DelegatingMethodAccessorImpl.invoke(DelegatingMethodAccessorImpl.java:43)
Caused by: org.openqa.selenium.SessionNotCreatedException: Could not start a new session. Response code 500. Message: An unknown server-side error occurred while processing the command. Original error: Error executing adbExec. Original error: 'Command '/Users/gv.vignesh/.katalon/tools/android_sdk/platform-tools/adb -P 5037 -s a6e538dc5180 install -r -g '/Users/gv.vignesh/Downloads/WGR-Android-Automation/App Folder/universal.apk'' exited with code 1'; Command output: adb: failed to install /Users/gv.vignesh/Downloads/WGR-Android-Automation/App Folder/universal.apk: Failure [INSTALL_FAILED_USER_RESTRICTED: Install canceled by user]
 
Host info: host: '**********', ip: '**********'
Build info: version: '4.22.0', revision: 'c5f3146703'
System info: os.name: 'Mac OS X', os.arch: 'aarch64', os.version: '15.3.2', java.version: '17.0.14'
Driver info: io.appium.java_client.android.AndroidDriver
Command: [null, newSession {capabilities=[Capabilities {appium:app: /Users/gv.vignesh/Downloads..., appium:autoGrantPermissions: true, appium:automationName: uiautomator2, appium:deviceId: , appium:deviceName: Xiaomi 23076PC4BI (Android 15), appium:fullReset: true, appium:newCommandTimeout: 1800, appium:noReset: false, appium:platformName: ANDROID, appium:platformVersion: 15, appium:systemPort: 54318, appium:udid: a6e538dc5180, platformName: ANDROID}]}]
Capabilities {appium:app: /Users/gv.vignesh/Downloads..., appium:autoGrantPermissions: true, appium:automationName: uiautomator2, appium:deviceId: , appium:deviceName: Xiaomi 23076PC4BI (Android 15), appium:fullReset: true, appium:newCommandTimeout: 1800, appium:noReset: false, appium:platformName: ANDROID, appium:platformVersion: 15, appium:systemPort: 54318, appium:udid: a6e538dc5180, platformName: ANDROID}
	at org.openqa.selenium.remote.ProtocolHandshake.createSession(ProtocolHandshake.java:114)
	at org.openqa.selenium.remote.ProtocolHandshake.createSession(ProtocolHandshake.java:75)
	at org.openqa.selenium.remote.ProtocolHandshake.createSession(ProtocolHandshake.java:61)
	at io.appium.java_client.remote.AppiumCommandExecutor.createSession(AppiumCommandExecutor.java:176)
	at io.appium.java_client.remote.AppiumCommandExecutor.execute(AppiumCommandExecutor.java:237)
	at org.openqa.selenium.remote.RemoteWebDriver.execute(RemoteWebDriver.java:518)
	at io.appium.java_client.AppiumDriver.startSession(AppiumDriver.java:270)
	at org.openqa.selenium.remote.RemoteWebDriver.<init>(RemoteWebDriver.java:161)
	at io.appium.java_client.AppiumDriver.<init>(AppiumDriver.java:91)
	at io.appium.java_client.android.AndroidDriver.<init>(AndroidDriver.java:99)
	at com.kms.katalon.core.appium.driver.AppiumDriverManager.createMobileDriver(AppiumDriverManager.java:574)
	at com.kms.katalon.core.appium.driver.AppiumDriverManager.createMobileDriver(AppiumDriverManager.java:551)
	at com.kms.katalon.core.mobile.keyword.internal.MobileDriverFactory.startLocalMobileDriver(MobileDriverFactory.java:597)
	at com.kms.katalon.core.mobile.keyword.internal.MobileDriverFactory.startMobileDriver(MobileDriverFactory.java:510)
	at com.kms.katalon.core.mobile.keyword.builtin.StartApplicationKeyword$_startApplication_closure1.doCall(StartApplicationKeyword.groovy:89)
	at com.kms.katalon.core.mobile.keyword.builtin.StartApplicationKeyword$_startApplication_closure1.call(StartApplicationKeyword.groovy)
	at com.kms.katalon.core.mobile.keyword.internal.MobileKeywordMain.runKeyword(MobileKeywordMain.groovy:30)
	... 20 more]]></system-out>
      <system-err><![CDATA[02-04-2025T17:44:48 - [TEST_SUITE][FAILED] - WRMA Android Regression: Test Cases/Guest User Mode/C666-C719-C738_GuestUserMode FAILED.
Reason:
com.kms.katalon.core.exception.StepFailedException: Unable to start application: '/Users/gv.vignesh/Downloads/WGR-Android-Automation/App Folder/universal.apk'
	at com.kms.katalon.core.mobile.keyword.internal.MobileKeywordMain.stepFailed(MobileKeywordMain.groovy:64)
	at com.kms.katalon.core.mobile.keyword.internal.MobileKeywordMain.runKeyword(MobileKeywordMain.groovy:34)
	at com.kms.katalon.core.mobile.keyword.builtin.StartApplicationKeyword.startApplication(StartApplicationKeyword.groovy:91)
	at com.kms.katalon.core.mobile.keyword.builtin.StartApplicationKeyword.execute(StartApplicationKeyword.groovy:48)
	at com.kms.katalon.core.keyword.internal.KeywordExecutor.executeKeywordForPlatform(KeywordExecutor.groovy:74)
	at com.kms.katalon.core.mobile.keyword.MobileBuiltInKeywords.startApplication(MobileBuiltInKeywords.groovy:49)
	at C666-C719-C738_GuestUserMode.run(C666-C719-C738_GuestUserMode:40)
	at com.kms.katalon.core.main.ScriptEngine.run(ScriptEngine.java:194)
	at com.kms.katalon.core.main.ScriptEngine.runScriptAsRawText(ScriptEngine.java:119)
	at com.kms.katalon.core.main.TestCaseExecutor.runScript(TestCaseExecutor.java:448)
	at com.kms.katalon.core.main.TestCaseExecutor.doExecute(TestCaseExecutor.java:439)
	at com.kms.katalon.core.main.TestCaseExecutor.processExecutionPhase(TestCaseExecutor.java:418)
	at com.kms.katalon.core.main.TestCaseExecutor.accessMainPhase(TestCaseExecutor.java:410)
	at com.kms.katalon.core.main.TestCaseExecutor.execute(TestCaseExecutor.java:285)
	at com.kms.katalon.core.common.CommonExecutor.accessTestCaseMainPhase(CommonExecutor.java:71)
	at com.kms.katalon.core.main.TestSuiteExecutor.accessTestSuiteMainPhase(TestSuiteExecutor.java:160)
	at com.kms.katalon.core.main.TestSuiteExecutor.execute(TestSuiteExecutor.java:107)
	at com.kms.katalon.core.main.TestCaseMain.startTestSuite(TestCaseMain.java:180)
	at TempTestSuite1743596084091.run(TempTestSuite1743596084091.groovy:35)
	at java.base/jdk.internal.reflect.NativeMethodAccessorImpl.invoke0(Native Method)
	at java.base/jdk.internal.reflect.NativeMethodAccessorImpl.invoke(NativeMethodAccessorImpl.java:77)
	at java.base/jdk.internal.reflect.DelegatingMethodAccessorImpl.invoke(DelegatingMethodAccessorImpl.java:43)
Caused by: org.openqa.selenium.SessionNotCreatedException: Could not start a new session. Response code 500. Message: An unknown server-side error occurred while processing the command. Original error: Error executing adbExec. Original error: 'Command '/Users/gv.vignesh/.katalon/tools/android_sdk/platform-tools/adb -P 5037 -s a6e538dc5180 install -r -g '/Users/gv.vignesh/Downloads/WGR-Android-Automation/App Folder/universal.apk'' exited with code 1'; Command output: adb: failed to install /Users/gv.vignesh/Downloads/WGR-Android-Automation/App Folder/universal.apk: Failure [INSTALL_FAILED_USER_RESTRICTED: Install canceled by user]
 
Host info: host: '**********', ip: '**********'
Build info: version: '4.22.0', revision: 'c5f3146703'
System info: os.name: 'Mac OS X', os.arch: 'aarch64', os.version: '15.3.2', java.version: '17.0.14'
Driver info: io.appium.java_client.android.AndroidDriver
Command: [null, newSession {capabilities=[Capabilities {appium:app: /Users/gv.vignesh/Downloads..., appium:autoGrantPermissions: true, appium:automationName: uiautomator2, appium:deviceId: , appium:deviceName: Xiaomi 23076PC4BI (Android 15), appium:fullReset: true, appium:newCommandTimeout: 1800, appium:noReset: false, appium:platformName: ANDROID, appium:platformVersion: 15, appium:systemPort: 54318, appium:udid: a6e538dc5180, platformName: ANDROID}]}]
Capabilities {appium:app: /Users/gv.vignesh/Downloads..., appium:autoGrantPermissions: true, appium:automationName: uiautomator2, appium:deviceId: , appium:deviceName: Xiaomi 23076PC4BI (Android 15), appium:fullReset: true, appium:newCommandTimeout: 1800, appium:noReset: false, appium:platformName: ANDROID, appium:platformVersion: 15, appium:systemPort: 54318, appium:udid: a6e538dc5180, platformName: ANDROID}
	at org.openqa.selenium.remote.ProtocolHandshake.createSession(ProtocolHandshake.java:114)
	at org.openqa.selenium.remote.ProtocolHandshake.createSession(ProtocolHandshake.java:75)
	at org.openqa.selenium.remote.ProtocolHandshake.createSession(ProtocolHandshake.java:61)
	at io.appium.java_client.remote.AppiumCommandExecutor.createSession(AppiumCommandExecutor.java:176)
	at io.appium.java_client.remote.AppiumCommandExecutor.execute(AppiumCommandExecutor.java:237)
	at org.openqa.selenium.remote.RemoteWebDriver.execute(RemoteWebDriver.java:518)
	at io.appium.java_client.AppiumDriver.startSession(AppiumDriver.java:270)
	at org.openqa.selenium.remote.RemoteWebDriver.<init>(RemoteWebDriver.java:161)
	at io.appium.java_client.AppiumDriver.<init>(AppiumDriver.java:91)
	at io.appium.java_client.android.AndroidDriver.<init>(AndroidDriver.java:99)
	at com.kms.katalon.core.appium.driver.AppiumDriverManager.createMobileDriver(AppiumDriverManager.java:574)
	at com.kms.katalon.core.appium.driver.AppiumDriverManager.createMobileDriver(AppiumDriverManager.java:551)
	at com.kms.katalon.core.mobile.keyword.internal.MobileDriverFactory.startLocalMobileDriver(MobileDriverFactory.java:597)
	at com.kms.katalon.core.mobile.keyword.internal.MobileDriverFactory.startMobileDriver(MobileDriverFactory.java:510)
	at com.kms.katalon.core.mobile.keyword.builtin.StartApplicationKeyword$_startApplication_closure1.doCall(StartApplicationKeyword.groovy:89)
	at com.kms.katalon.core.mobile.keyword.builtin.StartApplicationKeyword$_startApplication_closure1.call(StartApplicationKeyword.groovy)
	at com.kms.katalon.core.mobile.keyword.internal.MobileKeywordMain.runKeyword(MobileKeywordMain.groovy:30)
	... 20 more]]></system-err>
   </testsuite>
</testsuites>
