<?xml version="1.0" encoding="UTF-8"?>
<testsuites name="WRMA Android Regression" time="2553.142" tests="8" failures="0" errors="0">
   <testsuite name="WRMA Android Regression" tests="8" failures="0" errors="0" time="2553.142" skipped="0" timestamp="01-04-2025T11:38:14" hostname="**********" id="Test Suites/WRMA Android Regression">
      <properties>
         <property name="deviceName" value="samsung SM-A146B (Android 14)"/>
         <property name="devicePlatform" value="Android"/>
         <property name="logFolder" value="/Users/gv.vignesh/Downloads/WGR-Android-Automation/Reports/20250401_113809/WRMA Android Regression/20250401_113809"/>
         <property name="logFiles" value="/Users/gv.vignesh/Downloads/WGR-Android-Automation/Reports/20250401_113809/WRMA Android Regression/20250401_113809/execution0.log, /Users/gv.vignesh/Downloads/WGR-Android-Automation/Reports/20250401_113809/WRMA Android Regression/20250401_113809/appium_error.log, /Users/gv.vignesh/Downloads/WGR-Android-Automation/Reports/20250401_113809/WRMA Android Regression/20250401_113809/appium.log"/>
         <property name="attachments" value="/Users/gv.vignesh/Downloads/WGR-Android-Automation/Reports/20250401_113809/WRMA Android Regression/20250401_113809/1743488410038.png, /Users/gv.vignesh/Downloads/WGR-Android-Automation/Reports/20250401_113809/WRMA Android Regression/20250401_113809/1743488441553.png, /Users/gv.vignesh/Downloads/WGR-Android-Automation/Reports/20250401_113809/WRMA Android Regression/20250401_113809/1743488442711.png, /Users/gv.vignesh/Downloads/WGR-Android-Automation/Reports/20250401_113809/WRMA Android Regression/20250401_113809/1743488830070.png, /Users/gv.vignesh/Downloads/WGR-Android-Automation/Reports/20250401_113809/WRMA Android Regression/20250401_113809/1743488831428.png"/>
         <property name="hostName" value="**********"/>
         <property name="os" value="Mac OS X 64bit"/>
         <property name="appiumServerStatus" value="{&quot;value&quot;:{&quot;ready&quot;:true,&quot;message&quot;:&quot;The server is ready to accept new connections&quot;,&quot;build&quot;:{&quot;version&quot;:&quot;2.16.0&quot;,&quot;git-sha&quot;:&quot;f1041842141f20bc701b522d4371d7843d905580&quot;,&quot;built&quot;:&quot;2025-03-24 02:42:00 +0000&quot;}}}"/>
         <property name="katalonVersion" value="10.1.1.0"/>
         <property name="deviceOS" value="Android"/>
         <property name="appiumVersion" value="2.16.0"/>
         <property name="deviceModel" value="SM-A146B"/>
         <property name="hostAddress" value="**********"/>
         <property name="deviceManufacturer" value="samsung"/>
         <property name="deviceId" value="adb-RZCW811B2MK-cCoIXY._adb-tls-connect._tcp"/>
         <property name="deviceName" value="samsung SM-A146B (Android 14)"/>
         <property name="deviceOSVersion" value="14"/>
      </properties>
      <testcase name="Test Cases/App Installation And Launching/C658-C667-C668_AppInstallationAndLaunching" time="173.211" classname="Test Cases/App Installation And Launching/C658-C667-C668_AppInstallationAndLaunching" status="PASSED">
         <system-out><![CDATA[01-04-2025T11:38:14 - [TEST_CASE][PASSED] - Test Cases/App Installation And Launching/C658-C667-C668_AppInstallationAndLaunching: Test Cases/App Installation And Launching/C658-C667-C668_AppInstallationAndLaunching

01-04-2025T11:38:14 - [TEST_STEP][PASSED] - startApplication(appUrl, true): Started application: '/Users/gv.vignesh/Downloads/WGR-Android-Automation/App Folder/universal.apk'

01-04-2025T11:38:14 - [MESSAGE][INFO] - Starting application: '/Users/gv.vignesh/Downloads/WGR-Android-Automation/App Folder/universal.apk'

01-04-2025T11:38:14 - [MESSAGE][INFO] - User set preference: ['deviceId', '']

01-04-2025T11:38:14 - [MESSAGE][INFO] - Detected NodeJS location: "/opt/homebrew/Cellar/node/23.10.0_1/bin/node"

01-04-2025T11:38:14 - [MESSAGE][INFO] - PATH: /opt/homebrew/Cellar/node/23.10.0_1/bin:/opt/homebrew/bin:/usr/bin:/bin:/usr/sbin:/sbin:/Applications/Katalon Studio Enterprise.app/Contents/Eclipse/jre/Contents/Home/bin:/usr/local/bin/

01-04-2025T11:38:14 - [MESSAGE][INFO] - APPIUM_HOME: /Users/gv.vignesh/.appium

01-04-2025T11:38:14 - [MESSAGE][INFO] - appium outlog: /Users/gv.vignesh/Downloads/WGR-Android-Automation/Reports/20250401_113809/WRMA Android Regression/20250401_113809/appium.log

01-04-2025T11:38:14 - [MESSAGE][INFO] - appium errlog: /Users/gv.vignesh/Downloads/WGR-Android-Automation/Reports/20250401_113809/WRMA Android Regression/20250401_113809/appium_error.log

01-04-2025T11:38:15 - [MESSAGE][INFO] - Appium server started on port 58,041

01-04-2025T11:38:46 - [MESSAGE][PASSED] - Started application: '/Users/gv.vignesh/Downloads/WGR-Android-Automation/App Folder/universal.apk'

01-04-2025T11:38:46 - [TEST_STEP][PASSED] - delay(3): Delayed 3 second(s)

01-04-2025T11:38:49 - [MESSAGE][PASSED] - Delayed 3 second(s)

01-04-2025T11:38:49 - [TEST_STEP][PASSED] - verifyElementExist(findTestObject("Object Repository/Repo/android.widget.TextView - Youre Moments Away FromCustomized Vacation Experiences"), 0): Element 'Object Repository/Repo/android.widget.TextView - Youre Moments Away FromCustomized Vacation Experiences' is exist

01-04-2025T11:38:49 - [MESSAGE][WARNING] - Timeout '0' is invalid. Using default page load timeout: '30'

01-04-2025T11:38:53 - [MESSAGE][PASSED] - Element 'Object Repository/Repo/android.widget.TextView - Youre Moments Away FromCustomized Vacation Experiences' is exist

01-04-2025T11:38:53 - [TEST_STEP][PASSED] - delay(3): Delayed 3 second(s)

01-04-2025T11:38:56 - [MESSAGE][PASSED] - Delayed 3 second(s)

01-04-2025T11:38:56 - [TEST_STEP][PASSED] - text = getText(findTestObject("Object Repository/Repo/android.widget.TextView - Youre Moments Away FromCustomized Vacation Experiences"), 0): Text of element 'Object Repository/Repo/android.widget.TextView - Youre Moments Away FromCustomized Vacation Experiences' is: 'You’re Moments Away From
Customized Vacation Experiences.'

01-04-2025T11:38:56 - [MESSAGE][WARNING] - Timeout '0' is invalid. Using default page load timeout: '30'

01-04-2025T11:38:57 - [MESSAGE][PASSED] - Text of element 'Object Repository/Repo/android.widget.TextView - Youre Moments Away FromCustomized Vacation Experiences' is: 'You’re Moments Away From
Customized Vacation Experiences.'

01-04-2025T11:38:57 - [TEST_STEP][PASSED] - println("Text: " + text): null

01-04-2025T11:38:57 - [TEST_STEP][PASSED] - delay(3): Delayed 3 second(s)

01-04-2025T11:39:00 - [MESSAGE][PASSED] - Delayed 3 second(s)

01-04-2025T11:39:00 - [TEST_STEP][PASSED] - verifyElementExist(findTestObject("Object Repository/Repo/android.widget.Button - Login or Sign Up"), 0): Element 'Object Repository/Repo/android.widget.Button - Login or Sign Up' is exist

01-04-2025T11:39:00 - [MESSAGE][WARNING] - Timeout '0' is invalid. Using default page load timeout: '30'

01-04-2025T11:39:00 - [MESSAGE][PASSED] - Element 'Object Repository/Repo/android.widget.Button - Login or Sign Up' is exist

01-04-2025T11:39:00 - [TEST_STEP][PASSED] - delay(3): Delayed 3 second(s)

01-04-2025T11:39:03 - [MESSAGE][PASSED] - Delayed 3 second(s)

01-04-2025T11:39:03 - [TEST_STEP][PASSED] - verifyElementExist(findTestObject("Object Repository/Repo/android.view.View - Home"), 0): Element 'Object Repository/Repo/android.view.View - Home' is exist

01-04-2025T11:39:03 - [MESSAGE][WARNING] - Timeout '0' is invalid. Using default page load timeout: '30'

01-04-2025T11:39:03 - [MESSAGE][PASSED] - Element 'Object Repository/Repo/android.view.View - Home' is exist

01-04-2025T11:39:03 - [TEST_STEP][PASSED] - delay(3): Delayed 3 second(s)

01-04-2025T11:39:06 - [MESSAGE][PASSED] - Delayed 3 second(s)

01-04-2025T11:39:06 - [TEST_STEP][PASSED] - verifyElementExist(findTestObject("Object Repository/Repo/android.view.View - My Account"), 0): Element 'Object Repository/Repo/android.view.View - My Account' is exist

01-04-2025T11:39:06 - [MESSAGE][WARNING] - Timeout '0' is invalid. Using default page load timeout: '30'

01-04-2025T11:39:06 - [MESSAGE][PASSED] - Element 'Object Repository/Repo/android.view.View - My Account' is exist

01-04-2025T11:39:06 - [TEST_STEP][PASSED] - delay(3): Delayed 3 second(s)

01-04-2025T11:39:09 - [MESSAGE][PASSED] - Delayed 3 second(s)

01-04-2025T11:39:09 - [TEST_STEP][PASSED] - tap(findTestObject("Object Repository/Repo/android.widget.TextView - Vacation More. Get More"), 0): Tapped on element 'Object Repository/Repo/android.widget.TextView - Vacation More. Get More'

01-04-2025T11:39:09 - [MESSAGE][WARNING] - Timeout '0' is invalid. Using default page load timeout: '30'

01-04-2025T11:39:10 - [MESSAGE][PASSED] - Tapped on element 'Object Repository/Repo/android.widget.TextView - Vacation More. Get More'

01-04-2025T11:39:10 - [TEST_STEP][PASSED] - delay(3): Delayed 3 second(s)

01-04-2025T11:39:13 - [MESSAGE][PASSED] - Delayed 3 second(s)

01-04-2025T11:39:13 - [TEST_STEP][PASSED] - verifyElementVisible(findTestObject("Object Repository/Repo/android.widget.TextView - Vacation More. Get More"), 0): Element 'Object Repository/Repo/android.widget.TextView - Vacation More. Get More' is visible

01-04-2025T11:39:13 - [MESSAGE][WARNING] - Timeout '0' is invalid. Using default page load timeout: '30'

01-04-2025T11:39:13 - [MESSAGE][PASSED] - Element 'Object Repository/Repo/android.widget.TextView - Vacation More. Get More' is visible

01-04-2025T11:39:13 - [TEST_STEP][PASSED] - delay(3): Delayed 3 second(s)

01-04-2025T11:39:16 - [MESSAGE][PASSED] - Delayed 3 second(s)

01-04-2025T11:39:16 - [TEST_STEP][PASSED] - verifyElementVisible(findTestObject("Object Repository/Repo/android.widget.TextView - Explore Westgate Loyalty"), 0): Element 'Object Repository/Repo/android.widget.TextView - Explore Westgate Loyalty' is visible

01-04-2025T11:39:16 - [MESSAGE][WARNING] - Timeout '0' is invalid. Using default page load timeout: '30'

01-04-2025T11:39:16 - [MESSAGE][PASSED] - Element 'Object Repository/Repo/android.widget.TextView - Explore Westgate Loyalty' is visible

01-04-2025T11:39:16 - [TEST_STEP][PASSED] - delay(3): Delayed 3 second(s)

01-04-2025T11:39:19 - [MESSAGE][PASSED] - Delayed 3 second(s)

01-04-2025T11:39:19 - [TEST_STEP][PASSED] - tap(findTestObject("Object Repository/Repo/android.widget.TextView - Continue as a Guest"), 0): Tapped on element 'Object Repository/Repo/android.widget.TextView - Continue as a Guest'

01-04-2025T11:39:19 - [MESSAGE][WARNING] - Timeout '0' is invalid. Using default page load timeout: '30'

01-04-2025T11:39:19 - [MESSAGE][PASSED] - Tapped on element 'Object Repository/Repo/android.widget.TextView - Continue as a Guest'

01-04-2025T11:39:19 - [TEST_STEP][PASSED] - isElementVisible = waitForElementPresent(findTestObject("Object Repository/Repo/android.widget.TextView - Continue as a Guest"), 10): Element 'Object Repository/Repo/android.widget.TextView - Continue as a Guest' is present

01-04-2025T11:39:20 - [MESSAGE][PASSED] - Element 'Object Repository/Repo/android.widget.TextView - Continue as a Guest' is present

01-04-2025T11:39:20 - [TEST_STEP][PASSED] - if (!(isElementVisible)): null

01-04-2025T11:39:20 - [TEST_STEP][PASSED] - else: Failed: Expected element not found after tapping 'Continue as a Guest.

01-04-2025T11:39:20 - [TEST_STEP][PASSED] - logInfo("Failed: Expected element not found after tapping 'Continue as a Guest."): Failed: Expected element not found after tapping 'Continue as a Guest.

01-04-2025T11:39:20 - [MESSAGE][INFO] - Failed: Expected element not found after tapping 'Continue as a Guest.

01-04-2025T11:39:20 - [TEST_STEP][PASSED] - delay(10): Delayed 10 second(s)

01-04-2025T11:39:30 - [MESSAGE][PASSED] - Delayed 10 second(s)

01-04-2025T11:39:30 - [TEST_STEP][PASSED] - tap(findTestObject("Object Repository/Repo/android.widget.Button - menu"), 0): Tapped on element 'Object Repository/Repo/android.widget.Button - menu'

01-04-2025T11:39:30 - [MESSAGE][WARNING] - Timeout '0' is invalid. Using default page load timeout: '30'

01-04-2025T11:39:30 - [MESSAGE][PASSED] - Tapped on element 'Object Repository/Repo/android.widget.Button - menu'

01-04-2025T11:39:30 - [TEST_STEP][PASSED] - delay(30): Delayed 30 second(s)

01-04-2025T11:40:00 - [MESSAGE][PASSED] - Delayed 30 second(s)

01-04-2025T11:40:00 - [TEST_STEP][PASSED] - tap(findTestObject("Object Repository/Repo/android.widget.TextView - Terms and Conditions-Menu"), 0): Tapped on element 'Object Repository/Repo/android.widget.TextView - Terms and Conditions-Menu'

01-04-2025T11:40:00 - [MESSAGE][WARNING] - Timeout '0' is invalid. Using default page load timeout: '30'

01-04-2025T11:40:01 - [MESSAGE][PASSED] - Tapped on element 'Object Repository/Repo/android.widget.TextView - Terms and Conditions-Menu'

01-04-2025T11:40:01 - [TEST_STEP][PASSED] - delay(10): Delayed 10 second(s)

01-04-2025T11:40:11 - [MESSAGE][PASSED] - Delayed 10 second(s)

01-04-2025T11:40:11 - [TEST_STEP][PASSED] - if (waitForElementPresent(findTestObject("Object Repository/Repo/android.view.View-Terms and conditions web"), 30, CONTINUE_ON_FAILURE)): null

01-04-2025T11:40:12 - [MESSAGE][PASSED] - Element 'Object Repository/Repo/android.view.View-Terms and conditions web' is present

01-04-2025T11:40:12 - [TEST_STEP][PASSED] - println("Element 'android.view.View - Terms & Conditions-Webview' exists."): null

01-04-2025T11:40:12 - [TEST_STEP][PASSED] - delay(10): Delayed 10 second(s)

01-04-2025T11:40:22 - [MESSAGE][PASSED] - Delayed 10 second(s)

01-04-2025T11:40:22 - [TEST_STEP][PASSED] - tap(findTestObject("Object Repository/Repo/android.widget.ImageButton-Cancel web"), 0): Tapped on element 'Object Repository/Repo/android.widget.ImageButton-Cancel web'

01-04-2025T11:40:22 - [MESSAGE][WARNING] - Timeout '0' is invalid. Using default page load timeout: '30'

01-04-2025T11:40:23 - [MESSAGE][PASSED] - Tapped on element 'Object Repository/Repo/android.widget.ImageButton-Cancel web'

01-04-2025T11:40:23 - [TEST_STEP][PASSED] - delay(15): Delayed 15 second(s)

01-04-2025T11:40:38 - [MESSAGE][PASSED] - Delayed 15 second(s)

01-04-2025T11:40:38 - [TEST_STEP][PASSED] - tap(findTestObject("Object Repository/Repo/android.widget.Button - menu"), 0): Tapped on element 'Object Repository/Repo/android.widget.Button - menu'

01-04-2025T11:40:38 - [MESSAGE][WARNING] - Timeout '0' is invalid. Using default page load timeout: '30'

01-04-2025T11:40:38 - [MESSAGE][PASSED] - Tapped on element 'Object Repository/Repo/android.widget.Button - menu'

01-04-2025T11:40:38 - [TEST_STEP][PASSED] - delay(15): Delayed 15 second(s)

01-04-2025T11:40:53 - [MESSAGE][PASSED] - Delayed 15 second(s)

01-04-2025T11:40:53 - [TEST_STEP][PASSED] - tap(findTestObject("Object Repository/Repo/android.widget.TextView - Privacy Policy-Menu"), 0): Tapped on element 'Object Repository/Repo/android.widget.TextView - Privacy Policy-Menu'

01-04-2025T11:40:53 - [MESSAGE][WARNING] - Timeout '0' is invalid. Using default page load timeout: '30'

01-04-2025T11:40:54 - [MESSAGE][PASSED] - Tapped on element 'Object Repository/Repo/android.widget.TextView - Privacy Policy-Menu'

01-04-2025T11:40:54 - [TEST_STEP][PASSED] - if (waitForElementPresent(findTestObject("Object Repository/Repo/android.widget.TextView - Privacy Policy-web"), 30, CONTINUE_ON_FAILURE)): null

01-04-2025T11:41:01 - [MESSAGE][PASSED] - Element 'Object Repository/Repo/android.widget.TextView - Privacy Policy-web' is present

01-04-2025T11:41:01 - [TEST_STEP][PASSED] - println("Element 'android.widget.TextView - Privacy Policy-web' exists."): null

01-04-2025T11:41:01 - [TEST_STEP][PASSED] - closeApplication(): Close app successfully

01-04-2025T11:41:07 - [MESSAGE][PASSED] - Close app successfully

01-04-2025T11:41:07 - [TEST_STEP][PASSED] - closeBrowser(): Browser is closed

01-04-2025T11:41:07 - [MESSAGE][PASSED] - Browser is closed]]></system-out>
         <system-err><![CDATA[]]></system-err>
      </testcase>
      <testcase name="Test Cases/Guest User Mode/C666-C719-C738_GuestUserMode" time="104.344" classname="Test Cases/Guest User Mode/C666-C719-C738_GuestUserMode" status="PASSED">
         <system-out><![CDATA[01-04-2025T11:41:07 - [TEST_CASE][PASSED] - Test Cases/Guest User Mode/C666-C719-C738_GuestUserMode: Test Cases/Guest User Mode/C666-C719-C738_GuestUserMode

01-04-2025T11:41:07 - [TEST_STEP][PASSED] - startApplication(appUrl, true): Started application: '/Users/gv.vignesh/Downloads/WGR-Android-Automation/App Folder/universal.apk'

01-04-2025T11:41:07 - [MESSAGE][INFO] - Starting application: '/Users/gv.vignesh/Downloads/WGR-Android-Automation/App Folder/universal.apk'

01-04-2025T11:41:07 - [MESSAGE][INFO] - User set preference: ['deviceId', '']

01-04-2025T11:41:07 - [MESSAGE][INFO] - Detected NodeJS location: "/opt/homebrew/Cellar/node/23.10.0_1/bin/node"

01-04-2025T11:41:07 - [MESSAGE][INFO] - PATH: /opt/homebrew/Cellar/node/23.10.0_1/bin:/opt/homebrew/bin:/usr/bin:/bin:/usr/sbin:/sbin:/Applications/Katalon Studio Enterprise.app/Contents/Eclipse/jre/Contents/Home/bin:/usr/local/bin/

01-04-2025T11:41:07 - [MESSAGE][INFO] - APPIUM_HOME: /Users/gv.vignesh/.appium

01-04-2025T11:41:07 - [MESSAGE][INFO] - appium outlog: /Users/gv.vignesh/Downloads/WGR-Android-Automation/Reports/20250401_113809/WRMA Android Regression/20250401_113809/appium.log

01-04-2025T11:41:07 - [MESSAGE][INFO] - appium errlog: /Users/gv.vignesh/Downloads/WGR-Android-Automation/Reports/20250401_113809/WRMA Android Regression/20250401_113809/appium_error.log

01-04-2025T11:41:08 - [MESSAGE][INFO] - Appium server started on port 58,270

01-04-2025T11:41:34 - [MESSAGE][PASSED] - Started application: '/Users/gv.vignesh/Downloads/WGR-Android-Automation/App Folder/universal.apk'

01-04-2025T11:41:34 - [TEST_STEP][PASSED] - delay(10): Delayed 10 second(s)

01-04-2025T11:41:44 - [MESSAGE][PASSED] - Delayed 10 second(s)

01-04-2025T11:41:44 - [TEST_STEP][PASSED] - tap(findTestObject("Object Repository/Repo/android.widget.TextView - Continue as a Guest"), 0): Tapped on element 'Object Repository/Repo/android.widget.TextView - Continue as a Guest'

01-04-2025T11:41:44 - [MESSAGE][WARNING] - Timeout '0' is invalid. Using default page load timeout: '30'

01-04-2025T11:41:45 - [MESSAGE][PASSED] - Tapped on element 'Object Repository/Repo/android.widget.TextView - Continue as a Guest'

01-04-2025T11:41:45 - [TEST_STEP][PASSED] - delay(10): Delayed 10 second(s)

01-04-2025T11:41:55 - [MESSAGE][PASSED] - Delayed 10 second(s)

01-04-2025T11:41:55 - [TEST_STEP][PASSED] - tap(findTestObject("Object Repository/Repo/android.widget.Button - menu"), 0): Tapped on element 'Object Repository/Repo/android.widget.Button - menu'

01-04-2025T11:41:55 - [MESSAGE][WARNING] - Timeout '0' is invalid. Using default page load timeout: '30'

01-04-2025T11:41:55 - [MESSAGE][PASSED] - Tapped on element 'Object Repository/Repo/android.widget.Button - menu'

01-04-2025T11:41:55 - [TEST_STEP][PASSED] - delay(20): Delayed 20 second(s)

01-04-2025T11:42:15 - [MESSAGE][PASSED] - Delayed 20 second(s)

01-04-2025T11:42:15 - [TEST_STEP][PASSED] - tap(findTestObject("Object Repository/Repo/android.widget.TabWidget-Settings"), 0): Tapped on element 'Object Repository/Repo/android.widget.TabWidget-Settings'

01-04-2025T11:42:15 - [MESSAGE][WARNING] - Timeout '0' is invalid. Using default page load timeout: '30'

01-04-2025T11:42:16 - [MESSAGE][PASSED] - Tapped on element 'Object Repository/Repo/android.widget.TabWidget-Settings'

01-04-2025T11:42:16 - [TEST_STEP][PASSED] - delay(10): Delayed 10 second(s)

01-04-2025T11:42:26 - [MESSAGE][PASSED] - Delayed 10 second(s)

01-04-2025T11:42:26 - [TEST_STEP][PASSED] - actualVersionText = getText(findTestObject("Object Repository/Repo/android.widget.Button - Version 2.81.111"), 0): Text of element 'Object Repository/Repo/android.widget.Button - Version 2.81.111' is: 'Version 2.81.111'

01-04-2025T11:42:26 - [MESSAGE][WARNING] - Timeout '0' is invalid. Using default page load timeout: '30'

01-04-2025T11:42:27 - [MESSAGE][PASSED] - Text of element 'Object Repository/Repo/android.widget.Button - Version 2.81.111' is: 'Version 2.81.111'

01-04-2025T11:42:27 - [TEST_STEP][PASSED] - expectedVersionText = "Version 2.81.111": null

01-04-2025T11:42:27 - [TEST_STEP][PASSED] - assert actualVersionText == expectedVersionText: null

01-04-2025T11:42:27 - [TEST_STEP][PASSED] - println(Version verification successful: $actualVersionText): null

01-04-2025T11:42:27 - [TEST_STEP][PASSED] - tap(findTestObject("Object Repository/Repo/android.widget.Button - menu"), 0): Tapped on element 'Object Repository/Repo/android.widget.Button - menu'

01-04-2025T11:42:27 - [MESSAGE][WARNING] - Timeout '0' is invalid. Using default page load timeout: '30'

01-04-2025T11:42:27 - [MESSAGE][PASSED] - Tapped on element 'Object Repository/Repo/android.widget.Button - menu'

01-04-2025T11:42:27 - [TEST_STEP][PASSED] - delay(10): Delayed 10 second(s)

01-04-2025T11:42:37 - [MESSAGE][PASSED] - Delayed 10 second(s)

01-04-2025T11:42:37 - [TEST_STEP][PASSED] - homeElementExists = verifyElementExist(findTestObject("Object Repository/Repo/android.view.View - Home"), 0): Element 'Object Repository/Repo/android.view.View - Home' is exist

01-04-2025T11:42:37 - [MESSAGE][WARNING] - Timeout '0' is invalid. Using default page load timeout: '30'

01-04-2025T11:42:37 - [MESSAGE][PASSED] - Element 'Object Repository/Repo/android.view.View - Home' is exist

01-04-2025T11:42:37 - [TEST_STEP][PASSED] - assert homeElementExists : "Element 'Home' does not exist.": null

01-04-2025T11:42:37 - [TEST_STEP][PASSED] - homeText = getText(findTestObject("Object Repository/Repo/android.view.View - Home"), 0): Text of element 'Object Repository/Repo/android.view.View - Home' is: 'Home'

01-04-2025T11:42:37 - [MESSAGE][WARNING] - Timeout '0' is invalid. Using default page load timeout: '30'

01-04-2025T11:42:38 - [MESSAGE][PASSED] - Text of element 'Object Repository/Repo/android.view.View - Home' is: 'Home'

01-04-2025T11:42:38 - [TEST_STEP][PASSED] - assert homeText == "Home": null

01-04-2025T11:42:38 - [TEST_STEP][PASSED] - println("Home screen verification successful."): null

01-04-2025T11:42:38 - [TEST_STEP][PASSED] - tap(findTestObject("Object Repository/Repo/android.view.View - My Account"), 0): Tapped on element 'Object Repository/Repo/android.view.View - My Account'

01-04-2025T11:42:38 - [MESSAGE][WARNING] - Timeout '0' is invalid. Using default page load timeout: '30'

01-04-2025T11:42:38 - [MESSAGE][PASSED] - Tapped on element 'Object Repository/Repo/android.view.View - My Account'

01-04-2025T11:42:38 - [TEST_STEP][PASSED] - delay(10): Delayed 10 second(s)

01-04-2025T11:42:48 - [MESSAGE][PASSED] - Delayed 10 second(s)

01-04-2025T11:42:48 - [TEST_STEP][PASSED] - myAccountElementExists = verifyElementExist(findTestObject("Object Repository/Repo/android.view.View - My Account"), 0): Element 'Object Repository/Repo/android.view.View - My Account' is exist

01-04-2025T11:42:48 - [MESSAGE][WARNING] - Timeout '0' is invalid. Using default page load timeout: '30'

01-04-2025T11:42:48 - [MESSAGE][PASSED] - Element 'Object Repository/Repo/android.view.View - My Account' is exist

01-04-2025T11:42:48 - [TEST_STEP][PASSED] - assert myAccountElementExists : "Element 'My Account' does not exist.": null

01-04-2025T11:42:48 - [TEST_STEP][PASSED] - myAccountText = getText(findTestObject("Object Repository/Repo/android.view.View - My Account"), 0): Text of element 'Object Repository/Repo/android.view.View - My Account' is: 'My Account'

01-04-2025T11:42:48 - [MESSAGE][WARNING] - Timeout '0' is invalid. Using default page load timeout: '30'

01-04-2025T11:42:48 - [MESSAGE][PASSED] - Text of element 'Object Repository/Repo/android.view.View - My Account' is: 'My Account'

01-04-2025T11:42:48 - [TEST_STEP][PASSED] - assert myAccountText == "My Account": null

01-04-2025T11:42:48 - [TEST_STEP][PASSED] - println("My Account screen verification successful."): null

01-04-2025T11:42:48 - [TEST_STEP][PASSED] - println("All test verifications completed successfully!"): null

01-04-2025T11:42:48 - [TEST_STEP][PASSED] - closeApplication(): Close app successfully

01-04-2025T11:42:51 - [MESSAGE][PASSED] - Close app successfully

01-04-2025T11:42:51 - [TEST_STEP][PASSED] - closeBrowser(): Browser is closed

01-04-2025T11:42:51 - [MESSAGE][PASSED] - Browser is closed]]></system-out>
         <system-err><![CDATA[]]></system-err>
      </testcase>
      <testcase name="Test Cases/Guest User Mode/C764-C793_GuestUserMode" time="187.938" classname="Test Cases/Guest User Mode/C764-C793_GuestUserMode" status="PASSED">
         <system-out><![CDATA[01-04-2025T11:42:51 - [TEST_CASE][PASSED] - Test Cases/Guest User Mode/C764-C793_GuestUserMode: Test Cases/Guest User Mode/C764-C793_GuestUserMode

01-04-2025T11:42:51 - [TEST_STEP][PASSED] - startApplication("/Users/gv.vignesh/Downloads/WGR-Android-Automation/App Folder/app-debug.apk", true): Started application: '/Users/gv.vignesh/Downloads/WGR-Android-Automation/App Folder/app-debug.apk'

01-04-2025T11:42:51 - [MESSAGE][INFO] - Starting application: '/Users/gv.vignesh/Downloads/WGR-Android-Automation/App Folder/app-debug.apk'

01-04-2025T11:42:51 - [MESSAGE][INFO] - User set preference: ['deviceId', '']

01-04-2025T11:42:51 - [MESSAGE][INFO] - Detected NodeJS location: "/opt/homebrew/Cellar/node/23.10.0_1/bin/node"

01-04-2025T11:42:51 - [MESSAGE][INFO] - PATH: /opt/homebrew/Cellar/node/23.10.0_1/bin:/opt/homebrew/bin:/usr/bin:/bin:/usr/sbin:/sbin:/Applications/Katalon Studio Enterprise.app/Contents/Eclipse/jre/Contents/Home/bin:/usr/local/bin/

01-04-2025T11:42:51 - [MESSAGE][INFO] - APPIUM_HOME: /Users/gv.vignesh/.appium

01-04-2025T11:42:51 - [MESSAGE][INFO] - appium outlog: /Users/gv.vignesh/Downloads/WGR-Android-Automation/Reports/20250401_113809/WRMA Android Regression/20250401_113809/appium.log

01-04-2025T11:42:51 - [MESSAGE][INFO] - appium errlog: /Users/gv.vignesh/Downloads/WGR-Android-Automation/Reports/20250401_113809/WRMA Android Regression/20250401_113809/appium_error.log

01-04-2025T11:42:52 - [MESSAGE][INFO] - Appium server started on port 58,456

01-04-2025T11:43:22 - [MESSAGE][PASSED] - Started application: '/Users/gv.vignesh/Downloads/WGR-Android-Automation/App Folder/app-debug.apk'

01-04-2025T11:43:22 - [TEST_STEP][PASSED] - delay(10): Delayed 10 second(s)

01-04-2025T11:43:32 - [MESSAGE][PASSED] - Delayed 10 second(s)

01-04-2025T11:43:32 - [TEST_STEP][PASSED] - verifyElementExist(findTestObject("Object Repository/Repo/android.view.View - Home"), 0): Element 'Object Repository/Repo/android.view.View - Home' is exist

01-04-2025T11:43:32 - [MESSAGE][WARNING] - Timeout '0' is invalid. Using default page load timeout: '30'

01-04-2025T11:43:32 - [MESSAGE][PASSED] - Element 'Object Repository/Repo/android.view.View - Home' is exist

01-04-2025T11:43:32 - [TEST_STEP][PASSED] - delay(5): Delayed 5 second(s)

01-04-2025T11:43:37 - [MESSAGE][PASSED] - Delayed 5 second(s)

01-04-2025T11:43:37 - [TEST_STEP][PASSED] - tap(findTestObject("Object Repository/Repo/android.view.View - Home"), 0): Tapped on element 'Object Repository/Repo/android.view.View - Home'

01-04-2025T11:43:37 - [MESSAGE][WARNING] - Timeout '0' is invalid. Using default page load timeout: '30'

01-04-2025T11:43:38 - [MESSAGE][PASSED] - Tapped on element 'Object Repository/Repo/android.view.View - Home'

01-04-2025T11:43:38 - [TEST_STEP][PASSED] - delay(10): Delayed 10 second(s)

01-04-2025T11:43:48 - [MESSAGE][PASSED] - Delayed 10 second(s)

01-04-2025T11:43:48 - [TEST_STEP][PASSED] - verifyElementExist(findTestObject("Object Repository/Repo/android.view.View - Home (1)"), 0): Element 'Object Repository/Repo/android.view.View - Home (1)' is exist

01-04-2025T11:43:48 - [MESSAGE][WARNING] - Timeout '0' is invalid. Using default page load timeout: '30'

01-04-2025T11:43:51 - [MESSAGE][PASSED] - Element 'Object Repository/Repo/android.view.View - Home (1)' is exist

01-04-2025T11:43:51 - [TEST_STEP][PASSED] - delay(5): Delayed 5 second(s)

01-04-2025T11:43:56 - [MESSAGE][PASSED] - Delayed 5 second(s)

01-04-2025T11:43:56 - [TEST_STEP][PASSED] - verifyElementExist(findTestObject("Object Repository/Repo/android.widget.TextView-Slide"), 0): Element 'Object Repository/Repo/android.widget.TextView-Slide' is exist

01-04-2025T11:43:56 - [MESSAGE][WARNING] - Timeout '0' is invalid. Using default page load timeout: '30'

01-04-2025T11:43:56 - [MESSAGE][PASSED] - Element 'Object Repository/Repo/android.widget.TextView-Slide' is exist

01-04-2025T11:43:56 - [TEST_STEP][PASSED] - startX = 1000: null

01-04-2025T11:43:56 - [TEST_STEP][PASSED] - startY = 2000: null

01-04-2025T11:43:56 - [TEST_STEP][PASSED] - endX = 200: null

01-04-2025T11:43:56 - [TEST_STEP][PASSED] - endY = 1000: null

01-04-2025T11:43:56 - [TEST_STEP][PASSED] - swipe(startX, startY, endX, endY): Swiped from 1,000,2,000 to 200,1,000

01-04-2025T11:43:58 - [MESSAGE][PASSED] - Swiped from 1,000,2,000 to 200,1,000

01-04-2025T11:43:58 - [TEST_STEP][PASSED] - delay(5): Delayed 5 second(s)

01-04-2025T11:44:03 - [MESSAGE][PASSED] - Delayed 5 second(s)

01-04-2025T11:44:03 - [TEST_STEP][PASSED] - homeText = View - Home (1)"), 0).trim(): Text of element 'Object Repository/Repo/android.view.View - Home (1)' is: 'Home'

01-04-2025T11:44:03 - [MESSAGE][WARNING] - Timeout '0' is invalid. Using default page load timeout: '30'

01-04-2025T11:44:03 - [MESSAGE][PASSED] - Text of element 'Object Repository/Repo/android.view.View - Home (1)' is: 'Home'

01-04-2025T11:44:03 - [TEST_STEP][PASSED] - println("Home Text: " + homeText): null

01-04-2025T11:44:03 - [TEST_STEP][PASSED] - verifyEqual(homeText, "Home", STOP_ON_FAILURE): Actual object 'Home' and expected object 'Home' are equal

01-04-2025T11:44:03 - [MESSAGE][PASSED] - Actual object 'Home' and expected object 'Home' are equal

01-04-2025T11:44:03 - [TEST_STEP][PASSED] - delay(5): Delayed 5 second(s)

01-04-2025T11:44:08 - [MESSAGE][PASSED] - Delayed 5 second(s)

01-04-2025T11:44:08 - [TEST_STEP][PASSED] - verifyElementExist(findTestObject("Object Repository/Repo/android.view.View - My Account (1)"), 0): Element 'Object Repository/Repo/android.view.View - My Account (1)' is exist

01-04-2025T11:44:08 - [MESSAGE][WARNING] - Timeout '0' is invalid. Using default page load timeout: '30'

01-04-2025T11:44:09 - [MESSAGE][PASSED] - Element 'Object Repository/Repo/android.view.View - My Account (1)' is exist

01-04-2025T11:44:09 - [TEST_STEP][PASSED] - delay(5): Delayed 5 second(s)

01-04-2025T11:44:14 - [MESSAGE][PASSED] - Delayed 5 second(s)

01-04-2025T11:44:14 - [TEST_STEP][PASSED] - myAccountText = View - My Account (1)"), 0).trim(): Text of element 'Object Repository/Repo/android.view.View - My Account (1)' is: 'My Account'

01-04-2025T11:44:14 - [MESSAGE][WARNING] - Timeout '0' is invalid. Using default page load timeout: '30'

01-04-2025T11:44:15 - [MESSAGE][PASSED] - Text of element 'Object Repository/Repo/android.view.View - My Account (1)' is: 'My Account'

01-04-2025T11:44:15 - [TEST_STEP][PASSED] - println("My Account Text: " + myAccountText): null

01-04-2025T11:44:15 - [TEST_STEP][PASSED] - verifyEqual(myAccountText, "My Account", STOP_ON_FAILURE): Actual object 'My Account' and expected object 'My Account' are equal

01-04-2025T11:44:15 - [MESSAGE][PASSED] - Actual object 'My Account' and expected object 'My Account' are equal

01-04-2025T11:44:15 - [TEST_STEP][PASSED] - delay(15): Delayed 15 second(s)

01-04-2025T11:44:30 - [MESSAGE][PASSED] - Delayed 15 second(s)

01-04-2025T11:44:30 - [TEST_STEP][PASSED] - scrollToText("Recommended for you"): Scrolling to text 'Recommended for you' successfully

01-04-2025T11:44:31 - [MESSAGE][PASSED] - Scrolling to text 'Recommended for you' successfully

01-04-2025T11:44:31 - [TEST_STEP][PASSED] - delay(5): Delayed 5 second(s)

01-04-2025T11:44:36 - [MESSAGE][PASSED] - Delayed 5 second(s)

01-04-2025T11:44:36 - [TEST_STEP][PASSED] - verifyElementExist(findTestObject("Object Repository/Repo/android.widget.TextView - RECOMMENDED FOR YOU"), 0): Element 'Object Repository/Repo/android.widget.TextView - RECOMMENDED FOR YOU' is exist

01-04-2025T11:44:36 - [MESSAGE][WARNING] - Timeout '0' is invalid. Using default page load timeout: '30'

01-04-2025T11:44:36 - [MESSAGE][PASSED] - Element 'Object Repository/Repo/android.widget.TextView - RECOMMENDED FOR YOU' is exist

01-04-2025T11:44:36 - [TEST_STEP][PASSED] - delay(5): Delayed 5 second(s)

01-04-2025T11:44:41 - [MESSAGE][PASSED] - Delayed 5 second(s)

01-04-2025T11:44:41 - [TEST_STEP][PASSED] - recommendedText = TextView - RECOMMENDED FOR YOU"), 0).trim(): Text of element 'Object Repository/Repo/android.widget.TextView - RECOMMENDED FOR YOU' is: 'RECOMMENDED FOR YOU'

01-04-2025T11:44:41 - [MESSAGE][WARNING] - Timeout '0' is invalid. Using default page load timeout: '30'

01-04-2025T11:44:42 - [MESSAGE][PASSED] - Text of element 'Object Repository/Repo/android.widget.TextView - RECOMMENDED FOR YOU' is: 'RECOMMENDED FOR YOU'

01-04-2025T11:44:42 - [TEST_STEP][PASSED] - println("Recommended Text: " + recommendedText): null

01-04-2025T11:44:42 - [TEST_STEP][PASSED] - verifyEqual(recommendedText, "RECOMMENDED FOR YOU", STOP_ON_FAILURE): Actual object 'RECOMMENDED FOR YOU' and expected object 'RECOMMENDED FOR YOU' are equal

01-04-2025T11:44:42 - [MESSAGE][PASSED] - Actual object 'RECOMMENDED FOR YOU' and expected object 'RECOMMENDED FOR YOU' are equal

01-04-2025T11:44:42 - [TEST_STEP][PASSED] - delay(5): Delayed 5 second(s)

01-04-2025T11:44:47 - [MESSAGE][PASSED] - Delayed 5 second(s)

01-04-2025T11:44:47 - [TEST_STEP][PASSED] - verifyElementExist(findTestObject("Object Repository/Repo/android.widget.TextView - THINGS TO DO"), 0): Element 'Object Repository/Repo/android.widget.TextView - THINGS TO DO' is exist

01-04-2025T11:44:47 - [MESSAGE][WARNING] - Timeout '0' is invalid. Using default page load timeout: '30'

01-04-2025T11:44:47 - [MESSAGE][PASSED] - Element 'Object Repository/Repo/android.widget.TextView - THINGS TO DO' is exist

01-04-2025T11:44:47 - [TEST_STEP][PASSED] - delay(5): Delayed 5 second(s)

01-04-2025T11:44:52 - [MESSAGE][PASSED] - Delayed 5 second(s)

01-04-2025T11:44:52 - [TEST_STEP][PASSED] - thingsToDoText = TextView - THINGS TO DO"), 0).trim(): Text of element 'Object Repository/Repo/android.widget.TextView - THINGS TO DO' is: 'THINGS TO DO'

01-04-2025T11:44:52 - [MESSAGE][WARNING] - Timeout '0' is invalid. Using default page load timeout: '30'

01-04-2025T11:44:52 - [MESSAGE][PASSED] - Text of element 'Object Repository/Repo/android.widget.TextView - THINGS TO DO' is: 'THINGS TO DO'

01-04-2025T11:44:52 - [TEST_STEP][PASSED] - println("Things to Do Text: " + thingsToDoText): null

01-04-2025T11:44:52 - [TEST_STEP][PASSED] - verifyEqual(thingsToDoText, "THINGS TO DO", STOP_ON_FAILURE): Actual object 'THINGS TO DO' and expected object 'THINGS TO DO' are equal

01-04-2025T11:44:52 - [MESSAGE][PASSED] - Actual object 'THINGS TO DO' and expected object 'THINGS TO DO' are equal

01-04-2025T11:44:52 - [TEST_STEP][PASSED] - delay(5): Delayed 5 second(s)

01-04-2025T11:44:57 - [MESSAGE][PASSED] - Delayed 5 second(s)

01-04-2025T11:44:57 - [TEST_STEP][PASSED] - verifyElementExist(findTestObject("Object Repository/Repo/android.view.View-gain access"), 0): Element 'Object Repository/Repo/android.view.View-gain access' is exist

01-04-2025T11:44:57 - [MESSAGE][WARNING] - Timeout '0' is invalid. Using default page load timeout: '30'

01-04-2025T11:44:58 - [MESSAGE][PASSED] - Element 'Object Repository/Repo/android.view.View-gain access' is exist

01-04-2025T11:44:58 - [TEST_STEP][PASSED] - delay(5): Delayed 5 second(s)

01-04-2025T11:45:03 - [MESSAGE][PASSED] - Delayed 5 second(s)

01-04-2025T11:45:03 - [TEST_STEP][PASSED] - gainAccessText = TextView - Gain access to a"), 0).trim(): Text of element 'Object Repository/Repo/android.widget.TextView - Gain access to a' is: 'Gain access to a'

01-04-2025T11:45:03 - [MESSAGE][WARNING] - Timeout '0' is invalid. Using default page load timeout: '30'

01-04-2025T11:45:03 - [MESSAGE][PASSED] - Text of element 'Object Repository/Repo/android.widget.TextView - Gain access to a' is: 'Gain access to a'

01-04-2025T11:45:03 - [TEST_STEP][PASSED] - println("Gain Access Text: " + gainAccessText): null

01-04-2025T11:45:03 - [TEST_STEP][PASSED] - verifyEqual(gainAccessText, "Gain access to a", STOP_ON_FAILURE): Actual object 'Gain access to a' and expected object 'Gain access to a' are equal

01-04-2025T11:45:03 - [MESSAGE][PASSED] - Actual object 'Gain access to a' and expected object 'Gain access to a' are equal

01-04-2025T11:45:03 - [TEST_STEP][PASSED] - delay(5): Delayed 5 second(s)

01-04-2025T11:45:08 - [MESSAGE][PASSED] - Delayed 5 second(s)

01-04-2025T11:45:08 - [TEST_STEP][PASSED] - customizedExperienceText = TextView - customized experience"), 0).trim(): Text of element 'Object Repository/Repo/android.widget.TextView - customized experience' is: 'customized experience'

01-04-2025T11:45:08 - [MESSAGE][WARNING] - Timeout '0' is invalid. Using default page load timeout: '30'

01-04-2025T11:45:08 - [MESSAGE][PASSED] - Text of element 'Object Repository/Repo/android.widget.TextView - customized experience' is: 'customized experience'

01-04-2025T11:45:08 - [TEST_STEP][PASSED] - println("Customized Experience Text: " + customizedExperienceText): null

01-04-2025T11:45:08 - [TEST_STEP][PASSED] - verifyEqual(customizedExperienceText, "customized experience", STOP_ON_FAILURE): Actual object 'customized experience' and expected object 'customized experience' are equal

01-04-2025T11:45:08 - [MESSAGE][PASSED] - Actual object 'customized experience' and expected object 'customized experience' are equal

01-04-2025T11:45:08 - [TEST_STEP][PASSED] - delay(5): Delayed 5 second(s)

01-04-2025T11:45:13 - [MESSAGE][PASSED] - Delayed 5 second(s)

01-04-2025T11:45:13 - [TEST_STEP][PASSED] - verifyElementExist(findTestObject("Object Repository/Repo/android.widget.TextView - Login"), 0): Element 'Object Repository/Repo/android.widget.TextView - Login' is exist

01-04-2025T11:45:13 - [MESSAGE][WARNING] - Timeout '0' is invalid. Using default page load timeout: '30'

01-04-2025T11:45:14 - [MESSAGE][PASSED] - Element 'Object Repository/Repo/android.widget.TextView - Login' is exist

01-04-2025T11:45:14 - [TEST_STEP][PASSED] - delay(5): Delayed 5 second(s)

01-04-2025T11:45:19 - [MESSAGE][PASSED] - Delayed 5 second(s)

01-04-2025T11:45:19 - [TEST_STEP][PASSED] - loginText = TextView - Login"), 0).trim(): Text of element 'Object Repository/Repo/android.widget.TextView - Login' is: 'Login'

01-04-2025T11:45:19 - [MESSAGE][WARNING] - Timeout '0' is invalid. Using default page load timeout: '30'

01-04-2025T11:45:19 - [MESSAGE][PASSED] - Text of element 'Object Repository/Repo/android.widget.TextView - Login' is: 'Login'

01-04-2025T11:45:19 - [TEST_STEP][PASSED] - println("Login Text: " + loginText): null

01-04-2025T11:45:19 - [TEST_STEP][PASSED] - verifyEqual(loginText, "Login", STOP_ON_FAILURE): Actual object 'Login' and expected object 'Login' are equal

01-04-2025T11:45:19 - [MESSAGE][PASSED] - Actual object 'Login' and expected object 'Login' are equal

01-04-2025T11:45:19 - [TEST_STEP][PASSED] - tap(findTestObject("Object Repository/Repo/android.widget.TextView - Login"), 0): Tapped on element 'Object Repository/Repo/android.widget.TextView - Login'

01-04-2025T11:45:19 - [MESSAGE][WARNING] - Timeout '0' is invalid. Using default page load timeout: '30'

01-04-2025T11:45:19 - [MESSAGE][PASSED] - Tapped on element 'Object Repository/Repo/android.widget.TextView - Login'

01-04-2025T11:45:19 - [TEST_STEP][PASSED] - delay(30): Delayed 30 second(s)

01-04-2025T11:45:49 - [MESSAGE][PASSED] - Delayed 30 second(s)

01-04-2025T11:45:49 - [TEST_STEP][PASSED] - verifyElementExist(findTestObject("Object Repository/Repo/android.widget.TextView - WESTGATE Online Account Management"), 0): Element 'Object Repository/Repo/android.widget.TextView - WESTGATE Online Account Management' is exist

01-04-2025T11:45:49 - [MESSAGE][WARNING] - Timeout '0' is invalid. Using default page load timeout: '30'

01-04-2025T11:45:50 - [MESSAGE][PASSED] - Element 'Object Repository/Repo/android.widget.TextView - WESTGATE Online Account Management' is exist

01-04-2025T11:45:50 - [TEST_STEP][PASSED] - delay(5): Delayed 5 second(s)

01-04-2025T11:45:55 - [MESSAGE][PASSED] - Delayed 5 second(s)

01-04-2025T11:45:55 - [TEST_STEP][PASSED] - westgateText = TextView - WESTGATE Online Account Management"), 0).trim(): Text of element 'Object Repository/Repo/android.widget.TextView - WESTGATE Online Account Management' is: 'WESTGATE Online Account Management'

01-04-2025T11:45:55 - [MESSAGE][WARNING] - Timeout '0' is invalid. Using default page load timeout: '30'

01-04-2025T11:45:55 - [MESSAGE][PASSED] - Text of element 'Object Repository/Repo/android.widget.TextView - WESTGATE Online Account Management' is: 'WESTGATE Online Account Management'

01-04-2025T11:45:55 - [TEST_STEP][PASSED] - println("WESTGATE Text: " + westgateText): null

01-04-2025T11:45:55 - [TEST_STEP][PASSED] - verifyEqual(westgateText, "WESTGATE Online Account Management", CONTINUE_ON_FAILURE): Actual object 'WESTGATE Online Account Management' and expected object 'WESTGATE Online Account Management' are equal

01-04-2025T11:45:55 - [MESSAGE][PASSED] - Actual object 'WESTGATE Online Account Management' and expected object 'WESTGATE Online Account Management' are equal

01-04-2025T11:45:55 - [TEST_STEP][PASSED] - closeApplication(): Close app successfully

01-04-2025T11:45:59 - [MESSAGE][PASSED] - Close app successfully

01-04-2025T11:45:59 - [TEST_STEP][PASSED] - closeBrowser(): Browser is closed

01-04-2025T11:45:59 - [MESSAGE][PASSED] - Browser is closed]]></system-out>
         <system-err><![CDATA[]]></system-err>
      </testcase>
      <testcase name="Test Cases/Sign Up New UserPage/C660-C681_SignUpNewUserPage" time="297.758" classname="Test Cases/Sign Up New UserPage/C660-C681_SignUpNewUserPage" status="PASSED">
         <system-out><![CDATA[01-04-2025T11:45:59 - [TEST_CASE][PASSED] - Test Cases/Sign Up New UserPage/C660-C681_SignUpNewUserPage: Test Cases/Sign Up New UserPage/C660-C681_SignUpNewUserPage

01-04-2025T11:45:59 - [TEST_STEP][PASSED] - emailValidationTests = new EmailValidationTests(): null

01-04-2025T11:45:59 - [TEST_STEP][PASSED] - emailValidationTests.runAllTests(): null

01-04-2025T11:45:59 - [TEST_STEP][PASSED] - setup(): null

01-04-2025T11:45:59 - [TEST_STEP][PASSED] - startApplication(appUrl, true): Started application: '/Users/gv.vignesh/Downloads/WGR-Android-Automation/App Folder/universal.apk'

01-04-2025T11:45:59 - [MESSAGE][INFO] - Starting application: '/Users/gv.vignesh/Downloads/WGR-Android-Automation/App Folder/universal.apk'

01-04-2025T11:45:59 - [MESSAGE][INFO] - User set preference: ['deviceId', '']

01-04-2025T11:45:59 - [MESSAGE][INFO] - Detected NodeJS location: "/opt/homebrew/Cellar/node/23.10.0_1/bin/node"

01-04-2025T11:45:59 - [MESSAGE][INFO] - PATH: /opt/homebrew/Cellar/node/23.10.0_1/bin:/opt/homebrew/bin:/usr/bin:/bin:/usr/sbin:/sbin:/Applications/Katalon Studio Enterprise.app/Contents/Eclipse/jre/Contents/Home/bin:/usr/local/bin/

01-04-2025T11:45:59 - [MESSAGE][INFO] - APPIUM_HOME: /Users/gv.vignesh/.appium

01-04-2025T11:45:59 - [MESSAGE][INFO] - appium outlog: /Users/gv.vignesh/Downloads/WGR-Android-Automation/Reports/20250401_113809/WRMA Android Regression/20250401_113809/appium.log

01-04-2025T11:45:59 - [MESSAGE][INFO] - appium errlog: /Users/gv.vignesh/Downloads/WGR-Android-Automation/Reports/20250401_113809/WRMA Android Regression/20250401_113809/appium_error.log

01-04-2025T11:46:00 - [MESSAGE][INFO] - Appium server started on port 58,711

01-04-2025T11:46:29 - [MESSAGE][PASSED] - Started application: '/Users/gv.vignesh/Downloads/WGR-Android-Automation/App Folder/universal.apk'

01-04-2025T11:46:29 - [TEST_STEP][PASSED] - delay(20): Delayed 20 second(s)

01-04-2025T11:46:49 - [MESSAGE][PASSED] - Delayed 20 second(s)

01-04-2025T11:46:49 - [TEST_STEP][PASSED] - tap(findTestObject("Object Repository/Repo/android.widget.Button - Login or Sign Up"), 0): Tapped on element 'Object Repository/Repo/android.widget.Button - Login or Sign Up'

01-04-2025T11:46:49 - [MESSAGE][WARNING] - Timeout '0' is invalid. Using default page load timeout: '30'

01-04-2025T11:46:49 - [MESSAGE][PASSED] - Tapped on element 'Object Repository/Repo/android.widget.Button - Login or Sign Up'

01-04-2025T11:46:49 - [TEST_STEP][PASSED] - try: null

01-04-2025T11:46:49 - [TEST_STEP][PASSED] - testInvalidEmailFormat(): null

01-04-2025T11:46:49 - [TEST_STEP][PASSED] - excelData = findTestData("Data Files/InvalidEmail"): null

01-04-2025T11:46:49 - [TEST_STEP][PASSED] - rowCount = excelData.getRowNumbers(): null

01-04-2025T11:46:49 - [TEST_STEP][PASSED] - for ([i = 1, i <= rowCount, (i++)]): null

01-04-2025T11:46:49 - [TEST_STEP][PASSED] - invalidEmail = excelData.getValue("email-Address", i): null

01-04-2025T11:46:49 - [TEST_STEP][PASSED] - println(Testing invalid email from Excel (Row $i): $invalidEmail): null

01-04-2025T11:46:49 - [TEST_STEP][PASSED] - waitForElementPresent(findTestObject("Object Repository/Repo/android.widget.EditText-LoginorSignUp"), 20): Element 'Object Repository/Repo/android.widget.EditText-LoginorSignUp' is present

01-04-2025T11:46:51 - [MESSAGE][PASSED] - Element 'Object Repository/Repo/android.widget.EditText-LoginorSignUp' is present

01-04-2025T11:46:51 - [TEST_STEP][PASSED] - sendKeys(findTestObject("Object Repository/Repo/android.widget.EditText-LoginorSignUp"), invalidEmail): Send keys 'd.g.com' on test object 'Object Repository/Repo/android.widget.EditText-LoginorSignUp' successfully.

01-04-2025T11:46:51 - [MESSAGE][PASSED] - Send keys 'd.g.com' on test object 'Object Repository/Repo/android.widget.EditText-LoginorSignUp' successfully.

01-04-2025T11:46:51 - [TEST_STEP][PASSED] - actualErrorMessage = TextView -  Invalid email format"), 0).trim(): Text of element 'Object Repository/Repo/android.widget.TextView -  Invalid email format' is: ' Invalid email format.
'

01-04-2025T11:46:51 - [MESSAGE][WARNING] - Timeout '0' is invalid. Using default page load timeout: '30'

01-04-2025T11:46:53 - [MESSAGE][PASSED] - Text of element 'Object Repository/Repo/android.widget.TextView -  Invalid email format' is: ' Invalid email format.
'

01-04-2025T11:46:53 - [TEST_STEP][PASSED] - expectedErrorMessage = "Invalid email format": null

01-04-2025T11:46:53 - [TEST_STEP][PASSED] - Assert.assertEquals(Error message validation failed at row $i, replaceAll("[^a-zA-Z0-9 ]", "").trim(), replaceAll("[^a-zA-Z0-9 ]", "").trim()): null

01-04-2025T11:46:53 - [TEST_STEP][PASSED] - tap(findTestObject("Object Repository/Repo/android.widget.Button - reset"), 0): Tapped on element 'Object Repository/Repo/android.widget.Button - reset'

01-04-2025T11:46:53 - [MESSAGE][WARNING] - Timeout '0' is invalid. Using default page load timeout: '30'

01-04-2025T11:46:53 - [MESSAGE][PASSED] - Tapped on element 'Object Repository/Repo/android.widget.Button - reset'

01-04-2025T11:46:53 - [TEST_STEP][PASSED] - hideKeyboard(): Keyboard is hidden

01-04-2025T11:46:54 - [MESSAGE][PASSED] - Keyboard is hidden

01-04-2025T11:46:54 - [TEST_STEP][PASSED] - invalidEmail = excelData.getValue("email-Address", i): null

01-04-2025T11:46:54 - [TEST_STEP][PASSED] - println(Testing invalid email from Excel (Row $i): $invalidEmail): null

01-04-2025T11:46:54 - [TEST_STEP][PASSED] - waitForElementPresent(findTestObject("Object Repository/Repo/android.widget.EditText-LoginorSignUp"), 20): Element 'Object Repository/Repo/android.widget.EditText-LoginorSignUp' is present

01-04-2025T11:46:55 - [MESSAGE][PASSED] - Element 'Object Repository/Repo/android.widget.EditText-LoginorSignUp' is present

01-04-2025T11:46:55 - [TEST_STEP][PASSED] - sendKeys(findTestObject("Object Repository/Repo/android.widget.EditText-LoginorSignUp"), invalidEmail): Send keys 's@com' on test object 'Object Repository/Repo/android.widget.EditText-LoginorSignUp' successfully.

01-04-2025T11:46:56 - [MESSAGE][PASSED] - Send keys 's@com' on test object 'Object Repository/Repo/android.widget.EditText-LoginorSignUp' successfully.

01-04-2025T11:46:56 - [TEST_STEP][PASSED] - actualErrorMessage = TextView -  Invalid email format"), 0).trim(): Text of element 'Object Repository/Repo/android.widget.TextView -  Invalid email format' is: ' Invalid email format.
'

01-04-2025T11:46:56 - [MESSAGE][WARNING] - Timeout '0' is invalid. Using default page load timeout: '30'

01-04-2025T11:46:57 - [MESSAGE][PASSED] - Text of element 'Object Repository/Repo/android.widget.TextView -  Invalid email format' is: ' Invalid email format.
'

01-04-2025T11:46:57 - [TEST_STEP][PASSED] - expectedErrorMessage = "Invalid email format": null

01-04-2025T11:46:57 - [TEST_STEP][PASSED] - Assert.assertEquals(Error message validation failed at row $i, replaceAll("[^a-zA-Z0-9 ]", "").trim(), replaceAll("[^a-zA-Z0-9 ]", "").trim()): null

01-04-2025T11:46:57 - [TEST_STEP][PASSED] - tap(findTestObject("Object Repository/Repo/android.widget.Button - reset"), 0): Tapped on element 'Object Repository/Repo/android.widget.Button - reset'

01-04-2025T11:46:57 - [MESSAGE][WARNING] - Timeout '0' is invalid. Using default page load timeout: '30'

01-04-2025T11:46:57 - [MESSAGE][PASSED] - Tapped on element 'Object Repository/Repo/android.widget.Button - reset'

01-04-2025T11:46:57 - [TEST_STEP][PASSED] - hideKeyboard(): Keyboard is hidden

01-04-2025T11:46:58 - [MESSAGE][PASSED] - Keyboard is hidden

01-04-2025T11:46:58 - [TEST_STEP][PASSED] - invalidEmail = excelData.getValue("email-Address", i): null

01-04-2025T11:46:58 - [TEST_STEP][PASSED] - println(Testing invalid email from Excel (Row $i): $invalidEmail): null

01-04-2025T11:46:58 - [TEST_STEP][PASSED] - waitForElementPresent(findTestObject("Object Repository/Repo/android.widget.EditText-LoginorSignUp"), 20): Element 'Object Repository/Repo/android.widget.EditText-LoginorSignUp' is present

01-04-2025T11:46:59 - [MESSAGE][PASSED] - Element 'Object Repository/Repo/android.widget.EditText-LoginorSignUp' is present

01-04-2025T11:46:59 - [TEST_STEP][PASSED] - sendKeys(findTestObject("Object Repository/Repo/android.widget.EditText-LoginorSignUp"), invalidEmail): Send keys 'vg@.1gv' on test object 'Object Repository/Repo/android.widget.EditText-LoginorSignUp' successfully.

01-04-2025T11:47:00 - [MESSAGE][PASSED] - Send keys 'vg@.1gv' on test object 'Object Repository/Repo/android.widget.EditText-LoginorSignUp' successfully.

01-04-2025T11:47:00 - [TEST_STEP][PASSED] - actualErrorMessage = TextView -  Invalid email format"), 0).trim(): Text of element 'Object Repository/Repo/android.widget.TextView -  Invalid email format' is: ' Invalid email format.
'

01-04-2025T11:47:00 - [MESSAGE][WARNING] - Timeout '0' is invalid. Using default page load timeout: '30'

01-04-2025T11:47:01 - [MESSAGE][PASSED] - Text of element 'Object Repository/Repo/android.widget.TextView -  Invalid email format' is: ' Invalid email format.
'

01-04-2025T11:47:01 - [TEST_STEP][PASSED] - expectedErrorMessage = "Invalid email format": null

01-04-2025T11:47:01 - [TEST_STEP][PASSED] - Assert.assertEquals(Error message validation failed at row $i, replaceAll("[^a-zA-Z0-9 ]", "").trim(), replaceAll("[^a-zA-Z0-9 ]", "").trim()): null

01-04-2025T11:47:01 - [TEST_STEP][PASSED] - tap(findTestObject("Object Repository/Repo/android.widget.Button - reset"), 0): Tapped on element 'Object Repository/Repo/android.widget.Button - reset'

01-04-2025T11:47:01 - [MESSAGE][WARNING] - Timeout '0' is invalid. Using default page load timeout: '30'

01-04-2025T11:47:02 - [MESSAGE][PASSED] - Tapped on element 'Object Repository/Repo/android.widget.Button - reset'

01-04-2025T11:47:02 - [TEST_STEP][PASSED] - hideKeyboard(): Keyboard is hidden

01-04-2025T11:47:02 - [MESSAGE][PASSED] - Keyboard is hidden

01-04-2025T11:47:02 - [TEST_STEP][PASSED] - invalidEmail = excelData.getValue("email-Address", i): null

01-04-2025T11:47:02 - [TEST_STEP][PASSED] - println(Testing invalid email from Excel (Row $i): $invalidEmail): null

01-04-2025T11:47:02 - [TEST_STEP][PASSED] - waitForElementPresent(findTestObject("Object Repository/Repo/android.widget.EditText-LoginorSignUp"), 20): Element 'Object Repository/Repo/android.widget.EditText-LoginorSignUp' is present

01-04-2025T11:47:03 - [MESSAGE][PASSED] - Element 'Object Repository/Repo/android.widget.EditText-LoginorSignUp' is present

01-04-2025T11:47:03 - [TEST_STEP][PASSED] - sendKeys(findTestObject("Object Repository/Repo/android.widget.EditText-LoginorSignUp"), invalidEmail): Send keys 'g@2.1' on test object 'Object Repository/Repo/android.widget.EditText-LoginorSignUp' successfully.

01-04-2025T11:47:04 - [MESSAGE][PASSED] - Send keys 'g@2.1' on test object 'Object Repository/Repo/android.widget.EditText-LoginorSignUp' successfully.

01-04-2025T11:47:04 - [TEST_STEP][PASSED] - actualErrorMessage = TextView -  Invalid email format"), 0).trim(): Text of element 'Object Repository/Repo/android.widget.TextView -  Invalid email format' is: ' Invalid email format.
'

01-04-2025T11:47:04 - [MESSAGE][WARNING] - Timeout '0' is invalid. Using default page load timeout: '30'

01-04-2025T11:47:05 - [MESSAGE][PASSED] - Text of element 'Object Repository/Repo/android.widget.TextView -  Invalid email format' is: ' Invalid email format.
'

01-04-2025T11:47:05 - [TEST_STEP][PASSED] - expectedErrorMessage = "Invalid email format": null

01-04-2025T11:47:05 - [TEST_STEP][PASSED] - Assert.assertEquals(Error message validation failed at row $i, replaceAll("[^a-zA-Z0-9 ]", "").trim(), replaceAll("[^a-zA-Z0-9 ]", "").trim()): null

01-04-2025T11:47:05 - [TEST_STEP][PASSED] - tap(findTestObject("Object Repository/Repo/android.widget.Button - reset"), 0): Tapped on element 'Object Repository/Repo/android.widget.Button - reset'

01-04-2025T11:47:05 - [MESSAGE][WARNING] - Timeout '0' is invalid. Using default page load timeout: '30'

01-04-2025T11:47:05 - [MESSAGE][PASSED] - Tapped on element 'Object Repository/Repo/android.widget.Button - reset'

01-04-2025T11:47:05 - [TEST_STEP][PASSED] - hideKeyboard(): Keyboard is hidden

01-04-2025T11:47:06 - [MESSAGE][PASSED] - Keyboard is hidden

01-04-2025T11:47:06 - [TEST_STEP][PASSED] - invalidEmail = excelData.getValue("email-Address", i): null

01-04-2025T11:47:06 - [TEST_STEP][PASSED] - println(Testing invalid email from Excel (Row $i): $invalidEmail): null

01-04-2025T11:47:06 - [TEST_STEP][PASSED] - waitForElementPresent(findTestObject("Object Repository/Repo/android.widget.EditText-LoginorSignUp"), 20): Element 'Object Repository/Repo/android.widget.EditText-LoginorSignUp' is present

01-04-2025T11:47:07 - [MESSAGE][PASSED] - Element 'Object Repository/Repo/android.widget.EditText-LoginorSignUp' is present

01-04-2025T11:47:07 - [TEST_STEP][PASSED] - sendKeys(findTestObject("Object Repository/Repo/android.widget.EditText-LoginorSignUp"), invalidEmail): Send keys 'v.com@q' on test object 'Object Repository/Repo/android.widget.EditText-LoginorSignUp' successfully.

01-04-2025T11:47:07 - [MESSAGE][PASSED] - Send keys 'v.com@q' on test object 'Object Repository/Repo/android.widget.EditText-LoginorSignUp' successfully.

01-04-2025T11:47:07 - [TEST_STEP][PASSED] - actualErrorMessage = TextView -  Invalid email format"), 0).trim(): Text of element 'Object Repository/Repo/android.widget.TextView -  Invalid email format' is: ' Invalid email format.
'

01-04-2025T11:47:07 - [MESSAGE][WARNING] - Timeout '0' is invalid. Using default page load timeout: '30'

01-04-2025T11:47:09 - [MESSAGE][PASSED] - Text of element 'Object Repository/Repo/android.widget.TextView -  Invalid email format' is: ' Invalid email format.
'

01-04-2025T11:47:09 - [TEST_STEP][PASSED] - expectedErrorMessage = "Invalid email format": null

01-04-2025T11:47:09 - [TEST_STEP][PASSED] - Assert.assertEquals(Error message validation failed at row $i, replaceAll("[^a-zA-Z0-9 ]", "").trim(), replaceAll("[^a-zA-Z0-9 ]", "").trim()): null

01-04-2025T11:47:09 - [TEST_STEP][PASSED] - tap(findTestObject("Object Repository/Repo/android.widget.Button - reset"), 0): Tapped on element 'Object Repository/Repo/android.widget.Button - reset'

01-04-2025T11:47:09 - [MESSAGE][WARNING] - Timeout '0' is invalid. Using default page load timeout: '30'

01-04-2025T11:47:09 - [MESSAGE][PASSED] - Tapped on element 'Object Repository/Repo/android.widget.Button - reset'

01-04-2025T11:47:09 - [TEST_STEP][PASSED] - hideKeyboard(): Keyboard is hidden

01-04-2025T11:47:10 - [MESSAGE][PASSED] - Keyboard is hidden

01-04-2025T11:47:10 - [TEST_STEP][PASSED] - testTeamMemberEmailError(): null

01-04-2025T11:47:10 - [TEST_STEP][PASSED] - testData = findTestData("Data Files/C678"): null

01-04-2025T11:47:10 - [TEST_STEP][PASSED] - email1 = testData.getValue("email", 1): null

01-04-2025T11:47:10 - [TEST_STEP][PASSED] - email2 = testData.getValue("email", 2): null

01-04-2025T11:47:10 - [TEST_STEP][PASSED] - sendKeys(findTestObject("Object Repository/Repo/android.widget.EditText-LoginorSignUp"), email1): Send keys 'i@p.com' on test object 'Object Repository/Repo/android.widget.EditText-LoginorSignUp' successfully.

01-04-2025T11:47:11 - [MESSAGE][PASSED] - Send keys 'i@p.com' on test object 'Object Repository/Repo/android.widget.EditText-LoginorSignUp' successfully.

01-04-2025T11:47:11 - [TEST_STEP][PASSED] - delay(10): Delayed 10 second(s)

01-04-2025T11:47:21 - [MESSAGE][PASSED] - Delayed 10 second(s)

01-04-2025T11:47:21 - [TEST_STEP][PASSED] - tap(findTestObject("Object Repository/Repo/android.widget.Button - Next"), 0): Tapped on element 'Object Repository/Repo/android.widget.Button - Next'

01-04-2025T11:47:21 - [MESSAGE][WARNING] - Timeout '0' is invalid. Using default page load timeout: '30'

01-04-2025T11:47:22 - [MESSAGE][PASSED] - Tapped on element 'Object Repository/Repo/android.widget.Button - Next'

01-04-2025T11:47:22 - [TEST_STEP][PASSED] - delay(10): Delayed 10 second(s)

01-04-2025T11:47:32 - [MESSAGE][PASSED] - Delayed 10 second(s)

01-04-2025T11:47:32 - [TEST_STEP][PASSED] - tap(findTestObject("Object Repository/Repo/android.widget.Button - reset"), 0): Tapped on element 'Object Repository/Repo/android.widget.Button - reset'

01-04-2025T11:47:32 - [MESSAGE][WARNING] - Timeout '0' is invalid. Using default page load timeout: '30'

01-04-2025T11:47:32 - [MESSAGE][PASSED] - Tapped on element 'Object Repository/Repo/android.widget.Button - reset'

01-04-2025T11:47:32 - [TEST_STEP][PASSED] - hideKeyboard(): Keyboard is hidden

01-04-2025T11:47:33 - [MESSAGE][PASSED] - Keyboard is hidden

01-04-2025T11:47:33 - [TEST_STEP][PASSED] - delay(10): Delayed 10 second(s)

01-04-2025T11:47:43 - [MESSAGE][PASSED] - Delayed 10 second(s)

01-04-2025T11:47:43 - [TEST_STEP][PASSED] - sendKeys(findTestObject("Object Repository/Repo/android.widget.EditText -"), email2): Send keys 'wg@wgresorts.com' on test object 'Object Repository/Repo/android.widget.EditText -' successfully.

01-04-2025T11:47:43 - [MESSAGE][PASSED] - Send keys 'wg@wgresorts.com' on test object 'Object Repository/Repo/android.widget.EditText -' successfully.

01-04-2025T11:47:43 - [TEST_STEP][PASSED] - delay(10): Delayed 10 second(s)

01-04-2025T11:47:53 - [MESSAGE][PASSED] - Delayed 10 second(s)

01-04-2025T11:47:53 - [TEST_STEP][PASSED] - tap(findTestObject("Object Repository/Repo/android.widget.Button - Next (1)"), 0): Tapped on element 'Object Repository/Repo/android.widget.Button - Next (1)'

01-04-2025T11:47:53 - [MESSAGE][WARNING] - Timeout '0' is invalid. Using default page load timeout: '30'

01-04-2025T11:47:54 - [MESSAGE][PASSED] - Tapped on element 'Object Repository/Repo/android.widget.Button - Next (1)'

01-04-2025T11:47:54 - [TEST_STEP][PASSED] - delay(10): Delayed 10 second(s)

01-04-2025T11:48:04 - [MESSAGE][PASSED] - Delayed 10 second(s)

01-04-2025T11:48:04 - [TEST_STEP][PASSED] - actualText = getText(findTestObject("Object Repository/Repo/android.widget.TextView -  The email address used is a Team Member email address.  Please select Create Team Member Account below"), 0): Text of element 'Object Repository/Repo/android.widget.TextView -  The email address used is a Team Member email address.  Please select Create Team Member Account below' is: ' The email address used is a Team Member email address.  Please select Create Team Member Account below.
'

01-04-2025T11:48:04 - [MESSAGE][WARNING] - Timeout '0' is invalid. Using default page load timeout: '30'

01-04-2025T11:48:04 - [MESSAGE][PASSED] - Text of element 'Object Repository/Repo/android.widget.TextView -  The email address used is a Team Member email address.  Please select Create Team Member Account below' is: ' The email address used is a Team Member email address.  Please select Create Team Member Account below.
'

01-04-2025T11:48:04 - [TEST_STEP][PASSED] - expectedText = " The email address used is a Team Member email address.  Please select Create Team Member Account below.": null

01-04-2025T11:48:04 - [TEST_STEP][PASSED] - assert actualText.contains(expectedText): null

01-04-2025T11:48:04 - [TEST_STEP][PASSED] - tap(findTestObject("Object Repository/Repo/android.widget.Button - reset"), 0): Tapped on element 'Object Repository/Repo/android.widget.Button - reset'

01-04-2025T11:48:04 - [MESSAGE][WARNING] - Timeout '0' is invalid. Using default page load timeout: '30'

01-04-2025T11:48:04 - [MESSAGE][PASSED] - Tapped on element 'Object Repository/Repo/android.widget.Button - reset'

01-04-2025T11:48:04 - [TEST_STEP][PASSED] - hideKeyboard(): null

01-04-2025T11:48:05 - [MESSAGE][PASSED] - Keyboard is hidden

01-04-2025T11:48:05 - [TEST_STEP][PASSED] - testEmailAddressMismatch(): null

01-04-2025T11:48:05 - [TEST_STEP][PASSED] - testData = findTestData("Data Files/C679"): null

01-04-2025T11:48:05 - [TEST_STEP][PASSED] - email1 = testData.getValue("email", 1): null

01-04-2025T11:48:05 - [TEST_STEP][PASSED] - email2 = testData.getValue("email", 2): null

01-04-2025T11:48:05 - [TEST_STEP][PASSED] - sendKeys(findTestObject("Object Repository/Repo/android.widget.EditText-LoginorSignUp"), email1): Send keys 'vignesh@chn.com' on test object 'Object Repository/Repo/android.widget.EditText-LoginorSignUp' successfully.

01-04-2025T11:48:06 - [MESSAGE][PASSED] - Send keys 'vignesh@chn.com' on test object 'Object Repository/Repo/android.widget.EditText-LoginorSignUp' successfully.

01-04-2025T11:48:06 - [TEST_STEP][PASSED] - delay(10): Delayed 10 second(s)

01-04-2025T11:48:16 - [MESSAGE][PASSED] - Delayed 10 second(s)

01-04-2025T11:48:16 - [TEST_STEP][PASSED] - tap(findTestObject("Object Repository/Repo/android.widget.Button - Next"), 0): Tapped on element 'Object Repository/Repo/android.widget.Button - Next'

01-04-2025T11:48:16 - [MESSAGE][WARNING] - Timeout '0' is invalid. Using default page load timeout: '30'

01-04-2025T11:48:16 - [MESSAGE][PASSED] - Tapped on element 'Object Repository/Repo/android.widget.Button - Next'

01-04-2025T11:48:16 - [TEST_STEP][PASSED] - delay(20): Delayed 20 second(s)

01-04-2025T11:48:36 - [MESSAGE][PASSED] - Delayed 20 second(s)

01-04-2025T11:48:36 - [TEST_STEP][PASSED] - sendKeys(findTestObject("Object Repository/Repo/android.widget.EditText-confirm email address"), email2): Send keys 'Vignesh@c.com' on test object 'Object Repository/Repo/android.widget.EditText-confirm email address' successfully.

01-04-2025T11:48:36 - [MESSAGE][PASSED] - Send keys 'Vignesh@c.com' on test object 'Object Repository/Repo/android.widget.EditText-confirm email address' successfully.

01-04-2025T11:48:36 - [TEST_STEP][PASSED] - delay(10): Delayed 10 second(s)

01-04-2025T11:48:46 - [MESSAGE][PASSED] - Delayed 10 second(s)

01-04-2025T11:48:46 - [TEST_STEP][PASSED] - actualText = TextView -  Email addresses must match"), 0).trim(): Text of element 'Object Repository/Repo/android.widget.TextView -  Email addresses must match' is: ' Email addresses must match.
'

01-04-2025T11:48:46 - [MESSAGE][WARNING] - Timeout '0' is invalid. Using default page load timeout: '30'

01-04-2025T11:48:47 - [MESSAGE][PASSED] - Text of element 'Object Repository/Repo/android.widget.TextView -  Email addresses must match' is: ' Email addresses must match.
'

01-04-2025T11:48:47 - [TEST_STEP][PASSED] - expectedText = "Email addresses must match.": null

01-04-2025T11:48:47 - [TEST_STEP][PASSED] - assert actualText == expectedText: null

01-04-2025T11:48:47 - [TEST_STEP][PASSED] - tap(findTestObject("Object Repository/Repo/android.widget.Button - reset"), 0): Tapped on element 'Object Repository/Repo/android.widget.Button - reset'

01-04-2025T11:48:47 - [MESSAGE][WARNING] - Timeout '0' is invalid. Using default page load timeout: '30'

01-04-2025T11:48:47 - [MESSAGE][PASSED] - Tapped on element 'Object Repository/Repo/android.widget.Button - reset'

01-04-2025T11:48:47 - [TEST_STEP][PASSED] - hideKeyboard(): null

01-04-2025T11:48:47 - [MESSAGE][PASSED] - Keyboard is hidden

01-04-2025T11:48:47 - [TEST_STEP][PASSED] - testAlreadyUsedEmailAddress(): null

01-04-2025T11:48:47 - [TEST_STEP][PASSED] - excelData = findTestData("Data Files/C680"): null

01-04-2025T11:48:47 - [TEST_STEP][PASSED] - email1 = excelData.getValue("email", 1): null

01-04-2025T11:48:47 - [TEST_STEP][PASSED] - email2 = excelData.getValue("email", 2): null

01-04-2025T11:48:47 - [TEST_STEP][PASSED] - sendKeys(findTestObject("Object Repository/Repo/android.widget.EditText-LoginorSignUp"), email1): Send keys 'm@i.com' on test object 'Object Repository/Repo/android.widget.EditText-LoginorSignUp' successfully.

01-04-2025T11:48:48 - [MESSAGE][PASSED] - Send keys 'm@i.com' on test object 'Object Repository/Repo/android.widget.EditText-LoginorSignUp' successfully.

01-04-2025T11:48:48 - [TEST_STEP][PASSED] - delay(10): Delayed 10 second(s)

01-04-2025T11:48:58 - [MESSAGE][PASSED] - Delayed 10 second(s)

01-04-2025T11:48:58 - [TEST_STEP][PASSED] - tap(findTestObject("Object Repository/Repo/android.widget.Button - Next"), 0): Tapped on element 'Object Repository/Repo/android.widget.Button - Next'

01-04-2025T11:48:58 - [MESSAGE][WARNING] - Timeout '0' is invalid. Using default page load timeout: '30'

01-04-2025T11:48:59 - [MESSAGE][PASSED] - Tapped on element 'Object Repository/Repo/android.widget.Button - Next'

01-04-2025T11:48:59 - [TEST_STEP][PASSED] - delay(10): Delayed 10 second(s)

01-04-2025T11:49:09 - [MESSAGE][PASSED] - Delayed 10 second(s)

01-04-2025T11:49:09 - [TEST_STEP][PASSED] - tap(findTestObject("Object Repository/Repo/android.widget.Button - reset"), 0): Tapped on element 'Object Repository/Repo/android.widget.Button - reset'

01-04-2025T11:49:09 - [MESSAGE][WARNING] - Timeout '0' is invalid. Using default page load timeout: '30'

01-04-2025T11:49:09 - [MESSAGE][PASSED] - Tapped on element 'Object Repository/Repo/android.widget.Button - reset'

01-04-2025T11:49:09 - [TEST_STEP][PASSED] - hideKeyboard(): Keyboard is hidden

01-04-2025T11:49:10 - [MESSAGE][PASSED] - Keyboard is hidden

01-04-2025T11:49:10 - [TEST_STEP][PASSED] - delay(10): Delayed 10 second(s)

01-04-2025T11:49:20 - [MESSAGE][PASSED] - Delayed 10 second(s)

01-04-2025T11:49:20 - [TEST_STEP][PASSED] - sendKeys(findTestObject("Object Repository/Repo/android.widget.EditText-confirm email address"), email2): Send keys '03205179TM@WG.COM' on test object 'Object Repository/Repo/android.widget.EditText-confirm email address' successfully.

01-04-2025T11:49:20 - [MESSAGE][PASSED] - Send keys '03205179TM@WG.COM' on test object 'Object Repository/Repo/android.widget.EditText-confirm email address' successfully.

01-04-2025T11:49:20 - [TEST_STEP][PASSED] - delay(10): Delayed 10 second(s)

01-04-2025T11:49:30 - [MESSAGE][PASSED] - Delayed 10 second(s)

01-04-2025T11:49:30 - [TEST_STEP][PASSED] - tap(findTestObject("Object Repository/Repo/android.widget.EditText-confirm email address"), 0): Tapped on element 'Object Repository/Repo/android.widget.EditText-confirm email address'

01-04-2025T11:49:30 - [MESSAGE][WARNING] - Timeout '0' is invalid. Using default page load timeout: '30'

01-04-2025T11:49:31 - [MESSAGE][PASSED] - Tapped on element 'Object Repository/Repo/android.widget.EditText-confirm email address'

01-04-2025T11:49:31 - [TEST_STEP][PASSED] - hideKeyboard(): Keyboard is hidden

01-04-2025T11:49:32 - [MESSAGE][PASSED] - Keyboard is hidden

01-04-2025T11:49:32 - [TEST_STEP][PASSED] - delay(10): Delayed 10 second(s)

01-04-2025T11:49:42 - [MESSAGE][PASSED] - Delayed 10 second(s)

01-04-2025T11:49:42 - [TEST_STEP][PASSED] - actualText = getText(findTestObject("Object Repository/Repo/android.widget.TextView -  The email address is already in use"), 0): Text of element 'Object Repository/Repo/android.widget.TextView -  The email address is already in use' is: ''

01-04-2025T11:49:42 - [MESSAGE][WARNING] - Timeout '0' is invalid. Using default page load timeout: '30'

01-04-2025T11:49:42 - [MESSAGE][PASSED] - Text of element 'Object Repository/Repo/android.widget.TextView -  The email address is already in use' is: ''

01-04-2025T11:49:42 - [TEST_STEP][PASSED] - expectedText = " The email address is already in use.": null

01-04-2025T11:49:42 - [TEST_STEP][PASSED] - tap(findTestObject("Object Repository/Repo/android.widget.Button - reset"), 0): Tapped on element 'Object Repository/Repo/android.widget.Button - reset'

01-04-2025T11:49:42 - [MESSAGE][WARNING] - Timeout '0' is invalid. Using default page load timeout: '30'

01-04-2025T11:49:42 - [MESSAGE][PASSED] - Tapped on element 'Object Repository/Repo/android.widget.Button - reset'

01-04-2025T11:49:42 - [TEST_STEP][PASSED] - hideKeyboard(): null

01-04-2025T11:49:43 - [MESSAGE][PASSED] - Keyboard is hidden

01-04-2025T11:49:43 - [TEST_STEP][PASSED] - testCopyPasteEmailFunctionality(): null

01-04-2025T11:49:43 - [TEST_STEP][PASSED] - testData = findTestData("Data Files/C681"): null

01-04-2025T11:49:43 - [TEST_STEP][PASSED] - email1 = testData.getValue("email", 1): null

01-04-2025T11:49:43 - [TEST_STEP][PASSED] - sendKeys(findTestObject("Object Repository/Repo/android.widget.EditText-LoginorSignUp"), email1): Send keys 'b@k.com' on test object 'Object Repository/Repo/android.widget.EditText-LoginorSignUp' successfully.

01-04-2025T11:49:44 - [MESSAGE][PASSED] - Send keys 'b@k.com' on test object 'Object Repository/Repo/android.widget.EditText-LoginorSignUp' successfully.

01-04-2025T11:49:44 - [TEST_STEP][PASSED] - delay(10): Delayed 10 second(s)

01-04-2025T11:49:54 - [MESSAGE][PASSED] - Delayed 10 second(s)

01-04-2025T11:49:54 - [TEST_STEP][PASSED] - tap(findTestObject("Object Repository/Repo/android.widget.Button - Next (1)"), 0): Tapped on element 'Object Repository/Repo/android.widget.Button - Next (1)'

01-04-2025T11:49:54 - [MESSAGE][WARNING] - Timeout '0' is invalid. Using default page load timeout: '30'

01-04-2025T11:49:54 - [MESSAGE][PASSED] - Tapped on element 'Object Repository/Repo/android.widget.Button - Next (1)'

01-04-2025T11:49:54 - [TEST_STEP][PASSED] - delay(10): Delayed 10 second(s)

01-04-2025T11:50:04 - [MESSAGE][PASSED] - Delayed 10 second(s)

01-04-2025T11:50:04 - [TEST_STEP][FAILED] - try: Failed to wait for element ''{0}'' present (Root cause: com.kms.katalon.core.exception.StepFailedException: Failed to wait for element ''{0}'' present
	at com.kms.katalon.core.mobile.keyword.internal.MobileKeywordMain.stepFailed(MobileKeywordMain.groovy:64)
	at com.kms.katalon.core.mobile.keyword.internal.MobileKeywordMain.runKeyword(MobileKeywordMain.groovy:34)
	at com.kms.katalon.core.mobile.keyword.builtin.WaitForElementPresentKeyword.waitForElementPresent(WaitForElementPresentKeyword.groovy:77)
	at com.kms.katalon.core.mobile.keyword.builtin.WaitForElementPresentKeyword.execute(WaitForElementPresentKeyword.groovy:61)
	at com.kms.katalon.core.keyword.internal.KeywordExecutor.executeKeywordForPlatform(KeywordExecutor.groovy:74)
	at com.kms.katalon.core.mobile.keyword.MobileBuiltInKeywords.waitForElementPresent(MobileBuiltInKeywords.groovy:1660)
	at EmailValidationTests.testCopyPasteEmailFunctionality(Script1743084213202.groovy:139)
	at EmailValidationTests.runAllTests(Script1743084213202.groovy:207)
	at C660-C681_SignUpNewUserPage.run(C660-C681_SignUpNewUserPage:216)
	at com.kms.katalon.core.main.ScriptEngine.run(ScriptEngine.java:194)
	at com.kms.katalon.core.main.ScriptEngine.runScriptAsRawText(ScriptEngine.java:119)
	at com.kms.katalon.core.main.TestCaseExecutor.runScript(TestCaseExecutor.java:448)
	at com.kms.katalon.core.main.TestCaseExecutor.doExecute(TestCaseExecutor.java:439)
	at com.kms.katalon.core.main.TestCaseExecutor.processExecutionPhase(TestCaseExecutor.java:418)
	at com.kms.katalon.core.main.TestCaseExecutor.accessMainPhase(TestCaseExecutor.java:410)
	at com.kms.katalon.core.main.TestCaseExecutor.execute(TestCaseExecutor.java:285)
	at com.kms.katalon.core.common.CommonExecutor.accessTestCaseMainPhase(CommonExecutor.java:71)
	at com.kms.katalon.core.main.TestSuiteExecutor.accessTestSuiteMainPhase(TestSuiteExecutor.java:160)
	at com.kms.katalon.core.main.TestSuiteExecutor.execute(TestSuiteExecutor.java:107)
	at com.kms.katalon.core.main.TestCaseMain.startTestSuite(TestCaseMain.java:180)
	at TempTestSuite1743487689749.run(TempTestSuite1743487689749.groovy:35)
	at java.base/jdk.internal.reflect.NativeMethodAccessorImpl.invoke0(Native Method)
	at java.base/jdk.internal.reflect.NativeMethodAccessorImpl.invoke(NativeMethodAccessorImpl.java:77)
	at java.base/jdk.internal.reflect.DelegatingMethodAccessorImpl.invoke(DelegatingMethodAccessorImpl.java:43)
Caused by: java.lang.IllegalArgumentException: Object is null
	at com.kms.katalon.core.helper.KeywordHelper.checkTestObjectParameter(KeywordHelper.java:33)
	at com.kms.katalon.core.mobile.keyword.builtin.WaitForElementPresentKeyword$_waitForElementPresent_closure1.doCall(WaitForElementPresentKeyword.groovy:67)
	at com.kms.katalon.core.mobile.keyword.builtin.WaitForElementPresentKeyword$_waitForElementPresent_closure1.call(WaitForElementPresentKeyword.groovy)
	at com.kms.katalon.core.mobile.keyword.internal.MobileKeywordMain.runKeyword(MobileKeywordMain.groovy:30)
	at com.kms.katalon.core.mobile.keyword.builtin.WaitForElementPresentKeyword.waitForElementPresent(WaitForElementPresentKeyword.groovy:77)
	at com.kms.katalon.core.mobile.keyword.builtin.WaitForElementPresentKeyword.execute(WaitForElementPresentKeyword.groovy:61)
	at com.kms.katalon.core.keyword.internal.KeywordExecutor.executeKeywordForPlatform(KeywordExecutor.groovy:74)
	at com.kms.katalon.core.mobile.keyword.MobileBuiltInKeywords.waitForElementPresent(MobileBuiltInKeywords.groovy:1660)
	at EmailValidationTests.testCopyPasteEmailFunctionality(Script1743084213202.groovy:139)
	at EmailValidationTests.runAllTests(Script1743084213202.groovy:207)
	at Script1743084213202.run(Script1743084213202.groovy:216)
	... 15 more
)

01-04-2025T11:50:04 - [TEST_STEP][PASSED] - tap(findTestObject("Object Repository/Repo/android.widget.EditText-LoginorSignUp"), 0): Tapped on element 'Object Repository/Repo/android.widget.EditText-LoginorSignUp'

01-04-2025T11:50:04 - [MESSAGE][WARNING] - Timeout '0' is invalid. Using default page load timeout: '30'

01-04-2025T11:50:04 - [MESSAGE][PASSED] - Tapped on element 'Object Repository/Repo/android.widget.EditText-LoginorSignUp'

01-04-2025T11:50:04 - [TEST_STEP][PASSED] - tapAndHold(findTestObject("Object Repository/Repo/android.widget.EditText-LoginorSignUp"), 2, 0): Tapped and held on element 'Object Repository/Repo/android.widget.EditText-LoginorSignUp' with duration 2

01-04-2025T11:50:04 - [MESSAGE][WARNING] - Timeout '0' is invalid. Using default page load timeout: '30'

01-04-2025T11:50:07 - [MESSAGE][PASSED] - Tapped and held on element 'Object Repository/Repo/android.widget.EditText-LoginorSignUp' with duration 2

01-04-2025T11:50:08 - [TEST_STEP][PASSED] - delay(2): Delayed 2 second(s)

01-04-2025T11:50:10 - [MESSAGE][PASSED] - Delayed 2 second(s)

01-04-2025T11:50:10 - [TEST_STEP][FAILED] - if (waitForElementPresent(findTestObject("Object Repository/Repo/android.widget.TextView - Copy"), 3)): Failed to wait for element ''{0}'' present (Root cause: com.kms.katalon.core.exception.StepFailedException: Failed to wait for element ''{0}'' present
	at com.kms.katalon.core.mobile.keyword.internal.MobileKeywordMain.stepFailed(MobileKeywordMain.groovy:64)
	at com.kms.katalon.core.mobile.keyword.internal.MobileKeywordMain.runKeyword(MobileKeywordMain.groovy:34)
	at com.kms.katalon.core.mobile.keyword.builtin.WaitForElementPresentKeyword.waitForElementPresent(WaitForElementPresentKeyword.groovy:77)
	at com.kms.katalon.core.mobile.keyword.builtin.WaitForElementPresentKeyword.execute(WaitForElementPresentKeyword.groovy:61)
	at com.kms.katalon.core.keyword.internal.KeywordExecutor.executeKeywordForPlatform(KeywordExecutor.groovy:74)
	at com.kms.katalon.core.mobile.keyword.MobileBuiltInKeywords.waitForElementPresent(MobileBuiltInKeywords.groovy:1660)
	at EmailValidationTests.testCopyPasteEmailFunctionality(Script1743084213202.groovy:139)
	at EmailValidationTests.runAllTests(Script1743084213202.groovy:207)
	at C660-C681_SignUpNewUserPage.run(C660-C681_SignUpNewUserPage:216)
	at com.kms.katalon.core.main.ScriptEngine.run(ScriptEngine.java:194)
	at com.kms.katalon.core.main.ScriptEngine.runScriptAsRawText(ScriptEngine.java:119)
	at com.kms.katalon.core.main.TestCaseExecutor.runScript(TestCaseExecutor.java:448)
	at com.kms.katalon.core.main.TestCaseExecutor.doExecute(TestCaseExecutor.java:439)
	at com.kms.katalon.core.main.TestCaseExecutor.processExecutionPhase(TestCaseExecutor.java:418)
	at com.kms.katalon.core.main.TestCaseExecutor.accessMainPhase(TestCaseExecutor.java:410)
	at com.kms.katalon.core.main.TestCaseExecutor.execute(TestCaseExecutor.java:285)
	at com.kms.katalon.core.common.CommonExecutor.accessTestCaseMainPhase(CommonExecutor.java:71)
	at com.kms.katalon.core.main.TestSuiteExecutor.accessTestSuiteMainPhase(TestSuiteExecutor.java:160)
	at com.kms.katalon.core.main.TestSuiteExecutor.execute(TestSuiteExecutor.java:107)
	at com.kms.katalon.core.main.TestCaseMain.startTestSuite(TestCaseMain.java:180)
	at TempTestSuite1743487689749.run(TempTestSuite1743487689749.groovy:35)
	at java.base/jdk.internal.reflect.NativeMethodAccessorImpl.invoke0(Native Method)
	at java.base/jdk.internal.reflect.NativeMethodAccessorImpl.invoke(NativeMethodAccessorImpl.java:77)
	at java.base/jdk.internal.reflect.DelegatingMethodAccessorImpl.invoke(DelegatingMethodAccessorImpl.java:43)
Caused by: java.lang.IllegalArgumentException: Object is null
	at com.kms.katalon.core.helper.KeywordHelper.checkTestObjectParameter(KeywordHelper.java:33)
	at com.kms.katalon.core.mobile.keyword.builtin.WaitForElementPresentKeyword$_waitForElementPresent_closure1.doCall(WaitForElementPresentKeyword.groovy:67)
	at com.kms.katalon.core.mobile.keyword.builtin.WaitForElementPresentKeyword$_waitForElementPresent_closure1.call(WaitForElementPresentKeyword.groovy)
	at com.kms.katalon.core.mobile.keyword.internal.MobileKeywordMain.runKeyword(MobileKeywordMain.groovy:30)
	at com.kms.katalon.core.mobile.keyword.builtin.WaitForElementPresentKeyword.waitForElementPresent(WaitForElementPresentKeyword.groovy:77)
	at com.kms.katalon.core.mobile.keyword.builtin.WaitForElementPresentKeyword.execute(WaitForElementPresentKeyword.groovy:61)
	at com.kms.katalon.core.keyword.internal.KeywordExecutor.executeKeywordForPlatform(KeywordExecutor.groovy:74)
	at com.kms.katalon.core.mobile.keyword.MobileBuiltInKeywords.waitForElementPresent(MobileBuiltInKeywords.groovy:1660)
	at EmailValidationTests.testCopyPasteEmailFunctionality(Script1743084213202.groovy:139)
	at EmailValidationTests.runAllTests(Script1743084213202.groovy:207)
	at Script1743084213202.run(Script1743084213202.groovy:216)
	... 15 more
)

01-04-2025T11:50:10 - [MESSAGE][WARNING] - Test object with id 'Object Repository/Repo/android.widget.TextView - Copy' does not exist

01-04-2025T11:50:10 - [MESSAGE][WARNING] - Test object with id 'Object Repository/' does not exist

01-04-2025T11:50:11 - [MESSAGE][FAILED] - Failed to wait for element ''{0}'' present (Root cause: com.kms.katalon.core.exception.StepFailedException: Failed to wait for element ''{0}'' present
	at com.kms.katalon.core.mobile.keyword.internal.MobileKeywordMain.stepFailed(MobileKeywordMain.groovy:64)
	at com.kms.katalon.core.mobile.keyword.internal.MobileKeywordMain.runKeyword(MobileKeywordMain.groovy:34)
	at com.kms.katalon.core.mobile.keyword.builtin.WaitForElementPresentKeyword.waitForElementPresent(WaitForElementPresentKeyword.groovy:77)
	at com.kms.katalon.core.mobile.keyword.builtin.WaitForElementPresentKeyword.execute(WaitForElementPresentKeyword.groovy:61)
	at com.kms.katalon.core.keyword.internal.KeywordExecutor.executeKeywordForPlatform(KeywordExecutor.groovy:74)
	at com.kms.katalon.core.mobile.keyword.MobileBuiltInKeywords.waitForElementPresent(MobileBuiltInKeywords.groovy:1660)
	at EmailValidationTests.testCopyPasteEmailFunctionality(Script1743084213202.groovy:139)
	at EmailValidationTests.runAllTests(Script1743084213202.groovy:207)
	at C660-C681_SignUpNewUserPage.run(C660-C681_SignUpNewUserPage:216)
	at com.kms.katalon.core.main.ScriptEngine.run(ScriptEngine.java:194)
	at com.kms.katalon.core.main.ScriptEngine.runScriptAsRawText(ScriptEngine.java:119)
	at com.kms.katalon.core.main.TestCaseExecutor.runScript(TestCaseExecutor.java:448)
	at com.kms.katalon.core.main.TestCaseExecutor.doExecute(TestCaseExecutor.java:439)
	at com.kms.katalon.core.main.TestCaseExecutor.processExecutionPhase(TestCaseExecutor.java:418)
	at com.kms.katalon.core.main.TestCaseExecutor.accessMainPhase(TestCaseExecutor.java:410)
	at com.kms.katalon.core.main.TestCaseExecutor.execute(TestCaseExecutor.java:285)
	at com.kms.katalon.core.common.CommonExecutor.accessTestCaseMainPhase(CommonExecutor.java:71)
	at com.kms.katalon.core.main.TestSuiteExecutor.accessTestSuiteMainPhase(TestSuiteExecutor.java:160)
	at com.kms.katalon.core.main.TestSuiteExecutor.execute(TestSuiteExecutor.java:107)
	at com.kms.katalon.core.main.TestCaseMain.startTestSuite(TestCaseMain.java:180)
	at TempTestSuite1743487689749.run(TempTestSuite1743487689749.groovy:35)
	at java.base/jdk.internal.reflect.NativeMethodAccessorImpl.invoke0(Native Method)
	at java.base/jdk.internal.reflect.NativeMethodAccessorImpl.invoke(NativeMethodAccessorImpl.java:77)
	at java.base/jdk.internal.reflect.DelegatingMethodAccessorImpl.invoke(DelegatingMethodAccessorImpl.java:43)
Caused by: java.lang.IllegalArgumentException: Object is null
	at com.kms.katalon.core.helper.KeywordHelper.checkTestObjectParameter(KeywordHelper.java:33)
	at com.kms.katalon.core.mobile.keyword.builtin.WaitForElementPresentKeyword$_waitForElementPresent_closure1.doCall(WaitForElementPresentKeyword.groovy:67)
	at com.kms.katalon.core.mobile.keyword.builtin.WaitForElementPresentKeyword$_waitForElementPresent_closure1.call(WaitForElementPresentKeyword.groovy)
	at com.kms.katalon.core.mobile.keyword.internal.MobileKeywordMain.runKeyword(MobileKeywordMain.groovy:30)
	at com.kms.katalon.core.mobile.keyword.builtin.WaitForElementPresentKeyword.waitForElementPresent(WaitForElementPresentKeyword.groovy:77)
	at com.kms.katalon.core.mobile.keyword.builtin.WaitForElementPresentKeyword.execute(WaitForElementPresentKeyword.groovy:61)
	at com.kms.katalon.core.keyword.internal.KeywordExecutor.executeKeywordForPlatform(KeywordExecutor.groovy:74)
	at com.kms.katalon.core.mobile.keyword.MobileBuiltInKeywords.waitForElementPresent(MobileBuiltInKeywords.groovy:1660)
	at EmailValidationTests.testCopyPasteEmailFunctionality(Script1743084213202.groovy:139)
	at EmailValidationTests.runAllTests(Script1743084213202.groovy:207)
	at Script1743084213202.run(Script1743084213202.groovy:216)
	... 15 more
)
[[ATTACHMENT|/Users/gv.vignesh/Downloads/WGR-Android-Automation/Reports/20250401_113809/WRMA Android Regression/20250401_113809/1743488410038.png]]

01-04-2025T11:50:11 - [TEST_STEP][PASSED] - catch (com.kms.katalon.core.exception.StepFailedException e): null

01-04-2025T11:50:11 - [TEST_STEP][PASSED] - println("⚠️ Error occurred during copy: " + e.getMessage()): null

01-04-2025T11:50:11 - [TEST_STEP][FAILED] - try: Failed to tap on element 'Object Repository/Repo/android.widget.EditText-confirm email address' (Root cause: com.kms.katalon.core.exception.StepFailedException: Failed to tap on element 'Object Repository/Repo/android.widget.EditText-confirm email address'
	at com.kms.katalon.core.mobile.keyword.internal.MobileKeywordMain.stepFailed(MobileKeywordMain.groovy:64)
	at com.kms.katalon.core.mobile.keyword.internal.MobileKeywordMain.runKeyword(MobileKeywordMain.groovy:34)
	at com.kms.katalon.core.mobile.keyword.builtin.TapKeyword.tap(TapKeyword.groovy:51)
	at com.kms.katalon.core.mobile.keyword.builtin.TapKeyword.execute(TapKeyword.groovy:35)
	at com.kms.katalon.core.keyword.internal.KeywordExecutor.executeKeywordForPlatform(KeywordExecutor.groovy:74)
	at com.kms.katalon.core.mobile.keyword.MobileBuiltInKeywords.tap(MobileBuiltInKeywords.groovy:1461)
	at EmailValidationTests.testCopyPasteEmailFunctionality(Script1743084213202.groovy:150)
	at EmailValidationTests.runAllTests(Script1743084213202.groovy:207)
	at C660-C681_SignUpNewUserPage.run(C660-C681_SignUpNewUserPage:216)
	at com.kms.katalon.core.main.ScriptEngine.run(ScriptEngine.java:194)
	at com.kms.katalon.core.main.ScriptEngine.runScriptAsRawText(ScriptEngine.java:119)
	at com.kms.katalon.core.main.TestCaseExecutor.runScript(TestCaseExecutor.java:448)
	at com.kms.katalon.core.main.TestCaseExecutor.doExecute(TestCaseExecutor.java:439)
	at com.kms.katalon.core.main.TestCaseExecutor.processExecutionPhase(TestCaseExecutor.java:418)
	at com.kms.katalon.core.main.TestCaseExecutor.accessMainPhase(TestCaseExecutor.java:410)
	at com.kms.katalon.core.main.TestCaseExecutor.execute(TestCaseExecutor.java:285)
	at com.kms.katalon.core.common.CommonExecutor.accessTestCaseMainPhase(CommonExecutor.java:71)
	at com.kms.katalon.core.main.TestSuiteExecutor.accessTestSuiteMainPhase(TestSuiteExecutor.java:160)
	at com.kms.katalon.core.main.TestSuiteExecutor.execute(TestSuiteExecutor.java:107)
	at com.kms.katalon.core.main.TestCaseMain.startTestSuite(TestCaseMain.java:180)
	at TempTestSuite1743487689749.run(TempTestSuite1743487689749.groovy:35)
	at java.base/jdk.internal.reflect.NativeMethodAccessorImpl.invoke0(Native Method)
	at java.base/jdk.internal.reflect.NativeMethodAccessorImpl.invoke(NativeMethodAccessorImpl.java:77)
	at java.base/jdk.internal.reflect.DelegatingMethodAccessorImpl.invoke(DelegatingMethodAccessorImpl.java:43)
Caused by: com.kms.katalon.core.exception.StepFailedException: Object Object Repository/Repo/android.widget.EditText-confirm email address not found
	at com.kms.katalon.core.mobile.keyword.internal.MobileKeywordMain.stepFailed(MobileKeywordMain.groovy:64)
	at com.kms.katalon.core.mobile.keyword.builtin.TapKeyword$_tap_closure1.doCall(TapKeyword.groovy:46)
	at com.kms.katalon.core.mobile.keyword.builtin.TapKeyword$_tap_closure1.call(TapKeyword.groovy)
	at com.kms.katalon.core.mobile.keyword.internal.MobileKeywordMain.runKeyword(MobileKeywordMain.groovy:30)
	... 22 more
)

01-04-2025T11:50:11 - [TEST_STEP][FAILED] - tap(findTestObject("Object Repository/Repo/android.widget.EditText-confirm email address"), 0): Failed to tap on element 'Object Repository/Repo/android.widget.EditText-confirm email address' (Root cause: com.kms.katalon.core.exception.StepFailedException: Failed to tap on element 'Object Repository/Repo/android.widget.EditText-confirm email address'
	at com.kms.katalon.core.mobile.keyword.internal.MobileKeywordMain.stepFailed(MobileKeywordMain.groovy:64)
	at com.kms.katalon.core.mobile.keyword.internal.MobileKeywordMain.runKeyword(MobileKeywordMain.groovy:34)
	at com.kms.katalon.core.mobile.keyword.builtin.TapKeyword.tap(TapKeyword.groovy:51)
	at com.kms.katalon.core.mobile.keyword.builtin.TapKeyword.execute(TapKeyword.groovy:35)
	at com.kms.katalon.core.keyword.internal.KeywordExecutor.executeKeywordForPlatform(KeywordExecutor.groovy:74)
	at com.kms.katalon.core.mobile.keyword.MobileBuiltInKeywords.tap(MobileBuiltInKeywords.groovy:1461)
	at EmailValidationTests.testCopyPasteEmailFunctionality(Script1743084213202.groovy:150)
	at EmailValidationTests.runAllTests(Script1743084213202.groovy:207)
	at C660-C681_SignUpNewUserPage.run(C660-C681_SignUpNewUserPage:216)
	at com.kms.katalon.core.main.ScriptEngine.run(ScriptEngine.java:194)
	at com.kms.katalon.core.main.ScriptEngine.runScriptAsRawText(ScriptEngine.java:119)
	at com.kms.katalon.core.main.TestCaseExecutor.runScript(TestCaseExecutor.java:448)
	at com.kms.katalon.core.main.TestCaseExecutor.doExecute(TestCaseExecutor.java:439)
	at com.kms.katalon.core.main.TestCaseExecutor.processExecutionPhase(TestCaseExecutor.java:418)
	at com.kms.katalon.core.main.TestCaseExecutor.accessMainPhase(TestCaseExecutor.java:410)
	at com.kms.katalon.core.main.TestCaseExecutor.execute(TestCaseExecutor.java:285)
	at com.kms.katalon.core.common.CommonExecutor.accessTestCaseMainPhase(CommonExecutor.java:71)
	at com.kms.katalon.core.main.TestSuiteExecutor.accessTestSuiteMainPhase(TestSuiteExecutor.java:160)
	at com.kms.katalon.core.main.TestSuiteExecutor.execute(TestSuiteExecutor.java:107)
	at com.kms.katalon.core.main.TestCaseMain.startTestSuite(TestCaseMain.java:180)
	at TempTestSuite1743487689749.run(TempTestSuite1743487689749.groovy:35)
	at java.base/jdk.internal.reflect.NativeMethodAccessorImpl.invoke0(Native Method)
	at java.base/jdk.internal.reflect.NativeMethodAccessorImpl.invoke(NativeMethodAccessorImpl.java:77)
	at java.base/jdk.internal.reflect.DelegatingMethodAccessorImpl.invoke(DelegatingMethodAccessorImpl.java:43)
Caused by: com.kms.katalon.core.exception.StepFailedException: Object Object Repository/Repo/android.widget.EditText-confirm email address not found
	at com.kms.katalon.core.mobile.keyword.internal.MobileKeywordMain.stepFailed(MobileKeywordMain.groovy:64)
	at com.kms.katalon.core.mobile.keyword.builtin.TapKeyword$_tap_closure1.doCall(TapKeyword.groovy:46)
	at com.kms.katalon.core.mobile.keyword.builtin.TapKeyword$_tap_closure1.call(TapKeyword.groovy)
	at com.kms.katalon.core.mobile.keyword.internal.MobileKeywordMain.runKeyword(MobileKeywordMain.groovy:30)
	... 22 more
)

01-04-2025T11:50:11 - [MESSAGE][WARNING] - Timeout '0' is invalid. Using default page load timeout: '30'

01-04-2025T11:50:42 - [MESSAGE][FAILED] - Object Object Repository/Repo/android.widget.EditText-confirm email address not found (Root cause: com.kms.katalon.core.exception.StepFailedException: Object Object Repository/Repo/android.widget.EditText-confirm email address not found
	at com.kms.katalon.core.mobile.keyword.internal.MobileKeywordMain.stepFailed(MobileKeywordMain.groovy:64)
	at com.kms.katalon.core.mobile.keyword.builtin.TapKeyword$_tap_closure1.doCall(TapKeyword.groovy:46)
	at com.kms.katalon.core.mobile.keyword.builtin.TapKeyword$_tap_closure1.call(TapKeyword.groovy)
	at com.kms.katalon.core.mobile.keyword.internal.MobileKeywordMain.runKeyword(MobileKeywordMain.groovy:30)
	at com.kms.katalon.core.mobile.keyword.builtin.TapKeyword.tap(TapKeyword.groovy:51)
	at com.kms.katalon.core.mobile.keyword.builtin.TapKeyword.execute(TapKeyword.groovy:35)
	at com.kms.katalon.core.keyword.internal.KeywordExecutor.executeKeywordForPlatform(KeywordExecutor.groovy:74)
	at com.kms.katalon.core.mobile.keyword.MobileBuiltInKeywords.tap(MobileBuiltInKeywords.groovy:1461)
	at EmailValidationTests.testCopyPasteEmailFunctionality(Script1743084213202.groovy:150)
	at EmailValidationTests.runAllTests(Script1743084213202.groovy:207)
	at C660-C681_SignUpNewUserPage.run(C660-C681_SignUpNewUserPage:216)
	at com.kms.katalon.core.main.ScriptEngine.run(ScriptEngine.java:194)
	at com.kms.katalon.core.main.ScriptEngine.runScriptAsRawText(ScriptEngine.java:119)
	at com.kms.katalon.core.main.TestCaseExecutor.runScript(TestCaseExecutor.java:448)
	at com.kms.katalon.core.main.TestCaseExecutor.doExecute(TestCaseExecutor.java:439)
	at com.kms.katalon.core.main.TestCaseExecutor.processExecutionPhase(TestCaseExecutor.java:418)
	at com.kms.katalon.core.main.TestCaseExecutor.accessMainPhase(TestCaseExecutor.java:410)
	at com.kms.katalon.core.main.TestCaseExecutor.execute(TestCaseExecutor.java:285)
	at com.kms.katalon.core.common.CommonExecutor.accessTestCaseMainPhase(CommonExecutor.java:71)
	at com.kms.katalon.core.main.TestSuiteExecutor.accessTestSuiteMainPhase(TestSuiteExecutor.java:160)
	at com.kms.katalon.core.main.TestSuiteExecutor.execute(TestSuiteExecutor.java:107)
	at com.kms.katalon.core.main.TestCaseMain.startTestSuite(TestCaseMain.java:180)
	at TempTestSuite1743487689749.run(TempTestSuite1743487689749.groovy:35)
	at java.base/jdk.internal.reflect.NativeMethodAccessorImpl.invoke0(Native Method)
	at java.base/jdk.internal.reflect.NativeMethodAccessorImpl.invoke(NativeMethodAccessorImpl.java:77)
	at java.base/jdk.internal.reflect.DelegatingMethodAccessorImpl.invoke(DelegatingMethodAccessorImpl.java:43)
)
[[ATTACHMENT|/Users/gv.vignesh/Downloads/WGR-Android-Automation/Reports/20250401_113809/WRMA Android Regression/20250401_113809/1743488441553.png]]

01-04-2025T11:50:43 - [MESSAGE][FAILED] - Failed to tap on element 'Object Repository/Repo/android.widget.EditText-confirm email address' (Root cause: com.kms.katalon.core.exception.StepFailedException: Failed to tap on element 'Object Repository/Repo/android.widget.EditText-confirm email address'
	at com.kms.katalon.core.mobile.keyword.internal.MobileKeywordMain.stepFailed(MobileKeywordMain.groovy:64)
	at com.kms.katalon.core.mobile.keyword.internal.MobileKeywordMain.runKeyword(MobileKeywordMain.groovy:34)
	at com.kms.katalon.core.mobile.keyword.builtin.TapKeyword.tap(TapKeyword.groovy:51)
	at com.kms.katalon.core.mobile.keyword.builtin.TapKeyword.execute(TapKeyword.groovy:35)
	at com.kms.katalon.core.keyword.internal.KeywordExecutor.executeKeywordForPlatform(KeywordExecutor.groovy:74)
	at com.kms.katalon.core.mobile.keyword.MobileBuiltInKeywords.tap(MobileBuiltInKeywords.groovy:1461)
	at EmailValidationTests.testCopyPasteEmailFunctionality(Script1743084213202.groovy:150)
	at EmailValidationTests.runAllTests(Script1743084213202.groovy:207)
	at C660-C681_SignUpNewUserPage.run(C660-C681_SignUpNewUserPage:216)
	at com.kms.katalon.core.main.ScriptEngine.run(ScriptEngine.java:194)
	at com.kms.katalon.core.main.ScriptEngine.runScriptAsRawText(ScriptEngine.java:119)
	at com.kms.katalon.core.main.TestCaseExecutor.runScript(TestCaseExecutor.java:448)
	at com.kms.katalon.core.main.TestCaseExecutor.doExecute(TestCaseExecutor.java:439)
	at com.kms.katalon.core.main.TestCaseExecutor.processExecutionPhase(TestCaseExecutor.java:418)
	at com.kms.katalon.core.main.TestCaseExecutor.accessMainPhase(TestCaseExecutor.java:410)
	at com.kms.katalon.core.main.TestCaseExecutor.execute(TestCaseExecutor.java:285)
	at com.kms.katalon.core.common.CommonExecutor.accessTestCaseMainPhase(CommonExecutor.java:71)
	at com.kms.katalon.core.main.TestSuiteExecutor.accessTestSuiteMainPhase(TestSuiteExecutor.java:160)
	at com.kms.katalon.core.main.TestSuiteExecutor.execute(TestSuiteExecutor.java:107)
	at com.kms.katalon.core.main.TestCaseMain.startTestSuite(TestCaseMain.java:180)
	at TempTestSuite1743487689749.run(TempTestSuite1743487689749.groovy:35)
	at java.base/jdk.internal.reflect.NativeMethodAccessorImpl.invoke0(Native Method)
	at java.base/jdk.internal.reflect.NativeMethodAccessorImpl.invoke(NativeMethodAccessorImpl.java:77)
	at java.base/jdk.internal.reflect.DelegatingMethodAccessorImpl.invoke(DelegatingMethodAccessorImpl.java:43)
Caused by: com.kms.katalon.core.exception.StepFailedException: Object Object Repository/Repo/android.widget.EditText-confirm email address not found
	at com.kms.katalon.core.mobile.keyword.internal.MobileKeywordMain.stepFailed(MobileKeywordMain.groovy:64)
	at com.kms.katalon.core.mobile.keyword.builtin.TapKeyword$_tap_closure1.doCall(TapKeyword.groovy:46)
	at com.kms.katalon.core.mobile.keyword.builtin.TapKeyword$_tap_closure1.call(TapKeyword.groovy)
	at com.kms.katalon.core.mobile.keyword.internal.MobileKeywordMain.runKeyword(MobileKeywordMain.groovy:30)
	... 22 more
)
[[ATTACHMENT|/Users/gv.vignesh/Downloads/WGR-Android-Automation/Reports/20250401_113809/WRMA Android Regression/20250401_113809/1743488442711.png]]

01-04-2025T11:50:43 - [TEST_STEP][PASSED] - catch (com.kms.katalon.core.exception.StepFailedException e): null

01-04-2025T11:50:43 - [TEST_STEP][PASSED] - println("⚠️ Error occurred during paste: " + e.getMessage()): null

01-04-2025T11:50:43 - [TEST_STEP][PASSED] - tap(findTestObject("Object Repository/Repo/android.widget.Button - reset"), 0): Tapped on element 'Object Repository/Repo/android.widget.Button - reset'

01-04-2025T11:50:43 - [MESSAGE][WARNING] - Timeout '0' is invalid. Using default page load timeout: '30'

01-04-2025T11:50:44 - [MESSAGE][PASSED] - Tapped on element 'Object Repository/Repo/android.widget.Button - reset'

01-04-2025T11:50:44 - [TEST_STEP][PASSED] - hideKeyboard(): null

01-04-2025T11:50:45 - [MESSAGE][PASSED] - Keyboard is hidden

01-04-2025T11:50:45 - [TEST_STEP][PASSED] - testMultipleEmailsFunctionality(): null

01-04-2025T11:50:45 - [TEST_STEP][PASSED] - testData = findTestData("Data Files/Emails"): null

01-04-2025T11:50:45 - [TEST_STEP][PASSED] - email1 = testData.getValue("email", 1): null

01-04-2025T11:50:45 - [TEST_STEP][PASSED] - email2 = testData.getValue("email", 2): null

01-04-2025T11:50:45 - [TEST_STEP][PASSED] - sendKeys(findTestObject("Object Repository/Repo/android.widget.EditText-LoginorSignUp"), email1): Send keys 'c@y.com' on test object 'Object Repository/Repo/android.widget.EditText-LoginorSignUp' successfully.

01-04-2025T11:50:46 - [MESSAGE][PASSED] - Send keys 'c@y.com' on test object 'Object Repository/Repo/android.widget.EditText-LoginorSignUp' successfully.

01-04-2025T11:50:46 - [TEST_STEP][PASSED] - tap(findTestObject("Object Repository/Repo/android.widget.Button - Next (1)"), 10): Tapped on element 'Object Repository/Repo/android.widget.Button - Next (1)'

01-04-2025T11:50:47 - [MESSAGE][PASSED] - Tapped on element 'Object Repository/Repo/android.widget.Button - Next (1)'

01-04-2025T11:50:47 - [TEST_STEP][PASSED] - tap(findTestObject("Object Repository/Repo/android.widget.Button - reset"), 10): Tapped on element 'Object Repository/Repo/android.widget.Button - reset'

01-04-2025T11:50:47 - [MESSAGE][PASSED] - Tapped on element 'Object Repository/Repo/android.widget.Button - reset'

01-04-2025T11:50:47 - [TEST_STEP][PASSED] - hideKeyboard(): Keyboard is hidden

01-04-2025T11:50:48 - [MESSAGE][PASSED] - Keyboard is hidden

01-04-2025T11:50:48 - [TEST_STEP][PASSED] - sendKeys(findTestObject("Object Repository/Repo/android.widget.EditText-confirm email address"), email2): Send keys 'o.m' on test object 'Object Repository/Repo/android.widget.EditText-confirm email address' successfully.

01-04-2025T11:50:49 - [MESSAGE][PASSED] - Send keys 'o.m' on test object 'Object Repository/Repo/android.widget.EditText-confirm email address' successfully.

01-04-2025T11:50:49 - [TEST_STEP][PASSED] - delay(3): Delayed 3 second(s)

01-04-2025T11:50:52 - [MESSAGE][PASSED] - Delayed 3 second(s)

01-04-2025T11:50:52 - [TEST_STEP][PASSED] - tap(findTestObject("Object Repository/Repo/android.widget.EditText-confirm email address"), 10): Tapped on element 'Object Repository/Repo/android.widget.EditText-confirm email address'

01-04-2025T11:50:52 - [MESSAGE][PASSED] - Tapped on element 'Object Repository/Repo/android.widget.EditText-confirm email address'

01-04-2025T11:50:52 - [TEST_STEP][PASSED] - try: null

01-04-2025T11:50:52 - [TEST_STEP][PASSED] - testObject = findTestObject("Object Repository/Repo/android.widget.TextView - Invalid email format"): Test object with id 'Object Repository/Repo/android.widget.TextView - Invalid email format' does not exist

01-04-2025T11:50:52 - [MESSAGE][WARNING] - Test object with id 'Object Repository/Repo/android.widget.TextView - Invalid email format' does not exist

01-04-2025T11:50:52 - [TEST_STEP][PASSED] - if (testObject == null): null

01-04-2025T11:50:52 - [TEST_STEP][PASSED] - throw new java.lang.Exception(Test object 'Invalid email format' not found in the Object Repository.): null

01-04-2025T11:50:52 - [TEST_STEP][PASSED] - catch (Exception e): null

01-04-2025T11:50:52 - [TEST_STEP][PASSED] - println(❌ An error occurred: $e.getMessage()): null

01-04-2025T11:50:52 - [TEST_STEP][PASSED] - tap(findTestObject("Object Repository/Repo/android.widget.Button - reset"), 0): Tapped on element 'Object Repository/Repo/android.widget.Button - reset'

01-04-2025T11:50:52 - [MESSAGE][WARNING] - Timeout '0' is invalid. Using default page load timeout: '30'

01-04-2025T11:50:53 - [MESSAGE][PASSED] - Tapped on element 'Object Repository/Repo/android.widget.Button - reset'

01-04-2025T11:50:53 - [TEST_STEP][PASSED] - hideKeyboard(): Keyboard is hidden

01-04-2025T11:50:54 - [MESSAGE][PASSED] - Keyboard is hidden

01-04-2025T11:50:54 - [TEST_STEP][PASSED] - Finally: null

01-04-2025T11:50:54 - [TEST_STEP][PASSED] - cleanup(): null

01-04-2025T11:50:54 - [TEST_STEP][PASSED] - closeApplication(): Close app successfully

01-04-2025T11:50:57 - [MESSAGE][PASSED] - Close app successfully]]></system-out>
         <system-err><![CDATA[]]></system-err>
      </testcase>
      <testcase name="Test Cases/Sign Up New UserPage/C682-C688_SignUpNewUserPage" time="407.625" classname="Test Cases/Sign Up New UserPage/C682-C688_SignUpNewUserPage" status="PASSED">
         <system-out><![CDATA[01-04-2025T11:57:12 - [TEST_CASE][PASSED] - Test Cases/Sign Up New UserPage/C682-C688_SignUpNewUserPage: Test Cases/Sign Up New UserPage/C682-C688_SignUpNewUserPage

01-04-2025T11:57:12 - [TEST_STEP][PASSED] - startApplication("/Users/gv.vignesh/Downloads/WGR-Android-Automation/App Folder/universal.apk", true): Started application: '/Users/gv.vignesh/Downloads/WGR-Android-Automation/App Folder/universal.apk'

01-04-2025T11:57:12 - [MESSAGE][INFO] - Starting application: '/Users/gv.vignesh/Downloads/WGR-Android-Automation/App Folder/universal.apk'

01-04-2025T11:57:12 - [MESSAGE][INFO] - User set preference: ['deviceId', '']

01-04-2025T11:57:47 - [MESSAGE][PASSED] - Started application: '/Users/gv.vignesh/Downloads/WGR-Android-Automation/App Folder/universal.apk'

01-04-2025T11:57:47 - [TEST_STEP][PASSED] - delay(10): Delayed 10 second(s)

01-04-2025T11:57:57 - [MESSAGE][PASSED] - Delayed 10 second(s)

01-04-2025T11:57:57 - [TEST_STEP][PASSED] - tap(findTestObject("Object Repository/Repo/SignUpNewUser/android.widget.Button - Login or Sign Up"), 0): Tapped on element 'Object Repository/Repo/SignUpNewUser/android.widget.Button - Login or Sign Up'

01-04-2025T11:57:57 - [MESSAGE][WARNING] - Timeout '0' is invalid. Using default page load timeout: '30'

01-04-2025T11:57:58 - [MESSAGE][PASSED] - Tapped on element 'Object Repository/Repo/SignUpNewUser/android.widget.Button - Login or Sign Up'

01-04-2025T11:57:58 - [TEST_STEP][PASSED] - delay(10): Delayed 10 second(s)

01-04-2025T11:58:08 - [MESSAGE][PASSED] - Delayed 10 second(s)

01-04-2025T11:58:08 - [TEST_STEP][PASSED] - setText(findTestObject("Object Repository/Repo/SignUpNewUser/android.widget.EditText"), "johnson@yopmail.com", 0): Text 'johnson@yopmail.com' has been set to element 'Object Repository/Repo/SignUpNewUser/android.widget.EditText'

01-04-2025T11:58:08 - [MESSAGE][WARNING] - Timeout '0' is invalid. Using default page load timeout: '30'

01-04-2025T11:58:09 - [MESSAGE][PASSED] - Text 'johnson@yopmail.com' has been set to element 'Object Repository/Repo/SignUpNewUser/android.widget.EditText'

01-04-2025T11:58:09 - [TEST_STEP][PASSED] - delay(3): Delayed 3 second(s)

01-04-2025T11:58:12 - [MESSAGE][PASSED] - Delayed 3 second(s)

01-04-2025T11:58:12 - [TEST_STEP][PASSED] - hideKeyboard(): Keyboard is hidden

01-04-2025T11:58:13 - [MESSAGE][PASSED] - Keyboard is hidden

01-04-2025T11:58:13 - [TEST_STEP][PASSED] - delay(3): Delayed 3 second(s)

01-04-2025T11:58:16 - [MESSAGE][PASSED] - Delayed 3 second(s)

01-04-2025T11:58:16 - [TEST_STEP][PASSED] - tap(findTestObject("Object Repository/Repo/SignUpNewUser/android.widget.Button - Next"), 0): Tapped on element 'Object Repository/Repo/SignUpNewUser/android.widget.Button - Next'

01-04-2025T11:58:16 - [MESSAGE][WARNING] - Timeout '0' is invalid. Using default page load timeout: '30'

01-04-2025T11:58:16 - [MESSAGE][PASSED] - Tapped on element 'Object Repository/Repo/SignUpNewUser/android.widget.Button - Next'

01-04-2025T11:58:16 - [TEST_STEP][PASSED] - delay(3): Delayed 3 second(s)

01-04-2025T11:58:19 - [MESSAGE][PASSED] - Delayed 3 second(s)

01-04-2025T11:58:19 - [TEST_STEP][PASSED] - setText(findTestObject("Object Repository/Repo/SignUpNewUser/android.widget.EditText (1)"), "johnson@yopmail.com", 0): Text 'johnson@yopmail.com' has been set to element 'Object Repository/Repo/SignUpNewUser/android.widget.EditText (1)'

01-04-2025T11:58:19 - [MESSAGE][WARNING] - Timeout '0' is invalid. Using default page load timeout: '30'

01-04-2025T11:58:20 - [MESSAGE][PASSED] - Text 'johnson@yopmail.com' has been set to element 'Object Repository/Repo/SignUpNewUser/android.widget.EditText (1)'

01-04-2025T11:58:20 - [TEST_STEP][PASSED] - delay(3): Delayed 3 second(s)

01-04-2025T11:58:23 - [MESSAGE][PASSED] - Delayed 3 second(s)

01-04-2025T11:58:23 - [TEST_STEP][PASSED] - hideKeyboard(): Keyboard is hidden

01-04-2025T11:58:23 - [MESSAGE][PASSED] - Keyboard is hidden

01-04-2025T11:58:23 - [TEST_STEP][PASSED] - delay(3): Delayed 3 second(s)

01-04-2025T11:58:27 - [MESSAGE][PASSED] - Delayed 3 second(s)

01-04-2025T11:58:27 - [TEST_STEP][PASSED] - tap(findTestObject("Object Repository/Repo/SignUpNewUser/android.widget.Button - Next (1)"), 0): Tapped on element 'Object Repository/Repo/SignUpNewUser/android.widget.Button - Next (1)'

01-04-2025T11:58:27 - [MESSAGE][WARNING] - Timeout '0' is invalid. Using default page load timeout: '30'

01-04-2025T11:58:27 - [MESSAGE][PASSED] - Tapped on element 'Object Repository/Repo/SignUpNewUser/android.widget.Button - Next (1)'

01-04-2025T11:58:27 - [TEST_STEP][PASSED] - delay(3): Delayed 3 second(s)

01-04-2025T11:58:30 - [MESSAGE][PASSED] - Delayed 3 second(s)

01-04-2025T11:58:30 - [TEST_STEP][PASSED] - setText(findTestObject("Object Repository/Repo/SignUpNewUser/android.widget.EditText (2)"), "steve", 0): Text 'steve' has been set to element 'Object Repository/Repo/SignUpNewUser/android.widget.EditText (2)'

01-04-2025T11:58:30 - [MESSAGE][WARNING] - Timeout '0' is invalid. Using default page load timeout: '30'

01-04-2025T11:58:30 - [MESSAGE][PASSED] - Text 'steve' has been set to element 'Object Repository/Repo/SignUpNewUser/android.widget.EditText (2)'

01-04-2025T11:58:30 - [TEST_STEP][PASSED] - delay(3): Delayed 3 second(s)

01-04-2025T11:58:33 - [MESSAGE][PASSED] - Delayed 3 second(s)

01-04-2025T11:58:33 - [TEST_STEP][PASSED] - hideKeyboard(): Keyboard is hidden

01-04-2025T11:58:34 - [MESSAGE][PASSED] - Keyboard is hidden

01-04-2025T11:58:34 - [TEST_STEP][PASSED] - delay(3): Delayed 3 second(s)

01-04-2025T11:58:37 - [MESSAGE][PASSED] - Delayed 3 second(s)

01-04-2025T11:58:37 - [TEST_STEP][PASSED] - setText(findTestObject("Object Repository/Repo/SignUpNewUser/android.widget.EditText (3)"), "smith", 0): Text 'smith' has been set to element 'Object Repository/Repo/SignUpNewUser/android.widget.EditText (3)'

01-04-2025T11:58:37 - [MESSAGE][WARNING] - Timeout '0' is invalid. Using default page load timeout: '30'

01-04-2025T11:58:38 - [MESSAGE][PASSED] - Text 'smith' has been set to element 'Object Repository/Repo/SignUpNewUser/android.widget.EditText (3)'

01-04-2025T11:58:38 - [TEST_STEP][PASSED] - delay(3): Delayed 3 second(s)

01-04-2025T11:58:41 - [MESSAGE][PASSED] - Delayed 3 second(s)

01-04-2025T11:58:41 - [TEST_STEP][PASSED] - hideKeyboard(): Keyboard is hidden

01-04-2025T11:58:42 - [MESSAGE][PASSED] - Keyboard is hidden

01-04-2025T11:58:42 - [TEST_STEP][PASSED] - delay(3): Delayed 3 second(s)

01-04-2025T11:58:45 - [MESSAGE][PASSED] - Delayed 3 second(s)

01-04-2025T11:58:45 - [TEST_STEP][PASSED] - sendKeys(findTestObject("Object Repository/Repo/SignUpNewUser/android.widget.EditText (5)"), "pass"): Send keys 'pass' on test object 'Object Repository/Repo/SignUpNewUser/android.widget.EditText (5)' successfully.

01-04-2025T11:58:45 - [MESSAGE][PASSED] - Send keys 'pass' on test object 'Object Repository/Repo/SignUpNewUser/android.widget.EditText (5)' successfully.

01-04-2025T11:58:45 - [TEST_STEP][PASSED] - delay(3): Delayed 3 second(s)

01-04-2025T11:58:48 - [MESSAGE][PASSED] - Delayed 3 second(s)

01-04-2025T11:58:48 - [TEST_STEP][PASSED] - tap(findTestObject("Object Repository/Repo/SignUpNewUser/android.widget.TextView - Your password must be between 8 and 20 characters and may not contain spaces"), 0): Tapped on element 'Object Repository/Repo/SignUpNewUser/android.widget.TextView - Your password must be between 8 and 20 characters and may not contain spaces'

01-04-2025T11:58:48 - [MESSAGE][WARNING] - Timeout '0' is invalid. Using default page load timeout: '30'

01-04-2025T11:58:50 - [MESSAGE][PASSED] - Tapped on element 'Object Repository/Repo/SignUpNewUser/android.widget.TextView - Your password must be between 8 and 20 characters and may not contain spaces'

01-04-2025T11:58:50 - [TEST_STEP][PASSED] - delay(3): Delayed 3 second(s)

01-04-2025T11:58:53 - [MESSAGE][PASSED] - Delayed 3 second(s)

01-04-2025T11:58:53 - [TEST_STEP][PASSED] - verifyElementExist(findTestObject("Object Repository/Repo/SignUpNewUser/android.widget.TextView -  Password does not meet security requirements"), 0): Element 'Object Repository/Repo/SignUpNewUser/android.widget.TextView -  Password does not meet security requirements' is exist

01-04-2025T11:58:53 - [MESSAGE][WARNING] - Timeout '0' is invalid. Using default page load timeout: '30'

01-04-2025T11:58:54 - [MESSAGE][PASSED] - Element 'Object Repository/Repo/SignUpNewUser/android.widget.TextView -  Password does not meet security requirements' is exist

01-04-2025T11:58:54 - [TEST_STEP][PASSED] - delay(3): Delayed 3 second(s)

01-04-2025T11:58:57 - [MESSAGE][PASSED] - Delayed 3 second(s)

01-04-2025T11:58:57 - [TEST_STEP][PASSED] - tap(findTestObject("Object Repository/Repo/SignUpNewUser/android.widget.Button - back"), 0): Tapped on element 'Object Repository/Repo/SignUpNewUser/android.widget.Button - back'

01-04-2025T11:58:57 - [MESSAGE][WARNING] - Timeout '0' is invalid. Using default page load timeout: '30'

01-04-2025T11:58:57 - [MESSAGE][PASSED] - Tapped on element 'Object Repository/Repo/SignUpNewUser/android.widget.Button - back'

01-04-2025T11:58:57 - [TEST_STEP][PASSED] - delay(3): Delayed 3 second(s)

01-04-2025T11:59:00 - [MESSAGE][PASSED] - Delayed 3 second(s)

01-04-2025T11:59:00 - [TEST_STEP][PASSED] - setText(findTestObject("Object Repository/Repo/SignUpNewUser/android.widget.EditText (1)"), "johnson@yopmail.com", 0): Text 'johnson@yopmail.com' has been set to element 'Object Repository/Repo/SignUpNewUser/android.widget.EditText (1)'

01-04-2025T11:59:00 - [MESSAGE][WARNING] - Timeout '0' is invalid. Using default page load timeout: '30'

01-04-2025T11:59:01 - [MESSAGE][PASSED] - Text 'johnson@yopmail.com' has been set to element 'Object Repository/Repo/SignUpNewUser/android.widget.EditText (1)'

01-04-2025T11:59:01 - [TEST_STEP][PASSED] - delay(3): Delayed 3 second(s)

01-04-2025T11:59:04 - [MESSAGE][PASSED] - Delayed 3 second(s)

01-04-2025T11:59:04 - [TEST_STEP][PASSED] - hideKeyboard(): Keyboard is hidden

01-04-2025T11:59:04 - [MESSAGE][PASSED] - Keyboard is hidden

01-04-2025T11:59:04 - [TEST_STEP][PASSED] - delay(3): Delayed 3 second(s)

01-04-2025T11:59:07 - [MESSAGE][PASSED] - Delayed 3 second(s)

01-04-2025T11:59:07 - [TEST_STEP][PASSED] - tap(findTestObject("Object Repository/Repo/SignUpNewUser/android.widget.Button - Next (1)"), 0): Tapped on element 'Object Repository/Repo/SignUpNewUser/android.widget.Button - Next (1)'

01-04-2025T11:59:07 - [MESSAGE][WARNING] - Timeout '0' is invalid. Using default page load timeout: '30'

01-04-2025T11:59:08 - [MESSAGE][PASSED] - Tapped on element 'Object Repository/Repo/SignUpNewUser/android.widget.Button - Next (1)'

01-04-2025T11:59:08 - [TEST_STEP][PASSED] - delay(3): Delayed 3 second(s)

01-04-2025T11:59:11 - [MESSAGE][PASSED] - Delayed 3 second(s)

01-04-2025T11:59:11 - [TEST_STEP][PASSED] - setText(findTestObject("Object Repository/Repo/SignUpNewUser/android.widget.EditText (6)"), "steve", 0): Text 'steve' has been set to element 'Object Repository/Repo/SignUpNewUser/android.widget.EditText (6)'

01-04-2025T11:59:11 - [MESSAGE][WARNING] - Timeout '0' is invalid. Using default page load timeout: '30'

01-04-2025T11:59:11 - [MESSAGE][PASSED] - Text 'steve' has been set to element 'Object Repository/Repo/SignUpNewUser/android.widget.EditText (6)'

01-04-2025T11:59:11 - [TEST_STEP][PASSED] - delay(3): Delayed 3 second(s)

01-04-2025T11:59:14 - [MESSAGE][PASSED] - Delayed 3 second(s)

01-04-2025T11:59:14 - [TEST_STEP][PASSED] - hideKeyboard(): Keyboard is hidden

01-04-2025T11:59:15 - [MESSAGE][PASSED] - Keyboard is hidden

01-04-2025T11:59:15 - [TEST_STEP][PASSED] - delay(3): Delayed 3 second(s)

01-04-2025T11:59:18 - [MESSAGE][PASSED] - Delayed 3 second(s)

01-04-2025T11:59:18 - [TEST_STEP][PASSED] - setText(findTestObject("Object Repository/Repo/SignUpNewUser/android.widget.EditText (7)"), "smith", 0): Text 'smith' has been set to element 'Object Repository/Repo/SignUpNewUser/android.widget.EditText (7)'

01-04-2025T11:59:18 - [MESSAGE][WARNING] - Timeout '0' is invalid. Using default page load timeout: '30'

01-04-2025T11:59:19 - [MESSAGE][PASSED] - Text 'smith' has been set to element 'Object Repository/Repo/SignUpNewUser/android.widget.EditText (7)'

01-04-2025T11:59:19 - [TEST_STEP][PASSED] - delay(3): Delayed 3 second(s)

01-04-2025T11:59:22 - [MESSAGE][PASSED] - Delayed 3 second(s)

01-04-2025T11:59:22 - [TEST_STEP][PASSED] - hideKeyboard(): Keyboard is hidden

01-04-2025T11:59:23 - [MESSAGE][PASSED] - Keyboard is hidden

01-04-2025T11:59:23 - [TEST_STEP][PASSED] - delay(3): Delayed 3 second(s)

01-04-2025T11:59:26 - [MESSAGE][PASSED] - Delayed 3 second(s)

01-04-2025T11:59:26 - [TEST_STEP][PASSED] - sendKeys(findTestObject("Object Repository/Repo/SignUpNewUser/android.widget.EditText (8)"), "1234567890123456789012"): Send keys '1234567890123456789012' on test object 'Object Repository/Repo/SignUpNewUser/android.widget.EditText (8)' successfully.

01-04-2025T11:59:27 - [MESSAGE][PASSED] - Send keys '1234567890123456789012' on test object 'Object Repository/Repo/SignUpNewUser/android.widget.EditText (8)' successfully.

01-04-2025T11:59:27 - [TEST_STEP][PASSED] - delay(3): Delayed 3 second(s)

01-04-2025T11:59:30 - [MESSAGE][PASSED] - Delayed 3 second(s)

01-04-2025T11:59:30 - [TEST_STEP][PASSED] - tap(findTestObject("Object Repository/Repo/SignUpNewUser/android.widget.TextView - Your password must be between 8 and 20 characters and may not contain spaces"), 0): Tapped on element 'Object Repository/Repo/SignUpNewUser/android.widget.TextView - Your password must be between 8 and 20 characters and may not contain spaces'

01-04-2025T11:59:30 - [MESSAGE][WARNING] - Timeout '0' is invalid. Using default page load timeout: '30'

01-04-2025T11:59:30 - [MESSAGE][PASSED] - Tapped on element 'Object Repository/Repo/SignUpNewUser/android.widget.TextView - Your password must be between 8 and 20 characters and may not contain spaces'

01-04-2025T11:59:30 - [TEST_STEP][PASSED] - delay(3): Delayed 3 second(s)

01-04-2025T11:59:33 - [MESSAGE][PASSED] - Delayed 3 second(s)

01-04-2025T11:59:33 - [TEST_STEP][PASSED] - tap(findTestObject("Object Repository/Repo/SignUpNewUser/android.widget.TextView - Confirm Password"), 0): Tapped on element 'Object Repository/Repo/SignUpNewUser/android.widget.TextView - Confirm Password'

01-04-2025T11:59:33 - [MESSAGE][WARNING] - Timeout '0' is invalid. Using default page load timeout: '30'

01-04-2025T11:59:33 - [MESSAGE][PASSED] - Tapped on element 'Object Repository/Repo/SignUpNewUser/android.widget.TextView - Confirm Password'

01-04-2025T11:59:33 - [TEST_STEP][PASSED] - delay(3): Delayed 3 second(s)

01-04-2025T11:59:36 - [MESSAGE][PASSED] - Delayed 3 second(s)

01-04-2025T11:59:36 - [TEST_STEP][PASSED] - tap(findTestObject("Object Repository/Repo/SignUpNewUser/android.widget.TextView - Confirm Password"), 0): Tapped on element 'Object Repository/Repo/SignUpNewUser/android.widget.TextView - Confirm Password'

01-04-2025T11:59:36 - [MESSAGE][WARNING] - Timeout '0' is invalid. Using default page load timeout: '30'

01-04-2025T11:59:37 - [MESSAGE][PASSED] - Tapped on element 'Object Repository/Repo/SignUpNewUser/android.widget.TextView - Confirm Password'

01-04-2025T11:59:37 - [TEST_STEP][PASSED] - delay(3): Delayed 3 second(s)

01-04-2025T11:59:40 - [MESSAGE][PASSED] - Delayed 3 second(s)

01-04-2025T11:59:40 - [TEST_STEP][PASSED] - sendKeys(findTestObject("Object Repository/Repo/SignUpNewUser/android.widget.EditText (9)"), "1234567890123456789012"): Send keys '1234567890123456789012' on test object 'Object Repository/Repo/SignUpNewUser/android.widget.EditText (9)' successfully.

01-04-2025T11:59:40 - [MESSAGE][PASSED] - Send keys '1234567890123456789012' on test object 'Object Repository/Repo/SignUpNewUser/android.widget.EditText (9)' successfully.

01-04-2025T11:59:40 - [TEST_STEP][PASSED] - delay(3): Delayed 3 second(s)

01-04-2025T11:59:43 - [MESSAGE][PASSED] - Delayed 3 second(s)

01-04-2025T11:59:43 - [TEST_STEP][PASSED] - tap(findTestObject("Object Repository/Repo/SignUpNewUser/android.widget.TextView - Confirm Password"), 0): Tapped on element 'Object Repository/Repo/SignUpNewUser/android.widget.TextView - Confirm Password'

01-04-2025T11:59:43 - [MESSAGE][WARNING] - Timeout '0' is invalid. Using default page load timeout: '30'

01-04-2025T11:59:43 - [MESSAGE][PASSED] - Tapped on element 'Object Repository/Repo/SignUpNewUser/android.widget.TextView - Confirm Password'

01-04-2025T11:59:43 - [TEST_STEP][PASSED] - delay(3): Delayed 3 second(s)

01-04-2025T11:59:46 - [MESSAGE][PASSED] - Delayed 3 second(s)

01-04-2025T11:59:46 - [TEST_STEP][PASSED] - tap(findTestObject("Object Repository/Repo/SignUpNewUser/android.widget.Image"), 0): Tapped on element 'Object Repository/Repo/SignUpNewUser/android.widget.Image'

01-04-2025T11:59:46 - [MESSAGE][WARNING] - Timeout '0' is invalid. Using default page load timeout: '30'

01-04-2025T11:59:46 - [MESSAGE][PASSED] - Tapped on element 'Object Repository/Repo/SignUpNewUser/android.widget.Image'

01-04-2025T11:59:46 - [TEST_STEP][PASSED] - delay(3): Delayed 3 second(s)

01-04-2025T11:59:49 - [MESSAGE][PASSED] - Delayed 3 second(s)

01-04-2025T11:59:49 - [TEST_STEP][PASSED] - tap(findTestObject("Object Repository/Repo/SignUpNewUser/android.widget.TextView - Your password must be between 8 and 20 characters and may not contain spaces"), 0): Tapped on element 'Object Repository/Repo/SignUpNewUser/android.widget.TextView - Your password must be between 8 and 20 characters and may not contain spaces'

01-04-2025T11:59:49 - [MESSAGE][WARNING] - Timeout '0' is invalid. Using default page load timeout: '30'

01-04-2025T11:59:50 - [MESSAGE][PASSED] - Tapped on element 'Object Repository/Repo/SignUpNewUser/android.widget.TextView - Your password must be between 8 and 20 characters and may not contain spaces'

01-04-2025T11:59:50 - [TEST_STEP][PASSED] - delay(3): Delayed 3 second(s)

01-04-2025T11:59:53 - [MESSAGE][PASSED] - Delayed 3 second(s)

01-04-2025T11:59:53 - [TEST_STEP][PASSED] - tap(findTestObject("Object Repository/Repo/SignUpNewUser/android.widget.TextView - Confirm Password"), 0): Tapped on element 'Object Repository/Repo/SignUpNewUser/android.widget.TextView - Confirm Password'

01-04-2025T11:59:53 - [MESSAGE][WARNING] - Timeout '0' is invalid. Using default page load timeout: '30'

01-04-2025T11:59:53 - [MESSAGE][PASSED] - Tapped on element 'Object Repository/Repo/SignUpNewUser/android.widget.TextView - Confirm Password'

01-04-2025T11:59:53 - [TEST_STEP][PASSED] - delay(3): Delayed 3 second(s)

01-04-2025T11:59:56 - [MESSAGE][PASSED] - Delayed 3 second(s)

01-04-2025T11:59:56 - [TEST_STEP][PASSED] - tap(findTestObject("Object Repository/Repo/SignUpNewUser/android.widget.Image"), 0): Tapped on element 'Object Repository/Repo/SignUpNewUser/android.widget.Image'

01-04-2025T11:59:56 - [MESSAGE][WARNING] - Timeout '0' is invalid. Using default page load timeout: '30'

01-04-2025T11:59:56 - [MESSAGE][PASSED] - Tapped on element 'Object Repository/Repo/SignUpNewUser/android.widget.Image'

01-04-2025T11:59:56 - [TEST_STEP][PASSED] - delay(3): Delayed 3 second(s)

01-04-2025T11:59:59 - [MESSAGE][PASSED] - Delayed 3 second(s)

01-04-2025T11:59:59 - [TEST_STEP][PASSED] - tap(findTestObject("Object Repository/Repo/SignUpNewUser/android.view.View"), 0): Tapped on element 'Object Repository/Repo/SignUpNewUser/android.view.View'

01-04-2025T11:59:59 - [MESSAGE][WARNING] - Timeout '0' is invalid. Using default page load timeout: '30'

01-04-2025T12:00:00 - [MESSAGE][PASSED] - Tapped on element 'Object Repository/Repo/SignUpNewUser/android.view.View'

01-04-2025T12:00:00 - [TEST_STEP][PASSED] - delay(3): Delayed 3 second(s)

01-04-2025T12:00:03 - [MESSAGE][PASSED] - Delayed 3 second(s)

01-04-2025T12:00:03 - [TEST_STEP][PASSED] - tap(findTestObject("Object Repository/Repo/SignUpNewUser/android.widget.TextView - Your password must be between 8 and 20 characters and may not contain spaces"), 0): Tapped on element 'Object Repository/Repo/SignUpNewUser/android.widget.TextView - Your password must be between 8 and 20 characters and may not contain spaces'

01-04-2025T12:00:03 - [MESSAGE][WARNING] - Timeout '0' is invalid. Using default page load timeout: '30'

01-04-2025T12:00:31 - [MESSAGE][PASSED] - Tapped on element 'Object Repository/Repo/SignUpNewUser/android.widget.TextView - Your password must be between 8 and 20 characters and may not contain spaces'

01-04-2025T12:00:31 - [TEST_STEP][PASSED] - delay(3): Delayed 3 second(s)

01-04-2025T12:00:34 - [MESSAGE][PASSED] - Delayed 3 second(s)

01-04-2025T12:00:34 - [TEST_STEP][PASSED] - sendKeys(findTestObject("Object Repository/Repo/SignUpNewUser/android.widget.EditText - 1234567890123456789012"), "1234567890123456789012"): Send keys '1234567890123456789012' on test object 'Object Repository/Repo/SignUpNewUser/android.widget.EditText - 1234567890123456789012' successfully.

01-04-2025T12:00:34 - [MESSAGE][PASSED] - Send keys '1234567890123456789012' on test object 'Object Repository/Repo/SignUpNewUser/android.widget.EditText - 1234567890123456789012' successfully.

01-04-2025T12:00:34 - [TEST_STEP][PASSED] - delay(3): Delayed 3 second(s)

01-04-2025T12:00:37 - [MESSAGE][PASSED] - Delayed 3 second(s)

01-04-2025T12:00:37 - [TEST_STEP][PASSED] - tap(findTestObject("Object Repository/Repo/SignUpNewUser/android.widget.TextView - Your password must be between 8 and 20 characters and may not contain spaces"), 0): Tapped on element 'Object Repository/Repo/SignUpNewUser/android.widget.TextView - Your password must be between 8 and 20 characters and may not contain spaces'

01-04-2025T12:00:37 - [MESSAGE][WARNING] - Timeout '0' is invalid. Using default page load timeout: '30'

01-04-2025T12:00:37 - [MESSAGE][PASSED] - Tapped on element 'Object Repository/Repo/SignUpNewUser/android.widget.TextView - Your password must be between 8 and 20 characters and may not contain spaces'

01-04-2025T12:00:37 - [TEST_STEP][PASSED] - delay(3): Delayed 3 second(s)

01-04-2025T12:00:40 - [MESSAGE][PASSED] - Delayed 3 second(s)

01-04-2025T12:00:40 - [TEST_STEP][PASSED] - tap(findTestObject("Object Repository/Repo/SignUpNewUser/android.widget.TextView - Confirm Password"), 0): Tapped on element 'Object Repository/Repo/SignUpNewUser/android.widget.TextView - Confirm Password'

01-04-2025T12:00:40 - [MESSAGE][WARNING] - Timeout '0' is invalid. Using default page load timeout: '30'

01-04-2025T12:00:40 - [MESSAGE][PASSED] - Tapped on element 'Object Repository/Repo/SignUpNewUser/android.widget.TextView - Confirm Password'

01-04-2025T12:00:40 - [TEST_STEP][PASSED] - delay(3): Delayed 3 second(s)

01-04-2025T12:00:43 - [MESSAGE][PASSED] - Delayed 3 second(s)

01-04-2025T12:00:43 - [TEST_STEP][PASSED] - tap(findTestObject("Object Repository/Repo/SignUpNewUser/android.widget.Image"), 0): Tapped on element 'Object Repository/Repo/SignUpNewUser/android.widget.Image'

01-04-2025T12:00:43 - [MESSAGE][WARNING] - Timeout '0' is invalid. Using default page load timeout: '30'

01-04-2025T12:00:44 - [MESSAGE][PASSED] - Tapped on element 'Object Repository/Repo/SignUpNewUser/android.widget.Image'

01-04-2025T12:00:44 - [TEST_STEP][PASSED] - delay(3): Delayed 3 second(s)

01-04-2025T12:00:47 - [MESSAGE][PASSED] - Delayed 3 second(s)

01-04-2025T12:00:47 - [TEST_STEP][PASSED] - tap(findTestObject("Object Repository/Repo/SignUpNewUser/android.widget.Image"), 0): Tapped on element 'Object Repository/Repo/SignUpNewUser/android.widget.Image'

01-04-2025T12:00:47 - [MESSAGE][WARNING] - Timeout '0' is invalid. Using default page load timeout: '30'

01-04-2025T12:00:47 - [MESSAGE][PASSED] - Tapped on element 'Object Repository/Repo/SignUpNewUser/android.widget.Image'

01-04-2025T12:00:47 - [TEST_STEP][PASSED] - delay(3): Delayed 3 second(s)

01-04-2025T12:00:50 - [MESSAGE][PASSED] - Delayed 3 second(s)

01-04-2025T12:00:50 - [TEST_STEP][PASSED] - tap(findTestObject("Object Repository/Repo/SignUpNewUser/android.view.View (1)"), 0): Tapped on element 'Object Repository/Repo/SignUpNewUser/android.view.View (1)'

01-04-2025T12:00:50 - [MESSAGE][WARNING] - Timeout '0' is invalid. Using default page load timeout: '30'

01-04-2025T12:00:50 - [MESSAGE][PASSED] - Tapped on element 'Object Repository/Repo/SignUpNewUser/android.view.View (1)'

01-04-2025T12:00:50 - [TEST_STEP][PASSED] - delay(3): Delayed 3 second(s)

01-04-2025T12:00:53 - [MESSAGE][PASSED] - Delayed 3 second(s)

01-04-2025T12:00:53 - [TEST_STEP][PASSED] - sendKeys(findTestObject("Object Repository/Repo/SignUpNewUser/android.widget.EditText - 1234567890123456789012 (1)"), "1234567890123456789012"): Send keys '1234567890123456789012' on test object 'Object Repository/Repo/SignUpNewUser/android.widget.EditText - 1234567890123456789012 (1)' successfully.

01-04-2025T12:00:56 - [MESSAGE][PASSED] - Send keys '1234567890123456789012' on test object 'Object Repository/Repo/SignUpNewUser/android.widget.EditText - 1234567890123456789012 (1)' successfully.

01-04-2025T12:00:56 - [TEST_STEP][PASSED] - delay(3): Delayed 3 second(s)

01-04-2025T12:00:59 - [MESSAGE][PASSED] - Delayed 3 second(s)

01-04-2025T12:00:59 - [TEST_STEP][PASSED] - tap(findTestObject("Object Repository/Repo/SignUpNewUser/android.widget.TextView - Your password must be between 8 and 20 characters and may not contain spaces"), 0): Tapped on element 'Object Repository/Repo/SignUpNewUser/android.widget.TextView - Your password must be between 8 and 20 characters and may not contain spaces'

01-04-2025T12:00:59 - [MESSAGE][WARNING] - Timeout '0' is invalid. Using default page load timeout: '30'

01-04-2025T12:01:00 - [MESSAGE][PASSED] - Tapped on element 'Object Repository/Repo/SignUpNewUser/android.widget.TextView - Your password must be between 8 and 20 characters and may not contain spaces'

01-04-2025T12:01:00 - [TEST_STEP][PASSED] - delay(3): Delayed 3 second(s)

01-04-2025T12:01:03 - [MESSAGE][PASSED] - Delayed 3 second(s)

01-04-2025T12:01:03 - [TEST_STEP][PASSED] - tap(findTestObject("Object Repository/Repo/SignUpNewUser/android.widget.Image (1)"), 0): Tapped on element 'Object Repository/Repo/SignUpNewUser/android.widget.Image (1)'

01-04-2025T12:01:03 - [MESSAGE][WARNING] - Timeout '0' is invalid. Using default page load timeout: '30'

01-04-2025T12:01:03 - [MESSAGE][PASSED] - Tapped on element 'Object Repository/Repo/SignUpNewUser/android.widget.Image (1)'

01-04-2025T12:01:03 - [TEST_STEP][PASSED] - delay(3): Delayed 3 second(s)

01-04-2025T12:01:06 - [MESSAGE][PASSED] - Delayed 3 second(s)

01-04-2025T12:01:06 - [TEST_STEP][PASSED] - sendKeys(findTestObject("Object Repository/Repo/SignUpNewUser/android.widget.EditText - 1234567890123456789012 (2)"), "1234567890123456789012"): Send keys '1234567890123456789012' on test object 'Object Repository/Repo/SignUpNewUser/android.widget.EditText - 1234567890123456789012 (2)' successfully.

01-04-2025T12:01:06 - [MESSAGE][PASSED] - Send keys '1234567890123456789012' on test object 'Object Repository/Repo/SignUpNewUser/android.widget.EditText - 1234567890123456789012 (2)' successfully.

01-04-2025T12:01:06 - [TEST_STEP][PASSED] - delay(3): Delayed 3 second(s)

01-04-2025T12:01:09 - [MESSAGE][PASSED] - Delayed 3 second(s)

01-04-2025T12:01:09 - [TEST_STEP][PASSED] - tap(findTestObject("Object Repository/Repo/SignUpNewUser/android.widget.TextView - Your password must be between 8 and 20 characters and may not contain spaces"), 0): Tapped on element 'Object Repository/Repo/SignUpNewUser/android.widget.TextView - Your password must be between 8 and 20 characters and may not contain spaces'

01-04-2025T12:01:09 - [MESSAGE][WARNING] - Timeout '0' is invalid. Using default page load timeout: '30'

01-04-2025T12:01:10 - [MESSAGE][PASSED] - Tapped on element 'Object Repository/Repo/SignUpNewUser/android.widget.TextView - Your password must be between 8 and 20 characters and may not contain spaces'

01-04-2025T12:01:10 - [TEST_STEP][PASSED] - delay(3): Delayed 3 second(s)

01-04-2025T12:01:13 - [MESSAGE][PASSED] - Delayed 3 second(s)

01-04-2025T12:01:13 - [TEST_STEP][PASSED] - tap(findTestObject("Object Repository/Repo/SignUpNewUser/android.widget.TextView - Account Email Address"), 0): Tapped on element 'Object Repository/Repo/SignUpNewUser/android.widget.TextView - Account Email Address'

01-04-2025T12:01:13 - [MESSAGE][WARNING] - Timeout '0' is invalid. Using default page load timeout: '30'

01-04-2025T12:01:13 - [MESSAGE][PASSED] - Tapped on element 'Object Repository/Repo/SignUpNewUser/android.widget.TextView - Account Email Address'

01-04-2025T12:01:13 - [TEST_STEP][PASSED] - delay(3): Delayed 3 second(s)

01-04-2025T12:01:16 - [MESSAGE][PASSED] - Delayed 3 second(s)

01-04-2025T12:01:16 - [TEST_STEP][PASSED] - tap(findTestObject("Object Repository/Repo/SignUpNewUser/android.widget.TextView - Your password must be between 8 and 20 characters and may not contain spaces"), 0): Tapped on element 'Object Repository/Repo/SignUpNewUser/android.widget.TextView - Your password must be between 8 and 20 characters and may not contain spaces'

01-04-2025T12:01:16 - [MESSAGE][WARNING] - Timeout '0' is invalid. Using default page load timeout: '30'

01-04-2025T12:01:16 - [MESSAGE][PASSED] - Tapped on element 'Object Repository/Repo/SignUpNewUser/android.widget.TextView - Your password must be between 8 and 20 characters and may not contain spaces'

01-04-2025T12:01:16 - [TEST_STEP][PASSED] - delay(3): Delayed 3 second(s)

01-04-2025T12:01:19 - [MESSAGE][PASSED] - Delayed 3 second(s)

01-04-2025T12:01:19 - [TEST_STEP][PASSED] - tap(findTestObject("Object Repository/Repo/SignUpNewUser/android.widget.Image"), 0): Tapped on element 'Object Repository/Repo/SignUpNewUser/android.widget.Image'

01-04-2025T12:01:19 - [MESSAGE][WARNING] - Timeout '0' is invalid. Using default page load timeout: '30'

01-04-2025T12:01:20 - [MESSAGE][PASSED] - Tapped on element 'Object Repository/Repo/SignUpNewUser/android.widget.Image'

01-04-2025T12:01:20 - [TEST_STEP][PASSED] - delay(3): Delayed 3 second(s)

01-04-2025T12:01:23 - [MESSAGE][PASSED] - Delayed 3 second(s)

01-04-2025T12:01:23 - [TEST_STEP][PASSED] - sendKeys(findTestObject("Object Repository/Repo/SignUpNewUser/android.widget.EditText - 1234567890123456789012"), "1234567890123456789012"): Send keys '1234567890123456789012' on test object 'Object Repository/Repo/SignUpNewUser/android.widget.EditText - 1234567890123456789012' successfully.

01-04-2025T12:01:23 - [MESSAGE][PASSED] - Send keys '1234567890123456789012' on test object 'Object Repository/Repo/SignUpNewUser/android.widget.EditText - 1234567890123456789012' successfully.

01-04-2025T12:01:23 - [TEST_STEP][PASSED] - delay(3): Delayed 3 second(s)

01-04-2025T12:01:26 - [MESSAGE][PASSED] - Delayed 3 second(s)

01-04-2025T12:01:26 - [TEST_STEP][PASSED] - tap(findTestObject("Object Repository/Repo/SignUpNewUser/android.widget.TextView - Your password must be between 8 and 20 characters and may not contain spaces"), 0): Tapped on element 'Object Repository/Repo/SignUpNewUser/android.widget.TextView - Your password must be between 8 and 20 characters and may not contain spaces'

01-04-2025T12:01:26 - [MESSAGE][WARNING] - Timeout '0' is invalid. Using default page load timeout: '30'

01-04-2025T12:01:27 - [MESSAGE][PASSED] - Tapped on element 'Object Repository/Repo/SignUpNewUser/android.widget.TextView - Your password must be between 8 and 20 characters and may not contain spaces'

01-04-2025T12:01:27 - [TEST_STEP][PASSED] - delay(3): Delayed 3 second(s)

01-04-2025T12:01:30 - [MESSAGE][PASSED] - Delayed 3 second(s)

01-04-2025T12:01:30 - [TEST_STEP][PASSED] - tap(findTestObject("Object Repository/Repo/SignUpNewUser/android.widget.TextView - Confirm Password"), 0): Tapped on element 'Object Repository/Repo/SignUpNewUser/android.widget.TextView - Confirm Password'

01-04-2025T12:01:30 - [MESSAGE][WARNING] - Timeout '0' is invalid. Using default page load timeout: '30'

01-04-2025T12:01:31 - [MESSAGE][PASSED] - Tapped on element 'Object Repository/Repo/SignUpNewUser/android.widget.TextView - Confirm Password'

01-04-2025T12:01:31 - [TEST_STEP][PASSED] - delay(3): Delayed 3 second(s)

01-04-2025T12:01:34 - [MESSAGE][PASSED] - Delayed 3 second(s)

01-04-2025T12:01:34 - [TEST_STEP][PASSED] - tap(findTestObject("Object Repository/Repo/SignUpNewUser/android.widget.EditText - 1234567890123456789012 (1)"), 0): Tapped on element 'Object Repository/Repo/SignUpNewUser/android.widget.EditText - 1234567890123456789012 (1)'

01-04-2025T12:01:34 - [MESSAGE][WARNING] - Timeout '0' is invalid. Using default page load timeout: '30'

01-04-2025T12:01:34 - [MESSAGE][PASSED] - Tapped on element 'Object Repository/Repo/SignUpNewUser/android.widget.EditText - 1234567890123456789012 (1)'

01-04-2025T12:01:34 - [TEST_STEP][PASSED] - delay(3): Delayed 3 second(s)

01-04-2025T12:01:37 - [MESSAGE][PASSED] - Delayed 3 second(s)

01-04-2025T12:01:37 - [TEST_STEP][PASSED] - verifyElementExist(findTestObject("Object Repository/Repo/SignUpNewUser/android.widget.TextView -  Password does not meet security requirements"), 0): Element 'Object Repository/Repo/SignUpNewUser/android.widget.TextView -  Password does not meet security requirements' is exist

01-04-2025T12:01:37 - [MESSAGE][WARNING] - Timeout '0' is invalid. Using default page load timeout: '30'

01-04-2025T12:01:37 - [MESSAGE][PASSED] - Element 'Object Repository/Repo/SignUpNewUser/android.widget.TextView -  Password does not meet security requirements' is exist

01-04-2025T12:01:37 - [TEST_STEP][PASSED] - delay(3): Delayed 3 second(s)

01-04-2025T12:01:40 - [MESSAGE][PASSED] - Delayed 3 second(s)

01-04-2025T12:01:40 - [TEST_STEP][PASSED] - tap(findTestObject("Object Repository/Repo/SignUpNewUser/android.widget.Button - back"), 0): Tapped on element 'Object Repository/Repo/SignUpNewUser/android.widget.Button - back'

01-04-2025T12:01:40 - [MESSAGE][WARNING] - Timeout '0' is invalid. Using default page load timeout: '30'

01-04-2025T12:01:40 - [MESSAGE][PASSED] - Tapped on element 'Object Repository/Repo/SignUpNewUser/android.widget.Button - back'

01-04-2025T12:01:40 - [TEST_STEP][PASSED] - delay(3): Delayed 3 second(s)

01-04-2025T12:01:43 - [MESSAGE][PASSED] - Delayed 3 second(s)

01-04-2025T12:01:43 - [TEST_STEP][PASSED] - setText(findTestObject("Object Repository/Repo/SignUpNewUser/android.widget.EditText (1)"), "johnson@yopmail.com", 0): Text 'johnson@yopmail.com' has been set to element 'Object Repository/Repo/SignUpNewUser/android.widget.EditText (1)'

01-04-2025T12:01:43 - [MESSAGE][WARNING] - Timeout '0' is invalid. Using default page load timeout: '30'

01-04-2025T12:01:44 - [MESSAGE][PASSED] - Text 'johnson@yopmail.com' has been set to element 'Object Repository/Repo/SignUpNewUser/android.widget.EditText (1)'

01-04-2025T12:01:44 - [TEST_STEP][PASSED] - delay(3): Delayed 3 second(s)

01-04-2025T12:01:47 - [MESSAGE][PASSED] - Delayed 3 second(s)

01-04-2025T12:01:47 - [TEST_STEP][PASSED] - tap(findTestObject("Object Repository/Repo/SignUpNewUser/android.widget.Button - Next (1)"), 0): Tapped on element 'Object Repository/Repo/SignUpNewUser/android.widget.Button - Next (1)'

01-04-2025T12:01:47 - [MESSAGE][WARNING] - Timeout '0' is invalid. Using default page load timeout: '30'

01-04-2025T12:01:47 - [MESSAGE][PASSED] - Tapped on element 'Object Repository/Repo/SignUpNewUser/android.widget.Button - Next (1)'

01-04-2025T12:01:47 - [TEST_STEP][PASSED] - delay(3): Delayed 3 second(s)

01-04-2025T12:01:50 - [MESSAGE][PASSED] - Delayed 3 second(s)

01-04-2025T12:01:50 - [TEST_STEP][PASSED] - setText(findTestObject("Object Repository/Repo/SignUpNewUser/android.widget.EditText (10)"), "AlexanderMaximilianChristopherNathanielJonathanMontgomeryWilliams", 0): Text 'AlexanderMaximilianChristopherNathanielJonathanMontgomeryWilliams' has been set to element 'Object Repository/Repo/SignUpNewUser/android.widget.EditText (10)'

01-04-2025T12:01:50 - [MESSAGE][WARNING] - Timeout '0' is invalid. Using default page load timeout: '30'

01-04-2025T12:01:52 - [MESSAGE][PASSED] - Text 'AlexanderMaximilianChristopherNathanielJonathanMontgomeryWilliams' has been set to element 'Object Repository/Repo/SignUpNewUser/android.widget.EditText (10)'

01-04-2025T12:01:52 - [TEST_STEP][PASSED] - delay(3): Delayed 3 second(s)

01-04-2025T12:01:55 - [MESSAGE][PASSED] - Delayed 3 second(s)

01-04-2025T12:01:55 - [TEST_STEP][PASSED] - setText(findTestObject("Object Repository/Repo/SignUpNewUser/android.widget.EditText (11)"), "AlexanderMaximilianChristopherNathanielJonathanMontgomeryWilliams", 0): Text 'AlexanderMaximilianChristopherNathanielJonathanMontgomeryWilliams' has been set to element 'Object Repository/Repo/SignUpNewUser/android.widget.EditText (11)'

01-04-2025T12:01:55 - [MESSAGE][WARNING] - Timeout '0' is invalid. Using default page load timeout: '30'

01-04-2025T12:01:56 - [MESSAGE][PASSED] - Text 'AlexanderMaximilianChristopherNathanielJonathanMontgomeryWilliams' has been set to element 'Object Repository/Repo/SignUpNewUser/android.widget.EditText (11)'

01-04-2025T12:01:56 - [TEST_STEP][PASSED] - delay(3): Delayed 3 second(s)

01-04-2025T12:01:59 - [MESSAGE][PASSED] - Delayed 3 second(s)

01-04-2025T12:01:59 - [TEST_STEP][PASSED] - tap(findTestObject("Object Repository/Repo/SignUpNewUser/android.widget.Button - Next (2)"), 0): Tapped on element 'Object Repository/Repo/SignUpNewUser/android.widget.Button - Next (2)'

01-04-2025T12:01:59 - [MESSAGE][WARNING] - Timeout '0' is invalid. Using default page load timeout: '30'

01-04-2025T12:02:00 - [MESSAGE][PASSED] - Tapped on element 'Object Repository/Repo/SignUpNewUser/android.widget.Button - Next (2)'

01-04-2025T12:02:00 - [TEST_STEP][PASSED] - delay(3): Delayed 3 second(s)

01-04-2025T12:02:03 - [MESSAGE][PASSED] - Delayed 3 second(s)

01-04-2025T12:02:03 - [TEST_STEP][PASSED] - verifyElementExist(findTestObject("Object Repository/Repo/SignUpNewUser/android.widget.TextView -  First name must be 50 characters or less"), 0): Element 'Object Repository/Repo/SignUpNewUser/android.widget.TextView -  First name must be 50 characters or less' is exist

01-04-2025T12:02:03 - [MESSAGE][WARNING] - Timeout '0' is invalid. Using default page load timeout: '30'

01-04-2025T12:02:03 - [MESSAGE][PASSED] - Element 'Object Repository/Repo/SignUpNewUser/android.widget.TextView -  First name must be 50 characters or less' is exist

01-04-2025T12:02:03 - [TEST_STEP][PASSED] - delay(3): Delayed 3 second(s)

01-04-2025T12:02:06 - [MESSAGE][PASSED] - Delayed 3 second(s)

01-04-2025T12:02:06 - [TEST_STEP][PASSED] - verifyElementExist(findTestObject("Object Repository/Repo/SignUpNewUser/android.widget.TextView -  Last name must be 50 characters or less"), 0): Element 'Object Repository/Repo/SignUpNewUser/android.widget.TextView -  Last name must be 50 characters or less' is exist

01-04-2025T12:02:06 - [MESSAGE][WARNING] - Timeout '0' is invalid. Using default page load timeout: '30'

01-04-2025T12:02:06 - [MESSAGE][PASSED] - Element 'Object Repository/Repo/SignUpNewUser/android.widget.TextView -  Last name must be 50 characters or less' is exist

01-04-2025T12:02:06 - [TEST_STEP][PASSED] - delay(3): Delayed 3 second(s)

01-04-2025T12:02:09 - [MESSAGE][PASSED] - Delayed 3 second(s)

01-04-2025T12:02:09 - [TEST_STEP][PASSED] - tap(findTestObject("Object Repository/Repo/SignUpNewUser/android.widget.Button - back"), 0): Tapped on element 'Object Repository/Repo/SignUpNewUser/android.widget.Button - back'

01-04-2025T12:02:09 - [MESSAGE][WARNING] - Timeout '0' is invalid. Using default page load timeout: '30'

01-04-2025T12:02:10 - [MESSAGE][PASSED] - Tapped on element 'Object Repository/Repo/SignUpNewUser/android.widget.Button - back'

01-04-2025T12:02:10 - [TEST_STEP][PASSED] - delay(3): Delayed 3 second(s)

01-04-2025T12:02:13 - [MESSAGE][PASSED] - Delayed 3 second(s)

01-04-2025T12:02:13 - [TEST_STEP][PASSED] - setText(findTestObject("Object Repository/Repo/SignUpNewUser/android.widget.EditText (1)"), "johnson@yopmail.com", 0): Text 'johnson@yopmail.com' has been set to element 'Object Repository/Repo/SignUpNewUser/android.widget.EditText (1)'

01-04-2025T12:02:13 - [MESSAGE][WARNING] - Timeout '0' is invalid. Using default page load timeout: '30'

01-04-2025T12:02:13 - [MESSAGE][PASSED] - Text 'johnson@yopmail.com' has been set to element 'Object Repository/Repo/SignUpNewUser/android.widget.EditText (1)'

01-04-2025T12:02:13 - [TEST_STEP][PASSED] - delay(3): Delayed 3 second(s)

01-04-2025T12:02:16 - [MESSAGE][PASSED] - Delayed 3 second(s)

01-04-2025T12:02:16 - [TEST_STEP][PASSED] - tap(findTestObject("Object Repository/Repo/SignUpNewUser/android.widget.Button - Next (1)"), 0): Tapped on element 'Object Repository/Repo/SignUpNewUser/android.widget.Button - Next (1)'

01-04-2025T12:02:16 - [MESSAGE][WARNING] - Timeout '0' is invalid. Using default page load timeout: '30'

01-04-2025T12:02:17 - [MESSAGE][PASSED] - Tapped on element 'Object Repository/Repo/SignUpNewUser/android.widget.Button - Next (1)'

01-04-2025T12:02:17 - [TEST_STEP][PASSED] - delay(3): Delayed 3 second(s)

01-04-2025T12:02:20 - [MESSAGE][PASSED] - Delayed 3 second(s)

01-04-2025T12:02:20 - [TEST_STEP][PASSED] - setText(findTestObject("Object Repository/Repo/SignUpNewUser/android.widget.EditText (12)"), "john", 0): Text 'john' has been set to element 'Object Repository/Repo/SignUpNewUser/android.widget.EditText (12)'

01-04-2025T12:02:20 - [MESSAGE][WARNING] - Timeout '0' is invalid. Using default page load timeout: '30'

01-04-2025T12:02:20 - [MESSAGE][PASSED] - Text 'john' has been set to element 'Object Repository/Repo/SignUpNewUser/android.widget.EditText (12)'

01-04-2025T12:02:20 - [TEST_STEP][PASSED] - delay(3): Delayed 3 second(s)

01-04-2025T12:02:23 - [MESSAGE][PASSED] - Delayed 3 second(s)

01-04-2025T12:02:23 - [TEST_STEP][PASSED] - setText(findTestObject("Object Repository/Repo/SignUpNewUser/android.widget.EditText (13)"), "password", 0): Text 'password' has been set to element 'Object Repository/Repo/SignUpNewUser/android.widget.EditText (13)'

01-04-2025T12:02:23 - [MESSAGE][WARNING] - Timeout '0' is invalid. Using default page load timeout: '30'

01-04-2025T12:02:24 - [MESSAGE][PASSED] - Text 'password' has been set to element 'Object Repository/Repo/SignUpNewUser/android.widget.EditText (13)'

01-04-2025T12:02:24 - [TEST_STEP][PASSED] - delay(3): Delayed 3 second(s)

01-04-2025T12:02:27 - [MESSAGE][PASSED] - Delayed 3 second(s)

01-04-2025T12:02:27 - [TEST_STEP][PASSED] - sendKeys(findTestObject("Object Repository/Repo/SignUpNewUser/android.widget.EditText (14)"), "password"): Send keys 'password' on test object 'Object Repository/Repo/SignUpNewUser/android.widget.EditText (14)' successfully.

01-04-2025T12:02:28 - [MESSAGE][PASSED] - Send keys 'password' on test object 'Object Repository/Repo/SignUpNewUser/android.widget.EditText (14)' successfully.

01-04-2025T12:02:28 - [TEST_STEP][PASSED] - delay(3): Delayed 3 second(s)

01-04-2025T12:02:31 - [MESSAGE][PASSED] - Delayed 3 second(s)

01-04-2025T12:02:31 - [TEST_STEP][PASSED] - tap(findTestObject("Object Repository/Repo/SignUpNewUser/android.widget.Button - Next (2)"), 0): Tapped on element 'Object Repository/Repo/SignUpNewUser/android.widget.Button - Next (2)'

01-04-2025T12:02:31 - [MESSAGE][WARNING] - Timeout '0' is invalid. Using default page load timeout: '30'

01-04-2025T12:02:31 - [MESSAGE][PASSED] - Tapped on element 'Object Repository/Repo/SignUpNewUser/android.widget.Button - Next (2)'

01-04-2025T12:02:31 - [TEST_STEP][PASSED] - delay(3): Delayed 3 second(s)

01-04-2025T12:02:34 - [MESSAGE][PASSED] - Delayed 3 second(s)

01-04-2025T12:02:34 - [TEST_STEP][PASSED] - tap(findTestObject("Object Repository/Repo/SignUpNewUser/android.widget.Button - back"), 0): Tapped on element 'Object Repository/Repo/SignUpNewUser/android.widget.Button - back'

01-04-2025T12:02:34 - [MESSAGE][WARNING] - Timeout '0' is invalid. Using default page load timeout: '30'

01-04-2025T12:02:34 - [MESSAGE][PASSED] - Tapped on element 'Object Repository/Repo/SignUpNewUser/android.widget.Button - back'

01-04-2025T12:02:34 - [TEST_STEP][PASSED] - delay(3): Delayed 3 second(s)

01-04-2025T12:02:37 - [MESSAGE][PASSED] - Delayed 3 second(s)

01-04-2025T12:02:37 - [TEST_STEP][PASSED] - setText(findTestObject("Object Repository/Repo/SignUpNewUser/android.widget.EditText (1)"), "johnson@yopmail.com", 0): Text 'johnson@yopmail.com' has been set to element 'Object Repository/Repo/SignUpNewUser/android.widget.EditText (1)'

01-04-2025T12:02:37 - [MESSAGE][WARNING] - Timeout '0' is invalid. Using default page load timeout: '30'

01-04-2025T12:02:38 - [MESSAGE][PASSED] - Text 'johnson@yopmail.com' has been set to element 'Object Repository/Repo/SignUpNewUser/android.widget.EditText (1)'

01-04-2025T12:02:38 - [TEST_STEP][PASSED] - delay(3): Delayed 3 second(s)

01-04-2025T12:02:41 - [MESSAGE][PASSED] - Delayed 3 second(s)

01-04-2025T12:02:41 - [TEST_STEP][PASSED] - tap(findTestObject("Object Repository/Repo/SignUpNewUser/android.widget.Button - Next (1)"), 0): Tapped on element 'Object Repository/Repo/SignUpNewUser/android.widget.Button - Next (1)'

01-04-2025T12:02:41 - [MESSAGE][WARNING] - Timeout '0' is invalid. Using default page load timeout: '30'

01-04-2025T12:02:41 - [MESSAGE][PASSED] - Tapped on element 'Object Repository/Repo/SignUpNewUser/android.widget.Button - Next (1)'

01-04-2025T12:02:41 - [TEST_STEP][PASSED] - delay(3): Delayed 3 second(s)

01-04-2025T12:02:44 - [MESSAGE][PASSED] - Delayed 3 second(s)

01-04-2025T12:02:44 - [TEST_STEP][PASSED] - setText(findTestObject("Object Repository/Repo/SignUpNewUser/android.widget.EditText (15)"), "john", 0): Text 'john' has been set to element 'Object Repository/Repo/SignUpNewUser/android.widget.EditText (15)'

01-04-2025T12:02:44 - [MESSAGE][WARNING] - Timeout '0' is invalid. Using default page load timeout: '30'

01-04-2025T12:02:45 - [MESSAGE][PASSED] - Text 'john' has been set to element 'Object Repository/Repo/SignUpNewUser/android.widget.EditText (15)'

01-04-2025T12:02:45 - [TEST_STEP][PASSED] - delay(3): Delayed 3 second(s)

01-04-2025T12:02:48 - [MESSAGE][PASSED] - Delayed 3 second(s)

01-04-2025T12:02:48 - [TEST_STEP][PASSED] - hideKeyboard(): Keyboard is hidden

01-04-2025T12:02:48 - [MESSAGE][PASSED] - Keyboard is hidden

01-04-2025T12:02:48 - [TEST_STEP][PASSED] - delay(3): Delayed 3 second(s)

01-04-2025T12:02:51 - [MESSAGE][PASSED] - Delayed 3 second(s)

01-04-2025T12:02:51 - [TEST_STEP][PASSED] - setText(findTestObject("Object Repository/Repo/SignUpNewUser/android.widget.EditText (16)"), "smith", 0): Text 'smith' has been set to element 'Object Repository/Repo/SignUpNewUser/android.widget.EditText (16)'

01-04-2025T12:02:51 - [MESSAGE][WARNING] - Timeout '0' is invalid. Using default page load timeout: '30'

01-04-2025T12:02:52 - [MESSAGE][PASSED] - Text 'smith' has been set to element 'Object Repository/Repo/SignUpNewUser/android.widget.EditText (16)'

01-04-2025T12:02:52 - [TEST_STEP][PASSED] - delay(3): Delayed 3 second(s)

01-04-2025T12:02:55 - [MESSAGE][PASSED] - Delayed 3 second(s)

01-04-2025T12:02:55 - [TEST_STEP][PASSED] - hideKeyboard(): Keyboard is hidden

01-04-2025T12:02:55 - [MESSAGE][PASSED] - Keyboard is hidden

01-04-2025T12:02:55 - [TEST_STEP][PASSED] - delay(3): Delayed 3 second(s)

01-04-2025T12:02:58 - [MESSAGE][PASSED] - Delayed 3 second(s)

01-04-2025T12:02:58 - [TEST_STEP][PASSED] - setText(findTestObject("Object Repository/Repo/SignUpNewUser/android.widget.EditText (17)"), "password", 0): Text 'password' has been set to element 'Object Repository/Repo/SignUpNewUser/android.widget.EditText (17)'

01-04-2025T12:02:58 - [MESSAGE][WARNING] - Timeout '0' is invalid. Using default page load timeout: '30'

01-04-2025T12:02:59 - [MESSAGE][PASSED] - Text 'password' has been set to element 'Object Repository/Repo/SignUpNewUser/android.widget.EditText (17)'

01-04-2025T12:02:59 - [TEST_STEP][PASSED] - delay(3): Delayed 3 second(s)

01-04-2025T12:03:02 - [MESSAGE][PASSED] - Delayed 3 second(s)

01-04-2025T12:03:02 - [TEST_STEP][PASSED] - sendKeys(findTestObject("Object Repository/Repo/SignUpNewUser/android.widget.EditText (18)"), "password1"): Send keys 'password1' on test object 'Object Repository/Repo/SignUpNewUser/android.widget.EditText (18)' successfully.

01-04-2025T12:03:02 - [MESSAGE][PASSED] - Send keys 'password1' on test object 'Object Repository/Repo/SignUpNewUser/android.widget.EditText (18)' successfully.

01-04-2025T12:03:02 - [TEST_STEP][PASSED] - delay(3): Delayed 3 second(s)

01-04-2025T12:03:05 - [MESSAGE][PASSED] - Delayed 3 second(s)

01-04-2025T12:03:05 - [TEST_STEP][PASSED] - tap(findTestObject("Object Repository/Repo/SignUpNewUser/android.widget.Button - Next (2)"), 0): Tapped on element 'Object Repository/Repo/SignUpNewUser/android.widget.Button - Next (2)'

01-04-2025T12:03:05 - [MESSAGE][WARNING] - Timeout '0' is invalid. Using default page load timeout: '30'

01-04-2025T12:03:05 - [MESSAGE][PASSED] - Tapped on element 'Object Repository/Repo/SignUpNewUser/android.widget.Button - Next (2)'

01-04-2025T12:03:05 - [TEST_STEP][PASSED] - delay(3): Delayed 3 second(s)

01-04-2025T12:03:08 - [MESSAGE][PASSED] - Delayed 3 second(s)

01-04-2025T12:03:08 - [TEST_STEP][PASSED] - verifyElementExist(findTestObject("Object Repository/Repo/SignUpNewUser/android.widget.TextView -  Passwords must match"), 0): Element 'Object Repository/Repo/SignUpNewUser/android.widget.TextView -  Passwords must match' is exist

01-04-2025T12:03:08 - [MESSAGE][WARNING] - Timeout '0' is invalid. Using default page load timeout: '30'

01-04-2025T12:03:08 - [MESSAGE][PASSED] - Element 'Object Repository/Repo/SignUpNewUser/android.widget.TextView -  Passwords must match' is exist

01-04-2025T12:03:08 - [TEST_STEP][PASSED] - delay(3): Delayed 3 second(s)

01-04-2025T12:03:11 - [MESSAGE][PASSED] - Delayed 3 second(s)

01-04-2025T12:03:11 - [TEST_STEP][PASSED] - tap(findTestObject("Object Repository/Repo/SignUpNewUser/android.widget.Button - back"), 0): Tapped on element 'Object Repository/Repo/SignUpNewUser/android.widget.Button - back'

01-04-2025T12:03:11 - [MESSAGE][WARNING] - Timeout '0' is invalid. Using default page load timeout: '30'

01-04-2025T12:03:12 - [MESSAGE][PASSED] - Tapped on element 'Object Repository/Repo/SignUpNewUser/android.widget.Button - back'

01-04-2025T12:03:12 - [TEST_STEP][PASSED] - delay(3): Delayed 3 second(s)

01-04-2025T12:03:15 - [MESSAGE][PASSED] - Delayed 3 second(s)

01-04-2025T12:03:15 - [TEST_STEP][PASSED] - setText(findTestObject("Object Repository/Repo/SignUpNewUser/android.widget.EditText (1)"), "johnson@yopmail.com", 0): Text 'johnson@yopmail.com' has been set to element 'Object Repository/Repo/SignUpNewUser/android.widget.EditText (1)'

01-04-2025T12:03:15 - [MESSAGE][WARNING] - Timeout '0' is invalid. Using default page load timeout: '30'

01-04-2025T12:03:15 - [MESSAGE][PASSED] - Text 'johnson@yopmail.com' has been set to element 'Object Repository/Repo/SignUpNewUser/android.widget.EditText (1)'

01-04-2025T12:03:15 - [TEST_STEP][PASSED] - delay(3): Delayed 3 second(s)

01-04-2025T12:03:18 - [MESSAGE][PASSED] - Delayed 3 second(s)

01-04-2025T12:03:18 - [TEST_STEP][PASSED] - tap(findTestObject("Object Repository/Repo/SignUpNewUser/android.widget.Button - Next (1)"), 0): Tapped on element 'Object Repository/Repo/SignUpNewUser/android.widget.Button - Next (1)'

01-04-2025T12:03:18 - [MESSAGE][WARNING] - Timeout '0' is invalid. Using default page load timeout: '30'

01-04-2025T12:03:18 - [MESSAGE][PASSED] - Tapped on element 'Object Repository/Repo/SignUpNewUser/android.widget.Button - Next (1)'

01-04-2025T12:03:18 - [TEST_STEP][PASSED] - delay(3): Delayed 3 second(s)

01-04-2025T12:03:21 - [MESSAGE][PASSED] - Delayed 3 second(s)

01-04-2025T12:03:21 - [TEST_STEP][PASSED] - setText(findTestObject("Object Repository/Repo/SignUpNewUser/android.widget.EditText (20)"), "smith", 0): Text 'smith' has been set to element 'Object Repository/Repo/SignUpNewUser/android.widget.EditText (20)'

01-04-2025T12:03:21 - [MESSAGE][WARNING] - Timeout '0' is invalid. Using default page load timeout: '30'

01-04-2025T12:03:22 - [MESSAGE][PASSED] - Text 'smith' has been set to element 'Object Repository/Repo/SignUpNewUser/android.widget.EditText (20)'

01-04-2025T12:03:22 - [TEST_STEP][PASSED] - delay(3): Delayed 3 second(s)

01-04-2025T12:03:25 - [MESSAGE][PASSED] - Delayed 3 second(s)

01-04-2025T12:03:25 - [TEST_STEP][PASSED] - setText(findTestObject("Object Repository/Repo/SignUpNewUser/android.widget.EditText - smith"), "john", 0): Text 'john' has been set to element 'Object Repository/Repo/SignUpNewUser/android.widget.EditText - smith'

01-04-2025T12:03:25 - [MESSAGE][WARNING] - Timeout '0' is invalid. Using default page load timeout: '30'

01-04-2025T12:03:25 - [MESSAGE][PASSED] - Text 'john' has been set to element 'Object Repository/Repo/SignUpNewUser/android.widget.EditText - smith'

01-04-2025T12:03:25 - [TEST_STEP][PASSED] - delay(3): Delayed 3 second(s)

01-04-2025T12:03:28 - [MESSAGE][PASSED] - Delayed 3 second(s)

01-04-2025T12:03:28 - [TEST_STEP][PASSED] - sendKeys(findTestObject("Object Repository/Repo/SignUpNewUser/android.widget.EditText (21)"), "password"): Send keys 'password' on test object 'Object Repository/Repo/SignUpNewUser/android.widget.EditText (21)' successfully.

01-04-2025T12:03:30 - [MESSAGE][PASSED] - Send keys 'password' on test object 'Object Repository/Repo/SignUpNewUser/android.widget.EditText (21)' successfully.

01-04-2025T12:03:30 - [TEST_STEP][PASSED] - delay(3): Delayed 3 second(s)

01-04-2025T12:03:33 - [MESSAGE][PASSED] - Delayed 3 second(s)

01-04-2025T12:03:33 - [TEST_STEP][PASSED] - sendKeys(findTestObject("Object Repository/Repo/SignUpNewUser/android.widget.EditText (22)"), "password"): Send keys 'password' on test object 'Object Repository/Repo/SignUpNewUser/android.widget.EditText (22)' successfully.

01-04-2025T12:03:33 - [MESSAGE][PASSED] - Send keys 'password' on test object 'Object Repository/Repo/SignUpNewUser/android.widget.EditText (22)' successfully.

01-04-2025T12:03:33 - [TEST_STEP][PASSED] - delay(3): Delayed 3 second(s)

01-04-2025T12:03:36 - [MESSAGE][PASSED] - Delayed 3 second(s)

01-04-2025T12:03:36 - [TEST_STEP][PASSED] - tap(findTestObject("Object Repository/Repo/SignUpNewUser/android.widget.Button - Next (3)"), 0): Tapped on element 'Object Repository/Repo/SignUpNewUser/android.widget.Button - Next (3)'

01-04-2025T12:03:36 - [MESSAGE][WARNING] - Timeout '0' is invalid. Using default page load timeout: '30'

01-04-2025T12:03:37 - [MESSAGE][PASSED] - Tapped on element 'Object Repository/Repo/SignUpNewUser/android.widget.Button - Next (3)'

01-04-2025T12:03:37 - [TEST_STEP][PASSED] - delay(3): Delayed 3 second(s)

01-04-2025T12:03:40 - [MESSAGE][PASSED] - Delayed 3 second(s)

01-04-2025T12:03:40 - [TEST_STEP][PASSED] - verifyElementExist(findTestObject("Object Repository/Repo/SignUpNewUser/android.widget.TextView - Terms and Conditions"), 0): Element 'Object Repository/Repo/SignUpNewUser/android.widget.TextView - Terms and Conditions' is exist

01-04-2025T12:03:40 - [MESSAGE][WARNING] - Timeout '0' is invalid. Using default page load timeout: '30'

01-04-2025T12:03:48 - [MESSAGE][PASSED] - Element 'Object Repository/Repo/SignUpNewUser/android.widget.TextView - Terms and Conditions' is exist

01-04-2025T12:03:48 - [TEST_STEP][PASSED] - delay(3): Delayed 3 second(s)

01-04-2025T12:03:51 - [MESSAGE][PASSED] - Delayed 3 second(s)

01-04-2025T12:03:51 - [TEST_STEP][PASSED] - closeApplication(): Close app successfully

01-04-2025T12:03:56 - [MESSAGE][PASSED] - Close app successfully

01-04-2025T12:03:56 - [TEST_STEP][PASSED] - delay(3): Delayed 3 second(s)

01-04-2025T12:03:59 - [MESSAGE][PASSED] - Delayed 3 second(s)]]></system-out>
         <system-err><![CDATA[]]></system-err>
      </testcase>
      <testcase name="Test Cases/Sign Up New UserPage/C699_SignUpNewUserPage" time="352.37" classname="Test Cases/Sign Up New UserPage/C699_SignUpNewUserPage" status="PASSED">
         <system-out><![CDATA[01-04-2025T12:03:59 - [TEST_CASE][PASSED] - Test Cases/Sign Up New UserPage/C699_SignUpNewUserPage: Test Cases/Sign Up New UserPage/C699_SignUpNewUserPage

01-04-2025T12:03:59 - [TEST_STEP][PASSED] - testData = findTestData("Data Files/LogiNewUser"): null

01-04-2025T12:03:59 - [TEST_STEP][PASSED] - email = testData.getValue("email", 1): null

01-04-2025T12:03:59 - [TEST_STEP][PASSED] - firstName = testData.getValue("firstname", 1): null

01-04-2025T12:03:59 - [TEST_STEP][PASSED] - lastName = testData.getValue("lastname", 1): null

01-04-2025T12:03:59 - [TEST_STEP][PASSED] - password = testData.getValue("password", 1): null

01-04-2025T12:03:59 - [TEST_STEP][PASSED] - confirmPassword = testData.getValue("confirm password", 1): null

01-04-2025T12:03:59 - [TEST_STEP][PASSED] - startApplication(appUrl, true): Started application: '/Users/gv.vignesh/Downloads/WGR-Android-Automation/App Folder/universal.apk'

01-04-2025T12:03:59 - [MESSAGE][INFO] - Starting application: '/Users/gv.vignesh/Downloads/WGR-Android-Automation/App Folder/universal.apk'

01-04-2025T12:03:59 - [MESSAGE][INFO] - User set preference: ['deviceId', '']

01-04-2025T12:03:59 - [MESSAGE][INFO] - Detected NodeJS location: "/opt/homebrew/Cellar/node/23.10.0_1/bin/node"

01-04-2025T12:03:59 - [MESSAGE][INFO] - PATH: /opt/homebrew/Cellar/node/23.10.0_1/bin:/opt/homebrew/bin:/usr/bin:/bin:/usr/sbin:/sbin:/Applications/Katalon Studio Enterprise.app/Contents/Eclipse/jre/Contents/Home/bin:/usr/local/bin/

01-04-2025T12:03:59 - [MESSAGE][INFO] - APPIUM_HOME: /Users/gv.vignesh/.appium

01-04-2025T12:03:59 - [MESSAGE][INFO] - appium outlog: /Users/gv.vignesh/Downloads/WGR-Android-Automation/Reports/20250401_113809/WRMA Android Regression/20250401_113809/appium.log

01-04-2025T12:03:59 - [MESSAGE][INFO] - appium errlog: /Users/gv.vignesh/Downloads/WGR-Android-Automation/Reports/20250401_113809/WRMA Android Regression/20250401_113809/appium_error.log

01-04-2025T12:04:00 - [MESSAGE][INFO] - Appium server started on port 59,805

01-04-2025T12:04:30 - [MESSAGE][PASSED] - Started application: '/Users/gv.vignesh/Downloads/WGR-Android-Automation/App Folder/universal.apk'

01-04-2025T12:04:30 - [TEST_STEP][PASSED] - delay(10): Delayed 10 second(s)

01-04-2025T12:04:40 - [MESSAGE][PASSED] - Delayed 10 second(s)

01-04-2025T12:04:40 - [TEST_STEP][PASSED] - tap(findTestObject("Object Repository/Repo/android.widget.Button - Login or Sign Up"), 0): Tapped on element 'Object Repository/Repo/android.widget.Button - Login or Sign Up'

01-04-2025T12:04:40 - [MESSAGE][WARNING] - Timeout '0' is invalid. Using default page load timeout: '30'

01-04-2025T12:04:41 - [MESSAGE][PASSED] - Tapped on element 'Object Repository/Repo/android.widget.Button - Login or Sign Up'

01-04-2025T12:04:41 - [TEST_STEP][PASSED] - delay(10): Delayed 10 second(s)

01-04-2025T12:04:51 - [MESSAGE][PASSED] - Delayed 10 second(s)

01-04-2025T12:04:51 - [TEST_STEP][PASSED] - setText(findTestObject("Object Repository/Repo/android.widget.EditText-LoginorSignUp"), email, 0): Text 'Davis@yopmail.com' has been set to element 'Object Repository/Repo/android.widget.EditText-LoginorSignUp'

01-04-2025T12:04:51 - [MESSAGE][WARNING] - Timeout '0' is invalid. Using default page load timeout: '30'

01-04-2025T12:04:52 - [MESSAGE][PASSED] - Text 'Davis@yopmail.com' has been set to element 'Object Repository/Repo/android.widget.EditText-LoginorSignUp'

01-04-2025T12:04:52 - [TEST_STEP][PASSED] - hideKeyboard(): Keyboard is hidden

01-04-2025T12:04:53 - [MESSAGE][PASSED] - Keyboard is hidden

01-04-2025T12:04:53 - [TEST_STEP][PASSED] - delay(10): Delayed 10 second(s)

01-04-2025T12:05:03 - [MESSAGE][PASSED] - Delayed 10 second(s)

01-04-2025T12:05:03 - [TEST_STEP][PASSED] - tap(findTestObject("Object Repository/Repo/android.widget.Button - Next"), 0): Tapped on element 'Object Repository/Repo/android.widget.Button - Next'

01-04-2025T12:05:03 - [MESSAGE][WARNING] - Timeout '0' is invalid. Using default page load timeout: '30'

01-04-2025T12:05:03 - [MESSAGE][PASSED] - Tapped on element 'Object Repository/Repo/android.widget.Button - Next'

01-04-2025T12:05:03 - [TEST_STEP][PASSED] - delay(10): Delayed 10 second(s)

01-04-2025T12:05:13 - [MESSAGE][PASSED] - Delayed 10 second(s)

01-04-2025T12:05:13 - [TEST_STEP][PASSED] - setText(findTestObject("Object Repository/Repo/android.widget.EditText-confirm email address"), email, 0): Text 'Davis@yopmail.com' has been set to element 'Object Repository/Repo/android.widget.EditText-confirm email address'

01-04-2025T12:05:13 - [MESSAGE][WARNING] - Timeout '0' is invalid. Using default page load timeout: '30'

01-04-2025T12:05:13 - [MESSAGE][PASSED] - Text 'Davis@yopmail.com' has been set to element 'Object Repository/Repo/android.widget.EditText-confirm email address'

01-04-2025T12:05:13 - [TEST_STEP][PASSED] - hideKeyboard(): Keyboard is hidden

01-04-2025T12:05:14 - [MESSAGE][PASSED] - Keyboard is hidden

01-04-2025T12:05:14 - [TEST_STEP][PASSED] - delay(10): Delayed 10 second(s)

01-04-2025T12:05:24 - [MESSAGE][PASSED] - Delayed 10 second(s)

01-04-2025T12:05:24 - [TEST_STEP][PASSED] - tap(findTestObject("Object Repository/Repo/android.widget.Button - Next (1)"), 0): Tapped on element 'Object Repository/Repo/android.widget.Button - Next (1)'

01-04-2025T12:05:24 - [MESSAGE][WARNING] - Timeout '0' is invalid. Using default page load timeout: '30'

01-04-2025T12:05:24 - [MESSAGE][PASSED] - Tapped on element 'Object Repository/Repo/android.widget.Button - Next (1)'

01-04-2025T12:05:24 - [TEST_STEP][PASSED] - delay(10): Delayed 10 second(s)

01-04-2025T12:05:34 - [MESSAGE][PASSED] - Delayed 10 second(s)

01-04-2025T12:05:34 - [TEST_STEP][PASSED] - setText(findTestObject("Object Repository/Repo/android.widget.EditText-FirstName"), firstName, 0): Text 'steve' has been set to element 'Object Repository/Repo/android.widget.EditText-FirstName'

01-04-2025T12:05:34 - [MESSAGE][WARNING] - Timeout '0' is invalid. Using default page load timeout: '30'

01-04-2025T12:05:36 - [MESSAGE][PASSED] - Text 'steve' has been set to element 'Object Repository/Repo/android.widget.EditText-FirstName'

01-04-2025T12:05:36 - [TEST_STEP][PASSED] - hideKeyboard(): Keyboard is hidden

01-04-2025T12:05:37 - [MESSAGE][PASSED] - Keyboard is hidden

01-04-2025T12:05:37 - [TEST_STEP][PASSED] - delay(10): Delayed 10 second(s)

01-04-2025T12:05:47 - [MESSAGE][PASSED] - Delayed 10 second(s)

01-04-2025T12:05:47 - [TEST_STEP][PASSED] - setText(findTestObject("Object Repository/Repo/android.widget.EditText-LastName"), lastName, 0): Text 'smith' has been set to element 'Object Repository/Repo/android.widget.EditText-LastName'

01-04-2025T12:05:47 - [MESSAGE][WARNING] - Timeout '0' is invalid. Using default page load timeout: '30'

01-04-2025T12:05:47 - [MESSAGE][PASSED] - Text 'smith' has been set to element 'Object Repository/Repo/android.widget.EditText-LastName'

01-04-2025T12:05:47 - [TEST_STEP][PASSED] - hideKeyboard(): Keyboard is hidden

01-04-2025T12:05:48 - [MESSAGE][PASSED] - Keyboard is hidden

01-04-2025T12:05:48 - [TEST_STEP][PASSED] - delay(10): Delayed 10 second(s)

01-04-2025T12:05:58 - [MESSAGE][PASSED] - Delayed 10 second(s)

01-04-2025T12:05:58 - [TEST_STEP][PASSED] - sendKeys(findTestObject("Object Repository/Repo/android.widget.EditText-Password"), password): Send keys 'password' on test object 'Object Repository/Repo/android.widget.EditText-Password' successfully.

01-04-2025T12:05:58 - [MESSAGE][PASSED] - Send keys 'password' on test object 'Object Repository/Repo/android.widget.EditText-Password' successfully.

01-04-2025T12:05:58 - [TEST_STEP][PASSED] - delay(10): Delayed 10 second(s)

01-04-2025T12:06:08 - [MESSAGE][PASSED] - Delayed 10 second(s)

01-04-2025T12:06:08 - [TEST_STEP][PASSED] - sendKeys(findTestObject("Object Repository/Repo/android.widget.EditText-Confirm Password"), confirmPassword): Send keys 'password' on test object 'Object Repository/Repo/android.widget.EditText-Confirm Password' successfully.

01-04-2025T12:06:08 - [MESSAGE][PASSED] - Send keys 'password' on test object 'Object Repository/Repo/android.widget.EditText-Confirm Password' successfully.

01-04-2025T12:06:08 - [TEST_STEP][PASSED] - delay(10): Delayed 10 second(s)

01-04-2025T12:06:18 - [MESSAGE][PASSED] - Delayed 10 second(s)

01-04-2025T12:06:18 - [TEST_STEP][PASSED] - tap(findTestObject("Object Repository/Repo/android.widget.Button - Next (2)"), 0): Tapped on element 'Object Repository/Repo/android.widget.Button - Next (2)'

01-04-2025T12:06:18 - [MESSAGE][WARNING] - Timeout '0' is invalid. Using default page load timeout: '30'

01-04-2025T12:06:19 - [MESSAGE][PASSED] - Tapped on element 'Object Repository/Repo/android.widget.Button - Next (2)'

01-04-2025T12:06:19 - [TEST_STEP][PASSED] - delay(20): Delayed 20 second(s)

01-04-2025T12:06:39 - [MESSAGE][PASSED] - Delayed 20 second(s)

01-04-2025T12:06:39 - [TEST_STEP][PASSED] - scrollToText("etc)."): Scrolling to text 'etc).' successfully

01-04-2025T12:06:40 - [MESSAGE][PASSED] - Scrolling to text 'etc).' successfully

01-04-2025T12:06:40 - [TEST_STEP][PASSED] - delay(5): Delayed 5 second(s)

01-04-2025T12:06:45 - [MESSAGE][PASSED] - Delayed 5 second(s)

01-04-2025T12:06:45 - [TEST_STEP][PASSED] - tap(findTestObject("Object Repository/Repo/android.widget.Button - Agree to Terms  Conditions"), 0): Tapped on element 'Object Repository/Repo/android.widget.Button - Agree to Terms  Conditions'

01-04-2025T12:06:45 - [MESSAGE][WARNING] - Timeout '0' is invalid. Using default page load timeout: '30'

01-04-2025T12:06:45 - [MESSAGE][PASSED] - Tapped on element 'Object Repository/Repo/android.widget.Button - Agree to Terms  Conditions'

01-04-2025T12:06:45 - [TEST_STEP][PASSED] - delay(45): Delayed 45 second(s)

01-04-2025T12:07:30 - [MESSAGE][PASSED] - Delayed 45 second(s)

01-04-2025T12:07:30 - [TEST_STEP][PASSED] - setText(findTestObject("Object Repository/Repo/android.widget.EditText-OAM(Login)"), email, 0): Text 'Davis@yopmail.com' has been set to element 'Object Repository/Repo/android.widget.EditText-OAM(Login)'

01-04-2025T12:07:30 - [MESSAGE][WARNING] - Timeout '0' is invalid. Using default page load timeout: '30'

01-04-2025T12:07:32 - [MESSAGE][PASSED] - Text 'Davis@yopmail.com' has been set to element 'Object Repository/Repo/android.widget.EditText-OAM(Login)'

01-04-2025T12:07:32 - [TEST_STEP][PASSED] - hideKeyboard(): Keyboard is hidden

01-04-2025T12:07:34 - [MESSAGE][PASSED] - Keyboard is hidden

01-04-2025T12:07:34 - [TEST_STEP][PASSED] - delay(30): Delayed 30 second(s)

01-04-2025T12:08:04 - [MESSAGE][PASSED] - Delayed 30 second(s)

01-04-2025T12:08:04 - [TEST_STEP][PASSED] - setText(findTestObject("Object Repository/Repo/android.widget.EditText-OAM(Password)"), password, 0): Text 'password' has been set to element 'Object Repository/Repo/android.widget.EditText-OAM(Password)'

01-04-2025T12:08:04 - [MESSAGE][WARNING] - Timeout '0' is invalid. Using default page load timeout: '30'

01-04-2025T12:08:04 - [MESSAGE][PASSED] - Text 'password' has been set to element 'Object Repository/Repo/android.widget.EditText-OAM(Password)'

01-04-2025T12:08:04 - [TEST_STEP][PASSED] - hideKeyboard(): Keyboard is hidden

01-04-2025T12:08:06 - [MESSAGE][PASSED] - Keyboard is hidden

01-04-2025T12:08:06 - [TEST_STEP][PASSED] - delay(30): Delayed 30 second(s)

01-04-2025T12:08:36 - [MESSAGE][PASSED] - Delayed 30 second(s)

01-04-2025T12:08:36 - [TEST_STEP][PASSED] - tap(findTestObject("Object Repository/Repo/android.widget.Button -OAM(Login)"), 0): Tapped on element 'Object Repository/Repo/android.widget.Button -OAM(Login)'

01-04-2025T12:08:36 - [MESSAGE][WARNING] - Timeout '0' is invalid. Using default page load timeout: '30'

01-04-2025T12:08:37 - [MESSAGE][PASSED] - Tapped on element 'Object Repository/Repo/android.widget.Button -OAM(Login)'

01-04-2025T12:08:37 - [TEST_STEP][PASSED] - delay(20): Delayed 20 second(s)

01-04-2025T12:08:57 - [MESSAGE][PASSED] - Delayed 20 second(s)

01-04-2025T12:08:57 - [TEST_STEP][PASSED] - tap(findTestObject("Object Repository/Repo/android.widget.Button - Next-(VerifyAccount)"), 0): Tapped on element 'Object Repository/Repo/android.widget.Button - Next-(VerifyAccount)'

01-04-2025T12:08:57 - [MESSAGE][WARNING] - Timeout '0' is invalid. Using default page load timeout: '30'

01-04-2025T12:08:57 - [MESSAGE][PASSED] - Tapped on element 'Object Repository/Repo/android.widget.Button - Next-(VerifyAccount)'

01-04-2025T12:08:57 - [TEST_STEP][PASSED] - delay(10): Delayed 10 second(s)

01-04-2025T12:09:07 - [MESSAGE][PASSED] - Delayed 10 second(s)

01-04-2025T12:09:07 - [TEST_STEP][PASSED] - verifyElementExist(findTestObject("Object Repository/Repo/android.widget.TextView - Youve chosen to skip the email verification process. While you can explore the app as a guest, please note that certain features and functionalities may be limited"), 0): Element 'Object Repository/Repo/android.widget.TextView - Youve chosen to skip the email verification process. While you can explore the app as a guest, please note that certain features and functionalities may be limited' is exist

01-04-2025T12:09:07 - [MESSAGE][WARNING] - Timeout '0' is invalid. Using default page load timeout: '30'

01-04-2025T12:09:07 - [MESSAGE][PASSED] - Element 'Object Repository/Repo/android.widget.TextView - Youve chosen to skip the email verification process. While you can explore the app as a guest, please note that certain features and functionalities may be limited' is exist

01-04-2025T12:09:07 - [TEST_STEP][PASSED] - delay(10): Delayed 10 second(s)

01-04-2025T12:09:17 - [MESSAGE][PASSED] - Delayed 10 second(s)

01-04-2025T12:09:17 - [TEST_STEP][PASSED] - verifyElementExist(findTestObject("Object Repository/Repo/android.widget.TextView - To fully access all features"), 0): Element 'Object Repository/Repo/android.widget.TextView - To fully access all features' is exist

01-04-2025T12:09:17 - [MESSAGE][WARNING] - Timeout '0' is invalid. Using default page load timeout: '30'

01-04-2025T12:09:18 - [MESSAGE][PASSED] - Element 'Object Repository/Repo/android.widget.TextView - To fully access all features' is exist

01-04-2025T12:09:18 - [TEST_STEP][PASSED] - delay(10): Delayed 10 second(s)

01-04-2025T12:09:28 - [MESSAGE][PASSED] - Delayed 10 second(s)

01-04-2025T12:09:28 - [TEST_STEP][PASSED] - actualText = getText(findTestObject("Object Repository/Repo/android.widget.TextView - Youve chosen to skip the email verification process. While you can explore the app as a guest, please note that certain features and functionalities may be limited"), 0): Text of element 'Object Repository/Repo/android.widget.TextView - Youve chosen to skip the email verification process. While you can explore the app as a guest, please note that certain features and functionalities may be limited' is: 'You've chosen to skip the email verification process. While you can explore the app as a guest, please note that certain features and functionalities may be limited.'

01-04-2025T12:09:28 - [MESSAGE][WARNING] - Timeout '0' is invalid. Using default page load timeout: '30'

01-04-2025T12:09:28 - [MESSAGE][PASSED] - Text of element 'Object Repository/Repo/android.widget.TextView - Youve chosen to skip the email verification process. While you can explore the app as a guest, please note that certain features and functionalities may be limited' is: 'You've chosen to skip the email verification process. While you can explore the app as a guest, please note that certain features and functionalities may be limited.'

01-04-2025T12:09:28 - [TEST_STEP][PASSED] - expectedText = "You've chosen to skip the email verification process. While you can explore the app as a guest, please note that certain features and functionalities may be limited.": null

01-04-2025T12:09:28 - [TEST_STEP][PASSED] - assert actualText == expectedText: null

01-04-2025T12:09:28 - [TEST_STEP][PASSED] - verifyElementExist(findTestObject("Object Repository/Repo/android.widget.Button - Next (2)"), 0): Element 'Object Repository/Repo/android.widget.Button - Next (2)' is exist

01-04-2025T12:09:28 - [MESSAGE][WARNING] - Timeout '0' is invalid. Using default page load timeout: '30'

01-04-2025T12:09:28 - [MESSAGE][PASSED] - Element 'Object Repository/Repo/android.widget.Button - Next (2)' is exist

01-04-2025T12:09:28 - [TEST_STEP][PASSED] - delay(10): Delayed 10 second(s)

01-04-2025T12:09:38 - [MESSAGE][PASSED] - Delayed 10 second(s)

01-04-2025T12:09:38 - [TEST_STEP][PASSED] - tap(findTestObject("Object Repository/Repo/android.widget.Button - Next (2)"), 0): Tapped on element 'Object Repository/Repo/android.widget.Button - Next (2)'

01-04-2025T12:09:38 - [MESSAGE][WARNING] - Timeout '0' is invalid. Using default page load timeout: '30'

01-04-2025T12:09:38 - [MESSAGE][PASSED] - Tapped on element 'Object Repository/Repo/android.widget.Button - Next (2)'

01-04-2025T12:09:38 - [TEST_STEP][PASSED] - delay(10): Delayed 10 second(s)

01-04-2025T12:09:48 - [MESSAGE][PASSED] - Delayed 10 second(s)

01-04-2025T12:09:48 - [TEST_STEP][PASSED] - closeApplication(): Close app successfully

01-04-2025T12:09:52 - [MESSAGE][PASSED] - Close app successfully

01-04-2025T12:09:52 - [TEST_STEP][PASSED] - closeBrowser(): Browser is closed

01-04-2025T12:09:52 - [MESSAGE][PASSED] - Browser is closed]]></system-out>
         <system-err><![CDATA[]]></system-err>
      </testcase>
      <testcase name="Test Cases/Login Owner OR Renter/C735-C736-C739_LoginOwnerOrRenter" time="406.868" classname="Test Cases/Login Owner OR Renter/C735-C736-C739_LoginOwnerOrRenter" status="PASSED">
         <system-out><![CDATA[01-04-2025T12:09:52 - [TEST_CASE][PASSED] - Test Cases/Login Owner OR Renter/C735-C736-C739_LoginOwnerOrRenter: Test Cases/Login Owner OR Renter/C735-C736-C739_LoginOwnerOrRenter

01-04-2025T12:09:52 - [TEST_STEP][PASSED] - testData = findTestData("Data Files/LogiNewUser"): null

01-04-2025T12:09:52 - [TEST_STEP][PASSED] - email = testData.getValue("email", 1): null

01-04-2025T12:09:52 - [TEST_STEP][PASSED] - password = testData.getValue("password", 1): null

01-04-2025T12:09:52 - [TEST_STEP][PASSED] - startApplication("/Users/gv.vignesh/Downloads/WGR-Android-Automation/App Folder/app-debug.apk", true): Started application: '/Users/gv.vignesh/Downloads/WGR-Android-Automation/App Folder/app-debug.apk'

01-04-2025T12:09:52 - [MESSAGE][INFO] - Starting application: '/Users/gv.vignesh/Downloads/WGR-Android-Automation/App Folder/app-debug.apk'

01-04-2025T12:09:52 - [MESSAGE][INFO] - User set preference: ['deviceId', '']

01-04-2025T12:09:52 - [MESSAGE][INFO] - Detected NodeJS location: "/opt/homebrew/Cellar/node/23.10.0_1/bin/node"

01-04-2025T12:09:52 - [MESSAGE][INFO] - PATH: /opt/homebrew/Cellar/node/23.10.0_1/bin:/opt/homebrew/bin:/usr/bin:/bin:/usr/sbin:/sbin:/Applications/Katalon Studio Enterprise.app/Contents/Eclipse/jre/Contents/Home/bin:/usr/local/bin/

01-04-2025T12:09:52 - [MESSAGE][INFO] - APPIUM_HOME: /Users/gv.vignesh/.appium

01-04-2025T12:09:52 - [MESSAGE][INFO] - appium outlog: /Users/gv.vignesh/Downloads/WGR-Android-Automation/Reports/20250401_113809/WRMA Android Regression/20250401_113809/appium.log

01-04-2025T12:09:52 - [MESSAGE][INFO] - appium errlog: /Users/gv.vignesh/Downloads/WGR-Android-Automation/Reports/20250401_113809/WRMA Android Regression/20250401_113809/appium_error.log

01-04-2025T12:09:52 - [MESSAGE][INFO] - Appium server started on port 60,192

01-04-2025T12:10:33 - [MESSAGE][PASSED] - Started application: '/Users/gv.vignesh/Downloads/WGR-Android-Automation/App Folder/app-debug.apk'

01-04-2025T12:10:33 - [TEST_STEP][PASSED] - delay(10): Delayed 10 second(s)

01-04-2025T12:10:43 - [MESSAGE][PASSED] - Delayed 10 second(s)

01-04-2025T12:10:43 - [TEST_STEP][PASSED] - tap(findTestObject("Object Repository/Repo/android.widget.Button - Login or Sign Up"), 0): Tapped on element 'Object Repository/Repo/android.widget.Button - Login or Sign Up'

01-04-2025T12:10:43 - [MESSAGE][WARNING] - Timeout '0' is invalid. Using default page load timeout: '30'

01-04-2025T12:10:44 - [MESSAGE][PASSED] - Tapped on element 'Object Repository/Repo/android.widget.Button - Login or Sign Up'

01-04-2025T12:10:44 - [TEST_STEP][PASSED] - delay(10): Delayed 10 second(s)

01-04-2025T12:10:54 - [MESSAGE][PASSED] - Delayed 10 second(s)

01-04-2025T12:10:54 - [TEST_STEP][PASSED] - sendKeys(findTestObject("Object Repository/Repo/android.widget.EditText-LoginorSignUp"), email): Send keys 'Davis@yopmail.com' on test object 'Object Repository/Repo/android.widget.EditText-LoginorSignUp' successfully.

01-04-2025T12:10:55 - [MESSAGE][PASSED] - Send keys 'Davis@yopmail.com' on test object 'Object Repository/Repo/android.widget.EditText-LoginorSignUp' successfully.

01-04-2025T12:10:55 - [TEST_STEP][PASSED] - delay(10): Delayed 10 second(s)

01-04-2025T12:11:05 - [MESSAGE][PASSED] - Delayed 10 second(s)

01-04-2025T12:11:05 - [TEST_STEP][PASSED] - tap(findTestObject("Object Repository/Repo/android.widget.Button - Next"), 0): Tapped on element 'Object Repository/Repo/android.widget.Button - Next'

01-04-2025T12:11:05 - [MESSAGE][WARNING] - Timeout '0' is invalid. Using default page load timeout: '30'

01-04-2025T12:11:05 - [MESSAGE][PASSED] - Tapped on element 'Object Repository/Repo/android.widget.Button - Next'

01-04-2025T12:11:05 - [TEST_STEP][PASSED] - delay(30): Delayed 30 second(s)

01-04-2025T12:11:35 - [MESSAGE][PASSED] - Delayed 30 second(s)

01-04-2025T12:11:35 - [TEST_STEP][PASSED] - setText(findTestObject("Object Repository/Repo/android.widget.TextView - Email Address-oam"), email, 0, STOP_ON_FAILURE): Text 'Davis@yopmail.com' has been set to element 'Object Repository/Repo/android.widget.TextView - Email Address-oam'

01-04-2025T12:11:35 - [MESSAGE][WARNING] - Timeout '0' is invalid. Using default page load timeout: '30'

01-04-2025T12:11:39 - [MESSAGE][PASSED] - Text 'Davis@yopmail.com' has been set to element 'Object Repository/Repo/android.widget.TextView - Email Address-oam'

01-04-2025T12:11:39 - [TEST_STEP][PASSED] - hideKeyboard(): Keyboard is hidden

01-04-2025T12:11:42 - [MESSAGE][PASSED] - Keyboard is hidden

01-04-2025T12:11:42 - [TEST_STEP][PASSED] - delay(30): Delayed 30 second(s)

01-04-2025T12:12:12 - [MESSAGE][PASSED] - Delayed 30 second(s)

01-04-2025T12:12:12 - [TEST_STEP][PASSED] - setText(findTestObject("Object Repository/Repo/android.widget.TextView - Password-oam"), password, 0, STOP_ON_FAILURE): Text 'password' has been set to element 'Object Repository/Repo/android.widget.TextView - Password-oam'

01-04-2025T12:12:12 - [MESSAGE][WARNING] - Timeout '0' is invalid. Using default page load timeout: '30'

01-04-2025T12:12:14 - [MESSAGE][PASSED] - Text 'password' has been set to element 'Object Repository/Repo/android.widget.TextView - Password-oam'

01-04-2025T12:12:14 - [TEST_STEP][PASSED] - hideKeyboard(): Keyboard is hidden

01-04-2025T12:12:17 - [MESSAGE][PASSED] - Keyboard is hidden

01-04-2025T12:12:17 - [TEST_STEP][PASSED] - delay(30): Delayed 30 second(s)

01-04-2025T12:12:47 - [MESSAGE][PASSED] - Delayed 30 second(s)

01-04-2025T12:12:47 - [TEST_STEP][PASSED] - tap(findTestObject("Object Repository/Repo/android.widget.Button -OAM(Login)"), 0, STOP_ON_FAILURE): Tapped on element 'Object Repository/Repo/android.widget.Button -OAM(Login)'

01-04-2025T12:12:47 - [MESSAGE][WARNING] - Timeout '0' is invalid. Using default page load timeout: '30'

01-04-2025T12:12:48 - [MESSAGE][PASSED] - Tapped on element 'Object Repository/Repo/android.widget.Button -OAM(Login)'

01-04-2025T12:12:48 - [TEST_STEP][PASSED] - delay(10): Delayed 10 second(s)

01-04-2025T12:12:58 - [MESSAGE][PASSED] - Delayed 10 second(s)

01-04-2025T12:12:58 - [TEST_STEP][PASSED] - delay(30): Delayed 30 second(s)

01-04-2025T12:13:28 - [MESSAGE][PASSED] - Delayed 30 second(s)

01-04-2025T12:13:28 - [TEST_STEP][PASSED] - homeElementExists = verifyElementExist(findTestObject("Object Repository/Repo/android.view.View - Home"), 0): Element 'Object Repository/Repo/android.view.View - Home' is exist

01-04-2025T12:13:28 - [MESSAGE][WARNING] - Timeout '0' is invalid. Using default page load timeout: '30'

01-04-2025T12:13:29 - [MESSAGE][PASSED] - Element 'Object Repository/Repo/android.view.View - Home' is exist

01-04-2025T12:13:29 - [TEST_STEP][PASSED] - assert homeElementExists : "Element 'Home' does not exist.": null

01-04-2025T12:13:29 - [TEST_STEP][PASSED] - homeText = getText(findTestObject("Object Repository/Repo/android.view.View - Home"), 0): Text of element 'Object Repository/Repo/android.view.View - Home' is: 'Home'

01-04-2025T12:13:29 - [MESSAGE][WARNING] - Timeout '0' is invalid. Using default page load timeout: '30'

01-04-2025T12:13:30 - [MESSAGE][PASSED] - Text of element 'Object Repository/Repo/android.view.View - Home' is: 'Home'

01-04-2025T12:13:30 - [TEST_STEP][PASSED] - assert homeText == "Home": null

01-04-2025T12:13:30 - [TEST_STEP][PASSED] - delay(10): Delayed 10 second(s)

01-04-2025T12:13:40 - [MESSAGE][PASSED] - Delayed 10 second(s)

01-04-2025T12:13:40 - [TEST_STEP][PASSED] - myStayElementExists = verifyElementExist(findTestObject("Object Repository/Repo/android.view.View - My Stay"), 0): Element 'Object Repository/Repo/android.view.View - My Stay' is exist

01-04-2025T12:13:40 - [MESSAGE][WARNING] - Timeout '0' is invalid. Using default page load timeout: '30'

01-04-2025T12:13:40 - [MESSAGE][PASSED] - Element 'Object Repository/Repo/android.view.View - My Stay' is exist

01-04-2025T12:13:40 - [TEST_STEP][PASSED] - assert myStayElementExists : "Element 'My Stay' does not exist.": null

01-04-2025T12:13:40 - [TEST_STEP][PASSED] - myStayText = getText(findTestObject("Object Repository/Repo/android.view.View - My Stay"), 0): Text of element 'Object Repository/Repo/android.view.View - My Stay' is: 'My Stay'

01-04-2025T12:13:40 - [MESSAGE][WARNING] - Timeout '0' is invalid. Using default page load timeout: '30'

01-04-2025T12:13:40 - [MESSAGE][PASSED] - Text of element 'Object Repository/Repo/android.view.View - My Stay' is: 'My Stay'

01-04-2025T12:13:40 - [TEST_STEP][PASSED] - assert myStayText == "My Stay": null

01-04-2025T12:13:40 - [TEST_STEP][PASSED] - delay(10): Delayed 10 second(s)

01-04-2025T12:13:50 - [MESSAGE][PASSED] - Delayed 10 second(s)

01-04-2025T12:13:50 - [TEST_STEP][PASSED] - myAccountElementExists = verifyElementExist(findTestObject("Object Repository/Repo/android.view.View - My Account"), 0): Element 'Object Repository/Repo/android.view.View - My Account' is exist

01-04-2025T12:13:50 - [MESSAGE][WARNING] - Timeout '0' is invalid. Using default page load timeout: '30'

01-04-2025T12:13:51 - [MESSAGE][PASSED] - Element 'Object Repository/Repo/android.view.View - My Account' is exist

01-04-2025T12:13:51 - [TEST_STEP][PASSED] - assert myAccountElementExists : "Element 'My Account' does not exist.": null

01-04-2025T12:13:51 - [TEST_STEP][PASSED] - myAccountText = getText(findTestObject("Object Repository/Repo/android.view.View - My Account"), 0): Text of element 'Object Repository/Repo/android.view.View - My Account' is: 'My Account'

01-04-2025T12:13:51 - [MESSAGE][WARNING] - Timeout '0' is invalid. Using default page load timeout: '30'

01-04-2025T12:13:51 - [MESSAGE][PASSED] - Text of element 'Object Repository/Repo/android.view.View - My Account' is: 'My Account'

01-04-2025T12:13:51 - [TEST_STEP][PASSED] - assert myAccountText == "My Account": null

01-04-2025T12:13:51 - [TEST_STEP][PASSED] - delay(10): Delayed 10 second(s)

01-04-2025T12:14:01 - [MESSAGE][PASSED] - Delayed 10 second(s)

01-04-2025T12:14:01 - [TEST_STEP][PASSED] - println("Text 'Home' is present."): null

01-04-2025T12:14:01 - [TEST_STEP][PASSED] - println("Text 'My Stay' is present."): null

01-04-2025T12:14:01 - [TEST_STEP][PASSED] - println("Text 'My Account' is present."): null

01-04-2025T12:14:01 - [TEST_STEP][PASSED] - delay(10): Delayed 10 second(s)

01-04-2025T12:14:11 - [MESSAGE][PASSED] - Delayed 10 second(s)

01-04-2025T12:14:11 - [TEST_STEP][PASSED] - tap(findTestObject("Object Repository/Repo/android.view.View - Home"), 0, STOP_ON_FAILURE): Tapped on element 'Object Repository/Repo/android.view.View - Home'

01-04-2025T12:14:11 - [MESSAGE][WARNING] - Timeout '0' is invalid. Using default page load timeout: '30'

01-04-2025T12:14:11 - [MESSAGE][PASSED] - Tapped on element 'Object Repository/Repo/android.view.View - Home'

01-04-2025T12:14:11 - [TEST_STEP][PASSED] - delay(5): Delayed 5 second(s)

01-04-2025T12:14:16 - [MESSAGE][PASSED] - Delayed 5 second(s)

01-04-2025T12:14:16 - [TEST_STEP][PASSED] - tap(findTestObject("Object Repository/Repo/android.widget.Button - menu"), 0, STOP_ON_FAILURE): Tapped on element 'Object Repository/Repo/android.widget.Button - menu'

01-04-2025T12:14:16 - [MESSAGE][WARNING] - Timeout '0' is invalid. Using default page load timeout: '30'

01-04-2025T12:14:17 - [MESSAGE][PASSED] - Tapped on element 'Object Repository/Repo/android.widget.Button - menu'

01-04-2025T12:14:17 - [TEST_STEP][PASSED] - delay(20): Delayed 20 second(s)

01-04-2025T12:14:37 - [MESSAGE][PASSED] - Delayed 20 second(s)

01-04-2025T12:14:37 - [TEST_STEP][PASSED] - if (waitForElementPresent(findTestObject("Object Repository/Repo/android.widget.TextView - Terms and Conditions-Menu"), 10, CONTINUE_ON_FAILURE)): null

01-04-2025T12:14:37 - [MESSAGE][PASSED] - Element 'Object Repository/Repo/android.widget.TextView - Terms and Conditions-Menu' is present

01-04-2025T12:14:37 - [TEST_STEP][PASSED] - tap(findTestObject("Object Repository/Repo/android.widget.TextView - Terms and Conditions-Menu"), 0, STOP_ON_FAILURE): Tapped on element 'Object Repository/Repo/android.widget.TextView - Terms and Conditions-Menu'

01-04-2025T12:14:37 - [MESSAGE][WARNING] - Timeout '0' is invalid. Using default page load timeout: '30'

01-04-2025T12:14:37 - [MESSAGE][PASSED] - Tapped on element 'Object Repository/Repo/android.widget.TextView - Terms and Conditions-Menu'

01-04-2025T12:14:38 - [TEST_STEP][PASSED] - delay(20): Delayed 20 second(s)

01-04-2025T12:14:58 - [MESSAGE][PASSED] - Delayed 20 second(s)

01-04-2025T12:14:58 - [TEST_STEP][PASSED] - if (waitForElementPresent(findTestObject("Object Repository/Repo/android.view.View-Terms and conditions web"), 10, CONTINUE_ON_FAILURE)): Object Object Repository/Repo/android.view.View-Terms and conditions web not found

01-04-2025T12:15:08 - [MESSAGE][WARNING] - Object Object Repository/Repo/android.view.View-Terms and conditions web not found

01-04-2025T12:15:08 - [TEST_STEP][PASSED] - else: null

01-04-2025T12:15:08 - [TEST_STEP][PASSED] - println("Element 'android.view.View - Terms & Conditions-Webview' does not exist after waiting."): null

01-04-2025T12:15:08 - [TEST_STEP][PASSED] - delay(20): Delayed 20 second(s)

01-04-2025T12:15:28 - [MESSAGE][PASSED] - Delayed 20 second(s)

01-04-2025T12:15:28 - [TEST_STEP][PASSED] - tap(findTestObject("Object Repository/Repo/android.widget.ImageButton-Cancel web"), 0, STOP_ON_FAILURE): Tapped on element 'Object Repository/Repo/android.widget.ImageButton-Cancel web'

01-04-2025T12:15:28 - [MESSAGE][WARNING] - Timeout '0' is invalid. Using default page load timeout: '30'

01-04-2025T12:15:28 - [MESSAGE][PASSED] - Tapped on element 'Object Repository/Repo/android.widget.ImageButton-Cancel web'

01-04-2025T12:15:28 - [TEST_STEP][PASSED] - delay(15): Delayed 15 second(s)

01-04-2025T12:15:43 - [MESSAGE][PASSED] - Delayed 15 second(s)

01-04-2025T12:15:43 - [TEST_STEP][PASSED] - tap(findTestObject("Object Repository/Repo/android.widget.Button - menu"), 0, STOP_ON_FAILURE): Tapped on element 'Object Repository/Repo/android.widget.Button - menu'

01-04-2025T12:15:43 - [MESSAGE][WARNING] - Timeout '0' is invalid. Using default page load timeout: '30'

01-04-2025T12:15:43 - [MESSAGE][PASSED] - Tapped on element 'Object Repository/Repo/android.widget.Button - menu'

01-04-2025T12:15:43 - [TEST_STEP][PASSED] - delay(20): Delayed 20 second(s)

01-04-2025T12:16:03 - [MESSAGE][PASSED] - Delayed 20 second(s)

01-04-2025T12:16:03 - [TEST_STEP][PASSED] - tap(findTestObject("Object Repository/Repo/android.widget.TextView - Privacy Policy-Menu"), 0, STOP_ON_FAILURE): Tapped on element 'Object Repository/Repo/android.widget.TextView - Privacy Policy-Menu'

01-04-2025T12:16:03 - [MESSAGE][WARNING] - Timeout '0' is invalid. Using default page load timeout: '30'

01-04-2025T12:16:04 - [MESSAGE][PASSED] - Tapped on element 'Object Repository/Repo/android.widget.TextView - Privacy Policy-Menu'

01-04-2025T12:16:04 - [TEST_STEP][PASSED] - delay(30): Delayed 30 second(s)

01-04-2025T12:16:34 - [MESSAGE][PASSED] - Delayed 30 second(s)

01-04-2025T12:16:34 - [TEST_STEP][PASSED] - if (waitForElementPresent(findTestObject("Object Repository/Repo/android.widget.TextView - Privacy Policy-web"), 20, CONTINUE_ON_FAILURE)): null

01-04-2025T12:16:34 - [MESSAGE][PASSED] - Element 'Object Repository/Repo/android.widget.TextView - Privacy Policy-web' is present

01-04-2025T12:16:34 - [TEST_STEP][PASSED] - println("Element 'android.widget.TextView - Privacy Policy-web' exists."): null

01-04-2025T12:16:34 - [TEST_STEP][PASSED] - closeApplication(): Close app successfully

01-04-2025T12:16:38 - [MESSAGE][PASSED] - Close app successfully

01-04-2025T12:16:38 - [TEST_STEP][PASSED] - closeBrowser(): Browser is closed

01-04-2025T12:16:38 - [MESSAGE][PASSED] - Browser is closed]]></system-out>
         <system-err><![CDATA[]]></system-err>
      </testcase>
      <testcase name="Test Cases/Login Owner OR Renter/C661-C720-C721_LoginOwnerOrRenter" time="248.297" classname="Test Cases/Login Owner OR Renter/C661-C720-C721_LoginOwnerOrRenter" status="PASSED">
         <system-out><![CDATA[01-04-2025T12:16:38 - [TEST_CASE][PASSED] - Test Cases/Login Owner OR Renter/C661-C720-C721_LoginOwnerOrRenter: Test Cases/Login Owner OR Renter/C661-C720-C721_LoginOwnerOrRenter

01-04-2025T12:16:39 - [TEST_STEP][PASSED] - testData = findTestData("Data Files/LogiNewUser"): null

01-04-2025T12:16:39 - [TEST_STEP][PASSED] - email = testData.getValue("email", 1): null

01-04-2025T12:16:39 - [TEST_STEP][PASSED] - password = testData.getValue("password", 1): null

01-04-2025T12:16:39 - [TEST_STEP][PASSED] - expectedVersion = testData.getValue("version", 1): null

01-04-2025T12:16:39 - [TEST_STEP][PASSED] - startApplication(appUrl, true): Started application: '/Users/gv.vignesh/Downloads/WGR-Android-Automation/App Folder/universal.apk'

01-04-2025T12:16:39 - [MESSAGE][INFO] - Starting application: '/Users/gv.vignesh/Downloads/WGR-Android-Automation/App Folder/universal.apk'

01-04-2025T12:16:39 - [MESSAGE][INFO] - User set preference: ['deviceId', '']

01-04-2025T12:16:39 - [MESSAGE][INFO] - Detected NodeJS location: "/opt/homebrew/Cellar/node/23.10.0_1/bin/node"

01-04-2025T12:16:39 - [MESSAGE][INFO] - PATH: /opt/homebrew/Cellar/node/23.10.0_1/bin:/opt/homebrew/bin:/usr/bin:/bin:/usr/sbin:/sbin:/Applications/Katalon Studio Enterprise.app/Contents/Eclipse/jre/Contents/Home/bin:/usr/local/bin/

01-04-2025T12:16:39 - [MESSAGE][INFO] - APPIUM_HOME: /Users/gv.vignesh/.appium

01-04-2025T12:16:39 - [MESSAGE][INFO] - appium outlog: /Users/gv.vignesh/Downloads/WGR-Android-Automation/Reports/20250401_113809/WRMA Android Regression/20250401_113809/appium.log

01-04-2025T12:16:39 - [MESSAGE][INFO] - appium errlog: /Users/gv.vignesh/Downloads/WGR-Android-Automation/Reports/20250401_113809/WRMA Android Regression/20250401_113809/appium_error.log

01-04-2025T12:16:39 - [MESSAGE][INFO] - Appium server started on port 60,525

01-04-2025T12:17:09 - [MESSAGE][PASSED] - Started application: '/Users/gv.vignesh/Downloads/WGR-Android-Automation/App Folder/universal.apk'

01-04-2025T12:17:09 - [TEST_STEP][PASSED] - delay(10): Delayed 10 second(s)

01-04-2025T12:17:19 - [MESSAGE][PASSED] - Delayed 10 second(s)

01-04-2025T12:17:19 - [TEST_STEP][PASSED] - tap(findTestObject("Object Repository/Repo/android.widget.Button - Login or Sign Up"), 0): Tapped on element 'Object Repository/Repo/android.widget.Button - Login or Sign Up'

01-04-2025T12:17:19 - [MESSAGE][WARNING] - Timeout '0' is invalid. Using default page load timeout: '30'

01-04-2025T12:17:20 - [MESSAGE][PASSED] - Tapped on element 'Object Repository/Repo/android.widget.Button - Login or Sign Up'

01-04-2025T12:17:20 - [TEST_STEP][PASSED] - delay(10): Delayed 10 second(s)

01-04-2025T12:17:30 - [MESSAGE][PASSED] - Delayed 10 second(s)

01-04-2025T12:17:30 - [TEST_STEP][PASSED] - setText(findTestObject("Object Repository/Repo/android.widget.EditText-LoginorSignUp"), email, 0): Text 'Davis@yopmail.com' has been set to element 'Object Repository/Repo/android.widget.EditText-LoginorSignUp'

01-04-2025T12:17:30 - [MESSAGE][WARNING] - Timeout '0' is invalid. Using default page load timeout: '30'

01-04-2025T12:17:30 - [MESSAGE][PASSED] - Text 'Davis@yopmail.com' has been set to element 'Object Repository/Repo/android.widget.EditText-LoginorSignUp'

01-04-2025T12:17:30 - [TEST_STEP][PASSED] - hideKeyboard(): Keyboard is hidden

01-04-2025T12:17:31 - [MESSAGE][PASSED] - Keyboard is hidden

01-04-2025T12:17:31 - [TEST_STEP][PASSED] - delay(10): Delayed 10 second(s)

01-04-2025T12:17:41 - [MESSAGE][PASSED] - Delayed 10 second(s)

01-04-2025T12:17:41 - [TEST_STEP][PASSED] - tap(findTestObject("Object Repository/Repo/android.widget.Button - Next"), 0): Tapped on element 'Object Repository/Repo/android.widget.Button - Next'

01-04-2025T12:17:41 - [MESSAGE][WARNING] - Timeout '0' is invalid. Using default page load timeout: '30'

01-04-2025T12:17:41 - [MESSAGE][PASSED] - Tapped on element 'Object Repository/Repo/android.widget.Button - Next'

01-04-2025T12:17:41 - [TEST_STEP][PASSED] - delay(45): Delayed 45 second(s)

01-04-2025T12:18:26 - [MESSAGE][PASSED] - Delayed 45 second(s)

01-04-2025T12:18:26 - [TEST_STEP][PASSED] - setText(findTestObject("Object Repository/Repo/android.widget.EditText-OAM(Login)"), email, 0): Text 'Davis@yopmail.com' has been set to element 'Object Repository/Repo/android.widget.EditText-OAM(Login)'

01-04-2025T12:18:26 - [MESSAGE][WARNING] - Timeout '0' is invalid. Using default page load timeout: '30'

01-04-2025T12:18:28 - [MESSAGE][PASSED] - Text 'Davis@yopmail.com' has been set to element 'Object Repository/Repo/android.widget.EditText-OAM(Login)'

01-04-2025T12:18:28 - [TEST_STEP][PASSED] - hideKeyboard(): Keyboard is hidden

01-04-2025T12:18:30 - [MESSAGE][PASSED] - Keyboard is hidden

01-04-2025T12:18:30 - [TEST_STEP][PASSED] - delay(30): Delayed 30 second(s)

01-04-2025T12:19:00 - [MESSAGE][PASSED] - Delayed 30 second(s)

01-04-2025T12:19:00 - [TEST_STEP][PASSED] - setText(findTestObject("Object Repository/Repo/android.widget.EditText-OAM(Password)"), password, 0): Text 'password' has been set to element 'Object Repository/Repo/android.widget.EditText-OAM(Password)'

01-04-2025T12:19:00 - [MESSAGE][WARNING] - Timeout '0' is invalid. Using default page load timeout: '30'

01-04-2025T12:19:02 - [MESSAGE][PASSED] - Text 'password' has been set to element 'Object Repository/Repo/android.widget.EditText-OAM(Password)'

01-04-2025T12:19:02 - [TEST_STEP][PASSED] - hideKeyboard(): Keyboard is hidden

01-04-2025T12:19:04 - [MESSAGE][PASSED] - Keyboard is hidden

01-04-2025T12:19:04 - [TEST_STEP][PASSED] - delay(30): Delayed 30 second(s)

01-04-2025T12:19:34 - [MESSAGE][PASSED] - Delayed 30 second(s)

01-04-2025T12:19:34 - [TEST_STEP][PASSED] - tap(findTestObject("Object Repository/Repo/android.widget.Button -OAM(Login)"), 0): Tapped on element 'Object Repository/Repo/android.widget.Button -OAM(Login)'

01-04-2025T12:19:34 - [MESSAGE][WARNING] - Timeout '0' is invalid. Using default page load timeout: '30'

01-04-2025T12:19:35 - [MESSAGE][PASSED] - Tapped on element 'Object Repository/Repo/android.widget.Button -OAM(Login)'

01-04-2025T12:19:35 - [TEST_STEP][PASSED] - delay(20): Delayed 20 second(s)

01-04-2025T12:19:55 - [MESSAGE][PASSED] - Delayed 20 second(s)

01-04-2025T12:19:55 - [TEST_STEP][PASSED] - verifyElementExist(findTestObject("Object Repository/Repo/android.view.View - My Stay"), 0): Element 'Object Repository/Repo/android.view.View - My Stay' is exist

01-04-2025T12:19:55 - [MESSAGE][WARNING] - Timeout '0' is invalid. Using default page load timeout: '30'

01-04-2025T12:19:55 - [MESSAGE][PASSED] - Element 'Object Repository/Repo/android.view.View - My Stay' is exist

01-04-2025T12:19:55 - [TEST_STEP][PASSED] - delay(5): Delayed 5 second(s)

01-04-2025T12:20:00 - [MESSAGE][PASSED] - Delayed 5 second(s)

01-04-2025T12:20:00 - [TEST_STEP][PASSED] - verifyElementExist(findTestObject("Object Repository/Repo/android.view.View - My Account"), 0): Element 'Object Repository/Repo/android.view.View - My Account' is exist

01-04-2025T12:20:00 - [MESSAGE][WARNING] - Timeout '0' is invalid. Using default page load timeout: '30'

01-04-2025T12:20:00 - [MESSAGE][PASSED] - Element 'Object Repository/Repo/android.view.View - My Account' is exist

01-04-2025T12:20:00 - [TEST_STEP][PASSED] - delay(5): Delayed 5 second(s)

01-04-2025T12:20:05 - [MESSAGE][PASSED] - Delayed 5 second(s)

01-04-2025T12:20:05 - [TEST_STEP][PASSED] - verifyElementExist(findTestObject("Object Repository/Repo/android.view.View - Home"), 0): Element 'Object Repository/Repo/android.view.View - Home' is exist

01-04-2025T12:20:05 - [MESSAGE][WARNING] - Timeout '0' is invalid. Using default page load timeout: '30'

01-04-2025T12:20:06 - [MESSAGE][PASSED] - Element 'Object Repository/Repo/android.view.View - Home' is exist

01-04-2025T12:20:06 - [TEST_STEP][PASSED] - delay(5): Delayed 5 second(s)

01-04-2025T12:20:11 - [MESSAGE][PASSED] - Delayed 5 second(s)

01-04-2025T12:20:11 - [TEST_STEP][PASSED] - myStayText = getText(findTestObject("Object Repository/Repo/android.view.View - My Stay"), 0): Text of element 'Object Repository/Repo/android.view.View - My Stay' is: 'My Stay'

01-04-2025T12:20:11 - [MESSAGE][WARNING] - Timeout '0' is invalid. Using default page load timeout: '30'

01-04-2025T12:20:11 - [MESSAGE][PASSED] - Text of element 'Object Repository/Repo/android.view.View - My Stay' is: 'My Stay'

01-04-2025T12:20:11 - [TEST_STEP][PASSED] - assert myStayText == "My Stay": null

01-04-2025T12:20:11 - [TEST_STEP][PASSED] - myAccountText = getText(findTestObject("Object Repository/Repo/android.view.View - My Account"), 0): Text of element 'Object Repository/Repo/android.view.View - My Account' is: 'My Account'

01-04-2025T12:20:11 - [MESSAGE][WARNING] - Timeout '0' is invalid. Using default page load timeout: '30'

01-04-2025T12:20:11 - [MESSAGE][PASSED] - Text of element 'Object Repository/Repo/android.view.View - My Account' is: 'My Account'

01-04-2025T12:20:11 - [TEST_STEP][PASSED] - assert myAccountText == "My Account": null

01-04-2025T12:20:11 - [TEST_STEP][PASSED] - homeText = getText(findTestObject("Object Repository/Repo/android.view.View - Home"), 0): Text of element 'Object Repository/Repo/android.view.View - Home' is: 'Home'

01-04-2025T12:20:11 - [MESSAGE][WARNING] - Timeout '0' is invalid. Using default page load timeout: '30'

01-04-2025T12:20:12 - [MESSAGE][PASSED] - Text of element 'Object Repository/Repo/android.view.View - Home' is: 'Home'

01-04-2025T12:20:12 - [TEST_STEP][PASSED] - assert homeText == "Home": null

01-04-2025T12:20:12 - [TEST_STEP][PASSED] - tap(findTestObject("Object Repository/Repo/android.view.View - Home"), 0): Tapped on element 'Object Repository/Repo/android.view.View - Home'

01-04-2025T12:20:12 - [MESSAGE][WARNING] - Timeout '0' is invalid. Using default page load timeout: '30'

01-04-2025T12:20:12 - [MESSAGE][PASSED] - Tapped on element 'Object Repository/Repo/android.view.View - Home'

01-04-2025T12:20:12 - [TEST_STEP][PASSED] - delay(10): Delayed 10 second(s)

01-04-2025T12:20:22 - [MESSAGE][PASSED] - Delayed 10 second(s)

01-04-2025T12:20:22 - [TEST_STEP][PASSED] - tap(findTestObject("Object Repository/Repo/android.widget.Button - menu"), 0): Tapped on element 'Object Repository/Repo/android.widget.Button - menu'

01-04-2025T12:20:22 - [MESSAGE][WARNING] - Timeout '0' is invalid. Using default page load timeout: '30'

01-04-2025T12:20:22 - [MESSAGE][PASSED] - Tapped on element 'Object Repository/Repo/android.widget.Button - menu'

01-04-2025T12:20:22 - [TEST_STEP][PASSED] - delay(10): Delayed 10 second(s)

01-04-2025T12:20:32 - [MESSAGE][PASSED] - Delayed 10 second(s)

01-04-2025T12:20:32 - [TEST_STEP][PASSED] - tap(findTestObject("Object Repository/Repo/android.widget.TabWidget-Settings"), 0): Tapped on element 'Object Repository/Repo/android.widget.TabWidget-Settings'

01-04-2025T12:20:32 - [MESSAGE][WARNING] - Timeout '0' is invalid. Using default page load timeout: '30'

01-04-2025T12:20:33 - [MESSAGE][PASSED] - Tapped on element 'Object Repository/Repo/android.widget.TabWidget-Settings'

01-04-2025T12:20:33 - [TEST_STEP][PASSED] - delay(10): Delayed 10 second(s)

01-04-2025T12:20:43 - [MESSAGE][PASSED] - Delayed 10 second(s)

01-04-2025T12:20:43 - [TEST_STEP][PASSED] - actualVersion = getText(findTestObject("Object Repository/Repo/android.widget.Button - Version 2.81.111"), 0): Text of element 'Object Repository/Repo/android.widget.Button - Version 2.81.111' is: 'Version 2.81.111'

01-04-2025T12:20:43 - [MESSAGE][WARNING] - Timeout '0' is invalid. Using default page load timeout: '30'

01-04-2025T12:20:43 - [MESSAGE][PASSED] - Text of element 'Object Repository/Repo/android.widget.Button - Version 2.81.111' is: 'Version 2.81.111'

01-04-2025T12:20:43 - [TEST_STEP][PASSED] - if (actualVersion == expectedVersion): null

01-04-2025T12:20:43 - [TEST_STEP][PASSED] - println(Version verification passed. Expected: $expectedVersion, Actual: $actualVersion): null

01-04-2025T12:20:43 - [TEST_STEP][PASSED] - verifyElementExist(findTestObject("Object Repository/Repo/android.widget.Button - Version 2.81.111"), 0): Element 'Object Repository/Repo/android.widget.Button - Version 2.81.111' is exist

01-04-2025T12:20:43 - [MESSAGE][WARNING] - Timeout '0' is invalid. Using default page load timeout: '30'

01-04-2025T12:20:44 - [MESSAGE][PASSED] - Element 'Object Repository/Repo/android.widget.Button - Version 2.81.111' is exist

01-04-2025T12:20:44 - [TEST_STEP][PASSED] - closeApplication(): Close app successfully

01-04-2025T12:20:47 - [MESSAGE][PASSED] - Close app successfully

01-04-2025T12:20:47 - [TEST_STEP][PASSED] - closeBrowser(): Browser is closed

01-04-2025T12:20:47 - [MESSAGE][PASSED] - Browser is closed]]></system-out>
         <system-err><![CDATA[]]></system-err>
      </testcase>
      <system-out><![CDATA[01-04-2025T11:38:14 - [TEST_SUITE][FAILED] - WRMA Android Regression: Test Cases/Sign Up New UserPage/C682-C688_SignUpNewUserPage FAILED.
Reason:
com.kms.katalon.core.exception.StepFailedException: Failed to set text into element
	at com.kms.katalon.core.mobile.keyword.internal.MobileKeywordMain.stepFailed(MobileKeywordMain.groovy:64)
	at com.kms.katalon.core.mobile.keyword.internal.MobileKeywordMain.runKeyword(MobileKeywordMain.groovy:34)
	at com.kms.katalon.core.mobile.keyword.builtin.SetTextKeyword.setText(SetTextKeyword.groovy:62)
	at com.kms.katalon.core.mobile.keyword.builtin.SetTextKeyword.execute(SetTextKeyword.groovy:42)
	at com.kms.katalon.core.keyword.internal.KeywordExecutor.executeKeywordForPlatform(KeywordExecutor.groovy:74)
	at com.kms.katalon.core.mobile.keyword.MobileBuiltInKeywords.setText(MobileBuiltInKeywords.groovy:1278)
	at C682-C688_SignUpNewUserPage.run(C682-C688_SignUpNewUserPage:371)
	at com.kms.katalon.core.main.ScriptEngine.run(ScriptEngine.java:194)
	at com.kms.katalon.core.main.ScriptEngine.runScriptAsRawText(ScriptEngine.java:119)
	at com.kms.katalon.core.main.TestCaseExecutor.runScript(TestCaseExecutor.java:448)
	at com.kms.katalon.core.main.TestCaseExecutor.doExecute(TestCaseExecutor.java:439)
	at com.kms.katalon.core.main.TestCaseExecutor.processExecutionPhase(TestCaseExecutor.java:418)
	at com.kms.katalon.core.main.TestCaseExecutor.accessMainPhase(TestCaseExecutor.java:410)
	at com.kms.katalon.core.main.TestCaseExecutor.execute(TestCaseExecutor.java:285)
	at com.kms.katalon.core.common.CommonExecutor.accessTestCaseMainPhase(CommonExecutor.java:71)
	at com.kms.katalon.core.main.TestSuiteExecutor.accessTestSuiteMainPhase(TestSuiteExecutor.java:160)
	at com.kms.katalon.core.main.TestSuiteExecutor.execute(TestSuiteExecutor.java:107)
	at com.kms.katalon.core.main.TestCaseMain.startTestSuite(TestCaseMain.java:180)
	at TempTestSuite1743487689749.run(TempTestSuite1743487689749.groovy:35)
	at java.base/jdk.internal.reflect.NativeMethodAccessorImpl.invoke0(Native Method)
	at java.base/jdk.internal.reflect.NativeMethodAccessorImpl.invoke(NativeMethodAccessorImpl.java:77)
	at java.base/jdk.internal.reflect.DelegatingMethodAccessorImpl.invoke(DelegatingMethodAccessorImpl.java:43)
Caused by: com.kms.katalon.core.exception.StepFailedException: Object Object Repository/Repo/SignUpNewUser/android.widget.EditText (20) not found
	at com.kms.katalon.core.mobile.keyword.internal.MobileKeywordMain.stepFailed(MobileKeywordMain.groovy:64)
	at com.kms.katalon.core.mobile.keyword.builtin.SetTextKeyword$_setText_closure1.doCall(SetTextKeyword.groovy:52)
	at com.kms.katalon.core.mobile.keyword.builtin.SetTextKeyword$_setText_closure1.call(SetTextKeyword.groovy)
	at com.kms.katalon.core.mobile.keyword.internal.MobileKeywordMain.runKeyword(MobileKeywordMain.groovy:30)
	... 20 more]]></system-out>
      <system-err><![CDATA[01-04-2025T11:38:14 - [TEST_SUITE][FAILED] - WRMA Android Regression: Test Cases/Sign Up New UserPage/C682-C688_SignUpNewUserPage FAILED.
Reason:
com.kms.katalon.core.exception.StepFailedException: Failed to set text into element
	at com.kms.katalon.core.mobile.keyword.internal.MobileKeywordMain.stepFailed(MobileKeywordMain.groovy:64)
	at com.kms.katalon.core.mobile.keyword.internal.MobileKeywordMain.runKeyword(MobileKeywordMain.groovy:34)
	at com.kms.katalon.core.mobile.keyword.builtin.SetTextKeyword.setText(SetTextKeyword.groovy:62)
	at com.kms.katalon.core.mobile.keyword.builtin.SetTextKeyword.execute(SetTextKeyword.groovy:42)
	at com.kms.katalon.core.keyword.internal.KeywordExecutor.executeKeywordForPlatform(KeywordExecutor.groovy:74)
	at com.kms.katalon.core.mobile.keyword.MobileBuiltInKeywords.setText(MobileBuiltInKeywords.groovy:1278)
	at C682-C688_SignUpNewUserPage.run(C682-C688_SignUpNewUserPage:371)
	at com.kms.katalon.core.main.ScriptEngine.run(ScriptEngine.java:194)
	at com.kms.katalon.core.main.ScriptEngine.runScriptAsRawText(ScriptEngine.java:119)
	at com.kms.katalon.core.main.TestCaseExecutor.runScript(TestCaseExecutor.java:448)
	at com.kms.katalon.core.main.TestCaseExecutor.doExecute(TestCaseExecutor.java:439)
	at com.kms.katalon.core.main.TestCaseExecutor.processExecutionPhase(TestCaseExecutor.java:418)
	at com.kms.katalon.core.main.TestCaseExecutor.accessMainPhase(TestCaseExecutor.java:410)
	at com.kms.katalon.core.main.TestCaseExecutor.execute(TestCaseExecutor.java:285)
	at com.kms.katalon.core.common.CommonExecutor.accessTestCaseMainPhase(CommonExecutor.java:71)
	at com.kms.katalon.core.main.TestSuiteExecutor.accessTestSuiteMainPhase(TestSuiteExecutor.java:160)
	at com.kms.katalon.core.main.TestSuiteExecutor.execute(TestSuiteExecutor.java:107)
	at com.kms.katalon.core.main.TestCaseMain.startTestSuite(TestCaseMain.java:180)
	at TempTestSuite1743487689749.run(TempTestSuite1743487689749.groovy:35)
	at java.base/jdk.internal.reflect.NativeMethodAccessorImpl.invoke0(Native Method)
	at java.base/jdk.internal.reflect.NativeMethodAccessorImpl.invoke(NativeMethodAccessorImpl.java:77)
	at java.base/jdk.internal.reflect.DelegatingMethodAccessorImpl.invoke(DelegatingMethodAccessorImpl.java:43)
Caused by: com.kms.katalon.core.exception.StepFailedException: Object Object Repository/Repo/SignUpNewUser/android.widget.EditText (20) not found
	at com.kms.katalon.core.mobile.keyword.internal.MobileKeywordMain.stepFailed(MobileKeywordMain.groovy:64)
	at com.kms.katalon.core.mobile.keyword.builtin.SetTextKeyword$_setText_closure1.doCall(SetTextKeyword.groovy:52)
	at com.kms.katalon.core.mobile.keyword.builtin.SetTextKeyword$_setText_closure1.call(SetTextKeyword.groovy)
	at com.kms.katalon.core.mobile.keyword.internal.MobileKeywordMain.runKeyword(MobileKeywordMain.groovy:30)
	... 20 more]]></system-err>
   </testsuite>
</testsuites>
