<?xml version="1.0" encoding="UTF-8"?>
<testsuites name="Sprint-1" time="402.75" tests="3" failures="0" errors="0">
   <testsuite name="Sprint-1" tests="3" failures="0" errors="0" time="402.75" skipped="0" timestamp="08-05-2025T19:02:22" hostname="**********" id="Test Suites/Sprint-1">
      <properties>
         <property name="deviceName" value="emulator-5554 (sdk_gphone16k_arm64 - Android 15)"/>
         <property name="devicePlatform" value="Android"/>
         <property name="logFolder" value="/Users/gv.vignesh/Downloads/WGR-Android-Automation/Reports/20250508_190217/Sprint-1/20250508_190217"/>
         <property name="logFiles" value="/Users/gv.vignesh/Downloads/WGR-Android-Automation/Reports/20250508_190217/Sprint-1/20250508_190217/execution0.log, /Users/gv.vignesh/Downloads/WGR-Android-Automation/Reports/20250508_190217/Sprint-1/20250508_190217/appium_error.log, /Users/gv.vignesh/Downloads/WGR-Android-Automation/Reports/20250508_190217/Sprint-1/20250508_190217/appium.log"/>
         <property name="attachments" value=""/>
         <property name="hostName" value="**********"/>
         <property name="os" value="Mac OS X 64bit"/>
         <property name="appiumServerStatus" value="{&quot;value&quot;:{&quot;ready&quot;:true,&quot;message&quot;:&quot;The server is ready to accept new connections&quot;,&quot;build&quot;:{&quot;version&quot;:&quot;2.17.1&quot;,&quot;git-sha&quot;:&quot;12a3d4a6f1eedf483855716b989d828443438f79&quot;,&quot;built&quot;:&quot;2025-04-22 15:18:47 +0000&quot;}}}"/>
         <property name="katalonVersion" value="10.1.1.0"/>
         <property name="deviceOS" value="Android"/>
         <property name="appiumVersion" value="2.17.1"/>
         <property name="deviceModel" value="sdk_gphone16k_arm64"/>
         <property name="hostAddress" value="**********"/>
         <property name="deviceManufacturer" value="Google"/>
         <property name="deviceId" value="emulator-5554"/>
         <property name="deviceName" value="emulator-5554 (sdk_gphone16k_arm64 - Android 15)"/>
         <property name="deviceOSVersion" value="15"/>
      </properties>
      <testcase name="Test Cases/App Installation And Launching/C657_C658_AppInstallationAndLaunching" time="40.069" classname="Test Cases/App Installation And Launching/C657_C658_AppInstallationAndLaunching" status="PASSED">
         <system-out><![CDATA[08-05-2025T19:02:22 - [TEST_CASE][PASSED] - Test Cases/App Installation And Launching/C657_C658_AppInstallationAndLaunching: Test Cases/App Installation And Launching/C657_C658_AppInstallationAndLaunching

08-05-2025T19:02:22 - [TEST_STEP][PASSED] - startApplication(appUrl, true): Started application: '/Users/gv.vignesh/Downloads/WGR-Android-Automation/App Folder/app-debug-2.99.86.apk'

08-05-2025T19:02:22 - [MESSAGE][INFO] - Starting application: '/Users/gv.vignesh/Downloads/WGR-Android-Automation/App Folder/app-debug-2.99.86.apk'

08-05-2025T19:02:22 - [MESSAGE][INFO] - User set preference: ['uiautomator2ServerInstallTimeout', '0']

08-05-2025T19:02:22 - [MESSAGE][INFO] - User set preference: ['deviceId', '']

08-05-2025T19:02:22 - [MESSAGE][INFO] - Detected NodeJS location: "/opt/homebrew/Cellar/node/23.10.0_1/bin/node"

08-05-2025T19:02:22 - [MESSAGE][INFO] - PATH: /opt/homebrew/Cellar/node/23.10.0_1/bin:/opt/homebrew/bin:/usr/bin:/bin:/usr/sbin:/sbin:/Applications/Katalon Studio Enterprise.app/Contents/Eclipse/jre/Contents/Home/bin:/usr/local/bin/

08-05-2025T19:02:22 - [MESSAGE][INFO] - APPIUM_HOME: /Users/gv.vignesh/.appium

08-05-2025T19:02:22 - [MESSAGE][INFO] - appium outlog: /Users/gv.vignesh/Downloads/WGR-Android-Automation/Reports/20250508_190217/Sprint-1/20250508_190217/appium.log

08-05-2025T19:02:22 - [MESSAGE][INFO] - appium errlog: /Users/gv.vignesh/Downloads/WGR-Android-Automation/Reports/20250508_190217/Sprint-1/20250508_190217/appium_error.log

08-05-2025T19:02:24 - [MESSAGE][INFO] - Appium server started on port 50,262

08-05-2025T19:02:29 - [MESSAGE][PASSED] - Started application: '/Users/gv.vignesh/Downloads/WGR-Android-Automation/App Folder/app-debug-2.99.86.apk'

08-05-2025T19:02:29 - [TEST_STEP][PASSED] - delay(10): Delayed 10 second(s)

08-05-2025T19:02:39 - [MESSAGE][PASSED] - Delayed 10 second(s)

08-05-2025T19:02:39 - [TEST_STEP][PASSED] - assert verifyElementExist(findTestObject("Object Repository/Repo/android.widget.TextView - Youre Moments Away FromCustomized Vacation Experiences"), 0): Element 'Object Repository/Repo/android.widget.TextView - Youre Moments Away FromCustomized Vacation Experiences' is exist

08-05-2025T19:02:39 - [MESSAGE][WARNING] - Timeout '0' is invalid. Using default page load timeout: '30'

08-05-2025T19:02:39 - [MESSAGE][PASSED] - Element 'Object Repository/Repo/android.widget.TextView - Youre Moments Away FromCustomized Vacation Experiences' is exist

08-05-2025T19:02:39 - [TEST_STEP][PASSED] - delay(3): Delayed 3 second(s)

08-05-2025T19:02:42 - [MESSAGE][PASSED] - Delayed 3 second(s)

08-05-2025T19:02:42 - [TEST_STEP][PASSED] - text = getText(findTestObject("Object Repository/Repo/android.widget.TextView - Youre Moments Away FromCustomized Vacation Experiences"), 0): Text of element 'Object Repository/Repo/android.widget.TextView - Youre Moments Away FromCustomized Vacation Experiences' is: 'You’re Moments Away From
Customized Vacation Experiences.'

08-05-2025T19:02:42 - [MESSAGE][WARNING] - Timeout '0' is invalid. Using default page load timeout: '30'

08-05-2025T19:02:42 - [MESSAGE][PASSED] - Text of element 'Object Repository/Repo/android.widget.TextView - Youre Moments Away FromCustomized Vacation Experiences' is: 'You’re Moments Away From
Customized Vacation Experiences.'

08-05-2025T19:02:42 - [TEST_STEP][PASSED] - println("Text: " + text): null

08-05-2025T19:02:42 - [TEST_STEP][PASSED] - delay(3): Delayed 3 second(s)

08-05-2025T19:02:45 - [MESSAGE][PASSED] - Delayed 3 second(s)

08-05-2025T19:02:45 - [TEST_STEP][PASSED] - assert verifyElementExist(findTestObject("Object Repository/Repo/android.widget.Button - Login or Sign Up"), 0): Element 'Object Repository/Repo/android.widget.Button - Login or Sign Up' is exist

08-05-2025T19:02:45 - [MESSAGE][WARNING] - Timeout '0' is invalid. Using default page load timeout: '30'

08-05-2025T19:02:45 - [MESSAGE][PASSED] - Element 'Object Repository/Repo/android.widget.Button - Login or Sign Up' is exist

08-05-2025T19:02:45 - [TEST_STEP][PASSED] - delay(3): Delayed 3 second(s)

08-05-2025T19:02:48 - [MESSAGE][PASSED] - Delayed 3 second(s)

08-05-2025T19:02:48 - [TEST_STEP][PASSED] - assert verifyElementExist(findTestObject("Object Repository/Repo/android.view.View - Home"), 0): Element 'Object Repository/Repo/android.view.View - Home' is exist

08-05-2025T19:02:48 - [MESSAGE][WARNING] - Timeout '0' is invalid. Using default page load timeout: '30'

08-05-2025T19:02:48 - [MESSAGE][PASSED] - Element 'Object Repository/Repo/android.view.View - Home' is exist

08-05-2025T19:02:48 - [TEST_STEP][PASSED] - delay(3): Delayed 3 second(s)

08-05-2025T19:02:51 - [MESSAGE][PASSED] - Delayed 3 second(s)

08-05-2025T19:02:51 - [TEST_STEP][PASSED] - assert verifyElementExist(findTestObject("Object Repository/Repo/android.view.View - My Account"), 0): Element 'Object Repository/Repo/android.view.View - My Account' is exist

08-05-2025T19:02:51 - [MESSAGE][WARNING] - Timeout '0' is invalid. Using default page load timeout: '30'

08-05-2025T19:02:51 - [MESSAGE][PASSED] - Element 'Object Repository/Repo/android.view.View - My Account' is exist

08-05-2025T19:02:51 - [TEST_STEP][PASSED] - delay(3): Delayed 3 second(s)

08-05-2025T19:02:54 - [MESSAGE][PASSED] - Delayed 3 second(s)

08-05-2025T19:02:54 - [TEST_STEP][PASSED] - tap(findTestObject("Object Repository/Repo/android.widget.TextView - Vacation More. Get More"), 0): Tapped on element 'Object Repository/Repo/android.widget.TextView - Vacation More. Get More'

08-05-2025T19:02:54 - [MESSAGE][WARNING] - Timeout '0' is invalid. Using default page load timeout: '30'

08-05-2025T19:02:55 - [MESSAGE][PASSED] - Tapped on element 'Object Repository/Repo/android.widget.TextView - Vacation More. Get More'

08-05-2025T19:02:55 - [TEST_STEP][PASSED] - delay(3): Delayed 3 second(s)

08-05-2025T19:02:58 - [MESSAGE][PASSED] - Delayed 3 second(s)

08-05-2025T19:02:58 - [TEST_STEP][PASSED] - assert verifyElementVisible(findTestObject("Object Repository/Repo/android.widget.TextView - Vacation More. Get More"), 0): Element 'Object Repository/Repo/android.widget.TextView - Vacation More. Get More' is visible

08-05-2025T19:02:58 - [MESSAGE][WARNING] - Timeout '0' is invalid. Using default page load timeout: '30'

08-05-2025T19:02:58 - [MESSAGE][PASSED] - Element 'Object Repository/Repo/android.widget.TextView - Vacation More. Get More' is visible

08-05-2025T19:02:58 - [TEST_STEP][PASSED] - delay(3): Delayed 3 second(s)

08-05-2025T19:03:01 - [MESSAGE][PASSED] - Delayed 3 second(s)

08-05-2025T19:03:01 - [TEST_STEP][PASSED] - assert verifyElementVisible(findTestObject("Object Repository/Repo/android.widget.TextView - Explore Westgate Loyalty"), 0): Element 'Object Repository/Repo/android.widget.TextView - Explore Westgate Loyalty' is visible

08-05-2025T19:03:01 - [MESSAGE][WARNING] - Timeout '0' is invalid. Using default page load timeout: '30'

08-05-2025T19:03:01 - [MESSAGE][PASSED] - Element 'Object Repository/Repo/android.widget.TextView - Explore Westgate Loyalty' is visible

08-05-2025T19:03:01 - [TEST_STEP][PASSED] - closeApplication(): Close app successfully

08-05-2025T19:03:02 - [MESSAGE][PASSED] - Close app successfully]]></system-out>
         <system-err><![CDATA[]]></system-err>
      </testcase>
      <testcase name="Test Cases/Guest User Mode/C667_C668_GuestUserMode_TermsAndConditions_PrivacyPolicy" time="111.922" classname="Test Cases/Guest User Mode/C667_C668_GuestUserMode_TermsAndConditions_PrivacyPolicy" status="PASSED">
         <system-out><![CDATA[08-05-2025T19:03:02 - [TEST_CASE][PASSED] - Test Cases/Guest User Mode/C667_C668_GuestUserMode_TermsAndConditions_PrivacyPolicy: Test Cases/Guest User Mode/C667_C668_GuestUserMode_TermsAndConditions_PrivacyPolicy

08-05-2025T19:03:02 - [TEST_STEP][PASSED] - startApplication(appUrl, true): Started application: '/Users/gv.vignesh/Downloads/WGR-Android-Automation/App Folder/app-debug-2.99.86.apk'

08-05-2025T19:03:02 - [MESSAGE][INFO] - Starting application: '/Users/gv.vignesh/Downloads/WGR-Android-Automation/App Folder/app-debug-2.99.86.apk'

08-05-2025T19:03:02 - [MESSAGE][INFO] - User set preference: ['uiautomator2ServerInstallTimeout', '0']

08-05-2025T19:03:02 - [MESSAGE][INFO] - User set preference: ['deviceId', '']

08-05-2025T19:03:02 - [MESSAGE][INFO] - Detected NodeJS location: "/opt/homebrew/Cellar/node/23.10.0_1/bin/node"

08-05-2025T19:03:02 - [MESSAGE][INFO] - PATH: /opt/homebrew/Cellar/node/23.10.0_1/bin:/opt/homebrew/bin:/usr/bin:/bin:/usr/sbin:/sbin:/Applications/Katalon Studio Enterprise.app/Contents/Eclipse/jre/Contents/Home/bin:/usr/local/bin/

08-05-2025T19:03:02 - [MESSAGE][INFO] - APPIUM_HOME: /Users/gv.vignesh/.appium

08-05-2025T19:03:02 - [MESSAGE][INFO] - appium outlog: /Users/gv.vignesh/Downloads/WGR-Android-Automation/Reports/20250508_190217/Sprint-1/20250508_190217/appium.log

08-05-2025T19:03:02 - [MESSAGE][INFO] - appium errlog: /Users/gv.vignesh/Downloads/WGR-Android-Automation/Reports/20250508_190217/Sprint-1/20250508_190217/appium_error.log

08-05-2025T19:03:04 - [MESSAGE][INFO] - Appium server started on port 50,466

08-05-2025T19:03:08 - [MESSAGE][PASSED] - Started application: '/Users/gv.vignesh/Downloads/WGR-Android-Automation/App Folder/app-debug-2.99.86.apk'

08-05-2025T19:03:08 - [TEST_STEP][PASSED] - delay(10): Delayed 10 second(s)

08-05-2025T19:03:18 - [MESSAGE][PASSED] - Delayed 10 second(s)

08-05-2025T19:03:18 - [TEST_STEP][PASSED] - tap(findTestObject("Object Repository/Repo/android.widget.TextView - Continue as a Guest"), 0): Tapped on element 'Object Repository/Repo/android.widget.TextView - Continue as a Guest'

08-05-2025T19:03:18 - [MESSAGE][WARNING] - Timeout '0' is invalid. Using default page load timeout: '30'

08-05-2025T19:03:18 - [MESSAGE][PASSED] - Tapped on element 'Object Repository/Repo/android.widget.TextView - Continue as a Guest'

08-05-2025T19:03:18 - [TEST_STEP][PASSED] - delay(10): Delayed 10 second(s)

08-05-2025T19:03:28 - [MESSAGE][PASSED] - Delayed 10 second(s)

08-05-2025T19:03:28 - [TEST_STEP][PASSED] - tap(findTestObject("Object Repository/Repo/android.widget.Button - menu"), 0): Tapped on element 'Object Repository/Repo/android.widget.Button - menu'

08-05-2025T19:03:28 - [MESSAGE][WARNING] - Timeout '0' is invalid. Using default page load timeout: '30'

08-05-2025T19:03:28 - [MESSAGE][PASSED] - Tapped on element 'Object Repository/Repo/android.widget.Button - menu'

08-05-2025T19:03:28 - [TEST_STEP][PASSED] - delay(30): Delayed 30 second(s)

08-05-2025T19:03:58 - [MESSAGE][PASSED] - Delayed 30 second(s)

08-05-2025T19:03:58 - [TEST_STEP][PASSED] - tap(findTestObject("Object Repository/Repo/android.widget.TextView - Terms and Conditions-Menu"), 0): Tapped on element 'Object Repository/Repo/android.widget.TextView - Terms and Conditions-Menu'

08-05-2025T19:03:59 - [MESSAGE][WARNING] - Timeout '0' is invalid. Using default page load timeout: '30'

08-05-2025T19:03:59 - [MESSAGE][PASSED] - Tapped on element 'Object Repository/Repo/android.widget.TextView - Terms and Conditions-Menu'

08-05-2025T19:03:59 - [TEST_STEP][PASSED] - delay(10): Delayed 10 second(s)

08-05-2025T19:04:09 - [MESSAGE][PASSED] - Delayed 10 second(s)

08-05-2025T19:04:09 - [TEST_STEP][PASSED] - if (waitForElementPresent(findTestObject("Object Repository/Repo/android.view.View-Terms and conditions web"), 30, STOP_ON_FAILURE)): null

08-05-2025T19:04:09 - [MESSAGE][PASSED] - Element 'Object Repository/Repo/android.view.View-Terms and conditions web' is present

08-05-2025T19:04:09 - [TEST_STEP][PASSED] - println("Element 'android.view.View - Terms & Conditions-Webview' exists."): null

08-05-2025T19:04:09 - [TEST_STEP][PASSED] - delay(10): Delayed 10 second(s)

08-05-2025T19:04:19 - [MESSAGE][PASSED] - Delayed 10 second(s)

08-05-2025T19:04:19 - [TEST_STEP][PASSED] - tap(findTestObject("Object Repository/Repo/android.widget.ImageButton-Cancel web"), 0): Tapped on element 'Object Repository/Repo/android.widget.ImageButton-Cancel web'

08-05-2025T19:04:19 - [MESSAGE][WARNING] - Timeout '0' is invalid. Using default page load timeout: '30'

08-05-2025T19:04:19 - [MESSAGE][PASSED] - Tapped on element 'Object Repository/Repo/android.widget.ImageButton-Cancel web'

08-05-2025T19:04:19 - [TEST_STEP][PASSED] - delay(15): Delayed 15 second(s)

08-05-2025T19:04:34 - [MESSAGE][PASSED] - Delayed 15 second(s)

08-05-2025T19:04:34 - [TEST_STEP][PASSED] - tap(findTestObject("Object Repository/Repo/android.widget.Button - menu"), 0): Tapped on element 'Object Repository/Repo/android.widget.Button - menu'

08-05-2025T19:04:34 - [MESSAGE][WARNING] - Timeout '0' is invalid. Using default page load timeout: '30'

08-05-2025T19:04:34 - [MESSAGE][PASSED] - Tapped on element 'Object Repository/Repo/android.widget.Button - menu'

08-05-2025T19:04:34 - [TEST_STEP][PASSED] - delay(15): Delayed 15 second(s)

08-05-2025T19:04:49 - [MESSAGE][PASSED] - Delayed 15 second(s)

08-05-2025T19:04:49 - [TEST_STEP][PASSED] - tap(findTestObject("Object Repository/Repo/android.widget.TextView - Privacy Policy-Menu"), 0): Tapped on element 'Object Repository/Repo/android.widget.TextView - Privacy Policy-Menu'

08-05-2025T19:04:49 - [MESSAGE][WARNING] - Timeout '0' is invalid. Using default page load timeout: '30'

08-05-2025T19:04:49 - [MESSAGE][PASSED] - Tapped on element 'Object Repository/Repo/android.widget.TextView - Privacy Policy-Menu'

08-05-2025T19:04:49 - [TEST_STEP][PASSED] - if (waitForElementPresent(findTestObject("Object Repository/Repo/android.widget.TextView - Privacy Policy-web"), 30, STOP_ON_FAILURE)): null

08-05-2025T19:04:52 - [MESSAGE][PASSED] - Element 'Object Repository/Repo/android.widget.TextView - Privacy Policy-web' is present

08-05-2025T19:04:52 - [TEST_STEP][PASSED] - println("Element 'android.widget.TextView - Privacy Policy-web' exists."): null

08-05-2025T19:04:52 - [TEST_STEP][PASSED] - closeApplication(): Close app successfully

08-05-2025T19:04:54 - [MESSAGE][PASSED] - Close app successfully

08-05-2025T19:04:54 - [TEST_STEP][PASSED] - closeBrowser(): Browser is closed

08-05-2025T19:04:54 - [MESSAGE][PASSED] - Browser is closed]]></system-out>
         <system-err><![CDATA[]]></system-err>
      </testcase>
      <testcase name="Test Cases/Login Owner OR Renter/C735_C736_LoginOwnerOrRenter_TermsAndConditions_PrivacyPolicy" time="250.707" classname="Test Cases/Login Owner OR Renter/C735_C736_LoginOwnerOrRenter_TermsAndConditions_PrivacyPolicy" status="PASSED">
         <system-out><![CDATA[08-05-2025T19:04:54 - [TEST_CASE][PASSED] - Test Cases/Login Owner OR Renter/C735_C736_LoginOwnerOrRenter_TermsAndConditions_PrivacyPolicy: Test Cases/Login Owner OR Renter/C735_C736_LoginOwnerOrRenter_TermsAndConditions_PrivacyPolicy

08-05-2025T19:04:54 - [TEST_STEP][PASSED] - testData = findTestData("Data Files/LogiNewUser"): null

08-05-2025T19:04:54 - [TEST_STEP][PASSED] - email = testData.getValue("email", 1): null

08-05-2025T19:04:54 - [TEST_STEP][PASSED] - password = testData.getValue("password", 1): null

08-05-2025T19:04:54 - [TEST_STEP][PASSED] - startApplication(appUrl, true): Started application: '/Users/gv.vignesh/Downloads/WGR-Android-Automation/App Folder/app-debug-2.99.86.apk'

08-05-2025T19:04:54 - [MESSAGE][INFO] - Starting application: '/Users/gv.vignesh/Downloads/WGR-Android-Automation/App Folder/app-debug-2.99.86.apk'

08-05-2025T19:04:54 - [MESSAGE][INFO] - User set preference: ['uiautomator2ServerInstallTimeout', '0']

08-05-2025T19:04:54 - [MESSAGE][INFO] - User set preference: ['deviceId', '']

08-05-2025T19:04:54 - [MESSAGE][INFO] - Detected NodeJS location: "/opt/homebrew/Cellar/node/23.10.0_1/bin/node"

08-05-2025T19:04:54 - [MESSAGE][INFO] - PATH: /opt/homebrew/Cellar/node/23.10.0_1/bin:/opt/homebrew/bin:/usr/bin:/bin:/usr/sbin:/sbin:/Applications/Katalon Studio Enterprise.app/Contents/Eclipse/jre/Contents/Home/bin:/usr/local/bin/

08-05-2025T19:04:54 - [MESSAGE][INFO] - APPIUM_HOME: /Users/gv.vignesh/.appium

08-05-2025T19:04:54 - [MESSAGE][INFO] - appium outlog: /Users/gv.vignesh/Downloads/WGR-Android-Automation/Reports/20250508_190217/Sprint-1/20250508_190217/appium.log

08-05-2025T19:04:54 - [MESSAGE][INFO] - appium errlog: /Users/gv.vignesh/Downloads/WGR-Android-Automation/Reports/20250508_190217/Sprint-1/20250508_190217/appium_error.log

08-05-2025T19:04:56 - [MESSAGE][INFO] - Appium server started on port 50,937

08-05-2025T19:05:00 - [MESSAGE][PASSED] - Started application: '/Users/gv.vignesh/Downloads/WGR-Android-Automation/App Folder/app-debug-2.99.86.apk'

08-05-2025T19:05:00 - [TEST_STEP][PASSED] - delay(10): Delayed 10 second(s)

08-05-2025T19:05:10 - [MESSAGE][PASSED] - Delayed 10 second(s)

08-05-2025T19:05:10 - [TEST_STEP][PASSED] - tap(findTestObject("Object Repository/Repo/android.widget.Button - Login or Sign Up"), 0): Tapped on element 'Object Repository/Repo/android.widget.Button - Login or Sign Up'

08-05-2025T19:05:10 - [MESSAGE][WARNING] - Timeout '0' is invalid. Using default page load timeout: '30'

08-05-2025T19:05:11 - [MESSAGE][PASSED] - Tapped on element 'Object Repository/Repo/android.widget.Button - Login or Sign Up'

08-05-2025T19:05:11 - [TEST_STEP][PASSED] - delay(10): Delayed 10 second(s)

08-05-2025T19:05:21 - [MESSAGE][PASSED] - Delayed 10 second(s)

08-05-2025T19:05:21 - [TEST_STEP][PASSED] - sendKeys(findTestObject("Object Repository/Repo/android.widget.EditText-LoginorSignUp"), email): Send keys '0425201TM@WG.COM' on test object 'Object Repository/Repo/android.widget.EditText-LoginorSignUp' successfully.

08-05-2025T19:05:21 - [MESSAGE][PASSED] - Send keys '0425201TM@WG.COM' on test object 'Object Repository/Repo/android.widget.EditText-LoginorSignUp' successfully.

08-05-2025T19:05:21 - [TEST_STEP][PASSED] - delay(10): Delayed 10 second(s)

08-05-2025T19:05:31 - [MESSAGE][PASSED] - Delayed 10 second(s)

08-05-2025T19:05:31 - [TEST_STEP][PASSED] - tap(findTestObject("Object Repository/Repo/android.widget.Button - Next"), 0): Tapped on element 'Object Repository/Repo/android.widget.Button - Next'

08-05-2025T19:05:31 - [MESSAGE][WARNING] - Timeout '0' is invalid. Using default page load timeout: '30'

08-05-2025T19:05:31 - [MESSAGE][PASSED] - Tapped on element 'Object Repository/Repo/android.widget.Button - Next'

08-05-2025T19:05:31 - [TEST_STEP][PASSED] - delay(45): Delayed 45 second(s)

08-05-2025T19:06:16 - [MESSAGE][PASSED] - Delayed 45 second(s)

08-05-2025T19:06:16 - [TEST_STEP][PASSED] - setText(findTestObject("Object Repository/Repo/android.widget.EditText-OAM(Login)"), email, 0): Text '0425201TM@WG.COM' has been set to element 'Object Repository/Repo/android.widget.EditText-OAM(Login)'

08-05-2025T19:06:16 - [MESSAGE][WARNING] - Timeout '0' is invalid. Using default page load timeout: '30'

08-05-2025T19:06:17 - [MESSAGE][PASSED] - Text '0425201TM@WG.COM' has been set to element 'Object Repository/Repo/android.widget.EditText-OAM(Login)'

08-05-2025T19:06:17 - [TEST_STEP][PASSED] - hideKeyboard(): Keyboard is hidden

08-05-2025T19:06:19 - [MESSAGE][PASSED] - Keyboard is hidden

08-05-2025T19:06:19 - [TEST_STEP][PASSED] - delay(10): Delayed 10 second(s)

08-05-2025T19:06:29 - [MESSAGE][PASSED] - Delayed 10 second(s)

08-05-2025T19:06:29 - [TEST_STEP][PASSED] - setText(findTestObject("Object Repository/Repo/android.widget.EditText-OAM(Password)"), password, 0): Text 'password' has been set to element 'Object Repository/Repo/android.widget.EditText-OAM(Password)'

08-05-2025T19:06:29 - [MESSAGE][WARNING] - Timeout '0' is invalid. Using default page load timeout: '30'

08-05-2025T19:06:30 - [MESSAGE][PASSED] - Text 'password' has been set to element 'Object Repository/Repo/android.widget.EditText-OAM(Password)'

08-05-2025T19:06:30 - [TEST_STEP][PASSED] - hideKeyboard(): Keyboard is hidden

08-05-2025T19:06:31 - [MESSAGE][PASSED] - Keyboard is hidden

08-05-2025T19:06:31 - [TEST_STEP][PASSED] - delay(10): Delayed 10 second(s)

08-05-2025T19:06:41 - [MESSAGE][PASSED] - Delayed 10 second(s)

08-05-2025T19:06:41 - [TEST_STEP][PASSED] - tap(findTestObject("Object Repository/Repo/android.widget.Button -OAM(Login)"), 0): Tapped on element 'Object Repository/Repo/android.widget.Button -OAM(Login)'

08-05-2025T19:06:41 - [MESSAGE][WARNING] - Timeout '0' is invalid. Using default page load timeout: '30'

08-05-2025T19:06:42 - [MESSAGE][PASSED] - Tapped on element 'Object Repository/Repo/android.widget.Button -OAM(Login)'

08-05-2025T19:06:42 - [TEST_STEP][PASSED] - delay(20): Delayed 20 second(s)

08-05-2025T19:07:02 - [MESSAGE][PASSED] - Delayed 20 second(s)

08-05-2025T19:07:02 - [TEST_STEP][PASSED] - tap(findTestObject("Object Repository/Repo/android.view.View - Home"), 0, STOP_ON_FAILURE): Tapped on element 'Object Repository/Repo/android.view.View - Home'

08-05-2025T19:07:02 - [MESSAGE][WARNING] - Timeout '0' is invalid. Using default page load timeout: '30'

08-05-2025T19:07:02 - [MESSAGE][PASSED] - Tapped on element 'Object Repository/Repo/android.view.View - Home'

08-05-2025T19:07:02 - [TEST_STEP][PASSED] - delay(5): Delayed 5 second(s)

08-05-2025T19:07:07 - [MESSAGE][PASSED] - Delayed 5 second(s)

08-05-2025T19:07:07 - [TEST_STEP][PASSED] - tap(findTestObject("Object Repository/Repo/android.widget.Button - menu"), 0, STOP_ON_FAILURE): Tapped on element 'Object Repository/Repo/android.widget.Button - menu'

08-05-2025T19:07:07 - [MESSAGE][WARNING] - Timeout '0' is invalid. Using default page load timeout: '30'

08-05-2025T19:07:07 - [MESSAGE][PASSED] - Tapped on element 'Object Repository/Repo/android.widget.Button - menu'

08-05-2025T19:07:07 - [TEST_STEP][PASSED] - delay(20): Delayed 20 second(s)

08-05-2025T19:07:27 - [MESSAGE][PASSED] - Delayed 20 second(s)

08-05-2025T19:07:27 - [TEST_STEP][PASSED] - if (waitForElementPresent(findTestObject("Object Repository/Repo/android.widget.TextView - Terms and Conditions-Menu"), 10, CONTINUE_ON_FAILURE)): null

08-05-2025T19:07:27 - [MESSAGE][PASSED] - Element 'Object Repository/Repo/android.widget.TextView - Terms and Conditions-Menu' is present

08-05-2025T19:07:27 - [TEST_STEP][PASSED] - tap(findTestObject("Object Repository/Repo/android.widget.TextView - Terms and Conditions-Menu"), 0, STOP_ON_FAILURE): Tapped on element 'Object Repository/Repo/android.widget.TextView - Terms and Conditions-Menu'

08-05-2025T19:07:27 - [MESSAGE][WARNING] - Timeout '0' is invalid. Using default page load timeout: '30'

08-05-2025T19:07:27 - [MESSAGE][PASSED] - Tapped on element 'Object Repository/Repo/android.widget.TextView - Terms and Conditions-Menu'

08-05-2025T19:07:27 - [TEST_STEP][PASSED] - delay(20): Delayed 20 second(s)

08-05-2025T19:07:47 - [MESSAGE][PASSED] - Delayed 20 second(s)

08-05-2025T19:07:47 - [TEST_STEP][PASSED] - if (waitForElementPresent(findTestObject("Object Repository/Repo/android.view.View-Terms and conditions web"), 10, CONTINUE_ON_FAILURE)): null

08-05-2025T19:07:47 - [MESSAGE][PASSED] - Element 'Object Repository/Repo/android.view.View-Terms and conditions web' is present

08-05-2025T19:07:47 - [TEST_STEP][PASSED] - println("Element 'android.view.View - Terms & Conditions-Webview' exists."): null

08-05-2025T19:07:47 - [TEST_STEP][PASSED] - delay(20): Delayed 20 second(s)

08-05-2025T19:08:07 - [MESSAGE][PASSED] - Delayed 20 second(s)

08-05-2025T19:08:07 - [TEST_STEP][PASSED] - tap(findTestObject("Object Repository/Repo/android.widget.ImageButton-Cancel web"), 0, STOP_ON_FAILURE): Tapped on element 'Object Repository/Repo/android.widget.ImageButton-Cancel web'

08-05-2025T19:08:07 - [MESSAGE][WARNING] - Timeout '0' is invalid. Using default page load timeout: '30'

08-05-2025T19:08:07 - [MESSAGE][PASSED] - Tapped on element 'Object Repository/Repo/android.widget.ImageButton-Cancel web'

08-05-2025T19:08:07 - [TEST_STEP][PASSED] - delay(15): Delayed 15 second(s)

08-05-2025T19:08:22 - [MESSAGE][PASSED] - Delayed 15 second(s)

08-05-2025T19:08:22 - [TEST_STEP][PASSED] - tap(findTestObject("Object Repository/Repo/android.widget.Button - menu"), 0, STOP_ON_FAILURE): Tapped on element 'Object Repository/Repo/android.widget.Button - menu'

08-05-2025T19:08:22 - [MESSAGE][WARNING] - Timeout '0' is invalid. Using default page load timeout: '30'

08-05-2025T19:08:23 - [MESSAGE][PASSED] - Tapped on element 'Object Repository/Repo/android.widget.Button - menu'

08-05-2025T19:08:23 - [TEST_STEP][PASSED] - delay(20): Delayed 20 second(s)

08-05-2025T19:08:43 - [MESSAGE][PASSED] - Delayed 20 second(s)

08-05-2025T19:08:43 - [TEST_STEP][PASSED] - tap(findTestObject("Object Repository/Repo/android.widget.TextView - Privacy Policy-Menu"), 0, STOP_ON_FAILURE): Tapped on element 'Object Repository/Repo/android.widget.TextView - Privacy Policy-Menu'

08-05-2025T19:08:43 - [MESSAGE][WARNING] - Timeout '0' is invalid. Using default page load timeout: '30'

08-05-2025T19:08:43 - [MESSAGE][PASSED] - Tapped on element 'Object Repository/Repo/android.widget.TextView - Privacy Policy-Menu'

08-05-2025T19:08:43 - [TEST_STEP][PASSED] - delay(20): Delayed 20 second(s)

08-05-2025T19:09:03 - [MESSAGE][PASSED] - Delayed 20 second(s)

08-05-2025T19:09:03 - [TEST_STEP][PASSED] - if (waitForElementPresent(findTestObject("Object Repository/Repo/android.widget.TextView - Privacy Policy-web"), 20, STOP_ON_FAILURE)): null

08-05-2025T19:09:03 - [MESSAGE][PASSED] - Element 'Object Repository/Repo/android.widget.TextView - Privacy Policy-web' is present

08-05-2025T19:09:03 - [TEST_STEP][PASSED] - println("Element 'android.widget.TextView - Privacy Policy-web' exists."): null

08-05-2025T19:09:03 - [TEST_STEP][PASSED] - closeApplication(): Close app successfully

08-05-2025T19:09:05 - [MESSAGE][PASSED] - Close app successfully]]></system-out>
         <system-err><![CDATA[]]></system-err>
      </testcase>
      <system-out><![CDATA[08-05-2025T19:02:22 - [TEST_SUITE][PASSED] - Sprint-1: Test Cases/Login Owner OR Renter/C735_C736_LoginOwnerOrRenter_TermsAndConditions_PrivacyPolicy]]></system-out>
      <system-err><![CDATA[]]></system-err>
   </testsuite>
</testsuites>
