<?xml version="1.0" encoding="UTF-8"?>
<testsuites name="WRMA Android Regression" time="1991.609" tests="8" failures="0" errors="0">
   <testsuite name="WRMA Android Regression" tests="8" failures="0" errors="0" time="1991.609" skipped="0" timestamp="01-04-2025T10:36:30" hostname="**********" id="Test Suites/WRMA Android Regression">
      <properties>
         <property name="deviceName" value="emulator-5554 (sdk_gphone64_arm64 - Android 16)"/>
         <property name="devicePlatform" value="Android"/>
         <property name="logFolder" value="/Users/gv.vignesh/Downloads/WGR-Android-Automation/Reports/20250401_103625/WRMA Android Regression/20250401_103625"/>
         <property name="logFiles" value="/Users/gv.vignesh/Downloads/WGR-Android-Automation/Reports/20250401_103625/WRMA Android Regression/20250401_103625/execution0.log, /Users/gv.vignesh/Downloads/WGR-Android-Automation/Reports/20250401_103625/WRMA Android Regression/20250401_103625/appium_error.log, /Users/gv.vignesh/Downloads/WGR-Android-Automation/Reports/20250401_103625/WRMA Android Regression/20250401_103625/appium.log"/>
         <property name="attachments" value="/Users/gv.vignesh/Downloads/WGR-Android-Automation/Reports/20250401_103625/WRMA Android Regression/20250401_103625/1743484587612.png, /Users/gv.vignesh/Downloads/WGR-Android-Automation/Reports/20250401_103625/WRMA Android Regression/20250401_103625/1743484593373.png"/>
         <property name="hostName" value="**********"/>
         <property name="os" value="Mac OS X 64bit"/>
         <property name="appiumServerStatus" value="{&quot;value&quot;:{&quot;ready&quot;:true,&quot;message&quot;:&quot;The server is ready to accept new connections&quot;,&quot;build&quot;:{&quot;version&quot;:&quot;2.16.0&quot;,&quot;git-sha&quot;:&quot;f1041842141f20bc701b522d4371d7843d905580&quot;,&quot;built&quot;:&quot;2025-03-24 02:42:00 +0000&quot;}}}"/>
         <property name="katalonVersion" value="10.1.1.0"/>
         <property name="deviceOS" value="Android"/>
         <property name="appiumVersion" value="2.16.0"/>
         <property name="deviceModel" value="sdk_gphone64_arm64"/>
         <property name="hostAddress" value="**********"/>
         <property name="deviceManufacturer" value="Google"/>
         <property name="deviceId" value="emulator-5554"/>
         <property name="deviceName" value="emulator-5554 (sdk_gphone64_arm64 - Android 16)"/>
         <property name="deviceOSVersion" value="16"/>
      </properties>
      <testcase name="Test Cases/App Installation And Launching/C658-C667-C668_AppInstallationAndLaunching" time="136.502" classname="Test Cases/App Installation And Launching/C658-C667-C668_AppInstallationAndLaunching" status="PASSED">
         <system-out><![CDATA[01-04-2025T10:36:30 - [TEST_CASE][PASSED] - Test Cases/App Installation And Launching/C658-C667-C668_AppInstallationAndLaunching: Test Cases/App Installation And Launching/C658-C667-C668_AppInstallationAndLaunching

01-04-2025T10:36:30 - [TEST_STEP][PASSED] - startApplication(appUrl, true): Started application: '/Users/gv.vignesh/Downloads/WGR-Android-Automation/App Folder/universal.apk'

01-04-2025T10:36:30 - [MESSAGE][INFO] - Starting application: '/Users/gv.vignesh/Downloads/WGR-Android-Automation/App Folder/universal.apk'

01-04-2025T10:36:30 - [MESSAGE][INFO] - User set preference: ['deviceId', '']

01-04-2025T10:36:30 - [MESSAGE][INFO] - Detected NodeJS location: "/opt/homebrew/Cellar/node/23.10.0_1/bin/node"

01-04-2025T10:36:30 - [MESSAGE][INFO] - PATH: /opt/homebrew/Cellar/node/23.10.0_1/bin:/opt/homebrew/bin:/usr/bin:/bin:/usr/sbin:/sbin:/Applications/Katalon Studio Enterprise.app/Contents/Eclipse/jre/Contents/Home/bin:/usr/local/bin/

01-04-2025T10:36:30 - [MESSAGE][INFO] - APPIUM_HOME: /Users/gv.vignesh/.appium

01-04-2025T10:36:30 - [MESSAGE][INFO] - appium outlog: /Users/gv.vignesh/Downloads/WGR-Android-Automation/Reports/20250401_103625/WRMA Android Regression/20250401_103625/appium.log

01-04-2025T10:36:30 - [MESSAGE][INFO] - appium errlog: /Users/gv.vignesh/Downloads/WGR-Android-Automation/Reports/20250401_103625/WRMA Android Regression/20250401_103625/appium_error.log

01-04-2025T10:36:31 - [MESSAGE][INFO] - Appium server started on port 50,403

01-04-2025T10:36:39 - [MESSAGE][PASSED] - Started application: '/Users/gv.vignesh/Downloads/WGR-Android-Automation/App Folder/universal.apk'

01-04-2025T10:36:39 - [TEST_STEP][PASSED] - delay(3): Delayed 3 second(s)

01-04-2025T10:36:42 - [MESSAGE][PASSED] - Delayed 3 second(s)

01-04-2025T10:36:42 - [TEST_STEP][PASSED] - verifyElementExist(findTestObject("Object Repository/Repo/android.widget.TextView - Youre Moments Away FromCustomized Vacation Experiences"), 0): Element 'Object Repository/Repo/android.widget.TextView - Youre Moments Away FromCustomized Vacation Experiences' is exist

01-04-2025T10:36:42 - [MESSAGE][WARNING] - Timeout '0' is invalid. Using default page load timeout: '30'

01-04-2025T10:36:44 - [MESSAGE][PASSED] - Element 'Object Repository/Repo/android.widget.TextView - Youre Moments Away FromCustomized Vacation Experiences' is exist

01-04-2025T10:36:44 - [TEST_STEP][PASSED] - delay(3): Delayed 3 second(s)

01-04-2025T10:36:47 - [MESSAGE][PASSED] - Delayed 3 second(s)

01-04-2025T10:36:47 - [TEST_STEP][PASSED] - text = getText(findTestObject("Object Repository/Repo/android.widget.TextView - Youre Moments Away FromCustomized Vacation Experiences"), 0): Text of element 'Object Repository/Repo/android.widget.TextView - Youre Moments Away FromCustomized Vacation Experiences' is: 'You’re Moments Away From
Customized Vacation Experiences.'

01-04-2025T10:36:47 - [MESSAGE][WARNING] - Timeout '0' is invalid. Using default page load timeout: '30'

01-04-2025T10:36:47 - [MESSAGE][PASSED] - Text of element 'Object Repository/Repo/android.widget.TextView - Youre Moments Away FromCustomized Vacation Experiences' is: 'You’re Moments Away From
Customized Vacation Experiences.'

01-04-2025T10:36:47 - [TEST_STEP][PASSED] - println("Text: " + text): null

01-04-2025T10:36:47 - [TEST_STEP][PASSED] - delay(3): Delayed 3 second(s)

01-04-2025T10:36:50 - [MESSAGE][PASSED] - Delayed 3 second(s)

01-04-2025T10:36:50 - [TEST_STEP][PASSED] - verifyElementExist(findTestObject("Object Repository/Repo/android.widget.Button - Login or Sign Up"), 0): Element 'Object Repository/Repo/android.widget.Button - Login or Sign Up' is exist

01-04-2025T10:36:50 - [MESSAGE][WARNING] - Timeout '0' is invalid. Using default page load timeout: '30'

01-04-2025T10:36:51 - [MESSAGE][PASSED] - Element 'Object Repository/Repo/android.widget.Button - Login or Sign Up' is exist

01-04-2025T10:36:51 - [TEST_STEP][PASSED] - delay(3): Delayed 3 second(s)

01-04-2025T10:36:54 - [MESSAGE][PASSED] - Delayed 3 second(s)

01-04-2025T10:36:54 - [TEST_STEP][PASSED] - verifyElementExist(findTestObject("Object Repository/Repo/android.view.View - Home"), 0): Element 'Object Repository/Repo/android.view.View - Home' is exist

01-04-2025T10:36:54 - [MESSAGE][WARNING] - Timeout '0' is invalid. Using default page load timeout: '30'

01-04-2025T10:36:54 - [MESSAGE][PASSED] - Element 'Object Repository/Repo/android.view.View - Home' is exist

01-04-2025T10:36:54 - [TEST_STEP][PASSED] - delay(3): Delayed 3 second(s)

01-04-2025T10:36:57 - [MESSAGE][PASSED] - Delayed 3 second(s)

01-04-2025T10:36:57 - [TEST_STEP][PASSED] - verifyElementExist(findTestObject("Object Repository/Repo/android.view.View - My Account"), 0): Element 'Object Repository/Repo/android.view.View - My Account' is exist

01-04-2025T10:36:57 - [MESSAGE][WARNING] - Timeout '0' is invalid. Using default page load timeout: '30'

01-04-2025T10:36:57 - [MESSAGE][PASSED] - Element 'Object Repository/Repo/android.view.View - My Account' is exist

01-04-2025T10:36:57 - [TEST_STEP][PASSED] - delay(3): Delayed 3 second(s)

01-04-2025T10:37:00 - [MESSAGE][PASSED] - Delayed 3 second(s)

01-04-2025T10:37:00 - [TEST_STEP][PASSED] - tap(findTestObject("Object Repository/Repo/android.widget.TextView - Vacation More. Get More"), 0): Tapped on element 'Object Repository/Repo/android.widget.TextView - Vacation More. Get More'

01-04-2025T10:37:00 - [MESSAGE][WARNING] - Timeout '0' is invalid. Using default page load timeout: '30'

01-04-2025T10:37:00 - [MESSAGE][PASSED] - Tapped on element 'Object Repository/Repo/android.widget.TextView - Vacation More. Get More'

01-04-2025T10:37:00 - [TEST_STEP][PASSED] - delay(3): Delayed 3 second(s)

01-04-2025T10:37:03 - [MESSAGE][PASSED] - Delayed 3 second(s)

01-04-2025T10:37:03 - [TEST_STEP][PASSED] - verifyElementVisible(findTestObject("Object Repository/Repo/android.widget.TextView - Vacation More. Get More"), 0): Element 'Object Repository/Repo/android.widget.TextView - Vacation More. Get More' is visible

01-04-2025T10:37:03 - [MESSAGE][WARNING] - Timeout '0' is invalid. Using default page load timeout: '30'

01-04-2025T10:37:03 - [MESSAGE][PASSED] - Element 'Object Repository/Repo/android.widget.TextView - Vacation More. Get More' is visible

01-04-2025T10:37:03 - [TEST_STEP][PASSED] - delay(3): Delayed 3 second(s)

01-04-2025T10:37:06 - [MESSAGE][PASSED] - Delayed 3 second(s)

01-04-2025T10:37:06 - [TEST_STEP][PASSED] - verifyElementVisible(findTestObject("Object Repository/Repo/android.widget.TextView - Explore Westgate Loyalty"), 0): Element 'Object Repository/Repo/android.widget.TextView - Explore Westgate Loyalty' is visible

01-04-2025T10:37:06 - [MESSAGE][WARNING] - Timeout '0' is invalid. Using default page load timeout: '30'

01-04-2025T10:37:06 - [MESSAGE][PASSED] - Element 'Object Repository/Repo/android.widget.TextView - Explore Westgate Loyalty' is visible

01-04-2025T10:37:06 - [TEST_STEP][PASSED] - delay(3): Delayed 3 second(s)

01-04-2025T10:37:09 - [MESSAGE][PASSED] - Delayed 3 second(s)

01-04-2025T10:37:09 - [TEST_STEP][PASSED] - tap(findTestObject("Object Repository/Repo/android.widget.TextView - Continue as a Guest"), 0): Tapped on element 'Object Repository/Repo/android.widget.TextView - Continue as a Guest'

01-04-2025T10:37:09 - [MESSAGE][WARNING] - Timeout '0' is invalid. Using default page load timeout: '30'

01-04-2025T10:37:09 - [MESSAGE][PASSED] - Tapped on element 'Object Repository/Repo/android.widget.TextView - Continue as a Guest'

01-04-2025T10:37:09 - [TEST_STEP][PASSED] - isElementVisible = waitForElementPresent(findTestObject("Object Repository/Repo/android.widget.TextView - Continue as a Guest"), 10): Element 'Object Repository/Repo/android.widget.TextView - Continue as a Guest' is present

01-04-2025T10:37:09 - [MESSAGE][PASSED] - Element 'Object Repository/Repo/android.widget.TextView - Continue as a Guest' is present

01-04-2025T10:37:09 - [TEST_STEP][PASSED] - if (!(isElementVisible)): null

01-04-2025T10:37:09 - [TEST_STEP][PASSED] - else: Failed: Expected element not found after tapping 'Continue as a Guest.

01-04-2025T10:37:09 - [TEST_STEP][PASSED] - logInfo("Failed: Expected element not found after tapping 'Continue as a Guest."): Failed: Expected element not found after tapping 'Continue as a Guest.

01-04-2025T10:37:09 - [MESSAGE][INFO] - Failed: Expected element not found after tapping 'Continue as a Guest.

01-04-2025T10:37:09 - [TEST_STEP][PASSED] - delay(10): Delayed 10 second(s)

01-04-2025T10:37:19 - [MESSAGE][PASSED] - Delayed 10 second(s)

01-04-2025T10:37:19 - [TEST_STEP][PASSED] - tap(findTestObject("Object Repository/Repo/android.widget.Button - menu"), 0): Tapped on element 'Object Repository/Repo/android.widget.Button - menu'

01-04-2025T10:37:19 - [MESSAGE][WARNING] - Timeout '0' is invalid. Using default page load timeout: '30'

01-04-2025T10:37:19 - [MESSAGE][PASSED] - Tapped on element 'Object Repository/Repo/android.widget.Button - menu'

01-04-2025T10:37:19 - [TEST_STEP][PASSED] - delay(30): Delayed 30 second(s)

01-04-2025T10:37:49 - [MESSAGE][PASSED] - Delayed 30 second(s)

01-04-2025T10:37:49 - [TEST_STEP][PASSED] - tap(findTestObject("Object Repository/Repo/android.widget.TextView - Terms and Conditions-Menu"), 0): Tapped on element 'Object Repository/Repo/android.widget.TextView - Terms and Conditions-Menu'

01-04-2025T10:37:49 - [MESSAGE][WARNING] - Timeout '0' is invalid. Using default page load timeout: '30'

01-04-2025T10:37:50 - [MESSAGE][PASSED] - Tapped on element 'Object Repository/Repo/android.widget.TextView - Terms and Conditions-Menu'

01-04-2025T10:37:50 - [TEST_STEP][PASSED] - delay(10): Delayed 10 second(s)

01-04-2025T10:38:00 - [MESSAGE][PASSED] - Delayed 10 second(s)

01-04-2025T10:38:00 - [TEST_STEP][PASSED] - if (waitForElementPresent(findTestObject("Object Repository/Repo/android.view.View-Terms and conditions web"), 30, CONTINUE_ON_FAILURE)): null

01-04-2025T10:38:00 - [MESSAGE][PASSED] - Element 'Object Repository/Repo/android.view.View-Terms and conditions web' is present

01-04-2025T10:38:00 - [TEST_STEP][PASSED] - println("Element 'android.view.View - Terms & Conditions-Webview' exists."): null

01-04-2025T10:38:00 - [TEST_STEP][PASSED] - delay(10): Delayed 10 second(s)

01-04-2025T10:38:10 - [MESSAGE][PASSED] - Delayed 10 second(s)

01-04-2025T10:38:10 - [TEST_STEP][PASSED] - tap(findTestObject("Object Repository/Repo/android.widget.ImageButton-Cancel web"), 0): Tapped on element 'Object Repository/Repo/android.widget.ImageButton-Cancel web'

01-04-2025T10:38:10 - [MESSAGE][WARNING] - Timeout '0' is invalid. Using default page load timeout: '30'

01-04-2025T10:38:10 - [MESSAGE][PASSED] - Tapped on element 'Object Repository/Repo/android.widget.ImageButton-Cancel web'

01-04-2025T10:38:10 - [TEST_STEP][PASSED] - delay(15): Delayed 15 second(s)

01-04-2025T10:38:25 - [MESSAGE][PASSED] - Delayed 15 second(s)

01-04-2025T10:38:25 - [TEST_STEP][PASSED] - tap(findTestObject("Object Repository/Repo/android.widget.Button - menu"), 0): Tapped on element 'Object Repository/Repo/android.widget.Button - menu'

01-04-2025T10:38:25 - [MESSAGE][WARNING] - Timeout '0' is invalid. Using default page load timeout: '30'

01-04-2025T10:38:26 - [MESSAGE][PASSED] - Tapped on element 'Object Repository/Repo/android.widget.Button - menu'

01-04-2025T10:38:26 - [TEST_STEP][PASSED] - delay(15): Delayed 15 second(s)

01-04-2025T10:38:41 - [MESSAGE][PASSED] - Delayed 15 second(s)

01-04-2025T10:38:41 - [TEST_STEP][PASSED] - tap(findTestObject("Object Repository/Repo/android.widget.TextView - Privacy Policy-Menu"), 0): Tapped on element 'Object Repository/Repo/android.widget.TextView - Privacy Policy-Menu'

01-04-2025T10:38:41 - [MESSAGE][WARNING] - Timeout '0' is invalid. Using default page load timeout: '30'

01-04-2025T10:38:41 - [MESSAGE][PASSED] - Tapped on element 'Object Repository/Repo/android.widget.TextView - Privacy Policy-Menu'

01-04-2025T10:38:41 - [TEST_STEP][PASSED] - if (waitForElementPresent(findTestObject("Object Repository/Repo/android.widget.TextView - Privacy Policy-web"), 30, CONTINUE_ON_FAILURE)): null

01-04-2025T10:38:45 - [MESSAGE][PASSED] - Element 'Object Repository/Repo/android.widget.TextView - Privacy Policy-web' is present

01-04-2025T10:38:45 - [TEST_STEP][PASSED] - println("Element 'android.widget.TextView - Privacy Policy-web' exists."): null

01-04-2025T10:38:45 - [TEST_STEP][PASSED] - closeApplication(): Close app successfully

01-04-2025T10:38:46 - [MESSAGE][PASSED] - Close app successfully

01-04-2025T10:38:46 - [TEST_STEP][PASSED] - closeBrowser(): Browser is closed

01-04-2025T10:38:46 - [MESSAGE][PASSED] - Browser is closed]]></system-out>
         <system-err><![CDATA[]]></system-err>
      </testcase>
      <testcase name="Test Cases/Guest User Mode/C666-C719-C738_GuestUserMode" time="79.228" classname="Test Cases/Guest User Mode/C666-C719-C738_GuestUserMode" status="PASSED">
         <system-out><![CDATA[01-04-2025T10:38:46 - [TEST_CASE][PASSED] - Test Cases/Guest User Mode/C666-C719-C738_GuestUserMode: Test Cases/Guest User Mode/C666-C719-C738_GuestUserMode

01-04-2025T10:38:46 - [TEST_STEP][PASSED] - startApplication(appUrl, true): Started application: '/Users/gv.vignesh/Downloads/WGR-Android-Automation/App Folder/universal.apk'

01-04-2025T10:38:46 - [MESSAGE][INFO] - Starting application: '/Users/gv.vignesh/Downloads/WGR-Android-Automation/App Folder/universal.apk'

01-04-2025T10:38:46 - [MESSAGE][INFO] - User set preference: ['deviceId', '']

01-04-2025T10:38:46 - [MESSAGE][INFO] - Detected NodeJS location: "/opt/homebrew/Cellar/node/23.10.0_1/bin/node"

01-04-2025T10:38:46 - [MESSAGE][INFO] - PATH: /opt/homebrew/Cellar/node/23.10.0_1/bin:/opt/homebrew/bin:/usr/bin:/bin:/usr/sbin:/sbin:/Applications/Katalon Studio Enterprise.app/Contents/Eclipse/jre/Contents/Home/bin:/usr/local/bin/

01-04-2025T10:38:46 - [MESSAGE][INFO] - APPIUM_HOME: /Users/gv.vignesh/.appium

01-04-2025T10:38:46 - [MESSAGE][INFO] - appium outlog: /Users/gv.vignesh/Downloads/WGR-Android-Automation/Reports/20250401_103625/WRMA Android Regression/20250401_103625/appium.log

01-04-2025T10:38:46 - [MESSAGE][INFO] - appium errlog: /Users/gv.vignesh/Downloads/WGR-Android-Automation/Reports/20250401_103625/WRMA Android Regression/20250401_103625/appium_error.log

01-04-2025T10:38:47 - [MESSAGE][INFO] - Appium server started on port 50,913

01-04-2025T10:38:53 - [MESSAGE][PASSED] - Started application: '/Users/gv.vignesh/Downloads/WGR-Android-Automation/App Folder/universal.apk'

01-04-2025T10:38:53 - [TEST_STEP][PASSED] - delay(10): Delayed 10 second(s)

01-04-2025T10:39:03 - [MESSAGE][PASSED] - Delayed 10 second(s)

01-04-2025T10:39:03 - [TEST_STEP][PASSED] - tap(findTestObject("Object Repository/Repo/android.widget.TextView - Continue as a Guest"), 0): Tapped on element 'Object Repository/Repo/android.widget.TextView - Continue as a Guest'

01-04-2025T10:39:03 - [MESSAGE][WARNING] - Timeout '0' is invalid. Using default page load timeout: '30'

01-04-2025T10:39:04 - [MESSAGE][PASSED] - Tapped on element 'Object Repository/Repo/android.widget.TextView - Continue as a Guest'

01-04-2025T10:39:04 - [TEST_STEP][PASSED] - delay(10): Delayed 10 second(s)

01-04-2025T10:39:14 - [MESSAGE][PASSED] - Delayed 10 second(s)

01-04-2025T10:39:14 - [TEST_STEP][PASSED] - tap(findTestObject("Object Repository/Repo/android.widget.Button - menu"), 0): Tapped on element 'Object Repository/Repo/android.widget.Button - menu'

01-04-2025T10:39:14 - [MESSAGE][WARNING] - Timeout '0' is invalid. Using default page load timeout: '30'

01-04-2025T10:39:14 - [MESSAGE][PASSED] - Tapped on element 'Object Repository/Repo/android.widget.Button - menu'

01-04-2025T10:39:14 - [TEST_STEP][PASSED] - delay(20): Delayed 20 second(s)

01-04-2025T10:39:34 - [MESSAGE][PASSED] - Delayed 20 second(s)

01-04-2025T10:39:34 - [TEST_STEP][PASSED] - tap(findTestObject("Object Repository/Repo/android.widget.TabWidget-Settings"), 0): Tapped on element 'Object Repository/Repo/android.widget.TabWidget-Settings'

01-04-2025T10:39:34 - [MESSAGE][WARNING] - Timeout '0' is invalid. Using default page load timeout: '30'

01-04-2025T10:39:34 - [MESSAGE][PASSED] - Tapped on element 'Object Repository/Repo/android.widget.TabWidget-Settings'

01-04-2025T10:39:34 - [TEST_STEP][PASSED] - delay(10): Delayed 10 second(s)

01-04-2025T10:39:44 - [MESSAGE][PASSED] - Delayed 10 second(s)

01-04-2025T10:39:44 - [TEST_STEP][PASSED] - actualVersionText = getText(findTestObject("Object Repository/Repo/android.widget.Button - Version 2.81.111"), 0): Text of element 'Object Repository/Repo/android.widget.Button - Version 2.81.111' is: 'Version 2.81.111'

01-04-2025T10:39:44 - [MESSAGE][WARNING] - Timeout '0' is invalid. Using default page load timeout: '30'

01-04-2025T10:39:44 - [MESSAGE][PASSED] - Text of element 'Object Repository/Repo/android.widget.Button - Version 2.81.111' is: 'Version 2.81.111'

01-04-2025T10:39:44 - [TEST_STEP][PASSED] - expectedVersionText = "Version 2.81.111": null

01-04-2025T10:39:44 - [TEST_STEP][PASSED] - assert actualVersionText == expectedVersionText: null

01-04-2025T10:39:44 - [TEST_STEP][PASSED] - println(Version verification successful: $actualVersionText): null

01-04-2025T10:39:44 - [TEST_STEP][PASSED] - tap(findTestObject("Object Repository/Repo/android.widget.Button - menu"), 0): Tapped on element 'Object Repository/Repo/android.widget.Button - menu'

01-04-2025T10:39:44 - [MESSAGE][WARNING] - Timeout '0' is invalid. Using default page load timeout: '30'

01-04-2025T10:39:44 - [MESSAGE][PASSED] - Tapped on element 'Object Repository/Repo/android.widget.Button - menu'

01-04-2025T10:39:44 - [TEST_STEP][PASSED] - delay(10): Delayed 10 second(s)

01-04-2025T10:39:54 - [MESSAGE][PASSED] - Delayed 10 second(s)

01-04-2025T10:39:54 - [TEST_STEP][PASSED] - homeElementExists = verifyElementExist(findTestObject("Object Repository/Repo/android.view.View - Home"), 0): Element 'Object Repository/Repo/android.view.View - Home' is exist

01-04-2025T10:39:54 - [MESSAGE][WARNING] - Timeout '0' is invalid. Using default page load timeout: '30'

01-04-2025T10:39:54 - [MESSAGE][PASSED] - Element 'Object Repository/Repo/android.view.View - Home' is exist

01-04-2025T10:39:54 - [TEST_STEP][PASSED] - assert homeElementExists : "Element 'Home' does not exist.": null

01-04-2025T10:39:54 - [TEST_STEP][PASSED] - homeText = getText(findTestObject("Object Repository/Repo/android.view.View - Home"), 0): Text of element 'Object Repository/Repo/android.view.View - Home' is: 'Home'

01-04-2025T10:39:54 - [MESSAGE][WARNING] - Timeout '0' is invalid. Using default page load timeout: '30'

01-04-2025T10:39:54 - [MESSAGE][PASSED] - Text of element 'Object Repository/Repo/android.view.View - Home' is: 'Home'

01-04-2025T10:39:54 - [TEST_STEP][PASSED] - assert homeText == "Home": null

01-04-2025T10:39:54 - [TEST_STEP][PASSED] - println("Home screen verification successful."): null

01-04-2025T10:39:54 - [TEST_STEP][PASSED] - tap(findTestObject("Object Repository/Repo/android.view.View - My Account"), 0): Tapped on element 'Object Repository/Repo/android.view.View - My Account'

01-04-2025T10:39:54 - [MESSAGE][WARNING] - Timeout '0' is invalid. Using default page load timeout: '30'

01-04-2025T10:39:54 - [MESSAGE][PASSED] - Tapped on element 'Object Repository/Repo/android.view.View - My Account'

01-04-2025T10:39:54 - [TEST_STEP][PASSED] - delay(10): Delayed 10 second(s)

01-04-2025T10:40:04 - [MESSAGE][PASSED] - Delayed 10 second(s)

01-04-2025T10:40:04 - [TEST_STEP][PASSED] - myAccountElementExists = verifyElementExist(findTestObject("Object Repository/Repo/android.view.View - My Account"), 0): Element 'Object Repository/Repo/android.view.View - My Account' is exist

01-04-2025T10:40:04 - [MESSAGE][WARNING] - Timeout '0' is invalid. Using default page load timeout: '30'

01-04-2025T10:40:04 - [MESSAGE][PASSED] - Element 'Object Repository/Repo/android.view.View - My Account' is exist

01-04-2025T10:40:04 - [TEST_STEP][PASSED] - assert myAccountElementExists : "Element 'My Account' does not exist.": null

01-04-2025T10:40:04 - [TEST_STEP][PASSED] - myAccountText = getText(findTestObject("Object Repository/Repo/android.view.View - My Account"), 0): Text of element 'Object Repository/Repo/android.view.View - My Account' is: 'My Account'

01-04-2025T10:40:04 - [MESSAGE][WARNING] - Timeout '0' is invalid. Using default page load timeout: '30'

01-04-2025T10:40:04 - [MESSAGE][PASSED] - Text of element 'Object Repository/Repo/android.view.View - My Account' is: 'My Account'

01-04-2025T10:40:04 - [TEST_STEP][PASSED] - assert myAccountText == "My Account": null

01-04-2025T10:40:04 - [TEST_STEP][PASSED] - println("My Account screen verification successful."): null

01-04-2025T10:40:04 - [TEST_STEP][PASSED] - println("All test verifications completed successfully!"): null

01-04-2025T10:40:04 - [TEST_STEP][PASSED] - closeApplication(): Close app successfully

01-04-2025T10:40:06 - [MESSAGE][PASSED] - Close app successfully

01-04-2025T10:40:06 - [TEST_STEP][PASSED] - closeBrowser(): Browser is closed

01-04-2025T10:40:06 - [MESSAGE][PASSED] - Browser is closed]]></system-out>
         <system-err><![CDATA[]]></system-err>
      </testcase>
      <testcase name="Test Cases/Guest User Mode/C764-C793_GuestUserMode" time="154.565" classname="Test Cases/Guest User Mode/C764-C793_GuestUserMode" status="PASSED">
         <system-out><![CDATA[01-04-2025T10:40:06 - [TEST_CASE][PASSED] - Test Cases/Guest User Mode/C764-C793_GuestUserMode: Test Cases/Guest User Mode/C764-C793_GuestUserMode

01-04-2025T10:40:06 - [TEST_STEP][PASSED] - startApplication("/Users/gv.vignesh/Downloads/WGR-Android-Automation/App Folder/app-debug.apk", true): Started application: '/Users/gv.vignesh/Downloads/WGR-Android-Automation/App Folder/app-debug.apk'

01-04-2025T10:40:06 - [MESSAGE][INFO] - Starting application: '/Users/gv.vignesh/Downloads/WGR-Android-Automation/App Folder/app-debug.apk'

01-04-2025T10:40:06 - [MESSAGE][INFO] - User set preference: ['deviceId', '']

01-04-2025T10:40:06 - [MESSAGE][INFO] - Detected NodeJS location: "/opt/homebrew/Cellar/node/23.10.0_1/bin/node"

01-04-2025T10:40:06 - [MESSAGE][INFO] - PATH: /opt/homebrew/Cellar/node/23.10.0_1/bin:/opt/homebrew/bin:/usr/bin:/bin:/usr/sbin:/sbin:/Applications/Katalon Studio Enterprise.app/Contents/Eclipse/jre/Contents/Home/bin:/usr/local/bin/

01-04-2025T10:40:06 - [MESSAGE][INFO] - APPIUM_HOME: /Users/gv.vignesh/.appium

01-04-2025T10:40:06 - [MESSAGE][INFO] - appium outlog: /Users/gv.vignesh/Downloads/WGR-Android-Automation/Reports/20250401_103625/WRMA Android Regression/20250401_103625/appium.log

01-04-2025T10:40:06 - [MESSAGE][INFO] - appium errlog: /Users/gv.vignesh/Downloads/WGR-Android-Automation/Reports/20250401_103625/WRMA Android Regression/20250401_103625/appium_error.log

01-04-2025T10:40:07 - [MESSAGE][INFO] - Appium server started on port 51,107

01-04-2025T10:40:11 - [MESSAGE][PASSED] - Started application: '/Users/gv.vignesh/Downloads/WGR-Android-Automation/App Folder/app-debug.apk'

01-04-2025T10:40:11 - [TEST_STEP][PASSED] - delay(10): Delayed 10 second(s)

01-04-2025T10:40:21 - [MESSAGE][PASSED] - Delayed 10 second(s)

01-04-2025T10:40:21 - [TEST_STEP][PASSED] - verifyElementExist(findTestObject("Object Repository/Repo/android.view.View - Home"), 0): Element 'Object Repository/Repo/android.view.View - Home' is exist

01-04-2025T10:40:21 - [MESSAGE][WARNING] - Timeout '0' is invalid. Using default page load timeout: '30'

01-04-2025T10:40:22 - [MESSAGE][PASSED] - Element 'Object Repository/Repo/android.view.View - Home' is exist

01-04-2025T10:40:22 - [TEST_STEP][PASSED] - delay(5): Delayed 5 second(s)

01-04-2025T10:40:27 - [MESSAGE][PASSED] - Delayed 5 second(s)

01-04-2025T10:40:27 - [TEST_STEP][PASSED] - tap(findTestObject("Object Repository/Repo/android.view.View - Home"), 0): Tapped on element 'Object Repository/Repo/android.view.View - Home'

01-04-2025T10:40:27 - [MESSAGE][WARNING] - Timeout '0' is invalid. Using default page load timeout: '30'

01-04-2025T10:40:27 - [MESSAGE][PASSED] - Tapped on element 'Object Repository/Repo/android.view.View - Home'

01-04-2025T10:40:27 - [TEST_STEP][PASSED] - delay(10): Delayed 10 second(s)

01-04-2025T10:40:37 - [MESSAGE][PASSED] - Delayed 10 second(s)

01-04-2025T10:40:37 - [TEST_STEP][PASSED] - verifyElementExist(findTestObject("Object Repository/Repo/android.view.View - Home (1)"), 0): Element 'Object Repository/Repo/android.view.View - Home (1)' is exist

01-04-2025T10:40:37 - [MESSAGE][WARNING] - Timeout '0' is invalid. Using default page load timeout: '30'

01-04-2025T10:40:37 - [MESSAGE][PASSED] - Element 'Object Repository/Repo/android.view.View - Home (1)' is exist

01-04-2025T10:40:37 - [TEST_STEP][PASSED] - delay(5): Delayed 5 second(s)

01-04-2025T10:40:42 - [MESSAGE][PASSED] - Delayed 5 second(s)

01-04-2025T10:40:42 - [TEST_STEP][PASSED] - verifyElementExist(findTestObject("Object Repository/Repo/android.widget.TextView-Slide"), 0): Element 'Object Repository/Repo/android.widget.TextView-Slide' is exist

01-04-2025T10:40:42 - [MESSAGE][WARNING] - Timeout '0' is invalid. Using default page load timeout: '30'

01-04-2025T10:40:42 - [MESSAGE][PASSED] - Element 'Object Repository/Repo/android.widget.TextView-Slide' is exist

01-04-2025T10:40:42 - [TEST_STEP][PASSED] - startX = 1000: null

01-04-2025T10:40:42 - [TEST_STEP][PASSED] - startY = 2000: null

01-04-2025T10:40:42 - [TEST_STEP][PASSED] - endX = 200: null

01-04-2025T10:40:42 - [TEST_STEP][PASSED] - endY = 1000: null

01-04-2025T10:40:42 - [TEST_STEP][PASSED] - swipe(startX, startY, endX, endY): Swiped from 1,000,2,000 to 200,1,000

01-04-2025T10:40:43 - [MESSAGE][PASSED] - Swiped from 1,000,2,000 to 200,1,000

01-04-2025T10:40:43 - [TEST_STEP][PASSED] - delay(5): Delayed 5 second(s)

01-04-2025T10:40:48 - [MESSAGE][PASSED] - Delayed 5 second(s)

01-04-2025T10:40:48 - [TEST_STEP][PASSED] - homeText = View - Home (1)"), 0).trim(): Text of element 'Object Repository/Repo/android.view.View - Home (1)' is: 'Home'

01-04-2025T10:40:48 - [MESSAGE][WARNING] - Timeout '0' is invalid. Using default page load timeout: '30'

01-04-2025T10:40:48 - [MESSAGE][PASSED] - Text of element 'Object Repository/Repo/android.view.View - Home (1)' is: 'Home'

01-04-2025T10:40:48 - [TEST_STEP][PASSED] - println("Home Text: " + homeText): null

01-04-2025T10:40:48 - [TEST_STEP][PASSED] - verifyEqual(homeText, "Home", STOP_ON_FAILURE): Actual object 'Home' and expected object 'Home' are equal

01-04-2025T10:40:48 - [MESSAGE][PASSED] - Actual object 'Home' and expected object 'Home' are equal

01-04-2025T10:40:48 - [TEST_STEP][PASSED] - delay(5): Delayed 5 second(s)

01-04-2025T10:40:53 - [MESSAGE][PASSED] - Delayed 5 second(s)

01-04-2025T10:40:53 - [TEST_STEP][PASSED] - verifyElementExist(findTestObject("Object Repository/Repo/android.view.View - My Account (1)"), 0): Element 'Object Repository/Repo/android.view.View - My Account (1)' is exist

01-04-2025T10:40:53 - [MESSAGE][WARNING] - Timeout '0' is invalid. Using default page load timeout: '30'

01-04-2025T10:40:53 - [MESSAGE][PASSED] - Element 'Object Repository/Repo/android.view.View - My Account (1)' is exist

01-04-2025T10:40:53 - [TEST_STEP][PASSED] - delay(5): Delayed 5 second(s)

01-04-2025T10:40:58 - [MESSAGE][PASSED] - Delayed 5 second(s)

01-04-2025T10:40:58 - [TEST_STEP][PASSED] - myAccountText = View - My Account (1)"), 0).trim(): Text of element 'Object Repository/Repo/android.view.View - My Account (1)' is: 'My Account'

01-04-2025T10:40:58 - [MESSAGE][WARNING] - Timeout '0' is invalid. Using default page load timeout: '30'

01-04-2025T10:40:58 - [MESSAGE][PASSED] - Text of element 'Object Repository/Repo/android.view.View - My Account (1)' is: 'My Account'

01-04-2025T10:40:58 - [TEST_STEP][PASSED] - println("My Account Text: " + myAccountText): null

01-04-2025T10:40:58 - [TEST_STEP][PASSED] - verifyEqual(myAccountText, "My Account", STOP_ON_FAILURE): Actual object 'My Account' and expected object 'My Account' are equal

01-04-2025T10:40:58 - [MESSAGE][PASSED] - Actual object 'My Account' and expected object 'My Account' are equal

01-04-2025T10:40:58 - [TEST_STEP][PASSED] - delay(15): Delayed 15 second(s)

01-04-2025T10:41:13 - [MESSAGE][PASSED] - Delayed 15 second(s)

01-04-2025T10:41:13 - [TEST_STEP][PASSED] - scrollToText("Recommended for you"): Scrolling to text 'Recommended for you' successfully

01-04-2025T10:41:17 - [MESSAGE][PASSED] - Scrolling to text 'Recommended for you' successfully

01-04-2025T10:41:17 - [TEST_STEP][PASSED] - delay(5): Delayed 5 second(s)

01-04-2025T10:41:22 - [MESSAGE][PASSED] - Delayed 5 second(s)

01-04-2025T10:41:22 - [TEST_STEP][PASSED] - verifyElementExist(findTestObject("Object Repository/Repo/android.widget.TextView - RECOMMENDED FOR YOU"), 0): Element 'Object Repository/Repo/android.widget.TextView - RECOMMENDED FOR YOU' is exist

01-04-2025T10:41:22 - [MESSAGE][WARNING] - Timeout '0' is invalid. Using default page load timeout: '30'

01-04-2025T10:41:22 - [MESSAGE][PASSED] - Element 'Object Repository/Repo/android.widget.TextView - RECOMMENDED FOR YOU' is exist

01-04-2025T10:41:22 - [TEST_STEP][PASSED] - delay(5): Delayed 5 second(s)

01-04-2025T10:41:27 - [MESSAGE][PASSED] - Delayed 5 second(s)

01-04-2025T10:41:27 - [TEST_STEP][PASSED] - recommendedText = TextView - RECOMMENDED FOR YOU"), 0).trim(): Text of element 'Object Repository/Repo/android.widget.TextView - RECOMMENDED FOR YOU' is: 'RECOMMENDED FOR YOU'

01-04-2025T10:41:27 - [MESSAGE][WARNING] - Timeout '0' is invalid. Using default page load timeout: '30'

01-04-2025T10:41:27 - [MESSAGE][PASSED] - Text of element 'Object Repository/Repo/android.widget.TextView - RECOMMENDED FOR YOU' is: 'RECOMMENDED FOR YOU'

01-04-2025T10:41:27 - [TEST_STEP][PASSED] - println("Recommended Text: " + recommendedText): null

01-04-2025T10:41:27 - [TEST_STEP][PASSED] - verifyEqual(recommendedText, "RECOMMENDED FOR YOU", STOP_ON_FAILURE): Actual object 'RECOMMENDED FOR YOU' and expected object 'RECOMMENDED FOR YOU' are equal

01-04-2025T10:41:27 - [MESSAGE][PASSED] - Actual object 'RECOMMENDED FOR YOU' and expected object 'RECOMMENDED FOR YOU' are equal

01-04-2025T10:41:27 - [TEST_STEP][PASSED] - delay(5): Delayed 5 second(s)

01-04-2025T10:41:32 - [MESSAGE][PASSED] - Delayed 5 second(s)

01-04-2025T10:41:32 - [TEST_STEP][PASSED] - verifyElementExist(findTestObject("Object Repository/Repo/android.widget.TextView - THINGS TO DO"), 0): Element 'Object Repository/Repo/android.widget.TextView - THINGS TO DO' is exist

01-04-2025T10:41:32 - [MESSAGE][WARNING] - Timeout '0' is invalid. Using default page load timeout: '30'

01-04-2025T10:41:32 - [MESSAGE][PASSED] - Element 'Object Repository/Repo/android.widget.TextView - THINGS TO DO' is exist

01-04-2025T10:41:32 - [TEST_STEP][PASSED] - delay(5): Delayed 5 second(s)

01-04-2025T10:41:37 - [MESSAGE][PASSED] - Delayed 5 second(s)

01-04-2025T10:41:38 - [TEST_STEP][PASSED] - thingsToDoText = TextView - THINGS TO DO"), 0).trim(): Text of element 'Object Repository/Repo/android.widget.TextView - THINGS TO DO' is: 'THINGS TO DO'

01-04-2025T10:41:38 - [MESSAGE][WARNING] - Timeout '0' is invalid. Using default page load timeout: '30'

01-04-2025T10:41:38 - [MESSAGE][PASSED] - Text of element 'Object Repository/Repo/android.widget.TextView - THINGS TO DO' is: 'THINGS TO DO'

01-04-2025T10:41:38 - [TEST_STEP][PASSED] - println("Things to Do Text: " + thingsToDoText): null

01-04-2025T10:41:38 - [TEST_STEP][PASSED] - verifyEqual(thingsToDoText, "THINGS TO DO", STOP_ON_FAILURE): Actual object 'THINGS TO DO' and expected object 'THINGS TO DO' are equal

01-04-2025T10:41:38 - [MESSAGE][PASSED] - Actual object 'THINGS TO DO' and expected object 'THINGS TO DO' are equal

01-04-2025T10:41:38 - [TEST_STEP][PASSED] - delay(5): Delayed 5 second(s)

01-04-2025T10:41:43 - [MESSAGE][PASSED] - Delayed 5 second(s)

01-04-2025T10:41:43 - [TEST_STEP][PASSED] - verifyElementExist(findTestObject("Object Repository/Repo/android.view.View-gain access"), 0): Element 'Object Repository/Repo/android.view.View-gain access' is exist

01-04-2025T10:41:43 - [MESSAGE][WARNING] - Timeout '0' is invalid. Using default page load timeout: '30'

01-04-2025T10:41:43 - [MESSAGE][PASSED] - Element 'Object Repository/Repo/android.view.View-gain access' is exist

01-04-2025T10:41:43 - [TEST_STEP][PASSED] - delay(5): Delayed 5 second(s)

01-04-2025T10:41:48 - [MESSAGE][PASSED] - Delayed 5 second(s)

01-04-2025T10:41:48 - [TEST_STEP][PASSED] - gainAccessText = TextView - Gain access to a"), 0).trim(): Text of element 'Object Repository/Repo/android.widget.TextView - Gain access to a' is: 'Gain access to a'

01-04-2025T10:41:48 - [MESSAGE][WARNING] - Timeout '0' is invalid. Using default page load timeout: '30'

01-04-2025T10:41:48 - [MESSAGE][PASSED] - Text of element 'Object Repository/Repo/android.widget.TextView - Gain access to a' is: 'Gain access to a'

01-04-2025T10:41:48 - [TEST_STEP][PASSED] - println("Gain Access Text: " + gainAccessText): null

01-04-2025T10:41:48 - [TEST_STEP][PASSED] - verifyEqual(gainAccessText, "Gain access to a", STOP_ON_FAILURE): Actual object 'Gain access to a' and expected object 'Gain access to a' are equal

01-04-2025T10:41:48 - [MESSAGE][PASSED] - Actual object 'Gain access to a' and expected object 'Gain access to a' are equal

01-04-2025T10:41:48 - [TEST_STEP][PASSED] - delay(5): Delayed 5 second(s)

01-04-2025T10:41:53 - [MESSAGE][PASSED] - Delayed 5 second(s)

01-04-2025T10:41:53 - [TEST_STEP][PASSED] - customizedExperienceText = TextView - customized experience"), 0).trim(): Text of element 'Object Repository/Repo/android.widget.TextView - customized experience' is: 'customized experience'

01-04-2025T10:41:53 - [MESSAGE][WARNING] - Timeout '0' is invalid. Using default page load timeout: '30'

01-04-2025T10:41:53 - [MESSAGE][PASSED] - Text of element 'Object Repository/Repo/android.widget.TextView - customized experience' is: 'customized experience'

01-04-2025T10:41:53 - [TEST_STEP][PASSED] - println("Customized Experience Text: " + customizedExperienceText): null

01-04-2025T10:41:53 - [TEST_STEP][PASSED] - verifyEqual(customizedExperienceText, "customized experience", STOP_ON_FAILURE): Actual object 'customized experience' and expected object 'customized experience' are equal

01-04-2025T10:41:53 - [MESSAGE][PASSED] - Actual object 'customized experience' and expected object 'customized experience' are equal

01-04-2025T10:41:53 - [TEST_STEP][PASSED] - delay(5): Delayed 5 second(s)

01-04-2025T10:41:58 - [MESSAGE][PASSED] - Delayed 5 second(s)

01-04-2025T10:41:58 - [TEST_STEP][PASSED] - verifyElementExist(findTestObject("Object Repository/Repo/android.widget.TextView - Login"), 0): Element 'Object Repository/Repo/android.widget.TextView - Login' is exist

01-04-2025T10:41:58 - [MESSAGE][WARNING] - Timeout '0' is invalid. Using default page load timeout: '30'

01-04-2025T10:41:58 - [MESSAGE][PASSED] - Element 'Object Repository/Repo/android.widget.TextView - Login' is exist

01-04-2025T10:41:58 - [TEST_STEP][PASSED] - delay(5): Delayed 5 second(s)

01-04-2025T10:42:03 - [MESSAGE][PASSED] - Delayed 5 second(s)

01-04-2025T10:42:03 - [TEST_STEP][PASSED] - loginText = TextView - Login"), 0).trim(): Text of element 'Object Repository/Repo/android.widget.TextView - Login' is: 'Login'

01-04-2025T10:42:03 - [MESSAGE][WARNING] - Timeout '0' is invalid. Using default page load timeout: '30'

01-04-2025T10:42:03 - [MESSAGE][PASSED] - Text of element 'Object Repository/Repo/android.widget.TextView - Login' is: 'Login'

01-04-2025T10:42:03 - [TEST_STEP][PASSED] - println("Login Text: " + loginText): null

01-04-2025T10:42:03 - [TEST_STEP][PASSED] - verifyEqual(loginText, "Login", STOP_ON_FAILURE): Actual object 'Login' and expected object 'Login' are equal

01-04-2025T10:42:03 - [MESSAGE][PASSED] - Actual object 'Login' and expected object 'Login' are equal

01-04-2025T10:42:03 - [TEST_STEP][PASSED] - tap(findTestObject("Object Repository/Repo/android.widget.TextView - Login"), 0): Tapped on element 'Object Repository/Repo/android.widget.TextView - Login'

01-04-2025T10:42:03 - [MESSAGE][WARNING] - Timeout '0' is invalid. Using default page load timeout: '30'

01-04-2025T10:42:03 - [MESSAGE][PASSED] - Tapped on element 'Object Repository/Repo/android.widget.TextView - Login'

01-04-2025T10:42:03 - [TEST_STEP][PASSED] - delay(30): Delayed 30 second(s)

01-04-2025T10:42:33 - [MESSAGE][PASSED] - Delayed 30 second(s)

01-04-2025T10:42:33 - [TEST_STEP][PASSED] - verifyElementExist(findTestObject("Object Repository/Repo/android.widget.TextView - WESTGATE Online Account Management"), 0): Element 'Object Repository/Repo/android.widget.TextView - WESTGATE Online Account Management' is exist

01-04-2025T10:42:33 - [MESSAGE][WARNING] - Timeout '0' is invalid. Using default page load timeout: '30'

01-04-2025T10:42:33 - [MESSAGE][PASSED] - Element 'Object Repository/Repo/android.widget.TextView - WESTGATE Online Account Management' is exist

01-04-2025T10:42:33 - [TEST_STEP][PASSED] - delay(5): Delayed 5 second(s)

01-04-2025T10:42:38 - [MESSAGE][PASSED] - Delayed 5 second(s)

01-04-2025T10:42:38 - [TEST_STEP][PASSED] - westgateText = TextView - WESTGATE Online Account Management"), 0).trim(): Text of element 'Object Repository/Repo/android.widget.TextView - WESTGATE Online Account Management' is: 'WESTGATE Online Account Management'

01-04-2025T10:42:38 - [MESSAGE][WARNING] - Timeout '0' is invalid. Using default page load timeout: '30'

01-04-2025T10:42:38 - [MESSAGE][PASSED] - Text of element 'Object Repository/Repo/android.widget.TextView - WESTGATE Online Account Management' is: 'WESTGATE Online Account Management'

01-04-2025T10:42:38 - [TEST_STEP][PASSED] - println("WESTGATE Text: " + westgateText): null

01-04-2025T10:42:38 - [TEST_STEP][PASSED] - verifyEqual(westgateText, "WESTGATE Online Account Management", CONTINUE_ON_FAILURE): Actual object 'WESTGATE Online Account Management' and expected object 'WESTGATE Online Account Management' are equal

01-04-2025T10:42:38 - [MESSAGE][PASSED] - Actual object 'WESTGATE Online Account Management' and expected object 'WESTGATE Online Account Management' are equal

01-04-2025T10:42:38 - [TEST_STEP][PASSED] - closeApplication(): Close app successfully

01-04-2025T10:42:40 - [MESSAGE][PASSED] - Close app successfully

01-04-2025T10:42:40 - [TEST_STEP][PASSED] - closeBrowser(): Browser is closed

01-04-2025T10:42:40 - [MESSAGE][PASSED] - Browser is closed]]></system-out>
         <system-err><![CDATA[]]></system-err>
      </testcase>
      <testcase name="Test Cases/Sign Up New UserPage/C660-C681_SignUpNewUserPage" time="248.681" classname="Test Cases/Sign Up New UserPage/C660-C681_SignUpNewUserPage" status="PASSED">
         <system-out><![CDATA[01-04-2025T10:42:40 - [TEST_CASE][PASSED] - Test Cases/Sign Up New UserPage/C660-C681_SignUpNewUserPage: Test Cases/Sign Up New UserPage/C660-C681_SignUpNewUserPage

01-04-2025T10:42:40 - [TEST_STEP][PASSED] - emailValidationTests = new EmailValidationTests(): null

01-04-2025T10:42:40 - [TEST_STEP][PASSED] - emailValidationTests.runAllTests(): null

01-04-2025T10:42:40 - [TEST_STEP][PASSED] - setup(): null

01-04-2025T10:42:40 - [TEST_STEP][PASSED] - startApplication(appUrl, true): Started application: '/Users/gv.vignesh/Downloads/WGR-Android-Automation/App Folder/universal.apk'

01-04-2025T10:42:40 - [MESSAGE][INFO] - Starting application: '/Users/gv.vignesh/Downloads/WGR-Android-Automation/App Folder/universal.apk'

01-04-2025T10:42:40 - [MESSAGE][INFO] - User set preference: ['deviceId', '']

01-04-2025T10:42:40 - [MESSAGE][INFO] - Detected NodeJS location: "/opt/homebrew/Cellar/node/23.10.0_1/bin/node"

01-04-2025T10:42:40 - [MESSAGE][INFO] - PATH: /opt/homebrew/Cellar/node/23.10.0_1/bin:/opt/homebrew/bin:/usr/bin:/bin:/usr/sbin:/sbin:/Applications/Katalon Studio Enterprise.app/Contents/Eclipse/jre/Contents/Home/bin:/usr/local/bin/

01-04-2025T10:42:40 - [MESSAGE][INFO] - APPIUM_HOME: /Users/gv.vignesh/.appium

01-04-2025T10:42:40 - [MESSAGE][INFO] - appium outlog: /Users/gv.vignesh/Downloads/WGR-Android-Automation/Reports/20250401_103625/WRMA Android Regression/20250401_103625/appium.log

01-04-2025T10:42:40 - [MESSAGE][INFO] - appium errlog: /Users/gv.vignesh/Downloads/WGR-Android-Automation/Reports/20250401_103625/WRMA Android Regression/20250401_103625/appium_error.log

01-04-2025T10:42:41 - [MESSAGE][INFO] - Appium server started on port 51,428

01-04-2025T10:42:47 - [MESSAGE][PASSED] - Started application: '/Users/gv.vignesh/Downloads/WGR-Android-Automation/App Folder/universal.apk'

01-04-2025T10:42:47 - [TEST_STEP][PASSED] - delay(20): Delayed 20 second(s)

01-04-2025T10:43:07 - [MESSAGE][PASSED] - Delayed 20 second(s)

01-04-2025T10:43:07 - [TEST_STEP][PASSED] - tap(findTestObject("Object Repository/Repo/android.widget.Button - Login or Sign Up"), 0): Tapped on element 'Object Repository/Repo/android.widget.Button - Login or Sign Up'

01-04-2025T10:43:07 - [MESSAGE][WARNING] - Timeout '0' is invalid. Using default page load timeout: '30'

01-04-2025T10:43:08 - [MESSAGE][PASSED] - Tapped on element 'Object Repository/Repo/android.widget.Button - Login or Sign Up'

01-04-2025T10:43:08 - [TEST_STEP][PASSED] - try: null

01-04-2025T10:43:08 - [TEST_STEP][PASSED] - testInvalidEmailFormat(): null

01-04-2025T10:43:08 - [TEST_STEP][PASSED] - excelData = findTestData("Data Files/InvalidEmail"): null

01-04-2025T10:43:08 - [TEST_STEP][PASSED] - rowCount = excelData.getRowNumbers(): null

01-04-2025T10:43:08 - [TEST_STEP][PASSED] - for ([i = 1, i <= rowCount, (i++)]): null

01-04-2025T10:43:08 - [TEST_STEP][PASSED] - invalidEmail = excelData.getValue("email-Address", i): null

01-04-2025T10:43:08 - [TEST_STEP][PASSED] - println(Testing invalid email from Excel (Row $i): $invalidEmail): null

01-04-2025T10:43:08 - [TEST_STEP][PASSED] - waitForElementPresent(findTestObject("Object Repository/Repo/android.widget.EditText-LoginorSignUp"), 20): Element 'Object Repository/Repo/android.widget.EditText-LoginorSignUp' is present

01-04-2025T10:43:08 - [MESSAGE][PASSED] - Element 'Object Repository/Repo/android.widget.EditText-LoginorSignUp' is present

01-04-2025T10:43:08 - [TEST_STEP][PASSED] - sendKeys(findTestObject("Object Repository/Repo/android.widget.EditText-LoginorSignUp"), invalidEmail): Send keys 'd.g.com' on test object 'Object Repository/Repo/android.widget.EditText-LoginorSignUp' successfully.

01-04-2025T10:43:08 - [MESSAGE][PASSED] - Send keys 'd.g.com' on test object 'Object Repository/Repo/android.widget.EditText-LoginorSignUp' successfully.

01-04-2025T10:43:08 - [TEST_STEP][PASSED] - actualErrorMessage = TextView -  Invalid email format"), 0).trim(): Text of element 'Object Repository/Repo/android.widget.TextView -  Invalid email format' is: ' Invalid email format.
'

01-04-2025T10:43:08 - [MESSAGE][WARNING] - Timeout '0' is invalid. Using default page load timeout: '30'

01-04-2025T10:43:10 - [MESSAGE][PASSED] - Text of element 'Object Repository/Repo/android.widget.TextView -  Invalid email format' is: ' Invalid email format.
'

01-04-2025T10:43:10 - [TEST_STEP][PASSED] - expectedErrorMessage = "Invalid email format": null

01-04-2025T10:43:10 - [TEST_STEP][PASSED] - Assert.assertEquals(Error message validation failed at row $i, replaceAll("[^a-zA-Z0-9 ]", "").trim(), replaceAll("[^a-zA-Z0-9 ]", "").trim()): null

01-04-2025T10:43:10 - [TEST_STEP][PASSED] - tap(findTestObject("Object Repository/Repo/android.widget.Button - reset"), 0): Tapped on element 'Object Repository/Repo/android.widget.Button - reset'

01-04-2025T10:43:10 - [MESSAGE][WARNING] - Timeout '0' is invalid. Using default page load timeout: '30'

01-04-2025T10:43:10 - [MESSAGE][PASSED] - Tapped on element 'Object Repository/Repo/android.widget.Button - reset'

01-04-2025T10:43:10 - [TEST_STEP][PASSED] - hideKeyboard(): Keyboard is hidden

01-04-2025T10:43:12 - [MESSAGE][PASSED] - Keyboard is hidden

01-04-2025T10:43:12 - [TEST_STEP][PASSED] - invalidEmail = excelData.getValue("email-Address", i): null

01-04-2025T10:43:12 - [TEST_STEP][PASSED] - println(Testing invalid email from Excel (Row $i): $invalidEmail): null

01-04-2025T10:43:12 - [TEST_STEP][PASSED] - waitForElementPresent(findTestObject("Object Repository/Repo/android.widget.EditText-LoginorSignUp"), 20): Element 'Object Repository/Repo/android.widget.EditText-LoginorSignUp' is present

01-04-2025T10:43:13 - [MESSAGE][PASSED] - Element 'Object Repository/Repo/android.widget.EditText-LoginorSignUp' is present

01-04-2025T10:43:13 - [TEST_STEP][PASSED] - sendKeys(findTestObject("Object Repository/Repo/android.widget.EditText-LoginorSignUp"), invalidEmail): Send keys 's@com' on test object 'Object Repository/Repo/android.widget.EditText-LoginorSignUp' successfully.

01-04-2025T10:43:13 - [MESSAGE][PASSED] - Send keys 's@com' on test object 'Object Repository/Repo/android.widget.EditText-LoginorSignUp' successfully.

01-04-2025T10:43:13 - [TEST_STEP][PASSED] - actualErrorMessage = TextView -  Invalid email format"), 0).trim(): Text of element 'Object Repository/Repo/android.widget.TextView -  Invalid email format' is: ' Invalid email format.
'

01-04-2025T10:43:13 - [MESSAGE][WARNING] - Timeout '0' is invalid. Using default page load timeout: '30'

01-04-2025T10:43:14 - [MESSAGE][PASSED] - Text of element 'Object Repository/Repo/android.widget.TextView -  Invalid email format' is: ' Invalid email format.
'

01-04-2025T10:43:14 - [TEST_STEP][PASSED] - expectedErrorMessage = "Invalid email format": null

01-04-2025T10:43:14 - [TEST_STEP][PASSED] - Assert.assertEquals(Error message validation failed at row $i, replaceAll("[^a-zA-Z0-9 ]", "").trim(), replaceAll("[^a-zA-Z0-9 ]", "").trim()): null

01-04-2025T10:43:14 - [TEST_STEP][PASSED] - tap(findTestObject("Object Repository/Repo/android.widget.Button - reset"), 0): Tapped on element 'Object Repository/Repo/android.widget.Button - reset'

01-04-2025T10:43:14 - [MESSAGE][WARNING] - Timeout '0' is invalid. Using default page load timeout: '30'

01-04-2025T10:43:15 - [MESSAGE][PASSED] - Tapped on element 'Object Repository/Repo/android.widget.Button - reset'

01-04-2025T10:43:15 - [TEST_STEP][PASSED] - hideKeyboard(): Keyboard is hidden

01-04-2025T10:43:18 - [MESSAGE][PASSED] - Keyboard is hidden

01-04-2025T10:43:18 - [TEST_STEP][PASSED] - invalidEmail = excelData.getValue("email-Address", i): null

01-04-2025T10:43:18 - [TEST_STEP][PASSED] - println(Testing invalid email from Excel (Row $i): $invalidEmail): null

01-04-2025T10:43:18 - [TEST_STEP][PASSED] - waitForElementPresent(findTestObject("Object Repository/Repo/android.widget.EditText-LoginorSignUp"), 20): Element 'Object Repository/Repo/android.widget.EditText-LoginorSignUp' is present

01-04-2025T10:43:18 - [MESSAGE][PASSED] - Element 'Object Repository/Repo/android.widget.EditText-LoginorSignUp' is present

01-04-2025T10:43:18 - [TEST_STEP][PASSED] - sendKeys(findTestObject("Object Repository/Repo/android.widget.EditText-LoginorSignUp"), invalidEmail): Send keys 'vg@.1gv' on test object 'Object Repository/Repo/android.widget.EditText-LoginorSignUp' successfully.

01-04-2025T10:43:18 - [MESSAGE][PASSED] - Send keys 'vg@.1gv' on test object 'Object Repository/Repo/android.widget.EditText-LoginorSignUp' successfully.

01-04-2025T10:43:18 - [TEST_STEP][PASSED] - actualErrorMessage = TextView -  Invalid email format"), 0).trim(): Text of element 'Object Repository/Repo/android.widget.TextView -  Invalid email format' is: ' Invalid email format.
'

01-04-2025T10:43:18 - [MESSAGE][WARNING] - Timeout '0' is invalid. Using default page load timeout: '30'

01-04-2025T10:43:19 - [MESSAGE][PASSED] - Text of element 'Object Repository/Repo/android.widget.TextView -  Invalid email format' is: ' Invalid email format.
'

01-04-2025T10:43:19 - [TEST_STEP][PASSED] - expectedErrorMessage = "Invalid email format": null

01-04-2025T10:43:19 - [TEST_STEP][PASSED] - Assert.assertEquals(Error message validation failed at row $i, replaceAll("[^a-zA-Z0-9 ]", "").trim(), replaceAll("[^a-zA-Z0-9 ]", "").trim()): null

01-04-2025T10:43:19 - [TEST_STEP][PASSED] - tap(findTestObject("Object Repository/Repo/android.widget.Button - reset"), 0): Tapped on element 'Object Repository/Repo/android.widget.Button - reset'

01-04-2025T10:43:19 - [MESSAGE][WARNING] - Timeout '0' is invalid. Using default page load timeout: '30'

01-04-2025T10:43:21 - [MESSAGE][PASSED] - Tapped on element 'Object Repository/Repo/android.widget.Button - reset'

01-04-2025T10:43:21 - [TEST_STEP][PASSED] - hideKeyboard(): Keyboard is hidden

01-04-2025T10:43:23 - [MESSAGE][PASSED] - Keyboard is hidden

01-04-2025T10:43:23 - [TEST_STEP][PASSED] - invalidEmail = excelData.getValue("email-Address", i): null

01-04-2025T10:43:23 - [TEST_STEP][PASSED] - println(Testing invalid email from Excel (Row $i): $invalidEmail): null

01-04-2025T10:43:23 - [TEST_STEP][PASSED] - waitForElementPresent(findTestObject("Object Repository/Repo/android.widget.EditText-LoginorSignUp"), 20): Element 'Object Repository/Repo/android.widget.EditText-LoginorSignUp' is present

01-04-2025T10:43:23 - [MESSAGE][PASSED] - Element 'Object Repository/Repo/android.widget.EditText-LoginorSignUp' is present

01-04-2025T10:43:23 - [TEST_STEP][PASSED] - sendKeys(findTestObject("Object Repository/Repo/android.widget.EditText-LoginorSignUp"), invalidEmail): Send keys 'g@2.1' on test object 'Object Repository/Repo/android.widget.EditText-LoginorSignUp' successfully.

01-04-2025T10:43:23 - [MESSAGE][PASSED] - Send keys 'g@2.1' on test object 'Object Repository/Repo/android.widget.EditText-LoginorSignUp' successfully.

01-04-2025T10:43:23 - [TEST_STEP][PASSED] - actualErrorMessage = TextView -  Invalid email format"), 0).trim(): Text of element 'Object Repository/Repo/android.widget.TextView -  Invalid email format' is: ' Invalid email format.
'

01-04-2025T10:43:23 - [MESSAGE][WARNING] - Timeout '0' is invalid. Using default page load timeout: '30'

01-04-2025T10:43:25 - [MESSAGE][PASSED] - Text of element 'Object Repository/Repo/android.widget.TextView -  Invalid email format' is: ' Invalid email format.
'

01-04-2025T10:43:25 - [TEST_STEP][PASSED] - expectedErrorMessage = "Invalid email format": null

01-04-2025T10:43:25 - [TEST_STEP][PASSED] - Assert.assertEquals(Error message validation failed at row $i, replaceAll("[^a-zA-Z0-9 ]", "").trim(), replaceAll("[^a-zA-Z0-9 ]", "").trim()): null

01-04-2025T10:43:25 - [TEST_STEP][PASSED] - tap(findTestObject("Object Repository/Repo/android.widget.Button - reset"), 0): Tapped on element 'Object Repository/Repo/android.widget.Button - reset'

01-04-2025T10:43:25 - [MESSAGE][WARNING] - Timeout '0' is invalid. Using default page load timeout: '30'

01-04-2025T10:43:26 - [MESSAGE][PASSED] - Tapped on element 'Object Repository/Repo/android.widget.Button - reset'

01-04-2025T10:43:26 - [TEST_STEP][PASSED] - hideKeyboard(): Keyboard is hidden

01-04-2025T10:43:28 - [MESSAGE][PASSED] - Keyboard is hidden

01-04-2025T10:43:28 - [TEST_STEP][PASSED] - invalidEmail = excelData.getValue("email-Address", i): null

01-04-2025T10:43:28 - [TEST_STEP][PASSED] - println(Testing invalid email from Excel (Row $i): $invalidEmail): null

01-04-2025T10:43:28 - [TEST_STEP][PASSED] - waitForElementPresent(findTestObject("Object Repository/Repo/android.widget.EditText-LoginorSignUp"), 20): Element 'Object Repository/Repo/android.widget.EditText-LoginorSignUp' is present

01-04-2025T10:43:28 - [MESSAGE][PASSED] - Element 'Object Repository/Repo/android.widget.EditText-LoginorSignUp' is present

01-04-2025T10:43:28 - [TEST_STEP][PASSED] - sendKeys(findTestObject("Object Repository/Repo/android.widget.EditText-LoginorSignUp"), invalidEmail): Send keys 'v.com@q' on test object 'Object Repository/Repo/android.widget.EditText-LoginorSignUp' successfully.

01-04-2025T10:43:29 - [MESSAGE][PASSED] - Send keys 'v.com@q' on test object 'Object Repository/Repo/android.widget.EditText-LoginorSignUp' successfully.

01-04-2025T10:43:29 - [TEST_STEP][PASSED] - actualErrorMessage = TextView -  Invalid email format"), 0).trim(): Text of element 'Object Repository/Repo/android.widget.TextView -  Invalid email format' is: ' Invalid email format.
'

01-04-2025T10:43:29 - [MESSAGE][WARNING] - Timeout '0' is invalid. Using default page load timeout: '30'

01-04-2025T10:43:30 - [MESSAGE][PASSED] - Text of element 'Object Repository/Repo/android.widget.TextView -  Invalid email format' is: ' Invalid email format.
'

01-04-2025T10:43:30 - [TEST_STEP][PASSED] - expectedErrorMessage = "Invalid email format": null

01-04-2025T10:43:30 - [TEST_STEP][PASSED] - Assert.assertEquals(Error message validation failed at row $i, replaceAll("[^a-zA-Z0-9 ]", "").trim(), replaceAll("[^a-zA-Z0-9 ]", "").trim()): null

01-04-2025T10:43:30 - [TEST_STEP][PASSED] - tap(findTestObject("Object Repository/Repo/android.widget.Button - reset"), 0): Tapped on element 'Object Repository/Repo/android.widget.Button - reset'

01-04-2025T10:43:30 - [MESSAGE][WARNING] - Timeout '0' is invalid. Using default page load timeout: '30'

01-04-2025T10:43:31 - [MESSAGE][PASSED] - Tapped on element 'Object Repository/Repo/android.widget.Button - reset'

01-04-2025T10:43:31 - [TEST_STEP][PASSED] - hideKeyboard(): Keyboard is hidden

01-04-2025T10:43:34 - [MESSAGE][PASSED] - Keyboard is hidden

01-04-2025T10:43:34 - [TEST_STEP][PASSED] - testTeamMemberEmailError(): null

01-04-2025T10:43:34 - [TEST_STEP][PASSED] - testData = findTestData("Data Files/C678"): null

01-04-2025T10:43:34 - [TEST_STEP][PASSED] - email1 = testData.getValue("email", 1): null

01-04-2025T10:43:34 - [TEST_STEP][PASSED] - email2 = testData.getValue("email", 2): null

01-04-2025T10:43:34 - [TEST_STEP][PASSED] - sendKeys(findTestObject("Object Repository/Repo/android.widget.EditText-LoginorSignUp"), email1): Send keys 'i@p.com' on test object 'Object Repository/Repo/android.widget.EditText-LoginorSignUp' successfully.

01-04-2025T10:43:34 - [MESSAGE][PASSED] - Send keys 'i@p.com' on test object 'Object Repository/Repo/android.widget.EditText-LoginorSignUp' successfully.

01-04-2025T10:43:34 - [TEST_STEP][PASSED] - delay(10): Delayed 10 second(s)

01-04-2025T10:43:44 - [MESSAGE][PASSED] - Delayed 10 second(s)

01-04-2025T10:43:44 - [TEST_STEP][PASSED] - tap(findTestObject("Object Repository/Repo/android.widget.Button - Next"), 0): Tapped on element 'Object Repository/Repo/android.widget.Button - Next'

01-04-2025T10:43:44 - [MESSAGE][WARNING] - Timeout '0' is invalid. Using default page load timeout: '30'

01-04-2025T10:43:44 - [MESSAGE][PASSED] - Tapped on element 'Object Repository/Repo/android.widget.Button - Next'

01-04-2025T10:43:44 - [TEST_STEP][PASSED] - delay(10): Delayed 10 second(s)

01-04-2025T10:43:54 - [MESSAGE][PASSED] - Delayed 10 second(s)

01-04-2025T10:43:54 - [TEST_STEP][PASSED] - tap(findTestObject("Object Repository/Repo/android.widget.Button - reset"), 0): Tapped on element 'Object Repository/Repo/android.widget.Button - reset'

01-04-2025T10:43:54 - [MESSAGE][WARNING] - Timeout '0' is invalid. Using default page load timeout: '30'

01-04-2025T10:43:54 - [MESSAGE][PASSED] - Tapped on element 'Object Repository/Repo/android.widget.Button - reset'

01-04-2025T10:43:54 - [TEST_STEP][PASSED] - hideKeyboard(): Keyboard is hidden

01-04-2025T10:43:56 - [MESSAGE][PASSED] - Keyboard is hidden

01-04-2025T10:43:56 - [TEST_STEP][PASSED] - delay(10): Delayed 10 second(s)

01-04-2025T10:44:06 - [MESSAGE][PASSED] - Delayed 10 second(s)

01-04-2025T10:44:06 - [TEST_STEP][PASSED] - sendKeys(findTestObject("Object Repository/Repo/android.widget.EditText -"), email2): Send keys 'wg@wgresorts.com' on test object 'Object Repository/Repo/android.widget.EditText -' successfully.

01-04-2025T10:44:07 - [MESSAGE][PASSED] - Send keys 'wg@wgresorts.com' on test object 'Object Repository/Repo/android.widget.EditText -' successfully.

01-04-2025T10:44:07 - [TEST_STEP][PASSED] - delay(10): Delayed 10 second(s)

01-04-2025T10:44:17 - [MESSAGE][PASSED] - Delayed 10 second(s)

01-04-2025T10:44:17 - [TEST_STEP][PASSED] - tap(findTestObject("Object Repository/Repo/android.widget.Button - Next (1)"), 0): Tapped on element 'Object Repository/Repo/android.widget.Button - Next (1)'

01-04-2025T10:44:17 - [MESSAGE][WARNING] - Timeout '0' is invalid. Using default page load timeout: '30'

01-04-2025T10:44:17 - [MESSAGE][PASSED] - Tapped on element 'Object Repository/Repo/android.widget.Button - Next (1)'

01-04-2025T10:44:17 - [TEST_STEP][PASSED] - delay(10): Delayed 10 second(s)

01-04-2025T10:44:27 - [MESSAGE][PASSED] - Delayed 10 second(s)

01-04-2025T10:44:27 - [TEST_STEP][PASSED] - actualText = getText(findTestObject("Object Repository/Repo/android.widget.TextView -  The email address used is a Team Member email address.  Please select Create Team Member Account below"), 0): Text of element 'Object Repository/Repo/android.widget.TextView -  The email address used is a Team Member email address.  Please select Create Team Member Account below' is: ' The email address used is a Team Member email address.  Please select Create Team Member Account below.
'

01-04-2025T10:44:27 - [MESSAGE][WARNING] - Timeout '0' is invalid. Using default page load timeout: '30'

01-04-2025T10:44:27 - [MESSAGE][PASSED] - Text of element 'Object Repository/Repo/android.widget.TextView -  The email address used is a Team Member email address.  Please select Create Team Member Account below' is: ' The email address used is a Team Member email address.  Please select Create Team Member Account below.
'

01-04-2025T10:44:27 - [TEST_STEP][PASSED] - expectedText = " The email address used is a Team Member email address.  Please select Create Team Member Account below.": null

01-04-2025T10:44:27 - [TEST_STEP][PASSED] - assert actualText.contains(expectedText): null

01-04-2025T10:44:27 - [TEST_STEP][PASSED] - tap(findTestObject("Object Repository/Repo/android.widget.Button - reset"), 0): Tapped on element 'Object Repository/Repo/android.widget.Button - reset'

01-04-2025T10:44:27 - [MESSAGE][WARNING] - Timeout '0' is invalid. Using default page load timeout: '30'

01-04-2025T10:44:28 - [MESSAGE][PASSED] - Tapped on element 'Object Repository/Repo/android.widget.Button - reset'

01-04-2025T10:44:28 - [TEST_STEP][PASSED] - hideKeyboard(): null

01-04-2025T10:44:31 - [MESSAGE][PASSED] - Keyboard is hidden

01-04-2025T10:44:31 - [TEST_STEP][PASSED] - testEmailAddressMismatch(): null

01-04-2025T10:44:31 - [TEST_STEP][PASSED] - testData = findTestData("Data Files/C679"): null

01-04-2025T10:44:31 - [TEST_STEP][PASSED] - email1 = testData.getValue("email", 1): null

01-04-2025T10:44:31 - [TEST_STEP][PASSED] - email2 = testData.getValue("email", 2): null

01-04-2025T10:44:31 - [TEST_STEP][PASSED] - sendKeys(findTestObject("Object Repository/Repo/android.widget.EditText-LoginorSignUp"), email1): Send keys 'vignesh@chn.com' on test object 'Object Repository/Repo/android.widget.EditText-LoginorSignUp' successfully.

01-04-2025T10:44:31 - [MESSAGE][PASSED] - Send keys 'vignesh@chn.com' on test object 'Object Repository/Repo/android.widget.EditText-LoginorSignUp' successfully.

01-04-2025T10:44:31 - [TEST_STEP][PASSED] - delay(10): Delayed 10 second(s)

01-04-2025T10:44:41 - [MESSAGE][PASSED] - Delayed 10 second(s)

01-04-2025T10:44:41 - [TEST_STEP][PASSED] - tap(findTestObject("Object Repository/Repo/android.widget.Button - Next"), 0): Tapped on element 'Object Repository/Repo/android.widget.Button - Next'

01-04-2025T10:44:41 - [MESSAGE][WARNING] - Timeout '0' is invalid. Using default page load timeout: '30'

01-04-2025T10:44:41 - [MESSAGE][PASSED] - Tapped on element 'Object Repository/Repo/android.widget.Button - Next'

01-04-2025T10:44:41 - [TEST_STEP][PASSED] - delay(10): Delayed 10 second(s)

01-04-2025T10:44:51 - [MESSAGE][PASSED] - Delayed 10 second(s)

01-04-2025T10:44:51 - [TEST_STEP][PASSED] - sendKeys(findTestObject("Object Repository/Repo/android.widget.EditText-confirm email address"), email2): Send keys 'Vignesh@c.com' on test object 'Object Repository/Repo/android.widget.EditText-confirm email address' successfully.

01-04-2025T10:44:51 - [MESSAGE][PASSED] - Send keys 'Vignesh@c.com' on test object 'Object Repository/Repo/android.widget.EditText-confirm email address' successfully.

01-04-2025T10:44:51 - [TEST_STEP][PASSED] - delay(10): Delayed 10 second(s)

01-04-2025T10:45:01 - [MESSAGE][PASSED] - Delayed 10 second(s)

01-04-2025T10:45:01 - [TEST_STEP][PASSED] - actualText = TextView -  Email addresses must match"), 0).trim(): Text of element 'Object Repository/Repo/android.widget.TextView -  Email addresses must match' is: ' Email addresses must match.
'

01-04-2025T10:45:01 - [MESSAGE][WARNING] - Timeout '0' is invalid. Using default page load timeout: '30'

01-04-2025T10:45:01 - [MESSAGE][PASSED] - Text of element 'Object Repository/Repo/android.widget.TextView -  Email addresses must match' is: ' Email addresses must match.
'

01-04-2025T10:45:01 - [TEST_STEP][PASSED] - expectedText = "Email addresses must match.": null

01-04-2025T10:45:01 - [TEST_STEP][PASSED] - assert actualText == expectedText: null

01-04-2025T10:45:01 - [TEST_STEP][PASSED] - tap(findTestObject("Object Repository/Repo/android.widget.Button - reset"), 0): Tapped on element 'Object Repository/Repo/android.widget.Button - reset'

01-04-2025T10:45:01 - [MESSAGE][WARNING] - Timeout '0' is invalid. Using default page load timeout: '30'

01-04-2025T10:45:01 - [MESSAGE][PASSED] - Tapped on element 'Object Repository/Repo/android.widget.Button - reset'

01-04-2025T10:45:01 - [TEST_STEP][PASSED] - hideKeyboard(): null

01-04-2025T10:45:03 - [MESSAGE][PASSED] - Keyboard is hidden

01-04-2025T10:45:03 - [TEST_STEP][PASSED] - testAlreadyUsedEmailAddress(): null

01-04-2025T10:45:03 - [TEST_STEP][PASSED] - excelData = findTestData("Data Files/C680"): null

01-04-2025T10:45:03 - [TEST_STEP][PASSED] - email1 = excelData.getValue("email", 1): null

01-04-2025T10:45:03 - [TEST_STEP][PASSED] - email2 = excelData.getValue("email", 2): null

01-04-2025T10:45:03 - [TEST_STEP][PASSED] - sendKeys(findTestObject("Object Repository/Repo/android.widget.EditText-LoginorSignUp"), email1): Send keys 'm@i.com' on test object 'Object Repository/Repo/android.widget.EditText-LoginorSignUp' successfully.

01-04-2025T10:45:03 - [MESSAGE][PASSED] - Send keys 'm@i.com' on test object 'Object Repository/Repo/android.widget.EditText-LoginorSignUp' successfully.

01-04-2025T10:45:03 - [TEST_STEP][PASSED] - delay(10): Delayed 10 second(s)

01-04-2025T10:45:13 - [MESSAGE][PASSED] - Delayed 10 second(s)

01-04-2025T10:45:13 - [TEST_STEP][PASSED] - tap(findTestObject("Object Repository/Repo/android.widget.Button - Next"), 0): Tapped on element 'Object Repository/Repo/android.widget.Button - Next'

01-04-2025T10:45:13 - [MESSAGE][WARNING] - Timeout '0' is invalid. Using default page load timeout: '30'

01-04-2025T10:45:14 - [MESSAGE][PASSED] - Tapped on element 'Object Repository/Repo/android.widget.Button - Next'

01-04-2025T10:45:14 - [TEST_STEP][PASSED] - delay(10): Delayed 10 second(s)

01-04-2025T10:45:24 - [MESSAGE][PASSED] - Delayed 10 second(s)

01-04-2025T10:45:24 - [TEST_STEP][PASSED] - tap(findTestObject("Object Repository/Repo/android.widget.Button - reset"), 0): Tapped on element 'Object Repository/Repo/android.widget.Button - reset'

01-04-2025T10:45:24 - [MESSAGE][WARNING] - Timeout '0' is invalid. Using default page load timeout: '30'

01-04-2025T10:45:24 - [MESSAGE][PASSED] - Tapped on element 'Object Repository/Repo/android.widget.Button - reset'

01-04-2025T10:45:24 - [TEST_STEP][PASSED] - hideKeyboard(): Keyboard is hidden

01-04-2025T10:45:26 - [MESSAGE][PASSED] - Keyboard is hidden

01-04-2025T10:45:26 - [TEST_STEP][PASSED] - delay(10): Delayed 10 second(s)

01-04-2025T10:45:36 - [MESSAGE][PASSED] - Delayed 10 second(s)

01-04-2025T10:45:36 - [TEST_STEP][PASSED] - sendKeys(findTestObject("Object Repository/Repo/android.widget.EditText -"), email2): Send keys '03205179TM@WG.COM' on test object 'Object Repository/Repo/android.widget.EditText -' successfully.

01-04-2025T10:45:36 - [MESSAGE][PASSED] - Send keys '03205179TM@WG.COM' on test object 'Object Repository/Repo/android.widget.EditText -' successfully.

01-04-2025T10:45:36 - [TEST_STEP][PASSED] - delay(10): Delayed 10 second(s)

01-04-2025T10:45:46 - [MESSAGE][PASSED] - Delayed 10 second(s)

01-04-2025T10:45:46 - [TEST_STEP][PASSED] - tap(findTestObject("Object Repository/Repo/android.widget.EditText-confirm email address"), 0): Tapped on element 'Object Repository/Repo/android.widget.EditText-confirm email address'

01-04-2025T10:45:46 - [MESSAGE][WARNING] - Timeout '0' is invalid. Using default page load timeout: '30'

01-04-2025T10:45:46 - [MESSAGE][PASSED] - Tapped on element 'Object Repository/Repo/android.widget.EditText-confirm email address'

01-04-2025T10:45:46 - [TEST_STEP][PASSED] - hideKeyboard(): Keyboard is hidden

01-04-2025T10:45:49 - [MESSAGE][PASSED] - Keyboard is hidden

01-04-2025T10:45:49 - [TEST_STEP][PASSED] - delay(10): Delayed 10 second(s)

01-04-2025T10:45:59 - [MESSAGE][PASSED] - Delayed 10 second(s)

01-04-2025T10:45:59 - [TEST_STEP][PASSED] - actualText = getText(findTestObject("Object Repository/Repo/android.widget.TextView -  The email address is already in use"), 0): Text of element 'Object Repository/Repo/android.widget.TextView -  The email address is already in use' is: ''

01-04-2025T10:45:59 - [MESSAGE][WARNING] - Timeout '0' is invalid. Using default page load timeout: '30'

01-04-2025T10:45:59 - [MESSAGE][PASSED] - Text of element 'Object Repository/Repo/android.widget.TextView -  The email address is already in use' is: ''

01-04-2025T10:45:59 - [TEST_STEP][PASSED] - expectedText = " The email address is already in use.": null

01-04-2025T10:45:59 - [TEST_STEP][PASSED] - tap(findTestObject("Object Repository/Repo/android.widget.Button - reset"), 0): Tapped on element 'Object Repository/Repo/android.widget.Button - reset'

01-04-2025T10:45:59 - [MESSAGE][WARNING] - Timeout '0' is invalid. Using default page load timeout: '30'

01-04-2025T10:46:00 - [MESSAGE][PASSED] - Tapped on element 'Object Repository/Repo/android.widget.Button - reset'

01-04-2025T10:46:00 - [TEST_STEP][PASSED] - hideKeyboard(): null

01-04-2025T10:46:02 - [MESSAGE][PASSED] - Keyboard is hidden

01-04-2025T10:46:02 - [TEST_STEP][PASSED] - testCopyPasteEmailFunctionality(): null

01-04-2025T10:46:02 - [TEST_STEP][PASSED] - testData = findTestData("Data Files/C681"): null

01-04-2025T10:46:02 - [TEST_STEP][PASSED] - email1 = testData.getValue("email", 1): null

01-04-2025T10:46:02 - [TEST_STEP][PASSED] - sendKeys(findTestObject("Object Repository/Repo/android.widget.EditText-LoginorSignUp"), email1): Send keys 'b@k.com' on test object 'Object Repository/Repo/android.widget.EditText-LoginorSignUp' successfully.

01-04-2025T10:46:03 - [MESSAGE][PASSED] - Send keys 'b@k.com' on test object 'Object Repository/Repo/android.widget.EditText-LoginorSignUp' successfully.

01-04-2025T10:46:03 - [TEST_STEP][PASSED] - delay(10): Delayed 10 second(s)

01-04-2025T10:46:13 - [MESSAGE][PASSED] - Delayed 10 second(s)

01-04-2025T10:46:13 - [TEST_STEP][PASSED] - tap(findTestObject("Object Repository/Repo/android.widget.Button - Next (1)"), 0): Tapped on element 'Object Repository/Repo/android.widget.Button - Next (1)'

01-04-2025T10:46:13 - [MESSAGE][WARNING] - Timeout '0' is invalid. Using default page load timeout: '30'

01-04-2025T10:46:13 - [MESSAGE][PASSED] - Tapped on element 'Object Repository/Repo/android.widget.Button - Next (1)'

01-04-2025T10:46:13 - [TEST_STEP][PASSED] - delay(10): Delayed 10 second(s)

01-04-2025T10:46:23 - [MESSAGE][PASSED] - Delayed 10 second(s)

01-04-2025T10:46:23 - [TEST_STEP][FAILED] - try: Failed to wait for element ''{0}'' present (Root cause: com.kms.katalon.core.exception.StepFailedException: Failed to wait for element ''{0}'' present
	at com.kms.katalon.core.mobile.keyword.internal.MobileKeywordMain.stepFailed(MobileKeywordMain.groovy:64)
	at com.kms.katalon.core.mobile.keyword.internal.MobileKeywordMain.runKeyword(MobileKeywordMain.groovy:34)
	at com.kms.katalon.core.mobile.keyword.builtin.WaitForElementPresentKeyword.waitForElementPresent(WaitForElementPresentKeyword.groovy:77)
	at com.kms.katalon.core.mobile.keyword.builtin.WaitForElementPresentKeyword.execute(WaitForElementPresentKeyword.groovy:61)
	at com.kms.katalon.core.keyword.internal.KeywordExecutor.executeKeywordForPlatform(KeywordExecutor.groovy:74)
	at com.kms.katalon.core.mobile.keyword.MobileBuiltInKeywords.waitForElementPresent(MobileBuiltInKeywords.groovy:1660)
	at EmailValidationTests.testCopyPasteEmailFunctionality(Script1743084213202.groovy:139)
	at EmailValidationTests.runAllTests(Script1743084213202.groovy:207)
	at C660-C681_SignUpNewUserPage.run(C660-C681_SignUpNewUserPage:216)
	at com.kms.katalon.core.main.ScriptEngine.run(ScriptEngine.java:194)
	at com.kms.katalon.core.main.ScriptEngine.runScriptAsRawText(ScriptEngine.java:119)
	at com.kms.katalon.core.main.TestCaseExecutor.runScript(TestCaseExecutor.java:448)
	at com.kms.katalon.core.main.TestCaseExecutor.doExecute(TestCaseExecutor.java:439)
	at com.kms.katalon.core.main.TestCaseExecutor.processExecutionPhase(TestCaseExecutor.java:418)
	at com.kms.katalon.core.main.TestCaseExecutor.accessMainPhase(TestCaseExecutor.java:410)
	at com.kms.katalon.core.main.TestCaseExecutor.execute(TestCaseExecutor.java:285)
	at com.kms.katalon.core.common.CommonExecutor.accessTestCaseMainPhase(CommonExecutor.java:71)
	at com.kms.katalon.core.main.TestSuiteExecutor.accessTestSuiteMainPhase(TestSuiteExecutor.java:160)
	at com.kms.katalon.core.main.TestSuiteExecutor.execute(TestSuiteExecutor.java:107)
	at com.kms.katalon.core.main.TestCaseMain.startTestSuite(TestCaseMain.java:180)
	at TempTestSuite1743483985449.run(TempTestSuite1743483985449.groovy:35)
	at java.base/jdk.internal.reflect.NativeMethodAccessorImpl.invoke0(Native Method)
	at java.base/jdk.internal.reflect.NativeMethodAccessorImpl.invoke(NativeMethodAccessorImpl.java:77)
	at java.base/jdk.internal.reflect.DelegatingMethodAccessorImpl.invoke(DelegatingMethodAccessorImpl.java:43)
Caused by: java.lang.IllegalArgumentException: Object is null
	at com.kms.katalon.core.helper.KeywordHelper.checkTestObjectParameter(KeywordHelper.java:33)
	at com.kms.katalon.core.mobile.keyword.builtin.WaitForElementPresentKeyword$_waitForElementPresent_closure1.doCall(WaitForElementPresentKeyword.groovy:67)
	at com.kms.katalon.core.mobile.keyword.builtin.WaitForElementPresentKeyword$_waitForElementPresent_closure1.call(WaitForElementPresentKeyword.groovy)
	at com.kms.katalon.core.mobile.keyword.internal.MobileKeywordMain.runKeyword(MobileKeywordMain.groovy:30)
	at com.kms.katalon.core.mobile.keyword.builtin.WaitForElementPresentKeyword.waitForElementPresent(WaitForElementPresentKeyword.groovy:77)
	at com.kms.katalon.core.mobile.keyword.builtin.WaitForElementPresentKeyword.execute(WaitForElementPresentKeyword.groovy:61)
	at com.kms.katalon.core.keyword.internal.KeywordExecutor.executeKeywordForPlatform(KeywordExecutor.groovy:74)
	at com.kms.katalon.core.mobile.keyword.MobileBuiltInKeywords.waitForElementPresent(MobileBuiltInKeywords.groovy:1660)
	at EmailValidationTests.testCopyPasteEmailFunctionality(Script1743084213202.groovy:139)
	at EmailValidationTests.runAllTests(Script1743084213202.groovy:207)
	at Script1743084213202.run(Script1743084213202.groovy:216)
	... 15 more
)

01-04-2025T10:46:23 - [TEST_STEP][PASSED] - tap(findTestObject("Object Repository/Repo/android.widget.EditText-LoginorSignUp"), 0): Tapped on element 'Object Repository/Repo/android.widget.EditText-LoginorSignUp'

01-04-2025T10:46:23 - [MESSAGE][WARNING] - Timeout '0' is invalid. Using default page load timeout: '30'

01-04-2025T10:46:23 - [MESSAGE][PASSED] - Tapped on element 'Object Repository/Repo/android.widget.EditText-LoginorSignUp'

01-04-2025T10:46:23 - [TEST_STEP][PASSED] - tapAndHold(findTestObject("Object Repository/Repo/android.widget.EditText-LoginorSignUp"), 2, 0): Tapped and held on element 'Object Repository/Repo/android.widget.EditText-LoginorSignUp' with duration 2

01-04-2025T10:46:23 - [MESSAGE][WARNING] - Timeout '0' is invalid. Using default page load timeout: '30'

01-04-2025T10:46:25 - [MESSAGE][PASSED] - Tapped and held on element 'Object Repository/Repo/android.widget.EditText-LoginorSignUp' with duration 2

01-04-2025T10:46:25 - [TEST_STEP][PASSED] - delay(2): Delayed 2 second(s)

01-04-2025T10:46:27 - [MESSAGE][PASSED] - Delayed 2 second(s)

01-04-2025T10:46:27 - [TEST_STEP][FAILED] - if (waitForElementPresent(findTestObject("Object Repository/Repo/android.widget.TextView - Copy"), 3)): Failed to wait for element ''{0}'' present (Root cause: com.kms.katalon.core.exception.StepFailedException: Failed to wait for element ''{0}'' present
	at com.kms.katalon.core.mobile.keyword.internal.MobileKeywordMain.stepFailed(MobileKeywordMain.groovy:64)
	at com.kms.katalon.core.mobile.keyword.internal.MobileKeywordMain.runKeyword(MobileKeywordMain.groovy:34)
	at com.kms.katalon.core.mobile.keyword.builtin.WaitForElementPresentKeyword.waitForElementPresent(WaitForElementPresentKeyword.groovy:77)
	at com.kms.katalon.core.mobile.keyword.builtin.WaitForElementPresentKeyword.execute(WaitForElementPresentKeyword.groovy:61)
	at com.kms.katalon.core.keyword.internal.KeywordExecutor.executeKeywordForPlatform(KeywordExecutor.groovy:74)
	at com.kms.katalon.core.mobile.keyword.MobileBuiltInKeywords.waitForElementPresent(MobileBuiltInKeywords.groovy:1660)
	at EmailValidationTests.testCopyPasteEmailFunctionality(Script1743084213202.groovy:139)
	at EmailValidationTests.runAllTests(Script1743084213202.groovy:207)
	at C660-C681_SignUpNewUserPage.run(C660-C681_SignUpNewUserPage:216)
	at com.kms.katalon.core.main.ScriptEngine.run(ScriptEngine.java:194)
	at com.kms.katalon.core.main.ScriptEngine.runScriptAsRawText(ScriptEngine.java:119)
	at com.kms.katalon.core.main.TestCaseExecutor.runScript(TestCaseExecutor.java:448)
	at com.kms.katalon.core.main.TestCaseExecutor.doExecute(TestCaseExecutor.java:439)
	at com.kms.katalon.core.main.TestCaseExecutor.processExecutionPhase(TestCaseExecutor.java:418)
	at com.kms.katalon.core.main.TestCaseExecutor.accessMainPhase(TestCaseExecutor.java:410)
	at com.kms.katalon.core.main.TestCaseExecutor.execute(TestCaseExecutor.java:285)
	at com.kms.katalon.core.common.CommonExecutor.accessTestCaseMainPhase(CommonExecutor.java:71)
	at com.kms.katalon.core.main.TestSuiteExecutor.accessTestSuiteMainPhase(TestSuiteExecutor.java:160)
	at com.kms.katalon.core.main.TestSuiteExecutor.execute(TestSuiteExecutor.java:107)
	at com.kms.katalon.core.main.TestCaseMain.startTestSuite(TestCaseMain.java:180)
	at TempTestSuite1743483985449.run(TempTestSuite1743483985449.groovy:35)
	at java.base/jdk.internal.reflect.NativeMethodAccessorImpl.invoke0(Native Method)
	at java.base/jdk.internal.reflect.NativeMethodAccessorImpl.invoke(NativeMethodAccessorImpl.java:77)
	at java.base/jdk.internal.reflect.DelegatingMethodAccessorImpl.invoke(DelegatingMethodAccessorImpl.java:43)
Caused by: java.lang.IllegalArgumentException: Object is null
	at com.kms.katalon.core.helper.KeywordHelper.checkTestObjectParameter(KeywordHelper.java:33)
	at com.kms.katalon.core.mobile.keyword.builtin.WaitForElementPresentKeyword$_waitForElementPresent_closure1.doCall(WaitForElementPresentKeyword.groovy:67)
	at com.kms.katalon.core.mobile.keyword.builtin.WaitForElementPresentKeyword$_waitForElementPresent_closure1.call(WaitForElementPresentKeyword.groovy)
	at com.kms.katalon.core.mobile.keyword.internal.MobileKeywordMain.runKeyword(MobileKeywordMain.groovy:30)
	at com.kms.katalon.core.mobile.keyword.builtin.WaitForElementPresentKeyword.waitForElementPresent(WaitForElementPresentKeyword.groovy:77)
	at com.kms.katalon.core.mobile.keyword.builtin.WaitForElementPresentKeyword.execute(WaitForElementPresentKeyword.groovy:61)
	at com.kms.katalon.core.keyword.internal.KeywordExecutor.executeKeywordForPlatform(KeywordExecutor.groovy:74)
	at com.kms.katalon.core.mobile.keyword.MobileBuiltInKeywords.waitForElementPresent(MobileBuiltInKeywords.groovy:1660)
	at EmailValidationTests.testCopyPasteEmailFunctionality(Script1743084213202.groovy:139)
	at EmailValidationTests.runAllTests(Script1743084213202.groovy:207)
	at Script1743084213202.run(Script1743084213202.groovy:216)
	... 15 more
)

01-04-2025T10:46:27 - [MESSAGE][WARNING] - Test object with id 'Object Repository/Repo/android.widget.TextView - Copy' does not exist

01-04-2025T10:46:27 - [MESSAGE][WARNING] - Test object with id 'Object Repository/' does not exist

01-04-2025T10:46:28 - [MESSAGE][FAILED] - Failed to wait for element ''{0}'' present (Root cause: com.kms.katalon.core.exception.StepFailedException: Failed to wait for element ''{0}'' present
	at com.kms.katalon.core.mobile.keyword.internal.MobileKeywordMain.stepFailed(MobileKeywordMain.groovy:64)
	at com.kms.katalon.core.mobile.keyword.internal.MobileKeywordMain.runKeyword(MobileKeywordMain.groovy:34)
	at com.kms.katalon.core.mobile.keyword.builtin.WaitForElementPresentKeyword.waitForElementPresent(WaitForElementPresentKeyword.groovy:77)
	at com.kms.katalon.core.mobile.keyword.builtin.WaitForElementPresentKeyword.execute(WaitForElementPresentKeyword.groovy:61)
	at com.kms.katalon.core.keyword.internal.KeywordExecutor.executeKeywordForPlatform(KeywordExecutor.groovy:74)
	at com.kms.katalon.core.mobile.keyword.MobileBuiltInKeywords.waitForElementPresent(MobileBuiltInKeywords.groovy:1660)
	at EmailValidationTests.testCopyPasteEmailFunctionality(Script1743084213202.groovy:139)
	at EmailValidationTests.runAllTests(Script1743084213202.groovy:207)
	at C660-C681_SignUpNewUserPage.run(C660-C681_SignUpNewUserPage:216)
	at com.kms.katalon.core.main.ScriptEngine.run(ScriptEngine.java:194)
	at com.kms.katalon.core.main.ScriptEngine.runScriptAsRawText(ScriptEngine.java:119)
	at com.kms.katalon.core.main.TestCaseExecutor.runScript(TestCaseExecutor.java:448)
	at com.kms.katalon.core.main.TestCaseExecutor.doExecute(TestCaseExecutor.java:439)
	at com.kms.katalon.core.main.TestCaseExecutor.processExecutionPhase(TestCaseExecutor.java:418)
	at com.kms.katalon.core.main.TestCaseExecutor.accessMainPhase(TestCaseExecutor.java:410)
	at com.kms.katalon.core.main.TestCaseExecutor.execute(TestCaseExecutor.java:285)
	at com.kms.katalon.core.common.CommonExecutor.accessTestCaseMainPhase(CommonExecutor.java:71)
	at com.kms.katalon.core.main.TestSuiteExecutor.accessTestSuiteMainPhase(TestSuiteExecutor.java:160)
	at com.kms.katalon.core.main.TestSuiteExecutor.execute(TestSuiteExecutor.java:107)
	at com.kms.katalon.core.main.TestCaseMain.startTestSuite(TestCaseMain.java:180)
	at TempTestSuite1743483985449.run(TempTestSuite1743483985449.groovy:35)
	at java.base/jdk.internal.reflect.NativeMethodAccessorImpl.invoke0(Native Method)
	at java.base/jdk.internal.reflect.NativeMethodAccessorImpl.invoke(NativeMethodAccessorImpl.java:77)
	at java.base/jdk.internal.reflect.DelegatingMethodAccessorImpl.invoke(DelegatingMethodAccessorImpl.java:43)
Caused by: java.lang.IllegalArgumentException: Object is null
	at com.kms.katalon.core.helper.KeywordHelper.checkTestObjectParameter(KeywordHelper.java:33)
	at com.kms.katalon.core.mobile.keyword.builtin.WaitForElementPresentKeyword$_waitForElementPresent_closure1.doCall(WaitForElementPresentKeyword.groovy:67)
	at com.kms.katalon.core.mobile.keyword.builtin.WaitForElementPresentKeyword$_waitForElementPresent_closure1.call(WaitForElementPresentKeyword.groovy)
	at com.kms.katalon.core.mobile.keyword.internal.MobileKeywordMain.runKeyword(MobileKeywordMain.groovy:30)
	at com.kms.katalon.core.mobile.keyword.builtin.WaitForElementPresentKeyword.waitForElementPresent(WaitForElementPresentKeyword.groovy:77)
	at com.kms.katalon.core.mobile.keyword.builtin.WaitForElementPresentKeyword.execute(WaitForElementPresentKeyword.groovy:61)
	at com.kms.katalon.core.keyword.internal.KeywordExecutor.executeKeywordForPlatform(KeywordExecutor.groovy:74)
	at com.kms.katalon.core.mobile.keyword.MobileBuiltInKeywords.waitForElementPresent(MobileBuiltInKeywords.groovy:1660)
	at EmailValidationTests.testCopyPasteEmailFunctionality(Script1743084213202.groovy:139)
	at EmailValidationTests.runAllTests(Script1743084213202.groovy:207)
	at Script1743084213202.run(Script1743084213202.groovy:216)
	... 15 more
)
[[ATTACHMENT|/Users/gv.vignesh/Downloads/WGR-Android-Automation/Reports/20250401_103625/WRMA Android Regression/20250401_103625/1743484587612.png]]

01-04-2025T10:46:28 - [TEST_STEP][PASSED] - catch (com.kms.katalon.core.exception.StepFailedException e): null

01-04-2025T10:46:28 - [TEST_STEP][PASSED] - println("⚠️ Error occurred during copy: " + e.getMessage()): null

01-04-2025T10:46:28 - [TEST_STEP][FAILED] - try: Failed to wait for element ''{0}'' present (Root cause: com.kms.katalon.core.exception.StepFailedException: Failed to wait for element ''{0}'' present
	at com.kms.katalon.core.mobile.keyword.internal.MobileKeywordMain.stepFailed(MobileKeywordMain.groovy:64)
	at com.kms.katalon.core.mobile.keyword.internal.MobileKeywordMain.runKeyword(MobileKeywordMain.groovy:34)
	at com.kms.katalon.core.mobile.keyword.builtin.WaitForElementPresentKeyword.waitForElementPresent(WaitForElementPresentKeyword.groovy:77)
	at com.kms.katalon.core.mobile.keyword.builtin.WaitForElementPresentKeyword.execute(WaitForElementPresentKeyword.groovy:61)
	at com.kms.katalon.core.keyword.internal.KeywordExecutor.executeKeywordForPlatform(KeywordExecutor.groovy:74)
	at com.kms.katalon.core.mobile.keyword.MobileBuiltInKeywords.waitForElementPresent(MobileBuiltInKeywords.groovy:1660)
	at EmailValidationTests.testCopyPasteEmailFunctionality(Script1743084213202.groovy:154)
	at EmailValidationTests.runAllTests(Script1743084213202.groovy:207)
	at C660-C681_SignUpNewUserPage.run(C660-C681_SignUpNewUserPage:216)
	at com.kms.katalon.core.main.ScriptEngine.run(ScriptEngine.java:194)
	at com.kms.katalon.core.main.ScriptEngine.runScriptAsRawText(ScriptEngine.java:119)
	at com.kms.katalon.core.main.TestCaseExecutor.runScript(TestCaseExecutor.java:448)
	at com.kms.katalon.core.main.TestCaseExecutor.doExecute(TestCaseExecutor.java:439)
	at com.kms.katalon.core.main.TestCaseExecutor.processExecutionPhase(TestCaseExecutor.java:418)
	at com.kms.katalon.core.main.TestCaseExecutor.accessMainPhase(TestCaseExecutor.java:410)
	at com.kms.katalon.core.main.TestCaseExecutor.execute(TestCaseExecutor.java:285)
	at com.kms.katalon.core.common.CommonExecutor.accessTestCaseMainPhase(CommonExecutor.java:71)
	at com.kms.katalon.core.main.TestSuiteExecutor.accessTestSuiteMainPhase(TestSuiteExecutor.java:160)
	at com.kms.katalon.core.main.TestSuiteExecutor.execute(TestSuiteExecutor.java:107)
	at com.kms.katalon.core.main.TestCaseMain.startTestSuite(TestCaseMain.java:180)
	at TempTestSuite1743483985449.run(TempTestSuite1743483985449.groovy:35)
	at java.base/jdk.internal.reflect.NativeMethodAccessorImpl.invoke0(Native Method)
	at java.base/jdk.internal.reflect.NativeMethodAccessorImpl.invoke(NativeMethodAccessorImpl.java:77)
	at java.base/jdk.internal.reflect.DelegatingMethodAccessorImpl.invoke(DelegatingMethodAccessorImpl.java:43)
Caused by: java.lang.IllegalArgumentException: Object is null
	at com.kms.katalon.core.helper.KeywordHelper.checkTestObjectParameter(KeywordHelper.java:33)
	at com.kms.katalon.core.mobile.keyword.builtin.WaitForElementPresentKeyword$_waitForElementPresent_closure1.doCall(WaitForElementPresentKeyword.groovy:67)
	at com.kms.katalon.core.mobile.keyword.builtin.WaitForElementPresentKeyword$_waitForElementPresent_closure1.call(WaitForElementPresentKeyword.groovy)
	at com.kms.katalon.core.mobile.keyword.internal.MobileKeywordMain.runKeyword(MobileKeywordMain.groovy:30)
	at com.kms.katalon.core.mobile.keyword.builtin.WaitForElementPresentKeyword.waitForElementPresent(WaitForElementPresentKeyword.groovy:77)
	at com.kms.katalon.core.mobile.keyword.builtin.WaitForElementPresentKeyword.execute(WaitForElementPresentKeyword.groovy:61)
	at com.kms.katalon.core.keyword.internal.KeywordExecutor.executeKeywordForPlatform(KeywordExecutor.groovy:74)
	at com.kms.katalon.core.mobile.keyword.MobileBuiltInKeywords.waitForElementPresent(MobileBuiltInKeywords.groovy:1660)
	at EmailValidationTests.testCopyPasteEmailFunctionality(Script1743084213202.groovy:154)
	at EmailValidationTests.runAllTests(Script1743084213202.groovy:207)
	at Script1743084213202.run(Script1743084213202.groovy:216)
	... 15 more
)

01-04-2025T10:46:28 - [TEST_STEP][PASSED] - tap(findTestObject("Object Repository/Repo/android.widget.EditText-confirm email address"), 0): Tapped on element 'Object Repository/Repo/android.widget.EditText-confirm email address'

01-04-2025T10:46:28 - [MESSAGE][WARNING] - Timeout '0' is invalid. Using default page load timeout: '30'

01-04-2025T10:46:28 - [MESSAGE][PASSED] - Tapped on element 'Object Repository/Repo/android.widget.EditText-confirm email address'

01-04-2025T10:46:28 - [TEST_STEP][PASSED] - tapAndHold(findTestObject("Object Repository/Repo/android.widget.EditText-confirm email address"), 2, 0): Tapped and held on element 'Object Repository/Repo/android.widget.EditText-confirm email address' with duration 2

01-04-2025T10:46:28 - [MESSAGE][WARNING] - Timeout '0' is invalid. Using default page load timeout: '30'

01-04-2025T10:46:31 - [MESSAGE][PASSED] - Tapped and held on element 'Object Repository/Repo/android.widget.EditText-confirm email address' with duration 2

01-04-2025T10:46:31 - [TEST_STEP][PASSED] - delay(2): Delayed 2 second(s)

01-04-2025T10:46:33 - [MESSAGE][PASSED] - Delayed 2 second(s)

01-04-2025T10:46:33 - [TEST_STEP][FAILED] - if (waitForElementPresent(findTestObject("Object Repository/Repo/android.widget.TextView - Paste"), 3)): Failed to wait for element ''{0}'' present (Root cause: com.kms.katalon.core.exception.StepFailedException: Failed to wait for element ''{0}'' present
	at com.kms.katalon.core.mobile.keyword.internal.MobileKeywordMain.stepFailed(MobileKeywordMain.groovy:64)
	at com.kms.katalon.core.mobile.keyword.internal.MobileKeywordMain.runKeyword(MobileKeywordMain.groovy:34)
	at com.kms.katalon.core.mobile.keyword.builtin.WaitForElementPresentKeyword.waitForElementPresent(WaitForElementPresentKeyword.groovy:77)
	at com.kms.katalon.core.mobile.keyword.builtin.WaitForElementPresentKeyword.execute(WaitForElementPresentKeyword.groovy:61)
	at com.kms.katalon.core.keyword.internal.KeywordExecutor.executeKeywordForPlatform(KeywordExecutor.groovy:74)
	at com.kms.katalon.core.mobile.keyword.MobileBuiltInKeywords.waitForElementPresent(MobileBuiltInKeywords.groovy:1660)
	at EmailValidationTests.testCopyPasteEmailFunctionality(Script1743084213202.groovy:154)
	at EmailValidationTests.runAllTests(Script1743084213202.groovy:207)
	at C660-C681_SignUpNewUserPage.run(C660-C681_SignUpNewUserPage:216)
	at com.kms.katalon.core.main.ScriptEngine.run(ScriptEngine.java:194)
	at com.kms.katalon.core.main.ScriptEngine.runScriptAsRawText(ScriptEngine.java:119)
	at com.kms.katalon.core.main.TestCaseExecutor.runScript(TestCaseExecutor.java:448)
	at com.kms.katalon.core.main.TestCaseExecutor.doExecute(TestCaseExecutor.java:439)
	at com.kms.katalon.core.main.TestCaseExecutor.processExecutionPhase(TestCaseExecutor.java:418)
	at com.kms.katalon.core.main.TestCaseExecutor.accessMainPhase(TestCaseExecutor.java:410)
	at com.kms.katalon.core.main.TestCaseExecutor.execute(TestCaseExecutor.java:285)
	at com.kms.katalon.core.common.CommonExecutor.accessTestCaseMainPhase(CommonExecutor.java:71)
	at com.kms.katalon.core.main.TestSuiteExecutor.accessTestSuiteMainPhase(TestSuiteExecutor.java:160)
	at com.kms.katalon.core.main.TestSuiteExecutor.execute(TestSuiteExecutor.java:107)
	at com.kms.katalon.core.main.TestCaseMain.startTestSuite(TestCaseMain.java:180)
	at TempTestSuite1743483985449.run(TempTestSuite1743483985449.groovy:35)
	at java.base/jdk.internal.reflect.NativeMethodAccessorImpl.invoke0(Native Method)
	at java.base/jdk.internal.reflect.NativeMethodAccessorImpl.invoke(NativeMethodAccessorImpl.java:77)
	at java.base/jdk.internal.reflect.DelegatingMethodAccessorImpl.invoke(DelegatingMethodAccessorImpl.java:43)
Caused by: java.lang.IllegalArgumentException: Object is null
	at com.kms.katalon.core.helper.KeywordHelper.checkTestObjectParameter(KeywordHelper.java:33)
	at com.kms.katalon.core.mobile.keyword.builtin.WaitForElementPresentKeyword$_waitForElementPresent_closure1.doCall(WaitForElementPresentKeyword.groovy:67)
	at com.kms.katalon.core.mobile.keyword.builtin.WaitForElementPresentKeyword$_waitForElementPresent_closure1.call(WaitForElementPresentKeyword.groovy)
	at com.kms.katalon.core.mobile.keyword.internal.MobileKeywordMain.runKeyword(MobileKeywordMain.groovy:30)
	at com.kms.katalon.core.mobile.keyword.builtin.WaitForElementPresentKeyword.waitForElementPresent(WaitForElementPresentKeyword.groovy:77)
	at com.kms.katalon.core.mobile.keyword.builtin.WaitForElementPresentKeyword.execute(WaitForElementPresentKeyword.groovy:61)
	at com.kms.katalon.core.keyword.internal.KeywordExecutor.executeKeywordForPlatform(KeywordExecutor.groovy:74)
	at com.kms.katalon.core.mobile.keyword.MobileBuiltInKeywords.waitForElementPresent(MobileBuiltInKeywords.groovy:1660)
	at EmailValidationTests.testCopyPasteEmailFunctionality(Script1743084213202.groovy:154)
	at EmailValidationTests.runAllTests(Script1743084213202.groovy:207)
	at Script1743084213202.run(Script1743084213202.groovy:216)
	... 15 more
)

01-04-2025T10:46:33 - [MESSAGE][WARNING] - Test object with id 'Object Repository/Repo/android.widget.TextView - Paste' does not exist

01-04-2025T10:46:33 - [MESSAGE][WARNING] - Test object with id 'Object Repository/' does not exist

01-04-2025T10:46:33 - [MESSAGE][FAILED] - Failed to wait for element ''{0}'' present (Root cause: com.kms.katalon.core.exception.StepFailedException: Failed to wait for element ''{0}'' present
	at com.kms.katalon.core.mobile.keyword.internal.MobileKeywordMain.stepFailed(MobileKeywordMain.groovy:64)
	at com.kms.katalon.core.mobile.keyword.internal.MobileKeywordMain.runKeyword(MobileKeywordMain.groovy:34)
	at com.kms.katalon.core.mobile.keyword.builtin.WaitForElementPresentKeyword.waitForElementPresent(WaitForElementPresentKeyword.groovy:77)
	at com.kms.katalon.core.mobile.keyword.builtin.WaitForElementPresentKeyword.execute(WaitForElementPresentKeyword.groovy:61)
	at com.kms.katalon.core.keyword.internal.KeywordExecutor.executeKeywordForPlatform(KeywordExecutor.groovy:74)
	at com.kms.katalon.core.mobile.keyword.MobileBuiltInKeywords.waitForElementPresent(MobileBuiltInKeywords.groovy:1660)
	at EmailValidationTests.testCopyPasteEmailFunctionality(Script1743084213202.groovy:154)
	at EmailValidationTests.runAllTests(Script1743084213202.groovy:207)
	at C660-C681_SignUpNewUserPage.run(C660-C681_SignUpNewUserPage:216)
	at com.kms.katalon.core.main.ScriptEngine.run(ScriptEngine.java:194)
	at com.kms.katalon.core.main.ScriptEngine.runScriptAsRawText(ScriptEngine.java:119)
	at com.kms.katalon.core.main.TestCaseExecutor.runScript(TestCaseExecutor.java:448)
	at com.kms.katalon.core.main.TestCaseExecutor.doExecute(TestCaseExecutor.java:439)
	at com.kms.katalon.core.main.TestCaseExecutor.processExecutionPhase(TestCaseExecutor.java:418)
	at com.kms.katalon.core.main.TestCaseExecutor.accessMainPhase(TestCaseExecutor.java:410)
	at com.kms.katalon.core.main.TestCaseExecutor.execute(TestCaseExecutor.java:285)
	at com.kms.katalon.core.common.CommonExecutor.accessTestCaseMainPhase(CommonExecutor.java:71)
	at com.kms.katalon.core.main.TestSuiteExecutor.accessTestSuiteMainPhase(TestSuiteExecutor.java:160)
	at com.kms.katalon.core.main.TestSuiteExecutor.execute(TestSuiteExecutor.java:107)
	at com.kms.katalon.core.main.TestCaseMain.startTestSuite(TestCaseMain.java:180)
	at TempTestSuite1743483985449.run(TempTestSuite1743483985449.groovy:35)
	at java.base/jdk.internal.reflect.NativeMethodAccessorImpl.invoke0(Native Method)
	at java.base/jdk.internal.reflect.NativeMethodAccessorImpl.invoke(NativeMethodAccessorImpl.java:77)
	at java.base/jdk.internal.reflect.DelegatingMethodAccessorImpl.invoke(DelegatingMethodAccessorImpl.java:43)
Caused by: java.lang.IllegalArgumentException: Object is null
	at com.kms.katalon.core.helper.KeywordHelper.checkTestObjectParameter(KeywordHelper.java:33)
	at com.kms.katalon.core.mobile.keyword.builtin.WaitForElementPresentKeyword$_waitForElementPresent_closure1.doCall(WaitForElementPresentKeyword.groovy:67)
	at com.kms.katalon.core.mobile.keyword.builtin.WaitForElementPresentKeyword$_waitForElementPresent_closure1.call(WaitForElementPresentKeyword.groovy)
	at com.kms.katalon.core.mobile.keyword.internal.MobileKeywordMain.runKeyword(MobileKeywordMain.groovy:30)
	at com.kms.katalon.core.mobile.keyword.builtin.WaitForElementPresentKeyword.waitForElementPresent(WaitForElementPresentKeyword.groovy:77)
	at com.kms.katalon.core.mobile.keyword.builtin.WaitForElementPresentKeyword.execute(WaitForElementPresentKeyword.groovy:61)
	at com.kms.katalon.core.keyword.internal.KeywordExecutor.executeKeywordForPlatform(KeywordExecutor.groovy:74)
	at com.kms.katalon.core.mobile.keyword.MobileBuiltInKeywords.waitForElementPresent(MobileBuiltInKeywords.groovy:1660)
	at EmailValidationTests.testCopyPasteEmailFunctionality(Script1743084213202.groovy:154)
	at EmailValidationTests.runAllTests(Script1743084213202.groovy:207)
	at Script1743084213202.run(Script1743084213202.groovy:216)
	... 15 more
)
[[ATTACHMENT|/Users/gv.vignesh/Downloads/WGR-Android-Automation/Reports/20250401_103625/WRMA Android Regression/20250401_103625/1743484593373.png]]

01-04-2025T10:46:33 - [TEST_STEP][PASSED] - catch (com.kms.katalon.core.exception.StepFailedException e): null

01-04-2025T10:46:33 - [TEST_STEP][PASSED] - println("⚠️ Error occurred during paste: " + e.getMessage()): null

01-04-2025T10:46:33 - [TEST_STEP][PASSED] - tap(findTestObject("Object Repository/Repo/android.widget.Button - reset"), 0): Tapped on element 'Object Repository/Repo/android.widget.Button - reset'

01-04-2025T10:46:33 - [MESSAGE][WARNING] - Timeout '0' is invalid. Using default page load timeout: '30'

01-04-2025T10:46:34 - [MESSAGE][PASSED] - Tapped on element 'Object Repository/Repo/android.widget.Button - reset'

01-04-2025T10:46:34 - [TEST_STEP][PASSED] - hideKeyboard(): null

01-04-2025T10:46:36 - [MESSAGE][PASSED] - Keyboard is hidden

01-04-2025T10:46:36 - [TEST_STEP][PASSED] - testMultipleEmailsFunctionality(): null

01-04-2025T10:46:36 - [TEST_STEP][PASSED] - testData = findTestData("Data Files/Emails"): null

01-04-2025T10:46:36 - [TEST_STEP][PASSED] - email1 = testData.getValue("email", 1): null

01-04-2025T10:46:36 - [TEST_STEP][PASSED] - email2 = testData.getValue("email", 2): null

01-04-2025T10:46:36 - [TEST_STEP][PASSED] - sendKeys(findTestObject("Object Repository/Repo/android.widget.EditText-LoginorSignUp"), email1): Send keys 'c@y.com' on test object 'Object Repository/Repo/android.widget.EditText-LoginorSignUp' successfully.

01-04-2025T10:46:36 - [MESSAGE][PASSED] - Send keys 'c@y.com' on test object 'Object Repository/Repo/android.widget.EditText-LoginorSignUp' successfully.

01-04-2025T10:46:36 - [TEST_STEP][PASSED] - tap(findTestObject("Object Repository/Repo/android.widget.Button - Next (1)"), 10): Tapped on element 'Object Repository/Repo/android.widget.Button - Next (1)'

01-04-2025T10:46:37 - [MESSAGE][PASSED] - Tapped on element 'Object Repository/Repo/android.widget.Button - Next (1)'

01-04-2025T10:46:37 - [TEST_STEP][PASSED] - tap(findTestObject("Object Repository/Repo/android.widget.Button - reset"), 10): Tapped on element 'Object Repository/Repo/android.widget.Button - reset'

01-04-2025T10:46:38 - [MESSAGE][PASSED] - Tapped on element 'Object Repository/Repo/android.widget.Button - reset'

01-04-2025T10:46:38 - [TEST_STEP][PASSED] - hideKeyboard(): Keyboard is hidden

01-04-2025T10:46:40 - [MESSAGE][PASSED] - Keyboard is hidden

01-04-2025T10:46:40 - [TEST_STEP][PASSED] - sendKeys(findTestObject("Object Repository/Repo/android.widget.EditText-confirm email address"), email2): Send keys 'o.m' on test object 'Object Repository/Repo/android.widget.EditText-confirm email address' successfully.

01-04-2025T10:46:40 - [MESSAGE][PASSED] - Send keys 'o.m' on test object 'Object Repository/Repo/android.widget.EditText-confirm email address' successfully.

01-04-2025T10:46:40 - [TEST_STEP][PASSED] - delay(3): Delayed 3 second(s)

01-04-2025T10:46:43 - [MESSAGE][PASSED] - Delayed 3 second(s)

01-04-2025T10:46:43 - [TEST_STEP][PASSED] - tap(findTestObject("Object Repository/Repo/android.widget.EditText-confirm email address"), 10): Tapped on element 'Object Repository/Repo/android.widget.EditText-confirm email address'

01-04-2025T10:46:43 - [MESSAGE][PASSED] - Tapped on element 'Object Repository/Repo/android.widget.EditText-confirm email address'

01-04-2025T10:46:43 - [TEST_STEP][PASSED] - try: null

01-04-2025T10:46:43 - [TEST_STEP][PASSED] - testObject = findTestObject("Object Repository/Repo/android.widget.TextView - Invalid email format"): Test object with id 'Object Repository/Repo/android.widget.TextView - Invalid email format' does not exist

01-04-2025T10:46:43 - [MESSAGE][WARNING] - Test object with id 'Object Repository/Repo/android.widget.TextView - Invalid email format' does not exist

01-04-2025T10:46:43 - [TEST_STEP][PASSED] - if (testObject == null): null

01-04-2025T10:46:43 - [TEST_STEP][PASSED] - throw new java.lang.Exception(Test object 'Invalid email format' not found in the Object Repository.): null

01-04-2025T10:46:43 - [TEST_STEP][PASSED] - catch (Exception e): null

01-04-2025T10:46:43 - [TEST_STEP][PASSED] - println(❌ An error occurred: $e.getMessage()): null

01-04-2025T10:46:43 - [TEST_STEP][PASSED] - tap(findTestObject("Object Repository/Repo/android.widget.Button - reset"), 0): Tapped on element 'Object Repository/Repo/android.widget.Button - reset'

01-04-2025T10:46:43 - [MESSAGE][WARNING] - Timeout '0' is invalid. Using default page load timeout: '30'

01-04-2025T10:46:45 - [MESSAGE][PASSED] - Tapped on element 'Object Repository/Repo/android.widget.Button - reset'

01-04-2025T10:46:45 - [TEST_STEP][PASSED] - hideKeyboard(): Keyboard is hidden

01-04-2025T10:46:47 - [MESSAGE][PASSED] - Keyboard is hidden

01-04-2025T10:46:47 - [TEST_STEP][PASSED] - Finally: null

01-04-2025T10:46:47 - [TEST_STEP][PASSED] - cleanup(): null

01-04-2025T10:46:47 - [TEST_STEP][PASSED] - closeApplication(): Close app successfully

01-04-2025T10:46:49 - [MESSAGE][PASSED] - Close app successfully]]></system-out>
         <system-err><![CDATA[]]></system-err>
      </testcase>
      <testcase name="Test Cases/Sign Up New UserPage/C682-C688_SignUpNewUserPage" time="344.221" classname="Test Cases/Sign Up New UserPage/C682-C688_SignUpNewUserPage" status="PASSED">
         <system-out><![CDATA[01-04-2025T10:46:49 - [TEST_CASE][PASSED] - Test Cases/Sign Up New UserPage/C682-C688_SignUpNewUserPage: Test Cases/Sign Up New UserPage/C682-C688_SignUpNewUserPage

01-04-2025T10:46:49 - [TEST_STEP][PASSED] - startApplication("/Users/gv.vignesh/Downloads/WGR-Android-Automation/App Folder/universal.apk", true): Started application: '/Users/gv.vignesh/Downloads/WGR-Android-Automation/App Folder/universal.apk'

01-04-2025T10:46:49 - [MESSAGE][INFO] - Starting application: '/Users/gv.vignesh/Downloads/WGR-Android-Automation/App Folder/universal.apk'

01-04-2025T10:46:49 - [MESSAGE][INFO] - User set preference: ['deviceId', '']

01-04-2025T10:46:49 - [MESSAGE][INFO] - Detected NodeJS location: "/opt/homebrew/Cellar/node/23.10.0_1/bin/node"

01-04-2025T10:46:49 - [MESSAGE][INFO] - PATH: /opt/homebrew/Cellar/node/23.10.0_1/bin:/opt/homebrew/bin:/usr/bin:/bin:/usr/sbin:/sbin:/Applications/Katalon Studio Enterprise.app/Contents/Eclipse/jre/Contents/Home/bin:/usr/local/bin/

01-04-2025T10:46:49 - [MESSAGE][INFO] - APPIUM_HOME: /Users/gv.vignesh/.appium

01-04-2025T10:46:49 - [MESSAGE][INFO] - appium outlog: /Users/gv.vignesh/Downloads/WGR-Android-Automation/Reports/20250401_103625/WRMA Android Regression/20250401_103625/appium.log

01-04-2025T10:46:49 - [MESSAGE][INFO] - appium errlog: /Users/gv.vignesh/Downloads/WGR-Android-Automation/Reports/20250401_103625/WRMA Android Regression/20250401_103625/appium_error.log

01-04-2025T10:46:50 - [MESSAGE][INFO] - Appium server started on port 52,087

01-04-2025T10:46:56 - [MESSAGE][PASSED] - Started application: '/Users/gv.vignesh/Downloads/WGR-Android-Automation/App Folder/universal.apk'

01-04-2025T10:46:56 - [TEST_STEP][PASSED] - delay(10): Delayed 10 second(s)

01-04-2025T10:47:06 - [MESSAGE][PASSED] - Delayed 10 second(s)

01-04-2025T10:47:06 - [TEST_STEP][PASSED] - tap(findTestObject("Object Repository/Repo/SignUpNewUser/android.widget.Button - Login or Sign Up"), 0): Tapped on element 'Object Repository/Repo/SignUpNewUser/android.widget.Button - Login or Sign Up'

01-04-2025T10:47:06 - [MESSAGE][WARNING] - Timeout '0' is invalid. Using default page load timeout: '30'

01-04-2025T10:47:06 - [MESSAGE][PASSED] - Tapped on element 'Object Repository/Repo/SignUpNewUser/android.widget.Button - Login or Sign Up'

01-04-2025T10:47:06 - [TEST_STEP][PASSED] - delay(10): Delayed 10 second(s)

01-04-2025T10:47:16 - [MESSAGE][PASSED] - Delayed 10 second(s)

01-04-2025T10:47:16 - [TEST_STEP][PASSED] - setText(findTestObject("Object Repository/Repo/SignUpNewUser/android.widget.EditText"), "davidjohn@gmail.com", 0): Text 'davidjohn@gmail.com' has been set to element 'Object Repository/Repo/SignUpNewUser/android.widget.EditText'

01-04-2025T10:47:16 - [MESSAGE][WARNING] - Timeout '0' is invalid. Using default page load timeout: '30'

01-04-2025T10:47:16 - [MESSAGE][PASSED] - Text 'davidjohn@gmail.com' has been set to element 'Object Repository/Repo/SignUpNewUser/android.widget.EditText'

01-04-2025T10:47:16 - [TEST_STEP][PASSED] - delay(3): Delayed 3 second(s)

01-04-2025T10:47:19 - [MESSAGE][PASSED] - Delayed 3 second(s)

01-04-2025T10:47:19 - [TEST_STEP][PASSED] - hideKeyboard(): Keyboard is hidden

01-04-2025T10:47:22 - [MESSAGE][PASSED] - Keyboard is hidden

01-04-2025T10:47:22 - [TEST_STEP][PASSED] - delay(3): Delayed 3 second(s)

01-04-2025T10:47:25 - [MESSAGE][PASSED] - Delayed 3 second(s)

01-04-2025T10:47:25 - [TEST_STEP][PASSED] - tap(findTestObject("Object Repository/Repo/SignUpNewUser/android.widget.Button - Next"), 0): Tapped on element 'Object Repository/Repo/SignUpNewUser/android.widget.Button - Next'

01-04-2025T10:47:25 - [MESSAGE][WARNING] - Timeout '0' is invalid. Using default page load timeout: '30'

01-04-2025T10:47:25 - [MESSAGE][PASSED] - Tapped on element 'Object Repository/Repo/SignUpNewUser/android.widget.Button - Next'

01-04-2025T10:47:25 - [TEST_STEP][PASSED] - delay(3): Delayed 3 second(s)

01-04-2025T10:47:28 - [MESSAGE][PASSED] - Delayed 3 second(s)

01-04-2025T10:47:28 - [TEST_STEP][PASSED] - setText(findTestObject("Object Repository/Repo/SignUpNewUser/android.widget.EditText (1)"), "davidjohn@gmail.com", 0): Text 'davidjohn@gmail.com' has been set to element 'Object Repository/Repo/SignUpNewUser/android.widget.EditText (1)'

01-04-2025T10:47:28 - [MESSAGE][WARNING] - Timeout '0' is invalid. Using default page load timeout: '30'

01-04-2025T10:47:28 - [MESSAGE][PASSED] - Text 'davidjohn@gmail.com' has been set to element 'Object Repository/Repo/SignUpNewUser/android.widget.EditText (1)'

01-04-2025T10:47:28 - [TEST_STEP][PASSED] - delay(3): Delayed 3 second(s)

01-04-2025T10:47:31 - [MESSAGE][PASSED] - Delayed 3 second(s)

01-04-2025T10:47:31 - [TEST_STEP][PASSED] - hideKeyboard(): Keyboard is hidden

01-04-2025T10:47:34 - [MESSAGE][PASSED] - Keyboard is hidden

01-04-2025T10:47:34 - [TEST_STEP][PASSED] - delay(3): Delayed 3 second(s)

01-04-2025T10:47:37 - [MESSAGE][PASSED] - Delayed 3 second(s)

01-04-2025T10:47:37 - [TEST_STEP][PASSED] - tap(findTestObject("Object Repository/Repo/SignUpNewUser/android.widget.Button - Next (1)"), 0): Tapped on element 'Object Repository/Repo/SignUpNewUser/android.widget.Button - Next (1)'

01-04-2025T10:47:37 - [MESSAGE][WARNING] - Timeout '0' is invalid. Using default page load timeout: '30'

01-04-2025T10:47:37 - [MESSAGE][PASSED] - Tapped on element 'Object Repository/Repo/SignUpNewUser/android.widget.Button - Next (1)'

01-04-2025T10:47:37 - [TEST_STEP][PASSED] - delay(3): Delayed 3 second(s)

01-04-2025T10:47:40 - [MESSAGE][PASSED] - Delayed 3 second(s)

01-04-2025T10:47:40 - [TEST_STEP][PASSED] - setText(findTestObject("Object Repository/Repo/SignUpNewUser/android.widget.EditText (2)"), "steve", 0): Text 'steve' has been set to element 'Object Repository/Repo/SignUpNewUser/android.widget.EditText (2)'

01-04-2025T10:47:40 - [MESSAGE][WARNING] - Timeout '0' is invalid. Using default page load timeout: '30'

01-04-2025T10:47:40 - [MESSAGE][PASSED] - Text 'steve' has been set to element 'Object Repository/Repo/SignUpNewUser/android.widget.EditText (2)'

01-04-2025T10:47:40 - [TEST_STEP][PASSED] - delay(3): Delayed 3 second(s)

01-04-2025T10:47:43 - [MESSAGE][PASSED] - Delayed 3 second(s)

01-04-2025T10:47:43 - [TEST_STEP][PASSED] - hideKeyboard(): Keyboard is hidden

01-04-2025T10:47:46 - [MESSAGE][PASSED] - Keyboard is hidden

01-04-2025T10:47:46 - [TEST_STEP][PASSED] - delay(3): Delayed 3 second(s)

01-04-2025T10:47:49 - [MESSAGE][PASSED] - Delayed 3 second(s)

01-04-2025T10:47:49 - [TEST_STEP][PASSED] - setText(findTestObject("Object Repository/Repo/SignUpNewUser/android.widget.EditText (3)"), "smith", 0): Text 'smith' has been set to element 'Object Repository/Repo/SignUpNewUser/android.widget.EditText (3)'

01-04-2025T10:47:49 - [MESSAGE][WARNING] - Timeout '0' is invalid. Using default page load timeout: '30'

01-04-2025T10:47:49 - [MESSAGE][PASSED] - Text 'smith' has been set to element 'Object Repository/Repo/SignUpNewUser/android.widget.EditText (3)'

01-04-2025T10:47:49 - [TEST_STEP][PASSED] - delay(3): Delayed 3 second(s)

01-04-2025T10:47:52 - [MESSAGE][PASSED] - Delayed 3 second(s)

01-04-2025T10:47:52 - [TEST_STEP][PASSED] - hideKeyboard(): Keyboard is hidden

01-04-2025T10:47:54 - [MESSAGE][PASSED] - Keyboard is hidden

01-04-2025T10:47:54 - [TEST_STEP][PASSED] - delay(3): Delayed 3 second(s)

01-04-2025T10:47:57 - [MESSAGE][PASSED] - Delayed 3 second(s)

01-04-2025T10:47:57 - [TEST_STEP][PASSED] - sendKeys(findTestObject("Object Repository/Repo/SignUpNewUser/android.widget.EditText (5)"), "pass"): Send keys 'pass' on test object 'Object Repository/Repo/SignUpNewUser/android.widget.EditText (5)' successfully.

01-04-2025T10:47:57 - [MESSAGE][PASSED] - Send keys 'pass' on test object 'Object Repository/Repo/SignUpNewUser/android.widget.EditText (5)' successfully.

01-04-2025T10:47:57 - [TEST_STEP][PASSED] - delay(3): Delayed 3 second(s)

01-04-2025T10:48:00 - [MESSAGE][PASSED] - Delayed 3 second(s)

01-04-2025T10:48:00 - [TEST_STEP][PASSED] - tap(findTestObject("Object Repository/Repo/SignUpNewUser/android.widget.TextView - Your password must be between 8 and 20 characters and may not contain spaces"), 0): Tapped on element 'Object Repository/Repo/SignUpNewUser/android.widget.TextView - Your password must be between 8 and 20 characters and may not contain spaces'

01-04-2025T10:48:00 - [MESSAGE][WARNING] - Timeout '0' is invalid. Using default page load timeout: '30'

01-04-2025T10:48:01 - [MESSAGE][PASSED] - Tapped on element 'Object Repository/Repo/SignUpNewUser/android.widget.TextView - Your password must be between 8 and 20 characters and may not contain spaces'

01-04-2025T10:48:01 - [TEST_STEP][PASSED] - delay(3): Delayed 3 second(s)

01-04-2025T10:48:04 - [MESSAGE][PASSED] - Delayed 3 second(s)

01-04-2025T10:48:04 - [TEST_STEP][PASSED] - verifyElementExist(findTestObject("Object Repository/Repo/SignUpNewUser/android.widget.TextView -  Password does not meet security requirements"), 0): Element 'Object Repository/Repo/SignUpNewUser/android.widget.TextView -  Password does not meet security requirements' is exist

01-04-2025T10:48:04 - [MESSAGE][WARNING] - Timeout '0' is invalid. Using default page load timeout: '30'

01-04-2025T10:48:09 - [MESSAGE][PASSED] - Element 'Object Repository/Repo/SignUpNewUser/android.widget.TextView -  Password does not meet security requirements' is exist

01-04-2025T10:48:09 - [TEST_STEP][PASSED] - delay(3): Delayed 3 second(s)

01-04-2025T10:48:12 - [MESSAGE][PASSED] - Delayed 3 second(s)

01-04-2025T10:48:12 - [TEST_STEP][PASSED] - tap(findTestObject("Object Repository/Repo/SignUpNewUser/android.widget.Button - back"), 0): Tapped on element 'Object Repository/Repo/SignUpNewUser/android.widget.Button - back'

01-04-2025T10:48:12 - [MESSAGE][WARNING] - Timeout '0' is invalid. Using default page load timeout: '30'

01-04-2025T10:48:12 - [MESSAGE][PASSED] - Tapped on element 'Object Repository/Repo/SignUpNewUser/android.widget.Button - back'

01-04-2025T10:48:12 - [TEST_STEP][PASSED] - delay(3): Delayed 3 second(s)

01-04-2025T10:48:15 - [MESSAGE][PASSED] - Delayed 3 second(s)

01-04-2025T10:48:15 - [TEST_STEP][PASSED] - setText(findTestObject("Object Repository/Repo/SignUpNewUser/android.widget.EditText (1)"), "davidjohn@gmail.com", 0): Text 'davidjohn@gmail.com' has been set to element 'Object Repository/Repo/SignUpNewUser/android.widget.EditText (1)'

01-04-2025T10:48:15 - [MESSAGE][WARNING] - Timeout '0' is invalid. Using default page load timeout: '30'

01-04-2025T10:48:15 - [MESSAGE][PASSED] - Text 'davidjohn@gmail.com' has been set to element 'Object Repository/Repo/SignUpNewUser/android.widget.EditText (1)'

01-04-2025T10:48:15 - [TEST_STEP][PASSED] - delay(3): Delayed 3 second(s)

01-04-2025T10:48:18 - [MESSAGE][PASSED] - Delayed 3 second(s)

01-04-2025T10:48:18 - [TEST_STEP][PASSED] - hideKeyboard(): Keyboard is hidden

01-04-2025T10:48:21 - [MESSAGE][PASSED] - Keyboard is hidden

01-04-2025T10:48:21 - [TEST_STEP][PASSED] - delay(3): Delayed 3 second(s)

01-04-2025T10:48:24 - [MESSAGE][PASSED] - Delayed 3 second(s)

01-04-2025T10:48:24 - [TEST_STEP][PASSED] - tap(findTestObject("Object Repository/Repo/SignUpNewUser/android.widget.Button - Next (1)"), 0): Tapped on element 'Object Repository/Repo/SignUpNewUser/android.widget.Button - Next (1)'

01-04-2025T10:48:24 - [MESSAGE][WARNING] - Timeout '0' is invalid. Using default page load timeout: '30'

01-04-2025T10:48:24 - [MESSAGE][PASSED] - Tapped on element 'Object Repository/Repo/SignUpNewUser/android.widget.Button - Next (1)'

01-04-2025T10:48:24 - [TEST_STEP][PASSED] - delay(3): Delayed 3 second(s)

01-04-2025T10:48:27 - [MESSAGE][PASSED] - Delayed 3 second(s)

01-04-2025T10:48:27 - [TEST_STEP][PASSED] - setText(findTestObject("Object Repository/Repo/SignUpNewUser/android.widget.EditText (6)"), "steve", 0): Text 'steve' has been set to element 'Object Repository/Repo/SignUpNewUser/android.widget.EditText (6)'

01-04-2025T10:48:27 - [MESSAGE][WARNING] - Timeout '0' is invalid. Using default page load timeout: '30'

01-04-2025T10:48:27 - [MESSAGE][PASSED] - Text 'steve' has been set to element 'Object Repository/Repo/SignUpNewUser/android.widget.EditText (6)'

01-04-2025T10:48:27 - [TEST_STEP][PASSED] - delay(3): Delayed 3 second(s)

01-04-2025T10:48:30 - [MESSAGE][PASSED] - Delayed 3 second(s)

01-04-2025T10:48:30 - [TEST_STEP][PASSED] - hideKeyboard(): Keyboard is hidden

01-04-2025T10:48:32 - [MESSAGE][PASSED] - Keyboard is hidden

01-04-2025T10:48:32 - [TEST_STEP][PASSED] - delay(3): Delayed 3 second(s)

01-04-2025T10:48:35 - [MESSAGE][PASSED] - Delayed 3 second(s)

01-04-2025T10:48:35 - [TEST_STEP][PASSED] - setText(findTestObject("Object Repository/Repo/SignUpNewUser/android.widget.EditText (7)"), "smith", 0): Text 'smith' has been set to element 'Object Repository/Repo/SignUpNewUser/android.widget.EditText (7)'

01-04-2025T10:48:36 - [MESSAGE][WARNING] - Timeout '0' is invalid. Using default page load timeout: '30'

01-04-2025T10:48:36 - [MESSAGE][PASSED] - Text 'smith' has been set to element 'Object Repository/Repo/SignUpNewUser/android.widget.EditText (7)'

01-04-2025T10:48:36 - [TEST_STEP][PASSED] - delay(3): Delayed 3 second(s)

01-04-2025T10:48:39 - [MESSAGE][PASSED] - Delayed 3 second(s)

01-04-2025T10:48:39 - [TEST_STEP][PASSED] - hideKeyboard(): Keyboard is hidden

01-04-2025T10:48:41 - [MESSAGE][PASSED] - Keyboard is hidden

01-04-2025T10:48:41 - [TEST_STEP][PASSED] - delay(3): Delayed 3 second(s)

01-04-2025T10:48:44 - [MESSAGE][PASSED] - Delayed 3 second(s)

01-04-2025T10:48:44 - [TEST_STEP][PASSED] - sendKeys(findTestObject("Object Repository/Repo/SignUpNewUser/android.widget.EditText (8)"), "1234567890123456789012"): Send keys '1234567890123456789012' on test object 'Object Repository/Repo/SignUpNewUser/android.widget.EditText (8)' successfully.

01-04-2025T10:48:44 - [MESSAGE][PASSED] - Send keys '1234567890123456789012' on test object 'Object Repository/Repo/SignUpNewUser/android.widget.EditText (8)' successfully.

01-04-2025T10:48:44 - [TEST_STEP][PASSED] - delay(3): Delayed 3 second(s)

01-04-2025T10:48:47 - [MESSAGE][PASSED] - Delayed 3 second(s)

01-04-2025T10:48:47 - [TEST_STEP][PASSED] - tap(findTestObject("Object Repository/Repo/SignUpNewUser/android.widget.TextView - Your password must be between 8 and 20 characters and may not contain spaces"), 0): Tapped on element 'Object Repository/Repo/SignUpNewUser/android.widget.TextView - Your password must be between 8 and 20 characters and may not contain spaces'

01-04-2025T10:48:47 - [MESSAGE][WARNING] - Timeout '0' is invalid. Using default page load timeout: '30'

01-04-2025T10:48:47 - [MESSAGE][PASSED] - Tapped on element 'Object Repository/Repo/SignUpNewUser/android.widget.TextView - Your password must be between 8 and 20 characters and may not contain spaces'

01-04-2025T10:48:47 - [TEST_STEP][PASSED] - delay(3): Delayed 3 second(s)

01-04-2025T10:48:50 - [MESSAGE][PASSED] - Delayed 3 second(s)

01-04-2025T10:48:50 - [TEST_STEP][PASSED] - tap(findTestObject("Object Repository/Repo/SignUpNewUser/android.widget.TextView - Confirm Password"), 0): Tapped on element 'Object Repository/Repo/SignUpNewUser/android.widget.TextView - Confirm Password'

01-04-2025T10:48:50 - [MESSAGE][WARNING] - Timeout '0' is invalid. Using default page load timeout: '30'

01-04-2025T10:48:50 - [MESSAGE][PASSED] - Tapped on element 'Object Repository/Repo/SignUpNewUser/android.widget.TextView - Confirm Password'

01-04-2025T10:48:50 - [TEST_STEP][PASSED] - delay(3): Delayed 3 second(s)

01-04-2025T10:48:53 - [MESSAGE][PASSED] - Delayed 3 second(s)

01-04-2025T10:48:53 - [TEST_STEP][PASSED] - tap(findTestObject("Object Repository/Repo/SignUpNewUser/android.widget.TextView - Confirm Password"), 0): Tapped on element 'Object Repository/Repo/SignUpNewUser/android.widget.TextView - Confirm Password'

01-04-2025T10:48:53 - [MESSAGE][WARNING] - Timeout '0' is invalid. Using default page load timeout: '30'

01-04-2025T10:48:54 - [MESSAGE][PASSED] - Tapped on element 'Object Repository/Repo/SignUpNewUser/android.widget.TextView - Confirm Password'

01-04-2025T10:48:54 - [TEST_STEP][PASSED] - delay(3): Delayed 3 second(s)

01-04-2025T10:48:57 - [MESSAGE][PASSED] - Delayed 3 second(s)

01-04-2025T10:48:57 - [TEST_STEP][PASSED] - sendKeys(findTestObject("Object Repository/Repo/SignUpNewUser/android.widget.EditText (9)"), "1234567890123456789012"): Send keys '1234567890123456789012' on test object 'Object Repository/Repo/SignUpNewUser/android.widget.EditText (9)' successfully.

01-04-2025T10:48:57 - [MESSAGE][PASSED] - Send keys '1234567890123456789012' on test object 'Object Repository/Repo/SignUpNewUser/android.widget.EditText (9)' successfully.

01-04-2025T10:48:57 - [TEST_STEP][PASSED] - delay(3): Delayed 3 second(s)

01-04-2025T10:49:00 - [MESSAGE][PASSED] - Delayed 3 second(s)

01-04-2025T10:49:00 - [TEST_STEP][PASSED] - tap(findTestObject("Object Repository/Repo/SignUpNewUser/android.widget.TextView - Confirm Password"), 0): Tapped on element 'Object Repository/Repo/SignUpNewUser/android.widget.TextView - Confirm Password'

01-04-2025T10:49:00 - [MESSAGE][WARNING] - Timeout '0' is invalid. Using default page load timeout: '30'

01-04-2025T10:49:00 - [MESSAGE][PASSED] - Tapped on element 'Object Repository/Repo/SignUpNewUser/android.widget.TextView - Confirm Password'

01-04-2025T10:49:00 - [TEST_STEP][PASSED] - delay(3): Delayed 3 second(s)

01-04-2025T10:49:03 - [MESSAGE][PASSED] - Delayed 3 second(s)

01-04-2025T10:49:03 - [TEST_STEP][PASSED] - tap(findTestObject("Object Repository/Repo/SignUpNewUser/android.widget.Image"), 0): Tapped on element 'Object Repository/Repo/SignUpNewUser/android.widget.Image'

01-04-2025T10:49:03 - [MESSAGE][WARNING] - Timeout '0' is invalid. Using default page load timeout: '30'

01-04-2025T10:49:03 - [MESSAGE][PASSED] - Tapped on element 'Object Repository/Repo/SignUpNewUser/android.widget.Image'

01-04-2025T10:49:03 - [TEST_STEP][PASSED] - delay(3): Delayed 3 second(s)

01-04-2025T10:49:06 - [MESSAGE][PASSED] - Delayed 3 second(s)

01-04-2025T10:49:06 - [TEST_STEP][PASSED] - tap(findTestObject("Object Repository/Repo/SignUpNewUser/android.widget.TextView - Your password must be between 8 and 20 characters and may not contain spaces"), 0): Tapped on element 'Object Repository/Repo/SignUpNewUser/android.widget.TextView - Your password must be between 8 and 20 characters and may not contain spaces'

01-04-2025T10:49:06 - [MESSAGE][WARNING] - Timeout '0' is invalid. Using default page load timeout: '30'

01-04-2025T10:49:06 - [MESSAGE][PASSED] - Tapped on element 'Object Repository/Repo/SignUpNewUser/android.widget.TextView - Your password must be between 8 and 20 characters and may not contain spaces'

01-04-2025T10:49:06 - [TEST_STEP][PASSED] - delay(3): Delayed 3 second(s)

01-04-2025T10:49:09 - [MESSAGE][PASSED] - Delayed 3 second(s)

01-04-2025T10:49:09 - [TEST_STEP][PASSED] - tap(findTestObject("Object Repository/Repo/SignUpNewUser/android.widget.TextView - Confirm Password"), 0): Tapped on element 'Object Repository/Repo/SignUpNewUser/android.widget.TextView - Confirm Password'

01-04-2025T10:49:09 - [MESSAGE][WARNING] - Timeout '0' is invalid. Using default page load timeout: '30'

01-04-2025T10:49:09 - [MESSAGE][PASSED] - Tapped on element 'Object Repository/Repo/SignUpNewUser/android.widget.TextView - Confirm Password'

01-04-2025T10:49:09 - [TEST_STEP][PASSED] - delay(3): Delayed 3 second(s)

01-04-2025T10:49:12 - [MESSAGE][PASSED] - Delayed 3 second(s)

01-04-2025T10:49:12 - [TEST_STEP][PASSED] - tap(findTestObject("Object Repository/Repo/SignUpNewUser/android.widget.Image"), 0): Tapped on element 'Object Repository/Repo/SignUpNewUser/android.widget.Image'

01-04-2025T10:49:12 - [MESSAGE][WARNING] - Timeout '0' is invalid. Using default page load timeout: '30'

01-04-2025T10:49:13 - [MESSAGE][PASSED] - Tapped on element 'Object Repository/Repo/SignUpNewUser/android.widget.Image'

01-04-2025T10:49:13 - [TEST_STEP][PASSED] - delay(3): Delayed 3 second(s)

01-04-2025T10:49:16 - [MESSAGE][PASSED] - Delayed 3 second(s)

01-04-2025T10:49:16 - [TEST_STEP][PASSED] - tap(findTestObject("Object Repository/Repo/SignUpNewUser/android.view.View"), 0): Tapped on element 'Object Repository/Repo/SignUpNewUser/android.view.View'

01-04-2025T10:49:16 - [MESSAGE][WARNING] - Timeout '0' is invalid. Using default page load timeout: '30'

01-04-2025T10:49:16 - [MESSAGE][PASSED] - Tapped on element 'Object Repository/Repo/SignUpNewUser/android.view.View'

01-04-2025T10:49:16 - [TEST_STEP][PASSED] - delay(3): Delayed 3 second(s)

01-04-2025T10:49:19 - [MESSAGE][PASSED] - Delayed 3 second(s)

01-04-2025T10:49:19 - [TEST_STEP][PASSED] - tap(findTestObject("Object Repository/Repo/SignUpNewUser/android.widget.TextView - Your password must be between 8 and 20 characters and may not contain spaces"), 0): Tapped on element 'Object Repository/Repo/SignUpNewUser/android.widget.TextView - Your password must be between 8 and 20 characters and may not contain spaces'

01-04-2025T10:49:19 - [MESSAGE][WARNING] - Timeout '0' is invalid. Using default page load timeout: '30'

01-04-2025T10:49:19 - [MESSAGE][PASSED] - Tapped on element 'Object Repository/Repo/SignUpNewUser/android.widget.TextView - Your password must be between 8 and 20 characters and may not contain spaces'

01-04-2025T10:49:19 - [TEST_STEP][PASSED] - delay(3): Delayed 3 second(s)

01-04-2025T10:49:22 - [MESSAGE][PASSED] - Delayed 3 second(s)

01-04-2025T10:49:22 - [TEST_STEP][PASSED] - sendKeys(findTestObject("Object Repository/Repo/SignUpNewUser/android.widget.EditText - 1234567890123456789012"), "1234567890123456789012"): Send keys '1234567890123456789012' on test object 'Object Repository/Repo/SignUpNewUser/android.widget.EditText - 1234567890123456789012' successfully.

01-04-2025T10:49:22 - [MESSAGE][PASSED] - Send keys '1234567890123456789012' on test object 'Object Repository/Repo/SignUpNewUser/android.widget.EditText - 1234567890123456789012' successfully.

01-04-2025T10:49:22 - [TEST_STEP][PASSED] - delay(3): Delayed 3 second(s)

01-04-2025T10:49:25 - [MESSAGE][PASSED] - Delayed 3 second(s)

01-04-2025T10:49:25 - [TEST_STEP][PASSED] - tap(findTestObject("Object Repository/Repo/SignUpNewUser/android.widget.TextView - Your password must be between 8 and 20 characters and may not contain spaces"), 0): Tapped on element 'Object Repository/Repo/SignUpNewUser/android.widget.TextView - Your password must be between 8 and 20 characters and may not contain spaces'

01-04-2025T10:49:25 - [MESSAGE][WARNING] - Timeout '0' is invalid. Using default page load timeout: '30'

01-04-2025T10:49:25 - [MESSAGE][PASSED] - Tapped on element 'Object Repository/Repo/SignUpNewUser/android.widget.TextView - Your password must be between 8 and 20 characters and may not contain spaces'

01-04-2025T10:49:25 - [TEST_STEP][PASSED] - delay(3): Delayed 3 second(s)

01-04-2025T10:49:28 - [MESSAGE][PASSED] - Delayed 3 second(s)

01-04-2025T10:49:28 - [TEST_STEP][PASSED] - tap(findTestObject("Object Repository/Repo/SignUpNewUser/android.widget.TextView - Confirm Password"), 0): Tapped on element 'Object Repository/Repo/SignUpNewUser/android.widget.TextView - Confirm Password'

01-04-2025T10:49:28 - [MESSAGE][WARNING] - Timeout '0' is invalid. Using default page load timeout: '30'

01-04-2025T10:49:29 - [MESSAGE][PASSED] - Tapped on element 'Object Repository/Repo/SignUpNewUser/android.widget.TextView - Confirm Password'

01-04-2025T10:49:29 - [TEST_STEP][PASSED] - delay(3): Delayed 3 second(s)

01-04-2025T10:49:32 - [MESSAGE][PASSED] - Delayed 3 second(s)

01-04-2025T10:49:32 - [TEST_STEP][PASSED] - tap(findTestObject("Object Repository/Repo/SignUpNewUser/android.widget.Image"), 0): Tapped on element 'Object Repository/Repo/SignUpNewUser/android.widget.Image'

01-04-2025T10:49:32 - [MESSAGE][WARNING] - Timeout '0' is invalid. Using default page load timeout: '30'

01-04-2025T10:49:32 - [MESSAGE][PASSED] - Tapped on element 'Object Repository/Repo/SignUpNewUser/android.widget.Image'

01-04-2025T10:49:32 - [TEST_STEP][PASSED] - delay(3): Delayed 3 second(s)

01-04-2025T10:49:35 - [MESSAGE][PASSED] - Delayed 3 second(s)

01-04-2025T10:49:35 - [TEST_STEP][PASSED] - tap(findTestObject("Object Repository/Repo/SignUpNewUser/android.widget.Image"), 0): Tapped on element 'Object Repository/Repo/SignUpNewUser/android.widget.Image'

01-04-2025T10:49:35 - [MESSAGE][WARNING] - Timeout '0' is invalid. Using default page load timeout: '30'

01-04-2025T10:49:35 - [MESSAGE][PASSED] - Tapped on element 'Object Repository/Repo/SignUpNewUser/android.widget.Image'

01-04-2025T10:49:35 - [TEST_STEP][PASSED] - delay(3): Delayed 3 second(s)

01-04-2025T10:49:38 - [MESSAGE][PASSED] - Delayed 3 second(s)

01-04-2025T10:49:38 - [TEST_STEP][PASSED] - tap(findTestObject("Object Repository/Repo/SignUpNewUser/android.view.View (1)"), 0): Tapped on element 'Object Repository/Repo/SignUpNewUser/android.view.View (1)'

01-04-2025T10:49:38 - [MESSAGE][WARNING] - Timeout '0' is invalid. Using default page load timeout: '30'

01-04-2025T10:49:38 - [MESSAGE][PASSED] - Tapped on element 'Object Repository/Repo/SignUpNewUser/android.view.View (1)'

01-04-2025T10:49:38 - [TEST_STEP][PASSED] - delay(3): Delayed 3 second(s)

01-04-2025T10:49:41 - [MESSAGE][PASSED] - Delayed 3 second(s)

01-04-2025T10:49:41 - [TEST_STEP][PASSED] - sendKeys(findTestObject("Object Repository/Repo/SignUpNewUser/android.widget.EditText - 1234567890123456789012 (1)"), "1234567890123456789012"): Send keys '1234567890123456789012' on test object 'Object Repository/Repo/SignUpNewUser/android.widget.EditText - 1234567890123456789012 (1)' successfully.

01-04-2025T10:49:41 - [MESSAGE][PASSED] - Send keys '1234567890123456789012' on test object 'Object Repository/Repo/SignUpNewUser/android.widget.EditText - 1234567890123456789012 (1)' successfully.

01-04-2025T10:49:41 - [TEST_STEP][PASSED] - delay(3): Delayed 3 second(s)

01-04-2025T10:49:44 - [MESSAGE][PASSED] - Delayed 3 second(s)

01-04-2025T10:49:44 - [TEST_STEP][PASSED] - tap(findTestObject("Object Repository/Repo/SignUpNewUser/android.widget.TextView - Your password must be between 8 and 20 characters and may not contain spaces"), 0): Tapped on element 'Object Repository/Repo/SignUpNewUser/android.widget.TextView - Your password must be between 8 and 20 characters and may not contain spaces'

01-04-2025T10:49:44 - [MESSAGE][WARNING] - Timeout '0' is invalid. Using default page load timeout: '30'

01-04-2025T10:49:44 - [MESSAGE][PASSED] - Tapped on element 'Object Repository/Repo/SignUpNewUser/android.widget.TextView - Your password must be between 8 and 20 characters and may not contain spaces'

01-04-2025T10:49:44 - [TEST_STEP][PASSED] - delay(3): Delayed 3 second(s)

01-04-2025T10:49:47 - [MESSAGE][PASSED] - Delayed 3 second(s)

01-04-2025T10:49:47 - [TEST_STEP][PASSED] - tap(findTestObject("Object Repository/Repo/SignUpNewUser/android.widget.Image (1)"), 0): Tapped on element 'Object Repository/Repo/SignUpNewUser/android.widget.Image (1)'

01-04-2025T10:49:47 - [MESSAGE][WARNING] - Timeout '0' is invalid. Using default page load timeout: '30'

01-04-2025T10:49:47 - [MESSAGE][PASSED] - Tapped on element 'Object Repository/Repo/SignUpNewUser/android.widget.Image (1)'

01-04-2025T10:49:47 - [TEST_STEP][PASSED] - delay(3): Delayed 3 second(s)

01-04-2025T10:49:50 - [MESSAGE][PASSED] - Delayed 3 second(s)

01-04-2025T10:49:50 - [TEST_STEP][PASSED] - sendKeys(findTestObject("Object Repository/Repo/SignUpNewUser/android.widget.EditText - 1234567890123456789012 (2)"), "1234567890123456789012"): Send keys '1234567890123456789012' on test object 'Object Repository/Repo/SignUpNewUser/android.widget.EditText - 1234567890123456789012 (2)' successfully.

01-04-2025T10:49:50 - [MESSAGE][PASSED] - Send keys '1234567890123456789012' on test object 'Object Repository/Repo/SignUpNewUser/android.widget.EditText - 1234567890123456789012 (2)' successfully.

01-04-2025T10:49:50 - [TEST_STEP][PASSED] - delay(3): Delayed 3 second(s)

01-04-2025T10:49:53 - [MESSAGE][PASSED] - Delayed 3 second(s)

01-04-2025T10:49:53 - [TEST_STEP][PASSED] - tap(findTestObject("Object Repository/Repo/SignUpNewUser/android.widget.TextView - Your password must be between 8 and 20 characters and may not contain spaces"), 0): Tapped on element 'Object Repository/Repo/SignUpNewUser/android.widget.TextView - Your password must be between 8 and 20 characters and may not contain spaces'

01-04-2025T10:49:53 - [MESSAGE][WARNING] - Timeout '0' is invalid. Using default page load timeout: '30'

01-04-2025T10:49:54 - [MESSAGE][PASSED] - Tapped on element 'Object Repository/Repo/SignUpNewUser/android.widget.TextView - Your password must be between 8 and 20 characters and may not contain spaces'

01-04-2025T10:49:54 - [TEST_STEP][PASSED] - delay(3): Delayed 3 second(s)

01-04-2025T10:49:57 - [MESSAGE][PASSED] - Delayed 3 second(s)

01-04-2025T10:49:57 - [TEST_STEP][PASSED] - tap(findTestObject("Object Repository/Repo/SignUpNewUser/android.widget.TextView - Account Email Address"), 0): Tapped on element 'Object Repository/Repo/SignUpNewUser/android.widget.TextView - Account Email Address'

01-04-2025T10:49:57 - [MESSAGE][WARNING] - Timeout '0' is invalid. Using default page load timeout: '30'

01-04-2025T10:49:57 - [MESSAGE][PASSED] - Tapped on element 'Object Repository/Repo/SignUpNewUser/android.widget.TextView - Account Email Address'

01-04-2025T10:49:57 - [TEST_STEP][PASSED] - delay(3): Delayed 3 second(s)

01-04-2025T10:50:00 - [MESSAGE][PASSED] - Delayed 3 second(s)

01-04-2025T10:50:00 - [TEST_STEP][PASSED] - tap(findTestObject("Object Repository/Repo/SignUpNewUser/android.widget.TextView - Your password must be between 8 and 20 characters and may not contain spaces"), 0): Tapped on element 'Object Repository/Repo/SignUpNewUser/android.widget.TextView - Your password must be between 8 and 20 characters and may not contain spaces'

01-04-2025T10:50:00 - [MESSAGE][WARNING] - Timeout '0' is invalid. Using default page load timeout: '30'

01-04-2025T10:50:00 - [MESSAGE][PASSED] - Tapped on element 'Object Repository/Repo/SignUpNewUser/android.widget.TextView - Your password must be between 8 and 20 characters and may not contain spaces'

01-04-2025T10:50:00 - [TEST_STEP][PASSED] - delay(3): Delayed 3 second(s)

01-04-2025T10:50:03 - [MESSAGE][PASSED] - Delayed 3 second(s)

01-04-2025T10:50:03 - [TEST_STEP][PASSED] - tap(findTestObject("Object Repository/Repo/SignUpNewUser/android.widget.Image"), 0): Tapped on element 'Object Repository/Repo/SignUpNewUser/android.widget.Image'

01-04-2025T10:50:03 - [MESSAGE][WARNING] - Timeout '0' is invalid. Using default page load timeout: '30'

01-04-2025T10:50:03 - [MESSAGE][PASSED] - Tapped on element 'Object Repository/Repo/SignUpNewUser/android.widget.Image'

01-04-2025T10:50:03 - [TEST_STEP][PASSED] - delay(3): Delayed 3 second(s)

01-04-2025T10:50:06 - [MESSAGE][PASSED] - Delayed 3 second(s)

01-04-2025T10:50:06 - [TEST_STEP][PASSED] - sendKeys(findTestObject("Object Repository/Repo/SignUpNewUser/android.widget.EditText - 1234567890123456789012"), "1234567890123456789012"): Send keys '1234567890123456789012' on test object 'Object Repository/Repo/SignUpNewUser/android.widget.EditText - 1234567890123456789012' successfully.

01-04-2025T10:50:06 - [MESSAGE][PASSED] - Send keys '1234567890123456789012' on test object 'Object Repository/Repo/SignUpNewUser/android.widget.EditText - 1234567890123456789012' successfully.

01-04-2025T10:50:06 - [TEST_STEP][PASSED] - delay(3): Delayed 3 second(s)

01-04-2025T10:50:09 - [MESSAGE][PASSED] - Delayed 3 second(s)

01-04-2025T10:50:09 - [TEST_STEP][PASSED] - tap(findTestObject("Object Repository/Repo/SignUpNewUser/android.widget.TextView - Your password must be between 8 and 20 characters and may not contain spaces"), 0): Tapped on element 'Object Repository/Repo/SignUpNewUser/android.widget.TextView - Your password must be between 8 and 20 characters and may not contain spaces'

01-04-2025T10:50:09 - [MESSAGE][WARNING] - Timeout '0' is invalid. Using default page load timeout: '30'

01-04-2025T10:50:09 - [MESSAGE][PASSED] - Tapped on element 'Object Repository/Repo/SignUpNewUser/android.widget.TextView - Your password must be between 8 and 20 characters and may not contain spaces'

01-04-2025T10:50:09 - [TEST_STEP][PASSED] - delay(3): Delayed 3 second(s)

01-04-2025T10:50:12 - [MESSAGE][PASSED] - Delayed 3 second(s)

01-04-2025T10:50:12 - [TEST_STEP][PASSED] - tap(findTestObject("Object Repository/Repo/SignUpNewUser/android.widget.TextView - Confirm Password"), 0): Tapped on element 'Object Repository/Repo/SignUpNewUser/android.widget.TextView - Confirm Password'

01-04-2025T10:50:12 - [MESSAGE][WARNING] - Timeout '0' is invalid. Using default page load timeout: '30'

01-04-2025T10:50:12 - [MESSAGE][PASSED] - Tapped on element 'Object Repository/Repo/SignUpNewUser/android.widget.TextView - Confirm Password'

01-04-2025T10:50:12 - [TEST_STEP][PASSED] - delay(3): Delayed 3 second(s)

01-04-2025T10:50:15 - [MESSAGE][PASSED] - Delayed 3 second(s)

01-04-2025T10:50:15 - [TEST_STEP][PASSED] - tap(findTestObject("Object Repository/Repo/SignUpNewUser/android.widget.EditText - 1234567890123456789012 (1)"), 0): Tapped on element 'Object Repository/Repo/SignUpNewUser/android.widget.EditText - 1234567890123456789012 (1)'

01-04-2025T10:50:15 - [MESSAGE][WARNING] - Timeout '0' is invalid. Using default page load timeout: '30'

01-04-2025T10:50:16 - [MESSAGE][PASSED] - Tapped on element 'Object Repository/Repo/SignUpNewUser/android.widget.EditText - 1234567890123456789012 (1)'

01-04-2025T10:50:16 - [TEST_STEP][PASSED] - delay(3): Delayed 3 second(s)

01-04-2025T10:50:19 - [MESSAGE][PASSED] - Delayed 3 second(s)

01-04-2025T10:50:19 - [TEST_STEP][PASSED] - verifyElementExist(findTestObject("Object Repository/Repo/SignUpNewUser/android.widget.TextView -  Password does not meet security requirements"), 0): Element 'Object Repository/Repo/SignUpNewUser/android.widget.TextView -  Password does not meet security requirements' is exist

01-04-2025T10:50:19 - [MESSAGE][WARNING] - Timeout '0' is invalid. Using default page load timeout: '30'

01-04-2025T10:50:24 - [MESSAGE][PASSED] - Element 'Object Repository/Repo/SignUpNewUser/android.widget.TextView -  Password does not meet security requirements' is exist

01-04-2025T10:50:24 - [TEST_STEP][PASSED] - delay(3): Delayed 3 second(s)

01-04-2025T10:50:27 - [MESSAGE][PASSED] - Delayed 3 second(s)

01-04-2025T10:50:27 - [TEST_STEP][PASSED] - tap(findTestObject("Object Repository/Repo/SignUpNewUser/android.widget.Button - back"), 0): Tapped on element 'Object Repository/Repo/SignUpNewUser/android.widget.Button - back'

01-04-2025T10:50:27 - [MESSAGE][WARNING] - Timeout '0' is invalid. Using default page load timeout: '30'

01-04-2025T10:50:27 - [MESSAGE][PASSED] - Tapped on element 'Object Repository/Repo/SignUpNewUser/android.widget.Button - back'

01-04-2025T10:50:27 - [TEST_STEP][PASSED] - delay(3): Delayed 3 second(s)

01-04-2025T10:50:30 - [MESSAGE][PASSED] - Delayed 3 second(s)

01-04-2025T10:50:30 - [TEST_STEP][PASSED] - setText(findTestObject("Object Repository/Repo/SignUpNewUser/android.widget.EditText (1)"), "davidjohn@gmail.com", 0): Text 'davidjohn@gmail.com' has been set to element 'Object Repository/Repo/SignUpNewUser/android.widget.EditText (1)'

01-04-2025T10:50:30 - [MESSAGE][WARNING] - Timeout '0' is invalid. Using default page load timeout: '30'

01-04-2025T10:50:30 - [MESSAGE][PASSED] - Text 'davidjohn@gmail.com' has been set to element 'Object Repository/Repo/SignUpNewUser/android.widget.EditText (1)'

01-04-2025T10:50:30 - [TEST_STEP][PASSED] - delay(3): Delayed 3 second(s)

01-04-2025T10:50:33 - [MESSAGE][PASSED] - Delayed 3 second(s)

01-04-2025T10:50:33 - [TEST_STEP][PASSED] - tap(findTestObject("Object Repository/Repo/SignUpNewUser/android.widget.Button - Next (1)"), 0): Tapped on element 'Object Repository/Repo/SignUpNewUser/android.widget.Button - Next (1)'

01-04-2025T10:50:33 - [MESSAGE][WARNING] - Timeout '0' is invalid. Using default page load timeout: '30'

01-04-2025T10:50:33 - [MESSAGE][PASSED] - Tapped on element 'Object Repository/Repo/SignUpNewUser/android.widget.Button - Next (1)'

01-04-2025T10:50:33 - [TEST_STEP][PASSED] - delay(3): Delayed 3 second(s)

01-04-2025T10:50:36 - [MESSAGE][PASSED] - Delayed 3 second(s)

01-04-2025T10:50:36 - [TEST_STEP][PASSED] - setText(findTestObject("Object Repository/Repo/SignUpNewUser/android.widget.EditText (10)"), "AlexanderMaximilianChristopherNathanielJonathanMontgomeryWilliams", 0): Text 'AlexanderMaximilianChristopherNathanielJonathanMontgomeryWilliams' has been set to element 'Object Repository/Repo/SignUpNewUser/android.widget.EditText (10)'

01-04-2025T10:50:36 - [MESSAGE][WARNING] - Timeout '0' is invalid. Using default page load timeout: '30'

01-04-2025T10:50:37 - [MESSAGE][PASSED] - Text 'AlexanderMaximilianChristopherNathanielJonathanMontgomeryWilliams' has been set to element 'Object Repository/Repo/SignUpNewUser/android.widget.EditText (10)'

01-04-2025T10:50:37 - [TEST_STEP][PASSED] - delay(3): Delayed 3 second(s)

01-04-2025T10:50:40 - [MESSAGE][PASSED] - Delayed 3 second(s)

01-04-2025T10:50:40 - [TEST_STEP][PASSED] - setText(findTestObject("Object Repository/Repo/SignUpNewUser/android.widget.EditText (11)"), "AlexanderMaximilianChristopherNathanielJonathanMontgomeryWilliams", 0): Text 'AlexanderMaximilianChristopherNathanielJonathanMontgomeryWilliams' has been set to element 'Object Repository/Repo/SignUpNewUser/android.widget.EditText (11)'

01-04-2025T10:50:40 - [MESSAGE][WARNING] - Timeout '0' is invalid. Using default page load timeout: '30'

01-04-2025T10:50:40 - [MESSAGE][PASSED] - Text 'AlexanderMaximilianChristopherNathanielJonathanMontgomeryWilliams' has been set to element 'Object Repository/Repo/SignUpNewUser/android.widget.EditText (11)'

01-04-2025T10:50:40 - [TEST_STEP][PASSED] - delay(3): Delayed 3 second(s)

01-04-2025T10:50:43 - [MESSAGE][PASSED] - Delayed 3 second(s)

01-04-2025T10:50:43 - [TEST_STEP][PASSED] - tap(findTestObject("Object Repository/Repo/SignUpNewUser/android.widget.Button - Next (2)"), 0): Tapped on element 'Object Repository/Repo/SignUpNewUser/android.widget.Button - Next (2)'

01-04-2025T10:50:43 - [MESSAGE][WARNING] - Timeout '0' is invalid. Using default page load timeout: '30'

01-04-2025T10:50:43 - [MESSAGE][PASSED] - Tapped on element 'Object Repository/Repo/SignUpNewUser/android.widget.Button - Next (2)'

01-04-2025T10:50:43 - [TEST_STEP][PASSED] - delay(3): Delayed 3 second(s)

01-04-2025T10:50:46 - [MESSAGE][PASSED] - Delayed 3 second(s)

01-04-2025T10:50:46 - [TEST_STEP][PASSED] - verifyElementExist(findTestObject("Object Repository/Repo/SignUpNewUser/android.widget.TextView -  First name must be 50 characters or less"), 0): Element 'Object Repository/Repo/SignUpNewUser/android.widget.TextView -  First name must be 50 characters or less' is exist

01-04-2025T10:50:46 - [MESSAGE][WARNING] - Timeout '0' is invalid. Using default page load timeout: '30'

01-04-2025T10:50:47 - [MESSAGE][PASSED] - Element 'Object Repository/Repo/SignUpNewUser/android.widget.TextView -  First name must be 50 characters or less' is exist

01-04-2025T10:50:47 - [TEST_STEP][PASSED] - delay(3): Delayed 3 second(s)

01-04-2025T10:50:50 - [MESSAGE][PASSED] - Delayed 3 second(s)

01-04-2025T10:50:50 - [TEST_STEP][PASSED] - verifyElementExist(findTestObject("Object Repository/Repo/SignUpNewUser/android.widget.TextView -  Last name must be 50 characters or less"), 0): Element 'Object Repository/Repo/SignUpNewUser/android.widget.TextView -  Last name must be 50 characters or less' is exist

01-04-2025T10:50:50 - [MESSAGE][WARNING] - Timeout '0' is invalid. Using default page load timeout: '30'

01-04-2025T10:50:50 - [MESSAGE][PASSED] - Element 'Object Repository/Repo/SignUpNewUser/android.widget.TextView -  Last name must be 50 characters or less' is exist

01-04-2025T10:50:50 - [TEST_STEP][PASSED] - delay(3): Delayed 3 second(s)

01-04-2025T10:50:53 - [MESSAGE][PASSED] - Delayed 3 second(s)

01-04-2025T10:50:53 - [TEST_STEP][PASSED] - tap(findTestObject("Object Repository/Repo/SignUpNewUser/android.widget.Button - back"), 0): Tapped on element 'Object Repository/Repo/SignUpNewUser/android.widget.Button - back'

01-04-2025T10:50:53 - [MESSAGE][WARNING] - Timeout '0' is invalid. Using default page load timeout: '30'

01-04-2025T10:50:53 - [MESSAGE][PASSED] - Tapped on element 'Object Repository/Repo/SignUpNewUser/android.widget.Button - back'

01-04-2025T10:50:53 - [TEST_STEP][PASSED] - delay(3): Delayed 3 second(s)

01-04-2025T10:50:56 - [MESSAGE][PASSED] - Delayed 3 second(s)

01-04-2025T10:50:56 - [TEST_STEP][PASSED] - setText(findTestObject("Object Repository/Repo/SignUpNewUser/android.widget.EditText (1)"), "davidjohn@gmail.com", 0): Text 'davidjohn@gmail.com' has been set to element 'Object Repository/Repo/SignUpNewUser/android.widget.EditText (1)'

01-04-2025T10:50:56 - [MESSAGE][WARNING] - Timeout '0' is invalid. Using default page load timeout: '30'

01-04-2025T10:50:56 - [MESSAGE][PASSED] - Text 'davidjohn@gmail.com' has been set to element 'Object Repository/Repo/SignUpNewUser/android.widget.EditText (1)'

01-04-2025T10:50:56 - [TEST_STEP][PASSED] - delay(3): Delayed 3 second(s)

01-04-2025T10:50:59 - [MESSAGE][PASSED] - Delayed 3 second(s)

01-04-2025T10:50:59 - [TEST_STEP][PASSED] - tap(findTestObject("Object Repository/Repo/SignUpNewUser/android.widget.Button - Next (1)"), 0): Tapped on element 'Object Repository/Repo/SignUpNewUser/android.widget.Button - Next (1)'

01-04-2025T10:50:59 - [MESSAGE][WARNING] - Timeout '0' is invalid. Using default page load timeout: '30'

01-04-2025T10:50:59 - [MESSAGE][PASSED] - Tapped on element 'Object Repository/Repo/SignUpNewUser/android.widget.Button - Next (1)'

01-04-2025T10:50:59 - [TEST_STEP][PASSED] - delay(3): Delayed 3 second(s)

01-04-2025T10:51:02 - [MESSAGE][PASSED] - Delayed 3 second(s)

01-04-2025T10:51:02 - [TEST_STEP][PASSED] - setText(findTestObject("Object Repository/Repo/SignUpNewUser/android.widget.EditText (12)"), "john", 0): Text 'john' has been set to element 'Object Repository/Repo/SignUpNewUser/android.widget.EditText (12)'

01-04-2025T10:51:02 - [MESSAGE][WARNING] - Timeout '0' is invalid. Using default page load timeout: '30'

01-04-2025T10:51:02 - [MESSAGE][PASSED] - Text 'john' has been set to element 'Object Repository/Repo/SignUpNewUser/android.widget.EditText (12)'

01-04-2025T10:51:02 - [TEST_STEP][PASSED] - delay(3): Delayed 3 second(s)

01-04-2025T10:51:05 - [MESSAGE][PASSED] - Delayed 3 second(s)

01-04-2025T10:51:05 - [TEST_STEP][PASSED] - setText(findTestObject("Object Repository/Repo/SignUpNewUser/android.widget.EditText (13)"), "password", 0): Text 'password' has been set to element 'Object Repository/Repo/SignUpNewUser/android.widget.EditText (13)'

01-04-2025T10:51:05 - [MESSAGE][WARNING] - Timeout '0' is invalid. Using default page load timeout: '30'

01-04-2025T10:51:06 - [MESSAGE][PASSED] - Text 'password' has been set to element 'Object Repository/Repo/SignUpNewUser/android.widget.EditText (13)'

01-04-2025T10:51:06 - [TEST_STEP][PASSED] - delay(3): Delayed 3 second(s)

01-04-2025T10:51:09 - [MESSAGE][PASSED] - Delayed 3 second(s)

01-04-2025T10:51:09 - [TEST_STEP][PASSED] - sendKeys(findTestObject("Object Repository/Repo/SignUpNewUser/android.widget.EditText (14)"), "password"): Send keys 'password' on test object 'Object Repository/Repo/SignUpNewUser/android.widget.EditText (14)' successfully.

01-04-2025T10:51:15 - [MESSAGE][PASSED] - Send keys 'password' on test object 'Object Repository/Repo/SignUpNewUser/android.widget.EditText (14)' successfully.

01-04-2025T10:51:15 - [TEST_STEP][PASSED] - delay(3): Delayed 3 second(s)

01-04-2025T10:51:18 - [MESSAGE][PASSED] - Delayed 3 second(s)

01-04-2025T10:51:18 - [TEST_STEP][PASSED] - tap(findTestObject("Object Repository/Repo/SignUpNewUser/android.widget.Button - Next (2)"), 0): Tapped on element 'Object Repository/Repo/SignUpNewUser/android.widget.Button - Next (2)'

01-04-2025T10:51:18 - [MESSAGE][WARNING] - Timeout '0' is invalid. Using default page load timeout: '30'

01-04-2025T10:51:19 - [MESSAGE][PASSED] - Tapped on element 'Object Repository/Repo/SignUpNewUser/android.widget.Button - Next (2)'

01-04-2025T10:51:19 - [TEST_STEP][PASSED] - delay(3): Delayed 3 second(s)

01-04-2025T10:51:22 - [MESSAGE][PASSED] - Delayed 3 second(s)

01-04-2025T10:51:22 - [TEST_STEP][PASSED] - tap(findTestObject("Object Repository/Repo/SignUpNewUser/android.widget.Button - back"), 0): Tapped on element 'Object Repository/Repo/SignUpNewUser/android.widget.Button - back'

01-04-2025T10:51:22 - [MESSAGE][WARNING] - Timeout '0' is invalid. Using default page load timeout: '30'

01-04-2025T10:51:22 - [MESSAGE][PASSED] - Tapped on element 'Object Repository/Repo/SignUpNewUser/android.widget.Button - back'

01-04-2025T10:51:22 - [TEST_STEP][PASSED] - delay(3): Delayed 3 second(s)

01-04-2025T10:51:25 - [MESSAGE][PASSED] - Delayed 3 second(s)

01-04-2025T10:51:25 - [TEST_STEP][PASSED] - setText(findTestObject("Object Repository/Repo/SignUpNewUser/android.widget.EditText (1)"), "davidjohn@gmail.com", 0): Text 'davidjohn@gmail.com' has been set to element 'Object Repository/Repo/SignUpNewUser/android.widget.EditText (1)'

01-04-2025T10:51:25 - [MESSAGE][WARNING] - Timeout '0' is invalid. Using default page load timeout: '30'

01-04-2025T10:51:25 - [MESSAGE][PASSED] - Text 'davidjohn@gmail.com' has been set to element 'Object Repository/Repo/SignUpNewUser/android.widget.EditText (1)'

01-04-2025T10:51:25 - [TEST_STEP][PASSED] - delay(3): Delayed 3 second(s)

01-04-2025T10:51:28 - [MESSAGE][PASSED] - Delayed 3 second(s)

01-04-2025T10:51:28 - [TEST_STEP][PASSED] - tap(findTestObject("Object Repository/Repo/SignUpNewUser/android.widget.Button - Next (1)"), 0): Tapped on element 'Object Repository/Repo/SignUpNewUser/android.widget.Button - Next (1)'

01-04-2025T10:51:28 - [MESSAGE][WARNING] - Timeout '0' is invalid. Using default page load timeout: '30'

01-04-2025T10:51:28 - [MESSAGE][PASSED] - Tapped on element 'Object Repository/Repo/SignUpNewUser/android.widget.Button - Next (1)'

01-04-2025T10:51:28 - [TEST_STEP][PASSED] - delay(3): Delayed 3 second(s)

01-04-2025T10:51:31 - [MESSAGE][PASSED] - Delayed 3 second(s)

01-04-2025T10:51:31 - [TEST_STEP][PASSED] - setText(findTestObject("Object Repository/Repo/SignUpNewUser/android.widget.EditText (15)"), "john", 0): Text 'john' has been set to element 'Object Repository/Repo/SignUpNewUser/android.widget.EditText (15)'

01-04-2025T10:51:31 - [MESSAGE][WARNING] - Timeout '0' is invalid. Using default page load timeout: '30'

01-04-2025T10:51:31 - [MESSAGE][PASSED] - Text 'john' has been set to element 'Object Repository/Repo/SignUpNewUser/android.widget.EditText (15)'

01-04-2025T10:51:31 - [TEST_STEP][PASSED] - delay(3): Delayed 3 second(s)

01-04-2025T10:51:34 - [MESSAGE][PASSED] - Delayed 3 second(s)

01-04-2025T10:51:34 - [TEST_STEP][PASSED] - hideKeyboard(): Keyboard is hidden

01-04-2025T10:51:37 - [MESSAGE][PASSED] - Keyboard is hidden

01-04-2025T10:51:37 - [TEST_STEP][PASSED] - delay(3): Delayed 3 second(s)

01-04-2025T10:51:40 - [MESSAGE][PASSED] - Delayed 3 second(s)

01-04-2025T10:51:40 - [TEST_STEP][PASSED] - setText(findTestObject("Object Repository/Repo/SignUpNewUser/android.widget.EditText (16)"), "smith", 0): Text 'smith' has been set to element 'Object Repository/Repo/SignUpNewUser/android.widget.EditText (16)'

01-04-2025T10:51:40 - [MESSAGE][WARNING] - Timeout '0' is invalid. Using default page load timeout: '30'

01-04-2025T10:51:40 - [MESSAGE][PASSED] - Text 'smith' has been set to element 'Object Repository/Repo/SignUpNewUser/android.widget.EditText (16)'

01-04-2025T10:51:40 - [TEST_STEP][PASSED] - delay(3): Delayed 3 second(s)

01-04-2025T10:51:43 - [MESSAGE][PASSED] - Delayed 3 second(s)

01-04-2025T10:51:43 - [TEST_STEP][PASSED] - hideKeyboard(): Keyboard is hidden

01-04-2025T10:51:45 - [MESSAGE][PASSED] - Keyboard is hidden

01-04-2025T10:51:45 - [TEST_STEP][PASSED] - delay(3): Delayed 3 second(s)

01-04-2025T10:51:48 - [MESSAGE][PASSED] - Delayed 3 second(s)

01-04-2025T10:51:48 - [TEST_STEP][PASSED] - setText(findTestObject("Object Repository/Repo/SignUpNewUser/android.widget.EditText (17)"), "password", 0): Text 'password' has been set to element 'Object Repository/Repo/SignUpNewUser/android.widget.EditText (17)'

01-04-2025T10:51:48 - [MESSAGE][WARNING] - Timeout '0' is invalid. Using default page load timeout: '30'

01-04-2025T10:51:48 - [MESSAGE][PASSED] - Text 'password' has been set to element 'Object Repository/Repo/SignUpNewUser/android.widget.EditText (17)'

01-04-2025T10:51:48 - [TEST_STEP][PASSED] - delay(3): Delayed 3 second(s)

01-04-2025T10:51:51 - [MESSAGE][PASSED] - Delayed 3 second(s)

01-04-2025T10:51:51 - [TEST_STEP][PASSED] - sendKeys(findTestObject("Object Repository/Repo/SignUpNewUser/android.widget.EditText (18)"), "password1"): Send keys 'password1' on test object 'Object Repository/Repo/SignUpNewUser/android.widget.EditText (18)' successfully.

01-04-2025T10:51:52 - [MESSAGE][PASSED] - Send keys 'password1' on test object 'Object Repository/Repo/SignUpNewUser/android.widget.EditText (18)' successfully.

01-04-2025T10:51:52 - [TEST_STEP][PASSED] - delay(3): Delayed 3 second(s)

01-04-2025T10:51:55 - [MESSAGE][PASSED] - Delayed 3 second(s)

01-04-2025T10:51:55 - [TEST_STEP][PASSED] - tap(findTestObject("Object Repository/Repo/SignUpNewUser/android.widget.Button - Next (2)"), 0): Tapped on element 'Object Repository/Repo/SignUpNewUser/android.widget.Button - Next (2)'

01-04-2025T10:51:55 - [MESSAGE][WARNING] - Timeout '0' is invalid. Using default page load timeout: '30'

01-04-2025T10:51:55 - [MESSAGE][PASSED] - Tapped on element 'Object Repository/Repo/SignUpNewUser/android.widget.Button - Next (2)'

01-04-2025T10:51:55 - [TEST_STEP][PASSED] - delay(3): Delayed 3 second(s)

01-04-2025T10:51:58 - [MESSAGE][PASSED] - Delayed 3 second(s)

01-04-2025T10:51:58 - [TEST_STEP][PASSED] - verifyElementExist(findTestObject("Object Repository/Repo/SignUpNewUser/android.widget.TextView -  Passwords must match"), 0): Element 'Object Repository/Repo/SignUpNewUser/android.widget.TextView -  Passwords must match' is exist

01-04-2025T10:51:58 - [MESSAGE][WARNING] - Timeout '0' is invalid. Using default page load timeout: '30'

01-04-2025T10:51:58 - [MESSAGE][PASSED] - Element 'Object Repository/Repo/SignUpNewUser/android.widget.TextView -  Passwords must match' is exist

01-04-2025T10:51:58 - [TEST_STEP][PASSED] - delay(3): Delayed 3 second(s)

01-04-2025T10:52:01 - [MESSAGE][PASSED] - Delayed 3 second(s)

01-04-2025T10:52:01 - [TEST_STEP][PASSED] - tap(findTestObject("Object Repository/Repo/SignUpNewUser/android.widget.Button - back"), 0): Tapped on element 'Object Repository/Repo/SignUpNewUser/android.widget.Button - back'

01-04-2025T10:52:01 - [MESSAGE][WARNING] - Timeout '0' is invalid. Using default page load timeout: '30'

01-04-2025T10:52:01 - [MESSAGE][PASSED] - Tapped on element 'Object Repository/Repo/SignUpNewUser/android.widget.Button - back'

01-04-2025T10:52:01 - [TEST_STEP][PASSED] - delay(3): Delayed 3 second(s)

01-04-2025T10:52:04 - [MESSAGE][PASSED] - Delayed 3 second(s)

01-04-2025T10:52:04 - [TEST_STEP][PASSED] - setText(findTestObject("Object Repository/Repo/SignUpNewUser/android.widget.EditText (1)"), "davidjohn@gmail.com", 0): Text 'davidjohn@gmail.com' has been set to element 'Object Repository/Repo/SignUpNewUser/android.widget.EditText (1)'

01-04-2025T10:52:04 - [MESSAGE][WARNING] - Timeout '0' is invalid. Using default page load timeout: '30'

01-04-2025T10:52:04 - [MESSAGE][PASSED] - Text 'davidjohn@gmail.com' has been set to element 'Object Repository/Repo/SignUpNewUser/android.widget.EditText (1)'

01-04-2025T10:52:04 - [TEST_STEP][PASSED] - delay(3): Delayed 3 second(s)

01-04-2025T10:52:07 - [MESSAGE][PASSED] - Delayed 3 second(s)

01-04-2025T10:52:07 - [TEST_STEP][PASSED] - tap(findTestObject("Object Repository/Repo/SignUpNewUser/android.widget.Button - Next (1)"), 0): Tapped on element 'Object Repository/Repo/SignUpNewUser/android.widget.Button - Next (1)'

01-04-2025T10:52:07 - [MESSAGE][WARNING] - Timeout '0' is invalid. Using default page load timeout: '30'

01-04-2025T10:52:07 - [MESSAGE][PASSED] - Tapped on element 'Object Repository/Repo/SignUpNewUser/android.widget.Button - Next (1)'

01-04-2025T10:52:07 - [TEST_STEP][PASSED] - delay(3): Delayed 3 second(s)

01-04-2025T10:52:10 - [MESSAGE][PASSED] - Delayed 3 second(s)

01-04-2025T10:52:10 - [TEST_STEP][PASSED] - setText(findTestObject("Object Repository/Repo/SignUpNewUser/android.widget.EditText (20)"), "smith", 0): Text 'smith' has been set to element 'Object Repository/Repo/SignUpNewUser/android.widget.EditText (20)'

01-04-2025T10:52:10 - [MESSAGE][WARNING] - Timeout '0' is invalid. Using default page load timeout: '30'

01-04-2025T10:52:10 - [MESSAGE][PASSED] - Text 'smith' has been set to element 'Object Repository/Repo/SignUpNewUser/android.widget.EditText (20)'

01-04-2025T10:52:10 - [TEST_STEP][PASSED] - delay(3): Delayed 3 second(s)

01-04-2025T10:52:13 - [MESSAGE][PASSED] - Delayed 3 second(s)

01-04-2025T10:52:13 - [TEST_STEP][PASSED] - setText(findTestObject("Object Repository/Repo/SignUpNewUser/android.widget.EditText - smith"), "john", 0): Text 'john' has been set to element 'Object Repository/Repo/SignUpNewUser/android.widget.EditText - smith'

01-04-2025T10:52:13 - [MESSAGE][WARNING] - Timeout '0' is invalid. Using default page load timeout: '30'

01-04-2025T10:52:13 - [MESSAGE][PASSED] - Text 'john' has been set to element 'Object Repository/Repo/SignUpNewUser/android.widget.EditText - smith'

01-04-2025T10:52:13 - [TEST_STEP][PASSED] - delay(3): Delayed 3 second(s)

01-04-2025T10:52:16 - [MESSAGE][PASSED] - Delayed 3 second(s)

01-04-2025T10:52:16 - [TEST_STEP][PASSED] - sendKeys(findTestObject("Object Repository/Repo/SignUpNewUser/android.widget.EditText (21)"), "password"): Send keys 'password' on test object 'Object Repository/Repo/SignUpNewUser/android.widget.EditText (21)' successfully.

01-04-2025T10:52:17 - [MESSAGE][PASSED] - Send keys 'password' on test object 'Object Repository/Repo/SignUpNewUser/android.widget.EditText (21)' successfully.

01-04-2025T10:52:17 - [TEST_STEP][PASSED] - delay(3): Delayed 3 second(s)

01-04-2025T10:52:20 - [MESSAGE][PASSED] - Delayed 3 second(s)

01-04-2025T10:52:20 - [TEST_STEP][PASSED] - sendKeys(findTestObject("Object Repository/Repo/SignUpNewUser/android.widget.EditText (22)"), "password"): Send keys 'password' on test object 'Object Repository/Repo/SignUpNewUser/android.widget.EditText (22)' successfully.

01-04-2025T10:52:20 - [MESSAGE][PASSED] - Send keys 'password' on test object 'Object Repository/Repo/SignUpNewUser/android.widget.EditText (22)' successfully.

01-04-2025T10:52:20 - [TEST_STEP][PASSED] - delay(3): Delayed 3 second(s)

01-04-2025T10:52:23 - [MESSAGE][PASSED] - Delayed 3 second(s)

01-04-2025T10:52:23 - [TEST_STEP][PASSED] - tap(findTestObject("Object Repository/Repo/SignUpNewUser/android.widget.Button - Next (3)"), 0): Tapped on element 'Object Repository/Repo/SignUpNewUser/android.widget.Button - Next (3)'

01-04-2025T10:52:23 - [MESSAGE][WARNING] - Timeout '0' is invalid. Using default page load timeout: '30'

01-04-2025T10:52:23 - [MESSAGE][PASSED] - Tapped on element 'Object Repository/Repo/SignUpNewUser/android.widget.Button - Next (3)'

01-04-2025T10:52:23 - [TEST_STEP][PASSED] - delay(3): Delayed 3 second(s)

01-04-2025T10:52:26 - [MESSAGE][PASSED] - Delayed 3 second(s)

01-04-2025T10:52:26 - [TEST_STEP][PASSED] - verifyElementExist(findTestObject("Object Repository/Repo/SignUpNewUser/android.widget.TextView - Terms and Conditions"), 0): Element 'Object Repository/Repo/SignUpNewUser/android.widget.TextView - Terms and Conditions' is exist

01-04-2025T10:52:26 - [MESSAGE][WARNING] - Timeout '0' is invalid. Using default page load timeout: '30'

01-04-2025T10:52:26 - [MESSAGE][PASSED] - Element 'Object Repository/Repo/SignUpNewUser/android.widget.TextView - Terms and Conditions' is exist

01-04-2025T10:52:26 - [TEST_STEP][PASSED] - delay(3): Delayed 3 second(s)

01-04-2025T10:52:29 - [MESSAGE][PASSED] - Delayed 3 second(s)

01-04-2025T10:52:29 - [TEST_STEP][PASSED] - closeApplication(): Close app successfully

01-04-2025T10:52:30 - [MESSAGE][PASSED] - Close app successfully

01-04-2025T10:52:30 - [TEST_STEP][PASSED] - delay(3): Delayed 3 second(s)

01-04-2025T10:52:33 - [MESSAGE][PASSED] - Delayed 3 second(s)]]></system-out>
         <system-err><![CDATA[]]></system-err>
      </testcase>
      <testcase name="Test Cases/Sign Up New UserPage/C699_SignUpNewUserPage" time="328.498" classname="Test Cases/Sign Up New UserPage/C699_SignUpNewUserPage" status="PASSED">
         <system-out><![CDATA[01-04-2025T10:52:33 - [TEST_CASE][PASSED] - Test Cases/Sign Up New UserPage/C699_SignUpNewUserPage: Test Cases/Sign Up New UserPage/C699_SignUpNewUserPage

01-04-2025T10:52:33 - [TEST_STEP][PASSED] - testData = findTestData("Data Files/LogiNewUser"): null

01-04-2025T10:52:33 - [TEST_STEP][PASSED] - email = testData.getValue("email", 1): null

01-04-2025T10:52:33 - [TEST_STEP][PASSED] - firstName = testData.getValue("firstname", 1): null

01-04-2025T10:52:33 - [TEST_STEP][PASSED] - lastName = testData.getValue("lastname", 1): null

01-04-2025T10:52:33 - [TEST_STEP][PASSED] - password = testData.getValue("password", 1): null

01-04-2025T10:52:33 - [TEST_STEP][PASSED] - confirmPassword = testData.getValue("confirm password", 1): null

01-04-2025T10:52:33 - [TEST_STEP][PASSED] - startApplication(appUrl, true): Started application: '/Users/gv.vignesh/Downloads/WGR-Android-Automation/App Folder/universal.apk'

01-04-2025T10:52:33 - [MESSAGE][INFO] - Starting application: '/Users/gv.vignesh/Downloads/WGR-Android-Automation/App Folder/universal.apk'

01-04-2025T10:52:33 - [MESSAGE][INFO] - User set preference: ['deviceId', '']

01-04-2025T10:52:33 - [MESSAGE][INFO] - Detected NodeJS location: "/opt/homebrew/Cellar/node/23.10.0_1/bin/node"

01-04-2025T10:52:33 - [MESSAGE][INFO] - PATH: /opt/homebrew/Cellar/node/23.10.0_1/bin:/opt/homebrew/bin:/usr/bin:/bin:/usr/sbin:/sbin:/Applications/Katalon Studio Enterprise.app/Contents/Eclipse/jre/Contents/Home/bin:/usr/local/bin/

01-04-2025T10:52:33 - [MESSAGE][INFO] - APPIUM_HOME: /Users/gv.vignesh/.appium

01-04-2025T10:52:33 - [MESSAGE][INFO] - appium outlog: /Users/gv.vignesh/Downloads/WGR-Android-Automation/Reports/20250401_103625/WRMA Android Regression/20250401_103625/appium.log

01-04-2025T10:52:33 - [MESSAGE][INFO] - appium errlog: /Users/gv.vignesh/Downloads/WGR-Android-Automation/Reports/20250401_103625/WRMA Android Regression/20250401_103625/appium_error.log

01-04-2025T10:52:34 - [MESSAGE][INFO] - Appium server started on port 52,629

01-04-2025T10:52:40 - [MESSAGE][PASSED] - Started application: '/Users/gv.vignesh/Downloads/WGR-Android-Automation/App Folder/universal.apk'

01-04-2025T10:52:40 - [TEST_STEP][PASSED] - delay(10): Delayed 10 second(s)

01-04-2025T10:52:50 - [MESSAGE][PASSED] - Delayed 10 second(s)

01-04-2025T10:52:50 - [TEST_STEP][PASSED] - tap(findTestObject("Object Repository/Repo/android.widget.Button - Login or Sign Up"), 0): Tapped on element 'Object Repository/Repo/android.widget.Button - Login or Sign Up'

01-04-2025T10:52:50 - [MESSAGE][WARNING] - Timeout '0' is invalid. Using default page load timeout: '30'

01-04-2025T10:52:50 - [MESSAGE][PASSED] - Tapped on element 'Object Repository/Repo/android.widget.Button - Login or Sign Up'

01-04-2025T10:52:50 - [TEST_STEP][PASSED] - delay(10): Delayed 10 second(s)

01-04-2025T10:53:00 - [MESSAGE][PASSED] - Delayed 10 second(s)

01-04-2025T10:53:00 - [TEST_STEP][PASSED] - setText(findTestObject("Object Repository/Repo/android.widget.EditText-LoginorSignUp"), email, 0): Text 'johny@yopmail.com' has been set to element 'Object Repository/Repo/android.widget.EditText-LoginorSignUp'

01-04-2025T10:53:00 - [MESSAGE][WARNING] - Timeout '0' is invalid. Using default page load timeout: '30'

01-04-2025T10:53:01 - [MESSAGE][PASSED] - Text 'johny@yopmail.com' has been set to element 'Object Repository/Repo/android.widget.EditText-LoginorSignUp'

01-04-2025T10:53:01 - [TEST_STEP][PASSED] - hideKeyboard(): Keyboard is hidden

01-04-2025T10:53:03 - [MESSAGE][PASSED] - Keyboard is hidden

01-04-2025T10:53:03 - [TEST_STEP][PASSED] - delay(10): Delayed 10 second(s)

01-04-2025T10:53:13 - [MESSAGE][PASSED] - Delayed 10 second(s)

01-04-2025T10:53:13 - [TEST_STEP][PASSED] - tap(findTestObject("Object Repository/Repo/android.widget.Button - Next"), 0): Tapped on element 'Object Repository/Repo/android.widget.Button - Next'

01-04-2025T10:53:13 - [MESSAGE][WARNING] - Timeout '0' is invalid. Using default page load timeout: '30'

01-04-2025T10:53:13 - [MESSAGE][PASSED] - Tapped on element 'Object Repository/Repo/android.widget.Button - Next'

01-04-2025T10:53:13 - [TEST_STEP][PASSED] - delay(10): Delayed 10 second(s)

01-04-2025T10:53:23 - [MESSAGE][PASSED] - Delayed 10 second(s)

01-04-2025T10:53:23 - [TEST_STEP][PASSED] - setText(findTestObject("Object Repository/Repo/android.widget.EditText-confirm email address"), email, 0): Text 'johny@yopmail.com' has been set to element 'Object Repository/Repo/android.widget.EditText-confirm email address'

01-04-2025T10:53:23 - [MESSAGE][WARNING] - Timeout '0' is invalid. Using default page load timeout: '30'

01-04-2025T10:53:23 - [MESSAGE][PASSED] - Text 'johny@yopmail.com' has been set to element 'Object Repository/Repo/android.widget.EditText-confirm email address'

01-04-2025T10:53:23 - [TEST_STEP][PASSED] - hideKeyboard(): Keyboard is hidden

01-04-2025T10:53:26 - [MESSAGE][PASSED] - Keyboard is hidden

01-04-2025T10:53:26 - [TEST_STEP][PASSED] - delay(10): Delayed 10 second(s)

01-04-2025T10:53:36 - [MESSAGE][PASSED] - Delayed 10 second(s)

01-04-2025T10:53:36 - [TEST_STEP][PASSED] - tap(findTestObject("Object Repository/Repo/android.widget.Button - Next (1)"), 0): Tapped on element 'Object Repository/Repo/android.widget.Button - Next (1)'

01-04-2025T10:53:36 - [MESSAGE][WARNING] - Timeout '0' is invalid. Using default page load timeout: '30'

01-04-2025T10:53:36 - [MESSAGE][PASSED] - Tapped on element 'Object Repository/Repo/android.widget.Button - Next (1)'

01-04-2025T10:53:36 - [TEST_STEP][PASSED] - delay(10): Delayed 10 second(s)

01-04-2025T10:53:46 - [MESSAGE][PASSED] - Delayed 10 second(s)

01-04-2025T10:53:46 - [TEST_STEP][PASSED] - setText(findTestObject("Object Repository/Repo/android.widget.EditText-FirstName"), firstName, 0): Text 'steve' has been set to element 'Object Repository/Repo/android.widget.EditText-FirstName'

01-04-2025T10:53:46 - [MESSAGE][WARNING] - Timeout '0' is invalid. Using default page load timeout: '30'

01-04-2025T10:53:46 - [MESSAGE][PASSED] - Text 'steve' has been set to element 'Object Repository/Repo/android.widget.EditText-FirstName'

01-04-2025T10:53:46 - [TEST_STEP][PASSED] - hideKeyboard(): Keyboard is hidden

01-04-2025T10:53:48 - [MESSAGE][PASSED] - Keyboard is hidden

01-04-2025T10:53:48 - [TEST_STEP][PASSED] - delay(10): Delayed 10 second(s)

01-04-2025T10:53:58 - [MESSAGE][PASSED] - Delayed 10 second(s)

01-04-2025T10:53:58 - [TEST_STEP][PASSED] - setText(findTestObject("Object Repository/Repo/android.widget.EditText-LastName"), lastName, 0): Text 'smith' has been set to element 'Object Repository/Repo/android.widget.EditText-LastName'

01-04-2025T10:53:58 - [MESSAGE][WARNING] - Timeout '0' is invalid. Using default page load timeout: '30'

01-04-2025T10:53:59 - [MESSAGE][PASSED] - Text 'smith' has been set to element 'Object Repository/Repo/android.widget.EditText-LastName'

01-04-2025T10:53:59 - [TEST_STEP][PASSED] - hideKeyboard(): Keyboard is hidden

01-04-2025T10:54:01 - [MESSAGE][PASSED] - Keyboard is hidden

01-04-2025T10:54:01 - [TEST_STEP][PASSED] - delay(10): Delayed 10 second(s)

01-04-2025T10:54:11 - [MESSAGE][PASSED] - Delayed 10 second(s)

01-04-2025T10:54:11 - [TEST_STEP][PASSED] - sendKeys(findTestObject("Object Repository/Repo/android.widget.EditText-Password"), password): Send keys 'password' on test object 'Object Repository/Repo/android.widget.EditText-Password' successfully.

01-04-2025T10:54:11 - [MESSAGE][PASSED] - Send keys 'password' on test object 'Object Repository/Repo/android.widget.EditText-Password' successfully.

01-04-2025T10:54:11 - [TEST_STEP][PASSED] - delay(10): Delayed 10 second(s)

01-04-2025T10:54:21 - [MESSAGE][PASSED] - Delayed 10 second(s)

01-04-2025T10:54:21 - [TEST_STEP][PASSED] - sendKeys(findTestObject("Object Repository/Repo/android.widget.EditText-Confirm Password"), confirmPassword): Send keys 'password' on test object 'Object Repository/Repo/android.widget.EditText-Confirm Password' successfully.

01-04-2025T10:54:21 - [MESSAGE][PASSED] - Send keys 'password' on test object 'Object Repository/Repo/android.widget.EditText-Confirm Password' successfully.

01-04-2025T10:54:21 - [TEST_STEP][PASSED] - delay(10): Delayed 10 second(s)

01-04-2025T10:54:31 - [MESSAGE][PASSED] - Delayed 10 second(s)

01-04-2025T10:54:31 - [TEST_STEP][PASSED] - tap(findTestObject("Object Repository/Repo/android.widget.Button - Next (2)"), 0): Tapped on element 'Object Repository/Repo/android.widget.Button - Next (2)'

01-04-2025T10:54:31 - [MESSAGE][WARNING] - Timeout '0' is invalid. Using default page load timeout: '30'

01-04-2025T10:54:31 - [MESSAGE][PASSED] - Tapped on element 'Object Repository/Repo/android.widget.Button - Next (2)'

01-04-2025T10:54:31 - [TEST_STEP][PASSED] - delay(20): Delayed 20 second(s)

01-04-2025T10:54:51 - [MESSAGE][PASSED] - Delayed 20 second(s)

01-04-2025T10:54:51 - [TEST_STEP][PASSED] - scrollToText("etc)."): Scrolling to text 'etc).' successfully

01-04-2025T10:54:52 - [MESSAGE][PASSED] - Scrolling to text 'etc).' successfully

01-04-2025T10:54:52 - [TEST_STEP][PASSED] - delay(5): Delayed 5 second(s)

01-04-2025T10:54:57 - [MESSAGE][PASSED] - Delayed 5 second(s)

01-04-2025T10:54:57 - [TEST_STEP][PASSED] - tap(findTestObject("Object Repository/Repo/android.widget.Button - Agree to Terms  Conditions"), 0): Tapped on element 'Object Repository/Repo/android.widget.Button - Agree to Terms  Conditions'

01-04-2025T10:54:57 - [MESSAGE][WARNING] - Timeout '0' is invalid. Using default page load timeout: '30'

01-04-2025T10:54:57 - [MESSAGE][PASSED] - Tapped on element 'Object Repository/Repo/android.widget.Button - Agree to Terms  Conditions'

01-04-2025T10:54:57 - [TEST_STEP][PASSED] - delay(45): Delayed 45 second(s)

01-04-2025T10:55:42 - [MESSAGE][PASSED] - Delayed 45 second(s)

01-04-2025T10:55:42 - [TEST_STEP][PASSED] - setText(findTestObject("Object Repository/Repo/android.widget.EditText-OAM(Login)"), email, 0): Text 'johny@yopmail.com' has been set to element 'Object Repository/Repo/android.widget.EditText-OAM(Login)'

01-04-2025T10:55:42 - [MESSAGE][WARNING] - Timeout '0' is invalid. Using default page load timeout: '30'

01-04-2025T10:55:44 - [MESSAGE][PASSED] - Text 'johny@yopmail.com' has been set to element 'Object Repository/Repo/android.widget.EditText-OAM(Login)'

01-04-2025T10:55:44 - [TEST_STEP][PASSED] - hideKeyboard(): Keyboard is hidden

01-04-2025T10:55:46 - [MESSAGE][PASSED] - Keyboard is hidden

01-04-2025T10:55:46 - [TEST_STEP][PASSED] - delay(30): Delayed 30 second(s)

01-04-2025T10:56:16 - [MESSAGE][PASSED] - Delayed 30 second(s)

01-04-2025T10:56:16 - [TEST_STEP][PASSED] - setText(findTestObject("Object Repository/Repo/android.widget.EditText-OAM(Password)"), password, 0): Text 'password' has been set to element 'Object Repository/Repo/android.widget.EditText-OAM(Password)'

01-04-2025T10:56:16 - [MESSAGE][WARNING] - Timeout '0' is invalid. Using default page load timeout: '30'

01-04-2025T10:56:17 - [MESSAGE][PASSED] - Text 'password' has been set to element 'Object Repository/Repo/android.widget.EditText-OAM(Password)'

01-04-2025T10:56:17 - [TEST_STEP][PASSED] - hideKeyboard(): Keyboard is hidden

01-04-2025T10:56:19 - [MESSAGE][PASSED] - Keyboard is hidden

01-04-2025T10:56:19 - [TEST_STEP][PASSED] - delay(30): Delayed 30 second(s)

01-04-2025T10:56:49 - [MESSAGE][PASSED] - Delayed 30 second(s)

01-04-2025T10:56:49 - [TEST_STEP][PASSED] - tap(findTestObject("Object Repository/Repo/android.widget.Button -OAM(Login)"), 0): Tapped on element 'Object Repository/Repo/android.widget.Button -OAM(Login)'

01-04-2025T10:56:49 - [MESSAGE][WARNING] - Timeout '0' is invalid. Using default page load timeout: '30'

01-04-2025T10:56:49 - [MESSAGE][PASSED] - Tapped on element 'Object Repository/Repo/android.widget.Button -OAM(Login)'

01-04-2025T10:56:49 - [TEST_STEP][PASSED] - delay(20): Delayed 20 second(s)

01-04-2025T10:57:09 - [MESSAGE][PASSED] - Delayed 20 second(s)

01-04-2025T10:57:09 - [TEST_STEP][PASSED] - tap(findTestObject("Object Repository/Repo/android.widget.Button - Next-(VerifyAccount)"), 0): Tapped on element 'Object Repository/Repo/android.widget.Button - Next-(VerifyAccount)'

01-04-2025T10:57:09 - [MESSAGE][WARNING] - Timeout '0' is invalid. Using default page load timeout: '30'

01-04-2025T10:57:10 - [MESSAGE][PASSED] - Tapped on element 'Object Repository/Repo/android.widget.Button - Next-(VerifyAccount)'

01-04-2025T10:57:10 - [TEST_STEP][PASSED] - delay(10): Delayed 10 second(s)

01-04-2025T10:57:20 - [MESSAGE][PASSED] - Delayed 10 second(s)

01-04-2025T10:57:20 - [TEST_STEP][PASSED] - verifyElementExist(findTestObject("Object Repository/Repo/android.widget.TextView - Youve chosen to skip the email verification process. While you can explore the app as a guest, please note that certain features and functionalities may be limited"), 0): Element 'Object Repository/Repo/android.widget.TextView - Youve chosen to skip the email verification process. While you can explore the app as a guest, please note that certain features and functionalities may be limited' is exist

01-04-2025T10:57:20 - [MESSAGE][WARNING] - Timeout '0' is invalid. Using default page load timeout: '30'

01-04-2025T10:57:20 - [MESSAGE][PASSED] - Element 'Object Repository/Repo/android.widget.TextView - Youve chosen to skip the email verification process. While you can explore the app as a guest, please note that certain features and functionalities may be limited' is exist

01-04-2025T10:57:20 - [TEST_STEP][PASSED] - delay(10): Delayed 10 second(s)

01-04-2025T10:57:30 - [MESSAGE][PASSED] - Delayed 10 second(s)

01-04-2025T10:57:30 - [TEST_STEP][PASSED] - verifyElementExist(findTestObject("Object Repository/Repo/android.widget.TextView - To fully access all features"), 0): Element 'Object Repository/Repo/android.widget.TextView - To fully access all features' is exist

01-04-2025T10:57:30 - [MESSAGE][WARNING] - Timeout '0' is invalid. Using default page load timeout: '30'

01-04-2025T10:57:30 - [MESSAGE][PASSED] - Element 'Object Repository/Repo/android.widget.TextView - To fully access all features' is exist

01-04-2025T10:57:30 - [TEST_STEP][PASSED] - delay(10): Delayed 10 second(s)

01-04-2025T10:57:40 - [MESSAGE][PASSED] - Delayed 10 second(s)

01-04-2025T10:57:40 - [TEST_STEP][PASSED] - actualText = getText(findTestObject("Object Repository/Repo/android.widget.TextView - Youve chosen to skip the email verification process. While you can explore the app as a guest, please note that certain features and functionalities may be limited"), 0): Text of element 'Object Repository/Repo/android.widget.TextView - Youve chosen to skip the email verification process. While you can explore the app as a guest, please note that certain features and functionalities may be limited' is: 'You've chosen to skip the email verification process. While you can explore the app as a guest, please note that certain features and functionalities may be limited.'

01-04-2025T10:57:40 - [MESSAGE][WARNING] - Timeout '0' is invalid. Using default page load timeout: '30'

01-04-2025T10:57:40 - [MESSAGE][PASSED] - Text of element 'Object Repository/Repo/android.widget.TextView - Youve chosen to skip the email verification process. While you can explore the app as a guest, please note that certain features and functionalities may be limited' is: 'You've chosen to skip the email verification process. While you can explore the app as a guest, please note that certain features and functionalities may be limited.'

01-04-2025T10:57:40 - [TEST_STEP][PASSED] - expectedText = "You've chosen to skip the email verification process. While you can explore the app as a guest, please note that certain features and functionalities may be limited.": null

01-04-2025T10:57:40 - [TEST_STEP][PASSED] - assert actualText == expectedText: null

01-04-2025T10:57:40 - [TEST_STEP][PASSED] - verifyElementExist(findTestObject("Object Repository/Repo/android.widget.Button - Next (2)"), 0): Element 'Object Repository/Repo/android.widget.Button - Next (2)' is exist

01-04-2025T10:57:40 - [MESSAGE][WARNING] - Timeout '0' is invalid. Using default page load timeout: '30'

01-04-2025T10:57:40 - [MESSAGE][PASSED] - Element 'Object Repository/Repo/android.widget.Button - Next (2)' is exist

01-04-2025T10:57:40 - [TEST_STEP][PASSED] - delay(10): Delayed 10 second(s)

01-04-2025T10:57:50 - [MESSAGE][PASSED] - Delayed 10 second(s)

01-04-2025T10:57:50 - [TEST_STEP][PASSED] - tap(findTestObject("Object Repository/Repo/android.widget.Button - Next (2)"), 0): Tapped on element 'Object Repository/Repo/android.widget.Button - Next (2)'

01-04-2025T10:57:50 - [MESSAGE][WARNING] - Timeout '0' is invalid. Using default page load timeout: '30'

01-04-2025T10:57:50 - [MESSAGE][PASSED] - Tapped on element 'Object Repository/Repo/android.widget.Button - Next (2)'

01-04-2025T10:57:50 - [TEST_STEP][PASSED] - delay(10): Delayed 10 second(s)

01-04-2025T10:58:00 - [MESSAGE][PASSED] - Delayed 10 second(s)

01-04-2025T10:58:00 - [TEST_STEP][PASSED] - closeApplication(): Close app successfully

01-04-2025T10:58:02 - [MESSAGE][PASSED] - Close app successfully

01-04-2025T10:58:02 - [TEST_STEP][PASSED] - closeBrowser(): Browser is closed

01-04-2025T10:58:02 - [MESSAGE][PASSED] - Browser is closed]]></system-out>
         <system-err><![CDATA[]]></system-err>
      </testcase>
      <testcase name="Test Cases/Login Owner OR Renter/C735-C736-C739_LoginOwnerOrRenter" time="240.389" classname="Test Cases/Login Owner OR Renter/C735-C736-C739_LoginOwnerOrRenter" status="PASSED">
         <system-out><![CDATA[01-04-2025T11:02:01 - [TEST_CASE][PASSED] - Test Cases/Login Owner OR Renter/C735-C736-C739_LoginOwnerOrRenter: Test Cases/Login Owner OR Renter/C735-C736-C739_LoginOwnerOrRenter

01-04-2025T11:02:01 - [TEST_STEP][PASSED] - testData = findTestData("Data Files/LogiNewUser"): null

01-04-2025T11:02:01 - [TEST_STEP][PASSED] - email = testData.getValue("email", 1): null

01-04-2025T11:02:01 - [TEST_STEP][PASSED] - password = testData.getValue("password", 1): null

01-04-2025T11:02:01 - [TEST_STEP][PASSED] - startApplication("/Users/gv.vignesh/Downloads/WGR-Android-Automation/App Folder/app-debug.apk", true): Started application: '/Users/gv.vignesh/Downloads/WGR-Android-Automation/App Folder/app-debug.apk'

01-04-2025T11:02:01 - [MESSAGE][INFO] - Starting application: '/Users/gv.vignesh/Downloads/WGR-Android-Automation/App Folder/app-debug.apk'

01-04-2025T11:02:01 - [MESSAGE][INFO] - User set preference: ['deviceId', '']

01-04-2025T11:02:01 - [MESSAGE][INFO] - Detected NodeJS location: "/opt/homebrew/Cellar/node/23.10.0_1/bin/node"

01-04-2025T11:02:01 - [MESSAGE][INFO] - PATH: /opt/homebrew/Cellar/node/23.10.0_1/bin:/opt/homebrew/bin:/usr/bin:/bin:/usr/sbin:/sbin:/Applications/Katalon Studio Enterprise.app/Contents/Eclipse/jre/Contents/Home/bin:/usr/local/bin/

01-04-2025T11:02:01 - [MESSAGE][INFO] - APPIUM_HOME: /Users/gv.vignesh/.appium

01-04-2025T11:02:01 - [MESSAGE][INFO] - appium outlog: /Users/gv.vignesh/Downloads/WGR-Android-Automation/Reports/20250401_103625/WRMA Android Regression/20250401_103625/appium.log

01-04-2025T11:02:01 - [MESSAGE][INFO] - appium errlog: /Users/gv.vignesh/Downloads/WGR-Android-Automation/Reports/20250401_103625/WRMA Android Regression/20250401_103625/appium_error.log

01-04-2025T11:02:02 - [MESSAGE][INFO] - Appium server started on port 53,773

01-04-2025T11:02:07 - [MESSAGE][PASSED] - Started application: '/Users/gv.vignesh/Downloads/WGR-Android-Automation/App Folder/app-debug.apk'

01-04-2025T11:02:07 - [TEST_STEP][PASSED] - delay(10): Delayed 10 second(s)

01-04-2025T11:02:17 - [MESSAGE][PASSED] - Delayed 10 second(s)

01-04-2025T11:02:17 - [TEST_STEP][PASSED] - tap(findTestObject("Object Repository/Repo/android.widget.Button - Login or Sign Up"), 0): Tapped on element 'Object Repository/Repo/android.widget.Button - Login or Sign Up'

01-04-2025T11:02:17 - [MESSAGE][WARNING] - Timeout '0' is invalid. Using default page load timeout: '30'

01-04-2025T11:02:17 - [MESSAGE][PASSED] - Tapped on element 'Object Repository/Repo/android.widget.Button - Login or Sign Up'

01-04-2025T11:02:17 - [TEST_STEP][PASSED] - delay(10): Delayed 10 second(s)

01-04-2025T11:02:27 - [MESSAGE][PASSED] - Delayed 10 second(s)

01-04-2025T11:02:27 - [TEST_STEP][PASSED] - sendKeys(findTestObject("Object Repository/Repo/android.widget.EditText-LoginorSignUp"), email): Send keys 'johny@yopmail.com' on test object 'Object Repository/Repo/android.widget.EditText-LoginorSignUp' successfully.

01-04-2025T11:02:28 - [MESSAGE][PASSED] - Send keys 'johny@yopmail.com' on test object 'Object Repository/Repo/android.widget.EditText-LoginorSignUp' successfully.

01-04-2025T11:02:28 - [TEST_STEP][PASSED] - delay(10): Delayed 10 second(s)

01-04-2025T11:02:38 - [MESSAGE][PASSED] - Delayed 10 second(s)

01-04-2025T11:02:38 - [TEST_STEP][PASSED] - tap(findTestObject("Object Repository/Repo/android.widget.Button - Next"), 0): Tapped on element 'Object Repository/Repo/android.widget.Button - Next'

01-04-2025T11:02:38 - [MESSAGE][WARNING] - Timeout '0' is invalid. Using default page load timeout: '30'

01-04-2025T11:02:38 - [MESSAGE][PASSED] - Tapped on element 'Object Repository/Repo/android.widget.Button - Next'

01-04-2025T11:02:38 - [TEST_STEP][PASSED] - delay(30): Delayed 30 second(s)

01-04-2025T11:03:08 - [MESSAGE][PASSED] - Delayed 30 second(s)

01-04-2025T11:03:08 - [TEST_STEP][PASSED] - homeElementExists = verifyElementExist(findTestObject("Object Repository/Repo/android.view.View - Home"), 0): Element 'Object Repository/Repo/android.view.View - Home' is exist

01-04-2025T11:03:08 - [MESSAGE][WARNING] - Timeout '0' is invalid. Using default page load timeout: '30'

01-04-2025T11:03:08 - [MESSAGE][PASSED] - Element 'Object Repository/Repo/android.view.View - Home' is exist

01-04-2025T11:03:08 - [TEST_STEP][PASSED] - assert homeElementExists : "Element 'Home' does not exist.": null

01-04-2025T11:03:08 - [TEST_STEP][PASSED] - homeText = getText(findTestObject("Object Repository/Repo/android.view.View - Home"), 0): Text of element 'Object Repository/Repo/android.view.View - Home' is: 'Home'

01-04-2025T11:03:08 - [MESSAGE][WARNING] - Timeout '0' is invalid. Using default page load timeout: '30'

01-04-2025T11:03:08 - [MESSAGE][PASSED] - Text of element 'Object Repository/Repo/android.view.View - Home' is: 'Home'

01-04-2025T11:03:08 - [TEST_STEP][PASSED] - assert homeText == "Home": null

01-04-2025T11:03:08 - [TEST_STEP][PASSED] - delay(10): Delayed 10 second(s)

01-04-2025T11:03:18 - [MESSAGE][PASSED] - Delayed 10 second(s)

01-04-2025T11:03:18 - [TEST_STEP][PASSED] - myStayElementExists = verifyElementExist(findTestObject("Object Repository/Repo/android.view.View - My Stay"), 0): Element 'Object Repository/Repo/android.view.View - My Stay' is exist

01-04-2025T11:03:18 - [MESSAGE][WARNING] - Timeout '0' is invalid. Using default page load timeout: '30'

01-04-2025T11:03:18 - [MESSAGE][PASSED] - Element 'Object Repository/Repo/android.view.View - My Stay' is exist

01-04-2025T11:03:18 - [TEST_STEP][PASSED] - assert myStayElementExists : "Element 'My Stay' does not exist.": null

01-04-2025T11:03:18 - [TEST_STEP][PASSED] - myStayText = getText(findTestObject("Object Repository/Repo/android.view.View - My Stay"), 0): Text of element 'Object Repository/Repo/android.view.View - My Stay' is: 'My Stay'

01-04-2025T11:03:18 - [MESSAGE][WARNING] - Timeout '0' is invalid. Using default page load timeout: '30'

01-04-2025T11:03:18 - [MESSAGE][PASSED] - Text of element 'Object Repository/Repo/android.view.View - My Stay' is: 'My Stay'

01-04-2025T11:03:18 - [TEST_STEP][PASSED] - assert myStayText == "My Stay": null

01-04-2025T11:03:18 - [TEST_STEP][PASSED] - delay(10): Delayed 10 second(s)

01-04-2025T11:03:28 - [MESSAGE][PASSED] - Delayed 10 second(s)

01-04-2025T11:03:28 - [TEST_STEP][PASSED] - myAccountElementExists = verifyElementExist(findTestObject("Object Repository/Repo/android.view.View - My Account"), 0): Element 'Object Repository/Repo/android.view.View - My Account' is exist

01-04-2025T11:03:28 - [MESSAGE][WARNING] - Timeout '0' is invalid. Using default page load timeout: '30'

01-04-2025T11:03:28 - [MESSAGE][PASSED] - Element 'Object Repository/Repo/android.view.View - My Account' is exist

01-04-2025T11:03:28 - [TEST_STEP][PASSED] - assert myAccountElementExists : "Element 'My Account' does not exist.": null

01-04-2025T11:03:28 - [TEST_STEP][PASSED] - myAccountText = getText(findTestObject("Object Repository/Repo/android.view.View - My Account"), 0): Text of element 'Object Repository/Repo/android.view.View - My Account' is: 'My Account'

01-04-2025T11:03:28 - [MESSAGE][WARNING] - Timeout '0' is invalid. Using default page load timeout: '30'

01-04-2025T11:03:28 - [MESSAGE][PASSED] - Text of element 'Object Repository/Repo/android.view.View - My Account' is: 'My Account'

01-04-2025T11:03:28 - [TEST_STEP][PASSED] - assert myAccountText == "My Account": null

01-04-2025T11:03:28 - [TEST_STEP][PASSED] - delay(10): Delayed 10 second(s)

01-04-2025T11:03:38 - [MESSAGE][PASSED] - Delayed 10 second(s)

01-04-2025T11:03:38 - [TEST_STEP][PASSED] - println("Text 'Home' is present."): null

01-04-2025T11:03:38 - [TEST_STEP][PASSED] - println("Text 'My Stay' is present."): null

01-04-2025T11:03:38 - [TEST_STEP][PASSED] - println("Text 'My Account' is present."): null

01-04-2025T11:03:38 - [TEST_STEP][PASSED] - delay(10): Delayed 10 second(s)

01-04-2025T11:03:48 - [MESSAGE][PASSED] - Delayed 10 second(s)

01-04-2025T11:03:48 - [TEST_STEP][PASSED] - tap(findTestObject("Object Repository/Repo/android.view.View - Home"), 0, STOP_ON_FAILURE): Tapped on element 'Object Repository/Repo/android.view.View - Home'

01-04-2025T11:03:48 - [MESSAGE][WARNING] - Timeout '0' is invalid. Using default page load timeout: '30'

01-04-2025T11:03:48 - [MESSAGE][PASSED] - Tapped on element 'Object Repository/Repo/android.view.View - Home'

01-04-2025T11:03:48 - [TEST_STEP][PASSED] - delay(5): Delayed 5 second(s)

01-04-2025T11:03:53 - [MESSAGE][PASSED] - Delayed 5 second(s)

01-04-2025T11:03:53 - [TEST_STEP][PASSED] - tap(findTestObject("Object Repository/Repo/android.widget.Button - menu"), 0, STOP_ON_FAILURE): Tapped on element 'Object Repository/Repo/android.widget.Button - menu'

01-04-2025T11:03:53 - [MESSAGE][WARNING] - Timeout '0' is invalid. Using default page load timeout: '30'

01-04-2025T11:03:54 - [MESSAGE][PASSED] - Tapped on element 'Object Repository/Repo/android.widget.Button - menu'

01-04-2025T11:03:54 - [TEST_STEP][PASSED] - delay(20): Delayed 20 second(s)

01-04-2025T11:04:14 - [MESSAGE][PASSED] - Delayed 20 second(s)

01-04-2025T11:04:14 - [TEST_STEP][PASSED] - if (waitForElementPresent(findTestObject("Object Repository/Repo/android.widget.TextView - Terms and Conditions-Menu"), 10, CONTINUE_ON_FAILURE)): null

01-04-2025T11:04:14 - [MESSAGE][PASSED] - Element 'Object Repository/Repo/android.widget.TextView - Terms and Conditions-Menu' is present

01-04-2025T11:04:14 - [TEST_STEP][PASSED] - tap(findTestObject("Object Repository/Repo/android.widget.TextView - Terms and Conditions-Menu"), 0, STOP_ON_FAILURE): Tapped on element 'Object Repository/Repo/android.widget.TextView - Terms and Conditions-Menu'

01-04-2025T11:04:14 - [MESSAGE][WARNING] - Timeout '0' is invalid. Using default page load timeout: '30'

01-04-2025T11:04:14 - [MESSAGE][PASSED] - Tapped on element 'Object Repository/Repo/android.widget.TextView - Terms and Conditions-Menu'

01-04-2025T11:04:14 - [TEST_STEP][PASSED] - delay(20): Delayed 20 second(s)

01-04-2025T11:04:34 - [MESSAGE][PASSED] - Delayed 20 second(s)

01-04-2025T11:04:34 - [TEST_STEP][PASSED] - if (waitForElementPresent(findTestObject("Object Repository/Repo/android.view.View-Terms and conditions web"), 30, CONTINUE_ON_FAILURE)): null

01-04-2025T11:04:34 - [MESSAGE][PASSED] - Element 'Object Repository/Repo/android.view.View-Terms and conditions web' is present

01-04-2025T11:04:34 - [TEST_STEP][PASSED] - println("Element 'android.view.View - Terms & Conditions-Webview' exists."): null

01-04-2025T11:04:34 - [TEST_STEP][PASSED] - delay(20): Delayed 20 second(s)

01-04-2025T11:04:54 - [MESSAGE][PASSED] - Delayed 20 second(s)

01-04-2025T11:04:54 - [TEST_STEP][PASSED] - tap(findTestObject("Object Repository/Repo/android.widget.ImageButton-Cancel web"), 0, STOP_ON_FAILURE): Tapped on element 'Object Repository/Repo/android.widget.ImageButton-Cancel web'

01-04-2025T11:04:54 - [MESSAGE][WARNING] - Timeout '0' is invalid. Using default page load timeout: '30'

01-04-2025T11:04:54 - [MESSAGE][PASSED] - Tapped on element 'Object Repository/Repo/android.widget.ImageButton-Cancel web'

01-04-2025T11:04:54 - [TEST_STEP][PASSED] - delay(15): Delayed 15 second(s)

01-04-2025T11:05:09 - [MESSAGE][PASSED] - Delayed 15 second(s)

01-04-2025T11:05:09 - [TEST_STEP][PASSED] - tap(findTestObject("Object Repository/Repo/android.widget.Button - menu"), 0, STOP_ON_FAILURE): Tapped on element 'Object Repository/Repo/android.widget.Button - menu'

01-04-2025T11:05:09 - [MESSAGE][WARNING] - Timeout '0' is invalid. Using default page load timeout: '30'

01-04-2025T11:05:09 - [MESSAGE][PASSED] - Tapped on element 'Object Repository/Repo/android.widget.Button - menu'

01-04-2025T11:05:09 - [TEST_STEP][PASSED] - delay(20): Delayed 20 second(s)

01-04-2025T11:05:29 - [MESSAGE][PASSED] - Delayed 20 second(s)

01-04-2025T11:05:29 - [TEST_STEP][PASSED] - tap(findTestObject("Object Repository/Repo/android.widget.TextView - Privacy Policy-Menu"), 0, STOP_ON_FAILURE): Tapped on element 'Object Repository/Repo/android.widget.TextView - Privacy Policy-Menu'

01-04-2025T11:05:29 - [MESSAGE][WARNING] - Timeout '0' is invalid. Using default page load timeout: '30'

01-04-2025T11:05:29 - [MESSAGE][PASSED] - Tapped on element 'Object Repository/Repo/android.widget.TextView - Privacy Policy-Menu'

01-04-2025T11:05:29 - [TEST_STEP][PASSED] - delay(30): Delayed 30 second(s)

01-04-2025T11:05:59 - [MESSAGE][PASSED] - Delayed 30 second(s)

01-04-2025T11:05:59 - [TEST_STEP][PASSED] - if (waitForElementPresent(findTestObject("Object Repository/Repo/android.widget.TextView - Privacy Policy-web"), 30, CONTINUE_ON_FAILURE)): null

01-04-2025T11:06:00 - [MESSAGE][PASSED] - Element 'Object Repository/Repo/android.widget.TextView - Privacy Policy-web' is present

01-04-2025T11:06:00 - [TEST_STEP][PASSED] - println("Element 'android.widget.TextView - Privacy Policy-web' exists."): null

01-04-2025T11:06:00 - [TEST_STEP][PASSED] - closeApplication(): Close app successfully

01-04-2025T11:06:02 - [MESSAGE][PASSED] - Close app successfully

01-04-2025T11:06:02 - [TEST_STEP][PASSED] - closeBrowser(): Browser is closed

01-04-2025T11:06:02 - [MESSAGE][PASSED] - Browser is closed]]></system-out>
         <system-err><![CDATA[]]></system-err>
      </testcase>
      <testcase name="Test Cases/Login Owner OR Renter/C661-C720-C721_LoginOwnerOrRenter" time="219.749" classname="Test Cases/Login Owner OR Renter/C661-C720-C721_LoginOwnerOrRenter" status="PASSED">
         <system-out><![CDATA[01-04-2025T11:06:02 - [TEST_CASE][PASSED] - Test Cases/Login Owner OR Renter/C661-C720-C721_LoginOwnerOrRenter: Test Cases/Login Owner OR Renter/C661-C720-C721_LoginOwnerOrRenter

01-04-2025T11:06:02 - [TEST_STEP][PASSED] - testData = findTestData("Data Files/LogiNewUser"): null

01-04-2025T11:06:02 - [TEST_STEP][PASSED] - email = testData.getValue("email", 1): null

01-04-2025T11:06:02 - [TEST_STEP][PASSED] - password = testData.getValue("password", 1): null

01-04-2025T11:06:02 - [TEST_STEP][PASSED] - expectedVersion = testData.getValue("version", 1): null

01-04-2025T11:06:02 - [TEST_STEP][PASSED] - startApplication(appUrl, true): Started application: '/Users/gv.vignesh/Downloads/WGR-Android-Automation/App Folder/universal.apk'

01-04-2025T11:06:02 - [MESSAGE][INFO] - Starting application: '/Users/gv.vignesh/Downloads/WGR-Android-Automation/App Folder/universal.apk'

01-04-2025T11:06:02 - [MESSAGE][INFO] - User set preference: ['deviceId', '']

01-04-2025T11:06:02 - [MESSAGE][INFO] - Detected NodeJS location: "/opt/homebrew/Cellar/node/23.10.0_1/bin/node"

01-04-2025T11:06:02 - [MESSAGE][INFO] - PATH: /opt/homebrew/Cellar/node/23.10.0_1/bin:/opt/homebrew/bin:/usr/bin:/bin:/usr/sbin:/sbin:/Applications/Katalon Studio Enterprise.app/Contents/Eclipse/jre/Contents/Home/bin:/usr/local/bin/

01-04-2025T11:06:02 - [MESSAGE][INFO] - APPIUM_HOME: /Users/gv.vignesh/.appium

01-04-2025T11:06:02 - [MESSAGE][INFO] - appium outlog: /Users/gv.vignesh/Downloads/WGR-Android-Automation/Reports/20250401_103625/WRMA Android Regression/20250401_103625/appium.log

01-04-2025T11:06:02 - [MESSAGE][INFO] - appium errlog: /Users/gv.vignesh/Downloads/WGR-Android-Automation/Reports/20250401_103625/WRMA Android Regression/20250401_103625/appium_error.log

01-04-2025T11:06:03 - [MESSAGE][INFO] - Appium server started on port 54,273

01-04-2025T11:06:09 - [MESSAGE][PASSED] - Started application: '/Users/gv.vignesh/Downloads/WGR-Android-Automation/App Folder/universal.apk'

01-04-2025T11:06:09 - [TEST_STEP][PASSED] - delay(10): Delayed 10 second(s)

01-04-2025T11:06:19 - [MESSAGE][PASSED] - Delayed 10 second(s)

01-04-2025T11:06:19 - [TEST_STEP][PASSED] - tap(findTestObject("Object Repository/Repo/android.widget.Button - Login or Sign Up"), 0): Tapped on element 'Object Repository/Repo/android.widget.Button - Login or Sign Up'

01-04-2025T11:06:19 - [MESSAGE][WARNING] - Timeout '0' is invalid. Using default page load timeout: '30'

01-04-2025T11:06:19 - [MESSAGE][PASSED] - Tapped on element 'Object Repository/Repo/android.widget.Button - Login or Sign Up'

01-04-2025T11:06:19 - [TEST_STEP][PASSED] - delay(10): Delayed 10 second(s)

01-04-2025T11:06:29 - [MESSAGE][PASSED] - Delayed 10 second(s)

01-04-2025T11:06:29 - [TEST_STEP][PASSED] - setText(findTestObject("Object Repository/Repo/android.widget.EditText-LoginorSignUp"), email, 0): Text 'johny@yopmail.com' has been set to element 'Object Repository/Repo/android.widget.EditText-LoginorSignUp'

01-04-2025T11:06:29 - [MESSAGE][WARNING] - Timeout '0' is invalid. Using default page load timeout: '30'

01-04-2025T11:06:29 - [MESSAGE][PASSED] - Text 'johny@yopmail.com' has been set to element 'Object Repository/Repo/android.widget.EditText-LoginorSignUp'

01-04-2025T11:06:29 - [TEST_STEP][PASSED] - hideKeyboard(): Keyboard is hidden

01-04-2025T11:06:32 - [MESSAGE][PASSED] - Keyboard is hidden

01-04-2025T11:06:32 - [TEST_STEP][PASSED] - delay(10): Delayed 10 second(s)

01-04-2025T11:06:42 - [MESSAGE][PASSED] - Delayed 10 second(s)

01-04-2025T11:06:42 - [TEST_STEP][PASSED] - tap(findTestObject("Object Repository/Repo/android.widget.Button - Next"), 0): Tapped on element 'Object Repository/Repo/android.widget.Button - Next'

01-04-2025T11:06:42 - [MESSAGE][WARNING] - Timeout '0' is invalid. Using default page load timeout: '30'

01-04-2025T11:06:42 - [MESSAGE][PASSED] - Tapped on element 'Object Repository/Repo/android.widget.Button - Next'

01-04-2025T11:06:42 - [TEST_STEP][PASSED] - delay(45): Delayed 45 second(s)

01-04-2025T11:07:27 - [MESSAGE][PASSED] - Delayed 45 second(s)

01-04-2025T11:07:27 - [TEST_STEP][PASSED] - setText(findTestObject("Object Repository/Repo/android.widget.EditText-OAM(Login)"), email, 0): Text 'johny@yopmail.com' has been set to element 'Object Repository/Repo/android.widget.EditText-OAM(Login)'

01-04-2025T11:07:27 - [MESSAGE][WARNING] - Timeout '0' is invalid. Using default page load timeout: '30'

01-04-2025T11:07:28 - [MESSAGE][PASSED] - Text 'johny@yopmail.com' has been set to element 'Object Repository/Repo/android.widget.EditText-OAM(Login)'

01-04-2025T11:07:28 - [TEST_STEP][PASSED] - hideKeyboard(): Keyboard is hidden

01-04-2025T11:07:30 - [MESSAGE][PASSED] - Keyboard is hidden

01-04-2025T11:07:30 - [TEST_STEP][PASSED] - delay(30): Delayed 30 second(s)

01-04-2025T11:08:00 - [MESSAGE][PASSED] - Delayed 30 second(s)

01-04-2025T11:08:00 - [TEST_STEP][PASSED] - setText(findTestObject("Object Repository/Repo/android.widget.EditText-OAM(Password)"), password, 0): Text 'password' has been set to element 'Object Repository/Repo/android.widget.EditText-OAM(Password)'

01-04-2025T11:08:00 - [MESSAGE][WARNING] - Timeout '0' is invalid. Using default page load timeout: '30'

01-04-2025T11:08:02 - [MESSAGE][PASSED] - Text 'password' has been set to element 'Object Repository/Repo/android.widget.EditText-OAM(Password)'

01-04-2025T11:08:02 - [TEST_STEP][PASSED] - hideKeyboard(): Keyboard is hidden

01-04-2025T11:08:04 - [MESSAGE][PASSED] - Keyboard is hidden

01-04-2025T11:08:04 - [TEST_STEP][PASSED] - delay(30): Delayed 30 second(s)

01-04-2025T11:08:34 - [MESSAGE][PASSED] - Delayed 30 second(s)

01-04-2025T11:08:34 - [TEST_STEP][PASSED] - tap(findTestObject("Object Repository/Repo/android.widget.Button -OAM(Login)"), 0): Tapped on element 'Object Repository/Repo/android.widget.Button -OAM(Login)'

01-04-2025T11:08:34 - [MESSAGE][WARNING] - Timeout '0' is invalid. Using default page load timeout: '30'

01-04-2025T11:08:34 - [MESSAGE][PASSED] - Tapped on element 'Object Repository/Repo/android.widget.Button -OAM(Login)'

01-04-2025T11:08:34 - [TEST_STEP][PASSED] - delay(20): Delayed 20 second(s)

01-04-2025T11:08:54 - [MESSAGE][PASSED] - Delayed 20 second(s)

01-04-2025T11:08:54 - [TEST_STEP][PASSED] - verifyElementExist(findTestObject("Object Repository/Repo/android.view.View - My Stay"), 0): Element 'Object Repository/Repo/android.view.View - My Stay' is exist

01-04-2025T11:08:54 - [MESSAGE][WARNING] - Timeout '0' is invalid. Using default page load timeout: '30'

01-04-2025T11:08:54 - [MESSAGE][PASSED] - Element 'Object Repository/Repo/android.view.View - My Stay' is exist

01-04-2025T11:08:54 - [TEST_STEP][PASSED] - delay(5): Delayed 5 second(s)

01-04-2025T11:08:59 - [MESSAGE][PASSED] - Delayed 5 second(s)

01-04-2025T11:08:59 - [TEST_STEP][PASSED] - verifyElementExist(findTestObject("Object Repository/Repo/android.view.View - My Account"), 0): Element 'Object Repository/Repo/android.view.View - My Account' is exist

01-04-2025T11:08:59 - [MESSAGE][WARNING] - Timeout '0' is invalid. Using default page load timeout: '30'

01-04-2025T11:08:59 - [MESSAGE][PASSED] - Element 'Object Repository/Repo/android.view.View - My Account' is exist

01-04-2025T11:08:59 - [TEST_STEP][PASSED] - delay(5): Delayed 5 second(s)

01-04-2025T11:09:04 - [MESSAGE][PASSED] - Delayed 5 second(s)

01-04-2025T11:09:04 - [TEST_STEP][PASSED] - verifyElementExist(findTestObject("Object Repository/Repo/android.view.View - Home"), 0): Element 'Object Repository/Repo/android.view.View - Home' is exist

01-04-2025T11:09:04 - [MESSAGE][WARNING] - Timeout '0' is invalid. Using default page load timeout: '30'

01-04-2025T11:09:04 - [MESSAGE][PASSED] - Element 'Object Repository/Repo/android.view.View - Home' is exist

01-04-2025T11:09:04 - [TEST_STEP][PASSED] - delay(5): Delayed 5 second(s)

01-04-2025T11:09:09 - [MESSAGE][PASSED] - Delayed 5 second(s)

01-04-2025T11:09:09 - [TEST_STEP][PASSED] - myStayText = getText(findTestObject("Object Repository/Repo/android.view.View - My Stay"), 0): Text of element 'Object Repository/Repo/android.view.View - My Stay' is: 'My Stay'

01-04-2025T11:09:09 - [MESSAGE][WARNING] - Timeout '0' is invalid. Using default page load timeout: '30'

01-04-2025T11:09:09 - [MESSAGE][PASSED] - Text of element 'Object Repository/Repo/android.view.View - My Stay' is: 'My Stay'

01-04-2025T11:09:09 - [TEST_STEP][PASSED] - assert myStayText == "My Stay": null

01-04-2025T11:09:09 - [TEST_STEP][PASSED] - myAccountText = getText(findTestObject("Object Repository/Repo/android.view.View - My Account"), 0): Text of element 'Object Repository/Repo/android.view.View - My Account' is: 'My Account'

01-04-2025T11:09:09 - [MESSAGE][WARNING] - Timeout '0' is invalid. Using default page load timeout: '30'

01-04-2025T11:09:09 - [MESSAGE][PASSED] - Text of element 'Object Repository/Repo/android.view.View - My Account' is: 'My Account'

01-04-2025T11:09:09 - [TEST_STEP][PASSED] - assert myAccountText == "My Account": null

01-04-2025T11:09:09 - [TEST_STEP][PASSED] - homeText = getText(findTestObject("Object Repository/Repo/android.view.View - Home"), 0): Text of element 'Object Repository/Repo/android.view.View - Home' is: 'Home'

01-04-2025T11:09:09 - [MESSAGE][WARNING] - Timeout '0' is invalid. Using default page load timeout: '30'

01-04-2025T11:09:09 - [MESSAGE][PASSED] - Text of element 'Object Repository/Repo/android.view.View - Home' is: 'Home'

01-04-2025T11:09:09 - [TEST_STEP][PASSED] - assert homeText == "Home": null

01-04-2025T11:09:09 - [TEST_STEP][PASSED] - tap(findTestObject("Object Repository/Repo/android.view.View - Home"), 0): Tapped on element 'Object Repository/Repo/android.view.View - Home'

01-04-2025T11:09:09 - [MESSAGE][WARNING] - Timeout '0' is invalid. Using default page load timeout: '30'

01-04-2025T11:09:10 - [MESSAGE][PASSED] - Tapped on element 'Object Repository/Repo/android.view.View - Home'

01-04-2025T11:09:10 - [TEST_STEP][PASSED] - delay(10): Delayed 10 second(s)

01-04-2025T11:09:20 - [MESSAGE][PASSED] - Delayed 10 second(s)

01-04-2025T11:09:20 - [TEST_STEP][PASSED] - tap(findTestObject("Object Repository/Repo/android.widget.Button - menu"), 0): Tapped on element 'Object Repository/Repo/android.widget.Button - menu'

01-04-2025T11:09:20 - [MESSAGE][WARNING] - Timeout '0' is invalid. Using default page load timeout: '30'

01-04-2025T11:09:20 - [MESSAGE][PASSED] - Tapped on element 'Object Repository/Repo/android.widget.Button - menu'

01-04-2025T11:09:20 - [TEST_STEP][PASSED] - delay(10): Delayed 10 second(s)

01-04-2025T11:09:30 - [MESSAGE][PASSED] - Delayed 10 second(s)

01-04-2025T11:09:30 - [TEST_STEP][PASSED] - tap(findTestObject("Object Repository/Repo/android.widget.TabWidget-Settings"), 0): Tapped on element 'Object Repository/Repo/android.widget.TabWidget-Settings'

01-04-2025T11:09:30 - [MESSAGE][WARNING] - Timeout '0' is invalid. Using default page load timeout: '30'

01-04-2025T11:09:30 - [MESSAGE][PASSED] - Tapped on element 'Object Repository/Repo/android.widget.TabWidget-Settings'

01-04-2025T11:09:30 - [TEST_STEP][PASSED] - delay(10): Delayed 10 second(s)

01-04-2025T11:09:40 - [MESSAGE][PASSED] - Delayed 10 second(s)

01-04-2025T11:09:40 - [TEST_STEP][PASSED] - actualVersion = getText(findTestObject("Object Repository/Repo/android.widget.Button - Version 2.81.111"), 0): Text of element 'Object Repository/Repo/android.widget.Button - Version 2.81.111' is: 'Version 2.81.111'

01-04-2025T11:09:40 - [MESSAGE][WARNING] - Timeout '0' is invalid. Using default page load timeout: '30'

01-04-2025T11:09:40 - [MESSAGE][PASSED] - Text of element 'Object Repository/Repo/android.widget.Button - Version 2.81.111' is: 'Version 2.81.111'

01-04-2025T11:09:40 - [TEST_STEP][PASSED] - if (actualVersion == expectedVersion): null

01-04-2025T11:09:40 - [TEST_STEP][PASSED] - println(Version verification passed. Expected: $expectedVersion, Actual: $actualVersion): null

01-04-2025T11:09:40 - [TEST_STEP][PASSED] - verifyElementExist(findTestObject("Object Repository/Repo/android.widget.Button - Version 2.81.111"), 0): Element 'Object Repository/Repo/android.widget.Button - Version 2.81.111' is exist

01-04-2025T11:09:40 - [MESSAGE][WARNING] - Timeout '0' is invalid. Using default page load timeout: '30'

01-04-2025T11:09:40 - [MESSAGE][PASSED] - Element 'Object Repository/Repo/android.widget.Button - Version 2.81.111' is exist

01-04-2025T11:09:40 - [TEST_STEP][PASSED] - closeApplication(): Close app successfully

01-04-2025T11:09:41 - [MESSAGE][PASSED] - Close app successfully

01-04-2025T11:09:41 - [TEST_STEP][PASSED] - closeBrowser(): Browser is closed

01-04-2025T11:09:41 - [MESSAGE][PASSED] - Browser is closed]]></system-out>
         <system-err><![CDATA[]]></system-err>
      </testcase>
      <system-out><![CDATA[01-04-2025T10:36:30 - [TEST_SUITE][FAILED] - WRMA Android Regression: Test Cases/Login Owner OR Renter/C735-C736-C739_LoginOwnerOrRenter FAILED.
Reason:
com.kms.katalon.core.exception.StepFailedException: Failed to wait for element present (Root cause: com.kms.katalon.core.exception.StepFailedException: Failed to wait for element present
	at com.kms.katalon.core.mobile.keyword.internal.MobileKeywordMain.stepFailed(MobileKeywordMain.groovy:64)
	at com.kms.katalon.core.mobile.keyword.internal.MobileKeywordMain.runKeyword(MobileKeywordMain.groovy:34)
	at com.kms.katalon.core.mobile.keyword.builtin.WaitForElementPresentKeyword.waitForElementPresent(WaitForElementPresentKeyword.groovy:77)
	at com.kms.katalon.core.mobile.keyword.builtin.WaitForElementPresentKeyword.execute(WaitForElementPresentKeyword.groovy:61)
	at com.kms.katalon.core.keyword.internal.KeywordExecutor.executeKeywordForPlatform(KeywordExecutor.groovy:74)
	at com.kms.katalon.core.mobile.keyword.MobileBuiltInKeywords.waitForElementPresent(MobileBuiltInKeywords.groovy:1644)
	at C735-C736-C739_LoginOwnerOrRenter.run(C735-C736-C739_LoginOwnerOrRenter:168)
	at com.kms.katalon.core.main.ScriptEngine.run(ScriptEngine.java:194)
	at com.kms.katalon.core.main.ScriptEngine.runScriptAsRawText(ScriptEngine.java:119)
	at com.kms.katalon.core.main.TestCaseExecutor.runScript(TestCaseExecutor.java:448)
	at com.kms.katalon.core.main.TestCaseExecutor.doExecute(TestCaseExecutor.java:439)
	at com.kms.katalon.core.main.TestCaseExecutor.processExecutionPhase(TestCaseExecutor.java:418)
	at com.kms.katalon.core.main.TestCaseExecutor.accessMainPhase(TestCaseExecutor.java:410)
	at com.kms.katalon.core.main.TestCaseExecutor.execute(TestCaseExecutor.java:285)
	at com.kms.katalon.core.common.CommonExecutor.accessTestCaseMainPhase(CommonExecutor.java:71)
	at com.kms.katalon.core.main.TestSuiteExecutor.accessTestSuiteMainPhase(TestSuiteExecutor.java:160)
	at com.kms.katalon.core.main.TestSuiteExecutor.execute(TestSuiteExecutor.java:107)
	at com.kms.katalon.core.main.TestCaseMain.startTestSuite(TestCaseMain.java:180)
	at TempTestSuite1743483985449.run(TempTestSuite1743483985449.groovy:35)
	at java.base/jdk.internal.reflect.NativeMethodAccessorImpl.invoke0(Native Method)
	at java.base/jdk.internal.reflect.NativeMethodAccessorImpl.invoke(NativeMethodAccessorImpl.java:77)
	at java.base/jdk.internal.reflect.DelegatingMethodAccessorImpl.invoke(DelegatingMethodAccessorImpl.java:43)
Caused by: org.openqa.selenium.WebDriverException: An unknown server-side error occurred while processing the command. Original error: 'GET /window/current/size' cannot be proxied to UiAutomator2 server because the instrumentation process is not running (probably crashed). Check the server log and/or the logcat output for more details
Build info: version: '4.22.0', revision: 'c5f3146703'
System info: os.name: 'Mac OS X', os.arch: 'aarch64', os.version: '15.3.2', java.version: '17.0.14'
Driver info: io.appium.java_client.android.AndroidDriver
Command: [1967dc44-ffdb-444b-824a-cf2b52330b2e, getCurrentWindowSize {}]
Capabilities {appium:app: /Users/gv.vignesh/Downloads..., appium:appActivity: com.westgate.rewrite2.MainA..., appium:appPackage: com.westgate.rewrite2, appium:autoGrantPermissions: true, appium:automationName: uiautomator2, appium:databaseEnabled: false, appium:desired: {app: /Users/gv.vignesh/Downloads..., autoGrantPermissions: true, automationName: uiautomator2, deviceId: , deviceName: emulator-5554 (sdk_gphone64..., fullReset: true, newCommandTimeout: 1800, noReset: false, platformName: ANDROID, platformVersion: 16, systemPort: 53160, udid: emulator-5554}, appium:deviceApiLevel: 36, appium:deviceId: , appium:deviceManufacturer: Google, appium:deviceModel: sdk_gphone64_arm64, appium:deviceName: emulator-5554, appium:deviceScreenDensity: 420, appium:deviceScreenSize: 1080x2400, appium:deviceUDID: emulator-5554, appium:fullReset: true, appium:javascriptEnabled: true, appium:locationContextEnabled: false, appium:networkConnectionEnabled: true, appium:newCommandTimeout: 1800, appium:noReset: false, appium:pixelRatio: 2.625, appium:platformVersion: 16, appium:statBarHeight: 63, appium:systemPort: 53160, appium:takesScreenshot: true, appium:udid: emulator-5554, appium:viewportRect: {height: 2337, left: 0, top: 63, width: 1080}, appium:warnings: {}, appium:webStorageEnabled: false, platformName: ANDROID}
Session ID: 1967dc44-ffdb-444b-824a-cf2b52330b2e
	at java.base/jdk.internal.reflect.NativeConstructorAccessorImpl.newInstance0(Native Method)
	at java.base/jdk.internal.reflect.NativeConstructorAccessorImpl.newInstance(NativeConstructorAccessorImpl.java:77)
	at java.base/jdk.internal.reflect.DelegatingConstructorAccessorImpl.newInstance(DelegatingConstructorAccessorImpl.java:45)
	at org.openqa.selenium.remote.ErrorCodec.decode(ErrorCodec.java:167)
	at org.openqa.selenium.remote.codec.w3c.W3CHttpResponseCodec.decode(W3CHttpResponseCodec.java:138)
	at org.openqa.selenium.remote.codec.w3c.W3CHttpResponseCodec.decode(W3CHttpResponseCodec.java:50)
	at org.openqa.selenium.remote.HttpCommandExecutor.execute(HttpCommandExecutor.java:190)
	at io.appium.java_client.remote.AppiumCommandExecutor.execute(AppiumCommandExecutor.java:237)
	at org.openqa.selenium.remote.RemoteWebDriver.execute(RemoteWebDriver.java:518)
	at org.openqa.selenium.remote.RemoteWebDriver.execute(RemoteWebDriver.java:591)
	at io.appium.java_client.AppiumDriver.execute(AppiumDriver.java:310)
	at org.openqa.selenium.remote.RemoteWebDriver$RemoteWebDriverOptions$RemoteWindow.getSize(RemoteWebDriver.java:1000)
	at org.openqa.selenium.WebDriver$Window$getSize.call(Unknown Source)
	at com.kms.katalon.core.mobile.keyword.internal.MobileAbstractKeyword.findElement(MobileAbstractKeyword.groovy:81)
	at jdk.internal.reflect.GeneratedMethodAccessor5.invoke(Unknown Source)
	at java.base/jdk.internal.reflect.DelegatingMethodAccessorImpl.invoke(DelegatingMethodAccessorImpl.java:43)
	at com.kms.katalon.core.mobile.keyword.builtin.WaitForElementPresentKeyword$_waitForElementPresent_closure1.doCall(WaitForElementPresentKeyword.groovy:69)
	at com.kms.katalon.core.mobile.keyword.builtin.WaitForElementPresentKeyword$_waitForElementPresent_closure1.call(WaitForElementPresentKeyword.groovy)
	at com.kms.katalon.core.mobile.keyword.internal.MobileKeywordMain.runKeyword(MobileKeywordMain.groovy:30)
	at com.kms.katalon.core.mobile.keyword.builtin.WaitForElementPresentKeyword.waitForElementPresent(WaitForElementPresentKeyword.groovy:77)
	at com.kms.katalon.core.mobile.keyword.builtin.WaitForElementPresentKeyword.execute(WaitForElementPresentKeyword.groovy:61)
	at com.kms.katalon.core.keyword.internal.KeywordExecutor.executeKeywordForPlatform(KeywordExecutor.groovy:74)
	at com.kms.katalon.core.mobile.keyword.MobileBuiltInKeywords.waitForElementPresent(MobileBuiltInKeywords.groovy:1644)
	at Script1743423830314.run(Script1743423830314.groovy:168)
	... 15 more
)
	at com.kms.katalon.core.keyword.internal.KeywordMain.stepFailed(KeywordMain.groovy:39)
	at com.kms.katalon.core.mobile.keyword.internal.MobileKeywordMain.stepFailed(MobileKeywordMain.groovy:64)
	at com.kms.katalon.core.mobile.keyword.internal.MobileKeywordMain.runKeyword(MobileKeywordMain.groovy:34)
	at com.kms.katalon.core.mobile.keyword.builtin.WaitForElementPresentKeyword.waitForElementPresent(WaitForElementPresentKeyword.groovy:77)
	at com.kms.katalon.core.mobile.keyword.builtin.WaitForElementPresentKeyword.execute(WaitForElementPresentKeyword.groovy:61)
	at com.kms.katalon.core.keyword.internal.KeywordExecutor.executeKeywordForPlatform(KeywordExecutor.groovy:74)
	at com.kms.katalon.core.mobile.keyword.MobileBuiltInKeywords.waitForElementPresent(MobileBuiltInKeywords.groovy:1644)
	at C735-C736-C739_LoginOwnerOrRenter.run(C735-C736-C739_LoginOwnerOrRenter:168)
	at com.kms.katalon.core.main.ScriptEngine.run(ScriptEngine.java:194)
	at com.kms.katalon.core.main.ScriptEngine.runScriptAsRawText(ScriptEngine.java:119)
	at com.kms.katalon.core.main.TestCaseExecutor.runScript(TestCaseExecutor.java:448)
	at com.kms.katalon.core.main.TestCaseExecutor.doExecute(TestCaseExecutor.java:439)
	at com.kms.katalon.core.main.TestCaseExecutor.processExecutionPhase(TestCaseExecutor.java:418)
	at com.kms.katalon.core.main.TestCaseExecutor.accessMainPhase(TestCaseExecutor.java:410)
	at com.kms.katalon.core.main.TestCaseExecutor.execute(TestCaseExecutor.java:285)
	at com.kms.katalon.core.common.CommonExecutor.accessTestCaseMainPhase(CommonExecutor.java:71)
	at com.kms.katalon.core.main.TestSuiteExecutor.accessTestSuiteMainPhase(TestSuiteExecutor.java:160)
	at com.kms.katalon.core.main.TestSuiteExecutor.execute(TestSuiteExecutor.java:107)
	at com.kms.katalon.core.main.TestCaseMain.startTestSuite(TestCaseMain.java:180)
	at TempTestSuite1743483985449.run(TempTestSuite1743483985449.groovy:35)
	at java.base/jdk.internal.reflect.NativeMethodAccessorImpl.invoke0(Native Method)
	at java.base/jdk.internal.reflect.NativeMethodAccessorImpl.invoke(NativeMethodAccessorImpl.java:77)
	at java.base/jdk.internal.reflect.DelegatingMethodAccessorImpl.invoke(DelegatingMethodAccessorImpl.java:43)
Caused by: com.kms.katalon.core.exception.StepFailedException: Failed to wait for element present
	... 22 more
Caused by: org.openqa.selenium.WebDriverException: An unknown server-side error occurred while processing the command. Original error: 'GET /window/current/size' cannot be proxied to UiAutomator2 server because the instrumentation process is not running (probably crashed). Check the server log and/or the logcat output for more details
Build info: version: '4.22.0', revision: 'c5f3146703'
System info: os.name: 'Mac OS X', os.arch: 'aarch64', os.version: '15.3.2', java.version: '17.0.14'
Driver info: io.appium.java_client.android.AndroidDriver
Command: [1967dc44-ffdb-444b-824a-cf2b52330b2e, getCurrentWindowSize {}]
Capabilities {appium:app: /Users/gv.vignesh/Downloads..., appium:appActivity: com.westgate.rewrite2.MainA..., appium:appPackage: com.westgate.rewrite2, appium:autoGrantPermissions: true, appium:automationName: uiautomator2, appium:databaseEnabled: false, appium:desired: {app: /Users/gv.vignesh/Downloads..., autoGrantPermissions: true, automationName: uiautomator2, deviceId: , deviceName: emulator-5554 (sdk_gphone64..., fullReset: true, newCommandTimeout: 1800, noReset: false, platformName: ANDROID, platformVersion: 16, systemPort: 53160, udid: emulator-5554}, appium:deviceApiLevel: 36, appium:deviceId: , appium:deviceManufacturer: Google, appium:deviceModel: sdk_gphone64_arm64, appium:deviceName: emulator-5554, appium:deviceScreenDensity: 420, appium:deviceScreenSize: 1080x2400, appium:deviceUDID: emulator-5554, appium:fullReset: true, appium:javascriptEnabled: true, appium:locationContextEnabled: false, appium:networkConnectionEnabled: true, appium:newCommandTimeout: 1800, appium:noReset: false, appium:pixelRatio: 2.625, appium:platformVersion: 16, appium:statBarHeight: 63, appium:systemPort: 53160, appium:takesScreenshot: true, appium:udid: emulator-5554, appium:viewportRect: {height: 2337, left: 0, top: 63, width: 1080}, appium:warnings: {}, appium:webStorageEnabled: false, platformName: ANDROID}
Session ID: 1967dc44-ffdb-444b-824a-cf2b52330b2e
	at java.base/jdk.internal.reflect.NativeConstructorAccessorImpl.newInstance0(Native Method)
	at java.base/jdk.internal.reflect.NativeConstructorAccessorImpl.newInstance(NativeConstructorAccessorImpl.java:77)
	at java.base/jdk.internal.reflect.DelegatingConstructorAccessorImpl.newInstance(DelegatingConstructorAccessorImpl.java:45)
	at org.openqa.selenium.remote.ErrorCodec.decode(ErrorCodec.java:167)
	at org.openqa.selenium.remote.codec.w3c.W3CHttpResponseCodec.decode(W3CHttpResponseCodec.java:138)
	at org.openqa.selenium.remote.codec.w3c.W3CHttpResponseCodec.decode(W3CHttpResponseCodec.java:50)
	at org.openqa.selenium.remote.HttpCommandExecutor.execute(HttpCommandExecutor.java:190)
	at io.appium.java_client.remote.AppiumCommandExecutor.execute(AppiumCommandExecutor.java:237)
	at org.openqa.selenium.remote.RemoteWebDriver.execute(RemoteWebDriver.java:518)
	at org.openqa.selenium.remote.RemoteWebDriver.execute(RemoteWebDriver.java:591)
	at io.appium.java_client.AppiumDriver.execute(AppiumDriver.java:310)
	at org.openqa.selenium.remote.RemoteWebDriver$RemoteWebDriverOptions$RemoteWindow.getSize(RemoteWebDriver.java:1000)
	at org.openqa.selenium.WebDriver$Window$getSize.call(Unknown Source)
	at com.kms.katalon.core.mobile.keyword.internal.MobileAbstractKeyword.findElement(MobileAbstractKeyword.groovy:81)
	at jdk.internal.reflect.GeneratedMethodAccessor5.invoke(Unknown Source)
	at java.base/jdk.internal.reflect.DelegatingMethodAccessorImpl.invoke(DelegatingMethodAccessorImpl.java:43)
	at com.kms.katalon.core.mobile.keyword.builtin.WaitForElementPresentKeyword$_waitForElementPresent_closure1.doCall(WaitForElementPresentKeyword.groovy:69)
	at com.kms.katalon.core.mobile.keyword.builtin.WaitForElementPresentKeyword$_waitForElementPresent_closure1.call(WaitForElementPresentKeyword.groovy)
	at com.kms.katalon.core.mobile.keyword.internal.MobileKeywordMain.runKeyword(MobileKeywordMain.groovy:30)
	... 20 more]]></system-out>
      <system-err><![CDATA[01-04-2025T10:36:30 - [TEST_SUITE][FAILED] - WRMA Android Regression: Test Cases/Login Owner OR Renter/C735-C736-C739_LoginOwnerOrRenter FAILED.
Reason:
com.kms.katalon.core.exception.StepFailedException: Failed to wait for element present (Root cause: com.kms.katalon.core.exception.StepFailedException: Failed to wait for element present
	at com.kms.katalon.core.mobile.keyword.internal.MobileKeywordMain.stepFailed(MobileKeywordMain.groovy:64)
	at com.kms.katalon.core.mobile.keyword.internal.MobileKeywordMain.runKeyword(MobileKeywordMain.groovy:34)
	at com.kms.katalon.core.mobile.keyword.builtin.WaitForElementPresentKeyword.waitForElementPresent(WaitForElementPresentKeyword.groovy:77)
	at com.kms.katalon.core.mobile.keyword.builtin.WaitForElementPresentKeyword.execute(WaitForElementPresentKeyword.groovy:61)
	at com.kms.katalon.core.keyword.internal.KeywordExecutor.executeKeywordForPlatform(KeywordExecutor.groovy:74)
	at com.kms.katalon.core.mobile.keyword.MobileBuiltInKeywords.waitForElementPresent(MobileBuiltInKeywords.groovy:1644)
	at C735-C736-C739_LoginOwnerOrRenter.run(C735-C736-C739_LoginOwnerOrRenter:168)
	at com.kms.katalon.core.main.ScriptEngine.run(ScriptEngine.java:194)
	at com.kms.katalon.core.main.ScriptEngine.runScriptAsRawText(ScriptEngine.java:119)
	at com.kms.katalon.core.main.TestCaseExecutor.runScript(TestCaseExecutor.java:448)
	at com.kms.katalon.core.main.TestCaseExecutor.doExecute(TestCaseExecutor.java:439)
	at com.kms.katalon.core.main.TestCaseExecutor.processExecutionPhase(TestCaseExecutor.java:418)
	at com.kms.katalon.core.main.TestCaseExecutor.accessMainPhase(TestCaseExecutor.java:410)
	at com.kms.katalon.core.main.TestCaseExecutor.execute(TestCaseExecutor.java:285)
	at com.kms.katalon.core.common.CommonExecutor.accessTestCaseMainPhase(CommonExecutor.java:71)
	at com.kms.katalon.core.main.TestSuiteExecutor.accessTestSuiteMainPhase(TestSuiteExecutor.java:160)
	at com.kms.katalon.core.main.TestSuiteExecutor.execute(TestSuiteExecutor.java:107)
	at com.kms.katalon.core.main.TestCaseMain.startTestSuite(TestCaseMain.java:180)
	at TempTestSuite1743483985449.run(TempTestSuite1743483985449.groovy:35)
	at java.base/jdk.internal.reflect.NativeMethodAccessorImpl.invoke0(Native Method)
	at java.base/jdk.internal.reflect.NativeMethodAccessorImpl.invoke(NativeMethodAccessorImpl.java:77)
	at java.base/jdk.internal.reflect.DelegatingMethodAccessorImpl.invoke(DelegatingMethodAccessorImpl.java:43)
Caused by: org.openqa.selenium.WebDriverException: An unknown server-side error occurred while processing the command. Original error: 'GET /window/current/size' cannot be proxied to UiAutomator2 server because the instrumentation process is not running (probably crashed). Check the server log and/or the logcat output for more details
Build info: version: '4.22.0', revision: 'c5f3146703'
System info: os.name: 'Mac OS X', os.arch: 'aarch64', os.version: '15.3.2', java.version: '17.0.14'
Driver info: io.appium.java_client.android.AndroidDriver
Command: [1967dc44-ffdb-444b-824a-cf2b52330b2e, getCurrentWindowSize {}]
Capabilities {appium:app: /Users/gv.vignesh/Downloads..., appium:appActivity: com.westgate.rewrite2.MainA..., appium:appPackage: com.westgate.rewrite2, appium:autoGrantPermissions: true, appium:automationName: uiautomator2, appium:databaseEnabled: false, appium:desired: {app: /Users/gv.vignesh/Downloads..., autoGrantPermissions: true, automationName: uiautomator2, deviceId: , deviceName: emulator-5554 (sdk_gphone64..., fullReset: true, newCommandTimeout: 1800, noReset: false, platformName: ANDROID, platformVersion: 16, systemPort: 53160, udid: emulator-5554}, appium:deviceApiLevel: 36, appium:deviceId: , appium:deviceManufacturer: Google, appium:deviceModel: sdk_gphone64_arm64, appium:deviceName: emulator-5554, appium:deviceScreenDensity: 420, appium:deviceScreenSize: 1080x2400, appium:deviceUDID: emulator-5554, appium:fullReset: true, appium:javascriptEnabled: true, appium:locationContextEnabled: false, appium:networkConnectionEnabled: true, appium:newCommandTimeout: 1800, appium:noReset: false, appium:pixelRatio: 2.625, appium:platformVersion: 16, appium:statBarHeight: 63, appium:systemPort: 53160, appium:takesScreenshot: true, appium:udid: emulator-5554, appium:viewportRect: {height: 2337, left: 0, top: 63, width: 1080}, appium:warnings: {}, appium:webStorageEnabled: false, platformName: ANDROID}
Session ID: 1967dc44-ffdb-444b-824a-cf2b52330b2e
	at java.base/jdk.internal.reflect.NativeConstructorAccessorImpl.newInstance0(Native Method)
	at java.base/jdk.internal.reflect.NativeConstructorAccessorImpl.newInstance(NativeConstructorAccessorImpl.java:77)
	at java.base/jdk.internal.reflect.DelegatingConstructorAccessorImpl.newInstance(DelegatingConstructorAccessorImpl.java:45)
	at org.openqa.selenium.remote.ErrorCodec.decode(ErrorCodec.java:167)
	at org.openqa.selenium.remote.codec.w3c.W3CHttpResponseCodec.decode(W3CHttpResponseCodec.java:138)
	at org.openqa.selenium.remote.codec.w3c.W3CHttpResponseCodec.decode(W3CHttpResponseCodec.java:50)
	at org.openqa.selenium.remote.HttpCommandExecutor.execute(HttpCommandExecutor.java:190)
	at io.appium.java_client.remote.AppiumCommandExecutor.execute(AppiumCommandExecutor.java:237)
	at org.openqa.selenium.remote.RemoteWebDriver.execute(RemoteWebDriver.java:518)
	at org.openqa.selenium.remote.RemoteWebDriver.execute(RemoteWebDriver.java:591)
	at io.appium.java_client.AppiumDriver.execute(AppiumDriver.java:310)
	at org.openqa.selenium.remote.RemoteWebDriver$RemoteWebDriverOptions$RemoteWindow.getSize(RemoteWebDriver.java:1000)
	at org.openqa.selenium.WebDriver$Window$getSize.call(Unknown Source)
	at com.kms.katalon.core.mobile.keyword.internal.MobileAbstractKeyword.findElement(MobileAbstractKeyword.groovy:81)
	at jdk.internal.reflect.GeneratedMethodAccessor5.invoke(Unknown Source)
	at java.base/jdk.internal.reflect.DelegatingMethodAccessorImpl.invoke(DelegatingMethodAccessorImpl.java:43)
	at com.kms.katalon.core.mobile.keyword.builtin.WaitForElementPresentKeyword$_waitForElementPresent_closure1.doCall(WaitForElementPresentKeyword.groovy:69)
	at com.kms.katalon.core.mobile.keyword.builtin.WaitForElementPresentKeyword$_waitForElementPresent_closure1.call(WaitForElementPresentKeyword.groovy)
	at com.kms.katalon.core.mobile.keyword.internal.MobileKeywordMain.runKeyword(MobileKeywordMain.groovy:30)
	at com.kms.katalon.core.mobile.keyword.builtin.WaitForElementPresentKeyword.waitForElementPresent(WaitForElementPresentKeyword.groovy:77)
	at com.kms.katalon.core.mobile.keyword.builtin.WaitForElementPresentKeyword.execute(WaitForElementPresentKeyword.groovy:61)
	at com.kms.katalon.core.keyword.internal.KeywordExecutor.executeKeywordForPlatform(KeywordExecutor.groovy:74)
	at com.kms.katalon.core.mobile.keyword.MobileBuiltInKeywords.waitForElementPresent(MobileBuiltInKeywords.groovy:1644)
	at Script1743423830314.run(Script1743423830314.groovy:168)
	... 15 more
)
	at com.kms.katalon.core.keyword.internal.KeywordMain.stepFailed(KeywordMain.groovy:39)
	at com.kms.katalon.core.mobile.keyword.internal.MobileKeywordMain.stepFailed(MobileKeywordMain.groovy:64)
	at com.kms.katalon.core.mobile.keyword.internal.MobileKeywordMain.runKeyword(MobileKeywordMain.groovy:34)
	at com.kms.katalon.core.mobile.keyword.builtin.WaitForElementPresentKeyword.waitForElementPresent(WaitForElementPresentKeyword.groovy:77)
	at com.kms.katalon.core.mobile.keyword.builtin.WaitForElementPresentKeyword.execute(WaitForElementPresentKeyword.groovy:61)
	at com.kms.katalon.core.keyword.internal.KeywordExecutor.executeKeywordForPlatform(KeywordExecutor.groovy:74)
	at com.kms.katalon.core.mobile.keyword.MobileBuiltInKeywords.waitForElementPresent(MobileBuiltInKeywords.groovy:1644)
	at C735-C736-C739_LoginOwnerOrRenter.run(C735-C736-C739_LoginOwnerOrRenter:168)
	at com.kms.katalon.core.main.ScriptEngine.run(ScriptEngine.java:194)
	at com.kms.katalon.core.main.ScriptEngine.runScriptAsRawText(ScriptEngine.java:119)
	at com.kms.katalon.core.main.TestCaseExecutor.runScript(TestCaseExecutor.java:448)
	at com.kms.katalon.core.main.TestCaseExecutor.doExecute(TestCaseExecutor.java:439)
	at com.kms.katalon.core.main.TestCaseExecutor.processExecutionPhase(TestCaseExecutor.java:418)
	at com.kms.katalon.core.main.TestCaseExecutor.accessMainPhase(TestCaseExecutor.java:410)
	at com.kms.katalon.core.main.TestCaseExecutor.execute(TestCaseExecutor.java:285)
	at com.kms.katalon.core.common.CommonExecutor.accessTestCaseMainPhase(CommonExecutor.java:71)
	at com.kms.katalon.core.main.TestSuiteExecutor.accessTestSuiteMainPhase(TestSuiteExecutor.java:160)
	at com.kms.katalon.core.main.TestSuiteExecutor.execute(TestSuiteExecutor.java:107)
	at com.kms.katalon.core.main.TestCaseMain.startTestSuite(TestCaseMain.java:180)
	at TempTestSuite1743483985449.run(TempTestSuite1743483985449.groovy:35)
	at java.base/jdk.internal.reflect.NativeMethodAccessorImpl.invoke0(Native Method)
	at java.base/jdk.internal.reflect.NativeMethodAccessorImpl.invoke(NativeMethodAccessorImpl.java:77)
	at java.base/jdk.internal.reflect.DelegatingMethodAccessorImpl.invoke(DelegatingMethodAccessorImpl.java:43)
Caused by: com.kms.katalon.core.exception.StepFailedException: Failed to wait for element present
	... 22 more
Caused by: org.openqa.selenium.WebDriverException: An unknown server-side error occurred while processing the command. Original error: 'GET /window/current/size' cannot be proxied to UiAutomator2 server because the instrumentation process is not running (probably crashed). Check the server log and/or the logcat output for more details
Build info: version: '4.22.0', revision: 'c5f3146703'
System info: os.name: 'Mac OS X', os.arch: 'aarch64', os.version: '15.3.2', java.version: '17.0.14'
Driver info: io.appium.java_client.android.AndroidDriver
Command: [1967dc44-ffdb-444b-824a-cf2b52330b2e, getCurrentWindowSize {}]
Capabilities {appium:app: /Users/gv.vignesh/Downloads..., appium:appActivity: com.westgate.rewrite2.MainA..., appium:appPackage: com.westgate.rewrite2, appium:autoGrantPermissions: true, appium:automationName: uiautomator2, appium:databaseEnabled: false, appium:desired: {app: /Users/gv.vignesh/Downloads..., autoGrantPermissions: true, automationName: uiautomator2, deviceId: , deviceName: emulator-5554 (sdk_gphone64..., fullReset: true, newCommandTimeout: 1800, noReset: false, platformName: ANDROID, platformVersion: 16, systemPort: 53160, udid: emulator-5554}, appium:deviceApiLevel: 36, appium:deviceId: , appium:deviceManufacturer: Google, appium:deviceModel: sdk_gphone64_arm64, appium:deviceName: emulator-5554, appium:deviceScreenDensity: 420, appium:deviceScreenSize: 1080x2400, appium:deviceUDID: emulator-5554, appium:fullReset: true, appium:javascriptEnabled: true, appium:locationContextEnabled: false, appium:networkConnectionEnabled: true, appium:newCommandTimeout: 1800, appium:noReset: false, appium:pixelRatio: 2.625, appium:platformVersion: 16, appium:statBarHeight: 63, appium:systemPort: 53160, appium:takesScreenshot: true, appium:udid: emulator-5554, appium:viewportRect: {height: 2337, left: 0, top: 63, width: 1080}, appium:warnings: {}, appium:webStorageEnabled: false, platformName: ANDROID}
Session ID: 1967dc44-ffdb-444b-824a-cf2b52330b2e
	at java.base/jdk.internal.reflect.NativeConstructorAccessorImpl.newInstance0(Native Method)
	at java.base/jdk.internal.reflect.NativeConstructorAccessorImpl.newInstance(NativeConstructorAccessorImpl.java:77)
	at java.base/jdk.internal.reflect.DelegatingConstructorAccessorImpl.newInstance(DelegatingConstructorAccessorImpl.java:45)
	at org.openqa.selenium.remote.ErrorCodec.decode(ErrorCodec.java:167)
	at org.openqa.selenium.remote.codec.w3c.W3CHttpResponseCodec.decode(W3CHttpResponseCodec.java:138)
	at org.openqa.selenium.remote.codec.w3c.W3CHttpResponseCodec.decode(W3CHttpResponseCodec.java:50)
	at org.openqa.selenium.remote.HttpCommandExecutor.execute(HttpCommandExecutor.java:190)
	at io.appium.java_client.remote.AppiumCommandExecutor.execute(AppiumCommandExecutor.java:237)
	at org.openqa.selenium.remote.RemoteWebDriver.execute(RemoteWebDriver.java:518)
	at org.openqa.selenium.remote.RemoteWebDriver.execute(RemoteWebDriver.java:591)
	at io.appium.java_client.AppiumDriver.execute(AppiumDriver.java:310)
	at org.openqa.selenium.remote.RemoteWebDriver$RemoteWebDriverOptions$RemoteWindow.getSize(RemoteWebDriver.java:1000)
	at org.openqa.selenium.WebDriver$Window$getSize.call(Unknown Source)
	at com.kms.katalon.core.mobile.keyword.internal.MobileAbstractKeyword.findElement(MobileAbstractKeyword.groovy:81)
	at jdk.internal.reflect.GeneratedMethodAccessor5.invoke(Unknown Source)
	at java.base/jdk.internal.reflect.DelegatingMethodAccessorImpl.invoke(DelegatingMethodAccessorImpl.java:43)
	at com.kms.katalon.core.mobile.keyword.builtin.WaitForElementPresentKeyword$_waitForElementPresent_closure1.doCall(WaitForElementPresentKeyword.groovy:69)
	at com.kms.katalon.core.mobile.keyword.builtin.WaitForElementPresentKeyword$_waitForElementPresent_closure1.call(WaitForElementPresentKeyword.groovy)
	at com.kms.katalon.core.mobile.keyword.internal.MobileKeywordMain.runKeyword(MobileKeywordMain.groovy:30)
	... 20 more]]></system-err>
   </testsuite>
</testsuites>
