<?xml version="1.0" encoding="UTF-8"?>
<testsuites name="Test" time="43.179" tests="1" failures="0" errors="0">
   <testsuite name="Test" tests="1" failures="0" errors="0" time="43.179" skipped="0" timestamp="25-04-2025T11:25:49" hostname="**********" id="Test Suites/Test">
      <properties>
         <property name="deviceName" value="emulator-5554 (sdk_gphone64_arm64 - Android 16)"/>
         <property name="devicePlatform" value="Android"/>
         <property name="logFolder" value="/Users/gv.vignesh/Downloads/WGR-Android-Automation/Reports/20250425_112545/Test/20250425_112545"/>
         <property name="logFiles" value="/Users/gv.vignesh/Downloads/WGR-Android-Automation/Reports/20250425_112545/Test/20250425_112545/execution0.log, /Users/gv.vignesh/Downloads/WGR-Android-Automation/Reports/20250425_112545/Test/20250425_112545/appium_error.log, /Users/gv.vignesh/Downloads/WGR-Android-Automation/Reports/20250425_112545/Test/20250425_112545/appium.log"/>
         <property name="attachments" value=""/>
         <property name="hostName" value="**********"/>
         <property name="os" value="Mac OS X 64bit"/>
         <property name="appiumServerStatus" value="{&quot;value&quot;:{&quot;ready&quot;:true,&quot;message&quot;:&quot;The server is ready to accept new connections&quot;,&quot;build&quot;:{&quot;version&quot;:&quot;2.17.1&quot;,&quot;git-sha&quot;:&quot;12a3d4a6f1eedf483855716b989d828443438f79&quot;,&quot;built&quot;:&quot;2025-04-22 15:18:47 +0000&quot;}}}"/>
         <property name="katalonVersion" value="10.1.1.0"/>
         <property name="deviceOS" value="Android"/>
         <property name="appiumVersion" value="2.17.1"/>
         <property name="deviceModel" value="sdk_gphone64_arm64"/>
         <property name="hostAddress" value="**********"/>
         <property name="deviceManufacturer" value="Google"/>
         <property name="deviceId" value="emulator-5554"/>
         <property name="deviceName" value="emulator-5554 (sdk_gphone64_arm64 - Android 16)"/>
         <property name="deviceOSVersion" value="16"/>
      </properties>
      <testcase name="Test Cases/App Installation And Launching/C657_C658_AppInstallationAndLaunching" time="43.127" classname="Test Cases/App Installation And Launching/C657_C658_AppInstallationAndLaunching" status="PASSED">
         <system-out><![CDATA[25-04-2025T11:25:49 - [TEST_CASE][PASSED] - Test Cases/App Installation And Launching/C657_C658_AppInstallationAndLaunching: Test Cases/App Installation And Launching/C657_C658_AppInstallationAndLaunching

25-04-2025T11:25:49 - [TEST_STEP][PASSED] - startApplication(appUrl, true): Started application: '/Users/gv.vignesh/Downloads/WGR-Android-Automation/App Folder/app-debug-Version 2.99.68.apk'

25-04-2025T11:25:49 - [MESSAGE][INFO] - Starting application: '/Users/gv.vignesh/Downloads/WGR-Android-Automation/App Folder/app-debug-Version 2.99.68.apk'

25-04-2025T11:25:49 - [MESSAGE][INFO] - User set preference: ['uiautomator2ServerInstallTimeout', '0']

25-04-2025T11:25:49 - [MESSAGE][INFO] - User set preference: ['deviceId', '']

25-04-2025T11:25:49 - [MESSAGE][INFO] - Detected NodeJS location: "/opt/homebrew/Cellar/node/23.10.0_1/bin/node"

25-04-2025T11:25:49 - [MESSAGE][INFO] - PATH: /opt/homebrew/Cellar/node/23.10.0_1/bin:/opt/homebrew/bin:/usr/bin:/bin:/usr/sbin:/sbin:/Applications/Katalon Studio Enterprise.app/Contents/Eclipse/jre/Contents/Home/bin:/usr/local/bin/

25-04-2025T11:25:49 - [MESSAGE][INFO] - APPIUM_HOME: /Users/gv.vignesh/.appium

25-04-2025T11:25:49 - [MESSAGE][INFO] - appium outlog: /Users/gv.vignesh/Downloads/WGR-Android-Automation/Reports/20250425_112545/Test/20250425_112545/appium.log

25-04-2025T11:25:49 - [MESSAGE][INFO] - appium errlog: /Users/gv.vignesh/Downloads/WGR-Android-Automation/Reports/20250425_112545/Test/20250425_112545/appium_error.log

25-04-2025T11:25:51 - [MESSAGE][INFO] - Appium server started on port 50,994

25-04-2025T11:25:57 - [MESSAGE][PASSED] - Started application: '/Users/gv.vignesh/Downloads/WGR-Android-Automation/App Folder/app-debug-Version 2.99.68.apk'

25-04-2025T11:25:57 - [TEST_STEP][PASSED] - delay(10): Delayed 10 second(s)

25-04-2025T11:26:07 - [MESSAGE][PASSED] - Delayed 10 second(s)

25-04-2025T11:26:07 - [TEST_STEP][PASSED] - assert verifyElementExist(findTestObject("Object Repository/Repo/android.widget.TextView - Youre Moments Away FromCustomized Vacation Experiences"), 0): Element 'Object Repository/Repo/android.widget.TextView - Youre Moments Away FromCustomized Vacation Experiences' is exist

25-04-2025T11:26:07 - [MESSAGE][WARNING] - Timeout '0' is invalid. Using default page load timeout: '30'

25-04-2025T11:26:07 - [MESSAGE][PASSED] - Element 'Object Repository/Repo/android.widget.TextView - Youre Moments Away FromCustomized Vacation Experiences' is exist

25-04-2025T11:26:07 - [TEST_STEP][PASSED] - delay(3): Delayed 3 second(s)

25-04-2025T11:26:10 - [MESSAGE][PASSED] - Delayed 3 second(s)

25-04-2025T11:26:10 - [TEST_STEP][PASSED] - text = getText(findTestObject("Object Repository/Repo/android.widget.TextView - Youre Moments Away FromCustomized Vacation Experiences"), 0): Text of element 'Object Repository/Repo/android.widget.TextView - Youre Moments Away FromCustomized Vacation Experiences' is: 'You’re Moments Away From
Customized Vacation Experiences.'

25-04-2025T11:26:10 - [MESSAGE][WARNING] - Timeout '0' is invalid. Using default page load timeout: '30'

25-04-2025T11:26:10 - [MESSAGE][PASSED] - Text of element 'Object Repository/Repo/android.widget.TextView - Youre Moments Away FromCustomized Vacation Experiences' is: 'You’re Moments Away From
Customized Vacation Experiences.'

25-04-2025T11:26:10 - [TEST_STEP][PASSED] - println("Text: " + text): null

25-04-2025T11:26:10 - [TEST_STEP][PASSED] - delay(3): Delayed 3 second(s)

25-04-2025T11:26:13 - [MESSAGE][PASSED] - Delayed 3 second(s)

25-04-2025T11:26:13 - [TEST_STEP][PASSED] - assert verifyElementExist(findTestObject("Object Repository/Repo/android.widget.Button - Login or Sign Up"), 0): Element 'Object Repository/Repo/android.widget.Button - Login or Sign Up' is exist

25-04-2025T11:26:13 - [MESSAGE][WARNING] - Timeout '0' is invalid. Using default page load timeout: '30'

25-04-2025T11:26:13 - [MESSAGE][PASSED] - Element 'Object Repository/Repo/android.widget.Button - Login or Sign Up' is exist

25-04-2025T11:26:13 - [TEST_STEP][PASSED] - delay(3): Delayed 3 second(s)

25-04-2025T11:26:16 - [MESSAGE][PASSED] - Delayed 3 second(s)

25-04-2025T11:26:16 - [TEST_STEP][PASSED] - assert verifyElementExist(findTestObject("Object Repository/Repo/android.view.View - Home"), 0): Element 'Object Repository/Repo/android.view.View - Home' is exist

25-04-2025T11:26:16 - [MESSAGE][WARNING] - Timeout '0' is invalid. Using default page load timeout: '30'

25-04-2025T11:26:16 - [MESSAGE][PASSED] - Element 'Object Repository/Repo/android.view.View - Home' is exist

25-04-2025T11:26:16 - [TEST_STEP][PASSED] - delay(3): Delayed 3 second(s)

25-04-2025T11:26:19 - [MESSAGE][PASSED] - Delayed 3 second(s)

25-04-2025T11:26:19 - [TEST_STEP][PASSED] - assert verifyElementExist(findTestObject("Object Repository/Repo/android.view.View - My Account"), 0): Element 'Object Repository/Repo/android.view.View - My Account' is exist

25-04-2025T11:26:19 - [MESSAGE][WARNING] - Timeout '0' is invalid. Using default page load timeout: '30'

25-04-2025T11:26:20 - [MESSAGE][PASSED] - Element 'Object Repository/Repo/android.view.View - My Account' is exist

25-04-2025T11:26:20 - [TEST_STEP][PASSED] - delay(3): Delayed 3 second(s)

25-04-2025T11:26:23 - [MESSAGE][PASSED] - Delayed 3 second(s)

25-04-2025T11:26:23 - [TEST_STEP][PASSED] - tap(findTestObject("Object Repository/Repo/android.widget.TextView - Vacation More. Get More"), 0): Tapped on element 'Object Repository/Repo/android.widget.TextView - Vacation More. Get More'

25-04-2025T11:26:23 - [MESSAGE][WARNING] - Timeout '0' is invalid. Using default page load timeout: '30'

25-04-2025T11:26:23 - [MESSAGE][PASSED] - Tapped on element 'Object Repository/Repo/android.widget.TextView - Vacation More. Get More'

25-04-2025T11:26:23 - [TEST_STEP][PASSED] - delay(3): Delayed 3 second(s)

25-04-2025T11:26:26 - [MESSAGE][PASSED] - Delayed 3 second(s)

25-04-2025T11:26:26 - [TEST_STEP][PASSED] - assert verifyElementVisible(findTestObject("Object Repository/Repo/android.widget.TextView - Vacation More. Get More"), 0): Element 'Object Repository/Repo/android.widget.TextView - Vacation More. Get More' is visible

25-04-2025T11:26:26 - [MESSAGE][WARNING] - Timeout '0' is invalid. Using default page load timeout: '30'

25-04-2025T11:26:26 - [MESSAGE][PASSED] - Element 'Object Repository/Repo/android.widget.TextView - Vacation More. Get More' is visible

25-04-2025T11:26:26 - [TEST_STEP][PASSED] - delay(3): Delayed 3 second(s)

25-04-2025T11:26:29 - [MESSAGE][PASSED] - Delayed 3 second(s)

25-04-2025T11:26:29 - [TEST_STEP][PASSED] - assert verifyElementVisible(findTestObject("Object Repository/Repo/android.widget.TextView - Explore Westgate Loyalty"), 0): Element 'Object Repository/Repo/android.widget.TextView - Explore Westgate Loyalty' is visible

25-04-2025T11:26:29 - [MESSAGE][WARNING] - Timeout '0' is invalid. Using default page load timeout: '30'

25-04-2025T11:26:29 - [MESSAGE][PASSED] - Element 'Object Repository/Repo/android.widget.TextView - Explore Westgate Loyalty' is visible

25-04-2025T11:26:29 - [TEST_STEP][PASSED] - closeApplication(): Close app successfully

25-04-2025T11:26:32 - [MESSAGE][PASSED] - Close app successfully]]></system-out>
         <system-err><![CDATA[]]></system-err>
      </testcase>
      <system-out><![CDATA[25-04-2025T11:25:49 - [TEST_SUITE][PASSED] - Test: Test Cases/App Installation And Launching/C657_C658_AppInstallationAndLaunching]]></system-out>
      <system-err><![CDATA[]]></system-err>
   </testsuite>
</testsuites>
