<?xml version="1.0" encoding="UTF-8"?>
<testsuites name="WRMA Android Regression" time="2010.372" tests="8" failures="0" errors="0">
   <testsuite name="WRMA Android Regression" tests="8" failures="0" errors="0" time="2010.372" skipped="0" timestamp="02-04-2025T10:54:36" hostname="**********" id="Test Suites/WRMA Android Regression">
      <properties>
         <property name="deviceName" value="emulator-5554 (sdk_gphone64_arm64 - Android 16)"/>
         <property name="devicePlatform" value="Android"/>
         <property name="logFolder" value="/Users/gv.vignesh/Downloads/WGR-Android-Automation/Reports/20250402_105431/WRMA Android Regression/20250402_105431"/>
         <property name="logFiles" value="/Users/gv.vignesh/Downloads/WGR-Android-Automation/Reports/20250402_105431/WRMA Android Regression/20250402_105431/execution0.log, /Users/gv.vignesh/Downloads/WGR-Android-Automation/Reports/20250402_105431/WRMA Android Regression/20250402_105431/appium_error.log, /Users/gv.vignesh/Downloads/WGR-Android-Automation/Reports/20250402_105431/WRMA Android Regression/20250402_105431/appium.log"/>
         <property name="attachments" value="/Users/gv.vignesh/Downloads/WGR-Android-Automation/Reports/20250402_105431/WRMA Android Regression/20250402_105431/1743571951288.png, /Users/gv.vignesh/Downloads/WGR-Android-Automation/Reports/20250402_105431/WRMA Android Regression/20250402_105431/1743572072642.png, /Users/gv.vignesh/Downloads/WGR-Android-Automation/Reports/20250402_105431/WRMA Android Regression/20250402_105431/1743572078316.png"/>
         <property name="hostName" value="**********"/>
         <property name="os" value="Mac OS X 64bit"/>
         <property name="appiumServerStatus" value="{&quot;value&quot;:{&quot;ready&quot;:true,&quot;message&quot;:&quot;The server is ready to accept new connections&quot;,&quot;build&quot;:{&quot;version&quot;:&quot;2.17.1&quot;,&quot;git-sha&quot;:&quot;f1041842141f20bc701b522d4371d7843d905580&quot;,&quot;built&quot;:&quot;2025-03-24 02:42:00 +0000&quot;}}}"/>
         <property name="katalonVersion" value="10.1.1.0"/>
         <property name="deviceOS" value="Android"/>
         <property name="appiumVersion" value="2.17.1"/>
         <property name="deviceModel" value="sdk_gphone64_arm64"/>
         <property name="hostAddress" value="**********"/>
         <property name="deviceManufacturer" value="Google"/>
         <property name="deviceId" value="emulator-5554"/>
         <property name="deviceName" value="emulator-5554 (sdk_gphone64_arm64 - Android 16)"/>
         <property name="deviceOSVersion" value="16"/>
      </properties>
      <testcase name="Test Cases/App Installation And Launching/C658-C667-C668_AppInstallationAndLaunching" time="136.777" classname="Test Cases/App Installation And Launching/C658-C667-C668_AppInstallationAndLaunching" status="PASSED">
         <system-out><![CDATA[02-04-2025T10:54:36 - [TEST_CASE][PASSED] - Test Cases/App Installation And Launching/C658-C667-C668_AppInstallationAndLaunching: Test Cases/App Installation And Launching/C658-C667-C668_AppInstallationAndLaunching

02-04-2025T10:54:36 - [TEST_STEP][PASSED] - startApplication(appUrl, true): Started application: '/Users/gv.vignesh/Downloads/WGR-Android-Automation/App Folder/universal.apk'

02-04-2025T10:54:36 - [MESSAGE][INFO] - Starting application: '/Users/gv.vignesh/Downloads/WGR-Android-Automation/App Folder/universal.apk'

02-04-2025T10:54:36 - [MESSAGE][INFO] - User set preference: ['deviceId', '']

02-04-2025T10:54:36 - [MESSAGE][INFO] - Detected NodeJS location: "/opt/homebrew/Cellar/node/23.10.0_1/bin/node"

02-04-2025T10:54:36 - [MESSAGE][INFO] - PATH: /opt/homebrew/Cellar/node/23.10.0_1/bin:/opt/homebrew/bin:/usr/bin:/bin:/usr/sbin:/sbin:/Applications/Katalon Studio Enterprise.app/Contents/Eclipse/jre/Contents/Home/bin:/usr/local/bin/

02-04-2025T10:54:36 - [MESSAGE][INFO] - APPIUM_HOME: /Users/gv.vignesh/.appium

02-04-2025T10:54:36 - [MESSAGE][INFO] - appium outlog: /Users/gv.vignesh/Downloads/WGR-Android-Automation/Reports/20250402_105431/WRMA Android Regression/20250402_105431/appium.log

02-04-2025T10:54:36 - [MESSAGE][INFO] - appium errlog: /Users/gv.vignesh/Downloads/WGR-Android-Automation/Reports/20250402_105431/WRMA Android Regression/20250402_105431/appium_error.log

02-04-2025T10:54:37 - [MESSAGE][INFO] - Appium server started on port 50,461

02-04-2025T10:54:45 - [MESSAGE][PASSED] - Started application: '/Users/gv.vignesh/Downloads/WGR-Android-Automation/App Folder/universal.apk'

02-04-2025T10:54:45 - [TEST_STEP][PASSED] - delay(3): Delayed 3 second(s)

02-04-2025T10:54:48 - [MESSAGE][PASSED] - Delayed 3 second(s)

02-04-2025T10:54:48 - [TEST_STEP][PASSED] - verifyElementExist(findTestObject("Object Repository/Repo/android.widget.TextView - Youre Moments Away FromCustomized Vacation Experiences"), 0): Element 'Object Repository/Repo/android.widget.TextView - Youre Moments Away FromCustomized Vacation Experiences' is exist

02-04-2025T10:54:48 - [MESSAGE][WARNING] - Timeout '0' is invalid. Using default page load timeout: '30'

02-04-2025T10:54:50 - [MESSAGE][PASSED] - Element 'Object Repository/Repo/android.widget.TextView - Youre Moments Away FromCustomized Vacation Experiences' is exist

02-04-2025T10:54:50 - [TEST_STEP][PASSED] - delay(3): Delayed 3 second(s)

02-04-2025T10:54:53 - [MESSAGE][PASSED] - Delayed 3 second(s)

02-04-2025T10:54:53 - [TEST_STEP][PASSED] - text = getText(findTestObject("Object Repository/Repo/android.widget.TextView - Youre Moments Away FromCustomized Vacation Experiences"), 0): Text of element 'Object Repository/Repo/android.widget.TextView - Youre Moments Away FromCustomized Vacation Experiences' is: 'You’re Moments Away From
Customized Vacation Experiences.'

02-04-2025T10:54:53 - [MESSAGE][WARNING] - Timeout '0' is invalid. Using default page load timeout: '30'

02-04-2025T10:54:54 - [MESSAGE][PASSED] - Text of element 'Object Repository/Repo/android.widget.TextView - Youre Moments Away FromCustomized Vacation Experiences' is: 'You’re Moments Away From
Customized Vacation Experiences.'

02-04-2025T10:54:54 - [TEST_STEP][PASSED] - println("Text: " + text): null

02-04-2025T10:54:54 - [TEST_STEP][PASSED] - delay(3): Delayed 3 second(s)

02-04-2025T10:54:57 - [MESSAGE][PASSED] - Delayed 3 second(s)

02-04-2025T10:54:57 - [TEST_STEP][PASSED] - verifyElementExist(findTestObject("Object Repository/Repo/android.widget.Button - Login or Sign Up"), 0): Element 'Object Repository/Repo/android.widget.Button - Login or Sign Up' is exist

02-04-2025T10:54:57 - [MESSAGE][WARNING] - Timeout '0' is invalid. Using default page load timeout: '30'

02-04-2025T10:54:57 - [MESSAGE][PASSED] - Element 'Object Repository/Repo/android.widget.Button - Login or Sign Up' is exist

02-04-2025T10:54:57 - [TEST_STEP][PASSED] - delay(3): Delayed 3 second(s)

02-04-2025T10:55:00 - [MESSAGE][PASSED] - Delayed 3 second(s)

02-04-2025T10:55:00 - [TEST_STEP][PASSED] - verifyElementExist(findTestObject("Object Repository/Repo/android.view.View - Home"), 0): Element 'Object Repository/Repo/android.view.View - Home' is exist

02-04-2025T10:55:00 - [MESSAGE][WARNING] - Timeout '0' is invalid. Using default page load timeout: '30'

02-04-2025T10:55:00 - [MESSAGE][PASSED] - Element 'Object Repository/Repo/android.view.View - Home' is exist

02-04-2025T10:55:00 - [TEST_STEP][PASSED] - delay(3): Delayed 3 second(s)

02-04-2025T10:55:03 - [MESSAGE][PASSED] - Delayed 3 second(s)

02-04-2025T10:55:03 - [TEST_STEP][PASSED] - verifyElementExist(findTestObject("Object Repository/Repo/android.view.View - My Account"), 0): Element 'Object Repository/Repo/android.view.View - My Account' is exist

02-04-2025T10:55:03 - [MESSAGE][WARNING] - Timeout '0' is invalid. Using default page load timeout: '30'

02-04-2025T10:55:03 - [MESSAGE][PASSED] - Element 'Object Repository/Repo/android.view.View - My Account' is exist

02-04-2025T10:55:03 - [TEST_STEP][PASSED] - delay(3): Delayed 3 second(s)

02-04-2025T10:55:06 - [MESSAGE][PASSED] - Delayed 3 second(s)

02-04-2025T10:55:06 - [TEST_STEP][PASSED] - tap(findTestObject("Object Repository/Repo/android.widget.TextView - Vacation More. Get More"), 0): Tapped on element 'Object Repository/Repo/android.widget.TextView - Vacation More. Get More'

02-04-2025T10:55:06 - [MESSAGE][WARNING] - Timeout '0' is invalid. Using default page load timeout: '30'

02-04-2025T10:55:06 - [MESSAGE][PASSED] - Tapped on element 'Object Repository/Repo/android.widget.TextView - Vacation More. Get More'

02-04-2025T10:55:06 - [TEST_STEP][PASSED] - delay(3): Delayed 3 second(s)

02-04-2025T10:55:09 - [MESSAGE][PASSED] - Delayed 3 second(s)

02-04-2025T10:55:09 - [TEST_STEP][PASSED] - verifyElementVisible(findTestObject("Object Repository/Repo/android.widget.TextView - Vacation More. Get More"), 0): Element 'Object Repository/Repo/android.widget.TextView - Vacation More. Get More' is visible

02-04-2025T10:55:09 - [MESSAGE][WARNING] - Timeout '0' is invalid. Using default page load timeout: '30'

02-04-2025T10:55:09 - [MESSAGE][PASSED] - Element 'Object Repository/Repo/android.widget.TextView - Vacation More. Get More' is visible

02-04-2025T10:55:09 - [TEST_STEP][PASSED] - delay(3): Delayed 3 second(s)

02-04-2025T10:55:12 - [MESSAGE][PASSED] - Delayed 3 second(s)

02-04-2025T10:55:12 - [TEST_STEP][PASSED] - verifyElementVisible(findTestObject("Object Repository/Repo/android.widget.TextView - Explore Westgate Loyalty"), 0): Element 'Object Repository/Repo/android.widget.TextView - Explore Westgate Loyalty' is visible

02-04-2025T10:55:12 - [MESSAGE][WARNING] - Timeout '0' is invalid. Using default page load timeout: '30'

02-04-2025T10:55:12 - [MESSAGE][PASSED] - Element 'Object Repository/Repo/android.widget.TextView - Explore Westgate Loyalty' is visible

02-04-2025T10:55:12 - [TEST_STEP][PASSED] - delay(3): Delayed 3 second(s)

02-04-2025T10:55:15 - [MESSAGE][PASSED] - Delayed 3 second(s)

02-04-2025T10:55:15 - [TEST_STEP][PASSED] - tap(findTestObject("Object Repository/Repo/android.widget.TextView - Continue as a Guest"), 0): Tapped on element 'Object Repository/Repo/android.widget.TextView - Continue as a Guest'

02-04-2025T10:55:15 - [MESSAGE][WARNING] - Timeout '0' is invalid. Using default page load timeout: '30'

02-04-2025T10:55:15 - [MESSAGE][PASSED] - Tapped on element 'Object Repository/Repo/android.widget.TextView - Continue as a Guest'

02-04-2025T10:55:15 - [TEST_STEP][PASSED] - isElementVisible = waitForElementPresent(findTestObject("Object Repository/Repo/android.widget.TextView - Continue as a Guest"), 10): Element 'Object Repository/Repo/android.widget.TextView - Continue as a Guest' is present

02-04-2025T10:55:15 - [MESSAGE][PASSED] - Element 'Object Repository/Repo/android.widget.TextView - Continue as a Guest' is present

02-04-2025T10:55:15 - [TEST_STEP][PASSED] - if (!(isElementVisible)): null

02-04-2025T10:55:15 - [TEST_STEP][PASSED] - else: Failed: Expected element not found after tapping 'Continue as a Guest.

02-04-2025T10:55:15 - [TEST_STEP][PASSED] - logInfo("Failed: Expected element not found after tapping 'Continue as a Guest."): Failed: Expected element not found after tapping 'Continue as a Guest.

02-04-2025T10:55:15 - [MESSAGE][INFO] - Failed: Expected element not found after tapping 'Continue as a Guest.

02-04-2025T10:55:15 - [TEST_STEP][PASSED] - delay(10): Delayed 10 second(s)

02-04-2025T10:55:25 - [MESSAGE][PASSED] - Delayed 10 second(s)

02-04-2025T10:55:25 - [TEST_STEP][PASSED] - tap(findTestObject("Object Repository/Repo/android.widget.Button - menu"), 0): Tapped on element 'Object Repository/Repo/android.widget.Button - menu'

02-04-2025T10:55:25 - [MESSAGE][WARNING] - Timeout '0' is invalid. Using default page load timeout: '30'

02-04-2025T10:55:25 - [MESSAGE][PASSED] - Tapped on element 'Object Repository/Repo/android.widget.Button - menu'

02-04-2025T10:55:25 - [TEST_STEP][PASSED] - delay(30): Delayed 30 second(s)

02-04-2025T10:55:55 - [MESSAGE][PASSED] - Delayed 30 second(s)

02-04-2025T10:55:55 - [TEST_STEP][PASSED] - tap(findTestObject("Object Repository/Repo/android.widget.TextView - Terms and Conditions-Menu"), 0): Tapped on element 'Object Repository/Repo/android.widget.TextView - Terms and Conditions-Menu'

02-04-2025T10:55:55 - [MESSAGE][WARNING] - Timeout '0' is invalid. Using default page load timeout: '30'

02-04-2025T10:55:56 - [MESSAGE][PASSED] - Tapped on element 'Object Repository/Repo/android.widget.TextView - Terms and Conditions-Menu'

02-04-2025T10:55:56 - [TEST_STEP][PASSED] - delay(10): Delayed 10 second(s)

02-04-2025T10:56:06 - [MESSAGE][PASSED] - Delayed 10 second(s)

02-04-2025T10:56:06 - [TEST_STEP][PASSED] - if (waitForElementPresent(findTestObject("Object Repository/Repo/android.view.View-Terms and conditions web"), 30, CONTINUE_ON_FAILURE)): null

02-04-2025T10:56:06 - [MESSAGE][PASSED] - Element 'Object Repository/Repo/android.view.View-Terms and conditions web' is present

02-04-2025T10:56:06 - [TEST_STEP][PASSED] - println("Element 'android.view.View - Terms & Conditions-Webview' exists."): null

02-04-2025T10:56:06 - [TEST_STEP][PASSED] - delay(10): Delayed 10 second(s)

02-04-2025T10:56:16 - [MESSAGE][PASSED] - Delayed 10 second(s)

02-04-2025T10:56:16 - [TEST_STEP][PASSED] - tap(findTestObject("Object Repository/Repo/android.widget.ImageButton-Cancel web"), 0): Tapped on element 'Object Repository/Repo/android.widget.ImageButton-Cancel web'

02-04-2025T10:56:16 - [MESSAGE][WARNING] - Timeout '0' is invalid. Using default page load timeout: '30'

02-04-2025T10:56:16 - [MESSAGE][PASSED] - Tapped on element 'Object Repository/Repo/android.widget.ImageButton-Cancel web'

02-04-2025T10:56:16 - [TEST_STEP][PASSED] - delay(15): Delayed 15 second(s)

02-04-2025T10:56:31 - [MESSAGE][PASSED] - Delayed 15 second(s)

02-04-2025T10:56:31 - [TEST_STEP][PASSED] - tap(findTestObject("Object Repository/Repo/android.widget.Button - menu"), 0): Tapped on element 'Object Repository/Repo/android.widget.Button - menu'

02-04-2025T10:56:31 - [MESSAGE][WARNING] - Timeout '0' is invalid. Using default page load timeout: '30'

02-04-2025T10:56:31 - [MESSAGE][PASSED] - Tapped on element 'Object Repository/Repo/android.widget.Button - menu'

02-04-2025T10:56:31 - [TEST_STEP][PASSED] - delay(15): Delayed 15 second(s)

02-04-2025T10:56:46 - [MESSAGE][PASSED] - Delayed 15 second(s)

02-04-2025T10:56:46 - [TEST_STEP][PASSED] - tap(findTestObject("Object Repository/Repo/android.widget.TextView - Privacy Policy-Menu"), 0): Tapped on element 'Object Repository/Repo/android.widget.TextView - Privacy Policy-Menu'

02-04-2025T10:56:46 - [MESSAGE][WARNING] - Timeout '0' is invalid. Using default page load timeout: '30'

02-04-2025T10:56:46 - [MESSAGE][PASSED] - Tapped on element 'Object Repository/Repo/android.widget.TextView - Privacy Policy-Menu'

02-04-2025T10:56:46 - [TEST_STEP][PASSED] - if (waitForElementPresent(findTestObject("Object Repository/Repo/android.widget.TextView - Privacy Policy-web"), 30, CONTINUE_ON_FAILURE)): null

02-04-2025T10:56:51 - [MESSAGE][PASSED] - Element 'Object Repository/Repo/android.widget.TextView - Privacy Policy-web' is present

02-04-2025T10:56:51 - [TEST_STEP][PASSED] - println("Element 'android.widget.TextView - Privacy Policy-web' exists."): null

02-04-2025T10:56:51 - [TEST_STEP][PASSED] - closeApplication(): Close app successfully

02-04-2025T10:56:53 - [MESSAGE][PASSED] - Close app successfully

02-04-2025T10:56:53 - [TEST_STEP][PASSED] - closeBrowser(): Browser is closed

02-04-2025T10:56:53 - [MESSAGE][PASSED] - Browser is closed]]></system-out>
         <system-err><![CDATA[]]></system-err>
      </testcase>
      <testcase name="Test Cases/Guest User Mode/C666-C719-C738_GuestUserMode" time="79.704" classname="Test Cases/Guest User Mode/C666-C719-C738_GuestUserMode" status="PASSED">
         <system-out><![CDATA[02-04-2025T10:56:53 - [TEST_CASE][PASSED] - Test Cases/Guest User Mode/C666-C719-C738_GuestUserMode: Test Cases/Guest User Mode/C666-C719-C738_GuestUserMode

02-04-2025T10:56:53 - [TEST_STEP][PASSED] - startApplication(appUrl, true): Started application: '/Users/gv.vignesh/Downloads/WGR-Android-Automation/App Folder/universal.apk'

02-04-2025T10:56:53 - [MESSAGE][INFO] - Starting application: '/Users/gv.vignesh/Downloads/WGR-Android-Automation/App Folder/universal.apk'

02-04-2025T10:56:53 - [MESSAGE][INFO] - User set preference: ['deviceId', '']

02-04-2025T10:56:53 - [MESSAGE][INFO] - Detected NodeJS location: "/opt/homebrew/Cellar/node/23.10.0_1/bin/node"

02-04-2025T10:56:53 - [MESSAGE][INFO] - PATH: /opt/homebrew/Cellar/node/23.10.0_1/bin:/opt/homebrew/bin:/usr/bin:/bin:/usr/sbin:/sbin:/Applications/Katalon Studio Enterprise.app/Contents/Eclipse/jre/Contents/Home/bin:/usr/local/bin/

02-04-2025T10:56:53 - [MESSAGE][INFO] - APPIUM_HOME: /Users/gv.vignesh/.appium

02-04-2025T10:56:53 - [MESSAGE][INFO] - appium outlog: /Users/gv.vignesh/Downloads/WGR-Android-Automation/Reports/20250402_105431/WRMA Android Regression/20250402_105431/appium.log

02-04-2025T10:56:53 - [MESSAGE][INFO] - appium errlog: /Users/gv.vignesh/Downloads/WGR-Android-Automation/Reports/20250402_105431/WRMA Android Regression/20250402_105431/appium_error.log

02-04-2025T10:56:54 - [MESSAGE][INFO] - Appium server started on port 50,943

02-04-2025T10:57:00 - [MESSAGE][PASSED] - Started application: '/Users/gv.vignesh/Downloads/WGR-Android-Automation/App Folder/universal.apk'

02-04-2025T10:57:00 - [TEST_STEP][PASSED] - delay(10): Delayed 10 second(s)

02-04-2025T10:57:10 - [MESSAGE][PASSED] - Delayed 10 second(s)

02-04-2025T10:57:10 - [TEST_STEP][PASSED] - tap(findTestObject("Object Repository/Repo/android.widget.TextView - Continue as a Guest"), 0): Tapped on element 'Object Repository/Repo/android.widget.TextView - Continue as a Guest'

02-04-2025T10:57:10 - [MESSAGE][WARNING] - Timeout '0' is invalid. Using default page load timeout: '30'

02-04-2025T10:57:11 - [MESSAGE][PASSED] - Tapped on element 'Object Repository/Repo/android.widget.TextView - Continue as a Guest'

02-04-2025T10:57:11 - [TEST_STEP][PASSED] - delay(10): Delayed 10 second(s)

02-04-2025T10:57:21 - [MESSAGE][PASSED] - Delayed 10 second(s)

02-04-2025T10:57:21 - [TEST_STEP][PASSED] - tap(findTestObject("Object Repository/Repo/android.widget.Button - menu"), 0): Tapped on element 'Object Repository/Repo/android.widget.Button - menu'

02-04-2025T10:57:21 - [MESSAGE][WARNING] - Timeout '0' is invalid. Using default page load timeout: '30'

02-04-2025T10:57:21 - [MESSAGE][PASSED] - Tapped on element 'Object Repository/Repo/android.widget.Button - menu'

02-04-2025T10:57:21 - [TEST_STEP][PASSED] - delay(20): Delayed 20 second(s)

02-04-2025T10:57:41 - [MESSAGE][PASSED] - Delayed 20 second(s)

02-04-2025T10:57:41 - [TEST_STEP][PASSED] - tap(findTestObject("Object Repository/Repo/android.widget.TabWidget-Settings"), 0): Tapped on element 'Object Repository/Repo/android.widget.TabWidget-Settings'

02-04-2025T10:57:41 - [MESSAGE][WARNING] - Timeout '0' is invalid. Using default page load timeout: '30'

02-04-2025T10:57:41 - [MESSAGE][PASSED] - Tapped on element 'Object Repository/Repo/android.widget.TabWidget-Settings'

02-04-2025T10:57:41 - [TEST_STEP][PASSED] - delay(10): Delayed 10 second(s)

02-04-2025T10:57:51 - [MESSAGE][PASSED] - Delayed 10 second(s)

02-04-2025T10:57:51 - [TEST_STEP][PASSED] - actualVersionText = getText(findTestObject("Object Repository/Repo/android.widget.Button - Version 2.81.111"), 0): Text of element 'Object Repository/Repo/android.widget.Button - Version 2.81.111' is: 'Version 2.81.111'

02-04-2025T10:57:51 - [MESSAGE][WARNING] - Timeout '0' is invalid. Using default page load timeout: '30'

02-04-2025T10:57:51 - [MESSAGE][PASSED] - Text of element 'Object Repository/Repo/android.widget.Button - Version 2.81.111' is: 'Version 2.81.111'

02-04-2025T10:57:51 - [TEST_STEP][PASSED] - expectedVersionText = "Version 2.81.111": null

02-04-2025T10:57:51 - [TEST_STEP][PASSED] - assert actualVersionText == expectedVersionText: null

02-04-2025T10:57:51 - [TEST_STEP][PASSED] - println(Version verification successful: $actualVersionText): null

02-04-2025T10:57:51 - [TEST_STEP][PASSED] - tap(findTestObject("Object Repository/Repo/android.widget.Button - menu"), 0): Tapped on element 'Object Repository/Repo/android.widget.Button - menu'

02-04-2025T10:57:51 - [MESSAGE][WARNING] - Timeout '0' is invalid. Using default page load timeout: '30'

02-04-2025T10:57:51 - [MESSAGE][PASSED] - Tapped on element 'Object Repository/Repo/android.widget.Button - menu'

02-04-2025T10:57:51 - [TEST_STEP][PASSED] - delay(10): Delayed 10 second(s)

02-04-2025T10:58:01 - [MESSAGE][PASSED] - Delayed 10 second(s)

02-04-2025T10:58:01 - [TEST_STEP][PASSED] - homeElementExists = verifyElementExist(findTestObject("Object Repository/Repo/android.view.View - Home"), 0): Element 'Object Repository/Repo/android.view.View - Home' is exist

02-04-2025T10:58:01 - [MESSAGE][WARNING] - Timeout '0' is invalid. Using default page load timeout: '30'

02-04-2025T10:58:01 - [MESSAGE][PASSED] - Element 'Object Repository/Repo/android.view.View - Home' is exist

02-04-2025T10:58:01 - [TEST_STEP][PASSED] - assert homeElementExists : "Element 'Home' does not exist.": null

02-04-2025T10:58:01 - [TEST_STEP][PASSED] - homeText = getText(findTestObject("Object Repository/Repo/android.view.View - Home"), 0): Text of element 'Object Repository/Repo/android.view.View - Home' is: 'Home'

02-04-2025T10:58:01 - [MESSAGE][WARNING] - Timeout '0' is invalid. Using default page load timeout: '30'

02-04-2025T10:58:01 - [MESSAGE][PASSED] - Text of element 'Object Repository/Repo/android.view.View - Home' is: 'Home'

02-04-2025T10:58:01 - [TEST_STEP][PASSED] - assert homeText == "Home": null

02-04-2025T10:58:01 - [TEST_STEP][PASSED] - println("Home screen verification successful."): null

02-04-2025T10:58:01 - [TEST_STEP][PASSED] - tap(findTestObject("Object Repository/Repo/android.view.View - My Account"), 0): Tapped on element 'Object Repository/Repo/android.view.View - My Account'

02-04-2025T10:58:01 - [MESSAGE][WARNING] - Timeout '0' is invalid. Using default page load timeout: '30'

02-04-2025T10:58:01 - [MESSAGE][PASSED] - Tapped on element 'Object Repository/Repo/android.view.View - My Account'

02-04-2025T10:58:01 - [TEST_STEP][PASSED] - delay(10): Delayed 10 second(s)

02-04-2025T10:58:11 - [MESSAGE][PASSED] - Delayed 10 second(s)

02-04-2025T10:58:11 - [TEST_STEP][PASSED] - myAccountElementExists = verifyElementExist(findTestObject("Object Repository/Repo/android.view.View - My Account"), 0): Element 'Object Repository/Repo/android.view.View - My Account' is exist

02-04-2025T10:58:11 - [MESSAGE][WARNING] - Timeout '0' is invalid. Using default page load timeout: '30'

02-04-2025T10:58:11 - [MESSAGE][PASSED] - Element 'Object Repository/Repo/android.view.View - My Account' is exist

02-04-2025T10:58:11 - [TEST_STEP][PASSED] - assert myAccountElementExists : "Element 'My Account' does not exist.": null

02-04-2025T10:58:11 - [TEST_STEP][PASSED] - myAccountText = getText(findTestObject("Object Repository/Repo/android.view.View - My Account"), 0): Text of element 'Object Repository/Repo/android.view.View - My Account' is: 'My Account'

02-04-2025T10:58:11 - [MESSAGE][WARNING] - Timeout '0' is invalid. Using default page load timeout: '30'

02-04-2025T10:58:11 - [MESSAGE][PASSED] - Text of element 'Object Repository/Repo/android.view.View - My Account' is: 'My Account'

02-04-2025T10:58:11 - [TEST_STEP][PASSED] - assert myAccountText == "My Account": null

02-04-2025T10:58:11 - [TEST_STEP][PASSED] - println("My Account screen verification successful."): null

02-04-2025T10:58:11 - [TEST_STEP][PASSED] - println("All test verifications completed successfully!"): null

02-04-2025T10:58:12 - [TEST_STEP][PASSED] - closeApplication(): Close app successfully

02-04-2025T10:58:13 - [MESSAGE][PASSED] - Close app successfully

02-04-2025T10:58:13 - [TEST_STEP][PASSED] - closeBrowser(): Browser is closed

02-04-2025T10:58:13 - [MESSAGE][PASSED] - Browser is closed]]></system-out>
         <system-err><![CDATA[]]></system-err>
      </testcase>
      <testcase name="Test Cases/Guest User Mode/C764-C793_GuestUserMode" time="154.94" classname="Test Cases/Guest User Mode/C764-C793_GuestUserMode" status="PASSED">
         <system-out><![CDATA[02-04-2025T10:58:13 - [TEST_CASE][PASSED] - Test Cases/Guest User Mode/C764-C793_GuestUserMode: Test Cases/Guest User Mode/C764-C793_GuestUserMode

02-04-2025T10:58:13 - [TEST_STEP][PASSED] - startApplication("/Users/gv.vignesh/Downloads/WGR-Android-Automation/App Folder/app-debug.apk", true): Started application: '/Users/gv.vignesh/Downloads/WGR-Android-Automation/App Folder/app-debug.apk'

02-04-2025T10:58:13 - [MESSAGE][INFO] - Starting application: '/Users/gv.vignesh/Downloads/WGR-Android-Automation/App Folder/app-debug.apk'

02-04-2025T10:58:13 - [MESSAGE][INFO] - User set preference: ['deviceId', '']

02-04-2025T10:58:13 - [MESSAGE][INFO] - Detected NodeJS location: "/opt/homebrew/Cellar/node/23.10.0_1/bin/node"

02-04-2025T10:58:13 - [MESSAGE][INFO] - PATH: /opt/homebrew/Cellar/node/23.10.0_1/bin:/opt/homebrew/bin:/usr/bin:/bin:/usr/sbin:/sbin:/Applications/Katalon Studio Enterprise.app/Contents/Eclipse/jre/Contents/Home/bin:/usr/local/bin/

02-04-2025T10:58:13 - [MESSAGE][INFO] - APPIUM_HOME: /Users/gv.vignesh/.appium

02-04-2025T10:58:13 - [MESSAGE][INFO] - appium outlog: /Users/gv.vignesh/Downloads/WGR-Android-Automation/Reports/20250402_105431/WRMA Android Regression/20250402_105431/appium.log

02-04-2025T10:58:13 - [MESSAGE][INFO] - appium errlog: /Users/gv.vignesh/Downloads/WGR-Android-Automation/Reports/20250402_105431/WRMA Android Regression/20250402_105431/appium_error.log

02-04-2025T10:58:14 - [MESSAGE][INFO] - Appium server started on port 51,135

02-04-2025T10:58:19 - [MESSAGE][PASSED] - Started application: '/Users/gv.vignesh/Downloads/WGR-Android-Automation/App Folder/app-debug.apk'

02-04-2025T10:58:19 - [TEST_STEP][PASSED] - delay(10): Delayed 10 second(s)

02-04-2025T10:58:29 - [MESSAGE][PASSED] - Delayed 10 second(s)

02-04-2025T10:58:29 - [TEST_STEP][PASSED] - verifyElementExist(findTestObject("Object Repository/Repo/android.view.View - Home"), 0): Element 'Object Repository/Repo/android.view.View - Home' is exist

02-04-2025T10:58:29 - [MESSAGE][WARNING] - Timeout '0' is invalid. Using default page load timeout: '30'

02-04-2025T10:58:29 - [MESSAGE][PASSED] - Element 'Object Repository/Repo/android.view.View - Home' is exist

02-04-2025T10:58:29 - [TEST_STEP][PASSED] - delay(5): Delayed 5 second(s)

02-04-2025T10:58:34 - [MESSAGE][PASSED] - Delayed 5 second(s)

02-04-2025T10:58:34 - [TEST_STEP][PASSED] - tap(findTestObject("Object Repository/Repo/android.view.View - Home"), 0): Tapped on element 'Object Repository/Repo/android.view.View - Home'

02-04-2025T10:58:34 - [MESSAGE][WARNING] - Timeout '0' is invalid. Using default page load timeout: '30'

02-04-2025T10:58:34 - [MESSAGE][PASSED] - Tapped on element 'Object Repository/Repo/android.view.View - Home'

02-04-2025T10:58:34 - [TEST_STEP][PASSED] - delay(10): Delayed 10 second(s)

02-04-2025T10:58:44 - [MESSAGE][PASSED] - Delayed 10 second(s)

02-04-2025T10:58:44 - [TEST_STEP][PASSED] - verifyElementExist(findTestObject("Object Repository/Repo/android.view.View - Home (1)"), 0): Element 'Object Repository/Repo/android.view.View - Home (1)' is exist

02-04-2025T10:58:44 - [MESSAGE][WARNING] - Timeout '0' is invalid. Using default page load timeout: '30'

02-04-2025T10:58:44 - [MESSAGE][PASSED] - Element 'Object Repository/Repo/android.view.View - Home (1)' is exist

02-04-2025T10:58:44 - [TEST_STEP][PASSED] - delay(5): Delayed 5 second(s)

02-04-2025T10:58:49 - [MESSAGE][PASSED] - Delayed 5 second(s)

02-04-2025T10:58:49 - [TEST_STEP][PASSED] - verifyElementExist(findTestObject("Object Repository/Repo/android.widget.TextView-Slide"), 0): Element 'Object Repository/Repo/android.widget.TextView-Slide' is exist

02-04-2025T10:58:49 - [MESSAGE][WARNING] - Timeout '0' is invalid. Using default page load timeout: '30'

02-04-2025T10:58:49 - [MESSAGE][PASSED] - Element 'Object Repository/Repo/android.widget.TextView-Slide' is exist

02-04-2025T10:58:49 - [TEST_STEP][PASSED] - startX = 1000: null

02-04-2025T10:58:49 - [TEST_STEP][PASSED] - startY = 2000: null

02-04-2025T10:58:49 - [TEST_STEP][PASSED] - endX = 200: null

02-04-2025T10:58:49 - [TEST_STEP][PASSED] - endY = 1000: null

02-04-2025T10:58:49 - [TEST_STEP][PASSED] - swipe(startX, startY, endX, endY, CONTINUE_ON_FAILURE): Swiped from 1,000,2,000 to 200,1,000

02-04-2025T10:58:50 - [MESSAGE][PASSED] - Swiped from 1,000,2,000 to 200,1,000

02-04-2025T10:58:50 - [TEST_STEP][PASSED] - delay(5): Delayed 5 second(s)

02-04-2025T10:58:55 - [MESSAGE][PASSED] - Delayed 5 second(s)

02-04-2025T10:58:55 - [TEST_STEP][PASSED] - homeText = View - Home (1)"), 0).trim(): Text of element 'Object Repository/Repo/android.view.View - Home (1)' is: 'Home'

02-04-2025T10:58:55 - [MESSAGE][WARNING] - Timeout '0' is invalid. Using default page load timeout: '30'

02-04-2025T10:58:55 - [MESSAGE][PASSED] - Text of element 'Object Repository/Repo/android.view.View - Home (1)' is: 'Home'

02-04-2025T10:58:55 - [TEST_STEP][PASSED] - println("Home Text: " + homeText): null

02-04-2025T10:58:55 - [TEST_STEP][PASSED] - verifyEqual(homeText, "Home", STOP_ON_FAILURE): Actual object 'Home' and expected object 'Home' are equal

02-04-2025T10:58:55 - [MESSAGE][PASSED] - Actual object 'Home' and expected object 'Home' are equal

02-04-2025T10:58:55 - [TEST_STEP][PASSED] - delay(5): Delayed 5 second(s)

02-04-2025T10:59:00 - [MESSAGE][PASSED] - Delayed 5 second(s)

02-04-2025T10:59:00 - [TEST_STEP][PASSED] - verifyElementExist(findTestObject("Object Repository/Repo/android.view.View - My Account (1)"), 0): Element 'Object Repository/Repo/android.view.View - My Account (1)' is exist

02-04-2025T10:59:00 - [MESSAGE][WARNING] - Timeout '0' is invalid. Using default page load timeout: '30'

02-04-2025T10:59:00 - [MESSAGE][PASSED] - Element 'Object Repository/Repo/android.view.View - My Account (1)' is exist

02-04-2025T10:59:00 - [TEST_STEP][PASSED] - delay(5): Delayed 5 second(s)

02-04-2025T10:59:05 - [MESSAGE][PASSED] - Delayed 5 second(s)

02-04-2025T10:59:05 - [TEST_STEP][PASSED] - myAccountText = View - My Account (1)"), 0).trim(): Text of element 'Object Repository/Repo/android.view.View - My Account (1)' is: 'My Account'

02-04-2025T10:59:05 - [MESSAGE][WARNING] - Timeout '0' is invalid. Using default page load timeout: '30'

02-04-2025T10:59:05 - [MESSAGE][PASSED] - Text of element 'Object Repository/Repo/android.view.View - My Account (1)' is: 'My Account'

02-04-2025T10:59:05 - [TEST_STEP][PASSED] - println("My Account Text: " + myAccountText): null

02-04-2025T10:59:05 - [TEST_STEP][PASSED] - verifyEqual(myAccountText, "My Account", STOP_ON_FAILURE): Actual object 'My Account' and expected object 'My Account' are equal

02-04-2025T10:59:05 - [MESSAGE][PASSED] - Actual object 'My Account' and expected object 'My Account' are equal

02-04-2025T10:59:05 - [TEST_STEP][PASSED] - delay(15): Delayed 15 second(s)

02-04-2025T10:59:20 - [MESSAGE][PASSED] - Delayed 15 second(s)

02-04-2025T10:59:20 - [TEST_STEP][PASSED] - scrollToText("Recommended for you"): Scrolling to text 'Recommended for you' successfully

02-04-2025T10:59:24 - [MESSAGE][PASSED] - Scrolling to text 'Recommended for you' successfully

02-04-2025T10:59:24 - [TEST_STEP][PASSED] - delay(5): Delayed 5 second(s)

02-04-2025T10:59:29 - [MESSAGE][PASSED] - Delayed 5 second(s)

02-04-2025T10:59:29 - [TEST_STEP][PASSED] - verifyElementExist(findTestObject("Object Repository/Repo/android.widget.TextView - RECOMMENDED FOR YOU"), 0): Element 'Object Repository/Repo/android.widget.TextView - RECOMMENDED FOR YOU' is exist

02-04-2025T10:59:29 - [MESSAGE][WARNING] - Timeout '0' is invalid. Using default page load timeout: '30'

02-04-2025T10:59:29 - [MESSAGE][PASSED] - Element 'Object Repository/Repo/android.widget.TextView - RECOMMENDED FOR YOU' is exist

02-04-2025T10:59:29 - [TEST_STEP][PASSED] - delay(5): Delayed 5 second(s)

02-04-2025T10:59:34 - [MESSAGE][PASSED] - Delayed 5 second(s)

02-04-2025T10:59:34 - [TEST_STEP][PASSED] - recommendedText = TextView - RECOMMENDED FOR YOU"), 0).trim(): Text of element 'Object Repository/Repo/android.widget.TextView - RECOMMENDED FOR YOU' is: 'RECOMMENDED FOR YOU'

02-04-2025T10:59:34 - [MESSAGE][WARNING] - Timeout '0' is invalid. Using default page load timeout: '30'

02-04-2025T10:59:35 - [MESSAGE][PASSED] - Text of element 'Object Repository/Repo/android.widget.TextView - RECOMMENDED FOR YOU' is: 'RECOMMENDED FOR YOU'

02-04-2025T10:59:35 - [TEST_STEP][PASSED] - println("Recommended Text: " + recommendedText): null

02-04-2025T10:59:35 - [TEST_STEP][PASSED] - verifyEqual(recommendedText, "RECOMMENDED FOR YOU", STOP_ON_FAILURE): Actual object 'RECOMMENDED FOR YOU' and expected object 'RECOMMENDED FOR YOU' are equal

02-04-2025T10:59:35 - [MESSAGE][PASSED] - Actual object 'RECOMMENDED FOR YOU' and expected object 'RECOMMENDED FOR YOU' are equal

02-04-2025T10:59:35 - [TEST_STEP][PASSED] - delay(5): Delayed 5 second(s)

02-04-2025T10:59:40 - [MESSAGE][PASSED] - Delayed 5 second(s)

02-04-2025T10:59:40 - [TEST_STEP][PASSED] - verifyElementExist(findTestObject("Object Repository/Repo/android.widget.TextView - THINGS TO DO"), 0): Element 'Object Repository/Repo/android.widget.TextView - THINGS TO DO' is exist

02-04-2025T10:59:40 - [MESSAGE][WARNING] - Timeout '0' is invalid. Using default page load timeout: '30'

02-04-2025T10:59:40 - [MESSAGE][PASSED] - Element 'Object Repository/Repo/android.widget.TextView - THINGS TO DO' is exist

02-04-2025T10:59:40 - [TEST_STEP][PASSED] - delay(5): Delayed 5 second(s)

02-04-2025T10:59:45 - [MESSAGE][PASSED] - Delayed 5 second(s)

02-04-2025T10:59:45 - [TEST_STEP][PASSED] - thingsToDoText = TextView - THINGS TO DO"), 0).trim(): Text of element 'Object Repository/Repo/android.widget.TextView - THINGS TO DO' is: 'THINGS TO DO'

02-04-2025T10:59:45 - [MESSAGE][WARNING] - Timeout '0' is invalid. Using default page load timeout: '30'

02-04-2025T10:59:45 - [MESSAGE][PASSED] - Text of element 'Object Repository/Repo/android.widget.TextView - THINGS TO DO' is: 'THINGS TO DO'

02-04-2025T10:59:45 - [TEST_STEP][PASSED] - println("Things to Do Text: " + thingsToDoText): null

02-04-2025T10:59:45 - [TEST_STEP][PASSED] - verifyEqual(thingsToDoText, "THINGS TO DO", STOP_ON_FAILURE): Actual object 'THINGS TO DO' and expected object 'THINGS TO DO' are equal

02-04-2025T10:59:45 - [MESSAGE][PASSED] - Actual object 'THINGS TO DO' and expected object 'THINGS TO DO' are equal

02-04-2025T10:59:45 - [TEST_STEP][PASSED] - delay(5): Delayed 5 second(s)

02-04-2025T10:59:50 - [MESSAGE][PASSED] - Delayed 5 second(s)

02-04-2025T10:59:50 - [TEST_STEP][PASSED] - verifyElementExist(findTestObject("Object Repository/Repo/android.view.View-gain access"), 0): Element 'Object Repository/Repo/android.view.View-gain access' is exist

02-04-2025T10:59:50 - [MESSAGE][WARNING] - Timeout '0' is invalid. Using default page load timeout: '30'

02-04-2025T10:59:50 - [MESSAGE][PASSED] - Element 'Object Repository/Repo/android.view.View-gain access' is exist

02-04-2025T10:59:50 - [TEST_STEP][PASSED] - delay(5): Delayed 5 second(s)

02-04-2025T10:59:55 - [MESSAGE][PASSED] - Delayed 5 second(s)

02-04-2025T10:59:55 - [TEST_STEP][PASSED] - gainAccessText = TextView - Gain access to a"), 0).trim(): Text of element 'Object Repository/Repo/android.widget.TextView - Gain access to a' is: 'Gain access to a'

02-04-2025T10:59:55 - [MESSAGE][WARNING] - Timeout '0' is invalid. Using default page load timeout: '30'

02-04-2025T10:59:55 - [MESSAGE][PASSED] - Text of element 'Object Repository/Repo/android.widget.TextView - Gain access to a' is: 'Gain access to a'

02-04-2025T10:59:55 - [TEST_STEP][PASSED] - println("Gain Access Text: " + gainAccessText): null

02-04-2025T10:59:55 - [TEST_STEP][PASSED] - verifyEqual(gainAccessText, "Gain access to a", STOP_ON_FAILURE): Actual object 'Gain access to a' and expected object 'Gain access to a' are equal

02-04-2025T10:59:55 - [MESSAGE][PASSED] - Actual object 'Gain access to a' and expected object 'Gain access to a' are equal

02-04-2025T10:59:55 - [TEST_STEP][PASSED] - delay(5): Delayed 5 second(s)

02-04-2025T11:00:00 - [MESSAGE][PASSED] - Delayed 5 second(s)

02-04-2025T11:00:00 - [TEST_STEP][PASSED] - customizedExperienceText = TextView - customized experience"), 0).trim(): Text of element 'Object Repository/Repo/android.widget.TextView - customized experience' is: 'customized experience'

02-04-2025T11:00:00 - [MESSAGE][WARNING] - Timeout '0' is invalid. Using default page load timeout: '30'

02-04-2025T11:00:00 - [MESSAGE][PASSED] - Text of element 'Object Repository/Repo/android.widget.TextView - customized experience' is: 'customized experience'

02-04-2025T11:00:00 - [TEST_STEP][PASSED] - println("Customized Experience Text: " + customizedExperienceText): null

02-04-2025T11:00:00 - [TEST_STEP][PASSED] - verifyEqual(customizedExperienceText, "customized experience", STOP_ON_FAILURE): Actual object 'customized experience' and expected object 'customized experience' are equal

02-04-2025T11:00:00 - [MESSAGE][PASSED] - Actual object 'customized experience' and expected object 'customized experience' are equal

02-04-2025T11:00:00 - [TEST_STEP][PASSED] - delay(5): Delayed 5 second(s)

02-04-2025T11:00:05 - [MESSAGE][PASSED] - Delayed 5 second(s)

02-04-2025T11:00:05 - [TEST_STEP][PASSED] - verifyElementExist(findTestObject("Object Repository/Repo/android.widget.TextView - Login"), 0): Element 'Object Repository/Repo/android.widget.TextView - Login' is exist

02-04-2025T11:00:05 - [MESSAGE][WARNING] - Timeout '0' is invalid. Using default page load timeout: '30'

02-04-2025T11:00:05 - [MESSAGE][PASSED] - Element 'Object Repository/Repo/android.widget.TextView - Login' is exist

02-04-2025T11:00:05 - [TEST_STEP][PASSED] - delay(5): Delayed 5 second(s)

02-04-2025T11:00:10 - [MESSAGE][PASSED] - Delayed 5 second(s)

02-04-2025T11:00:10 - [TEST_STEP][PASSED] - loginText = TextView - Login"), 0).trim(): Text of element 'Object Repository/Repo/android.widget.TextView - Login' is: 'Login'

02-04-2025T11:00:10 - [MESSAGE][WARNING] - Timeout '0' is invalid. Using default page load timeout: '30'

02-04-2025T11:00:11 - [MESSAGE][PASSED] - Text of element 'Object Repository/Repo/android.widget.TextView - Login' is: 'Login'

02-04-2025T11:00:11 - [TEST_STEP][PASSED] - println("Login Text: " + loginText): null

02-04-2025T11:00:11 - [TEST_STEP][PASSED] - verifyEqual(loginText, "Login", STOP_ON_FAILURE): Actual object 'Login' and expected object 'Login' are equal

02-04-2025T11:00:11 - [MESSAGE][PASSED] - Actual object 'Login' and expected object 'Login' are equal

02-04-2025T11:00:11 - [TEST_STEP][PASSED] - tap(findTestObject("Object Repository/Repo/android.widget.TextView - Login"), 0): Tapped on element 'Object Repository/Repo/android.widget.TextView - Login'

02-04-2025T11:00:11 - [MESSAGE][WARNING] - Timeout '0' is invalid. Using default page load timeout: '30'

02-04-2025T11:00:11 - [MESSAGE][PASSED] - Tapped on element 'Object Repository/Repo/android.widget.TextView - Login'

02-04-2025T11:00:11 - [TEST_STEP][PASSED] - delay(30): Delayed 30 second(s)

02-04-2025T11:00:41 - [MESSAGE][PASSED] - Delayed 30 second(s)

02-04-2025T11:00:41 - [TEST_STEP][PASSED] - delay(5): Delayed 5 second(s)

02-04-2025T11:00:46 - [MESSAGE][PASSED] - Delayed 5 second(s)

02-04-2025T11:00:46 - [TEST_STEP][PASSED] - westgateText = TextView - WESTGATE Online Account Management"), 0).trim(): Text of element 'Object Repository/Repo/android.widget.TextView - WESTGATE Online Account Management' is: 'WESTGATE Online Account Management'

02-04-2025T11:00:46 - [MESSAGE][WARNING] - Timeout '0' is invalid. Using default page load timeout: '30'

02-04-2025T11:00:46 - [MESSAGE][PASSED] - Text of element 'Object Repository/Repo/android.widget.TextView - WESTGATE Online Account Management' is: 'WESTGATE Online Account Management'

02-04-2025T11:00:46 - [TEST_STEP][PASSED] - println("WESTGATE Text: " + westgateText): null

02-04-2025T11:00:46 - [TEST_STEP][PASSED] - verifyEqual(westgateText, "WESTGATE Online Account Management", CONTINUE_ON_FAILURE): Actual object 'WESTGATE Online Account Management' and expected object 'WESTGATE Online Account Management' are equal

02-04-2025T11:00:46 - [MESSAGE][PASSED] - Actual object 'WESTGATE Online Account Management' and expected object 'WESTGATE Online Account Management' are equal

02-04-2025T11:00:46 - [TEST_STEP][PASSED] - closeApplication(): Close app successfully

02-04-2025T11:00:48 - [MESSAGE][PASSED] - Close app successfully

02-04-2025T11:00:48 - [TEST_STEP][PASSED] - closeBrowser(): Browser is closed

02-04-2025T11:00:48 - [MESSAGE][PASSED] - Browser is closed]]></system-out>
         <system-err><![CDATA[]]></system-err>
      </testcase>
      <testcase name="Test Cases/Sign Up New UserPage/C660-C681_SignUpNewUserPage" time="246.682" classname="Test Cases/Sign Up New UserPage/C660-C681_SignUpNewUserPage" status="PASSED">
         <system-out><![CDATA[02-04-2025T11:00:48 - [TEST_CASE][PASSED] - Test Cases/Sign Up New UserPage/C660-C681_SignUpNewUserPage: Test Cases/Sign Up New UserPage/C660-C681_SignUpNewUserPage

02-04-2025T11:00:48 - [TEST_STEP][PASSED] - emailValidationTests = new EmailValidationTests(): null

02-04-2025T11:00:48 - [TEST_STEP][PASSED] - emailValidationTests.runAllTests(): null

02-04-2025T11:00:48 - [TEST_STEP][PASSED] - setup(): null

02-04-2025T11:00:48 - [TEST_STEP][PASSED] - startApplication(appUrl, true): Started application: '/Users/gv.vignesh/Downloads/WGR-Android-Automation/App Folder/universal.apk'

02-04-2025T11:00:48 - [MESSAGE][INFO] - Starting application: '/Users/gv.vignesh/Downloads/WGR-Android-Automation/App Folder/universal.apk'

02-04-2025T11:00:48 - [MESSAGE][INFO] - User set preference: ['deviceId', '']

02-04-2025T11:00:48 - [MESSAGE][INFO] - Detected NodeJS location: "/opt/homebrew/Cellar/node/23.10.0_1/bin/node"

02-04-2025T11:00:48 - [MESSAGE][INFO] - PATH: /opt/homebrew/Cellar/node/23.10.0_1/bin:/opt/homebrew/bin:/usr/bin:/bin:/usr/sbin:/sbin:/Applications/Katalon Studio Enterprise.app/Contents/Eclipse/jre/Contents/Home/bin:/usr/local/bin/

02-04-2025T11:00:48 - [MESSAGE][INFO] - APPIUM_HOME: /Users/gv.vignesh/.appium

02-04-2025T11:00:48 - [MESSAGE][INFO] - appium outlog: /Users/gv.vignesh/Downloads/WGR-Android-Automation/Reports/20250402_105431/WRMA Android Regression/20250402_105431/appium.log

02-04-2025T11:00:48 - [MESSAGE][INFO] - appium errlog: /Users/gv.vignesh/Downloads/WGR-Android-Automation/Reports/20250402_105431/WRMA Android Regression/20250402_105431/appium_error.log

02-04-2025T11:00:49 - [MESSAGE][INFO] - Appium server started on port 51,453

02-04-2025T11:00:55 - [MESSAGE][PASSED] - Started application: '/Users/gv.vignesh/Downloads/WGR-Android-Automation/App Folder/universal.apk'

02-04-2025T11:00:55 - [TEST_STEP][PASSED] - delay(15): Delayed 15 second(s)

02-04-2025T11:01:10 - [MESSAGE][PASSED] - Delayed 15 second(s)

02-04-2025T11:01:10 - [TEST_STEP][PASSED] - tap(findTestObject("Object Repository/Repo/android.widget.Button - Login or Sign Up"), 0): Tapped on element 'Object Repository/Repo/android.widget.Button - Login or Sign Up'

02-04-2025T11:01:10 - [MESSAGE][WARNING] - Timeout '0' is invalid. Using default page load timeout: '30'

02-04-2025T11:01:10 - [MESSAGE][PASSED] - Tapped on element 'Object Repository/Repo/android.widget.Button - Login or Sign Up'

02-04-2025T11:01:10 - [TEST_STEP][PASSED] - try: null

02-04-2025T11:01:10 - [TEST_STEP][PASSED] - testInvalidEmailFormat(): null

02-04-2025T11:01:10 - [TEST_STEP][PASSED] - excelData = findTestData("Data Files/InvalidEmail"): null

02-04-2025T11:01:10 - [TEST_STEP][PASSED] - rowCount = excelData.getRowNumbers(): null

02-04-2025T11:01:10 - [TEST_STEP][PASSED] - for ([i = 1, i <= rowCount, (i++)]): null

02-04-2025T11:01:10 - [TEST_STEP][PASSED] - invalidEmail = excelData.getValue("email-Address", i): null

02-04-2025T11:01:10 - [TEST_STEP][PASSED] - println(Testing invalid email from Excel (Row $i): $invalidEmail): null

02-04-2025T11:01:10 - [TEST_STEP][PASSED] - waitForElementPresent(findTestObject("Object Repository/Repo/android.widget.EditText-LoginorSignUp"), 20): Element 'Object Repository/Repo/android.widget.EditText-LoginorSignUp' is present

02-04-2025T11:01:11 - [MESSAGE][PASSED] - Element 'Object Repository/Repo/android.widget.EditText-LoginorSignUp' is present

02-04-2025T11:01:11 - [TEST_STEP][PASSED] - sendKeys(findTestObject("Object Repository/Repo/android.widget.EditText-LoginorSignUp"), invalidEmail): Send keys 'd.g.com' on test object 'Object Repository/Repo/android.widget.EditText-LoginorSignUp' successfully.

02-04-2025T11:01:11 - [MESSAGE][PASSED] - Send keys 'd.g.com' on test object 'Object Repository/Repo/android.widget.EditText-LoginorSignUp' successfully.

02-04-2025T11:01:11 - [TEST_STEP][PASSED] - actualErrorMessage = TextView -  Invalid email format"), 0).trim(): Text of element 'Object Repository/Repo/android.widget.TextView -  Invalid email format' is: ' Invalid email format.
'

02-04-2025T11:01:11 - [MESSAGE][WARNING] - Timeout '0' is invalid. Using default page load timeout: '30'

02-04-2025T11:01:12 - [MESSAGE][PASSED] - Text of element 'Object Repository/Repo/android.widget.TextView -  Invalid email format' is: ' Invalid email format.
'

02-04-2025T11:01:12 - [TEST_STEP][PASSED] - expectedErrorMessage = "Invalid email format": null

02-04-2025T11:01:12 - [TEST_STEP][PASSED] - Assert.assertEquals(Error message validation failed at row $i, replaceAll("[^a-zA-Z0-9 ]", "").trim(), replaceAll("[^a-zA-Z0-9 ]", "").trim()): null

02-04-2025T11:01:12 - [TEST_STEP][PASSED] - tap(findTestObject("Object Repository/Repo/android.widget.Button - reset"), 0): Tapped on element 'Object Repository/Repo/android.widget.Button - reset'

02-04-2025T11:01:12 - [MESSAGE][WARNING] - Timeout '0' is invalid. Using default page load timeout: '30'

02-04-2025T11:01:12 - [MESSAGE][PASSED] - Tapped on element 'Object Repository/Repo/android.widget.Button - reset'

02-04-2025T11:01:12 - [TEST_STEP][PASSED] - hideKeyboard(): Keyboard is hidden

02-04-2025T11:01:15 - [MESSAGE][PASSED] - Keyboard is hidden

02-04-2025T11:01:15 - [TEST_STEP][PASSED] - invalidEmail = excelData.getValue("email-Address", i): null

02-04-2025T11:01:15 - [TEST_STEP][PASSED] - println(Testing invalid email from Excel (Row $i): $invalidEmail): null

02-04-2025T11:01:15 - [TEST_STEP][PASSED] - waitForElementPresent(findTestObject("Object Repository/Repo/android.widget.EditText-LoginorSignUp"), 20): Element 'Object Repository/Repo/android.widget.EditText-LoginorSignUp' is present

02-04-2025T11:01:15 - [MESSAGE][PASSED] - Element 'Object Repository/Repo/android.widget.EditText-LoginorSignUp' is present

02-04-2025T11:01:15 - [TEST_STEP][PASSED] - sendKeys(findTestObject("Object Repository/Repo/android.widget.EditText-LoginorSignUp"), invalidEmail): Send keys 's@com' on test object 'Object Repository/Repo/android.widget.EditText-LoginorSignUp' successfully.

02-04-2025T11:01:15 - [MESSAGE][PASSED] - Send keys 's@com' on test object 'Object Repository/Repo/android.widget.EditText-LoginorSignUp' successfully.

02-04-2025T11:01:15 - [TEST_STEP][PASSED] - actualErrorMessage = TextView -  Invalid email format"), 0).trim(): Text of element 'Object Repository/Repo/android.widget.TextView -  Invalid email format' is: ' Invalid email format.
'

02-04-2025T11:01:15 - [MESSAGE][WARNING] - Timeout '0' is invalid. Using default page load timeout: '30'

02-04-2025T11:01:16 - [MESSAGE][PASSED] - Text of element 'Object Repository/Repo/android.widget.TextView -  Invalid email format' is: ' Invalid email format.
'

02-04-2025T11:01:16 - [TEST_STEP][PASSED] - expectedErrorMessage = "Invalid email format": null

02-04-2025T11:01:16 - [TEST_STEP][PASSED] - Assert.assertEquals(Error message validation failed at row $i, replaceAll("[^a-zA-Z0-9 ]", "").trim(), replaceAll("[^a-zA-Z0-9 ]", "").trim()): null

02-04-2025T11:01:16 - [TEST_STEP][PASSED] - tap(findTestObject("Object Repository/Repo/android.widget.Button - reset"), 0): Tapped on element 'Object Repository/Repo/android.widget.Button - reset'

02-04-2025T11:01:16 - [MESSAGE][WARNING] - Timeout '0' is invalid. Using default page load timeout: '30'

02-04-2025T11:01:18 - [MESSAGE][PASSED] - Tapped on element 'Object Repository/Repo/android.widget.Button - reset'

02-04-2025T11:01:18 - [TEST_STEP][PASSED] - hideKeyboard(): Keyboard is hidden

02-04-2025T11:01:20 - [MESSAGE][PASSED] - Keyboard is hidden

02-04-2025T11:01:20 - [TEST_STEP][PASSED] - invalidEmail = excelData.getValue("email-Address", i): null

02-04-2025T11:01:20 - [TEST_STEP][PASSED] - println(Testing invalid email from Excel (Row $i): $invalidEmail): null

02-04-2025T11:01:20 - [TEST_STEP][PASSED] - waitForElementPresent(findTestObject("Object Repository/Repo/android.widget.EditText-LoginorSignUp"), 20): Element 'Object Repository/Repo/android.widget.EditText-LoginorSignUp' is present

02-04-2025T11:01:20 - [MESSAGE][PASSED] - Element 'Object Repository/Repo/android.widget.EditText-LoginorSignUp' is present

02-04-2025T11:01:20 - [TEST_STEP][PASSED] - sendKeys(findTestObject("Object Repository/Repo/android.widget.EditText-LoginorSignUp"), invalidEmail): Send keys 'vg@.1gv' on test object 'Object Repository/Repo/android.widget.EditText-LoginorSignUp' successfully.

02-04-2025T11:01:20 - [MESSAGE][PASSED] - Send keys 'vg@.1gv' on test object 'Object Repository/Repo/android.widget.EditText-LoginorSignUp' successfully.

02-04-2025T11:01:20 - [TEST_STEP][PASSED] - actualErrorMessage = TextView -  Invalid email format"), 0).trim(): Text of element 'Object Repository/Repo/android.widget.TextView -  Invalid email format' is: ' Invalid email format.
'

02-04-2025T11:01:20 - [MESSAGE][WARNING] - Timeout '0' is invalid. Using default page load timeout: '30'

02-04-2025T11:01:22 - [MESSAGE][PASSED] - Text of element 'Object Repository/Repo/android.widget.TextView -  Invalid email format' is: ' Invalid email format.
'

02-04-2025T11:01:22 - [TEST_STEP][PASSED] - expectedErrorMessage = "Invalid email format": null

02-04-2025T11:01:22 - [TEST_STEP][PASSED] - Assert.assertEquals(Error message validation failed at row $i, replaceAll("[^a-zA-Z0-9 ]", "").trim(), replaceAll("[^a-zA-Z0-9 ]", "").trim()): null

02-04-2025T11:01:22 - [TEST_STEP][PASSED] - tap(findTestObject("Object Repository/Repo/android.widget.Button - reset"), 0): Tapped on element 'Object Repository/Repo/android.widget.Button - reset'

02-04-2025T11:01:22 - [MESSAGE][WARNING] - Timeout '0' is invalid. Using default page load timeout: '30'

02-04-2025T11:01:23 - [MESSAGE][PASSED] - Tapped on element 'Object Repository/Repo/android.widget.Button - reset'

02-04-2025T11:01:23 - [TEST_STEP][PASSED] - hideKeyboard(): Keyboard is hidden

02-04-2025T11:01:25 - [MESSAGE][PASSED] - Keyboard is hidden

02-04-2025T11:01:25 - [TEST_STEP][PASSED] - invalidEmail = excelData.getValue("email-Address", i): null

02-04-2025T11:01:25 - [TEST_STEP][PASSED] - println(Testing invalid email from Excel (Row $i): $invalidEmail): null

02-04-2025T11:01:25 - [TEST_STEP][PASSED] - waitForElementPresent(findTestObject("Object Repository/Repo/android.widget.EditText-LoginorSignUp"), 20): Element 'Object Repository/Repo/android.widget.EditText-LoginorSignUp' is present

02-04-2025T11:01:25 - [MESSAGE][PASSED] - Element 'Object Repository/Repo/android.widget.EditText-LoginorSignUp' is present

02-04-2025T11:01:25 - [TEST_STEP][PASSED] - sendKeys(findTestObject("Object Repository/Repo/android.widget.EditText-LoginorSignUp"), invalidEmail): Send keys 'g@2.1' on test object 'Object Repository/Repo/android.widget.EditText-LoginorSignUp' successfully.

02-04-2025T11:01:25 - [MESSAGE][PASSED] - Send keys 'g@2.1' on test object 'Object Repository/Repo/android.widget.EditText-LoginorSignUp' successfully.

02-04-2025T11:01:25 - [TEST_STEP][PASSED] - actualErrorMessage = TextView -  Invalid email format"), 0).trim(): Text of element 'Object Repository/Repo/android.widget.TextView -  Invalid email format' is: ' Invalid email format.
'

02-04-2025T11:01:25 - [MESSAGE][WARNING] - Timeout '0' is invalid. Using default page load timeout: '30'

02-04-2025T11:01:27 - [MESSAGE][PASSED] - Text of element 'Object Repository/Repo/android.widget.TextView -  Invalid email format' is: ' Invalid email format.
'

02-04-2025T11:01:27 - [TEST_STEP][PASSED] - expectedErrorMessage = "Invalid email format": null

02-04-2025T11:01:27 - [TEST_STEP][PASSED] - Assert.assertEquals(Error message validation failed at row $i, replaceAll("[^a-zA-Z0-9 ]", "").trim(), replaceAll("[^a-zA-Z0-9 ]", "").trim()): null

02-04-2025T11:01:27 - [TEST_STEP][PASSED] - tap(findTestObject("Object Repository/Repo/android.widget.Button - reset"), 0): Tapped on element 'Object Repository/Repo/android.widget.Button - reset'

02-04-2025T11:01:27 - [MESSAGE][WARNING] - Timeout '0' is invalid. Using default page load timeout: '30'

02-04-2025T11:01:28 - [MESSAGE][PASSED] - Tapped on element 'Object Repository/Repo/android.widget.Button - reset'

02-04-2025T11:01:28 - [TEST_STEP][PASSED] - hideKeyboard(): Keyboard is hidden

02-04-2025T11:01:31 - [MESSAGE][PASSED] - Keyboard is hidden

02-04-2025T11:01:31 - [TEST_STEP][PASSED] - invalidEmail = excelData.getValue("email-Address", i): null

02-04-2025T11:01:31 - [TEST_STEP][PASSED] - println(Testing invalid email from Excel (Row $i): $invalidEmail): null

02-04-2025T11:01:31 - [TEST_STEP][PASSED] - waitForElementPresent(findTestObject("Object Repository/Repo/android.widget.EditText-LoginorSignUp"), 20): Element 'Object Repository/Repo/android.widget.EditText-LoginorSignUp' is present

02-04-2025T11:01:31 - [MESSAGE][PASSED] - Element 'Object Repository/Repo/android.widget.EditText-LoginorSignUp' is present

02-04-2025T11:01:31 - [TEST_STEP][PASSED] - sendKeys(findTestObject("Object Repository/Repo/android.widget.EditText-LoginorSignUp"), invalidEmail): Send keys 'v.com@q' on test object 'Object Repository/Repo/android.widget.EditText-LoginorSignUp' successfully.

02-04-2025T11:01:31 - [MESSAGE][PASSED] - Send keys 'v.com@q' on test object 'Object Repository/Repo/android.widget.EditText-LoginorSignUp' successfully.

02-04-2025T11:01:31 - [TEST_STEP][PASSED] - actualErrorMessage = TextView -  Invalid email format"), 0).trim(): Text of element 'Object Repository/Repo/android.widget.TextView -  Invalid email format' is: ' Invalid email format.
'

02-04-2025T11:01:31 - [MESSAGE][WARNING] - Timeout '0' is invalid. Using default page load timeout: '30'

02-04-2025T11:01:32 - [MESSAGE][PASSED] - Text of element 'Object Repository/Repo/android.widget.TextView -  Invalid email format' is: ' Invalid email format.
'

02-04-2025T11:01:32 - [TEST_STEP][PASSED] - expectedErrorMessage = "Invalid email format": null

02-04-2025T11:01:32 - [TEST_STEP][PASSED] - Assert.assertEquals(Error message validation failed at row $i, replaceAll("[^a-zA-Z0-9 ]", "").trim(), replaceAll("[^a-zA-Z0-9 ]", "").trim()): null

02-04-2025T11:01:32 - [TEST_STEP][PASSED] - tap(findTestObject("Object Repository/Repo/android.widget.Button - reset"), 0): Tapped on element 'Object Repository/Repo/android.widget.Button - reset'

02-04-2025T11:01:32 - [MESSAGE][WARNING] - Timeout '0' is invalid. Using default page load timeout: '30'

02-04-2025T11:01:33 - [MESSAGE][PASSED] - Tapped on element 'Object Repository/Repo/android.widget.Button - reset'

02-04-2025T11:01:33 - [TEST_STEP][PASSED] - hideKeyboard(): Keyboard is hidden

02-04-2025T11:01:36 - [MESSAGE][PASSED] - Keyboard is hidden

02-04-2025T11:01:36 - [TEST_STEP][PASSED] - testTeamMemberEmailError(): null

02-04-2025T11:01:36 - [TEST_STEP][PASSED] - testData = findTestData("Data Files/C678"): null

02-04-2025T11:01:36 - [TEST_STEP][PASSED] - email1 = testData.getValue("email", 1): null

02-04-2025T11:01:36 - [TEST_STEP][PASSED] - email2 = testData.getValue("email", 2): null

02-04-2025T11:01:36 - [TEST_STEP][PASSED] - sendKeys(findTestObject("Object Repository/Repo/android.widget.EditText-LoginorSignUp"), email1): Send keys 'i@p.com' on test object 'Object Repository/Repo/android.widget.EditText-LoginorSignUp' successfully.

02-04-2025T11:01:36 - [MESSAGE][PASSED] - Send keys 'i@p.com' on test object 'Object Repository/Repo/android.widget.EditText-LoginorSignUp' successfully.

02-04-2025T11:01:36 - [TEST_STEP][PASSED] - delay(10): Delayed 10 second(s)

02-04-2025T11:01:46 - [MESSAGE][PASSED] - Delayed 10 second(s)

02-04-2025T11:01:46 - [TEST_STEP][PASSED] - tap(findTestObject("Object Repository/Repo/android.widget.Button - Next"), 0): Tapped on element 'Object Repository/Repo/android.widget.Button - Next'

02-04-2025T11:01:46 - [MESSAGE][WARNING] - Timeout '0' is invalid. Using default page load timeout: '30'

02-04-2025T11:01:46 - [MESSAGE][PASSED] - Tapped on element 'Object Repository/Repo/android.widget.Button - Next'

02-04-2025T11:01:46 - [TEST_STEP][PASSED] - delay(10): Delayed 10 second(s)

02-04-2025T11:01:56 - [MESSAGE][PASSED] - Delayed 10 second(s)

02-04-2025T11:01:56 - [TEST_STEP][PASSED] - tap(findTestObject("Object Repository/Repo/android.widget.Button - reset"), 0): Tapped on element 'Object Repository/Repo/android.widget.Button - reset'

02-04-2025T11:01:56 - [MESSAGE][WARNING] - Timeout '0' is invalid. Using default page load timeout: '30'

02-04-2025T11:01:58 - [MESSAGE][PASSED] - Tapped on element 'Object Repository/Repo/android.widget.Button - reset'

02-04-2025T11:01:58 - [TEST_STEP][PASSED] - hideKeyboard(): Keyboard is hidden

02-04-2025T11:02:00 - [MESSAGE][PASSED] - Keyboard is hidden

02-04-2025T11:02:00 - [TEST_STEP][PASSED] - delay(10): Delayed 10 second(s)

02-04-2025T11:02:10 - [MESSAGE][PASSED] - Delayed 10 second(s)

02-04-2025T11:02:10 - [TEST_STEP][PASSED] - sendKeys(findTestObject("Object Repository/Repo/android.widget.EditText -"), email2): Send keys 'wg@wgresorts.com' on test object 'Object Repository/Repo/android.widget.EditText -' successfully.

02-04-2025T11:02:10 - [MESSAGE][PASSED] - Send keys 'wg@wgresorts.com' on test object 'Object Repository/Repo/android.widget.EditText -' successfully.

02-04-2025T11:02:10 - [TEST_STEP][PASSED] - delay(10): Delayed 10 second(s)

02-04-2025T11:02:20 - [MESSAGE][PASSED] - Delayed 10 second(s)

02-04-2025T11:02:20 - [TEST_STEP][PASSED] - tap(findTestObject("Object Repository/Repo/android.widget.Button - Next (1)"), 0): Tapped on element 'Object Repository/Repo/android.widget.Button - Next (1)'

02-04-2025T11:02:20 - [MESSAGE][WARNING] - Timeout '0' is invalid. Using default page load timeout: '30'

02-04-2025T11:02:21 - [MESSAGE][PASSED] - Tapped on element 'Object Repository/Repo/android.widget.Button - Next (1)'

02-04-2025T11:02:21 - [TEST_STEP][PASSED] - delay(10): Delayed 10 second(s)

02-04-2025T11:02:31 - [MESSAGE][PASSED] - Delayed 10 second(s)

02-04-2025T11:02:31 - [TEST_STEP][PASSED] - actualText = null: null

02-04-2025T11:02:31 - [TEST_STEP][PASSED] - expectedText = " The email address used is a Team Member email address.  Please select Create Team Member Account below.": null

02-04-2025T11:02:31 - [TEST_STEP][FAILED] - try: Failed to get text from element (Root cause: com.kms.katalon.core.exception.StepFailedException: Failed to get text from element
	at com.kms.katalon.core.mobile.keyword.internal.MobileKeywordMain.stepFailed(MobileKeywordMain.groovy:64)
	at com.kms.katalon.core.mobile.keyword.internal.MobileKeywordMain.runKeyword(MobileKeywordMain.groovy:34)
	at com.kms.katalon.core.mobile.keyword.builtin.GetTextKeyword.getText(GetTextKeyword.groovy:51)
	at com.kms.katalon.core.mobile.keyword.builtin.GetTextKeyword.execute(GetTextKeyword.groovy:35)
	at com.kms.katalon.core.keyword.internal.KeywordExecutor.executeKeywordForPlatform(KeywordExecutor.groovy:74)
	at com.kms.katalon.core.mobile.keyword.MobileBuiltInKeywords.getText(MobileBuiltInKeywords.groovy:1245)
	at EmailValidationTests.testTeamMemberEmailError(Script1743084213202.groovy:75)
	at EmailValidationTests.runAllTests(Script1743084213202.groovy:215)
	at C660-C681_SignUpNewUserPage.run(C660-C681_SignUpNewUserPage:227)
	at com.kms.katalon.core.main.ScriptEngine.run(ScriptEngine.java:194)
	at com.kms.katalon.core.main.ScriptEngine.runScriptAsRawText(ScriptEngine.java:119)
	at com.kms.katalon.core.main.TestCaseExecutor.runScript(TestCaseExecutor.java:448)
	at com.kms.katalon.core.main.TestCaseExecutor.doExecute(TestCaseExecutor.java:439)
	at com.kms.katalon.core.main.TestCaseExecutor.processExecutionPhase(TestCaseExecutor.java:418)
	at com.kms.katalon.core.main.TestCaseExecutor.accessMainPhase(TestCaseExecutor.java:410)
	at com.kms.katalon.core.main.TestCaseExecutor.execute(TestCaseExecutor.java:285)
	at com.kms.katalon.core.common.CommonExecutor.accessTestCaseMainPhase(CommonExecutor.java:71)
	at com.kms.katalon.core.main.TestSuiteExecutor.accessTestSuiteMainPhase(TestSuiteExecutor.java:160)
	at com.kms.katalon.core.main.TestSuiteExecutor.execute(TestSuiteExecutor.java:107)
	at com.kms.katalon.core.main.TestCaseMain.startTestSuite(TestCaseMain.java:180)
	at TempTestSuite1743571471514.run(TempTestSuite1743571471514.groovy:35)
	at java.base/jdk.internal.reflect.NativeMethodAccessorImpl.invoke0(Native Method)
	at java.base/jdk.internal.reflect.NativeMethodAccessorImpl.invoke(NativeMethodAccessorImpl.java:77)
	at java.base/jdk.internal.reflect.DelegatingMethodAccessorImpl.invoke(DelegatingMethodAccessorImpl.java:43)
Caused by: java.lang.IllegalArgumentException: Object is null
	at com.kms.katalon.core.helper.KeywordHelper.checkTestObjectParameter(KeywordHelper.java:33)
	at com.kms.katalon.core.mobile.keyword.builtin.GetTextKeyword$_getText_closure1.doCall(GetTextKeyword.groovy:41)
	at com.kms.katalon.core.mobile.keyword.builtin.GetTextKeyword$_getText_closure1.call(GetTextKeyword.groovy)
	at com.kms.katalon.core.mobile.keyword.internal.MobileKeywordMain.runKeyword(MobileKeywordMain.groovy:30)
	at com.kms.katalon.core.mobile.keyword.builtin.GetTextKeyword.getText(GetTextKeyword.groovy:51)
	at com.kms.katalon.core.mobile.keyword.builtin.GetTextKeyword.execute(GetTextKeyword.groovy:35)
	at com.kms.katalon.core.keyword.internal.KeywordExecutor.executeKeywordForPlatform(KeywordExecutor.groovy:74)
	at com.kms.katalon.core.mobile.keyword.MobileBuiltInKeywords.getText(MobileBuiltInKeywords.groovy:1245)
	at EmailValidationTests.testTeamMemberEmailError(Script1743084213202.groovy:75)
	at EmailValidationTests.runAllTests(Script1743084213202.groovy:215)
	at Script1743084213202.run(Script1743084213202.groovy:227)
	... 15 more
)

02-04-2025T11:02:31 - [TEST_STEP][FAILED] - actualText = getText(findTestObject("Object Repository/Repo/android.widget.TextView - The email address used is a Team Member email address. Please select Create Team Member Account below"), 0): Failed to get text from element (Root cause: com.kms.katalon.core.exception.StepFailedException: Failed to get text from element
	at com.kms.katalon.core.mobile.keyword.internal.MobileKeywordMain.stepFailed(MobileKeywordMain.groovy:64)
	at com.kms.katalon.core.mobile.keyword.internal.MobileKeywordMain.runKeyword(MobileKeywordMain.groovy:34)
	at com.kms.katalon.core.mobile.keyword.builtin.GetTextKeyword.getText(GetTextKeyword.groovy:51)
	at com.kms.katalon.core.mobile.keyword.builtin.GetTextKeyword.execute(GetTextKeyword.groovy:35)
	at com.kms.katalon.core.keyword.internal.KeywordExecutor.executeKeywordForPlatform(KeywordExecutor.groovy:74)
	at com.kms.katalon.core.mobile.keyword.MobileBuiltInKeywords.getText(MobileBuiltInKeywords.groovy:1245)
	at EmailValidationTests.testTeamMemberEmailError(Script1743084213202.groovy:75)
	at EmailValidationTests.runAllTests(Script1743084213202.groovy:215)
	at C660-C681_SignUpNewUserPage.run(C660-C681_SignUpNewUserPage:227)
	at com.kms.katalon.core.main.ScriptEngine.run(ScriptEngine.java:194)
	at com.kms.katalon.core.main.ScriptEngine.runScriptAsRawText(ScriptEngine.java:119)
	at com.kms.katalon.core.main.TestCaseExecutor.runScript(TestCaseExecutor.java:448)
	at com.kms.katalon.core.main.TestCaseExecutor.doExecute(TestCaseExecutor.java:439)
	at com.kms.katalon.core.main.TestCaseExecutor.processExecutionPhase(TestCaseExecutor.java:418)
	at com.kms.katalon.core.main.TestCaseExecutor.accessMainPhase(TestCaseExecutor.java:410)
	at com.kms.katalon.core.main.TestCaseExecutor.execute(TestCaseExecutor.java:285)
	at com.kms.katalon.core.common.CommonExecutor.accessTestCaseMainPhase(CommonExecutor.java:71)
	at com.kms.katalon.core.main.TestSuiteExecutor.accessTestSuiteMainPhase(TestSuiteExecutor.java:160)
	at com.kms.katalon.core.main.TestSuiteExecutor.execute(TestSuiteExecutor.java:107)
	at com.kms.katalon.core.main.TestCaseMain.startTestSuite(TestCaseMain.java:180)
	at TempTestSuite1743571471514.run(TempTestSuite1743571471514.groovy:35)
	at java.base/jdk.internal.reflect.NativeMethodAccessorImpl.invoke0(Native Method)
	at java.base/jdk.internal.reflect.NativeMethodAccessorImpl.invoke(NativeMethodAccessorImpl.java:77)
	at java.base/jdk.internal.reflect.DelegatingMethodAccessorImpl.invoke(DelegatingMethodAccessorImpl.java:43)
Caused by: java.lang.IllegalArgumentException: Object is null
	at com.kms.katalon.core.helper.KeywordHelper.checkTestObjectParameter(KeywordHelper.java:33)
	at com.kms.katalon.core.mobile.keyword.builtin.GetTextKeyword$_getText_closure1.doCall(GetTextKeyword.groovy:41)
	at com.kms.katalon.core.mobile.keyword.builtin.GetTextKeyword$_getText_closure1.call(GetTextKeyword.groovy)
	at com.kms.katalon.core.mobile.keyword.internal.MobileKeywordMain.runKeyword(MobileKeywordMain.groovy:30)
	at com.kms.katalon.core.mobile.keyword.builtin.GetTextKeyword.getText(GetTextKeyword.groovy:51)
	at com.kms.katalon.core.mobile.keyword.builtin.GetTextKeyword.execute(GetTextKeyword.groovy:35)
	at com.kms.katalon.core.keyword.internal.KeywordExecutor.executeKeywordForPlatform(KeywordExecutor.groovy:74)
	at com.kms.katalon.core.mobile.keyword.MobileBuiltInKeywords.getText(MobileBuiltInKeywords.groovy:1245)
	at EmailValidationTests.testTeamMemberEmailError(Script1743084213202.groovy:75)
	at EmailValidationTests.runAllTests(Script1743084213202.groovy:215)
	at Script1743084213202.run(Script1743084213202.groovy:227)
	... 15 more
)

02-04-2025T11:02:31 - [MESSAGE][WARNING] - Test object with id 'Object Repository/Repo/android.widget.TextView - The email address used is a Team Member email address. Please select Create Team Member Account below' does not exist

02-04-2025T11:02:31 - [MESSAGE][WARNING] - Test object with id 'Object Repository/' does not exist

02-04-2025T11:02:32 - [MESSAGE][FAILED] - Failed to get text from element (Root cause: com.kms.katalon.core.exception.StepFailedException: Failed to get text from element
	at com.kms.katalon.core.mobile.keyword.internal.MobileKeywordMain.stepFailed(MobileKeywordMain.groovy:64)
	at com.kms.katalon.core.mobile.keyword.internal.MobileKeywordMain.runKeyword(MobileKeywordMain.groovy:34)
	at com.kms.katalon.core.mobile.keyword.builtin.GetTextKeyword.getText(GetTextKeyword.groovy:51)
	at com.kms.katalon.core.mobile.keyword.builtin.GetTextKeyword.execute(GetTextKeyword.groovy:35)
	at com.kms.katalon.core.keyword.internal.KeywordExecutor.executeKeywordForPlatform(KeywordExecutor.groovy:74)
	at com.kms.katalon.core.mobile.keyword.MobileBuiltInKeywords.getText(MobileBuiltInKeywords.groovy:1245)
	at EmailValidationTests.testTeamMemberEmailError(Script1743084213202.groovy:75)
	at EmailValidationTests.runAllTests(Script1743084213202.groovy:215)
	at C660-C681_SignUpNewUserPage.run(C660-C681_SignUpNewUserPage:227)
	at com.kms.katalon.core.main.ScriptEngine.run(ScriptEngine.java:194)
	at com.kms.katalon.core.main.ScriptEngine.runScriptAsRawText(ScriptEngine.java:119)
	at com.kms.katalon.core.main.TestCaseExecutor.runScript(TestCaseExecutor.java:448)
	at com.kms.katalon.core.main.TestCaseExecutor.doExecute(TestCaseExecutor.java:439)
	at com.kms.katalon.core.main.TestCaseExecutor.processExecutionPhase(TestCaseExecutor.java:418)
	at com.kms.katalon.core.main.TestCaseExecutor.accessMainPhase(TestCaseExecutor.java:410)
	at com.kms.katalon.core.main.TestCaseExecutor.execute(TestCaseExecutor.java:285)
	at com.kms.katalon.core.common.CommonExecutor.accessTestCaseMainPhase(CommonExecutor.java:71)
	at com.kms.katalon.core.main.TestSuiteExecutor.accessTestSuiteMainPhase(TestSuiteExecutor.java:160)
	at com.kms.katalon.core.main.TestSuiteExecutor.execute(TestSuiteExecutor.java:107)
	at com.kms.katalon.core.main.TestCaseMain.startTestSuite(TestCaseMain.java:180)
	at TempTestSuite1743571471514.run(TempTestSuite1743571471514.groovy:35)
	at java.base/jdk.internal.reflect.NativeMethodAccessorImpl.invoke0(Native Method)
	at java.base/jdk.internal.reflect.NativeMethodAccessorImpl.invoke(NativeMethodAccessorImpl.java:77)
	at java.base/jdk.internal.reflect.DelegatingMethodAccessorImpl.invoke(DelegatingMethodAccessorImpl.java:43)
Caused by: java.lang.IllegalArgumentException: Object is null
	at com.kms.katalon.core.helper.KeywordHelper.checkTestObjectParameter(KeywordHelper.java:33)
	at com.kms.katalon.core.mobile.keyword.builtin.GetTextKeyword$_getText_closure1.doCall(GetTextKeyword.groovy:41)
	at com.kms.katalon.core.mobile.keyword.builtin.GetTextKeyword$_getText_closure1.call(GetTextKeyword.groovy)
	at com.kms.katalon.core.mobile.keyword.internal.MobileKeywordMain.runKeyword(MobileKeywordMain.groovy:30)
	at com.kms.katalon.core.mobile.keyword.builtin.GetTextKeyword.getText(GetTextKeyword.groovy:51)
	at com.kms.katalon.core.mobile.keyword.builtin.GetTextKeyword.execute(GetTextKeyword.groovy:35)
	at com.kms.katalon.core.keyword.internal.KeywordExecutor.executeKeywordForPlatform(KeywordExecutor.groovy:74)
	at com.kms.katalon.core.mobile.keyword.MobileBuiltInKeywords.getText(MobileBuiltInKeywords.groovy:1245)
	at EmailValidationTests.testTeamMemberEmailError(Script1743084213202.groovy:75)
	at EmailValidationTests.runAllTests(Script1743084213202.groovy:215)
	at Script1743084213202.run(Script1743084213202.groovy:227)
	... 15 more
)
[[ATTACHMENT|/Users/gv.vignesh/Downloads/WGR-Android-Automation/Reports/20250402_105431/WRMA Android Regression/20250402_105431/1743571951288.png]]

02-04-2025T11:02:32 - [TEST_STEP][PASSED] - catch (Exception e): Object not found or text not available. Skipping check.

02-04-2025T11:02:32 - [TEST_STEP][PASSED] - markWarning("Object not found or text not available. Skipping check."): Object not found or text not available. Skipping check.

02-04-2025T11:02:32 - [MESSAGE][WARNING] - Object not found or text not available. Skipping check.

02-04-2025T11:02:32 - [TEST_STEP][PASSED] - if (actualText != null && actualText.contains(expectedText)): null

02-04-2025T11:02:32 - [TEST_STEP][PASSED] - tap(findTestObject("Object Repository/Repo/android.widget.Button - reset"), 0): Tapped on element 'Object Repository/Repo/android.widget.Button - reset'

02-04-2025T11:02:32 - [MESSAGE][WARNING] - Timeout '0' is invalid. Using default page load timeout: '30'

02-04-2025T11:02:33 - [MESSAGE][PASSED] - Tapped on element 'Object Repository/Repo/android.widget.Button - reset'

02-04-2025T11:02:33 - [TEST_STEP][PASSED] - hideKeyboard(): null

02-04-2025T11:02:35 - [MESSAGE][PASSED] - Keyboard is hidden

02-04-2025T11:02:35 - [TEST_STEP][PASSED] - testEmailAddressMismatch(): null

02-04-2025T11:02:35 - [TEST_STEP][PASSED] - testData = findTestData("Data Files/C679"): null

02-04-2025T11:02:35 - [TEST_STEP][PASSED] - email1 = testData.getValue("email", 1): null

02-04-2025T11:02:35 - [TEST_STEP][PASSED] - email2 = testData.getValue("email", 2): null

02-04-2025T11:02:35 - [TEST_STEP][PASSED] - sendKeys(findTestObject("Object Repository/Repo/android.widget.EditText-LoginorSignUp"), email1): Send keys 'vignesh@chn.com' on test object 'Object Repository/Repo/android.widget.EditText-LoginorSignUp' successfully.

02-04-2025T11:02:35 - [MESSAGE][PASSED] - Send keys 'vignesh@chn.com' on test object 'Object Repository/Repo/android.widget.EditText-LoginorSignUp' successfully.

02-04-2025T11:02:35 - [TEST_STEP][PASSED] - delay(10): Delayed 10 second(s)

02-04-2025T11:02:45 - [MESSAGE][PASSED] - Delayed 10 second(s)

02-04-2025T11:02:45 - [TEST_STEP][PASSED] - tap(findTestObject("Object Repository/Repo/android.widget.Button - Next"), 0): Tapped on element 'Object Repository/Repo/android.widget.Button - Next'

02-04-2025T11:02:45 - [MESSAGE][WARNING] - Timeout '0' is invalid. Using default page load timeout: '30'

02-04-2025T11:02:46 - [MESSAGE][PASSED] - Tapped on element 'Object Repository/Repo/android.widget.Button - Next'

02-04-2025T11:02:46 - [TEST_STEP][PASSED] - delay(10): Delayed 10 second(s)

02-04-2025T11:02:56 - [MESSAGE][PASSED] - Delayed 10 second(s)

02-04-2025T11:02:56 - [TEST_STEP][PASSED] - sendKeys(findTestObject("Object Repository/Repo/android.widget.EditText-confirm email address"), email2): Send keys 'Vignesh@c.com' on test object 'Object Repository/Repo/android.widget.EditText-confirm email address' successfully.

02-04-2025T11:02:56 - [MESSAGE][PASSED] - Send keys 'Vignesh@c.com' on test object 'Object Repository/Repo/android.widget.EditText-confirm email address' successfully.

02-04-2025T11:02:56 - [TEST_STEP][PASSED] - delay(10): Delayed 10 second(s)

02-04-2025T11:03:06 - [MESSAGE][PASSED] - Delayed 10 second(s)

02-04-2025T11:03:06 - [TEST_STEP][PASSED] - actualText = TextView -  Email addresses must match"), 0).trim(): Text of element 'Object Repository/Repo/android.widget.TextView -  Email addresses must match' is: ' Email addresses must match.
'

02-04-2025T11:03:06 - [MESSAGE][WARNING] - Timeout '0' is invalid. Using default page load timeout: '30'

02-04-2025T11:03:06 - [MESSAGE][PASSED] - Text of element 'Object Repository/Repo/android.widget.TextView -  Email addresses must match' is: ' Email addresses must match.
'

02-04-2025T11:03:06 - [TEST_STEP][PASSED] - expectedText = "Email addresses must match.": null

02-04-2025T11:03:06 - [TEST_STEP][PASSED] - assert actualText == expectedText: null

02-04-2025T11:03:06 - [TEST_STEP][PASSED] - tap(findTestObject("Object Repository/Repo/android.widget.Button - reset"), 0): Tapped on element 'Object Repository/Repo/android.widget.Button - reset'

02-04-2025T11:03:06 - [MESSAGE][WARNING] - Timeout '0' is invalid. Using default page load timeout: '30'

02-04-2025T11:03:06 - [MESSAGE][PASSED] - Tapped on element 'Object Repository/Repo/android.widget.Button - reset'

02-04-2025T11:03:06 - [TEST_STEP][PASSED] - hideKeyboard(): null

02-04-2025T11:03:09 - [MESSAGE][PASSED] - Keyboard is hidden

02-04-2025T11:03:09 - [TEST_STEP][PASSED] - testAlreadyUsedEmailAddress(): null

02-04-2025T11:03:09 - [TEST_STEP][PASSED] - excelData = findTestData("Data Files/C680"): null

02-04-2025T11:03:09 - [TEST_STEP][PASSED] - email1 = excelData.getValue("email", 1): null

02-04-2025T11:03:09 - [TEST_STEP][PASSED] - email2 = excelData.getValue("email", 2): null

02-04-2025T11:03:09 - [TEST_STEP][PASSED] - sendKeys(findTestObject("Object Repository/Repo/android.widget.EditText-LoginorSignUp"), email1): Send keys 'm@i.com' on test object 'Object Repository/Repo/android.widget.EditText-LoginorSignUp' successfully.

02-04-2025T11:03:09 - [MESSAGE][PASSED] - Send keys 'm@i.com' on test object 'Object Repository/Repo/android.widget.EditText-LoginorSignUp' successfully.

02-04-2025T11:03:09 - [TEST_STEP][PASSED] - delay(10): Delayed 10 second(s)

02-04-2025T11:03:19 - [MESSAGE][PASSED] - Delayed 10 second(s)

02-04-2025T11:03:19 - [TEST_STEP][PASSED] - tap(findTestObject("Object Repository/Repo/android.widget.Button - Next"), 0): Tapped on element 'Object Repository/Repo/android.widget.Button - Next'

02-04-2025T11:03:19 - [MESSAGE][WARNING] - Timeout '0' is invalid. Using default page load timeout: '30'

02-04-2025T11:03:19 - [MESSAGE][PASSED] - Tapped on element 'Object Repository/Repo/android.widget.Button - Next'

02-04-2025T11:03:19 - [TEST_STEP][PASSED] - delay(10): Delayed 10 second(s)

02-04-2025T11:03:29 - [MESSAGE][PASSED] - Delayed 10 second(s)

02-04-2025T11:03:29 - [TEST_STEP][PASSED] - tap(findTestObject("Object Repository/Repo/android.widget.Button - reset"), 0): Tapped on element 'Object Repository/Repo/android.widget.Button - reset'

02-04-2025T11:03:29 - [MESSAGE][WARNING] - Timeout '0' is invalid. Using default page load timeout: '30'

02-04-2025T11:03:29 - [MESSAGE][PASSED] - Tapped on element 'Object Repository/Repo/android.widget.Button - reset'

02-04-2025T11:03:29 - [TEST_STEP][PASSED] - hideKeyboard(): Keyboard is hidden

02-04-2025T11:03:31 - [MESSAGE][PASSED] - Keyboard is hidden

02-04-2025T11:03:31 - [TEST_STEP][PASSED] - delay(10): Delayed 10 second(s)

02-04-2025T11:03:41 - [MESSAGE][PASSED] - Delayed 10 second(s)

02-04-2025T11:03:41 - [TEST_STEP][PASSED] - sendKeys(findTestObject("Object Repository/Repo/android.widget.EditText -"), email2): Send keys '03205179TM@WG.COM' on test object 'Object Repository/Repo/android.widget.EditText -' successfully.

02-04-2025T11:03:41 - [MESSAGE][PASSED] - Send keys '03205179TM@WG.COM' on test object 'Object Repository/Repo/android.widget.EditText -' successfully.

02-04-2025T11:03:41 - [TEST_STEP][PASSED] - delay(10): Delayed 10 second(s)

02-04-2025T11:03:51 - [MESSAGE][PASSED] - Delayed 10 second(s)

02-04-2025T11:03:51 - [TEST_STEP][PASSED] - tap(findTestObject("Object Repository/Repo/android.widget.EditText-confirm email address"), 0): Tapped on element 'Object Repository/Repo/android.widget.EditText-confirm email address'

02-04-2025T11:03:51 - [MESSAGE][WARNING] - Timeout '0' is invalid. Using default page load timeout: '30'

02-04-2025T11:03:52 - [MESSAGE][PASSED] - Tapped on element 'Object Repository/Repo/android.widget.EditText-confirm email address'

02-04-2025T11:03:52 - [TEST_STEP][PASSED] - hideKeyboard(): Keyboard is hidden

02-04-2025T11:03:54 - [MESSAGE][PASSED] - Keyboard is hidden

02-04-2025T11:03:54 - [TEST_STEP][PASSED] - delay(10): Delayed 10 second(s)

02-04-2025T11:04:04 - [MESSAGE][PASSED] - Delayed 10 second(s)

02-04-2025T11:04:04 - [TEST_STEP][PASSED] - actualText = getText(findTestObject("Object Repository/Repo/android.widget.TextView -  The email address is already in use"), 0): Text of element 'Object Repository/Repo/android.widget.TextView -  The email address is already in use' is: ''

02-04-2025T11:04:04 - [MESSAGE][WARNING] - Timeout '0' is invalid. Using default page load timeout: '30'

02-04-2025T11:04:04 - [MESSAGE][PASSED] - Text of element 'Object Repository/Repo/android.widget.TextView -  The email address is already in use' is: ''

02-04-2025T11:04:04 - [TEST_STEP][PASSED] - expectedText = " The email address is already in use.": null

02-04-2025T11:04:04 - [TEST_STEP][PASSED] - tap(findTestObject("Object Repository/Repo/android.widget.Button - reset"), 0): Tapped on element 'Object Repository/Repo/android.widget.Button - reset'

02-04-2025T11:04:04 - [MESSAGE][WARNING] - Timeout '0' is invalid. Using default page load timeout: '30'

02-04-2025T11:04:05 - [MESSAGE][PASSED] - Tapped on element 'Object Repository/Repo/android.widget.Button - reset'

02-04-2025T11:04:05 - [TEST_STEP][PASSED] - hideKeyboard(): null

02-04-2025T11:04:08 - [MESSAGE][PASSED] - Keyboard is hidden

02-04-2025T11:04:08 - [TEST_STEP][PASSED] - testCopyPasteEmailFunctionality(): null

02-04-2025T11:04:08 - [TEST_STEP][PASSED] - testData = findTestData("Data Files/C681"): null

02-04-2025T11:04:08 - [TEST_STEP][PASSED] - email1 = testData.getValue("email", 1): null

02-04-2025T11:04:08 - [TEST_STEP][PASSED] - sendKeys(findTestObject("Object Repository/Repo/android.widget.EditText-LoginorSignUp"), email1): Send keys 'b@k.com' on test object 'Object Repository/Repo/android.widget.EditText-LoginorSignUp' successfully.

02-04-2025T11:04:08 - [MESSAGE][PASSED] - Send keys 'b@k.com' on test object 'Object Repository/Repo/android.widget.EditText-LoginorSignUp' successfully.

02-04-2025T11:04:08 - [TEST_STEP][PASSED] - delay(10): Delayed 10 second(s)

02-04-2025T11:04:18 - [MESSAGE][PASSED] - Delayed 10 second(s)

02-04-2025T11:04:18 - [TEST_STEP][PASSED] - tap(findTestObject("Object Repository/Repo/android.widget.Button - Next (1)"), 0): Tapped on element 'Object Repository/Repo/android.widget.Button - Next (1)'

02-04-2025T11:04:18 - [MESSAGE][WARNING] - Timeout '0' is invalid. Using default page load timeout: '30'

02-04-2025T11:04:18 - [MESSAGE][PASSED] - Tapped on element 'Object Repository/Repo/android.widget.Button - Next (1)'

02-04-2025T11:04:18 - [TEST_STEP][PASSED] - delay(10): Delayed 10 second(s)

02-04-2025T11:04:28 - [MESSAGE][PASSED] - Delayed 10 second(s)

02-04-2025T11:04:28 - [TEST_STEP][FAILED] - try: Failed to wait for element ''{0}'' present (Root cause: com.kms.katalon.core.exception.StepFailedException: Failed to wait for element ''{0}'' present
	at com.kms.katalon.core.mobile.keyword.internal.MobileKeywordMain.stepFailed(MobileKeywordMain.groovy:64)
	at com.kms.katalon.core.mobile.keyword.internal.MobileKeywordMain.runKeyword(MobileKeywordMain.groovy:34)
	at com.kms.katalon.core.mobile.keyword.builtin.WaitForElementPresentKeyword.waitForElementPresent(WaitForElementPresentKeyword.groovy:77)
	at com.kms.katalon.core.mobile.keyword.builtin.WaitForElementPresentKeyword.execute(WaitForElementPresentKeyword.groovy:61)
	at com.kms.katalon.core.keyword.internal.KeywordExecutor.executeKeywordForPlatform(KeywordExecutor.groovy:74)
	at com.kms.katalon.core.mobile.keyword.MobileBuiltInKeywords.waitForElementPresent(MobileBuiltInKeywords.groovy:1660)
	at EmailValidationTests.testCopyPasteEmailFunctionality(Script1743084213202.groovy:150)
	at EmailValidationTests.runAllTests(Script1743084213202.groovy:218)
	at C660-C681_SignUpNewUserPage.run(C660-C681_SignUpNewUserPage:227)
	at com.kms.katalon.core.main.ScriptEngine.run(ScriptEngine.java:194)
	at com.kms.katalon.core.main.ScriptEngine.runScriptAsRawText(ScriptEngine.java:119)
	at com.kms.katalon.core.main.TestCaseExecutor.runScript(TestCaseExecutor.java:448)
	at com.kms.katalon.core.main.TestCaseExecutor.doExecute(TestCaseExecutor.java:439)
	at com.kms.katalon.core.main.TestCaseExecutor.processExecutionPhase(TestCaseExecutor.java:418)
	at com.kms.katalon.core.main.TestCaseExecutor.accessMainPhase(TestCaseExecutor.java:410)
	at com.kms.katalon.core.main.TestCaseExecutor.execute(TestCaseExecutor.java:285)
	at com.kms.katalon.core.common.CommonExecutor.accessTestCaseMainPhase(CommonExecutor.java:71)
	at com.kms.katalon.core.main.TestSuiteExecutor.accessTestSuiteMainPhase(TestSuiteExecutor.java:160)
	at com.kms.katalon.core.main.TestSuiteExecutor.execute(TestSuiteExecutor.java:107)
	at com.kms.katalon.core.main.TestCaseMain.startTestSuite(TestCaseMain.java:180)
	at TempTestSuite1743571471514.run(TempTestSuite1743571471514.groovy:35)
	at java.base/jdk.internal.reflect.NativeMethodAccessorImpl.invoke0(Native Method)
	at java.base/jdk.internal.reflect.NativeMethodAccessorImpl.invoke(NativeMethodAccessorImpl.java:77)
	at java.base/jdk.internal.reflect.DelegatingMethodAccessorImpl.invoke(DelegatingMethodAccessorImpl.java:43)
Caused by: java.lang.IllegalArgumentException: Object is null
	at com.kms.katalon.core.helper.KeywordHelper.checkTestObjectParameter(KeywordHelper.java:33)
	at com.kms.katalon.core.mobile.keyword.builtin.WaitForElementPresentKeyword$_waitForElementPresent_closure1.doCall(WaitForElementPresentKeyword.groovy:67)
	at com.kms.katalon.core.mobile.keyword.builtin.WaitForElementPresentKeyword$_waitForElementPresent_closure1.call(WaitForElementPresentKeyword.groovy)
	at com.kms.katalon.core.mobile.keyword.internal.MobileKeywordMain.runKeyword(MobileKeywordMain.groovy:30)
	at com.kms.katalon.core.mobile.keyword.builtin.WaitForElementPresentKeyword.waitForElementPresent(WaitForElementPresentKeyword.groovy:77)
	at com.kms.katalon.core.mobile.keyword.builtin.WaitForElementPresentKeyword.execute(WaitForElementPresentKeyword.groovy:61)
	at com.kms.katalon.core.keyword.internal.KeywordExecutor.executeKeywordForPlatform(KeywordExecutor.groovy:74)
	at com.kms.katalon.core.mobile.keyword.MobileBuiltInKeywords.waitForElementPresent(MobileBuiltInKeywords.groovy:1660)
	at EmailValidationTests.testCopyPasteEmailFunctionality(Script1743084213202.groovy:150)
	at EmailValidationTests.runAllTests(Script1743084213202.groovy:218)
	at Script1743084213202.run(Script1743084213202.groovy:227)
	... 15 more
)

02-04-2025T11:04:28 - [TEST_STEP][PASSED] - tap(findTestObject("Object Repository/Repo/android.widget.EditText-LoginorSignUp"), 0): Tapped on element 'Object Repository/Repo/android.widget.EditText-LoginorSignUp'

02-04-2025T11:04:28 - [MESSAGE][WARNING] - Timeout '0' is invalid. Using default page load timeout: '30'

02-04-2025T11:04:28 - [MESSAGE][PASSED] - Tapped on element 'Object Repository/Repo/android.widget.EditText-LoginorSignUp'

02-04-2025T11:04:28 - [TEST_STEP][PASSED] - tapAndHold(findTestObject("Object Repository/Repo/android.widget.EditText-LoginorSignUp"), 2, 0): Tapped and held on element 'Object Repository/Repo/android.widget.EditText-LoginorSignUp' with duration 2

02-04-2025T11:04:28 - [MESSAGE][WARNING] - Timeout '0' is invalid. Using default page load timeout: '30'

02-04-2025T11:04:30 - [MESSAGE][PASSED] - Tapped and held on element 'Object Repository/Repo/android.widget.EditText-LoginorSignUp' with duration 2

02-04-2025T11:04:30 - [TEST_STEP][PASSED] - delay(2): Delayed 2 second(s)

02-04-2025T11:04:32 - [MESSAGE][PASSED] - Delayed 2 second(s)

02-04-2025T11:04:32 - [TEST_STEP][FAILED] - if (waitForElementPresent(findTestObject("Object Repository/Repo/android.widget.TextView - Copy"), 3)): Failed to wait for element ''{0}'' present (Root cause: com.kms.katalon.core.exception.StepFailedException: Failed to wait for element ''{0}'' present
	at com.kms.katalon.core.mobile.keyword.internal.MobileKeywordMain.stepFailed(MobileKeywordMain.groovy:64)
	at com.kms.katalon.core.mobile.keyword.internal.MobileKeywordMain.runKeyword(MobileKeywordMain.groovy:34)
	at com.kms.katalon.core.mobile.keyword.builtin.WaitForElementPresentKeyword.waitForElementPresent(WaitForElementPresentKeyword.groovy:77)
	at com.kms.katalon.core.mobile.keyword.builtin.WaitForElementPresentKeyword.execute(WaitForElementPresentKeyword.groovy:61)
	at com.kms.katalon.core.keyword.internal.KeywordExecutor.executeKeywordForPlatform(KeywordExecutor.groovy:74)
	at com.kms.katalon.core.mobile.keyword.MobileBuiltInKeywords.waitForElementPresent(MobileBuiltInKeywords.groovy:1660)
	at EmailValidationTests.testCopyPasteEmailFunctionality(Script1743084213202.groovy:150)
	at EmailValidationTests.runAllTests(Script1743084213202.groovy:218)
	at C660-C681_SignUpNewUserPage.run(C660-C681_SignUpNewUserPage:227)
	at com.kms.katalon.core.main.ScriptEngine.run(ScriptEngine.java:194)
	at com.kms.katalon.core.main.ScriptEngine.runScriptAsRawText(ScriptEngine.java:119)
	at com.kms.katalon.core.main.TestCaseExecutor.runScript(TestCaseExecutor.java:448)
	at com.kms.katalon.core.main.TestCaseExecutor.doExecute(TestCaseExecutor.java:439)
	at com.kms.katalon.core.main.TestCaseExecutor.processExecutionPhase(TestCaseExecutor.java:418)
	at com.kms.katalon.core.main.TestCaseExecutor.accessMainPhase(TestCaseExecutor.java:410)
	at com.kms.katalon.core.main.TestCaseExecutor.execute(TestCaseExecutor.java:285)
	at com.kms.katalon.core.common.CommonExecutor.accessTestCaseMainPhase(CommonExecutor.java:71)
	at com.kms.katalon.core.main.TestSuiteExecutor.accessTestSuiteMainPhase(TestSuiteExecutor.java:160)
	at com.kms.katalon.core.main.TestSuiteExecutor.execute(TestSuiteExecutor.java:107)
	at com.kms.katalon.core.main.TestCaseMain.startTestSuite(TestCaseMain.java:180)
	at TempTestSuite1743571471514.run(TempTestSuite1743571471514.groovy:35)
	at java.base/jdk.internal.reflect.NativeMethodAccessorImpl.invoke0(Native Method)
	at java.base/jdk.internal.reflect.NativeMethodAccessorImpl.invoke(NativeMethodAccessorImpl.java:77)
	at java.base/jdk.internal.reflect.DelegatingMethodAccessorImpl.invoke(DelegatingMethodAccessorImpl.java:43)
Caused by: java.lang.IllegalArgumentException: Object is null
	at com.kms.katalon.core.helper.KeywordHelper.checkTestObjectParameter(KeywordHelper.java:33)
	at com.kms.katalon.core.mobile.keyword.builtin.WaitForElementPresentKeyword$_waitForElementPresent_closure1.doCall(WaitForElementPresentKeyword.groovy:67)
	at com.kms.katalon.core.mobile.keyword.builtin.WaitForElementPresentKeyword$_waitForElementPresent_closure1.call(WaitForElementPresentKeyword.groovy)
	at com.kms.katalon.core.mobile.keyword.internal.MobileKeywordMain.runKeyword(MobileKeywordMain.groovy:30)
	at com.kms.katalon.core.mobile.keyword.builtin.WaitForElementPresentKeyword.waitForElementPresent(WaitForElementPresentKeyword.groovy:77)
	at com.kms.katalon.core.mobile.keyword.builtin.WaitForElementPresentKeyword.execute(WaitForElementPresentKeyword.groovy:61)
	at com.kms.katalon.core.keyword.internal.KeywordExecutor.executeKeywordForPlatform(KeywordExecutor.groovy:74)
	at com.kms.katalon.core.mobile.keyword.MobileBuiltInKeywords.waitForElementPresent(MobileBuiltInKeywords.groovy:1660)
	at EmailValidationTests.testCopyPasteEmailFunctionality(Script1743084213202.groovy:150)
	at EmailValidationTests.runAllTests(Script1743084213202.groovy:218)
	at Script1743084213202.run(Script1743084213202.groovy:227)
	... 15 more
)

02-04-2025T11:04:32 - [MESSAGE][WARNING] - Test object with id 'Object Repository/Repo/android.widget.TextView - Copy' does not exist

02-04-2025T11:04:32 - [MESSAGE][WARNING] - Test object with id 'Object Repository/' does not exist

02-04-2025T11:04:33 - [MESSAGE][FAILED] - Failed to wait for element ''{0}'' present (Root cause: com.kms.katalon.core.exception.StepFailedException: Failed to wait for element ''{0}'' present
	at com.kms.katalon.core.mobile.keyword.internal.MobileKeywordMain.stepFailed(MobileKeywordMain.groovy:64)
	at com.kms.katalon.core.mobile.keyword.internal.MobileKeywordMain.runKeyword(MobileKeywordMain.groovy:34)
	at com.kms.katalon.core.mobile.keyword.builtin.WaitForElementPresentKeyword.waitForElementPresent(WaitForElementPresentKeyword.groovy:77)
	at com.kms.katalon.core.mobile.keyword.builtin.WaitForElementPresentKeyword.execute(WaitForElementPresentKeyword.groovy:61)
	at com.kms.katalon.core.keyword.internal.KeywordExecutor.executeKeywordForPlatform(KeywordExecutor.groovy:74)
	at com.kms.katalon.core.mobile.keyword.MobileBuiltInKeywords.waitForElementPresent(MobileBuiltInKeywords.groovy:1660)
	at EmailValidationTests.testCopyPasteEmailFunctionality(Script1743084213202.groovy:150)
	at EmailValidationTests.runAllTests(Script1743084213202.groovy:218)
	at C660-C681_SignUpNewUserPage.run(C660-C681_SignUpNewUserPage:227)
	at com.kms.katalon.core.main.ScriptEngine.run(ScriptEngine.java:194)
	at com.kms.katalon.core.main.ScriptEngine.runScriptAsRawText(ScriptEngine.java:119)
	at com.kms.katalon.core.main.TestCaseExecutor.runScript(TestCaseExecutor.java:448)
	at com.kms.katalon.core.main.TestCaseExecutor.doExecute(TestCaseExecutor.java:439)
	at com.kms.katalon.core.main.TestCaseExecutor.processExecutionPhase(TestCaseExecutor.java:418)
	at com.kms.katalon.core.main.TestCaseExecutor.accessMainPhase(TestCaseExecutor.java:410)
	at com.kms.katalon.core.main.TestCaseExecutor.execute(TestCaseExecutor.java:285)
	at com.kms.katalon.core.common.CommonExecutor.accessTestCaseMainPhase(CommonExecutor.java:71)
	at com.kms.katalon.core.main.TestSuiteExecutor.accessTestSuiteMainPhase(TestSuiteExecutor.java:160)
	at com.kms.katalon.core.main.TestSuiteExecutor.execute(TestSuiteExecutor.java:107)
	at com.kms.katalon.core.main.TestCaseMain.startTestSuite(TestCaseMain.java:180)
	at TempTestSuite1743571471514.run(TempTestSuite1743571471514.groovy:35)
	at java.base/jdk.internal.reflect.NativeMethodAccessorImpl.invoke0(Native Method)
	at java.base/jdk.internal.reflect.NativeMethodAccessorImpl.invoke(NativeMethodAccessorImpl.java:77)
	at java.base/jdk.internal.reflect.DelegatingMethodAccessorImpl.invoke(DelegatingMethodAccessorImpl.java:43)
Caused by: java.lang.IllegalArgumentException: Object is null
	at com.kms.katalon.core.helper.KeywordHelper.checkTestObjectParameter(KeywordHelper.java:33)
	at com.kms.katalon.core.mobile.keyword.builtin.WaitForElementPresentKeyword$_waitForElementPresent_closure1.doCall(WaitForElementPresentKeyword.groovy:67)
	at com.kms.katalon.core.mobile.keyword.builtin.WaitForElementPresentKeyword$_waitForElementPresent_closure1.call(WaitForElementPresentKeyword.groovy)
	at com.kms.katalon.core.mobile.keyword.internal.MobileKeywordMain.runKeyword(MobileKeywordMain.groovy:30)
	at com.kms.katalon.core.mobile.keyword.builtin.WaitForElementPresentKeyword.waitForElementPresent(WaitForElementPresentKeyword.groovy:77)
	at com.kms.katalon.core.mobile.keyword.builtin.WaitForElementPresentKeyword.execute(WaitForElementPresentKeyword.groovy:61)
	at com.kms.katalon.core.keyword.internal.KeywordExecutor.executeKeywordForPlatform(KeywordExecutor.groovy:74)
	at com.kms.katalon.core.mobile.keyword.MobileBuiltInKeywords.waitForElementPresent(MobileBuiltInKeywords.groovy:1660)
	at EmailValidationTests.testCopyPasteEmailFunctionality(Script1743084213202.groovy:150)
	at EmailValidationTests.runAllTests(Script1743084213202.groovy:218)
	at Script1743084213202.run(Script1743084213202.groovy:227)
	... 15 more
)
[[ATTACHMENT|/Users/gv.vignesh/Downloads/WGR-Android-Automation/Reports/20250402_105431/WRMA Android Regression/20250402_105431/1743572072642.png]]

02-04-2025T11:04:33 - [TEST_STEP][PASSED] - catch (com.kms.katalon.core.exception.StepFailedException e): null

02-04-2025T11:04:33 - [TEST_STEP][PASSED] - println("⚠️ Error occurred during copy: " + e.getMessage()): null

02-04-2025T11:04:33 - [TEST_STEP][FAILED] - try: Failed to wait for element ''{0}'' present (Root cause: com.kms.katalon.core.exception.StepFailedException: Failed to wait for element ''{0}'' present
	at com.kms.katalon.core.mobile.keyword.internal.MobileKeywordMain.stepFailed(MobileKeywordMain.groovy:64)
	at com.kms.katalon.core.mobile.keyword.internal.MobileKeywordMain.runKeyword(MobileKeywordMain.groovy:34)
	at com.kms.katalon.core.mobile.keyword.builtin.WaitForElementPresentKeyword.waitForElementPresent(WaitForElementPresentKeyword.groovy:77)
	at com.kms.katalon.core.mobile.keyword.builtin.WaitForElementPresentKeyword.execute(WaitForElementPresentKeyword.groovy:61)
	at com.kms.katalon.core.keyword.internal.KeywordExecutor.executeKeywordForPlatform(KeywordExecutor.groovy:74)
	at com.kms.katalon.core.mobile.keyword.MobileBuiltInKeywords.waitForElementPresent(MobileBuiltInKeywords.groovy:1660)
	at EmailValidationTests.testCopyPasteEmailFunctionality(Script1743084213202.groovy:165)
	at EmailValidationTests.runAllTests(Script1743084213202.groovy:218)
	at C660-C681_SignUpNewUserPage.run(C660-C681_SignUpNewUserPage:227)
	at com.kms.katalon.core.main.ScriptEngine.run(ScriptEngine.java:194)
	at com.kms.katalon.core.main.ScriptEngine.runScriptAsRawText(ScriptEngine.java:119)
	at com.kms.katalon.core.main.TestCaseExecutor.runScript(TestCaseExecutor.java:448)
	at com.kms.katalon.core.main.TestCaseExecutor.doExecute(TestCaseExecutor.java:439)
	at com.kms.katalon.core.main.TestCaseExecutor.processExecutionPhase(TestCaseExecutor.java:418)
	at com.kms.katalon.core.main.TestCaseExecutor.accessMainPhase(TestCaseExecutor.java:410)
	at com.kms.katalon.core.main.TestCaseExecutor.execute(TestCaseExecutor.java:285)
	at com.kms.katalon.core.common.CommonExecutor.accessTestCaseMainPhase(CommonExecutor.java:71)
	at com.kms.katalon.core.main.TestSuiteExecutor.accessTestSuiteMainPhase(TestSuiteExecutor.java:160)
	at com.kms.katalon.core.main.TestSuiteExecutor.execute(TestSuiteExecutor.java:107)
	at com.kms.katalon.core.main.TestCaseMain.startTestSuite(TestCaseMain.java:180)
	at TempTestSuite1743571471514.run(TempTestSuite1743571471514.groovy:35)
	at java.base/jdk.internal.reflect.NativeMethodAccessorImpl.invoke0(Native Method)
	at java.base/jdk.internal.reflect.NativeMethodAccessorImpl.invoke(NativeMethodAccessorImpl.java:77)
	at java.base/jdk.internal.reflect.DelegatingMethodAccessorImpl.invoke(DelegatingMethodAccessorImpl.java:43)
Caused by: java.lang.IllegalArgumentException: Object is null
	at com.kms.katalon.core.helper.KeywordHelper.checkTestObjectParameter(KeywordHelper.java:33)
	at com.kms.katalon.core.mobile.keyword.builtin.WaitForElementPresentKeyword$_waitForElementPresent_closure1.doCall(WaitForElementPresentKeyword.groovy:67)
	at com.kms.katalon.core.mobile.keyword.builtin.WaitForElementPresentKeyword$_waitForElementPresent_closure1.call(WaitForElementPresentKeyword.groovy)
	at com.kms.katalon.core.mobile.keyword.internal.MobileKeywordMain.runKeyword(MobileKeywordMain.groovy:30)
	at com.kms.katalon.core.mobile.keyword.builtin.WaitForElementPresentKeyword.waitForElementPresent(WaitForElementPresentKeyword.groovy:77)
	at com.kms.katalon.core.mobile.keyword.builtin.WaitForElementPresentKeyword.execute(WaitForElementPresentKeyword.groovy:61)
	at com.kms.katalon.core.keyword.internal.KeywordExecutor.executeKeywordForPlatform(KeywordExecutor.groovy:74)
	at com.kms.katalon.core.mobile.keyword.MobileBuiltInKeywords.waitForElementPresent(MobileBuiltInKeywords.groovy:1660)
	at EmailValidationTests.testCopyPasteEmailFunctionality(Script1743084213202.groovy:165)
	at EmailValidationTests.runAllTests(Script1743084213202.groovy:218)
	at Script1743084213202.run(Script1743084213202.groovy:227)
	... 15 more
)

02-04-2025T11:04:33 - [TEST_STEP][PASSED] - tap(findTestObject("Object Repository/Repo/android.widget.EditText-confirm email address"), 0): Tapped on element 'Object Repository/Repo/android.widget.EditText-confirm email address'

02-04-2025T11:04:33 - [MESSAGE][WARNING] - Timeout '0' is invalid. Using default page load timeout: '30'

02-04-2025T11:04:33 - [MESSAGE][PASSED] - Tapped on element 'Object Repository/Repo/android.widget.EditText-confirm email address'

02-04-2025T11:04:33 - [TEST_STEP][PASSED] - tapAndHold(findTestObject("Object Repository/Repo/android.widget.EditText-confirm email address"), 2, 0): Tapped and held on element 'Object Repository/Repo/android.widget.EditText-confirm email address' with duration 2

02-04-2025T11:04:33 - [MESSAGE][WARNING] - Timeout '0' is invalid. Using default page load timeout: '30'

02-04-2025T11:04:36 - [MESSAGE][PASSED] - Tapped and held on element 'Object Repository/Repo/android.widget.EditText-confirm email address' with duration 2

02-04-2025T11:04:36 - [TEST_STEP][PASSED] - delay(2): Delayed 2 second(s)

02-04-2025T11:04:38 - [MESSAGE][PASSED] - Delayed 2 second(s)

02-04-2025T11:04:38 - [TEST_STEP][FAILED] - if (waitForElementPresent(findTestObject("Object Repository/Repo/android.widget.TextView - Paste"), 3)): Failed to wait for element ''{0}'' present (Root cause: com.kms.katalon.core.exception.StepFailedException: Failed to wait for element ''{0}'' present
	at com.kms.katalon.core.mobile.keyword.internal.MobileKeywordMain.stepFailed(MobileKeywordMain.groovy:64)
	at com.kms.katalon.core.mobile.keyword.internal.MobileKeywordMain.runKeyword(MobileKeywordMain.groovy:34)
	at com.kms.katalon.core.mobile.keyword.builtin.WaitForElementPresentKeyword.waitForElementPresent(WaitForElementPresentKeyword.groovy:77)
	at com.kms.katalon.core.mobile.keyword.builtin.WaitForElementPresentKeyword.execute(WaitForElementPresentKeyword.groovy:61)
	at com.kms.katalon.core.keyword.internal.KeywordExecutor.executeKeywordForPlatform(KeywordExecutor.groovy:74)
	at com.kms.katalon.core.mobile.keyword.MobileBuiltInKeywords.waitForElementPresent(MobileBuiltInKeywords.groovy:1660)
	at EmailValidationTests.testCopyPasteEmailFunctionality(Script1743084213202.groovy:165)
	at EmailValidationTests.runAllTests(Script1743084213202.groovy:218)
	at C660-C681_SignUpNewUserPage.run(C660-C681_SignUpNewUserPage:227)
	at com.kms.katalon.core.main.ScriptEngine.run(ScriptEngine.java:194)
	at com.kms.katalon.core.main.ScriptEngine.runScriptAsRawText(ScriptEngine.java:119)
	at com.kms.katalon.core.main.TestCaseExecutor.runScript(TestCaseExecutor.java:448)
	at com.kms.katalon.core.main.TestCaseExecutor.doExecute(TestCaseExecutor.java:439)
	at com.kms.katalon.core.main.TestCaseExecutor.processExecutionPhase(TestCaseExecutor.java:418)
	at com.kms.katalon.core.main.TestCaseExecutor.accessMainPhase(TestCaseExecutor.java:410)
	at com.kms.katalon.core.main.TestCaseExecutor.execute(TestCaseExecutor.java:285)
	at com.kms.katalon.core.common.CommonExecutor.accessTestCaseMainPhase(CommonExecutor.java:71)
	at com.kms.katalon.core.main.TestSuiteExecutor.accessTestSuiteMainPhase(TestSuiteExecutor.java:160)
	at com.kms.katalon.core.main.TestSuiteExecutor.execute(TestSuiteExecutor.java:107)
	at com.kms.katalon.core.main.TestCaseMain.startTestSuite(TestCaseMain.java:180)
	at TempTestSuite1743571471514.run(TempTestSuite1743571471514.groovy:35)
	at java.base/jdk.internal.reflect.NativeMethodAccessorImpl.invoke0(Native Method)
	at java.base/jdk.internal.reflect.NativeMethodAccessorImpl.invoke(NativeMethodAccessorImpl.java:77)
	at java.base/jdk.internal.reflect.DelegatingMethodAccessorImpl.invoke(DelegatingMethodAccessorImpl.java:43)
Caused by: java.lang.IllegalArgumentException: Object is null
	at com.kms.katalon.core.helper.KeywordHelper.checkTestObjectParameter(KeywordHelper.java:33)
	at com.kms.katalon.core.mobile.keyword.builtin.WaitForElementPresentKeyword$_waitForElementPresent_closure1.doCall(WaitForElementPresentKeyword.groovy:67)
	at com.kms.katalon.core.mobile.keyword.builtin.WaitForElementPresentKeyword$_waitForElementPresent_closure1.call(WaitForElementPresentKeyword.groovy)
	at com.kms.katalon.core.mobile.keyword.internal.MobileKeywordMain.runKeyword(MobileKeywordMain.groovy:30)
	at com.kms.katalon.core.mobile.keyword.builtin.WaitForElementPresentKeyword.waitForElementPresent(WaitForElementPresentKeyword.groovy:77)
	at com.kms.katalon.core.mobile.keyword.builtin.WaitForElementPresentKeyword.execute(WaitForElementPresentKeyword.groovy:61)
	at com.kms.katalon.core.keyword.internal.KeywordExecutor.executeKeywordForPlatform(KeywordExecutor.groovy:74)
	at com.kms.katalon.core.mobile.keyword.MobileBuiltInKeywords.waitForElementPresent(MobileBuiltInKeywords.groovy:1660)
	at EmailValidationTests.testCopyPasteEmailFunctionality(Script1743084213202.groovy:165)
	at EmailValidationTests.runAllTests(Script1743084213202.groovy:218)
	at Script1743084213202.run(Script1743084213202.groovy:227)
	... 15 more
)

02-04-2025T11:04:38 - [MESSAGE][WARNING] - Test object with id 'Object Repository/Repo/android.widget.TextView - Paste' does not exist

02-04-2025T11:04:38 - [MESSAGE][WARNING] - Test object with id 'Object Repository/' does not exist

02-04-2025T11:04:38 - [MESSAGE][FAILED] - Failed to wait for element ''{0}'' present (Root cause: com.kms.katalon.core.exception.StepFailedException: Failed to wait for element ''{0}'' present
	at com.kms.katalon.core.mobile.keyword.internal.MobileKeywordMain.stepFailed(MobileKeywordMain.groovy:64)
	at com.kms.katalon.core.mobile.keyword.internal.MobileKeywordMain.runKeyword(MobileKeywordMain.groovy:34)
	at com.kms.katalon.core.mobile.keyword.builtin.WaitForElementPresentKeyword.waitForElementPresent(WaitForElementPresentKeyword.groovy:77)
	at com.kms.katalon.core.mobile.keyword.builtin.WaitForElementPresentKeyword.execute(WaitForElementPresentKeyword.groovy:61)
	at com.kms.katalon.core.keyword.internal.KeywordExecutor.executeKeywordForPlatform(KeywordExecutor.groovy:74)
	at com.kms.katalon.core.mobile.keyword.MobileBuiltInKeywords.waitForElementPresent(MobileBuiltInKeywords.groovy:1660)
	at EmailValidationTests.testCopyPasteEmailFunctionality(Script1743084213202.groovy:165)
	at EmailValidationTests.runAllTests(Script1743084213202.groovy:218)
	at C660-C681_SignUpNewUserPage.run(C660-C681_SignUpNewUserPage:227)
	at com.kms.katalon.core.main.ScriptEngine.run(ScriptEngine.java:194)
	at com.kms.katalon.core.main.ScriptEngine.runScriptAsRawText(ScriptEngine.java:119)
	at com.kms.katalon.core.main.TestCaseExecutor.runScript(TestCaseExecutor.java:448)
	at com.kms.katalon.core.main.TestCaseExecutor.doExecute(TestCaseExecutor.java:439)
	at com.kms.katalon.core.main.TestCaseExecutor.processExecutionPhase(TestCaseExecutor.java:418)
	at com.kms.katalon.core.main.TestCaseExecutor.accessMainPhase(TestCaseExecutor.java:410)
	at com.kms.katalon.core.main.TestCaseExecutor.execute(TestCaseExecutor.java:285)
	at com.kms.katalon.core.common.CommonExecutor.accessTestCaseMainPhase(CommonExecutor.java:71)
	at com.kms.katalon.core.main.TestSuiteExecutor.accessTestSuiteMainPhase(TestSuiteExecutor.java:160)
	at com.kms.katalon.core.main.TestSuiteExecutor.execute(TestSuiteExecutor.java:107)
	at com.kms.katalon.core.main.TestCaseMain.startTestSuite(TestCaseMain.java:180)
	at TempTestSuite1743571471514.run(TempTestSuite1743571471514.groovy:35)
	at java.base/jdk.internal.reflect.NativeMethodAccessorImpl.invoke0(Native Method)
	at java.base/jdk.internal.reflect.NativeMethodAccessorImpl.invoke(NativeMethodAccessorImpl.java:77)
	at java.base/jdk.internal.reflect.DelegatingMethodAccessorImpl.invoke(DelegatingMethodAccessorImpl.java:43)
Caused by: java.lang.IllegalArgumentException: Object is null
	at com.kms.katalon.core.helper.KeywordHelper.checkTestObjectParameter(KeywordHelper.java:33)
	at com.kms.katalon.core.mobile.keyword.builtin.WaitForElementPresentKeyword$_waitForElementPresent_closure1.doCall(WaitForElementPresentKeyword.groovy:67)
	at com.kms.katalon.core.mobile.keyword.builtin.WaitForElementPresentKeyword$_waitForElementPresent_closure1.call(WaitForElementPresentKeyword.groovy)
	at com.kms.katalon.core.mobile.keyword.internal.MobileKeywordMain.runKeyword(MobileKeywordMain.groovy:30)
	at com.kms.katalon.core.mobile.keyword.builtin.WaitForElementPresentKeyword.waitForElementPresent(WaitForElementPresentKeyword.groovy:77)
	at com.kms.katalon.core.mobile.keyword.builtin.WaitForElementPresentKeyword.execute(WaitForElementPresentKeyword.groovy:61)
	at com.kms.katalon.core.keyword.internal.KeywordExecutor.executeKeywordForPlatform(KeywordExecutor.groovy:74)
	at com.kms.katalon.core.mobile.keyword.MobileBuiltInKeywords.waitForElementPresent(MobileBuiltInKeywords.groovy:1660)
	at EmailValidationTests.testCopyPasteEmailFunctionality(Script1743084213202.groovy:165)
	at EmailValidationTests.runAllTests(Script1743084213202.groovy:218)
	at Script1743084213202.run(Script1743084213202.groovy:227)
	... 15 more
)
[[ATTACHMENT|/Users/gv.vignesh/Downloads/WGR-Android-Automation/Reports/20250402_105431/WRMA Android Regression/20250402_105431/1743572078316.png]]

02-04-2025T11:04:38 - [TEST_STEP][PASSED] - catch (com.kms.katalon.core.exception.StepFailedException e): null

02-04-2025T11:04:38 - [TEST_STEP][PASSED] - println("⚠️ Error occurred during paste: " + e.getMessage()): null

02-04-2025T11:04:38 - [TEST_STEP][PASSED] - tap(findTestObject("Object Repository/Repo/android.widget.Button - reset"), 0): Tapped on element 'Object Repository/Repo/android.widget.Button - reset'

02-04-2025T11:04:38 - [MESSAGE][WARNING] - Timeout '0' is invalid. Using default page load timeout: '30'

02-04-2025T11:04:38 - [MESSAGE][PASSED] - Tapped on element 'Object Repository/Repo/android.widget.Button - reset'

02-04-2025T11:04:38 - [TEST_STEP][PASSED] - hideKeyboard(): null

02-04-2025T11:04:41 - [MESSAGE][PASSED] - Keyboard is hidden

02-04-2025T11:04:41 - [TEST_STEP][PASSED] - testMultipleEmailsFunctionality(): null

02-04-2025T11:04:41 - [TEST_STEP][PASSED] - testData = findTestData("Data Files/Emails"): null

02-04-2025T11:04:41 - [TEST_STEP][PASSED] - email1 = testData.getValue("email", 1): null

02-04-2025T11:04:41 - [TEST_STEP][PASSED] - email2 = testData.getValue("email", 2): null

02-04-2025T11:04:41 - [TEST_STEP][PASSED] - sendKeys(findTestObject("Object Repository/Repo/android.widget.EditText-LoginorSignUp"), email1): Send keys 'c@y.com' on test object 'Object Repository/Repo/android.widget.EditText-LoginorSignUp' successfully.

02-04-2025T11:04:41 - [MESSAGE][PASSED] - Send keys 'c@y.com' on test object 'Object Repository/Repo/android.widget.EditText-LoginorSignUp' successfully.

02-04-2025T11:04:41 - [TEST_STEP][PASSED] - tap(findTestObject("Object Repository/Repo/android.widget.Button - Next (1)"), 10): Tapped on element 'Object Repository/Repo/android.widget.Button - Next (1)'

02-04-2025T11:04:42 - [MESSAGE][PASSED] - Tapped on element 'Object Repository/Repo/android.widget.Button - Next (1)'

02-04-2025T11:04:42 - [TEST_STEP][PASSED] - tap(findTestObject("Object Repository/Repo/android.widget.Button - reset"), 10): Tapped on element 'Object Repository/Repo/android.widget.Button - reset'

02-04-2025T11:04:43 - [MESSAGE][PASSED] - Tapped on element 'Object Repository/Repo/android.widget.Button - reset'

02-04-2025T11:04:43 - [TEST_STEP][PASSED] - hideKeyboard(): Keyboard is hidden

02-04-2025T11:04:45 - [MESSAGE][PASSED] - Keyboard is hidden

02-04-2025T11:04:45 - [TEST_STEP][PASSED] - sendKeys(findTestObject("Object Repository/Repo/android.widget.EditText-confirm email address"), email2): Send keys 'o.m' on test object 'Object Repository/Repo/android.widget.EditText-confirm email address' successfully.

02-04-2025T11:04:45 - [MESSAGE][PASSED] - Send keys 'o.m' on test object 'Object Repository/Repo/android.widget.EditText-confirm email address' successfully.

02-04-2025T11:04:45 - [TEST_STEP][PASSED] - delay(3): Delayed 3 second(s)

02-04-2025T11:04:48 - [MESSAGE][PASSED] - Delayed 3 second(s)

02-04-2025T11:04:48 - [TEST_STEP][PASSED] - tap(findTestObject("Object Repository/Repo/android.widget.EditText-confirm email address"), 10): Tapped on element 'Object Repository/Repo/android.widget.EditText-confirm email address'

02-04-2025T11:04:50 - [MESSAGE][PASSED] - Tapped on element 'Object Repository/Repo/android.widget.EditText-confirm email address'

02-04-2025T11:04:50 - [TEST_STEP][PASSED] - try: null

02-04-2025T11:04:50 - [TEST_STEP][PASSED] - testObject = findTestObject("Object Repository/Repo/android.widget.TextView - Invalid email format"): Test object with id 'Object Repository/Repo/android.widget.TextView - Invalid email format' does not exist

02-04-2025T11:04:50 - [MESSAGE][WARNING] - Test object with id 'Object Repository/Repo/android.widget.TextView - Invalid email format' does not exist

02-04-2025T11:04:50 - [TEST_STEP][PASSED] - if (testObject == null): null

02-04-2025T11:04:50 - [TEST_STEP][PASSED] - throw new java.lang.Exception(Test object 'Invalid email format' not found in the Object Repository.): null

02-04-2025T11:04:50 - [TEST_STEP][PASSED] - catch (Exception e): null

02-04-2025T11:04:50 - [TEST_STEP][PASSED] - println(❌ An error occurred: $e.getMessage()): null

02-04-2025T11:04:50 - [TEST_STEP][PASSED] - tap(findTestObject("Object Repository/Repo/android.widget.Button - reset"), 0): Tapped on element 'Object Repository/Repo/android.widget.Button - reset'

02-04-2025T11:04:50 - [MESSAGE][WARNING] - Timeout '0' is invalid. Using default page load timeout: '30'

02-04-2025T11:04:50 - [MESSAGE][PASSED] - Tapped on element 'Object Repository/Repo/android.widget.Button - reset'

02-04-2025T11:04:50 - [TEST_STEP][PASSED] - hideKeyboard(): Keyboard is hidden

02-04-2025T11:04:53 - [MESSAGE][PASSED] - Keyboard is hidden

02-04-2025T11:04:53 - [TEST_STEP][PASSED] - Finally: null

02-04-2025T11:04:53 - [TEST_STEP][PASSED] - cleanup(): null

02-04-2025T11:04:53 - [TEST_STEP][PASSED] - closeApplication(): Close app successfully

02-04-2025T11:04:54 - [MESSAGE][PASSED] - Close app successfully]]></system-out>
         <system-err><![CDATA[]]></system-err>
      </testcase>
      <testcase name="Test Cases/Sign Up New UserPage/C682-C688_SignUpNewUserPage" time="380.083" classname="Test Cases/Sign Up New UserPage/C682-C688_SignUpNewUserPage" status="PASSED">
         <system-out><![CDATA[02-04-2025T11:06:25 - [TEST_CASE][PASSED] - Test Cases/Sign Up New UserPage/C682-C688_SignUpNewUserPage: Test Cases/Sign Up New UserPage/C682-C688_SignUpNewUserPage

02-04-2025T11:06:25 - [TEST_STEP][PASSED] - startApplication("/Users/gv.vignesh/Downloads/WGR-Android-Automation/App Folder/universal.apk", true): Started application: '/Users/gv.vignesh/Downloads/WGR-Android-Automation/App Folder/universal.apk'

02-04-2025T11:06:25 - [MESSAGE][INFO] - Starting application: '/Users/gv.vignesh/Downloads/WGR-Android-Automation/App Folder/universal.apk'

02-04-2025T11:06:25 - [MESSAGE][INFO] - User set preference: ['deviceId', '']

02-04-2025T11:06:29 - [MESSAGE][PASSED] - Started application: '/Users/gv.vignesh/Downloads/WGR-Android-Automation/App Folder/universal.apk'

02-04-2025T11:06:29 - [TEST_STEP][PASSED] - delay(10): Delayed 10 second(s)

02-04-2025T11:06:39 - [MESSAGE][PASSED] - Delayed 10 second(s)

02-04-2025T11:06:39 - [TEST_STEP][PASSED] - tap(findTestObject("Object Repository/Repo/SignUpNewUser/android.widget.Button - Login or Sign Up"), 0): Tapped on element 'Object Repository/Repo/SignUpNewUser/android.widget.Button - Login or Sign Up'

02-04-2025T11:06:39 - [MESSAGE][WARNING] - Timeout '0' is invalid. Using default page load timeout: '30'

02-04-2025T11:06:39 - [MESSAGE][PASSED] - Tapped on element 'Object Repository/Repo/SignUpNewUser/android.widget.Button - Login or Sign Up'

02-04-2025T11:06:39 - [TEST_STEP][PASSED] - delay(10): Delayed 10 second(s)

02-04-2025T11:06:49 - [MESSAGE][PASSED] - Delayed 10 second(s)

02-04-2025T11:06:49 - [TEST_STEP][PASSED] - setText(findTestObject("Object Repository/Repo/SignUpNewUser/android.widget.EditText"), "mitchell@yopmail.com", 0): Text 'mitchell@yopmail.com' has been set to element 'Object Repository/Repo/SignUpNewUser/android.widget.EditText'

02-04-2025T11:06:49 - [MESSAGE][WARNING] - Timeout '0' is invalid. Using default page load timeout: '30'

02-04-2025T11:06:49 - [MESSAGE][PASSED] - Text 'mitchell@yopmail.com' has been set to element 'Object Repository/Repo/SignUpNewUser/android.widget.EditText'

02-04-2025T11:06:49 - [TEST_STEP][PASSED] - delay(3): Delayed 3 second(s)

02-04-2025T11:06:52 - [MESSAGE][PASSED] - Delayed 3 second(s)

02-04-2025T11:06:52 - [TEST_STEP][PASSED] - hideKeyboard(): Keyboard is hidden

02-04-2025T11:06:55 - [MESSAGE][PASSED] - Keyboard is hidden

02-04-2025T11:06:55 - [TEST_STEP][PASSED] - delay(3): Delayed 3 second(s)

02-04-2025T11:06:58 - [MESSAGE][PASSED] - Delayed 3 second(s)

02-04-2025T11:06:58 - [TEST_STEP][PASSED] - tap(findTestObject("Object Repository/Repo/SignUpNewUser/android.widget.Button - Next"), 0): Tapped on element 'Object Repository/Repo/SignUpNewUser/android.widget.Button - Next'

02-04-2025T11:06:58 - [MESSAGE][WARNING] - Timeout '0' is invalid. Using default page load timeout: '30'

02-04-2025T11:06:58 - [MESSAGE][PASSED] - Tapped on element 'Object Repository/Repo/SignUpNewUser/android.widget.Button - Next'

02-04-2025T11:06:58 - [TEST_STEP][PASSED] - delay(3): Delayed 3 second(s)

02-04-2025T11:07:01 - [MESSAGE][PASSED] - Delayed 3 second(s)

02-04-2025T11:07:01 - [TEST_STEP][PASSED] - setText(findTestObject("Object Repository/Repo/SignUpNewUser/android.widget.EditText (1)"), "mitchell@yopmail.com", 0): Text 'mitchell@yopmail.com' has been set to element 'Object Repository/Repo/SignUpNewUser/android.widget.EditText (1)'

02-04-2025T11:07:01 - [MESSAGE][WARNING] - Timeout '0' is invalid. Using default page load timeout: '30'

02-04-2025T11:07:01 - [MESSAGE][PASSED] - Text 'mitchell@yopmail.com' has been set to element 'Object Repository/Repo/SignUpNewUser/android.widget.EditText (1)'

02-04-2025T11:07:01 - [TEST_STEP][PASSED] - delay(3): Delayed 3 second(s)

02-04-2025T11:07:04 - [MESSAGE][PASSED] - Delayed 3 second(s)

02-04-2025T11:07:04 - [TEST_STEP][PASSED] - hideKeyboard(): Keyboard is hidden

02-04-2025T11:07:07 - [MESSAGE][PASSED] - Keyboard is hidden

02-04-2025T11:07:07 - [TEST_STEP][PASSED] - delay(3): Delayed 3 second(s)

02-04-2025T11:07:10 - [MESSAGE][PASSED] - Delayed 3 second(s)

02-04-2025T11:07:10 - [TEST_STEP][PASSED] - tap(findTestObject("Object Repository/Repo/SignUpNewUser/android.widget.Button - Next (1)"), 0): Tapped on element 'Object Repository/Repo/SignUpNewUser/android.widget.Button - Next (1)'

02-04-2025T11:07:10 - [MESSAGE][WARNING] - Timeout '0' is invalid. Using default page load timeout: '30'

02-04-2025T11:07:10 - [MESSAGE][PASSED] - Tapped on element 'Object Repository/Repo/SignUpNewUser/android.widget.Button - Next (1)'

02-04-2025T11:07:10 - [TEST_STEP][PASSED] - delay(3): Delayed 3 second(s)

02-04-2025T11:07:13 - [MESSAGE][PASSED] - Delayed 3 second(s)

02-04-2025T11:07:13 - [TEST_STEP][PASSED] - setText(findTestObject("Object Repository/Repo/SignUpNewUser/android.widget.EditText (2)"), "steve", 0): Text 'steve' has been set to element 'Object Repository/Repo/SignUpNewUser/android.widget.EditText (2)'

02-04-2025T11:07:13 - [MESSAGE][WARNING] - Timeout '0' is invalid. Using default page load timeout: '30'

02-04-2025T11:07:13 - [MESSAGE][PASSED] - Text 'steve' has been set to element 'Object Repository/Repo/SignUpNewUser/android.widget.EditText (2)'

02-04-2025T11:07:13 - [TEST_STEP][PASSED] - delay(3): Delayed 3 second(s)

02-04-2025T11:07:16 - [MESSAGE][PASSED] - Delayed 3 second(s)

02-04-2025T11:07:16 - [TEST_STEP][PASSED] - hideKeyboard(): Keyboard is hidden

02-04-2025T11:07:19 - [MESSAGE][PASSED] - Keyboard is hidden

02-04-2025T11:07:19 - [TEST_STEP][PASSED] - delay(3): Delayed 3 second(s)

02-04-2025T11:07:22 - [MESSAGE][PASSED] - Delayed 3 second(s)

02-04-2025T11:07:22 - [TEST_STEP][PASSED] - setText(findTestObject("Object Repository/Repo/SignUpNewUser/android.widget.EditText (3)"), "smith", 0): Text 'smith' has been set to element 'Object Repository/Repo/SignUpNewUser/android.widget.EditText (3)'

02-04-2025T11:07:22 - [MESSAGE][WARNING] - Timeout '0' is invalid. Using default page load timeout: '30'

02-04-2025T11:07:22 - [MESSAGE][PASSED] - Text 'smith' has been set to element 'Object Repository/Repo/SignUpNewUser/android.widget.EditText (3)'

02-04-2025T11:07:22 - [TEST_STEP][PASSED] - delay(3): Delayed 3 second(s)

02-04-2025T11:07:25 - [MESSAGE][PASSED] - Delayed 3 second(s)

02-04-2025T11:07:25 - [TEST_STEP][PASSED] - hideKeyboard(): Keyboard is hidden

02-04-2025T11:07:27 - [MESSAGE][PASSED] - Keyboard is hidden

02-04-2025T11:07:27 - [TEST_STEP][PASSED] - delay(3): Delayed 3 second(s)

02-04-2025T11:07:30 - [MESSAGE][PASSED] - Delayed 3 second(s)

02-04-2025T11:07:30 - [TEST_STEP][PASSED] - sendKeys(findTestObject("Object Repository/Repo/SignUpNewUser/android.widget.EditText (5)"), "pass"): Send keys 'pass' on test object 'Object Repository/Repo/SignUpNewUser/android.widget.EditText (5)' successfully.

02-04-2025T11:07:30 - [MESSAGE][PASSED] - Send keys 'pass' on test object 'Object Repository/Repo/SignUpNewUser/android.widget.EditText (5)' successfully.

02-04-2025T11:07:30 - [TEST_STEP][PASSED] - delay(3): Delayed 3 second(s)

02-04-2025T11:07:33 - [MESSAGE][PASSED] - Delayed 3 second(s)

02-04-2025T11:07:33 - [TEST_STEP][PASSED] - tap(findTestObject("Object Repository/Repo/SignUpNewUser/android.widget.TextView - Your password must be between 8 and 20 characters and may not contain spaces"), 0): Tapped on element 'Object Repository/Repo/SignUpNewUser/android.widget.TextView - Your password must be between 8 and 20 characters and may not contain spaces'

02-04-2025T11:07:33 - [MESSAGE][WARNING] - Timeout '0' is invalid. Using default page load timeout: '30'

02-04-2025T11:07:35 - [MESSAGE][PASSED] - Tapped on element 'Object Repository/Repo/SignUpNewUser/android.widget.TextView - Your password must be between 8 and 20 characters and may not contain spaces'

02-04-2025T11:07:35 - [TEST_STEP][PASSED] - delay(3): Delayed 3 second(s)

02-04-2025T11:07:38 - [MESSAGE][PASSED] - Delayed 3 second(s)

02-04-2025T11:07:38 - [TEST_STEP][PASSED] - verifyElementExist(findTestObject("Object Repository/Repo/SignUpNewUser/android.widget.TextView -  Password does not meet security requirements"), 0): Element 'Object Repository/Repo/SignUpNewUser/android.widget.TextView -  Password does not meet security requirements' is exist

02-04-2025T11:07:38 - [MESSAGE][WARNING] - Timeout '0' is invalid. Using default page load timeout: '30'

02-04-2025T11:07:38 - [MESSAGE][PASSED] - Element 'Object Repository/Repo/SignUpNewUser/android.widget.TextView -  Password does not meet security requirements' is exist

02-04-2025T11:07:38 - [TEST_STEP][PASSED] - delay(3): Delayed 3 second(s)

02-04-2025T11:07:41 - [MESSAGE][PASSED] - Delayed 3 second(s)

02-04-2025T11:07:41 - [TEST_STEP][PASSED] - tap(findTestObject("Object Repository/Repo/SignUpNewUser/android.widget.Button - back"), 0): Tapped on element 'Object Repository/Repo/SignUpNewUser/android.widget.Button - back'

02-04-2025T11:07:41 - [MESSAGE][WARNING] - Timeout '0' is invalid. Using default page load timeout: '30'

02-04-2025T11:07:41 - [MESSAGE][PASSED] - Tapped on element 'Object Repository/Repo/SignUpNewUser/android.widget.Button - back'

02-04-2025T11:07:41 - [TEST_STEP][PASSED] - delay(3): Delayed 3 second(s)

02-04-2025T11:07:44 - [MESSAGE][PASSED] - Delayed 3 second(s)

02-04-2025T11:07:44 - [TEST_STEP][PASSED] - setText(findTestObject("Object Repository/Repo/SignUpNewUser/android.widget.EditText (1)"), "mitchell@yopmail.com", 0): Text 'mitchell@yopmail.com' has been set to element 'Object Repository/Repo/SignUpNewUser/android.widget.EditText (1)'

02-04-2025T11:07:44 - [MESSAGE][WARNING] - Timeout '0' is invalid. Using default page load timeout: '30'

02-04-2025T11:07:44 - [MESSAGE][PASSED] - Text 'mitchell@yopmail.com' has been set to element 'Object Repository/Repo/SignUpNewUser/android.widget.EditText (1)'

02-04-2025T11:07:44 - [TEST_STEP][PASSED] - delay(3): Delayed 3 second(s)

02-04-2025T11:07:47 - [MESSAGE][PASSED] - Delayed 3 second(s)

02-04-2025T11:07:47 - [TEST_STEP][PASSED] - hideKeyboard(): Keyboard is hidden

02-04-2025T11:07:50 - [MESSAGE][PASSED] - Keyboard is hidden

02-04-2025T11:07:50 - [TEST_STEP][PASSED] - delay(3): Delayed 3 second(s)

02-04-2025T11:07:53 - [MESSAGE][PASSED] - Delayed 3 second(s)

02-04-2025T11:07:53 - [TEST_STEP][PASSED] - tap(findTestObject("Object Repository/Repo/SignUpNewUser/android.widget.Button - Next (1)"), 0): Tapped on element 'Object Repository/Repo/SignUpNewUser/android.widget.Button - Next (1)'

02-04-2025T11:07:53 - [MESSAGE][WARNING] - Timeout '0' is invalid. Using default page load timeout: '30'

02-04-2025T11:07:53 - [MESSAGE][PASSED] - Tapped on element 'Object Repository/Repo/SignUpNewUser/android.widget.Button - Next (1)'

02-04-2025T11:07:53 - [TEST_STEP][PASSED] - delay(3): Delayed 3 second(s)

02-04-2025T11:07:56 - [MESSAGE][PASSED] - Delayed 3 second(s)

02-04-2025T11:07:56 - [TEST_STEP][PASSED] - setText(findTestObject("Object Repository/Repo/SignUpNewUser/android.widget.EditText (6)"), "steve", 0): Text 'steve' has been set to element 'Object Repository/Repo/SignUpNewUser/android.widget.EditText (6)'

02-04-2025T11:07:56 - [MESSAGE][WARNING] - Timeout '0' is invalid. Using default page load timeout: '30'

02-04-2025T11:07:56 - [MESSAGE][PASSED] - Text 'steve' has been set to element 'Object Repository/Repo/SignUpNewUser/android.widget.EditText (6)'

02-04-2025T11:07:56 - [TEST_STEP][PASSED] - delay(3): Delayed 3 second(s)

02-04-2025T11:07:59 - [MESSAGE][PASSED] - Delayed 3 second(s)

02-04-2025T11:07:59 - [TEST_STEP][PASSED] - hideKeyboard(): Keyboard is hidden

02-04-2025T11:08:02 - [MESSAGE][PASSED] - Keyboard is hidden

02-04-2025T11:08:02 - [TEST_STEP][PASSED] - delay(3): Delayed 3 second(s)

02-04-2025T11:08:05 - [MESSAGE][PASSED] - Delayed 3 second(s)

02-04-2025T11:08:05 - [TEST_STEP][PASSED] - setText(findTestObject("Object Repository/Repo/SignUpNewUser/android.widget.EditText (7)"), "smith", 0): Text 'smith' has been set to element 'Object Repository/Repo/SignUpNewUser/android.widget.EditText (7)'

02-04-2025T11:08:05 - [MESSAGE][WARNING] - Timeout '0' is invalid. Using default page load timeout: '30'

02-04-2025T11:08:05 - [MESSAGE][PASSED] - Text 'smith' has been set to element 'Object Repository/Repo/SignUpNewUser/android.widget.EditText (7)'

02-04-2025T11:08:05 - [TEST_STEP][PASSED] - delay(3): Delayed 3 second(s)

02-04-2025T11:08:08 - [MESSAGE][PASSED] - Delayed 3 second(s)

02-04-2025T11:08:08 - [TEST_STEP][PASSED] - hideKeyboard(): Keyboard is hidden

02-04-2025T11:08:10 - [MESSAGE][PASSED] - Keyboard is hidden

02-04-2025T11:08:10 - [TEST_STEP][PASSED] - delay(3): Delayed 3 second(s)

02-04-2025T11:08:13 - [MESSAGE][PASSED] - Delayed 3 second(s)

02-04-2025T11:08:13 - [TEST_STEP][PASSED] - sendKeys(findTestObject("Object Repository/Repo/SignUpNewUser/android.widget.EditText (8)"), "1234567890123456789012"): Send keys '1234567890123456789012' on test object 'Object Repository/Repo/SignUpNewUser/android.widget.EditText (8)' successfully.

02-04-2025T11:08:13 - [MESSAGE][PASSED] - Send keys '1234567890123456789012' on test object 'Object Repository/Repo/SignUpNewUser/android.widget.EditText (8)' successfully.

02-04-2025T11:08:13 - [TEST_STEP][PASSED] - delay(3): Delayed 3 second(s)

02-04-2025T11:08:16 - [MESSAGE][PASSED] - Delayed 3 second(s)

02-04-2025T11:08:16 - [TEST_STEP][PASSED] - tap(findTestObject("Object Repository/Repo/SignUpNewUser/android.widget.TextView - Your password must be between 8 and 20 characters and may not contain spaces"), 0): Tapped on element 'Object Repository/Repo/SignUpNewUser/android.widget.TextView - Your password must be between 8 and 20 characters and may not contain spaces'

02-04-2025T11:08:16 - [MESSAGE][WARNING] - Timeout '0' is invalid. Using default page load timeout: '30'

02-04-2025T11:08:17 - [MESSAGE][PASSED] - Tapped on element 'Object Repository/Repo/SignUpNewUser/android.widget.TextView - Your password must be between 8 and 20 characters and may not contain spaces'

02-04-2025T11:08:17 - [TEST_STEP][PASSED] - delay(3): Delayed 3 second(s)

02-04-2025T11:08:20 - [MESSAGE][PASSED] - Delayed 3 second(s)

02-04-2025T11:08:20 - [TEST_STEP][PASSED] - tap(findTestObject("Object Repository/Repo/SignUpNewUser/android.widget.TextView - Confirm Password"), 0): Tapped on element 'Object Repository/Repo/SignUpNewUser/android.widget.TextView - Confirm Password'

02-04-2025T11:08:20 - [MESSAGE][WARNING] - Timeout '0' is invalid. Using default page load timeout: '30'

02-04-2025T11:08:20 - [MESSAGE][PASSED] - Tapped on element 'Object Repository/Repo/SignUpNewUser/android.widget.TextView - Confirm Password'

02-04-2025T11:08:20 - [TEST_STEP][PASSED] - delay(3): Delayed 3 second(s)

02-04-2025T11:08:23 - [MESSAGE][PASSED] - Delayed 3 second(s)

02-04-2025T11:08:23 - [TEST_STEP][PASSED] - tap(findTestObject("Object Repository/Repo/SignUpNewUser/android.widget.TextView - Confirm Password"), 0): Tapped on element 'Object Repository/Repo/SignUpNewUser/android.widget.TextView - Confirm Password'

02-04-2025T11:08:23 - [MESSAGE][WARNING] - Timeout '0' is invalid. Using default page load timeout: '30'

02-04-2025T11:08:23 - [MESSAGE][PASSED] - Tapped on element 'Object Repository/Repo/SignUpNewUser/android.widget.TextView - Confirm Password'

02-04-2025T11:08:23 - [TEST_STEP][PASSED] - delay(3): Delayed 3 second(s)

02-04-2025T11:08:26 - [MESSAGE][PASSED] - Delayed 3 second(s)

02-04-2025T11:08:26 - [TEST_STEP][PASSED] - sendKeys(findTestObject("Object Repository/Repo/SignUpNewUser/android.widget.EditText (9)"), "1234567890123456789012"): Send keys '1234567890123456789012' on test object 'Object Repository/Repo/SignUpNewUser/android.widget.EditText (9)' successfully.

02-04-2025T11:08:26 - [MESSAGE][PASSED] - Send keys '1234567890123456789012' on test object 'Object Repository/Repo/SignUpNewUser/android.widget.EditText (9)' successfully.

02-04-2025T11:08:26 - [TEST_STEP][PASSED] - delay(3): Delayed 3 second(s)

02-04-2025T11:08:29 - [MESSAGE][PASSED] - Delayed 3 second(s)

02-04-2025T11:08:29 - [TEST_STEP][PASSED] - tap(findTestObject("Object Repository/Repo/SignUpNewUser/android.widget.TextView - Confirm Password"), 0): Tapped on element 'Object Repository/Repo/SignUpNewUser/android.widget.TextView - Confirm Password'

02-04-2025T11:08:29 - [MESSAGE][WARNING] - Timeout '0' is invalid. Using default page load timeout: '30'

02-04-2025T11:08:29 - [MESSAGE][PASSED] - Tapped on element 'Object Repository/Repo/SignUpNewUser/android.widget.TextView - Confirm Password'

02-04-2025T11:08:29 - [TEST_STEP][PASSED] - delay(3): Delayed 3 second(s)

02-04-2025T11:08:32 - [MESSAGE][PASSED] - Delayed 3 second(s)

02-04-2025T11:08:32 - [TEST_STEP][PASSED] - tap(findTestObject("Object Repository/Repo/SignUpNewUser/android.widget.Image"), 0): Tapped on element 'Object Repository/Repo/SignUpNewUser/android.widget.Image'

02-04-2025T11:08:32 - [MESSAGE][WARNING] - Timeout '0' is invalid. Using default page load timeout: '30'

02-04-2025T11:08:32 - [MESSAGE][PASSED] - Tapped on element 'Object Repository/Repo/SignUpNewUser/android.widget.Image'

02-04-2025T11:08:32 - [TEST_STEP][PASSED] - delay(3): Delayed 3 second(s)

02-04-2025T11:08:35 - [MESSAGE][PASSED] - Delayed 3 second(s)

02-04-2025T11:08:35 - [TEST_STEP][PASSED] - tap(findTestObject("Object Repository/Repo/SignUpNewUser/android.widget.TextView - Your password must be between 8 and 20 characters and may not contain spaces"), 0): Tapped on element 'Object Repository/Repo/SignUpNewUser/android.widget.TextView - Your password must be between 8 and 20 characters and may not contain spaces'

02-04-2025T11:08:35 - [MESSAGE][WARNING] - Timeout '0' is invalid. Using default page load timeout: '30'

02-04-2025T11:08:35 - [MESSAGE][PASSED] - Tapped on element 'Object Repository/Repo/SignUpNewUser/android.widget.TextView - Your password must be between 8 and 20 characters and may not contain spaces'

02-04-2025T11:08:35 - [TEST_STEP][PASSED] - delay(3): Delayed 3 second(s)

02-04-2025T11:08:38 - [MESSAGE][PASSED] - Delayed 3 second(s)

02-04-2025T11:08:38 - [TEST_STEP][PASSED] - tap(findTestObject("Object Repository/Repo/SignUpNewUser/android.widget.TextView - Confirm Password"), 0): Tapped on element 'Object Repository/Repo/SignUpNewUser/android.widget.TextView - Confirm Password'

02-04-2025T11:08:38 - [MESSAGE][WARNING] - Timeout '0' is invalid. Using default page load timeout: '30'

02-04-2025T11:08:39 - [MESSAGE][PASSED] - Tapped on element 'Object Repository/Repo/SignUpNewUser/android.widget.TextView - Confirm Password'

02-04-2025T11:08:39 - [TEST_STEP][PASSED] - delay(3): Delayed 3 second(s)

02-04-2025T11:08:42 - [MESSAGE][PASSED] - Delayed 3 second(s)

02-04-2025T11:08:42 - [TEST_STEP][PASSED] - tap(findTestObject("Object Repository/Repo/SignUpNewUser/android.widget.Image"), 0): Tapped on element 'Object Repository/Repo/SignUpNewUser/android.widget.Image'

02-04-2025T11:08:42 - [MESSAGE][WARNING] - Timeout '0' is invalid. Using default page load timeout: '30'

02-04-2025T11:08:42 - [MESSAGE][PASSED] - Tapped on element 'Object Repository/Repo/SignUpNewUser/android.widget.Image'

02-04-2025T11:08:42 - [TEST_STEP][PASSED] - delay(3): Delayed 3 second(s)

02-04-2025T11:08:45 - [MESSAGE][PASSED] - Delayed 3 second(s)

02-04-2025T11:08:45 - [TEST_STEP][PASSED] - tap(findTestObject("Object Repository/Repo/SignUpNewUser/android.view.View"), 0): Tapped on element 'Object Repository/Repo/SignUpNewUser/android.view.View'

02-04-2025T11:08:45 - [MESSAGE][WARNING] - Timeout '0' is invalid. Using default page load timeout: '30'

02-04-2025T11:08:45 - [MESSAGE][PASSED] - Tapped on element 'Object Repository/Repo/SignUpNewUser/android.view.View'

02-04-2025T11:08:45 - [TEST_STEP][PASSED] - delay(3): Delayed 3 second(s)

02-04-2025T11:08:48 - [MESSAGE][PASSED] - Delayed 3 second(s)

02-04-2025T11:08:48 - [TEST_STEP][PASSED] - tap(findTestObject("Object Repository/Repo/SignUpNewUser/android.widget.TextView - Your password must be between 8 and 20 characters and may not contain spaces"), 0): Tapped on element 'Object Repository/Repo/SignUpNewUser/android.widget.TextView - Your password must be between 8 and 20 characters and may not contain spaces'

02-04-2025T11:08:48 - [MESSAGE][WARNING] - Timeout '0' is invalid. Using default page load timeout: '30'

02-04-2025T11:08:48 - [MESSAGE][PASSED] - Tapped on element 'Object Repository/Repo/SignUpNewUser/android.widget.TextView - Your password must be between 8 and 20 characters and may not contain spaces'

02-04-2025T11:08:48 - [TEST_STEP][PASSED] - delay(3): Delayed 3 second(s)

02-04-2025T11:08:51 - [MESSAGE][PASSED] - Delayed 3 second(s)

02-04-2025T11:08:51 - [TEST_STEP][PASSED] - sendKeys(findTestObject("Object Repository/Repo/SignUpNewUser/android.widget.EditText - 1234567890123456789012"), "1234567890123456789012"): Send keys '1234567890123456789012' on test object 'Object Repository/Repo/SignUpNewUser/android.widget.EditText - 1234567890123456789012' successfully.

02-04-2025T11:08:51 - [MESSAGE][PASSED] - Send keys '1234567890123456789012' on test object 'Object Repository/Repo/SignUpNewUser/android.widget.EditText - 1234567890123456789012' successfully.

02-04-2025T11:08:51 - [TEST_STEP][PASSED] - delay(3): Delayed 3 second(s)

02-04-2025T11:08:54 - [MESSAGE][PASSED] - Delayed 3 second(s)

02-04-2025T11:08:54 - [TEST_STEP][PASSED] - tap(findTestObject("Object Repository/Repo/SignUpNewUser/android.widget.TextView - Your password must be between 8 and 20 characters and may not contain spaces"), 0): Tapped on element 'Object Repository/Repo/SignUpNewUser/android.widget.TextView - Your password must be between 8 and 20 characters and may not contain spaces'

02-04-2025T11:08:54 - [MESSAGE][WARNING] - Timeout '0' is invalid. Using default page load timeout: '30'

02-04-2025T11:08:54 - [MESSAGE][PASSED] - Tapped on element 'Object Repository/Repo/SignUpNewUser/android.widget.TextView - Your password must be between 8 and 20 characters and may not contain spaces'

02-04-2025T11:08:54 - [TEST_STEP][PASSED] - delay(3): Delayed 3 second(s)

02-04-2025T11:08:57 - [MESSAGE][PASSED] - Delayed 3 second(s)

02-04-2025T11:08:57 - [TEST_STEP][PASSED] - tap(findTestObject("Object Repository/Repo/SignUpNewUser/android.widget.TextView - Confirm Password"), 0): Tapped on element 'Object Repository/Repo/SignUpNewUser/android.widget.TextView - Confirm Password'

02-04-2025T11:08:57 - [MESSAGE][WARNING] - Timeout '0' is invalid. Using default page load timeout: '30'

02-04-2025T11:08:57 - [MESSAGE][PASSED] - Tapped on element 'Object Repository/Repo/SignUpNewUser/android.widget.TextView - Confirm Password'

02-04-2025T11:08:57 - [TEST_STEP][PASSED] - delay(3): Delayed 3 second(s)

02-04-2025T11:09:00 - [MESSAGE][PASSED] - Delayed 3 second(s)

02-04-2025T11:09:00 - [TEST_STEP][PASSED] - tap(findTestObject("Object Repository/Repo/SignUpNewUser/android.widget.Image"), 0): Tapped on element 'Object Repository/Repo/SignUpNewUser/android.widget.Image'

02-04-2025T11:09:00 - [MESSAGE][WARNING] - Timeout '0' is invalid. Using default page load timeout: '30'

02-04-2025T11:09:00 - [MESSAGE][PASSED] - Tapped on element 'Object Repository/Repo/SignUpNewUser/android.widget.Image'

02-04-2025T11:09:00 - [TEST_STEP][PASSED] - delay(3): Delayed 3 second(s)

02-04-2025T11:09:03 - [MESSAGE][PASSED] - Delayed 3 second(s)

02-04-2025T11:09:03 - [TEST_STEP][PASSED] - tap(findTestObject("Object Repository/Repo/SignUpNewUser/android.widget.Image"), 0): Tapped on element 'Object Repository/Repo/SignUpNewUser/android.widget.Image'

02-04-2025T11:09:03 - [MESSAGE][WARNING] - Timeout '0' is invalid. Using default page load timeout: '30'

02-04-2025T11:09:04 - [MESSAGE][PASSED] - Tapped on element 'Object Repository/Repo/SignUpNewUser/android.widget.Image'

02-04-2025T11:09:04 - [TEST_STEP][PASSED] - delay(3): Delayed 3 second(s)

02-04-2025T11:09:07 - [MESSAGE][PASSED] - Delayed 3 second(s)

02-04-2025T11:09:07 - [TEST_STEP][PASSED] - tap(findTestObject("Object Repository/Repo/SignUpNewUser/android.view.View (1)"), 0): Tapped on element 'Object Repository/Repo/SignUpNewUser/android.view.View (1)'

02-04-2025T11:09:07 - [MESSAGE][WARNING] - Timeout '0' is invalid. Using default page load timeout: '30'

02-04-2025T11:09:07 - [MESSAGE][PASSED] - Tapped on element 'Object Repository/Repo/SignUpNewUser/android.view.View (1)'

02-04-2025T11:09:07 - [TEST_STEP][PASSED] - delay(3): Delayed 3 second(s)

02-04-2025T11:09:10 - [MESSAGE][PASSED] - Delayed 3 second(s)

02-04-2025T11:09:10 - [TEST_STEP][PASSED] - sendKeys(findTestObject("Object Repository/Repo/SignUpNewUser/android.widget.EditText - 1234567890123456789012 (1)"), "1234567890123456789012"): Send keys '1234567890123456789012' on test object 'Object Repository/Repo/SignUpNewUser/android.widget.EditText - 1234567890123456789012 (1)' successfully.

02-04-2025T11:09:10 - [MESSAGE][PASSED] - Send keys '1234567890123456789012' on test object 'Object Repository/Repo/SignUpNewUser/android.widget.EditText - 1234567890123456789012 (1)' successfully.

02-04-2025T11:09:10 - [TEST_STEP][PASSED] - delay(3): Delayed 3 second(s)

02-04-2025T11:09:13 - [MESSAGE][PASSED] - Delayed 3 second(s)

02-04-2025T11:09:13 - [TEST_STEP][PASSED] - tap(findTestObject("Object Repository/Repo/SignUpNewUser/android.widget.TextView - Your password must be between 8 and 20 characters and may not contain spaces"), 0): Tapped on element 'Object Repository/Repo/SignUpNewUser/android.widget.TextView - Your password must be between 8 and 20 characters and may not contain spaces'

02-04-2025T11:09:13 - [MESSAGE][WARNING] - Timeout '0' is invalid. Using default page load timeout: '30'

02-04-2025T11:09:13 - [MESSAGE][PASSED] - Tapped on element 'Object Repository/Repo/SignUpNewUser/android.widget.TextView - Your password must be between 8 and 20 characters and may not contain spaces'

02-04-2025T11:09:13 - [TEST_STEP][PASSED] - delay(3): Delayed 3 second(s)

02-04-2025T11:09:16 - [MESSAGE][PASSED] - Delayed 3 second(s)

02-04-2025T11:09:16 - [TEST_STEP][PASSED] - tap(findTestObject("Object Repository/Repo/SignUpNewUser/android.widget.Image (1)"), 0): Tapped on element 'Object Repository/Repo/SignUpNewUser/android.widget.Image (1)'

02-04-2025T11:09:16 - [MESSAGE][WARNING] - Timeout '0' is invalid. Using default page load timeout: '30'

02-04-2025T11:09:16 - [MESSAGE][PASSED] - Tapped on element 'Object Repository/Repo/SignUpNewUser/android.widget.Image (1)'

02-04-2025T11:09:16 - [TEST_STEP][PASSED] - delay(3): Delayed 3 second(s)

02-04-2025T11:09:19 - [MESSAGE][PASSED] - Delayed 3 second(s)

02-04-2025T11:09:19 - [TEST_STEP][PASSED] - sendKeys(findTestObject("Object Repository/Repo/SignUpNewUser/android.widget.EditText - 1234567890123456789012 (2)"), "1234567890123456789012"): Send keys '1234567890123456789012' on test object 'Object Repository/Repo/SignUpNewUser/android.widget.EditText - 1234567890123456789012 (2)' successfully.

02-04-2025T11:09:19 - [MESSAGE][PASSED] - Send keys '1234567890123456789012' on test object 'Object Repository/Repo/SignUpNewUser/android.widget.EditText - 1234567890123456789012 (2)' successfully.

02-04-2025T11:09:19 - [TEST_STEP][PASSED] - delay(3): Delayed 3 second(s)

02-04-2025T11:09:22 - [MESSAGE][PASSED] - Delayed 3 second(s)

02-04-2025T11:09:22 - [TEST_STEP][PASSED] - tap(findTestObject("Object Repository/Repo/SignUpNewUser/android.widget.TextView - Your password must be between 8 and 20 characters and may not contain spaces"), 0): Tapped on element 'Object Repository/Repo/SignUpNewUser/android.widget.TextView - Your password must be between 8 and 20 characters and may not contain spaces'

02-04-2025T11:09:22 - [MESSAGE][WARNING] - Timeout '0' is invalid. Using default page load timeout: '30'

02-04-2025T11:09:22 - [MESSAGE][PASSED] - Tapped on element 'Object Repository/Repo/SignUpNewUser/android.widget.TextView - Your password must be between 8 and 20 characters and may not contain spaces'

02-04-2025T11:09:22 - [TEST_STEP][PASSED] - delay(3): Delayed 3 second(s)

02-04-2025T11:09:25 - [MESSAGE][PASSED] - Delayed 3 second(s)

02-04-2025T11:09:25 - [TEST_STEP][PASSED] - tap(findTestObject("Object Repository/Repo/SignUpNewUser/android.widget.TextView - Account Email Address"), 0): Tapped on element 'Object Repository/Repo/SignUpNewUser/android.widget.TextView - Account Email Address'

02-04-2025T11:09:25 - [MESSAGE][WARNING] - Timeout '0' is invalid. Using default page load timeout: '30'

02-04-2025T11:09:26 - [MESSAGE][PASSED] - Tapped on element 'Object Repository/Repo/SignUpNewUser/android.widget.TextView - Account Email Address'

02-04-2025T11:09:26 - [TEST_STEP][PASSED] - delay(3): Delayed 3 second(s)

02-04-2025T11:09:29 - [MESSAGE][PASSED] - Delayed 3 second(s)

02-04-2025T11:09:29 - [TEST_STEP][PASSED] - tap(findTestObject("Object Repository/Repo/SignUpNewUser/android.widget.TextView - Your password must be between 8 and 20 characters and may not contain spaces"), 0): Tapped on element 'Object Repository/Repo/SignUpNewUser/android.widget.TextView - Your password must be between 8 and 20 characters and may not contain spaces'

02-04-2025T11:09:29 - [MESSAGE][WARNING] - Timeout '0' is invalid. Using default page load timeout: '30'

02-04-2025T11:09:29 - [MESSAGE][PASSED] - Tapped on element 'Object Repository/Repo/SignUpNewUser/android.widget.TextView - Your password must be between 8 and 20 characters and may not contain spaces'

02-04-2025T11:09:29 - [TEST_STEP][PASSED] - delay(3): Delayed 3 second(s)

02-04-2025T11:09:32 - [MESSAGE][PASSED] - Delayed 3 second(s)

02-04-2025T11:09:32 - [TEST_STEP][PASSED] - tap(findTestObject("Object Repository/Repo/SignUpNewUser/android.widget.Image"), 0): Tapped on element 'Object Repository/Repo/SignUpNewUser/android.widget.Image'

02-04-2025T11:09:32 - [MESSAGE][WARNING] - Timeout '0' is invalid. Using default page load timeout: '30'

02-04-2025T11:09:32 - [MESSAGE][PASSED] - Tapped on element 'Object Repository/Repo/SignUpNewUser/android.widget.Image'

02-04-2025T11:09:32 - [TEST_STEP][PASSED] - delay(3): Delayed 3 second(s)

02-04-2025T11:09:35 - [MESSAGE][PASSED] - Delayed 3 second(s)

02-04-2025T11:09:35 - [TEST_STEP][PASSED] - sendKeys(findTestObject("Object Repository/Repo/SignUpNewUser/android.widget.EditText - 1234567890123456789012"), "1234567890123456789012"): Send keys '1234567890123456789012' on test object 'Object Repository/Repo/SignUpNewUser/android.widget.EditText - 1234567890123456789012' successfully.

02-04-2025T11:09:35 - [MESSAGE][PASSED] - Send keys '1234567890123456789012' on test object 'Object Repository/Repo/SignUpNewUser/android.widget.EditText - 1234567890123456789012' successfully.

02-04-2025T11:09:35 - [TEST_STEP][PASSED] - delay(3): Delayed 3 second(s)

02-04-2025T11:09:38 - [MESSAGE][PASSED] - Delayed 3 second(s)

02-04-2025T11:09:38 - [TEST_STEP][PASSED] - tap(findTestObject("Object Repository/Repo/SignUpNewUser/android.widget.TextView - Your password must be between 8 and 20 characters and may not contain spaces"), 0): Tapped on element 'Object Repository/Repo/SignUpNewUser/android.widget.TextView - Your password must be between 8 and 20 characters and may not contain spaces'

02-04-2025T11:09:38 - [MESSAGE][WARNING] - Timeout '0' is invalid. Using default page load timeout: '30'

02-04-2025T11:09:38 - [MESSAGE][PASSED] - Tapped on element 'Object Repository/Repo/SignUpNewUser/android.widget.TextView - Your password must be between 8 and 20 characters and may not contain spaces'

02-04-2025T11:09:38 - [TEST_STEP][PASSED] - delay(3): Delayed 3 second(s)

02-04-2025T11:09:41 - [MESSAGE][PASSED] - Delayed 3 second(s)

02-04-2025T11:09:41 - [TEST_STEP][PASSED] - tap(findTestObject("Object Repository/Repo/SignUpNewUser/android.widget.TextView - Confirm Password"), 0): Tapped on element 'Object Repository/Repo/SignUpNewUser/android.widget.TextView - Confirm Password'

02-04-2025T11:09:41 - [MESSAGE][WARNING] - Timeout '0' is invalid. Using default page load timeout: '30'

02-04-2025T11:09:41 - [MESSAGE][PASSED] - Tapped on element 'Object Repository/Repo/SignUpNewUser/android.widget.TextView - Confirm Password'

02-04-2025T11:09:41 - [TEST_STEP][PASSED] - delay(3): Delayed 3 second(s)

02-04-2025T11:09:44 - [MESSAGE][PASSED] - Delayed 3 second(s)

02-04-2025T11:09:44 - [TEST_STEP][PASSED] - tap(findTestObject("Object Repository/Repo/SignUpNewUser/android.widget.EditText - 1234567890123456789012 (1)"), 0): Tapped on element 'Object Repository/Repo/SignUpNewUser/android.widget.EditText - 1234567890123456789012 (1)'

02-04-2025T11:09:44 - [MESSAGE][WARNING] - Timeout '0' is invalid. Using default page load timeout: '30'

02-04-2025T11:09:45 - [MESSAGE][PASSED] - Tapped on element 'Object Repository/Repo/SignUpNewUser/android.widget.EditText - 1234567890123456789012 (1)'

02-04-2025T11:09:45 - [TEST_STEP][PASSED] - delay(3): Delayed 3 second(s)

02-04-2025T11:09:48 - [MESSAGE][PASSED] - Delayed 3 second(s)

02-04-2025T11:09:48 - [TEST_STEP][PASSED] - verifyElementExist(findTestObject("Object Repository/Repo/SignUpNewUser/android.widget.TextView -  Password does not meet security requirements"), 0): Element 'Object Repository/Repo/SignUpNewUser/android.widget.TextView -  Password does not meet security requirements' is exist

02-04-2025T11:09:48 - [MESSAGE][WARNING] - Timeout '0' is invalid. Using default page load timeout: '30'

02-04-2025T11:10:08 - [MESSAGE][PASSED] - Element 'Object Repository/Repo/SignUpNewUser/android.widget.TextView -  Password does not meet security requirements' is exist

02-04-2025T11:10:08 - [TEST_STEP][PASSED] - delay(3): Delayed 3 second(s)

02-04-2025T11:10:11 - [MESSAGE][PASSED] - Delayed 3 second(s)

02-04-2025T11:10:11 - [TEST_STEP][PASSED] - tap(findTestObject("Object Repository/Repo/SignUpNewUser/android.widget.Button - back"), 0): Tapped on element 'Object Repository/Repo/SignUpNewUser/android.widget.Button - back'

02-04-2025T11:10:11 - [MESSAGE][WARNING] - Timeout '0' is invalid. Using default page load timeout: '30'

02-04-2025T11:10:11 - [MESSAGE][PASSED] - Tapped on element 'Object Repository/Repo/SignUpNewUser/android.widget.Button - back'

02-04-2025T11:10:11 - [TEST_STEP][PASSED] - delay(3): Delayed 3 second(s)

02-04-2025T11:10:14 - [MESSAGE][PASSED] - Delayed 3 second(s)

02-04-2025T11:10:14 - [TEST_STEP][PASSED] - setText(findTestObject("Object Repository/Repo/SignUpNewUser/android.widget.EditText (1)"), "mitchell@yopmail.com", 0): Text 'mitchell@yopmail.com' has been set to element 'Object Repository/Repo/SignUpNewUser/android.widget.EditText (1)'

02-04-2025T11:10:14 - [MESSAGE][WARNING] - Timeout '0' is invalid. Using default page load timeout: '30'

02-04-2025T11:10:14 - [MESSAGE][PASSED] - Text 'mitchell@yopmail.com' has been set to element 'Object Repository/Repo/SignUpNewUser/android.widget.EditText (1)'

02-04-2025T11:10:14 - [TEST_STEP][PASSED] - delay(3): Delayed 3 second(s)

02-04-2025T11:10:17 - [MESSAGE][PASSED] - Delayed 3 second(s)

02-04-2025T11:10:17 - [TEST_STEP][PASSED] - tap(findTestObject("Object Repository/Repo/SignUpNewUser/android.widget.Button - Next (1)"), 0): Tapped on element 'Object Repository/Repo/SignUpNewUser/android.widget.Button - Next (1)'

02-04-2025T11:10:17 - [MESSAGE][WARNING] - Timeout '0' is invalid. Using default page load timeout: '30'

02-04-2025T11:10:17 - [MESSAGE][PASSED] - Tapped on element 'Object Repository/Repo/SignUpNewUser/android.widget.Button - Next (1)'

02-04-2025T11:10:17 - [TEST_STEP][PASSED] - delay(3): Delayed 3 second(s)

02-04-2025T11:10:20 - [MESSAGE][PASSED] - Delayed 3 second(s)

02-04-2025T11:10:20 - [TEST_STEP][PASSED] - setText(findTestObject("Object Repository/Repo/SignUpNewUser/android.widget.EditText (10)"), "AlexanderMaximilianChristopherNathanielJonathanMontgomeryWilliams", 0): Text 'AlexanderMaximilianChristopherNathanielJonathanMontgomeryWilliams' has been set to element 'Object Repository/Repo/SignUpNewUser/android.widget.EditText (10)'

02-04-2025T11:10:20 - [MESSAGE][WARNING] - Timeout '0' is invalid. Using default page load timeout: '30'

02-04-2025T11:10:20 - [MESSAGE][PASSED] - Text 'AlexanderMaximilianChristopherNathanielJonathanMontgomeryWilliams' has been set to element 'Object Repository/Repo/SignUpNewUser/android.widget.EditText (10)'

02-04-2025T11:10:20 - [TEST_STEP][PASSED] - delay(3): Delayed 3 second(s)

02-04-2025T11:10:23 - [MESSAGE][PASSED] - Delayed 3 second(s)

02-04-2025T11:10:23 - [TEST_STEP][PASSED] - setText(findTestObject("Object Repository/Repo/SignUpNewUser/android.widget.EditText (11)"), "AlexanderMaximilianChristopherNathanielJonathanMontgomeryWilliams", 0): Text 'AlexanderMaximilianChristopherNathanielJonathanMontgomeryWilliams' has been set to element 'Object Repository/Repo/SignUpNewUser/android.widget.EditText (11)'

02-04-2025T11:10:23 - [MESSAGE][WARNING] - Timeout '0' is invalid. Using default page load timeout: '30'

02-04-2025T11:10:24 - [MESSAGE][PASSED] - Text 'AlexanderMaximilianChristopherNathanielJonathanMontgomeryWilliams' has been set to element 'Object Repository/Repo/SignUpNewUser/android.widget.EditText (11)'

02-04-2025T11:10:24 - [TEST_STEP][PASSED] - delay(3): Delayed 3 second(s)

02-04-2025T11:10:27 - [MESSAGE][PASSED] - Delayed 3 second(s)

02-04-2025T11:10:27 - [TEST_STEP][PASSED] - tap(findTestObject("Object Repository/Repo/SignUpNewUser/android.widget.Button - Next (2)"), 0): Tapped on element 'Object Repository/Repo/SignUpNewUser/android.widget.Button - Next (2)'

02-04-2025T11:10:27 - [MESSAGE][WARNING] - Timeout '0' is invalid. Using default page load timeout: '30'

02-04-2025T11:10:28 - [MESSAGE][PASSED] - Tapped on element 'Object Repository/Repo/SignUpNewUser/android.widget.Button - Next (2)'

02-04-2025T11:10:28 - [TEST_STEP][PASSED] - delay(3): Delayed 3 second(s)

02-04-2025T11:10:31 - [MESSAGE][PASSED] - Delayed 3 second(s)

02-04-2025T11:10:31 - [TEST_STEP][PASSED] - verifyElementExist(findTestObject("Object Repository/Repo/SignUpNewUser/android.widget.TextView -  First name must be 50 characters or less"), 0): Element 'Object Repository/Repo/SignUpNewUser/android.widget.TextView -  First name must be 50 characters or less' is exist

02-04-2025T11:10:31 - [MESSAGE][WARNING] - Timeout '0' is invalid. Using default page load timeout: '30'

02-04-2025T11:10:31 - [MESSAGE][PASSED] - Element 'Object Repository/Repo/SignUpNewUser/android.widget.TextView -  First name must be 50 characters or less' is exist

02-04-2025T11:10:31 - [TEST_STEP][PASSED] - delay(3): Delayed 3 second(s)

02-04-2025T11:10:34 - [MESSAGE][PASSED] - Delayed 3 second(s)

02-04-2025T11:10:34 - [TEST_STEP][PASSED] - verifyElementExist(findTestObject("Object Repository/Repo/SignUpNewUser/android.widget.TextView -  Last name must be 50 characters or less"), 0): Element 'Object Repository/Repo/SignUpNewUser/android.widget.TextView -  Last name must be 50 characters or less' is exist

02-04-2025T11:10:34 - [MESSAGE][WARNING] - Timeout '0' is invalid. Using default page load timeout: '30'

02-04-2025T11:10:34 - [MESSAGE][PASSED] - Element 'Object Repository/Repo/SignUpNewUser/android.widget.TextView -  Last name must be 50 characters or less' is exist

02-04-2025T11:10:34 - [TEST_STEP][PASSED] - delay(3): Delayed 3 second(s)

02-04-2025T11:10:37 - [MESSAGE][PASSED] - Delayed 3 second(s)

02-04-2025T11:10:37 - [TEST_STEP][PASSED] - tap(findTestObject("Object Repository/Repo/SignUpNewUser/android.widget.Button - back"), 0): Tapped on element 'Object Repository/Repo/SignUpNewUser/android.widget.Button - back'

02-04-2025T11:10:37 - [MESSAGE][WARNING] - Timeout '0' is invalid. Using default page load timeout: '30'

02-04-2025T11:10:37 - [MESSAGE][PASSED] - Tapped on element 'Object Repository/Repo/SignUpNewUser/android.widget.Button - back'

02-04-2025T11:10:37 - [TEST_STEP][PASSED] - delay(3): Delayed 3 second(s)

02-04-2025T11:10:40 - [MESSAGE][PASSED] - Delayed 3 second(s)

02-04-2025T11:10:40 - [TEST_STEP][PASSED] - setText(findTestObject("Object Repository/Repo/SignUpNewUser/android.widget.EditText (1)"), "mitchell@yopmail.com", 0): Text 'mitchell@yopmail.com' has been set to element 'Object Repository/Repo/SignUpNewUser/android.widget.EditText (1)'

02-04-2025T11:10:40 - [MESSAGE][WARNING] - Timeout '0' is invalid. Using default page load timeout: '30'

02-04-2025T11:10:41 - [MESSAGE][PASSED] - Text 'mitchell@yopmail.com' has been set to element 'Object Repository/Repo/SignUpNewUser/android.widget.EditText (1)'

02-04-2025T11:10:41 - [TEST_STEP][PASSED] - delay(3): Delayed 3 second(s)

02-04-2025T11:10:44 - [MESSAGE][PASSED] - Delayed 3 second(s)

02-04-2025T11:10:44 - [TEST_STEP][PASSED] - tap(findTestObject("Object Repository/Repo/SignUpNewUser/android.widget.Button - Next (1)"), 0): Tapped on element 'Object Repository/Repo/SignUpNewUser/android.widget.Button - Next (1)'

02-04-2025T11:10:44 - [MESSAGE][WARNING] - Timeout '0' is invalid. Using default page load timeout: '30'

02-04-2025T11:10:44 - [MESSAGE][PASSED] - Tapped on element 'Object Repository/Repo/SignUpNewUser/android.widget.Button - Next (1)'

02-04-2025T11:10:44 - [TEST_STEP][PASSED] - delay(3): Delayed 3 second(s)

02-04-2025T11:10:47 - [MESSAGE][PASSED] - Delayed 3 second(s)

02-04-2025T11:10:47 - [TEST_STEP][PASSED] - setText(findTestObject("Object Repository/Repo/SignUpNewUser/android.widget.EditText (12)"), "john", 0): Text 'john' has been set to element 'Object Repository/Repo/SignUpNewUser/android.widget.EditText (12)'

02-04-2025T11:10:47 - [MESSAGE][WARNING] - Timeout '0' is invalid. Using default page load timeout: '30'

02-04-2025T11:10:47 - [MESSAGE][PASSED] - Text 'john' has been set to element 'Object Repository/Repo/SignUpNewUser/android.widget.EditText (12)'

02-04-2025T11:10:47 - [TEST_STEP][PASSED] - delay(3): Delayed 3 second(s)

02-04-2025T11:10:50 - [MESSAGE][PASSED] - Delayed 3 second(s)

02-04-2025T11:10:50 - [TEST_STEP][PASSED] - setText(findTestObject("Object Repository/Repo/SignUpNewUser/android.widget.EditText (13)"), "password", 0): Text 'password' has been set to element 'Object Repository/Repo/SignUpNewUser/android.widget.EditText (13)'

02-04-2025T11:10:50 - [MESSAGE][WARNING] - Timeout '0' is invalid. Using default page load timeout: '30'

02-04-2025T11:10:50 - [MESSAGE][PASSED] - Text 'password' has been set to element 'Object Repository/Repo/SignUpNewUser/android.widget.EditText (13)'

02-04-2025T11:10:50 - [TEST_STEP][PASSED] - delay(3): Delayed 3 second(s)

02-04-2025T11:10:53 - [MESSAGE][PASSED] - Delayed 3 second(s)

02-04-2025T11:10:53 - [TEST_STEP][PASSED] - sendKeys(findTestObject("Object Repository/Repo/SignUpNewUser/android.widget.EditText (14)"), "password"): Send keys 'password' on test object 'Object Repository/Repo/SignUpNewUser/android.widget.EditText (14)' successfully.

02-04-2025T11:11:23 - [MESSAGE][PASSED] - Send keys 'password' on test object 'Object Repository/Repo/SignUpNewUser/android.widget.EditText (14)' successfully.

02-04-2025T11:11:23 - [TEST_STEP][PASSED] - delay(3): Delayed 3 second(s)

02-04-2025T11:11:26 - [MESSAGE][PASSED] - Delayed 3 second(s)

02-04-2025T11:11:26 - [TEST_STEP][PASSED] - tap(findTestObject("Object Repository/Repo/SignUpNewUser/android.widget.Button - Next (2)"), 0): Tapped on element 'Object Repository/Repo/SignUpNewUser/android.widget.Button - Next (2)'

02-04-2025T11:11:26 - [MESSAGE][WARNING] - Timeout '0' is invalid. Using default page load timeout: '30'

02-04-2025T11:11:26 - [MESSAGE][PASSED] - Tapped on element 'Object Repository/Repo/SignUpNewUser/android.widget.Button - Next (2)'

02-04-2025T11:11:26 - [TEST_STEP][PASSED] - delay(3): Delayed 3 second(s)

02-04-2025T11:11:29 - [MESSAGE][PASSED] - Delayed 3 second(s)

02-04-2025T11:11:29 - [TEST_STEP][PASSED] - tap(findTestObject("Object Repository/Repo/SignUpNewUser/android.widget.Button - back"), 0): Tapped on element 'Object Repository/Repo/SignUpNewUser/android.widget.Button - back'

02-04-2025T11:11:29 - [MESSAGE][WARNING] - Timeout '0' is invalid. Using default page load timeout: '30'

02-04-2025T11:11:29 - [MESSAGE][PASSED] - Tapped on element 'Object Repository/Repo/SignUpNewUser/android.widget.Button - back'

02-04-2025T11:11:29 - [TEST_STEP][PASSED] - delay(3): Delayed 3 second(s)

02-04-2025T11:11:32 - [MESSAGE][PASSED] - Delayed 3 second(s)

02-04-2025T11:11:32 - [TEST_STEP][PASSED] - setText(findTestObject("Object Repository/Repo/SignUpNewUser/android.widget.EditText (1)"), "mitchell@yopmail.com", 0): Text 'mitchell@yopmail.com' has been set to element 'Object Repository/Repo/SignUpNewUser/android.widget.EditText (1)'

02-04-2025T11:11:32 - [MESSAGE][WARNING] - Timeout '0' is invalid. Using default page load timeout: '30'

02-04-2025T11:11:32 - [MESSAGE][PASSED] - Text 'mitchell@yopmail.com' has been set to element 'Object Repository/Repo/SignUpNewUser/android.widget.EditText (1)'

02-04-2025T11:11:32 - [TEST_STEP][PASSED] - delay(3): Delayed 3 second(s)

02-04-2025T11:11:35 - [MESSAGE][PASSED] - Delayed 3 second(s)

02-04-2025T11:11:35 - [TEST_STEP][PASSED] - tap(findTestObject("Object Repository/Repo/SignUpNewUser/android.widget.Button - Next (1)"), 0): Tapped on element 'Object Repository/Repo/SignUpNewUser/android.widget.Button - Next (1)'

02-04-2025T11:11:35 - [MESSAGE][WARNING] - Timeout '0' is invalid. Using default page load timeout: '30'

02-04-2025T11:11:35 - [MESSAGE][PASSED] - Tapped on element 'Object Repository/Repo/SignUpNewUser/android.widget.Button - Next (1)'

02-04-2025T11:11:35 - [TEST_STEP][PASSED] - delay(3): Delayed 3 second(s)

02-04-2025T11:11:38 - [MESSAGE][PASSED] - Delayed 3 second(s)

02-04-2025T11:11:38 - [TEST_STEP][PASSED] - setText(findTestObject("Object Repository/Repo/SignUpNewUser/android.widget.EditText (15)"), "john", 0): Text 'john' has been set to element 'Object Repository/Repo/SignUpNewUser/android.widget.EditText (15)'

02-04-2025T11:11:38 - [MESSAGE][WARNING] - Timeout '0' is invalid. Using default page load timeout: '30'

02-04-2025T11:11:38 - [MESSAGE][PASSED] - Text 'john' has been set to element 'Object Repository/Repo/SignUpNewUser/android.widget.EditText (15)'

02-04-2025T11:11:38 - [TEST_STEP][PASSED] - delay(3): Delayed 3 second(s)

02-04-2025T11:11:41 - [MESSAGE][PASSED] - Delayed 3 second(s)

02-04-2025T11:11:41 - [TEST_STEP][PASSED] - hideKeyboard(): Keyboard is hidden

02-04-2025T11:11:44 - [MESSAGE][PASSED] - Keyboard is hidden

02-04-2025T11:11:44 - [TEST_STEP][PASSED] - delay(3): Delayed 3 second(s)

02-04-2025T11:11:47 - [MESSAGE][PASSED] - Delayed 3 second(s)

02-04-2025T11:11:47 - [TEST_STEP][PASSED] - setText(findTestObject("Object Repository/Repo/SignUpNewUser/android.widget.EditText (16)"), "smith", 0): Text 'smith' has been set to element 'Object Repository/Repo/SignUpNewUser/android.widget.EditText (16)'

02-04-2025T11:11:47 - [MESSAGE][WARNING] - Timeout '0' is invalid. Using default page load timeout: '30'

02-04-2025T11:11:47 - [MESSAGE][PASSED] - Text 'smith' has been set to element 'Object Repository/Repo/SignUpNewUser/android.widget.EditText (16)'

02-04-2025T11:11:47 - [TEST_STEP][PASSED] - delay(3): Delayed 3 second(s)

02-04-2025T11:11:50 - [MESSAGE][PASSED] - Delayed 3 second(s)

02-04-2025T11:11:50 - [TEST_STEP][PASSED] - hideKeyboard(): Keyboard is hidden

02-04-2025T11:11:52 - [MESSAGE][PASSED] - Keyboard is hidden

02-04-2025T11:11:52 - [TEST_STEP][PASSED] - delay(3): Delayed 3 second(s)

02-04-2025T11:11:55 - [MESSAGE][PASSED] - Delayed 3 second(s)

02-04-2025T11:11:55 - [TEST_STEP][PASSED] - setText(findTestObject("Object Repository/Repo/SignUpNewUser/android.widget.EditText (17)"), "password", 0): Text 'password' has been set to element 'Object Repository/Repo/SignUpNewUser/android.widget.EditText (17)'

02-04-2025T11:11:55 - [MESSAGE][WARNING] - Timeout '0' is invalid. Using default page load timeout: '30'

02-04-2025T11:11:55 - [MESSAGE][PASSED] - Text 'password' has been set to element 'Object Repository/Repo/SignUpNewUser/android.widget.EditText (17)'

02-04-2025T11:11:55 - [TEST_STEP][PASSED] - delay(3): Delayed 3 second(s)

02-04-2025T11:11:58 - [MESSAGE][PASSED] - Delayed 3 second(s)

02-04-2025T11:11:58 - [TEST_STEP][PASSED] - sendKeys(findTestObject("Object Repository/Repo/SignUpNewUser/android.widget.EditText (18)"), "password1"): Send keys 'password1' on test object 'Object Repository/Repo/SignUpNewUser/android.widget.EditText (18)' successfully.

02-04-2025T11:12:02 - [MESSAGE][PASSED] - Send keys 'password1' on test object 'Object Repository/Repo/SignUpNewUser/android.widget.EditText (18)' successfully.

02-04-2025T11:12:02 - [TEST_STEP][PASSED] - delay(3): Delayed 3 second(s)

02-04-2025T11:12:05 - [MESSAGE][PASSED] - Delayed 3 second(s)

02-04-2025T11:12:05 - [TEST_STEP][PASSED] - tap(findTestObject("Object Repository/Repo/SignUpNewUser/android.widget.Button - Next (2)"), 0): Tapped on element 'Object Repository/Repo/SignUpNewUser/android.widget.Button - Next (2)'

02-04-2025T11:12:05 - [MESSAGE][WARNING] - Timeout '0' is invalid. Using default page load timeout: '30'

02-04-2025T11:12:05 - [MESSAGE][PASSED] - Tapped on element 'Object Repository/Repo/SignUpNewUser/android.widget.Button - Next (2)'

02-04-2025T11:12:05 - [TEST_STEP][PASSED] - delay(3): Delayed 3 second(s)

02-04-2025T11:12:08 - [MESSAGE][PASSED] - Delayed 3 second(s)

02-04-2025T11:12:08 - [TEST_STEP][PASSED] - verifyElementExist(findTestObject("Object Repository/Repo/SignUpNewUser/android.widget.TextView -  Passwords must match"), 0): Element 'Object Repository/Repo/SignUpNewUser/android.widget.TextView -  Passwords must match' is exist

02-04-2025T11:12:08 - [MESSAGE][WARNING] - Timeout '0' is invalid. Using default page load timeout: '30'

02-04-2025T11:12:08 - [MESSAGE][PASSED] - Element 'Object Repository/Repo/SignUpNewUser/android.widget.TextView -  Passwords must match' is exist

02-04-2025T11:12:08 - [TEST_STEP][PASSED] - delay(3): Delayed 3 second(s)

02-04-2025T11:12:11 - [MESSAGE][PASSED] - Delayed 3 second(s)

02-04-2025T11:12:11 - [TEST_STEP][PASSED] - tap(findTestObject("Object Repository/Repo/SignUpNewUser/android.widget.Button - back"), 0): Tapped on element 'Object Repository/Repo/SignUpNewUser/android.widget.Button - back'

02-04-2025T11:12:11 - [MESSAGE][WARNING] - Timeout '0' is invalid. Using default page load timeout: '30'

02-04-2025T11:12:12 - [MESSAGE][PASSED] - Tapped on element 'Object Repository/Repo/SignUpNewUser/android.widget.Button - back'

02-04-2025T11:12:12 - [TEST_STEP][PASSED] - delay(3): Delayed 3 second(s)

02-04-2025T11:12:15 - [MESSAGE][PASSED] - Delayed 3 second(s)

02-04-2025T11:12:15 - [TEST_STEP][PASSED] - setText(findTestObject("Object Repository/Repo/SignUpNewUser/android.widget.EditText (1)"), "mitchell@yopmail.com", 0): Text 'mitchell@yopmail.com' has been set to element 'Object Repository/Repo/SignUpNewUser/android.widget.EditText (1)'

02-04-2025T11:12:15 - [MESSAGE][WARNING] - Timeout '0' is invalid. Using default page load timeout: '30'

02-04-2025T11:12:15 - [MESSAGE][PASSED] - Text 'mitchell@yopmail.com' has been set to element 'Object Repository/Repo/SignUpNewUser/android.widget.EditText (1)'

02-04-2025T11:12:15 - [TEST_STEP][PASSED] - delay(3): Delayed 3 second(s)

02-04-2025T11:12:18 - [MESSAGE][PASSED] - Delayed 3 second(s)

02-04-2025T11:12:18 - [TEST_STEP][PASSED] - tap(findTestObject("Object Repository/Repo/SignUpNewUser/android.widget.Button - Next (1)"), 0): Tapped on element 'Object Repository/Repo/SignUpNewUser/android.widget.Button - Next (1)'

02-04-2025T11:12:18 - [MESSAGE][WARNING] - Timeout '0' is invalid. Using default page load timeout: '30'

02-04-2025T11:12:18 - [MESSAGE][PASSED] - Tapped on element 'Object Repository/Repo/SignUpNewUser/android.widget.Button - Next (1)'

02-04-2025T11:12:18 - [TEST_STEP][PASSED] - delay(3): Delayed 3 second(s)

02-04-2025T11:12:21 - [MESSAGE][PASSED] - Delayed 3 second(s)

02-04-2025T11:12:21 - [TEST_STEP][PASSED] - setText(findTestObject("Object Repository/Repo/SignUpNewUser/android.widget.EditText (20)"), "smith", 0): Text 'smith' has been set to element 'Object Repository/Repo/SignUpNewUser/android.widget.EditText (20)'

02-04-2025T11:12:21 - [MESSAGE][WARNING] - Timeout '0' is invalid. Using default page load timeout: '30'

02-04-2025T11:12:21 - [MESSAGE][PASSED] - Text 'smith' has been set to element 'Object Repository/Repo/SignUpNewUser/android.widget.EditText (20)'

02-04-2025T11:12:21 - [TEST_STEP][PASSED] - delay(3): Delayed 3 second(s)

02-04-2025T11:12:24 - [MESSAGE][PASSED] - Delayed 3 second(s)

02-04-2025T11:12:24 - [TEST_STEP][PASSED] - setText(findTestObject("Object Repository/Repo/SignUpNewUser/android.widget.EditText - smith"), "john", 0): Text 'john' has been set to element 'Object Repository/Repo/SignUpNewUser/android.widget.EditText - smith'

02-04-2025T11:12:24 - [MESSAGE][WARNING] - Timeout '0' is invalid. Using default page load timeout: '30'

02-04-2025T11:12:25 - [MESSAGE][PASSED] - Text 'john' has been set to element 'Object Repository/Repo/SignUpNewUser/android.widget.EditText - smith'

02-04-2025T11:12:25 - [TEST_STEP][PASSED] - delay(3): Delayed 3 second(s)

02-04-2025T11:12:28 - [MESSAGE][PASSED] - Delayed 3 second(s)

02-04-2025T11:12:28 - [TEST_STEP][PASSED] - sendKeys(findTestObject("Object Repository/Repo/SignUpNewUser/android.widget.EditText (21)"), "password"): Send keys 'password' on test object 'Object Repository/Repo/SignUpNewUser/android.widget.EditText (21)' successfully.

02-04-2025T11:12:28 - [MESSAGE][PASSED] - Send keys 'password' on test object 'Object Repository/Repo/SignUpNewUser/android.widget.EditText (21)' successfully.

02-04-2025T11:12:28 - [TEST_STEP][PASSED] - delay(3): Delayed 3 second(s)

02-04-2025T11:12:31 - [MESSAGE][PASSED] - Delayed 3 second(s)

02-04-2025T11:12:31 - [TEST_STEP][PASSED] - sendKeys(findTestObject("Object Repository/Repo/SignUpNewUser/android.widget.EditText (22)"), "password"): Send keys 'password' on test object 'Object Repository/Repo/SignUpNewUser/android.widget.EditText (22)' successfully.

02-04-2025T11:12:31 - [MESSAGE][PASSED] - Send keys 'password' on test object 'Object Repository/Repo/SignUpNewUser/android.widget.EditText (22)' successfully.

02-04-2025T11:12:31 - [TEST_STEP][PASSED] - delay(3): Delayed 3 second(s)

02-04-2025T11:12:34 - [MESSAGE][PASSED] - Delayed 3 second(s)

02-04-2025T11:12:34 - [TEST_STEP][PASSED] - tap(findTestObject("Object Repository/Repo/SignUpNewUser/android.widget.Button - Next (3)"), 0): Tapped on element 'Object Repository/Repo/SignUpNewUser/android.widget.Button - Next (3)'

02-04-2025T11:12:34 - [MESSAGE][WARNING] - Timeout '0' is invalid. Using default page load timeout: '30'

02-04-2025T11:12:34 - [MESSAGE][PASSED] - Tapped on element 'Object Repository/Repo/SignUpNewUser/android.widget.Button - Next (3)'

02-04-2025T11:12:34 - [TEST_STEP][PASSED] - delay(3): Delayed 3 second(s)

02-04-2025T11:12:37 - [MESSAGE][PASSED] - Delayed 3 second(s)

02-04-2025T11:12:37 - [TEST_STEP][PASSED] - verifyElementExist(findTestObject("Object Repository/Repo/SignUpNewUser/android.widget.TextView - Terms and Conditions"), 0): Element 'Object Repository/Repo/SignUpNewUser/android.widget.TextView - Terms and Conditions' is exist

02-04-2025T11:12:37 - [MESSAGE][WARNING] - Timeout '0' is invalid. Using default page load timeout: '30'

02-04-2025T11:12:37 - [MESSAGE][PASSED] - Element 'Object Repository/Repo/SignUpNewUser/android.widget.TextView - Terms and Conditions' is exist

02-04-2025T11:12:37 - [TEST_STEP][PASSED] - delay(3): Delayed 3 second(s)

02-04-2025T11:12:40 - [MESSAGE][PASSED] - Delayed 3 second(s)

02-04-2025T11:12:40 - [TEST_STEP][PASSED] - closeApplication(): Close app successfully

02-04-2025T11:12:42 - [MESSAGE][PASSED] - Close app successfully

02-04-2025T11:12:42 - [TEST_STEP][PASSED] - delay(3): Delayed 3 second(s)

02-04-2025T11:12:45 - [MESSAGE][PASSED] - Delayed 3 second(s)]]></system-out>
         <system-err><![CDATA[]]></system-err>
      </testcase>
      <testcase name="Test Cases/Sign Up New UserPage/C699_SignUpNewUserPage" time="328.859" classname="Test Cases/Sign Up New UserPage/C699_SignUpNewUserPage" status="PASSED">
         <system-out><![CDATA[02-04-2025T11:12:45 - [TEST_CASE][PASSED] - Test Cases/Sign Up New UserPage/C699_SignUpNewUserPage: Test Cases/Sign Up New UserPage/C699_SignUpNewUserPage

02-04-2025T11:12:45 - [TEST_STEP][PASSED] - testData = findTestData("Data Files/LogiNewUser"): null

02-04-2025T11:12:45 - [TEST_STEP][PASSED] - email = testData.getValue("email", 1): null

02-04-2025T11:12:45 - [TEST_STEP][PASSED] - firstName = testData.getValue("firstname", 1): null

02-04-2025T11:12:45 - [TEST_STEP][PASSED] - lastName = testData.getValue("lastname", 1): null

02-04-2025T11:12:45 - [TEST_STEP][PASSED] - password = testData.getValue("password", 1): null

02-04-2025T11:12:45 - [TEST_STEP][PASSED] - confirmPassword = testData.getValue("confirm password", 1): null

02-04-2025T11:12:45 - [TEST_STEP][PASSED] - startApplication(appUrl, true): Started application: '/Users/gv.vignesh/Downloads/WGR-Android-Automation/App Folder/universal.apk'

02-04-2025T11:12:45 - [MESSAGE][INFO] - Starting application: '/Users/gv.vignesh/Downloads/WGR-Android-Automation/App Folder/universal.apk'

02-04-2025T11:12:45 - [MESSAGE][INFO] - User set preference: ['deviceId', '']

02-04-2025T11:12:45 - [MESSAGE][INFO] - Detected NodeJS location: "/opt/homebrew/Cellar/node/23.10.0_1/bin/node"

02-04-2025T11:12:45 - [MESSAGE][INFO] - PATH: /opt/homebrew/Cellar/node/23.10.0_1/bin:/opt/homebrew/bin:/usr/bin:/bin:/usr/sbin:/sbin:/Applications/Katalon Studio Enterprise.app/Contents/Eclipse/jre/Contents/Home/bin:/usr/local/bin/

02-04-2025T11:12:45 - [MESSAGE][INFO] - APPIUM_HOME: /Users/gv.vignesh/.appium

02-04-2025T11:12:45 - [MESSAGE][INFO] - appium outlog: /Users/gv.vignesh/Downloads/WGR-Android-Automation/Reports/20250402_105431/WRMA Android Regression/20250402_105431/appium.log

02-04-2025T11:12:45 - [MESSAGE][INFO] - appium errlog: /Users/gv.vignesh/Downloads/WGR-Android-Automation/Reports/20250402_105431/WRMA Android Regression/20250402_105431/appium_error.log

02-04-2025T11:12:46 - [MESSAGE][INFO] - Appium server started on port 53,076

02-04-2025T11:12:52 - [MESSAGE][PASSED] - Started application: '/Users/gv.vignesh/Downloads/WGR-Android-Automation/App Folder/universal.apk'

02-04-2025T11:12:52 - [TEST_STEP][PASSED] - delay(10): Delayed 10 second(s)

02-04-2025T11:13:02 - [MESSAGE][PASSED] - Delayed 10 second(s)

02-04-2025T11:13:02 - [TEST_STEP][PASSED] - tap(findTestObject("Object Repository/Repo/android.widget.Button - Login or Sign Up"), 0): Tapped on element 'Object Repository/Repo/android.widget.Button - Login or Sign Up'

02-04-2025T11:13:02 - [MESSAGE][WARNING] - Timeout '0' is invalid. Using default page load timeout: '30'

02-04-2025T11:13:03 - [MESSAGE][PASSED] - Tapped on element 'Object Repository/Repo/android.widget.Button - Login or Sign Up'

02-04-2025T11:13:03 - [TEST_STEP][PASSED] - delay(10): Delayed 10 second(s)

02-04-2025T11:13:13 - [MESSAGE][PASSED] - Delayed 10 second(s)

02-04-2025T11:13:13 - [TEST_STEP][PASSED] - setText(findTestObject("Object Repository/Repo/android.widget.EditText-LoginorSignUp"), email, 0): Text 'Maxmillan@yopmail.com' has been set to element 'Object Repository/Repo/android.widget.EditText-LoginorSignUp'

02-04-2025T11:13:13 - [MESSAGE][WARNING] - Timeout '0' is invalid. Using default page load timeout: '30'

02-04-2025T11:13:13 - [MESSAGE][PASSED] - Text 'Maxmillan@yopmail.com' has been set to element 'Object Repository/Repo/android.widget.EditText-LoginorSignUp'

02-04-2025T11:13:13 - [TEST_STEP][PASSED] - hideKeyboard(): Keyboard is hidden

02-04-2025T11:13:15 - [MESSAGE][PASSED] - Keyboard is hidden

02-04-2025T11:13:15 - [TEST_STEP][PASSED] - delay(10): Delayed 10 second(s)

02-04-2025T11:13:25 - [MESSAGE][PASSED] - Delayed 10 second(s)

02-04-2025T11:13:25 - [TEST_STEP][PASSED] - tap(findTestObject("Object Repository/Repo/android.widget.Button - Next"), 0): Tapped on element 'Object Repository/Repo/android.widget.Button - Next'

02-04-2025T11:13:25 - [MESSAGE][WARNING] - Timeout '0' is invalid. Using default page load timeout: '30'

02-04-2025T11:13:25 - [MESSAGE][PASSED] - Tapped on element 'Object Repository/Repo/android.widget.Button - Next'

02-04-2025T11:13:25 - [TEST_STEP][PASSED] - delay(10): Delayed 10 second(s)

02-04-2025T11:13:35 - [MESSAGE][PASSED] - Delayed 10 second(s)

02-04-2025T11:13:35 - [TEST_STEP][PASSED] - setText(findTestObject("Object Repository/Repo/android.widget.EditText-confirm email address"), email, 0): Text 'Maxmillan@yopmail.com' has been set to element 'Object Repository/Repo/android.widget.EditText-confirm email address'

02-04-2025T11:13:35 - [MESSAGE][WARNING] - Timeout '0' is invalid. Using default page load timeout: '30'

02-04-2025T11:13:35 - [MESSAGE][PASSED] - Text 'Maxmillan@yopmail.com' has been set to element 'Object Repository/Repo/android.widget.EditText-confirm email address'

02-04-2025T11:13:35 - [TEST_STEP][PASSED] - hideKeyboard(): Keyboard is hidden

02-04-2025T11:13:38 - [MESSAGE][PASSED] - Keyboard is hidden

02-04-2025T11:13:38 - [TEST_STEP][PASSED] - delay(10): Delayed 10 second(s)

02-04-2025T11:13:48 - [MESSAGE][PASSED] - Delayed 10 second(s)

02-04-2025T11:13:48 - [TEST_STEP][PASSED] - tap(findTestObject("Object Repository/Repo/android.widget.Button - Next (1)"), 0): Tapped on element 'Object Repository/Repo/android.widget.Button - Next (1)'

02-04-2025T11:13:48 - [MESSAGE][WARNING] - Timeout '0' is invalid. Using default page load timeout: '30'

02-04-2025T11:13:48 - [MESSAGE][PASSED] - Tapped on element 'Object Repository/Repo/android.widget.Button - Next (1)'

02-04-2025T11:13:48 - [TEST_STEP][PASSED] - delay(10): Delayed 10 second(s)

02-04-2025T11:13:58 - [MESSAGE][PASSED] - Delayed 10 second(s)

02-04-2025T11:13:58 - [TEST_STEP][PASSED] - setText(findTestObject("Object Repository/Repo/android.widget.EditText-FirstName"), firstName, 0): Text 'steve' has been set to element 'Object Repository/Repo/android.widget.EditText-FirstName'

02-04-2025T11:13:58 - [MESSAGE][WARNING] - Timeout '0' is invalid. Using default page load timeout: '30'

02-04-2025T11:13:58 - [MESSAGE][PASSED] - Text 'steve' has been set to element 'Object Repository/Repo/android.widget.EditText-FirstName'

02-04-2025T11:13:58 - [TEST_STEP][PASSED] - hideKeyboard(): Keyboard is hidden

02-04-2025T11:14:01 - [MESSAGE][PASSED] - Keyboard is hidden

02-04-2025T11:14:01 - [TEST_STEP][PASSED] - delay(10): Delayed 10 second(s)

02-04-2025T11:14:11 - [MESSAGE][PASSED] - Delayed 10 second(s)

02-04-2025T11:14:11 - [TEST_STEP][PASSED] - setText(findTestObject("Object Repository/Repo/android.widget.EditText-LastName"), lastName, 0): Text 'smith' has been set to element 'Object Repository/Repo/android.widget.EditText-LastName'

02-04-2025T11:14:11 - [MESSAGE][WARNING] - Timeout '0' is invalid. Using default page load timeout: '30'

02-04-2025T11:14:11 - [MESSAGE][PASSED] - Text 'smith' has been set to element 'Object Repository/Repo/android.widget.EditText-LastName'

02-04-2025T11:14:11 - [TEST_STEP][PASSED] - hideKeyboard(): Keyboard is hidden

02-04-2025T11:14:13 - [MESSAGE][PASSED] - Keyboard is hidden

02-04-2025T11:14:13 - [TEST_STEP][PASSED] - delay(10): Delayed 10 second(s)

02-04-2025T11:14:23 - [MESSAGE][PASSED] - Delayed 10 second(s)

02-04-2025T11:14:23 - [TEST_STEP][PASSED] - sendKeys(findTestObject("Object Repository/Repo/android.widget.EditText-Password"), password): Send keys 'password' on test object 'Object Repository/Repo/android.widget.EditText-Password' successfully.

02-04-2025T11:14:23 - [MESSAGE][PASSED] - Send keys 'password' on test object 'Object Repository/Repo/android.widget.EditText-Password' successfully.

02-04-2025T11:14:23 - [TEST_STEP][PASSED] - delay(10): Delayed 10 second(s)

02-04-2025T11:14:33 - [MESSAGE][PASSED] - Delayed 10 second(s)

02-04-2025T11:14:33 - [TEST_STEP][PASSED] - sendKeys(findTestObject("Object Repository/Repo/android.widget.EditText-Confirm Password"), confirmPassword): Send keys 'password' on test object 'Object Repository/Repo/android.widget.EditText-Confirm Password' successfully.

02-04-2025T11:14:33 - [MESSAGE][PASSED] - Send keys 'password' on test object 'Object Repository/Repo/android.widget.EditText-Confirm Password' successfully.

02-04-2025T11:14:33 - [TEST_STEP][PASSED] - delay(10): Delayed 10 second(s)

02-04-2025T11:14:43 - [MESSAGE][PASSED] - Delayed 10 second(s)

02-04-2025T11:14:43 - [TEST_STEP][PASSED] - tap(findTestObject("Object Repository/Repo/android.widget.Button - Next (2)"), 0): Tapped on element 'Object Repository/Repo/android.widget.Button - Next (2)'

02-04-2025T11:14:43 - [MESSAGE][WARNING] - Timeout '0' is invalid. Using default page load timeout: '30'

02-04-2025T11:14:44 - [MESSAGE][PASSED] - Tapped on element 'Object Repository/Repo/android.widget.Button - Next (2)'

02-04-2025T11:14:44 - [TEST_STEP][PASSED] - delay(20): Delayed 20 second(s)

02-04-2025T11:15:04 - [MESSAGE][PASSED] - Delayed 20 second(s)

02-04-2025T11:15:04 - [TEST_STEP][PASSED] - scrollToText("etc)."): Scrolling to text 'etc).' successfully

02-04-2025T11:15:04 - [MESSAGE][PASSED] - Scrolling to text 'etc).' successfully

02-04-2025T11:15:04 - [TEST_STEP][PASSED] - delay(5): Delayed 5 second(s)

02-04-2025T11:15:09 - [MESSAGE][PASSED] - Delayed 5 second(s)

02-04-2025T11:15:09 - [TEST_STEP][PASSED] - tap(findTestObject("Object Repository/Repo/android.widget.Button - Agree to Terms  Conditions"), 0): Tapped on element 'Object Repository/Repo/android.widget.Button - Agree to Terms  Conditions'

02-04-2025T11:15:09 - [MESSAGE][WARNING] - Timeout '0' is invalid. Using default page load timeout: '30'

02-04-2025T11:15:10 - [MESSAGE][PASSED] - Tapped on element 'Object Repository/Repo/android.widget.Button - Agree to Terms  Conditions'

02-04-2025T11:15:10 - [TEST_STEP][PASSED] - delay(45): Delayed 45 second(s)

02-04-2025T11:15:55 - [MESSAGE][PASSED] - Delayed 45 second(s)

02-04-2025T11:15:55 - [TEST_STEP][PASSED] - setText(findTestObject("Object Repository/Repo/android.widget.EditText-OAM(Login)"), email, 0): Text 'Maxmillan@yopmail.com' has been set to element 'Object Repository/Repo/android.widget.EditText-OAM(Login)'

02-04-2025T11:15:55 - [MESSAGE][WARNING] - Timeout '0' is invalid. Using default page load timeout: '30'

02-04-2025T11:15:56 - [MESSAGE][PASSED] - Text 'Maxmillan@yopmail.com' has been set to element 'Object Repository/Repo/android.widget.EditText-OAM(Login)'

02-04-2025T11:15:56 - [TEST_STEP][PASSED] - hideKeyboard(): Keyboard is hidden

02-04-2025T11:15:58 - [MESSAGE][PASSED] - Keyboard is hidden

02-04-2025T11:15:58 - [TEST_STEP][PASSED] - delay(30): Delayed 30 second(s)

02-04-2025T11:16:28 - [MESSAGE][PASSED] - Delayed 30 second(s)

02-04-2025T11:16:28 - [TEST_STEP][PASSED] - setText(findTestObject("Object Repository/Repo/android.widget.EditText-OAM(Password)"), password, 0): Text 'password' has been set to element 'Object Repository/Repo/android.widget.EditText-OAM(Password)'

02-04-2025T11:16:28 - [MESSAGE][WARNING] - Timeout '0' is invalid. Using default page load timeout: '30'

02-04-2025T11:16:29 - [MESSAGE][PASSED] - Text 'password' has been set to element 'Object Repository/Repo/android.widget.EditText-OAM(Password)'

02-04-2025T11:16:29 - [TEST_STEP][PASSED] - hideKeyboard(): Keyboard is hidden

02-04-2025T11:16:32 - [MESSAGE][PASSED] - Keyboard is hidden

02-04-2025T11:16:32 - [TEST_STEP][PASSED] - delay(30): Delayed 30 second(s)

02-04-2025T11:17:02 - [MESSAGE][PASSED] - Delayed 30 second(s)

02-04-2025T11:17:02 - [TEST_STEP][PASSED] - tap(findTestObject("Object Repository/Repo/android.widget.Button -OAM(Login)"), 0): Tapped on element 'Object Repository/Repo/android.widget.Button -OAM(Login)'

02-04-2025T11:17:02 - [MESSAGE][WARNING] - Timeout '0' is invalid. Using default page load timeout: '30'

02-04-2025T11:17:02 - [MESSAGE][PASSED] - Tapped on element 'Object Repository/Repo/android.widget.Button -OAM(Login)'

02-04-2025T11:17:02 - [TEST_STEP][PASSED] - delay(20): Delayed 20 second(s)

02-04-2025T11:17:22 - [MESSAGE][PASSED] - Delayed 20 second(s)

02-04-2025T11:17:22 - [TEST_STEP][PASSED] - tap(findTestObject("Object Repository/Repo/android.widget.Button - Next-(VerifyAccount)"), 0): Tapped on element 'Object Repository/Repo/android.widget.Button - Next-(VerifyAccount)'

02-04-2025T11:17:22 - [MESSAGE][WARNING] - Timeout '0' is invalid. Using default page load timeout: '30'

02-04-2025T11:17:22 - [MESSAGE][PASSED] - Tapped on element 'Object Repository/Repo/android.widget.Button - Next-(VerifyAccount)'

02-04-2025T11:17:22 - [TEST_STEP][PASSED] - delay(10): Delayed 10 second(s)

02-04-2025T11:17:32 - [MESSAGE][PASSED] - Delayed 10 second(s)

02-04-2025T11:17:32 - [TEST_STEP][PASSED] - verifyElementExist(findTestObject("Object Repository/Repo/android.widget.TextView - Youve chosen to skip the email verification process. While you can explore the app as a guest, please note that certain features and functionalities may be limited"), 0): Element 'Object Repository/Repo/android.widget.TextView - Youve chosen to skip the email verification process. While you can explore the app as a guest, please note that certain features and functionalities may be limited' is exist

02-04-2025T11:17:32 - [MESSAGE][WARNING] - Timeout '0' is invalid. Using default page load timeout: '30'

02-04-2025T11:17:32 - [MESSAGE][PASSED] - Element 'Object Repository/Repo/android.widget.TextView - Youve chosen to skip the email verification process. While you can explore the app as a guest, please note that certain features and functionalities may be limited' is exist

02-04-2025T11:17:32 - [TEST_STEP][PASSED] - delay(10): Delayed 10 second(s)

02-04-2025T11:17:42 - [MESSAGE][PASSED] - Delayed 10 second(s)

02-04-2025T11:17:42 - [TEST_STEP][PASSED] - verifyElementExist(findTestObject("Object Repository/Repo/android.widget.TextView - To fully access all features"), 0): Element 'Object Repository/Repo/android.widget.TextView - To fully access all features' is exist

02-04-2025T11:17:42 - [MESSAGE][WARNING] - Timeout '0' is invalid. Using default page load timeout: '30'

02-04-2025T11:17:42 - [MESSAGE][PASSED] - Element 'Object Repository/Repo/android.widget.TextView - To fully access all features' is exist

02-04-2025T11:17:42 - [TEST_STEP][PASSED] - delay(10): Delayed 10 second(s)

02-04-2025T11:17:52 - [MESSAGE][PASSED] - Delayed 10 second(s)

02-04-2025T11:17:52 - [TEST_STEP][PASSED] - actualText = getText(findTestObject("Object Repository/Repo/android.widget.TextView - Youve chosen to skip the email verification process. While you can explore the app as a guest, please note that certain features and functionalities may be limited"), 0): Text of element 'Object Repository/Repo/android.widget.TextView - Youve chosen to skip the email verification process. While you can explore the app as a guest, please note that certain features and functionalities may be limited' is: 'You've chosen to skip the email verification process. While you can explore the app as a guest, please note that certain features and functionalities may be limited.'

02-04-2025T11:17:52 - [MESSAGE][WARNING] - Timeout '0' is invalid. Using default page load timeout: '30'

02-04-2025T11:17:52 - [MESSAGE][PASSED] - Text of element 'Object Repository/Repo/android.widget.TextView - Youve chosen to skip the email verification process. While you can explore the app as a guest, please note that certain features and functionalities may be limited' is: 'You've chosen to skip the email verification process. While you can explore the app as a guest, please note that certain features and functionalities may be limited.'

02-04-2025T11:17:52 - [TEST_STEP][PASSED] - expectedText = "You've chosen to skip the email verification process. While you can explore the app as a guest, please note that certain features and functionalities may be limited.": null

02-04-2025T11:17:52 - [TEST_STEP][PASSED] - assert actualText == expectedText: null

02-04-2025T11:17:52 - [TEST_STEP][PASSED] - verifyElementExist(findTestObject("Object Repository/Repo/android.widget.Button - Next (2)"), 0): Element 'Object Repository/Repo/android.widget.Button - Next (2)' is exist

02-04-2025T11:17:52 - [MESSAGE][WARNING] - Timeout '0' is invalid. Using default page load timeout: '30'

02-04-2025T11:17:52 - [MESSAGE][PASSED] - Element 'Object Repository/Repo/android.widget.Button - Next (2)' is exist

02-04-2025T11:17:52 - [TEST_STEP][PASSED] - delay(10): Delayed 10 second(s)

02-04-2025T11:18:02 - [MESSAGE][PASSED] - Delayed 10 second(s)

02-04-2025T11:18:02 - [TEST_STEP][PASSED] - tap(findTestObject("Object Repository/Repo/android.widget.Button - Next (2)"), 0): Tapped on element 'Object Repository/Repo/android.widget.Button - Next (2)'

02-04-2025T11:18:02 - [MESSAGE][WARNING] - Timeout '0' is invalid. Using default page load timeout: '30'

02-04-2025T11:18:02 - [MESSAGE][PASSED] - Tapped on element 'Object Repository/Repo/android.widget.Button - Next (2)'

02-04-2025T11:18:02 - [TEST_STEP][PASSED] - delay(10): Delayed 10 second(s)

02-04-2025T11:18:12 - [MESSAGE][PASSED] - Delayed 10 second(s)

02-04-2025T11:18:12 - [TEST_STEP][PASSED] - closeApplication(): Close app successfully

02-04-2025T11:18:14 - [MESSAGE][PASSED] - Close app successfully

02-04-2025T11:18:14 - [TEST_STEP][PASSED] - closeBrowser(): Browser is closed

02-04-2025T11:18:14 - [MESSAGE][PASSED] - Browser is closed]]></system-out>
         <system-err><![CDATA[]]></system-err>
      </testcase>
      <testcase name="Test Cases/Login Owner OR Renter/C735-C736-C739_LoginOwnerOrRenter" time="255.758" classname="Test Cases/Login Owner OR Renter/C735-C736-C739_LoginOwnerOrRenter" status="PASSED">
         <system-out><![CDATA[02-04-2025T11:18:14 - [TEST_CASE][PASSED] - Test Cases/Login Owner OR Renter/C735-C736-C739_LoginOwnerOrRenter: Test Cases/Login Owner OR Renter/C735-C736-C739_LoginOwnerOrRenter

02-04-2025T11:18:14 - [TEST_STEP][PASSED] - testData = findTestData("Data Files/LogiNewUser"): null

02-04-2025T11:18:14 - [TEST_STEP][PASSED] - email = testData.getValue("email", 1): null

02-04-2025T11:18:14 - [TEST_STEP][PASSED] - password = testData.getValue("password", 1): null

02-04-2025T11:18:14 - [TEST_STEP][PASSED] - startApplication("/Users/gv.vignesh/Downloads/WGR-Android-Automation/App Folder/app-debug.apk", true): Started application: '/Users/gv.vignesh/Downloads/WGR-Android-Automation/App Folder/app-debug.apk'

02-04-2025T11:18:14 - [MESSAGE][INFO] - Starting application: '/Users/gv.vignesh/Downloads/WGR-Android-Automation/App Folder/app-debug.apk'

02-04-2025T11:18:14 - [MESSAGE][INFO] - User set preference: ['deviceId', '']

02-04-2025T11:18:14 - [MESSAGE][INFO] - Detected NodeJS location: "/opt/homebrew/Cellar/node/23.10.0_1/bin/node"

02-04-2025T11:18:14 - [MESSAGE][INFO] - PATH: /opt/homebrew/Cellar/node/23.10.0_1/bin:/opt/homebrew/bin:/usr/bin:/bin:/usr/sbin:/sbin:/Applications/Katalon Studio Enterprise.app/Contents/Eclipse/jre/Contents/Home/bin:/usr/local/bin/

02-04-2025T11:18:14 - [MESSAGE][INFO] - APPIUM_HOME: /Users/gv.vignesh/.appium

02-04-2025T11:18:14 - [MESSAGE][INFO] - appium outlog: /Users/gv.vignesh/Downloads/WGR-Android-Automation/Reports/20250402_105431/WRMA Android Regression/20250402_105431/appium.log

02-04-2025T11:18:14 - [MESSAGE][INFO] - appium errlog: /Users/gv.vignesh/Downloads/WGR-Android-Automation/Reports/20250402_105431/WRMA Android Regression/20250402_105431/appium_error.log

02-04-2025T11:18:15 - [MESSAGE][INFO] - Appium server started on port 53,610

02-04-2025T11:18:20 - [MESSAGE][PASSED] - Started application: '/Users/gv.vignesh/Downloads/WGR-Android-Automation/App Folder/app-debug.apk'

02-04-2025T11:18:20 - [TEST_STEP][PASSED] - delay(10): Delayed 10 second(s)

02-04-2025T11:18:30 - [MESSAGE][PASSED] - Delayed 10 second(s)

02-04-2025T11:18:30 - [TEST_STEP][PASSED] - tap(findTestObject("Object Repository/Repo/android.widget.Button - Login or Sign Up"), 0): Tapped on element 'Object Repository/Repo/android.widget.Button - Login or Sign Up'

02-04-2025T11:18:30 - [MESSAGE][WARNING] - Timeout '0' is invalid. Using default page load timeout: '30'

02-04-2025T11:18:31 - [MESSAGE][PASSED] - Tapped on element 'Object Repository/Repo/android.widget.Button - Login or Sign Up'

02-04-2025T11:18:31 - [TEST_STEP][PASSED] - delay(10): Delayed 10 second(s)

02-04-2025T11:18:41 - [MESSAGE][PASSED] - Delayed 10 second(s)

02-04-2025T11:18:41 - [TEST_STEP][PASSED] - sendKeys(findTestObject("Object Repository/Repo/android.widget.EditText-LoginorSignUp"), email): Send keys 'Maxmillan@yopmail.com' on test object 'Object Repository/Repo/android.widget.EditText-LoginorSignUp' successfully.

02-04-2025T11:18:41 - [MESSAGE][PASSED] - Send keys 'Maxmillan@yopmail.com' on test object 'Object Repository/Repo/android.widget.EditText-LoginorSignUp' successfully.

02-04-2025T11:18:41 - [TEST_STEP][PASSED] - delay(10): Delayed 10 second(s)

02-04-2025T11:18:51 - [MESSAGE][PASSED] - Delayed 10 second(s)

02-04-2025T11:18:51 - [TEST_STEP][PASSED] - tap(findTestObject("Object Repository/Repo/android.widget.Button - Next"), 0): Tapped on element 'Object Repository/Repo/android.widget.Button - Next'

02-04-2025T11:18:51 - [MESSAGE][WARNING] - Timeout '0' is invalid. Using default page load timeout: '30'

02-04-2025T11:18:51 - [MESSAGE][PASSED] - Tapped on element 'Object Repository/Repo/android.widget.Button - Next'

02-04-2025T11:18:51 - [TEST_STEP][PASSED] - delay(45): Delayed 45 second(s)

02-04-2025T11:19:36 - [MESSAGE][PASSED] - Delayed 45 second(s)

02-04-2025T11:19:36 - [TEST_STEP][PASSED] - homeElementExists = verifyElementExist(findTestObject("Object Repository/Repo/android.view.View - Home"), 0): Element 'Object Repository/Repo/android.view.View - Home' is exist

02-04-2025T11:19:36 - [MESSAGE][WARNING] - Timeout '0' is invalid. Using default page load timeout: '30'

02-04-2025T11:19:36 - [MESSAGE][PASSED] - Element 'Object Repository/Repo/android.view.View - Home' is exist

02-04-2025T11:19:36 - [TEST_STEP][PASSED] - assert homeElementExists : "Element 'Home' does not exist.": null

02-04-2025T11:19:36 - [TEST_STEP][PASSED] - homeText = getText(findTestObject("Object Repository/Repo/android.view.View - Home"), 0): Text of element 'Object Repository/Repo/android.view.View - Home' is: 'Home'

02-04-2025T11:19:36 - [MESSAGE][WARNING] - Timeout '0' is invalid. Using default page load timeout: '30'

02-04-2025T11:19:36 - [MESSAGE][PASSED] - Text of element 'Object Repository/Repo/android.view.View - Home' is: 'Home'

02-04-2025T11:19:36 - [TEST_STEP][PASSED] - assert homeText == "Home": null

02-04-2025T11:19:36 - [TEST_STEP][PASSED] - delay(10): Delayed 10 second(s)

02-04-2025T11:19:46 - [MESSAGE][PASSED] - Delayed 10 second(s)

02-04-2025T11:19:46 - [TEST_STEP][PASSED] - myStayElementExists = verifyElementExist(findTestObject("Object Repository/Repo/android.view.View - My Stay"), 0): Element 'Object Repository/Repo/android.view.View - My Stay' is exist

02-04-2025T11:19:46 - [MESSAGE][WARNING] - Timeout '0' is invalid. Using default page load timeout: '30'

02-04-2025T11:19:46 - [MESSAGE][PASSED] - Element 'Object Repository/Repo/android.view.View - My Stay' is exist

02-04-2025T11:19:46 - [TEST_STEP][PASSED] - assert myStayElementExists : "Element 'My Stay' does not exist.": null

02-04-2025T11:19:46 - [TEST_STEP][PASSED] - myStayText = getText(findTestObject("Object Repository/Repo/android.view.View - My Stay"), 0): Text of element 'Object Repository/Repo/android.view.View - My Stay' is: 'My Stay'

02-04-2025T11:19:46 - [MESSAGE][WARNING] - Timeout '0' is invalid. Using default page load timeout: '30'

02-04-2025T11:19:47 - [MESSAGE][PASSED] - Text of element 'Object Repository/Repo/android.view.View - My Stay' is: 'My Stay'

02-04-2025T11:19:47 - [TEST_STEP][PASSED] - assert myStayText == "My Stay": null

02-04-2025T11:19:47 - [TEST_STEP][PASSED] - delay(10): Delayed 10 second(s)

02-04-2025T11:19:57 - [MESSAGE][PASSED] - Delayed 10 second(s)

02-04-2025T11:19:57 - [TEST_STEP][PASSED] - myAccountElementExists = verifyElementExist(findTestObject("Object Repository/Repo/android.view.View - My Account"), 0): Element 'Object Repository/Repo/android.view.View - My Account' is exist

02-04-2025T11:19:57 - [MESSAGE][WARNING] - Timeout '0' is invalid. Using default page load timeout: '30'

02-04-2025T11:19:57 - [MESSAGE][PASSED] - Element 'Object Repository/Repo/android.view.View - My Account' is exist

02-04-2025T11:19:57 - [TEST_STEP][PASSED] - assert myAccountElementExists : "Element 'My Account' does not exist.": null

02-04-2025T11:19:57 - [TEST_STEP][PASSED] - myAccountText = getText(findTestObject("Object Repository/Repo/android.view.View - My Account"), 0): Text of element 'Object Repository/Repo/android.view.View - My Account' is: 'My Account'

02-04-2025T11:19:57 - [MESSAGE][WARNING] - Timeout '0' is invalid. Using default page load timeout: '30'

02-04-2025T11:19:57 - [MESSAGE][PASSED] - Text of element 'Object Repository/Repo/android.view.View - My Account' is: 'My Account'

02-04-2025T11:19:57 - [TEST_STEP][PASSED] - assert myAccountText == "My Account": null

02-04-2025T11:19:57 - [TEST_STEP][PASSED] - delay(10): Delayed 10 second(s)

02-04-2025T11:20:07 - [MESSAGE][PASSED] - Delayed 10 second(s)

02-04-2025T11:20:07 - [TEST_STEP][PASSED] - println("Text 'Home' is present."): null

02-04-2025T11:20:07 - [TEST_STEP][PASSED] - println("Text 'My Stay' is present."): null

02-04-2025T11:20:07 - [TEST_STEP][PASSED] - println("Text 'My Account' is present."): null

02-04-2025T11:20:07 - [TEST_STEP][PASSED] - delay(10): Delayed 10 second(s)

02-04-2025T11:20:17 - [MESSAGE][PASSED] - Delayed 10 second(s)

02-04-2025T11:20:17 - [TEST_STEP][PASSED] - tap(findTestObject("Object Repository/Repo/android.view.View - Home"), 0, STOP_ON_FAILURE): Tapped on element 'Object Repository/Repo/android.view.View - Home'

02-04-2025T11:20:17 - [MESSAGE][WARNING] - Timeout '0' is invalid. Using default page load timeout: '30'

02-04-2025T11:20:17 - [MESSAGE][PASSED] - Tapped on element 'Object Repository/Repo/android.view.View - Home'

02-04-2025T11:20:17 - [TEST_STEP][PASSED] - delay(5): Delayed 5 second(s)

02-04-2025T11:20:22 - [MESSAGE][PASSED] - Delayed 5 second(s)

02-04-2025T11:20:22 - [TEST_STEP][PASSED] - tap(findTestObject("Object Repository/Repo/android.widget.Button - menu"), 0, STOP_ON_FAILURE): Tapped on element 'Object Repository/Repo/android.widget.Button - menu'

02-04-2025T11:20:22 - [MESSAGE][WARNING] - Timeout '0' is invalid. Using default page load timeout: '30'

02-04-2025T11:20:22 - [MESSAGE][PASSED] - Tapped on element 'Object Repository/Repo/android.widget.Button - menu'

02-04-2025T11:20:22 - [TEST_STEP][PASSED] - delay(20): Delayed 20 second(s)

02-04-2025T11:20:42 - [MESSAGE][PASSED] - Delayed 20 second(s)

02-04-2025T11:20:42 - [TEST_STEP][PASSED] - if (waitForElementPresent(findTestObject("Object Repository/Repo/android.widget.TextView - Terms and Conditions-Menu"), 10, CONTINUE_ON_FAILURE)): null

02-04-2025T11:20:42 - [MESSAGE][PASSED] - Element 'Object Repository/Repo/android.widget.TextView - Terms and Conditions-Menu' is present

02-04-2025T11:20:42 - [TEST_STEP][PASSED] - tap(findTestObject("Object Repository/Repo/android.widget.TextView - Terms and Conditions-Menu"), 0, STOP_ON_FAILURE): Tapped on element 'Object Repository/Repo/android.widget.TextView - Terms and Conditions-Menu'

02-04-2025T11:20:42 - [MESSAGE][WARNING] - Timeout '0' is invalid. Using default page load timeout: '30'

02-04-2025T11:20:42 - [MESSAGE][PASSED] - Tapped on element 'Object Repository/Repo/android.widget.TextView - Terms and Conditions-Menu'

02-04-2025T11:20:42 - [TEST_STEP][PASSED] - delay(20): Delayed 20 second(s)

02-04-2025T11:21:02 - [MESSAGE][PASSED] - Delayed 20 second(s)

02-04-2025T11:21:02 - [TEST_STEP][PASSED] - if (waitForElementPresent(findTestObject("Object Repository/Repo/android.view.View-Terms and conditions web"), 10, CONTINUE_ON_FAILURE)): null

02-04-2025T11:21:02 - [MESSAGE][PASSED] - Element 'Object Repository/Repo/android.view.View-Terms and conditions web' is present

02-04-2025T11:21:02 - [TEST_STEP][PASSED] - println("Element 'android.view.View - Terms & Conditions-Webview' exists."): null

02-04-2025T11:21:02 - [TEST_STEP][PASSED] - delay(20): Delayed 20 second(s)

02-04-2025T11:21:22 - [MESSAGE][PASSED] - Delayed 20 second(s)

02-04-2025T11:21:22 - [TEST_STEP][PASSED] - tap(findTestObject("Object Repository/Repo/android.widget.ImageButton-Cancel web"), 0, STOP_ON_FAILURE): Tapped on element 'Object Repository/Repo/android.widget.ImageButton-Cancel web'

02-04-2025T11:21:22 - [MESSAGE][WARNING] - Timeout '0' is invalid. Using default page load timeout: '30'

02-04-2025T11:21:22 - [MESSAGE][PASSED] - Tapped on element 'Object Repository/Repo/android.widget.ImageButton-Cancel web'

02-04-2025T11:21:22 - [TEST_STEP][PASSED] - delay(15): Delayed 15 second(s)

02-04-2025T11:21:37 - [MESSAGE][PASSED] - Delayed 15 second(s)

02-04-2025T11:21:37 - [TEST_STEP][PASSED] - tap(findTestObject("Object Repository/Repo/android.widget.Button - menu"), 0, STOP_ON_FAILURE): Tapped on element 'Object Repository/Repo/android.widget.Button - menu'

02-04-2025T11:21:37 - [MESSAGE][WARNING] - Timeout '0' is invalid. Using default page load timeout: '30'

02-04-2025T11:21:38 - [MESSAGE][PASSED] - Tapped on element 'Object Repository/Repo/android.widget.Button - menu'

02-04-2025T11:21:38 - [TEST_STEP][PASSED] - delay(20): Delayed 20 second(s)

02-04-2025T11:21:58 - [MESSAGE][PASSED] - Delayed 20 second(s)

02-04-2025T11:21:58 - [TEST_STEP][PASSED] - tap(findTestObject("Object Repository/Repo/android.widget.TextView - Privacy Policy-Menu"), 0, STOP_ON_FAILURE): Tapped on element 'Object Repository/Repo/android.widget.TextView - Privacy Policy-Menu'

02-04-2025T11:21:58 - [MESSAGE][WARNING] - Timeout '0' is invalid. Using default page load timeout: '30'

02-04-2025T11:21:58 - [MESSAGE][PASSED] - Tapped on element 'Object Repository/Repo/android.widget.TextView - Privacy Policy-Menu'

02-04-2025T11:21:58 - [TEST_STEP][PASSED] - delay(30): Delayed 30 second(s)

02-04-2025T11:22:28 - [MESSAGE][PASSED] - Delayed 30 second(s)

02-04-2025T11:22:28 - [TEST_STEP][PASSED] - if (waitForElementPresent(findTestObject("Object Repository/Repo/android.widget.TextView - Privacy Policy-web"), 20, CONTINUE_ON_FAILURE)): null

02-04-2025T11:22:28 - [MESSAGE][PASSED] - Element 'Object Repository/Repo/android.widget.TextView - Privacy Policy-web' is present

02-04-2025T11:22:28 - [TEST_STEP][PASSED] - println("Element 'android.widget.TextView - Privacy Policy-web' exists."): null

02-04-2025T11:22:28 - [TEST_STEP][PASSED] - closeApplication(): Close app successfully

02-04-2025T11:22:30 - [MESSAGE][PASSED] - Close app successfully

02-04-2025T11:22:30 - [TEST_STEP][PASSED] - closeBrowser(): Browser is closed

02-04-2025T11:22:30 - [MESSAGE][PASSED] - Browser is closed]]></system-out>
         <system-err><![CDATA[]]></system-err>
      </testcase>
      <testcase name="Test Cases/Login Owner OR Renter/C661-C720-C721_LoginOwnerOrRenter" time="217.448" classname="Test Cases/Login Owner OR Renter/C661-C720-C721_LoginOwnerOrRenter" status="PASSED">
         <system-out><![CDATA[02-04-2025T11:24:29 - [TEST_CASE][PASSED] - Test Cases/Login Owner OR Renter/C661-C720-C721_LoginOwnerOrRenter: Test Cases/Login Owner OR Renter/C661-C720-C721_LoginOwnerOrRenter

02-04-2025T11:24:29 - [TEST_STEP][PASSED] - testData = findTestData("Data Files/LogiNewUser"): null

02-04-2025T11:24:29 - [TEST_STEP][PASSED] - email = testData.getValue("email", 1): null

02-04-2025T11:24:29 - [TEST_STEP][PASSED] - password = testData.getValue("password", 1): null

02-04-2025T11:24:29 - [TEST_STEP][PASSED] - expectedVersion = testData.getValue("version", 1): null

02-04-2025T11:24:29 - [TEST_STEP][PASSED] - startApplication(appUrl, true): Started application: '/Users/gv.vignesh/Downloads/WGR-Android-Automation/App Folder/universal.apk'

02-04-2025T11:24:29 - [MESSAGE][INFO] - Starting application: '/Users/gv.vignesh/Downloads/WGR-Android-Automation/App Folder/universal.apk'

02-04-2025T11:24:29 - [MESSAGE][INFO] - User set preference: ['deviceId', '']

02-04-2025T11:24:33 - [MESSAGE][PASSED] - Started application: '/Users/gv.vignesh/Downloads/WGR-Android-Automation/App Folder/universal.apk'

02-04-2025T11:24:33 - [TEST_STEP][PASSED] - delay(10): Delayed 10 second(s)

02-04-2025T11:24:43 - [MESSAGE][PASSED] - Delayed 10 second(s)

02-04-2025T11:24:43 - [TEST_STEP][PASSED] - tap(findTestObject("Object Repository/Repo/android.widget.Button - Login or Sign Up"), 0): Tapped on element 'Object Repository/Repo/android.widget.Button - Login or Sign Up'

02-04-2025T11:24:43 - [MESSAGE][WARNING] - Timeout '0' is invalid. Using default page load timeout: '30'

02-04-2025T11:24:43 - [MESSAGE][PASSED] - Tapped on element 'Object Repository/Repo/android.widget.Button - Login or Sign Up'

02-04-2025T11:24:43 - [TEST_STEP][PASSED] - delay(10): Delayed 10 second(s)

02-04-2025T11:24:53 - [MESSAGE][PASSED] - Delayed 10 second(s)

02-04-2025T11:24:53 - [TEST_STEP][PASSED] - setText(findTestObject("Object Repository/Repo/android.widget.EditText-LoginorSignUp"), email, 0): Text 'Maxmillan@yopmail.com' has been set to element 'Object Repository/Repo/android.widget.EditText-LoginorSignUp'

02-04-2025T11:24:53 - [MESSAGE][WARNING] - Timeout '0' is invalid. Using default page load timeout: '30'

02-04-2025T11:24:54 - [MESSAGE][PASSED] - Text 'Maxmillan@yopmail.com' has been set to element 'Object Repository/Repo/android.widget.EditText-LoginorSignUp'

02-04-2025T11:24:54 - [TEST_STEP][PASSED] - hideKeyboard(): Keyboard is hidden

02-04-2025T11:24:56 - [MESSAGE][PASSED] - Keyboard is hidden

02-04-2025T11:24:56 - [TEST_STEP][PASSED] - delay(10): Delayed 10 second(s)

02-04-2025T11:25:06 - [MESSAGE][PASSED] - Delayed 10 second(s)

02-04-2025T11:25:06 - [TEST_STEP][PASSED] - tap(findTestObject("Object Repository/Repo/android.widget.Button - Next"), 0): Tapped on element 'Object Repository/Repo/android.widget.Button - Next'

02-04-2025T11:25:06 - [MESSAGE][WARNING] - Timeout '0' is invalid. Using default page load timeout: '30'

02-04-2025T11:25:06 - [MESSAGE][PASSED] - Tapped on element 'Object Repository/Repo/android.widget.Button - Next'

02-04-2025T11:25:06 - [TEST_STEP][PASSED] - delay(45): Delayed 45 second(s)

02-04-2025T11:25:51 - [MESSAGE][PASSED] - Delayed 45 second(s)

02-04-2025T11:25:51 - [TEST_STEP][PASSED] - setText(findTestObject("Object Repository/Repo/android.widget.EditText-OAM(Login)"), email, 0): Text 'Maxmillan@yopmail.com' has been set to element 'Object Repository/Repo/android.widget.EditText-OAM(Login)'

02-04-2025T11:25:51 - [MESSAGE][WARNING] - Timeout '0' is invalid. Using default page load timeout: '30'

02-04-2025T11:25:53 - [MESSAGE][PASSED] - Text 'Maxmillan@yopmail.com' has been set to element 'Object Repository/Repo/android.widget.EditText-OAM(Login)'

02-04-2025T11:25:53 - [TEST_STEP][PASSED] - hideKeyboard(): Keyboard is hidden

02-04-2025T11:25:55 - [MESSAGE][PASSED] - Keyboard is hidden

02-04-2025T11:25:55 - [TEST_STEP][PASSED] - delay(30): Delayed 30 second(s)

02-04-2025T11:26:25 - [MESSAGE][PASSED] - Delayed 30 second(s)

02-04-2025T11:26:25 - [TEST_STEP][PASSED] - setText(findTestObject("Object Repository/Repo/android.widget.EditText-OAM(Password)"), password, 0): Text 'password' has been set to element 'Object Repository/Repo/android.widget.EditText-OAM(Password)'

02-04-2025T11:26:25 - [MESSAGE][WARNING] - Timeout '0' is invalid. Using default page load timeout: '30'

02-04-2025T11:26:26 - [MESSAGE][PASSED] - Text 'password' has been set to element 'Object Repository/Repo/android.widget.EditText-OAM(Password)'

02-04-2025T11:26:26 - [TEST_STEP][PASSED] - hideKeyboard(): Keyboard is hidden

02-04-2025T11:26:28 - [MESSAGE][PASSED] - Keyboard is hidden

02-04-2025T11:26:28 - [TEST_STEP][PASSED] - delay(30): Delayed 30 second(s)

02-04-2025T11:26:58 - [MESSAGE][PASSED] - Delayed 30 second(s)

02-04-2025T11:26:58 - [TEST_STEP][PASSED] - tap(findTestObject("Object Repository/Repo/android.widget.Button -OAM(Login)"), 0): Tapped on element 'Object Repository/Repo/android.widget.Button -OAM(Login)'

02-04-2025T11:26:58 - [MESSAGE][WARNING] - Timeout '0' is invalid. Using default page load timeout: '30'

02-04-2025T11:26:59 - [MESSAGE][PASSED] - Tapped on element 'Object Repository/Repo/android.widget.Button -OAM(Login)'

02-04-2025T11:26:59 - [TEST_STEP][PASSED] - delay(20): Delayed 20 second(s)

02-04-2025T11:27:19 - [MESSAGE][PASSED] - Delayed 20 second(s)

02-04-2025T11:27:19 - [TEST_STEP][PASSED] - verifyElementExist(findTestObject("Object Repository/Repo/android.view.View - My Stay"), 0): Element 'Object Repository/Repo/android.view.View - My Stay' is exist

02-04-2025T11:27:19 - [MESSAGE][WARNING] - Timeout '0' is invalid. Using default page load timeout: '30'

02-04-2025T11:27:19 - [MESSAGE][PASSED] - Element 'Object Repository/Repo/android.view.View - My Stay' is exist

02-04-2025T11:27:19 - [TEST_STEP][PASSED] - delay(5): Delayed 5 second(s)

02-04-2025T11:27:24 - [MESSAGE][PASSED] - Delayed 5 second(s)

02-04-2025T11:27:24 - [TEST_STEP][PASSED] - verifyElementExist(findTestObject("Object Repository/Repo/android.view.View - My Account"), 0): Element 'Object Repository/Repo/android.view.View - My Account' is exist

02-04-2025T11:27:24 - [MESSAGE][WARNING] - Timeout '0' is invalid. Using default page load timeout: '30'

02-04-2025T11:27:24 - [MESSAGE][PASSED] - Element 'Object Repository/Repo/android.view.View - My Account' is exist

02-04-2025T11:27:24 - [TEST_STEP][PASSED] - delay(5): Delayed 5 second(s)

02-04-2025T11:27:29 - [MESSAGE][PASSED] - Delayed 5 second(s)

02-04-2025T11:27:29 - [TEST_STEP][PASSED] - verifyElementExist(findTestObject("Object Repository/Repo/android.view.View - Home"), 0): Element 'Object Repository/Repo/android.view.View - Home' is exist

02-04-2025T11:27:29 - [MESSAGE][WARNING] - Timeout '0' is invalid. Using default page load timeout: '30'

02-04-2025T11:27:29 - [MESSAGE][PASSED] - Element 'Object Repository/Repo/android.view.View - Home' is exist

02-04-2025T11:27:29 - [TEST_STEP][PASSED] - delay(5): Delayed 5 second(s)

02-04-2025T11:27:34 - [MESSAGE][PASSED] - Delayed 5 second(s)

02-04-2025T11:27:34 - [TEST_STEP][PASSED] - myStayText = getText(findTestObject("Object Repository/Repo/android.view.View - My Stay"), 0): Text of element 'Object Repository/Repo/android.view.View - My Stay' is: 'My Stay'

02-04-2025T11:27:34 - [MESSAGE][WARNING] - Timeout '0' is invalid. Using default page load timeout: '30'

02-04-2025T11:27:34 - [MESSAGE][PASSED] - Text of element 'Object Repository/Repo/android.view.View - My Stay' is: 'My Stay'

02-04-2025T11:27:34 - [TEST_STEP][PASSED] - assert myStayText == "My Stay": null

02-04-2025T11:27:34 - [TEST_STEP][PASSED] - myAccountText = getText(findTestObject("Object Repository/Repo/android.view.View - My Account"), 0): Text of element 'Object Repository/Repo/android.view.View - My Account' is: 'My Account'

02-04-2025T11:27:34 - [MESSAGE][WARNING] - Timeout '0' is invalid. Using default page load timeout: '30'

02-04-2025T11:27:34 - [MESSAGE][PASSED] - Text of element 'Object Repository/Repo/android.view.View - My Account' is: 'My Account'

02-04-2025T11:27:34 - [TEST_STEP][PASSED] - assert myAccountText == "My Account": null

02-04-2025T11:27:34 - [TEST_STEP][PASSED] - homeText = getText(findTestObject("Object Repository/Repo/android.view.View - Home"), 0): Text of element 'Object Repository/Repo/android.view.View - Home' is: 'Home'

02-04-2025T11:27:34 - [MESSAGE][WARNING] - Timeout '0' is invalid. Using default page load timeout: '30'

02-04-2025T11:27:34 - [MESSAGE][PASSED] - Text of element 'Object Repository/Repo/android.view.View - Home' is: 'Home'

02-04-2025T11:27:34 - [TEST_STEP][PASSED] - assert homeText == "Home": null

02-04-2025T11:27:34 - [TEST_STEP][PASSED] - tap(findTestObject("Object Repository/Repo/android.view.View - Home"), 0): Tapped on element 'Object Repository/Repo/android.view.View - Home'

02-04-2025T11:27:34 - [MESSAGE][WARNING] - Timeout '0' is invalid. Using default page load timeout: '30'

02-04-2025T11:27:34 - [MESSAGE][PASSED] - Tapped on element 'Object Repository/Repo/android.view.View - Home'

02-04-2025T11:27:34 - [TEST_STEP][PASSED] - delay(10): Delayed 10 second(s)

02-04-2025T11:27:44 - [MESSAGE][PASSED] - Delayed 10 second(s)

02-04-2025T11:27:44 - [TEST_STEP][PASSED] - tap(findTestObject("Object Repository/Repo/android.widget.Button - menu"), 0): Tapped on element 'Object Repository/Repo/android.widget.Button - menu'

02-04-2025T11:27:44 - [MESSAGE][WARNING] - Timeout '0' is invalid. Using default page load timeout: '30'

02-04-2025T11:27:44 - [MESSAGE][PASSED] - Tapped on element 'Object Repository/Repo/android.widget.Button - menu'

02-04-2025T11:27:44 - [TEST_STEP][PASSED] - delay(10): Delayed 10 second(s)

02-04-2025T11:27:54 - [MESSAGE][PASSED] - Delayed 10 second(s)

02-04-2025T11:27:54 - [TEST_STEP][PASSED] - tap(findTestObject("Object Repository/Repo/android.widget.TabWidget-Settings"), 0): Tapped on element 'Object Repository/Repo/android.widget.TabWidget-Settings'

02-04-2025T11:27:54 - [MESSAGE][WARNING] - Timeout '0' is invalid. Using default page load timeout: '30'

02-04-2025T11:27:54 - [MESSAGE][PASSED] - Tapped on element 'Object Repository/Repo/android.widget.TabWidget-Settings'

02-04-2025T11:27:54 - [TEST_STEP][PASSED] - delay(10): Delayed 10 second(s)

02-04-2025T11:28:04 - [MESSAGE][PASSED] - Delayed 10 second(s)

02-04-2025T11:28:04 - [TEST_STEP][PASSED] - actualVersion = getText(findTestObject("Object Repository/Repo/android.widget.Button - Version 2.81.111"), 0): Text of element 'Object Repository/Repo/android.widget.Button - Version 2.81.111' is: 'Version 2.81.111'

02-04-2025T11:28:04 - [MESSAGE][WARNING] - Timeout '0' is invalid. Using default page load timeout: '30'

02-04-2025T11:28:04 - [MESSAGE][PASSED] - Text of element 'Object Repository/Repo/android.widget.Button - Version 2.81.111' is: 'Version 2.81.111'

02-04-2025T11:28:04 - [TEST_STEP][PASSED] - if (actualVersion == expectedVersion): null

02-04-2025T11:28:04 - [TEST_STEP][PASSED] - println(Version verification passed. Expected: $expectedVersion, Actual: $actualVersion): null

02-04-2025T11:28:04 - [TEST_STEP][PASSED] - verifyElementExist(findTestObject("Object Repository/Repo/android.widget.Button - Version 2.81.111"), 0): Element 'Object Repository/Repo/android.widget.Button - Version 2.81.111' is exist

02-04-2025T11:28:04 - [MESSAGE][WARNING] - Timeout '0' is invalid. Using default page load timeout: '30'

02-04-2025T11:28:05 - [MESSAGE][PASSED] - Element 'Object Repository/Repo/android.widget.Button - Version 2.81.111' is exist

02-04-2025T11:28:05 - [TEST_STEP][PASSED] - closeApplication(): Close app successfully

02-04-2025T11:28:06 - [MESSAGE][PASSED] - Close app successfully

02-04-2025T11:28:06 - [TEST_STEP][PASSED] - closeBrowser(): Browser is closed

02-04-2025T11:28:06 - [MESSAGE][PASSED] - Browser is closed]]></system-out>
         <system-err><![CDATA[]]></system-err>
      </testcase>
      <system-out><![CDATA[02-04-2025T10:54:36 - [TEST_SUITE][FAILED] - WRMA Android Regression: Test Cases/Sign Up New UserPage/C682-C688_SignUpNewUserPage FAILED.
Reason:
com.kms.katalon.core.exception.StepFailedException: Failed to tap on element 'Object Repository/Repo/SignUpNewUser/android.widget.Button - Next (1)'
	at com.kms.katalon.core.mobile.keyword.internal.MobileKeywordMain.stepFailed(MobileKeywordMain.groovy:64)
	at com.kms.katalon.core.mobile.keyword.internal.MobileKeywordMain.runKeyword(MobileKeywordMain.groovy:34)
	at com.kms.katalon.core.mobile.keyword.builtin.TapKeyword.tap(TapKeyword.groovy:51)
	at com.kms.katalon.core.mobile.keyword.builtin.TapKeyword.execute(TapKeyword.groovy:35)
	at com.kms.katalon.core.keyword.internal.KeywordExecutor.executeKeywordForPlatform(KeywordExecutor.groovy:74)
	at com.kms.katalon.core.mobile.keyword.MobileBuiltInKeywords.tap(MobileBuiltInKeywords.groovy:1461)
	at C682-C688_SignUpNewUserPage.run(C682-C688_SignUpNewUserPage:111)
	at com.kms.katalon.core.main.ScriptEngine.run(ScriptEngine.java:194)
	at com.kms.katalon.core.main.ScriptEngine.runScriptAsRawText(ScriptEngine.java:119)
	at com.kms.katalon.core.main.TestCaseExecutor.runScript(TestCaseExecutor.java:448)
	at com.kms.katalon.core.main.TestCaseExecutor.doExecute(TestCaseExecutor.java:439)
	at com.kms.katalon.core.main.TestCaseExecutor.processExecutionPhase(TestCaseExecutor.java:418)
	at com.kms.katalon.core.main.TestCaseExecutor.accessMainPhase(TestCaseExecutor.java:410)
	at com.kms.katalon.core.main.TestCaseExecutor.execute(TestCaseExecutor.java:285)
	at com.kms.katalon.core.common.CommonExecutor.accessTestCaseMainPhase(CommonExecutor.java:71)
	at com.kms.katalon.core.main.TestSuiteExecutor.accessTestSuiteMainPhase(TestSuiteExecutor.java:160)
	at com.kms.katalon.core.main.TestSuiteExecutor.execute(TestSuiteExecutor.java:107)
	at com.kms.katalon.core.main.TestCaseMain.startTestSuite(TestCaseMain.java:180)
	at TempTestSuite1743571471514.run(TempTestSuite1743571471514.groovy:35)
	at java.base/jdk.internal.reflect.NativeMethodAccessorImpl.invoke0(Native Method)
	at java.base/jdk.internal.reflect.NativeMethodAccessorImpl.invoke(NativeMethodAccessorImpl.java:77)
	at java.base/jdk.internal.reflect.DelegatingMethodAccessorImpl.invoke(DelegatingMethodAccessorImpl.java:43)
Caused by: org.openqa.selenium.WebDriverException: An unknown server-side error occurred while processing the command. Original error: 'GET /window/current/size' cannot be proxied to UiAutomator2 server because the instrumentation process is not running (probably crashed). Check the server log and/or the logcat output for more details
Build info: version: '4.22.0', revision: 'c5f3146703'
System info: os.name: 'Mac OS X', os.arch: 'aarch64', os.version: '15.3.2', java.version: '17.0.14'
Driver info: io.appium.java_client.android.AndroidDriver
Command: [554f3492-522e-4f09-b5da-c39a9e089950, getCurrentWindowSize {}]
Capabilities {appium:app: /Users/gv.vignesh/Downloads..., appium:appActivity: com.westgate.rewrite2.MainA..., appium:appPackage: com.westgate.rewrite2, appium:autoGrantPermissions: true, appium:automationName: uiautomator2, appium:databaseEnabled: false, appium:desired: {app: /Users/gv.vignesh/Downloads..., autoGrantPermissions: true, automationName: uiautomator2, deviceId: , deviceName: emulator-5554 (sdk_gphone64..., fullReset: true, newCommandTimeout: 1800, noReset: false, platformName: ANDROID, platformVersion: 16, systemPort: 52128, udid: emulator-5554}, appium:deviceApiLevel: 36, appium:deviceId: , appium:deviceManufacturer: Google, appium:deviceModel: sdk_gphone64_arm64, appium:deviceName: emulator-5554, appium:deviceScreenDensity: 420, appium:deviceScreenSize: 1080x2400, appium:deviceUDID: emulator-5554, appium:fullReset: true, appium:javascriptEnabled: true, appium:locationContextEnabled: false, appium:networkConnectionEnabled: true, appium:newCommandTimeout: 1800, appium:noReset: false, appium:pixelRatio: 2.625, appium:platformVersion: 16, appium:statBarHeight: 63, appium:systemPort: 52128, appium:takesScreenshot: true, appium:udid: emulator-5554, appium:viewportRect: {height: 2337, left: 0, top: 63, width: 1080}, appium:warnings: {}, appium:webStorageEnabled: false, platformName: ANDROID}
Session ID: 554f3492-522e-4f09-b5da-c39a9e089950
	at java.base/jdk.internal.reflect.NativeConstructorAccessorImpl.newInstance0(Native Method)
	at java.base/jdk.internal.reflect.NativeConstructorAccessorImpl.newInstance(NativeConstructorAccessorImpl.java:77)
	at java.base/jdk.internal.reflect.DelegatingConstructorAccessorImpl.newInstance(DelegatingConstructorAccessorImpl.java:45)
	at org.openqa.selenium.remote.ErrorCodec.decode(ErrorCodec.java:167)
	at org.openqa.selenium.remote.codec.w3c.W3CHttpResponseCodec.decode(W3CHttpResponseCodec.java:138)
	at org.openqa.selenium.remote.codec.w3c.W3CHttpResponseCodec.decode(W3CHttpResponseCodec.java:50)
	at org.openqa.selenium.remote.HttpCommandExecutor.execute(HttpCommandExecutor.java:190)
	at io.appium.java_client.remote.AppiumCommandExecutor.execute(AppiumCommandExecutor.java:237)
	at org.openqa.selenium.remote.RemoteWebDriver.execute(RemoteWebDriver.java:518)
	at org.openqa.selenium.remote.RemoteWebDriver.execute(RemoteWebDriver.java:591)
	at io.appium.java_client.AppiumDriver.execute(AppiumDriver.java:310)
	at org.openqa.selenium.remote.RemoteWebDriver$RemoteWebDriverOptions$RemoteWindow.getSize(RemoteWebDriver.java:1000)
	at org.openqa.selenium.WebDriver$Window$getSize.call(Unknown Source)
	at com.kms.katalon.core.mobile.keyword.internal.MobileAbstractKeyword.findElement(MobileAbstractKeyword.groovy:81)
	at jdk.internal.reflect.GeneratedMethodAccessor5.invoke(Unknown Source)
	at java.base/jdk.internal.reflect.DelegatingMethodAccessorImpl.invoke(DelegatingMethodAccessorImpl.java:43)
	at com.kms.katalon.core.mobile.keyword.builtin.TapKeyword$_tap_closure1.doCall(TapKeyword.groovy:43)
	at com.kms.katalon.core.mobile.keyword.builtin.TapKeyword$_tap_closure1.call(TapKeyword.groovy)
	at com.kms.katalon.core.mobile.keyword.internal.MobileKeywordMain.runKeyword(MobileKeywordMain.groovy:30)
	... 20 more]]></system-out>
      <system-err><![CDATA[02-04-2025T10:54:36 - [TEST_SUITE][FAILED] - WRMA Android Regression: Test Cases/Sign Up New UserPage/C682-C688_SignUpNewUserPage FAILED.
Reason:
com.kms.katalon.core.exception.StepFailedException: Failed to tap on element 'Object Repository/Repo/SignUpNewUser/android.widget.Button - Next (1)'
	at com.kms.katalon.core.mobile.keyword.internal.MobileKeywordMain.stepFailed(MobileKeywordMain.groovy:64)
	at com.kms.katalon.core.mobile.keyword.internal.MobileKeywordMain.runKeyword(MobileKeywordMain.groovy:34)
	at com.kms.katalon.core.mobile.keyword.builtin.TapKeyword.tap(TapKeyword.groovy:51)
	at com.kms.katalon.core.mobile.keyword.builtin.TapKeyword.execute(TapKeyword.groovy:35)
	at com.kms.katalon.core.keyword.internal.KeywordExecutor.executeKeywordForPlatform(KeywordExecutor.groovy:74)
	at com.kms.katalon.core.mobile.keyword.MobileBuiltInKeywords.tap(MobileBuiltInKeywords.groovy:1461)
	at C682-C688_SignUpNewUserPage.run(C682-C688_SignUpNewUserPage:111)
	at com.kms.katalon.core.main.ScriptEngine.run(ScriptEngine.java:194)
	at com.kms.katalon.core.main.ScriptEngine.runScriptAsRawText(ScriptEngine.java:119)
	at com.kms.katalon.core.main.TestCaseExecutor.runScript(TestCaseExecutor.java:448)
	at com.kms.katalon.core.main.TestCaseExecutor.doExecute(TestCaseExecutor.java:439)
	at com.kms.katalon.core.main.TestCaseExecutor.processExecutionPhase(TestCaseExecutor.java:418)
	at com.kms.katalon.core.main.TestCaseExecutor.accessMainPhase(TestCaseExecutor.java:410)
	at com.kms.katalon.core.main.TestCaseExecutor.execute(TestCaseExecutor.java:285)
	at com.kms.katalon.core.common.CommonExecutor.accessTestCaseMainPhase(CommonExecutor.java:71)
	at com.kms.katalon.core.main.TestSuiteExecutor.accessTestSuiteMainPhase(TestSuiteExecutor.java:160)
	at com.kms.katalon.core.main.TestSuiteExecutor.execute(TestSuiteExecutor.java:107)
	at com.kms.katalon.core.main.TestCaseMain.startTestSuite(TestCaseMain.java:180)
	at TempTestSuite1743571471514.run(TempTestSuite1743571471514.groovy:35)
	at java.base/jdk.internal.reflect.NativeMethodAccessorImpl.invoke0(Native Method)
	at java.base/jdk.internal.reflect.NativeMethodAccessorImpl.invoke(NativeMethodAccessorImpl.java:77)
	at java.base/jdk.internal.reflect.DelegatingMethodAccessorImpl.invoke(DelegatingMethodAccessorImpl.java:43)
Caused by: org.openqa.selenium.WebDriverException: An unknown server-side error occurred while processing the command. Original error: 'GET /window/current/size' cannot be proxied to UiAutomator2 server because the instrumentation process is not running (probably crashed). Check the server log and/or the logcat output for more details
Build info: version: '4.22.0', revision: 'c5f3146703'
System info: os.name: 'Mac OS X', os.arch: 'aarch64', os.version: '15.3.2', java.version: '17.0.14'
Driver info: io.appium.java_client.android.AndroidDriver
Command: [554f3492-522e-4f09-b5da-c39a9e089950, getCurrentWindowSize {}]
Capabilities {appium:app: /Users/gv.vignesh/Downloads..., appium:appActivity: com.westgate.rewrite2.MainA..., appium:appPackage: com.westgate.rewrite2, appium:autoGrantPermissions: true, appium:automationName: uiautomator2, appium:databaseEnabled: false, appium:desired: {app: /Users/gv.vignesh/Downloads..., autoGrantPermissions: true, automationName: uiautomator2, deviceId: , deviceName: emulator-5554 (sdk_gphone64..., fullReset: true, newCommandTimeout: 1800, noReset: false, platformName: ANDROID, platformVersion: 16, systemPort: 52128, udid: emulator-5554}, appium:deviceApiLevel: 36, appium:deviceId: , appium:deviceManufacturer: Google, appium:deviceModel: sdk_gphone64_arm64, appium:deviceName: emulator-5554, appium:deviceScreenDensity: 420, appium:deviceScreenSize: 1080x2400, appium:deviceUDID: emulator-5554, appium:fullReset: true, appium:javascriptEnabled: true, appium:locationContextEnabled: false, appium:networkConnectionEnabled: true, appium:newCommandTimeout: 1800, appium:noReset: false, appium:pixelRatio: 2.625, appium:platformVersion: 16, appium:statBarHeight: 63, appium:systemPort: 52128, appium:takesScreenshot: true, appium:udid: emulator-5554, appium:viewportRect: {height: 2337, left: 0, top: 63, width: 1080}, appium:warnings: {}, appium:webStorageEnabled: false, platformName: ANDROID}
Session ID: 554f3492-522e-4f09-b5da-c39a9e089950
	at java.base/jdk.internal.reflect.NativeConstructorAccessorImpl.newInstance0(Native Method)
	at java.base/jdk.internal.reflect.NativeConstructorAccessorImpl.newInstance(NativeConstructorAccessorImpl.java:77)
	at java.base/jdk.internal.reflect.DelegatingConstructorAccessorImpl.newInstance(DelegatingConstructorAccessorImpl.java:45)
	at org.openqa.selenium.remote.ErrorCodec.decode(ErrorCodec.java:167)
	at org.openqa.selenium.remote.codec.w3c.W3CHttpResponseCodec.decode(W3CHttpResponseCodec.java:138)
	at org.openqa.selenium.remote.codec.w3c.W3CHttpResponseCodec.decode(W3CHttpResponseCodec.java:50)
	at org.openqa.selenium.remote.HttpCommandExecutor.execute(HttpCommandExecutor.java:190)
	at io.appium.java_client.remote.AppiumCommandExecutor.execute(AppiumCommandExecutor.java:237)
	at org.openqa.selenium.remote.RemoteWebDriver.execute(RemoteWebDriver.java:518)
	at org.openqa.selenium.remote.RemoteWebDriver.execute(RemoteWebDriver.java:591)
	at io.appium.java_client.AppiumDriver.execute(AppiumDriver.java:310)
	at org.openqa.selenium.remote.RemoteWebDriver$RemoteWebDriverOptions$RemoteWindow.getSize(RemoteWebDriver.java:1000)
	at org.openqa.selenium.WebDriver$Window$getSize.call(Unknown Source)
	at com.kms.katalon.core.mobile.keyword.internal.MobileAbstractKeyword.findElement(MobileAbstractKeyword.groovy:81)
	at jdk.internal.reflect.GeneratedMethodAccessor5.invoke(Unknown Source)
	at java.base/jdk.internal.reflect.DelegatingMethodAccessorImpl.invoke(DelegatingMethodAccessorImpl.java:43)
	at com.kms.katalon.core.mobile.keyword.builtin.TapKeyword$_tap_closure1.doCall(TapKeyword.groovy:43)
	at com.kms.katalon.core.mobile.keyword.builtin.TapKeyword$_tap_closure1.call(TapKeyword.groovy)
	at com.kms.katalon.core.mobile.keyword.internal.MobileKeywordMain.runKeyword(MobileKeywordMain.groovy:30)
	... 20 more]]></system-err>
   </testsuite>
</testsuites>
