<?xml version="1.0" encoding="UTF-8"?>
<testsuites name="Android Regression" time="6933.78" tests="39" failures="23" errors="0">
   <testsuite name="Android Regression" tests="39" failures="23" errors="0" time="6933.78" skipped="0" timestamp="29-04-2025T10:49:48" hostname="**********" id="Test Suites/Android Regression">
      <properties>
         <property name="deviceName" value="Xiaomi 23076PC4BI (Android 15)"/>
         <property name="devicePlatform" value="Android"/>
         <property name="logFolder" value="/Users/gv.vignesh/Downloads/WGR-Android-Automation/Reports/20250429_104944/Android Regression/20250429_104944"/>
         <property name="logFiles" value="/Users/gv.vignesh/Downloads/WGR-Android-Automation/Reports/20250429_104944/Android Regression/20250429_104944/execution0.log, /Users/gv.vignesh/Downloads/WGR-Android-Automation/Reports/20250429_104944/Android Regression/20250429_104944/appium_error.log, /Users/gv.vignesh/Downloads/WGR-Android-Automation/Reports/20250429_104944/Android Regression/20250429_104944/appium.log"/>
         <property name="attachments" value="/Users/gv.vignesh/Downloads/WGR-Android-Automation/Reports/20250429_104944/Android Regression/20250429_104944/1745904411041.png, /Users/gv.vignesh/Downloads/WGR-Android-Automation/Reports/20250429_104944/Android Regression/20250429_104944/1745904533491.png, /Users/gv.vignesh/Downloads/WGR-Android-Automation/Reports/20250429_104944/Android Regression/20250429_104944/1745904640872.png, /Users/gv.vignesh/Downloads/WGR-Android-Automation/Reports/20250429_104944/Android Regression/20250429_104944/1745904672688.png, /Users/gv.vignesh/Downloads/WGR-Android-Automation/Reports/20250429_104944/Android Regression/20250429_104944/1745904684090.png, /Users/gv.vignesh/Downloads/WGR-Android-Automation/Reports/20250429_104944/Android Regression/20250429_104944/1745904695386.png, /Users/gv.vignesh/Downloads/WGR-Android-Automation/Reports/20250429_104944/Android Regression/20250429_104944/1745904696378.png, /Users/gv.vignesh/Downloads/WGR-Android-Automation/Reports/20250429_104944/Android Regression/20250429_104944/1745905257066.png, /Users/gv.vignesh/Downloads/WGR-Android-Automation/Reports/20250429_104944/Android Regression/20250429_104944/1745905258325.png, /Users/gv.vignesh/Downloads/WGR-Android-Automation/Reports/20250429_104944/Android Regression/20250429_104944/1745906321525.png, /Users/gv.vignesh/Downloads/WGR-Android-Automation/Reports/20250429_104944/Android Regression/20250429_104944/1745906526561.png, /Users/gv.vignesh/Downloads/WGR-Android-Automation/Reports/20250429_104944/Android Regression/20250429_104944/1745906705015.png, /Users/gv.vignesh/Downloads/WGR-Android-Automation/Reports/20250429_104944/Android Regression/20250429_104944/1745906707724.png, /Users/gv.vignesh/Downloads/WGR-Android-Automation/Reports/20250429_104944/Android Regression/20250429_104944/FAILURE_Object Repository_Repo_SignUpNewUser_android.widget.TextView - Book a Rental_1745906709774.png, /Users/gv.vignesh/Downloads/WGR-Android-Automation/Reports/20250429_104944/Android Regression/20250429_104944/1745906939255.png, /Users/gv.vignesh/Downloads/WGR-Android-Automation/Reports/20250429_104944/Android Regression/20250429_104944/1745906941413.png, /Users/gv.vignesh/Downloads/WGR-Android-Automation/Reports/20250429_104944/Android Regression/20250429_104944/1745907755075.png, /Users/gv.vignesh/Downloads/WGR-Android-Automation/Reports/20250429_104944/Android Regression/20250429_104944/1745907756649.png, /Users/gv.vignesh/Downloads/WGR-Android-Automation/Reports/20250429_104944/Android Regression/20250429_104944/1745907822372.png, /Users/gv.vignesh/Downloads/WGR-Android-Automation/Reports/20250429_104944/Android Regression/20250429_104944/1745907824191.png, /Users/gv.vignesh/Downloads/WGR-Android-Automation/Reports/20250429_104944/Android Regression/20250429_104944/1745908035545.png, /Users/gv.vignesh/Downloads/WGR-Android-Automation/Reports/20250429_104944/Android Regression/20250429_104944/1745908036866.png, /Users/gv.vignesh/Downloads/WGR-Android-Automation/Reports/20250429_104944/Android Regression/20250429_104944/1745908109987.png, /Users/gv.vignesh/Downloads/WGR-Android-Automation/Reports/20250429_104944/Android Regression/20250429_104944/1745908112593.png, /Users/gv.vignesh/Downloads/WGR-Android-Automation/Reports/20250429_104944/Android Regression/20250429_104944/1745908716072.png, /Users/gv.vignesh/Downloads/WGR-Android-Automation/Reports/20250429_104944/Android Regression/20250429_104944/1745908909206.png, /Users/gv.vignesh/Downloads/WGR-Android-Automation/Reports/20250429_104944/Android Regression/20250429_104944/1745908911034.png, /Users/gv.vignesh/Downloads/WGR-Android-Automation/Reports/20250429_104944/Android Regression/20250429_104944/1745909106512.png, /Users/gv.vignesh/Downloads/WGR-Android-Automation/Reports/20250429_104944/Android Regression/20250429_104944/1745909107901.png, /Users/gv.vignesh/Downloads/WGR-Android-Automation/Reports/20250429_104944/Android Regression/20250429_104944/1745909561213.png, /Users/gv.vignesh/Downloads/WGR-Android-Automation/Reports/20250429_104944/Android Regression/20250429_104944/1745909562496.png, /Users/gv.vignesh/Downloads/WGR-Android-Automation/Reports/20250429_104944/Android Regression/20250429_104944/1745909763576.png, /Users/gv.vignesh/Downloads/WGR-Android-Automation/Reports/20250429_104944/Android Regression/20250429_104944/1745909765268.png, /Users/gv.vignesh/Downloads/WGR-Android-Automation/Reports/20250429_104944/Android Regression/20250429_104944/1745909840580.png, /Users/gv.vignesh/Downloads/WGR-Android-Automation/Reports/20250429_104944/Android Regression/20250429_104944/1745909843456.png, /Users/gv.vignesh/Downloads/WGR-Android-Automation/Reports/20250429_104944/Android Regression/20250429_104944/1745910126519.png, /Users/gv.vignesh/Downloads/WGR-Android-Automation/Reports/20250429_104944/Android Regression/20250429_104944/1745910129823.png, /Users/gv.vignesh/Downloads/WGR-Android-Automation/Reports/20250429_104944/Android Regression/20250429_104944/1745910374602.png, /Users/gv.vignesh/Downloads/WGR-Android-Automation/Reports/20250429_104944/Android Regression/20250429_104944/1745910376168.png, /Users/gv.vignesh/Downloads/WGR-Android-Automation/Reports/20250429_104944/Android Regression/20250429_104944/1745910791375.png, /Users/gv.vignesh/Downloads/WGR-Android-Automation/Reports/20250429_104944/Android Regression/20250429_104944/1745910792848.png, /Users/gv.vignesh/Downloads/WGR-Android-Automation/Reports/20250429_104944/Android Regression/20250429_104944/1745910869455.png, /Users/gv.vignesh/Downloads/WGR-Android-Automation/Reports/20250429_104944/Android Regression/20250429_104944/1745910871969.png, /Users/gv.vignesh/Downloads/WGR-Android-Automation/Reports/20250429_104944/Android Regression/20250429_104944/1745910919811.png"/>
         <property name="hostName" value="**********"/>
         <property name="os" value="Mac OS X 64bit"/>
         <property name="appiumServerStatus" value="{&quot;value&quot;:{&quot;ready&quot;:true,&quot;message&quot;:&quot;The server is ready to accept new connections&quot;,&quot;build&quot;:{&quot;version&quot;:&quot;2.17.1&quot;,&quot;git-sha&quot;:&quot;12a3d4a6f1eedf483855716b989d828443438f79&quot;,&quot;built&quot;:&quot;2025-04-22 15:18:47 +0000&quot;}}}"/>
         <property name="katalonVersion" value="10.1.1.0"/>
         <property name="deviceOS" value="Android"/>
         <property name="appiumVersion" value="2.17.1"/>
         <property name="deviceModel" value="23076PC4BI"/>
         <property name="hostAddress" value="**********"/>
         <property name="deviceManufacturer" value="Xiaomi"/>
         <property name="deviceId" value="a6e538dc5180"/>
         <property name="deviceName" value="Xiaomi 23076PC4BI (Android 15)"/>
         <property name="deviceOSVersion" value="15"/>
      </properties>
      <testcase name="Test Cases/App Installation And Launching/C657_C658_AppInstallationAndLaunching" time="63.297" classname="Test Cases/App Installation And Launching/C657_C658_AppInstallationAndLaunching" status="PASSED">
         <system-out><![CDATA[29-04-2025T10:49:48 - [TEST_CASE][PASSED] - Test Cases/App Installation And Launching/C657_C658_AppInstallationAndLaunching: Test Cases/App Installation And Launching/C657_C658_AppInstallationAndLaunching

29-04-2025T10:49:48 - [TEST_STEP][PASSED] - startApplication(appUrl, true): Started application: '/Users/gv.vignesh/Downloads/WGR-Android-Automation/App Folder/app-debug-2.99.75.apk'

29-04-2025T10:49:48 - [MESSAGE][INFO] - Starting application: '/Users/gv.vignesh/Downloads/WGR-Android-Automation/App Folder/app-debug-2.99.75.apk'

29-04-2025T10:49:48 - [MESSAGE][INFO] - User set preference: ['uiautomator2ServerInstallTimeout', '0']

29-04-2025T10:49:48 - [MESSAGE][INFO] - User set preference: ['deviceId', '']

29-04-2025T10:49:48 - [MESSAGE][INFO] - Detected NodeJS location: "/opt/homebrew/Cellar/node/23.10.0_1/bin/node"

29-04-2025T10:49:48 - [MESSAGE][INFO] - PATH: /opt/homebrew/Cellar/node/23.10.0_1/bin:/opt/homebrew/bin:/usr/bin:/bin:/usr/sbin:/sbin:/Applications/Katalon Studio Enterprise.app/Contents/Eclipse/jre/Contents/Home/bin:/usr/local/bin/

29-04-2025T10:49:48 - [MESSAGE][INFO] - APPIUM_HOME: /Users/gv.vignesh/.appium

29-04-2025T10:49:48 - [MESSAGE][INFO] - appium outlog: /Users/gv.vignesh/Downloads/WGR-Android-Automation/Reports/20250429_104944/Android Regression/20250429_104944/appium.log

29-04-2025T10:49:48 - [MESSAGE][INFO] - appium errlog: /Users/gv.vignesh/Downloads/WGR-Android-Automation/Reports/20250429_104944/Android Regression/20250429_104944/appium_error.log

29-04-2025T10:49:49 - [MESSAGE][INFO] - Appium server started on port 50,750

29-04-2025T10:50:11 - [MESSAGE][PASSED] - Started application: '/Users/gv.vignesh/Downloads/WGR-Android-Automation/App Folder/app-debug-2.99.75.apk'

29-04-2025T10:50:11 - [TEST_STEP][PASSED] - delay(10): Delayed 10 second(s)

29-04-2025T10:50:21 - [MESSAGE][PASSED] - Delayed 10 second(s)

29-04-2025T10:50:22 - [TEST_STEP][PASSED] - assert verifyElementExist(findTestObject("Object Repository/Repo/android.widget.TextView - Youre Moments Away FromCustomized Vacation Experiences"), 0): Element 'Object Repository/Repo/android.widget.TextView - Youre Moments Away FromCustomized Vacation Experiences' is exist

29-04-2025T10:50:22 - [MESSAGE][WARNING] - Timeout '0' is invalid. Using default page load timeout: '30'

29-04-2025T10:50:22 - [MESSAGE][PASSED] - Element 'Object Repository/Repo/android.widget.TextView - Youre Moments Away FromCustomized Vacation Experiences' is exist

29-04-2025T10:50:22 - [TEST_STEP][PASSED] - delay(3): Delayed 3 second(s)

29-04-2025T10:50:25 - [MESSAGE][PASSED] - Delayed 3 second(s)

29-04-2025T10:50:25 - [TEST_STEP][PASSED] - text = getText(findTestObject("Object Repository/Repo/android.widget.TextView - Youre Moments Away FromCustomized Vacation Experiences"), 0): Text of element 'Object Repository/Repo/android.widget.TextView - Youre Moments Away FromCustomized Vacation Experiences' is: 'You’re Moments Away From
Customized Vacation Experiences.'

29-04-2025T10:50:25 - [MESSAGE][WARNING] - Timeout '0' is invalid. Using default page load timeout: '30'

29-04-2025T10:50:26 - [MESSAGE][PASSED] - Text of element 'Object Repository/Repo/android.widget.TextView - Youre Moments Away FromCustomized Vacation Experiences' is: 'You’re Moments Away From
Customized Vacation Experiences.'

29-04-2025T10:50:26 - [TEST_STEP][PASSED] - println("Text: " + text): null

29-04-2025T10:50:26 - [TEST_STEP][PASSED] - delay(3): Delayed 3 second(s)

29-04-2025T10:50:29 - [MESSAGE][PASSED] - Delayed 3 second(s)

29-04-2025T10:50:29 - [TEST_STEP][PASSED] - assert verifyElementExist(findTestObject("Object Repository/Repo/android.widget.Button - Login or Sign Up"), 0): Element 'Object Repository/Repo/android.widget.Button - Login or Sign Up' is exist

29-04-2025T10:50:29 - [MESSAGE][WARNING] - Timeout '0' is invalid. Using default page load timeout: '30'

29-04-2025T10:50:29 - [MESSAGE][PASSED] - Element 'Object Repository/Repo/android.widget.Button - Login or Sign Up' is exist

29-04-2025T10:50:29 - [TEST_STEP][PASSED] - delay(3): Delayed 3 second(s)

29-04-2025T10:50:32 - [MESSAGE][PASSED] - Delayed 3 second(s)

29-04-2025T10:50:32 - [TEST_STEP][PASSED] - assert verifyElementExist(findTestObject("Object Repository/Repo/android.view.View - Home"), 0): Element 'Object Repository/Repo/android.view.View - Home' is exist

29-04-2025T10:50:32 - [MESSAGE][WARNING] - Timeout '0' is invalid. Using default page load timeout: '30'

29-04-2025T10:50:32 - [MESSAGE][PASSED] - Element 'Object Repository/Repo/android.view.View - Home' is exist

29-04-2025T10:50:32 - [TEST_STEP][PASSED] - delay(3): Delayed 3 second(s)

29-04-2025T10:50:35 - [MESSAGE][PASSED] - Delayed 3 second(s)

29-04-2025T10:50:35 - [TEST_STEP][PASSED] - assert verifyElementExist(findTestObject("Object Repository/Repo/android.view.View - My Account"), 0): Element 'Object Repository/Repo/android.view.View - My Account' is exist

29-04-2025T10:50:35 - [MESSAGE][WARNING] - Timeout '0' is invalid. Using default page load timeout: '30'

29-04-2025T10:50:36 - [MESSAGE][PASSED] - Element 'Object Repository/Repo/android.view.View - My Account' is exist

29-04-2025T10:50:36 - [TEST_STEP][PASSED] - delay(3): Delayed 3 second(s)

29-04-2025T10:50:39 - [MESSAGE][PASSED] - Delayed 3 second(s)

29-04-2025T10:50:39 - [TEST_STEP][PASSED] - tap(findTestObject("Object Repository/Repo/android.widget.TextView - Vacation More. Get More"), 0): Tapped on element 'Object Repository/Repo/android.widget.TextView - Vacation More. Get More'

29-04-2025T10:50:39 - [MESSAGE][WARNING] - Timeout '0' is invalid. Using default page load timeout: '30'

29-04-2025T10:50:40 - [MESSAGE][PASSED] - Tapped on element 'Object Repository/Repo/android.widget.TextView - Vacation More. Get More'

29-04-2025T10:50:40 - [TEST_STEP][PASSED] - delay(3): Delayed 3 second(s)

29-04-2025T10:50:43 - [MESSAGE][PASSED] - Delayed 3 second(s)

29-04-2025T10:50:43 - [TEST_STEP][PASSED] - assert verifyElementVisible(findTestObject("Object Repository/Repo/android.widget.TextView - Vacation More. Get More"), 0): Element 'Object Repository/Repo/android.widget.TextView - Vacation More. Get More' is visible

29-04-2025T10:50:43 - [MESSAGE][WARNING] - Timeout '0' is invalid. Using default page load timeout: '30'

29-04-2025T10:50:44 - [MESSAGE][PASSED] - Element 'Object Repository/Repo/android.widget.TextView - Vacation More. Get More' is visible

29-04-2025T10:50:44 - [TEST_STEP][PASSED] - delay(3): Delayed 3 second(s)

29-04-2025T10:50:47 - [MESSAGE][PASSED] - Delayed 3 second(s)

29-04-2025T10:50:47 - [TEST_STEP][PASSED] - assert verifyElementVisible(findTestObject("Object Repository/Repo/android.widget.TextView - Explore Westgate Loyalty"), 0): Element 'Object Repository/Repo/android.widget.TextView - Explore Westgate Loyalty' is visible

29-04-2025T10:50:47 - [MESSAGE][WARNING] - Timeout '0' is invalid. Using default page load timeout: '30'

29-04-2025T10:50:48 - [MESSAGE][PASSED] - Element 'Object Repository/Repo/android.widget.TextView - Explore Westgate Loyalty' is visible

29-04-2025T10:50:48 - [TEST_STEP][PASSED] - closeApplication(): Close app successfully

29-04-2025T10:50:51 - [MESSAGE][PASSED] - Close app successfully]]></system-out>
         <system-err><![CDATA[]]></system-err>
      </testcase>
      <testcase name="Test Cases/Guest User Mode/C738_C666_C719_GuestUserMode_BottomNavBar_SettingsMenu_AppVersion" time="100.299" classname="Test Cases/Guest User Mode/C738_C666_C719_GuestUserMode_BottomNavBar_SettingsMenu_AppVersion" status="PASSED">
         <system-out><![CDATA[29-04-2025T10:50:51 - [TEST_CASE][PASSED] - Test Cases/Guest User Mode/C738_C666_C719_GuestUserMode_BottomNavBar_SettingsMenu_AppVersion: Test Cases/Guest User Mode/C738_C666_C719_GuestUserMode_BottomNavBar_SettingsMenu_AppVersion

29-04-2025T10:50:51 - [TEST_STEP][PASSED] - startApplication(appUrl, true): Started application: '/Users/gv.vignesh/Downloads/WGR-Android-Automation/App Folder/app-debug-2.99.75.apk'

29-04-2025T10:50:51 - [MESSAGE][INFO] - Starting application: '/Users/gv.vignesh/Downloads/WGR-Android-Automation/App Folder/app-debug-2.99.75.apk'

29-04-2025T10:50:51 - [MESSAGE][INFO] - User set preference: ['uiautomator2ServerInstallTimeout', '0']

29-04-2025T10:50:51 - [MESSAGE][INFO] - User set preference: ['deviceId', '']

29-04-2025T10:50:51 - [MESSAGE][INFO] - Detected NodeJS location: "/opt/homebrew/Cellar/node/23.10.0_1/bin/node"

29-04-2025T10:50:51 - [MESSAGE][INFO] - PATH: /opt/homebrew/Cellar/node/23.10.0_1/bin:/opt/homebrew/bin:/usr/bin:/bin:/usr/sbin:/sbin:/Applications/Katalon Studio Enterprise.app/Contents/Eclipse/jre/Contents/Home/bin:/usr/local/bin/

29-04-2025T10:50:51 - [MESSAGE][INFO] - APPIUM_HOME: /Users/gv.vignesh/.appium

29-04-2025T10:50:51 - [MESSAGE][INFO] - appium outlog: /Users/gv.vignesh/Downloads/WGR-Android-Automation/Reports/20250429_104944/Android Regression/20250429_104944/appium.log

29-04-2025T10:50:51 - [MESSAGE][INFO] - appium errlog: /Users/gv.vignesh/Downloads/WGR-Android-Automation/Reports/20250429_104944/Android Regression/20250429_104944/appium_error.log

29-04-2025T10:50:52 - [MESSAGE][INFO] - Appium server started on port 50,970

29-04-2025T10:51:10 - [MESSAGE][PASSED] - Started application: '/Users/gv.vignesh/Downloads/WGR-Android-Automation/App Folder/app-debug-2.99.75.apk'

29-04-2025T10:51:10 - [TEST_STEP][PASSED] - delay(10): Delayed 10 second(s)

29-04-2025T10:51:20 - [MESSAGE][PASSED] - Delayed 10 second(s)

29-04-2025T10:51:20 - [TEST_STEP][PASSED] - tap(findTestObject("Object Repository/Repo/android.widget.TextView - Continue as a Guest"), 0): Tapped on element 'Object Repository/Repo/android.widget.TextView - Continue as a Guest'

29-04-2025T10:51:20 - [MESSAGE][WARNING] - Timeout '0' is invalid. Using default page load timeout: '30'

29-04-2025T10:51:21 - [MESSAGE][PASSED] - Tapped on element 'Object Repository/Repo/android.widget.TextView - Continue as a Guest'

29-04-2025T10:51:21 - [TEST_STEP][PASSED] - delay(10): Delayed 10 second(s)

29-04-2025T10:51:31 - [MESSAGE][PASSED] - Delayed 10 second(s)

29-04-2025T10:51:31 - [TEST_STEP][PASSED] - tap(findTestObject("Object Repository/Repo/android.widget.Button - menu"), 0): Tapped on element 'Object Repository/Repo/android.widget.Button - menu'

29-04-2025T10:51:31 - [MESSAGE][WARNING] - Timeout '0' is invalid. Using default page load timeout: '30'

29-04-2025T10:51:32 - [MESSAGE][PASSED] - Tapped on element 'Object Repository/Repo/android.widget.Button - menu'

29-04-2025T10:51:32 - [TEST_STEP][PASSED] - delay(20): Delayed 20 second(s)

29-04-2025T10:51:52 - [MESSAGE][PASSED] - Delayed 20 second(s)

29-04-2025T10:51:52 - [TEST_STEP][PASSED] - tap(findTestObject("Object Repository/Repo/android.widget.TabWidget-Settings"), 0): Tapped on element 'Object Repository/Repo/android.widget.TabWidget-Settings'

29-04-2025T10:51:52 - [MESSAGE][WARNING] - Timeout '0' is invalid. Using default page load timeout: '30'

29-04-2025T10:51:53 - [MESSAGE][PASSED] - Tapped on element 'Object Repository/Repo/android.widget.TabWidget-Settings'

29-04-2025T10:51:53 - [TEST_STEP][PASSED] - delay(10): Delayed 10 second(s)

29-04-2025T10:52:03 - [MESSAGE][PASSED] - Delayed 10 second(s)

29-04-2025T10:52:03 - [TEST_STEP][PASSED] - actualVersionText = getText(findTestObject("Object Repository/testing/android.widget.Button - Version 2.99.75"), 0): Text of element 'Object Repository/testing/android.widget.Button - Version 2.99.75' is: 'Version 2.99.75'

29-04-2025T10:52:03 - [MESSAGE][WARNING] - Timeout '0' is invalid. Using default page load timeout: '30'

29-04-2025T10:52:03 - [MESSAGE][PASSED] - Text of element 'Object Repository/testing/android.widget.Button - Version 2.99.75' is: 'Version 2.99.75'

29-04-2025T10:52:03 - [TEST_STEP][PASSED] - expectedVersionText = "Version 2.99.75": null

29-04-2025T10:52:03 - [TEST_STEP][PASSED] - assert actualVersionText == expectedVersionText: null

29-04-2025T10:52:03 - [TEST_STEP][PASSED] - println(Version verification successful: $actualVersionText): null

29-04-2025T10:52:03 - [TEST_STEP][PASSED] - tap(findTestObject("Object Repository/Repo/android.widget.Button - menu"), 0): Tapped on element 'Object Repository/Repo/android.widget.Button - menu'

29-04-2025T10:52:03 - [MESSAGE][WARNING] - Timeout '0' is invalid. Using default page load timeout: '30'

29-04-2025T10:52:04 - [MESSAGE][PASSED] - Tapped on element 'Object Repository/Repo/android.widget.Button - menu'

29-04-2025T10:52:04 - [TEST_STEP][PASSED] - delay(10): Delayed 10 second(s)

29-04-2025T10:52:14 - [MESSAGE][PASSED] - Delayed 10 second(s)

29-04-2025T10:52:14 - [TEST_STEP][PASSED] - homeElementExists = verifyElementExist(findTestObject("Object Repository/Repo/android.view.View - Home"), 0): Element 'Object Repository/Repo/android.view.View - Home' is exist

29-04-2025T10:52:14 - [MESSAGE][WARNING] - Timeout '0' is invalid. Using default page load timeout: '30'

29-04-2025T10:52:15 - [MESSAGE][PASSED] - Element 'Object Repository/Repo/android.view.View - Home' is exist

29-04-2025T10:52:15 - [TEST_STEP][PASSED] - assert homeElementExists : "Element 'Home' does not exist.": null

29-04-2025T10:52:15 - [TEST_STEP][PASSED] - homeText = getText(findTestObject("Object Repository/Repo/android.view.View - Home"), 0): Text of element 'Object Repository/Repo/android.view.View - Home' is: 'Home'

29-04-2025T10:52:15 - [MESSAGE][WARNING] - Timeout '0' is invalid. Using default page load timeout: '30'

29-04-2025T10:52:16 - [MESSAGE][PASSED] - Text of element 'Object Repository/Repo/android.view.View - Home' is: 'Home'

29-04-2025T10:52:16 - [TEST_STEP][PASSED] - assert homeText == "Home": null

29-04-2025T10:52:16 - [TEST_STEP][PASSED] - println("Home screen verification successful."): null

29-04-2025T10:52:16 - [TEST_STEP][PASSED] - tap(findTestObject("Object Repository/Repo/android.view.View - My Account"), 0): Tapped on element 'Object Repository/Repo/android.view.View - My Account'

29-04-2025T10:52:16 - [MESSAGE][WARNING] - Timeout '0' is invalid. Using default page load timeout: '30'

29-04-2025T10:52:17 - [MESSAGE][PASSED] - Tapped on element 'Object Repository/Repo/android.view.View - My Account'

29-04-2025T10:52:17 - [TEST_STEP][PASSED] - delay(10): Delayed 10 second(s)

29-04-2025T10:52:27 - [MESSAGE][PASSED] - Delayed 10 second(s)

29-04-2025T10:52:27 - [TEST_STEP][PASSED] - myAccountElementExists = verifyElementExist(findTestObject("Object Repository/Repo/android.view.View - My Account"), 0): Element 'Object Repository/Repo/android.view.View - My Account' is exist

29-04-2025T10:52:27 - [MESSAGE][WARNING] - Timeout '0' is invalid. Using default page load timeout: '30'

29-04-2025T10:52:27 - [MESSAGE][PASSED] - Element 'Object Repository/Repo/android.view.View - My Account' is exist

29-04-2025T10:52:27 - [TEST_STEP][PASSED] - assert myAccountElementExists : "Element 'My Account' does not exist.": null

29-04-2025T10:52:27 - [TEST_STEP][PASSED] - myAccountText = getText(findTestObject("Object Repository/Repo/android.view.View - My Account"), 0): Text of element 'Object Repository/Repo/android.view.View - My Account' is: 'My Account'

29-04-2025T10:52:27 - [MESSAGE][WARNING] - Timeout '0' is invalid. Using default page load timeout: '30'

29-04-2025T10:52:28 - [MESSAGE][PASSED] - Text of element 'Object Repository/Repo/android.view.View - My Account' is: 'My Account'

29-04-2025T10:52:28 - [TEST_STEP][PASSED] - assert myAccountText == "My Account": null

29-04-2025T10:52:28 - [TEST_STEP][PASSED] - println("My Account screen verification successful."): null

29-04-2025T10:52:28 - [TEST_STEP][PASSED] - println("All test verifications completed successfully!"): null

29-04-2025T10:52:28 - [TEST_STEP][PASSED] - closeApplication(): Close app successfully

29-04-2025T10:52:32 - [MESSAGE][PASSED] - Close app successfully

29-04-2025T10:52:32 - [TEST_STEP][PASSED] - closeBrowser(): Browser is closed

29-04-2025T10:52:32 - [MESSAGE][PASSED] - Browser is closed]]></system-out>
         <system-err><![CDATA[]]></system-err>
      </testcase>
      <testcase name="Test Cases/Guest User Mode/C667_C668_GuestUserMode_TermsAndConditions_PrivacyPolicy" time="138.044" classname="Test Cases/Guest User Mode/C667_C668_GuestUserMode_TermsAndConditions_PrivacyPolicy" status="PASSED">
         <system-out><![CDATA[29-04-2025T10:52:32 - [TEST_CASE][PASSED] - Test Cases/Guest User Mode/C667_C668_GuestUserMode_TermsAndConditions_PrivacyPolicy: Test Cases/Guest User Mode/C667_C668_GuestUserMode_TermsAndConditions_PrivacyPolicy

29-04-2025T10:52:32 - [TEST_STEP][PASSED] - startApplication(appUrl, true): Started application: '/Users/gv.vignesh/Downloads/WGR-Android-Automation/App Folder/app-debug-2.99.75.apk'

29-04-2025T10:52:32 - [MESSAGE][INFO] - Starting application: '/Users/gv.vignesh/Downloads/WGR-Android-Automation/App Folder/app-debug-2.99.75.apk'

29-04-2025T10:52:32 - [MESSAGE][INFO] - User set preference: ['uiautomator2ServerInstallTimeout', '0']

29-04-2025T10:52:32 - [MESSAGE][INFO] - User set preference: ['deviceId', '']

29-04-2025T10:52:32 - [MESSAGE][INFO] - Detected NodeJS location: "/opt/homebrew/Cellar/node/23.10.0_1/bin/node"

29-04-2025T10:52:32 - [MESSAGE][INFO] - PATH: /opt/homebrew/Cellar/node/23.10.0_1/bin:/opt/homebrew/bin:/usr/bin:/bin:/usr/sbin:/sbin:/Applications/Katalon Studio Enterprise.app/Contents/Eclipse/jre/Contents/Home/bin:/usr/local/bin/

29-04-2025T10:52:32 - [MESSAGE][INFO] - APPIUM_HOME: /Users/gv.vignesh/.appium

29-04-2025T10:52:32 - [MESSAGE][INFO] - appium outlog: /Users/gv.vignesh/Downloads/WGR-Android-Automation/Reports/20250429_104944/Android Regression/20250429_104944/appium.log

29-04-2025T10:52:32 - [MESSAGE][INFO] - appium errlog: /Users/gv.vignesh/Downloads/WGR-Android-Automation/Reports/20250429_104944/Android Regression/20250429_104944/appium_error.log

29-04-2025T10:52:32 - [MESSAGE][INFO] - Appium server started on port 51,169

29-04-2025T10:52:55 - [MESSAGE][PASSED] - Started application: '/Users/gv.vignesh/Downloads/WGR-Android-Automation/App Folder/app-debug-2.99.75.apk'

29-04-2025T10:52:55 - [TEST_STEP][PASSED] - delay(10): Delayed 10 second(s)

29-04-2025T10:53:05 - [MESSAGE][PASSED] - Delayed 10 second(s)

29-04-2025T10:53:05 - [TEST_STEP][PASSED] - tap(findTestObject("Object Repository/Repo/android.widget.TextView - Continue as a Guest"), 0): Tapped on element 'Object Repository/Repo/android.widget.TextView - Continue as a Guest'

29-04-2025T10:53:05 - [MESSAGE][WARNING] - Timeout '0' is invalid. Using default page load timeout: '30'

29-04-2025T10:53:06 - [MESSAGE][PASSED] - Tapped on element 'Object Repository/Repo/android.widget.TextView - Continue as a Guest'

29-04-2025T10:53:06 - [TEST_STEP][PASSED] - delay(10): Delayed 10 second(s)

29-04-2025T10:53:16 - [MESSAGE][PASSED] - Delayed 10 second(s)

29-04-2025T10:53:16 - [TEST_STEP][PASSED] - tap(findTestObject("Object Repository/Repo/android.widget.Button - menu"), 0): Tapped on element 'Object Repository/Repo/android.widget.Button - menu'

29-04-2025T10:53:16 - [MESSAGE][WARNING] - Timeout '0' is invalid. Using default page load timeout: '30'

29-04-2025T10:53:17 - [MESSAGE][PASSED] - Tapped on element 'Object Repository/Repo/android.widget.Button - menu'

29-04-2025T10:53:17 - [TEST_STEP][PASSED] - delay(30): Delayed 30 second(s)

29-04-2025T10:53:47 - [MESSAGE][PASSED] - Delayed 30 second(s)

29-04-2025T10:53:47 - [TEST_STEP][PASSED] - tap(findTestObject("Object Repository/Repo/android.widget.TextView - Terms and Conditions-Menu"), 0): Tapped on element 'Object Repository/Repo/android.widget.TextView - Terms and Conditions-Menu'

29-04-2025T10:53:47 - [MESSAGE][WARNING] - Timeout '0' is invalid. Using default page load timeout: '30'

29-04-2025T10:53:48 - [MESSAGE][PASSED] - Tapped on element 'Object Repository/Repo/android.widget.TextView - Terms and Conditions-Menu'

29-04-2025T10:53:48 - [TEST_STEP][PASSED] - delay(10): Delayed 10 second(s)

29-04-2025T10:53:58 - [MESSAGE][PASSED] - Delayed 10 second(s)

29-04-2025T10:53:58 - [TEST_STEP][PASSED] - if (waitForElementPresent(findTestObject("Object Repository/Repo/android.view.View-Terms and conditions web"), 30, STOP_ON_FAILURE)): null

29-04-2025T10:53:59 - [MESSAGE][PASSED] - Element 'Object Repository/Repo/android.view.View-Terms and conditions web' is present

29-04-2025T10:53:59 - [TEST_STEP][PASSED] - println("Element 'android.view.View - Terms & Conditions-Webview' exists."): null

29-04-2025T10:53:59 - [TEST_STEP][PASSED] - delay(10): Delayed 10 second(s)

29-04-2025T10:54:09 - [MESSAGE][PASSED] - Delayed 10 second(s)

29-04-2025T10:54:09 - [TEST_STEP][PASSED] - tap(findTestObject("Object Repository/Repo/android.widget.ImageButton-Cancel web"), 0): Tapped on element 'Object Repository/Repo/android.widget.ImageButton-Cancel web'

29-04-2025T10:54:09 - [MESSAGE][WARNING] - Timeout '0' is invalid. Using default page load timeout: '30'

29-04-2025T10:54:10 - [MESSAGE][PASSED] - Tapped on element 'Object Repository/Repo/android.widget.ImageButton-Cancel web'

29-04-2025T10:54:10 - [TEST_STEP][PASSED] - delay(15): Delayed 15 second(s)

29-04-2025T10:54:25 - [MESSAGE][PASSED] - Delayed 15 second(s)

29-04-2025T10:54:25 - [TEST_STEP][PASSED] - tap(findTestObject("Object Repository/Repo/android.widget.Button - menu"), 0): Tapped on element 'Object Repository/Repo/android.widget.Button - menu'

29-04-2025T10:54:25 - [MESSAGE][WARNING] - Timeout '0' is invalid. Using default page load timeout: '30'

29-04-2025T10:54:26 - [MESSAGE][PASSED] - Tapped on element 'Object Repository/Repo/android.widget.Button - menu'

29-04-2025T10:54:26 - [TEST_STEP][PASSED] - delay(15): Delayed 15 second(s)

29-04-2025T10:54:41 - [MESSAGE][PASSED] - Delayed 15 second(s)

29-04-2025T10:54:41 - [TEST_STEP][PASSED] - tap(findTestObject("Object Repository/Repo/android.widget.TextView - Privacy Policy-Menu"), 0): Tapped on element 'Object Repository/Repo/android.widget.TextView - Privacy Policy-Menu'

29-04-2025T10:54:41 - [MESSAGE][WARNING] - Timeout '0' is invalid. Using default page load timeout: '30'

29-04-2025T10:54:42 - [MESSAGE][PASSED] - Tapped on element 'Object Repository/Repo/android.widget.TextView - Privacy Policy-Menu'

29-04-2025T10:54:42 - [TEST_STEP][PASSED] - if (waitForElementPresent(findTestObject("Object Repository/Repo/android.widget.TextView - Privacy Policy-web"), 30, STOP_ON_FAILURE)): null

29-04-2025T10:54:46 - [MESSAGE][PASSED] - Element 'Object Repository/Repo/android.widget.TextView - Privacy Policy-web' is present

29-04-2025T10:54:46 - [TEST_STEP][PASSED] - println("Element 'android.widget.TextView - Privacy Policy-web' exists."): null

29-04-2025T10:54:46 - [TEST_STEP][PASSED] - closeApplication(): Close app successfully

29-04-2025T10:54:50 - [MESSAGE][PASSED] - Close app successfully

29-04-2025T10:54:50 - [TEST_STEP][PASSED] - closeBrowser(): Browser is closed

29-04-2025T10:54:50 - [MESSAGE][PASSED] - Browser is closed]]></system-out>
         <system-err><![CDATA[]]></system-err>
      </testcase>
      <testcase name="Test Cases/Guest User Mode/C764_C739_C793_GuestUserMode_OAM_BottomNavBar_ThingsToDo" time="122.181" classname="Test Cases/Guest User Mode/C764_C739_C793_GuestUserMode_OAM_BottomNavBar_ThingsToDo" status="FAILED">
         <failure type="FAILED" message="Test Cases/Guest User Mode/C764_C739_C793_GuestUserMode_OAM_BottomNavBar_ThingsToDo FAILED.&#xa;Reason:&#xa;com.kms.katalon.core.exception.StepFailedException: Unable to scroll to text 'Recommended for you'&#xa;	at com.kms.katalon.core.mobile.keyword.internal.MobileKeywordMain.stepFailed(MobileKeywordMain.groovy:64)&#xa;	at com.kms.katalon.core.mobile.keyword.internal.MobileKeywordMain.runKeyword(MobileKeywordMain.groovy:34)&#xa;	at com.kms.katalon.core.mobile.keyword.internal.MobileKeywordMain$runKeyword.call(Unknown Source)&#xa;	at com.kms.katalon.core.mobile.keyword.builtin.ScrollToTextKeyword.scrollToText(ScrollToTextKeyword.groovy:80)&#xa;	at com.kms.katalon.core.mobile.keyword.builtin.ScrollToTextKeyword.execute(ScrollToTextKeyword.groovy:38)&#xa;	at com.kms.katalon.core.keyword.internal.KeywordExecutor.executeKeywordForPlatform(KeywordExecutor.groovy:74)&#xa;	at com.kms.katalon.core.mobile.keyword.MobileBuiltInKeywords.scrollToText(MobileBuiltInKeywords.groovy:1969)&#xa;	at C764_C739_C793_GuestUserMode_OAM_BottomNavBar_ThingsToDo.run(C764_C739_C793_GuestUserMode_OAM_BottomNavBar_ThingsToDo:98)&#xa;	at com.kms.katalon.core.main.ScriptEngine.run(ScriptEngine.java:194)&#xa;	at com.kms.katalon.core.main.ScriptEngine.runScriptAsRawText(ScriptEngine.java:119)&#xa;	at com.kms.katalon.core.main.TestCaseExecutor.runScript(TestCaseExecutor.java:448)&#xa;	at com.kms.katalon.core.main.TestCaseExecutor.doExecute(TestCaseExecutor.java:439)&#xa;	at com.kms.katalon.core.main.TestCaseExecutor.processExecutionPhase(TestCaseExecutor.java:418)&#xa;	at com.kms.katalon.core.main.TestCaseExecutor.accessMainPhase(TestCaseExecutor.java:410)&#xa;	at com.kms.katalon.core.main.TestCaseExecutor.execute(TestCaseExecutor.java:285)&#xa;	at com.kms.katalon.core.common.CommonExecutor.accessTestCaseMainPhase(CommonExecutor.java:71)&#xa;	at com.kms.katalon.core.main.TestSuiteExecutor.accessTestSuiteMainPhase(TestSuiteExecutor.java:160)&#xa;	at com.kms.katalon.core.main.TestSuiteExecutor.execute(TestSuiteExecutor.java:107)&#xa;	at com.kms.katalon.core.main.TestCaseMain.startTestSuite(TestCaseMain.java:180)&#xa;	at TempTestSuite1745903984460.run(TempTestSuite1745903984460.groovy:35)&#xa;	at java.base/jdk.internal.reflect.NativeMethodAccessorImpl.invoke0(Native Method)&#xa;	at java.base/jdk.internal.reflect.NativeMethodAccessorImpl.invoke(NativeMethodAccessorImpl.java:77)&#xa;	at java.base/jdk.internal.reflect.DelegatingMethodAccessorImpl.invoke(DelegatingMethodAccessorImpl.java:43)&#xa;Caused by: org.openqa.selenium.NoSuchElementException: An element could not be located on the page using the given search parameters.&#xa;For documentation on this error, please visit: https://www.selenium.dev/documentation/webdriver/troubleshooting/errors#no-such-element-exception&#xa;Build info: version: '4.22.0', revision: 'c5f3146703'&#xa;System info: os.name: 'Mac OS X', os.arch: 'aarch64', os.version: '15.4.1', java.version: '17.0.14'&#xa;Driver info: io.appium.java_client.android.AndroidDriver&#xa;Command: [4b20c423-715d-40e4-95d3-dad1610b64c6, findElement {using=-android uiautomator, value=new UiScrollable(new UiSelector().scrollable(true).instance(0)).scrollIntoView(new UiSelector().textContains(&quot;Recommended for you&quot;))}]&#xa;Capabilities {appium:app: /Users/gv.vignesh/Downloads..., appium:appActivity: westgate_xamarin.android.Ma..., appium:appPackage: westgate_xamarin.android.debug, appium:autoGrantPermissions: true, appium:automationName: uiautomator2, appium:databaseEnabled: false, appium:desired: {app: /Users/gv.vignesh/Downloads..., autoGrantPermissions: true, automationName: uiautomator2, deviceId: , deviceName: Xiaomi 23076PC4BI (Android 15), fullReset: true, newCommandTimeout: 1800, noReset: false, platformName: ANDROID, platformVersion: 15, systemPort: 51387, udid: a6e538dc5180, uiautomator2ServerInstallTimeout: 0}, appium:deviceApiLevel: 35, appium:deviceId: , appium:deviceManufacturer: Xiaomi, appium:deviceModel: 23076PC4BI, appium:deviceName: a6e538dc5180, appium:deviceScreenDensity: 440, appium:deviceScreenSize: 1080x2460, appium:deviceUDID: a6e538dc5180, appium:fullReset: true, appium:javascriptEnabled: true, appium:locationContextEnabled: false, appium:networkConnectionEnabled: true, appium:newCommandTimeout: 1800, appium:noReset: false, appium:pixelRatio: 2.75, appium:platformVersion: 15, appium:statBarHeight: 104, appium:systemPort: 51387, appium:takesScreenshot: true, appium:udid: a6e538dc5180, appium:uiautomator2ServerInstallTimeout: 0, appium:viewportRect: {height: 2356, left: 0, top: 104, width: 1080}, appium:warnings: {}, appium:webStorageEnabled: false, platformName: ANDROID}&#xa;Session ID: 4b20c423-715d-40e4-95d3-dad1610b64c6&#xa;	at java.base/jdk.internal.reflect.NativeConstructorAccessorImpl.newInstance0(Native Method)&#xa;	at java.base/jdk.internal.reflect.NativeConstructorAccessorImpl.newInstance(NativeConstructorAccessorImpl.java:77)&#xa;	at java.base/jdk.internal.reflect.DelegatingConstructorAccessorImpl.newInstance(DelegatingConstructorAccessorImpl.java:45)&#xa;	at org.openqa.selenium.remote.ErrorCodec.decode(ErrorCodec.java:167)&#xa;	at org.openqa.selenium.remote.codec.w3c.W3CHttpResponseCodec.decode(W3CHttpResponseCodec.java:138)&#xa;	at org.openqa.selenium.remote.codec.w3c.W3CHttpResponseCodec.decode(W3CHttpResponseCodec.java:50)&#xa;	at org.openqa.selenium.remote.HttpCommandExecutor.execute(HttpCommandExecutor.java:190)&#xa;	at io.appium.java_client.remote.AppiumCommandExecutor.execute(AppiumCommandExecutor.java:237)&#xa;	at org.openqa.selenium.remote.RemoteWebDriver.execute(RemoteWebDriver.java:518)&#xa;	at org.openqa.selenium.remote.ElementLocation$ElementFinder$2.findElement(ElementLocation.java:165)&#xa;	at org.openqa.selenium.remote.ElementLocation.findElement(ElementLocation.java:66)&#xa;	at org.openqa.selenium.remote.RemoteWebDriver.findElement(RemoteWebDriver.java:355)&#xa;	at org.openqa.selenium.remote.RemoteWebDriver.findElement(RemoteWebDriver.java:349)&#xa;	at org.openqa.selenium.WebDriver$findElement$0.call(Unknown Source)&#xa;	at com.kms.katalon.core.mobile.keyword.builtin.ScrollToTextKeyword$_scrollToText_closure1.doCall(ScrollToTextKeyword.groovy:59)&#xa;	at com.kms.katalon.core.mobile.keyword.builtin.ScrollToTextKeyword$_scrollToText_closure1.doCall(ScrollToTextKeyword.groovy)&#xa;	at java.base/jdk.internal.reflect.NativeMethodAccessorImpl.invoke0(Native Method)&#xa;	at java.base/jdk.internal.reflect.NativeMethodAccessorImpl.invoke(NativeMethodAccessorImpl.java:77)&#xa;	at java.base/jdk.internal.reflect.DelegatingMethodAccessorImpl.invoke(DelegatingMethodAccessorImpl.java:43)&#xa;	at com.kms.katalon.core.mobile.keyword.internal.MobileKeywordMain.runKeyword(MobileKeywordMain.groovy:30)&#xa;	... 21 more&#xa;"/>
         <system-out><![CDATA[29-04-2025T10:54:50 - [TEST_CASE][FAILED] - Test Cases/Guest User Mode/C764_C739_C793_GuestUserMode_OAM_BottomNavBar_ThingsToDo: Test Cases/Guest User Mode/C764_C739_C793_GuestUserMode_OAM_BottomNavBar_ThingsToDo FAILED.
Reason:
com.kms.katalon.core.exception.StepFailedException: Unable to scroll to text 'Recommended for you'
	at com.kms.katalon.core.mobile.keyword.internal.MobileKeywordMain.stepFailed(MobileKeywordMain.groovy:64)
	at com.kms.katalon.core.mobile.keyword.internal.MobileKeywordMain.runKeyword(MobileKeywordMain.groovy:34)
	at com.kms.katalon.core.mobile.keyword.internal.MobileKeywordMain$runKeyword.call(Unknown Source)
	at com.kms.katalon.core.mobile.keyword.builtin.ScrollToTextKeyword.scrollToText(ScrollToTextKeyword.groovy:80)
	at com.kms.katalon.core.mobile.keyword.builtin.ScrollToTextKeyword.execute(ScrollToTextKeyword.groovy:38)
	at com.kms.katalon.core.keyword.internal.KeywordExecutor.executeKeywordForPlatform(KeywordExecutor.groovy:74)
	at com.kms.katalon.core.mobile.keyword.MobileBuiltInKeywords.scrollToText(MobileBuiltInKeywords.groovy:1969)
	at C764_C739_C793_GuestUserMode_OAM_BottomNavBar_ThingsToDo.run(C764_C739_C793_GuestUserMode_OAM_BottomNavBar_ThingsToDo:98)
	at com.kms.katalon.core.main.ScriptEngine.run(ScriptEngine.java:194)
	at com.kms.katalon.core.main.ScriptEngine.runScriptAsRawText(ScriptEngine.java:119)
	at com.kms.katalon.core.main.TestCaseExecutor.runScript(TestCaseExecutor.java:448)
	at com.kms.katalon.core.main.TestCaseExecutor.doExecute(TestCaseExecutor.java:439)
	at com.kms.katalon.core.main.TestCaseExecutor.processExecutionPhase(TestCaseExecutor.java:418)
	at com.kms.katalon.core.main.TestCaseExecutor.accessMainPhase(TestCaseExecutor.java:410)
	at com.kms.katalon.core.main.TestCaseExecutor.execute(TestCaseExecutor.java:285)
	at com.kms.katalon.core.common.CommonExecutor.accessTestCaseMainPhase(CommonExecutor.java:71)
	at com.kms.katalon.core.main.TestSuiteExecutor.accessTestSuiteMainPhase(TestSuiteExecutor.java:160)
	at com.kms.katalon.core.main.TestSuiteExecutor.execute(TestSuiteExecutor.java:107)
	at com.kms.katalon.core.main.TestCaseMain.startTestSuite(TestCaseMain.java:180)
	at TempTestSuite1745903984460.run(TempTestSuite1745903984460.groovy:35)
	at java.base/jdk.internal.reflect.NativeMethodAccessorImpl.invoke0(Native Method)
	at java.base/jdk.internal.reflect.NativeMethodAccessorImpl.invoke(NativeMethodAccessorImpl.java:77)
	at java.base/jdk.internal.reflect.DelegatingMethodAccessorImpl.invoke(DelegatingMethodAccessorImpl.java:43)
Caused by: org.openqa.selenium.NoSuchElementException: An element could not be located on the page using the given search parameters.
For documentation on this error, please visit: https://www.selenium.dev/documentation/webdriver/troubleshooting/errors#no-such-element-exception
Build info: version: '4.22.0', revision: 'c5f3146703'
System info: os.name: 'Mac OS X', os.arch: 'aarch64', os.version: '15.4.1', java.version: '17.0.14'
Driver info: io.appium.java_client.android.AndroidDriver
Command: [4b20c423-715d-40e4-95d3-dad1610b64c6, findElement {using=-android uiautomator, value=new UiScrollable(new UiSelector().scrollable(true).instance(0)).scrollIntoView(new UiSelector().textContains("Recommended for you"))}]
Capabilities {appium:app: /Users/gv.vignesh/Downloads..., appium:appActivity: westgate_xamarin.android.Ma..., appium:appPackage: westgate_xamarin.android.debug, appium:autoGrantPermissions: true, appium:automationName: uiautomator2, appium:databaseEnabled: false, appium:desired: {app: /Users/gv.vignesh/Downloads..., autoGrantPermissions: true, automationName: uiautomator2, deviceId: , deviceName: Xiaomi 23076PC4BI (Android 15), fullReset: true, newCommandTimeout: 1800, noReset: false, platformName: ANDROID, platformVersion: 15, systemPort: 51387, udid: a6e538dc5180, uiautomator2ServerInstallTimeout: 0}, appium:deviceApiLevel: 35, appium:deviceId: , appium:deviceManufacturer: Xiaomi, appium:deviceModel: 23076PC4BI, appium:deviceName: a6e538dc5180, appium:deviceScreenDensity: 440, appium:deviceScreenSize: 1080x2460, appium:deviceUDID: a6e538dc5180, appium:fullReset: true, appium:javascriptEnabled: true, appium:locationContextEnabled: false, appium:networkConnectionEnabled: true, appium:newCommandTimeout: 1800, appium:noReset: false, appium:pixelRatio: 2.75, appium:platformVersion: 15, appium:statBarHeight: 104, appium:systemPort: 51387, appium:takesScreenshot: true, appium:udid: a6e538dc5180, appium:uiautomator2ServerInstallTimeout: 0, appium:viewportRect: {height: 2356, left: 0, top: 104, width: 1080}, appium:warnings: {}, appium:webStorageEnabled: false, platformName: ANDROID}
Session ID: 4b20c423-715d-40e4-95d3-dad1610b64c6
	at java.base/jdk.internal.reflect.NativeConstructorAccessorImpl.newInstance0(Native Method)
	at java.base/jdk.internal.reflect.NativeConstructorAccessorImpl.newInstance(NativeConstructorAccessorImpl.java:77)
	at java.base/jdk.internal.reflect.DelegatingConstructorAccessorImpl.newInstance(DelegatingConstructorAccessorImpl.java:45)
	at org.openqa.selenium.remote.ErrorCodec.decode(ErrorCodec.java:167)
	at org.openqa.selenium.remote.codec.w3c.W3CHttpResponseCodec.decode(W3CHttpResponseCodec.java:138)
	at org.openqa.selenium.remote.codec.w3c.W3CHttpResponseCodec.decode(W3CHttpResponseCodec.java:50)
	at org.openqa.selenium.remote.HttpCommandExecutor.execute(HttpCommandExecutor.java:190)
	at io.appium.java_client.remote.AppiumCommandExecutor.execute(AppiumCommandExecutor.java:237)
	at org.openqa.selenium.remote.RemoteWebDriver.execute(RemoteWebDriver.java:518)
	at org.openqa.selenium.remote.ElementLocation$ElementFinder$2.findElement(ElementLocation.java:165)
	at org.openqa.selenium.remote.ElementLocation.findElement(ElementLocation.java:66)
	at org.openqa.selenium.remote.RemoteWebDriver.findElement(RemoteWebDriver.java:355)
	at org.openqa.selenium.remote.RemoteWebDriver.findElement(RemoteWebDriver.java:349)
	at org.openqa.selenium.WebDriver$findElement$0.call(Unknown Source)
	at com.kms.katalon.core.mobile.keyword.builtin.ScrollToTextKeyword$_scrollToText_closure1.doCall(ScrollToTextKeyword.groovy:59)
	at com.kms.katalon.core.mobile.keyword.builtin.ScrollToTextKeyword$_scrollToText_closure1.doCall(ScrollToTextKeyword.groovy)
	at java.base/jdk.internal.reflect.NativeMethodAccessorImpl.invoke0(Native Method)
	at java.base/jdk.internal.reflect.NativeMethodAccessorImpl.invoke(NativeMethodAccessorImpl.java:77)
	at java.base/jdk.internal.reflect.DelegatingMethodAccessorImpl.invoke(DelegatingMethodAccessorImpl.java:43)
	at com.kms.katalon.core.mobile.keyword.internal.MobileKeywordMain.runKeyword(MobileKeywordMain.groovy:30)
	... 21 more


29-04-2025T10:54:50 - [TEST_STEP][PASSED] - startApplication(appUrl, true): Started application: '/Users/gv.vignesh/Downloads/WGR-Android-Automation/App Folder/app-debug-2.99.75.apk'

29-04-2025T10:54:50 - [MESSAGE][INFO] - Starting application: '/Users/gv.vignesh/Downloads/WGR-Android-Automation/App Folder/app-debug-2.99.75.apk'

29-04-2025T10:54:50 - [MESSAGE][INFO] - User set preference: ['uiautomator2ServerInstallTimeout', '0']

29-04-2025T10:54:50 - [MESSAGE][INFO] - User set preference: ['deviceId', '']

29-04-2025T10:54:50 - [MESSAGE][INFO] - Detected NodeJS location: "/opt/homebrew/Cellar/node/23.10.0_1/bin/node"

29-04-2025T10:54:50 - [MESSAGE][INFO] - PATH: /opt/homebrew/Cellar/node/23.10.0_1/bin:/opt/homebrew/bin:/usr/bin:/bin:/usr/sbin:/sbin:/Applications/Katalon Studio Enterprise.app/Contents/Eclipse/jre/Contents/Home/bin:/usr/local/bin/

29-04-2025T10:54:50 - [MESSAGE][INFO] - APPIUM_HOME: /Users/gv.vignesh/.appium

29-04-2025T10:54:50 - [MESSAGE][INFO] - appium outlog: /Users/gv.vignesh/Downloads/WGR-Android-Automation/Reports/20250429_104944/Android Regression/20250429_104944/appium.log

29-04-2025T10:54:50 - [MESSAGE][INFO] - appium errlog: /Users/gv.vignesh/Downloads/WGR-Android-Automation/Reports/20250429_104944/Android Regression/20250429_104944/appium_error.log

29-04-2025T10:54:51 - [MESSAGE][INFO] - Appium server started on port 51,388

29-04-2025T10:55:09 - [MESSAGE][PASSED] - Started application: '/Users/gv.vignesh/Downloads/WGR-Android-Automation/App Folder/app-debug-2.99.75.apk'

29-04-2025T10:55:09 - [TEST_STEP][PASSED] - testData = findTestData("Data Files/WRMA-107"): null

29-04-2025T10:55:10 - [TEST_STEP][PASSED] - email = testData.getValue("Email", 1): null

29-04-2025T10:55:10 - [TEST_STEP][PASSED] - password = testData.getValue("Password", 1): null

29-04-2025T10:55:10 - [TEST_STEP][PASSED] - delay(10): Delayed 10 second(s)

29-04-2025T10:55:20 - [MESSAGE][PASSED] - Delayed 10 second(s)

29-04-2025T10:55:20 - [TEST_STEP][PASSED] - verifyElementExist(findTestObject("Object Repository/Repo/android.view.View - Home"), 0): Element 'Object Repository/Repo/android.view.View - Home' is exist

29-04-2025T10:55:20 - [MESSAGE][WARNING] - Timeout '0' is invalid. Using default page load timeout: '30'

29-04-2025T10:55:20 - [MESSAGE][PASSED] - Element 'Object Repository/Repo/android.view.View - Home' is exist

29-04-2025T10:55:20 - [TEST_STEP][PASSED] - delay(5): Delayed 5 second(s)

29-04-2025T10:55:25 - [MESSAGE][PASSED] - Delayed 5 second(s)

29-04-2025T10:55:25 - [TEST_STEP][PASSED] - tap(findTestObject("Object Repository/Repo/android.view.View - Home"), 0): Tapped on element 'Object Repository/Repo/android.view.View - Home'

29-04-2025T10:55:25 - [MESSAGE][WARNING] - Timeout '0' is invalid. Using default page load timeout: '30'

29-04-2025T10:55:26 - [MESSAGE][PASSED] - Tapped on element 'Object Repository/Repo/android.view.View - Home'

29-04-2025T10:55:26 - [TEST_STEP][PASSED] - delay(10): Delayed 10 second(s)

29-04-2025T10:55:36 - [MESSAGE][PASSED] - Delayed 10 second(s)

29-04-2025T10:55:36 - [TEST_STEP][PASSED] - verifyElementExist(findTestObject("Object Repository/Repo/android.view.View - Home (1)"), 0): Element 'Object Repository/Repo/android.view.View - Home (1)' is exist

29-04-2025T10:55:36 - [MESSAGE][WARNING] - Timeout '0' is invalid. Using default page load timeout: '30'

29-04-2025T10:55:36 - [MESSAGE][PASSED] - Element 'Object Repository/Repo/android.view.View - Home (1)' is exist

29-04-2025T10:55:36 - [TEST_STEP][PASSED] - delay(5): Delayed 5 second(s)

29-04-2025T10:55:41 - [MESSAGE][PASSED] - Delayed 5 second(s)

29-04-2025T10:55:41 - [TEST_STEP][PASSED] - verifyElementExist(findTestObject("Object Repository/Repo/android.widget.TextView-Slide"), 0): Element 'Object Repository/Repo/android.widget.TextView-Slide' is exist

29-04-2025T10:55:41 - [MESSAGE][WARNING] - Timeout '0' is invalid. Using default page load timeout: '30'

29-04-2025T10:55:42 - [MESSAGE][PASSED] - Element 'Object Repository/Repo/android.widget.TextView-Slide' is exist

29-04-2025T10:55:42 - [TEST_STEP][PASSED] - startX = 1000: null

29-04-2025T10:55:42 - [TEST_STEP][PASSED] - startY = 2000: null

29-04-2025T10:55:42 - [TEST_STEP][PASSED] - endX = 200: null

29-04-2025T10:55:42 - [TEST_STEP][PASSED] - endY = 1000: null

29-04-2025T10:55:42 - [TEST_STEP][PASSED] - try: null

29-04-2025T10:55:42 - [TEST_STEP][PASSED] - swipe(startX, startY, endX, endY): Swiped from 1,000,2,000 to 200,1,000

29-04-2025T10:55:43 - [MESSAGE][PASSED] - Swiped from 1,000,2,000 to 200,1,000

29-04-2025T10:55:43 - [TEST_STEP][PASSED] - println("Swipe action successful"): null

29-04-2025T10:55:43 - [TEST_STEP][PASSED] - delay(5): Delayed 5 second(s)

29-04-2025T10:55:48 - [MESSAGE][PASSED] - Delayed 5 second(s)

29-04-2025T10:55:48 - [TEST_STEP][PASSED] - homeText = View - Home (1)"), 0).trim(): Text of element 'Object Repository/Repo/android.view.View - Home (1)' is: 'Home'

29-04-2025T10:55:48 - [MESSAGE][WARNING] - Timeout '0' is invalid. Using default page load timeout: '30'

29-04-2025T10:55:49 - [MESSAGE][PASSED] - Text of element 'Object Repository/Repo/android.view.View - Home (1)' is: 'Home'

29-04-2025T10:55:49 - [TEST_STEP][PASSED] - println("Home Text: " + homeText): null

29-04-2025T10:55:49 - [TEST_STEP][PASSED] - verifyEqual(homeText, "Home", STOP_ON_FAILURE): Actual object 'Home' and expected object 'Home' are equal

29-04-2025T10:55:49 - [MESSAGE][PASSED] - Actual object 'Home' and expected object 'Home' are equal

29-04-2025T10:55:49 - [TEST_STEP][PASSED] - delay(5): Delayed 5 second(s)

29-04-2025T10:55:54 - [MESSAGE][PASSED] - Delayed 5 second(s)

29-04-2025T10:55:54 - [TEST_STEP][PASSED] - verifyElementExist(findTestObject("Object Repository/Repo/android.view.View - My Account (1)"), 0): Element 'Object Repository/Repo/android.view.View - My Account (1)' is exist

29-04-2025T10:55:54 - [MESSAGE][WARNING] - Timeout '0' is invalid. Using default page load timeout: '30'

29-04-2025T10:55:55 - [MESSAGE][PASSED] - Element 'Object Repository/Repo/android.view.View - My Account (1)' is exist

29-04-2025T10:55:55 - [TEST_STEP][PASSED] - delay(5): Delayed 5 second(s)

29-04-2025T10:56:00 - [MESSAGE][PASSED] - Delayed 5 second(s)

29-04-2025T10:56:00 - [TEST_STEP][PASSED] - myAccountText = View - My Account (1)"), 0).trim(): Text of element 'Object Repository/Repo/android.view.View - My Account (1)' is: 'My Account'

29-04-2025T10:56:00 - [MESSAGE][WARNING] - Timeout '0' is invalid. Using default page load timeout: '30'

29-04-2025T10:56:00 - [MESSAGE][PASSED] - Text of element 'Object Repository/Repo/android.view.View - My Account (1)' is: 'My Account'

29-04-2025T10:56:00 - [TEST_STEP][PASSED] - println("My Account Text: " + myAccountText): null

29-04-2025T10:56:00 - [TEST_STEP][PASSED] - verifyEqual(myAccountText, "My Account", STOP_ON_FAILURE): Actual object 'My Account' and expected object 'My Account' are equal

29-04-2025T10:56:00 - [MESSAGE][PASSED] - Actual object 'My Account' and expected object 'My Account' are equal

29-04-2025T10:56:00 - [TEST_STEP][PASSED] - delay(15): Delayed 15 second(s)

29-04-2025T10:56:15 - [MESSAGE][PASSED] - Delayed 15 second(s)

29-04-2025T10:56:15 - [TEST_STEP][FAILED] - scrollToText("Recommended for you"): Unable to scroll to text 'Recommended for you' (Root cause: com.kms.katalon.core.exception.StepFailedException: Unable to scroll to text 'Recommended for you'
	at com.kms.katalon.core.mobile.keyword.internal.MobileKeywordMain.stepFailed(MobileKeywordMain.groovy:64)
	at com.kms.katalon.core.mobile.keyword.internal.MobileKeywordMain.runKeyword(MobileKeywordMain.groovy:34)
	at com.kms.katalon.core.mobile.keyword.internal.MobileKeywordMain$runKeyword.call(Unknown Source)
	at com.kms.katalon.core.mobile.keyword.builtin.ScrollToTextKeyword.scrollToText(ScrollToTextKeyword.groovy:80)
	at com.kms.katalon.core.mobile.keyword.builtin.ScrollToTextKeyword.execute(ScrollToTextKeyword.groovy:38)
	at com.kms.katalon.core.keyword.internal.KeywordExecutor.executeKeywordForPlatform(KeywordExecutor.groovy:74)
	at com.kms.katalon.core.mobile.keyword.MobileBuiltInKeywords.scrollToText(MobileBuiltInKeywords.groovy:1969)
	at C764_C739_C793_GuestUserMode_OAM_BottomNavBar_ThingsToDo.run(C764_C739_C793_GuestUserMode_OAM_BottomNavBar_ThingsToDo:98)
	at com.kms.katalon.core.main.ScriptEngine.run(ScriptEngine.java:194)
	at com.kms.katalon.core.main.ScriptEngine.runScriptAsRawText(ScriptEngine.java:119)
	at com.kms.katalon.core.main.TestCaseExecutor.runScript(TestCaseExecutor.java:448)
	at com.kms.katalon.core.main.TestCaseExecutor.doExecute(TestCaseExecutor.java:439)
	at com.kms.katalon.core.main.TestCaseExecutor.processExecutionPhase(TestCaseExecutor.java:418)
	at com.kms.katalon.core.main.TestCaseExecutor.accessMainPhase(TestCaseExecutor.java:410)
	at com.kms.katalon.core.main.TestCaseExecutor.execute(TestCaseExecutor.java:285)
	at com.kms.katalon.core.common.CommonExecutor.accessTestCaseMainPhase(CommonExecutor.java:71)
	at com.kms.katalon.core.main.TestSuiteExecutor.accessTestSuiteMainPhase(TestSuiteExecutor.java:160)
	at com.kms.katalon.core.main.TestSuiteExecutor.execute(TestSuiteExecutor.java:107)
	at com.kms.katalon.core.main.TestCaseMain.startTestSuite(TestCaseMain.java:180)
	at TempTestSuite1745903984460.run(TempTestSuite1745903984460.groovy:35)
	at java.base/jdk.internal.reflect.NativeMethodAccessorImpl.invoke0(Native Method)
	at java.base/jdk.internal.reflect.NativeMethodAccessorImpl.invoke(NativeMethodAccessorImpl.java:77)
	at java.base/jdk.internal.reflect.DelegatingMethodAccessorImpl.invoke(DelegatingMethodAccessorImpl.java:43)
Caused by: org.openqa.selenium.NoSuchElementException: An element could not be located on the page using the given search parameters.
For documentation on this error, please visit: https://www.selenium.dev/documentation/webdriver/troubleshooting/errors#no-such-element-exception
Build info: version: '4.22.0', revision: 'c5f3146703'
System info: os.name: 'Mac OS X', os.arch: 'aarch64', os.version: '15.4.1', java.version: '17.0.14'
Driver info: io.appium.java_client.android.AndroidDriver
Command: [4b20c423-715d-40e4-95d3-dad1610b64c6, findElement {using=-android uiautomator, value=new UiScrollable(new UiSelector().scrollable(true).instance(0)).scrollIntoView(new UiSelector().textContains("Recommended for you"))}]
Capabilities {appium:app: /Users/gv.vignesh/Downloads..., appium:appActivity: westgate_xamarin.android.Ma..., appium:appPackage: westgate_xamarin.android.debug, appium:autoGrantPermissions: true, appium:automationName: uiautomator2, appium:databaseEnabled: false, appium:desired: {app: /Users/gv.vignesh/Downloads..., autoGrantPermissions: true, automationName: uiautomator2, deviceId: , deviceName: Xiaomi 23076PC4BI (Android 15), fullReset: true, newCommandTimeout: 1800, noReset: false, platformName: ANDROID, platformVersion: 15, systemPort: 51387, udid: a6e538dc5180, uiautomator2ServerInstallTimeout: 0}, appium:deviceApiLevel: 35, appium:deviceId: , appium:deviceManufacturer: Xiaomi, appium:deviceModel: 23076PC4BI, appium:deviceName: a6e538dc5180, appium:deviceScreenDensity: 440, appium:deviceScreenSize: 1080x2460, appium:deviceUDID: a6e538dc5180, appium:fullReset: true, appium:javascriptEnabled: true, appium:locationContextEnabled: false, appium:networkConnectionEnabled: true, appium:newCommandTimeout: 1800, appium:noReset: false, appium:pixelRatio: 2.75, appium:platformVersion: 15, appium:statBarHeight: 104, appium:systemPort: 51387, appium:takesScreenshot: true, appium:udid: a6e538dc5180, appium:uiautomator2ServerInstallTimeout: 0, appium:viewportRect: {height: 2356, left: 0, top: 104, width: 1080}, appium:warnings: {}, appium:webStorageEnabled: false, platformName: ANDROID}
Session ID: 4b20c423-715d-40e4-95d3-dad1610b64c6
	at java.base/jdk.internal.reflect.NativeConstructorAccessorImpl.newInstance0(Native Method)
	at java.base/jdk.internal.reflect.NativeConstructorAccessorImpl.newInstance(NativeConstructorAccessorImpl.java:77)
	at java.base/jdk.internal.reflect.DelegatingConstructorAccessorImpl.newInstance(DelegatingConstructorAccessorImpl.java:45)
	at org.openqa.selenium.remote.ErrorCodec.decode(ErrorCodec.java:167)
	at org.openqa.selenium.remote.codec.w3c.W3CHttpResponseCodec.decode(W3CHttpResponseCodec.java:138)
	at org.openqa.selenium.remote.codec.w3c.W3CHttpResponseCodec.decode(W3CHttpResponseCodec.java:50)
	at org.openqa.selenium.remote.HttpCommandExecutor.execute(HttpCommandExecutor.java:190)
	at io.appium.java_client.remote.AppiumCommandExecutor.execute(AppiumCommandExecutor.java:237)
	at org.openqa.selenium.remote.RemoteWebDriver.execute(RemoteWebDriver.java:518)
	at org.openqa.selenium.remote.ElementLocation$ElementFinder$2.findElement(ElementLocation.java:165)
	at org.openqa.selenium.remote.ElementLocation.findElement(ElementLocation.java:66)
	at org.openqa.selenium.remote.RemoteWebDriver.findElement(RemoteWebDriver.java:355)
	at org.openqa.selenium.remote.RemoteWebDriver.findElement(RemoteWebDriver.java:349)
	at org.openqa.selenium.WebDriver$findElement$0.call(Unknown Source)
	at com.kms.katalon.core.mobile.keyword.builtin.ScrollToTextKeyword$_scrollToText_closure1.doCall(ScrollToTextKeyword.groovy:59)
	at com.kms.katalon.core.mobile.keyword.builtin.ScrollToTextKeyword$_scrollToText_closure1.doCall(ScrollToTextKeyword.groovy)
	at java.base/jdk.internal.reflect.NativeMethodAccessorImpl.invoke0(Native Method)
	at java.base/jdk.internal.reflect.NativeMethodAccessorImpl.invoke(NativeMethodAccessorImpl.java:77)
	at java.base/jdk.internal.reflect.DelegatingMethodAccessorImpl.invoke(DelegatingMethodAccessorImpl.java:43)
	at com.kms.katalon.core.mobile.keyword.internal.MobileKeywordMain.runKeyword(MobileKeywordMain.groovy:30)
	at com.kms.katalon.core.mobile.keyword.internal.MobileKeywordMain$runKeyword.call(Unknown Source)
	at com.kms.katalon.core.mobile.keyword.builtin.ScrollToTextKeyword.scrollToText(ScrollToTextKeyword.groovy:80)
	at com.kms.katalon.core.mobile.keyword.builtin.ScrollToTextKeyword.execute(ScrollToTextKeyword.groovy:38)
	at com.kms.katalon.core.keyword.internal.KeywordExecutor.executeKeywordForPlatform(KeywordExecutor.groovy:74)
	at com.kms.katalon.core.mobile.keyword.MobileBuiltInKeywords.scrollToText(MobileBuiltInKeywords.groovy:1969)
	at Script1745302340436.run(Script1745302340436.groovy:98)
	... 15 more
)

29-04-2025T10:56:52 - [MESSAGE][FAILED] - Unable to scroll to text 'Recommended for you' (Root cause: com.kms.katalon.core.exception.StepFailedException: Unable to scroll to text 'Recommended for you'
	at com.kms.katalon.core.mobile.keyword.internal.MobileKeywordMain.stepFailed(MobileKeywordMain.groovy:64)
	at com.kms.katalon.core.mobile.keyword.internal.MobileKeywordMain.runKeyword(MobileKeywordMain.groovy:34)
	at com.kms.katalon.core.mobile.keyword.internal.MobileKeywordMain$runKeyword.call(Unknown Source)
	at com.kms.katalon.core.mobile.keyword.builtin.ScrollToTextKeyword.scrollToText(ScrollToTextKeyword.groovy:80)
	at com.kms.katalon.core.mobile.keyword.builtin.ScrollToTextKeyword.execute(ScrollToTextKeyword.groovy:38)
	at com.kms.katalon.core.keyword.internal.KeywordExecutor.executeKeywordForPlatform(KeywordExecutor.groovy:74)
	at com.kms.katalon.core.mobile.keyword.MobileBuiltInKeywords.scrollToText(MobileBuiltInKeywords.groovy:1969)
	at C764_C739_C793_GuestUserMode_OAM_BottomNavBar_ThingsToDo.run(C764_C739_C793_GuestUserMode_OAM_BottomNavBar_ThingsToDo:98)
	at com.kms.katalon.core.main.ScriptEngine.run(ScriptEngine.java:194)
	at com.kms.katalon.core.main.ScriptEngine.runScriptAsRawText(ScriptEngine.java:119)
	at com.kms.katalon.core.main.TestCaseExecutor.runScript(TestCaseExecutor.java:448)
	at com.kms.katalon.core.main.TestCaseExecutor.doExecute(TestCaseExecutor.java:439)
	at com.kms.katalon.core.main.TestCaseExecutor.processExecutionPhase(TestCaseExecutor.java:418)
	at com.kms.katalon.core.main.TestCaseExecutor.accessMainPhase(TestCaseExecutor.java:410)
	at com.kms.katalon.core.main.TestCaseExecutor.execute(TestCaseExecutor.java:285)
	at com.kms.katalon.core.common.CommonExecutor.accessTestCaseMainPhase(CommonExecutor.java:71)
	at com.kms.katalon.core.main.TestSuiteExecutor.accessTestSuiteMainPhase(TestSuiteExecutor.java:160)
	at com.kms.katalon.core.main.TestSuiteExecutor.execute(TestSuiteExecutor.java:107)
	at com.kms.katalon.core.main.TestCaseMain.startTestSuite(TestCaseMain.java:180)
	at TempTestSuite1745903984460.run(TempTestSuite1745903984460.groovy:35)
	at java.base/jdk.internal.reflect.NativeMethodAccessorImpl.invoke0(Native Method)
	at java.base/jdk.internal.reflect.NativeMethodAccessorImpl.invoke(NativeMethodAccessorImpl.java:77)
	at java.base/jdk.internal.reflect.DelegatingMethodAccessorImpl.invoke(DelegatingMethodAccessorImpl.java:43)
Caused by: org.openqa.selenium.NoSuchElementException: An element could not be located on the page using the given search parameters.
For documentation on this error, please visit: https://www.selenium.dev/documentation/webdriver/troubleshooting/errors#no-such-element-exception
Build info: version: '4.22.0', revision: 'c5f3146703'
System info: os.name: 'Mac OS X', os.arch: 'aarch64', os.version: '15.4.1', java.version: '17.0.14'
Driver info: io.appium.java_client.android.AndroidDriver
Command: [4b20c423-715d-40e4-95d3-dad1610b64c6, findElement {using=-android uiautomator, value=new UiScrollable(new UiSelector().scrollable(true).instance(0)).scrollIntoView(new UiSelector().textContains("Recommended for you"))}]
Capabilities {appium:app: /Users/gv.vignesh/Downloads..., appium:appActivity: westgate_xamarin.android.Ma..., appium:appPackage: westgate_xamarin.android.debug, appium:autoGrantPermissions: true, appium:automationName: uiautomator2, appium:databaseEnabled: false, appium:desired: {app: /Users/gv.vignesh/Downloads..., autoGrantPermissions: true, automationName: uiautomator2, deviceId: , deviceName: Xiaomi 23076PC4BI (Android 15), fullReset: true, newCommandTimeout: 1800, noReset: false, platformName: ANDROID, platformVersion: 15, systemPort: 51387, udid: a6e538dc5180, uiautomator2ServerInstallTimeout: 0}, appium:deviceApiLevel: 35, appium:deviceId: , appium:deviceManufacturer: Xiaomi, appium:deviceModel: 23076PC4BI, appium:deviceName: a6e538dc5180, appium:deviceScreenDensity: 440, appium:deviceScreenSize: 1080x2460, appium:deviceUDID: a6e538dc5180, appium:fullReset: true, appium:javascriptEnabled: true, appium:locationContextEnabled: false, appium:networkConnectionEnabled: true, appium:newCommandTimeout: 1800, appium:noReset: false, appium:pixelRatio: 2.75, appium:platformVersion: 15, appium:statBarHeight: 104, appium:systemPort: 51387, appium:takesScreenshot: true, appium:udid: a6e538dc5180, appium:uiautomator2ServerInstallTimeout: 0, appium:viewportRect: {height: 2356, left: 0, top: 104, width: 1080}, appium:warnings: {}, appium:webStorageEnabled: false, platformName: ANDROID}
Session ID: 4b20c423-715d-40e4-95d3-dad1610b64c6
	at java.base/jdk.internal.reflect.NativeConstructorAccessorImpl.newInstance0(Native Method)
	at java.base/jdk.internal.reflect.NativeConstructorAccessorImpl.newInstance(NativeConstructorAccessorImpl.java:77)
	at java.base/jdk.internal.reflect.DelegatingConstructorAccessorImpl.newInstance(DelegatingConstructorAccessorImpl.java:45)
	at org.openqa.selenium.remote.ErrorCodec.decode(ErrorCodec.java:167)
	at org.openqa.selenium.remote.codec.w3c.W3CHttpResponseCodec.decode(W3CHttpResponseCodec.java:138)
	at org.openqa.selenium.remote.codec.w3c.W3CHttpResponseCodec.decode(W3CHttpResponseCodec.java:50)
	at org.openqa.selenium.remote.HttpCommandExecutor.execute(HttpCommandExecutor.java:190)
	at io.appium.java_client.remote.AppiumCommandExecutor.execute(AppiumCommandExecutor.java:237)
	at org.openqa.selenium.remote.RemoteWebDriver.execute(RemoteWebDriver.java:518)
	at org.openqa.selenium.remote.ElementLocation$ElementFinder$2.findElement(ElementLocation.java:165)
	at org.openqa.selenium.remote.ElementLocation.findElement(ElementLocation.java:66)
	at org.openqa.selenium.remote.RemoteWebDriver.findElement(RemoteWebDriver.java:355)
	at org.openqa.selenium.remote.RemoteWebDriver.findElement(RemoteWebDriver.java:349)
	at org.openqa.selenium.WebDriver$findElement$0.call(Unknown Source)
	at com.kms.katalon.core.mobile.keyword.builtin.ScrollToTextKeyword$_scrollToText_closure1.doCall(ScrollToTextKeyword.groovy:59)
	at com.kms.katalon.core.mobile.keyword.builtin.ScrollToTextKeyword$_scrollToText_closure1.doCall(ScrollToTextKeyword.groovy)
	at java.base/jdk.internal.reflect.NativeMethodAccessorImpl.invoke0(Native Method)
	at java.base/jdk.internal.reflect.NativeMethodAccessorImpl.invoke(NativeMethodAccessorImpl.java:77)
	at java.base/jdk.internal.reflect.DelegatingMethodAccessorImpl.invoke(DelegatingMethodAccessorImpl.java:43)
	at com.kms.katalon.core.mobile.keyword.internal.MobileKeywordMain.runKeyword(MobileKeywordMain.groovy:30)
	at com.kms.katalon.core.mobile.keyword.internal.MobileKeywordMain$runKeyword.call(Unknown Source)
	at com.kms.katalon.core.mobile.keyword.builtin.ScrollToTextKeyword.scrollToText(ScrollToTextKeyword.groovy:80)
	at com.kms.katalon.core.mobile.keyword.builtin.ScrollToTextKeyword.execute(ScrollToTextKeyword.groovy:38)
	at com.kms.katalon.core.keyword.internal.KeywordExecutor.executeKeywordForPlatform(KeywordExecutor.groovy:74)
	at com.kms.katalon.core.mobile.keyword.MobileBuiltInKeywords.scrollToText(MobileBuiltInKeywords.groovy:1969)
	at Script1745302340436.run(Script1745302340436.groovy:98)
	... 15 more
)
[[ATTACHMENT|/Users/gv.vignesh/Downloads/WGR-Android-Automation/Reports/20250429_104944/Android Regression/20250429_104944/1745904411041.png]]]]></system-out>
         <system-err><![CDATA[29-04-2025T10:54:50 - [TEST_CASE][FAILED] - Test Cases/Guest User Mode/C764_C739_C793_GuestUserMode_OAM_BottomNavBar_ThingsToDo: Test Cases/Guest User Mode/C764_C739_C793_GuestUserMode_OAM_BottomNavBar_ThingsToDo FAILED.
Reason:
com.kms.katalon.core.exception.StepFailedException: Unable to scroll to text 'Recommended for you'
	at com.kms.katalon.core.mobile.keyword.internal.MobileKeywordMain.stepFailed(MobileKeywordMain.groovy:64)
	at com.kms.katalon.core.mobile.keyword.internal.MobileKeywordMain.runKeyword(MobileKeywordMain.groovy:34)
	at com.kms.katalon.core.mobile.keyword.internal.MobileKeywordMain$runKeyword.call(Unknown Source)
	at com.kms.katalon.core.mobile.keyword.builtin.ScrollToTextKeyword.scrollToText(ScrollToTextKeyword.groovy:80)
	at com.kms.katalon.core.mobile.keyword.builtin.ScrollToTextKeyword.execute(ScrollToTextKeyword.groovy:38)
	at com.kms.katalon.core.keyword.internal.KeywordExecutor.executeKeywordForPlatform(KeywordExecutor.groovy:74)
	at com.kms.katalon.core.mobile.keyword.MobileBuiltInKeywords.scrollToText(MobileBuiltInKeywords.groovy:1969)
	at C764_C739_C793_GuestUserMode_OAM_BottomNavBar_ThingsToDo.run(C764_C739_C793_GuestUserMode_OAM_BottomNavBar_ThingsToDo:98)
	at com.kms.katalon.core.main.ScriptEngine.run(ScriptEngine.java:194)
	at com.kms.katalon.core.main.ScriptEngine.runScriptAsRawText(ScriptEngine.java:119)
	at com.kms.katalon.core.main.TestCaseExecutor.runScript(TestCaseExecutor.java:448)
	at com.kms.katalon.core.main.TestCaseExecutor.doExecute(TestCaseExecutor.java:439)
	at com.kms.katalon.core.main.TestCaseExecutor.processExecutionPhase(TestCaseExecutor.java:418)
	at com.kms.katalon.core.main.TestCaseExecutor.accessMainPhase(TestCaseExecutor.java:410)
	at com.kms.katalon.core.main.TestCaseExecutor.execute(TestCaseExecutor.java:285)
	at com.kms.katalon.core.common.CommonExecutor.accessTestCaseMainPhase(CommonExecutor.java:71)
	at com.kms.katalon.core.main.TestSuiteExecutor.accessTestSuiteMainPhase(TestSuiteExecutor.java:160)
	at com.kms.katalon.core.main.TestSuiteExecutor.execute(TestSuiteExecutor.java:107)
	at com.kms.katalon.core.main.TestCaseMain.startTestSuite(TestCaseMain.java:180)
	at TempTestSuite1745903984460.run(TempTestSuite1745903984460.groovy:35)
	at java.base/jdk.internal.reflect.NativeMethodAccessorImpl.invoke0(Native Method)
	at java.base/jdk.internal.reflect.NativeMethodAccessorImpl.invoke(NativeMethodAccessorImpl.java:77)
	at java.base/jdk.internal.reflect.DelegatingMethodAccessorImpl.invoke(DelegatingMethodAccessorImpl.java:43)
Caused by: org.openqa.selenium.NoSuchElementException: An element could not be located on the page using the given search parameters.
For documentation on this error, please visit: https://www.selenium.dev/documentation/webdriver/troubleshooting/errors#no-such-element-exception
Build info: version: '4.22.0', revision: 'c5f3146703'
System info: os.name: 'Mac OS X', os.arch: 'aarch64', os.version: '15.4.1', java.version: '17.0.14'
Driver info: io.appium.java_client.android.AndroidDriver
Command: [4b20c423-715d-40e4-95d3-dad1610b64c6, findElement {using=-android uiautomator, value=new UiScrollable(new UiSelector().scrollable(true).instance(0)).scrollIntoView(new UiSelector().textContains("Recommended for you"))}]
Capabilities {appium:app: /Users/gv.vignesh/Downloads..., appium:appActivity: westgate_xamarin.android.Ma..., appium:appPackage: westgate_xamarin.android.debug, appium:autoGrantPermissions: true, appium:automationName: uiautomator2, appium:databaseEnabled: false, appium:desired: {app: /Users/gv.vignesh/Downloads..., autoGrantPermissions: true, automationName: uiautomator2, deviceId: , deviceName: Xiaomi 23076PC4BI (Android 15), fullReset: true, newCommandTimeout: 1800, noReset: false, platformName: ANDROID, platformVersion: 15, systemPort: 51387, udid: a6e538dc5180, uiautomator2ServerInstallTimeout: 0}, appium:deviceApiLevel: 35, appium:deviceId: , appium:deviceManufacturer: Xiaomi, appium:deviceModel: 23076PC4BI, appium:deviceName: a6e538dc5180, appium:deviceScreenDensity: 440, appium:deviceScreenSize: 1080x2460, appium:deviceUDID: a6e538dc5180, appium:fullReset: true, appium:javascriptEnabled: true, appium:locationContextEnabled: false, appium:networkConnectionEnabled: true, appium:newCommandTimeout: 1800, appium:noReset: false, appium:pixelRatio: 2.75, appium:platformVersion: 15, appium:statBarHeight: 104, appium:systemPort: 51387, appium:takesScreenshot: true, appium:udid: a6e538dc5180, appium:uiautomator2ServerInstallTimeout: 0, appium:viewportRect: {height: 2356, left: 0, top: 104, width: 1080}, appium:warnings: {}, appium:webStorageEnabled: false, platformName: ANDROID}
Session ID: 4b20c423-715d-40e4-95d3-dad1610b64c6
	at java.base/jdk.internal.reflect.NativeConstructorAccessorImpl.newInstance0(Native Method)
	at java.base/jdk.internal.reflect.NativeConstructorAccessorImpl.newInstance(NativeConstructorAccessorImpl.java:77)
	at java.base/jdk.internal.reflect.DelegatingConstructorAccessorImpl.newInstance(DelegatingConstructorAccessorImpl.java:45)
	at org.openqa.selenium.remote.ErrorCodec.decode(ErrorCodec.java:167)
	at org.openqa.selenium.remote.codec.w3c.W3CHttpResponseCodec.decode(W3CHttpResponseCodec.java:138)
	at org.openqa.selenium.remote.codec.w3c.W3CHttpResponseCodec.decode(W3CHttpResponseCodec.java:50)
	at org.openqa.selenium.remote.HttpCommandExecutor.execute(HttpCommandExecutor.java:190)
	at io.appium.java_client.remote.AppiumCommandExecutor.execute(AppiumCommandExecutor.java:237)
	at org.openqa.selenium.remote.RemoteWebDriver.execute(RemoteWebDriver.java:518)
	at org.openqa.selenium.remote.ElementLocation$ElementFinder$2.findElement(ElementLocation.java:165)
	at org.openqa.selenium.remote.ElementLocation.findElement(ElementLocation.java:66)
	at org.openqa.selenium.remote.RemoteWebDriver.findElement(RemoteWebDriver.java:355)
	at org.openqa.selenium.remote.RemoteWebDriver.findElement(RemoteWebDriver.java:349)
	at org.openqa.selenium.WebDriver$findElement$0.call(Unknown Source)
	at com.kms.katalon.core.mobile.keyword.builtin.ScrollToTextKeyword$_scrollToText_closure1.doCall(ScrollToTextKeyword.groovy:59)
	at com.kms.katalon.core.mobile.keyword.builtin.ScrollToTextKeyword$_scrollToText_closure1.doCall(ScrollToTextKeyword.groovy)
	at java.base/jdk.internal.reflect.NativeMethodAccessorImpl.invoke0(Native Method)
	at java.base/jdk.internal.reflect.NativeMethodAccessorImpl.invoke(NativeMethodAccessorImpl.java:77)
	at java.base/jdk.internal.reflect.DelegatingMethodAccessorImpl.invoke(DelegatingMethodAccessorImpl.java:43)
	at com.kms.katalon.core.mobile.keyword.internal.MobileKeywordMain.runKeyword(MobileKeywordMain.groovy:30)
	... 21 more]]></system-err>
      </testcase>
      <testcase name="Test Cases/Sign Up New UserPage/C660_C677_C678_C679_C680_C681_SignUpNewUserPage_SignUpFlow" time="290.363" classname="Test Cases/Sign Up New UserPage/C660_C677_C678_C679_C680_C681_SignUpNewUserPage_SignUpFlow" status="FAILED">
         <failure type="FAILED" message="Test Cases/Sign Up New UserPage/C660_C677_C678_C679_C680_C681_SignUpNewUserPage_SignUpFlow FAILED.&#xa;Reason:&#xa;com.kms.katalon.core.exception.StepFailedException: Failed to tap on element 'Object Repository/Repo/android.widget.Button - Next (1)'&#xa;	at com.kms.katalon.core.mobile.keyword.internal.MobileKeywordMain.stepFailed(MobileKeywordMain.groovy:64)&#xa;	at com.kms.katalon.core.mobile.keyword.internal.MobileKeywordMain.runKeyword(MobileKeywordMain.groovy:34)&#xa;	at com.kms.katalon.core.mobile.keyword.builtin.TapKeyword.tap(TapKeyword.groovy:51)&#xa;	at com.kms.katalon.core.mobile.keyword.builtin.TapKeyword.execute(TapKeyword.groovy:35)&#xa;	at com.kms.katalon.core.keyword.internal.KeywordExecutor.executeKeywordForPlatform(KeywordExecutor.groovy:74)&#xa;	at com.kms.katalon.core.mobile.keyword.MobileBuiltInKeywords.tap(MobileBuiltInKeywords.groovy:1461)&#xa;	at EmailValidationTests.testMultipleEmailsFunctionality(Script1745304286377.groovy:193)&#xa;	at EmailValidationTests.runAllTests(Script1745304286377.groovy:225)&#xa;	at C660_C677_C678_C679_C680_C681_SignUpNewUserPage_SignUpFlow.run(C660_C677_C678_C679_C680_C681_SignUpNewUserPage_SignUpFlow:233)&#xa;	at com.kms.katalon.core.main.ScriptEngine.run(ScriptEngine.java:194)&#xa;	at com.kms.katalon.core.main.ScriptEngine.runScriptAsRawText(ScriptEngine.java:119)&#xa;	at com.kms.katalon.core.main.TestCaseExecutor.runScript(TestCaseExecutor.java:448)&#xa;	at com.kms.katalon.core.main.TestCaseExecutor.doExecute(TestCaseExecutor.java:439)&#xa;	at com.kms.katalon.core.main.TestCaseExecutor.processExecutionPhase(TestCaseExecutor.java:418)&#xa;	at com.kms.katalon.core.main.TestCaseExecutor.accessMainPhase(TestCaseExecutor.java:410)&#xa;	at com.kms.katalon.core.main.TestCaseExecutor.execute(TestCaseExecutor.java:285)&#xa;	at com.kms.katalon.core.common.CommonExecutor.accessTestCaseMainPhase(CommonExecutor.java:71)&#xa;	at com.kms.katalon.core.main.TestSuiteExecutor.accessTestSuiteMainPhase(TestSuiteExecutor.java:160)&#xa;	at com.kms.katalon.core.main.TestSuiteExecutor.execute(TestSuiteExecutor.java:107)&#xa;	at com.kms.katalon.core.main.TestCaseMain.startTestSuite(TestCaseMain.java:180)&#xa;	at TempTestSuite1745903984460.run(TempTestSuite1745903984460.groovy:35)&#xa;	at java.base/jdk.internal.reflect.NativeMethodAccessorImpl.invoke0(Native Method)&#xa;	at java.base/jdk.internal.reflect.NativeMethodAccessorImpl.invoke(NativeMethodAccessorImpl.java:77)&#xa;	at java.base/jdk.internal.reflect.DelegatingMethodAccessorImpl.invoke(DelegatingMethodAccessorImpl.java:43)&#xa;Caused by: com.kms.katalon.core.exception.StepFailedException: Object Object Repository/Repo/android.widget.Button - Next (1) not found&#xa;	at com.kms.katalon.core.mobile.keyword.internal.MobileKeywordMain.stepFailed(MobileKeywordMain.groovy:64)&#xa;	at com.kms.katalon.core.mobile.keyword.builtin.TapKeyword$_tap_closure1.doCall(TapKeyword.groovy:46)&#xa;	at com.kms.katalon.core.mobile.keyword.builtin.TapKeyword$_tap_closure1.call(TapKeyword.groovy)&#xa;	at com.kms.katalon.core.mobile.keyword.internal.MobileKeywordMain.runKeyword(MobileKeywordMain.groovy:30)&#xa;	... 22 more&#xa;"/>
         <system-out><![CDATA[29-04-2025T10:56:52 - [TEST_CASE][FAILED] - Test Cases/Sign Up New UserPage/C660_C677_C678_C679_C680_C681_SignUpNewUserPage_SignUpFlow: Test Cases/Sign Up New UserPage/C660_C677_C678_C679_C680_C681_SignUpNewUserPage_SignUpFlow FAILED.
Reason:
com.kms.katalon.core.exception.StepFailedException: Failed to tap on element 'Object Repository/Repo/android.widget.Button - Next (1)'
	at com.kms.katalon.core.mobile.keyword.internal.MobileKeywordMain.stepFailed(MobileKeywordMain.groovy:64)
	at com.kms.katalon.core.mobile.keyword.internal.MobileKeywordMain.runKeyword(MobileKeywordMain.groovy:34)
	at com.kms.katalon.core.mobile.keyword.builtin.TapKeyword.tap(TapKeyword.groovy:51)
	at com.kms.katalon.core.mobile.keyword.builtin.TapKeyword.execute(TapKeyword.groovy:35)
	at com.kms.katalon.core.keyword.internal.KeywordExecutor.executeKeywordForPlatform(KeywordExecutor.groovy:74)
	at com.kms.katalon.core.mobile.keyword.MobileBuiltInKeywords.tap(MobileBuiltInKeywords.groovy:1461)
	at EmailValidationTests.testMultipleEmailsFunctionality(Script1745304286377.groovy:193)
	at EmailValidationTests.runAllTests(Script1745304286377.groovy:225)
	at C660_C677_C678_C679_C680_C681_SignUpNewUserPage_SignUpFlow.run(C660_C677_C678_C679_C680_C681_SignUpNewUserPage_SignUpFlow:233)
	at com.kms.katalon.core.main.ScriptEngine.run(ScriptEngine.java:194)
	at com.kms.katalon.core.main.ScriptEngine.runScriptAsRawText(ScriptEngine.java:119)
	at com.kms.katalon.core.main.TestCaseExecutor.runScript(TestCaseExecutor.java:448)
	at com.kms.katalon.core.main.TestCaseExecutor.doExecute(TestCaseExecutor.java:439)
	at com.kms.katalon.core.main.TestCaseExecutor.processExecutionPhase(TestCaseExecutor.java:418)
	at com.kms.katalon.core.main.TestCaseExecutor.accessMainPhase(TestCaseExecutor.java:410)
	at com.kms.katalon.core.main.TestCaseExecutor.execute(TestCaseExecutor.java:285)
	at com.kms.katalon.core.common.CommonExecutor.accessTestCaseMainPhase(CommonExecutor.java:71)
	at com.kms.katalon.core.main.TestSuiteExecutor.accessTestSuiteMainPhase(TestSuiteExecutor.java:160)
	at com.kms.katalon.core.main.TestSuiteExecutor.execute(TestSuiteExecutor.java:107)
	at com.kms.katalon.core.main.TestCaseMain.startTestSuite(TestCaseMain.java:180)
	at TempTestSuite1745903984460.run(TempTestSuite1745903984460.groovy:35)
	at java.base/jdk.internal.reflect.NativeMethodAccessorImpl.invoke0(Native Method)
	at java.base/jdk.internal.reflect.NativeMethodAccessorImpl.invoke(NativeMethodAccessorImpl.java:77)
	at java.base/jdk.internal.reflect.DelegatingMethodAccessorImpl.invoke(DelegatingMethodAccessorImpl.java:43)
Caused by: com.kms.katalon.core.exception.StepFailedException: Object Object Repository/Repo/android.widget.Button - Next (1) not found
	at com.kms.katalon.core.mobile.keyword.internal.MobileKeywordMain.stepFailed(MobileKeywordMain.groovy:64)
	at com.kms.katalon.core.mobile.keyword.builtin.TapKeyword$_tap_closure1.doCall(TapKeyword.groovy:46)
	at com.kms.katalon.core.mobile.keyword.builtin.TapKeyword$_tap_closure1.call(TapKeyword.groovy)
	at com.kms.katalon.core.mobile.keyword.internal.MobileKeywordMain.runKeyword(MobileKeywordMain.groovy:30)
	... 22 more


29-04-2025T10:56:52 - [TEST_STEP][PASSED] - emailValidationTests = new EmailValidationTests(): null

29-04-2025T10:56:52 - [TEST_STEP][PASSED] - emailValidationTests.runAllTests(): null

29-04-2025T10:56:52 - [TEST_STEP][PASSED] - setup(): null

29-04-2025T10:56:52 - [TEST_STEP][PASSED] - startApplication(appUrl, true): Started application: '/Users/gv.vignesh/Downloads/WGR-Android-Automation/App Folder/app-debug-2.99.75.apk'

29-04-2025T10:56:52 - [MESSAGE][INFO] - Starting application: '/Users/gv.vignesh/Downloads/WGR-Android-Automation/App Folder/app-debug-2.99.75.apk'

29-04-2025T10:56:52 - [MESSAGE][INFO] - User set preference: ['uiautomator2ServerInstallTimeout', '0']

29-04-2025T10:56:52 - [MESSAGE][INFO] - User set preference: ['deviceId', '']

29-04-2025T10:57:11 - [MESSAGE][PASSED] - Started application: '/Users/gv.vignesh/Downloads/WGR-Android-Automation/App Folder/app-debug-2.99.75.apk'

29-04-2025T10:57:11 - [TEST_STEP][PASSED] - delay(15): Delayed 15 second(s)

29-04-2025T10:57:26 - [MESSAGE][PASSED] - Delayed 15 second(s)

29-04-2025T10:57:26 - [TEST_STEP][PASSED] - tap(findTestObject("Object Repository/Repo/android.widget.Button - Login or Sign Up"), 0): Tapped on element 'Object Repository/Repo/android.widget.Button - Login or Sign Up'

29-04-2025T10:57:26 - [MESSAGE][WARNING] - Timeout '0' is invalid. Using default page load timeout: '30'

29-04-2025T10:57:27 - [MESSAGE][PASSED] - Tapped on element 'Object Repository/Repo/android.widget.Button - Login or Sign Up'

29-04-2025T10:57:27 - [TEST_STEP][PASSED] - try: null

29-04-2025T10:57:27 - [TEST_STEP][PASSED] - testInvalidEmailFormat(): null

29-04-2025T10:57:27 - [TEST_STEP][PASSED] - excelData = findTestData("Data Files/InvalidEmail"): null

29-04-2025T10:57:27 - [TEST_STEP][PASSED] - rowCount = excelData.getRowNumbers(): null

29-04-2025T10:57:27 - [TEST_STEP][PASSED] - for ([i = 1, i <= rowCount, (i++)]): null

29-04-2025T10:57:27 - [TEST_STEP][PASSED] - invalidEmail = excelData.getValue("email-Address", i): null

29-04-2025T10:57:27 - [TEST_STEP][PASSED] - println(Testing invalid email from Excel (Row $i): $invalidEmail): null

29-04-2025T10:57:27 - [TEST_STEP][PASSED] - waitForElementPresent(findTestObject("Object Repository/Repo/android.widget.EditText-LoginorSignUp"), 20): Element 'Object Repository/Repo/android.widget.EditText-LoginorSignUp' is present

29-04-2025T10:57:29 - [MESSAGE][PASSED] - Element 'Object Repository/Repo/android.widget.EditText-LoginorSignUp' is present

29-04-2025T10:57:29 - [TEST_STEP][PASSED] - sendKeys(findTestObject("Object Repository/Repo/android.widget.EditText-LoginorSignUp"), invalidEmail): Send keys 'd.g.com' on test object 'Object Repository/Repo/android.widget.EditText-LoginorSignUp' successfully.

29-04-2025T10:57:29 - [MESSAGE][PASSED] - Send keys 'd.g.com' on test object 'Object Repository/Repo/android.widget.EditText-LoginorSignUp' successfully.

29-04-2025T10:57:29 - [TEST_STEP][PASSED] - actualErrorMessage = TextView -  Invalid email format"), 0).trim(): Text of element 'Object Repository/Repo/android.widget.TextView -  Invalid email format' is: ' Invalid email format.
'

29-04-2025T10:57:29 - [MESSAGE][WARNING] - Timeout '0' is invalid. Using default page load timeout: '30'

29-04-2025T10:57:31 - [MESSAGE][PASSED] - Text of element 'Object Repository/Repo/android.widget.TextView -  Invalid email format' is: ' Invalid email format.
'

29-04-2025T10:57:31 - [TEST_STEP][PASSED] - expectedErrorMessage = "Invalid email format": null

29-04-2025T10:57:31 - [TEST_STEP][PASSED] - Assert.assertEquals(Error message validation failed at row $i, replaceAll("[^a-zA-Z0-9 ]", "").trim(), replaceAll("[^a-zA-Z0-9 ]", "").trim()): null

29-04-2025T10:57:31 - [TEST_STEP][PASSED] - tap(findTestObject("Object Repository/Repo/android.widget.Button - reset"), 0): Tapped on element 'Object Repository/Repo/android.widget.Button - reset'

29-04-2025T10:57:31 - [MESSAGE][WARNING] - Timeout '0' is invalid. Using default page load timeout: '30'

29-04-2025T10:57:31 - [MESSAGE][PASSED] - Tapped on element 'Object Repository/Repo/android.widget.Button - reset'

29-04-2025T10:57:31 - [TEST_STEP][PASSED] - hideKeyboard(): Keyboard is hidden

29-04-2025T10:57:34 - [MESSAGE][PASSED] - Keyboard is hidden

29-04-2025T10:57:34 - [TEST_STEP][PASSED] - invalidEmail = excelData.getValue("email-Address", i): null

29-04-2025T10:57:34 - [TEST_STEP][PASSED] - println(Testing invalid email from Excel (Row $i): $invalidEmail): null

29-04-2025T10:57:34 - [TEST_STEP][PASSED] - waitForElementPresent(findTestObject("Object Repository/Repo/android.widget.EditText-LoginorSignUp"), 20): Element 'Object Repository/Repo/android.widget.EditText-LoginorSignUp' is present

29-04-2025T10:57:35 - [MESSAGE][PASSED] - Element 'Object Repository/Repo/android.widget.EditText-LoginorSignUp' is present

29-04-2025T10:57:35 - [TEST_STEP][PASSED] - sendKeys(findTestObject("Object Repository/Repo/android.widget.EditText-LoginorSignUp"), invalidEmail): Send keys 's@com' on test object 'Object Repository/Repo/android.widget.EditText-LoginorSignUp' successfully.

29-04-2025T10:57:36 - [MESSAGE][PASSED] - Send keys 's@com' on test object 'Object Repository/Repo/android.widget.EditText-LoginorSignUp' successfully.

29-04-2025T10:57:36 - [TEST_STEP][PASSED] - actualErrorMessage = TextView -  Invalid email format"), 0).trim(): Text of element 'Object Repository/Repo/android.widget.TextView -  Invalid email format' is: ' Invalid email format.
'

29-04-2025T10:57:36 - [MESSAGE][WARNING] - Timeout '0' is invalid. Using default page load timeout: '30'

29-04-2025T10:57:37 - [MESSAGE][PASSED] - Text of element 'Object Repository/Repo/android.widget.TextView -  Invalid email format' is: ' Invalid email format.
'

29-04-2025T10:57:37 - [TEST_STEP][PASSED] - expectedErrorMessage = "Invalid email format": null

29-04-2025T10:57:37 - [TEST_STEP][PASSED] - Assert.assertEquals(Error message validation failed at row $i, replaceAll("[^a-zA-Z0-9 ]", "").trim(), replaceAll("[^a-zA-Z0-9 ]", "").trim()): null

29-04-2025T10:57:37 - [TEST_STEP][PASSED] - tap(findTestObject("Object Repository/Repo/android.widget.Button - reset"), 0): Tapped on element 'Object Repository/Repo/android.widget.Button - reset'

29-04-2025T10:57:37 - [MESSAGE][WARNING] - Timeout '0' is invalid. Using default page load timeout: '30'

29-04-2025T10:57:38 - [MESSAGE][PASSED] - Tapped on element 'Object Repository/Repo/android.widget.Button - reset'

29-04-2025T10:57:38 - [TEST_STEP][PASSED] - hideKeyboard(): Keyboard is hidden

29-04-2025T10:57:40 - [MESSAGE][PASSED] - Keyboard is hidden

29-04-2025T10:57:40 - [TEST_STEP][PASSED] - invalidEmail = excelData.getValue("email-Address", i): null

29-04-2025T10:57:40 - [TEST_STEP][PASSED] - println(Testing invalid email from Excel (Row $i): $invalidEmail): null

29-04-2025T10:57:40 - [TEST_STEP][PASSED] - waitForElementPresent(findTestObject("Object Repository/Repo/android.widget.EditText-LoginorSignUp"), 20): Element 'Object Repository/Repo/android.widget.EditText-LoginorSignUp' is present

29-04-2025T10:57:41 - [MESSAGE][PASSED] - Element 'Object Repository/Repo/android.widget.EditText-LoginorSignUp' is present

29-04-2025T10:57:41 - [TEST_STEP][PASSED] - sendKeys(findTestObject("Object Repository/Repo/android.widget.EditText-LoginorSignUp"), invalidEmail): Send keys 'vg@.1gv' on test object 'Object Repository/Repo/android.widget.EditText-LoginorSignUp' successfully.

29-04-2025T10:57:41 - [MESSAGE][PASSED] - Send keys 'vg@.1gv' on test object 'Object Repository/Repo/android.widget.EditText-LoginorSignUp' successfully.

29-04-2025T10:57:41 - [TEST_STEP][PASSED] - actualErrorMessage = TextView -  Invalid email format"), 0).trim(): Text of element 'Object Repository/Repo/android.widget.TextView -  Invalid email format' is: ' Invalid email format.
'

29-04-2025T10:57:41 - [MESSAGE][WARNING] - Timeout '0' is invalid. Using default page load timeout: '30'

29-04-2025T10:57:43 - [MESSAGE][PASSED] - Text of element 'Object Repository/Repo/android.widget.TextView -  Invalid email format' is: ' Invalid email format.
'

29-04-2025T10:57:43 - [TEST_STEP][PASSED] - expectedErrorMessage = "Invalid email format": null

29-04-2025T10:57:43 - [TEST_STEP][PASSED] - Assert.assertEquals(Error message validation failed at row $i, replaceAll("[^a-zA-Z0-9 ]", "").trim(), replaceAll("[^a-zA-Z0-9 ]", "").trim()): null

29-04-2025T10:57:43 - [TEST_STEP][PASSED] - tap(findTestObject("Object Repository/Repo/android.widget.Button - reset"), 0): Tapped on element 'Object Repository/Repo/android.widget.Button - reset'

29-04-2025T10:57:43 - [MESSAGE][WARNING] - Timeout '0' is invalid. Using default page load timeout: '30'

29-04-2025T10:57:43 - [MESSAGE][PASSED] - Tapped on element 'Object Repository/Repo/android.widget.Button - reset'

29-04-2025T10:57:43 - [TEST_STEP][PASSED] - hideKeyboard(): Keyboard is hidden

29-04-2025T10:57:46 - [MESSAGE][PASSED] - Keyboard is hidden

29-04-2025T10:57:46 - [TEST_STEP][PASSED] - invalidEmail = excelData.getValue("email-Address", i): null

29-04-2025T10:57:46 - [TEST_STEP][PASSED] - println(Testing invalid email from Excel (Row $i): $invalidEmail): null

29-04-2025T10:57:46 - [TEST_STEP][PASSED] - waitForElementPresent(findTestObject("Object Repository/Repo/android.widget.EditText-LoginorSignUp"), 20): Element 'Object Repository/Repo/android.widget.EditText-LoginorSignUp' is present

29-04-2025T10:57:47 - [MESSAGE][PASSED] - Element 'Object Repository/Repo/android.widget.EditText-LoginorSignUp' is present

29-04-2025T10:57:47 - [TEST_STEP][PASSED] - sendKeys(findTestObject("Object Repository/Repo/android.widget.EditText-LoginorSignUp"), invalidEmail): Send keys 'g@2.1' on test object 'Object Repository/Repo/android.widget.EditText-LoginorSignUp' successfully.

29-04-2025T10:57:47 - [MESSAGE][PASSED] - Send keys 'g@2.1' on test object 'Object Repository/Repo/android.widget.EditText-LoginorSignUp' successfully.

29-04-2025T10:57:47 - [TEST_STEP][PASSED] - actualErrorMessage = TextView -  Invalid email format"), 0).trim(): Text of element 'Object Repository/Repo/android.widget.TextView -  Invalid email format' is: ' Invalid email format.
'

29-04-2025T10:57:47 - [MESSAGE][WARNING] - Timeout '0' is invalid. Using default page load timeout: '30'

29-04-2025T10:57:49 - [MESSAGE][PASSED] - Text of element 'Object Repository/Repo/android.widget.TextView -  Invalid email format' is: ' Invalid email format.
'

29-04-2025T10:57:49 - [TEST_STEP][PASSED] - expectedErrorMessage = "Invalid email format": null

29-04-2025T10:57:49 - [TEST_STEP][PASSED] - Assert.assertEquals(Error message validation failed at row $i, replaceAll("[^a-zA-Z0-9 ]", "").trim(), replaceAll("[^a-zA-Z0-9 ]", "").trim()): null

29-04-2025T10:57:49 - [TEST_STEP][PASSED] - tap(findTestObject("Object Repository/Repo/android.widget.Button - reset"), 0): Tapped on element 'Object Repository/Repo/android.widget.Button - reset'

29-04-2025T10:57:49 - [MESSAGE][WARNING] - Timeout '0' is invalid. Using default page load timeout: '30'

29-04-2025T10:57:50 - [MESSAGE][PASSED] - Tapped on element 'Object Repository/Repo/android.widget.Button - reset'

29-04-2025T10:57:50 - [TEST_STEP][PASSED] - hideKeyboard(): Keyboard is hidden

29-04-2025T10:57:52 - [MESSAGE][PASSED] - Keyboard is hidden

29-04-2025T10:57:52 - [TEST_STEP][PASSED] - invalidEmail = excelData.getValue("email-Address", i): null

29-04-2025T10:57:52 - [TEST_STEP][PASSED] - println(Testing invalid email from Excel (Row $i): $invalidEmail): null

29-04-2025T10:57:52 - [TEST_STEP][PASSED] - waitForElementPresent(findTestObject("Object Repository/Repo/android.widget.EditText-LoginorSignUp"), 20): Element 'Object Repository/Repo/android.widget.EditText-LoginorSignUp' is present

29-04-2025T10:57:53 - [MESSAGE][PASSED] - Element 'Object Repository/Repo/android.widget.EditText-LoginorSignUp' is present

29-04-2025T10:57:53 - [TEST_STEP][PASSED] - sendKeys(findTestObject("Object Repository/Repo/android.widget.EditText-LoginorSignUp"), invalidEmail): Send keys 'v.com@q' on test object 'Object Repository/Repo/android.widget.EditText-LoginorSignUp' successfully.

29-04-2025T10:57:53 - [MESSAGE][PASSED] - Send keys 'v.com@q' on test object 'Object Repository/Repo/android.widget.EditText-LoginorSignUp' successfully.

29-04-2025T10:57:53 - [TEST_STEP][PASSED] - actualErrorMessage = TextView -  Invalid email format"), 0).trim(): Text of element 'Object Repository/Repo/android.widget.TextView -  Invalid email format' is: ' Invalid email format.
'

29-04-2025T10:57:53 - [MESSAGE][WARNING] - Timeout '0' is invalid. Using default page load timeout: '30'

29-04-2025T10:57:55 - [MESSAGE][PASSED] - Text of element 'Object Repository/Repo/android.widget.TextView -  Invalid email format' is: ' Invalid email format.
'

29-04-2025T10:57:55 - [TEST_STEP][PASSED] - expectedErrorMessage = "Invalid email format": null

29-04-2025T10:57:55 - [TEST_STEP][PASSED] - Assert.assertEquals(Error message validation failed at row $i, replaceAll("[^a-zA-Z0-9 ]", "").trim(), replaceAll("[^a-zA-Z0-9 ]", "").trim()): null

29-04-2025T10:57:55 - [TEST_STEP][PASSED] - tap(findTestObject("Object Repository/Repo/android.widget.Button - reset"), 0): Tapped on element 'Object Repository/Repo/android.widget.Button - reset'

29-04-2025T10:57:55 - [MESSAGE][WARNING] - Timeout '0' is invalid. Using default page load timeout: '30'

29-04-2025T10:57:55 - [MESSAGE][PASSED] - Tapped on element 'Object Repository/Repo/android.widget.Button - reset'

29-04-2025T10:57:55 - [TEST_STEP][PASSED] - hideKeyboard(): Keyboard is hidden

29-04-2025T10:57:58 - [MESSAGE][PASSED] - Keyboard is hidden

29-04-2025T10:57:58 - [TEST_STEP][PASSED] - testTeamMemberEmailError(): null

29-04-2025T10:57:58 - [TEST_STEP][PASSED] - testData = findTestData("Data Files/C678"): null

29-04-2025T10:57:58 - [TEST_STEP][PASSED] - email1 = testData.getValue("email", 1): null

29-04-2025T10:57:58 - [TEST_STEP][PASSED] - email2 = testData.getValue("email", 2): null

29-04-2025T10:57:58 - [TEST_STEP][PASSED] - sendKeys(findTestObject("Object Repository/Repo/android.widget.EditText-LoginorSignUp"), email1): Send keys 'i@p.com' on test object 'Object Repository/Repo/android.widget.EditText-LoginorSignUp' successfully.

29-04-2025T10:57:59 - [MESSAGE][PASSED] - Send keys 'i@p.com' on test object 'Object Repository/Repo/android.widget.EditText-LoginorSignUp' successfully.

29-04-2025T10:57:59 - [TEST_STEP][PASSED] - delay(10): Delayed 10 second(s)

29-04-2025T10:58:09 - [MESSAGE][PASSED] - Delayed 10 second(s)

29-04-2025T10:58:09 - [TEST_STEP][PASSED] - tap(findTestObject("Object Repository/Repo/android.widget.Button - Next"), 0): Tapped on element 'Object Repository/Repo/android.widget.Button - Next'

29-04-2025T10:58:09 - [MESSAGE][WARNING] - Timeout '0' is invalid. Using default page load timeout: '30'

29-04-2025T10:58:09 - [MESSAGE][PASSED] - Tapped on element 'Object Repository/Repo/android.widget.Button - Next'

29-04-2025T10:58:09 - [TEST_STEP][PASSED] - delay(10): Delayed 10 second(s)

29-04-2025T10:58:19 - [MESSAGE][PASSED] - Delayed 10 second(s)

29-04-2025T10:58:19 - [TEST_STEP][PASSED] - tap(findTestObject("Object Repository/Repo/android.widget.Button - reset"), 0): Tapped on element 'Object Repository/Repo/android.widget.Button - reset'

29-04-2025T10:58:19 - [MESSAGE][WARNING] - Timeout '0' is invalid. Using default page load timeout: '30'

29-04-2025T10:58:20 - [MESSAGE][PASSED] - Tapped on element 'Object Repository/Repo/android.widget.Button - reset'

29-04-2025T10:58:20 - [TEST_STEP][PASSED] - hideKeyboard(): Keyboard is hidden

29-04-2025T10:58:22 - [MESSAGE][PASSED] - Keyboard is hidden

29-04-2025T10:58:22 - [TEST_STEP][PASSED] - delay(10): Delayed 10 second(s)

29-04-2025T10:58:32 - [MESSAGE][PASSED] - Delayed 10 second(s)

29-04-2025T10:58:32 - [TEST_STEP][PASSED] - sendKeys(findTestObject("Object Repository/Repo/android.widget.EditText -"), email2): Send keys 'wg@wgresorts.com' on test object 'Object Repository/Repo/android.widget.EditText -' successfully.

29-04-2025T10:58:33 - [MESSAGE][PASSED] - Send keys 'wg@wgresorts.com' on test object 'Object Repository/Repo/android.widget.EditText -' successfully.

29-04-2025T10:58:33 - [TEST_STEP][PASSED] - delay(10): Delayed 10 second(s)

29-04-2025T10:58:43 - [MESSAGE][PASSED] - Delayed 10 second(s)

29-04-2025T10:58:43 - [TEST_STEP][PASSED] - tap(findTestObject("Object Repository/Repo/android.widget.Button - Next (1)"), 0): Tapped on element 'Object Repository/Repo/android.widget.Button - Next (1)'

29-04-2025T10:58:43 - [MESSAGE][WARNING] - Timeout '0' is invalid. Using default page load timeout: '30'

29-04-2025T10:58:43 - [MESSAGE][PASSED] - Tapped on element 'Object Repository/Repo/android.widget.Button - Next (1)'

29-04-2025T10:58:43 - [TEST_STEP][PASSED] - delay(10): Delayed 10 second(s)

29-04-2025T10:58:53 - [MESSAGE][PASSED] - Delayed 10 second(s)

29-04-2025T10:58:53 - [TEST_STEP][PASSED] - actualText = null: null

29-04-2025T10:58:53 - [TEST_STEP][PASSED] - expectedText = " The email address used is a Team Member email address.  Please select Create Team Member Account below.": null

29-04-2025T10:58:53 - [TEST_STEP][FAILED] - try: Failed to get text from element (Root cause: com.kms.katalon.core.exception.StepFailedException: Failed to get text from element
	at com.kms.katalon.core.mobile.keyword.internal.MobileKeywordMain.stepFailed(MobileKeywordMain.groovy:64)
	at com.kms.katalon.core.mobile.keyword.internal.MobileKeywordMain.runKeyword(MobileKeywordMain.groovy:34)
	at com.kms.katalon.core.mobile.keyword.builtin.GetTextKeyword.getText(GetTextKeyword.groovy:51)
	at com.kms.katalon.core.mobile.keyword.builtin.GetTextKeyword.execute(GetTextKeyword.groovy:35)
	at com.kms.katalon.core.keyword.internal.KeywordExecutor.executeKeywordForPlatform(KeywordExecutor.groovy:74)
	at com.kms.katalon.core.mobile.keyword.MobileBuiltInKeywords.getText(MobileBuiltInKeywords.groovy:1245)
	at EmailValidationTests.testTeamMemberEmailError(Script1745304286377.groovy:75)
	at EmailValidationTests.runAllTests(Script1745304286377.groovy:221)
	at C660_C677_C678_C679_C680_C681_SignUpNewUserPage_SignUpFlow.run(C660_C677_C678_C679_C680_C681_SignUpNewUserPage_SignUpFlow:233)
	at com.kms.katalon.core.main.ScriptEngine.run(ScriptEngine.java:194)
	at com.kms.katalon.core.main.ScriptEngine.runScriptAsRawText(ScriptEngine.java:119)
	at com.kms.katalon.core.main.TestCaseExecutor.runScript(TestCaseExecutor.java:448)
	at com.kms.katalon.core.main.TestCaseExecutor.doExecute(TestCaseExecutor.java:439)
	at com.kms.katalon.core.main.TestCaseExecutor.processExecutionPhase(TestCaseExecutor.java:418)
	at com.kms.katalon.core.main.TestCaseExecutor.accessMainPhase(TestCaseExecutor.java:410)
	at com.kms.katalon.core.main.TestCaseExecutor.execute(TestCaseExecutor.java:285)
	at com.kms.katalon.core.common.CommonExecutor.accessTestCaseMainPhase(CommonExecutor.java:71)
	at com.kms.katalon.core.main.TestSuiteExecutor.accessTestSuiteMainPhase(TestSuiteExecutor.java:160)
	at com.kms.katalon.core.main.TestSuiteExecutor.execute(TestSuiteExecutor.java:107)
	at com.kms.katalon.core.main.TestCaseMain.startTestSuite(TestCaseMain.java:180)
	at TempTestSuite1745903984460.run(TempTestSuite1745903984460.groovy:35)
	at java.base/jdk.internal.reflect.NativeMethodAccessorImpl.invoke0(Native Method)
	at java.base/jdk.internal.reflect.NativeMethodAccessorImpl.invoke(NativeMethodAccessorImpl.java:77)
	at java.base/jdk.internal.reflect.DelegatingMethodAccessorImpl.invoke(DelegatingMethodAccessorImpl.java:43)
Caused by: java.lang.IllegalArgumentException: Object is null
	at com.kms.katalon.core.helper.KeywordHelper.checkTestObjectParameter(KeywordHelper.java:33)
	at com.kms.katalon.core.mobile.keyword.builtin.GetTextKeyword$_getText_closure1.doCall(GetTextKeyword.groovy:41)
	at com.kms.katalon.core.mobile.keyword.builtin.GetTextKeyword$_getText_closure1.call(GetTextKeyword.groovy)
	at com.kms.katalon.core.mobile.keyword.internal.MobileKeywordMain.runKeyword(MobileKeywordMain.groovy:30)
	at com.kms.katalon.core.mobile.keyword.builtin.GetTextKeyword.getText(GetTextKeyword.groovy:51)
	at com.kms.katalon.core.mobile.keyword.builtin.GetTextKeyword.execute(GetTextKeyword.groovy:35)
	at com.kms.katalon.core.keyword.internal.KeywordExecutor.executeKeywordForPlatform(KeywordExecutor.groovy:74)
	at com.kms.katalon.core.mobile.keyword.MobileBuiltInKeywords.getText(MobileBuiltInKeywords.groovy:1245)
	at EmailValidationTests.testTeamMemberEmailError(Script1745304286377.groovy:75)
	at EmailValidationTests.runAllTests(Script1745304286377.groovy:221)
	at Script1745304286377.run(Script1745304286377.groovy:233)
	... 15 more
)

29-04-2025T10:58:53 - [TEST_STEP][FAILED] - actualText = getText(findTestObject("Object Repository/Repo/android.widget.TextView - The email address used is a Team Member email address. Please select Create Team Member Account below"), 0): Failed to get text from element (Root cause: com.kms.katalon.core.exception.StepFailedException: Failed to get text from element
	at com.kms.katalon.core.mobile.keyword.internal.MobileKeywordMain.stepFailed(MobileKeywordMain.groovy:64)
	at com.kms.katalon.core.mobile.keyword.internal.MobileKeywordMain.runKeyword(MobileKeywordMain.groovy:34)
	at com.kms.katalon.core.mobile.keyword.builtin.GetTextKeyword.getText(GetTextKeyword.groovy:51)
	at com.kms.katalon.core.mobile.keyword.builtin.GetTextKeyword.execute(GetTextKeyword.groovy:35)
	at com.kms.katalon.core.keyword.internal.KeywordExecutor.executeKeywordForPlatform(KeywordExecutor.groovy:74)
	at com.kms.katalon.core.mobile.keyword.MobileBuiltInKeywords.getText(MobileBuiltInKeywords.groovy:1245)
	at EmailValidationTests.testTeamMemberEmailError(Script1745304286377.groovy:75)
	at EmailValidationTests.runAllTests(Script1745304286377.groovy:221)
	at C660_C677_C678_C679_C680_C681_SignUpNewUserPage_SignUpFlow.run(C660_C677_C678_C679_C680_C681_SignUpNewUserPage_SignUpFlow:233)
	at com.kms.katalon.core.main.ScriptEngine.run(ScriptEngine.java:194)
	at com.kms.katalon.core.main.ScriptEngine.runScriptAsRawText(ScriptEngine.java:119)
	at com.kms.katalon.core.main.TestCaseExecutor.runScript(TestCaseExecutor.java:448)
	at com.kms.katalon.core.main.TestCaseExecutor.doExecute(TestCaseExecutor.java:439)
	at com.kms.katalon.core.main.TestCaseExecutor.processExecutionPhase(TestCaseExecutor.java:418)
	at com.kms.katalon.core.main.TestCaseExecutor.accessMainPhase(TestCaseExecutor.java:410)
	at com.kms.katalon.core.main.TestCaseExecutor.execute(TestCaseExecutor.java:285)
	at com.kms.katalon.core.common.CommonExecutor.accessTestCaseMainPhase(CommonExecutor.java:71)
	at com.kms.katalon.core.main.TestSuiteExecutor.accessTestSuiteMainPhase(TestSuiteExecutor.java:160)
	at com.kms.katalon.core.main.TestSuiteExecutor.execute(TestSuiteExecutor.java:107)
	at com.kms.katalon.core.main.TestCaseMain.startTestSuite(TestCaseMain.java:180)
	at TempTestSuite1745903984460.run(TempTestSuite1745903984460.groovy:35)
	at java.base/jdk.internal.reflect.NativeMethodAccessorImpl.invoke0(Native Method)
	at java.base/jdk.internal.reflect.NativeMethodAccessorImpl.invoke(NativeMethodAccessorImpl.java:77)
	at java.base/jdk.internal.reflect.DelegatingMethodAccessorImpl.invoke(DelegatingMethodAccessorImpl.java:43)
Caused by: java.lang.IllegalArgumentException: Object is null
	at com.kms.katalon.core.helper.KeywordHelper.checkTestObjectParameter(KeywordHelper.java:33)
	at com.kms.katalon.core.mobile.keyword.builtin.GetTextKeyword$_getText_closure1.doCall(GetTextKeyword.groovy:41)
	at com.kms.katalon.core.mobile.keyword.builtin.GetTextKeyword$_getText_closure1.call(GetTextKeyword.groovy)
	at com.kms.katalon.core.mobile.keyword.internal.MobileKeywordMain.runKeyword(MobileKeywordMain.groovy:30)
	at com.kms.katalon.core.mobile.keyword.builtin.GetTextKeyword.getText(GetTextKeyword.groovy:51)
	at com.kms.katalon.core.mobile.keyword.builtin.GetTextKeyword.execute(GetTextKeyword.groovy:35)
	at com.kms.katalon.core.keyword.internal.KeywordExecutor.executeKeywordForPlatform(KeywordExecutor.groovy:74)
	at com.kms.katalon.core.mobile.keyword.MobileBuiltInKeywords.getText(MobileBuiltInKeywords.groovy:1245)
	at EmailValidationTests.testTeamMemberEmailError(Script1745304286377.groovy:75)
	at EmailValidationTests.runAllTests(Script1745304286377.groovy:221)
	at Script1745304286377.run(Script1745304286377.groovy:233)
	... 15 more
)

29-04-2025T10:58:53 - [MESSAGE][WARNING] - Test object with id 'Object Repository/Repo/android.widget.TextView - The email address used is a Team Member email address. Please select Create Team Member Account below' does not exist

29-04-2025T10:58:53 - [MESSAGE][WARNING] - Test object with id 'Object Repository/' does not exist

29-04-2025T10:58:55 - [MESSAGE][FAILED] - Failed to get text from element (Root cause: com.kms.katalon.core.exception.StepFailedException: Failed to get text from element
	at com.kms.katalon.core.mobile.keyword.internal.MobileKeywordMain.stepFailed(MobileKeywordMain.groovy:64)
	at com.kms.katalon.core.mobile.keyword.internal.MobileKeywordMain.runKeyword(MobileKeywordMain.groovy:34)
	at com.kms.katalon.core.mobile.keyword.builtin.GetTextKeyword.getText(GetTextKeyword.groovy:51)
	at com.kms.katalon.core.mobile.keyword.builtin.GetTextKeyword.execute(GetTextKeyword.groovy:35)
	at com.kms.katalon.core.keyword.internal.KeywordExecutor.executeKeywordForPlatform(KeywordExecutor.groovy:74)
	at com.kms.katalon.core.mobile.keyword.MobileBuiltInKeywords.getText(MobileBuiltInKeywords.groovy:1245)
	at EmailValidationTests.testTeamMemberEmailError(Script1745304286377.groovy:75)
	at EmailValidationTests.runAllTests(Script1745304286377.groovy:221)
	at C660_C677_C678_C679_C680_C681_SignUpNewUserPage_SignUpFlow.run(C660_C677_C678_C679_C680_C681_SignUpNewUserPage_SignUpFlow:233)
	at com.kms.katalon.core.main.ScriptEngine.run(ScriptEngine.java:194)
	at com.kms.katalon.core.main.ScriptEngine.runScriptAsRawText(ScriptEngine.java:119)
	at com.kms.katalon.core.main.TestCaseExecutor.runScript(TestCaseExecutor.java:448)
	at com.kms.katalon.core.main.TestCaseExecutor.doExecute(TestCaseExecutor.java:439)
	at com.kms.katalon.core.main.TestCaseExecutor.processExecutionPhase(TestCaseExecutor.java:418)
	at com.kms.katalon.core.main.TestCaseExecutor.accessMainPhase(TestCaseExecutor.java:410)
	at com.kms.katalon.core.main.TestCaseExecutor.execute(TestCaseExecutor.java:285)
	at com.kms.katalon.core.common.CommonExecutor.accessTestCaseMainPhase(CommonExecutor.java:71)
	at com.kms.katalon.core.main.TestSuiteExecutor.accessTestSuiteMainPhase(TestSuiteExecutor.java:160)
	at com.kms.katalon.core.main.TestSuiteExecutor.execute(TestSuiteExecutor.java:107)
	at com.kms.katalon.core.main.TestCaseMain.startTestSuite(TestCaseMain.java:180)
	at TempTestSuite1745903984460.run(TempTestSuite1745903984460.groovy:35)
	at java.base/jdk.internal.reflect.NativeMethodAccessorImpl.invoke0(Native Method)
	at java.base/jdk.internal.reflect.NativeMethodAccessorImpl.invoke(NativeMethodAccessorImpl.java:77)
	at java.base/jdk.internal.reflect.DelegatingMethodAccessorImpl.invoke(DelegatingMethodAccessorImpl.java:43)
Caused by: java.lang.IllegalArgumentException: Object is null
	at com.kms.katalon.core.helper.KeywordHelper.checkTestObjectParameter(KeywordHelper.java:33)
	at com.kms.katalon.core.mobile.keyword.builtin.GetTextKeyword$_getText_closure1.doCall(GetTextKeyword.groovy:41)
	at com.kms.katalon.core.mobile.keyword.builtin.GetTextKeyword$_getText_closure1.call(GetTextKeyword.groovy)
	at com.kms.katalon.core.mobile.keyword.internal.MobileKeywordMain.runKeyword(MobileKeywordMain.groovy:30)
	at com.kms.katalon.core.mobile.keyword.builtin.GetTextKeyword.getText(GetTextKeyword.groovy:51)
	at com.kms.katalon.core.mobile.keyword.builtin.GetTextKeyword.execute(GetTextKeyword.groovy:35)
	at com.kms.katalon.core.keyword.internal.KeywordExecutor.executeKeywordForPlatform(KeywordExecutor.groovy:74)
	at com.kms.katalon.core.mobile.keyword.MobileBuiltInKeywords.getText(MobileBuiltInKeywords.groovy:1245)
	at EmailValidationTests.testTeamMemberEmailError(Script1745304286377.groovy:75)
	at EmailValidationTests.runAllTests(Script1745304286377.groovy:221)
	at Script1745304286377.run(Script1745304286377.groovy:233)
	... 15 more
)
[[ATTACHMENT|/Users/gv.vignesh/Downloads/WGR-Android-Automation/Reports/20250429_104944/Android Regression/20250429_104944/1745904533491.png]]

29-04-2025T10:58:55 - [TEST_STEP][PASSED] - catch (Exception e): Object not found or text not available. Skipping check.

29-04-2025T10:58:55 - [TEST_STEP][PASSED] - markWarning("Object not found or text not available. Skipping check."): Object not found or text not available. Skipping check.

29-04-2025T10:58:55 - [MESSAGE][WARNING] - Object not found or text not available. Skipping check.

29-04-2025T10:58:55 - [TEST_STEP][PASSED] - if (actualText != null && actualText.contains(expectedText)): null

29-04-2025T10:58:55 - [TEST_STEP][PASSED] - tap(findTestObject("Object Repository/Repo/android.widget.Button - reset"), 0): Tapped on element 'Object Repository/Repo/android.widget.Button - reset'

29-04-2025T10:58:55 - [MESSAGE][WARNING] - Timeout '0' is invalid. Using default page load timeout: '30'

29-04-2025T10:58:56 - [MESSAGE][PASSED] - Tapped on element 'Object Repository/Repo/android.widget.Button - reset'

29-04-2025T10:58:56 - [TEST_STEP][PASSED] - hideKeyboard(): null

29-04-2025T10:58:58 - [MESSAGE][PASSED] - Keyboard is hidden

29-04-2025T10:58:58 - [TEST_STEP][PASSED] - testEmailAddressMismatch(): null

29-04-2025T10:58:58 - [TEST_STEP][PASSED] - testData = findTestData("Data Files/C679"): null

29-04-2025T10:58:58 - [TEST_STEP][PASSED] - email1 = testData.getValue("email", 1): null

29-04-2025T10:58:58 - [TEST_STEP][PASSED] - email2 = testData.getValue("email", 2): null

29-04-2025T10:58:58 - [TEST_STEP][PASSED] - sendKeys(findTestObject("Object Repository/Repo/android.widget.EditText-LoginorSignUp"), email1): Send keys 'vignesh@chn.com' on test object 'Object Repository/Repo/android.widget.EditText-LoginorSignUp' successfully.

29-04-2025T10:58:59 - [MESSAGE][PASSED] - Send keys 'vignesh@chn.com' on test object 'Object Repository/Repo/android.widget.EditText-LoginorSignUp' successfully.

29-04-2025T10:58:59 - [TEST_STEP][PASSED] - delay(10): Delayed 10 second(s)

29-04-2025T10:59:09 - [MESSAGE][PASSED] - Delayed 10 second(s)

29-04-2025T10:59:09 - [TEST_STEP][PASSED] - tap(findTestObject("Object Repository/Repo/android.widget.Button - Next"), 0): Tapped on element 'Object Repository/Repo/android.widget.Button - Next'

29-04-2025T10:59:09 - [MESSAGE][WARNING] - Timeout '0' is invalid. Using default page load timeout: '30'

29-04-2025T10:59:09 - [MESSAGE][PASSED] - Tapped on element 'Object Repository/Repo/android.widget.Button - Next'

29-04-2025T10:59:09 - [TEST_STEP][PASSED] - delay(20): Delayed 20 second(s)

29-04-2025T10:59:29 - [MESSAGE][PASSED] - Delayed 20 second(s)

29-04-2025T10:59:29 - [TEST_STEP][PASSED] - sendKeys(findTestObject("Object Repository/Repo/android.widget.EditText-confirm email address"), email2): Send keys 'Vignesh@c.com' on test object 'Object Repository/Repo/android.widget.EditText-confirm email address' successfully.

29-04-2025T10:59:30 - [MESSAGE][PASSED] - Send keys 'Vignesh@c.com' on test object 'Object Repository/Repo/android.widget.EditText-confirm email address' successfully.

29-04-2025T10:59:30 - [TEST_STEP][PASSED] - delay(10): Delayed 10 second(s)

29-04-2025T10:59:40 - [MESSAGE][PASSED] - Delayed 10 second(s)

29-04-2025T10:59:40 - [TEST_STEP][PASSED] - try: null

29-04-2025T10:59:40 - [TEST_STEP][PASSED] - actualText = TextView -  Email addresses must match"), 0).trim(): Text of element 'Object Repository/Repo/android.widget.TextView -  Email addresses must match' is: ' Email addresses must match.
'

29-04-2025T10:59:40 - [MESSAGE][WARNING] - Timeout '0' is invalid. Using default page load timeout: '30'

29-04-2025T10:59:40 - [MESSAGE][PASSED] - Text of element 'Object Repository/Repo/android.widget.TextView -  Email addresses must match' is: ' Email addresses must match.
'

29-04-2025T10:59:40 - [TEST_STEP][PASSED] - expectedText = "Email addresses must match.": null

29-04-2025T10:59:40 - [TEST_STEP][PASSED] - if (!(actualText.equals(expectedText))): null

29-04-2025T10:59:40 - [TEST_STEP][PASSED] - out.println("Text matches successfully!"): null

29-04-2025T10:59:40 - [TEST_STEP][PASSED] - tap(findTestObject("Object Repository/Repo/android.widget.Button - reset"), 0): Tapped on element 'Object Repository/Repo/android.widget.Button - reset'

29-04-2025T10:59:40 - [MESSAGE][WARNING] - Timeout '0' is invalid. Using default page load timeout: '30'

29-04-2025T10:59:40 - [MESSAGE][PASSED] - Tapped on element 'Object Repository/Repo/android.widget.Button - reset'

29-04-2025T10:59:40 - [TEST_STEP][PASSED] - hideKeyboard(): null

29-04-2025T10:59:43 - [MESSAGE][PASSED] - Keyboard is hidden

29-04-2025T10:59:43 - [TEST_STEP][PASSED] - testAlreadyUsedEmailAddress(): null

29-04-2025T10:59:43 - [TEST_STEP][PASSED] - excelData = findTestData("Data Files/C680"): null

29-04-2025T10:59:43 - [TEST_STEP][PASSED] - email1 = excelData.getValue("email", 1): null

29-04-2025T10:59:43 - [TEST_STEP][PASSED] - email2 = excelData.getValue("email", 2): null

29-04-2025T10:59:43 - [TEST_STEP][PASSED] - sendKeys(findTestObject("Object Repository/Repo/android.widget.EditText-LoginorSignUp"), email1): Send keys 'm@i.com' on test object 'Object Repository/Repo/android.widget.EditText-LoginorSignUp' successfully.

29-04-2025T10:59:44 - [MESSAGE][PASSED] - Send keys 'm@i.com' on test object 'Object Repository/Repo/android.widget.EditText-LoginorSignUp' successfully.

29-04-2025T10:59:44 - [TEST_STEP][PASSED] - delay(10): Delayed 10 second(s)

29-04-2025T10:59:54 - [MESSAGE][PASSED] - Delayed 10 second(s)

29-04-2025T10:59:54 - [TEST_STEP][PASSED] - tap(findTestObject("Object Repository/Repo/android.widget.Button - Next"), 0): Tapped on element 'Object Repository/Repo/android.widget.Button - Next'

29-04-2025T10:59:54 - [MESSAGE][WARNING] - Timeout '0' is invalid. Using default page load timeout: '30'

29-04-2025T10:59:55 - [MESSAGE][PASSED] - Tapped on element 'Object Repository/Repo/android.widget.Button - Next'

29-04-2025T10:59:55 - [TEST_STEP][PASSED] - delay(10): Delayed 10 second(s)

29-04-2025T11:00:05 - [MESSAGE][PASSED] - Delayed 10 second(s)

29-04-2025T11:00:05 - [TEST_STEP][PASSED] - tap(findTestObject("Object Repository/Repo/android.widget.Button - reset"), 0): Tapped on element 'Object Repository/Repo/android.widget.Button - reset'

29-04-2025T11:00:05 - [MESSAGE][WARNING] - Timeout '0' is invalid. Using default page load timeout: '30'

29-04-2025T11:00:05 - [MESSAGE][PASSED] - Tapped on element 'Object Repository/Repo/android.widget.Button - reset'

29-04-2025T11:00:05 - [TEST_STEP][PASSED] - hideKeyboard(): Keyboard is hidden

29-04-2025T11:00:07 - [MESSAGE][PASSED] - Keyboard is hidden

29-04-2025T11:00:07 - [TEST_STEP][PASSED] - delay(10): Delayed 10 second(s)

29-04-2025T11:00:17 - [MESSAGE][PASSED] - Delayed 10 second(s)

29-04-2025T11:00:17 - [TEST_STEP][PASSED] - sendKeys(findTestObject("Object Repository/Repo/android.widget.EditText -"), email2): Send keys '03205179TM@WG.COM' on test object 'Object Repository/Repo/android.widget.EditText -' successfully.

29-04-2025T11:00:18 - [MESSAGE][PASSED] - Send keys '03205179TM@WG.COM' on test object 'Object Repository/Repo/android.widget.EditText -' successfully.

29-04-2025T11:00:18 - [TEST_STEP][PASSED] - delay(10): Delayed 10 second(s)

29-04-2025T11:00:28 - [MESSAGE][PASSED] - Delayed 10 second(s)

29-04-2025T11:00:28 - [TEST_STEP][PASSED] - tap(findTestObject("Object Repository/Repo/android.widget.EditText-confirm email address"), 0): Tapped on element 'Object Repository/Repo/android.widget.EditText-confirm email address'

29-04-2025T11:00:28 - [MESSAGE][WARNING] - Timeout '0' is invalid. Using default page load timeout: '30'

29-04-2025T11:00:28 - [MESSAGE][PASSED] - Tapped on element 'Object Repository/Repo/android.widget.EditText-confirm email address'

29-04-2025T11:00:28 - [TEST_STEP][PASSED] - hideKeyboard(): Keyboard is hidden

29-04-2025T11:00:30 - [MESSAGE][PASSED] - Keyboard is hidden

29-04-2025T11:00:30 - [TEST_STEP][PASSED] - delay(10): Delayed 10 second(s)

29-04-2025T11:00:40 - [MESSAGE][PASSED] - Delayed 10 second(s)

29-04-2025T11:00:40 - [TEST_STEP][PASSED] - takeScreenshot(): Screenshot is taken

29-04-2025T11:00:42 - [MESSAGE][PASSED] - Screenshot is taken
[[ATTACHMENT|/Users/gv.vignesh/Downloads/WGR-Android-Automation/Reports/20250429_104944/Android Regression/20250429_104944/1745904640872.png]]

29-04-2025T11:00:42 - [TEST_STEP][PASSED] - tap(findTestObject("Object Repository/Repo/android.widget.Button - reset"), 0): Tapped on element 'Object Repository/Repo/android.widget.Button - reset'

29-04-2025T11:00:42 - [MESSAGE][WARNING] - Timeout '0' is invalid. Using default page load timeout: '30'

29-04-2025T11:00:42 - [MESSAGE][PASSED] - Tapped on element 'Object Repository/Repo/android.widget.Button - reset'

29-04-2025T11:00:42 - [TEST_STEP][PASSED] - hideKeyboard(): null

29-04-2025T11:00:45 - [MESSAGE][PASSED] - Keyboard is hidden

29-04-2025T11:00:45 - [TEST_STEP][PASSED] - testCopyPasteEmailFunctionality(): null

29-04-2025T11:00:45 - [TEST_STEP][PASSED] - testData = findTestData("Data Files/C681"): null

29-04-2025T11:00:45 - [TEST_STEP][PASSED] - email1 = testData.getValue("email", 1): null

29-04-2025T11:00:45 - [TEST_STEP][PASSED] - sendKeys(findTestObject("Object Repository/Repo/android.widget.EditText-LoginorSignUp"), email1): Send keys 'b@k.com' on test object 'Object Repository/Repo/android.widget.EditText-LoginorSignUp' successfully.

29-04-2025T11:00:46 - [MESSAGE][PASSED] - Send keys 'b@k.com' on test object 'Object Repository/Repo/android.widget.EditText-LoginorSignUp' successfully.

29-04-2025T11:00:46 - [TEST_STEP][PASSED] - delay(10): Delayed 10 second(s)

29-04-2025T11:00:56 - [MESSAGE][PASSED] - Delayed 10 second(s)

29-04-2025T11:00:56 - [TEST_STEP][PASSED] - tap(findTestObject("Object Repository/Repo/android.widget.Button - Next"), 0): Tapped on element 'Object Repository/Repo/android.widget.Button - Next'

29-04-2025T11:00:56 - [MESSAGE][WARNING] - Timeout '0' is invalid. Using default page load timeout: '30'

29-04-2025T11:00:56 - [MESSAGE][PASSED] - Tapped on element 'Object Repository/Repo/android.widget.Button - Next'

29-04-2025T11:00:56 - [TEST_STEP][PASSED] - delay(10): Delayed 10 second(s)

29-04-2025T11:01:06 - [MESSAGE][PASSED] - Delayed 10 second(s)

29-04-2025T11:01:06 - [TEST_STEP][FAILED] - try: Failed to wait for element ''{0}'' present (Root cause: com.kms.katalon.core.exception.StepFailedException: Failed to wait for element ''{0}'' present
	at com.kms.katalon.core.mobile.keyword.internal.MobileKeywordMain.stepFailed(MobileKeywordMain.groovy:64)
	at com.kms.katalon.core.mobile.keyword.internal.MobileKeywordMain.runKeyword(MobileKeywordMain.groovy:34)
	at com.kms.katalon.core.mobile.keyword.builtin.WaitForElementPresentKeyword.waitForElementPresent(WaitForElementPresentKeyword.groovy:77)
	at com.kms.katalon.core.mobile.keyword.builtin.WaitForElementPresentKeyword.execute(WaitForElementPresentKeyword.groovy:61)
	at com.kms.katalon.core.keyword.internal.KeywordExecutor.executeKeywordForPlatform(KeywordExecutor.groovy:74)
	at com.kms.katalon.core.mobile.keyword.MobileBuiltInKeywords.waitForElementPresent(MobileBuiltInKeywords.groovy:1660)
	at EmailValidationTests.testCopyPasteEmailFunctionality(Script1745304286377.groovy:160)
	at EmailValidationTests.runAllTests(Script1745304286377.groovy:224)
	at C660_C677_C678_C679_C680_C681_SignUpNewUserPage_SignUpFlow.run(C660_C677_C678_C679_C680_C681_SignUpNewUserPage_SignUpFlow:233)
	at com.kms.katalon.core.main.ScriptEngine.run(ScriptEngine.java:194)
	at com.kms.katalon.core.main.ScriptEngine.runScriptAsRawText(ScriptEngine.java:119)
	at com.kms.katalon.core.main.TestCaseExecutor.runScript(TestCaseExecutor.java:448)
	at com.kms.katalon.core.main.TestCaseExecutor.doExecute(TestCaseExecutor.java:439)
	at com.kms.katalon.core.main.TestCaseExecutor.processExecutionPhase(TestCaseExecutor.java:418)
	at com.kms.katalon.core.main.TestCaseExecutor.accessMainPhase(TestCaseExecutor.java:410)
	at com.kms.katalon.core.main.TestCaseExecutor.execute(TestCaseExecutor.java:285)
	at com.kms.katalon.core.common.CommonExecutor.accessTestCaseMainPhase(CommonExecutor.java:71)
	at com.kms.katalon.core.main.TestSuiteExecutor.accessTestSuiteMainPhase(TestSuiteExecutor.java:160)
	at com.kms.katalon.core.main.TestSuiteExecutor.execute(TestSuiteExecutor.java:107)
	at com.kms.katalon.core.main.TestCaseMain.startTestSuite(TestCaseMain.java:180)
	at TempTestSuite1745903984460.run(TempTestSuite1745903984460.groovy:35)
	at java.base/jdk.internal.reflect.NativeMethodAccessorImpl.invoke0(Native Method)
	at java.base/jdk.internal.reflect.NativeMethodAccessorImpl.invoke(NativeMethodAccessorImpl.java:77)
	at java.base/jdk.internal.reflect.DelegatingMethodAccessorImpl.invoke(DelegatingMethodAccessorImpl.java:43)
Caused by: java.lang.IllegalArgumentException: Object is null
	at com.kms.katalon.core.helper.KeywordHelper.checkTestObjectParameter(KeywordHelper.java:33)
	at com.kms.katalon.core.mobile.keyword.builtin.WaitForElementPresentKeyword$_waitForElementPresent_closure1.doCall(WaitForElementPresentKeyword.groovy:67)
	at com.kms.katalon.core.mobile.keyword.builtin.WaitForElementPresentKeyword$_waitForElementPresent_closure1.call(WaitForElementPresentKeyword.groovy)
	at com.kms.katalon.core.mobile.keyword.internal.MobileKeywordMain.runKeyword(MobileKeywordMain.groovy:30)
	at com.kms.katalon.core.mobile.keyword.builtin.WaitForElementPresentKeyword.waitForElementPresent(WaitForElementPresentKeyword.groovy:77)
	at com.kms.katalon.core.mobile.keyword.builtin.WaitForElementPresentKeyword.execute(WaitForElementPresentKeyword.groovy:61)
	at com.kms.katalon.core.keyword.internal.KeywordExecutor.executeKeywordForPlatform(KeywordExecutor.groovy:74)
	at com.kms.katalon.core.mobile.keyword.MobileBuiltInKeywords.waitForElementPresent(MobileBuiltInKeywords.groovy:1660)
	at EmailValidationTests.testCopyPasteEmailFunctionality(Script1745304286377.groovy:160)
	at EmailValidationTests.runAllTests(Script1745304286377.groovy:224)
	at Script1745304286377.run(Script1745304286377.groovy:233)
	... 15 more
)

29-04-2025T11:01:06 - [TEST_STEP][PASSED] - tap(findTestObject("Object Repository/Repo/android.widget.EditText-LoginorSignUp"), 0): Tapped on element 'Object Repository/Repo/android.widget.EditText-LoginorSignUp'

29-04-2025T11:01:06 - [MESSAGE][WARNING] - Timeout '0' is invalid. Using default page load timeout: '30'

29-04-2025T11:01:07 - [MESSAGE][PASSED] - Tapped on element 'Object Repository/Repo/android.widget.EditText-LoginorSignUp'

29-04-2025T11:01:07 - [TEST_STEP][PASSED] - tapAndHold(findTestObject("Object Repository/Repo/android.widget.EditText-LoginorSignUp"), 2, 0): Tapped and held on element 'Object Repository/Repo/android.widget.EditText-LoginorSignUp' with duration 2

29-04-2025T11:01:07 - [MESSAGE][WARNING] - Timeout '0' is invalid. Using default page load timeout: '30'

29-04-2025T11:01:10 - [MESSAGE][PASSED] - Tapped and held on element 'Object Repository/Repo/android.widget.EditText-LoginorSignUp' with duration 2

29-04-2025T11:01:10 - [TEST_STEP][PASSED] - delay(2): Delayed 2 second(s)

29-04-2025T11:01:12 - [MESSAGE][PASSED] - Delayed 2 second(s)

29-04-2025T11:01:12 - [TEST_STEP][FAILED] - if (waitForElementPresent(findTestObject("Object Repository/Repo/android.widget.TextView - Copy"), 3)): Failed to wait for element ''{0}'' present (Root cause: com.kms.katalon.core.exception.StepFailedException: Failed to wait for element ''{0}'' present
	at com.kms.katalon.core.mobile.keyword.internal.MobileKeywordMain.stepFailed(MobileKeywordMain.groovy:64)
	at com.kms.katalon.core.mobile.keyword.internal.MobileKeywordMain.runKeyword(MobileKeywordMain.groovy:34)
	at com.kms.katalon.core.mobile.keyword.builtin.WaitForElementPresentKeyword.waitForElementPresent(WaitForElementPresentKeyword.groovy:77)
	at com.kms.katalon.core.mobile.keyword.builtin.WaitForElementPresentKeyword.execute(WaitForElementPresentKeyword.groovy:61)
	at com.kms.katalon.core.keyword.internal.KeywordExecutor.executeKeywordForPlatform(KeywordExecutor.groovy:74)
	at com.kms.katalon.core.mobile.keyword.MobileBuiltInKeywords.waitForElementPresent(MobileBuiltInKeywords.groovy:1660)
	at EmailValidationTests.testCopyPasteEmailFunctionality(Script1745304286377.groovy:160)
	at EmailValidationTests.runAllTests(Script1745304286377.groovy:224)
	at C660_C677_C678_C679_C680_C681_SignUpNewUserPage_SignUpFlow.run(C660_C677_C678_C679_C680_C681_SignUpNewUserPage_SignUpFlow:233)
	at com.kms.katalon.core.main.ScriptEngine.run(ScriptEngine.java:194)
	at com.kms.katalon.core.main.ScriptEngine.runScriptAsRawText(ScriptEngine.java:119)
	at com.kms.katalon.core.main.TestCaseExecutor.runScript(TestCaseExecutor.java:448)
	at com.kms.katalon.core.main.TestCaseExecutor.doExecute(TestCaseExecutor.java:439)
	at com.kms.katalon.core.main.TestCaseExecutor.processExecutionPhase(TestCaseExecutor.java:418)
	at com.kms.katalon.core.main.TestCaseExecutor.accessMainPhase(TestCaseExecutor.java:410)
	at com.kms.katalon.core.main.TestCaseExecutor.execute(TestCaseExecutor.java:285)
	at com.kms.katalon.core.common.CommonExecutor.accessTestCaseMainPhase(CommonExecutor.java:71)
	at com.kms.katalon.core.main.TestSuiteExecutor.accessTestSuiteMainPhase(TestSuiteExecutor.java:160)
	at com.kms.katalon.core.main.TestSuiteExecutor.execute(TestSuiteExecutor.java:107)
	at com.kms.katalon.core.main.TestCaseMain.startTestSuite(TestCaseMain.java:180)
	at TempTestSuite1745903984460.run(TempTestSuite1745903984460.groovy:35)
	at java.base/jdk.internal.reflect.NativeMethodAccessorImpl.invoke0(Native Method)
	at java.base/jdk.internal.reflect.NativeMethodAccessorImpl.invoke(NativeMethodAccessorImpl.java:77)
	at java.base/jdk.internal.reflect.DelegatingMethodAccessorImpl.invoke(DelegatingMethodAccessorImpl.java:43)
Caused by: java.lang.IllegalArgumentException: Object is null
	at com.kms.katalon.core.helper.KeywordHelper.checkTestObjectParameter(KeywordHelper.java:33)
	at com.kms.katalon.core.mobile.keyword.builtin.WaitForElementPresentKeyword$_waitForElementPresent_closure1.doCall(WaitForElementPresentKeyword.groovy:67)
	at com.kms.katalon.core.mobile.keyword.builtin.WaitForElementPresentKeyword$_waitForElementPresent_closure1.call(WaitForElementPresentKeyword.groovy)
	at com.kms.katalon.core.mobile.keyword.internal.MobileKeywordMain.runKeyword(MobileKeywordMain.groovy:30)
	at com.kms.katalon.core.mobile.keyword.builtin.WaitForElementPresentKeyword.waitForElementPresent(WaitForElementPresentKeyword.groovy:77)
	at com.kms.katalon.core.mobile.keyword.builtin.WaitForElementPresentKeyword.execute(WaitForElementPresentKeyword.groovy:61)
	at com.kms.katalon.core.keyword.internal.KeywordExecutor.executeKeywordForPlatform(KeywordExecutor.groovy:74)
	at com.kms.katalon.core.mobile.keyword.MobileBuiltInKeywords.waitForElementPresent(MobileBuiltInKeywords.groovy:1660)
	at EmailValidationTests.testCopyPasteEmailFunctionality(Script1745304286377.groovy:160)
	at EmailValidationTests.runAllTests(Script1745304286377.groovy:224)
	at Script1745304286377.run(Script1745304286377.groovy:233)
	... 15 more
)

29-04-2025T11:01:12 - [MESSAGE][WARNING] - Test object with id 'Object Repository/Repo/android.widget.TextView - Copy' does not exist

29-04-2025T11:01:12 - [MESSAGE][WARNING] - Test object with id 'Object Repository/' does not exist

29-04-2025T11:01:14 - [MESSAGE][FAILED] - Failed to wait for element ''{0}'' present (Root cause: com.kms.katalon.core.exception.StepFailedException: Failed to wait for element ''{0}'' present
	at com.kms.katalon.core.mobile.keyword.internal.MobileKeywordMain.stepFailed(MobileKeywordMain.groovy:64)
	at com.kms.katalon.core.mobile.keyword.internal.MobileKeywordMain.runKeyword(MobileKeywordMain.groovy:34)
	at com.kms.katalon.core.mobile.keyword.builtin.WaitForElementPresentKeyword.waitForElementPresent(WaitForElementPresentKeyword.groovy:77)
	at com.kms.katalon.core.mobile.keyword.builtin.WaitForElementPresentKeyword.execute(WaitForElementPresentKeyword.groovy:61)
	at com.kms.katalon.core.keyword.internal.KeywordExecutor.executeKeywordForPlatform(KeywordExecutor.groovy:74)
	at com.kms.katalon.core.mobile.keyword.MobileBuiltInKeywords.waitForElementPresent(MobileBuiltInKeywords.groovy:1660)
	at EmailValidationTests.testCopyPasteEmailFunctionality(Script1745304286377.groovy:160)
	at EmailValidationTests.runAllTests(Script1745304286377.groovy:224)
	at C660_C677_C678_C679_C680_C681_SignUpNewUserPage_SignUpFlow.run(C660_C677_C678_C679_C680_C681_SignUpNewUserPage_SignUpFlow:233)
	at com.kms.katalon.core.main.ScriptEngine.run(ScriptEngine.java:194)
	at com.kms.katalon.core.main.ScriptEngine.runScriptAsRawText(ScriptEngine.java:119)
	at com.kms.katalon.core.main.TestCaseExecutor.runScript(TestCaseExecutor.java:448)
	at com.kms.katalon.core.main.TestCaseExecutor.doExecute(TestCaseExecutor.java:439)
	at com.kms.katalon.core.main.TestCaseExecutor.processExecutionPhase(TestCaseExecutor.java:418)
	at com.kms.katalon.core.main.TestCaseExecutor.accessMainPhase(TestCaseExecutor.java:410)
	at com.kms.katalon.core.main.TestCaseExecutor.execute(TestCaseExecutor.java:285)
	at com.kms.katalon.core.common.CommonExecutor.accessTestCaseMainPhase(CommonExecutor.java:71)
	at com.kms.katalon.core.main.TestSuiteExecutor.accessTestSuiteMainPhase(TestSuiteExecutor.java:160)
	at com.kms.katalon.core.main.TestSuiteExecutor.execute(TestSuiteExecutor.java:107)
	at com.kms.katalon.core.main.TestCaseMain.startTestSuite(TestCaseMain.java:180)
	at TempTestSuite1745903984460.run(TempTestSuite1745903984460.groovy:35)
	at java.base/jdk.internal.reflect.NativeMethodAccessorImpl.invoke0(Native Method)
	at java.base/jdk.internal.reflect.NativeMethodAccessorImpl.invoke(NativeMethodAccessorImpl.java:77)
	at java.base/jdk.internal.reflect.DelegatingMethodAccessorImpl.invoke(DelegatingMethodAccessorImpl.java:43)
Caused by: java.lang.IllegalArgumentException: Object is null
	at com.kms.katalon.core.helper.KeywordHelper.checkTestObjectParameter(KeywordHelper.java:33)
	at com.kms.katalon.core.mobile.keyword.builtin.WaitForElementPresentKeyword$_waitForElementPresent_closure1.doCall(WaitForElementPresentKeyword.groovy:67)
	at com.kms.katalon.core.mobile.keyword.builtin.WaitForElementPresentKeyword$_waitForElementPresent_closure1.call(WaitForElementPresentKeyword.groovy)
	at com.kms.katalon.core.mobile.keyword.internal.MobileKeywordMain.runKeyword(MobileKeywordMain.groovy:30)
	at com.kms.katalon.core.mobile.keyword.builtin.WaitForElementPresentKeyword.waitForElementPresent(WaitForElementPresentKeyword.groovy:77)
	at com.kms.katalon.core.mobile.keyword.builtin.WaitForElementPresentKeyword.execute(WaitForElementPresentKeyword.groovy:61)
	at com.kms.katalon.core.keyword.internal.KeywordExecutor.executeKeywordForPlatform(KeywordExecutor.groovy:74)
	at com.kms.katalon.core.mobile.keyword.MobileBuiltInKeywords.waitForElementPresent(MobileBuiltInKeywords.groovy:1660)
	at EmailValidationTests.testCopyPasteEmailFunctionality(Script1745304286377.groovy:160)
	at EmailValidationTests.runAllTests(Script1745304286377.groovy:224)
	at Script1745304286377.run(Script1745304286377.groovy:233)
	... 15 more
)
[[ATTACHMENT|/Users/gv.vignesh/Downloads/WGR-Android-Automation/Reports/20250429_104944/Android Regression/20250429_104944/1745904672688.png]]

29-04-2025T11:01:14 - [TEST_STEP][PASSED] - catch (com.kms.katalon.core.exception.StepFailedException e): null

29-04-2025T11:01:14 - [TEST_STEP][PASSED] - println("⚠️ Error occurred during copy: " + e.getMessage()): null

29-04-2025T11:01:14 - [TEST_STEP][FAILED] - try: Failed to wait for element ''{0}'' present (Root cause: com.kms.katalon.core.exception.StepFailedException: Failed to wait for element ''{0}'' present
	at com.kms.katalon.core.mobile.keyword.internal.MobileKeywordMain.stepFailed(MobileKeywordMain.groovy:64)
	at com.kms.katalon.core.mobile.keyword.internal.MobileKeywordMain.runKeyword(MobileKeywordMain.groovy:34)
	at com.kms.katalon.core.mobile.keyword.builtin.WaitForElementPresentKeyword.waitForElementPresent(WaitForElementPresentKeyword.groovy:77)
	at com.kms.katalon.core.mobile.keyword.builtin.WaitForElementPresentKeyword.execute(WaitForElementPresentKeyword.groovy:61)
	at com.kms.katalon.core.keyword.internal.KeywordExecutor.executeKeywordForPlatform(KeywordExecutor.groovy:74)
	at com.kms.katalon.core.mobile.keyword.MobileBuiltInKeywords.waitForElementPresent(MobileBuiltInKeywords.groovy:1660)
	at EmailValidationTests.testCopyPasteEmailFunctionality(Script1745304286377.groovy:175)
	at EmailValidationTests.runAllTests(Script1745304286377.groovy:224)
	at C660_C677_C678_C679_C680_C681_SignUpNewUserPage_SignUpFlow.run(C660_C677_C678_C679_C680_C681_SignUpNewUserPage_SignUpFlow:233)
	at com.kms.katalon.core.main.ScriptEngine.run(ScriptEngine.java:194)
	at com.kms.katalon.core.main.ScriptEngine.runScriptAsRawText(ScriptEngine.java:119)
	at com.kms.katalon.core.main.TestCaseExecutor.runScript(TestCaseExecutor.java:448)
	at com.kms.katalon.core.main.TestCaseExecutor.doExecute(TestCaseExecutor.java:439)
	at com.kms.katalon.core.main.TestCaseExecutor.processExecutionPhase(TestCaseExecutor.java:418)
	at com.kms.katalon.core.main.TestCaseExecutor.accessMainPhase(TestCaseExecutor.java:410)
	at com.kms.katalon.core.main.TestCaseExecutor.execute(TestCaseExecutor.java:285)
	at com.kms.katalon.core.common.CommonExecutor.accessTestCaseMainPhase(CommonExecutor.java:71)
	at com.kms.katalon.core.main.TestSuiteExecutor.accessTestSuiteMainPhase(TestSuiteExecutor.java:160)
	at com.kms.katalon.core.main.TestSuiteExecutor.execute(TestSuiteExecutor.java:107)
	at com.kms.katalon.core.main.TestCaseMain.startTestSuite(TestCaseMain.java:180)
	at TempTestSuite1745903984460.run(TempTestSuite1745903984460.groovy:35)
	at java.base/jdk.internal.reflect.NativeMethodAccessorImpl.invoke0(Native Method)
	at java.base/jdk.internal.reflect.NativeMethodAccessorImpl.invoke(NativeMethodAccessorImpl.java:77)
	at java.base/jdk.internal.reflect.DelegatingMethodAccessorImpl.invoke(DelegatingMethodAccessorImpl.java:43)
Caused by: java.lang.IllegalArgumentException: Object is null
	at com.kms.katalon.core.helper.KeywordHelper.checkTestObjectParameter(KeywordHelper.java:33)
	at com.kms.katalon.core.mobile.keyword.builtin.WaitForElementPresentKeyword$_waitForElementPresent_closure1.doCall(WaitForElementPresentKeyword.groovy:67)
	at com.kms.katalon.core.mobile.keyword.builtin.WaitForElementPresentKeyword$_waitForElementPresent_closure1.call(WaitForElementPresentKeyword.groovy)
	at com.kms.katalon.core.mobile.keyword.internal.MobileKeywordMain.runKeyword(MobileKeywordMain.groovy:30)
	at com.kms.katalon.core.mobile.keyword.builtin.WaitForElementPresentKeyword.waitForElementPresent(WaitForElementPresentKeyword.groovy:77)
	at com.kms.katalon.core.mobile.keyword.builtin.WaitForElementPresentKeyword.execute(WaitForElementPresentKeyword.groovy:61)
	at com.kms.katalon.core.keyword.internal.KeywordExecutor.executeKeywordForPlatform(KeywordExecutor.groovy:74)
	at com.kms.katalon.core.mobile.keyword.MobileBuiltInKeywords.waitForElementPresent(MobileBuiltInKeywords.groovy:1660)
	at EmailValidationTests.testCopyPasteEmailFunctionality(Script1745304286377.groovy:175)
	at EmailValidationTests.runAllTests(Script1745304286377.groovy:224)
	at Script1745304286377.run(Script1745304286377.groovy:233)
	... 15 more
)

29-04-2025T11:01:14 - [TEST_STEP][PASSED] - tap(findTestObject("Object Repository/Repo/android.widget.EditText-confirm email address"), 0): Tapped on element 'Object Repository/Repo/android.widget.EditText-confirm email address'

29-04-2025T11:01:14 - [MESSAGE][WARNING] - Timeout '0' is invalid. Using default page load timeout: '30'

29-04-2025T11:01:18 - [MESSAGE][PASSED] - Tapped on element 'Object Repository/Repo/android.widget.EditText-confirm email address'

29-04-2025T11:01:18 - [TEST_STEP][PASSED] - tapAndHold(findTestObject("Object Repository/Repo/android.widget.EditText-confirm email address"), 2, 0): Tapped and held on element 'Object Repository/Repo/android.widget.EditText-confirm email address' with duration 2

29-04-2025T11:01:18 - [MESSAGE][WARNING] - Timeout '0' is invalid. Using default page load timeout: '30'

29-04-2025T11:01:22 - [MESSAGE][PASSED] - Tapped and held on element 'Object Repository/Repo/android.widget.EditText-confirm email address' with duration 2

29-04-2025T11:01:22 - [TEST_STEP][PASSED] - delay(2): Delayed 2 second(s)

29-04-2025T11:01:24 - [MESSAGE][PASSED] - Delayed 2 second(s)

29-04-2025T11:01:24 - [TEST_STEP][FAILED] - if (waitForElementPresent(findTestObject("Object Repository/Repo/android.widget.TextView - Paste"), 3)): Failed to wait for element ''{0}'' present (Root cause: com.kms.katalon.core.exception.StepFailedException: Failed to wait for element ''{0}'' present
	at com.kms.katalon.core.mobile.keyword.internal.MobileKeywordMain.stepFailed(MobileKeywordMain.groovy:64)
	at com.kms.katalon.core.mobile.keyword.internal.MobileKeywordMain.runKeyword(MobileKeywordMain.groovy:34)
	at com.kms.katalon.core.mobile.keyword.builtin.WaitForElementPresentKeyword.waitForElementPresent(WaitForElementPresentKeyword.groovy:77)
	at com.kms.katalon.core.mobile.keyword.builtin.WaitForElementPresentKeyword.execute(WaitForElementPresentKeyword.groovy:61)
	at com.kms.katalon.core.keyword.internal.KeywordExecutor.executeKeywordForPlatform(KeywordExecutor.groovy:74)
	at com.kms.katalon.core.mobile.keyword.MobileBuiltInKeywords.waitForElementPresent(MobileBuiltInKeywords.groovy:1660)
	at EmailValidationTests.testCopyPasteEmailFunctionality(Script1745304286377.groovy:175)
	at EmailValidationTests.runAllTests(Script1745304286377.groovy:224)
	at C660_C677_C678_C679_C680_C681_SignUpNewUserPage_SignUpFlow.run(C660_C677_C678_C679_C680_C681_SignUpNewUserPage_SignUpFlow:233)
	at com.kms.katalon.core.main.ScriptEngine.run(ScriptEngine.java:194)
	at com.kms.katalon.core.main.ScriptEngine.runScriptAsRawText(ScriptEngine.java:119)
	at com.kms.katalon.core.main.TestCaseExecutor.runScript(TestCaseExecutor.java:448)
	at com.kms.katalon.core.main.TestCaseExecutor.doExecute(TestCaseExecutor.java:439)
	at com.kms.katalon.core.main.TestCaseExecutor.processExecutionPhase(TestCaseExecutor.java:418)
	at com.kms.katalon.core.main.TestCaseExecutor.accessMainPhase(TestCaseExecutor.java:410)
	at com.kms.katalon.core.main.TestCaseExecutor.execute(TestCaseExecutor.java:285)
	at com.kms.katalon.core.common.CommonExecutor.accessTestCaseMainPhase(CommonExecutor.java:71)
	at com.kms.katalon.core.main.TestSuiteExecutor.accessTestSuiteMainPhase(TestSuiteExecutor.java:160)
	at com.kms.katalon.core.main.TestSuiteExecutor.execute(TestSuiteExecutor.java:107)
	at com.kms.katalon.core.main.TestCaseMain.startTestSuite(TestCaseMain.java:180)
	at TempTestSuite1745903984460.run(TempTestSuite1745903984460.groovy:35)
	at java.base/jdk.internal.reflect.NativeMethodAccessorImpl.invoke0(Native Method)
	at java.base/jdk.internal.reflect.NativeMethodAccessorImpl.invoke(NativeMethodAccessorImpl.java:77)
	at java.base/jdk.internal.reflect.DelegatingMethodAccessorImpl.invoke(DelegatingMethodAccessorImpl.java:43)
Caused by: java.lang.IllegalArgumentException: Object is null
	at com.kms.katalon.core.helper.KeywordHelper.checkTestObjectParameter(KeywordHelper.java:33)
	at com.kms.katalon.core.mobile.keyword.builtin.WaitForElementPresentKeyword$_waitForElementPresent_closure1.doCall(WaitForElementPresentKeyword.groovy:67)
	at com.kms.katalon.core.mobile.keyword.builtin.WaitForElementPresentKeyword$_waitForElementPresent_closure1.call(WaitForElementPresentKeyword.groovy)
	at com.kms.katalon.core.mobile.keyword.internal.MobileKeywordMain.runKeyword(MobileKeywordMain.groovy:30)
	at com.kms.katalon.core.mobile.keyword.builtin.WaitForElementPresentKeyword.waitForElementPresent(WaitForElementPresentKeyword.groovy:77)
	at com.kms.katalon.core.mobile.keyword.builtin.WaitForElementPresentKeyword.execute(WaitForElementPresentKeyword.groovy:61)
	at com.kms.katalon.core.keyword.internal.KeywordExecutor.executeKeywordForPlatform(KeywordExecutor.groovy:74)
	at com.kms.katalon.core.mobile.keyword.MobileBuiltInKeywords.waitForElementPresent(MobileBuiltInKeywords.groovy:1660)
	at EmailValidationTests.testCopyPasteEmailFunctionality(Script1745304286377.groovy:175)
	at EmailValidationTests.runAllTests(Script1745304286377.groovy:224)
	at Script1745304286377.run(Script1745304286377.groovy:233)
	... 15 more
)

29-04-2025T11:01:24 - [MESSAGE][WARNING] - Test object with id 'Object Repository/Repo/android.widget.TextView - Paste' does not exist

29-04-2025T11:01:24 - [MESSAGE][WARNING] - Test object with id 'Object Repository/' does not exist

29-04-2025T11:01:25 - [MESSAGE][FAILED] - Failed to wait for element ''{0}'' present (Root cause: com.kms.katalon.core.exception.StepFailedException: Failed to wait for element ''{0}'' present
	at com.kms.katalon.core.mobile.keyword.internal.MobileKeywordMain.stepFailed(MobileKeywordMain.groovy:64)
	at com.kms.katalon.core.mobile.keyword.internal.MobileKeywordMain.runKeyword(MobileKeywordMain.groovy:34)
	at com.kms.katalon.core.mobile.keyword.builtin.WaitForElementPresentKeyword.waitForElementPresent(WaitForElementPresentKeyword.groovy:77)
	at com.kms.katalon.core.mobile.keyword.builtin.WaitForElementPresentKeyword.execute(WaitForElementPresentKeyword.groovy:61)
	at com.kms.katalon.core.keyword.internal.KeywordExecutor.executeKeywordForPlatform(KeywordExecutor.groovy:74)
	at com.kms.katalon.core.mobile.keyword.MobileBuiltInKeywords.waitForElementPresent(MobileBuiltInKeywords.groovy:1660)
	at EmailValidationTests.testCopyPasteEmailFunctionality(Script1745304286377.groovy:175)
	at EmailValidationTests.runAllTests(Script1745304286377.groovy:224)
	at C660_C677_C678_C679_C680_C681_SignUpNewUserPage_SignUpFlow.run(C660_C677_C678_C679_C680_C681_SignUpNewUserPage_SignUpFlow:233)
	at com.kms.katalon.core.main.ScriptEngine.run(ScriptEngine.java:194)
	at com.kms.katalon.core.main.ScriptEngine.runScriptAsRawText(ScriptEngine.java:119)
	at com.kms.katalon.core.main.TestCaseExecutor.runScript(TestCaseExecutor.java:448)
	at com.kms.katalon.core.main.TestCaseExecutor.doExecute(TestCaseExecutor.java:439)
	at com.kms.katalon.core.main.TestCaseExecutor.processExecutionPhase(TestCaseExecutor.java:418)
	at com.kms.katalon.core.main.TestCaseExecutor.accessMainPhase(TestCaseExecutor.java:410)
	at com.kms.katalon.core.main.TestCaseExecutor.execute(TestCaseExecutor.java:285)
	at com.kms.katalon.core.common.CommonExecutor.accessTestCaseMainPhase(CommonExecutor.java:71)
	at com.kms.katalon.core.main.TestSuiteExecutor.accessTestSuiteMainPhase(TestSuiteExecutor.java:160)
	at com.kms.katalon.core.main.TestSuiteExecutor.execute(TestSuiteExecutor.java:107)
	at com.kms.katalon.core.main.TestCaseMain.startTestSuite(TestCaseMain.java:180)
	at TempTestSuite1745903984460.run(TempTestSuite1745903984460.groovy:35)
	at java.base/jdk.internal.reflect.NativeMethodAccessorImpl.invoke0(Native Method)
	at java.base/jdk.internal.reflect.NativeMethodAccessorImpl.invoke(NativeMethodAccessorImpl.java:77)
	at java.base/jdk.internal.reflect.DelegatingMethodAccessorImpl.invoke(DelegatingMethodAccessorImpl.java:43)
Caused by: java.lang.IllegalArgumentException: Object is null
	at com.kms.katalon.core.helper.KeywordHelper.checkTestObjectParameter(KeywordHelper.java:33)
	at com.kms.katalon.core.mobile.keyword.builtin.WaitForElementPresentKeyword$_waitForElementPresent_closure1.doCall(WaitForElementPresentKeyword.groovy:67)
	at com.kms.katalon.core.mobile.keyword.builtin.WaitForElementPresentKeyword$_waitForElementPresent_closure1.call(WaitForElementPresentKeyword.groovy)
	at com.kms.katalon.core.mobile.keyword.internal.MobileKeywordMain.runKeyword(MobileKeywordMain.groovy:30)
	at com.kms.katalon.core.mobile.keyword.builtin.WaitForElementPresentKeyword.waitForElementPresent(WaitForElementPresentKeyword.groovy:77)
	at com.kms.katalon.core.mobile.keyword.builtin.WaitForElementPresentKeyword.execute(WaitForElementPresentKeyword.groovy:61)
	at com.kms.katalon.core.keyword.internal.KeywordExecutor.executeKeywordForPlatform(KeywordExecutor.groovy:74)
	at com.kms.katalon.core.mobile.keyword.MobileBuiltInKeywords.waitForElementPresent(MobileBuiltInKeywords.groovy:1660)
	at EmailValidationTests.testCopyPasteEmailFunctionality(Script1745304286377.groovy:175)
	at EmailValidationTests.runAllTests(Script1745304286377.groovy:224)
	at Script1745304286377.run(Script1745304286377.groovy:233)
	... 15 more
)
[[ATTACHMENT|/Users/gv.vignesh/Downloads/WGR-Android-Automation/Reports/20250429_104944/Android Regression/20250429_104944/1745904684090.png]]

29-04-2025T11:01:25 - [TEST_STEP][PASSED] - catch (com.kms.katalon.core.exception.StepFailedException e): null

29-04-2025T11:01:25 - [TEST_STEP][PASSED] - println("⚠️ Error occurred during paste: " + e.getMessage()): null

29-04-2025T11:01:25 - [TEST_STEP][PASSED] - testMultipleEmailsFunctionality(): null

29-04-2025T11:01:25 - [TEST_STEP][PASSED] - testData = findTestData("Data Files/Emails"): null

29-04-2025T11:01:25 - [TEST_STEP][PASSED] - email1 = testData.getValue("email", 1): null

29-04-2025T11:01:25 - [TEST_STEP][PASSED] - email2 = testData.getValue("email", 2): null

29-04-2025T11:01:25 - [TEST_STEP][PASSED] - sendKeys(findTestObject("Object Repository/Repo/android.widget.EditText-LoginorSignUp"), email1): Send keys 'c@y.com' on test object 'Object Repository/Repo/android.widget.EditText-LoginorSignUp' successfully.

29-04-2025T11:01:25 - [MESSAGE][PASSED] - Send keys 'c@y.com' on test object 'Object Repository/Repo/android.widget.EditText-LoginorSignUp' successfully.

29-04-2025T11:01:25 - [TEST_STEP][FAILED] - tap(findTestObject("Object Repository/Repo/android.widget.Button - Next (1)"), 10): Failed to tap on element 'Object Repository/Repo/android.widget.Button - Next (1)' (Root cause: com.kms.katalon.core.exception.StepFailedException: Failed to tap on element 'Object Repository/Repo/android.widget.Button - Next (1)'
	at com.kms.katalon.core.mobile.keyword.internal.MobileKeywordMain.stepFailed(MobileKeywordMain.groovy:64)
	at com.kms.katalon.core.mobile.keyword.internal.MobileKeywordMain.runKeyword(MobileKeywordMain.groovy:34)
	at com.kms.katalon.core.mobile.keyword.builtin.TapKeyword.tap(TapKeyword.groovy:51)
	at com.kms.katalon.core.mobile.keyword.builtin.TapKeyword.execute(TapKeyword.groovy:35)
	at com.kms.katalon.core.keyword.internal.KeywordExecutor.executeKeywordForPlatform(KeywordExecutor.groovy:74)
	at com.kms.katalon.core.mobile.keyword.MobileBuiltInKeywords.tap(MobileBuiltInKeywords.groovy:1461)
	at EmailValidationTests.testMultipleEmailsFunctionality(Script1745304286377.groovy:193)
	at EmailValidationTests.runAllTests(Script1745304286377.groovy:225)
	at C660_C677_C678_C679_C680_C681_SignUpNewUserPage_SignUpFlow.run(C660_C677_C678_C679_C680_C681_SignUpNewUserPage_SignUpFlow:233)
	at com.kms.katalon.core.main.ScriptEngine.run(ScriptEngine.java:194)
	at com.kms.katalon.core.main.ScriptEngine.runScriptAsRawText(ScriptEngine.java:119)
	at com.kms.katalon.core.main.TestCaseExecutor.runScript(TestCaseExecutor.java:448)
	at com.kms.katalon.core.main.TestCaseExecutor.doExecute(TestCaseExecutor.java:439)
	at com.kms.katalon.core.main.TestCaseExecutor.processExecutionPhase(TestCaseExecutor.java:418)
	at com.kms.katalon.core.main.TestCaseExecutor.accessMainPhase(TestCaseExecutor.java:410)
	at com.kms.katalon.core.main.TestCaseExecutor.execute(TestCaseExecutor.java:285)
	at com.kms.katalon.core.common.CommonExecutor.accessTestCaseMainPhase(CommonExecutor.java:71)
	at com.kms.katalon.core.main.TestSuiteExecutor.accessTestSuiteMainPhase(TestSuiteExecutor.java:160)
	at com.kms.katalon.core.main.TestSuiteExecutor.execute(TestSuiteExecutor.java:107)
	at com.kms.katalon.core.main.TestCaseMain.startTestSuite(TestCaseMain.java:180)
	at TempTestSuite1745903984460.run(TempTestSuite1745903984460.groovy:35)
	at java.base/jdk.internal.reflect.NativeMethodAccessorImpl.invoke0(Native Method)
	at java.base/jdk.internal.reflect.NativeMethodAccessorImpl.invoke(NativeMethodAccessorImpl.java:77)
	at java.base/jdk.internal.reflect.DelegatingMethodAccessorImpl.invoke(DelegatingMethodAccessorImpl.java:43)
Caused by: com.kms.katalon.core.exception.StepFailedException: Object Object Repository/Repo/android.widget.Button - Next (1) not found
	at com.kms.katalon.core.mobile.keyword.internal.MobileKeywordMain.stepFailed(MobileKeywordMain.groovy:64)
	at com.kms.katalon.core.mobile.keyword.builtin.TapKeyword$_tap_closure1.doCall(TapKeyword.groovy:46)
	at com.kms.katalon.core.mobile.keyword.builtin.TapKeyword$_tap_closure1.call(TapKeyword.groovy)
	at com.kms.katalon.core.mobile.keyword.internal.MobileKeywordMain.runKeyword(MobileKeywordMain.groovy:30)
	... 22 more
)

29-04-2025T11:01:36 - [MESSAGE][FAILED] - Object Object Repository/Repo/android.widget.Button - Next (1) not found (Root cause: com.kms.katalon.core.exception.StepFailedException: Object Object Repository/Repo/android.widget.Button - Next (1) not found
	at com.kms.katalon.core.mobile.keyword.internal.MobileKeywordMain.stepFailed(MobileKeywordMain.groovy:64)
	at com.kms.katalon.core.mobile.keyword.builtin.TapKeyword$_tap_closure1.doCall(TapKeyword.groovy:46)
	at com.kms.katalon.core.mobile.keyword.builtin.TapKeyword$_tap_closure1.call(TapKeyword.groovy)
	at com.kms.katalon.core.mobile.keyword.internal.MobileKeywordMain.runKeyword(MobileKeywordMain.groovy:30)
	at com.kms.katalon.core.mobile.keyword.builtin.TapKeyword.tap(TapKeyword.groovy:51)
	at com.kms.katalon.core.mobile.keyword.builtin.TapKeyword.execute(TapKeyword.groovy:35)
	at com.kms.katalon.core.keyword.internal.KeywordExecutor.executeKeywordForPlatform(KeywordExecutor.groovy:74)
	at com.kms.katalon.core.mobile.keyword.MobileBuiltInKeywords.tap(MobileBuiltInKeywords.groovy:1461)
	at EmailValidationTests.testMultipleEmailsFunctionality(Script1745304286377.groovy:193)
	at EmailValidationTests.runAllTests(Script1745304286377.groovy:225)
	at C660_C677_C678_C679_C680_C681_SignUpNewUserPage_SignUpFlow.run(C660_C677_C678_C679_C680_C681_SignUpNewUserPage_SignUpFlow:233)
	at com.kms.katalon.core.main.ScriptEngine.run(ScriptEngine.java:194)
	at com.kms.katalon.core.main.ScriptEngine.runScriptAsRawText(ScriptEngine.java:119)
	at com.kms.katalon.core.main.TestCaseExecutor.runScript(TestCaseExecutor.java:448)
	at com.kms.katalon.core.main.TestCaseExecutor.doExecute(TestCaseExecutor.java:439)
	at com.kms.katalon.core.main.TestCaseExecutor.processExecutionPhase(TestCaseExecutor.java:418)
	at com.kms.katalon.core.main.TestCaseExecutor.accessMainPhase(TestCaseExecutor.java:410)
	at com.kms.katalon.core.main.TestCaseExecutor.execute(TestCaseExecutor.java:285)
	at com.kms.katalon.core.common.CommonExecutor.accessTestCaseMainPhase(CommonExecutor.java:71)
	at com.kms.katalon.core.main.TestSuiteExecutor.accessTestSuiteMainPhase(TestSuiteExecutor.java:160)
	at com.kms.katalon.core.main.TestSuiteExecutor.execute(TestSuiteExecutor.java:107)
	at com.kms.katalon.core.main.TestCaseMain.startTestSuite(TestCaseMain.java:180)
	at TempTestSuite1745903984460.run(TempTestSuite1745903984460.groovy:35)
	at java.base/jdk.internal.reflect.NativeMethodAccessorImpl.invoke0(Native Method)
	at java.base/jdk.internal.reflect.NativeMethodAccessorImpl.invoke(NativeMethodAccessorImpl.java:77)
	at java.base/jdk.internal.reflect.DelegatingMethodAccessorImpl.invoke(DelegatingMethodAccessorImpl.java:43)
)
[[ATTACHMENT|/Users/gv.vignesh/Downloads/WGR-Android-Automation/Reports/20250429_104944/Android Regression/20250429_104944/1745904695386.png]]

29-04-2025T11:01:37 - [MESSAGE][FAILED] - Failed to tap on element 'Object Repository/Repo/android.widget.Button - Next (1)' (Root cause: com.kms.katalon.core.exception.StepFailedException: Failed to tap on element 'Object Repository/Repo/android.widget.Button - Next (1)'
	at com.kms.katalon.core.mobile.keyword.internal.MobileKeywordMain.stepFailed(MobileKeywordMain.groovy:64)
	at com.kms.katalon.core.mobile.keyword.internal.MobileKeywordMain.runKeyword(MobileKeywordMain.groovy:34)
	at com.kms.katalon.core.mobile.keyword.builtin.TapKeyword.tap(TapKeyword.groovy:51)
	at com.kms.katalon.core.mobile.keyword.builtin.TapKeyword.execute(TapKeyword.groovy:35)
	at com.kms.katalon.core.keyword.internal.KeywordExecutor.executeKeywordForPlatform(KeywordExecutor.groovy:74)
	at com.kms.katalon.core.mobile.keyword.MobileBuiltInKeywords.tap(MobileBuiltInKeywords.groovy:1461)
	at EmailValidationTests.testMultipleEmailsFunctionality(Script1745304286377.groovy:193)
	at EmailValidationTests.runAllTests(Script1745304286377.groovy:225)
	at C660_C677_C678_C679_C680_C681_SignUpNewUserPage_SignUpFlow.run(C660_C677_C678_C679_C680_C681_SignUpNewUserPage_SignUpFlow:233)
	at com.kms.katalon.core.main.ScriptEngine.run(ScriptEngine.java:194)
	at com.kms.katalon.core.main.ScriptEngine.runScriptAsRawText(ScriptEngine.java:119)
	at com.kms.katalon.core.main.TestCaseExecutor.runScript(TestCaseExecutor.java:448)
	at com.kms.katalon.core.main.TestCaseExecutor.doExecute(TestCaseExecutor.java:439)
	at com.kms.katalon.core.main.TestCaseExecutor.processExecutionPhase(TestCaseExecutor.java:418)
	at com.kms.katalon.core.main.TestCaseExecutor.accessMainPhase(TestCaseExecutor.java:410)
	at com.kms.katalon.core.main.TestCaseExecutor.execute(TestCaseExecutor.java:285)
	at com.kms.katalon.core.common.CommonExecutor.accessTestCaseMainPhase(CommonExecutor.java:71)
	at com.kms.katalon.core.main.TestSuiteExecutor.accessTestSuiteMainPhase(TestSuiteExecutor.java:160)
	at com.kms.katalon.core.main.TestSuiteExecutor.execute(TestSuiteExecutor.java:107)
	at com.kms.katalon.core.main.TestCaseMain.startTestSuite(TestCaseMain.java:180)
	at TempTestSuite1745903984460.run(TempTestSuite1745903984460.groovy:35)
	at java.base/jdk.internal.reflect.NativeMethodAccessorImpl.invoke0(Native Method)
	at java.base/jdk.internal.reflect.NativeMethodAccessorImpl.invoke(NativeMethodAccessorImpl.java:77)
	at java.base/jdk.internal.reflect.DelegatingMethodAccessorImpl.invoke(DelegatingMethodAccessorImpl.java:43)
Caused by: com.kms.katalon.core.exception.StepFailedException: Object Object Repository/Repo/android.widget.Button - Next (1) not found
	at com.kms.katalon.core.mobile.keyword.internal.MobileKeywordMain.stepFailed(MobileKeywordMain.groovy:64)
	at com.kms.katalon.core.mobile.keyword.builtin.TapKeyword$_tap_closure1.doCall(TapKeyword.groovy:46)
	at com.kms.katalon.core.mobile.keyword.builtin.TapKeyword$_tap_closure1.call(TapKeyword.groovy)
	at com.kms.katalon.core.mobile.keyword.internal.MobileKeywordMain.runKeyword(MobileKeywordMain.groovy:30)
	... 22 more
)
[[ATTACHMENT|/Users/gv.vignesh/Downloads/WGR-Android-Automation/Reports/20250429_104944/Android Regression/20250429_104944/1745904696378.png]]

29-04-2025T11:01:37 - [TEST_STEP][PASSED] - Finally: null

29-04-2025T11:01:37 - [TEST_STEP][PASSED] - cleanup(): null

29-04-2025T11:01:37 - [TEST_STEP][PASSED] - closeApplication(): Close app successfully

29-04-2025T11:01:42 - [MESSAGE][PASSED] - Close app successfully]]></system-out>
         <system-err><![CDATA[29-04-2025T10:56:52 - [TEST_CASE][FAILED] - Test Cases/Sign Up New UserPage/C660_C677_C678_C679_C680_C681_SignUpNewUserPage_SignUpFlow: Test Cases/Sign Up New UserPage/C660_C677_C678_C679_C680_C681_SignUpNewUserPage_SignUpFlow FAILED.
Reason:
com.kms.katalon.core.exception.StepFailedException: Failed to tap on element 'Object Repository/Repo/android.widget.Button - Next (1)'
	at com.kms.katalon.core.mobile.keyword.internal.MobileKeywordMain.stepFailed(MobileKeywordMain.groovy:64)
	at com.kms.katalon.core.mobile.keyword.internal.MobileKeywordMain.runKeyword(MobileKeywordMain.groovy:34)
	at com.kms.katalon.core.mobile.keyword.builtin.TapKeyword.tap(TapKeyword.groovy:51)
	at com.kms.katalon.core.mobile.keyword.builtin.TapKeyword.execute(TapKeyword.groovy:35)
	at com.kms.katalon.core.keyword.internal.KeywordExecutor.executeKeywordForPlatform(KeywordExecutor.groovy:74)
	at com.kms.katalon.core.mobile.keyword.MobileBuiltInKeywords.tap(MobileBuiltInKeywords.groovy:1461)
	at EmailValidationTests.testMultipleEmailsFunctionality(Script1745304286377.groovy:193)
	at EmailValidationTests.runAllTests(Script1745304286377.groovy:225)
	at C660_C677_C678_C679_C680_C681_SignUpNewUserPage_SignUpFlow.run(C660_C677_C678_C679_C680_C681_SignUpNewUserPage_SignUpFlow:233)
	at com.kms.katalon.core.main.ScriptEngine.run(ScriptEngine.java:194)
	at com.kms.katalon.core.main.ScriptEngine.runScriptAsRawText(ScriptEngine.java:119)
	at com.kms.katalon.core.main.TestCaseExecutor.runScript(TestCaseExecutor.java:448)
	at com.kms.katalon.core.main.TestCaseExecutor.doExecute(TestCaseExecutor.java:439)
	at com.kms.katalon.core.main.TestCaseExecutor.processExecutionPhase(TestCaseExecutor.java:418)
	at com.kms.katalon.core.main.TestCaseExecutor.accessMainPhase(TestCaseExecutor.java:410)
	at com.kms.katalon.core.main.TestCaseExecutor.execute(TestCaseExecutor.java:285)
	at com.kms.katalon.core.common.CommonExecutor.accessTestCaseMainPhase(CommonExecutor.java:71)
	at com.kms.katalon.core.main.TestSuiteExecutor.accessTestSuiteMainPhase(TestSuiteExecutor.java:160)
	at com.kms.katalon.core.main.TestSuiteExecutor.execute(TestSuiteExecutor.java:107)
	at com.kms.katalon.core.main.TestCaseMain.startTestSuite(TestCaseMain.java:180)
	at TempTestSuite1745903984460.run(TempTestSuite1745903984460.groovy:35)
	at java.base/jdk.internal.reflect.NativeMethodAccessorImpl.invoke0(Native Method)
	at java.base/jdk.internal.reflect.NativeMethodAccessorImpl.invoke(NativeMethodAccessorImpl.java:77)
	at java.base/jdk.internal.reflect.DelegatingMethodAccessorImpl.invoke(DelegatingMethodAccessorImpl.java:43)
Caused by: com.kms.katalon.core.exception.StepFailedException: Object Object Repository/Repo/android.widget.Button - Next (1) not found
	at com.kms.katalon.core.mobile.keyword.internal.MobileKeywordMain.stepFailed(MobileKeywordMain.groovy:64)
	at com.kms.katalon.core.mobile.keyword.builtin.TapKeyword$_tap_closure1.doCall(TapKeyword.groovy:46)
	at com.kms.katalon.core.mobile.keyword.builtin.TapKeyword$_tap_closure1.call(TapKeyword.groovy)
	at com.kms.katalon.core.mobile.keyword.internal.MobileKeywordMain.runKeyword(MobileKeywordMain.groovy:30)
	... 22 more]]></system-err>
      </testcase>
      <testcase name="Test Cases/Sign Up New UserPage/C699_C690_C691_C692_SignUpNewUserPage_ThankYouPageIsClickable_AgreeAndDoNotAgreeTermsAndConditions" time="319.929" classname="Test Cases/Sign Up New UserPage/C699_C690_C691_C692_SignUpNewUserPage_ThankYouPageIsClickable_AgreeAndDoNotAgreeTermsAndConditions" status="PASSED">
         <system-out><![CDATA[29-04-2025T11:01:42 - [TEST_CASE][PASSED] - Test Cases/Sign Up New UserPage/C699_C690_C691_C692_SignUpNewUserPage_ThankYouPageIsClickable_AgreeAndDoNotAgreeTermsAndConditions: Test Cases/Sign Up New UserPage/C699_C690_C691_C692_SignUpNewUserPage_ThankYouPageIsClickable_AgreeAndDoNotAgreeTermsAndConditions

29-04-2025T11:01:42 - [TEST_STEP][PASSED] - testData = findTestData("Data Files/LogiNewUser"): null

29-04-2025T11:01:42 - [TEST_STEP][PASSED] - email = testData.getValue("email", 3): null

29-04-2025T11:01:42 - [TEST_STEP][PASSED] - firstName = testData.getValue("firstname", 3): null

29-04-2025T11:01:42 - [TEST_STEP][PASSED] - lastName = testData.getValue("lastname", 3): null

29-04-2025T11:01:42 - [TEST_STEP][PASSED] - password = testData.getValue("password", 3): null

29-04-2025T11:01:42 - [TEST_STEP][PASSED] - confirmPassword = testData.getValue("confirm password", 3): null

29-04-2025T11:01:42 - [TEST_STEP][PASSED] - startApplication(appUrl, true): Started application: '/Users/gv.vignesh/Downloads/WGR-Android-Automation/App Folder/app-debug-2.99.75.apk'

29-04-2025T11:01:42 - [MESSAGE][INFO] - Starting application: '/Users/gv.vignesh/Downloads/WGR-Android-Automation/App Folder/app-debug-2.99.75.apk'

29-04-2025T11:01:42 - [MESSAGE][INFO] - User set preference: ['uiautomator2ServerInstallTimeout', '0']

29-04-2025T11:01:42 - [MESSAGE][INFO] - User set preference: ['deviceId', '']

29-04-2025T11:01:42 - [MESSAGE][INFO] - Detected NodeJS location: "/opt/homebrew/Cellar/node/23.10.0_1/bin/node"

29-04-2025T11:01:42 - [MESSAGE][INFO] - PATH: /opt/homebrew/Cellar/node/23.10.0_1/bin:/opt/homebrew/bin:/usr/bin:/bin:/usr/sbin:/sbin:/Applications/Katalon Studio Enterprise.app/Contents/Eclipse/jre/Contents/Home/bin:/usr/local/bin/

29-04-2025T11:01:42 - [MESSAGE][INFO] - APPIUM_HOME: /Users/gv.vignesh/.appium

29-04-2025T11:01:42 - [MESSAGE][INFO] - appium outlog: /Users/gv.vignesh/Downloads/WGR-Android-Automation/Reports/20250429_104944/Android Regression/20250429_104944/appium.log

29-04-2025T11:01:42 - [MESSAGE][INFO] - appium errlog: /Users/gv.vignesh/Downloads/WGR-Android-Automation/Reports/20250429_104944/Android Regression/20250429_104944/appium_error.log

29-04-2025T11:01:44 - [MESSAGE][INFO] - Appium server started on port 52,375

29-04-2025T11:02:01 - [MESSAGE][PASSED] - Started application: '/Users/gv.vignesh/Downloads/WGR-Android-Automation/App Folder/app-debug-2.99.75.apk'

29-04-2025T11:02:01 - [TEST_STEP][PASSED] - delay(10): Delayed 10 second(s)

29-04-2025T11:02:11 - [MESSAGE][PASSED] - Delayed 10 second(s)

29-04-2025T11:02:11 - [TEST_STEP][PASSED] - tap(findTestObject("Object Repository/Repo/android.widget.Button - Login or Sign Up"), 0): Tapped on element 'Object Repository/Repo/android.widget.Button - Login or Sign Up'

29-04-2025T11:02:11 - [MESSAGE][WARNING] - Timeout '0' is invalid. Using default page load timeout: '30'

29-04-2025T11:02:12 - [MESSAGE][PASSED] - Tapped on element 'Object Repository/Repo/android.widget.Button - Login or Sign Up'

29-04-2025T11:02:12 - [TEST_STEP][PASSED] - delay(10): Delayed 10 second(s)

29-04-2025T11:02:22 - [MESSAGE][PASSED] - Delayed 10 second(s)

29-04-2025T11:02:22 - [TEST_STEP][PASSED] - setText(findTestObject("Object Repository/Repo/android.widget.EditText-LoginorSignUp"), email, 0): Text 'moon@yopmail.com' has been set to element 'Object Repository/Repo/android.widget.EditText-LoginorSignUp'

29-04-2025T11:02:22 - [MESSAGE][WARNING] - Timeout '0' is invalid. Using default page load timeout: '30'

29-04-2025T11:02:23 - [MESSAGE][PASSED] - Text 'moon@yopmail.com' has been set to element 'Object Repository/Repo/android.widget.EditText-LoginorSignUp'

29-04-2025T11:02:23 - [TEST_STEP][PASSED] - hideKeyboard(): Keyboard is hidden

29-04-2025T11:02:26 - [MESSAGE][PASSED] - Keyboard is hidden

29-04-2025T11:02:26 - [TEST_STEP][PASSED] - delay(10): Delayed 10 second(s)

29-04-2025T11:02:36 - [MESSAGE][PASSED] - Delayed 10 second(s)

29-04-2025T11:02:36 - [TEST_STEP][PASSED] - tap(findTestObject("Object Repository/Repo/android.widget.Button - Next"), 0): Tapped on element 'Object Repository/Repo/android.widget.Button - Next'

29-04-2025T11:02:36 - [MESSAGE][WARNING] - Timeout '0' is invalid. Using default page load timeout: '30'

29-04-2025T11:02:37 - [MESSAGE][PASSED] - Tapped on element 'Object Repository/Repo/android.widget.Button - Next'

29-04-2025T11:02:37 - [TEST_STEP][PASSED] - delay(10): Delayed 10 second(s)

29-04-2025T11:02:47 - [MESSAGE][PASSED] - Delayed 10 second(s)

29-04-2025T11:02:47 - [TEST_STEP][PASSED] - setText(findTestObject("Object Repository/Repo/android.widget.EditText-confirm email address"), email, 0): Text 'moon@yopmail.com' has been set to element 'Object Repository/Repo/android.widget.EditText-confirm email address'

29-04-2025T11:02:47 - [MESSAGE][WARNING] - Timeout '0' is invalid. Using default page load timeout: '30'

29-04-2025T11:02:48 - [MESSAGE][PASSED] - Text 'moon@yopmail.com' has been set to element 'Object Repository/Repo/android.widget.EditText-confirm email address'

29-04-2025T11:02:48 - [TEST_STEP][PASSED] - hideKeyboard(): Keyboard is hidden

29-04-2025T11:02:51 - [MESSAGE][PASSED] - Keyboard is hidden

29-04-2025T11:02:51 - [TEST_STEP][PASSED] - delay(10): Delayed 10 second(s)

29-04-2025T11:03:01 - [MESSAGE][PASSED] - Delayed 10 second(s)

29-04-2025T11:03:01 - [TEST_STEP][PASSED] - tap(findTestObject("Object Repository/Repo/android.widget.Button - Next (1)"), 0): Tapped on element 'Object Repository/Repo/android.widget.Button - Next (1)'

29-04-2025T11:03:01 - [MESSAGE][WARNING] - Timeout '0' is invalid. Using default page load timeout: '30'

29-04-2025T11:03:01 - [MESSAGE][PASSED] - Tapped on element 'Object Repository/Repo/android.widget.Button - Next (1)'

29-04-2025T11:03:01 - [TEST_STEP][PASSED] - delay(10): Delayed 10 second(s)

29-04-2025T11:03:11 - [MESSAGE][PASSED] - Delayed 10 second(s)

29-04-2025T11:03:11 - [TEST_STEP][PASSED] - setText(findTestObject("Object Repository/Repo/android.widget.EditText-FirstName"), firstName, 0): Text 'cameron' has been set to element 'Object Repository/Repo/android.widget.EditText-FirstName'

29-04-2025T11:03:11 - [MESSAGE][WARNING] - Timeout '0' is invalid. Using default page load timeout: '30'

29-04-2025T11:03:13 - [MESSAGE][PASSED] - Text 'cameron' has been set to element 'Object Repository/Repo/android.widget.EditText-FirstName'

29-04-2025T11:03:13 - [TEST_STEP][PASSED] - hideKeyboard(): Keyboard is hidden

29-04-2025T11:03:15 - [MESSAGE][PASSED] - Keyboard is hidden

29-04-2025T11:03:15 - [TEST_STEP][PASSED] - delay(10): Delayed 10 second(s)

29-04-2025T11:03:25 - [MESSAGE][PASSED] - Delayed 10 second(s)

29-04-2025T11:03:25 - [TEST_STEP][PASSED] - setText(findTestObject("Object Repository/Repo/android.widget.EditText-LastName"), lastName, 0): Text 'green' has been set to element 'Object Repository/Repo/android.widget.EditText-LastName'

29-04-2025T11:03:25 - [MESSAGE][WARNING] - Timeout '0' is invalid. Using default page load timeout: '30'

29-04-2025T11:03:26 - [MESSAGE][PASSED] - Text 'green' has been set to element 'Object Repository/Repo/android.widget.EditText-LastName'

29-04-2025T11:03:26 - [TEST_STEP][PASSED] - hideKeyboard(): Keyboard is hidden

29-04-2025T11:03:28 - [MESSAGE][PASSED] - Keyboard is hidden

29-04-2025T11:03:28 - [TEST_STEP][PASSED] - delay(10): Delayed 10 second(s)

29-04-2025T11:03:38 - [MESSAGE][PASSED] - Delayed 10 second(s)

29-04-2025T11:03:38 - [TEST_STEP][PASSED] - sendKeys(findTestObject("Object Repository/Repo/android.widget.EditText-Password"), password): Send keys 'password' on test object 'Object Repository/Repo/android.widget.EditText-Password' successfully.

29-04-2025T11:03:39 - [MESSAGE][PASSED] - Send keys 'password' on test object 'Object Repository/Repo/android.widget.EditText-Password' successfully.

29-04-2025T11:03:39 - [TEST_STEP][PASSED] - delay(10): Delayed 10 second(s)

29-04-2025T11:03:49 - [MESSAGE][PASSED] - Delayed 10 second(s)

29-04-2025T11:03:49 - [TEST_STEP][PASSED] - sendKeys(findTestObject("Object Repository/Repo/android.widget.EditText-Confirm Password"), confirmPassword): Send keys 'password' on test object 'Object Repository/Repo/android.widget.EditText-Confirm Password' successfully.

29-04-2025T11:03:49 - [MESSAGE][PASSED] - Send keys 'password' on test object 'Object Repository/Repo/android.widget.EditText-Confirm Password' successfully.

29-04-2025T11:03:49 - [TEST_STEP][PASSED] - delay(10): Delayed 10 second(s)

29-04-2025T11:03:59 - [MESSAGE][PASSED] - Delayed 10 second(s)

29-04-2025T11:03:59 - [TEST_STEP][PASSED] - tap(findTestObject("Object Repository/Repo/android.widget.Button - Next (2)"), 0): Tapped on element 'Object Repository/Repo/android.widget.Button - Next (2)'

29-04-2025T11:03:59 - [MESSAGE][WARNING] - Timeout '0' is invalid. Using default page load timeout: '30'

29-04-2025T11:04:00 - [MESSAGE][PASSED] - Tapped on element 'Object Repository/Repo/android.widget.Button - Next (2)'

29-04-2025T11:04:00 - [TEST_STEP][PASSED] - delay(10): Delayed 10 second(s)

29-04-2025T11:04:10 - [MESSAGE][PASSED] - Delayed 10 second(s)

29-04-2025T11:04:10 - [TEST_STEP][PASSED] - deviceHeight = getDeviceHeight(): Current device physical height is 2460

29-04-2025T11:04:10 - [MESSAGE][PASSED] - Current device physical height is 2460

29-04-2025T11:04:10 - [TEST_STEP][PASSED] - deviceWidth = getDeviceWidth(): Current device physical width is 1080

29-04-2025T11:04:10 - [MESSAGE][PASSED] - Current device physical width is 1080

29-04-2025T11:04:10 - [TEST_STEP][PASSED] - startX = deviceWidth / 2: null

29-04-2025T11:04:10 - [TEST_STEP][PASSED] - startY = deviceHeight * 3 / 4: null

29-04-2025T11:04:10 - [TEST_STEP][PASSED] - endX = startX: null

29-04-2025T11:04:10 - [TEST_STEP][PASSED] - endY = deviceHeight / 4: null

29-04-2025T11:04:10 - [TEST_STEP][PASSED] - for ([i = 0, i < 8, (i++)]): Delayed 1 second(s)

29-04-2025T11:04:10 - [TEST_STEP][PASSED] - swipe(startX, startY, endX, endY): Swiped from 540,1,845 to 540,615

29-04-2025T11:04:11 - [MESSAGE][PASSED] - Swiped from 540,1,845 to 540,615

29-04-2025T11:04:11 - [TEST_STEP][PASSED] - delay(1): Delayed 1 second(s)

29-04-2025T11:04:12 - [MESSAGE][PASSED] - Delayed 1 second(s)

29-04-2025T11:04:12 - [TEST_STEP][PASSED] - swipe(startX, startY, endX, endY): Swiped from 540,1,845 to 540,615

29-04-2025T11:04:14 - [MESSAGE][PASSED] - Swiped from 540,1,845 to 540,615

29-04-2025T11:04:14 - [TEST_STEP][PASSED] - delay(1): Delayed 1 second(s)

29-04-2025T11:04:15 - [MESSAGE][PASSED] - Delayed 1 second(s)

29-04-2025T11:04:15 - [TEST_STEP][PASSED] - swipe(startX, startY, endX, endY): Swiped from 540,1,845 to 540,615

29-04-2025T11:04:16 - [MESSAGE][PASSED] - Swiped from 540,1,845 to 540,615

29-04-2025T11:04:16 - [TEST_STEP][PASSED] - delay(1): Delayed 1 second(s)

29-04-2025T11:04:17 - [MESSAGE][PASSED] - Delayed 1 second(s)

29-04-2025T11:04:17 - [TEST_STEP][PASSED] - swipe(startX, startY, endX, endY): Swiped from 540,1,845 to 540,615

29-04-2025T11:04:18 - [MESSAGE][PASSED] - Swiped from 540,1,845 to 540,615

29-04-2025T11:04:18 - [TEST_STEP][PASSED] - delay(1): Delayed 1 second(s)

29-04-2025T11:04:19 - [MESSAGE][PASSED] - Delayed 1 second(s)

29-04-2025T11:04:19 - [TEST_STEP][PASSED] - swipe(startX, startY, endX, endY): Swiped from 540,1,845 to 540,615

29-04-2025T11:04:20 - [MESSAGE][PASSED] - Swiped from 540,1,845 to 540,615

29-04-2025T11:04:20 - [TEST_STEP][PASSED] - delay(1): Delayed 1 second(s)

29-04-2025T11:04:21 - [MESSAGE][PASSED] - Delayed 1 second(s)

29-04-2025T11:04:21 - [TEST_STEP][PASSED] - swipe(startX, startY, endX, endY): Swiped from 540,1,845 to 540,615

29-04-2025T11:04:22 - [MESSAGE][PASSED] - Swiped from 540,1,845 to 540,615

29-04-2025T11:04:22 - [TEST_STEP][PASSED] - delay(1): Delayed 1 second(s)

29-04-2025T11:04:23 - [MESSAGE][PASSED] - Delayed 1 second(s)

29-04-2025T11:04:23 - [TEST_STEP][PASSED] - swipe(startX, startY, endX, endY): Swiped from 540,1,845 to 540,615

29-04-2025T11:04:24 - [MESSAGE][PASSED] - Swiped from 540,1,845 to 540,615

29-04-2025T11:04:24 - [TEST_STEP][PASSED] - delay(1): Delayed 1 second(s)

29-04-2025T11:04:25 - [MESSAGE][PASSED] - Delayed 1 second(s)

29-04-2025T11:04:25 - [TEST_STEP][PASSED] - swipe(startX, startY, endX, endY): Swiped from 540,1,845 to 540,615

29-04-2025T11:04:26 - [MESSAGE][PASSED] - Swiped from 540,1,845 to 540,615

29-04-2025T11:04:26 - [TEST_STEP][PASSED] - delay(1): Delayed 1 second(s)

29-04-2025T11:04:27 - [MESSAGE][PASSED] - Delayed 1 second(s)

29-04-2025T11:04:27 - [TEST_STEP][PASSED] - try: Scrolling to text 'etc)' successfully

29-04-2025T11:04:27 - [TEST_STEP][PASSED] - scrollToText("etc)"): Scrolling to text 'etc)' successfully

29-04-2025T11:04:28 - [MESSAGE][PASSED] - Scrolling to text 'etc)' successfully

29-04-2025T11:04:28 - [TEST_STEP][PASSED] - delay(5): Delayed 5 second(s)

29-04-2025T11:04:33 - [MESSAGE][PASSED] - Delayed 5 second(s)

29-04-2025T11:04:33 - [TEST_STEP][PASSED] - tap(findTestObject("Object Repository/Repo/android.widget.Button - Agree to Terms  Conditions"), 0): Tapped on element 'Object Repository/Repo/android.widget.Button - Agree to Terms  Conditions'

29-04-2025T11:04:33 - [MESSAGE][WARNING] - Timeout '0' is invalid. Using default page load timeout: '30'

29-04-2025T11:04:34 - [MESSAGE][PASSED] - Tapped on element 'Object Repository/Repo/android.widget.Button - Agree to Terms  Conditions'

29-04-2025T11:04:34 - [TEST_STEP][PASSED] - delay(45): Delayed 45 second(s)

29-04-2025T11:05:19 - [MESSAGE][PASSED] - Delayed 45 second(s)

29-04-2025T11:05:19 - [TEST_STEP][PASSED] - setText(findTestObject("Object Repository/Repo/android.widget.EditText-OAM(Login)"), email, 0): Text 'moon@yopmail.com' has been set to element 'Object Repository/Repo/android.widget.EditText-OAM(Login)'

29-04-2025T11:05:19 - [MESSAGE][WARNING] - Timeout '0' is invalid. Using default page load timeout: '30'

29-04-2025T11:05:20 - [MESSAGE][PASSED] - Text 'moon@yopmail.com' has been set to element 'Object Repository/Repo/android.widget.EditText-OAM(Login)'

29-04-2025T11:05:20 - [TEST_STEP][PASSED] - hideKeyboard(): Keyboard is hidden

29-04-2025T11:05:22 - [MESSAGE][PASSED] - Keyboard is hidden

29-04-2025T11:05:22 - [TEST_STEP][PASSED] - delay(10): Delayed 10 second(s)

29-04-2025T11:05:32 - [MESSAGE][PASSED] - Delayed 10 second(s)

29-04-2025T11:05:32 - [TEST_STEP][PASSED] - setText(findTestObject("Object Repository/Repo/android.widget.EditText-OAM(Password)"), password, 0): Text 'password' has been set to element 'Object Repository/Repo/android.widget.EditText-OAM(Password)'

29-04-2025T11:05:32 - [MESSAGE][WARNING] - Timeout '0' is invalid. Using default page load timeout: '30'

29-04-2025T11:05:33 - [MESSAGE][PASSED] - Text 'password' has been set to element 'Object Repository/Repo/android.widget.EditText-OAM(Password)'

29-04-2025T11:05:33 - [TEST_STEP][PASSED] - hideKeyboard(): Keyboard is hidden

29-04-2025T11:05:35 - [MESSAGE][PASSED] - Keyboard is hidden

29-04-2025T11:05:35 - [TEST_STEP][PASSED] - delay(10): Delayed 10 second(s)

29-04-2025T11:05:45 - [MESSAGE][PASSED] - Delayed 10 second(s)

29-04-2025T11:05:45 - [TEST_STEP][PASSED] - tap(findTestObject("Object Repository/Repo/android.widget.Button -OAM(Login)"), 0): Tapped on element 'Object Repository/Repo/android.widget.Button -OAM(Login)'

29-04-2025T11:05:46 - [MESSAGE][WARNING] - Timeout '0' is invalid. Using default page load timeout: '30'

29-04-2025T11:05:46 - [MESSAGE][PASSED] - Tapped on element 'Object Repository/Repo/android.widget.Button -OAM(Login)'

29-04-2025T11:05:46 - [TEST_STEP][PASSED] - delay(20): Delayed 20 second(s)

29-04-2025T11:06:06 - [MESSAGE][PASSED] - Delayed 20 second(s)

29-04-2025T11:06:06 - [TEST_STEP][PASSED] - tap(findTestObject("Object Repository/Repo/android.widget.Button - Next-(VerifyAccount)"), 0): Tapped on element 'Object Repository/Repo/android.widget.Button - Next-(VerifyAccount)'

29-04-2025T11:06:06 - [MESSAGE][WARNING] - Timeout '0' is invalid. Using default page load timeout: '30'

29-04-2025T11:06:06 - [MESSAGE][PASSED] - Tapped on element 'Object Repository/Repo/android.widget.Button - Next-(VerifyAccount)'

29-04-2025T11:06:06 - [TEST_STEP][PASSED] - delay(10): Delayed 10 second(s)

29-04-2025T11:06:16 - [MESSAGE][PASSED] - Delayed 10 second(s)

29-04-2025T11:06:16 - [TEST_STEP][PASSED] - verifyElementExist(findTestObject("Object Repository/Repo/android.widget.TextView - Youve chosen to skip the email verification process. While you can explore the app as a guest, please note that certain features and functionalities may be limited"), 0): Element 'Object Repository/Repo/android.widget.TextView - Youve chosen to skip the email verification process. While you can explore the app as a guest, please note that certain features and functionalities may be limited' is exist

29-04-2025T11:06:16 - [MESSAGE][WARNING] - Timeout '0' is invalid. Using default page load timeout: '30'

29-04-2025T11:06:17 - [MESSAGE][PASSED] - Element 'Object Repository/Repo/android.widget.TextView - Youve chosen to skip the email verification process. While you can explore the app as a guest, please note that certain features and functionalities may be limited' is exist

29-04-2025T11:06:17 - [TEST_STEP][PASSED] - delay(10): Delayed 10 second(s)

29-04-2025T11:06:27 - [MESSAGE][PASSED] - Delayed 10 second(s)

29-04-2025T11:06:27 - [TEST_STEP][PASSED] - verifyElementExist(findTestObject("Object Repository/Repo/android.widget.TextView - To fully access all features"), 0): Element 'Object Repository/Repo/android.widget.TextView - To fully access all features' is exist

29-04-2025T11:06:27 - [MESSAGE][WARNING] - Timeout '0' is invalid. Using default page load timeout: '30'

29-04-2025T11:06:27 - [MESSAGE][PASSED] - Element 'Object Repository/Repo/android.widget.TextView - To fully access all features' is exist

29-04-2025T11:06:27 - [TEST_STEP][PASSED] - delay(10): Delayed 10 second(s)

29-04-2025T11:06:37 - [MESSAGE][PASSED] - Delayed 10 second(s)

29-04-2025T11:06:37 - [TEST_STEP][PASSED] - actualText = getText(findTestObject("Object Repository/Repo/android.widget.TextView - Youve chosen to skip the email verification process. While you can explore the app as a guest, please note that certain features and functionalities may be limited"), 0): Text of element 'Object Repository/Repo/android.widget.TextView - Youve chosen to skip the email verification process. While you can explore the app as a guest, please note that certain features and functionalities may be limited' is: 'You've chosen to skip the email verification process. While you can explore the app as a guest, please note that certain features and functionalities may be limited.'

29-04-2025T11:06:37 - [MESSAGE][WARNING] - Timeout '0' is invalid. Using default page load timeout: '30'

29-04-2025T11:06:38 - [MESSAGE][PASSED] - Text of element 'Object Repository/Repo/android.widget.TextView - Youve chosen to skip the email verification process. While you can explore the app as a guest, please note that certain features and functionalities may be limited' is: 'You've chosen to skip the email verification process. While you can explore the app as a guest, please note that certain features and functionalities may be limited.'

29-04-2025T11:06:38 - [TEST_STEP][PASSED] - expectedText = "You've chosen to skip the email verification process. While you can explore the app as a guest, please note that certain features and functionalities may be limited.": null

29-04-2025T11:06:38 - [TEST_STEP][PASSED] - assert actualText == expectedText: null

29-04-2025T11:06:38 - [TEST_STEP][PASSED] - verifyElementExist(findTestObject("Object Repository/Repo/android.widget.Button - Next (2)"), 0): Element 'Object Repository/Repo/android.widget.Button - Next (2)' is exist

29-04-2025T11:06:38 - [MESSAGE][WARNING] - Timeout '0' is invalid. Using default page load timeout: '30'

29-04-2025T11:06:38 - [MESSAGE][PASSED] - Element 'Object Repository/Repo/android.widget.Button - Next (2)' is exist

29-04-2025T11:06:38 - [TEST_STEP][PASSED] - delay(10): Delayed 10 second(s)

29-04-2025T11:06:48 - [MESSAGE][PASSED] - Delayed 10 second(s)

29-04-2025T11:06:48 - [TEST_STEP][PASSED] - tap(findTestObject("Object Repository/Repo/android.widget.Button - Next (2)"), 0): Tapped on element 'Object Repository/Repo/android.widget.Button - Next (2)'

29-04-2025T11:06:48 - [MESSAGE][WARNING] - Timeout '0' is invalid. Using default page load timeout: '30'

29-04-2025T11:06:48 - [MESSAGE][PASSED] - Tapped on element 'Object Repository/Repo/android.widget.Button - Next (2)'

29-04-2025T11:06:48 - [TEST_STEP][PASSED] - delay(10): Delayed 10 second(s)

29-04-2025T11:06:58 - [MESSAGE][PASSED] - Delayed 10 second(s)

29-04-2025T11:06:58 - [TEST_STEP][PASSED] - closeApplication(): Close app successfully

29-04-2025T11:07:02 - [MESSAGE][PASSED] - Close app successfully

29-04-2025T11:07:02 - [TEST_STEP][PASSED] - closeBrowser(): Browser is closed

29-04-2025T11:07:02 - [MESSAGE][PASSED] - Browser is closed]]></system-out>
         <system-err><![CDATA[]]></system-err>
      </testcase>
      <testcase name="Test Cases/Sign Up New UserPage/C682_C683_C684_C685_C686_C687_C688_C689_SignUpNewUserPage_CreateNewAccount" time="236.517" classname="Test Cases/Sign Up New UserPage/C682_C683_C684_C685_C686_C687_C688_C689_SignUpNewUserPage_CreateNewAccount" status="FAILED">
         <failure type="FAILED" message="Test Cases/Sign Up New UserPage/C682_C683_C684_C685_C686_C687_C688_C689_SignUpNewUserPage_CreateNewAccount FAILED.&#xa;Reason:&#xa;com.kms.katalon.core.exception.StepFailedException: Failed to set text into element&#xa;	at com.kms.katalon.core.mobile.keyword.internal.MobileKeywordMain.stepFailed(MobileKeywordMain.groovy:64)&#xa;	at com.kms.katalon.core.mobile.keyword.internal.MobileKeywordMain.runKeyword(MobileKeywordMain.groovy:34)&#xa;	at com.kms.katalon.core.mobile.keyword.builtin.SetTextKeyword.setText(SetTextKeyword.groovy:62)&#xa;	at com.kms.katalon.core.mobile.keyword.builtin.SetTextKeyword.execute(SetTextKeyword.groovy:42)&#xa;	at com.kms.katalon.core.keyword.internal.KeywordExecutor.executeKeywordForPlatform(KeywordExecutor.groovy:74)&#xa;	at com.kms.katalon.core.mobile.keyword.MobileBuiltInKeywords.setText(MobileBuiltInKeywords.groovy:1278)&#xa;	at C682_C683_C684_C685_C686_C687_C688_C689_SignUpNewUserPage_CreateNewAccount.run(C682_C683_C684_C685_C686_C687_C688_C689_SignUpNewUserPage_CreateNewAccount:128)&#xa;	at com.kms.katalon.core.main.ScriptEngine.run(ScriptEngine.java:194)&#xa;	at com.kms.katalon.core.main.ScriptEngine.runScriptAsRawText(ScriptEngine.java:119)&#xa;	at com.kms.katalon.core.main.TestCaseExecutor.runScript(TestCaseExecutor.java:448)&#xa;	at com.kms.katalon.core.main.TestCaseExecutor.doExecute(TestCaseExecutor.java:439)&#xa;	at com.kms.katalon.core.main.TestCaseExecutor.processExecutionPhase(TestCaseExecutor.java:418)&#xa;	at com.kms.katalon.core.main.TestCaseExecutor.accessMainPhase(TestCaseExecutor.java:410)&#xa;	at com.kms.katalon.core.main.TestCaseExecutor.execute(TestCaseExecutor.java:285)&#xa;	at com.kms.katalon.core.common.CommonExecutor.accessTestCaseMainPhase(CommonExecutor.java:71)&#xa;	at com.kms.katalon.core.main.TestSuiteExecutor.accessTestSuiteMainPhase(TestSuiteExecutor.java:160)&#xa;	at com.kms.katalon.core.main.TestSuiteExecutor.execute(TestSuiteExecutor.java:107)&#xa;	at com.kms.katalon.core.main.TestCaseMain.startTestSuite(TestCaseMain.java:180)&#xa;	at TempTestSuite1745903984460.run(TempTestSuite1745903984460.groovy:35)&#xa;	at java.base/jdk.internal.reflect.NativeMethodAccessorImpl.invoke0(Native Method)&#xa;	at java.base/jdk.internal.reflect.NativeMethodAccessorImpl.invoke(NativeMethodAccessorImpl.java:77)&#xa;	at java.base/jdk.internal.reflect.DelegatingMethodAccessorImpl.invoke(DelegatingMethodAccessorImpl.java:43)&#xa;Caused by: com.kms.katalon.core.exception.StepFailedException: Object Object Repository/Repo/SignUpNewUser/android.widget.EditText (10) not found&#xa;	at com.kms.katalon.core.mobile.keyword.internal.MobileKeywordMain.stepFailed(MobileKeywordMain.groovy:64)&#xa;	at com.kms.katalon.core.mobile.keyword.builtin.SetTextKeyword$_setText_closure1.doCall(SetTextKeyword.groovy:52)&#xa;	at com.kms.katalon.core.mobile.keyword.builtin.SetTextKeyword$_setText_closure1.call(SetTextKeyword.groovy)&#xa;	at com.kms.katalon.core.mobile.keyword.internal.MobileKeywordMain.runKeyword(MobileKeywordMain.groovy:30)&#xa;	... 20 more&#xa;"/>
         <system-out><![CDATA[29-04-2025T11:07:02 - [TEST_CASE][FAILED] - Test Cases/Sign Up New UserPage/C682_C683_C684_C685_C686_C687_C688_C689_SignUpNewUserPage_CreateNewAccount: Test Cases/Sign Up New UserPage/C682_C683_C684_C685_C686_C687_C688_C689_SignUpNewUserPage_CreateNewAccount FAILED.
Reason:
com.kms.katalon.core.exception.StepFailedException: Failed to set text into element
	at com.kms.katalon.core.mobile.keyword.internal.MobileKeywordMain.stepFailed(MobileKeywordMain.groovy:64)
	at com.kms.katalon.core.mobile.keyword.internal.MobileKeywordMain.runKeyword(MobileKeywordMain.groovy:34)
	at com.kms.katalon.core.mobile.keyword.builtin.SetTextKeyword.setText(SetTextKeyword.groovy:62)
	at com.kms.katalon.core.mobile.keyword.builtin.SetTextKeyword.execute(SetTextKeyword.groovy:42)
	at com.kms.katalon.core.keyword.internal.KeywordExecutor.executeKeywordForPlatform(KeywordExecutor.groovy:74)
	at com.kms.katalon.core.mobile.keyword.MobileBuiltInKeywords.setText(MobileBuiltInKeywords.groovy:1278)
	at C682_C683_C684_C685_C686_C687_C688_C689_SignUpNewUserPage_CreateNewAccount.run(C682_C683_C684_C685_C686_C687_C688_C689_SignUpNewUserPage_CreateNewAccount:128)
	at com.kms.katalon.core.main.ScriptEngine.run(ScriptEngine.java:194)
	at com.kms.katalon.core.main.ScriptEngine.runScriptAsRawText(ScriptEngine.java:119)
	at com.kms.katalon.core.main.TestCaseExecutor.runScript(TestCaseExecutor.java:448)
	at com.kms.katalon.core.main.TestCaseExecutor.doExecute(TestCaseExecutor.java:439)
	at com.kms.katalon.core.main.TestCaseExecutor.processExecutionPhase(TestCaseExecutor.java:418)
	at com.kms.katalon.core.main.TestCaseExecutor.accessMainPhase(TestCaseExecutor.java:410)
	at com.kms.katalon.core.main.TestCaseExecutor.execute(TestCaseExecutor.java:285)
	at com.kms.katalon.core.common.CommonExecutor.accessTestCaseMainPhase(CommonExecutor.java:71)
	at com.kms.katalon.core.main.TestSuiteExecutor.accessTestSuiteMainPhase(TestSuiteExecutor.java:160)
	at com.kms.katalon.core.main.TestSuiteExecutor.execute(TestSuiteExecutor.java:107)
	at com.kms.katalon.core.main.TestCaseMain.startTestSuite(TestCaseMain.java:180)
	at TempTestSuite1745903984460.run(TempTestSuite1745903984460.groovy:35)
	at java.base/jdk.internal.reflect.NativeMethodAccessorImpl.invoke0(Native Method)
	at java.base/jdk.internal.reflect.NativeMethodAccessorImpl.invoke(NativeMethodAccessorImpl.java:77)
	at java.base/jdk.internal.reflect.DelegatingMethodAccessorImpl.invoke(DelegatingMethodAccessorImpl.java:43)
Caused by: com.kms.katalon.core.exception.StepFailedException: Object Object Repository/Repo/SignUpNewUser/android.widget.EditText (10) not found
	at com.kms.katalon.core.mobile.keyword.internal.MobileKeywordMain.stepFailed(MobileKeywordMain.groovy:64)
	at com.kms.katalon.core.mobile.keyword.builtin.SetTextKeyword$_setText_closure1.doCall(SetTextKeyword.groovy:52)
	at com.kms.katalon.core.mobile.keyword.builtin.SetTextKeyword$_setText_closure1.call(SetTextKeyword.groovy)
	at com.kms.katalon.core.mobile.keyword.internal.MobileKeywordMain.runKeyword(MobileKeywordMain.groovy:30)
	... 20 more


29-04-2025T11:07:02 - [TEST_STEP][PASSED] - startApplication(appUrl, true): Started application: '/Users/gv.vignesh/Downloads/WGR-Android-Automation/App Folder/app-debug-2.99.75.apk'

29-04-2025T11:07:02 - [MESSAGE][INFO] - Starting application: '/Users/gv.vignesh/Downloads/WGR-Android-Automation/App Folder/app-debug-2.99.75.apk'

29-04-2025T11:07:02 - [MESSAGE][INFO] - User set preference: ['uiautomator2ServerInstallTimeout', '0']

29-04-2025T11:07:02 - [MESSAGE][INFO] - User set preference: ['deviceId', '']

29-04-2025T11:07:02 - [MESSAGE][INFO] - Detected NodeJS location: "/opt/homebrew/Cellar/node/23.10.0_1/bin/node"

29-04-2025T11:07:02 - [MESSAGE][INFO] - PATH: /opt/homebrew/Cellar/node/23.10.0_1/bin:/opt/homebrew/bin:/usr/bin:/bin:/usr/sbin:/sbin:/Applications/Katalon Studio Enterprise.app/Contents/Eclipse/jre/Contents/Home/bin:/usr/local/bin/

29-04-2025T11:07:02 - [MESSAGE][INFO] - APPIUM_HOME: /Users/gv.vignesh/.appium

29-04-2025T11:07:02 - [MESSAGE][INFO] - appium outlog: /Users/gv.vignesh/Downloads/WGR-Android-Automation/Reports/20250429_104944/Android Regression/20250429_104944/appium.log

29-04-2025T11:07:02 - [MESSAGE][INFO] - appium errlog: /Users/gv.vignesh/Downloads/WGR-Android-Automation/Reports/20250429_104944/Android Regression/20250429_104944/appium_error.log

29-04-2025T11:07:04 - [MESSAGE][INFO] - Appium server started on port 53,115

29-04-2025T11:07:23 - [MESSAGE][PASSED] - Started application: '/Users/gv.vignesh/Downloads/WGR-Android-Automation/App Folder/app-debug-2.99.75.apk'

29-04-2025T11:07:23 - [TEST_STEP][PASSED] - delay(10): Delayed 10 second(s)

29-04-2025T11:07:33 - [MESSAGE][PASSED] - Delayed 10 second(s)

29-04-2025T11:07:33 - [TEST_STEP][PASSED] - tap(findTestObject("Object Repository/Repo/SignUpNewUser/android.widget.Button - Login or Sign Up"), 0): Tapped on element 'Object Repository/Repo/SignUpNewUser/android.widget.Button - Login or Sign Up'

29-04-2025T11:07:33 - [MESSAGE][WARNING] - Timeout '0' is invalid. Using default page load timeout: '30'

29-04-2025T11:07:34 - [MESSAGE][PASSED] - Tapped on element 'Object Repository/Repo/SignUpNewUser/android.widget.Button - Login or Sign Up'

29-04-2025T11:07:34 - [TEST_STEP][PASSED] - delay(10): Delayed 10 second(s)

29-04-2025T11:07:44 - [MESSAGE][PASSED] - Delayed 10 second(s)

29-04-2025T11:07:44 - [TEST_STEP][PASSED] - setText(findTestObject("Object Repository/Repo/SignUpNewUser/android.widget.EditText"), "Laurine@yopmail.com", 0): Text 'Laurine@yopmail.com' has been set to element 'Object Repository/Repo/SignUpNewUser/android.widget.EditText'

29-04-2025T11:07:44 - [MESSAGE][WARNING] - Timeout '0' is invalid. Using default page load timeout: '30'

29-04-2025T11:07:46 - [MESSAGE][PASSED] - Text 'Laurine@yopmail.com' has been set to element 'Object Repository/Repo/SignUpNewUser/android.widget.EditText'

29-04-2025T11:07:46 - [TEST_STEP][PASSED] - delay(3): Delayed 3 second(s)

29-04-2025T11:07:49 - [MESSAGE][PASSED] - Delayed 3 second(s)

29-04-2025T11:07:49 - [TEST_STEP][PASSED] - hideKeyboard(): Keyboard is hidden

29-04-2025T11:07:52 - [MESSAGE][PASSED] - Keyboard is hidden

29-04-2025T11:07:52 - [TEST_STEP][PASSED] - delay(3): Delayed 3 second(s)

29-04-2025T11:07:55 - [MESSAGE][PASSED] - Delayed 3 second(s)

29-04-2025T11:07:55 - [TEST_STEP][PASSED] - tap(findTestObject("Object Repository/Repo/SignUpNewUser/android.widget.Button - Next"), 0): Tapped on element 'Object Repository/Repo/SignUpNewUser/android.widget.Button - Next'

29-04-2025T11:07:55 - [MESSAGE][WARNING] - Timeout '0' is invalid. Using default page load timeout: '30'

29-04-2025T11:07:55 - [MESSAGE][PASSED] - Tapped on element 'Object Repository/Repo/SignUpNewUser/android.widget.Button - Next'

29-04-2025T11:07:55 - [TEST_STEP][PASSED] - delay(3): Delayed 3 second(s)

29-04-2025T11:07:58 - [MESSAGE][PASSED] - Delayed 3 second(s)

29-04-2025T11:07:58 - [TEST_STEP][PASSED] - setText(findTestObject("Object Repository/Repo/SignUpNewUser/android.widget.EditText (1)"), "Laurine@yopmail.com", 0): Text 'Laurine@yopmail.com' has been set to element 'Object Repository/Repo/SignUpNewUser/android.widget.EditText (1)'

29-04-2025T11:07:59 - [MESSAGE][WARNING] - Timeout '0' is invalid. Using default page load timeout: '30'

29-04-2025T11:07:59 - [MESSAGE][PASSED] - Text 'Laurine@yopmail.com' has been set to element 'Object Repository/Repo/SignUpNewUser/android.widget.EditText (1)'

29-04-2025T11:07:59 - [TEST_STEP][PASSED] - delay(3): Delayed 3 second(s)

29-04-2025T11:08:02 - [MESSAGE][PASSED] - Delayed 3 second(s)

29-04-2025T11:08:02 - [TEST_STEP][PASSED] - hideKeyboard(): Keyboard is hidden

29-04-2025T11:08:04 - [MESSAGE][PASSED] - Keyboard is hidden

29-04-2025T11:08:04 - [TEST_STEP][PASSED] - delay(3): Delayed 3 second(s)

29-04-2025T11:08:07 - [MESSAGE][PASSED] - Delayed 3 second(s)

29-04-2025T11:08:07 - [TEST_STEP][PASSED] - tap(findTestObject("Object Repository/Repo/SignUpNewUser/android.widget.Button - Next (1)"), 0): Tapped on element 'Object Repository/Repo/SignUpNewUser/android.widget.Button - Next (1)'

29-04-2025T11:08:07 - [MESSAGE][WARNING] - Timeout '0' is invalid. Using default page load timeout: '30'

29-04-2025T11:08:08 - [MESSAGE][PASSED] - Tapped on element 'Object Repository/Repo/SignUpNewUser/android.widget.Button - Next (1)'

29-04-2025T11:08:08 - [TEST_STEP][PASSED] - delay(3): Delayed 3 second(s)

29-04-2025T11:08:11 - [MESSAGE][PASSED] - Delayed 3 second(s)

29-04-2025T11:08:11 - [TEST_STEP][PASSED] - setText(findTestObject("Object Repository/Repo/SignUpNewUser/android.widget.EditText (2)"), "steve", 0): Text 'steve' has been set to element 'Object Repository/Repo/SignUpNewUser/android.widget.EditText (2)'

29-04-2025T11:08:11 - [MESSAGE][WARNING] - Timeout '0' is invalid. Using default page load timeout: '30'

29-04-2025T11:08:13 - [MESSAGE][PASSED] - Text 'steve' has been set to element 'Object Repository/Repo/SignUpNewUser/android.widget.EditText (2)'

29-04-2025T11:08:13 - [TEST_STEP][PASSED] - delay(3): Delayed 3 second(s)

29-04-2025T11:08:16 - [MESSAGE][PASSED] - Delayed 3 second(s)

29-04-2025T11:08:16 - [TEST_STEP][PASSED] - hideKeyboard(): Keyboard is hidden

29-04-2025T11:08:18 - [MESSAGE][PASSED] - Keyboard is hidden

29-04-2025T11:08:18 - [TEST_STEP][PASSED] - delay(3): Delayed 3 second(s)

29-04-2025T11:08:21 - [MESSAGE][PASSED] - Delayed 3 second(s)

29-04-2025T11:08:21 - [TEST_STEP][PASSED] - setText(findTestObject("Object Repository/Repo/SignUpNewUser/android.widget.EditText (3)"), "smith", 0): Text 'smith' has been set to element 'Object Repository/Repo/SignUpNewUser/android.widget.EditText (3)'

29-04-2025T11:08:21 - [MESSAGE][WARNING] - Timeout '0' is invalid. Using default page load timeout: '30'

29-04-2025T11:08:22 - [MESSAGE][PASSED] - Text 'smith' has been set to element 'Object Repository/Repo/SignUpNewUser/android.widget.EditText (3)'

29-04-2025T11:08:22 - [TEST_STEP][PASSED] - delay(3): Delayed 3 second(s)

29-04-2025T11:08:25 - [MESSAGE][PASSED] - Delayed 3 second(s)

29-04-2025T11:08:25 - [TEST_STEP][PASSED] - hideKeyboard(): Keyboard is hidden

29-04-2025T11:08:27 - [MESSAGE][PASSED] - Keyboard is hidden

29-04-2025T11:08:27 - [TEST_STEP][PASSED] - delay(3): Delayed 3 second(s)

29-04-2025T11:08:30 - [MESSAGE][PASSED] - Delayed 3 second(s)

29-04-2025T11:08:30 - [TEST_STEP][PASSED] - sendKeys(findTestObject("Object Repository/Repo/SignUpNewUser/android.widget.EditText (5)"), "pass"): Send keys 'pass' on test object 'Object Repository/Repo/SignUpNewUser/android.widget.EditText (5)' successfully.

29-04-2025T11:08:31 - [MESSAGE][PASSED] - Send keys 'pass' on test object 'Object Repository/Repo/SignUpNewUser/android.widget.EditText (5)' successfully.

29-04-2025T11:08:31 - [TEST_STEP][PASSED] - delay(3): Delayed 3 second(s)

29-04-2025T11:08:34 - [MESSAGE][PASSED] - Delayed 3 second(s)

29-04-2025T11:08:34 - [TEST_STEP][PASSED] - tap(findTestObject("Object Repository/Repo/SignUpNewUser/android.widget.TextView - Your password must be between 8 and 20 characters and may not contain spaces"), 0): Tapped on element 'Object Repository/Repo/SignUpNewUser/android.widget.TextView - Your password must be between 8 and 20 characters and may not contain spaces'

29-04-2025T11:08:34 - [MESSAGE][WARNING] - Timeout '0' is invalid. Using default page load timeout: '30'

29-04-2025T11:08:35 - [MESSAGE][PASSED] - Tapped on element 'Object Repository/Repo/SignUpNewUser/android.widget.TextView - Your password must be between 8 and 20 characters and may not contain spaces'

29-04-2025T11:08:35 - [TEST_STEP][PASSED] - delay(3): Delayed 3 second(s)

29-04-2025T11:08:38 - [MESSAGE][PASSED] - Delayed 3 second(s)

29-04-2025T11:08:38 - [TEST_STEP][PASSED] - assert verifyElementExist(findTestObject("Object Repository/Repo/SignUpNewUser/android.widget.TextView -  Password does not meet security requirements"), 0, STOP_ON_FAILURE) : "Password requirements error message not displayed": Element 'Object Repository/Repo/SignUpNewUser/android.widget.TextView -  Password does not meet security requirements' is exist

29-04-2025T11:08:38 - [MESSAGE][WARNING] - Timeout '0' is invalid. Using default page load timeout: '30'

29-04-2025T11:09:04 - [MESSAGE][PASSED] - Element 'Object Repository/Repo/SignUpNewUser/android.widget.TextView -  Password does not meet security requirements' is exist

29-04-2025T11:09:04 - [TEST_STEP][PASSED] - delay(3): Delayed 3 second(s)

29-04-2025T11:09:07 - [MESSAGE][PASSED] - Delayed 3 second(s)

29-04-2025T11:09:07 - [TEST_STEP][PASSED] - tap(findTestObject("Object Repository/Repo/SignUpNewUser/android.widget.Button - back"), 0): Tapped on element 'Object Repository/Repo/SignUpNewUser/android.widget.Button - back'

29-04-2025T11:09:07 - [MESSAGE][WARNING] - Timeout '0' is invalid. Using default page load timeout: '30'

29-04-2025T11:09:08 - [MESSAGE][PASSED] - Tapped on element 'Object Repository/Repo/SignUpNewUser/android.widget.Button - back'

29-04-2025T11:09:08 - [TEST_STEP][PASSED] - delay(3): Delayed 3 second(s)

29-04-2025T11:09:11 - [MESSAGE][PASSED] - Delayed 3 second(s)

29-04-2025T11:09:11 - [TEST_STEP][PASSED] - setText(findTestObject("Object Repository/Repo/SignUpNewUser/android.widget.EditText (1)"), "Laurine@yopmail.com", 0): Text 'Laurine@yopmail.com' has been set to element 'Object Repository/Repo/SignUpNewUser/android.widget.EditText (1)'

29-04-2025T11:09:11 - [MESSAGE][WARNING] - Timeout '0' is invalid. Using default page load timeout: '30'

29-04-2025T11:09:11 - [MESSAGE][PASSED] - Text 'Laurine@yopmail.com' has been set to element 'Object Repository/Repo/SignUpNewUser/android.widget.EditText (1)'

29-04-2025T11:09:11 - [TEST_STEP][PASSED] - delay(3): Delayed 3 second(s)

29-04-2025T11:09:14 - [MESSAGE][PASSED] - Delayed 3 second(s)

29-04-2025T11:09:14 - [TEST_STEP][PASSED] - hideKeyboard(): Keyboard is hidden

29-04-2025T11:09:16 - [MESSAGE][PASSED] - Keyboard is hidden

29-04-2025T11:09:16 - [TEST_STEP][PASSED] - delay(3): Delayed 3 second(s)

29-04-2025T11:09:19 - [MESSAGE][PASSED] - Delayed 3 second(s)

29-04-2025T11:09:19 - [TEST_STEP][PASSED] - tap(findTestObject("Object Repository/Repo/SignUpNewUser/android.widget.Button - Next (1)"), 0): Tapped on element 'Object Repository/Repo/SignUpNewUser/android.widget.Button - Next (1)'

29-04-2025T11:09:19 - [MESSAGE][WARNING] - Timeout '0' is invalid. Using default page load timeout: '30'

29-04-2025T11:09:20 - [MESSAGE][PASSED] - Tapped on element 'Object Repository/Repo/SignUpNewUser/android.widget.Button - Next (1)'

29-04-2025T11:09:20 - [TEST_STEP][PASSED] - delay(3): Delayed 3 second(s)

29-04-2025T11:09:23 - [MESSAGE][PASSED] - Delayed 3 second(s)

29-04-2025T11:09:23 - [TEST_STEP][PASSED] - setText(findTestObject("Object Repository/Repo/SignUpNewUser/android.widget.EditText (6)"), "steve", 0): Text 'steve' has been set to element 'Object Repository/Repo/SignUpNewUser/android.widget.EditText (6)'

29-04-2025T11:09:23 - [MESSAGE][WARNING] - Timeout '0' is invalid. Using default page load timeout: '30'

29-04-2025T11:09:23 - [MESSAGE][PASSED] - Text 'steve' has been set to element 'Object Repository/Repo/SignUpNewUser/android.widget.EditText (6)'

29-04-2025T11:09:23 - [TEST_STEP][PASSED] - delay(3): Delayed 3 second(s)

29-04-2025T11:09:26 - [MESSAGE][PASSED] - Delayed 3 second(s)

29-04-2025T11:09:26 - [TEST_STEP][PASSED] - hideKeyboard(): Keyboard is hidden

29-04-2025T11:09:28 - [MESSAGE][PASSED] - Keyboard is hidden

29-04-2025T11:09:28 - [TEST_STEP][PASSED] - delay(3): Delayed 3 second(s)

29-04-2025T11:09:31 - [MESSAGE][PASSED] - Delayed 3 second(s)

29-04-2025T11:09:31 - [TEST_STEP][PASSED] - setText(findTestObject("Object Repository/Repo/SignUpNewUser/android.widget.EditText (7)"), "smith", 0): Text 'smith' has been set to element 'Object Repository/Repo/SignUpNewUser/android.widget.EditText (7)'

29-04-2025T11:09:31 - [MESSAGE][WARNING] - Timeout '0' is invalid. Using default page load timeout: '30'

29-04-2025T11:09:33 - [MESSAGE][PASSED] - Text 'smith' has been set to element 'Object Repository/Repo/SignUpNewUser/android.widget.EditText (7)'

29-04-2025T11:09:33 - [TEST_STEP][PASSED] - delay(3): Delayed 3 second(s)

29-04-2025T11:09:36 - [MESSAGE][PASSED] - Delayed 3 second(s)

29-04-2025T11:09:36 - [TEST_STEP][PASSED] - hideKeyboard(): Keyboard is hidden

29-04-2025T11:09:38 - [MESSAGE][PASSED] - Keyboard is hidden

29-04-2025T11:09:38 - [TEST_STEP][PASSED] - delay(3): Delayed 3 second(s)

29-04-2025T11:09:41 - [MESSAGE][PASSED] - Delayed 3 second(s)

29-04-2025T11:09:41 - [TEST_STEP][PASSED] - sendKeys(findTestObject("Object Repository/Repo/SignUpNewUser/android.widget.EditText (8)"), "1234567890123456789012"): Send keys '1234567890123456789012' on test object 'Object Repository/Repo/SignUpNewUser/android.widget.EditText (8)' successfully.

29-04-2025T11:09:42 - [MESSAGE][PASSED] - Send keys '1234567890123456789012' on test object 'Object Repository/Repo/SignUpNewUser/android.widget.EditText (8)' successfully.

29-04-2025T11:09:42 - [TEST_STEP][PASSED] - delay(3): Delayed 3 second(s)

29-04-2025T11:09:45 - [MESSAGE][PASSED] - Delayed 3 second(s)

29-04-2025T11:09:45 - [TEST_STEP][PASSED] - tap(findTestObject("Object Repository/Repo/SignUpNewUser/android.widget.TextView - Your password must be between 8 and 20 characters and may not contain spaces"), 0): Tapped on element 'Object Repository/Repo/SignUpNewUser/android.widget.TextView - Your password must be between 8 and 20 characters and may not contain spaces'

29-04-2025T11:09:45 - [MESSAGE][WARNING] - Timeout '0' is invalid. Using default page load timeout: '30'

29-04-2025T11:09:46 - [MESSAGE][PASSED] - Tapped on element 'Object Repository/Repo/SignUpNewUser/android.widget.TextView - Your password must be between 8 and 20 characters and may not contain spaces'

29-04-2025T11:09:46 - [TEST_STEP][PASSED] - delay(3): Delayed 3 second(s)

29-04-2025T11:09:49 - [MESSAGE][PASSED] - Delayed 3 second(s)

29-04-2025T11:09:49 - [TEST_STEP][PASSED] - assert verifyElementExist(findTestObject("Object Repository/Repo/SignUpNewUser/android.widget.TextView -  Password does not meet security requirements"), 0, STOP_ON_FAILURE) : "Password length validation error not displayed": Element 'Object Repository/Repo/SignUpNewUser/android.widget.TextView -  Password does not meet security requirements' is exist

29-04-2025T11:09:49 - [MESSAGE][WARNING] - Timeout '0' is invalid. Using default page load timeout: '30'

29-04-2025T11:10:11 - [MESSAGE][PASSED] - Element 'Object Repository/Repo/SignUpNewUser/android.widget.TextView -  Password does not meet security requirements' is exist

29-04-2025T11:10:11 - [TEST_STEP][PASSED] - delay(3): Delayed 3 second(s)

29-04-2025T11:10:14 - [MESSAGE][PASSED] - Delayed 3 second(s)

29-04-2025T11:10:14 - [TEST_STEP][PASSED] - tap(findTestObject("Object Repository/Repo/SignUpNewUser/android.widget.Button - back"), 0): Tapped on element 'Object Repository/Repo/SignUpNewUser/android.widget.Button - back'

29-04-2025T11:10:14 - [MESSAGE][WARNING] - Timeout '0' is invalid. Using default page load timeout: '30'

29-04-2025T11:10:14 - [MESSAGE][PASSED] - Tapped on element 'Object Repository/Repo/SignUpNewUser/android.widget.Button - back'

29-04-2025T11:10:14 - [TEST_STEP][PASSED] - delay(3): Delayed 3 second(s)

29-04-2025T11:10:17 - [MESSAGE][PASSED] - Delayed 3 second(s)

29-04-2025T11:10:17 - [TEST_STEP][PASSED] - setText(findTestObject("Object Repository/Repo/SignUpNewUser/android.widget.EditText (1)"), "Laurine@yopmail.com", 0): Text 'Laurine@yopmail.com' has been set to element 'Object Repository/Repo/SignUpNewUser/android.widget.EditText (1)'

29-04-2025T11:10:17 - [MESSAGE][WARNING] - Timeout '0' is invalid. Using default page load timeout: '30'

29-04-2025T11:10:19 - [MESSAGE][PASSED] - Text 'Laurine@yopmail.com' has been set to element 'Object Repository/Repo/SignUpNewUser/android.widget.EditText (1)'

29-04-2025T11:10:19 - [TEST_STEP][PASSED] - delay(3): Delayed 3 second(s)

29-04-2025T11:10:22 - [MESSAGE][PASSED] - Delayed 3 second(s)

29-04-2025T11:10:22 - [TEST_STEP][PASSED] - tap(findTestObject("Object Repository/Repo/SignUpNewUser/android.widget.Button - Next (1)"), 0): Tapped on element 'Object Repository/Repo/SignUpNewUser/android.widget.Button - Next (1)'

29-04-2025T11:10:22 - [MESSAGE][WARNING] - Timeout '0' is invalid. Using default page load timeout: '30'

29-04-2025T11:10:22 - [MESSAGE][PASSED] - Tapped on element 'Object Repository/Repo/SignUpNewUser/android.widget.Button - Next (1)'

29-04-2025T11:10:22 - [TEST_STEP][PASSED] - delay(3): Delayed 3 second(s)

29-04-2025T11:10:25 - [MESSAGE][PASSED] - Delayed 3 second(s)

29-04-2025T11:10:25 - [TEST_STEP][FAILED] - setText(findTestObject("Object Repository/Repo/SignUpNewUser/android.widget.EditText (10)"), "AlexanderMaximilianChristopherNathanielJonathanMontgomeryWilliams", 0): Failed to set text into element (Root cause: com.kms.katalon.core.exception.StepFailedException: Failed to set text into element
	at com.kms.katalon.core.mobile.keyword.internal.MobileKeywordMain.stepFailed(MobileKeywordMain.groovy:64)
	at com.kms.katalon.core.mobile.keyword.internal.MobileKeywordMain.runKeyword(MobileKeywordMain.groovy:34)
	at com.kms.katalon.core.mobile.keyword.builtin.SetTextKeyword.setText(SetTextKeyword.groovy:62)
	at com.kms.katalon.core.mobile.keyword.builtin.SetTextKeyword.execute(SetTextKeyword.groovy:42)
	at com.kms.katalon.core.keyword.internal.KeywordExecutor.executeKeywordForPlatform(KeywordExecutor.groovy:74)
	at com.kms.katalon.core.mobile.keyword.MobileBuiltInKeywords.setText(MobileBuiltInKeywords.groovy:1278)
	at C682_C683_C684_C685_C686_C687_C688_C689_SignUpNewUserPage_CreateNewAccount.run(C682_C683_C684_C685_C686_C687_C688_C689_SignUpNewUserPage_CreateNewAccount:128)
	at com.kms.katalon.core.main.ScriptEngine.run(ScriptEngine.java:194)
	at com.kms.katalon.core.main.ScriptEngine.runScriptAsRawText(ScriptEngine.java:119)
	at com.kms.katalon.core.main.TestCaseExecutor.runScript(TestCaseExecutor.java:448)
	at com.kms.katalon.core.main.TestCaseExecutor.doExecute(TestCaseExecutor.java:439)
	at com.kms.katalon.core.main.TestCaseExecutor.processExecutionPhase(TestCaseExecutor.java:418)
	at com.kms.katalon.core.main.TestCaseExecutor.accessMainPhase(TestCaseExecutor.java:410)
	at com.kms.katalon.core.main.TestCaseExecutor.execute(TestCaseExecutor.java:285)
	at com.kms.katalon.core.common.CommonExecutor.accessTestCaseMainPhase(CommonExecutor.java:71)
	at com.kms.katalon.core.main.TestSuiteExecutor.accessTestSuiteMainPhase(TestSuiteExecutor.java:160)
	at com.kms.katalon.core.main.TestSuiteExecutor.execute(TestSuiteExecutor.java:107)
	at com.kms.katalon.core.main.TestCaseMain.startTestSuite(TestCaseMain.java:180)
	at TempTestSuite1745903984460.run(TempTestSuite1745903984460.groovy:35)
	at java.base/jdk.internal.reflect.NativeMethodAccessorImpl.invoke0(Native Method)
	at java.base/jdk.internal.reflect.NativeMethodAccessorImpl.invoke(NativeMethodAccessorImpl.java:77)
	at java.base/jdk.internal.reflect.DelegatingMethodAccessorImpl.invoke(DelegatingMethodAccessorImpl.java:43)
Caused by: com.kms.katalon.core.exception.StepFailedException: Object Object Repository/Repo/SignUpNewUser/android.widget.EditText (10) not found
	at com.kms.katalon.core.mobile.keyword.internal.MobileKeywordMain.stepFailed(MobileKeywordMain.groovy:64)
	at com.kms.katalon.core.mobile.keyword.builtin.SetTextKeyword$_setText_closure1.doCall(SetTextKeyword.groovy:52)
	at com.kms.katalon.core.mobile.keyword.builtin.SetTextKeyword$_setText_closure1.call(SetTextKeyword.groovy)
	at com.kms.katalon.core.mobile.keyword.internal.MobileKeywordMain.runKeyword(MobileKeywordMain.groovy:30)
	... 20 more
)

29-04-2025T11:10:26 - [MESSAGE][WARNING] - Timeout '0' is invalid. Using default page load timeout: '30'

29-04-2025T11:10:58 - [MESSAGE][FAILED] - Object Object Repository/Repo/SignUpNewUser/android.widget.EditText (10) not found (Root cause: com.kms.katalon.core.exception.StepFailedException: Object Object Repository/Repo/SignUpNewUser/android.widget.EditText (10) not found
	at com.kms.katalon.core.mobile.keyword.internal.MobileKeywordMain.stepFailed(MobileKeywordMain.groovy:64)
	at com.kms.katalon.core.mobile.keyword.builtin.SetTextKeyword$_setText_closure1.doCall(SetTextKeyword.groovy:52)
	at com.kms.katalon.core.mobile.keyword.builtin.SetTextKeyword$_setText_closure1.call(SetTextKeyword.groovy)
	at com.kms.katalon.core.mobile.keyword.internal.MobileKeywordMain.runKeyword(MobileKeywordMain.groovy:30)
	at com.kms.katalon.core.mobile.keyword.builtin.SetTextKeyword.setText(SetTextKeyword.groovy:62)
	at com.kms.katalon.core.mobile.keyword.builtin.SetTextKeyword.execute(SetTextKeyword.groovy:42)
	at com.kms.katalon.core.keyword.internal.KeywordExecutor.executeKeywordForPlatform(KeywordExecutor.groovy:74)
	at com.kms.katalon.core.mobile.keyword.MobileBuiltInKeywords.setText(MobileBuiltInKeywords.groovy:1278)
	at C682_C683_C684_C685_C686_C687_C688_C689_SignUpNewUserPage_CreateNewAccount.run(C682_C683_C684_C685_C686_C687_C688_C689_SignUpNewUserPage_CreateNewAccount:128)
	at com.kms.katalon.core.main.ScriptEngine.run(ScriptEngine.java:194)
	at com.kms.katalon.core.main.ScriptEngine.runScriptAsRawText(ScriptEngine.java:119)
	at com.kms.katalon.core.main.TestCaseExecutor.runScript(TestCaseExecutor.java:448)
	at com.kms.katalon.core.main.TestCaseExecutor.doExecute(TestCaseExecutor.java:439)
	at com.kms.katalon.core.main.TestCaseExecutor.processExecutionPhase(TestCaseExecutor.java:418)
	at com.kms.katalon.core.main.TestCaseExecutor.accessMainPhase(TestCaseExecutor.java:410)
	at com.kms.katalon.core.main.TestCaseExecutor.execute(TestCaseExecutor.java:285)
	at com.kms.katalon.core.common.CommonExecutor.accessTestCaseMainPhase(CommonExecutor.java:71)
	at com.kms.katalon.core.main.TestSuiteExecutor.accessTestSuiteMainPhase(TestSuiteExecutor.java:160)
	at com.kms.katalon.core.main.TestSuiteExecutor.execute(TestSuiteExecutor.java:107)
	at com.kms.katalon.core.main.TestCaseMain.startTestSuite(TestCaseMain.java:180)
	at TempTestSuite1745903984460.run(TempTestSuite1745903984460.groovy:35)
	at java.base/jdk.internal.reflect.NativeMethodAccessorImpl.invoke0(Native Method)
	at java.base/jdk.internal.reflect.NativeMethodAccessorImpl.invoke(NativeMethodAccessorImpl.java:77)
	at java.base/jdk.internal.reflect.DelegatingMethodAccessorImpl.invoke(DelegatingMethodAccessorImpl.java:43)
)
[[ATTACHMENT|/Users/gv.vignesh/Downloads/WGR-Android-Automation/Reports/20250429_104944/Android Regression/20250429_104944/1745905257066.png]]

29-04-2025T11:10:59 - [MESSAGE][FAILED] - Failed to set text into element (Root cause: com.kms.katalon.core.exception.StepFailedException: Failed to set text into element
	at com.kms.katalon.core.mobile.keyword.internal.MobileKeywordMain.stepFailed(MobileKeywordMain.groovy:64)
	at com.kms.katalon.core.mobile.keyword.internal.MobileKeywordMain.runKeyword(MobileKeywordMain.groovy:34)
	at com.kms.katalon.core.mobile.keyword.builtin.SetTextKeyword.setText(SetTextKeyword.groovy:62)
	at com.kms.katalon.core.mobile.keyword.builtin.SetTextKeyword.execute(SetTextKeyword.groovy:42)
	at com.kms.katalon.core.keyword.internal.KeywordExecutor.executeKeywordForPlatform(KeywordExecutor.groovy:74)
	at com.kms.katalon.core.mobile.keyword.MobileBuiltInKeywords.setText(MobileBuiltInKeywords.groovy:1278)
	at C682_C683_C684_C685_C686_C687_C688_C689_SignUpNewUserPage_CreateNewAccount.run(C682_C683_C684_C685_C686_C687_C688_C689_SignUpNewUserPage_CreateNewAccount:128)
	at com.kms.katalon.core.main.ScriptEngine.run(ScriptEngine.java:194)
	at com.kms.katalon.core.main.ScriptEngine.runScriptAsRawText(ScriptEngine.java:119)
	at com.kms.katalon.core.main.TestCaseExecutor.runScript(TestCaseExecutor.java:448)
	at com.kms.katalon.core.main.TestCaseExecutor.doExecute(TestCaseExecutor.java:439)
	at com.kms.katalon.core.main.TestCaseExecutor.processExecutionPhase(TestCaseExecutor.java:418)
	at com.kms.katalon.core.main.TestCaseExecutor.accessMainPhase(TestCaseExecutor.java:410)
	at com.kms.katalon.core.main.TestCaseExecutor.execute(TestCaseExecutor.java:285)
	at com.kms.katalon.core.common.CommonExecutor.accessTestCaseMainPhase(CommonExecutor.java:71)
	at com.kms.katalon.core.main.TestSuiteExecutor.accessTestSuiteMainPhase(TestSuiteExecutor.java:160)
	at com.kms.katalon.core.main.TestSuiteExecutor.execute(TestSuiteExecutor.java:107)
	at com.kms.katalon.core.main.TestCaseMain.startTestSuite(TestCaseMain.java:180)
	at TempTestSuite1745903984460.run(TempTestSuite1745903984460.groovy:35)
	at java.base/jdk.internal.reflect.NativeMethodAccessorImpl.invoke0(Native Method)
	at java.base/jdk.internal.reflect.NativeMethodAccessorImpl.invoke(NativeMethodAccessorImpl.java:77)
	at java.base/jdk.internal.reflect.DelegatingMethodAccessorImpl.invoke(DelegatingMethodAccessorImpl.java:43)
Caused by: com.kms.katalon.core.exception.StepFailedException: Object Object Repository/Repo/SignUpNewUser/android.widget.EditText (10) not found
	at com.kms.katalon.core.mobile.keyword.internal.MobileKeywordMain.stepFailed(MobileKeywordMain.groovy:64)
	at com.kms.katalon.core.mobile.keyword.builtin.SetTextKeyword$_setText_closure1.doCall(SetTextKeyword.groovy:52)
	at com.kms.katalon.core.mobile.keyword.builtin.SetTextKeyword$_setText_closure1.call(SetTextKeyword.groovy)
	at com.kms.katalon.core.mobile.keyword.internal.MobileKeywordMain.runKeyword(MobileKeywordMain.groovy:30)
	... 20 more
)
[[ATTACHMENT|/Users/gv.vignesh/Downloads/WGR-Android-Automation/Reports/20250429_104944/Android Regression/20250429_104944/1745905258325.png]]]]></system-out>
         <system-err><![CDATA[29-04-2025T11:07:02 - [TEST_CASE][FAILED] - Test Cases/Sign Up New UserPage/C682_C683_C684_C685_C686_C687_C688_C689_SignUpNewUserPage_CreateNewAccount: Test Cases/Sign Up New UserPage/C682_C683_C684_C685_C686_C687_C688_C689_SignUpNewUserPage_CreateNewAccount FAILED.
Reason:
com.kms.katalon.core.exception.StepFailedException: Failed to set text into element
	at com.kms.katalon.core.mobile.keyword.internal.MobileKeywordMain.stepFailed(MobileKeywordMain.groovy:64)
	at com.kms.katalon.core.mobile.keyword.internal.MobileKeywordMain.runKeyword(MobileKeywordMain.groovy:34)
	at com.kms.katalon.core.mobile.keyword.builtin.SetTextKeyword.setText(SetTextKeyword.groovy:62)
	at com.kms.katalon.core.mobile.keyword.builtin.SetTextKeyword.execute(SetTextKeyword.groovy:42)
	at com.kms.katalon.core.keyword.internal.KeywordExecutor.executeKeywordForPlatform(KeywordExecutor.groovy:74)
	at com.kms.katalon.core.mobile.keyword.MobileBuiltInKeywords.setText(MobileBuiltInKeywords.groovy:1278)
	at C682_C683_C684_C685_C686_C687_C688_C689_SignUpNewUserPage_CreateNewAccount.run(C682_C683_C684_C685_C686_C687_C688_C689_SignUpNewUserPage_CreateNewAccount:128)
	at com.kms.katalon.core.main.ScriptEngine.run(ScriptEngine.java:194)
	at com.kms.katalon.core.main.ScriptEngine.runScriptAsRawText(ScriptEngine.java:119)
	at com.kms.katalon.core.main.TestCaseExecutor.runScript(TestCaseExecutor.java:448)
	at com.kms.katalon.core.main.TestCaseExecutor.doExecute(TestCaseExecutor.java:439)
	at com.kms.katalon.core.main.TestCaseExecutor.processExecutionPhase(TestCaseExecutor.java:418)
	at com.kms.katalon.core.main.TestCaseExecutor.accessMainPhase(TestCaseExecutor.java:410)
	at com.kms.katalon.core.main.TestCaseExecutor.execute(TestCaseExecutor.java:285)
	at com.kms.katalon.core.common.CommonExecutor.accessTestCaseMainPhase(CommonExecutor.java:71)
	at com.kms.katalon.core.main.TestSuiteExecutor.accessTestSuiteMainPhase(TestSuiteExecutor.java:160)
	at com.kms.katalon.core.main.TestSuiteExecutor.execute(TestSuiteExecutor.java:107)
	at com.kms.katalon.core.main.TestCaseMain.startTestSuite(TestCaseMain.java:180)
	at TempTestSuite1745903984460.run(TempTestSuite1745903984460.groovy:35)
	at java.base/jdk.internal.reflect.NativeMethodAccessorImpl.invoke0(Native Method)
	at java.base/jdk.internal.reflect.NativeMethodAccessorImpl.invoke(NativeMethodAccessorImpl.java:77)
	at java.base/jdk.internal.reflect.DelegatingMethodAccessorImpl.invoke(DelegatingMethodAccessorImpl.java:43)
Caused by: com.kms.katalon.core.exception.StepFailedException: Object Object Repository/Repo/SignUpNewUser/android.widget.EditText (10) not found
	at com.kms.katalon.core.mobile.keyword.internal.MobileKeywordMain.stepFailed(MobileKeywordMain.groovy:64)
	at com.kms.katalon.core.mobile.keyword.builtin.SetTextKeyword$_setText_closure1.doCall(SetTextKeyword.groovy:52)
	at com.kms.katalon.core.mobile.keyword.builtin.SetTextKeyword$_setText_closure1.call(SetTextKeyword.groovy)
	at com.kms.katalon.core.mobile.keyword.internal.MobileKeywordMain.runKeyword(MobileKeywordMain.groovy:30)
	... 20 more]]></system-err>
      </testcase>
      <testcase name="Test Cases/Sign Up New UserPage/C696_C698_SignUpNewUserPage_ConfirmationEmail_OutdatedEmail" time="286.604" classname="Test Cases/Sign Up New UserPage/C696_C698_SignUpNewUserPage_ConfirmationEmail_OutdatedEmail" status="PASSED">
         <system-out><![CDATA[29-04-2025T11:10:59 - [TEST_CASE][PASSED] - Test Cases/Sign Up New UserPage/C696_C698_SignUpNewUserPage_ConfirmationEmail_OutdatedEmail: Test Cases/Sign Up New UserPage/C696_C698_SignUpNewUserPage_ConfirmationEmail_OutdatedEmail

29-04-2025T11:10:59 - [TEST_STEP][PASSED] - testData = findTestData("Data Files/LogiNewUser"): null

29-04-2025T11:10:59 - [TEST_STEP][PASSED] - email = testData.getValue("email", 2): null

29-04-2025T11:10:59 - [TEST_STEP][PASSED] - firstName = testData.getValue("firstname", 2): null

29-04-2025T11:10:59 - [TEST_STEP][PASSED] - lastName = testData.getValue("lastname", 2): null

29-04-2025T11:10:59 - [TEST_STEP][PASSED] - password = testData.getValue("password", 2): null

29-04-2025T11:10:59 - [TEST_STEP][PASSED] - confirmPassword = testData.getValue("confirm password", 2): null

29-04-2025T11:10:59 - [TEST_STEP][PASSED] - startApplication(appUrl, true): Started application: '/Users/gv.vignesh/Downloads/WGR-Android-Automation/App Folder/app-debug-2.99.75.apk'

29-04-2025T11:10:59 - [MESSAGE][INFO] - Starting application: '/Users/gv.vignesh/Downloads/WGR-Android-Automation/App Folder/app-debug-2.99.75.apk'

29-04-2025T11:10:59 - [MESSAGE][INFO] - User set preference: ['uiautomator2ServerInstallTimeout', '0']

29-04-2025T11:10:59 - [MESSAGE][INFO] - User set preference: ['deviceId', '']

29-04-2025T11:11:18 - [MESSAGE][PASSED] - Started application: '/Users/gv.vignesh/Downloads/WGR-Android-Automation/App Folder/app-debug-2.99.75.apk'

29-04-2025T11:11:18 - [TEST_STEP][PASSED] - delay(10): Delayed 10 second(s)

29-04-2025T11:11:28 - [MESSAGE][PASSED] - Delayed 10 second(s)

29-04-2025T11:11:28 - [TEST_STEP][PASSED] - tap(findTestObject("Object Repository/Repo/android.widget.Button - Login or Sign Up"), 0): Tapped on element 'Object Repository/Repo/android.widget.Button - Login or Sign Up'

29-04-2025T11:11:28 - [MESSAGE][WARNING] - Timeout '0' is invalid. Using default page load timeout: '30'

29-04-2025T11:11:29 - [MESSAGE][PASSED] - Tapped on element 'Object Repository/Repo/android.widget.Button - Login or Sign Up'

29-04-2025T11:11:29 - [TEST_STEP][PASSED] - delay(10): Delayed 10 second(s)

29-04-2025T11:11:39 - [MESSAGE][PASSED] - Delayed 10 second(s)

29-04-2025T11:11:39 - [TEST_STEP][PASSED] - setText(findTestObject("Object Repository/Repo/android.widget.EditText-LoginorSignUp"), email, 0): Text 'marsh@yopmail.com' has been set to element 'Object Repository/Repo/android.widget.EditText-LoginorSignUp'

29-04-2025T11:11:39 - [MESSAGE][WARNING] - Timeout '0' is invalid. Using default page load timeout: '30'

29-04-2025T11:11:40 - [MESSAGE][PASSED] - Text 'marsh@yopmail.com' has been set to element 'Object Repository/Repo/android.widget.EditText-LoginorSignUp'

29-04-2025T11:11:40 - [TEST_STEP][PASSED] - hideKeyboard(): Keyboard is hidden

29-04-2025T11:11:42 - [MESSAGE][PASSED] - Keyboard is hidden

29-04-2025T11:11:42 - [TEST_STEP][PASSED] - delay(10): Delayed 10 second(s)

29-04-2025T11:11:52 - [MESSAGE][PASSED] - Delayed 10 second(s)

29-04-2025T11:11:52 - [TEST_STEP][PASSED] - tap(findTestObject("Object Repository/Repo/android.widget.Button - Next"), 0): Tapped on element 'Object Repository/Repo/android.widget.Button - Next'

29-04-2025T11:11:52 - [MESSAGE][WARNING] - Timeout '0' is invalid. Using default page load timeout: '30'

29-04-2025T11:11:53 - [MESSAGE][PASSED] - Tapped on element 'Object Repository/Repo/android.widget.Button - Next'

29-04-2025T11:11:53 - [TEST_STEP][PASSED] - delay(10): Delayed 10 second(s)

29-04-2025T11:12:03 - [MESSAGE][PASSED] - Delayed 10 second(s)

29-04-2025T11:12:03 - [TEST_STEP][PASSED] - setText(findTestObject("Object Repository/Repo/android.widget.EditText-confirm email address"), email, 0): Text 'marsh@yopmail.com' has been set to element 'Object Repository/Repo/android.widget.EditText-confirm email address'

29-04-2025T11:12:03 - [MESSAGE][WARNING] - Timeout '0' is invalid. Using default page load timeout: '30'

29-04-2025T11:12:05 - [MESSAGE][PASSED] - Text 'marsh@yopmail.com' has been set to element 'Object Repository/Repo/android.widget.EditText-confirm email address'

29-04-2025T11:12:05 - [TEST_STEP][PASSED] - hideKeyboard(): Keyboard is hidden

29-04-2025T11:12:07 - [MESSAGE][PASSED] - Keyboard is hidden

29-04-2025T11:12:07 - [TEST_STEP][PASSED] - delay(10): Delayed 10 second(s)

29-04-2025T11:12:17 - [MESSAGE][PASSED] - Delayed 10 second(s)

29-04-2025T11:12:17 - [TEST_STEP][PASSED] - tap(findTestObject("Object Repository/Repo/android.widget.Button - Next (1)"), 0): Tapped on element 'Object Repository/Repo/android.widget.Button - Next (1)'

29-04-2025T11:12:17 - [MESSAGE][WARNING] - Timeout '0' is invalid. Using default page load timeout: '30'

29-04-2025T11:12:18 - [MESSAGE][PASSED] - Tapped on element 'Object Repository/Repo/android.widget.Button - Next (1)'

29-04-2025T11:12:18 - [TEST_STEP][PASSED] - delay(20): Delayed 20 second(s)

29-04-2025T11:12:38 - [MESSAGE][PASSED] - Delayed 20 second(s)

29-04-2025T11:12:38 - [TEST_STEP][PASSED] - setText(findTestObject("Object Repository/Repo/android.widget.EditText-FirstName"), firstName, 0): Text 'john' has been set to element 'Object Repository/Repo/android.widget.EditText-FirstName'

29-04-2025T11:12:38 - [MESSAGE][WARNING] - Timeout '0' is invalid. Using default page load timeout: '30'

29-04-2025T11:12:38 - [MESSAGE][PASSED] - Text 'john' has been set to element 'Object Repository/Repo/android.widget.EditText-FirstName'

29-04-2025T11:12:38 - [TEST_STEP][PASSED] - hideKeyboard(): Keyboard is hidden

29-04-2025T11:12:41 - [MESSAGE][PASSED] - Keyboard is hidden

29-04-2025T11:12:41 - [TEST_STEP][PASSED] - delay(10): Delayed 10 second(s)

29-04-2025T11:12:51 - [MESSAGE][PASSED] - Delayed 10 second(s)

29-04-2025T11:12:51 - [TEST_STEP][PASSED] - setText(findTestObject("Object Repository/Repo/android.widget.EditText-LastName"), lastName, 0): Text 'doe' has been set to element 'Object Repository/Repo/android.widget.EditText-LastName'

29-04-2025T11:12:51 - [MESSAGE][WARNING] - Timeout '0' is invalid. Using default page load timeout: '30'

29-04-2025T11:12:52 - [MESSAGE][PASSED] - Text 'doe' has been set to element 'Object Repository/Repo/android.widget.EditText-LastName'

29-04-2025T11:12:52 - [TEST_STEP][PASSED] - hideKeyboard(): Keyboard is hidden

29-04-2025T11:12:54 - [MESSAGE][PASSED] - Keyboard is hidden

29-04-2025T11:12:54 - [TEST_STEP][PASSED] - delay(10): Delayed 10 second(s)

29-04-2025T11:13:04 - [MESSAGE][PASSED] - Delayed 10 second(s)

29-04-2025T11:13:04 - [TEST_STEP][PASSED] - sendKeys(findTestObject("Object Repository/Repo/android.widget.EditText-Password"), password): Send keys 'password' on test object 'Object Repository/Repo/android.widget.EditText-Password' successfully.

29-04-2025T11:13:05 - [MESSAGE][PASSED] - Send keys 'password' on test object 'Object Repository/Repo/android.widget.EditText-Password' successfully.

29-04-2025T11:13:05 - [TEST_STEP][PASSED] - hideKeyboard(): Keyboard is hidden

29-04-2025T11:13:05 - [MESSAGE][PASSED] - Keyboard is hidden

29-04-2025T11:13:05 - [TEST_STEP][PASSED] - delay(10): Delayed 10 second(s)

29-04-2025T11:13:15 - [MESSAGE][PASSED] - Delayed 10 second(s)

29-04-2025T11:13:15 - [TEST_STEP][PASSED] - sendKeys(findTestObject("Object Repository/Repo/android.widget.EditText-Confirm Password"), confirmPassword): Send keys 'password' on test object 'Object Repository/Repo/android.widget.EditText-Confirm Password' successfully.

29-04-2025T11:13:16 - [MESSAGE][PASSED] - Send keys 'password' on test object 'Object Repository/Repo/android.widget.EditText-Confirm Password' successfully.

29-04-2025T11:13:16 - [TEST_STEP][PASSED] - hideKeyboard(): Keyboard is hidden

29-04-2025T11:13:16 - [MESSAGE][PASSED] - Keyboard is hidden

29-04-2025T11:13:16 - [TEST_STEP][PASSED] - delay(10): Delayed 10 second(s)

29-04-2025T11:13:26 - [MESSAGE][PASSED] - Delayed 10 second(s)

29-04-2025T11:13:26 - [TEST_STEP][PASSED] - tap(findTestObject("Object Repository/Repo/android.widget.Button - Next (2)"), 0): Tapped on element 'Object Repository/Repo/android.widget.Button - Next (2)'

29-04-2025T11:13:26 - [MESSAGE][WARNING] - Timeout '0' is invalid. Using default page load timeout: '30'

29-04-2025T11:13:28 - [MESSAGE][PASSED] - Tapped on element 'Object Repository/Repo/android.widget.Button - Next (2)'

29-04-2025T11:13:28 - [TEST_STEP][PASSED] - delay(10): Delayed 10 second(s)

29-04-2025T11:13:38 - [MESSAGE][PASSED] - Delayed 10 second(s)

29-04-2025T11:13:38 - [TEST_STEP][PASSED] - deviceHeight = getDeviceHeight(): Current device physical height is 2460

29-04-2025T11:13:38 - [MESSAGE][PASSED] - Current device physical height is 2460

29-04-2025T11:13:38 - [TEST_STEP][PASSED] - deviceWidth = getDeviceWidth(): Current device physical width is 1080

29-04-2025T11:13:38 - [MESSAGE][PASSED] - Current device physical width is 1080

29-04-2025T11:13:38 - [TEST_STEP][PASSED] - startX = deviceWidth / 2: null

29-04-2025T11:13:38 - [TEST_STEP][PASSED] - startY = deviceHeight * 3 / 4: null

29-04-2025T11:13:38 - [TEST_STEP][PASSED] - endX = startX: null

29-04-2025T11:13:38 - [TEST_STEP][PASSED] - endY = deviceHeight / 4: null

29-04-2025T11:13:38 - [TEST_STEP][PASSED] - for ([i = 0, i < 8, (i++)]): Delayed 1 second(s)

29-04-2025T11:13:38 - [TEST_STEP][PASSED] - swipe(startX, startY, endX, endY): Swiped from 540,1,845 to 540,615

29-04-2025T11:13:40 - [MESSAGE][PASSED] - Swiped from 540,1,845 to 540,615

29-04-2025T11:13:40 - [TEST_STEP][PASSED] - delay(1): Delayed 1 second(s)

29-04-2025T11:13:41 - [MESSAGE][PASSED] - Delayed 1 second(s)

29-04-2025T11:13:41 - [TEST_STEP][PASSED] - swipe(startX, startY, endX, endY): Swiped from 540,1,845 to 540,615

29-04-2025T11:13:42 - [MESSAGE][PASSED] - Swiped from 540,1,845 to 540,615

29-04-2025T11:13:42 - [TEST_STEP][PASSED] - delay(1): Delayed 1 second(s)

29-04-2025T11:13:43 - [MESSAGE][PASSED] - Delayed 1 second(s)

29-04-2025T11:13:43 - [TEST_STEP][PASSED] - swipe(startX, startY, endX, endY): Swiped from 540,1,845 to 540,615

29-04-2025T11:13:44 - [MESSAGE][PASSED] - Swiped from 540,1,845 to 540,615

29-04-2025T11:13:44 - [TEST_STEP][PASSED] - delay(1): Delayed 1 second(s)

29-04-2025T11:13:45 - [MESSAGE][PASSED] - Delayed 1 second(s)

29-04-2025T11:13:45 - [TEST_STEP][PASSED] - swipe(startX, startY, endX, endY): Swiped from 540,1,845 to 540,615

29-04-2025T11:13:46 - [MESSAGE][PASSED] - Swiped from 540,1,845 to 540,615

29-04-2025T11:13:46 - [TEST_STEP][PASSED] - delay(1): Delayed 1 second(s)

29-04-2025T11:13:47 - [MESSAGE][PASSED] - Delayed 1 second(s)

29-04-2025T11:13:47 - [TEST_STEP][PASSED] - swipe(startX, startY, endX, endY): Swiped from 540,1,845 to 540,615

29-04-2025T11:13:48 - [MESSAGE][PASSED] - Swiped from 540,1,845 to 540,615

29-04-2025T11:13:48 - [TEST_STEP][PASSED] - delay(1): Delayed 1 second(s)

29-04-2025T11:13:49 - [MESSAGE][PASSED] - Delayed 1 second(s)

29-04-2025T11:13:49 - [TEST_STEP][PASSED] - swipe(startX, startY, endX, endY): Swiped from 540,1,845 to 540,615

29-04-2025T11:13:50 - [MESSAGE][PASSED] - Swiped from 540,1,845 to 540,615

29-04-2025T11:13:50 - [TEST_STEP][PASSED] - delay(1): Delayed 1 second(s)

29-04-2025T11:13:51 - [MESSAGE][PASSED] - Delayed 1 second(s)

29-04-2025T11:13:51 - [TEST_STEP][PASSED] - swipe(startX, startY, endX, endY): Swiped from 540,1,845 to 540,615

29-04-2025T11:13:52 - [MESSAGE][PASSED] - Swiped from 540,1,845 to 540,615

29-04-2025T11:13:52 - [TEST_STEP][PASSED] - delay(1): Delayed 1 second(s)

29-04-2025T11:13:53 - [MESSAGE][PASSED] - Delayed 1 second(s)

29-04-2025T11:13:53 - [TEST_STEP][PASSED] - swipe(startX, startY, endX, endY): Swiped from 540,1,845 to 540,615

29-04-2025T11:13:54 - [MESSAGE][PASSED] - Swiped from 540,1,845 to 540,615

29-04-2025T11:13:54 - [TEST_STEP][PASSED] - delay(1): Delayed 1 second(s)

29-04-2025T11:13:55 - [MESSAGE][PASSED] - Delayed 1 second(s)

29-04-2025T11:13:55 - [TEST_STEP][PASSED] - try: Scrolling to text 'etc)' successfully

29-04-2025T11:13:55 - [TEST_STEP][PASSED] - scrollToText("etc)"): Scrolling to text 'etc)' successfully

29-04-2025T11:13:56 - [MESSAGE][PASSED] - Scrolling to text 'etc)' successfully

29-04-2025T11:13:56 - [TEST_STEP][PASSED] - delay(5): Delayed 5 second(s)

29-04-2025T11:14:01 - [MESSAGE][PASSED] - Delayed 5 second(s)

29-04-2025T11:14:01 - [TEST_STEP][PASSED] - tap(findTestObject("Object Repository/Repo/android.widget.Button - Agree to Terms  Conditions"), 0): Tapped on element 'Object Repository/Repo/android.widget.Button - Agree to Terms  Conditions'

29-04-2025T11:14:01 - [MESSAGE][WARNING] - Timeout '0' is invalid. Using default page load timeout: '30'

29-04-2025T11:14:02 - [MESSAGE][PASSED] - Tapped on element 'Object Repository/Repo/android.widget.Button - Agree to Terms  Conditions'

29-04-2025T11:14:02 - [TEST_STEP][PASSED] - delay(30): Delayed 30 second(s)

29-04-2025T11:14:32 - [MESSAGE][PASSED] - Delayed 30 second(s)

29-04-2025T11:14:32 - [TEST_STEP][PASSED] - setText(findTestObject("Object Repository/Repo/android.widget.EditText-OAM(Login)"), email, 0): Text 'marsh@yopmail.com' has been set to element 'Object Repository/Repo/android.widget.EditText-OAM(Login)'

29-04-2025T11:14:32 - [MESSAGE][WARNING] - Timeout '0' is invalid. Using default page load timeout: '30'

29-04-2025T11:14:32 - [MESSAGE][PASSED] - Text 'marsh@yopmail.com' has been set to element 'Object Repository/Repo/android.widget.EditText-OAM(Login)'

29-04-2025T11:14:32 - [TEST_STEP][PASSED] - hideKeyboard(): Keyboard is hidden

29-04-2025T11:14:35 - [MESSAGE][PASSED] - Keyboard is hidden

29-04-2025T11:14:35 - [TEST_STEP][PASSED] - delay(10): Delayed 10 second(s)

29-04-2025T11:14:45 - [MESSAGE][PASSED] - Delayed 10 second(s)

29-04-2025T11:14:45 - [TEST_STEP][PASSED] - setText(findTestObject("Object Repository/Repo/android.widget.EditText-OAM(Password)"), password, 0): Text 'password' has been set to element 'Object Repository/Repo/android.widget.EditText-OAM(Password)'

29-04-2025T11:14:45 - [MESSAGE][WARNING] - Timeout '0' is invalid. Using default page load timeout: '30'

29-04-2025T11:14:45 - [MESSAGE][PASSED] - Text 'password' has been set to element 'Object Repository/Repo/android.widget.EditText-OAM(Password)'

29-04-2025T11:14:45 - [TEST_STEP][PASSED] - hideKeyboard(): Keyboard is hidden

29-04-2025T11:14:48 - [MESSAGE][PASSED] - Keyboard is hidden

29-04-2025T11:14:48 - [TEST_STEP][PASSED] - delay(10): Delayed 10 second(s)

29-04-2025T11:14:58 - [MESSAGE][PASSED] - Delayed 10 second(s)

29-04-2025T11:14:58 - [TEST_STEP][PASSED] - tap(findTestObject("Object Repository/Repo/android.widget.Button - LOGIN"), 0): Tapped on element 'Object Repository/Repo/android.widget.Button - LOGIN'

29-04-2025T11:14:58 - [MESSAGE][WARNING] - Timeout '0' is invalid. Using default page load timeout: '30'

29-04-2025T11:14:58 - [MESSAGE][PASSED] - Tapped on element 'Object Repository/Repo/android.widget.Button - LOGIN'

29-04-2025T11:14:58 - [TEST_STEP][PASSED] - delay(20): Delayed 20 second(s)

29-04-2025T11:15:18 - [MESSAGE][PASSED] - Delayed 20 second(s)

29-04-2025T11:15:18 - [TEST_STEP][PASSED] - verifyElementExist(findTestObject("Object Repository/Repo/android.widget.TextView - Resend Confirmation Email"), 0): Element 'Object Repository/Repo/android.widget.TextView - Resend Confirmation Email' is exist

29-04-2025T11:15:18 - [MESSAGE][WARNING] - Timeout '0' is invalid. Using default page load timeout: '30'

29-04-2025T11:15:18 - [MESSAGE][PASSED] - Element 'Object Repository/Repo/android.widget.TextView - Resend Confirmation Email' is exist

29-04-2025T11:15:18 - [TEST_STEP][PASSED] - elementText = TextView - Resend Confirmation Email"), 0).trim(): Text of element 'Object Repository/Repo/android.widget.TextView - Resend Confirmation Email' is: 'Resend Confirmation Email'

29-04-2025T11:15:18 - [MESSAGE][WARNING] - Timeout '0' is invalid. Using default page load timeout: '30'

29-04-2025T11:15:19 - [MESSAGE][PASSED] - Text of element 'Object Repository/Repo/android.widget.TextView - Resend Confirmation Email' is: 'Resend Confirmation Email'

29-04-2025T11:15:19 - [TEST_STEP][PASSED] - println("Text of the element: " + elementText): null

29-04-2025T11:15:19 - [TEST_STEP][PASSED] - expectedText = "Resend Confirmation Email".trim(): null

29-04-2025T11:15:19 - [TEST_STEP][PASSED] - assert elementText.equals(expectedText): null

29-04-2025T11:15:19 - [TEST_STEP][PASSED] - delay(10): Delayed 10 second(s)

29-04-2025T11:15:29 - [MESSAGE][PASSED] - Delayed 10 second(s)

29-04-2025T11:15:29 - [TEST_STEP][PASSED] - tap(findTestObject("Object Repository/Repo/android.widget.TextView - Resend Confirmation Email"), 0): Tapped on element 'Object Repository/Repo/android.widget.TextView - Resend Confirmation Email'

29-04-2025T11:15:29 - [MESSAGE][WARNING] - Timeout '0' is invalid. Using default page load timeout: '30'

29-04-2025T11:15:29 - [MESSAGE][PASSED] - Tapped on element 'Object Repository/Repo/android.widget.TextView - Resend Confirmation Email'

29-04-2025T11:15:29 - [TEST_STEP][PASSED] - verifyElementExist(findTestObject("Object Repository/Repo/android.widget.Button - Next (3)"), 0): Element 'Object Repository/Repo/android.widget.Button - Next (3)' is exist

29-04-2025T11:15:29 - [MESSAGE][WARNING] - Timeout '0' is invalid. Using default page load timeout: '30'

29-04-2025T11:15:30 - [MESSAGE][PASSED] - Element 'Object Repository/Repo/android.widget.Button - Next (3)' is exist

29-04-2025T11:15:30 - [TEST_STEP][PASSED] - delay(5): Delayed 5 second(s)

29-04-2025T11:15:35 - [MESSAGE][PASSED] - Delayed 5 second(s)

29-04-2025T11:15:35 - [TEST_STEP][PASSED] - tap(findTestObject("Object Repository/Repo/android.widget.Button - Next (3)"), 0): Tapped on element 'Object Repository/Repo/android.widget.Button - Next (3)'

29-04-2025T11:15:35 - [MESSAGE][WARNING] - Timeout '0' is invalid. Using default page load timeout: '30'

29-04-2025T11:15:35 - [MESSAGE][PASSED] - Tapped on element 'Object Repository/Repo/android.widget.Button - Next (3)'

29-04-2025T11:15:35 - [TEST_STEP][PASSED] - delay(5): Delayed 5 second(s)

29-04-2025T11:15:40 - [MESSAGE][PASSED] - Delayed 5 second(s)

29-04-2025T11:15:40 - [TEST_STEP][PASSED] - println("All text assertions passed successfully!"): null

29-04-2025T11:15:40 - [TEST_STEP][PASSED] - closeApplication(): Close app successfully

29-04-2025T11:15:45 - [MESSAGE][PASSED] - Close app successfully

29-04-2025T11:15:45 - [TEST_STEP][PASSED] - closeBrowser(): Browser is closed

29-04-2025T11:15:45 - [MESSAGE][PASSED] - Browser is closed]]></system-out>
         <system-err><![CDATA[]]></system-err>
      </testcase>
      <testcase name="Test Cases/Login Owner OR Renter/C661-C720-C721_LoginOwnerOrRenter_Login_AppVersion_Settingsd" time="204.578" classname="Test Cases/Login Owner OR Renter/C661-C720-C721_LoginOwnerOrRenter_Login_AppVersion_Settingsd" status="FAILED">
         <failure type="FAILED" message="Test Cases/Login Owner OR Renter/C661-C720-C721_LoginOwnerOrRenter_Login_AppVersion_Settingsd FAILED.&#xa;Reason:&#xa;com.kms.katalon.core.exception.StepFailedException: Failed to get text from element&#xa;	at com.kms.katalon.core.mobile.keyword.internal.MobileKeywordMain.stepFailed(MobileKeywordMain.groovy:64)&#xa;	at com.kms.katalon.core.mobile.keyword.internal.MobileKeywordMain.runKeyword(MobileKeywordMain.groovy:34)&#xa;	at com.kms.katalon.core.mobile.keyword.builtin.GetTextKeyword.getText(GetTextKeyword.groovy:51)&#xa;	at com.kms.katalon.core.mobile.keyword.builtin.GetTextKeyword.execute(GetTextKeyword.groovy:35)&#xa;	at com.kms.katalon.core.keyword.internal.KeywordExecutor.executeKeywordForPlatform(KeywordExecutor.groovy:74)&#xa;	at com.kms.katalon.core.mobile.keyword.MobileBuiltInKeywords.getText(MobileBuiltInKeywords.groovy:1245)&#xa;	at C661-C720-C721_LoginOwnerOrRenter_Login_AppVersion_Settingsd.run(C661-C720-C721_LoginOwnerOrRenter_Login_AppVersion_Settingsd:122)&#xa;	at com.kms.katalon.core.main.ScriptEngine.run(ScriptEngine.java:194)&#xa;	at com.kms.katalon.core.main.ScriptEngine.runScriptAsRawText(ScriptEngine.java:119)&#xa;	at com.kms.katalon.core.main.TestCaseExecutor.runScript(TestCaseExecutor.java:448)&#xa;	at com.kms.katalon.core.main.TestCaseExecutor.doExecute(TestCaseExecutor.java:439)&#xa;	at com.kms.katalon.core.main.TestCaseExecutor.processExecutionPhase(TestCaseExecutor.java:418)&#xa;	at com.kms.katalon.core.main.TestCaseExecutor.accessMainPhase(TestCaseExecutor.java:410)&#xa;	at com.kms.katalon.core.main.TestCaseExecutor.execute(TestCaseExecutor.java:285)&#xa;	at com.kms.katalon.core.common.CommonExecutor.accessTestCaseMainPhase(CommonExecutor.java:71)&#xa;	at com.kms.katalon.core.main.TestSuiteExecutor.accessTestSuiteMainPhase(TestSuiteExecutor.java:160)&#xa;	at com.kms.katalon.core.main.TestSuiteExecutor.execute(TestSuiteExecutor.java:107)&#xa;	at com.kms.katalon.core.main.TestCaseMain.startTestSuite(TestCaseMain.java:180)&#xa;	at TempTestSuite1745903984460.run(TempTestSuite1745903984460.groovy:35)&#xa;	at java.base/jdk.internal.reflect.NativeMethodAccessorImpl.invoke0(Native Method)&#xa;	at java.base/jdk.internal.reflect.NativeMethodAccessorImpl.invoke(NativeMethodAccessorImpl.java:77)&#xa;	at java.base/jdk.internal.reflect.DelegatingMethodAccessorImpl.invoke(DelegatingMethodAccessorImpl.java:43)&#xa;Caused by: org.openqa.selenium.WebDriverException: An unknown server-side error occurred while processing the command. Original error: Could not proxy command to the remote server. Original error: socket hang up&#xa;Build info: version: '4.22.0', revision: 'c5f3146703'&#xa;System info: os.name: 'Mac OS X', os.arch: 'aarch64', os.version: '15.4.1', java.version: '17.0.14'&#xa;Driver info: io.appium.java_client.android.AndroidDriver&#xa;Command: [fbcbf688-1cb7-4833-9c07-67a45a086d39, findElements {using=xpath, value=//*[@class = 'android.widget.Button' and (@text = 'Version 2.99.68' or . = 'Version 2.99.68')]}]&#xa;Capabilities {appium:app: /Users/gv.vignesh/Downloads..., appium:appActivity: westgate_xamarin.android.Ma..., appium:appPackage: westgate_xamarin.android.debug, appium:autoGrantPermissions: true, appium:automationName: uiautomator2, appium:databaseEnabled: false, appium:desired: {app: /Users/gv.vignesh/Downloads..., autoGrantPermissions: true, automationName: uiautomator2, deviceId: , deviceName: Xiaomi 23076PC4BI (Android 15), fullReset: true, newCommandTimeout: 1800, noReset: false, platformName: ANDROID, platformVersion: 15, systemPort: 54295, udid: a6e538dc5180, uiautomator2ServerInstallTimeout: 0}, appium:deviceApiLevel: 35, appium:deviceId: , appium:deviceManufacturer: Xiaomi, appium:deviceModel: 23076PC4BI, appium:deviceName: a6e538dc5180, appium:deviceScreenDensity: 440, appium:deviceScreenSize: 1080x2460, appium:deviceUDID: a6e538dc5180, appium:fullReset: true, appium:javascriptEnabled: true, appium:locationContextEnabled: false, appium:networkConnectionEnabled: true, appium:newCommandTimeout: 1800, appium:noReset: false, appium:pixelRatio: 2.75, appium:platformVersion: 15, appium:statBarHeight: 104, appium:systemPort: 54295, appium:takesScreenshot: true, appium:udid: a6e538dc5180, appium:uiautomator2ServerInstallTimeout: 0, appium:viewportRect: {height: 2356, left: 0, top: 104, width: 1080}, appium:warnings: {}, appium:webStorageEnabled: false, platformName: ANDROID}&#xa;Session ID: fbcbf688-1cb7-4833-9c07-67a45a086d39&#xa;	at java.base/jdk.internal.reflect.NativeConstructorAccessorImpl.newInstance0(Native Method)&#xa;	at java.base/jdk.internal.reflect.NativeConstructorAccessorImpl.newInstance(NativeConstructorAccessorImpl.java:77)&#xa;	at java.base/jdk.internal.reflect.DelegatingConstructorAccessorImpl.newInstance(DelegatingConstructorAccessorImpl.java:45)&#xa;	at org.openqa.selenium.remote.ErrorCodec.decode(ErrorCodec.java:167)&#xa;	at org.openqa.selenium.remote.codec.w3c.W3CHttpResponseCodec.decode(W3CHttpResponseCodec.java:138)&#xa;	at org.openqa.selenium.remote.codec.w3c.W3CHttpResponseCodec.decode(W3CHttpResponseCodec.java:50)&#xa;	at org.openqa.selenium.remote.HttpCommandExecutor.execute(HttpCommandExecutor.java:190)&#xa;	at io.appium.java_client.remote.AppiumCommandExecutor.execute(AppiumCommandExecutor.java:237)&#xa;	at org.openqa.selenium.remote.RemoteWebDriver.execute(RemoteWebDriver.java:518)&#xa;	at org.openqa.selenium.remote.ElementLocation$ElementFinder$2.findElements(ElementLocation.java:182)&#xa;	at org.openqa.selenium.remote.ElementLocation.findElements(ElementLocation.java:103)&#xa;	at org.openqa.selenium.remote.RemoteWebDriver.findElements(RemoteWebDriver.java:368)&#xa;	at org.openqa.selenium.remote.RemoteWebDriver.findElements(RemoteWebDriver.java:362)&#xa;	at com.kms.katalon.core.mobile.keyword.internal.MobileSearchEngine.findElementsByMobileLocator(MobileSearchEngine.java:652)&#xa;	at com.kms.katalon.core.mobile.keyword.internal.MobileSearchEngine.findWebElement(MobileSearchEngine.java:558)&#xa;	at com.kms.katalon.core.mobile.keyword.internal.MobileSearchEngine$findWebElement.call(Unknown Source)&#xa;	at com.kms.katalon.core.mobile.keyword.internal.MobileAbstractKeyword.findElement(MobileAbstractKeyword.groovy:84)&#xa;	at jdk.internal.reflect.GeneratedMethodAccessor5.invoke(Unknown Source)&#xa;	at java.base/jdk.internal.reflect.DelegatingMethodAccessorImpl.invoke(DelegatingMethodAccessorImpl.java:43)&#xa;	at com.kms.katalon.core.mobile.keyword.builtin.GetTextKeyword$_getText_closure1.doCall(GetTextKeyword.groovy:43)&#xa;	at com.kms.katalon.core.mobile.keyword.builtin.GetTextKeyword$_getText_closure1.call(GetTextKeyword.groovy)&#xa;	at com.kms.katalon.core.mobile.keyword.internal.MobileKeywordMain.runKeyword(MobileKeywordMain.groovy:30)&#xa;	... 20 more&#xa;"/>
         <system-out><![CDATA[29-04-2025T11:15:45 - [TEST_CASE][FAILED] - Test Cases/Login Owner OR Renter/C661-C720-C721_LoginOwnerOrRenter_Login_AppVersion_Settingsd: Test Cases/Login Owner OR Renter/C661-C720-C721_LoginOwnerOrRenter_Login_AppVersion_Settingsd FAILED.
Reason:
com.kms.katalon.core.exception.StepFailedException: Failed to get text from element
	at com.kms.katalon.core.mobile.keyword.internal.MobileKeywordMain.stepFailed(MobileKeywordMain.groovy:64)
	at com.kms.katalon.core.mobile.keyword.internal.MobileKeywordMain.runKeyword(MobileKeywordMain.groovy:34)
	at com.kms.katalon.core.mobile.keyword.builtin.GetTextKeyword.getText(GetTextKeyword.groovy:51)
	at com.kms.katalon.core.mobile.keyword.builtin.GetTextKeyword.execute(GetTextKeyword.groovy:35)
	at com.kms.katalon.core.keyword.internal.KeywordExecutor.executeKeywordForPlatform(KeywordExecutor.groovy:74)
	at com.kms.katalon.core.mobile.keyword.MobileBuiltInKeywords.getText(MobileBuiltInKeywords.groovy:1245)
	at C661-C720-C721_LoginOwnerOrRenter_Login_AppVersion_Settingsd.run(C661-C720-C721_LoginOwnerOrRenter_Login_AppVersion_Settingsd:122)
	at com.kms.katalon.core.main.ScriptEngine.run(ScriptEngine.java:194)
	at com.kms.katalon.core.main.ScriptEngine.runScriptAsRawText(ScriptEngine.java:119)
	at com.kms.katalon.core.main.TestCaseExecutor.runScript(TestCaseExecutor.java:448)
	at com.kms.katalon.core.main.TestCaseExecutor.doExecute(TestCaseExecutor.java:439)
	at com.kms.katalon.core.main.TestCaseExecutor.processExecutionPhase(TestCaseExecutor.java:418)
	at com.kms.katalon.core.main.TestCaseExecutor.accessMainPhase(TestCaseExecutor.java:410)
	at com.kms.katalon.core.main.TestCaseExecutor.execute(TestCaseExecutor.java:285)
	at com.kms.katalon.core.common.CommonExecutor.accessTestCaseMainPhase(CommonExecutor.java:71)
	at com.kms.katalon.core.main.TestSuiteExecutor.accessTestSuiteMainPhase(TestSuiteExecutor.java:160)
	at com.kms.katalon.core.main.TestSuiteExecutor.execute(TestSuiteExecutor.java:107)
	at com.kms.katalon.core.main.TestCaseMain.startTestSuite(TestCaseMain.java:180)
	at TempTestSuite1745903984460.run(TempTestSuite1745903984460.groovy:35)
	at java.base/jdk.internal.reflect.NativeMethodAccessorImpl.invoke0(Native Method)
	at java.base/jdk.internal.reflect.NativeMethodAccessorImpl.invoke(NativeMethodAccessorImpl.java:77)
	at java.base/jdk.internal.reflect.DelegatingMethodAccessorImpl.invoke(DelegatingMethodAccessorImpl.java:43)
Caused by: org.openqa.selenium.WebDriverException: An unknown server-side error occurred while processing the command. Original error: Could not proxy command to the remote server. Original error: socket hang up
Build info: version: '4.22.0', revision: 'c5f3146703'
System info: os.name: 'Mac OS X', os.arch: 'aarch64', os.version: '15.4.1', java.version: '17.0.14'
Driver info: io.appium.java_client.android.AndroidDriver
Command: [fbcbf688-1cb7-4833-9c07-67a45a086d39, findElements {using=xpath, value=//*[@class = 'android.widget.Button' and (@text = 'Version 2.99.68' or . = 'Version 2.99.68')]}]
Capabilities {appium:app: /Users/gv.vignesh/Downloads..., appium:appActivity: westgate_xamarin.android.Ma..., appium:appPackage: westgate_xamarin.android.debug, appium:autoGrantPermissions: true, appium:automationName: uiautomator2, appium:databaseEnabled: false, appium:desired: {app: /Users/gv.vignesh/Downloads..., autoGrantPermissions: true, automationName: uiautomator2, deviceId: , deviceName: Xiaomi 23076PC4BI (Android 15), fullReset: true, newCommandTimeout: 1800, noReset: false, platformName: ANDROID, platformVersion: 15, systemPort: 54295, udid: a6e538dc5180, uiautomator2ServerInstallTimeout: 0}, appium:deviceApiLevel: 35, appium:deviceId: , appium:deviceManufacturer: Xiaomi, appium:deviceModel: 23076PC4BI, appium:deviceName: a6e538dc5180, appium:deviceScreenDensity: 440, appium:deviceScreenSize: 1080x2460, appium:deviceUDID: a6e538dc5180, appium:fullReset: true, appium:javascriptEnabled: true, appium:locationContextEnabled: false, appium:networkConnectionEnabled: true, appium:newCommandTimeout: 1800, appium:noReset: false, appium:pixelRatio: 2.75, appium:platformVersion: 15, appium:statBarHeight: 104, appium:systemPort: 54295, appium:takesScreenshot: true, appium:udid: a6e538dc5180, appium:uiautomator2ServerInstallTimeout: 0, appium:viewportRect: {height: 2356, left: 0, top: 104, width: 1080}, appium:warnings: {}, appium:webStorageEnabled: false, platformName: ANDROID}
Session ID: fbcbf688-1cb7-4833-9c07-67a45a086d39
	at java.base/jdk.internal.reflect.NativeConstructorAccessorImpl.newInstance0(Native Method)
	at java.base/jdk.internal.reflect.NativeConstructorAccessorImpl.newInstance(NativeConstructorAccessorImpl.java:77)
	at java.base/jdk.internal.reflect.DelegatingConstructorAccessorImpl.newInstance(DelegatingConstructorAccessorImpl.java:45)
	at org.openqa.selenium.remote.ErrorCodec.decode(ErrorCodec.java:167)
	at org.openqa.selenium.remote.codec.w3c.W3CHttpResponseCodec.decode(W3CHttpResponseCodec.java:138)
	at org.openqa.selenium.remote.codec.w3c.W3CHttpResponseCodec.decode(W3CHttpResponseCodec.java:50)
	at org.openqa.selenium.remote.HttpCommandExecutor.execute(HttpCommandExecutor.java:190)
	at io.appium.java_client.remote.AppiumCommandExecutor.execute(AppiumCommandExecutor.java:237)
	at org.openqa.selenium.remote.RemoteWebDriver.execute(RemoteWebDriver.java:518)
	at org.openqa.selenium.remote.ElementLocation$ElementFinder$2.findElements(ElementLocation.java:182)
	at org.openqa.selenium.remote.ElementLocation.findElements(ElementLocation.java:103)
	at org.openqa.selenium.remote.RemoteWebDriver.findElements(RemoteWebDriver.java:368)
	at org.openqa.selenium.remote.RemoteWebDriver.findElements(RemoteWebDriver.java:362)
	at com.kms.katalon.core.mobile.keyword.internal.MobileSearchEngine.findElementsByMobileLocator(MobileSearchEngine.java:652)
	at com.kms.katalon.core.mobile.keyword.internal.MobileSearchEngine.findWebElement(MobileSearchEngine.java:558)
	at com.kms.katalon.core.mobile.keyword.internal.MobileSearchEngine$findWebElement.call(Unknown Source)
	at com.kms.katalon.core.mobile.keyword.internal.MobileAbstractKeyword.findElement(MobileAbstractKeyword.groovy:84)
	at jdk.internal.reflect.GeneratedMethodAccessor5.invoke(Unknown Source)
	at java.base/jdk.internal.reflect.DelegatingMethodAccessorImpl.invoke(DelegatingMethodAccessorImpl.java:43)
	at com.kms.katalon.core.mobile.keyword.builtin.GetTextKeyword$_getText_closure1.doCall(GetTextKeyword.groovy:43)
	at com.kms.katalon.core.mobile.keyword.builtin.GetTextKeyword$_getText_closure1.call(GetTextKeyword.groovy)
	at com.kms.katalon.core.mobile.keyword.internal.MobileKeywordMain.runKeyword(MobileKeywordMain.groovy:30)
	... 20 more


29-04-2025T11:15:45 - [TEST_STEP][PASSED] - testData = findTestData("Data Files/LogiNewUser"): null

29-04-2025T11:15:45 - [TEST_STEP][PASSED] - email = testData.getValue("email", 1): null

29-04-2025T11:15:45 - [TEST_STEP][PASSED] - password = testData.getValue("password", 1): null

29-04-2025T11:15:45 - [TEST_STEP][PASSED] - expectedVersion = testData.getValue("version", 1): null

29-04-2025T11:15:45 - [TEST_STEP][PASSED] - startApplication(appUrl, true): Started application: '/Users/gv.vignesh/Downloads/WGR-Android-Automation/App Folder/app-debug-2.99.75.apk'

29-04-2025T11:15:45 - [MESSAGE][INFO] - Starting application: '/Users/gv.vignesh/Downloads/WGR-Android-Automation/App Folder/app-debug-2.99.75.apk'

29-04-2025T11:15:45 - [MESSAGE][INFO] - User set preference: ['uiautomator2ServerInstallTimeout', '0']

29-04-2025T11:15:45 - [MESSAGE][INFO] - User set preference: ['deviceId', '']

29-04-2025T11:15:45 - [MESSAGE][INFO] - Detected NodeJS location: "/opt/homebrew/Cellar/node/23.10.0_1/bin/node"

29-04-2025T11:15:45 - [MESSAGE][INFO] - PATH: /opt/homebrew/Cellar/node/23.10.0_1/bin:/opt/homebrew/bin:/usr/bin:/bin:/usr/sbin:/sbin:/Applications/Katalon Studio Enterprise.app/Contents/Eclipse/jre/Contents/Home/bin:/usr/local/bin/

29-04-2025T11:15:45 - [MESSAGE][INFO] - APPIUM_HOME: /Users/gv.vignesh/.appium

29-04-2025T11:15:45 - [MESSAGE][INFO] - appium outlog: /Users/gv.vignesh/Downloads/WGR-Android-Automation/Reports/20250429_104944/Android Regression/20250429_104944/appium.log

29-04-2025T11:15:45 - [MESSAGE][INFO] - appium errlog: /Users/gv.vignesh/Downloads/WGR-Android-Automation/Reports/20250429_104944/Android Regression/20250429_104944/appium_error.log

29-04-2025T11:15:46 - [MESSAGE][INFO] - Appium server started on port 54,296

29-04-2025T11:16:04 - [MESSAGE][PASSED] - Started application: '/Users/gv.vignesh/Downloads/WGR-Android-Automation/App Folder/app-debug-2.99.75.apk'

29-04-2025T11:16:04 - [TEST_STEP][PASSED] - delay(10): Delayed 10 second(s)

29-04-2025T11:16:14 - [MESSAGE][PASSED] - Delayed 10 second(s)

29-04-2025T11:16:14 - [TEST_STEP][PASSED] - tap(findTestObject("Object Repository/Repo/android.widget.Button - Login or Sign Up"), 0): Tapped on element 'Object Repository/Repo/android.widget.Button - Login or Sign Up'

29-04-2025T11:16:14 - [MESSAGE][WARNING] - Timeout '0' is invalid. Using default page load timeout: '30'

29-04-2025T11:16:14 - [MESSAGE][PASSED] - Tapped on element 'Object Repository/Repo/android.widget.Button - Login or Sign Up'

29-04-2025T11:16:14 - [TEST_STEP][PASSED] - delay(10): Delayed 10 second(s)

29-04-2025T11:16:24 - [MESSAGE][PASSED] - Delayed 10 second(s)

29-04-2025T11:16:24 - [TEST_STEP][PASSED] - setText(findTestObject("Object Repository/Repo/android.widget.EditText-LoginorSignUp"), email, 0): Text '0425201TM@WG.COM' has been set to element 'Object Repository/Repo/android.widget.EditText-LoginorSignUp'

29-04-2025T11:16:24 - [MESSAGE][WARNING] - Timeout '0' is invalid. Using default page load timeout: '30'

29-04-2025T11:16:25 - [MESSAGE][PASSED] - Text '0425201TM@WG.COM' has been set to element 'Object Repository/Repo/android.widget.EditText-LoginorSignUp'

29-04-2025T11:16:25 - [TEST_STEP][PASSED] - hideKeyboard(): Keyboard is hidden

29-04-2025T11:16:28 - [MESSAGE][PASSED] - Keyboard is hidden

29-04-2025T11:16:28 - [TEST_STEP][PASSED] - delay(10): Delayed 10 second(s)

29-04-2025T11:16:38 - [MESSAGE][PASSED] - Delayed 10 second(s)

29-04-2025T11:16:38 - [TEST_STEP][PASSED] - tap(findTestObject("Object Repository/Repo/android.widget.Button - Next"), 0): Tapped on element 'Object Repository/Repo/android.widget.Button - Next'

29-04-2025T11:16:38 - [MESSAGE][WARNING] - Timeout '0' is invalid. Using default page load timeout: '30'

29-04-2025T11:16:39 - [MESSAGE][PASSED] - Tapped on element 'Object Repository/Repo/android.widget.Button - Next'

29-04-2025T11:16:39 - [TEST_STEP][PASSED] - delay(45): Delayed 45 second(s)

29-04-2025T11:17:24 - [MESSAGE][PASSED] - Delayed 45 second(s)

29-04-2025T11:17:24 - [TEST_STEP][PASSED] - setText(findTestObject("Object Repository/Repo/android.widget.EditText-OAM(Login)"), email, 0): Text '0425201TM@WG.COM' has been set to element 'Object Repository/Repo/android.widget.EditText-OAM(Login)'

29-04-2025T11:17:24 - [MESSAGE][WARNING] - Timeout '0' is invalid. Using default page load timeout: '30'

29-04-2025T11:17:24 - [MESSAGE][PASSED] - Text '0425201TM@WG.COM' has been set to element 'Object Repository/Repo/android.widget.EditText-OAM(Login)'

29-04-2025T11:17:24 - [TEST_STEP][PASSED] - hideKeyboard(): Keyboard is hidden

29-04-2025T11:17:27 - [MESSAGE][PASSED] - Keyboard is hidden

29-04-2025T11:17:27 - [TEST_STEP][PASSED] - delay(10): Delayed 10 second(s)

29-04-2025T11:17:37 - [MESSAGE][PASSED] - Delayed 10 second(s)

29-04-2025T11:17:37 - [TEST_STEP][PASSED] - setText(findTestObject("Object Repository/Repo/android.widget.EditText-OAM(Password)"), password, 0): Text 'password' has been set to element 'Object Repository/Repo/android.widget.EditText-OAM(Password)'

29-04-2025T11:17:37 - [MESSAGE][WARNING] - Timeout '0' is invalid. Using default page load timeout: '30'

29-04-2025T11:17:39 - [MESSAGE][PASSED] - Text 'password' has been set to element 'Object Repository/Repo/android.widget.EditText-OAM(Password)'

29-04-2025T11:17:39 - [TEST_STEP][PASSED] - hideKeyboard(): Keyboard is hidden

29-04-2025T11:17:41 - [MESSAGE][PASSED] - Keyboard is hidden

29-04-2025T11:17:41 - [TEST_STEP][PASSED] - delay(10): Delayed 10 second(s)

29-04-2025T11:17:51 - [MESSAGE][PASSED] - Delayed 10 second(s)

29-04-2025T11:17:51 - [TEST_STEP][PASSED] - tap(findTestObject("Object Repository/Repo/android.widget.Button -OAM(Login)"), 0): Tapped on element 'Object Repository/Repo/android.widget.Button -OAM(Login)'

29-04-2025T11:17:51 - [MESSAGE][WARNING] - Timeout '0' is invalid. Using default page load timeout: '30'

29-04-2025T11:17:51 - [MESSAGE][PASSED] - Tapped on element 'Object Repository/Repo/android.widget.Button -OAM(Login)'

29-04-2025T11:17:51 - [TEST_STEP][PASSED] - delay(20): Delayed 20 second(s)

29-04-2025T11:18:11 - [MESSAGE][PASSED] - Delayed 20 second(s)

29-04-2025T11:18:11 - [TEST_STEP][PASSED] - tap(findTestObject("Object Repository/Repo/android.view.View - Home"), 0): Tapped on element 'Object Repository/Repo/android.view.View - Home'

29-04-2025T11:18:11 - [MESSAGE][WARNING] - Timeout '0' is invalid. Using default page load timeout: '30'

29-04-2025T11:18:12 - [MESSAGE][PASSED] - Tapped on element 'Object Repository/Repo/android.view.View - Home'

29-04-2025T11:18:12 - [TEST_STEP][PASSED] - delay(10): Delayed 10 second(s)

29-04-2025T11:18:22 - [MESSAGE][PASSED] - Delayed 10 second(s)

29-04-2025T11:18:22 - [TEST_STEP][PASSED] - tap(findTestObject("Object Repository/Repo/android.widget.Button - menu"), 0): Tapped on element 'Object Repository/Repo/android.widget.Button - menu'

29-04-2025T11:18:22 - [MESSAGE][WARNING] - Timeout '0' is invalid. Using default page load timeout: '30'

29-04-2025T11:18:22 - [MESSAGE][PASSED] - Tapped on element 'Object Repository/Repo/android.widget.Button - menu'

29-04-2025T11:18:22 - [TEST_STEP][PASSED] - delay(10): Delayed 10 second(s)

29-04-2025T11:18:32 - [MESSAGE][PASSED] - Delayed 10 second(s)

29-04-2025T11:18:32 - [TEST_STEP][PASSED] - tap(findTestObject("Object Repository/Repo/android.widget.TabWidget-Settings"), 0): Tapped on element 'Object Repository/Repo/android.widget.TabWidget-Settings'

29-04-2025T11:18:32 - [MESSAGE][WARNING] - Timeout '0' is invalid. Using default page load timeout: '30'

29-04-2025T11:18:33 - [MESSAGE][PASSED] - Tapped on element 'Object Repository/Repo/android.widget.TabWidget-Settings'

29-04-2025T11:18:33 - [TEST_STEP][PASSED] - delay(10): Delayed 10 second(s)

29-04-2025T11:18:43 - [MESSAGE][PASSED] - Delayed 10 second(s)

29-04-2025T11:18:43 - [TEST_STEP][FAILED] - actualVersion = getText(findTestObject("Object Repository/testing/android.widget.Button - Version 2.99.68"), 0): Failed to get text from element (Root cause: com.kms.katalon.core.exception.StepFailedException: Failed to get text from element
	at com.kms.katalon.core.mobile.keyword.internal.MobileKeywordMain.stepFailed(MobileKeywordMain.groovy:64)
	at com.kms.katalon.core.mobile.keyword.internal.MobileKeywordMain.runKeyword(MobileKeywordMain.groovy:34)
	at com.kms.katalon.core.mobile.keyword.builtin.GetTextKeyword.getText(GetTextKeyword.groovy:51)
	at com.kms.katalon.core.mobile.keyword.builtin.GetTextKeyword.execute(GetTextKeyword.groovy:35)
	at com.kms.katalon.core.keyword.internal.KeywordExecutor.executeKeywordForPlatform(KeywordExecutor.groovy:74)
	at com.kms.katalon.core.mobile.keyword.MobileBuiltInKeywords.getText(MobileBuiltInKeywords.groovy:1245)
	at C661-C720-C721_LoginOwnerOrRenter_Login_AppVersion_Settingsd.run(C661-C720-C721_LoginOwnerOrRenter_Login_AppVersion_Settingsd:122)
	at com.kms.katalon.core.main.ScriptEngine.run(ScriptEngine.java:194)
	at com.kms.katalon.core.main.ScriptEngine.runScriptAsRawText(ScriptEngine.java:119)
	at com.kms.katalon.core.main.TestCaseExecutor.runScript(TestCaseExecutor.java:448)
	at com.kms.katalon.core.main.TestCaseExecutor.doExecute(TestCaseExecutor.java:439)
	at com.kms.katalon.core.main.TestCaseExecutor.processExecutionPhase(TestCaseExecutor.java:418)
	at com.kms.katalon.core.main.TestCaseExecutor.accessMainPhase(TestCaseExecutor.java:410)
	at com.kms.katalon.core.main.TestCaseExecutor.execute(TestCaseExecutor.java:285)
	at com.kms.katalon.core.common.CommonExecutor.accessTestCaseMainPhase(CommonExecutor.java:71)
	at com.kms.katalon.core.main.TestSuiteExecutor.accessTestSuiteMainPhase(TestSuiteExecutor.java:160)
	at com.kms.katalon.core.main.TestSuiteExecutor.execute(TestSuiteExecutor.java:107)
	at com.kms.katalon.core.main.TestCaseMain.startTestSuite(TestCaseMain.java:180)
	at TempTestSuite1745903984460.run(TempTestSuite1745903984460.groovy:35)
	at java.base/jdk.internal.reflect.NativeMethodAccessorImpl.invoke0(Native Method)
	at java.base/jdk.internal.reflect.NativeMethodAccessorImpl.invoke(NativeMethodAccessorImpl.java:77)
	at java.base/jdk.internal.reflect.DelegatingMethodAccessorImpl.invoke(DelegatingMethodAccessorImpl.java:43)
Caused by: org.openqa.selenium.WebDriverException: An unknown server-side error occurred while processing the command. Original error: Could not proxy command to the remote server. Original error: socket hang up
Build info: version: '4.22.0', revision: 'c5f3146703'
System info: os.name: 'Mac OS X', os.arch: 'aarch64', os.version: '15.4.1', java.version: '17.0.14'
Driver info: io.appium.java_client.android.AndroidDriver
Command: [fbcbf688-1cb7-4833-9c07-67a45a086d39, findElements {using=xpath, value=//*[@class = 'android.widget.Button' and (@text = 'Version 2.99.68' or . = 'Version 2.99.68')]}]
Capabilities {appium:app: /Users/gv.vignesh/Downloads..., appium:appActivity: westgate_xamarin.android.Ma..., appium:appPackage: westgate_xamarin.android.debug, appium:autoGrantPermissions: true, appium:automationName: uiautomator2, appium:databaseEnabled: false, appium:desired: {app: /Users/gv.vignesh/Downloads..., autoGrantPermissions: true, automationName: uiautomator2, deviceId: , deviceName: Xiaomi 23076PC4BI (Android 15), fullReset: true, newCommandTimeout: 1800, noReset: false, platformName: ANDROID, platformVersion: 15, systemPort: 54295, udid: a6e538dc5180, uiautomator2ServerInstallTimeout: 0}, appium:deviceApiLevel: 35, appium:deviceId: , appium:deviceManufacturer: Xiaomi, appium:deviceModel: 23076PC4BI, appium:deviceName: a6e538dc5180, appium:deviceScreenDensity: 440, appium:deviceScreenSize: 1080x2460, appium:deviceUDID: a6e538dc5180, appium:fullReset: true, appium:javascriptEnabled: true, appium:locationContextEnabled: false, appium:networkConnectionEnabled: true, appium:newCommandTimeout: 1800, appium:noReset: false, appium:pixelRatio: 2.75, appium:platformVersion: 15, appium:statBarHeight: 104, appium:systemPort: 54295, appium:takesScreenshot: true, appium:udid: a6e538dc5180, appium:uiautomator2ServerInstallTimeout: 0, appium:viewportRect: {height: 2356, left: 0, top: 104, width: 1080}, appium:warnings: {}, appium:webStorageEnabled: false, platformName: ANDROID}
Session ID: fbcbf688-1cb7-4833-9c07-67a45a086d39
	at java.base/jdk.internal.reflect.NativeConstructorAccessorImpl.newInstance0(Native Method)
	at java.base/jdk.internal.reflect.NativeConstructorAccessorImpl.newInstance(NativeConstructorAccessorImpl.java:77)
	at java.base/jdk.internal.reflect.DelegatingConstructorAccessorImpl.newInstance(DelegatingConstructorAccessorImpl.java:45)
	at org.openqa.selenium.remote.ErrorCodec.decode(ErrorCodec.java:167)
	at org.openqa.selenium.remote.codec.w3c.W3CHttpResponseCodec.decode(W3CHttpResponseCodec.java:138)
	at org.openqa.selenium.remote.codec.w3c.W3CHttpResponseCodec.decode(W3CHttpResponseCodec.java:50)
	at org.openqa.selenium.remote.HttpCommandExecutor.execute(HttpCommandExecutor.java:190)
	at io.appium.java_client.remote.AppiumCommandExecutor.execute(AppiumCommandExecutor.java:237)
	at org.openqa.selenium.remote.RemoteWebDriver.execute(RemoteWebDriver.java:518)
	at org.openqa.selenium.remote.ElementLocation$ElementFinder$2.findElements(ElementLocation.java:182)
	at org.openqa.selenium.remote.ElementLocation.findElements(ElementLocation.java:103)
	at org.openqa.selenium.remote.RemoteWebDriver.findElements(RemoteWebDriver.java:368)
	at org.openqa.selenium.remote.RemoteWebDriver.findElements(RemoteWebDriver.java:362)
	at com.kms.katalon.core.mobile.keyword.internal.MobileSearchEngine.findElementsByMobileLocator(MobileSearchEngine.java:652)
	at com.kms.katalon.core.mobile.keyword.internal.MobileSearchEngine.findWebElement(MobileSearchEngine.java:558)
	at com.kms.katalon.core.mobile.keyword.internal.MobileSearchEngine$findWebElement.call(Unknown Source)
	at com.kms.katalon.core.mobile.keyword.internal.MobileAbstractKeyword.findElement(MobileAbstractKeyword.groovy:84)
	at jdk.internal.reflect.GeneratedMethodAccessor5.invoke(Unknown Source)
	at java.base/jdk.internal.reflect.DelegatingMethodAccessorImpl.invoke(DelegatingMethodAccessorImpl.java:43)
	at com.kms.katalon.core.mobile.keyword.builtin.GetTextKeyword$_getText_closure1.doCall(GetTextKeyword.groovy:43)
	at com.kms.katalon.core.mobile.keyword.builtin.GetTextKeyword$_getText_closure1.call(GetTextKeyword.groovy)
	at com.kms.katalon.core.mobile.keyword.internal.MobileKeywordMain.runKeyword(MobileKeywordMain.groovy:30)
	at com.kms.katalon.core.mobile.keyword.builtin.GetTextKeyword.getText(GetTextKeyword.groovy:51)
	at com.kms.katalon.core.mobile.keyword.builtin.GetTextKeyword.execute(GetTextKeyword.groovy:35)
	at com.kms.katalon.core.keyword.internal.KeywordExecutor.executeKeywordForPlatform(KeywordExecutor.groovy:74)
	at com.kms.katalon.core.mobile.keyword.MobileBuiltInKeywords.getText(MobileBuiltInKeywords.groovy:1245)
	at Script1745303167497.run(Script1745303167497.groovy:122)
	... 15 more
)

29-04-2025T11:18:43 - [MESSAGE][WARNING] - Timeout '0' is invalid. Using default page load timeout: '30'

29-04-2025T11:19:10 - [MESSAGE][WARNING] - Cannot take screenshot

29-04-2025T11:19:10 - [MESSAGE][FAILED] - Failed to get text from element (Root cause: com.kms.katalon.core.exception.StepFailedException: Failed to get text from element
	at com.kms.katalon.core.mobile.keyword.internal.MobileKeywordMain.stepFailed(MobileKeywordMain.groovy:64)
	at com.kms.katalon.core.mobile.keyword.internal.MobileKeywordMain.runKeyword(MobileKeywordMain.groovy:34)
	at com.kms.katalon.core.mobile.keyword.builtin.GetTextKeyword.getText(GetTextKeyword.groovy:51)
	at com.kms.katalon.core.mobile.keyword.builtin.GetTextKeyword.execute(GetTextKeyword.groovy:35)
	at com.kms.katalon.core.keyword.internal.KeywordExecutor.executeKeywordForPlatform(KeywordExecutor.groovy:74)
	at com.kms.katalon.core.mobile.keyword.MobileBuiltInKeywords.getText(MobileBuiltInKeywords.groovy:1245)
	at C661-C720-C721_LoginOwnerOrRenter_Login_AppVersion_Settingsd.run(C661-C720-C721_LoginOwnerOrRenter_Login_AppVersion_Settingsd:122)
	at com.kms.katalon.core.main.ScriptEngine.run(ScriptEngine.java:194)
	at com.kms.katalon.core.main.ScriptEngine.runScriptAsRawText(ScriptEngine.java:119)
	at com.kms.katalon.core.main.TestCaseExecutor.runScript(TestCaseExecutor.java:448)
	at com.kms.katalon.core.main.TestCaseExecutor.doExecute(TestCaseExecutor.java:439)
	at com.kms.katalon.core.main.TestCaseExecutor.processExecutionPhase(TestCaseExecutor.java:418)
	at com.kms.katalon.core.main.TestCaseExecutor.accessMainPhase(TestCaseExecutor.java:410)
	at com.kms.katalon.core.main.TestCaseExecutor.execute(TestCaseExecutor.java:285)
	at com.kms.katalon.core.common.CommonExecutor.accessTestCaseMainPhase(CommonExecutor.java:71)
	at com.kms.katalon.core.main.TestSuiteExecutor.accessTestSuiteMainPhase(TestSuiteExecutor.java:160)
	at com.kms.katalon.core.main.TestSuiteExecutor.execute(TestSuiteExecutor.java:107)
	at com.kms.katalon.core.main.TestCaseMain.startTestSuite(TestCaseMain.java:180)
	at TempTestSuite1745903984460.run(TempTestSuite1745903984460.groovy:35)
	at java.base/jdk.internal.reflect.NativeMethodAccessorImpl.invoke0(Native Method)
	at java.base/jdk.internal.reflect.NativeMethodAccessorImpl.invoke(NativeMethodAccessorImpl.java:77)
	at java.base/jdk.internal.reflect.DelegatingMethodAccessorImpl.invoke(DelegatingMethodAccessorImpl.java:43)
Caused by: org.openqa.selenium.WebDriverException: An unknown server-side error occurred while processing the command. Original error: Could not proxy command to the remote server. Original error: socket hang up
Build info: version: '4.22.0', revision: 'c5f3146703'
System info: os.name: 'Mac OS X', os.arch: 'aarch64', os.version: '15.4.1', java.version: '17.0.14'
Driver info: io.appium.java_client.android.AndroidDriver
Command: [fbcbf688-1cb7-4833-9c07-67a45a086d39, findElements {using=xpath, value=//*[@class = 'android.widget.Button' and (@text = 'Version 2.99.68' or . = 'Version 2.99.68')]}]
Capabilities {appium:app: /Users/gv.vignesh/Downloads..., appium:appActivity: westgate_xamarin.android.Ma..., appium:appPackage: westgate_xamarin.android.debug, appium:autoGrantPermissions: true, appium:automationName: uiautomator2, appium:databaseEnabled: false, appium:desired: {app: /Users/gv.vignesh/Downloads..., autoGrantPermissions: true, automationName: uiautomator2, deviceId: , deviceName: Xiaomi 23076PC4BI (Android 15), fullReset: true, newCommandTimeout: 1800, noReset: false, platformName: ANDROID, platformVersion: 15, systemPort: 54295, udid: a6e538dc5180, uiautomator2ServerInstallTimeout: 0}, appium:deviceApiLevel: 35, appium:deviceId: , appium:deviceManufacturer: Xiaomi, appium:deviceModel: 23076PC4BI, appium:deviceName: a6e538dc5180, appium:deviceScreenDensity: 440, appium:deviceScreenSize: 1080x2460, appium:deviceUDID: a6e538dc5180, appium:fullReset: true, appium:javascriptEnabled: true, appium:locationContextEnabled: false, appium:networkConnectionEnabled: true, appium:newCommandTimeout: 1800, appium:noReset: false, appium:pixelRatio: 2.75, appium:platformVersion: 15, appium:statBarHeight: 104, appium:systemPort: 54295, appium:takesScreenshot: true, appium:udid: a6e538dc5180, appium:uiautomator2ServerInstallTimeout: 0, appium:viewportRect: {height: 2356, left: 0, top: 104, width: 1080}, appium:warnings: {}, appium:webStorageEnabled: false, platformName: ANDROID}
Session ID: fbcbf688-1cb7-4833-9c07-67a45a086d39
	at java.base/jdk.internal.reflect.NativeConstructorAccessorImpl.newInstance0(Native Method)
	at java.base/jdk.internal.reflect.NativeConstructorAccessorImpl.newInstance(NativeConstructorAccessorImpl.java:77)
	at java.base/jdk.internal.reflect.DelegatingConstructorAccessorImpl.newInstance(DelegatingConstructorAccessorImpl.java:45)
	at org.openqa.selenium.remote.ErrorCodec.decode(ErrorCodec.java:167)
	at org.openqa.selenium.remote.codec.w3c.W3CHttpResponseCodec.decode(W3CHttpResponseCodec.java:138)
	at org.openqa.selenium.remote.codec.w3c.W3CHttpResponseCodec.decode(W3CHttpResponseCodec.java:50)
	at org.openqa.selenium.remote.HttpCommandExecutor.execute(HttpCommandExecutor.java:190)
	at io.appium.java_client.remote.AppiumCommandExecutor.execute(AppiumCommandExecutor.java:237)
	at org.openqa.selenium.remote.RemoteWebDriver.execute(RemoteWebDriver.java:518)
	at org.openqa.selenium.remote.ElementLocation$ElementFinder$2.findElements(ElementLocation.java:182)
	at org.openqa.selenium.remote.ElementLocation.findElements(ElementLocation.java:103)
	at org.openqa.selenium.remote.RemoteWebDriver.findElements(RemoteWebDriver.java:368)
	at org.openqa.selenium.remote.RemoteWebDriver.findElements(RemoteWebDriver.java:362)
	at com.kms.katalon.core.mobile.keyword.internal.MobileSearchEngine.findElementsByMobileLocator(MobileSearchEngine.java:652)
	at com.kms.katalon.core.mobile.keyword.internal.MobileSearchEngine.findWebElement(MobileSearchEngine.java:558)
	at com.kms.katalon.core.mobile.keyword.internal.MobileSearchEngine$findWebElement.call(Unknown Source)
	at com.kms.katalon.core.mobile.keyword.internal.MobileAbstractKeyword.findElement(MobileAbstractKeyword.groovy:84)
	at jdk.internal.reflect.GeneratedMethodAccessor5.invoke(Unknown Source)
	at java.base/jdk.internal.reflect.DelegatingMethodAccessorImpl.invoke(DelegatingMethodAccessorImpl.java:43)
	at com.kms.katalon.core.mobile.keyword.builtin.GetTextKeyword$_getText_closure1.doCall(GetTextKeyword.groovy:43)
	at com.kms.katalon.core.mobile.keyword.builtin.GetTextKeyword$_getText_closure1.call(GetTextKeyword.groovy)
	at com.kms.katalon.core.mobile.keyword.internal.MobileKeywordMain.runKeyword(MobileKeywordMain.groovy:30)
	at com.kms.katalon.core.mobile.keyword.builtin.GetTextKeyword.getText(GetTextKeyword.groovy:51)
	at com.kms.katalon.core.mobile.keyword.builtin.GetTextKeyword.execute(GetTextKeyword.groovy:35)
	at com.kms.katalon.core.keyword.internal.KeywordExecutor.executeKeywordForPlatform(KeywordExecutor.groovy:74)
	at com.kms.katalon.core.mobile.keyword.MobileBuiltInKeywords.getText(MobileBuiltInKeywords.groovy:1245)
	at Script1745303167497.run(Script1745303167497.groovy:122)
	... 15 more
)]]></system-out>
         <system-err><![CDATA[29-04-2025T11:15:45 - [TEST_CASE][FAILED] - Test Cases/Login Owner OR Renter/C661-C720-C721_LoginOwnerOrRenter_Login_AppVersion_Settingsd: Test Cases/Login Owner OR Renter/C661-C720-C721_LoginOwnerOrRenter_Login_AppVersion_Settingsd FAILED.
Reason:
com.kms.katalon.core.exception.StepFailedException: Failed to get text from element
	at com.kms.katalon.core.mobile.keyword.internal.MobileKeywordMain.stepFailed(MobileKeywordMain.groovy:64)
	at com.kms.katalon.core.mobile.keyword.internal.MobileKeywordMain.runKeyword(MobileKeywordMain.groovy:34)
	at com.kms.katalon.core.mobile.keyword.builtin.GetTextKeyword.getText(GetTextKeyword.groovy:51)
	at com.kms.katalon.core.mobile.keyword.builtin.GetTextKeyword.execute(GetTextKeyword.groovy:35)
	at com.kms.katalon.core.keyword.internal.KeywordExecutor.executeKeywordForPlatform(KeywordExecutor.groovy:74)
	at com.kms.katalon.core.mobile.keyword.MobileBuiltInKeywords.getText(MobileBuiltInKeywords.groovy:1245)
	at C661-C720-C721_LoginOwnerOrRenter_Login_AppVersion_Settingsd.run(C661-C720-C721_LoginOwnerOrRenter_Login_AppVersion_Settingsd:122)
	at com.kms.katalon.core.main.ScriptEngine.run(ScriptEngine.java:194)
	at com.kms.katalon.core.main.ScriptEngine.runScriptAsRawText(ScriptEngine.java:119)
	at com.kms.katalon.core.main.TestCaseExecutor.runScript(TestCaseExecutor.java:448)
	at com.kms.katalon.core.main.TestCaseExecutor.doExecute(TestCaseExecutor.java:439)
	at com.kms.katalon.core.main.TestCaseExecutor.processExecutionPhase(TestCaseExecutor.java:418)
	at com.kms.katalon.core.main.TestCaseExecutor.accessMainPhase(TestCaseExecutor.java:410)
	at com.kms.katalon.core.main.TestCaseExecutor.execute(TestCaseExecutor.java:285)
	at com.kms.katalon.core.common.CommonExecutor.accessTestCaseMainPhase(CommonExecutor.java:71)
	at com.kms.katalon.core.main.TestSuiteExecutor.accessTestSuiteMainPhase(TestSuiteExecutor.java:160)
	at com.kms.katalon.core.main.TestSuiteExecutor.execute(TestSuiteExecutor.java:107)
	at com.kms.katalon.core.main.TestCaseMain.startTestSuite(TestCaseMain.java:180)
	at TempTestSuite1745903984460.run(TempTestSuite1745903984460.groovy:35)
	at java.base/jdk.internal.reflect.NativeMethodAccessorImpl.invoke0(Native Method)
	at java.base/jdk.internal.reflect.NativeMethodAccessorImpl.invoke(NativeMethodAccessorImpl.java:77)
	at java.base/jdk.internal.reflect.DelegatingMethodAccessorImpl.invoke(DelegatingMethodAccessorImpl.java:43)
Caused by: org.openqa.selenium.WebDriverException: An unknown server-side error occurred while processing the command. Original error: Could not proxy command to the remote server. Original error: socket hang up
Build info: version: '4.22.0', revision: 'c5f3146703'
System info: os.name: 'Mac OS X', os.arch: 'aarch64', os.version: '15.4.1', java.version: '17.0.14'
Driver info: io.appium.java_client.android.AndroidDriver
Command: [fbcbf688-1cb7-4833-9c07-67a45a086d39, findElements {using=xpath, value=//*[@class = 'android.widget.Button' and (@text = 'Version 2.99.68' or . = 'Version 2.99.68')]}]
Capabilities {appium:app: /Users/gv.vignesh/Downloads..., appium:appActivity: westgate_xamarin.android.Ma..., appium:appPackage: westgate_xamarin.android.debug, appium:autoGrantPermissions: true, appium:automationName: uiautomator2, appium:databaseEnabled: false, appium:desired: {app: /Users/gv.vignesh/Downloads..., autoGrantPermissions: true, automationName: uiautomator2, deviceId: , deviceName: Xiaomi 23076PC4BI (Android 15), fullReset: true, newCommandTimeout: 1800, noReset: false, platformName: ANDROID, platformVersion: 15, systemPort: 54295, udid: a6e538dc5180, uiautomator2ServerInstallTimeout: 0}, appium:deviceApiLevel: 35, appium:deviceId: , appium:deviceManufacturer: Xiaomi, appium:deviceModel: 23076PC4BI, appium:deviceName: a6e538dc5180, appium:deviceScreenDensity: 440, appium:deviceScreenSize: 1080x2460, appium:deviceUDID: a6e538dc5180, appium:fullReset: true, appium:javascriptEnabled: true, appium:locationContextEnabled: false, appium:networkConnectionEnabled: true, appium:newCommandTimeout: 1800, appium:noReset: false, appium:pixelRatio: 2.75, appium:platformVersion: 15, appium:statBarHeight: 104, appium:systemPort: 54295, appium:takesScreenshot: true, appium:udid: a6e538dc5180, appium:uiautomator2ServerInstallTimeout: 0, appium:viewportRect: {height: 2356, left: 0, top: 104, width: 1080}, appium:warnings: {}, appium:webStorageEnabled: false, platformName: ANDROID}
Session ID: fbcbf688-1cb7-4833-9c07-67a45a086d39
	at java.base/jdk.internal.reflect.NativeConstructorAccessorImpl.newInstance0(Native Method)
	at java.base/jdk.internal.reflect.NativeConstructorAccessorImpl.newInstance(NativeConstructorAccessorImpl.java:77)
	at java.base/jdk.internal.reflect.DelegatingConstructorAccessorImpl.newInstance(DelegatingConstructorAccessorImpl.java:45)
	at org.openqa.selenium.remote.ErrorCodec.decode(ErrorCodec.java:167)
	at org.openqa.selenium.remote.codec.w3c.W3CHttpResponseCodec.decode(W3CHttpResponseCodec.java:138)
	at org.openqa.selenium.remote.codec.w3c.W3CHttpResponseCodec.decode(W3CHttpResponseCodec.java:50)
	at org.openqa.selenium.remote.HttpCommandExecutor.execute(HttpCommandExecutor.java:190)
	at io.appium.java_client.remote.AppiumCommandExecutor.execute(AppiumCommandExecutor.java:237)
	at org.openqa.selenium.remote.RemoteWebDriver.execute(RemoteWebDriver.java:518)
	at org.openqa.selenium.remote.ElementLocation$ElementFinder$2.findElements(ElementLocation.java:182)
	at org.openqa.selenium.remote.ElementLocation.findElements(ElementLocation.java:103)
	at org.openqa.selenium.remote.RemoteWebDriver.findElements(RemoteWebDriver.java:368)
	at org.openqa.selenium.remote.RemoteWebDriver.findElements(RemoteWebDriver.java:362)
	at com.kms.katalon.core.mobile.keyword.internal.MobileSearchEngine.findElementsByMobileLocator(MobileSearchEngine.java:652)
	at com.kms.katalon.core.mobile.keyword.internal.MobileSearchEngine.findWebElement(MobileSearchEngine.java:558)
	at com.kms.katalon.core.mobile.keyword.internal.MobileSearchEngine$findWebElement.call(Unknown Source)
	at com.kms.katalon.core.mobile.keyword.internal.MobileAbstractKeyword.findElement(MobileAbstractKeyword.groovy:84)
	at jdk.internal.reflect.GeneratedMethodAccessor5.invoke(Unknown Source)
	at java.base/jdk.internal.reflect.DelegatingMethodAccessorImpl.invoke(DelegatingMethodAccessorImpl.java:43)
	at com.kms.katalon.core.mobile.keyword.builtin.GetTextKeyword$_getText_closure1.doCall(GetTextKeyword.groovy:43)
	at com.kms.katalon.core.mobile.keyword.builtin.GetTextKeyword$_getText_closure1.call(GetTextKeyword.groovy)
	at com.kms.katalon.core.mobile.keyword.internal.MobileKeywordMain.runKeyword(MobileKeywordMain.groovy:30)
	... 20 more]]></system-err>
      </testcase>
      <testcase name="Test Cases/Login Owner OR Renter/C728_LoginOwnerOrRenter_EmailVerificationInSettings" time="92.211" classname="Test Cases/Login Owner OR Renter/C728_LoginOwnerOrRenter_EmailVerificationInSettings" status="PASSED">
         <system-out><![CDATA[29-04-2025T11:19:10 - [TEST_CASE][PASSED] - Test Cases/Login Owner OR Renter/C728_LoginOwnerOrRenter_EmailVerificationInSettings: Test Cases/Login Owner OR Renter/C728_LoginOwnerOrRenter_EmailVerificationInSettings

29-04-2025T11:19:10 - [TEST_STEP][PASSED] - startApplication(appUrl, true): Started application: '/Users/gv.vignesh/Downloads/WGR-Android-Automation/App Folder/app-debug-2.99.75.apk'

29-04-2025T11:19:10 - [MESSAGE][INFO] - Starting application: '/Users/gv.vignesh/Downloads/WGR-Android-Automation/App Folder/app-debug-2.99.75.apk'

29-04-2025T11:19:10 - [MESSAGE][INFO] - User set preference: ['uiautomator2ServerInstallTimeout', '0']

29-04-2025T11:19:10 - [MESSAGE][INFO] - User set preference: ['deviceId', '']

29-04-2025T11:19:30 - [MESSAGE][PASSED] - Started application: '/Users/gv.vignesh/Downloads/WGR-Android-Automation/App Folder/app-debug-2.99.75.apk'

29-04-2025T11:19:30 - [TEST_STEP][PASSED] - delay(15): Delayed 15 second(s)

29-04-2025T11:19:45 - [MESSAGE][PASSED] - Delayed 15 second(s)

29-04-2025T11:19:45 - [TEST_STEP][PASSED] - tap(findTestObject("Object Repository/Repo/android.widget.Button - Login or Sign Up"), 0): Tapped on element 'Object Repository/Repo/android.widget.Button - Login or Sign Up'

29-04-2025T11:19:45 - [MESSAGE][WARNING] - Timeout '0' is invalid. Using default page load timeout: '30'

29-04-2025T11:19:46 - [MESSAGE][PASSED] - Tapped on element 'Object Repository/Repo/android.widget.Button - Login or Sign Up'

29-04-2025T11:19:46 - [TEST_STEP][PASSED] - delay(10): Delayed 10 second(s)

29-04-2025T11:19:56 - [MESSAGE][PASSED] - Delayed 10 second(s)

29-04-2025T11:19:56 - [TEST_STEP][PASSED] - testData = findTestData("Data Files/C728 (1)"): null

29-04-2025T11:19:56 - [TEST_STEP][PASSED] - email = testData.getValue("Email", 1): null

29-04-2025T11:19:56 - [TEST_STEP][PASSED] - sendKeys(findTestObject("Object Repository/Repo/android.widget.EditText-LoginorSignUp"), email): Send keys 'RobinsonCrusoe@yopmail.com' on test object 'Object Repository/Repo/android.widget.EditText-LoginorSignUp' successfully.

29-04-2025T11:19:57 - [MESSAGE][PASSED] - Send keys 'RobinsonCrusoe@yopmail.com' on test object 'Object Repository/Repo/android.widget.EditText-LoginorSignUp' successfully.

29-04-2025T11:19:57 - [TEST_STEP][PASSED] - delay(10): Delayed 10 second(s)

29-04-2025T11:20:07 - [MESSAGE][PASSED] - Delayed 10 second(s)

29-04-2025T11:20:07 - [TEST_STEP][PASSED] - tap(findTestObject("Object Repository/Repo/android.widget.Button - Next"), 0): Tapped on element 'Object Repository/Repo/android.widget.Button - Next'

29-04-2025T11:20:07 - [MESSAGE][WARNING] - Timeout '0' is invalid. Using default page load timeout: '30'

29-04-2025T11:20:07 - [MESSAGE][PASSED] - Tapped on element 'Object Repository/Repo/android.widget.Button - Next'

29-04-2025T11:20:07 - [TEST_STEP][PASSED] - delay(10): Delayed 10 second(s)

29-04-2025T11:20:17 - [MESSAGE][PASSED] - Delayed 10 second(s)

29-04-2025T11:20:17 - [TEST_STEP][PASSED] - tap(findTestObject("Object Repository/Repo/android.widget.Button - reset"), 0): Tapped on element 'Object Repository/Repo/android.widget.Button - reset'

29-04-2025T11:20:17 - [MESSAGE][WARNING] - Timeout '0' is invalid. Using default page load timeout: '30'

29-04-2025T11:20:18 - [MESSAGE][PASSED] - Tapped on element 'Object Repository/Repo/android.widget.Button - reset'

29-04-2025T11:20:18 - [TEST_STEP][PASSED] - hideKeyboard(): Keyboard is hidden

29-04-2025T11:20:21 - [MESSAGE][PASSED] - Keyboard is hidden

29-04-2025T11:20:21 - [TEST_STEP][PASSED] - delay(10): Delayed 10 second(s)

29-04-2025T11:20:31 - [MESSAGE][PASSED] - Delayed 10 second(s)

29-04-2025T11:20:31 - [TEST_STEP][PASSED] - sendKeys(findTestObject("Object Repository/Repo/android.widget.EditText-NewUserEmail"), email): Send keys 'RobinsonCrusoe@yopmail.com' on test object 'Object Repository/Repo/android.widget.EditText-NewUserEmail' successfully.

29-04-2025T11:20:31 - [MESSAGE][PASSED] - Send keys 'RobinsonCrusoe@yopmail.com' on test object 'Object Repository/Repo/android.widget.EditText-NewUserEmail' successfully.

29-04-2025T11:20:31 - [TEST_STEP][PASSED] - enteredEmail = getText(findTestObject("Object Repository/Repo/android.widget.EditText-NewUserEmail"), 0): Text of element 'Object Repository/Repo/android.widget.EditText-NewUserEmail' is: 'RobinsonCrusoe@yopmail.com'

29-04-2025T11:20:31 - [MESSAGE][WARNING] - Timeout '0' is invalid. Using default page load timeout: '30'

29-04-2025T11:20:32 - [MESSAGE][PASSED] - Text of element 'Object Repository/Repo/android.widget.EditText-NewUserEmail' is: 'RobinsonCrusoe@yopmail.com'

29-04-2025T11:20:32 - [TEST_STEP][PASSED] - assert enteredEmail == email: null

29-04-2025T11:20:32 - [TEST_STEP][PASSED] - delay(5): Delayed 5 second(s)

29-04-2025T11:20:37 - [MESSAGE][PASSED] - Delayed 5 second(s)

29-04-2025T11:20:37 - [TEST_STEP][PASSED] - closeApplication(): Close app successfully

29-04-2025T11:20:42 - [MESSAGE][PASSED] - Close app successfully]]></system-out>
         <system-err><![CDATA[]]></system-err>
      </testcase>
      <testcase name="Test Cases/Login Owner OR Renter/C735_C736_LoginOwnerOrRenter_TermsAndConditions_PrivacyPolicy" time="277.64" classname="Test Cases/Login Owner OR Renter/C735_C736_LoginOwnerOrRenter_TermsAndConditions_PrivacyPolicy" status="PASSED">
         <system-out><![CDATA[29-04-2025T11:20:42 - [TEST_CASE][PASSED] - Test Cases/Login Owner OR Renter/C735_C736_LoginOwnerOrRenter_TermsAndConditions_PrivacyPolicy: Test Cases/Login Owner OR Renter/C735_C736_LoginOwnerOrRenter_TermsAndConditions_PrivacyPolicy

29-04-2025T11:20:42 - [TEST_STEP][PASSED] - testData = findTestData("Data Files/LogiNewUser"): null

29-04-2025T11:20:42 - [TEST_STEP][PASSED] - email = testData.getValue("email", 1): null

29-04-2025T11:20:42 - [TEST_STEP][PASSED] - password = testData.getValue("password", 1): null

29-04-2025T11:20:42 - [TEST_STEP][PASSED] - startApplication(appUrl, true): Started application: '/Users/gv.vignesh/Downloads/WGR-Android-Automation/App Folder/app-debug-2.99.75.apk'

29-04-2025T11:20:42 - [MESSAGE][INFO] - Starting application: '/Users/gv.vignesh/Downloads/WGR-Android-Automation/App Folder/app-debug-2.99.75.apk'

29-04-2025T11:20:42 - [MESSAGE][INFO] - User set preference: ['uiautomator2ServerInstallTimeout', '0']

29-04-2025T11:20:42 - [MESSAGE][INFO] - User set preference: ['deviceId', '']

29-04-2025T11:20:42 - [MESSAGE][INFO] - Detected NodeJS location: "/opt/homebrew/Cellar/node/23.10.0_1/bin/node"

29-04-2025T11:20:42 - [MESSAGE][INFO] - PATH: /opt/homebrew/Cellar/node/23.10.0_1/bin:/opt/homebrew/bin:/usr/bin:/bin:/usr/sbin:/sbin:/Applications/Katalon Studio Enterprise.app/Contents/Eclipse/jre/Contents/Home/bin:/usr/local/bin/

29-04-2025T11:20:42 - [MESSAGE][INFO] - APPIUM_HOME: /Users/gv.vignesh/.appium

29-04-2025T11:20:42 - [MESSAGE][INFO] - appium outlog: /Users/gv.vignesh/Downloads/WGR-Android-Automation/Reports/20250429_104944/Android Regression/20250429_104944/appium.log

29-04-2025T11:20:42 - [MESSAGE][INFO] - appium errlog: /Users/gv.vignesh/Downloads/WGR-Android-Automation/Reports/20250429_104944/Android Regression/20250429_104944/appium_error.log

29-04-2025T11:20:44 - [MESSAGE][INFO] - Appium server started on port 54,888

29-04-2025T11:21:03 - [MESSAGE][PASSED] - Started application: '/Users/gv.vignesh/Downloads/WGR-Android-Automation/App Folder/app-debug-2.99.75.apk'

29-04-2025T11:21:03 - [TEST_STEP][PASSED] - delay(10): Delayed 10 second(s)

29-04-2025T11:21:13 - [MESSAGE][PASSED] - Delayed 10 second(s)

29-04-2025T11:21:13 - [TEST_STEP][PASSED] - tap(findTestObject("Object Repository/Repo/android.widget.Button - Login or Sign Up"), 0): Tapped on element 'Object Repository/Repo/android.widget.Button - Login or Sign Up'

29-04-2025T11:21:13 - [MESSAGE][WARNING] - Timeout '0' is invalid. Using default page load timeout: '30'

29-04-2025T11:21:14 - [MESSAGE][PASSED] - Tapped on element 'Object Repository/Repo/android.widget.Button - Login or Sign Up'

29-04-2025T11:21:14 - [TEST_STEP][PASSED] - delay(10): Delayed 10 second(s)

29-04-2025T11:21:24 - [MESSAGE][PASSED] - Delayed 10 second(s)

29-04-2025T11:21:24 - [TEST_STEP][PASSED] - sendKeys(findTestObject("Object Repository/Repo/android.widget.EditText-LoginorSignUp"), email): Send keys '0425201TM@WG.COM' on test object 'Object Repository/Repo/android.widget.EditText-LoginorSignUp' successfully.

29-04-2025T11:21:25 - [MESSAGE][PASSED] - Send keys '0425201TM@WG.COM' on test object 'Object Repository/Repo/android.widget.EditText-LoginorSignUp' successfully.

29-04-2025T11:21:25 - [TEST_STEP][PASSED] - delay(10): Delayed 10 second(s)

29-04-2025T11:21:35 - [MESSAGE][PASSED] - Delayed 10 second(s)

29-04-2025T11:21:35 - [TEST_STEP][PASSED] - tap(findTestObject("Object Repository/Repo/android.widget.Button - Next"), 0): Tapped on element 'Object Repository/Repo/android.widget.Button - Next'

29-04-2025T11:21:35 - [MESSAGE][WARNING] - Timeout '0' is invalid. Using default page load timeout: '30'

29-04-2025T11:21:36 - [MESSAGE][PASSED] - Tapped on element 'Object Repository/Repo/android.widget.Button - Next'

29-04-2025T11:21:36 - [TEST_STEP][PASSED] - delay(45): Delayed 45 second(s)

29-04-2025T11:22:21 - [MESSAGE][PASSED] - Delayed 45 second(s)

29-04-2025T11:22:21 - [TEST_STEP][PASSED] - setText(findTestObject("Object Repository/Repo/android.widget.EditText-OAM(Login)"), email, 0): Text '0425201TM@WG.COM' has been set to element 'Object Repository/Repo/android.widget.EditText-OAM(Login)'

29-04-2025T11:22:21 - [MESSAGE][WARNING] - Timeout '0' is invalid. Using default page load timeout: '30'

29-04-2025T11:22:23 - [MESSAGE][PASSED] - Text '0425201TM@WG.COM' has been set to element 'Object Repository/Repo/android.widget.EditText-OAM(Login)'

29-04-2025T11:22:23 - [TEST_STEP][PASSED] - hideKeyboard(): Keyboard is hidden

29-04-2025T11:22:26 - [MESSAGE][PASSED] - Keyboard is hidden

29-04-2025T11:22:26 - [TEST_STEP][PASSED] - delay(10): Delayed 10 second(s)

29-04-2025T11:22:36 - [MESSAGE][PASSED] - Delayed 10 second(s)

29-04-2025T11:22:36 - [TEST_STEP][PASSED] - setText(findTestObject("Object Repository/Repo/android.widget.EditText-OAM(Password)"), password, 0): Text 'password' has been set to element 'Object Repository/Repo/android.widget.EditText-OAM(Password)'

29-04-2025T11:22:36 - [MESSAGE][WARNING] - Timeout '0' is invalid. Using default page load timeout: '30'

29-04-2025T11:22:36 - [MESSAGE][PASSED] - Text 'password' has been set to element 'Object Repository/Repo/android.widget.EditText-OAM(Password)'

29-04-2025T11:22:36 - [TEST_STEP][PASSED] - hideKeyboard(): Keyboard is hidden

29-04-2025T11:22:38 - [MESSAGE][PASSED] - Keyboard is hidden

29-04-2025T11:22:38 - [TEST_STEP][PASSED] - delay(10): Delayed 10 second(s)

29-04-2025T11:22:48 - [MESSAGE][PASSED] - Delayed 10 second(s)

29-04-2025T11:22:48 - [TEST_STEP][PASSED] - tap(findTestObject("Object Repository/Repo/android.widget.Button -OAM(Login)"), 0): Tapped on element 'Object Repository/Repo/android.widget.Button -OAM(Login)'

29-04-2025T11:22:48 - [MESSAGE][WARNING] - Timeout '0' is invalid. Using default page load timeout: '30'

29-04-2025T11:22:49 - [MESSAGE][PASSED] - Tapped on element 'Object Repository/Repo/android.widget.Button -OAM(Login)'

29-04-2025T11:22:49 - [TEST_STEP][PASSED] - delay(20): Delayed 20 second(s)

29-04-2025T11:23:09 - [MESSAGE][PASSED] - Delayed 20 second(s)

29-04-2025T11:23:09 - [TEST_STEP][PASSED] - tap(findTestObject("Object Repository/Repo/android.view.View - Home"), 0, STOP_ON_FAILURE): Tapped on element 'Object Repository/Repo/android.view.View - Home'

29-04-2025T11:23:09 - [MESSAGE][WARNING] - Timeout '0' is invalid. Using default page load timeout: '30'

29-04-2025T11:23:10 - [MESSAGE][PASSED] - Tapped on element 'Object Repository/Repo/android.view.View - Home'

29-04-2025T11:23:10 - [TEST_STEP][PASSED] - delay(5): Delayed 5 second(s)

29-04-2025T11:23:15 - [MESSAGE][PASSED] - Delayed 5 second(s)

29-04-2025T11:23:15 - [TEST_STEP][PASSED] - tap(findTestObject("Object Repository/Repo/android.widget.Button - menu"), 0, STOP_ON_FAILURE): Tapped on element 'Object Repository/Repo/android.widget.Button - menu'

29-04-2025T11:23:15 - [MESSAGE][WARNING] - Timeout '0' is invalid. Using default page load timeout: '30'

29-04-2025T11:23:15 - [MESSAGE][PASSED] - Tapped on element 'Object Repository/Repo/android.widget.Button - menu'

29-04-2025T11:23:15 - [TEST_STEP][PASSED] - delay(20): Delayed 20 second(s)

29-04-2025T11:23:35 - [MESSAGE][PASSED] - Delayed 20 second(s)

29-04-2025T11:23:35 - [TEST_STEP][PASSED] - if (waitForElementPresent(findTestObject("Object Repository/Repo/android.widget.TextView - Terms and Conditions-Menu"), 10, CONTINUE_ON_FAILURE)): null

29-04-2025T11:23:36 - [MESSAGE][PASSED] - Element 'Object Repository/Repo/android.widget.TextView - Terms and Conditions-Menu' is present

29-04-2025T11:23:36 - [TEST_STEP][PASSED] - tap(findTestObject("Object Repository/Repo/android.widget.TextView - Terms and Conditions-Menu"), 0, STOP_ON_FAILURE): Tapped on element 'Object Repository/Repo/android.widget.TextView - Terms and Conditions-Menu'

29-04-2025T11:23:36 - [MESSAGE][WARNING] - Timeout '0' is invalid. Using default page load timeout: '30'

29-04-2025T11:23:37 - [MESSAGE][PASSED] - Tapped on element 'Object Repository/Repo/android.widget.TextView - Terms and Conditions-Menu'

29-04-2025T11:23:37 - [TEST_STEP][PASSED] - delay(20): Delayed 20 second(s)

29-04-2025T11:23:57 - [MESSAGE][PASSED] - Delayed 20 second(s)

29-04-2025T11:23:57 - [TEST_STEP][PASSED] - if (waitForElementPresent(findTestObject("Object Repository/Repo/android.view.View-Terms and conditions web"), 10, CONTINUE_ON_FAILURE)): null

29-04-2025T11:23:57 - [MESSAGE][PASSED] - Element 'Object Repository/Repo/android.view.View-Terms and conditions web' is present

29-04-2025T11:23:57 - [TEST_STEP][PASSED] - println("Element 'android.view.View - Terms & Conditions-Webview' exists."): null

29-04-2025T11:23:57 - [TEST_STEP][PASSED] - delay(20): Delayed 20 second(s)

29-04-2025T11:24:17 - [MESSAGE][PASSED] - Delayed 20 second(s)

29-04-2025T11:24:17 - [TEST_STEP][PASSED] - tap(findTestObject("Object Repository/Repo/android.widget.ImageButton-Cancel web"), 0, STOP_ON_FAILURE): Tapped on element 'Object Repository/Repo/android.widget.ImageButton-Cancel web'

29-04-2025T11:24:17 - [MESSAGE][WARNING] - Timeout '0' is invalid. Using default page load timeout: '30'

29-04-2025T11:24:18 - [MESSAGE][PASSED] - Tapped on element 'Object Repository/Repo/android.widget.ImageButton-Cancel web'

29-04-2025T11:24:18 - [TEST_STEP][PASSED] - delay(15): Delayed 15 second(s)

29-04-2025T11:24:33 - [MESSAGE][PASSED] - Delayed 15 second(s)

29-04-2025T11:24:33 - [TEST_STEP][PASSED] - tap(findTestObject("Object Repository/Repo/android.widget.Button - menu"), 0, STOP_ON_FAILURE): Tapped on element 'Object Repository/Repo/android.widget.Button - menu'

29-04-2025T11:24:33 - [MESSAGE][WARNING] - Timeout '0' is invalid. Using default page load timeout: '30'

29-04-2025T11:24:34 - [MESSAGE][PASSED] - Tapped on element 'Object Repository/Repo/android.widget.Button - menu'

29-04-2025T11:24:34 - [TEST_STEP][PASSED] - delay(20): Delayed 20 second(s)

29-04-2025T11:24:54 - [MESSAGE][PASSED] - Delayed 20 second(s)

29-04-2025T11:24:54 - [TEST_STEP][PASSED] - tap(findTestObject("Object Repository/Repo/android.widget.TextView - Privacy Policy-Menu"), 0, STOP_ON_FAILURE): Tapped on element 'Object Repository/Repo/android.widget.TextView - Privacy Policy-Menu'

29-04-2025T11:24:54 - [MESSAGE][WARNING] - Timeout '0' is invalid. Using default page load timeout: '30'

29-04-2025T11:24:54 - [MESSAGE][PASSED] - Tapped on element 'Object Repository/Repo/android.widget.TextView - Privacy Policy-Menu'

29-04-2025T11:24:54 - [TEST_STEP][PASSED] - delay(20): Delayed 20 second(s)

29-04-2025T11:25:14 - [MESSAGE][PASSED] - Delayed 20 second(s)

29-04-2025T11:25:14 - [TEST_STEP][PASSED] - if (waitForElementPresent(findTestObject("Object Repository/Repo/android.widget.TextView - Privacy Policy-web"), 20, STOP_ON_FAILURE)): null

29-04-2025T11:25:16 - [MESSAGE][PASSED] - Element 'Object Repository/Repo/android.widget.TextView - Privacy Policy-web' is present

29-04-2025T11:25:16 - [TEST_STEP][PASSED] - println("Element 'android.widget.TextView - Privacy Policy-web' exists."): null

29-04-2025T11:25:16 - [TEST_STEP][PASSED] - closeApplication(): Close app successfully

29-04-2025T11:25:20 - [MESSAGE][PASSED] - Close app successfully]]></system-out>
         <system-err><![CDATA[]]></system-err>
      </testcase>
      <testcase name="Test Cases/Book A Rental Tile/C770_C771_BookARentalTile_ThingsToDoFeed" time="202.549" classname="Test Cases/Book A Rental Tile/C770_C771_BookARentalTile_ThingsToDoFeed" status="FAILED">
         <failure type="FAILED" message="Test Cases/Book A Rental Tile/C770_C771_BookARentalTile_ThingsToDoFeed FAILED.&#xa;Reason:&#xa;com.kms.katalon.core.exception.StepFailedException: Unable to scroll to text 'recommended for you'&#xa;	at com.kms.katalon.core.mobile.keyword.internal.MobileKeywordMain.stepFailed(MobileKeywordMain.groovy:64)&#xa;	at com.kms.katalon.core.mobile.keyword.internal.MobileKeywordMain.runKeyword(MobileKeywordMain.groovy:34)&#xa;	at com.kms.katalon.core.mobile.keyword.internal.MobileKeywordMain$runKeyword.call(Unknown Source)&#xa;	at com.kms.katalon.core.mobile.keyword.builtin.ScrollToTextKeyword.scrollToText(ScrollToTextKeyword.groovy:80)&#xa;	at com.kms.katalon.core.mobile.keyword.builtin.ScrollToTextKeyword.execute(ScrollToTextKeyword.groovy:38)&#xa;	at com.kms.katalon.core.keyword.internal.KeywordExecutor.executeKeywordForPlatform(KeywordExecutor.groovy:74)&#xa;	at com.kms.katalon.core.mobile.keyword.MobileBuiltInKeywords.scrollToText(MobileBuiltInKeywords.groovy:1969)&#xa;	at C770_C771_BookARentalTile_ThingsToDoFeed.run(C770_C771_BookARentalTile_ThingsToDoFeed:95)&#xa;	at com.kms.katalon.core.main.ScriptEngine.run(ScriptEngine.java:194)&#xa;	at com.kms.katalon.core.main.ScriptEngine.runScriptAsRawText(ScriptEngine.java:119)&#xa;	at com.kms.katalon.core.main.TestCaseExecutor.runScript(TestCaseExecutor.java:448)&#xa;	at com.kms.katalon.core.main.TestCaseExecutor.doExecute(TestCaseExecutor.java:439)&#xa;	at com.kms.katalon.core.main.TestCaseExecutor.processExecutionPhase(TestCaseExecutor.java:418)&#xa;	at com.kms.katalon.core.main.TestCaseExecutor.accessMainPhase(TestCaseExecutor.java:410)&#xa;	at com.kms.katalon.core.main.TestCaseExecutor.execute(TestCaseExecutor.java:285)&#xa;	at com.kms.katalon.core.common.CommonExecutor.accessTestCaseMainPhase(CommonExecutor.java:71)&#xa;	at com.kms.katalon.core.main.TestSuiteExecutor.accessTestSuiteMainPhase(TestSuiteExecutor.java:160)&#xa;	at com.kms.katalon.core.main.TestSuiteExecutor.execute(TestSuiteExecutor.java:107)&#xa;	at com.kms.katalon.core.main.TestCaseMain.startTestSuite(TestCaseMain.java:180)&#xa;	at TempTestSuite1745903984460.run(TempTestSuite1745903984460.groovy:35)&#xa;	at java.base/jdk.internal.reflect.NativeMethodAccessorImpl.invoke0(Native Method)&#xa;	at java.base/jdk.internal.reflect.NativeMethodAccessorImpl.invoke(NativeMethodAccessorImpl.java:77)&#xa;	at java.base/jdk.internal.reflect.DelegatingMethodAccessorImpl.invoke(DelegatingMethodAccessorImpl.java:43)&#xa;Caused by: org.openqa.selenium.NoSuchElementException: An element could not be located on the page using the given search parameters.&#xa;For documentation on this error, please visit: https://www.selenium.dev/documentation/webdriver/troubleshooting/errors#no-such-element-exception&#xa;Build info: version: '4.22.0', revision: 'c5f3146703'&#xa;System info: os.name: 'Mac OS X', os.arch: 'aarch64', os.version: '15.4.1', java.version: '17.0.14'&#xa;Driver info: io.appium.java_client.android.AndroidDriver&#xa;Command: [6106bfdb-77b7-45aa-9397-ce48182cbca7, findElement {using=-android uiautomator, value=new UiScrollable(new UiSelector().scrollable(true).instance(0)).scrollIntoView(new UiSelector().textContains(&quot;recommended for you&quot;))}]&#xa;Capabilities {appium:app: /Users/gv.vignesh/Downloads..., appium:appActivity: westgate_xamarin.android.Ma..., appium:appPackage: westgate_xamarin.android.debug, appium:autoGrantPermissions: true, appium:automationName: uiautomator2, appium:databaseEnabled: false, appium:desired: {app: /Users/gv.vignesh/Downloads..., autoGrantPermissions: true, automationName: uiautomator2, deviceId: , deviceName: Xiaomi 23076PC4BI (Android 15), fullReset: true, newCommandTimeout: 1800, noReset: false, platformName: ANDROID, platformVersion: 15, systemPort: 55185, udid: a6e538dc5180, uiautomator2ServerInstallTimeout: 0}, appium:deviceApiLevel: 35, appium:deviceId: , appium:deviceManufacturer: Xiaomi, appium:deviceModel: 23076PC4BI, appium:deviceName: a6e538dc5180, appium:deviceScreenDensity: 440, appium:deviceScreenSize: 1080x2460, appium:deviceUDID: a6e538dc5180, appium:fullReset: true, appium:javascriptEnabled: true, appium:locationContextEnabled: false, appium:networkConnectionEnabled: true, appium:newCommandTimeout: 1800, appium:noReset: false, appium:pixelRatio: 2.75, appium:platformVersion: 15, appium:statBarHeight: 104, appium:systemPort: 55185, appium:takesScreenshot: true, appium:udid: a6e538dc5180, appium:uiautomator2ServerInstallTimeout: 0, appium:viewportRect: {height: 2356, left: 0, top: 104, width: 1080}, appium:warnings: {}, appium:webStorageEnabled: false, platformName: ANDROID}&#xa;Session ID: 6106bfdb-77b7-45aa-9397-ce48182cbca7&#xa;	at java.base/jdk.internal.reflect.NativeConstructorAccessorImpl.newInstance0(Native Method)&#xa;	at java.base/jdk.internal.reflect.NativeConstructorAccessorImpl.newInstance(NativeConstructorAccessorImpl.java:77)&#xa;	at java.base/jdk.internal.reflect.DelegatingConstructorAccessorImpl.newInstance(DelegatingConstructorAccessorImpl.java:45)&#xa;	at org.openqa.selenium.remote.ErrorCodec.decode(ErrorCodec.java:167)&#xa;	at org.openqa.selenium.remote.codec.w3c.W3CHttpResponseCodec.decode(W3CHttpResponseCodec.java:138)&#xa;	at org.openqa.selenium.remote.codec.w3c.W3CHttpResponseCodec.decode(W3CHttpResponseCodec.java:50)&#xa;	at org.openqa.selenium.remote.HttpCommandExecutor.execute(HttpCommandExecutor.java:190)&#xa;	at io.appium.java_client.remote.AppiumCommandExecutor.execute(AppiumCommandExecutor.java:237)&#xa;	at org.openqa.selenium.remote.RemoteWebDriver.execute(RemoteWebDriver.java:518)&#xa;	at org.openqa.selenium.remote.ElementLocation$ElementFinder$2.findElement(ElementLocation.java:165)&#xa;	at org.openqa.selenium.remote.ElementLocation.findElement(ElementLocation.java:66)&#xa;	at org.openqa.selenium.remote.RemoteWebDriver.findElement(RemoteWebDriver.java:355)&#xa;	at org.openqa.selenium.remote.RemoteWebDriver.findElement(RemoteWebDriver.java:349)&#xa;	at org.openqa.selenium.WebDriver$findElement$0.call(Unknown Source)&#xa;	at com.kms.katalon.core.mobile.keyword.builtin.ScrollToTextKeyword$_scrollToText_closure1.doCall(ScrollToTextKeyword.groovy:59)&#xa;	at com.kms.katalon.core.mobile.keyword.builtin.ScrollToTextKeyword$_scrollToText_closure1.doCall(ScrollToTextKeyword.groovy)&#xa;	at java.base/jdk.internal.reflect.NativeMethodAccessorImpl.invoke0(Native Method)&#xa;	at java.base/jdk.internal.reflect.NativeMethodAccessorImpl.invoke(NativeMethodAccessorImpl.java:77)&#xa;	at java.base/jdk.internal.reflect.DelegatingMethodAccessorImpl.invoke(DelegatingMethodAccessorImpl.java:43)&#xa;	at com.kms.katalon.core.mobile.keyword.internal.MobileKeywordMain.runKeyword(MobileKeywordMain.groovy:30)&#xa;	... 21 more&#xa;"/>
         <system-out><![CDATA[29-04-2025T11:25:20 - [TEST_CASE][FAILED] - Test Cases/Book A Rental Tile/C770_C771_BookARentalTile_ThingsToDoFeed: Test Cases/Book A Rental Tile/C770_C771_BookARentalTile_ThingsToDoFeed FAILED.
Reason:
com.kms.katalon.core.exception.StepFailedException: Unable to scroll to text 'recommended for you'
	at com.kms.katalon.core.mobile.keyword.internal.MobileKeywordMain.stepFailed(MobileKeywordMain.groovy:64)
	at com.kms.katalon.core.mobile.keyword.internal.MobileKeywordMain.runKeyword(MobileKeywordMain.groovy:34)
	at com.kms.katalon.core.mobile.keyword.internal.MobileKeywordMain$runKeyword.call(Unknown Source)
	at com.kms.katalon.core.mobile.keyword.builtin.ScrollToTextKeyword.scrollToText(ScrollToTextKeyword.groovy:80)
	at com.kms.katalon.core.mobile.keyword.builtin.ScrollToTextKeyword.execute(ScrollToTextKeyword.groovy:38)
	at com.kms.katalon.core.keyword.internal.KeywordExecutor.executeKeywordForPlatform(KeywordExecutor.groovy:74)
	at com.kms.katalon.core.mobile.keyword.MobileBuiltInKeywords.scrollToText(MobileBuiltInKeywords.groovy:1969)
	at C770_C771_BookARentalTile_ThingsToDoFeed.run(C770_C771_BookARentalTile_ThingsToDoFeed:95)
	at com.kms.katalon.core.main.ScriptEngine.run(ScriptEngine.java:194)
	at com.kms.katalon.core.main.ScriptEngine.runScriptAsRawText(ScriptEngine.java:119)
	at com.kms.katalon.core.main.TestCaseExecutor.runScript(TestCaseExecutor.java:448)
	at com.kms.katalon.core.main.TestCaseExecutor.doExecute(TestCaseExecutor.java:439)
	at com.kms.katalon.core.main.TestCaseExecutor.processExecutionPhase(TestCaseExecutor.java:418)
	at com.kms.katalon.core.main.TestCaseExecutor.accessMainPhase(TestCaseExecutor.java:410)
	at com.kms.katalon.core.main.TestCaseExecutor.execute(TestCaseExecutor.java:285)
	at com.kms.katalon.core.common.CommonExecutor.accessTestCaseMainPhase(CommonExecutor.java:71)
	at com.kms.katalon.core.main.TestSuiteExecutor.accessTestSuiteMainPhase(TestSuiteExecutor.java:160)
	at com.kms.katalon.core.main.TestSuiteExecutor.execute(TestSuiteExecutor.java:107)
	at com.kms.katalon.core.main.TestCaseMain.startTestSuite(TestCaseMain.java:180)
	at TempTestSuite1745903984460.run(TempTestSuite1745903984460.groovy:35)
	at java.base/jdk.internal.reflect.NativeMethodAccessorImpl.invoke0(Native Method)
	at java.base/jdk.internal.reflect.NativeMethodAccessorImpl.invoke(NativeMethodAccessorImpl.java:77)
	at java.base/jdk.internal.reflect.DelegatingMethodAccessorImpl.invoke(DelegatingMethodAccessorImpl.java:43)
Caused by: org.openqa.selenium.NoSuchElementException: An element could not be located on the page using the given search parameters.
For documentation on this error, please visit: https://www.selenium.dev/documentation/webdriver/troubleshooting/errors#no-such-element-exception
Build info: version: '4.22.0', revision: 'c5f3146703'
System info: os.name: 'Mac OS X', os.arch: 'aarch64', os.version: '15.4.1', java.version: '17.0.14'
Driver info: io.appium.java_client.android.AndroidDriver
Command: [6106bfdb-77b7-45aa-9397-ce48182cbca7, findElement {using=-android uiautomator, value=new UiScrollable(new UiSelector().scrollable(true).instance(0)).scrollIntoView(new UiSelector().textContains("recommended for you"))}]
Capabilities {appium:app: /Users/gv.vignesh/Downloads..., appium:appActivity: westgate_xamarin.android.Ma..., appium:appPackage: westgate_xamarin.android.debug, appium:autoGrantPermissions: true, appium:automationName: uiautomator2, appium:databaseEnabled: false, appium:desired: {app: /Users/gv.vignesh/Downloads..., autoGrantPermissions: true, automationName: uiautomator2, deviceId: , deviceName: Xiaomi 23076PC4BI (Android 15), fullReset: true, newCommandTimeout: 1800, noReset: false, platformName: ANDROID, platformVersion: 15, systemPort: 55185, udid: a6e538dc5180, uiautomator2ServerInstallTimeout: 0}, appium:deviceApiLevel: 35, appium:deviceId: , appium:deviceManufacturer: Xiaomi, appium:deviceModel: 23076PC4BI, appium:deviceName: a6e538dc5180, appium:deviceScreenDensity: 440, appium:deviceScreenSize: 1080x2460, appium:deviceUDID: a6e538dc5180, appium:fullReset: true, appium:javascriptEnabled: true, appium:locationContextEnabled: false, appium:networkConnectionEnabled: true, appium:newCommandTimeout: 1800, appium:noReset: false, appium:pixelRatio: 2.75, appium:platformVersion: 15, appium:statBarHeight: 104, appium:systemPort: 55185, appium:takesScreenshot: true, appium:udid: a6e538dc5180, appium:uiautomator2ServerInstallTimeout: 0, appium:viewportRect: {height: 2356, left: 0, top: 104, width: 1080}, appium:warnings: {}, appium:webStorageEnabled: false, platformName: ANDROID}
Session ID: 6106bfdb-77b7-45aa-9397-ce48182cbca7
	at java.base/jdk.internal.reflect.NativeConstructorAccessorImpl.newInstance0(Native Method)
	at java.base/jdk.internal.reflect.NativeConstructorAccessorImpl.newInstance(NativeConstructorAccessorImpl.java:77)
	at java.base/jdk.internal.reflect.DelegatingConstructorAccessorImpl.newInstance(DelegatingConstructorAccessorImpl.java:45)
	at org.openqa.selenium.remote.ErrorCodec.decode(ErrorCodec.java:167)
	at org.openqa.selenium.remote.codec.w3c.W3CHttpResponseCodec.decode(W3CHttpResponseCodec.java:138)
	at org.openqa.selenium.remote.codec.w3c.W3CHttpResponseCodec.decode(W3CHttpResponseCodec.java:50)
	at org.openqa.selenium.remote.HttpCommandExecutor.execute(HttpCommandExecutor.java:190)
	at io.appium.java_client.remote.AppiumCommandExecutor.execute(AppiumCommandExecutor.java:237)
	at org.openqa.selenium.remote.RemoteWebDriver.execute(RemoteWebDriver.java:518)
	at org.openqa.selenium.remote.ElementLocation$ElementFinder$2.findElement(ElementLocation.java:165)
	at org.openqa.selenium.remote.ElementLocation.findElement(ElementLocation.java:66)
	at org.openqa.selenium.remote.RemoteWebDriver.findElement(RemoteWebDriver.java:355)
	at org.openqa.selenium.remote.RemoteWebDriver.findElement(RemoteWebDriver.java:349)
	at org.openqa.selenium.WebDriver$findElement$0.call(Unknown Source)
	at com.kms.katalon.core.mobile.keyword.builtin.ScrollToTextKeyword$_scrollToText_closure1.doCall(ScrollToTextKeyword.groovy:59)
	at com.kms.katalon.core.mobile.keyword.builtin.ScrollToTextKeyword$_scrollToText_closure1.doCall(ScrollToTextKeyword.groovy)
	at java.base/jdk.internal.reflect.NativeMethodAccessorImpl.invoke0(Native Method)
	at java.base/jdk.internal.reflect.NativeMethodAccessorImpl.invoke(NativeMethodAccessorImpl.java:77)
	at java.base/jdk.internal.reflect.DelegatingMethodAccessorImpl.invoke(DelegatingMethodAccessorImpl.java:43)
	at com.kms.katalon.core.mobile.keyword.internal.MobileKeywordMain.runKeyword(MobileKeywordMain.groovy:30)
	... 21 more


29-04-2025T11:25:20 - [TEST_STEP][PASSED] - testData = findTestData("Data Files/C770"): null

29-04-2025T11:25:20 - [TEST_STEP][PASSED] - email = testData.getValue("email", 1): null

29-04-2025T11:25:20 - [TEST_STEP][PASSED] - password = testData.getValue("password", 1): null

29-04-2025T11:25:20 - [TEST_STEP][PASSED] - startApplication(appUrl, true): Started application: '/Users/gv.vignesh/Downloads/WGR-Android-Automation/App Folder/app-debug-2.99.75.apk'

29-04-2025T11:25:20 - [MESSAGE][INFO] - Starting application: '/Users/gv.vignesh/Downloads/WGR-Android-Automation/App Folder/app-debug-2.99.75.apk'

29-04-2025T11:25:20 - [MESSAGE][INFO] - User set preference: ['uiautomator2ServerInstallTimeout', '0']

29-04-2025T11:25:20 - [MESSAGE][INFO] - User set preference: ['deviceId', '']

29-04-2025T11:25:20 - [MESSAGE][INFO] - Detected NodeJS location: "/opt/homebrew/Cellar/node/23.10.0_1/bin/node"

29-04-2025T11:25:20 - [MESSAGE][INFO] - PATH: /opt/homebrew/Cellar/node/23.10.0_1/bin:/opt/homebrew/bin:/usr/bin:/bin:/usr/sbin:/sbin:/Applications/Katalon Studio Enterprise.app/Contents/Eclipse/jre/Contents/Home/bin:/usr/local/bin/

29-04-2025T11:25:20 - [MESSAGE][INFO] - APPIUM_HOME: /Users/gv.vignesh/.appium

29-04-2025T11:25:20 - [MESSAGE][INFO] - appium outlog: /Users/gv.vignesh/Downloads/WGR-Android-Automation/Reports/20250429_104944/Android Regression/20250429_104944/appium.log

29-04-2025T11:25:20 - [MESSAGE][INFO] - appium errlog: /Users/gv.vignesh/Downloads/WGR-Android-Automation/Reports/20250429_104944/Android Regression/20250429_104944/appium_error.log

29-04-2025T11:25:21 - [MESSAGE][INFO] - Appium server started on port 55,186

29-04-2025T11:25:39 - [MESSAGE][PASSED] - Started application: '/Users/gv.vignesh/Downloads/WGR-Android-Automation/App Folder/app-debug-2.99.75.apk'

29-04-2025T11:25:39 - [TEST_STEP][PASSED] - delay(10): Delayed 10 second(s)

29-04-2025T11:25:49 - [MESSAGE][PASSED] - Delayed 10 second(s)

29-04-2025T11:25:49 - [TEST_STEP][PASSED] - tap(findTestObject("Object Repository/Repo/MyStay/BookRental/android.widget.Button - Login or Sign Up"), 0): Tapped on element 'Object Repository/Repo/MyStay/BookRental/android.widget.Button - Login or Sign Up'

29-04-2025T11:25:49 - [MESSAGE][WARNING] - Timeout '0' is invalid. Using default page load timeout: '30'

29-04-2025T11:25:50 - [MESSAGE][PASSED] - Tapped on element 'Object Repository/Repo/MyStay/BookRental/android.widget.Button - Login or Sign Up'

29-04-2025T11:25:50 - [TEST_STEP][PASSED] - delay(10): Delayed 10 second(s)

29-04-2025T11:26:00 - [MESSAGE][PASSED] - Delayed 10 second(s)

29-04-2025T11:26:00 - [TEST_STEP][PASSED] - setText(findTestObject("Object Repository/Repo/MyStay/BookRental/android.widget.EditText"), email, 0): Text '0425222TM@WG.COM' has been set to element 'Object Repository/Repo/MyStay/BookRental/android.widget.EditText'

29-04-2025T11:26:00 - [MESSAGE][WARNING] - Timeout '0' is invalid. Using default page load timeout: '30'

29-04-2025T11:26:01 - [MESSAGE][PASSED] - Text '0425222TM@WG.COM' has been set to element 'Object Repository/Repo/MyStay/BookRental/android.widget.EditText'

29-04-2025T11:26:01 - [TEST_STEP][PASSED] - hideKeyboard(): Keyboard is hidden

29-04-2025T11:26:04 - [MESSAGE][PASSED] - Keyboard is hidden

29-04-2025T11:26:04 - [TEST_STEP][PASSED] - delay(10): Delayed 10 second(s)

29-04-2025T11:26:14 - [MESSAGE][PASSED] - Delayed 10 second(s)

29-04-2025T11:26:14 - [TEST_STEP][PASSED] - tap(findTestObject("Object Repository/Repo/MyStay/BookRental/android.widget.Button - Next"), 0): Tapped on element 'Object Repository/Repo/MyStay/BookRental/android.widget.Button - Next'

29-04-2025T11:26:14 - [MESSAGE][WARNING] - Timeout '0' is invalid. Using default page load timeout: '30'

29-04-2025T11:26:14 - [MESSAGE][PASSED] - Tapped on element 'Object Repository/Repo/MyStay/BookRental/android.widget.Button - Next'

29-04-2025T11:26:14 - [TEST_STEP][PASSED] - delay(45): Delayed 45 second(s)

29-04-2025T11:26:59 - [MESSAGE][PASSED] - Delayed 45 second(s)

29-04-2025T11:26:59 - [TEST_STEP][PASSED] - setText(findTestObject("Object Repository/Repo/MyStay/BookRental/android.widget.EditText (1)"), email, 0): Text '0425222TM@WG.COM' has been set to element 'Object Repository/Repo/MyStay/BookRental/android.widget.EditText (1)'

29-04-2025T11:26:59 - [MESSAGE][WARNING] - Timeout '0' is invalid. Using default page load timeout: '30'

29-04-2025T11:27:01 - [MESSAGE][PASSED] - Text '0425222TM@WG.COM' has been set to element 'Object Repository/Repo/MyStay/BookRental/android.widget.EditText (1)'

29-04-2025T11:27:01 - [TEST_STEP][PASSED] - hideKeyboard(): Keyboard is hidden

29-04-2025T11:27:03 - [MESSAGE][PASSED] - Keyboard is hidden

29-04-2025T11:27:03 - [TEST_STEP][PASSED] - delay(20): Delayed 20 second(s)

29-04-2025T11:27:23 - [MESSAGE][PASSED] - Delayed 20 second(s)

29-04-2025T11:27:23 - [TEST_STEP][PASSED] - setText(findTestObject("Object Repository/Repo/MyStay/BookRental/android.widget.EditText (2)"), password, 0): Text 'password' has been set to element 'Object Repository/Repo/MyStay/BookRental/android.widget.EditText (2)'

29-04-2025T11:27:23 - [MESSAGE][WARNING] - Timeout '0' is invalid. Using default page load timeout: '30'

29-04-2025T11:27:24 - [MESSAGE][PASSED] - Text 'password' has been set to element 'Object Repository/Repo/MyStay/BookRental/android.widget.EditText (2)'

29-04-2025T11:27:24 - [TEST_STEP][PASSED] - hideKeyboard(): Keyboard is hidden

29-04-2025T11:27:26 - [MESSAGE][PASSED] - Keyboard is hidden

29-04-2025T11:27:26 - [TEST_STEP][PASSED] - delay(10): Delayed 10 second(s)

29-04-2025T11:27:36 - [MESSAGE][PASSED] - Delayed 10 second(s)

29-04-2025T11:27:36 - [TEST_STEP][PASSED] - tap(findTestObject("Object Repository/Repo/MyStay/BookRental/android.widget.Button - LOGIN"), 0): Tapped on element 'Object Repository/Repo/MyStay/BookRental/android.widget.Button - LOGIN'

29-04-2025T11:27:36 - [MESSAGE][WARNING] - Timeout '0' is invalid. Using default page load timeout: '30'

29-04-2025T11:27:37 - [MESSAGE][PASSED] - Tapped on element 'Object Repository/Repo/MyStay/BookRental/android.widget.Button - LOGIN'

29-04-2025T11:27:37 - [TEST_STEP][PASSED] - delay(20): Delayed 20 second(s)

29-04-2025T11:27:57 - [MESSAGE][PASSED] - Delayed 20 second(s)

29-04-2025T11:27:57 - [TEST_STEP][PASSED] - tap(findTestObject("Object Repository/Repo/MyStay/BookRental/android.view.View - Home"), 0): Tapped on element 'Object Repository/Repo/MyStay/BookRental/android.view.View - Home'

29-04-2025T11:27:57 - [MESSAGE][WARNING] - Timeout '0' is invalid. Using default page load timeout: '30'

29-04-2025T11:27:57 - [MESSAGE][PASSED] - Tapped on element 'Object Repository/Repo/MyStay/BookRental/android.view.View - Home'

29-04-2025T11:27:57 - [TEST_STEP][PASSED] - delay(10): Delayed 10 second(s)

29-04-2025T11:28:07 - [MESSAGE][PASSED] - Delayed 10 second(s)

29-04-2025T11:28:07 - [TEST_STEP][FAILED] - scrollToText("recommended for you"): Unable to scroll to text 'recommended for you' (Root cause: com.kms.katalon.core.exception.StepFailedException: Unable to scroll to text 'recommended for you'
	at com.kms.katalon.core.mobile.keyword.internal.MobileKeywordMain.stepFailed(MobileKeywordMain.groovy:64)
	at com.kms.katalon.core.mobile.keyword.internal.MobileKeywordMain.runKeyword(MobileKeywordMain.groovy:34)
	at com.kms.katalon.core.mobile.keyword.internal.MobileKeywordMain$runKeyword.call(Unknown Source)
	at com.kms.katalon.core.mobile.keyword.builtin.ScrollToTextKeyword.scrollToText(ScrollToTextKeyword.groovy:80)
	at com.kms.katalon.core.mobile.keyword.builtin.ScrollToTextKeyword.execute(ScrollToTextKeyword.groovy:38)
	at com.kms.katalon.core.keyword.internal.KeywordExecutor.executeKeywordForPlatform(KeywordExecutor.groovy:74)
	at com.kms.katalon.core.mobile.keyword.MobileBuiltInKeywords.scrollToText(MobileBuiltInKeywords.groovy:1969)
	at C770_C771_BookARentalTile_ThingsToDoFeed.run(C770_C771_BookARentalTile_ThingsToDoFeed:95)
	at com.kms.katalon.core.main.ScriptEngine.run(ScriptEngine.java:194)
	at com.kms.katalon.core.main.ScriptEngine.runScriptAsRawText(ScriptEngine.java:119)
	at com.kms.katalon.core.main.TestCaseExecutor.runScript(TestCaseExecutor.java:448)
	at com.kms.katalon.core.main.TestCaseExecutor.doExecute(TestCaseExecutor.java:439)
	at com.kms.katalon.core.main.TestCaseExecutor.processExecutionPhase(TestCaseExecutor.java:418)
	at com.kms.katalon.core.main.TestCaseExecutor.accessMainPhase(TestCaseExecutor.java:410)
	at com.kms.katalon.core.main.TestCaseExecutor.execute(TestCaseExecutor.java:285)
	at com.kms.katalon.core.common.CommonExecutor.accessTestCaseMainPhase(CommonExecutor.java:71)
	at com.kms.katalon.core.main.TestSuiteExecutor.accessTestSuiteMainPhase(TestSuiteExecutor.java:160)
	at com.kms.katalon.core.main.TestSuiteExecutor.execute(TestSuiteExecutor.java:107)
	at com.kms.katalon.core.main.TestCaseMain.startTestSuite(TestCaseMain.java:180)
	at TempTestSuite1745903984460.run(TempTestSuite1745903984460.groovy:35)
	at java.base/jdk.internal.reflect.NativeMethodAccessorImpl.invoke0(Native Method)
	at java.base/jdk.internal.reflect.NativeMethodAccessorImpl.invoke(NativeMethodAccessorImpl.java:77)
	at java.base/jdk.internal.reflect.DelegatingMethodAccessorImpl.invoke(DelegatingMethodAccessorImpl.java:43)
Caused by: org.openqa.selenium.NoSuchElementException: An element could not be located on the page using the given search parameters.
For documentation on this error, please visit: https://www.selenium.dev/documentation/webdriver/troubleshooting/errors#no-such-element-exception
Build info: version: '4.22.0', revision: 'c5f3146703'
System info: os.name: 'Mac OS X', os.arch: 'aarch64', os.version: '15.4.1', java.version: '17.0.14'
Driver info: io.appium.java_client.android.AndroidDriver
Command: [6106bfdb-77b7-45aa-9397-ce48182cbca7, findElement {using=-android uiautomator, value=new UiScrollable(new UiSelector().scrollable(true).instance(0)).scrollIntoView(new UiSelector().textContains("recommended for you"))}]
Capabilities {appium:app: /Users/gv.vignesh/Downloads..., appium:appActivity: westgate_xamarin.android.Ma..., appium:appPackage: westgate_xamarin.android.debug, appium:autoGrantPermissions: true, appium:automationName: uiautomator2, appium:databaseEnabled: false, appium:desired: {app: /Users/gv.vignesh/Downloads..., autoGrantPermissions: true, automationName: uiautomator2, deviceId: , deviceName: Xiaomi 23076PC4BI (Android 15), fullReset: true, newCommandTimeout: 1800, noReset: false, platformName: ANDROID, platformVersion: 15, systemPort: 55185, udid: a6e538dc5180, uiautomator2ServerInstallTimeout: 0}, appium:deviceApiLevel: 35, appium:deviceId: , appium:deviceManufacturer: Xiaomi, appium:deviceModel: 23076PC4BI, appium:deviceName: a6e538dc5180, appium:deviceScreenDensity: 440, appium:deviceScreenSize: 1080x2460, appium:deviceUDID: a6e538dc5180, appium:fullReset: true, appium:javascriptEnabled: true, appium:locationContextEnabled: false, appium:networkConnectionEnabled: true, appium:newCommandTimeout: 1800, appium:noReset: false, appium:pixelRatio: 2.75, appium:platformVersion: 15, appium:statBarHeight: 104, appium:systemPort: 55185, appium:takesScreenshot: true, appium:udid: a6e538dc5180, appium:uiautomator2ServerInstallTimeout: 0, appium:viewportRect: {height: 2356, left: 0, top: 104, width: 1080}, appium:warnings: {}, appium:webStorageEnabled: false, platformName: ANDROID}
Session ID: 6106bfdb-77b7-45aa-9397-ce48182cbca7
	at java.base/jdk.internal.reflect.NativeConstructorAccessorImpl.newInstance0(Native Method)
	at java.base/jdk.internal.reflect.NativeConstructorAccessorImpl.newInstance(NativeConstructorAccessorImpl.java:77)
	at java.base/jdk.internal.reflect.DelegatingConstructorAccessorImpl.newInstance(DelegatingConstructorAccessorImpl.java:45)
	at org.openqa.selenium.remote.ErrorCodec.decode(ErrorCodec.java:167)
	at org.openqa.selenium.remote.codec.w3c.W3CHttpResponseCodec.decode(W3CHttpResponseCodec.java:138)
	at org.openqa.selenium.remote.codec.w3c.W3CHttpResponseCodec.decode(W3CHttpResponseCodec.java:50)
	at org.openqa.selenium.remote.HttpCommandExecutor.execute(HttpCommandExecutor.java:190)
	at io.appium.java_client.remote.AppiumCommandExecutor.execute(AppiumCommandExecutor.java:237)
	at org.openqa.selenium.remote.RemoteWebDriver.execute(RemoteWebDriver.java:518)
	at org.openqa.selenium.remote.ElementLocation$ElementFinder$2.findElement(ElementLocation.java:165)
	at org.openqa.selenium.remote.ElementLocation.findElement(ElementLocation.java:66)
	at org.openqa.selenium.remote.RemoteWebDriver.findElement(RemoteWebDriver.java:355)
	at org.openqa.selenium.remote.RemoteWebDriver.findElement(RemoteWebDriver.java:349)
	at org.openqa.selenium.WebDriver$findElement$0.call(Unknown Source)
	at com.kms.katalon.core.mobile.keyword.builtin.ScrollToTextKeyword$_scrollToText_closure1.doCall(ScrollToTextKeyword.groovy:59)
	at com.kms.katalon.core.mobile.keyword.builtin.ScrollToTextKeyword$_scrollToText_closure1.doCall(ScrollToTextKeyword.groovy)
	at java.base/jdk.internal.reflect.NativeMethodAccessorImpl.invoke0(Native Method)
	at java.base/jdk.internal.reflect.NativeMethodAccessorImpl.invoke(NativeMethodAccessorImpl.java:77)
	at java.base/jdk.internal.reflect.DelegatingMethodAccessorImpl.invoke(DelegatingMethodAccessorImpl.java:43)
	at com.kms.katalon.core.mobile.keyword.internal.MobileKeywordMain.runKeyword(MobileKeywordMain.groovy:30)
	at com.kms.katalon.core.mobile.keyword.internal.MobileKeywordMain$runKeyword.call(Unknown Source)
	at com.kms.katalon.core.mobile.keyword.builtin.ScrollToTextKeyword.scrollToText(ScrollToTextKeyword.groovy:80)
	at com.kms.katalon.core.mobile.keyword.builtin.ScrollToTextKeyword.execute(ScrollToTextKeyword.groovy:38)
	at com.kms.katalon.core.keyword.internal.KeywordExecutor.executeKeywordForPlatform(KeywordExecutor.groovy:74)
	at com.kms.katalon.core.mobile.keyword.MobileBuiltInKeywords.scrollToText(MobileBuiltInKeywords.groovy:1969)
	at Script1745306115182.run(Script1745306115182.groovy:95)
	... 15 more
)

29-04-2025T11:28:42 - [MESSAGE][FAILED] - Unable to scroll to text 'recommended for you' (Root cause: com.kms.katalon.core.exception.StepFailedException: Unable to scroll to text 'recommended for you'
	at com.kms.katalon.core.mobile.keyword.internal.MobileKeywordMain.stepFailed(MobileKeywordMain.groovy:64)
	at com.kms.katalon.core.mobile.keyword.internal.MobileKeywordMain.runKeyword(MobileKeywordMain.groovy:34)
	at com.kms.katalon.core.mobile.keyword.internal.MobileKeywordMain$runKeyword.call(Unknown Source)
	at com.kms.katalon.core.mobile.keyword.builtin.ScrollToTextKeyword.scrollToText(ScrollToTextKeyword.groovy:80)
	at com.kms.katalon.core.mobile.keyword.builtin.ScrollToTextKeyword.execute(ScrollToTextKeyword.groovy:38)
	at com.kms.katalon.core.keyword.internal.KeywordExecutor.executeKeywordForPlatform(KeywordExecutor.groovy:74)
	at com.kms.katalon.core.mobile.keyword.MobileBuiltInKeywords.scrollToText(MobileBuiltInKeywords.groovy:1969)
	at C770_C771_BookARentalTile_ThingsToDoFeed.run(C770_C771_BookARentalTile_ThingsToDoFeed:95)
	at com.kms.katalon.core.main.ScriptEngine.run(ScriptEngine.java:194)
	at com.kms.katalon.core.main.ScriptEngine.runScriptAsRawText(ScriptEngine.java:119)
	at com.kms.katalon.core.main.TestCaseExecutor.runScript(TestCaseExecutor.java:448)
	at com.kms.katalon.core.main.TestCaseExecutor.doExecute(TestCaseExecutor.java:439)
	at com.kms.katalon.core.main.TestCaseExecutor.processExecutionPhase(TestCaseExecutor.java:418)
	at com.kms.katalon.core.main.TestCaseExecutor.accessMainPhase(TestCaseExecutor.java:410)
	at com.kms.katalon.core.main.TestCaseExecutor.execute(TestCaseExecutor.java:285)
	at com.kms.katalon.core.common.CommonExecutor.accessTestCaseMainPhase(CommonExecutor.java:71)
	at com.kms.katalon.core.main.TestSuiteExecutor.accessTestSuiteMainPhase(TestSuiteExecutor.java:160)
	at com.kms.katalon.core.main.TestSuiteExecutor.execute(TestSuiteExecutor.java:107)
	at com.kms.katalon.core.main.TestCaseMain.startTestSuite(TestCaseMain.java:180)
	at TempTestSuite1745903984460.run(TempTestSuite1745903984460.groovy:35)
	at java.base/jdk.internal.reflect.NativeMethodAccessorImpl.invoke0(Native Method)
	at java.base/jdk.internal.reflect.NativeMethodAccessorImpl.invoke(NativeMethodAccessorImpl.java:77)
	at java.base/jdk.internal.reflect.DelegatingMethodAccessorImpl.invoke(DelegatingMethodAccessorImpl.java:43)
Caused by: org.openqa.selenium.NoSuchElementException: An element could not be located on the page using the given search parameters.
For documentation on this error, please visit: https://www.selenium.dev/documentation/webdriver/troubleshooting/errors#no-such-element-exception
Build info: version: '4.22.0', revision: 'c5f3146703'
System info: os.name: 'Mac OS X', os.arch: 'aarch64', os.version: '15.4.1', java.version: '17.0.14'
Driver info: io.appium.java_client.android.AndroidDriver
Command: [6106bfdb-77b7-45aa-9397-ce48182cbca7, findElement {using=-android uiautomator, value=new UiScrollable(new UiSelector().scrollable(true).instance(0)).scrollIntoView(new UiSelector().textContains("recommended for you"))}]
Capabilities {appium:app: /Users/gv.vignesh/Downloads..., appium:appActivity: westgate_xamarin.android.Ma..., appium:appPackage: westgate_xamarin.android.debug, appium:autoGrantPermissions: true, appium:automationName: uiautomator2, appium:databaseEnabled: false, appium:desired: {app: /Users/gv.vignesh/Downloads..., autoGrantPermissions: true, automationName: uiautomator2, deviceId: , deviceName: Xiaomi 23076PC4BI (Android 15), fullReset: true, newCommandTimeout: 1800, noReset: false, platformName: ANDROID, platformVersion: 15, systemPort: 55185, udid: a6e538dc5180, uiautomator2ServerInstallTimeout: 0}, appium:deviceApiLevel: 35, appium:deviceId: , appium:deviceManufacturer: Xiaomi, appium:deviceModel: 23076PC4BI, appium:deviceName: a6e538dc5180, appium:deviceScreenDensity: 440, appium:deviceScreenSize: 1080x2460, appium:deviceUDID: a6e538dc5180, appium:fullReset: true, appium:javascriptEnabled: true, appium:locationContextEnabled: false, appium:networkConnectionEnabled: true, appium:newCommandTimeout: 1800, appium:noReset: false, appium:pixelRatio: 2.75, appium:platformVersion: 15, appium:statBarHeight: 104, appium:systemPort: 55185, appium:takesScreenshot: true, appium:udid: a6e538dc5180, appium:uiautomator2ServerInstallTimeout: 0, appium:viewportRect: {height: 2356, left: 0, top: 104, width: 1080}, appium:warnings: {}, appium:webStorageEnabled: false, platformName: ANDROID}
Session ID: 6106bfdb-77b7-45aa-9397-ce48182cbca7
	at java.base/jdk.internal.reflect.NativeConstructorAccessorImpl.newInstance0(Native Method)
	at java.base/jdk.internal.reflect.NativeConstructorAccessorImpl.newInstance(NativeConstructorAccessorImpl.java:77)
	at java.base/jdk.internal.reflect.DelegatingConstructorAccessorImpl.newInstance(DelegatingConstructorAccessorImpl.java:45)
	at org.openqa.selenium.remote.ErrorCodec.decode(ErrorCodec.java:167)
	at org.openqa.selenium.remote.codec.w3c.W3CHttpResponseCodec.decode(W3CHttpResponseCodec.java:138)
	at org.openqa.selenium.remote.codec.w3c.W3CHttpResponseCodec.decode(W3CHttpResponseCodec.java:50)
	at org.openqa.selenium.remote.HttpCommandExecutor.execute(HttpCommandExecutor.java:190)
	at io.appium.java_client.remote.AppiumCommandExecutor.execute(AppiumCommandExecutor.java:237)
	at org.openqa.selenium.remote.RemoteWebDriver.execute(RemoteWebDriver.java:518)
	at org.openqa.selenium.remote.ElementLocation$ElementFinder$2.findElement(ElementLocation.java:165)
	at org.openqa.selenium.remote.ElementLocation.findElement(ElementLocation.java:66)
	at org.openqa.selenium.remote.RemoteWebDriver.findElement(RemoteWebDriver.java:355)
	at org.openqa.selenium.remote.RemoteWebDriver.findElement(RemoteWebDriver.java:349)
	at org.openqa.selenium.WebDriver$findElement$0.call(Unknown Source)
	at com.kms.katalon.core.mobile.keyword.builtin.ScrollToTextKeyword$_scrollToText_closure1.doCall(ScrollToTextKeyword.groovy:59)
	at com.kms.katalon.core.mobile.keyword.builtin.ScrollToTextKeyword$_scrollToText_closure1.doCall(ScrollToTextKeyword.groovy)
	at java.base/jdk.internal.reflect.NativeMethodAccessorImpl.invoke0(Native Method)
	at java.base/jdk.internal.reflect.NativeMethodAccessorImpl.invoke(NativeMethodAccessorImpl.java:77)
	at java.base/jdk.internal.reflect.DelegatingMethodAccessorImpl.invoke(DelegatingMethodAccessorImpl.java:43)
	at com.kms.katalon.core.mobile.keyword.internal.MobileKeywordMain.runKeyword(MobileKeywordMain.groovy:30)
	at com.kms.katalon.core.mobile.keyword.internal.MobileKeywordMain$runKeyword.call(Unknown Source)
	at com.kms.katalon.core.mobile.keyword.builtin.ScrollToTextKeyword.scrollToText(ScrollToTextKeyword.groovy:80)
	at com.kms.katalon.core.mobile.keyword.builtin.ScrollToTextKeyword.execute(ScrollToTextKeyword.groovy:38)
	at com.kms.katalon.core.keyword.internal.KeywordExecutor.executeKeywordForPlatform(KeywordExecutor.groovy:74)
	at com.kms.katalon.core.mobile.keyword.MobileBuiltInKeywords.scrollToText(MobileBuiltInKeywords.groovy:1969)
	at Script1745306115182.run(Script1745306115182.groovy:95)
	... 15 more
)
[[ATTACHMENT|/Users/gv.vignesh/Downloads/WGR-Android-Automation/Reports/20250429_104944/Android Regression/20250429_104944/1745906321525.png]]]]></system-out>
         <system-err><![CDATA[29-04-2025T11:25:20 - [TEST_CASE][FAILED] - Test Cases/Book A Rental Tile/C770_C771_BookARentalTile_ThingsToDoFeed: Test Cases/Book A Rental Tile/C770_C771_BookARentalTile_ThingsToDoFeed FAILED.
Reason:
com.kms.katalon.core.exception.StepFailedException: Unable to scroll to text 'recommended for you'
	at com.kms.katalon.core.mobile.keyword.internal.MobileKeywordMain.stepFailed(MobileKeywordMain.groovy:64)
	at com.kms.katalon.core.mobile.keyword.internal.MobileKeywordMain.runKeyword(MobileKeywordMain.groovy:34)
	at com.kms.katalon.core.mobile.keyword.internal.MobileKeywordMain$runKeyword.call(Unknown Source)
	at com.kms.katalon.core.mobile.keyword.builtin.ScrollToTextKeyword.scrollToText(ScrollToTextKeyword.groovy:80)
	at com.kms.katalon.core.mobile.keyword.builtin.ScrollToTextKeyword.execute(ScrollToTextKeyword.groovy:38)
	at com.kms.katalon.core.keyword.internal.KeywordExecutor.executeKeywordForPlatform(KeywordExecutor.groovy:74)
	at com.kms.katalon.core.mobile.keyword.MobileBuiltInKeywords.scrollToText(MobileBuiltInKeywords.groovy:1969)
	at C770_C771_BookARentalTile_ThingsToDoFeed.run(C770_C771_BookARentalTile_ThingsToDoFeed:95)
	at com.kms.katalon.core.main.ScriptEngine.run(ScriptEngine.java:194)
	at com.kms.katalon.core.main.ScriptEngine.runScriptAsRawText(ScriptEngine.java:119)
	at com.kms.katalon.core.main.TestCaseExecutor.runScript(TestCaseExecutor.java:448)
	at com.kms.katalon.core.main.TestCaseExecutor.doExecute(TestCaseExecutor.java:439)
	at com.kms.katalon.core.main.TestCaseExecutor.processExecutionPhase(TestCaseExecutor.java:418)
	at com.kms.katalon.core.main.TestCaseExecutor.accessMainPhase(TestCaseExecutor.java:410)
	at com.kms.katalon.core.main.TestCaseExecutor.execute(TestCaseExecutor.java:285)
	at com.kms.katalon.core.common.CommonExecutor.accessTestCaseMainPhase(CommonExecutor.java:71)
	at com.kms.katalon.core.main.TestSuiteExecutor.accessTestSuiteMainPhase(TestSuiteExecutor.java:160)
	at com.kms.katalon.core.main.TestSuiteExecutor.execute(TestSuiteExecutor.java:107)
	at com.kms.katalon.core.main.TestCaseMain.startTestSuite(TestCaseMain.java:180)
	at TempTestSuite1745903984460.run(TempTestSuite1745903984460.groovy:35)
	at java.base/jdk.internal.reflect.NativeMethodAccessorImpl.invoke0(Native Method)
	at java.base/jdk.internal.reflect.NativeMethodAccessorImpl.invoke(NativeMethodAccessorImpl.java:77)
	at java.base/jdk.internal.reflect.DelegatingMethodAccessorImpl.invoke(DelegatingMethodAccessorImpl.java:43)
Caused by: org.openqa.selenium.NoSuchElementException: An element could not be located on the page using the given search parameters.
For documentation on this error, please visit: https://www.selenium.dev/documentation/webdriver/troubleshooting/errors#no-such-element-exception
Build info: version: '4.22.0', revision: 'c5f3146703'
System info: os.name: 'Mac OS X', os.arch: 'aarch64', os.version: '15.4.1', java.version: '17.0.14'
Driver info: io.appium.java_client.android.AndroidDriver
Command: [6106bfdb-77b7-45aa-9397-ce48182cbca7, findElement {using=-android uiautomator, value=new UiScrollable(new UiSelector().scrollable(true).instance(0)).scrollIntoView(new UiSelector().textContains("recommended for you"))}]
Capabilities {appium:app: /Users/gv.vignesh/Downloads..., appium:appActivity: westgate_xamarin.android.Ma..., appium:appPackage: westgate_xamarin.android.debug, appium:autoGrantPermissions: true, appium:automationName: uiautomator2, appium:databaseEnabled: false, appium:desired: {app: /Users/gv.vignesh/Downloads..., autoGrantPermissions: true, automationName: uiautomator2, deviceId: , deviceName: Xiaomi 23076PC4BI (Android 15), fullReset: true, newCommandTimeout: 1800, noReset: false, platformName: ANDROID, platformVersion: 15, systemPort: 55185, udid: a6e538dc5180, uiautomator2ServerInstallTimeout: 0}, appium:deviceApiLevel: 35, appium:deviceId: , appium:deviceManufacturer: Xiaomi, appium:deviceModel: 23076PC4BI, appium:deviceName: a6e538dc5180, appium:deviceScreenDensity: 440, appium:deviceScreenSize: 1080x2460, appium:deviceUDID: a6e538dc5180, appium:fullReset: true, appium:javascriptEnabled: true, appium:locationContextEnabled: false, appium:networkConnectionEnabled: true, appium:newCommandTimeout: 1800, appium:noReset: false, appium:pixelRatio: 2.75, appium:platformVersion: 15, appium:statBarHeight: 104, appium:systemPort: 55185, appium:takesScreenshot: true, appium:udid: a6e538dc5180, appium:uiautomator2ServerInstallTimeout: 0, appium:viewportRect: {height: 2356, left: 0, top: 104, width: 1080}, appium:warnings: {}, appium:webStorageEnabled: false, platformName: ANDROID}
Session ID: 6106bfdb-77b7-45aa-9397-ce48182cbca7
	at java.base/jdk.internal.reflect.NativeConstructorAccessorImpl.newInstance0(Native Method)
	at java.base/jdk.internal.reflect.NativeConstructorAccessorImpl.newInstance(NativeConstructorAccessorImpl.java:77)
	at java.base/jdk.internal.reflect.DelegatingConstructorAccessorImpl.newInstance(DelegatingConstructorAccessorImpl.java:45)
	at org.openqa.selenium.remote.ErrorCodec.decode(ErrorCodec.java:167)
	at org.openqa.selenium.remote.codec.w3c.W3CHttpResponseCodec.decode(W3CHttpResponseCodec.java:138)
	at org.openqa.selenium.remote.codec.w3c.W3CHttpResponseCodec.decode(W3CHttpResponseCodec.java:50)
	at org.openqa.selenium.remote.HttpCommandExecutor.execute(HttpCommandExecutor.java:190)
	at io.appium.java_client.remote.AppiumCommandExecutor.execute(AppiumCommandExecutor.java:237)
	at org.openqa.selenium.remote.RemoteWebDriver.execute(RemoteWebDriver.java:518)
	at org.openqa.selenium.remote.ElementLocation$ElementFinder$2.findElement(ElementLocation.java:165)
	at org.openqa.selenium.remote.ElementLocation.findElement(ElementLocation.java:66)
	at org.openqa.selenium.remote.RemoteWebDriver.findElement(RemoteWebDriver.java:355)
	at org.openqa.selenium.remote.RemoteWebDriver.findElement(RemoteWebDriver.java:349)
	at org.openqa.selenium.WebDriver$findElement$0.call(Unknown Source)
	at com.kms.katalon.core.mobile.keyword.builtin.ScrollToTextKeyword$_scrollToText_closure1.doCall(ScrollToTextKeyword.groovy:59)
	at com.kms.katalon.core.mobile.keyword.builtin.ScrollToTextKeyword$_scrollToText_closure1.doCall(ScrollToTextKeyword.groovy)
	at java.base/jdk.internal.reflect.NativeMethodAccessorImpl.invoke0(Native Method)
	at java.base/jdk.internal.reflect.NativeMethodAccessorImpl.invoke(NativeMethodAccessorImpl.java:77)
	at java.base/jdk.internal.reflect.DelegatingMethodAccessorImpl.invoke(DelegatingMethodAccessorImpl.java:43)
	at com.kms.katalon.core.mobile.keyword.internal.MobileKeywordMain.runKeyword(MobileKeywordMain.groovy:30)
	... 21 more]]></system-err>
      </testcase>
      <testcase name="Test Cases/Book A Rental Tile/C768_BookARentalTile_RentalTileIsDIsplayedCorrectly" time="205.136" classname="Test Cases/Book A Rental Tile/C768_BookARentalTile_RentalTileIsDIsplayedCorrectly" status="FAILED">
         <failure type="FAILED" message="Test Cases/Book A Rental Tile/C768_BookARentalTile_RentalTileIsDIsplayedCorrectly FAILED.&#xa;Reason:&#xa;com.kms.katalon.core.exception.StepFailedException: Unable to scroll to text 'recommended for you'&#xa;	at com.kms.katalon.core.mobile.keyword.internal.MobileKeywordMain.stepFailed(MobileKeywordMain.groovy:64)&#xa;	at com.kms.katalon.core.mobile.keyword.internal.MobileKeywordMain.runKeyword(MobileKeywordMain.groovy:34)&#xa;	at com.kms.katalon.core.mobile.keyword.internal.MobileKeywordMain$runKeyword.call(Unknown Source)&#xa;	at com.kms.katalon.core.mobile.keyword.builtin.ScrollToTextKeyword.scrollToText(ScrollToTextKeyword.groovy:80)&#xa;	at com.kms.katalon.core.mobile.keyword.builtin.ScrollToTextKeyword.execute(ScrollToTextKeyword.groovy:38)&#xa;	at com.kms.katalon.core.keyword.internal.KeywordExecutor.executeKeywordForPlatform(KeywordExecutor.groovy:74)&#xa;	at com.kms.katalon.core.mobile.keyword.MobileBuiltInKeywords.scrollToText(MobileBuiltInKeywords.groovy:1969)&#xa;	at C768_BookARentalTile_RentalTileIsDIsplayedCorrectly.run(C768_BookARentalTile_RentalTileIsDIsplayedCorrectly:64)&#xa;	at com.kms.katalon.core.main.ScriptEngine.run(ScriptEngine.java:194)&#xa;	at com.kms.katalon.core.main.ScriptEngine.runScriptAsRawText(ScriptEngine.java:119)&#xa;	at com.kms.katalon.core.main.TestCaseExecutor.runScript(TestCaseExecutor.java:448)&#xa;	at com.kms.katalon.core.main.TestCaseExecutor.doExecute(TestCaseExecutor.java:439)&#xa;	at com.kms.katalon.core.main.TestCaseExecutor.processExecutionPhase(TestCaseExecutor.java:418)&#xa;	at com.kms.katalon.core.main.TestCaseExecutor.accessMainPhase(TestCaseExecutor.java:410)&#xa;	at com.kms.katalon.core.main.TestCaseExecutor.execute(TestCaseExecutor.java:285)&#xa;	at com.kms.katalon.core.common.CommonExecutor.accessTestCaseMainPhase(CommonExecutor.java:71)&#xa;	at com.kms.katalon.core.main.TestSuiteExecutor.accessTestSuiteMainPhase(TestSuiteExecutor.java:160)&#xa;	at com.kms.katalon.core.main.TestSuiteExecutor.execute(TestSuiteExecutor.java:107)&#xa;	at com.kms.katalon.core.main.TestCaseMain.startTestSuite(TestCaseMain.java:180)&#xa;	at TempTestSuite1745903984460.run(TempTestSuite1745903984460.groovy:35)&#xa;	at java.base/jdk.internal.reflect.NativeMethodAccessorImpl.invoke0(Native Method)&#xa;	at java.base/jdk.internal.reflect.NativeMethodAccessorImpl.invoke(NativeMethodAccessorImpl.java:77)&#xa;	at java.base/jdk.internal.reflect.DelegatingMethodAccessorImpl.invoke(DelegatingMethodAccessorImpl.java:43)&#xa;Caused by: org.openqa.selenium.NoSuchElementException: An element could not be located on the page using the given search parameters.&#xa;For documentation on this error, please visit: https://www.selenium.dev/documentation/webdriver/troubleshooting/errors#no-such-element-exception&#xa;Build info: version: '4.22.0', revision: 'c5f3146703'&#xa;System info: os.name: 'Mac OS X', os.arch: 'aarch64', os.version: '15.4.1', java.version: '17.0.14'&#xa;Driver info: io.appium.java_client.android.AndroidDriver&#xa;Command: [ffc0fabd-ec39-4658-83cd-deeaa26767ac, findElement {using=-android uiautomator, value=new UiScrollable(new UiSelector().scrollable(true).instance(0)).scrollIntoView(new UiSelector().textContains(&quot;recommended for you&quot;))}]&#xa;Capabilities {appium:app: /Users/gv.vignesh/Downloads..., appium:appActivity: westgate_xamarin.android.Ma..., appium:appPackage: westgate_xamarin.android.debug, appium:autoGrantPermissions: true, appium:automationName: uiautomator2, appium:databaseEnabled: false, appium:desired: {app: /Users/gv.vignesh/Downloads..., autoGrantPermissions: true, automationName: uiautomator2, deviceId: , deviceName: Xiaomi 23076PC4BI (Android 15), fullReset: true, newCommandTimeout: 1800, noReset: false, platformName: ANDROID, platformVersion: 15, systemPort: 55472, udid: a6e538dc5180, uiautomator2ServerInstallTimeout: 0}, appium:deviceApiLevel: 35, appium:deviceId: , appium:deviceManufacturer: Xiaomi, appium:deviceModel: 23076PC4BI, appium:deviceName: a6e538dc5180, appium:deviceScreenDensity: 440, appium:deviceScreenSize: 1080x2460, appium:deviceUDID: a6e538dc5180, appium:fullReset: true, appium:javascriptEnabled: true, appium:locationContextEnabled: false, appium:networkConnectionEnabled: true, appium:newCommandTimeout: 1800, appium:noReset: false, appium:pixelRatio: 2.75, appium:platformVersion: 15, appium:statBarHeight: 104, appium:systemPort: 55472, appium:takesScreenshot: true, appium:udid: a6e538dc5180, appium:uiautomator2ServerInstallTimeout: 0, appium:viewportRect: {height: 2356, left: 0, top: 104, width: 1080}, appium:warnings: {}, appium:webStorageEnabled: false, platformName: ANDROID}&#xa;Session ID: ffc0fabd-ec39-4658-83cd-deeaa26767ac&#xa;	at java.base/jdk.internal.reflect.NativeConstructorAccessorImpl.newInstance0(Native Method)&#xa;	at java.base/jdk.internal.reflect.NativeConstructorAccessorImpl.newInstance(NativeConstructorAccessorImpl.java:77)&#xa;	at java.base/jdk.internal.reflect.DelegatingConstructorAccessorImpl.newInstance(DelegatingConstructorAccessorImpl.java:45)&#xa;	at org.openqa.selenium.remote.ErrorCodec.decode(ErrorCodec.java:167)&#xa;	at org.openqa.selenium.remote.codec.w3c.W3CHttpResponseCodec.decode(W3CHttpResponseCodec.java:138)&#xa;	at org.openqa.selenium.remote.codec.w3c.W3CHttpResponseCodec.decode(W3CHttpResponseCodec.java:50)&#xa;	at org.openqa.selenium.remote.HttpCommandExecutor.execute(HttpCommandExecutor.java:190)&#xa;	at io.appium.java_client.remote.AppiumCommandExecutor.execute(AppiumCommandExecutor.java:237)&#xa;	at org.openqa.selenium.remote.RemoteWebDriver.execute(RemoteWebDriver.java:518)&#xa;	at org.openqa.selenium.remote.ElementLocation$ElementFinder$2.findElement(ElementLocation.java:165)&#xa;	at org.openqa.selenium.remote.ElementLocation.findElement(ElementLocation.java:66)&#xa;	at org.openqa.selenium.remote.RemoteWebDriver.findElement(RemoteWebDriver.java:355)&#xa;	at org.openqa.selenium.remote.RemoteWebDriver.findElement(RemoteWebDriver.java:349)&#xa;	at org.openqa.selenium.WebDriver$findElement$0.call(Unknown Source)&#xa;	at com.kms.katalon.core.mobile.keyword.builtin.ScrollToTextKeyword$_scrollToText_closure1.doCall(ScrollToTextKeyword.groovy:59)&#xa;	at com.kms.katalon.core.mobile.keyword.builtin.ScrollToTextKeyword$_scrollToText_closure1.doCall(ScrollToTextKeyword.groovy)&#xa;	at java.base/jdk.internal.reflect.NativeMethodAccessorImpl.invoke0(Native Method)&#xa;	at java.base/jdk.internal.reflect.NativeMethodAccessorImpl.invoke(NativeMethodAccessorImpl.java:77)&#xa;	at java.base/jdk.internal.reflect.DelegatingMethodAccessorImpl.invoke(DelegatingMethodAccessorImpl.java:43)&#xa;	at com.kms.katalon.core.mobile.keyword.internal.MobileKeywordMain.runKeyword(MobileKeywordMain.groovy:30)&#xa;	... 21 more&#xa;"/>
         <system-out><![CDATA[29-04-2025T11:28:42 - [TEST_CASE][FAILED] - Test Cases/Book A Rental Tile/C768_BookARentalTile_RentalTileIsDIsplayedCorrectly: Test Cases/Book A Rental Tile/C768_BookARentalTile_RentalTileIsDIsplayedCorrectly FAILED.
Reason:
com.kms.katalon.core.exception.StepFailedException: Unable to scroll to text 'recommended for you'
	at com.kms.katalon.core.mobile.keyword.internal.MobileKeywordMain.stepFailed(MobileKeywordMain.groovy:64)
	at com.kms.katalon.core.mobile.keyword.internal.MobileKeywordMain.runKeyword(MobileKeywordMain.groovy:34)
	at com.kms.katalon.core.mobile.keyword.internal.MobileKeywordMain$runKeyword.call(Unknown Source)
	at com.kms.katalon.core.mobile.keyword.builtin.ScrollToTextKeyword.scrollToText(ScrollToTextKeyword.groovy:80)
	at com.kms.katalon.core.mobile.keyword.builtin.ScrollToTextKeyword.execute(ScrollToTextKeyword.groovy:38)
	at com.kms.katalon.core.keyword.internal.KeywordExecutor.executeKeywordForPlatform(KeywordExecutor.groovy:74)
	at com.kms.katalon.core.mobile.keyword.MobileBuiltInKeywords.scrollToText(MobileBuiltInKeywords.groovy:1969)
	at C768_BookARentalTile_RentalTileIsDIsplayedCorrectly.run(C768_BookARentalTile_RentalTileIsDIsplayedCorrectly:64)
	at com.kms.katalon.core.main.ScriptEngine.run(ScriptEngine.java:194)
	at com.kms.katalon.core.main.ScriptEngine.runScriptAsRawText(ScriptEngine.java:119)
	at com.kms.katalon.core.main.TestCaseExecutor.runScript(TestCaseExecutor.java:448)
	at com.kms.katalon.core.main.TestCaseExecutor.doExecute(TestCaseExecutor.java:439)
	at com.kms.katalon.core.main.TestCaseExecutor.processExecutionPhase(TestCaseExecutor.java:418)
	at com.kms.katalon.core.main.TestCaseExecutor.accessMainPhase(TestCaseExecutor.java:410)
	at com.kms.katalon.core.main.TestCaseExecutor.execute(TestCaseExecutor.java:285)
	at com.kms.katalon.core.common.CommonExecutor.accessTestCaseMainPhase(CommonExecutor.java:71)
	at com.kms.katalon.core.main.TestSuiteExecutor.accessTestSuiteMainPhase(TestSuiteExecutor.java:160)
	at com.kms.katalon.core.main.TestSuiteExecutor.execute(TestSuiteExecutor.java:107)
	at com.kms.katalon.core.main.TestCaseMain.startTestSuite(TestCaseMain.java:180)
	at TempTestSuite1745903984460.run(TempTestSuite1745903984460.groovy:35)
	at java.base/jdk.internal.reflect.NativeMethodAccessorImpl.invoke0(Native Method)
	at java.base/jdk.internal.reflect.NativeMethodAccessorImpl.invoke(NativeMethodAccessorImpl.java:77)
	at java.base/jdk.internal.reflect.DelegatingMethodAccessorImpl.invoke(DelegatingMethodAccessorImpl.java:43)
Caused by: org.openqa.selenium.NoSuchElementException: An element could not be located on the page using the given search parameters.
For documentation on this error, please visit: https://www.selenium.dev/documentation/webdriver/troubleshooting/errors#no-such-element-exception
Build info: version: '4.22.0', revision: 'c5f3146703'
System info: os.name: 'Mac OS X', os.arch: 'aarch64', os.version: '15.4.1', java.version: '17.0.14'
Driver info: io.appium.java_client.android.AndroidDriver
Command: [ffc0fabd-ec39-4658-83cd-deeaa26767ac, findElement {using=-android uiautomator, value=new UiScrollable(new UiSelector().scrollable(true).instance(0)).scrollIntoView(new UiSelector().textContains("recommended for you"))}]
Capabilities {appium:app: /Users/gv.vignesh/Downloads..., appium:appActivity: westgate_xamarin.android.Ma..., appium:appPackage: westgate_xamarin.android.debug, appium:autoGrantPermissions: true, appium:automationName: uiautomator2, appium:databaseEnabled: false, appium:desired: {app: /Users/gv.vignesh/Downloads..., autoGrantPermissions: true, automationName: uiautomator2, deviceId: , deviceName: Xiaomi 23076PC4BI (Android 15), fullReset: true, newCommandTimeout: 1800, noReset: false, platformName: ANDROID, platformVersion: 15, systemPort: 55472, udid: a6e538dc5180, uiautomator2ServerInstallTimeout: 0}, appium:deviceApiLevel: 35, appium:deviceId: , appium:deviceManufacturer: Xiaomi, appium:deviceModel: 23076PC4BI, appium:deviceName: a6e538dc5180, appium:deviceScreenDensity: 440, appium:deviceScreenSize: 1080x2460, appium:deviceUDID: a6e538dc5180, appium:fullReset: true, appium:javascriptEnabled: true, appium:locationContextEnabled: false, appium:networkConnectionEnabled: true, appium:newCommandTimeout: 1800, appium:noReset: false, appium:pixelRatio: 2.75, appium:platformVersion: 15, appium:statBarHeight: 104, appium:systemPort: 55472, appium:takesScreenshot: true, appium:udid: a6e538dc5180, appium:uiautomator2ServerInstallTimeout: 0, appium:viewportRect: {height: 2356, left: 0, top: 104, width: 1080}, appium:warnings: {}, appium:webStorageEnabled: false, platformName: ANDROID}
Session ID: ffc0fabd-ec39-4658-83cd-deeaa26767ac
	at java.base/jdk.internal.reflect.NativeConstructorAccessorImpl.newInstance0(Native Method)
	at java.base/jdk.internal.reflect.NativeConstructorAccessorImpl.newInstance(NativeConstructorAccessorImpl.java:77)
	at java.base/jdk.internal.reflect.DelegatingConstructorAccessorImpl.newInstance(DelegatingConstructorAccessorImpl.java:45)
	at org.openqa.selenium.remote.ErrorCodec.decode(ErrorCodec.java:167)
	at org.openqa.selenium.remote.codec.w3c.W3CHttpResponseCodec.decode(W3CHttpResponseCodec.java:138)
	at org.openqa.selenium.remote.codec.w3c.W3CHttpResponseCodec.decode(W3CHttpResponseCodec.java:50)
	at org.openqa.selenium.remote.HttpCommandExecutor.execute(HttpCommandExecutor.java:190)
	at io.appium.java_client.remote.AppiumCommandExecutor.execute(AppiumCommandExecutor.java:237)
	at org.openqa.selenium.remote.RemoteWebDriver.execute(RemoteWebDriver.java:518)
	at org.openqa.selenium.remote.ElementLocation$ElementFinder$2.findElement(ElementLocation.java:165)
	at org.openqa.selenium.remote.ElementLocation.findElement(ElementLocation.java:66)
	at org.openqa.selenium.remote.RemoteWebDriver.findElement(RemoteWebDriver.java:355)
	at org.openqa.selenium.remote.RemoteWebDriver.findElement(RemoteWebDriver.java:349)
	at org.openqa.selenium.WebDriver$findElement$0.call(Unknown Source)
	at com.kms.katalon.core.mobile.keyword.builtin.ScrollToTextKeyword$_scrollToText_closure1.doCall(ScrollToTextKeyword.groovy:59)
	at com.kms.katalon.core.mobile.keyword.builtin.ScrollToTextKeyword$_scrollToText_closure1.doCall(ScrollToTextKeyword.groovy)
	at java.base/jdk.internal.reflect.NativeMethodAccessorImpl.invoke0(Native Method)
	at java.base/jdk.internal.reflect.NativeMethodAccessorImpl.invoke(NativeMethodAccessorImpl.java:77)
	at java.base/jdk.internal.reflect.DelegatingMethodAccessorImpl.invoke(DelegatingMethodAccessorImpl.java:43)
	at com.kms.katalon.core.mobile.keyword.internal.MobileKeywordMain.runKeyword(MobileKeywordMain.groovy:30)
	... 21 more


29-04-2025T11:28:42 - [TEST_STEP][PASSED] - testData = findTestData("Data Files/C768"): null

29-04-2025T11:28:42 - [TEST_STEP][PASSED] - email = testData.getValue("email", 1): null

29-04-2025T11:28:42 - [TEST_STEP][PASSED] - password = testData.getValue("password", 1): null

29-04-2025T11:28:42 - [TEST_STEP][PASSED] - startApplication(appUrl, true): Started application: '/Users/gv.vignesh/Downloads/WGR-Android-Automation/App Folder/app-debug-2.99.75.apk'

29-04-2025T11:28:42 - [MESSAGE][INFO] - Starting application: '/Users/gv.vignesh/Downloads/WGR-Android-Automation/App Folder/app-debug-2.99.75.apk'

29-04-2025T11:28:42 - [MESSAGE][INFO] - User set preference: ['uiautomator2ServerInstallTimeout', '0']

29-04-2025T11:28:42 - [MESSAGE][INFO] - User set preference: ['deviceId', '']

29-04-2025T11:29:02 - [MESSAGE][PASSED] - Started application: '/Users/gv.vignesh/Downloads/WGR-Android-Automation/App Folder/app-debug-2.99.75.apk'

29-04-2025T11:29:02 - [TEST_STEP][PASSED] - delay(10): Delayed 10 second(s)

29-04-2025T11:29:12 - [MESSAGE][PASSED] - Delayed 10 second(s)

29-04-2025T11:29:12 - [TEST_STEP][PASSED] - tap(findTestObject("Object Repository/Repo/MyStay/BookRental/android.widget.Button - Login or Sign Up"), 0): Tapped on element 'Object Repository/Repo/MyStay/BookRental/android.widget.Button - Login or Sign Up'

29-04-2025T11:29:12 - [MESSAGE][WARNING] - Timeout '0' is invalid. Using default page load timeout: '30'

29-04-2025T11:29:13 - [MESSAGE][PASSED] - Tapped on element 'Object Repository/Repo/MyStay/BookRental/android.widget.Button - Login or Sign Up'

29-04-2025T11:29:13 - [TEST_STEP][PASSED] - delay(10): Delayed 10 second(s)

29-04-2025T11:29:23 - [MESSAGE][PASSED] - Delayed 10 second(s)

29-04-2025T11:29:23 - [TEST_STEP][PASSED] - setText(findTestObject("Object Repository/Repo/MyStay/BookRental/android.widget.EditText"), email, 0): Text 'CGARNER024@GMAIL.COM' has been set to element 'Object Repository/Repo/MyStay/BookRental/android.widget.EditText'

29-04-2025T11:29:23 - [MESSAGE][WARNING] - Timeout '0' is invalid. Using default page load timeout: '30'

29-04-2025T11:29:24 - [MESSAGE][PASSED] - Text 'CGARNER024@GMAIL.COM' has been set to element 'Object Repository/Repo/MyStay/BookRental/android.widget.EditText'

29-04-2025T11:29:24 - [TEST_STEP][PASSED] - hideKeyboard(): Keyboard is hidden

29-04-2025T11:29:26 - [MESSAGE][PASSED] - Keyboard is hidden

29-04-2025T11:29:26 - [TEST_STEP][PASSED] - delay(10): Delayed 10 second(s)

29-04-2025T11:29:36 - [MESSAGE][PASSED] - Delayed 10 second(s)

29-04-2025T11:29:36 - [TEST_STEP][PASSED] - tap(findTestObject("Object Repository/Repo/MyStay/BookRental/android.widget.Button - Next"), 0): Tapped on element 'Object Repository/Repo/MyStay/BookRental/android.widget.Button - Next'

29-04-2025T11:29:36 - [MESSAGE][WARNING] - Timeout '0' is invalid. Using default page load timeout: '30'

29-04-2025T11:29:37 - [MESSAGE][PASSED] - Tapped on element 'Object Repository/Repo/MyStay/BookRental/android.widget.Button - Next'

29-04-2025T11:29:37 - [TEST_STEP][PASSED] - delay(45): Delayed 45 second(s)

29-04-2025T11:30:22 - [MESSAGE][PASSED] - Delayed 45 second(s)

29-04-2025T11:30:22 - [TEST_STEP][PASSED] - setText(findTestObject("Object Repository/Repo/MyStay/BookRental/android.widget.EditText (1)"), email, 0): Text 'CGARNER024@GMAIL.COM' has been set to element 'Object Repository/Repo/MyStay/BookRental/android.widget.EditText (1)'

29-04-2025T11:30:22 - [MESSAGE][WARNING] - Timeout '0' is invalid. Using default page load timeout: '30'

29-04-2025T11:30:23 - [MESSAGE][PASSED] - Text 'CGARNER024@GMAIL.COM' has been set to element 'Object Repository/Repo/MyStay/BookRental/android.widget.EditText (1)'

29-04-2025T11:30:23 - [TEST_STEP][PASSED] - hideKeyboard(): Keyboard is hidden

29-04-2025T11:30:26 - [MESSAGE][PASSED] - Keyboard is hidden

29-04-2025T11:30:26 - [TEST_STEP][PASSED] - delay(20): Delayed 20 second(s)

29-04-2025T11:30:46 - [MESSAGE][PASSED] - Delayed 20 second(s)

29-04-2025T11:30:46 - [TEST_STEP][PASSED] - setText(findTestObject("Object Repository/Repo/MyStay/BookRental/android.widget.EditText (2)"), password, 0): Text 'password' has been set to element 'Object Repository/Repo/MyStay/BookRental/android.widget.EditText (2)'

29-04-2025T11:30:46 - [MESSAGE][WARNING] - Timeout '0' is invalid. Using default page load timeout: '30'

29-04-2025T11:30:46 - [MESSAGE][PASSED] - Text 'password' has been set to element 'Object Repository/Repo/MyStay/BookRental/android.widget.EditText (2)'

29-04-2025T11:30:46 - [TEST_STEP][PASSED] - hideKeyboard(): Keyboard is hidden

29-04-2025T11:30:48 - [MESSAGE][PASSED] - Keyboard is hidden

29-04-2025T11:30:48 - [TEST_STEP][PASSED] - delay(10): Delayed 10 second(s)

29-04-2025T11:30:58 - [MESSAGE][PASSED] - Delayed 10 second(s)

29-04-2025T11:30:58 - [TEST_STEP][PASSED] - tap(findTestObject("Object Repository/Repo/MyStay/BookRental/android.widget.Button - LOGIN"), 0): Tapped on element 'Object Repository/Repo/MyStay/BookRental/android.widget.Button - LOGIN'

29-04-2025T11:30:58 - [MESSAGE][WARNING] - Timeout '0' is invalid. Using default page load timeout: '30'

29-04-2025T11:30:59 - [MESSAGE][PASSED] - Tapped on element 'Object Repository/Repo/MyStay/BookRental/android.widget.Button - LOGIN'

29-04-2025T11:30:59 - [TEST_STEP][PASSED] - delay(20): Delayed 20 second(s)

29-04-2025T11:31:19 - [MESSAGE][PASSED] - Delayed 20 second(s)

29-04-2025T11:31:19 - [TEST_STEP][PASSED] - tap(findTestObject("Object Repository/Repo/MyStay/BookRental/android.view.View - Home"), 0): Tapped on element 'Object Repository/Repo/MyStay/BookRental/android.view.View - Home'

29-04-2025T11:31:19 - [MESSAGE][WARNING] - Timeout '0' is invalid. Using default page load timeout: '30'

29-04-2025T11:31:22 - [MESSAGE][PASSED] - Tapped on element 'Object Repository/Repo/MyStay/BookRental/android.view.View - Home'

29-04-2025T11:31:22 - [TEST_STEP][PASSED] - delay(10): Delayed 10 second(s)

29-04-2025T11:31:32 - [MESSAGE][PASSED] - Delayed 10 second(s)

29-04-2025T11:31:32 - [TEST_STEP][FAILED] - scrollToText("recommended for you"): Unable to scroll to text 'recommended for you' (Root cause: com.kms.katalon.core.exception.StepFailedException: Unable to scroll to text 'recommended for you'
	at com.kms.katalon.core.mobile.keyword.internal.MobileKeywordMain.stepFailed(MobileKeywordMain.groovy:64)
	at com.kms.katalon.core.mobile.keyword.internal.MobileKeywordMain.runKeyword(MobileKeywordMain.groovy:34)
	at com.kms.katalon.core.mobile.keyword.internal.MobileKeywordMain$runKeyword.call(Unknown Source)
	at com.kms.katalon.core.mobile.keyword.builtin.ScrollToTextKeyword.scrollToText(ScrollToTextKeyword.groovy:80)
	at com.kms.katalon.core.mobile.keyword.builtin.ScrollToTextKeyword.execute(ScrollToTextKeyword.groovy:38)
	at com.kms.katalon.core.keyword.internal.KeywordExecutor.executeKeywordForPlatform(KeywordExecutor.groovy:74)
	at com.kms.katalon.core.mobile.keyword.MobileBuiltInKeywords.scrollToText(MobileBuiltInKeywords.groovy:1969)
	at C768_BookARentalTile_RentalTileIsDIsplayedCorrectly.run(C768_BookARentalTile_RentalTileIsDIsplayedCorrectly:64)
	at com.kms.katalon.core.main.ScriptEngine.run(ScriptEngine.java:194)
	at com.kms.katalon.core.main.ScriptEngine.runScriptAsRawText(ScriptEngine.java:119)
	at com.kms.katalon.core.main.TestCaseExecutor.runScript(TestCaseExecutor.java:448)
	at com.kms.katalon.core.main.TestCaseExecutor.doExecute(TestCaseExecutor.java:439)
	at com.kms.katalon.core.main.TestCaseExecutor.processExecutionPhase(TestCaseExecutor.java:418)
	at com.kms.katalon.core.main.TestCaseExecutor.accessMainPhase(TestCaseExecutor.java:410)
	at com.kms.katalon.core.main.TestCaseExecutor.execute(TestCaseExecutor.java:285)
	at com.kms.katalon.core.common.CommonExecutor.accessTestCaseMainPhase(CommonExecutor.java:71)
	at com.kms.katalon.core.main.TestSuiteExecutor.accessTestSuiteMainPhase(TestSuiteExecutor.java:160)
	at com.kms.katalon.core.main.TestSuiteExecutor.execute(TestSuiteExecutor.java:107)
	at com.kms.katalon.core.main.TestCaseMain.startTestSuite(TestCaseMain.java:180)
	at TempTestSuite1745903984460.run(TempTestSuite1745903984460.groovy:35)
	at java.base/jdk.internal.reflect.NativeMethodAccessorImpl.invoke0(Native Method)
	at java.base/jdk.internal.reflect.NativeMethodAccessorImpl.invoke(NativeMethodAccessorImpl.java:77)
	at java.base/jdk.internal.reflect.DelegatingMethodAccessorImpl.invoke(DelegatingMethodAccessorImpl.java:43)
Caused by: org.openqa.selenium.NoSuchElementException: An element could not be located on the page using the given search parameters.
For documentation on this error, please visit: https://www.selenium.dev/documentation/webdriver/troubleshooting/errors#no-such-element-exception
Build info: version: '4.22.0', revision: 'c5f3146703'
System info: os.name: 'Mac OS X', os.arch: 'aarch64', os.version: '15.4.1', java.version: '17.0.14'
Driver info: io.appium.java_client.android.AndroidDriver
Command: [ffc0fabd-ec39-4658-83cd-deeaa26767ac, findElement {using=-android uiautomator, value=new UiScrollable(new UiSelector().scrollable(true).instance(0)).scrollIntoView(new UiSelector().textContains("recommended for you"))}]
Capabilities {appium:app: /Users/gv.vignesh/Downloads..., appium:appActivity: westgate_xamarin.android.Ma..., appium:appPackage: westgate_xamarin.android.debug, appium:autoGrantPermissions: true, appium:automationName: uiautomator2, appium:databaseEnabled: false, appium:desired: {app: /Users/gv.vignesh/Downloads..., autoGrantPermissions: true, automationName: uiautomator2, deviceId: , deviceName: Xiaomi 23076PC4BI (Android 15), fullReset: true, newCommandTimeout: 1800, noReset: false, platformName: ANDROID, platformVersion: 15, systemPort: 55472, udid: a6e538dc5180, uiautomator2ServerInstallTimeout: 0}, appium:deviceApiLevel: 35, appium:deviceId: , appium:deviceManufacturer: Xiaomi, appium:deviceModel: 23076PC4BI, appium:deviceName: a6e538dc5180, appium:deviceScreenDensity: 440, appium:deviceScreenSize: 1080x2460, appium:deviceUDID: a6e538dc5180, appium:fullReset: true, appium:javascriptEnabled: true, appium:locationContextEnabled: false, appium:networkConnectionEnabled: true, appium:newCommandTimeout: 1800, appium:noReset: false, appium:pixelRatio: 2.75, appium:platformVersion: 15, appium:statBarHeight: 104, appium:systemPort: 55472, appium:takesScreenshot: true, appium:udid: a6e538dc5180, appium:uiautomator2ServerInstallTimeout: 0, appium:viewportRect: {height: 2356, left: 0, top: 104, width: 1080}, appium:warnings: {}, appium:webStorageEnabled: false, platformName: ANDROID}
Session ID: ffc0fabd-ec39-4658-83cd-deeaa26767ac
	at java.base/jdk.internal.reflect.NativeConstructorAccessorImpl.newInstance0(Native Method)
	at java.base/jdk.internal.reflect.NativeConstructorAccessorImpl.newInstance(NativeConstructorAccessorImpl.java:77)
	at java.base/jdk.internal.reflect.DelegatingConstructorAccessorImpl.newInstance(DelegatingConstructorAccessorImpl.java:45)
	at org.openqa.selenium.remote.ErrorCodec.decode(ErrorCodec.java:167)
	at org.openqa.selenium.remote.codec.w3c.W3CHttpResponseCodec.decode(W3CHttpResponseCodec.java:138)
	at org.openqa.selenium.remote.codec.w3c.W3CHttpResponseCodec.decode(W3CHttpResponseCodec.java:50)
	at org.openqa.selenium.remote.HttpCommandExecutor.execute(HttpCommandExecutor.java:190)
	at io.appium.java_client.remote.AppiumCommandExecutor.execute(AppiumCommandExecutor.java:237)
	at org.openqa.selenium.remote.RemoteWebDriver.execute(RemoteWebDriver.java:518)
	at org.openqa.selenium.remote.ElementLocation$ElementFinder$2.findElement(ElementLocation.java:165)
	at org.openqa.selenium.remote.ElementLocation.findElement(ElementLocation.java:66)
	at org.openqa.selenium.remote.RemoteWebDriver.findElement(RemoteWebDriver.java:355)
	at org.openqa.selenium.remote.RemoteWebDriver.findElement(RemoteWebDriver.java:349)
	at org.openqa.selenium.WebDriver$findElement$0.call(Unknown Source)
	at com.kms.katalon.core.mobile.keyword.builtin.ScrollToTextKeyword$_scrollToText_closure1.doCall(ScrollToTextKeyword.groovy:59)
	at com.kms.katalon.core.mobile.keyword.builtin.ScrollToTextKeyword$_scrollToText_closure1.doCall(ScrollToTextKeyword.groovy)
	at java.base/jdk.internal.reflect.NativeMethodAccessorImpl.invoke0(Native Method)
	at java.base/jdk.internal.reflect.NativeMethodAccessorImpl.invoke(NativeMethodAccessorImpl.java:77)
	at java.base/jdk.internal.reflect.DelegatingMethodAccessorImpl.invoke(DelegatingMethodAccessorImpl.java:43)
	at com.kms.katalon.core.mobile.keyword.internal.MobileKeywordMain.runKeyword(MobileKeywordMain.groovy:30)
	at com.kms.katalon.core.mobile.keyword.internal.MobileKeywordMain$runKeyword.call(Unknown Source)
	at com.kms.katalon.core.mobile.keyword.builtin.ScrollToTextKeyword.scrollToText(ScrollToTextKeyword.groovy:80)
	at com.kms.katalon.core.mobile.keyword.builtin.ScrollToTextKeyword.execute(ScrollToTextKeyword.groovy:38)
	at com.kms.katalon.core.keyword.internal.KeywordExecutor.executeKeywordForPlatform(KeywordExecutor.groovy:74)
	at com.kms.katalon.core.mobile.keyword.MobileBuiltInKeywords.scrollToText(MobileBuiltInKeywords.groovy:1969)
	at Script1745308199940.run(Script1745308199940.groovy:64)
	... 15 more
)

29-04-2025T11:32:07 - [MESSAGE][FAILED] - Unable to scroll to text 'recommended for you' (Root cause: com.kms.katalon.core.exception.StepFailedException: Unable to scroll to text 'recommended for you'
	at com.kms.katalon.core.mobile.keyword.internal.MobileKeywordMain.stepFailed(MobileKeywordMain.groovy:64)
	at com.kms.katalon.core.mobile.keyword.internal.MobileKeywordMain.runKeyword(MobileKeywordMain.groovy:34)
	at com.kms.katalon.core.mobile.keyword.internal.MobileKeywordMain$runKeyword.call(Unknown Source)
	at com.kms.katalon.core.mobile.keyword.builtin.ScrollToTextKeyword.scrollToText(ScrollToTextKeyword.groovy:80)
	at com.kms.katalon.core.mobile.keyword.builtin.ScrollToTextKeyword.execute(ScrollToTextKeyword.groovy:38)
	at com.kms.katalon.core.keyword.internal.KeywordExecutor.executeKeywordForPlatform(KeywordExecutor.groovy:74)
	at com.kms.katalon.core.mobile.keyword.MobileBuiltInKeywords.scrollToText(MobileBuiltInKeywords.groovy:1969)
	at C768_BookARentalTile_RentalTileIsDIsplayedCorrectly.run(C768_BookARentalTile_RentalTileIsDIsplayedCorrectly:64)
	at com.kms.katalon.core.main.ScriptEngine.run(ScriptEngine.java:194)
	at com.kms.katalon.core.main.ScriptEngine.runScriptAsRawText(ScriptEngine.java:119)
	at com.kms.katalon.core.main.TestCaseExecutor.runScript(TestCaseExecutor.java:448)
	at com.kms.katalon.core.main.TestCaseExecutor.doExecute(TestCaseExecutor.java:439)
	at com.kms.katalon.core.main.TestCaseExecutor.processExecutionPhase(TestCaseExecutor.java:418)
	at com.kms.katalon.core.main.TestCaseExecutor.accessMainPhase(TestCaseExecutor.java:410)
	at com.kms.katalon.core.main.TestCaseExecutor.execute(TestCaseExecutor.java:285)
	at com.kms.katalon.core.common.CommonExecutor.accessTestCaseMainPhase(CommonExecutor.java:71)
	at com.kms.katalon.core.main.TestSuiteExecutor.accessTestSuiteMainPhase(TestSuiteExecutor.java:160)
	at com.kms.katalon.core.main.TestSuiteExecutor.execute(TestSuiteExecutor.java:107)
	at com.kms.katalon.core.main.TestCaseMain.startTestSuite(TestCaseMain.java:180)
	at TempTestSuite1745903984460.run(TempTestSuite1745903984460.groovy:35)
	at java.base/jdk.internal.reflect.NativeMethodAccessorImpl.invoke0(Native Method)
	at java.base/jdk.internal.reflect.NativeMethodAccessorImpl.invoke(NativeMethodAccessorImpl.java:77)
	at java.base/jdk.internal.reflect.DelegatingMethodAccessorImpl.invoke(DelegatingMethodAccessorImpl.java:43)
Caused by: org.openqa.selenium.NoSuchElementException: An element could not be located on the page using the given search parameters.
For documentation on this error, please visit: https://www.selenium.dev/documentation/webdriver/troubleshooting/errors#no-such-element-exception
Build info: version: '4.22.0', revision: 'c5f3146703'
System info: os.name: 'Mac OS X', os.arch: 'aarch64', os.version: '15.4.1', java.version: '17.0.14'
Driver info: io.appium.java_client.android.AndroidDriver
Command: [ffc0fabd-ec39-4658-83cd-deeaa26767ac, findElement {using=-android uiautomator, value=new UiScrollable(new UiSelector().scrollable(true).instance(0)).scrollIntoView(new UiSelector().textContains("recommended for you"))}]
Capabilities {appium:app: /Users/gv.vignesh/Downloads..., appium:appActivity: westgate_xamarin.android.Ma..., appium:appPackage: westgate_xamarin.android.debug, appium:autoGrantPermissions: true, appium:automationName: uiautomator2, appium:databaseEnabled: false, appium:desired: {app: /Users/gv.vignesh/Downloads..., autoGrantPermissions: true, automationName: uiautomator2, deviceId: , deviceName: Xiaomi 23076PC4BI (Android 15), fullReset: true, newCommandTimeout: 1800, noReset: false, platformName: ANDROID, platformVersion: 15, systemPort: 55472, udid: a6e538dc5180, uiautomator2ServerInstallTimeout: 0}, appium:deviceApiLevel: 35, appium:deviceId: , appium:deviceManufacturer: Xiaomi, appium:deviceModel: 23076PC4BI, appium:deviceName: a6e538dc5180, appium:deviceScreenDensity: 440, appium:deviceScreenSize: 1080x2460, appium:deviceUDID: a6e538dc5180, appium:fullReset: true, appium:javascriptEnabled: true, appium:locationContextEnabled: false, appium:networkConnectionEnabled: true, appium:newCommandTimeout: 1800, appium:noReset: false, appium:pixelRatio: 2.75, appium:platformVersion: 15, appium:statBarHeight: 104, appium:systemPort: 55472, appium:takesScreenshot: true, appium:udid: a6e538dc5180, appium:uiautomator2ServerInstallTimeout: 0, appium:viewportRect: {height: 2356, left: 0, top: 104, width: 1080}, appium:warnings: {}, appium:webStorageEnabled: false, platformName: ANDROID}
Session ID: ffc0fabd-ec39-4658-83cd-deeaa26767ac
	at java.base/jdk.internal.reflect.NativeConstructorAccessorImpl.newInstance0(Native Method)
	at java.base/jdk.internal.reflect.NativeConstructorAccessorImpl.newInstance(NativeConstructorAccessorImpl.java:77)
	at java.base/jdk.internal.reflect.DelegatingConstructorAccessorImpl.newInstance(DelegatingConstructorAccessorImpl.java:45)
	at org.openqa.selenium.remote.ErrorCodec.decode(ErrorCodec.java:167)
	at org.openqa.selenium.remote.codec.w3c.W3CHttpResponseCodec.decode(W3CHttpResponseCodec.java:138)
	at org.openqa.selenium.remote.codec.w3c.W3CHttpResponseCodec.decode(W3CHttpResponseCodec.java:50)
	at org.openqa.selenium.remote.HttpCommandExecutor.execute(HttpCommandExecutor.java:190)
	at io.appium.java_client.remote.AppiumCommandExecutor.execute(AppiumCommandExecutor.java:237)
	at org.openqa.selenium.remote.RemoteWebDriver.execute(RemoteWebDriver.java:518)
	at org.openqa.selenium.remote.ElementLocation$ElementFinder$2.findElement(ElementLocation.java:165)
	at org.openqa.selenium.remote.ElementLocation.findElement(ElementLocation.java:66)
	at org.openqa.selenium.remote.RemoteWebDriver.findElement(RemoteWebDriver.java:355)
	at org.openqa.selenium.remote.RemoteWebDriver.findElement(RemoteWebDriver.java:349)
	at org.openqa.selenium.WebDriver$findElement$0.call(Unknown Source)
	at com.kms.katalon.core.mobile.keyword.builtin.ScrollToTextKeyword$_scrollToText_closure1.doCall(ScrollToTextKeyword.groovy:59)
	at com.kms.katalon.core.mobile.keyword.builtin.ScrollToTextKeyword$_scrollToText_closure1.doCall(ScrollToTextKeyword.groovy)
	at java.base/jdk.internal.reflect.NativeMethodAccessorImpl.invoke0(Native Method)
	at java.base/jdk.internal.reflect.NativeMethodAccessorImpl.invoke(NativeMethodAccessorImpl.java:77)
	at java.base/jdk.internal.reflect.DelegatingMethodAccessorImpl.invoke(DelegatingMethodAccessorImpl.java:43)
	at com.kms.katalon.core.mobile.keyword.internal.MobileKeywordMain.runKeyword(MobileKeywordMain.groovy:30)
	at com.kms.katalon.core.mobile.keyword.internal.MobileKeywordMain$runKeyword.call(Unknown Source)
	at com.kms.katalon.core.mobile.keyword.builtin.ScrollToTextKeyword.scrollToText(ScrollToTextKeyword.groovy:80)
	at com.kms.katalon.core.mobile.keyword.builtin.ScrollToTextKeyword.execute(ScrollToTextKeyword.groovy:38)
	at com.kms.katalon.core.keyword.internal.KeywordExecutor.executeKeywordForPlatform(KeywordExecutor.groovy:74)
	at com.kms.katalon.core.mobile.keyword.MobileBuiltInKeywords.scrollToText(MobileBuiltInKeywords.groovy:1969)
	at Script1745308199940.run(Script1745308199940.groovy:64)
	... 15 more
)
[[ATTACHMENT|/Users/gv.vignesh/Downloads/WGR-Android-Automation/Reports/20250429_104944/Android Regression/20250429_104944/1745906526561.png]]]]></system-out>
         <system-err><![CDATA[29-04-2025T11:28:42 - [TEST_CASE][FAILED] - Test Cases/Book A Rental Tile/C768_BookARentalTile_RentalTileIsDIsplayedCorrectly: Test Cases/Book A Rental Tile/C768_BookARentalTile_RentalTileIsDIsplayedCorrectly FAILED.
Reason:
com.kms.katalon.core.exception.StepFailedException: Unable to scroll to text 'recommended for you'
	at com.kms.katalon.core.mobile.keyword.internal.MobileKeywordMain.stepFailed(MobileKeywordMain.groovy:64)
	at com.kms.katalon.core.mobile.keyword.internal.MobileKeywordMain.runKeyword(MobileKeywordMain.groovy:34)
	at com.kms.katalon.core.mobile.keyword.internal.MobileKeywordMain$runKeyword.call(Unknown Source)
	at com.kms.katalon.core.mobile.keyword.builtin.ScrollToTextKeyword.scrollToText(ScrollToTextKeyword.groovy:80)
	at com.kms.katalon.core.mobile.keyword.builtin.ScrollToTextKeyword.execute(ScrollToTextKeyword.groovy:38)
	at com.kms.katalon.core.keyword.internal.KeywordExecutor.executeKeywordForPlatform(KeywordExecutor.groovy:74)
	at com.kms.katalon.core.mobile.keyword.MobileBuiltInKeywords.scrollToText(MobileBuiltInKeywords.groovy:1969)
	at C768_BookARentalTile_RentalTileIsDIsplayedCorrectly.run(C768_BookARentalTile_RentalTileIsDIsplayedCorrectly:64)
	at com.kms.katalon.core.main.ScriptEngine.run(ScriptEngine.java:194)
	at com.kms.katalon.core.main.ScriptEngine.runScriptAsRawText(ScriptEngine.java:119)
	at com.kms.katalon.core.main.TestCaseExecutor.runScript(TestCaseExecutor.java:448)
	at com.kms.katalon.core.main.TestCaseExecutor.doExecute(TestCaseExecutor.java:439)
	at com.kms.katalon.core.main.TestCaseExecutor.processExecutionPhase(TestCaseExecutor.java:418)
	at com.kms.katalon.core.main.TestCaseExecutor.accessMainPhase(TestCaseExecutor.java:410)
	at com.kms.katalon.core.main.TestCaseExecutor.execute(TestCaseExecutor.java:285)
	at com.kms.katalon.core.common.CommonExecutor.accessTestCaseMainPhase(CommonExecutor.java:71)
	at com.kms.katalon.core.main.TestSuiteExecutor.accessTestSuiteMainPhase(TestSuiteExecutor.java:160)
	at com.kms.katalon.core.main.TestSuiteExecutor.execute(TestSuiteExecutor.java:107)
	at com.kms.katalon.core.main.TestCaseMain.startTestSuite(TestCaseMain.java:180)
	at TempTestSuite1745903984460.run(TempTestSuite1745903984460.groovy:35)
	at java.base/jdk.internal.reflect.NativeMethodAccessorImpl.invoke0(Native Method)
	at java.base/jdk.internal.reflect.NativeMethodAccessorImpl.invoke(NativeMethodAccessorImpl.java:77)
	at java.base/jdk.internal.reflect.DelegatingMethodAccessorImpl.invoke(DelegatingMethodAccessorImpl.java:43)
Caused by: org.openqa.selenium.NoSuchElementException: An element could not be located on the page using the given search parameters.
For documentation on this error, please visit: https://www.selenium.dev/documentation/webdriver/troubleshooting/errors#no-such-element-exception
Build info: version: '4.22.0', revision: 'c5f3146703'
System info: os.name: 'Mac OS X', os.arch: 'aarch64', os.version: '15.4.1', java.version: '17.0.14'
Driver info: io.appium.java_client.android.AndroidDriver
Command: [ffc0fabd-ec39-4658-83cd-deeaa26767ac, findElement {using=-android uiautomator, value=new UiScrollable(new UiSelector().scrollable(true).instance(0)).scrollIntoView(new UiSelector().textContains("recommended for you"))}]
Capabilities {appium:app: /Users/gv.vignesh/Downloads..., appium:appActivity: westgate_xamarin.android.Ma..., appium:appPackage: westgate_xamarin.android.debug, appium:autoGrantPermissions: true, appium:automationName: uiautomator2, appium:databaseEnabled: false, appium:desired: {app: /Users/gv.vignesh/Downloads..., autoGrantPermissions: true, automationName: uiautomator2, deviceId: , deviceName: Xiaomi 23076PC4BI (Android 15), fullReset: true, newCommandTimeout: 1800, noReset: false, platformName: ANDROID, platformVersion: 15, systemPort: 55472, udid: a6e538dc5180, uiautomator2ServerInstallTimeout: 0}, appium:deviceApiLevel: 35, appium:deviceId: , appium:deviceManufacturer: Xiaomi, appium:deviceModel: 23076PC4BI, appium:deviceName: a6e538dc5180, appium:deviceScreenDensity: 440, appium:deviceScreenSize: 1080x2460, appium:deviceUDID: a6e538dc5180, appium:fullReset: true, appium:javascriptEnabled: true, appium:locationContextEnabled: false, appium:networkConnectionEnabled: true, appium:newCommandTimeout: 1800, appium:noReset: false, appium:pixelRatio: 2.75, appium:platformVersion: 15, appium:statBarHeight: 104, appium:systemPort: 55472, appium:takesScreenshot: true, appium:udid: a6e538dc5180, appium:uiautomator2ServerInstallTimeout: 0, appium:viewportRect: {height: 2356, left: 0, top: 104, width: 1080}, appium:warnings: {}, appium:webStorageEnabled: false, platformName: ANDROID}
Session ID: ffc0fabd-ec39-4658-83cd-deeaa26767ac
	at java.base/jdk.internal.reflect.NativeConstructorAccessorImpl.newInstance0(Native Method)
	at java.base/jdk.internal.reflect.NativeConstructorAccessorImpl.newInstance(NativeConstructorAccessorImpl.java:77)
	at java.base/jdk.internal.reflect.DelegatingConstructorAccessorImpl.newInstance(DelegatingConstructorAccessorImpl.java:45)
	at org.openqa.selenium.remote.ErrorCodec.decode(ErrorCodec.java:167)
	at org.openqa.selenium.remote.codec.w3c.W3CHttpResponseCodec.decode(W3CHttpResponseCodec.java:138)
	at org.openqa.selenium.remote.codec.w3c.W3CHttpResponseCodec.decode(W3CHttpResponseCodec.java:50)
	at org.openqa.selenium.remote.HttpCommandExecutor.execute(HttpCommandExecutor.java:190)
	at io.appium.java_client.remote.AppiumCommandExecutor.execute(AppiumCommandExecutor.java:237)
	at org.openqa.selenium.remote.RemoteWebDriver.execute(RemoteWebDriver.java:518)
	at org.openqa.selenium.remote.ElementLocation$ElementFinder$2.findElement(ElementLocation.java:165)
	at org.openqa.selenium.remote.ElementLocation.findElement(ElementLocation.java:66)
	at org.openqa.selenium.remote.RemoteWebDriver.findElement(RemoteWebDriver.java:355)
	at org.openqa.selenium.remote.RemoteWebDriver.findElement(RemoteWebDriver.java:349)
	at org.openqa.selenium.WebDriver$findElement$0.call(Unknown Source)
	at com.kms.katalon.core.mobile.keyword.builtin.ScrollToTextKeyword$_scrollToText_closure1.doCall(ScrollToTextKeyword.groovy:59)
	at com.kms.katalon.core.mobile.keyword.builtin.ScrollToTextKeyword$_scrollToText_closure1.doCall(ScrollToTextKeyword.groovy)
	at java.base/jdk.internal.reflect.NativeMethodAccessorImpl.invoke0(Native Method)
	at java.base/jdk.internal.reflect.NativeMethodAccessorImpl.invoke(NativeMethodAccessorImpl.java:77)
	at java.base/jdk.internal.reflect.DelegatingMethodAccessorImpl.invoke(DelegatingMethodAccessorImpl.java:43)
	at com.kms.katalon.core.mobile.keyword.internal.MobileKeywordMain.runKeyword(MobileKeywordMain.groovy:30)
	... 21 more]]></system-err>
      </testcase>
      <testcase name="Test Cases/Book A Rental Tile/C790_C777_BookARentalTile_RenterLandingPage" time="183.807" classname="Test Cases/Book A Rental Tile/C790_C777_BookARentalTile_RenterLandingPage" status="FAILED">
         <failure type="FAILED" message="Test Cases/Book A Rental Tile/C790_C777_BookARentalTile_RenterLandingPage FAILED.&#xa;Reason:&#xa;java.lang.AssertionError: Verification failed for Object Repository/Repo/SignUpNewUser/android.widget.TextView - Book a Rental. Expression: false&#xa;	at C790_C777_BookARentalTile_RenterLandingPage.verifyElementWithContinue(C790_C777_BookARentalTile_RenterLandingPage:125)&#xa;	at C790_C777_BookARentalTile_RenterLandingPage.run(C790_C777_BookARentalTile_RenterLandingPage:86)&#xa;	at com.kms.katalon.core.main.ScriptEngine.run(ScriptEngine.java:194)&#xa;	at com.kms.katalon.core.main.ScriptEngine.runScriptAsRawText(ScriptEngine.java:119)&#xa;	at com.kms.katalon.core.main.TestCaseExecutor.runScript(TestCaseExecutor.java:448)&#xa;	at com.kms.katalon.core.main.TestCaseExecutor.doExecute(TestCaseExecutor.java:439)&#xa;	at com.kms.katalon.core.main.TestCaseExecutor.processExecutionPhase(TestCaseExecutor.java:418)&#xa;	at com.kms.katalon.core.main.TestCaseExecutor.accessMainPhase(TestCaseExecutor.java:410)&#xa;	at com.kms.katalon.core.main.TestCaseExecutor.execute(TestCaseExecutor.java:285)&#xa;	at com.kms.katalon.core.common.CommonExecutor.accessTestCaseMainPhase(CommonExecutor.java:71)&#xa;	at com.kms.katalon.core.main.TestSuiteExecutor.accessTestSuiteMainPhase(TestSuiteExecutor.java:160)&#xa;	at com.kms.katalon.core.main.TestSuiteExecutor.execute(TestSuiteExecutor.java:107)&#xa;	at com.kms.katalon.core.main.TestCaseMain.startTestSuite(TestCaseMain.java:180)&#xa;	at TempTestSuite1745903984460.run(TempTestSuite1745903984460.groovy:35)&#xa;	at java.base/jdk.internal.reflect.NativeMethodAccessorImpl.invoke0(Native Method)&#xa;	at java.base/jdk.internal.reflect.NativeMethodAccessorImpl.invoke(NativeMethodAccessorImpl.java:77)&#xa;	at java.base/jdk.internal.reflect.DelegatingMethodAccessorImpl.invoke(DelegatingMethodAccessorImpl.java:43)&#xa;"/>
         <system-out><![CDATA[29-04-2025T11:32:07 - [TEST_CASE][FAILED] - Test Cases/Book A Rental Tile/C790_C777_BookARentalTile_RenterLandingPage: Test Cases/Book A Rental Tile/C790_C777_BookARentalTile_RenterLandingPage FAILED.
Reason:
java.lang.AssertionError: Verification failed for Object Repository/Repo/SignUpNewUser/android.widget.TextView - Book a Rental. Expression: false
	at C790_C777_BookARentalTile_RenterLandingPage.verifyElementWithContinue(C790_C777_BookARentalTile_RenterLandingPage:125)
	at C790_C777_BookARentalTile_RenterLandingPage.run(C790_C777_BookARentalTile_RenterLandingPage:86)
	at com.kms.katalon.core.main.ScriptEngine.run(ScriptEngine.java:194)
	at com.kms.katalon.core.main.ScriptEngine.runScriptAsRawText(ScriptEngine.java:119)
	at com.kms.katalon.core.main.TestCaseExecutor.runScript(TestCaseExecutor.java:448)
	at com.kms.katalon.core.main.TestCaseExecutor.doExecute(TestCaseExecutor.java:439)
	at com.kms.katalon.core.main.TestCaseExecutor.processExecutionPhase(TestCaseExecutor.java:418)
	at com.kms.katalon.core.main.TestCaseExecutor.accessMainPhase(TestCaseExecutor.java:410)
	at com.kms.katalon.core.main.TestCaseExecutor.execute(TestCaseExecutor.java:285)
	at com.kms.katalon.core.common.CommonExecutor.accessTestCaseMainPhase(CommonExecutor.java:71)
	at com.kms.katalon.core.main.TestSuiteExecutor.accessTestSuiteMainPhase(TestSuiteExecutor.java:160)
	at com.kms.katalon.core.main.TestSuiteExecutor.execute(TestSuiteExecutor.java:107)
	at com.kms.katalon.core.main.TestCaseMain.startTestSuite(TestCaseMain.java:180)
	at TempTestSuite1745903984460.run(TempTestSuite1745903984460.groovy:35)
	at java.base/jdk.internal.reflect.NativeMethodAccessorImpl.invoke0(Native Method)
	at java.base/jdk.internal.reflect.NativeMethodAccessorImpl.invoke(NativeMethodAccessorImpl.java:77)
	at java.base/jdk.internal.reflect.DelegatingMethodAccessorImpl.invoke(DelegatingMethodAccessorImpl.java:43)


29-04-2025T11:32:08 - [TEST_STEP][PASSED] - testData = findTestData("Data Files/C790"): null

29-04-2025T11:32:08 - [TEST_STEP][PASSED] - email = testData.getValue("email", 1): null

29-04-2025T11:32:08 - [TEST_STEP][PASSED] - password = testData.getValue("password", 1): null

29-04-2025T11:32:08 - [TEST_STEP][PASSED] - startApplication(appUrl, true): Started application: '/Users/gv.vignesh/Downloads/WGR-Android-Automation/App Folder/app-debug-2.99.75.apk'

29-04-2025T11:32:08 - [MESSAGE][INFO] - Starting application: '/Users/gv.vignesh/Downloads/WGR-Android-Automation/App Folder/app-debug-2.99.75.apk'

29-04-2025T11:32:08 - [MESSAGE][INFO] - User set preference: ['uiautomator2ServerInstallTimeout', '0']

29-04-2025T11:32:08 - [MESSAGE][INFO] - User set preference: ['deviceId', '']

29-04-2025T11:32:29 - [MESSAGE][PASSED] - Started application: '/Users/gv.vignesh/Downloads/WGR-Android-Automation/App Folder/app-debug-2.99.75.apk'

29-04-2025T11:32:29 - [TEST_STEP][PASSED] - delay(10): Delayed 10 second(s)

29-04-2025T11:32:39 - [MESSAGE][PASSED] - Delayed 10 second(s)

29-04-2025T11:32:39 - [TEST_STEP][PASSED] - tap(findTestObject("Object Repository/Repo/SignUpNewUser/android.widget.Button - Login or Sign Up (1)"), 0): Tapped on element 'Object Repository/Repo/SignUpNewUser/android.widget.Button - Login or Sign Up (1)'

29-04-2025T11:32:39 - [MESSAGE][WARNING] - Timeout '0' is invalid. Using default page load timeout: '30'

29-04-2025T11:32:40 - [MESSAGE][PASSED] - Tapped on element 'Object Repository/Repo/SignUpNewUser/android.widget.Button - Login or Sign Up (1)'

29-04-2025T11:32:40 - [TEST_STEP][PASSED] - delay(10): Delayed 10 second(s)

29-04-2025T11:32:50 - [MESSAGE][PASSED] - Delayed 10 second(s)

29-04-2025T11:32:50 - [TEST_STEP][PASSED] - setText(findTestObject("Object Repository/Repo/SignUpNewUser/android.widget.EditText-LoginPage"), email, 0): Text 'CGARNER024@GMAIL.COM' has been set to element 'Object Repository/Repo/SignUpNewUser/android.widget.EditText-LoginPage'

29-04-2025T11:32:50 - [MESSAGE][WARNING] - Timeout '0' is invalid. Using default page load timeout: '30'

29-04-2025T11:32:51 - [MESSAGE][PASSED] - Text 'CGARNER024@GMAIL.COM' has been set to element 'Object Repository/Repo/SignUpNewUser/android.widget.EditText-LoginPage'

29-04-2025T11:32:51 - [TEST_STEP][PASSED] - hideKeyboard(): Keyboard is hidden

29-04-2025T11:32:53 - [MESSAGE][PASSED] - Keyboard is hidden

29-04-2025T11:32:53 - [TEST_STEP][PASSED] - delay(10): Delayed 10 second(s)

29-04-2025T11:33:03 - [MESSAGE][PASSED] - Delayed 10 second(s)

29-04-2025T11:33:03 - [TEST_STEP][PASSED] - tap(findTestObject("Object Repository/Repo/SignUpNewUser/android.widget.Button - Next (4)"), 0): Tapped on element 'Object Repository/Repo/SignUpNewUser/android.widget.Button - Next (4)'

29-04-2025T11:33:03 - [MESSAGE][WARNING] - Timeout '0' is invalid. Using default page load timeout: '30'

29-04-2025T11:33:04 - [MESSAGE][PASSED] - Tapped on element 'Object Repository/Repo/SignUpNewUser/android.widget.Button - Next (4)'

29-04-2025T11:33:04 - [TEST_STEP][PASSED] - delay(30): Delayed 30 second(s)

29-04-2025T11:33:34 - [MESSAGE][PASSED] - Delayed 30 second(s)

29-04-2025T11:33:34 - [TEST_STEP][PASSED] - setText(findTestObject("Object Repository/Repo/SignUpNewUser/android.widget.EditText (24)"), email, 0): Text 'CGARNER024@GMAIL.COM' has been set to element 'Object Repository/Repo/SignUpNewUser/android.widget.EditText (24)'

29-04-2025T11:33:34 - [MESSAGE][WARNING] - Timeout '0' is invalid. Using default page load timeout: '30'

29-04-2025T11:33:35 - [MESSAGE][PASSED] - Text 'CGARNER024@GMAIL.COM' has been set to element 'Object Repository/Repo/SignUpNewUser/android.widget.EditText (24)'

29-04-2025T11:33:35 - [TEST_STEP][PASSED] - hideKeyboard(): Keyboard is hidden

29-04-2025T11:33:36 - [MESSAGE][PASSED] - Keyboard is hidden

29-04-2025T11:33:36 - [TEST_STEP][PASSED] - delay(20): Delayed 20 second(s)

29-04-2025T11:33:56 - [MESSAGE][PASSED] - Delayed 20 second(s)

29-04-2025T11:33:56 - [TEST_STEP][PASSED] - setText(findTestObject("Object Repository/Repo/SignUpNewUser/android.widget.EditText (25)"), password, 0): Text 'password' has been set to element 'Object Repository/Repo/SignUpNewUser/android.widget.EditText (25)'

29-04-2025T11:33:56 - [MESSAGE][WARNING] - Timeout '0' is invalid. Using default page load timeout: '30'

29-04-2025T11:33:57 - [MESSAGE][PASSED] - Text 'password' has been set to element 'Object Repository/Repo/SignUpNewUser/android.widget.EditText (25)'

29-04-2025T11:33:57 - [TEST_STEP][PASSED] - hideKeyboard(): Keyboard is hidden

29-04-2025T11:33:58 - [MESSAGE][PASSED] - Keyboard is hidden

29-04-2025T11:33:58 - [TEST_STEP][PASSED] - delay(20): Delayed 20 second(s)

29-04-2025T11:34:18 - [MESSAGE][PASSED] - Delayed 20 second(s)

29-04-2025T11:34:18 - [TEST_STEP][PASSED] - tap(findTestObject("Object Repository/Repo/SignUpNewUser/android.widget.Button - LOGIN"), 0): Tapped on element 'Object Repository/Repo/SignUpNewUser/android.widget.Button - LOGIN'

29-04-2025T11:34:18 - [MESSAGE][WARNING] - Timeout '0' is invalid. Using default page load timeout: '30'

29-04-2025T11:34:19 - [MESSAGE][PASSED] - Tapped on element 'Object Repository/Repo/SignUpNewUser/android.widget.Button - LOGIN'

29-04-2025T11:34:19 - [TEST_STEP][PASSED] - delay(20): Delayed 20 second(s)

29-04-2025T11:34:39 - [MESSAGE][PASSED] - Delayed 20 second(s)

29-04-2025T11:34:39 - [TEST_STEP][PASSED] - tap(findTestObject("Object Repository/Repo/SignUpNewUser/android.view.View - My Account"), 0): Tapped on element 'Object Repository/Repo/SignUpNewUser/android.view.View - My Account'

29-04-2025T11:34:39 - [MESSAGE][WARNING] - Timeout '0' is invalid. Using default page load timeout: '30'

29-04-2025T11:34:40 - [MESSAGE][PASSED] - Tapped on element 'Object Repository/Repo/SignUpNewUser/android.view.View - My Account'

29-04-2025T11:34:40 - [TEST_STEP][PASSED] - delay(5): Delayed 5 second(s)

29-04-2025T11:34:45 - [MESSAGE][PASSED] - Delayed 5 second(s)

29-04-2025T11:34:45 - [TEST_STEP][PASSED] - verifyElementWithContinue("Object Repository/Repo/SignUpNewUser/android.widget.TextView - Add An Account Number"): null

29-04-2025T11:34:45 - [TEST_STEP][PASSED] - try: Element 'Object Repository/Repo/SignUpNewUser/android.widget.TextView - Add An Account Number' is exist

29-04-2025T11:34:45 - [TEST_STEP][PASSED] - verifyElementExist(findTestObject(objectPath), 10, STOP_ON_FAILURE): Element 'Object Repository/Repo/SignUpNewUser/android.widget.TextView - Add An Account Number' is exist

29-04-2025T11:34:45 - [MESSAGE][PASSED] - Element 'Object Repository/Repo/SignUpNewUser/android.widget.TextView - Add An Account Number' is exist

29-04-2025T11:34:45 - [TEST_STEP][PASSED] - delay(3): Delayed 3 second(s)

29-04-2025T11:34:48 - [MESSAGE][PASSED] - Delayed 3 second(s)

29-04-2025T11:34:48 - [TEST_STEP][PASSED] - verifyElementWithContinue("Object Repository/Repo/SignUpNewUser/android.view.View (3)"): null

29-04-2025T11:34:48 - [TEST_STEP][PASSED] - try: Element 'Object Repository/Repo/SignUpNewUser/android.view.View (3)' is exist

29-04-2025T11:34:48 - [TEST_STEP][PASSED] - verifyElementExist(findTestObject(objectPath), 10, STOP_ON_FAILURE): Element 'Object Repository/Repo/SignUpNewUser/android.view.View (3)' is exist

29-04-2025T11:34:48 - [MESSAGE][PASSED] - Element 'Object Repository/Repo/SignUpNewUser/android.view.View (3)' is exist

29-04-2025T11:34:48 - [TEST_STEP][PASSED] - delay(3): Delayed 3 second(s)

29-04-2025T11:34:51 - [MESSAGE][PASSED] - Delayed 3 second(s)

29-04-2025T11:34:51 - [TEST_STEP][PASSED] - delay(3): Delayed 3 second(s)

29-04-2025T11:34:54 - [MESSAGE][PASSED] - Delayed 3 second(s)

29-04-2025T11:34:54 - [TEST_STEP][PASSED] - verifyElementWithContinue("Object Repository/Repo/SignUpNewUser/android.widget.TextView - Book a Rental"): null

29-04-2025T11:34:54 - [TEST_STEP][FAILED] - try: Failed to check for element 'Object Repository/Repo/SignUpNewUser/android.widget.TextView - Book a Rental' exist (Root cause: com.kms.katalon.core.exception.StepFailedException: Failed to check for element 'Object Repository/Repo/SignUpNewUser/android.widget.TextView - Book a Rental' exist
	at com.kms.katalon.core.mobile.keyword.internal.MobileKeywordMain.stepFailed(MobileKeywordMain.groovy:64)
	at com.kms.katalon.core.mobile.keyword.internal.MobileKeywordMain.runKeyword(MobileKeywordMain.groovy:34)
	at com.kms.katalon.core.mobile.keyword.builtin.VerifyElementExistKeyword.verifyElementExist(VerifyElementExistKeyword.groovy:51)
	at com.kms.katalon.core.mobile.keyword.builtin.VerifyElementExistKeyword.execute(VerifyElementExistKeyword.groovy:35)
	at com.kms.katalon.core.keyword.internal.KeywordExecutor.executeKeywordForPlatform(KeywordExecutor.groovy:74)
	at com.kms.katalon.core.mobile.keyword.MobileBuiltInKeywords.verifyElementExist(MobileBuiltInKeywords.groovy:1710)
	at C790_C777_BookARentalTile_RenterLandingPage.verifyElementWithContinue(C790_C777_BookARentalTile_RenterLandingPage:118)
	at C790_C777_BookARentalTile_RenterLandingPage.run(C790_C777_BookARentalTile_RenterLandingPage:86)
	at com.kms.katalon.core.main.ScriptEngine.run(ScriptEngine.java:194)
	at com.kms.katalon.core.main.ScriptEngine.runScriptAsRawText(ScriptEngine.java:119)
	at com.kms.katalon.core.main.TestCaseExecutor.runScript(TestCaseExecutor.java:448)
	at com.kms.katalon.core.main.TestCaseExecutor.doExecute(TestCaseExecutor.java:439)
	at com.kms.katalon.core.main.TestCaseExecutor.processExecutionPhase(TestCaseExecutor.java:418)
	at com.kms.katalon.core.main.TestCaseExecutor.accessMainPhase(TestCaseExecutor.java:410)
	at com.kms.katalon.core.main.TestCaseExecutor.execute(TestCaseExecutor.java:285)
	at com.kms.katalon.core.common.CommonExecutor.accessTestCaseMainPhase(CommonExecutor.java:71)
	at com.kms.katalon.core.main.TestSuiteExecutor.accessTestSuiteMainPhase(TestSuiteExecutor.java:160)
	at com.kms.katalon.core.main.TestSuiteExecutor.execute(TestSuiteExecutor.java:107)
	at com.kms.katalon.core.main.TestCaseMain.startTestSuite(TestCaseMain.java:180)
	at TempTestSuite1745903984460.run(TempTestSuite1745903984460.groovy:35)
	at java.base/jdk.internal.reflect.NativeMethodAccessorImpl.invoke0(Native Method)
	at java.base/jdk.internal.reflect.NativeMethodAccessorImpl.invoke(NativeMethodAccessorImpl.java:77)
	at java.base/jdk.internal.reflect.DelegatingMethodAccessorImpl.invoke(DelegatingMethodAccessorImpl.java:43)
Caused by: com.kms.katalon.core.exception.StepFailedException: Element 'Object Repository/Repo/SignUpNewUser/android.widget.TextView - Book a Rental' not found
	at com.kms.katalon.core.mobile.keyword.internal.MobileKeywordMain.stepFailed(MobileKeywordMain.groovy:64)
	at com.kms.katalon.core.mobile.keyword.builtin.VerifyElementExistKeyword$_verifyElementExist_closure1.doCall(VerifyElementExistKeyword.groovy:48)
	at com.kms.katalon.core.mobile.keyword.builtin.VerifyElementExistKeyword$_verifyElementExist_closure1.call(VerifyElementExistKeyword.groovy)
	at com.kms.katalon.core.mobile.keyword.internal.MobileKeywordMain.runKeyword(MobileKeywordMain.groovy:30)
	... 21 more
)

29-04-2025T11:34:54 - [TEST_STEP][FAILED] - verifyElementExist(findTestObject(objectPath), 10, STOP_ON_FAILURE): Failed to check for element 'Object Repository/Repo/SignUpNewUser/android.widget.TextView - Book a Rental' exist (Root cause: com.kms.katalon.core.exception.StepFailedException: Failed to check for element 'Object Repository/Repo/SignUpNewUser/android.widget.TextView - Book a Rental' exist
	at com.kms.katalon.core.mobile.keyword.internal.MobileKeywordMain.stepFailed(MobileKeywordMain.groovy:64)
	at com.kms.katalon.core.mobile.keyword.internal.MobileKeywordMain.runKeyword(MobileKeywordMain.groovy:34)
	at com.kms.katalon.core.mobile.keyword.builtin.VerifyElementExistKeyword.verifyElementExist(VerifyElementExistKeyword.groovy:51)
	at com.kms.katalon.core.mobile.keyword.builtin.VerifyElementExistKeyword.execute(VerifyElementExistKeyword.groovy:35)
	at com.kms.katalon.core.keyword.internal.KeywordExecutor.executeKeywordForPlatform(KeywordExecutor.groovy:74)
	at com.kms.katalon.core.mobile.keyword.MobileBuiltInKeywords.verifyElementExist(MobileBuiltInKeywords.groovy:1710)
	at C790_C777_BookARentalTile_RenterLandingPage.verifyElementWithContinue(C790_C777_BookARentalTile_RenterLandingPage:118)
	at C790_C777_BookARentalTile_RenterLandingPage.run(C790_C777_BookARentalTile_RenterLandingPage:86)
	at com.kms.katalon.core.main.ScriptEngine.run(ScriptEngine.java:194)
	at com.kms.katalon.core.main.ScriptEngine.runScriptAsRawText(ScriptEngine.java:119)
	at com.kms.katalon.core.main.TestCaseExecutor.runScript(TestCaseExecutor.java:448)
	at com.kms.katalon.core.main.TestCaseExecutor.doExecute(TestCaseExecutor.java:439)
	at com.kms.katalon.core.main.TestCaseExecutor.processExecutionPhase(TestCaseExecutor.java:418)
	at com.kms.katalon.core.main.TestCaseExecutor.accessMainPhase(TestCaseExecutor.java:410)
	at com.kms.katalon.core.main.TestCaseExecutor.execute(TestCaseExecutor.java:285)
	at com.kms.katalon.core.common.CommonExecutor.accessTestCaseMainPhase(CommonExecutor.java:71)
	at com.kms.katalon.core.main.TestSuiteExecutor.accessTestSuiteMainPhase(TestSuiteExecutor.java:160)
	at com.kms.katalon.core.main.TestSuiteExecutor.execute(TestSuiteExecutor.java:107)
	at com.kms.katalon.core.main.TestCaseMain.startTestSuite(TestCaseMain.java:180)
	at TempTestSuite1745903984460.run(TempTestSuite1745903984460.groovy:35)
	at java.base/jdk.internal.reflect.NativeMethodAccessorImpl.invoke0(Native Method)
	at java.base/jdk.internal.reflect.NativeMethodAccessorImpl.invoke(NativeMethodAccessorImpl.java:77)
	at java.base/jdk.internal.reflect.DelegatingMethodAccessorImpl.invoke(DelegatingMethodAccessorImpl.java:43)
Caused by: com.kms.katalon.core.exception.StepFailedException: Element 'Object Repository/Repo/SignUpNewUser/android.widget.TextView - Book a Rental' not found
	at com.kms.katalon.core.mobile.keyword.internal.MobileKeywordMain.stepFailed(MobileKeywordMain.groovy:64)
	at com.kms.katalon.core.mobile.keyword.builtin.VerifyElementExistKeyword$_verifyElementExist_closure1.doCall(VerifyElementExistKeyword.groovy:48)
	at com.kms.katalon.core.mobile.keyword.builtin.VerifyElementExistKeyword$_verifyElementExist_closure1.call(VerifyElementExistKeyword.groovy)
	at com.kms.katalon.core.mobile.keyword.internal.MobileKeywordMain.runKeyword(MobileKeywordMain.groovy:30)
	... 21 more
)

29-04-2025T11:35:07 - [MESSAGE][FAILED] - Element 'Object Repository/Repo/SignUpNewUser/android.widget.TextView - Book a Rental' not found (Root cause: com.kms.katalon.core.exception.StepFailedException: Element 'Object Repository/Repo/SignUpNewUser/android.widget.TextView - Book a Rental' not found
	at com.kms.katalon.core.mobile.keyword.internal.MobileKeywordMain.stepFailed(MobileKeywordMain.groovy:64)
	at com.kms.katalon.core.mobile.keyword.builtin.VerifyElementExistKeyword$_verifyElementExist_closure1.doCall(VerifyElementExistKeyword.groovy:48)
	at com.kms.katalon.core.mobile.keyword.builtin.VerifyElementExistKeyword$_verifyElementExist_closure1.call(VerifyElementExistKeyword.groovy)
	at com.kms.katalon.core.mobile.keyword.internal.MobileKeywordMain.runKeyword(MobileKeywordMain.groovy:30)
	at com.kms.katalon.core.mobile.keyword.builtin.VerifyElementExistKeyword.verifyElementExist(VerifyElementExistKeyword.groovy:51)
	at com.kms.katalon.core.mobile.keyword.builtin.VerifyElementExistKeyword.execute(VerifyElementExistKeyword.groovy:35)
	at com.kms.katalon.core.keyword.internal.KeywordExecutor.executeKeywordForPlatform(KeywordExecutor.groovy:74)
	at com.kms.katalon.core.mobile.keyword.MobileBuiltInKeywords.verifyElementExist(MobileBuiltInKeywords.groovy:1710)
	at C790_C777_BookARentalTile_RenterLandingPage.verifyElementWithContinue(C790_C777_BookARentalTile_RenterLandingPage:118)
	at C790_C777_BookARentalTile_RenterLandingPage.run(C790_C777_BookARentalTile_RenterLandingPage:86)
	at com.kms.katalon.core.main.ScriptEngine.run(ScriptEngine.java:194)
	at com.kms.katalon.core.main.ScriptEngine.runScriptAsRawText(ScriptEngine.java:119)
	at com.kms.katalon.core.main.TestCaseExecutor.runScript(TestCaseExecutor.java:448)
	at com.kms.katalon.core.main.TestCaseExecutor.doExecute(TestCaseExecutor.java:439)
	at com.kms.katalon.core.main.TestCaseExecutor.processExecutionPhase(TestCaseExecutor.java:418)
	at com.kms.katalon.core.main.TestCaseExecutor.accessMainPhase(TestCaseExecutor.java:410)
	at com.kms.katalon.core.main.TestCaseExecutor.execute(TestCaseExecutor.java:285)
	at com.kms.katalon.core.common.CommonExecutor.accessTestCaseMainPhase(CommonExecutor.java:71)
	at com.kms.katalon.core.main.TestSuiteExecutor.accessTestSuiteMainPhase(TestSuiteExecutor.java:160)
	at com.kms.katalon.core.main.TestSuiteExecutor.execute(TestSuiteExecutor.java:107)
	at com.kms.katalon.core.main.TestCaseMain.startTestSuite(TestCaseMain.java:180)
	at TempTestSuite1745903984460.run(TempTestSuite1745903984460.groovy:35)
	at java.base/jdk.internal.reflect.NativeMethodAccessorImpl.invoke0(Native Method)
	at java.base/jdk.internal.reflect.NativeMethodAccessorImpl.invoke(NativeMethodAccessorImpl.java:77)
	at java.base/jdk.internal.reflect.DelegatingMethodAccessorImpl.invoke(DelegatingMethodAccessorImpl.java:43)
)
[[ATTACHMENT|/Users/gv.vignesh/Downloads/WGR-Android-Automation/Reports/20250429_104944/Android Regression/20250429_104944/1745906705015.png]]

29-04-2025T11:35:09 - [MESSAGE][FAILED] - Failed to check for element 'Object Repository/Repo/SignUpNewUser/android.widget.TextView - Book a Rental' exist (Root cause: com.kms.katalon.core.exception.StepFailedException: Failed to check for element 'Object Repository/Repo/SignUpNewUser/android.widget.TextView - Book a Rental' exist
	at com.kms.katalon.core.mobile.keyword.internal.MobileKeywordMain.stepFailed(MobileKeywordMain.groovy:64)
	at com.kms.katalon.core.mobile.keyword.internal.MobileKeywordMain.runKeyword(MobileKeywordMain.groovy:34)
	at com.kms.katalon.core.mobile.keyword.builtin.VerifyElementExistKeyword.verifyElementExist(VerifyElementExistKeyword.groovy:51)
	at com.kms.katalon.core.mobile.keyword.builtin.VerifyElementExistKeyword.execute(VerifyElementExistKeyword.groovy:35)
	at com.kms.katalon.core.keyword.internal.KeywordExecutor.executeKeywordForPlatform(KeywordExecutor.groovy:74)
	at com.kms.katalon.core.mobile.keyword.MobileBuiltInKeywords.verifyElementExist(MobileBuiltInKeywords.groovy:1710)
	at C790_C777_BookARentalTile_RenterLandingPage.verifyElementWithContinue(C790_C777_BookARentalTile_RenterLandingPage:118)
	at C790_C777_BookARentalTile_RenterLandingPage.run(C790_C777_BookARentalTile_RenterLandingPage:86)
	at com.kms.katalon.core.main.ScriptEngine.run(ScriptEngine.java:194)
	at com.kms.katalon.core.main.ScriptEngine.runScriptAsRawText(ScriptEngine.java:119)
	at com.kms.katalon.core.main.TestCaseExecutor.runScript(TestCaseExecutor.java:448)
	at com.kms.katalon.core.main.TestCaseExecutor.doExecute(TestCaseExecutor.java:439)
	at com.kms.katalon.core.main.TestCaseExecutor.processExecutionPhase(TestCaseExecutor.java:418)
	at com.kms.katalon.core.main.TestCaseExecutor.accessMainPhase(TestCaseExecutor.java:410)
	at com.kms.katalon.core.main.TestCaseExecutor.execute(TestCaseExecutor.java:285)
	at com.kms.katalon.core.common.CommonExecutor.accessTestCaseMainPhase(CommonExecutor.java:71)
	at com.kms.katalon.core.main.TestSuiteExecutor.accessTestSuiteMainPhase(TestSuiteExecutor.java:160)
	at com.kms.katalon.core.main.TestSuiteExecutor.execute(TestSuiteExecutor.java:107)
	at com.kms.katalon.core.main.TestCaseMain.startTestSuite(TestCaseMain.java:180)
	at TempTestSuite1745903984460.run(TempTestSuite1745903984460.groovy:35)
	at java.base/jdk.internal.reflect.NativeMethodAccessorImpl.invoke0(Native Method)
	at java.base/jdk.internal.reflect.NativeMethodAccessorImpl.invoke(NativeMethodAccessorImpl.java:77)
	at java.base/jdk.internal.reflect.DelegatingMethodAccessorImpl.invoke(DelegatingMethodAccessorImpl.java:43)
Caused by: com.kms.katalon.core.exception.StepFailedException: Element 'Object Repository/Repo/SignUpNewUser/android.widget.TextView - Book a Rental' not found
	at com.kms.katalon.core.mobile.keyword.internal.MobileKeywordMain.stepFailed(MobileKeywordMain.groovy:64)
	at com.kms.katalon.core.mobile.keyword.builtin.VerifyElementExistKeyword$_verifyElementExist_closure1.doCall(VerifyElementExistKeyword.groovy:48)
	at com.kms.katalon.core.mobile.keyword.builtin.VerifyElementExistKeyword$_verifyElementExist_closure1.call(VerifyElementExistKeyword.groovy)
	at com.kms.katalon.core.mobile.keyword.internal.MobileKeywordMain.runKeyword(MobileKeywordMain.groovy:30)
	... 21 more
)
[[ATTACHMENT|/Users/gv.vignesh/Downloads/WGR-Android-Automation/Reports/20250429_104944/Android Regression/20250429_104944/1745906707724.png]]

29-04-2025T11:35:09 - [TEST_STEP][FAILED] - catch (Exception e): Test Cases/Book A Rental Tile/C790_C777_BookARentalTile_RenterLandingPage FAILED.
Reason:
java.lang.AssertionError: Verification failed for Object Repository/Repo/SignUpNewUser/android.widget.TextView - Book a Rental. Expression: false
	at C790_C777_BookARentalTile_RenterLandingPage.verifyElementWithContinue(C790_C777_BookARentalTile_RenterLandingPage:125)
	at C790_C777_BookARentalTile_RenterLandingPage.run(C790_C777_BookARentalTile_RenterLandingPage:86)
	at com.kms.katalon.core.main.ScriptEngine.run(ScriptEngine.java:194)
	at com.kms.katalon.core.main.ScriptEngine.runScriptAsRawText(ScriptEngine.java:119)
	at com.kms.katalon.core.main.TestCaseExecutor.runScript(TestCaseExecutor.java:448)
	at com.kms.katalon.core.main.TestCaseExecutor.doExecute(TestCaseExecutor.java:439)
	at com.kms.katalon.core.main.TestCaseExecutor.processExecutionPhase(TestCaseExecutor.java:418)
	at com.kms.katalon.core.main.TestCaseExecutor.accessMainPhase(TestCaseExecutor.java:410)
	at com.kms.katalon.core.main.TestCaseExecutor.execute(TestCaseExecutor.java:285)
	at com.kms.katalon.core.common.CommonExecutor.accessTestCaseMainPhase(CommonExecutor.java:71)
	at com.kms.katalon.core.main.TestSuiteExecutor.accessTestSuiteMainPhase(TestSuiteExecutor.java:160)
	at com.kms.katalon.core.main.TestSuiteExecutor.execute(TestSuiteExecutor.java:107)
	at com.kms.katalon.core.main.TestCaseMain.startTestSuite(TestCaseMain.java:180)
	at TempTestSuite1745903984460.run(TempTestSuite1745903984460.groovy:35)
	at java.base/jdk.internal.reflect.NativeMethodAccessorImpl.invoke0(Native Method)
	at java.base/jdk.internal.reflect.NativeMethodAccessorImpl.invoke(NativeMethodAccessorImpl.java:77)
	at java.base/jdk.internal.reflect.DelegatingMethodAccessorImpl.invoke(DelegatingMethodAccessorImpl.java:43)


29-04-2025T11:35:09 - [TEST_STEP][PASSED] - takeScreenshot(FAILURE_$objectPath.replace(/, _)_$System.currentTimeMillis().png): Screenshot is taken

29-04-2025T11:35:11 - [MESSAGE][PASSED] - Screenshot is taken
[[ATTACHMENT|/Users/gv.vignesh/Downloads/WGR-Android-Automation/Reports/20250429_104944/Android Regression/20250429_104944/FAILURE_Object Repository_Repo_SignUpNewUser_android.widget.TextView - Book a Rental_1745906709774.png]]

29-04-2025T11:35:11 - [TEST_STEP][PASSED] - println(Verification failed for $objectPath - Stopping test execution): null

29-04-2025T11:35:11 - [TEST_STEP][FAILED] - assert false: Test Cases/Book A Rental Tile/C790_C777_BookARentalTile_RenterLandingPage FAILED.
Reason:
java.lang.AssertionError: Verification failed for Object Repository/Repo/SignUpNewUser/android.widget.TextView - Book a Rental. Expression: false
	at C790_C777_BookARentalTile_RenterLandingPage.verifyElementWithContinue(C790_C777_BookARentalTile_RenterLandingPage:125)
	at C790_C777_BookARentalTile_RenterLandingPage.run(C790_C777_BookARentalTile_RenterLandingPage:86)
	at com.kms.katalon.core.main.ScriptEngine.run(ScriptEngine.java:194)
	at com.kms.katalon.core.main.ScriptEngine.runScriptAsRawText(ScriptEngine.java:119)
	at com.kms.katalon.core.main.TestCaseExecutor.runScript(TestCaseExecutor.java:448)
	at com.kms.katalon.core.main.TestCaseExecutor.doExecute(TestCaseExecutor.java:439)
	at com.kms.katalon.core.main.TestCaseExecutor.processExecutionPhase(TestCaseExecutor.java:418)
	at com.kms.katalon.core.main.TestCaseExecutor.accessMainPhase(TestCaseExecutor.java:410)
	at com.kms.katalon.core.main.TestCaseExecutor.execute(TestCaseExecutor.java:285)
	at com.kms.katalon.core.common.CommonExecutor.accessTestCaseMainPhase(CommonExecutor.java:71)
	at com.kms.katalon.core.main.TestSuiteExecutor.accessTestSuiteMainPhase(TestSuiteExecutor.java:160)
	at com.kms.katalon.core.main.TestSuiteExecutor.execute(TestSuiteExecutor.java:107)
	at com.kms.katalon.core.main.TestCaseMain.startTestSuite(TestCaseMain.java:180)
	at TempTestSuite1745903984460.run(TempTestSuite1745903984460.groovy:35)
	at java.base/jdk.internal.reflect.NativeMethodAccessorImpl.invoke0(Native Method)
	at java.base/jdk.internal.reflect.NativeMethodAccessorImpl.invoke(NativeMethodAccessorImpl.java:77)
	at java.base/jdk.internal.reflect.DelegatingMethodAccessorImpl.invoke(DelegatingMethodAccessorImpl.java:43)


29-04-2025T11:35:11 - [MESSAGE][FAILED] - Test Cases/Book A Rental Tile/C790_C777_BookARentalTile_RenterLandingPage FAILED.
Reason:
java.lang.AssertionError: Verification failed for Object Repository/Repo/SignUpNewUser/android.widget.TextView - Book a Rental. Expression: false
	at C790_C777_BookARentalTile_RenterLandingPage.verifyElementWithContinue(C790_C777_BookARentalTile_RenterLandingPage:125)
	at C790_C777_BookARentalTile_RenterLandingPage.run(C790_C777_BookARentalTile_RenterLandingPage:86)
	at com.kms.katalon.core.main.ScriptEngine.run(ScriptEngine.java:194)
	at com.kms.katalon.core.main.ScriptEngine.runScriptAsRawText(ScriptEngine.java:119)
	at com.kms.katalon.core.main.TestCaseExecutor.runScript(TestCaseExecutor.java:448)
	at com.kms.katalon.core.main.TestCaseExecutor.doExecute(TestCaseExecutor.java:439)
	at com.kms.katalon.core.main.TestCaseExecutor.processExecutionPhase(TestCaseExecutor.java:418)
	at com.kms.katalon.core.main.TestCaseExecutor.accessMainPhase(TestCaseExecutor.java:410)
	at com.kms.katalon.core.main.TestCaseExecutor.execute(TestCaseExecutor.java:285)
	at com.kms.katalon.core.common.CommonExecutor.accessTestCaseMainPhase(CommonExecutor.java:71)
	at com.kms.katalon.core.main.TestSuiteExecutor.accessTestSuiteMainPhase(TestSuiteExecutor.java:160)
	at com.kms.katalon.core.main.TestSuiteExecutor.execute(TestSuiteExecutor.java:107)
	at com.kms.katalon.core.main.TestCaseMain.startTestSuite(TestCaseMain.java:180)
	at TempTestSuite1745903984460.run(TempTestSuite1745903984460.groovy:35)
	at java.base/jdk.internal.reflect.NativeMethodAccessorImpl.invoke0(Native Method)
	at java.base/jdk.internal.reflect.NativeMethodAccessorImpl.invoke(NativeMethodAccessorImpl.java:77)
	at java.base/jdk.internal.reflect.DelegatingMethodAccessorImpl.invoke(DelegatingMethodAccessorImpl.java:43)]]></system-out>
         <system-err><![CDATA[29-04-2025T11:32:07 - [TEST_CASE][FAILED] - Test Cases/Book A Rental Tile/C790_C777_BookARentalTile_RenterLandingPage: Test Cases/Book A Rental Tile/C790_C777_BookARentalTile_RenterLandingPage FAILED.
Reason:
java.lang.AssertionError: Verification failed for Object Repository/Repo/SignUpNewUser/android.widget.TextView - Book a Rental. Expression: false
	at C790_C777_BookARentalTile_RenterLandingPage.verifyElementWithContinue(C790_C777_BookARentalTile_RenterLandingPage:125)
	at C790_C777_BookARentalTile_RenterLandingPage.run(C790_C777_BookARentalTile_RenterLandingPage:86)
	at com.kms.katalon.core.main.ScriptEngine.run(ScriptEngine.java:194)
	at com.kms.katalon.core.main.ScriptEngine.runScriptAsRawText(ScriptEngine.java:119)
	at com.kms.katalon.core.main.TestCaseExecutor.runScript(TestCaseExecutor.java:448)
	at com.kms.katalon.core.main.TestCaseExecutor.doExecute(TestCaseExecutor.java:439)
	at com.kms.katalon.core.main.TestCaseExecutor.processExecutionPhase(TestCaseExecutor.java:418)
	at com.kms.katalon.core.main.TestCaseExecutor.accessMainPhase(TestCaseExecutor.java:410)
	at com.kms.katalon.core.main.TestCaseExecutor.execute(TestCaseExecutor.java:285)
	at com.kms.katalon.core.common.CommonExecutor.accessTestCaseMainPhase(CommonExecutor.java:71)
	at com.kms.katalon.core.main.TestSuiteExecutor.accessTestSuiteMainPhase(TestSuiteExecutor.java:160)
	at com.kms.katalon.core.main.TestSuiteExecutor.execute(TestSuiteExecutor.java:107)
	at com.kms.katalon.core.main.TestCaseMain.startTestSuite(TestCaseMain.java:180)
	at TempTestSuite1745903984460.run(TempTestSuite1745903984460.groovy:35)
	at java.base/jdk.internal.reflect.NativeMethodAccessorImpl.invoke0(Native Method)
	at java.base/jdk.internal.reflect.NativeMethodAccessorImpl.invoke(NativeMethodAccessorImpl.java:77)
	at java.base/jdk.internal.reflect.DelegatingMethodAccessorImpl.invoke(DelegatingMethodAccessorImpl.java:43)]]></system-err>
      </testcase>
      <testcase name="Test Cases/Book A Rental Tile/WRMA-473_BookARentalTile_AccountAlerts" time="231.476" classname="Test Cases/Book A Rental Tile/WRMA-473_BookARentalTile_AccountAlerts" status="FAILED">
         <failure type="FAILED" message="Test Cases/Book A Rental Tile/WRMA-473_BookARentalTile_AccountAlerts FAILED.&#xa;Reason:&#xa;com.kms.katalon.core.exception.StepFailedException: Failed to tap on element 'Object Repository/Repo/MyStay/android.widget.TextView - Book Now'&#xa;	at com.kms.katalon.core.mobile.keyword.internal.MobileKeywordMain.stepFailed(MobileKeywordMain.groovy:64)&#xa;	at com.kms.katalon.core.mobile.keyword.internal.MobileKeywordMain.runKeyword(MobileKeywordMain.groovy:34)&#xa;	at com.kms.katalon.core.mobile.keyword.builtin.TapKeyword.tap(TapKeyword.groovy:51)&#xa;	at com.kms.katalon.core.mobile.keyword.builtin.TapKeyword.execute(TapKeyword.groovy:35)&#xa;	at com.kms.katalon.core.keyword.internal.KeywordExecutor.executeKeywordForPlatform(KeywordExecutor.groovy:74)&#xa;	at com.kms.katalon.core.mobile.keyword.MobileBuiltInKeywords.tap(MobileBuiltInKeywords.groovy:1461)&#xa;	at WRMA-473_BookARentalTile_AccountAlerts.run(WRMA-473_BookARentalTile_AccountAlerts:67)&#xa;	at com.kms.katalon.core.main.ScriptEngine.run(ScriptEngine.java:194)&#xa;	at com.kms.katalon.core.main.ScriptEngine.runScriptAsRawText(ScriptEngine.java:119)&#xa;	at com.kms.katalon.core.main.TestCaseExecutor.runScript(TestCaseExecutor.java:448)&#xa;	at com.kms.katalon.core.main.TestCaseExecutor.doExecute(TestCaseExecutor.java:439)&#xa;	at com.kms.katalon.core.main.TestCaseExecutor.processExecutionPhase(TestCaseExecutor.java:418)&#xa;	at com.kms.katalon.core.main.TestCaseExecutor.accessMainPhase(TestCaseExecutor.java:410)&#xa;	at com.kms.katalon.core.main.TestCaseExecutor.execute(TestCaseExecutor.java:285)&#xa;	at com.kms.katalon.core.common.CommonExecutor.accessTestCaseMainPhase(CommonExecutor.java:71)&#xa;	at com.kms.katalon.core.main.TestSuiteExecutor.accessTestSuiteMainPhase(TestSuiteExecutor.java:160)&#xa;	at com.kms.katalon.core.main.TestSuiteExecutor.execute(TestSuiteExecutor.java:107)&#xa;	at com.kms.katalon.core.main.TestCaseMain.startTestSuite(TestCaseMain.java:180)&#xa;	at TempTestSuite1745903984460.run(TempTestSuite1745903984460.groovy:35)&#xa;	at java.base/jdk.internal.reflect.NativeMethodAccessorImpl.invoke0(Native Method)&#xa;	at java.base/jdk.internal.reflect.NativeMethodAccessorImpl.invoke(NativeMethodAccessorImpl.java:77)&#xa;	at java.base/jdk.internal.reflect.DelegatingMethodAccessorImpl.invoke(DelegatingMethodAccessorImpl.java:43)&#xa;Caused by: com.kms.katalon.core.exception.StepFailedException: Object Object Repository/Repo/MyStay/android.widget.TextView - Book Now not found&#xa;	at com.kms.katalon.core.mobile.keyword.internal.MobileKeywordMain.stepFailed(MobileKeywordMain.groovy:64)&#xa;	at com.kms.katalon.core.mobile.keyword.builtin.TapKeyword$_tap_closure1.doCall(TapKeyword.groovy:46)&#xa;	at com.kms.katalon.core.mobile.keyword.builtin.TapKeyword$_tap_closure1.call(TapKeyword.groovy)&#xa;	at com.kms.katalon.core.mobile.keyword.internal.MobileKeywordMain.runKeyword(MobileKeywordMain.groovy:30)&#xa;	... 20 more&#xa;"/>
         <system-out><![CDATA[29-04-2025T11:35:11 - [TEST_CASE][FAILED] - Test Cases/Book A Rental Tile/WRMA-473_BookARentalTile_AccountAlerts: Test Cases/Book A Rental Tile/WRMA-473_BookARentalTile_AccountAlerts FAILED.
Reason:
com.kms.katalon.core.exception.StepFailedException: Failed to tap on element 'Object Repository/Repo/MyStay/android.widget.TextView - Book Now'
	at com.kms.katalon.core.mobile.keyword.internal.MobileKeywordMain.stepFailed(MobileKeywordMain.groovy:64)
	at com.kms.katalon.core.mobile.keyword.internal.MobileKeywordMain.runKeyword(MobileKeywordMain.groovy:34)
	at com.kms.katalon.core.mobile.keyword.builtin.TapKeyword.tap(TapKeyword.groovy:51)
	at com.kms.katalon.core.mobile.keyword.builtin.TapKeyword.execute(TapKeyword.groovy:35)
	at com.kms.katalon.core.keyword.internal.KeywordExecutor.executeKeywordForPlatform(KeywordExecutor.groovy:74)
	at com.kms.katalon.core.mobile.keyword.MobileBuiltInKeywords.tap(MobileBuiltInKeywords.groovy:1461)
	at WRMA-473_BookARentalTile_AccountAlerts.run(WRMA-473_BookARentalTile_AccountAlerts:67)
	at com.kms.katalon.core.main.ScriptEngine.run(ScriptEngine.java:194)
	at com.kms.katalon.core.main.ScriptEngine.runScriptAsRawText(ScriptEngine.java:119)
	at com.kms.katalon.core.main.TestCaseExecutor.runScript(TestCaseExecutor.java:448)
	at com.kms.katalon.core.main.TestCaseExecutor.doExecute(TestCaseExecutor.java:439)
	at com.kms.katalon.core.main.TestCaseExecutor.processExecutionPhase(TestCaseExecutor.java:418)
	at com.kms.katalon.core.main.TestCaseExecutor.accessMainPhase(TestCaseExecutor.java:410)
	at com.kms.katalon.core.main.TestCaseExecutor.execute(TestCaseExecutor.java:285)
	at com.kms.katalon.core.common.CommonExecutor.accessTestCaseMainPhase(CommonExecutor.java:71)
	at com.kms.katalon.core.main.TestSuiteExecutor.accessTestSuiteMainPhase(TestSuiteExecutor.java:160)
	at com.kms.katalon.core.main.TestSuiteExecutor.execute(TestSuiteExecutor.java:107)
	at com.kms.katalon.core.main.TestCaseMain.startTestSuite(TestCaseMain.java:180)
	at TempTestSuite1745903984460.run(TempTestSuite1745903984460.groovy:35)
	at java.base/jdk.internal.reflect.NativeMethodAccessorImpl.invoke0(Native Method)
	at java.base/jdk.internal.reflect.NativeMethodAccessorImpl.invoke(NativeMethodAccessorImpl.java:77)
	at java.base/jdk.internal.reflect.DelegatingMethodAccessorImpl.invoke(DelegatingMethodAccessorImpl.java:43)
Caused by: com.kms.katalon.core.exception.StepFailedException: Object Object Repository/Repo/MyStay/android.widget.TextView - Book Now not found
	at com.kms.katalon.core.mobile.keyword.internal.MobileKeywordMain.stepFailed(MobileKeywordMain.groovy:64)
	at com.kms.katalon.core.mobile.keyword.builtin.TapKeyword$_tap_closure1.doCall(TapKeyword.groovy:46)
	at com.kms.katalon.core.mobile.keyword.builtin.TapKeyword$_tap_closure1.call(TapKeyword.groovy)
	at com.kms.katalon.core.mobile.keyword.internal.MobileKeywordMain.runKeyword(MobileKeywordMain.groovy:30)
	... 20 more


29-04-2025T11:35:11 - [TEST_STEP][PASSED] - startApplication(appUrl, true): Started application: '/Users/gv.vignesh/Downloads/WGR-Android-Automation/App Folder/app-debug-2.99.75.apk'

29-04-2025T11:35:11 - [MESSAGE][INFO] - Starting application: '/Users/gv.vignesh/Downloads/WGR-Android-Automation/App Folder/app-debug-2.99.75.apk'

29-04-2025T11:35:11 - [MESSAGE][INFO] - User set preference: ['uiautomator2ServerInstallTimeout', '0']

29-04-2025T11:35:11 - [MESSAGE][INFO] - User set preference: ['deviceId', '']

29-04-2025T11:35:33 - [MESSAGE][PASSED] - Started application: '/Users/gv.vignesh/Downloads/WGR-Android-Automation/App Folder/app-debug-2.99.75.apk'

29-04-2025T11:35:33 - [TEST_STEP][PASSED] - delay(10): Delayed 10 second(s)

29-04-2025T11:35:43 - [MESSAGE][PASSED] - Delayed 10 second(s)

29-04-2025T11:35:43 - [TEST_STEP][PASSED] - tap(findTestObject("Object Repository/Repo/MyStay/android.widget.Button - Login or Sign Up (1)"), 0): Tapped on element 'Object Repository/Repo/MyStay/android.widget.Button - Login or Sign Up (1)'

29-04-2025T11:35:43 - [MESSAGE][WARNING] - Timeout '0' is invalid. Using default page load timeout: '30'

29-04-2025T11:35:44 - [MESSAGE][PASSED] - Tapped on element 'Object Repository/Repo/MyStay/android.widget.Button - Login or Sign Up (1)'

29-04-2025T11:35:44 - [TEST_STEP][PASSED] - delay(10): Delayed 10 second(s)

29-04-2025T11:35:54 - [MESSAGE][PASSED] - Delayed 10 second(s)

29-04-2025T11:35:54 - [TEST_STEP][PASSED] - setText(findTestObject("Object Repository/Repo/MyStay/android.widget.EditText (3)"), "CGARNER024@GMAIL.COM", 0): Text 'CGARNER024@GMAIL.COM' has been set to element 'Object Repository/Repo/MyStay/android.widget.EditText (3)'

29-04-2025T11:35:54 - [MESSAGE][WARNING] - Timeout '0' is invalid. Using default page load timeout: '30'

29-04-2025T11:35:56 - [MESSAGE][PASSED] - Text 'CGARNER024@GMAIL.COM' has been set to element 'Object Repository/Repo/MyStay/android.widget.EditText (3)'

29-04-2025T11:35:56 - [TEST_STEP][PASSED] - hideKeyboard(): Keyboard is hidden

29-04-2025T11:35:58 - [MESSAGE][PASSED] - Keyboard is hidden

29-04-2025T11:35:58 - [TEST_STEP][PASSED] - delay(10): Delayed 10 second(s)

29-04-2025T11:36:08 - [MESSAGE][PASSED] - Delayed 10 second(s)

29-04-2025T11:36:08 - [TEST_STEP][PASSED] - tap(findTestObject("Object Repository/Repo/MyStay/android.widget.Button - Next (1)"), 0): Tapped on element 'Object Repository/Repo/MyStay/android.widget.Button - Next (1)'

29-04-2025T11:36:08 - [MESSAGE][WARNING] - Timeout '0' is invalid. Using default page load timeout: '30'

29-04-2025T11:36:09 - [MESSAGE][PASSED] - Tapped on element 'Object Repository/Repo/MyStay/android.widget.Button - Next (1)'

29-04-2025T11:36:09 - [TEST_STEP][PASSED] - delay(10): Delayed 10 second(s)

29-04-2025T11:36:19 - [MESSAGE][PASSED] - Delayed 10 second(s)

29-04-2025T11:36:19 - [TEST_STEP][PASSED] - delay(30): Delayed 30 second(s)

29-04-2025T11:36:49 - [MESSAGE][PASSED] - Delayed 30 second(s)

29-04-2025T11:36:49 - [TEST_STEP][PASSED] - setText(findTestObject("Object Repository/Repo/SignUpNewUser/android.widget.EditText (24)"), "CGARNER024@GMAIL.COM", 0): Text 'CGARNER024@GMAIL.COM' has been set to element 'Object Repository/Repo/SignUpNewUser/android.widget.EditText (24)'

29-04-2025T11:36:49 - [MESSAGE][WARNING] - Timeout '0' is invalid. Using default page load timeout: '30'

29-04-2025T11:36:50 - [MESSAGE][PASSED] - Text 'CGARNER024@GMAIL.COM' has been set to element 'Object Repository/Repo/SignUpNewUser/android.widget.EditText (24)'

29-04-2025T11:36:50 - [TEST_STEP][PASSED] - hideKeyboard(): Keyboard is hidden

29-04-2025T11:36:52 - [MESSAGE][PASSED] - Keyboard is hidden

29-04-2025T11:36:52 - [TEST_STEP][PASSED] - delay(20): Delayed 20 second(s)

29-04-2025T11:37:12 - [MESSAGE][PASSED] - Delayed 20 second(s)

29-04-2025T11:37:12 - [TEST_STEP][PASSED] - setText(findTestObject("Object Repository/Repo/SignUpNewUser/android.widget.EditText (25)"), "password", 0): Text 'password' has been set to element 'Object Repository/Repo/SignUpNewUser/android.widget.EditText (25)'

29-04-2025T11:37:12 - [MESSAGE][WARNING] - Timeout '0' is invalid. Using default page load timeout: '30'

29-04-2025T11:37:13 - [MESSAGE][PASSED] - Text 'password' has been set to element 'Object Repository/Repo/SignUpNewUser/android.widget.EditText (25)'

29-04-2025T11:37:13 - [TEST_STEP][PASSED] - hideKeyboard(): Keyboard is hidden

29-04-2025T11:37:15 - [MESSAGE][PASSED] - Keyboard is hidden

29-04-2025T11:37:15 - [TEST_STEP][PASSED] - delay(20): Delayed 20 second(s)

29-04-2025T11:37:35 - [MESSAGE][PASSED] - Delayed 20 second(s)

29-04-2025T11:37:35 - [TEST_STEP][PASSED] - tap(findTestObject("Object Repository/Repo/SignUpNewUser/android.widget.Button - LOGIN"), 0): Tapped on element 'Object Repository/Repo/SignUpNewUser/android.widget.Button - LOGIN'

29-04-2025T11:37:35 - [MESSAGE][WARNING] - Timeout '0' is invalid. Using default page load timeout: '30'

29-04-2025T11:37:36 - [MESSAGE][PASSED] - Tapped on element 'Object Repository/Repo/SignUpNewUser/android.widget.Button - LOGIN'

29-04-2025T11:37:36 - [TEST_STEP][PASSED] - delay(20): Delayed 20 second(s)

29-04-2025T11:37:56 - [MESSAGE][PASSED] - Delayed 20 second(s)

29-04-2025T11:37:56 - [TEST_STEP][PASSED] - tap(findTestObject("Object Repository/Repo/MyStay/android.view.View - My Account"), 0): Tapped on element 'Object Repository/Repo/MyStay/android.view.View - My Account'

29-04-2025T11:37:56 - [MESSAGE][WARNING] - Timeout '0' is invalid. Using default page load timeout: '30'

29-04-2025T11:37:57 - [MESSAGE][PASSED] - Tapped on element 'Object Repository/Repo/MyStay/android.view.View - My Account'

29-04-2025T11:37:57 - [TEST_STEP][PASSED] - delay(10): Delayed 10 second(s)

29-04-2025T11:38:07 - [MESSAGE][PASSED] - Delayed 10 second(s)

29-04-2025T11:38:07 - [TEST_STEP][PASSED] - assert verifyElementExist(findTestObject("Object Repository/Repo/MyStay/android.view.View"), 0): Element 'Object Repository/Repo/MyStay/android.view.View' is exist

29-04-2025T11:38:07 - [MESSAGE][WARNING] - Timeout '0' is invalid. Using default page load timeout: '30'

29-04-2025T11:38:08 - [MESSAGE][PASSED] - Element 'Object Repository/Repo/MyStay/android.view.View' is exist

29-04-2025T11:38:08 - [TEST_STEP][PASSED] - delay(10): Delayed 10 second(s)

29-04-2025T11:38:18 - [MESSAGE][PASSED] - Delayed 10 second(s)

29-04-2025T11:38:18 - [TEST_STEP][PASSED] - assert verifyElementExist(findTestObject("Object Repository/Repo/MyStay/android.widget.TextView - Add An Account Number"), 0): Element 'Object Repository/Repo/MyStay/android.widget.TextView - Add An Account Number' is exist

29-04-2025T11:38:18 - [MESSAGE][WARNING] - Timeout '0' is invalid. Using default page load timeout: '30'

29-04-2025T11:38:19 - [MESSAGE][PASSED] - Element 'Object Repository/Repo/MyStay/android.widget.TextView - Add An Account Number' is exist

29-04-2025T11:38:19 - [TEST_STEP][PASSED] - delay(10): Delayed 10 second(s)

29-04-2025T11:38:29 - [MESSAGE][PASSED] - Delayed 10 second(s)

29-04-2025T11:38:29 - [TEST_STEP][FAILED] - tap(findTestObject("Object Repository/Repo/MyStay/android.widget.TextView - Book Now"), 0): Failed to tap on element 'Object Repository/Repo/MyStay/android.widget.TextView - Book Now' (Root cause: com.kms.katalon.core.exception.StepFailedException: Failed to tap on element 'Object Repository/Repo/MyStay/android.widget.TextView - Book Now'
	at com.kms.katalon.core.mobile.keyword.internal.MobileKeywordMain.stepFailed(MobileKeywordMain.groovy:64)
	at com.kms.katalon.core.mobile.keyword.internal.MobileKeywordMain.runKeyword(MobileKeywordMain.groovy:34)
	at com.kms.katalon.core.mobile.keyword.builtin.TapKeyword.tap(TapKeyword.groovy:51)
	at com.kms.katalon.core.mobile.keyword.builtin.TapKeyword.execute(TapKeyword.groovy:35)
	at com.kms.katalon.core.keyword.internal.KeywordExecutor.executeKeywordForPlatform(KeywordExecutor.groovy:74)
	at com.kms.katalon.core.mobile.keyword.MobileBuiltInKeywords.tap(MobileBuiltInKeywords.groovy:1461)
	at WRMA-473_BookARentalTile_AccountAlerts.run(WRMA-473_BookARentalTile_AccountAlerts:67)
	at com.kms.katalon.core.main.ScriptEngine.run(ScriptEngine.java:194)
	at com.kms.katalon.core.main.ScriptEngine.runScriptAsRawText(ScriptEngine.java:119)
	at com.kms.katalon.core.main.TestCaseExecutor.runScript(TestCaseExecutor.java:448)
	at com.kms.katalon.core.main.TestCaseExecutor.doExecute(TestCaseExecutor.java:439)
	at com.kms.katalon.core.main.TestCaseExecutor.processExecutionPhase(TestCaseExecutor.java:418)
	at com.kms.katalon.core.main.TestCaseExecutor.accessMainPhase(TestCaseExecutor.java:410)
	at com.kms.katalon.core.main.TestCaseExecutor.execute(TestCaseExecutor.java:285)
	at com.kms.katalon.core.common.CommonExecutor.accessTestCaseMainPhase(CommonExecutor.java:71)
	at com.kms.katalon.core.main.TestSuiteExecutor.accessTestSuiteMainPhase(TestSuiteExecutor.java:160)
	at com.kms.katalon.core.main.TestSuiteExecutor.execute(TestSuiteExecutor.java:107)
	at com.kms.katalon.core.main.TestCaseMain.startTestSuite(TestCaseMain.java:180)
	at TempTestSuite1745903984460.run(TempTestSuite1745903984460.groovy:35)
	at java.base/jdk.internal.reflect.NativeMethodAccessorImpl.invoke0(Native Method)
	at java.base/jdk.internal.reflect.NativeMethodAccessorImpl.invoke(NativeMethodAccessorImpl.java:77)
	at java.base/jdk.internal.reflect.DelegatingMethodAccessorImpl.invoke(DelegatingMethodAccessorImpl.java:43)
Caused by: com.kms.katalon.core.exception.StepFailedException: Object Object Repository/Repo/MyStay/android.widget.TextView - Book Now not found
	at com.kms.katalon.core.mobile.keyword.internal.MobileKeywordMain.stepFailed(MobileKeywordMain.groovy:64)
	at com.kms.katalon.core.mobile.keyword.builtin.TapKeyword$_tap_closure1.doCall(TapKeyword.groovy:46)
	at com.kms.katalon.core.mobile.keyword.builtin.TapKeyword$_tap_closure1.call(TapKeyword.groovy)
	at com.kms.katalon.core.mobile.keyword.internal.MobileKeywordMain.runKeyword(MobileKeywordMain.groovy:30)
	... 20 more
)

29-04-2025T11:38:29 - [MESSAGE][WARNING] - Timeout '0' is invalid. Using default page load timeout: '30'

29-04-2025T11:39:01 - [MESSAGE][FAILED] - Object Object Repository/Repo/MyStay/android.widget.TextView - Book Now not found (Root cause: com.kms.katalon.core.exception.StepFailedException: Object Object Repository/Repo/MyStay/android.widget.TextView - Book Now not found
	at com.kms.katalon.core.mobile.keyword.internal.MobileKeywordMain.stepFailed(MobileKeywordMain.groovy:64)
	at com.kms.katalon.core.mobile.keyword.builtin.TapKeyword$_tap_closure1.doCall(TapKeyword.groovy:46)
	at com.kms.katalon.core.mobile.keyword.builtin.TapKeyword$_tap_closure1.call(TapKeyword.groovy)
	at com.kms.katalon.core.mobile.keyword.internal.MobileKeywordMain.runKeyword(MobileKeywordMain.groovy:30)
	at com.kms.katalon.core.mobile.keyword.builtin.TapKeyword.tap(TapKeyword.groovy:51)
	at com.kms.katalon.core.mobile.keyword.builtin.TapKeyword.execute(TapKeyword.groovy:35)
	at com.kms.katalon.core.keyword.internal.KeywordExecutor.executeKeywordForPlatform(KeywordExecutor.groovy:74)
	at com.kms.katalon.core.mobile.keyword.MobileBuiltInKeywords.tap(MobileBuiltInKeywords.groovy:1461)
	at WRMA-473_BookARentalTile_AccountAlerts.run(WRMA-473_BookARentalTile_AccountAlerts:67)
	at com.kms.katalon.core.main.ScriptEngine.run(ScriptEngine.java:194)
	at com.kms.katalon.core.main.ScriptEngine.runScriptAsRawText(ScriptEngine.java:119)
	at com.kms.katalon.core.main.TestCaseExecutor.runScript(TestCaseExecutor.java:448)
	at com.kms.katalon.core.main.TestCaseExecutor.doExecute(TestCaseExecutor.java:439)
	at com.kms.katalon.core.main.TestCaseExecutor.processExecutionPhase(TestCaseExecutor.java:418)
	at com.kms.katalon.core.main.TestCaseExecutor.accessMainPhase(TestCaseExecutor.java:410)
	at com.kms.katalon.core.main.TestCaseExecutor.execute(TestCaseExecutor.java:285)
	at com.kms.katalon.core.common.CommonExecutor.accessTestCaseMainPhase(CommonExecutor.java:71)
	at com.kms.katalon.core.main.TestSuiteExecutor.accessTestSuiteMainPhase(TestSuiteExecutor.java:160)
	at com.kms.katalon.core.main.TestSuiteExecutor.execute(TestSuiteExecutor.java:107)
	at com.kms.katalon.core.main.TestCaseMain.startTestSuite(TestCaseMain.java:180)
	at TempTestSuite1745903984460.run(TempTestSuite1745903984460.groovy:35)
	at java.base/jdk.internal.reflect.NativeMethodAccessorImpl.invoke0(Native Method)
	at java.base/jdk.internal.reflect.NativeMethodAccessorImpl.invoke(NativeMethodAccessorImpl.java:77)
	at java.base/jdk.internal.reflect.DelegatingMethodAccessorImpl.invoke(DelegatingMethodAccessorImpl.java:43)
)
[[ATTACHMENT|/Users/gv.vignesh/Downloads/WGR-Android-Automation/Reports/20250429_104944/Android Regression/20250429_104944/1745906939255.png]]

29-04-2025T11:39:03 - [MESSAGE][FAILED] - Failed to tap on element 'Object Repository/Repo/MyStay/android.widget.TextView - Book Now' (Root cause: com.kms.katalon.core.exception.StepFailedException: Failed to tap on element 'Object Repository/Repo/MyStay/android.widget.TextView - Book Now'
	at com.kms.katalon.core.mobile.keyword.internal.MobileKeywordMain.stepFailed(MobileKeywordMain.groovy:64)
	at com.kms.katalon.core.mobile.keyword.internal.MobileKeywordMain.runKeyword(MobileKeywordMain.groovy:34)
	at com.kms.katalon.core.mobile.keyword.builtin.TapKeyword.tap(TapKeyword.groovy:51)
	at com.kms.katalon.core.mobile.keyword.builtin.TapKeyword.execute(TapKeyword.groovy:35)
	at com.kms.katalon.core.keyword.internal.KeywordExecutor.executeKeywordForPlatform(KeywordExecutor.groovy:74)
	at com.kms.katalon.core.mobile.keyword.MobileBuiltInKeywords.tap(MobileBuiltInKeywords.groovy:1461)
	at WRMA-473_BookARentalTile_AccountAlerts.run(WRMA-473_BookARentalTile_AccountAlerts:67)
	at com.kms.katalon.core.main.ScriptEngine.run(ScriptEngine.java:194)
	at com.kms.katalon.core.main.ScriptEngine.runScriptAsRawText(ScriptEngine.java:119)
	at com.kms.katalon.core.main.TestCaseExecutor.runScript(TestCaseExecutor.java:448)
	at com.kms.katalon.core.main.TestCaseExecutor.doExecute(TestCaseExecutor.java:439)
	at com.kms.katalon.core.main.TestCaseExecutor.processExecutionPhase(TestCaseExecutor.java:418)
	at com.kms.katalon.core.main.TestCaseExecutor.accessMainPhase(TestCaseExecutor.java:410)
	at com.kms.katalon.core.main.TestCaseExecutor.execute(TestCaseExecutor.java:285)
	at com.kms.katalon.core.common.CommonExecutor.accessTestCaseMainPhase(CommonExecutor.java:71)
	at com.kms.katalon.core.main.TestSuiteExecutor.accessTestSuiteMainPhase(TestSuiteExecutor.java:160)
	at com.kms.katalon.core.main.TestSuiteExecutor.execute(TestSuiteExecutor.java:107)
	at com.kms.katalon.core.main.TestCaseMain.startTestSuite(TestCaseMain.java:180)
	at TempTestSuite1745903984460.run(TempTestSuite1745903984460.groovy:35)
	at java.base/jdk.internal.reflect.NativeMethodAccessorImpl.invoke0(Native Method)
	at java.base/jdk.internal.reflect.NativeMethodAccessorImpl.invoke(NativeMethodAccessorImpl.java:77)
	at java.base/jdk.internal.reflect.DelegatingMethodAccessorImpl.invoke(DelegatingMethodAccessorImpl.java:43)
Caused by: com.kms.katalon.core.exception.StepFailedException: Object Object Repository/Repo/MyStay/android.widget.TextView - Book Now not found
	at com.kms.katalon.core.mobile.keyword.internal.MobileKeywordMain.stepFailed(MobileKeywordMain.groovy:64)
	at com.kms.katalon.core.mobile.keyword.builtin.TapKeyword$_tap_closure1.doCall(TapKeyword.groovy:46)
	at com.kms.katalon.core.mobile.keyword.builtin.TapKeyword$_tap_closure1.call(TapKeyword.groovy)
	at com.kms.katalon.core.mobile.keyword.internal.MobileKeywordMain.runKeyword(MobileKeywordMain.groovy:30)
	... 20 more
)
[[ATTACHMENT|/Users/gv.vignesh/Downloads/WGR-Android-Automation/Reports/20250429_104944/Android Regression/20250429_104944/1745906941413.png]]]]></system-out>
         <system-err><![CDATA[29-04-2025T11:35:11 - [TEST_CASE][FAILED] - Test Cases/Book A Rental Tile/WRMA-473_BookARentalTile_AccountAlerts: Test Cases/Book A Rental Tile/WRMA-473_BookARentalTile_AccountAlerts FAILED.
Reason:
com.kms.katalon.core.exception.StepFailedException: Failed to tap on element 'Object Repository/Repo/MyStay/android.widget.TextView - Book Now'
	at com.kms.katalon.core.mobile.keyword.internal.MobileKeywordMain.stepFailed(MobileKeywordMain.groovy:64)
	at com.kms.katalon.core.mobile.keyword.internal.MobileKeywordMain.runKeyword(MobileKeywordMain.groovy:34)
	at com.kms.katalon.core.mobile.keyword.builtin.TapKeyword.tap(TapKeyword.groovy:51)
	at com.kms.katalon.core.mobile.keyword.builtin.TapKeyword.execute(TapKeyword.groovy:35)
	at com.kms.katalon.core.keyword.internal.KeywordExecutor.executeKeywordForPlatform(KeywordExecutor.groovy:74)
	at com.kms.katalon.core.mobile.keyword.MobileBuiltInKeywords.tap(MobileBuiltInKeywords.groovy:1461)
	at WRMA-473_BookARentalTile_AccountAlerts.run(WRMA-473_BookARentalTile_AccountAlerts:67)
	at com.kms.katalon.core.main.ScriptEngine.run(ScriptEngine.java:194)
	at com.kms.katalon.core.main.ScriptEngine.runScriptAsRawText(ScriptEngine.java:119)
	at com.kms.katalon.core.main.TestCaseExecutor.runScript(TestCaseExecutor.java:448)
	at com.kms.katalon.core.main.TestCaseExecutor.doExecute(TestCaseExecutor.java:439)
	at com.kms.katalon.core.main.TestCaseExecutor.processExecutionPhase(TestCaseExecutor.java:418)
	at com.kms.katalon.core.main.TestCaseExecutor.accessMainPhase(TestCaseExecutor.java:410)
	at com.kms.katalon.core.main.TestCaseExecutor.execute(TestCaseExecutor.java:285)
	at com.kms.katalon.core.common.CommonExecutor.accessTestCaseMainPhase(CommonExecutor.java:71)
	at com.kms.katalon.core.main.TestSuiteExecutor.accessTestSuiteMainPhase(TestSuiteExecutor.java:160)
	at com.kms.katalon.core.main.TestSuiteExecutor.execute(TestSuiteExecutor.java:107)
	at com.kms.katalon.core.main.TestCaseMain.startTestSuite(TestCaseMain.java:180)
	at TempTestSuite1745903984460.run(TempTestSuite1745903984460.groovy:35)
	at java.base/jdk.internal.reflect.NativeMethodAccessorImpl.invoke0(Native Method)
	at java.base/jdk.internal.reflect.NativeMethodAccessorImpl.invoke(NativeMethodAccessorImpl.java:77)
	at java.base/jdk.internal.reflect.DelegatingMethodAccessorImpl.invoke(DelegatingMethodAccessorImpl.java:43)
Caused by: com.kms.katalon.core.exception.StepFailedException: Object Object Repository/Repo/MyStay/android.widget.TextView - Book Now not found
	at com.kms.katalon.core.mobile.keyword.internal.MobileKeywordMain.stepFailed(MobileKeywordMain.groovy:64)
	at com.kms.katalon.core.mobile.keyword.builtin.TapKeyword$_tap_closure1.doCall(TapKeyword.groovy:46)
	at com.kms.katalon.core.mobile.keyword.builtin.TapKeyword$_tap_closure1.call(TapKeyword.groovy)
	at com.kms.katalon.core.mobile.keyword.internal.MobileKeywordMain.runKeyword(MobileKeywordMain.groovy:30)
	... 20 more]]></system-err>
      </testcase>
      <testcase name="Test Cases/Home Page/C753_LoggeOutState_Verification" time="82.259" classname="Test Cases/Home Page/C753_LoggeOutState_Verification" status="PASSED">
         <system-out><![CDATA[29-04-2025T11:39:03 - [TEST_CASE][PASSED] - Test Cases/Home Page/C753_LoggeOutState_Verification: Test Cases/Home Page/C753_LoggeOutState_Verification

29-04-2025T11:39:03 - [TEST_STEP][PASSED] - startApplication("/Users/gv.vignesh/Downloads/app-debug (2.99.69).apk", true): Started application: '/Users/gv.vignesh/Downloads/app-debug (2.99.69).apk'

29-04-2025T11:39:03 - [MESSAGE][INFO] - Starting application: '/Users/gv.vignesh/Downloads/app-debug (2.99.69).apk'

29-04-2025T11:39:03 - [MESSAGE][INFO] - User set preference: ['uiautomator2ServerInstallTimeout', '0']

29-04-2025T11:39:03 - [MESSAGE][INFO] - User set preference: ['deviceId', '']

29-04-2025T11:39:24 - [MESSAGE][PASSED] - Started application: '/Users/gv.vignesh/Downloads/app-debug (2.99.69).apk'

29-04-2025T11:39:24 - [TEST_STEP][PASSED] - delay(10): Delayed 10 second(s)

29-04-2025T11:39:34 - [MESSAGE][PASSED] - Delayed 10 second(s)

29-04-2025T11:39:34 - [TEST_STEP][PASSED] - tap(findTestObject("Object Repository/Carousel/android.widget.TextView - Home"), 0): Tapped on element 'Object Repository/Carousel/android.widget.TextView - Home'

29-04-2025T11:39:34 - [MESSAGE][WARNING] - Timeout '0' is invalid. Using default page load timeout: '30'

29-04-2025T11:39:35 - [MESSAGE][PASSED] - Tapped on element 'Object Repository/Carousel/android.widget.TextView - Home'

29-04-2025T11:39:35 - [TEST_STEP][PASSED] - delay(15): Delayed 15 second(s)

29-04-2025T11:39:50 - [MESSAGE][PASSED] - Delayed 15 second(s)

29-04-2025T11:39:50 - [TEST_STEP][PASSED] - assert verifyElementExist(findTestObject("Object Repository/Carousel/android.widget.TextView"), 0): Element 'Object Repository/Carousel/android.widget.TextView' is exist

29-04-2025T11:39:50 - [MESSAGE][WARNING] - Timeout '0' is invalid. Using default page load timeout: '30'

29-04-2025T11:39:50 - [MESSAGE][PASSED] - Element 'Object Repository/Carousel/android.widget.TextView' is exist

29-04-2025T11:39:50 - [TEST_STEP][PASSED] - swipe(800, 500, 100, 500): Swiped from 800,500 to 100,500

29-04-2025T11:39:52 - [MESSAGE][PASSED] - Swiped from 800,500 to 100,500

29-04-2025T11:39:52 - [TEST_STEP][PASSED] - delay(10): Delayed 10 second(s)

29-04-2025T11:40:02 - [MESSAGE][PASSED] - Delayed 10 second(s)

29-04-2025T11:40:02 - [TEST_STEP][PASSED] - scrollToText("recommended"): Scrolling to text 'recommended' successfully

29-04-2025T11:40:07 - [MESSAGE][PASSED] - Scrolling to text 'recommended' successfully

29-04-2025T11:40:07 - [TEST_STEP][PASSED] - delay(10): Delayed 10 second(s)

29-04-2025T11:40:17 - [MESSAGE][PASSED] - Delayed 10 second(s)

29-04-2025T11:40:17 - [TEST_STEP][PASSED] - assert verifyElementExist(findTestObject("Object Repository/Carousel/android.widget.TextView - Login Now"), 0): Element 'Object Repository/Carousel/android.widget.TextView - Login Now' is exist

29-04-2025T11:40:17 - [MESSAGE][WARNING] - Timeout '0' is invalid. Using default page load timeout: '30'

29-04-2025T11:40:18 - [MESSAGE][PASSED] - Element 'Object Repository/Carousel/android.widget.TextView - Login Now' is exist

29-04-2025T11:40:18 - [TEST_STEP][PASSED] - assert verifyElementExist(findTestObject("Object Repository/Carousel/android.widget.TextView - Book a Rental"), 0): Element 'Object Repository/Carousel/android.widget.TextView - Book a Rental' is exist

29-04-2025T11:40:18 - [MESSAGE][WARNING] - Timeout '0' is invalid. Using default page load timeout: '30'

29-04-2025T11:40:18 - [MESSAGE][PASSED] - Element 'Object Repository/Carousel/android.widget.TextView - Book a Rental' is exist

29-04-2025T11:40:18 - [TEST_STEP][PASSED] - assert verifyElementExist(findTestObject("Object Repository/Carousel/android.widget.TextView - RECOMMENDED FOR YOU"), 0): Element 'Object Repository/Carousel/android.widget.TextView - RECOMMENDED FOR YOU' is exist

29-04-2025T11:40:19 - [MESSAGE][WARNING] - Timeout '0' is invalid. Using default page load timeout: '30'

29-04-2025T11:40:19 - [MESSAGE][PASSED] - Element 'Object Repository/Carousel/android.widget.TextView - RECOMMENDED FOR YOU' is exist

29-04-2025T11:40:19 - [TEST_STEP][PASSED] - assert verifyElementExist(findTestObject("Object Repository/Carousel/android.widget.TextView - Home"), 0): Element 'Object Repository/Carousel/android.widget.TextView - Home' is exist

29-04-2025T11:40:19 - [MESSAGE][WARNING] - Timeout '0' is invalid. Using default page load timeout: '30'

29-04-2025T11:40:19 - [MESSAGE][PASSED] - Element 'Object Repository/Carousel/android.widget.TextView - Home' is exist

29-04-2025T11:40:19 - [TEST_STEP][PASSED] - assert verifyElementExist(findTestObject("Object Repository/Carousel/android.widget.TextView - My Account"), 0): Element 'Object Repository/Carousel/android.widget.TextView - My Account' is exist

29-04-2025T11:40:19 - [MESSAGE][WARNING] - Timeout '0' is invalid. Using default page load timeout: '30'

29-04-2025T11:40:20 - [MESSAGE][PASSED] - Element 'Object Repository/Carousel/android.widget.TextView - My Account' is exist

29-04-2025T11:40:20 - [TEST_STEP][PASSED] - closeApplication(): Close app successfully

29-04-2025T11:40:25 - [MESSAGE][INFO] - The process with PID 3,506 wasnt terminated, error: {1}

29-04-2025T11:40:25 - [MESSAGE][PASSED] - Close app successfully]]></system-out>
         <system-err><![CDATA[]]></system-err>
      </testcase>
      <testcase name="Test Cases/Home Page/C765_WRMA-342_Homepage_Verification_logged in" time="210.269" classname="Test Cases/Home Page/C765_WRMA-342_Homepage_Verification_logged in" status="PASSED">
         <system-out><![CDATA[29-04-2025T11:40:25 - [TEST_CASE][PASSED] - Test Cases/Home Page/C765_WRMA-342_Homepage_Verification_logged in: Test Cases/Home Page/C765_WRMA-342_Homepage_Verification_logged in

29-04-2025T11:40:25 - [TEST_STEP][PASSED] - startApplication("/Users/gv.vignesh/Downloads/app-debug (2.99.69).apk", true): Started application: '/Users/gv.vignesh/Downloads/app-debug (2.99.69).apk'

29-04-2025T11:40:25 - [MESSAGE][INFO] - Starting application: '/Users/gv.vignesh/Downloads/app-debug (2.99.69).apk'

29-04-2025T11:40:25 - [MESSAGE][INFO] - User set preference: ['uiautomator2ServerInstallTimeout', '0']

29-04-2025T11:40:25 - [MESSAGE][INFO] - User set preference: ['deviceId', '']

29-04-2025T11:40:25 - [MESSAGE][INFO] - Detected NodeJS location: "/opt/homebrew/Cellar/node/23.10.0_1/bin/node"

29-04-2025T11:40:25 - [MESSAGE][INFO] - PATH: /opt/homebrew/Cellar/node/23.10.0_1/bin:/opt/homebrew/bin:/usr/bin:/bin:/usr/sbin:/sbin:/Applications/Katalon Studio Enterprise.app/Contents/Eclipse/jre/Contents/Home/bin:/usr/local/bin/

29-04-2025T11:40:25 - [MESSAGE][INFO] - APPIUM_HOME: /Users/gv.vignesh/.appium

29-04-2025T11:40:25 - [MESSAGE][INFO] - appium outlog: /Users/gv.vignesh/Downloads/WGR-Android-Automation/Reports/20250429_104944/Android Regression/20250429_104944/appium.log

29-04-2025T11:40:25 - [MESSAGE][INFO] - appium errlog: /Users/gv.vignesh/Downloads/WGR-Android-Automation/Reports/20250429_104944/Android Regression/20250429_104944/appium_error.log

29-04-2025T11:40:27 - [MESSAGE][INFO] - Appium server started on port 56,691

29-04-2025T11:40:46 - [MESSAGE][PASSED] - Started application: '/Users/gv.vignesh/Downloads/app-debug (2.99.69).apk'

29-04-2025T11:40:46 - [TEST_STEP][PASSED] - delay(10): Delayed 10 second(s)

29-04-2025T11:40:56 - [MESSAGE][PASSED] - Delayed 10 second(s)

29-04-2025T11:40:56 - [TEST_STEP][PASSED] - tap(findTestObject("Object Repository/Repo/MyStay/android.widget.Button - Login or Sign Up (1)"), 0): Tapped on element 'Object Repository/Repo/MyStay/android.widget.Button - Login or Sign Up (1)'

29-04-2025T11:40:56 - [MESSAGE][WARNING] - Timeout '0' is invalid. Using default page load timeout: '30'

29-04-2025T11:40:57 - [MESSAGE][PASSED] - Tapped on element 'Object Repository/Repo/MyStay/android.widget.Button - Login or Sign Up (1)'

29-04-2025T11:40:57 - [TEST_STEP][PASSED] - delay(10): Delayed 10 second(s)

29-04-2025T11:41:07 - [MESSAGE][PASSED] - Delayed 10 second(s)

29-04-2025T11:41:07 - [TEST_STEP][PASSED] - setText(findTestObject("Object Repository/Repo/MyStay/android.widget.EditText (3)"), "0425201TM@WG.COM", 0): Text '0425201TM@WG.COM' has been set to element 'Object Repository/Repo/MyStay/android.widget.EditText (3)'

29-04-2025T11:41:07 - [MESSAGE][WARNING] - Timeout '0' is invalid. Using default page load timeout: '30'

29-04-2025T11:41:08 - [MESSAGE][PASSED] - Text '0425201TM@WG.COM' has been set to element 'Object Repository/Repo/MyStay/android.widget.EditText (3)'

29-04-2025T11:41:08 - [TEST_STEP][PASSED] - hideKeyboard(): Keyboard is hidden

29-04-2025T11:41:11 - [MESSAGE][PASSED] - Keyboard is hidden

29-04-2025T11:41:11 - [TEST_STEP][PASSED] - delay(10): Delayed 10 second(s)

29-04-2025T11:41:21 - [MESSAGE][PASSED] - Delayed 10 second(s)

29-04-2025T11:41:21 - [TEST_STEP][PASSED] - tap(findTestObject("Object Repository/Repo/MyStay/android.widget.Button - Next (1)"), 0): Tapped on element 'Object Repository/Repo/MyStay/android.widget.Button - Next (1)'

29-04-2025T11:41:21 - [MESSAGE][WARNING] - Timeout '0' is invalid. Using default page load timeout: '30'

29-04-2025T11:41:22 - [MESSAGE][PASSED] - Tapped on element 'Object Repository/Repo/MyStay/android.widget.Button - Next (1)'

29-04-2025T11:41:22 - [TEST_STEP][PASSED] - delay(10): Delayed 10 second(s)

29-04-2025T11:41:32 - [MESSAGE][PASSED] - Delayed 10 second(s)

29-04-2025T11:41:32 - [TEST_STEP][PASSED] - delay(30): Delayed 30 second(s)

29-04-2025T11:42:02 - [MESSAGE][PASSED] - Delayed 30 second(s)

29-04-2025T11:42:02 - [TEST_STEP][PASSED] - setText(findTestObject("Object Repository/Repo/SignUpNewUser/android.widget.EditText (24)"), "0425201TM@WG.COM", 0): Text '0425201TM@WG.COM' has been set to element 'Object Repository/Repo/SignUpNewUser/android.widget.EditText (24)'

29-04-2025T11:42:02 - [MESSAGE][WARNING] - Timeout '0' is invalid. Using default page load timeout: '30'

29-04-2025T11:42:04 - [MESSAGE][PASSED] - Text '0425201TM@WG.COM' has been set to element 'Object Repository/Repo/SignUpNewUser/android.widget.EditText (24)'

29-04-2025T11:42:04 - [TEST_STEP][PASSED] - hideKeyboard(): Keyboard is hidden

29-04-2025T11:42:06 - [MESSAGE][PASSED] - Keyboard is hidden

29-04-2025T11:42:06 - [TEST_STEP][PASSED] - delay(20): Delayed 20 second(s)

29-04-2025T11:42:26 - [MESSAGE][PASSED] - Delayed 20 second(s)

29-04-2025T11:42:26 - [TEST_STEP][PASSED] - setText(findTestObject("Object Repository/Repo/SignUpNewUser/android.widget.EditText (25)"), "password", 0): Text 'password' has been set to element 'Object Repository/Repo/SignUpNewUser/android.widget.EditText (25)'

29-04-2025T11:42:26 - [MESSAGE][WARNING] - Timeout '0' is invalid. Using default page load timeout: '30'

29-04-2025T11:42:28 - [MESSAGE][PASSED] - Text 'password' has been set to element 'Object Repository/Repo/SignUpNewUser/android.widget.EditText (25)'

29-04-2025T11:42:28 - [TEST_STEP][PASSED] - hideKeyboard(): Keyboard is hidden

29-04-2025T11:42:30 - [MESSAGE][PASSED] - Keyboard is hidden

29-04-2025T11:42:30 - [TEST_STEP][PASSED] - delay(20): Delayed 20 second(s)

29-04-2025T11:42:50 - [MESSAGE][PASSED] - Delayed 20 second(s)

29-04-2025T11:42:50 - [TEST_STEP][PASSED] - tap(findTestObject("Object Repository/Repo/SignUpNewUser/android.widget.Button - LOGIN"), 0): Tapped on element 'Object Repository/Repo/SignUpNewUser/android.widget.Button - LOGIN'

29-04-2025T11:42:50 - [MESSAGE][WARNING] - Timeout '0' is invalid. Using default page load timeout: '30'

29-04-2025T11:42:51 - [MESSAGE][PASSED] - Tapped on element 'Object Repository/Repo/SignUpNewUser/android.widget.Button - LOGIN'

29-04-2025T11:42:51 - [TEST_STEP][PASSED] - delay(20): Delayed 20 second(s)

29-04-2025T11:43:11 - [MESSAGE][PASSED] - Delayed 20 second(s)

29-04-2025T11:43:11 - [TEST_STEP][PASSED] - tap(findTestObject("Object Repository/Carousel/android.widget.TextView - Home"), 0): Tapped on element 'Object Repository/Carousel/android.widget.TextView - Home'

29-04-2025T11:43:11 - [MESSAGE][WARNING] - Timeout '0' is invalid. Using default page load timeout: '30'

29-04-2025T11:43:11 - [MESSAGE][PASSED] - Tapped on element 'Object Repository/Carousel/android.widget.TextView - Home'

29-04-2025T11:43:11 - [TEST_STEP][PASSED] - delay(15): Delayed 15 second(s)

29-04-2025T11:43:26 - [MESSAGE][PASSED] - Delayed 15 second(s)

29-04-2025T11:43:26 - [TEST_STEP][PASSED] - assert verifyElementExist(findTestObject("Object Repository/Carousel/android.widget.TextView"), 0): Element 'Object Repository/Carousel/android.widget.TextView' is exist

29-04-2025T11:43:26 - [MESSAGE][WARNING] - Timeout '0' is invalid. Using default page load timeout: '30'

29-04-2025T11:43:27 - [MESSAGE][PASSED] - Element 'Object Repository/Carousel/android.widget.TextView' is exist

29-04-2025T11:43:27 - [TEST_STEP][PASSED] - swipe(800, 500, 100, 500): Swiped from 800,500 to 100,500

29-04-2025T11:43:28 - [MESSAGE][PASSED] - Swiped from 800,500 to 100,500

29-04-2025T11:43:28 - [TEST_STEP][PASSED] - delay(10): Delayed 10 second(s)

29-04-2025T11:43:38 - [MESSAGE][PASSED] - Delayed 10 second(s)

29-04-2025T11:43:38 - [TEST_STEP][PASSED] - scrollToText("recommended"): Scrolling to text 'recommended' successfully

29-04-2025T11:43:39 - [MESSAGE][PASSED] - Scrolling to text 'recommended' successfully

29-04-2025T11:43:39 - [TEST_STEP][PASSED] - delay(10): Delayed 10 second(s)

29-04-2025T11:43:49 - [MESSAGE][PASSED] - Delayed 10 second(s)

29-04-2025T11:43:49 - [TEST_STEP][PASSED] - assert verifyElementExist(findTestObject("Object Repository/Carousel/android.widget.TextView - Book a Rental"), 0): Element 'Object Repository/Carousel/android.widget.TextView - Book a Rental' is exist

29-04-2025T11:43:49 - [MESSAGE][WARNING] - Timeout '0' is invalid. Using default page load timeout: '30'

29-04-2025T11:43:50 - [MESSAGE][PASSED] - Element 'Object Repository/Carousel/android.widget.TextView - Book a Rental' is exist

29-04-2025T11:43:50 - [TEST_STEP][PASSED] - assert verifyElementExist(findTestObject("Object Repository/Carousel/android.widget.TextView - RECOMMENDED FOR YOU"), 0): Element 'Object Repository/Carousel/android.widget.TextView - RECOMMENDED FOR YOU' is exist

29-04-2025T11:43:50 - [MESSAGE][WARNING] - Timeout '0' is invalid. Using default page load timeout: '30'

29-04-2025T11:43:50 - [MESSAGE][PASSED] - Element 'Object Repository/Carousel/android.widget.TextView - RECOMMENDED FOR YOU' is exist

29-04-2025T11:43:50 - [TEST_STEP][PASSED] - assert verifyElementExist(findTestObject("Object Repository/Carousel/android.widget.TextView - Home"), 0): Element 'Object Repository/Carousel/android.widget.TextView - Home' is exist

29-04-2025T11:43:50 - [MESSAGE][WARNING] - Timeout '0' is invalid. Using default page load timeout: '30'

29-04-2025T11:43:51 - [MESSAGE][PASSED] - Element 'Object Repository/Carousel/android.widget.TextView - Home' is exist

29-04-2025T11:43:51 - [TEST_STEP][PASSED] - assert verifyElementExist(findTestObject("Object Repository/Carousel/android.widget.TextView - My Account"), 0): Element 'Object Repository/Carousel/android.widget.TextView - My Account' is exist

29-04-2025T11:43:51 - [MESSAGE][WARNING] - Timeout '0' is invalid. Using default page load timeout: '30'

29-04-2025T11:43:51 - [MESSAGE][PASSED] - Element 'Object Repository/Carousel/android.widget.TextView - My Account' is exist

29-04-2025T11:43:51 - [TEST_STEP][PASSED] - closeApplication(): Close app successfully

29-04-2025T11:43:55 - [MESSAGE][PASSED] - Close app successfully]]></system-out>
         <system-err><![CDATA[]]></system-err>
      </testcase>
      <testcase name="Test Cases/Home Page/C754_HomepageFunctionality" time="61.267" classname="Test Cases/Home Page/C754_HomepageFunctionality" status="PASSED">
         <system-out><![CDATA[29-04-2025T11:43:55 - [TEST_CASE][PASSED] - Test Cases/Home Page/C754_HomepageFunctionality: Test Cases/Home Page/C754_HomepageFunctionality

29-04-2025T11:43:55 - [TEST_STEP][PASSED] - startApplication("/Users/gv.vignesh/Downloads/app-debug (2.99.69).apk", true): Started application: '/Users/gv.vignesh/Downloads/app-debug (2.99.69).apk'

29-04-2025T11:43:55 - [MESSAGE][INFO] - Starting application: '/Users/gv.vignesh/Downloads/app-debug (2.99.69).apk'

29-04-2025T11:43:55 - [MESSAGE][INFO] - User set preference: ['uiautomator2ServerInstallTimeout', '0']

29-04-2025T11:43:55 - [MESSAGE][INFO] - User set preference: ['deviceId', '']

29-04-2025T11:43:55 - [MESSAGE][INFO] - Detected NodeJS location: "/opt/homebrew/Cellar/node/23.10.0_1/bin/node"

29-04-2025T11:43:55 - [MESSAGE][INFO] - PATH: /opt/homebrew/Cellar/node/23.10.0_1/bin:/opt/homebrew/bin:/usr/bin:/bin:/usr/sbin:/sbin:/Applications/Katalon Studio Enterprise.app/Contents/Eclipse/jre/Contents/Home/bin:/usr/local/bin/

29-04-2025T11:43:55 - [MESSAGE][INFO] - APPIUM_HOME: /Users/gv.vignesh/.appium

29-04-2025T11:43:55 - [MESSAGE][INFO] - appium outlog: /Users/gv.vignesh/Downloads/WGR-Android-Automation/Reports/20250429_104944/Android Regression/20250429_104944/appium.log

29-04-2025T11:43:55 - [MESSAGE][INFO] - appium errlog: /Users/gv.vignesh/Downloads/WGR-Android-Automation/Reports/20250429_104944/Android Regression/20250429_104944/appium_error.log

29-04-2025T11:43:57 - [MESSAGE][INFO] - Appium server started on port 57,057

29-04-2025T11:44:16 - [MESSAGE][PASSED] - Started application: '/Users/gv.vignesh/Downloads/app-debug (2.99.69).apk'

29-04-2025T11:44:16 - [TEST_STEP][PASSED] - delay(10): Delayed 10 second(s)

29-04-2025T11:44:26 - [MESSAGE][PASSED] - Delayed 10 second(s)

29-04-2025T11:44:26 - [TEST_STEP][PASSED] - tap(findTestObject("Object Repository/Carousel/android.widget.TextView - Home"), 0): Tapped on element 'Object Repository/Carousel/android.widget.TextView - Home'

29-04-2025T11:44:26 - [MESSAGE][WARNING] - Timeout '0' is invalid. Using default page load timeout: '30'

29-04-2025T11:44:26 - [MESSAGE][PASSED] - Tapped on element 'Object Repository/Carousel/android.widget.TextView - Home'

29-04-2025T11:44:26 - [TEST_STEP][PASSED] - delay(15): Delayed 15 second(s)

29-04-2025T11:44:41 - [MESSAGE][PASSED] - Delayed 15 second(s)

29-04-2025T11:44:41 - [TEST_STEP][PASSED] - tap(findTestObject("Object Repository/Carousel/android.widget.TextView (1)"), 0): Tapped on element 'Object Repository/Carousel/android.widget.TextView (1)'

29-04-2025T11:44:41 - [MESSAGE][WARNING] - Timeout '0' is invalid. Using default page load timeout: '30'

29-04-2025T11:44:42 - [MESSAGE][PASSED] - Tapped on element 'Object Repository/Carousel/android.widget.TextView (1)'

29-04-2025T11:44:42 - [TEST_STEP][PASSED] - delay(10): Delayed 10 second(s)

29-04-2025T11:44:52 - [MESSAGE][PASSED] - Delayed 10 second(s)

29-04-2025T11:44:52 - [TEST_STEP][PASSED] - assert verifyElementExist(findTestObject("Object Repository/Carousel/android.widget.TextView - App Test Image Article"), 0): Element 'Object Repository/Carousel/android.widget.TextView - App Test Image Article' is exist

29-04-2025T11:44:52 - [MESSAGE][WARNING] - Timeout '0' is invalid. Using default page load timeout: '30'

29-04-2025T11:44:52 - [MESSAGE][PASSED] - Element 'Object Repository/Carousel/android.widget.TextView - App Test Image Article' is exist

29-04-2025T11:44:52 - [TEST_STEP][PASSED] - assert verifyElementExist(findTestObject("Object Repository/Carousel/android.widget.TextView - App Test Image Article (1)"), 0): Element 'Object Repository/Carousel/android.widget.TextView - App Test Image Article (1)' is exist

29-04-2025T11:44:52 - [MESSAGE][WARNING] - Timeout '0' is invalid. Using default page load timeout: '30'

29-04-2025T11:44:53 - [MESSAGE][PASSED] - Element 'Object Repository/Carousel/android.widget.TextView - App Test Image Article (1)' is exist

29-04-2025T11:44:53 - [TEST_STEP][PASSED] - closeApplication(): Close app successfully

29-04-2025T11:44:57 - [MESSAGE][PASSED] - Close app successfully]]></system-out>
         <system-err><![CDATA[]]></system-err>
      </testcase>
      <testcase name="Test Cases/Delete Account/C669_DeleteAccount_VerifyAccountDeletion" time="275.773" classname="Test Cases/Delete Account/C669_DeleteAccount_VerifyAccountDeletion" status="PASSED">
         <system-out><![CDATA[29-04-2025T11:44:57 - [TEST_CASE][PASSED] - Test Cases/Delete Account/C669_DeleteAccount_VerifyAccountDeletion: Test Cases/Delete Account/C669_DeleteAccount_VerifyAccountDeletion

29-04-2025T11:44:57 - [TEST_STEP][PASSED] - testData = findTestData("Data Files/C669"): null

29-04-2025T11:44:57 - [TEST_STEP][PASSED] - email = testData.getValue("email", 1): null

29-04-2025T11:44:57 - [TEST_STEP][PASSED] - password = testData.getValue("password", 1): null

29-04-2025T11:44:57 - [TEST_STEP][PASSED] - deleteConfirmation = testData.getValue("delete_confirmation", 1): null

29-04-2025T11:44:57 - [TEST_STEP][PASSED] - startApplication(appUrl, true): Started application: '/Users/gv.vignesh/Downloads/WGR-Android-Automation/App Folder/app-debug-2.99.75.apk'

29-04-2025T11:44:57 - [MESSAGE][INFO] - Starting application: '/Users/gv.vignesh/Downloads/WGR-Android-Automation/App Folder/app-debug-2.99.75.apk'

29-04-2025T11:44:57 - [MESSAGE][INFO] - User set preference: ['uiautomator2ServerInstallTimeout', '0']

29-04-2025T11:44:57 - [MESSAGE][INFO] - User set preference: ['deviceId', '']

29-04-2025T11:44:57 - [MESSAGE][INFO] - Detected NodeJS location: "/opt/homebrew/Cellar/node/23.10.0_1/bin/node"

29-04-2025T11:44:57 - [MESSAGE][INFO] - PATH: /opt/homebrew/Cellar/node/23.10.0_1/bin:/opt/homebrew/bin:/usr/bin:/bin:/usr/sbin:/sbin:/Applications/Katalon Studio Enterprise.app/Contents/Eclipse/jre/Contents/Home/bin:/usr/local/bin/

29-04-2025T11:44:57 - [MESSAGE][INFO] - APPIUM_HOME: /Users/gv.vignesh/.appium

29-04-2025T11:44:57 - [MESSAGE][INFO] - appium outlog: /Users/gv.vignesh/Downloads/WGR-Android-Automation/Reports/20250429_104944/Android Regression/20250429_104944/appium.log

29-04-2025T11:44:57 - [MESSAGE][INFO] - appium errlog: /Users/gv.vignesh/Downloads/WGR-Android-Automation/Reports/20250429_104944/Android Regression/20250429_104944/appium_error.log

29-04-2025T11:44:57 - [MESSAGE][INFO] - Appium server started on port 57,256

29-04-2025T11:45:16 - [MESSAGE][PASSED] - Started application: '/Users/gv.vignesh/Downloads/WGR-Android-Automation/App Folder/app-debug-2.99.75.apk'

29-04-2025T11:45:16 - [TEST_STEP][PASSED] - delay(10): Delayed 10 second(s)

29-04-2025T11:45:26 - [MESSAGE][PASSED] - Delayed 10 second(s)

29-04-2025T11:45:26 - [TEST_STEP][PASSED] - tap(findTestObject("Object Repository/Repo/android.widget.Button - Login or Sign Up"), 0): Tapped on element 'Object Repository/Repo/android.widget.Button - Login or Sign Up'

29-04-2025T11:45:26 - [MESSAGE][WARNING] - Timeout '0' is invalid. Using default page load timeout: '30'

29-04-2025T11:45:28 - [MESSAGE][PASSED] - Tapped on element 'Object Repository/Repo/android.widget.Button - Login or Sign Up'

29-04-2025T11:45:28 - [TEST_STEP][PASSED] - delay(10): Delayed 10 second(s)

29-04-2025T11:45:38 - [MESSAGE][PASSED] - Delayed 10 second(s)

29-04-2025T11:45:38 - [TEST_STEP][PASSED] - setText(findTestObject("Object Repository/Repo/android.widget.EditText-NewUserName-LoginPage"), email, 0): Text '0425245TM@WG.COM' has been set to element 'Object Repository/Repo/android.widget.EditText-NewUserName-LoginPage'

29-04-2025T11:45:38 - [MESSAGE][WARNING] - Timeout '0' is invalid. Using default page load timeout: '30'

29-04-2025T11:45:38 - [MESSAGE][PASSED] - Text '0425245TM@WG.COM' has been set to element 'Object Repository/Repo/android.widget.EditText-NewUserName-LoginPage'

29-04-2025T11:45:38 - [TEST_STEP][PASSED] - hideKeyboard(): Keyboard is hidden

29-04-2025T11:45:41 - [MESSAGE][PASSED] - Keyboard is hidden

29-04-2025T11:45:41 - [TEST_STEP][PASSED] - delay(10): Delayed 10 second(s)

29-04-2025T11:45:51 - [MESSAGE][PASSED] - Delayed 10 second(s)

29-04-2025T11:45:51 - [TEST_STEP][PASSED] - tap(findTestObject("Object Repository/Repo/android.widget.Button - Next"), 0): Tapped on element 'Object Repository/Repo/android.widget.Button - Next'

29-04-2025T11:45:51 - [MESSAGE][WARNING] - Timeout '0' is invalid. Using default page load timeout: '30'

29-04-2025T11:45:52 - [MESSAGE][PASSED] - Tapped on element 'Object Repository/Repo/android.widget.Button - Next'

29-04-2025T11:45:52 - [TEST_STEP][PASSED] - delay(30): Delayed 30 second(s)

29-04-2025T11:46:22 - [MESSAGE][PASSED] - Delayed 30 second(s)

29-04-2025T11:46:22 - [TEST_STEP][PASSED] - setText(findTestObject("Object Repository/Repo/android.widget.EditText-OAM(Login)"), email, 0): Text '0425245TM@WG.COM' has been set to element 'Object Repository/Repo/android.widget.EditText-OAM(Login)'

29-04-2025T11:46:22 - [MESSAGE][WARNING] - Timeout '0' is invalid. Using default page load timeout: '30'

29-04-2025T11:46:47 - [MESSAGE][PASSED] - Text '0425245TM@WG.COM' has been set to element 'Object Repository/Repo/android.widget.EditText-OAM(Login)'

29-04-2025T11:46:47 - [TEST_STEP][PASSED] - hideKeyboard(): Keyboard is hidden

29-04-2025T11:46:49 - [MESSAGE][PASSED] - Keyboard is hidden

29-04-2025T11:46:49 - [TEST_STEP][PASSED] - delay(20): Delayed 20 second(s)

29-04-2025T11:47:09 - [MESSAGE][PASSED] - Delayed 20 second(s)

29-04-2025T11:47:09 - [TEST_STEP][PASSED] - setText(findTestObject("Object Repository/Repo/android.widget.EditText-OAM(Password)"), password, 0): Text 'password' has been set to element 'Object Repository/Repo/android.widget.EditText-OAM(Password)'

29-04-2025T11:47:09 - [MESSAGE][WARNING] - Timeout '0' is invalid. Using default page load timeout: '30'

29-04-2025T11:47:10 - [MESSAGE][PASSED] - Text 'password' has been set to element 'Object Repository/Repo/android.widget.EditText-OAM(Password)'

29-04-2025T11:47:10 - [TEST_STEP][PASSED] - hideKeyboard(): Keyboard is hidden

29-04-2025T11:47:12 - [MESSAGE][PASSED] - Keyboard is hidden

29-04-2025T11:47:12 - [TEST_STEP][PASSED] - delay(20): Delayed 20 second(s)

29-04-2025T11:47:32 - [MESSAGE][PASSED] - Delayed 20 second(s)

29-04-2025T11:47:32 - [TEST_STEP][PASSED] - tap(findTestObject("Object Repository/Repo/android.widget.Button -OAM(Login)"), 0): Tapped on element 'Object Repository/Repo/android.widget.Button -OAM(Login)'

29-04-2025T11:47:32 - [MESSAGE][WARNING] - Timeout '0' is invalid. Using default page load timeout: '30'

29-04-2025T11:47:33 - [MESSAGE][PASSED] - Tapped on element 'Object Repository/Repo/android.widget.Button -OAM(Login)'

29-04-2025T11:47:33 - [TEST_STEP][PASSED] - delay(20): Delayed 20 second(s)

29-04-2025T11:47:53 - [MESSAGE][PASSED] - Delayed 20 second(s)

29-04-2025T11:47:53 - [TEST_STEP][PASSED] - tap(findTestObject("Object Repository/Repo/android.view.View - Home"), 0): Tapped on element 'Object Repository/Repo/android.view.View - Home'

29-04-2025T11:47:53 - [MESSAGE][WARNING] - Timeout '0' is invalid. Using default page load timeout: '30'

29-04-2025T11:47:53 - [MESSAGE][PASSED] - Tapped on element 'Object Repository/Repo/android.view.View - Home'

29-04-2025T11:47:53 - [TEST_STEP][PASSED] - delay(10): Delayed 10 second(s)

29-04-2025T11:48:03 - [MESSAGE][PASSED] - Delayed 10 second(s)

29-04-2025T11:48:03 - [TEST_STEP][PASSED] - tap(findTestObject("Object Repository/Repo/android.widget.Button - menu"), 0): Tapped on element 'Object Repository/Repo/android.widget.Button - menu'

29-04-2025T11:48:03 - [MESSAGE][WARNING] - Timeout '0' is invalid. Using default page load timeout: '30'

29-04-2025T11:48:04 - [MESSAGE][PASSED] - Tapped on element 'Object Repository/Repo/android.widget.Button - menu'

29-04-2025T11:48:04 - [TEST_STEP][PASSED] - delay(10): Delayed 10 second(s)

29-04-2025T11:48:14 - [MESSAGE][PASSED] - Delayed 10 second(s)

29-04-2025T11:48:14 - [TEST_STEP][PASSED] - tap(findTestObject("Object Repository/Repo/android.widget.TabWidget-Settings"), 0): Tapped on element 'Object Repository/Repo/android.widget.TabWidget-Settings'

29-04-2025T11:48:14 - [MESSAGE][WARNING] - Timeout '0' is invalid. Using default page load timeout: '30'

29-04-2025T11:48:15 - [MESSAGE][PASSED] - Tapped on element 'Object Repository/Repo/android.widget.TabWidget-Settings'

29-04-2025T11:48:15 - [TEST_STEP][PASSED] - delay(10): Delayed 10 second(s)

29-04-2025T11:48:25 - [MESSAGE][PASSED] - Delayed 10 second(s)

29-04-2025T11:48:25 - [TEST_STEP][PASSED] - tap(findTestObject("Object Repository/Repo/android.widget.Button - Delete My Account"), 0): Tapped on element 'Object Repository/Repo/android.widget.Button - Delete My Account'

29-04-2025T11:48:25 - [MESSAGE][WARNING] - Timeout '0' is invalid. Using default page load timeout: '30'

29-04-2025T11:48:25 - [MESSAGE][PASSED] - Tapped on element 'Object Repository/Repo/android.widget.Button - Delete My Account'

29-04-2025T11:48:25 - [TEST_STEP][PASSED] - delay(10): Delayed 10 second(s)

29-04-2025T11:48:35 - [MESSAGE][PASSED] - Delayed 10 second(s)

29-04-2025T11:48:35 - [TEST_STEP][PASSED] - assert waitForElementPresent(findTestObject("Object Repository/Repo/android.widget.TextView - Deleting your account will also delete your Online Account Management profile, and if youre a W.O.W. Loyalty Member or participate in the Westgate Travel Partner program, your benefits will be disrupted"), 10): Element 'Object Repository/Repo/android.widget.TextView - Deleting your account will also delete your Online Account Management profile, and if youre a W.O.W. Loyalty Member or participate in the Westgate Travel Partner program, your benefits will be disrupted' is present

29-04-2025T11:48:35 - [MESSAGE][PASSED] - Element 'Object Repository/Repo/android.widget.TextView - Deleting your account will also delete your Online Account Management profile, and if youre a W.O.W. Loyalty Member or participate in the Westgate Travel Partner program, your benefits will be disrupted' is present

29-04-2025T11:48:35 - [TEST_STEP][PASSED] - assert waitForElementPresent(findTestObject("Object Repository/Repo/android.widget.TextView - If you proceed, it can take up to two days for your account to be fully purged from our system"), 10): Element 'Object Repository/Repo/android.widget.TextView - If you proceed, it can take up to two days for your account to be fully purged from our system' is present

29-04-2025T11:48:36 - [MESSAGE][PASSED] - Element 'Object Repository/Repo/android.widget.TextView - If you proceed, it can take up to two days for your account to be fully purged from our system' is present

29-04-2025T11:48:36 - [TEST_STEP][PASSED] - delay(10): Delayed 10 second(s)

29-04-2025T11:48:46 - [MESSAGE][PASSED] - Delayed 10 second(s)

29-04-2025T11:48:46 - [TEST_STEP][PASSED] - setText(findTestObject("Object Repository/Repo/android.widget.EditText-DeleteConfirmationMessage"), deleteConfirmation, 0): Text 'delete' has been set to element 'Object Repository/Repo/android.widget.EditText-DeleteConfirmationMessage'

29-04-2025T11:48:46 - [MESSAGE][WARNING] - Timeout '0' is invalid. Using default page load timeout: '30'

29-04-2025T11:48:48 - [MESSAGE][PASSED] - Text 'delete' has been set to element 'Object Repository/Repo/android.widget.EditText-DeleteConfirmationMessage'

29-04-2025T11:48:48 - [TEST_STEP][PASSED] - delay(10): Delayed 10 second(s)

29-04-2025T11:48:58 - [MESSAGE][PASSED] - Delayed 10 second(s)

29-04-2025T11:48:58 - [TEST_STEP][PASSED] - tap(findTestObject("Object Repository/Repo/android.widget.Button - Delete"), 0): Tapped on element 'Object Repository/Repo/android.widget.Button - Delete'

29-04-2025T11:48:58 - [MESSAGE][WARNING] - Timeout '0' is invalid. Using default page load timeout: '30'

29-04-2025T11:48:58 - [MESSAGE][PASSED] - Tapped on element 'Object Repository/Repo/android.widget.Button - Delete'

29-04-2025T11:48:58 - [TEST_STEP][PASSED] - delay(10): Delayed 10 second(s)

29-04-2025T11:49:08 - [MESSAGE][PASSED] - Delayed 10 second(s)

29-04-2025T11:49:08 - [TEST_STEP][PASSED] - assert waitForElementPresent(findTestObject("Object Repository/Repo/android.widget.TextView - Sorry to see you go"), 10): Element 'Object Repository/Repo/android.widget.TextView - Sorry to see you go' is present

29-04-2025T11:49:09 - [MESSAGE][PASSED] - Element 'Object Repository/Repo/android.widget.TextView - Sorry to see you go' is present

29-04-2025T11:49:09 - [TEST_STEP][PASSED] - delay(10): Delayed 10 second(s)

29-04-2025T11:49:19 - [MESSAGE][PASSED] - Delayed 10 second(s)

29-04-2025T11:49:19 - [TEST_STEP][PASSED] - tap(findTestObject("Object Repository/Repo/android.widget.Button - Done"), 0): Tapped on element 'Object Repository/Repo/android.widget.Button - Done'

29-04-2025T11:49:19 - [MESSAGE][WARNING] - Timeout '0' is invalid. Using default page load timeout: '30'

29-04-2025T11:49:19 - [MESSAGE][PASSED] - Tapped on element 'Object Repository/Repo/android.widget.Button - Done'

29-04-2025T11:49:19 - [TEST_STEP][PASSED] - delay(10): Delayed 10 second(s)

29-04-2025T11:49:29 - [MESSAGE][PASSED] - Delayed 10 second(s)

29-04-2025T11:49:29 - [TEST_STEP][PASSED] - closeApplication(): Close app successfully

29-04-2025T11:49:32 - [MESSAGE][PASSED] - Close app successfully]]></system-out>
         <system-err><![CDATA[]]></system-err>
      </testcase>
      <testcase name="Test Cases/Linking Account/C737_C665_C805_C806_C807_C808_LinkingAccounts_TermsAndConditions_OwnerLogin" time="184.776" classname="Test Cases/Linking Account/C737_C665_C805_C806_C807_C808_LinkingAccounts_TermsAndConditions_OwnerLogin" status="FAILED">
         <failure type="FAILED" message="Test Cases/Linking Account/C737_C665_C805_C806_C807_C808_LinkingAccounts_TermsAndConditions_OwnerLogin FAILED.&#xa;Reason:&#xa;com.kms.katalon.core.exception.StepFailedException: Failed to check for element 'Object Repository/Link Accounts/android.widget.TextView - Link Accounts' exist&#xa;	at com.kms.katalon.core.mobile.keyword.internal.MobileKeywordMain.stepFailed(MobileKeywordMain.groovy:64)&#xa;	at com.kms.katalon.core.mobile.keyword.internal.MobileKeywordMain.runKeyword(MobileKeywordMain.groovy:34)&#xa;	at com.kms.katalon.core.mobile.keyword.builtin.VerifyElementExistKeyword.verifyElementExist(VerifyElementExistKeyword.groovy:51)&#xa;	at com.kms.katalon.core.mobile.keyword.builtin.VerifyElementExistKeyword.execute(VerifyElementExistKeyword.groovy:35)&#xa;	at com.kms.katalon.core.keyword.internal.KeywordExecutor.executeKeywordForPlatform(KeywordExecutor.groovy:74)&#xa;	at com.kms.katalon.core.mobile.keyword.MobileBuiltInKeywords.verifyElementExist(MobileBuiltInKeywords.groovy:1726)&#xa;	at C737_C665_C805_C806_C807_C808_LinkingAccounts_TermsAndConditions_OwnerLogin.run(C737_C665_C805_C806_C807_C808_LinkingAccounts_TermsAndConditions_OwnerLogin:71)&#xa;	at com.kms.katalon.core.main.ScriptEngine.run(ScriptEngine.java:194)&#xa;	at com.kms.katalon.core.main.ScriptEngine.runScriptAsRawText(ScriptEngine.java:119)&#xa;	at com.kms.katalon.core.main.TestCaseExecutor.runScript(TestCaseExecutor.java:448)&#xa;	at com.kms.katalon.core.main.TestCaseExecutor.doExecute(TestCaseExecutor.java:439)&#xa;	at com.kms.katalon.core.main.TestCaseExecutor.processExecutionPhase(TestCaseExecutor.java:418)&#xa;	at com.kms.katalon.core.main.TestCaseExecutor.accessMainPhase(TestCaseExecutor.java:410)&#xa;	at com.kms.katalon.core.main.TestCaseExecutor.execute(TestCaseExecutor.java:285)&#xa;	at com.kms.katalon.core.common.CommonExecutor.accessTestCaseMainPhase(CommonExecutor.java:71)&#xa;	at com.kms.katalon.core.main.TestSuiteExecutor.accessTestSuiteMainPhase(TestSuiteExecutor.java:160)&#xa;	at com.kms.katalon.core.main.TestSuiteExecutor.execute(TestSuiteExecutor.java:107)&#xa;	at com.kms.katalon.core.main.TestCaseMain.startTestSuite(TestCaseMain.java:180)&#xa;	at TempTestSuite1745903984460.run(TempTestSuite1745903984460.groovy:35)&#xa;	at java.base/jdk.internal.reflect.NativeMethodAccessorImpl.invoke0(Native Method)&#xa;	at java.base/jdk.internal.reflect.NativeMethodAccessorImpl.invoke(NativeMethodAccessorImpl.java:77)&#xa;	at java.base/jdk.internal.reflect.DelegatingMethodAccessorImpl.invoke(DelegatingMethodAccessorImpl.java:43)&#xa;Caused by: com.kms.katalon.core.exception.StepFailedException: Element 'Object Repository/Link Accounts/android.widget.TextView - Link Accounts' not found&#xa;	at com.kms.katalon.core.mobile.keyword.internal.MobileKeywordMain.stepFailed(MobileKeywordMain.groovy:64)&#xa;	at com.kms.katalon.core.mobile.keyword.builtin.VerifyElementExistKeyword$_verifyElementExist_closure1.doCall(VerifyElementExistKeyword.groovy:48)&#xa;	at com.kms.katalon.core.mobile.keyword.builtin.VerifyElementExistKeyword$_verifyElementExist_closure1.call(VerifyElementExistKeyword.groovy)&#xa;	at com.kms.katalon.core.mobile.keyword.internal.MobileKeywordMain.runKeyword(MobileKeywordMain.groovy:30)&#xa;	... 20 more&#xa;"/>
         <system-out><![CDATA[29-04-2025T11:49:32 - [TEST_CASE][FAILED] - Test Cases/Linking Account/C737_C665_C805_C806_C807_C808_LinkingAccounts_TermsAndConditions_OwnerLogin: Test Cases/Linking Account/C737_C665_C805_C806_C807_C808_LinkingAccounts_TermsAndConditions_OwnerLogin FAILED.
Reason:
com.kms.katalon.core.exception.StepFailedException: Failed to check for element 'Object Repository/Link Accounts/android.widget.TextView - Link Accounts' exist
	at com.kms.katalon.core.mobile.keyword.internal.MobileKeywordMain.stepFailed(MobileKeywordMain.groovy:64)
	at com.kms.katalon.core.mobile.keyword.internal.MobileKeywordMain.runKeyword(MobileKeywordMain.groovy:34)
	at com.kms.katalon.core.mobile.keyword.builtin.VerifyElementExistKeyword.verifyElementExist(VerifyElementExistKeyword.groovy:51)
	at com.kms.katalon.core.mobile.keyword.builtin.VerifyElementExistKeyword.execute(VerifyElementExistKeyword.groovy:35)
	at com.kms.katalon.core.keyword.internal.KeywordExecutor.executeKeywordForPlatform(KeywordExecutor.groovy:74)
	at com.kms.katalon.core.mobile.keyword.MobileBuiltInKeywords.verifyElementExist(MobileBuiltInKeywords.groovy:1726)
	at C737_C665_C805_C806_C807_C808_LinkingAccounts_TermsAndConditions_OwnerLogin.run(C737_C665_C805_C806_C807_C808_LinkingAccounts_TermsAndConditions_OwnerLogin:71)
	at com.kms.katalon.core.main.ScriptEngine.run(ScriptEngine.java:194)
	at com.kms.katalon.core.main.ScriptEngine.runScriptAsRawText(ScriptEngine.java:119)
	at com.kms.katalon.core.main.TestCaseExecutor.runScript(TestCaseExecutor.java:448)
	at com.kms.katalon.core.main.TestCaseExecutor.doExecute(TestCaseExecutor.java:439)
	at com.kms.katalon.core.main.TestCaseExecutor.processExecutionPhase(TestCaseExecutor.java:418)
	at com.kms.katalon.core.main.TestCaseExecutor.accessMainPhase(TestCaseExecutor.java:410)
	at com.kms.katalon.core.main.TestCaseExecutor.execute(TestCaseExecutor.java:285)
	at com.kms.katalon.core.common.CommonExecutor.accessTestCaseMainPhase(CommonExecutor.java:71)
	at com.kms.katalon.core.main.TestSuiteExecutor.accessTestSuiteMainPhase(TestSuiteExecutor.java:160)
	at com.kms.katalon.core.main.TestSuiteExecutor.execute(TestSuiteExecutor.java:107)
	at com.kms.katalon.core.main.TestCaseMain.startTestSuite(TestCaseMain.java:180)
	at TempTestSuite1745903984460.run(TempTestSuite1745903984460.groovy:35)
	at java.base/jdk.internal.reflect.NativeMethodAccessorImpl.invoke0(Native Method)
	at java.base/jdk.internal.reflect.NativeMethodAccessorImpl.invoke(NativeMethodAccessorImpl.java:77)
	at java.base/jdk.internal.reflect.DelegatingMethodAccessorImpl.invoke(DelegatingMethodAccessorImpl.java:43)
Caused by: com.kms.katalon.core.exception.StepFailedException: Element 'Object Repository/Link Accounts/android.widget.TextView - Link Accounts' not found
	at com.kms.katalon.core.mobile.keyword.internal.MobileKeywordMain.stepFailed(MobileKeywordMain.groovy:64)
	at com.kms.katalon.core.mobile.keyword.builtin.VerifyElementExistKeyword$_verifyElementExist_closure1.doCall(VerifyElementExistKeyword.groovy:48)
	at com.kms.katalon.core.mobile.keyword.builtin.VerifyElementExistKeyword$_verifyElementExist_closure1.call(VerifyElementExistKeyword.groovy)
	at com.kms.katalon.core.mobile.keyword.internal.MobileKeywordMain.runKeyword(MobileKeywordMain.groovy:30)
	... 20 more


29-04-2025T11:49:32 - [TEST_STEP][PASSED] - testData = findTestData("Data Files/WRMA-267"): null

29-04-2025T11:49:32 - [TEST_STEP][PASSED] - email = testData.getValue("Email", 1): null

29-04-2025T11:49:32 - [TEST_STEP][PASSED] - password = testData.getValue("Password", 1): null

29-04-2025T11:49:32 - [TEST_STEP][PASSED] - startApplication(appUrl, true): Started application: '/Users/gv.vignesh/Downloads/WGR-Android-Automation/App Folder/app-debug-2.99.75.apk'

29-04-2025T11:49:32 - [MESSAGE][INFO] - Starting application: '/Users/gv.vignesh/Downloads/WGR-Android-Automation/App Folder/app-debug-2.99.75.apk'

29-04-2025T11:49:32 - [MESSAGE][INFO] - User set preference: ['uiautomator2ServerInstallTimeout', '0']

29-04-2025T11:49:32 - [MESSAGE][INFO] - User set preference: ['deviceId', '']

29-04-2025T11:49:32 - [MESSAGE][INFO] - Detected NodeJS location: "/opt/homebrew/Cellar/node/23.10.0_1/bin/node"

29-04-2025T11:49:32 - [MESSAGE][INFO] - PATH: /opt/homebrew/Cellar/node/23.10.0_1/bin:/opt/homebrew/bin:/usr/bin:/bin:/usr/sbin:/sbin:/Applications/Katalon Studio Enterprise.app/Contents/Eclipse/jre/Contents/Home/bin:/usr/local/bin/

29-04-2025T11:49:32 - [MESSAGE][INFO] - APPIUM_HOME: /Users/gv.vignesh/.appium

29-04-2025T11:49:32 - [MESSAGE][INFO] - appium outlog: /Users/gv.vignesh/Downloads/WGR-Android-Automation/Reports/20250429_104944/Android Regression/20250429_104944/appium.log

29-04-2025T11:49:32 - [MESSAGE][INFO] - appium errlog: /Users/gv.vignesh/Downloads/WGR-Android-Automation/Reports/20250429_104944/Android Regression/20250429_104944/appium_error.log

29-04-2025T11:49:33 - [MESSAGE][INFO] - Appium server started on port 57,582

29-04-2025T11:49:52 - [MESSAGE][PASSED] - Started application: '/Users/gv.vignesh/Downloads/WGR-Android-Automation/App Folder/app-debug-2.99.75.apk'

29-04-2025T11:49:52 - [TEST_STEP][PASSED] - delay(10): Delayed 10 second(s)

29-04-2025T11:50:02 - [MESSAGE][PASSED] - Delayed 10 second(s)

29-04-2025T11:50:02 - [TEST_STEP][PASSED] - tap(findTestObject("Object Repository/Link Accounts/android.widget.Button - Login or Sign Up"), 0): Tapped on element 'Object Repository/Link Accounts/android.widget.Button - Login or Sign Up'

29-04-2025T11:50:02 - [MESSAGE][WARNING] - Timeout '0' is invalid. Using default page load timeout: '30'

29-04-2025T11:50:03 - [MESSAGE][PASSED] - Tapped on element 'Object Repository/Link Accounts/android.widget.Button - Login or Sign Up'

29-04-2025T11:50:03 - [TEST_STEP][PASSED] - delay(10): Delayed 10 second(s)

29-04-2025T11:50:13 - [MESSAGE][PASSED] - Delayed 10 second(s)

29-04-2025T11:50:13 - [TEST_STEP][PASSED] - setText(findTestObject("Object Repository/Link Accounts/android.widget.EditText"), email, 0): Text 'IAMRACQUEA@GMAIL.COM' has been set to element 'Object Repository/Link Accounts/android.widget.EditText'

29-04-2025T11:50:13 - [MESSAGE][WARNING] - Timeout '0' is invalid. Using default page load timeout: '30'

29-04-2025T11:50:13 - [MESSAGE][PASSED] - Text 'IAMRACQUEA@GMAIL.COM' has been set to element 'Object Repository/Link Accounts/android.widget.EditText'

29-04-2025T11:50:13 - [TEST_STEP][PASSED] - hideKeyboard(): Keyboard is hidden

29-04-2025T11:50:16 - [MESSAGE][PASSED] - Keyboard is hidden

29-04-2025T11:50:16 - [TEST_STEP][PASSED] - delay(10): Delayed 10 second(s)

29-04-2025T11:50:26 - [MESSAGE][PASSED] - Delayed 10 second(s)

29-04-2025T11:50:26 - [TEST_STEP][PASSED] - tap(findTestObject("Object Repository/Link Accounts/android.widget.Button - Next"), 0): Tapped on element 'Object Repository/Link Accounts/android.widget.Button - Next'

29-04-2025T11:50:26 - [MESSAGE][WARNING] - Timeout '0' is invalid. Using default page load timeout: '30'

29-04-2025T11:50:26 - [MESSAGE][PASSED] - Tapped on element 'Object Repository/Link Accounts/android.widget.Button - Next'

29-04-2025T11:50:26 - [TEST_STEP][PASSED] - delay(45): Delayed 45 second(s)

29-04-2025T11:51:11 - [MESSAGE][PASSED] - Delayed 45 second(s)

29-04-2025T11:51:11 - [TEST_STEP][PASSED] - setText(findTestObject("Object Repository/Link Accounts/android.widget.EditText (1)"), email, 0): Text 'IAMRACQUEA@GMAIL.COM' has been set to element 'Object Repository/Link Accounts/android.widget.EditText (1)'

29-04-2025T11:51:11 - [MESSAGE][WARNING] - Timeout '0' is invalid. Using default page load timeout: '30'

29-04-2025T11:51:12 - [MESSAGE][PASSED] - Text 'IAMRACQUEA@GMAIL.COM' has been set to element 'Object Repository/Link Accounts/android.widget.EditText (1)'

29-04-2025T11:51:12 - [TEST_STEP][PASSED] - hideKeyboard(): Keyboard is hidden

29-04-2025T11:51:13 - [MESSAGE][PASSED] - Keyboard is hidden

29-04-2025T11:51:13 - [TEST_STEP][PASSED] - delay(10): Delayed 10 second(s)

29-04-2025T11:51:23 - [MESSAGE][PASSED] - Delayed 10 second(s)

29-04-2025T11:51:23 - [TEST_STEP][PASSED] - setText(findTestObject("Object Repository/Link Accounts/android.widget.EditText (2)"), password, 0): Text 'password' has been set to element 'Object Repository/Link Accounts/android.widget.EditText (2)'

29-04-2025T11:51:23 - [MESSAGE][WARNING] - Timeout '0' is invalid. Using default page load timeout: '30'

29-04-2025T11:51:23 - [MESSAGE][PASSED] - Text 'password' has been set to element 'Object Repository/Link Accounts/android.widget.EditText (2)'

29-04-2025T11:51:23 - [TEST_STEP][PASSED] - hideKeyboard(): Keyboard is hidden

29-04-2025T11:51:24 - [MESSAGE][PASSED] - Keyboard is hidden

29-04-2025T11:51:24 - [TEST_STEP][PASSED] - delay(10): Delayed 10 second(s)

29-04-2025T11:51:34 - [MESSAGE][PASSED] - Delayed 10 second(s)

29-04-2025T11:51:34 - [TEST_STEP][PASSED] - tap(findTestObject("Object Repository/Link Accounts/android.widget.Button - LOGIN"), 0): Tapped on element 'Object Repository/Link Accounts/android.widget.Button - LOGIN'

29-04-2025T11:51:34 - [MESSAGE][WARNING] - Timeout '0' is invalid. Using default page load timeout: '30'

29-04-2025T11:51:34 - [MESSAGE][PASSED] - Tapped on element 'Object Repository/Link Accounts/android.widget.Button - LOGIN'

29-04-2025T11:51:34 - [TEST_STEP][PASSED] - delay(30): Delayed 30 second(s)

29-04-2025T11:52:04 - [MESSAGE][PASSED] - Delayed 30 second(s)

29-04-2025T11:52:04 - [TEST_STEP][FAILED] - verifyElementExist(findTestObject("Object Repository/Link Accounts/android.widget.TextView - Link Accounts"), 0): Failed to check for element 'Object Repository/Link Accounts/android.widget.TextView - Link Accounts' exist (Root cause: com.kms.katalon.core.exception.StepFailedException: Failed to check for element 'Object Repository/Link Accounts/android.widget.TextView - Link Accounts' exist
	at com.kms.katalon.core.mobile.keyword.internal.MobileKeywordMain.stepFailed(MobileKeywordMain.groovy:64)
	at com.kms.katalon.core.mobile.keyword.internal.MobileKeywordMain.runKeyword(MobileKeywordMain.groovy:34)
	at com.kms.katalon.core.mobile.keyword.builtin.VerifyElementExistKeyword.verifyElementExist(VerifyElementExistKeyword.groovy:51)
	at com.kms.katalon.core.mobile.keyword.builtin.VerifyElementExistKeyword.execute(VerifyElementExistKeyword.groovy:35)
	at com.kms.katalon.core.keyword.internal.KeywordExecutor.executeKeywordForPlatform(KeywordExecutor.groovy:74)
	at com.kms.katalon.core.mobile.keyword.MobileBuiltInKeywords.verifyElementExist(MobileBuiltInKeywords.groovy:1726)
	at C737_C665_C805_C806_C807_C808_LinkingAccounts_TermsAndConditions_OwnerLogin.run(C737_C665_C805_C806_C807_C808_LinkingAccounts_TermsAndConditions_OwnerLogin:71)
	at com.kms.katalon.core.main.ScriptEngine.run(ScriptEngine.java:194)
	at com.kms.katalon.core.main.ScriptEngine.runScriptAsRawText(ScriptEngine.java:119)
	at com.kms.katalon.core.main.TestCaseExecutor.runScript(TestCaseExecutor.java:448)
	at com.kms.katalon.core.main.TestCaseExecutor.doExecute(TestCaseExecutor.java:439)
	at com.kms.katalon.core.main.TestCaseExecutor.processExecutionPhase(TestCaseExecutor.java:418)
	at com.kms.katalon.core.main.TestCaseExecutor.accessMainPhase(TestCaseExecutor.java:410)
	at com.kms.katalon.core.main.TestCaseExecutor.execute(TestCaseExecutor.java:285)
	at com.kms.katalon.core.common.CommonExecutor.accessTestCaseMainPhase(CommonExecutor.java:71)
	at com.kms.katalon.core.main.TestSuiteExecutor.accessTestSuiteMainPhase(TestSuiteExecutor.java:160)
	at com.kms.katalon.core.main.TestSuiteExecutor.execute(TestSuiteExecutor.java:107)
	at com.kms.katalon.core.main.TestCaseMain.startTestSuite(TestCaseMain.java:180)
	at TempTestSuite1745903984460.run(TempTestSuite1745903984460.groovy:35)
	at java.base/jdk.internal.reflect.NativeMethodAccessorImpl.invoke0(Native Method)
	at java.base/jdk.internal.reflect.NativeMethodAccessorImpl.invoke(NativeMethodAccessorImpl.java:77)
	at java.base/jdk.internal.reflect.DelegatingMethodAccessorImpl.invoke(DelegatingMethodAccessorImpl.java:43)
Caused by: com.kms.katalon.core.exception.StepFailedException: Element 'Object Repository/Link Accounts/android.widget.TextView - Link Accounts' not found
	at com.kms.katalon.core.mobile.keyword.internal.MobileKeywordMain.stepFailed(MobileKeywordMain.groovy:64)
	at com.kms.katalon.core.mobile.keyword.builtin.VerifyElementExistKeyword$_verifyElementExist_closure1.doCall(VerifyElementExistKeyword.groovy:48)
	at com.kms.katalon.core.mobile.keyword.builtin.VerifyElementExistKeyword$_verifyElementExist_closure1.call(VerifyElementExistKeyword.groovy)
	at com.kms.katalon.core.mobile.keyword.internal.MobileKeywordMain.runKeyword(MobileKeywordMain.groovy:30)
	... 20 more
)

29-04-2025T11:52:04 - [MESSAGE][WARNING] - Timeout '0' is invalid. Using default page load timeout: '30'

29-04-2025T11:52:36 - [MESSAGE][FAILED] - Element 'Object Repository/Link Accounts/android.widget.TextView - Link Accounts' not found (Root cause: com.kms.katalon.core.exception.StepFailedException: Element 'Object Repository/Link Accounts/android.widget.TextView - Link Accounts' not found
	at com.kms.katalon.core.mobile.keyword.internal.MobileKeywordMain.stepFailed(MobileKeywordMain.groovy:64)
	at com.kms.katalon.core.mobile.keyword.builtin.VerifyElementExistKeyword$_verifyElementExist_closure1.doCall(VerifyElementExistKeyword.groovy:48)
	at com.kms.katalon.core.mobile.keyword.builtin.VerifyElementExistKeyword$_verifyElementExist_closure1.call(VerifyElementExistKeyword.groovy)
	at com.kms.katalon.core.mobile.keyword.internal.MobileKeywordMain.runKeyword(MobileKeywordMain.groovy:30)
	at com.kms.katalon.core.mobile.keyword.builtin.VerifyElementExistKeyword.verifyElementExist(VerifyElementExistKeyword.groovy:51)
	at com.kms.katalon.core.mobile.keyword.builtin.VerifyElementExistKeyword.execute(VerifyElementExistKeyword.groovy:35)
	at com.kms.katalon.core.keyword.internal.KeywordExecutor.executeKeywordForPlatform(KeywordExecutor.groovy:74)
	at com.kms.katalon.core.mobile.keyword.MobileBuiltInKeywords.verifyElementExist(MobileBuiltInKeywords.groovy:1726)
	at C737_C665_C805_C806_C807_C808_LinkingAccounts_TermsAndConditions_OwnerLogin.run(C737_C665_C805_C806_C807_C808_LinkingAccounts_TermsAndConditions_OwnerLogin:71)
	at com.kms.katalon.core.main.ScriptEngine.run(ScriptEngine.java:194)
	at com.kms.katalon.core.main.ScriptEngine.runScriptAsRawText(ScriptEngine.java:119)
	at com.kms.katalon.core.main.TestCaseExecutor.runScript(TestCaseExecutor.java:448)
	at com.kms.katalon.core.main.TestCaseExecutor.doExecute(TestCaseExecutor.java:439)
	at com.kms.katalon.core.main.TestCaseExecutor.processExecutionPhase(TestCaseExecutor.java:418)
	at com.kms.katalon.core.main.TestCaseExecutor.accessMainPhase(TestCaseExecutor.java:410)
	at com.kms.katalon.core.main.TestCaseExecutor.execute(TestCaseExecutor.java:285)
	at com.kms.katalon.core.common.CommonExecutor.accessTestCaseMainPhase(CommonExecutor.java:71)
	at com.kms.katalon.core.main.TestSuiteExecutor.accessTestSuiteMainPhase(TestSuiteExecutor.java:160)
	at com.kms.katalon.core.main.TestSuiteExecutor.execute(TestSuiteExecutor.java:107)
	at com.kms.katalon.core.main.TestCaseMain.startTestSuite(TestCaseMain.java:180)
	at TempTestSuite1745903984460.run(TempTestSuite1745903984460.groovy:35)
	at java.base/jdk.internal.reflect.NativeMethodAccessorImpl.invoke0(Native Method)
	at java.base/jdk.internal.reflect.NativeMethodAccessorImpl.invoke(NativeMethodAccessorImpl.java:77)
	at java.base/jdk.internal.reflect.DelegatingMethodAccessorImpl.invoke(DelegatingMethodAccessorImpl.java:43)
)
[[ATTACHMENT|/Users/gv.vignesh/Downloads/WGR-Android-Automation/Reports/20250429_104944/Android Regression/20250429_104944/1745907755075.png]]

29-04-2025T11:52:37 - [MESSAGE][FAILED] - Failed to check for element 'Object Repository/Link Accounts/android.widget.TextView - Link Accounts' exist (Root cause: com.kms.katalon.core.exception.StepFailedException: Failed to check for element 'Object Repository/Link Accounts/android.widget.TextView - Link Accounts' exist
	at com.kms.katalon.core.mobile.keyword.internal.MobileKeywordMain.stepFailed(MobileKeywordMain.groovy:64)
	at com.kms.katalon.core.mobile.keyword.internal.MobileKeywordMain.runKeyword(MobileKeywordMain.groovy:34)
	at com.kms.katalon.core.mobile.keyword.builtin.VerifyElementExistKeyword.verifyElementExist(VerifyElementExistKeyword.groovy:51)
	at com.kms.katalon.core.mobile.keyword.builtin.VerifyElementExistKeyword.execute(VerifyElementExistKeyword.groovy:35)
	at com.kms.katalon.core.keyword.internal.KeywordExecutor.executeKeywordForPlatform(KeywordExecutor.groovy:74)
	at com.kms.katalon.core.mobile.keyword.MobileBuiltInKeywords.verifyElementExist(MobileBuiltInKeywords.groovy:1726)
	at C737_C665_C805_C806_C807_C808_LinkingAccounts_TermsAndConditions_OwnerLogin.run(C737_C665_C805_C806_C807_C808_LinkingAccounts_TermsAndConditions_OwnerLogin:71)
	at com.kms.katalon.core.main.ScriptEngine.run(ScriptEngine.java:194)
	at com.kms.katalon.core.main.ScriptEngine.runScriptAsRawText(ScriptEngine.java:119)
	at com.kms.katalon.core.main.TestCaseExecutor.runScript(TestCaseExecutor.java:448)
	at com.kms.katalon.core.main.TestCaseExecutor.doExecute(TestCaseExecutor.java:439)
	at com.kms.katalon.core.main.TestCaseExecutor.processExecutionPhase(TestCaseExecutor.java:418)
	at com.kms.katalon.core.main.TestCaseExecutor.accessMainPhase(TestCaseExecutor.java:410)
	at com.kms.katalon.core.main.TestCaseExecutor.execute(TestCaseExecutor.java:285)
	at com.kms.katalon.core.common.CommonExecutor.accessTestCaseMainPhase(CommonExecutor.java:71)
	at com.kms.katalon.core.main.TestSuiteExecutor.accessTestSuiteMainPhase(TestSuiteExecutor.java:160)
	at com.kms.katalon.core.main.TestSuiteExecutor.execute(TestSuiteExecutor.java:107)
	at com.kms.katalon.core.main.TestCaseMain.startTestSuite(TestCaseMain.java:180)
	at TempTestSuite1745903984460.run(TempTestSuite1745903984460.groovy:35)
	at java.base/jdk.internal.reflect.NativeMethodAccessorImpl.invoke0(Native Method)
	at java.base/jdk.internal.reflect.NativeMethodAccessorImpl.invoke(NativeMethodAccessorImpl.java:77)
	at java.base/jdk.internal.reflect.DelegatingMethodAccessorImpl.invoke(DelegatingMethodAccessorImpl.java:43)
Caused by: com.kms.katalon.core.exception.StepFailedException: Element 'Object Repository/Link Accounts/android.widget.TextView - Link Accounts' not found
	at com.kms.katalon.core.mobile.keyword.internal.MobileKeywordMain.stepFailed(MobileKeywordMain.groovy:64)
	at com.kms.katalon.core.mobile.keyword.builtin.VerifyElementExistKeyword$_verifyElementExist_closure1.doCall(VerifyElementExistKeyword.groovy:48)
	at com.kms.katalon.core.mobile.keyword.builtin.VerifyElementExistKeyword$_verifyElementExist_closure1.call(VerifyElementExistKeyword.groovy)
	at com.kms.katalon.core.mobile.keyword.internal.MobileKeywordMain.runKeyword(MobileKeywordMain.groovy:30)
	... 20 more
)
[[ATTACHMENT|/Users/gv.vignesh/Downloads/WGR-Android-Automation/Reports/20250429_104944/Android Regression/20250429_104944/1745907756649.png]]]]></system-out>
         <system-err><![CDATA[29-04-2025T11:49:32 - [TEST_CASE][FAILED] - Test Cases/Linking Account/C737_C665_C805_C806_C807_C808_LinkingAccounts_TermsAndConditions_OwnerLogin: Test Cases/Linking Account/C737_C665_C805_C806_C807_C808_LinkingAccounts_TermsAndConditions_OwnerLogin FAILED.
Reason:
com.kms.katalon.core.exception.StepFailedException: Failed to check for element 'Object Repository/Link Accounts/android.widget.TextView - Link Accounts' exist
	at com.kms.katalon.core.mobile.keyword.internal.MobileKeywordMain.stepFailed(MobileKeywordMain.groovy:64)
	at com.kms.katalon.core.mobile.keyword.internal.MobileKeywordMain.runKeyword(MobileKeywordMain.groovy:34)
	at com.kms.katalon.core.mobile.keyword.builtin.VerifyElementExistKeyword.verifyElementExist(VerifyElementExistKeyword.groovy:51)
	at com.kms.katalon.core.mobile.keyword.builtin.VerifyElementExistKeyword.execute(VerifyElementExistKeyword.groovy:35)
	at com.kms.katalon.core.keyword.internal.KeywordExecutor.executeKeywordForPlatform(KeywordExecutor.groovy:74)
	at com.kms.katalon.core.mobile.keyword.MobileBuiltInKeywords.verifyElementExist(MobileBuiltInKeywords.groovy:1726)
	at C737_C665_C805_C806_C807_C808_LinkingAccounts_TermsAndConditions_OwnerLogin.run(C737_C665_C805_C806_C807_C808_LinkingAccounts_TermsAndConditions_OwnerLogin:71)
	at com.kms.katalon.core.main.ScriptEngine.run(ScriptEngine.java:194)
	at com.kms.katalon.core.main.ScriptEngine.runScriptAsRawText(ScriptEngine.java:119)
	at com.kms.katalon.core.main.TestCaseExecutor.runScript(TestCaseExecutor.java:448)
	at com.kms.katalon.core.main.TestCaseExecutor.doExecute(TestCaseExecutor.java:439)
	at com.kms.katalon.core.main.TestCaseExecutor.processExecutionPhase(TestCaseExecutor.java:418)
	at com.kms.katalon.core.main.TestCaseExecutor.accessMainPhase(TestCaseExecutor.java:410)
	at com.kms.katalon.core.main.TestCaseExecutor.execute(TestCaseExecutor.java:285)
	at com.kms.katalon.core.common.CommonExecutor.accessTestCaseMainPhase(CommonExecutor.java:71)
	at com.kms.katalon.core.main.TestSuiteExecutor.accessTestSuiteMainPhase(TestSuiteExecutor.java:160)
	at com.kms.katalon.core.main.TestSuiteExecutor.execute(TestSuiteExecutor.java:107)
	at com.kms.katalon.core.main.TestCaseMain.startTestSuite(TestCaseMain.java:180)
	at TempTestSuite1745903984460.run(TempTestSuite1745903984460.groovy:35)
	at java.base/jdk.internal.reflect.NativeMethodAccessorImpl.invoke0(Native Method)
	at java.base/jdk.internal.reflect.NativeMethodAccessorImpl.invoke(NativeMethodAccessorImpl.java:77)
	at java.base/jdk.internal.reflect.DelegatingMethodAccessorImpl.invoke(DelegatingMethodAccessorImpl.java:43)
Caused by: com.kms.katalon.core.exception.StepFailedException: Element 'Object Repository/Link Accounts/android.widget.TextView - Link Accounts' not found
	at com.kms.katalon.core.mobile.keyword.internal.MobileKeywordMain.stepFailed(MobileKeywordMain.groovy:64)
	at com.kms.katalon.core.mobile.keyword.builtin.VerifyElementExistKeyword$_verifyElementExist_closure1.doCall(VerifyElementExistKeyword.groovy:48)
	at com.kms.katalon.core.mobile.keyword.builtin.VerifyElementExistKeyword$_verifyElementExist_closure1.call(VerifyElementExistKeyword.groovy)
	at com.kms.katalon.core.mobile.keyword.internal.MobileKeywordMain.runKeyword(MobileKeywordMain.groovy:30)
	... 20 more]]></system-err>
      </testcase>
      <testcase name="Test Cases/Creating New User With Account_Reservations/C718_Verify_Renter_Account" time="67.753" classname="Test Cases/Creating New User With Account_Reservations/C718_Verify_Renter_Account" status="FAILED">
         <failure type="FAILED" message="Test Cases/Creating New User With Account_Reservations/C718_Verify_Renter_Account FAILED.&#xa;Reason:&#xa;com.kms.katalon.core.exception.StepFailedException: Failed to set text into element&#xa;	at com.kms.katalon.core.mobile.keyword.internal.MobileKeywordMain.stepFailed(MobileKeywordMain.groovy:64)&#xa;	at com.kms.katalon.core.mobile.keyword.internal.MobileKeywordMain.runKeyword(MobileKeywordMain.groovy:34)&#xa;	at com.kms.katalon.core.mobile.keyword.builtin.SetTextKeyword.setText(SetTextKeyword.groovy:62)&#xa;	at com.kms.katalon.core.mobile.keyword.builtin.SetTextKeyword.execute(SetTextKeyword.groovy:42)&#xa;	at com.kms.katalon.core.keyword.internal.KeywordExecutor.executeKeywordForPlatform(KeywordExecutor.groovy:74)&#xa;	at com.kms.katalon.core.mobile.keyword.MobileBuiltInKeywords.setText(MobileBuiltInKeywords.groovy:1278)&#xa;	at C718_Verify_Renter_Account.run(C718_Verify_Renter_Account:34)&#xa;	at com.kms.katalon.core.main.ScriptEngine.run(ScriptEngine.java:194)&#xa;	at com.kms.katalon.core.main.ScriptEngine.runScriptAsRawText(ScriptEngine.java:119)&#xa;	at com.kms.katalon.core.main.TestCaseExecutor.runScript(TestCaseExecutor.java:448)&#xa;	at com.kms.katalon.core.main.TestCaseExecutor.doExecute(TestCaseExecutor.java:439)&#xa;	at com.kms.katalon.core.main.TestCaseExecutor.processExecutionPhase(TestCaseExecutor.java:418)&#xa;	at com.kms.katalon.core.main.TestCaseExecutor.accessMainPhase(TestCaseExecutor.java:410)&#xa;	at com.kms.katalon.core.main.TestCaseExecutor.execute(TestCaseExecutor.java:285)&#xa;	at com.kms.katalon.core.common.CommonExecutor.accessTestCaseMainPhase(CommonExecutor.java:71)&#xa;	at com.kms.katalon.core.main.TestSuiteExecutor.accessTestSuiteMainPhase(TestSuiteExecutor.java:160)&#xa;	at com.kms.katalon.core.main.TestSuiteExecutor.execute(TestSuiteExecutor.java:107)&#xa;	at com.kms.katalon.core.main.TestCaseMain.startTestSuite(TestCaseMain.java:180)&#xa;	at TempTestSuite1745903984460.run(TempTestSuite1745903984460.groovy:35)&#xa;	at java.base/jdk.internal.reflect.NativeMethodAccessorImpl.invoke0(Native Method)&#xa;	at java.base/jdk.internal.reflect.NativeMethodAccessorImpl.invoke(NativeMethodAccessorImpl.java:77)&#xa;	at java.base/jdk.internal.reflect.DelegatingMethodAccessorImpl.invoke(DelegatingMethodAccessorImpl.java:43)&#xa;Caused by: com.kms.katalon.core.exception.StepFailedException: Object Object Repository/LoginFlow/android.widget.EditText (1) not found&#xa;	at com.kms.katalon.core.mobile.keyword.internal.MobileKeywordMain.stepFailed(MobileKeywordMain.groovy:64)&#xa;	at com.kms.katalon.core.mobile.keyword.builtin.SetTextKeyword$_setText_closure1.doCall(SetTextKeyword.groovy:52)&#xa;	at com.kms.katalon.core.mobile.keyword.builtin.SetTextKeyword$_setText_closure1.call(SetTextKeyword.groovy)&#xa;	at com.kms.katalon.core.mobile.keyword.internal.MobileKeywordMain.runKeyword(MobileKeywordMain.groovy:30)&#xa;	... 20 more&#xa;"/>
         <system-out><![CDATA[29-04-2025T11:52:37 - [TEST_CASE][FAILED] - Test Cases/Creating New User With Account_Reservations/C718_Verify_Renter_Account: Test Cases/Creating New User With Account_Reservations/C718_Verify_Renter_Account FAILED.
Reason:
com.kms.katalon.core.exception.StepFailedException: Failed to set text into element
	at com.kms.katalon.core.mobile.keyword.internal.MobileKeywordMain.stepFailed(MobileKeywordMain.groovy:64)
	at com.kms.katalon.core.mobile.keyword.internal.MobileKeywordMain.runKeyword(MobileKeywordMain.groovy:34)
	at com.kms.katalon.core.mobile.keyword.builtin.SetTextKeyword.setText(SetTextKeyword.groovy:62)
	at com.kms.katalon.core.mobile.keyword.builtin.SetTextKeyword.execute(SetTextKeyword.groovy:42)
	at com.kms.katalon.core.keyword.internal.KeywordExecutor.executeKeywordForPlatform(KeywordExecutor.groovy:74)
	at com.kms.katalon.core.mobile.keyword.MobileBuiltInKeywords.setText(MobileBuiltInKeywords.groovy:1278)
	at C718_Verify_Renter_Account.run(C718_Verify_Renter_Account:34)
	at com.kms.katalon.core.main.ScriptEngine.run(ScriptEngine.java:194)
	at com.kms.katalon.core.main.ScriptEngine.runScriptAsRawText(ScriptEngine.java:119)
	at com.kms.katalon.core.main.TestCaseExecutor.runScript(TestCaseExecutor.java:448)
	at com.kms.katalon.core.main.TestCaseExecutor.doExecute(TestCaseExecutor.java:439)
	at com.kms.katalon.core.main.TestCaseExecutor.processExecutionPhase(TestCaseExecutor.java:418)
	at com.kms.katalon.core.main.TestCaseExecutor.accessMainPhase(TestCaseExecutor.java:410)
	at com.kms.katalon.core.main.TestCaseExecutor.execute(TestCaseExecutor.java:285)
	at com.kms.katalon.core.common.CommonExecutor.accessTestCaseMainPhase(CommonExecutor.java:71)
	at com.kms.katalon.core.main.TestSuiteExecutor.accessTestSuiteMainPhase(TestSuiteExecutor.java:160)
	at com.kms.katalon.core.main.TestSuiteExecutor.execute(TestSuiteExecutor.java:107)
	at com.kms.katalon.core.main.TestCaseMain.startTestSuite(TestCaseMain.java:180)
	at TempTestSuite1745903984460.run(TempTestSuite1745903984460.groovy:35)
	at java.base/jdk.internal.reflect.NativeMethodAccessorImpl.invoke0(Native Method)
	at java.base/jdk.internal.reflect.NativeMethodAccessorImpl.invoke(NativeMethodAccessorImpl.java:77)
	at java.base/jdk.internal.reflect.DelegatingMethodAccessorImpl.invoke(DelegatingMethodAccessorImpl.java:43)
Caused by: com.kms.katalon.core.exception.StepFailedException: Object Object Repository/LoginFlow/android.widget.EditText (1) not found
	at com.kms.katalon.core.mobile.keyword.internal.MobileKeywordMain.stepFailed(MobileKeywordMain.groovy:64)
	at com.kms.katalon.core.mobile.keyword.builtin.SetTextKeyword$_setText_closure1.doCall(SetTextKeyword.groovy:52)
	at com.kms.katalon.core.mobile.keyword.builtin.SetTextKeyword$_setText_closure1.call(SetTextKeyword.groovy)
	at com.kms.katalon.core.mobile.keyword.internal.MobileKeywordMain.runKeyword(MobileKeywordMain.groovy:30)
	... 20 more


29-04-2025T11:52:37 - [TEST_STEP][PASSED] - startApplication("/Users/gv.vignesh/Downloads/app-debug (2.99.69).apk", true): Started application: '/Users/gv.vignesh/Downloads/app-debug (2.99.69).apk'

29-04-2025T11:52:37 - [MESSAGE][INFO] - Starting application: '/Users/gv.vignesh/Downloads/app-debug (2.99.69).apk'

29-04-2025T11:52:37 - [MESSAGE][INFO] - User set preference: ['uiautomator2ServerInstallTimeout', '0']

29-04-2025T11:52:37 - [MESSAGE][INFO] - User set preference: ['deviceId', '']

29-04-2025T11:52:56 - [MESSAGE][PASSED] - Started application: '/Users/gv.vignesh/Downloads/app-debug (2.99.69).apk'

29-04-2025T11:52:56 - [TEST_STEP][PASSED] - tap(findTestObject("Object Repository/LoginFlow/android.widget.Button - Login or Sign Up"), 0): Tapped on element 'Object Repository/LoginFlow/android.widget.Button - Login or Sign Up'

29-04-2025T11:52:56 - [MESSAGE][WARNING] - Timeout '0' is invalid. Using default page load timeout: '30'

29-04-2025T11:53:06 - [MESSAGE][PASSED] - Tapped on element 'Object Repository/LoginFlow/android.widget.Button - Login or Sign Up'

29-04-2025T11:53:06 - [TEST_STEP][PASSED] - setText(findTestObject("Object Repository/LoginFlow/android.widget.EditText"), "Henry@yopmail.com", 0): Text 'Henry@yopmail.com' has been set to element 'Object Repository/LoginFlow/android.widget.EditText'

29-04-2025T11:53:06 - [MESSAGE][WARNING] - Timeout '0' is invalid. Using default page load timeout: '30'

29-04-2025T11:53:08 - [MESSAGE][PASSED] - Text 'Henry@yopmail.com' has been set to element 'Object Repository/LoginFlow/android.widget.EditText'

29-04-2025T11:53:08 - [TEST_STEP][PASSED] - hideKeyboard(): Keyboard is hidden

29-04-2025T11:53:11 - [MESSAGE][PASSED] - Keyboard is hidden

29-04-2025T11:53:11 - [TEST_STEP][PASSED] - tap(findTestObject("Object Repository/LoginFlow/android.widget.Button - Next"), 0): Tapped on element 'Object Repository/LoginFlow/android.widget.Button - Next'

29-04-2025T11:53:11 - [MESSAGE][WARNING] - Timeout '0' is invalid. Using default page load timeout: '30'

29-04-2025T11:53:12 - [MESSAGE][PASSED] - Tapped on element 'Object Repository/LoginFlow/android.widget.Button - Next'

29-04-2025T11:53:12 - [TEST_STEP][FAILED] - setText(findTestObject("Object Repository/LoginFlow/android.widget.EditText (1)"), "Henry@yopmail.com", 0): Failed to set text into element (Root cause: com.kms.katalon.core.exception.StepFailedException: Failed to set text into element
	at com.kms.katalon.core.mobile.keyword.internal.MobileKeywordMain.stepFailed(MobileKeywordMain.groovy:64)
	at com.kms.katalon.core.mobile.keyword.internal.MobileKeywordMain.runKeyword(MobileKeywordMain.groovy:34)
	at com.kms.katalon.core.mobile.keyword.builtin.SetTextKeyword.setText(SetTextKeyword.groovy:62)
	at com.kms.katalon.core.mobile.keyword.builtin.SetTextKeyword.execute(SetTextKeyword.groovy:42)
	at com.kms.katalon.core.keyword.internal.KeywordExecutor.executeKeywordForPlatform(KeywordExecutor.groovy:74)
	at com.kms.katalon.core.mobile.keyword.MobileBuiltInKeywords.setText(MobileBuiltInKeywords.groovy:1278)
	at C718_Verify_Renter_Account.run(C718_Verify_Renter_Account:34)
	at com.kms.katalon.core.main.ScriptEngine.run(ScriptEngine.java:194)
	at com.kms.katalon.core.main.ScriptEngine.runScriptAsRawText(ScriptEngine.java:119)
	at com.kms.katalon.core.main.TestCaseExecutor.runScript(TestCaseExecutor.java:448)
	at com.kms.katalon.core.main.TestCaseExecutor.doExecute(TestCaseExecutor.java:439)
	at com.kms.katalon.core.main.TestCaseExecutor.processExecutionPhase(TestCaseExecutor.java:418)
	at com.kms.katalon.core.main.TestCaseExecutor.accessMainPhase(TestCaseExecutor.java:410)
	at com.kms.katalon.core.main.TestCaseExecutor.execute(TestCaseExecutor.java:285)
	at com.kms.katalon.core.common.CommonExecutor.accessTestCaseMainPhase(CommonExecutor.java:71)
	at com.kms.katalon.core.main.TestSuiteExecutor.accessTestSuiteMainPhase(TestSuiteExecutor.java:160)
	at com.kms.katalon.core.main.TestSuiteExecutor.execute(TestSuiteExecutor.java:107)
	at com.kms.katalon.core.main.TestCaseMain.startTestSuite(TestCaseMain.java:180)
	at TempTestSuite1745903984460.run(TempTestSuite1745903984460.groovy:35)
	at java.base/jdk.internal.reflect.NativeMethodAccessorImpl.invoke0(Native Method)
	at java.base/jdk.internal.reflect.NativeMethodAccessorImpl.invoke(NativeMethodAccessorImpl.java:77)
	at java.base/jdk.internal.reflect.DelegatingMethodAccessorImpl.invoke(DelegatingMethodAccessorImpl.java:43)
Caused by: com.kms.katalon.core.exception.StepFailedException: Object Object Repository/LoginFlow/android.widget.EditText (1) not found
	at com.kms.katalon.core.mobile.keyword.internal.MobileKeywordMain.stepFailed(MobileKeywordMain.groovy:64)
	at com.kms.katalon.core.mobile.keyword.builtin.SetTextKeyword$_setText_closure1.doCall(SetTextKeyword.groovy:52)
	at com.kms.katalon.core.mobile.keyword.builtin.SetTextKeyword$_setText_closure1.call(SetTextKeyword.groovy)
	at com.kms.katalon.core.mobile.keyword.internal.MobileKeywordMain.runKeyword(MobileKeywordMain.groovy:30)
	... 20 more
)

29-04-2025T11:53:12 - [MESSAGE][WARNING] - Timeout '0' is invalid. Using default page load timeout: '30'

29-04-2025T11:53:44 - [MESSAGE][FAILED] - Object Object Repository/LoginFlow/android.widget.EditText (1) not found (Root cause: com.kms.katalon.core.exception.StepFailedException: Object Object Repository/LoginFlow/android.widget.EditText (1) not found
	at com.kms.katalon.core.mobile.keyword.internal.MobileKeywordMain.stepFailed(MobileKeywordMain.groovy:64)
	at com.kms.katalon.core.mobile.keyword.builtin.SetTextKeyword$_setText_closure1.doCall(SetTextKeyword.groovy:52)
	at com.kms.katalon.core.mobile.keyword.builtin.SetTextKeyword$_setText_closure1.call(SetTextKeyword.groovy)
	at com.kms.katalon.core.mobile.keyword.internal.MobileKeywordMain.runKeyword(MobileKeywordMain.groovy:30)
	at com.kms.katalon.core.mobile.keyword.builtin.SetTextKeyword.setText(SetTextKeyword.groovy:62)
	at com.kms.katalon.core.mobile.keyword.builtin.SetTextKeyword.execute(SetTextKeyword.groovy:42)
	at com.kms.katalon.core.keyword.internal.KeywordExecutor.executeKeywordForPlatform(KeywordExecutor.groovy:74)
	at com.kms.katalon.core.mobile.keyword.MobileBuiltInKeywords.setText(MobileBuiltInKeywords.groovy:1278)
	at C718_Verify_Renter_Account.run(C718_Verify_Renter_Account:34)
	at com.kms.katalon.core.main.ScriptEngine.run(ScriptEngine.java:194)
	at com.kms.katalon.core.main.ScriptEngine.runScriptAsRawText(ScriptEngine.java:119)
	at com.kms.katalon.core.main.TestCaseExecutor.runScript(TestCaseExecutor.java:448)
	at com.kms.katalon.core.main.TestCaseExecutor.doExecute(TestCaseExecutor.java:439)
	at com.kms.katalon.core.main.TestCaseExecutor.processExecutionPhase(TestCaseExecutor.java:418)
	at com.kms.katalon.core.main.TestCaseExecutor.accessMainPhase(TestCaseExecutor.java:410)
	at com.kms.katalon.core.main.TestCaseExecutor.execute(TestCaseExecutor.java:285)
	at com.kms.katalon.core.common.CommonExecutor.accessTestCaseMainPhase(CommonExecutor.java:71)
	at com.kms.katalon.core.main.TestSuiteExecutor.accessTestSuiteMainPhase(TestSuiteExecutor.java:160)
	at com.kms.katalon.core.main.TestSuiteExecutor.execute(TestSuiteExecutor.java:107)
	at com.kms.katalon.core.main.TestCaseMain.startTestSuite(TestCaseMain.java:180)
	at TempTestSuite1745903984460.run(TempTestSuite1745903984460.groovy:35)
	at java.base/jdk.internal.reflect.NativeMethodAccessorImpl.invoke0(Native Method)
	at java.base/jdk.internal.reflect.NativeMethodAccessorImpl.invoke(NativeMethodAccessorImpl.java:77)
	at java.base/jdk.internal.reflect.DelegatingMethodAccessorImpl.invoke(DelegatingMethodAccessorImpl.java:43)
)
[[ATTACHMENT|/Users/gv.vignesh/Downloads/WGR-Android-Automation/Reports/20250429_104944/Android Regression/20250429_104944/1745907822372.png]]

29-04-2025T11:53:45 - [MESSAGE][FAILED] - Failed to set text into element (Root cause: com.kms.katalon.core.exception.StepFailedException: Failed to set text into element
	at com.kms.katalon.core.mobile.keyword.internal.MobileKeywordMain.stepFailed(MobileKeywordMain.groovy:64)
	at com.kms.katalon.core.mobile.keyword.internal.MobileKeywordMain.runKeyword(MobileKeywordMain.groovy:34)
	at com.kms.katalon.core.mobile.keyword.builtin.SetTextKeyword.setText(SetTextKeyword.groovy:62)
	at com.kms.katalon.core.mobile.keyword.builtin.SetTextKeyword.execute(SetTextKeyword.groovy:42)
	at com.kms.katalon.core.keyword.internal.KeywordExecutor.executeKeywordForPlatform(KeywordExecutor.groovy:74)
	at com.kms.katalon.core.mobile.keyword.MobileBuiltInKeywords.setText(MobileBuiltInKeywords.groovy:1278)
	at C718_Verify_Renter_Account.run(C718_Verify_Renter_Account:34)
	at com.kms.katalon.core.main.ScriptEngine.run(ScriptEngine.java:194)
	at com.kms.katalon.core.main.ScriptEngine.runScriptAsRawText(ScriptEngine.java:119)
	at com.kms.katalon.core.main.TestCaseExecutor.runScript(TestCaseExecutor.java:448)
	at com.kms.katalon.core.main.TestCaseExecutor.doExecute(TestCaseExecutor.java:439)
	at com.kms.katalon.core.main.TestCaseExecutor.processExecutionPhase(TestCaseExecutor.java:418)
	at com.kms.katalon.core.main.TestCaseExecutor.accessMainPhase(TestCaseExecutor.java:410)
	at com.kms.katalon.core.main.TestCaseExecutor.execute(TestCaseExecutor.java:285)
	at com.kms.katalon.core.common.CommonExecutor.accessTestCaseMainPhase(CommonExecutor.java:71)
	at com.kms.katalon.core.main.TestSuiteExecutor.accessTestSuiteMainPhase(TestSuiteExecutor.java:160)
	at com.kms.katalon.core.main.TestSuiteExecutor.execute(TestSuiteExecutor.java:107)
	at com.kms.katalon.core.main.TestCaseMain.startTestSuite(TestCaseMain.java:180)
	at TempTestSuite1745903984460.run(TempTestSuite1745903984460.groovy:35)
	at java.base/jdk.internal.reflect.NativeMethodAccessorImpl.invoke0(Native Method)
	at java.base/jdk.internal.reflect.NativeMethodAccessorImpl.invoke(NativeMethodAccessorImpl.java:77)
	at java.base/jdk.internal.reflect.DelegatingMethodAccessorImpl.invoke(DelegatingMethodAccessorImpl.java:43)
Caused by: com.kms.katalon.core.exception.StepFailedException: Object Object Repository/LoginFlow/android.widget.EditText (1) not found
	at com.kms.katalon.core.mobile.keyword.internal.MobileKeywordMain.stepFailed(MobileKeywordMain.groovy:64)
	at com.kms.katalon.core.mobile.keyword.builtin.SetTextKeyword$_setText_closure1.doCall(SetTextKeyword.groovy:52)
	at com.kms.katalon.core.mobile.keyword.builtin.SetTextKeyword$_setText_closure1.call(SetTextKeyword.groovy)
	at com.kms.katalon.core.mobile.keyword.internal.MobileKeywordMain.runKeyword(MobileKeywordMain.groovy:30)
	... 20 more
)
[[ATTACHMENT|/Users/gv.vignesh/Downloads/WGR-Android-Automation/Reports/20250429_104944/Android Regression/20250429_104944/1745907824191.png]]]]></system-out>
         <system-err><![CDATA[29-04-2025T11:52:37 - [TEST_CASE][FAILED] - Test Cases/Creating New User With Account_Reservations/C718_Verify_Renter_Account: Test Cases/Creating New User With Account_Reservations/C718_Verify_Renter_Account FAILED.
Reason:
com.kms.katalon.core.exception.StepFailedException: Failed to set text into element
	at com.kms.katalon.core.mobile.keyword.internal.MobileKeywordMain.stepFailed(MobileKeywordMain.groovy:64)
	at com.kms.katalon.core.mobile.keyword.internal.MobileKeywordMain.runKeyword(MobileKeywordMain.groovy:34)
	at com.kms.katalon.core.mobile.keyword.builtin.SetTextKeyword.setText(SetTextKeyword.groovy:62)
	at com.kms.katalon.core.mobile.keyword.builtin.SetTextKeyword.execute(SetTextKeyword.groovy:42)
	at com.kms.katalon.core.keyword.internal.KeywordExecutor.executeKeywordForPlatform(KeywordExecutor.groovy:74)
	at com.kms.katalon.core.mobile.keyword.MobileBuiltInKeywords.setText(MobileBuiltInKeywords.groovy:1278)
	at C718_Verify_Renter_Account.run(C718_Verify_Renter_Account:34)
	at com.kms.katalon.core.main.ScriptEngine.run(ScriptEngine.java:194)
	at com.kms.katalon.core.main.ScriptEngine.runScriptAsRawText(ScriptEngine.java:119)
	at com.kms.katalon.core.main.TestCaseExecutor.runScript(TestCaseExecutor.java:448)
	at com.kms.katalon.core.main.TestCaseExecutor.doExecute(TestCaseExecutor.java:439)
	at com.kms.katalon.core.main.TestCaseExecutor.processExecutionPhase(TestCaseExecutor.java:418)
	at com.kms.katalon.core.main.TestCaseExecutor.accessMainPhase(TestCaseExecutor.java:410)
	at com.kms.katalon.core.main.TestCaseExecutor.execute(TestCaseExecutor.java:285)
	at com.kms.katalon.core.common.CommonExecutor.accessTestCaseMainPhase(CommonExecutor.java:71)
	at com.kms.katalon.core.main.TestSuiteExecutor.accessTestSuiteMainPhase(TestSuiteExecutor.java:160)
	at com.kms.katalon.core.main.TestSuiteExecutor.execute(TestSuiteExecutor.java:107)
	at com.kms.katalon.core.main.TestCaseMain.startTestSuite(TestCaseMain.java:180)
	at TempTestSuite1745903984460.run(TempTestSuite1745903984460.groovy:35)
	at java.base/jdk.internal.reflect.NativeMethodAccessorImpl.invoke0(Native Method)
	at java.base/jdk.internal.reflect.NativeMethodAccessorImpl.invoke(NativeMethodAccessorImpl.java:77)
	at java.base/jdk.internal.reflect.DelegatingMethodAccessorImpl.invoke(DelegatingMethodAccessorImpl.java:43)
Caused by: com.kms.katalon.core.exception.StepFailedException: Object Object Repository/LoginFlow/android.widget.EditText (1) not found
	at com.kms.katalon.core.mobile.keyword.internal.MobileKeywordMain.stepFailed(MobileKeywordMain.groovy:64)
	at com.kms.katalon.core.mobile.keyword.builtin.SetTextKeyword$_setText_closure1.doCall(SetTextKeyword.groovy:52)
	at com.kms.katalon.core.mobile.keyword.builtin.SetTextKeyword$_setText_closure1.call(SetTextKeyword.groovy)
	at com.kms.katalon.core.mobile.keyword.internal.MobileKeywordMain.runKeyword(MobileKeywordMain.groovy:30)
	... 20 more]]></system-err>
      </testcase>
      <testcase name="Test Cases/Creating New User With Account_Reservations/C672_C717_VerifyAccount_Owner_User" time="212.49" classname="Test Cases/Creating New User With Account_Reservations/C672_C717_VerifyAccount_Owner_User" status="FAILED">
         <failure type="FAILED" message="Test Cases/Creating New User With Account_Reservations/C672_C717_VerifyAccount_Owner_User FAILED.&#xa;Reason:&#xa;com.kms.katalon.core.exception.StepFailedException: Failed to tap on element 'Object Repository/C672-C717/android.widget.TextView - Internet Access Code'&#xa;	at com.kms.katalon.core.mobile.keyword.internal.MobileKeywordMain.stepFailed(MobileKeywordMain.groovy:64)&#xa;	at com.kms.katalon.core.mobile.keyword.internal.MobileKeywordMain.runKeyword(MobileKeywordMain.groovy:34)&#xa;	at com.kms.katalon.core.mobile.keyword.builtin.TapKeyword.tap(TapKeyword.groovy:51)&#xa;	at com.kms.katalon.core.mobile.keyword.builtin.TapKeyword.execute(TapKeyword.groovy:35)&#xa;	at com.kms.katalon.core.keyword.internal.KeywordExecutor.executeKeywordForPlatform(KeywordExecutor.groovy:74)&#xa;	at com.kms.katalon.core.mobile.keyword.MobileBuiltInKeywords.tap(MobileBuiltInKeywords.groovy:1461)&#xa;	at C672_C717_VerifyAccount_Owner_User.run(C672_C717_VerifyAccount_Owner_User:68)&#xa;	at com.kms.katalon.core.main.ScriptEngine.run(ScriptEngine.java:194)&#xa;	at com.kms.katalon.core.main.ScriptEngine.runScriptAsRawText(ScriptEngine.java:119)&#xa;	at com.kms.katalon.core.main.TestCaseExecutor.runScript(TestCaseExecutor.java:448)&#xa;	at com.kms.katalon.core.main.TestCaseExecutor.doExecute(TestCaseExecutor.java:439)&#xa;	at com.kms.katalon.core.main.TestCaseExecutor.processExecutionPhase(TestCaseExecutor.java:418)&#xa;	at com.kms.katalon.core.main.TestCaseExecutor.accessMainPhase(TestCaseExecutor.java:410)&#xa;	at com.kms.katalon.core.main.TestCaseExecutor.execute(TestCaseExecutor.java:285)&#xa;	at com.kms.katalon.core.common.CommonExecutor.accessTestCaseMainPhase(CommonExecutor.java:71)&#xa;	at com.kms.katalon.core.main.TestSuiteExecutor.accessTestSuiteMainPhase(TestSuiteExecutor.java:160)&#xa;	at com.kms.katalon.core.main.TestSuiteExecutor.execute(TestSuiteExecutor.java:107)&#xa;	at com.kms.katalon.core.main.TestCaseMain.startTestSuite(TestCaseMain.java:180)&#xa;	at TempTestSuite1745903984460.run(TempTestSuite1745903984460.groovy:35)&#xa;	at java.base/jdk.internal.reflect.NativeMethodAccessorImpl.invoke0(Native Method)&#xa;	at java.base/jdk.internal.reflect.NativeMethodAccessorImpl.invoke(NativeMethodAccessorImpl.java:77)&#xa;	at java.base/jdk.internal.reflect.DelegatingMethodAccessorImpl.invoke(DelegatingMethodAccessorImpl.java:43)&#xa;Caused by: com.kms.katalon.core.exception.StepFailedException: Object Object Repository/C672-C717/android.widget.TextView - Internet Access Code not found&#xa;	at com.kms.katalon.core.mobile.keyword.internal.MobileKeywordMain.stepFailed(MobileKeywordMain.groovy:64)&#xa;	at com.kms.katalon.core.mobile.keyword.builtin.TapKeyword$_tap_closure1.doCall(TapKeyword.groovy:46)&#xa;	at com.kms.katalon.core.mobile.keyword.builtin.TapKeyword$_tap_closure1.call(TapKeyword.groovy)&#xa;	at com.kms.katalon.core.mobile.keyword.internal.MobileKeywordMain.runKeyword(MobileKeywordMain.groovy:30)&#xa;	... 20 more&#xa;"/>
         <system-out><![CDATA[29-04-2025T11:53:45 - [TEST_CASE][FAILED] - Test Cases/Creating New User With Account_Reservations/C672_C717_VerifyAccount_Owner_User: Test Cases/Creating New User With Account_Reservations/C672_C717_VerifyAccount_Owner_User FAILED.
Reason:
com.kms.katalon.core.exception.StepFailedException: Failed to tap on element 'Object Repository/C672-C717/android.widget.TextView - Internet Access Code'
	at com.kms.katalon.core.mobile.keyword.internal.MobileKeywordMain.stepFailed(MobileKeywordMain.groovy:64)
	at com.kms.katalon.core.mobile.keyword.internal.MobileKeywordMain.runKeyword(MobileKeywordMain.groovy:34)
	at com.kms.katalon.core.mobile.keyword.builtin.TapKeyword.tap(TapKeyword.groovy:51)
	at com.kms.katalon.core.mobile.keyword.builtin.TapKeyword.execute(TapKeyword.groovy:35)
	at com.kms.katalon.core.keyword.internal.KeywordExecutor.executeKeywordForPlatform(KeywordExecutor.groovy:74)
	at com.kms.katalon.core.mobile.keyword.MobileBuiltInKeywords.tap(MobileBuiltInKeywords.groovy:1461)
	at C672_C717_VerifyAccount_Owner_User.run(C672_C717_VerifyAccount_Owner_User:68)
	at com.kms.katalon.core.main.ScriptEngine.run(ScriptEngine.java:194)
	at com.kms.katalon.core.main.ScriptEngine.runScriptAsRawText(ScriptEngine.java:119)
	at com.kms.katalon.core.main.TestCaseExecutor.runScript(TestCaseExecutor.java:448)
	at com.kms.katalon.core.main.TestCaseExecutor.doExecute(TestCaseExecutor.java:439)
	at com.kms.katalon.core.main.TestCaseExecutor.processExecutionPhase(TestCaseExecutor.java:418)
	at com.kms.katalon.core.main.TestCaseExecutor.accessMainPhase(TestCaseExecutor.java:410)
	at com.kms.katalon.core.main.TestCaseExecutor.execute(TestCaseExecutor.java:285)
	at com.kms.katalon.core.common.CommonExecutor.accessTestCaseMainPhase(CommonExecutor.java:71)
	at com.kms.katalon.core.main.TestSuiteExecutor.accessTestSuiteMainPhase(TestSuiteExecutor.java:160)
	at com.kms.katalon.core.main.TestSuiteExecutor.execute(TestSuiteExecutor.java:107)
	at com.kms.katalon.core.main.TestCaseMain.startTestSuite(TestCaseMain.java:180)
	at TempTestSuite1745903984460.run(TempTestSuite1745903984460.groovy:35)
	at java.base/jdk.internal.reflect.NativeMethodAccessorImpl.invoke0(Native Method)
	at java.base/jdk.internal.reflect.NativeMethodAccessorImpl.invoke(NativeMethodAccessorImpl.java:77)
	at java.base/jdk.internal.reflect.DelegatingMethodAccessorImpl.invoke(DelegatingMethodAccessorImpl.java:43)
Caused by: com.kms.katalon.core.exception.StepFailedException: Object Object Repository/C672-C717/android.widget.TextView - Internet Access Code not found
	at com.kms.katalon.core.mobile.keyword.internal.MobileKeywordMain.stepFailed(MobileKeywordMain.groovy:64)
	at com.kms.katalon.core.mobile.keyword.builtin.TapKeyword$_tap_closure1.doCall(TapKeyword.groovy:46)
	at com.kms.katalon.core.mobile.keyword.builtin.TapKeyword$_tap_closure1.call(TapKeyword.groovy)
	at com.kms.katalon.core.mobile.keyword.internal.MobileKeywordMain.runKeyword(MobileKeywordMain.groovy:30)
	... 20 more


29-04-2025T11:53:45 - [TEST_STEP][PASSED] - startApplication("/Users/gv.vignesh/Downloads/app-debug-Version-2.99.70.apk", true): Started application: '/Users/gv.vignesh/Downloads/app-debug-Version-2.99.70.apk'

29-04-2025T11:53:45 - [MESSAGE][INFO] - Starting application: '/Users/gv.vignesh/Downloads/app-debug-Version-2.99.70.apk'

29-04-2025T11:53:45 - [MESSAGE][INFO] - User set preference: ['uiautomator2ServerInstallTimeout', '0']

29-04-2025T11:53:45 - [MESSAGE][INFO] - User set preference: ['deviceId', '']

29-04-2025T11:54:08 - [MESSAGE][PASSED] - Started application: '/Users/gv.vignesh/Downloads/app-debug-Version-2.99.70.apk'

29-04-2025T11:54:08 - [TEST_STEP][PASSED] - delay(10): Delayed 10 second(s)

29-04-2025T11:54:18 - [MESSAGE][PASSED] - Delayed 10 second(s)

29-04-2025T11:54:18 - [TEST_STEP][PASSED] - tap(findTestObject("Object Repository/C672-C717/android.widget.Button - Login or Sign Up"), 0): Tapped on element 'Object Repository/C672-C717/android.widget.Button - Login or Sign Up'

29-04-2025T11:54:18 - [MESSAGE][WARNING] - Timeout '0' is invalid. Using default page load timeout: '30'

29-04-2025T11:54:20 - [MESSAGE][PASSED] - Tapped on element 'Object Repository/C672-C717/android.widget.Button - Login or Sign Up'

29-04-2025T11:54:20 - [TEST_STEP][PASSED] - delay(10): Delayed 10 second(s)

29-04-2025T11:54:30 - [MESSAGE][PASSED] - Delayed 10 second(s)

29-04-2025T11:54:30 - [TEST_STEP][PASSED] - setText(findTestObject("Object Repository/C672-C717/android.widget.EditText"), "hellops09@yopmail.com", 0): Text 'hellops09@yopmail.com' has been set to element 'Object Repository/C672-C717/android.widget.EditText'

29-04-2025T11:54:30 - [MESSAGE][WARNING] - Timeout '0' is invalid. Using default page load timeout: '30'

29-04-2025T11:54:31 - [MESSAGE][PASSED] - Text 'hellops09@yopmail.com' has been set to element 'Object Repository/C672-C717/android.widget.EditText'

29-04-2025T11:54:31 - [TEST_STEP][PASSED] - hideKeyboard(): Keyboard is hidden

29-04-2025T11:54:34 - [MESSAGE][PASSED] - Keyboard is hidden

29-04-2025T11:54:34 - [TEST_STEP][PASSED] - delay(10): Delayed 10 second(s)

29-04-2025T11:54:44 - [MESSAGE][PASSED] - Delayed 10 second(s)

29-04-2025T11:54:44 - [TEST_STEP][PASSED] - tap(findTestObject("Object Repository/C672-C717/android.widget.Button - Next"), 0): Tapped on element 'Object Repository/C672-C717/android.widget.Button - Next'

29-04-2025T11:54:44 - [MESSAGE][WARNING] - Timeout '0' is invalid. Using default page load timeout: '30'

29-04-2025T11:54:44 - [MESSAGE][PASSED] - Tapped on element 'Object Repository/C672-C717/android.widget.Button - Next'

29-04-2025T11:54:44 - [TEST_STEP][PASSED] - delay(40): Delayed 40 second(s)

29-04-2025T11:55:24 - [MESSAGE][PASSED] - Delayed 40 second(s)

29-04-2025T11:55:24 - [TEST_STEP][PASSED] - setText(findTestObject("Object Repository/C672-C717/android.widget.EditText (1)"), "hellops09@yopmail.com", 0): Text 'hellops09@yopmail.com' has been set to element 'Object Repository/C672-C717/android.widget.EditText (1)'

29-04-2025T11:55:24 - [MESSAGE][WARNING] - Timeout '0' is invalid. Using default page load timeout: '30'

29-04-2025T11:55:25 - [MESSAGE][PASSED] - Text 'hellops09@yopmail.com' has been set to element 'Object Repository/C672-C717/android.widget.EditText (1)'

29-04-2025T11:55:25 - [TEST_STEP][PASSED] - hideKeyboard(): Keyboard is hidden

29-04-2025T11:55:28 - [MESSAGE][PASSED] - Keyboard is hidden

29-04-2025T11:55:28 - [TEST_STEP][PASSED] - delay(10): Delayed 10 second(s)

29-04-2025T11:55:38 - [MESSAGE][PASSED] - Delayed 10 second(s)

29-04-2025T11:55:38 - [TEST_STEP][PASSED] - setText(findTestObject("Object Repository/C672-C717/android.widget.EditText (2)"), "password", 0): Text 'password' has been set to element 'Object Repository/C672-C717/android.widget.EditText (2)'

29-04-2025T11:55:38 - [MESSAGE][WARNING] - Timeout '0' is invalid. Using default page load timeout: '30'

29-04-2025T11:55:39 - [MESSAGE][PASSED] - Text 'password' has been set to element 'Object Repository/C672-C717/android.widget.EditText (2)'

29-04-2025T11:55:39 - [TEST_STEP][PASSED] - hideKeyboard(): Keyboard is hidden

29-04-2025T11:55:41 - [MESSAGE][PASSED] - Keyboard is hidden

29-04-2025T11:55:41 - [TEST_STEP][PASSED] - delay(10): Delayed 10 second(s)

29-04-2025T11:55:51 - [MESSAGE][PASSED] - Delayed 10 second(s)

29-04-2025T11:55:51 - [TEST_STEP][PASSED] - tap(findTestObject("Object Repository/C672-C717/android.widget.Button - LOGIN"), 0): Tapped on element 'Object Repository/C672-C717/android.widget.Button - LOGIN'

29-04-2025T11:55:51 - [MESSAGE][WARNING] - Timeout '0' is invalid. Using default page load timeout: '30'

29-04-2025T11:55:52 - [MESSAGE][PASSED] - Tapped on element 'Object Repository/C672-C717/android.widget.Button - LOGIN'

29-04-2025T11:55:52 - [TEST_STEP][PASSED] - delay(10): Delayed 10 second(s)

29-04-2025T11:56:02 - [MESSAGE][PASSED] - Delayed 10 second(s)

29-04-2025T11:56:02 - [TEST_STEP][PASSED] - tap(findTestObject("Object Repository/C672-C717/android.view.View - My Account"), 0): Tapped on element 'Object Repository/C672-C717/android.view.View - My Account'

29-04-2025T11:56:02 - [MESSAGE][WARNING] - Timeout '0' is invalid. Using default page load timeout: '30'

29-04-2025T11:56:03 - [MESSAGE][PASSED] - Tapped on element 'Object Repository/C672-C717/android.view.View - My Account'

29-04-2025T11:56:03 - [TEST_STEP][PASSED] - delay(10): Delayed 10 second(s)

29-04-2025T11:56:13 - [MESSAGE][PASSED] - Delayed 10 second(s)

29-04-2025T11:56:13 - [TEST_STEP][PASSED] - tap(findTestObject("Object Repository/C672-C717/android.widget.TextView - Add An Account Number"), 0): Tapped on element 'Object Repository/C672-C717/android.widget.TextView - Add An Account Number'

29-04-2025T11:56:13 - [MESSAGE][WARNING] - Timeout '0' is invalid. Using default page load timeout: '30'

29-04-2025T11:56:13 - [MESSAGE][PASSED] - Tapped on element 'Object Repository/C672-C717/android.widget.TextView - Add An Account Number'

29-04-2025T11:56:13 - [TEST_STEP][PASSED] - delay(10): Delayed 10 second(s)

29-04-2025T11:56:23 - [MESSAGE][PASSED] - Delayed 10 second(s)

29-04-2025T11:56:23 - [TEST_STEP][PASSED] - setText(findTestObject("Object Repository/C672-C717/android.widget.EditText (3)"), "18560485", 0): Text '18560485' has been set to element 'Object Repository/C672-C717/android.widget.EditText (3)'

29-04-2025T11:56:23 - [MESSAGE][WARNING] - Timeout '0' is invalid. Using default page load timeout: '30'

29-04-2025T11:56:24 - [MESSAGE][PASSED] - Text '18560485' has been set to element 'Object Repository/C672-C717/android.widget.EditText (3)'

29-04-2025T11:56:24 - [TEST_STEP][PASSED] - delay(10): Delayed 10 second(s)

29-04-2025T11:56:34 - [MESSAGE][PASSED] - Delayed 10 second(s)

29-04-2025T11:56:34 - [TEST_STEP][PASSED] - tap(findTestObject("Object Repository/C672-C717/android.widget.Button - Next (1)"), 0): Tapped on element 'Object Repository/C672-C717/android.widget.Button - Next (1)'

29-04-2025T11:56:34 - [MESSAGE][WARNING] - Timeout '0' is invalid. Using default page load timeout: '30'

29-04-2025T11:56:35 - [MESSAGE][PASSED] - Tapped on element 'Object Repository/C672-C717/android.widget.Button - Next (1)'

29-04-2025T11:56:35 - [TEST_STEP][PASSED] - delay(10): Delayed 10 second(s)

29-04-2025T11:56:45 - [MESSAGE][PASSED] - Delayed 10 second(s)

29-04-2025T11:56:45 - [TEST_STEP][FAILED] - tap(findTestObject("Object Repository/C672-C717/android.widget.TextView - Internet Access Code"), 0): Failed to tap on element 'Object Repository/C672-C717/android.widget.TextView - Internet Access Code' (Root cause: com.kms.katalon.core.exception.StepFailedException: Failed to tap on element 'Object Repository/C672-C717/android.widget.TextView - Internet Access Code'
	at com.kms.katalon.core.mobile.keyword.internal.MobileKeywordMain.stepFailed(MobileKeywordMain.groovy:64)
	at com.kms.katalon.core.mobile.keyword.internal.MobileKeywordMain.runKeyword(MobileKeywordMain.groovy:34)
	at com.kms.katalon.core.mobile.keyword.builtin.TapKeyword.tap(TapKeyword.groovy:51)
	at com.kms.katalon.core.mobile.keyword.builtin.TapKeyword.execute(TapKeyword.groovy:35)
	at com.kms.katalon.core.keyword.internal.KeywordExecutor.executeKeywordForPlatform(KeywordExecutor.groovy:74)
	at com.kms.katalon.core.mobile.keyword.MobileBuiltInKeywords.tap(MobileBuiltInKeywords.groovy:1461)
	at C672_C717_VerifyAccount_Owner_User.run(C672_C717_VerifyAccount_Owner_User:68)
	at com.kms.katalon.core.main.ScriptEngine.run(ScriptEngine.java:194)
	at com.kms.katalon.core.main.ScriptEngine.runScriptAsRawText(ScriptEngine.java:119)
	at com.kms.katalon.core.main.TestCaseExecutor.runScript(TestCaseExecutor.java:448)
	at com.kms.katalon.core.main.TestCaseExecutor.doExecute(TestCaseExecutor.java:439)
	at com.kms.katalon.core.main.TestCaseExecutor.processExecutionPhase(TestCaseExecutor.java:418)
	at com.kms.katalon.core.main.TestCaseExecutor.accessMainPhase(TestCaseExecutor.java:410)
	at com.kms.katalon.core.main.TestCaseExecutor.execute(TestCaseExecutor.java:285)
	at com.kms.katalon.core.common.CommonExecutor.accessTestCaseMainPhase(CommonExecutor.java:71)
	at com.kms.katalon.core.main.TestSuiteExecutor.accessTestSuiteMainPhase(TestSuiteExecutor.java:160)
	at com.kms.katalon.core.main.TestSuiteExecutor.execute(TestSuiteExecutor.java:107)
	at com.kms.katalon.core.main.TestCaseMain.startTestSuite(TestCaseMain.java:180)
	at TempTestSuite1745903984460.run(TempTestSuite1745903984460.groovy:35)
	at java.base/jdk.internal.reflect.NativeMethodAccessorImpl.invoke0(Native Method)
	at java.base/jdk.internal.reflect.NativeMethodAccessorImpl.invoke(NativeMethodAccessorImpl.java:77)
	at java.base/jdk.internal.reflect.DelegatingMethodAccessorImpl.invoke(DelegatingMethodAccessorImpl.java:43)
Caused by: com.kms.katalon.core.exception.StepFailedException: Object Object Repository/C672-C717/android.widget.TextView - Internet Access Code not found
	at com.kms.katalon.core.mobile.keyword.internal.MobileKeywordMain.stepFailed(MobileKeywordMain.groovy:64)
	at com.kms.katalon.core.mobile.keyword.builtin.TapKeyword$_tap_closure1.doCall(TapKeyword.groovy:46)
	at com.kms.katalon.core.mobile.keyword.builtin.TapKeyword$_tap_closure1.call(TapKeyword.groovy)
	at com.kms.katalon.core.mobile.keyword.internal.MobileKeywordMain.runKeyword(MobileKeywordMain.groovy:30)
	... 20 more
)

29-04-2025T11:56:45 - [MESSAGE][WARNING] - Timeout '0' is invalid. Using default page load timeout: '30'

29-04-2025T11:57:16 - [MESSAGE][FAILED] - Object Object Repository/C672-C717/android.widget.TextView - Internet Access Code not found (Root cause: com.kms.katalon.core.exception.StepFailedException: Object Object Repository/C672-C717/android.widget.TextView - Internet Access Code not found
	at com.kms.katalon.core.mobile.keyword.internal.MobileKeywordMain.stepFailed(MobileKeywordMain.groovy:64)
	at com.kms.katalon.core.mobile.keyword.builtin.TapKeyword$_tap_closure1.doCall(TapKeyword.groovy:46)
	at com.kms.katalon.core.mobile.keyword.builtin.TapKeyword$_tap_closure1.call(TapKeyword.groovy)
	at com.kms.katalon.core.mobile.keyword.internal.MobileKeywordMain.runKeyword(MobileKeywordMain.groovy:30)
	at com.kms.katalon.core.mobile.keyword.builtin.TapKeyword.tap(TapKeyword.groovy:51)
	at com.kms.katalon.core.mobile.keyword.builtin.TapKeyword.execute(TapKeyword.groovy:35)
	at com.kms.katalon.core.keyword.internal.KeywordExecutor.executeKeywordForPlatform(KeywordExecutor.groovy:74)
	at com.kms.katalon.core.mobile.keyword.MobileBuiltInKeywords.tap(MobileBuiltInKeywords.groovy:1461)
	at C672_C717_VerifyAccount_Owner_User.run(C672_C717_VerifyAccount_Owner_User:68)
	at com.kms.katalon.core.main.ScriptEngine.run(ScriptEngine.java:194)
	at com.kms.katalon.core.main.ScriptEngine.runScriptAsRawText(ScriptEngine.java:119)
	at com.kms.katalon.core.main.TestCaseExecutor.runScript(TestCaseExecutor.java:448)
	at com.kms.katalon.core.main.TestCaseExecutor.doExecute(TestCaseExecutor.java:439)
	at com.kms.katalon.core.main.TestCaseExecutor.processExecutionPhase(TestCaseExecutor.java:418)
	at com.kms.katalon.core.main.TestCaseExecutor.accessMainPhase(TestCaseExecutor.java:410)
	at com.kms.katalon.core.main.TestCaseExecutor.execute(TestCaseExecutor.java:285)
	at com.kms.katalon.core.common.CommonExecutor.accessTestCaseMainPhase(CommonExecutor.java:71)
	at com.kms.katalon.core.main.TestSuiteExecutor.accessTestSuiteMainPhase(TestSuiteExecutor.java:160)
	at com.kms.katalon.core.main.TestSuiteExecutor.execute(TestSuiteExecutor.java:107)
	at com.kms.katalon.core.main.TestCaseMain.startTestSuite(TestCaseMain.java:180)
	at TempTestSuite1745903984460.run(TempTestSuite1745903984460.groovy:35)
	at java.base/jdk.internal.reflect.NativeMethodAccessorImpl.invoke0(Native Method)
	at java.base/jdk.internal.reflect.NativeMethodAccessorImpl.invoke(NativeMethodAccessorImpl.java:77)
	at java.base/jdk.internal.reflect.DelegatingMethodAccessorImpl.invoke(DelegatingMethodAccessorImpl.java:43)
)
[[ATTACHMENT|/Users/gv.vignesh/Downloads/WGR-Android-Automation/Reports/20250429_104944/Android Regression/20250429_104944/1745908035545.png]]

29-04-2025T11:57:17 - [MESSAGE][FAILED] - Failed to tap on element 'Object Repository/C672-C717/android.widget.TextView - Internet Access Code' (Root cause: com.kms.katalon.core.exception.StepFailedException: Failed to tap on element 'Object Repository/C672-C717/android.widget.TextView - Internet Access Code'
	at com.kms.katalon.core.mobile.keyword.internal.MobileKeywordMain.stepFailed(MobileKeywordMain.groovy:64)
	at com.kms.katalon.core.mobile.keyword.internal.MobileKeywordMain.runKeyword(MobileKeywordMain.groovy:34)
	at com.kms.katalon.core.mobile.keyword.builtin.TapKeyword.tap(TapKeyword.groovy:51)
	at com.kms.katalon.core.mobile.keyword.builtin.TapKeyword.execute(TapKeyword.groovy:35)
	at com.kms.katalon.core.keyword.internal.KeywordExecutor.executeKeywordForPlatform(KeywordExecutor.groovy:74)
	at com.kms.katalon.core.mobile.keyword.MobileBuiltInKeywords.tap(MobileBuiltInKeywords.groovy:1461)
	at C672_C717_VerifyAccount_Owner_User.run(C672_C717_VerifyAccount_Owner_User:68)
	at com.kms.katalon.core.main.ScriptEngine.run(ScriptEngine.java:194)
	at com.kms.katalon.core.main.ScriptEngine.runScriptAsRawText(ScriptEngine.java:119)
	at com.kms.katalon.core.main.TestCaseExecutor.runScript(TestCaseExecutor.java:448)
	at com.kms.katalon.core.main.TestCaseExecutor.doExecute(TestCaseExecutor.java:439)
	at com.kms.katalon.core.main.TestCaseExecutor.processExecutionPhase(TestCaseExecutor.java:418)
	at com.kms.katalon.core.main.TestCaseExecutor.accessMainPhase(TestCaseExecutor.java:410)
	at com.kms.katalon.core.main.TestCaseExecutor.execute(TestCaseExecutor.java:285)
	at com.kms.katalon.core.common.CommonExecutor.accessTestCaseMainPhase(CommonExecutor.java:71)
	at com.kms.katalon.core.main.TestSuiteExecutor.accessTestSuiteMainPhase(TestSuiteExecutor.java:160)
	at com.kms.katalon.core.main.TestSuiteExecutor.execute(TestSuiteExecutor.java:107)
	at com.kms.katalon.core.main.TestCaseMain.startTestSuite(TestCaseMain.java:180)
	at TempTestSuite1745903984460.run(TempTestSuite1745903984460.groovy:35)
	at java.base/jdk.internal.reflect.NativeMethodAccessorImpl.invoke0(Native Method)
	at java.base/jdk.internal.reflect.NativeMethodAccessorImpl.invoke(NativeMethodAccessorImpl.java:77)
	at java.base/jdk.internal.reflect.DelegatingMethodAccessorImpl.invoke(DelegatingMethodAccessorImpl.java:43)
Caused by: com.kms.katalon.core.exception.StepFailedException: Object Object Repository/C672-C717/android.widget.TextView - Internet Access Code not found
	at com.kms.katalon.core.mobile.keyword.internal.MobileKeywordMain.stepFailed(MobileKeywordMain.groovy:64)
	at com.kms.katalon.core.mobile.keyword.builtin.TapKeyword$_tap_closure1.doCall(TapKeyword.groovy:46)
	at com.kms.katalon.core.mobile.keyword.builtin.TapKeyword$_tap_closure1.call(TapKeyword.groovy)
	at com.kms.katalon.core.mobile.keyword.internal.MobileKeywordMain.runKeyword(MobileKeywordMain.groovy:30)
	... 20 more
)
[[ATTACHMENT|/Users/gv.vignesh/Downloads/WGR-Android-Automation/Reports/20250429_104944/Android Regression/20250429_104944/1745908036866.png]]]]></system-out>
         <system-err><![CDATA[29-04-2025T11:53:45 - [TEST_CASE][FAILED] - Test Cases/Creating New User With Account_Reservations/C672_C717_VerifyAccount_Owner_User: Test Cases/Creating New User With Account_Reservations/C672_C717_VerifyAccount_Owner_User FAILED.
Reason:
com.kms.katalon.core.exception.StepFailedException: Failed to tap on element 'Object Repository/C672-C717/android.widget.TextView - Internet Access Code'
	at com.kms.katalon.core.mobile.keyword.internal.MobileKeywordMain.stepFailed(MobileKeywordMain.groovy:64)
	at com.kms.katalon.core.mobile.keyword.internal.MobileKeywordMain.runKeyword(MobileKeywordMain.groovy:34)
	at com.kms.katalon.core.mobile.keyword.builtin.TapKeyword.tap(TapKeyword.groovy:51)
	at com.kms.katalon.core.mobile.keyword.builtin.TapKeyword.execute(TapKeyword.groovy:35)
	at com.kms.katalon.core.keyword.internal.KeywordExecutor.executeKeywordForPlatform(KeywordExecutor.groovy:74)
	at com.kms.katalon.core.mobile.keyword.MobileBuiltInKeywords.tap(MobileBuiltInKeywords.groovy:1461)
	at C672_C717_VerifyAccount_Owner_User.run(C672_C717_VerifyAccount_Owner_User:68)
	at com.kms.katalon.core.main.ScriptEngine.run(ScriptEngine.java:194)
	at com.kms.katalon.core.main.ScriptEngine.runScriptAsRawText(ScriptEngine.java:119)
	at com.kms.katalon.core.main.TestCaseExecutor.runScript(TestCaseExecutor.java:448)
	at com.kms.katalon.core.main.TestCaseExecutor.doExecute(TestCaseExecutor.java:439)
	at com.kms.katalon.core.main.TestCaseExecutor.processExecutionPhase(TestCaseExecutor.java:418)
	at com.kms.katalon.core.main.TestCaseExecutor.accessMainPhase(TestCaseExecutor.java:410)
	at com.kms.katalon.core.main.TestCaseExecutor.execute(TestCaseExecutor.java:285)
	at com.kms.katalon.core.common.CommonExecutor.accessTestCaseMainPhase(CommonExecutor.java:71)
	at com.kms.katalon.core.main.TestSuiteExecutor.accessTestSuiteMainPhase(TestSuiteExecutor.java:160)
	at com.kms.katalon.core.main.TestSuiteExecutor.execute(TestSuiteExecutor.java:107)
	at com.kms.katalon.core.main.TestCaseMain.startTestSuite(TestCaseMain.java:180)
	at TempTestSuite1745903984460.run(TempTestSuite1745903984460.groovy:35)
	at java.base/jdk.internal.reflect.NativeMethodAccessorImpl.invoke0(Native Method)
	at java.base/jdk.internal.reflect.NativeMethodAccessorImpl.invoke(NativeMethodAccessorImpl.java:77)
	at java.base/jdk.internal.reflect.DelegatingMethodAccessorImpl.invoke(DelegatingMethodAccessorImpl.java:43)
Caused by: com.kms.katalon.core.exception.StepFailedException: Object Object Repository/C672-C717/android.widget.TextView - Internet Access Code not found
	at com.kms.katalon.core.mobile.keyword.internal.MobileKeywordMain.stepFailed(MobileKeywordMain.groovy:64)
	at com.kms.katalon.core.mobile.keyword.builtin.TapKeyword$_tap_closure1.doCall(TapKeyword.groovy:46)
	at com.kms.katalon.core.mobile.keyword.builtin.TapKeyword$_tap_closure1.call(TapKeyword.groovy)
	at com.kms.katalon.core.mobile.keyword.internal.MobileKeywordMain.runKeyword(MobileKeywordMain.groovy:30)
	... 20 more]]></system-err>
      </testcase>
      <testcase name="Test Cases/Verify Reservations/WRMA-282_Verify_Reservations_ErrorVerification" time="76.957" classname="Test Cases/Verify Reservations/WRMA-282_Verify_Reservations_ErrorVerification" status="FAILED">
         <failure type="FAILED" message="Test Cases/Verify Reservations/WRMA-282_Verify_Reservations_ErrorVerification FAILED.&#xa;Reason:&#xa;com.kms.katalon.core.exception.StepFailedException: Failed to set text into element&#xa;	at com.kms.katalon.core.mobile.keyword.internal.MobileKeywordMain.stepFailed(MobileKeywordMain.groovy:64)&#xa;	at com.kms.katalon.core.mobile.keyword.internal.MobileKeywordMain.runKeyword(MobileKeywordMain.groovy:34)&#xa;	at com.kms.katalon.core.mobile.keyword.builtin.SetTextKeyword.setText(SetTextKeyword.groovy:62)&#xa;	at com.kms.katalon.core.mobile.keyword.builtin.SetTextKeyword.execute(SetTextKeyword.groovy:42)&#xa;	at com.kms.katalon.core.keyword.internal.KeywordExecutor.executeKeywordForPlatform(KeywordExecutor.groovy:74)&#xa;	at com.kms.katalon.core.mobile.keyword.MobileBuiltInKeywords.setText(MobileBuiltInKeywords.groovy:1278)&#xa;	at WRMA-282_Verify_Reservations_ErrorVerification.run(WRMA-282_Verify_Reservations_ErrorVerification:35)&#xa;	at com.kms.katalon.core.main.ScriptEngine.run(ScriptEngine.java:194)&#xa;	at com.kms.katalon.core.main.ScriptEngine.runScriptAsRawText(ScriptEngine.java:119)&#xa;	at com.kms.katalon.core.main.TestCaseExecutor.runScript(TestCaseExecutor.java:448)&#xa;	at com.kms.katalon.core.main.TestCaseExecutor.doExecute(TestCaseExecutor.java:439)&#xa;	at com.kms.katalon.core.main.TestCaseExecutor.processExecutionPhase(TestCaseExecutor.java:418)&#xa;	at com.kms.katalon.core.main.TestCaseExecutor.accessMainPhase(TestCaseExecutor.java:410)&#xa;	at com.kms.katalon.core.main.TestCaseExecutor.execute(TestCaseExecutor.java:285)&#xa;	at com.kms.katalon.core.common.CommonExecutor.accessTestCaseMainPhase(CommonExecutor.java:71)&#xa;	at com.kms.katalon.core.main.TestSuiteExecutor.accessTestSuiteMainPhase(TestSuiteExecutor.java:160)&#xa;	at com.kms.katalon.core.main.TestSuiteExecutor.execute(TestSuiteExecutor.java:107)&#xa;	at com.kms.katalon.core.main.TestCaseMain.startTestSuite(TestCaseMain.java:180)&#xa;	at TempTestSuite1745903984460.run(TempTestSuite1745903984460.groovy:35)&#xa;	at java.base/jdk.internal.reflect.NativeMethodAccessorImpl.invoke0(Native Method)&#xa;	at java.base/jdk.internal.reflect.NativeMethodAccessorImpl.invoke(NativeMethodAccessorImpl.java:77)&#xa;	at java.base/jdk.internal.reflect.DelegatingMethodAccessorImpl.invoke(DelegatingMethodAccessorImpl.java:43)&#xa;Caused by: com.kms.katalon.core.exception.StepFailedException: Object Object Repository/VOAusers/android.widget.EditText not found&#xa;	at com.kms.katalon.core.mobile.keyword.internal.MobileKeywordMain.stepFailed(MobileKeywordMain.groovy:64)&#xa;	at com.kms.katalon.core.mobile.keyword.builtin.SetTextKeyword$_setText_closure1.doCall(SetTextKeyword.groovy:52)&#xa;	at com.kms.katalon.core.mobile.keyword.builtin.SetTextKeyword$_setText_closure1.call(SetTextKeyword.groovy)&#xa;	at com.kms.katalon.core.mobile.keyword.internal.MobileKeywordMain.runKeyword(MobileKeywordMain.groovy:30)&#xa;	... 20 more&#xa;"/>
         <system-out><![CDATA[29-04-2025T11:57:17 - [TEST_CASE][FAILED] - Test Cases/Verify Reservations/WRMA-282_Verify_Reservations_ErrorVerification: Test Cases/Verify Reservations/WRMA-282_Verify_Reservations_ErrorVerification FAILED.
Reason:
com.kms.katalon.core.exception.StepFailedException: Failed to set text into element
	at com.kms.katalon.core.mobile.keyword.internal.MobileKeywordMain.stepFailed(MobileKeywordMain.groovy:64)
	at com.kms.katalon.core.mobile.keyword.internal.MobileKeywordMain.runKeyword(MobileKeywordMain.groovy:34)
	at com.kms.katalon.core.mobile.keyword.builtin.SetTextKeyword.setText(SetTextKeyword.groovy:62)
	at com.kms.katalon.core.mobile.keyword.builtin.SetTextKeyword.execute(SetTextKeyword.groovy:42)
	at com.kms.katalon.core.keyword.internal.KeywordExecutor.executeKeywordForPlatform(KeywordExecutor.groovy:74)
	at com.kms.katalon.core.mobile.keyword.MobileBuiltInKeywords.setText(MobileBuiltInKeywords.groovy:1278)
	at WRMA-282_Verify_Reservations_ErrorVerification.run(WRMA-282_Verify_Reservations_ErrorVerification:35)
	at com.kms.katalon.core.main.ScriptEngine.run(ScriptEngine.java:194)
	at com.kms.katalon.core.main.ScriptEngine.runScriptAsRawText(ScriptEngine.java:119)
	at com.kms.katalon.core.main.TestCaseExecutor.runScript(TestCaseExecutor.java:448)
	at com.kms.katalon.core.main.TestCaseExecutor.doExecute(TestCaseExecutor.java:439)
	at com.kms.katalon.core.main.TestCaseExecutor.processExecutionPhase(TestCaseExecutor.java:418)
	at com.kms.katalon.core.main.TestCaseExecutor.accessMainPhase(TestCaseExecutor.java:410)
	at com.kms.katalon.core.main.TestCaseExecutor.execute(TestCaseExecutor.java:285)
	at com.kms.katalon.core.common.CommonExecutor.accessTestCaseMainPhase(CommonExecutor.java:71)
	at com.kms.katalon.core.main.TestSuiteExecutor.accessTestSuiteMainPhase(TestSuiteExecutor.java:160)
	at com.kms.katalon.core.main.TestSuiteExecutor.execute(TestSuiteExecutor.java:107)
	at com.kms.katalon.core.main.TestCaseMain.startTestSuite(TestCaseMain.java:180)
	at TempTestSuite1745903984460.run(TempTestSuite1745903984460.groovy:35)
	at java.base/jdk.internal.reflect.NativeMethodAccessorImpl.invoke0(Native Method)
	at java.base/jdk.internal.reflect.NativeMethodAccessorImpl.invoke(NativeMethodAccessorImpl.java:77)
	at java.base/jdk.internal.reflect.DelegatingMethodAccessorImpl.invoke(DelegatingMethodAccessorImpl.java:43)
Caused by: com.kms.katalon.core.exception.StepFailedException: Object Object Repository/VOAusers/android.widget.EditText not found
	at com.kms.katalon.core.mobile.keyword.internal.MobileKeywordMain.stepFailed(MobileKeywordMain.groovy:64)
	at com.kms.katalon.core.mobile.keyword.builtin.SetTextKeyword$_setText_closure1.doCall(SetTextKeyword.groovy:52)
	at com.kms.katalon.core.mobile.keyword.builtin.SetTextKeyword$_setText_closure1.call(SetTextKeyword.groovy)
	at com.kms.katalon.core.mobile.keyword.internal.MobileKeywordMain.runKeyword(MobileKeywordMain.groovy:30)
	... 20 more


29-04-2025T11:57:17 - [TEST_STEP][PASSED] - startApplication("/Users/gv.vignesh/Downloads/app-debug (1).apk", true): Started application: '/Users/gv.vignesh/Downloads/app-debug (1).apk'

29-04-2025T11:57:17 - [MESSAGE][INFO] - Starting application: '/Users/gv.vignesh/Downloads/app-debug (1).apk'

29-04-2025T11:57:17 - [MESSAGE][INFO] - User set preference: ['uiautomator2ServerInstallTimeout', '0']

29-04-2025T11:57:17 - [MESSAGE][INFO] - User set preference: ['deviceId', '']

29-04-2025T11:57:39 - [MESSAGE][PASSED] - Started application: '/Users/gv.vignesh/Downloads/app-debug (1).apk'

29-04-2025T11:57:39 - [TEST_STEP][PASSED] - delay(10): Delayed 10 second(s)

29-04-2025T11:57:49 - [MESSAGE][PASSED] - Delayed 10 second(s)

29-04-2025T11:57:49 - [TEST_STEP][PASSED] - tap(findTestObject("Object Repository/VOAusers/android.widget.Button - Login or Sign Up"), 0): Tapped on element 'Object Repository/VOAusers/android.widget.Button - Login or Sign Up'

29-04-2025T11:57:49 - [MESSAGE][WARNING] - Timeout '0' is invalid. Using default page load timeout: '30'

29-04-2025T11:57:49 - [MESSAGE][PASSED] - Tapped on element 'Object Repository/VOAusers/android.widget.Button - Login or Sign Up'

29-04-2025T11:57:49 - [TEST_STEP][PASSED] - delay(10): Delayed 10 second(s)

29-04-2025T11:57:59 - [MESSAGE][PASSED] - Delayed 10 second(s)

29-04-2025T11:57:59 - [TEST_STEP][FAILED] - setText(findTestObject("Object Repository/VOAusers/android.widget.EditText"), "SELENAWB@GMAIL.COM", 0): Failed to set text into element (Root cause: com.kms.katalon.core.exception.StepFailedException: Failed to set text into element
	at com.kms.katalon.core.mobile.keyword.internal.MobileKeywordMain.stepFailed(MobileKeywordMain.groovy:64)
	at com.kms.katalon.core.mobile.keyword.internal.MobileKeywordMain.runKeyword(MobileKeywordMain.groovy:34)
	at com.kms.katalon.core.mobile.keyword.builtin.SetTextKeyword.setText(SetTextKeyword.groovy:62)
	at com.kms.katalon.core.mobile.keyword.builtin.SetTextKeyword.execute(SetTextKeyword.groovy:42)
	at com.kms.katalon.core.keyword.internal.KeywordExecutor.executeKeywordForPlatform(KeywordExecutor.groovy:74)
	at com.kms.katalon.core.mobile.keyword.MobileBuiltInKeywords.setText(MobileBuiltInKeywords.groovy:1278)
	at WRMA-282_Verify_Reservations_ErrorVerification.run(WRMA-282_Verify_Reservations_ErrorVerification:35)
	at com.kms.katalon.core.main.ScriptEngine.run(ScriptEngine.java:194)
	at com.kms.katalon.core.main.ScriptEngine.runScriptAsRawText(ScriptEngine.java:119)
	at com.kms.katalon.core.main.TestCaseExecutor.runScript(TestCaseExecutor.java:448)
	at com.kms.katalon.core.main.TestCaseExecutor.doExecute(TestCaseExecutor.java:439)
	at com.kms.katalon.core.main.TestCaseExecutor.processExecutionPhase(TestCaseExecutor.java:418)
	at com.kms.katalon.core.main.TestCaseExecutor.accessMainPhase(TestCaseExecutor.java:410)
	at com.kms.katalon.core.main.TestCaseExecutor.execute(TestCaseExecutor.java:285)
	at com.kms.katalon.core.common.CommonExecutor.accessTestCaseMainPhase(CommonExecutor.java:71)
	at com.kms.katalon.core.main.TestSuiteExecutor.accessTestSuiteMainPhase(TestSuiteExecutor.java:160)
	at com.kms.katalon.core.main.TestSuiteExecutor.execute(TestSuiteExecutor.java:107)
	at com.kms.katalon.core.main.TestCaseMain.startTestSuite(TestCaseMain.java:180)
	at TempTestSuite1745903984460.run(TempTestSuite1745903984460.groovy:35)
	at java.base/jdk.internal.reflect.NativeMethodAccessorImpl.invoke0(Native Method)
	at java.base/jdk.internal.reflect.NativeMethodAccessorImpl.invoke(NativeMethodAccessorImpl.java:77)
	at java.base/jdk.internal.reflect.DelegatingMethodAccessorImpl.invoke(DelegatingMethodAccessorImpl.java:43)
Caused by: com.kms.katalon.core.exception.StepFailedException: Object Object Repository/VOAusers/android.widget.EditText not found
	at com.kms.katalon.core.mobile.keyword.internal.MobileKeywordMain.stepFailed(MobileKeywordMain.groovy:64)
	at com.kms.katalon.core.mobile.keyword.builtin.SetTextKeyword$_setText_closure1.doCall(SetTextKeyword.groovy:52)
	at com.kms.katalon.core.mobile.keyword.builtin.SetTextKeyword$_setText_closure1.call(SetTextKeyword.groovy)
	at com.kms.katalon.core.mobile.keyword.internal.MobileKeywordMain.runKeyword(MobileKeywordMain.groovy:30)
	... 20 more
)

29-04-2025T11:57:59 - [MESSAGE][WARNING] - Timeout '0' is invalid. Using default page load timeout: '30'

29-04-2025T11:58:32 - [MESSAGE][FAILED] - Object Object Repository/VOAusers/android.widget.EditText not found (Root cause: com.kms.katalon.core.exception.StepFailedException: Object Object Repository/VOAusers/android.widget.EditText not found
	at com.kms.katalon.core.mobile.keyword.internal.MobileKeywordMain.stepFailed(MobileKeywordMain.groovy:64)
	at com.kms.katalon.core.mobile.keyword.builtin.SetTextKeyword$_setText_closure1.doCall(SetTextKeyword.groovy:52)
	at com.kms.katalon.core.mobile.keyword.builtin.SetTextKeyword$_setText_closure1.call(SetTextKeyword.groovy)
	at com.kms.katalon.core.mobile.keyword.internal.MobileKeywordMain.runKeyword(MobileKeywordMain.groovy:30)
	at com.kms.katalon.core.mobile.keyword.builtin.SetTextKeyword.setText(SetTextKeyword.groovy:62)
	at com.kms.katalon.core.mobile.keyword.builtin.SetTextKeyword.execute(SetTextKeyword.groovy:42)
	at com.kms.katalon.core.keyword.internal.KeywordExecutor.executeKeywordForPlatform(KeywordExecutor.groovy:74)
	at com.kms.katalon.core.mobile.keyword.MobileBuiltInKeywords.setText(MobileBuiltInKeywords.groovy:1278)
	at WRMA-282_Verify_Reservations_ErrorVerification.run(WRMA-282_Verify_Reservations_ErrorVerification:35)
	at com.kms.katalon.core.main.ScriptEngine.run(ScriptEngine.java:194)
	at com.kms.katalon.core.main.ScriptEngine.runScriptAsRawText(ScriptEngine.java:119)
	at com.kms.katalon.core.main.TestCaseExecutor.runScript(TestCaseExecutor.java:448)
	at com.kms.katalon.core.main.TestCaseExecutor.doExecute(TestCaseExecutor.java:439)
	at com.kms.katalon.core.main.TestCaseExecutor.processExecutionPhase(TestCaseExecutor.java:418)
	at com.kms.katalon.core.main.TestCaseExecutor.accessMainPhase(TestCaseExecutor.java:410)
	at com.kms.katalon.core.main.TestCaseExecutor.execute(TestCaseExecutor.java:285)
	at com.kms.katalon.core.common.CommonExecutor.accessTestCaseMainPhase(CommonExecutor.java:71)
	at com.kms.katalon.core.main.TestSuiteExecutor.accessTestSuiteMainPhase(TestSuiteExecutor.java:160)
	at com.kms.katalon.core.main.TestSuiteExecutor.execute(TestSuiteExecutor.java:107)
	at com.kms.katalon.core.main.TestCaseMain.startTestSuite(TestCaseMain.java:180)
	at TempTestSuite1745903984460.run(TempTestSuite1745903984460.groovy:35)
	at java.base/jdk.internal.reflect.NativeMethodAccessorImpl.invoke0(Native Method)
	at java.base/jdk.internal.reflect.NativeMethodAccessorImpl.invoke(NativeMethodAccessorImpl.java:77)
	at java.base/jdk.internal.reflect.DelegatingMethodAccessorImpl.invoke(DelegatingMethodAccessorImpl.java:43)
)
[[ATTACHMENT|/Users/gv.vignesh/Downloads/WGR-Android-Automation/Reports/20250429_104944/Android Regression/20250429_104944/1745908109987.png]]

29-04-2025T11:58:34 - [MESSAGE][FAILED] - Failed to set text into element (Root cause: com.kms.katalon.core.exception.StepFailedException: Failed to set text into element
	at com.kms.katalon.core.mobile.keyword.internal.MobileKeywordMain.stepFailed(MobileKeywordMain.groovy:64)
	at com.kms.katalon.core.mobile.keyword.internal.MobileKeywordMain.runKeyword(MobileKeywordMain.groovy:34)
	at com.kms.katalon.core.mobile.keyword.builtin.SetTextKeyword.setText(SetTextKeyword.groovy:62)
	at com.kms.katalon.core.mobile.keyword.builtin.SetTextKeyword.execute(SetTextKeyword.groovy:42)
	at com.kms.katalon.core.keyword.internal.KeywordExecutor.executeKeywordForPlatform(KeywordExecutor.groovy:74)
	at com.kms.katalon.core.mobile.keyword.MobileBuiltInKeywords.setText(MobileBuiltInKeywords.groovy:1278)
	at WRMA-282_Verify_Reservations_ErrorVerification.run(WRMA-282_Verify_Reservations_ErrorVerification:35)
	at com.kms.katalon.core.main.ScriptEngine.run(ScriptEngine.java:194)
	at com.kms.katalon.core.main.ScriptEngine.runScriptAsRawText(ScriptEngine.java:119)
	at com.kms.katalon.core.main.TestCaseExecutor.runScript(TestCaseExecutor.java:448)
	at com.kms.katalon.core.main.TestCaseExecutor.doExecute(TestCaseExecutor.java:439)
	at com.kms.katalon.core.main.TestCaseExecutor.processExecutionPhase(TestCaseExecutor.java:418)
	at com.kms.katalon.core.main.TestCaseExecutor.accessMainPhase(TestCaseExecutor.java:410)
	at com.kms.katalon.core.main.TestCaseExecutor.execute(TestCaseExecutor.java:285)
	at com.kms.katalon.core.common.CommonExecutor.accessTestCaseMainPhase(CommonExecutor.java:71)
	at com.kms.katalon.core.main.TestSuiteExecutor.accessTestSuiteMainPhase(TestSuiteExecutor.java:160)
	at com.kms.katalon.core.main.TestSuiteExecutor.execute(TestSuiteExecutor.java:107)
	at com.kms.katalon.core.main.TestCaseMain.startTestSuite(TestCaseMain.java:180)
	at TempTestSuite1745903984460.run(TempTestSuite1745903984460.groovy:35)
	at java.base/jdk.internal.reflect.NativeMethodAccessorImpl.invoke0(Native Method)
	at java.base/jdk.internal.reflect.NativeMethodAccessorImpl.invoke(NativeMethodAccessorImpl.java:77)
	at java.base/jdk.internal.reflect.DelegatingMethodAccessorImpl.invoke(DelegatingMethodAccessorImpl.java:43)
Caused by: com.kms.katalon.core.exception.StepFailedException: Object Object Repository/VOAusers/android.widget.EditText not found
	at com.kms.katalon.core.mobile.keyword.internal.MobileKeywordMain.stepFailed(MobileKeywordMain.groovy:64)
	at com.kms.katalon.core.mobile.keyword.builtin.SetTextKeyword$_setText_closure1.doCall(SetTextKeyword.groovy:52)
	at com.kms.katalon.core.mobile.keyword.builtin.SetTextKeyword$_setText_closure1.call(SetTextKeyword.groovy)
	at com.kms.katalon.core.mobile.keyword.internal.MobileKeywordMain.runKeyword(MobileKeywordMain.groovy:30)
	... 20 more
)
[[ATTACHMENT|/Users/gv.vignesh/Downloads/WGR-Android-Automation/Reports/20250429_104944/Android Regression/20250429_104944/1745908112593.png]]]]></system-out>
         <system-err><![CDATA[29-04-2025T11:57:17 - [TEST_CASE][FAILED] - Test Cases/Verify Reservations/WRMA-282_Verify_Reservations_ErrorVerification: Test Cases/Verify Reservations/WRMA-282_Verify_Reservations_ErrorVerification FAILED.
Reason:
com.kms.katalon.core.exception.StepFailedException: Failed to set text into element
	at com.kms.katalon.core.mobile.keyword.internal.MobileKeywordMain.stepFailed(MobileKeywordMain.groovy:64)
	at com.kms.katalon.core.mobile.keyword.internal.MobileKeywordMain.runKeyword(MobileKeywordMain.groovy:34)
	at com.kms.katalon.core.mobile.keyword.builtin.SetTextKeyword.setText(SetTextKeyword.groovy:62)
	at com.kms.katalon.core.mobile.keyword.builtin.SetTextKeyword.execute(SetTextKeyword.groovy:42)
	at com.kms.katalon.core.keyword.internal.KeywordExecutor.executeKeywordForPlatform(KeywordExecutor.groovy:74)
	at com.kms.katalon.core.mobile.keyword.MobileBuiltInKeywords.setText(MobileBuiltInKeywords.groovy:1278)
	at WRMA-282_Verify_Reservations_ErrorVerification.run(WRMA-282_Verify_Reservations_ErrorVerification:35)
	at com.kms.katalon.core.main.ScriptEngine.run(ScriptEngine.java:194)
	at com.kms.katalon.core.main.ScriptEngine.runScriptAsRawText(ScriptEngine.java:119)
	at com.kms.katalon.core.main.TestCaseExecutor.runScript(TestCaseExecutor.java:448)
	at com.kms.katalon.core.main.TestCaseExecutor.doExecute(TestCaseExecutor.java:439)
	at com.kms.katalon.core.main.TestCaseExecutor.processExecutionPhase(TestCaseExecutor.java:418)
	at com.kms.katalon.core.main.TestCaseExecutor.accessMainPhase(TestCaseExecutor.java:410)
	at com.kms.katalon.core.main.TestCaseExecutor.execute(TestCaseExecutor.java:285)
	at com.kms.katalon.core.common.CommonExecutor.accessTestCaseMainPhase(CommonExecutor.java:71)
	at com.kms.katalon.core.main.TestSuiteExecutor.accessTestSuiteMainPhase(TestSuiteExecutor.java:160)
	at com.kms.katalon.core.main.TestSuiteExecutor.execute(TestSuiteExecutor.java:107)
	at com.kms.katalon.core.main.TestCaseMain.startTestSuite(TestCaseMain.java:180)
	at TempTestSuite1745903984460.run(TempTestSuite1745903984460.groovy:35)
	at java.base/jdk.internal.reflect.NativeMethodAccessorImpl.invoke0(Native Method)
	at java.base/jdk.internal.reflect.NativeMethodAccessorImpl.invoke(NativeMethodAccessorImpl.java:77)
	at java.base/jdk.internal.reflect.DelegatingMethodAccessorImpl.invoke(DelegatingMethodAccessorImpl.java:43)
Caused by: com.kms.katalon.core.exception.StepFailedException: Object Object Repository/VOAusers/android.widget.EditText not found
	at com.kms.katalon.core.mobile.keyword.internal.MobileKeywordMain.stepFailed(MobileKeywordMain.groovy:64)
	at com.kms.katalon.core.mobile.keyword.builtin.SetTextKeyword$_setText_closure1.doCall(SetTextKeyword.groovy:52)
	at com.kms.katalon.core.mobile.keyword.builtin.SetTextKeyword$_setText_closure1.call(SetTextKeyword.groovy)
	at com.kms.katalon.core.mobile.keyword.internal.MobileKeywordMain.runKeyword(MobileKeywordMain.groovy:30)
	... 20 more]]></system-err>
      </testcase>
      <testcase name="Test Cases/Add Account Number/WRMA-108_AddAccountNumber_CalendarpopupFor_DoB" time="275.051" classname="Test Cases/Add Account Number/WRMA-108_AddAccountNumber_CalendarpopupFor_DoB" status="PASSED">
         <system-out><![CDATA[29-04-2025T11:58:34 - [TEST_CASE][PASSED] - Test Cases/Add Account Number/WRMA-108_AddAccountNumber_CalendarpopupFor_DoB: Test Cases/Add Account Number/WRMA-108_AddAccountNumber_CalendarpopupFor_DoB

29-04-2025T11:58:34 - [TEST_STEP][PASSED] - testData = findTestData("Data Files/WRMA-108"): null

29-04-2025T11:58:34 - [TEST_STEP][PASSED] - email = testData.getValue("Email", 1): null

29-04-2025T11:58:34 - [TEST_STEP][PASSED] - password = testData.getValue("Password", 1): null

29-04-2025T11:58:34 - [TEST_STEP][PASSED] - accountNumber = testData.getValue("AccountNumber", 1): null

29-04-2025T11:58:34 - [TEST_STEP][PASSED] - startApplication(appUrl, true): Started application: '/Users/gv.vignesh/Downloads/WGR-Android-Automation/App Folder/app-debug-2.99.75.apk'

29-04-2025T11:58:34 - [MESSAGE][INFO] - Starting application: '/Users/gv.vignesh/Downloads/WGR-Android-Automation/App Folder/app-debug-2.99.75.apk'

29-04-2025T11:58:34 - [MESSAGE][INFO] - User set preference: ['uiautomator2ServerInstallTimeout', '0']

29-04-2025T11:58:34 - [MESSAGE][INFO] - User set preference: ['deviceId', '']

29-04-2025T11:58:58 - [MESSAGE][PASSED] - Started application: '/Users/gv.vignesh/Downloads/WGR-Android-Automation/App Folder/app-debug-2.99.75.apk'

29-04-2025T11:58:58 - [TEST_STEP][PASSED] - delay(10): Delayed 10 second(s)

29-04-2025T11:59:08 - [MESSAGE][PASSED] - Delayed 10 second(s)

29-04-2025T11:59:08 - [TEST_STEP][PASSED] - tap(findTestObject("Object Repository/AddAccount/android.widget.Button - Login or Sign Up"), 0): Tapped on element 'Object Repository/AddAccount/android.widget.Button - Login or Sign Up'

29-04-2025T11:59:08 - [MESSAGE][WARNING] - Timeout '0' is invalid. Using default page load timeout: '30'

29-04-2025T11:59:09 - [MESSAGE][PASSED] - Tapped on element 'Object Repository/AddAccount/android.widget.Button - Login or Sign Up'

29-04-2025T11:59:09 - [TEST_STEP][PASSED] - delay(10): Delayed 10 second(s)

29-04-2025T11:59:19 - [MESSAGE][PASSED] - Delayed 10 second(s)

29-04-2025T11:59:19 - [TEST_STEP][PASSED] - setText(findTestObject("Object Repository/AddAccount/android.widget.EditText"), email, 0): Text 'SELENAWB@GMAIL.COM' has been set to element 'Object Repository/AddAccount/android.widget.EditText'

29-04-2025T11:59:19 - [MESSAGE][WARNING] - Timeout '0' is invalid. Using default page load timeout: '30'

29-04-2025T11:59:20 - [MESSAGE][PASSED] - Text 'SELENAWB@GMAIL.COM' has been set to element 'Object Repository/AddAccount/android.widget.EditText'

29-04-2025T11:59:20 - [TEST_STEP][PASSED] - hideKeyboard(): Keyboard is hidden

29-04-2025T11:59:23 - [MESSAGE][PASSED] - Keyboard is hidden

29-04-2025T11:59:23 - [TEST_STEP][PASSED] - delay(10): Delayed 10 second(s)

29-04-2025T11:59:33 - [MESSAGE][PASSED] - Delayed 10 second(s)

29-04-2025T11:59:33 - [TEST_STEP][PASSED] - tap(findTestObject("Object Repository/AddAccount/android.widget.Button - Next"), 0): Tapped on element 'Object Repository/AddAccount/android.widget.Button - Next'

29-04-2025T11:59:33 - [MESSAGE][WARNING] - Timeout '0' is invalid. Using default page load timeout: '30'

29-04-2025T11:59:34 - [MESSAGE][PASSED] - Tapped on element 'Object Repository/AddAccount/android.widget.Button - Next'

29-04-2025T11:59:34 - [TEST_STEP][PASSED] - delay(45): Delayed 45 second(s)

29-04-2025T12:00:19 - [MESSAGE][PASSED] - Delayed 45 second(s)

29-04-2025T12:00:19 - [TEST_STEP][PASSED] - setText(findTestObject("Object Repository/AddAccount/android.widget.EditText (1)"), email, 0): Text 'SELENAWB@GMAIL.COM' has been set to element 'Object Repository/AddAccount/android.widget.EditText (1)'

29-04-2025T12:00:19 - [MESSAGE][WARNING] - Timeout '0' is invalid. Using default page load timeout: '30'

29-04-2025T12:00:22 - [MESSAGE][PASSED] - Text 'SELENAWB@GMAIL.COM' has been set to element 'Object Repository/AddAccount/android.widget.EditText (1)'

29-04-2025T12:00:22 - [TEST_STEP][PASSED] - hideKeyboard(): Keyboard is hidden

29-04-2025T12:00:25 - [MESSAGE][PASSED] - Keyboard is hidden

29-04-2025T12:00:25 - [TEST_STEP][PASSED] - delay(10): Delayed 10 second(s)

29-04-2025T12:00:35 - [MESSAGE][PASSED] - Delayed 10 second(s)

29-04-2025T12:00:35 - [TEST_STEP][PASSED] - setText(findTestObject("Object Repository/AddAccount/android.widget.EditText (2)"), password, 0): Text 'password' has been set to element 'Object Repository/AddAccount/android.widget.EditText (2)'

29-04-2025T12:00:35 - [MESSAGE][WARNING] - Timeout '0' is invalid. Using default page load timeout: '30'

29-04-2025T12:00:36 - [MESSAGE][PASSED] - Text 'password' has been set to element 'Object Repository/AddAccount/android.widget.EditText (2)'

29-04-2025T12:00:36 - [TEST_STEP][PASSED] - hideKeyboard(): Keyboard is hidden

29-04-2025T12:00:39 - [MESSAGE][PASSED] - Keyboard is hidden

29-04-2025T12:00:39 - [TEST_STEP][PASSED] - delay(10): Delayed 10 second(s)

29-04-2025T12:00:49 - [MESSAGE][PASSED] - Delayed 10 second(s)

29-04-2025T12:00:49 - [TEST_STEP][PASSED] - tap(findTestObject("Object Repository/AddAccount/android.widget.Button - LOGIN"), 0): Tapped on element 'Object Repository/AddAccount/android.widget.Button - LOGIN'

29-04-2025T12:00:49 - [MESSAGE][WARNING] - Timeout '0' is invalid. Using default page load timeout: '30'

29-04-2025T12:00:49 - [MESSAGE][PASSED] - Tapped on element 'Object Repository/AddAccount/android.widget.Button - LOGIN'

29-04-2025T12:00:49 - [TEST_STEP][PASSED] - delay(20): Delayed 20 second(s)

29-04-2025T12:01:09 - [MESSAGE][PASSED] - Delayed 20 second(s)

29-04-2025T12:01:09 - [TEST_STEP][PASSED] - tap(findTestObject("Object Repository/AddAccount/android.view.View - My Account"), 0): Tapped on element 'Object Repository/AddAccount/android.view.View - My Account'

29-04-2025T12:01:09 - [MESSAGE][WARNING] - Timeout '0' is invalid. Using default page load timeout: '30'

29-04-2025T12:01:10 - [MESSAGE][PASSED] - Tapped on element 'Object Repository/AddAccount/android.view.View - My Account'

29-04-2025T12:01:10 - [TEST_STEP][PASSED] - delay(10): Delayed 10 second(s)

29-04-2025T12:01:20 - [MESSAGE][PASSED] - Delayed 10 second(s)

29-04-2025T12:01:20 - [TEST_STEP][PASSED] - tap(findTestObject("Object Repository/AddAccount/android.widget.TextView - Add An Account Number"), 0): Tapped on element 'Object Repository/AddAccount/android.widget.TextView - Add An Account Number'

29-04-2025T12:01:20 - [MESSAGE][WARNING] - Timeout '0' is invalid. Using default page load timeout: '30'

29-04-2025T12:01:21 - [MESSAGE][PASSED] - Tapped on element 'Object Repository/AddAccount/android.widget.TextView - Add An Account Number'

29-04-2025T12:01:21 - [TEST_STEP][PASSED] - delay(10): Delayed 10 second(s)

29-04-2025T12:01:31 - [MESSAGE][PASSED] - Delayed 10 second(s)

29-04-2025T12:01:31 - [TEST_STEP][PASSED] - setText(findTestObject("Object Repository/AddAccount/android.widget.EditText (3)"), accountNumber, 0): Text '26713899727' has been set to element 'Object Repository/AddAccount/android.widget.EditText (3)'

29-04-2025T12:01:31 - [MESSAGE][WARNING] - Timeout '0' is invalid. Using default page load timeout: '30'

29-04-2025T12:01:31 - [MESSAGE][PASSED] - Text '26713899727' has been set to element 'Object Repository/AddAccount/android.widget.EditText (3)'

29-04-2025T12:01:31 - [TEST_STEP][PASSED] - delay(10): Delayed 10 second(s)

29-04-2025T12:01:42 - [MESSAGE][PASSED] - Delayed 10 second(s)

29-04-2025T12:01:42 - [TEST_STEP][PASSED] - tap(findTestObject("Object Repository/AddAccount/android.widget.Button - Next (1)"), 0): Tapped on element 'Object Repository/AddAccount/android.widget.Button - Next (1)'

29-04-2025T12:01:42 - [MESSAGE][WARNING] - Timeout '0' is invalid. Using default page load timeout: '30'

29-04-2025T12:01:42 - [MESSAGE][PASSED] - Tapped on element 'Object Repository/AddAccount/android.widget.Button - Next (1)'

29-04-2025T12:01:42 - [TEST_STEP][PASSED] - delay(10): Delayed 10 second(s)

29-04-2025T12:01:52 - [MESSAGE][PASSED] - Delayed 10 second(s)

29-04-2025T12:01:52 - [TEST_STEP][PASSED] - try: Delayed 3 second(s)

29-04-2025T12:01:52 - [TEST_STEP][PASSED] - verifyElementExist(findTestObject("Object Repository/AddAccount/android.widget.TextView - Date of Birth"), 0): Element 'Object Repository/AddAccount/android.widget.TextView - Date of Birth' is exist

29-04-2025T12:01:52 - [MESSAGE][WARNING] - Timeout '0' is invalid. Using default page load timeout: '30'

29-04-2025T12:01:53 - [MESSAGE][PASSED] - Element 'Object Repository/AddAccount/android.widget.TextView - Date of Birth' is exist

29-04-2025T12:01:53 - [TEST_STEP][PASSED] - delay(3): Delayed 3 second(s)

29-04-2025T12:01:56 - [MESSAGE][PASSED] - Delayed 3 second(s)

29-04-2025T12:01:56 - [TEST_STEP][PASSED] - verifyElementExist(findTestObject("Object Repository/AddAccount/android.widget.EditText (4)"), 0): Element 'Object Repository/AddAccount/android.widget.EditText (4)' is exist

29-04-2025T12:01:56 - [MESSAGE][WARNING] - Timeout '0' is invalid. Using default page load timeout: '30'

29-04-2025T12:01:56 - [MESSAGE][PASSED] - Element 'Object Repository/AddAccount/android.widget.EditText (4)' is exist

29-04-2025T12:01:56 - [TEST_STEP][PASSED] - delay(3): Delayed 3 second(s)

29-04-2025T12:01:59 - [MESSAGE][PASSED] - Delayed 3 second(s)

29-04-2025T12:01:59 - [TEST_STEP][PASSED] - tap(findTestObject("Object Repository/AddAccount/android.widget.Image"), 0): Tapped on element 'Object Repository/AddAccount/android.widget.Image'

29-04-2025T12:01:59 - [MESSAGE][WARNING] - Timeout '0' is invalid. Using default page load timeout: '30'

29-04-2025T12:01:59 - [MESSAGE][PASSED] - Tapped on element 'Object Repository/AddAccount/android.widget.Image'

29-04-2025T12:01:59 - [TEST_STEP][PASSED] - delay(10): Delayed 10 second(s)

29-04-2025T12:02:09 - [MESSAGE][PASSED] - Delayed 10 second(s)

29-04-2025T12:02:09 - [TEST_STEP][PASSED] - tap(findTestObject("Object Repository/AddAccount/android.widget.Button - Previous month"), 0): Tapped on element 'Object Repository/AddAccount/android.widget.Button - Previous month'

29-04-2025T12:02:09 - [MESSAGE][WARNING] - Timeout '0' is invalid. Using default page load timeout: '30'

29-04-2025T12:02:10 - [MESSAGE][PASSED] - Tapped on element 'Object Repository/AddAccount/android.widget.Button - Previous month'

29-04-2025T12:02:10 - [TEST_STEP][PASSED] - delay(10): Delayed 10 second(s)

29-04-2025T12:02:20 - [MESSAGE][PASSED] - Delayed 10 second(s)

29-04-2025T12:02:20 - [TEST_STEP][PASSED] - tap(findTestObject("Object Repository/AddAccount/android.widget.Button - Next month"), 0): Tapped on element 'Object Repository/AddAccount/android.widget.Button - Next month'

29-04-2025T12:02:20 - [MESSAGE][WARNING] - Timeout '0' is invalid. Using default page load timeout: '30'

29-04-2025T12:02:21 - [MESSAGE][PASSED] - Tapped on element 'Object Repository/AddAccount/android.widget.Button - Next month'

29-04-2025T12:02:21 - [TEST_STEP][PASSED] - delay(10): Delayed 10 second(s)

29-04-2025T12:02:31 - [MESSAGE][PASSED] - Delayed 10 second(s)

29-04-2025T12:02:31 - [TEST_STEP][PASSED] - tap(findTestObject("Object Repository/AddAccount/android.view.View"), 0): Tapped on element 'Object Repository/AddAccount/android.view.View'

29-04-2025T12:02:31 - [MESSAGE][WARNING] - Timeout '0' is invalid. Using default page load timeout: '30'

29-04-2025T12:02:31 - [MESSAGE][PASSED] - Tapped on element 'Object Repository/AddAccount/android.view.View'

29-04-2025T12:02:31 - [TEST_STEP][PASSED] - delay(10): Delayed 10 second(s)

29-04-2025T12:02:41 - [MESSAGE][PASSED] - Delayed 10 second(s)

29-04-2025T12:02:41 - [TEST_STEP][PASSED] - tap(findTestObject("Object Repository/AddAccount/android.widget.Image"), 0): Tapped on element 'Object Repository/AddAccount/android.widget.Image'

29-04-2025T12:02:41 - [MESSAGE][WARNING] - Timeout '0' is invalid. Using default page load timeout: '30'

29-04-2025T12:02:42 - [MESSAGE][PASSED] - Tapped on element 'Object Repository/AddAccount/android.widget.Image'

29-04-2025T12:02:42 - [TEST_STEP][PASSED] - delay(10): Delayed 10 second(s)

29-04-2025T12:02:52 - [MESSAGE][PASSED] - Delayed 10 second(s)

29-04-2025T12:02:52 - [TEST_STEP][PASSED] - tap(findTestObject("Object Repository/AddAccount/android.view.View"), 0): Tapped on element 'Object Repository/AddAccount/android.view.View'

29-04-2025T12:02:52 - [MESSAGE][WARNING] - Timeout '0' is invalid. Using default page load timeout: '30'

29-04-2025T12:02:53 - [MESSAGE][PASSED] - Tapped on element 'Object Repository/AddAccount/android.view.View'

29-04-2025T12:02:53 - [TEST_STEP][PASSED] - delay(10): Delayed 10 second(s)

29-04-2025T12:03:03 - [MESSAGE][PASSED] - Delayed 10 second(s)

29-04-2025T12:03:03 - [TEST_STEP][PASSED] - closeApplication(): Close app successfully

29-04-2025T12:03:09 - [MESSAGE][INFO] - The process with PID 4,380 wasnt terminated, error: {1}

29-04-2025T12:03:09 - [MESSAGE][PASSED] - Close app successfully]]></system-out>
         <system-err><![CDATA[]]></system-err>
      </testcase>
      <testcase name="Test Cases/Add Account Number/C701_C702_AddAccountNumber_Verify_Incorrect_Account_Number" time="249.516" classname="Test Cases/Add Account Number/C701_C702_AddAccountNumber_Verify_Incorrect_Account_Number" status="PASSED">
         <system-out><![CDATA[29-04-2025T12:03:09 - [TEST_CASE][PASSED] - Test Cases/Add Account Number/C701_C702_AddAccountNumber_Verify_Incorrect_Account_Number: Test Cases/Add Account Number/C701_C702_AddAccountNumber_Verify_Incorrect_Account_Number

29-04-2025T12:03:09 - [TEST_STEP][PASSED] - startApplication("/Users/gv.vignesh/Downloads/app-debug-Version 2.99.68.apk", true): Started application: '/Users/gv.vignesh/Downloads/app-debug-Version 2.99.68.apk'

29-04-2025T12:03:09 - [MESSAGE][INFO] - Starting application: '/Users/gv.vignesh/Downloads/app-debug-Version 2.99.68.apk'

29-04-2025T12:03:09 - [MESSAGE][INFO] - User set preference: ['uiautomator2ServerInstallTimeout', '0']

29-04-2025T12:03:09 - [MESSAGE][INFO] - User set preference: ['deviceId', '']

29-04-2025T12:03:09 - [MESSAGE][INFO] - Detected NodeJS location: "/opt/homebrew/Cellar/node/23.10.0_1/bin/node"

29-04-2025T12:03:09 - [MESSAGE][INFO] - PATH: /opt/homebrew/Cellar/node/23.10.0_1/bin:/opt/homebrew/bin:/usr/bin:/bin:/usr/sbin:/sbin:/Applications/Katalon Studio Enterprise.app/Contents/Eclipse/jre/Contents/Home/bin:/usr/local/bin/

29-04-2025T12:03:09 - [MESSAGE][INFO] - APPIUM_HOME: /Users/gv.vignesh/.appium

29-04-2025T12:03:09 - [MESSAGE][INFO] - appium outlog: /Users/gv.vignesh/Downloads/WGR-Android-Automation/Reports/20250429_104944/Android Regression/20250429_104944/appium.log

29-04-2025T12:03:09 - [MESSAGE][INFO] - appium errlog: /Users/gv.vignesh/Downloads/WGR-Android-Automation/Reports/20250429_104944/Android Regression/20250429_104944/appium_error.log

29-04-2025T12:03:11 - [MESSAGE][INFO] - Appium server started on port 58,960

29-04-2025T12:03:33 - [MESSAGE][PASSED] - Started application: '/Users/gv.vignesh/Downloads/app-debug-Version 2.99.68.apk'

29-04-2025T12:03:33 - [TEST_STEP][PASSED] - delay(10): Delayed 10 second(s)

29-04-2025T12:03:43 - [MESSAGE][PASSED] - Delayed 10 second(s)

29-04-2025T12:03:43 - [TEST_STEP][PASSED] - tap(findTestObject("Object Repository/C701-C702/android.widget.Button - Login or Sign Up"), 0): Tapped on element 'Object Repository/C701-C702/android.widget.Button - Login or Sign Up'

29-04-2025T12:03:43 - [MESSAGE][WARNING] - Timeout '0' is invalid. Using default page load timeout: '30'

29-04-2025T12:03:44 - [MESSAGE][PASSED] - Tapped on element 'Object Repository/C701-C702/android.widget.Button - Login or Sign Up'

29-04-2025T12:03:44 - [TEST_STEP][PASSED] - delay(10): Delayed 10 second(s)

29-04-2025T12:03:54 - [MESSAGE][PASSED] - Delayed 10 second(s)

29-04-2025T12:03:54 - [TEST_STEP][PASSED] - setText(findTestObject("Object Repository/C701-C702/android.widget.EditText"), "0425201TM@WG.COM", 0): Text '0425201TM@WG.COM' has been set to element 'Object Repository/C701-C702/android.widget.EditText'

29-04-2025T12:03:54 - [MESSAGE][WARNING] - Timeout '0' is invalid. Using default page load timeout: '30'

29-04-2025T12:03:56 - [MESSAGE][PASSED] - Text '0425201TM@WG.COM' has been set to element 'Object Repository/C701-C702/android.widget.EditText'

29-04-2025T12:03:56 - [TEST_STEP][PASSED] - hideKeyboard(): Keyboard is hidden

29-04-2025T12:03:58 - [MESSAGE][PASSED] - Keyboard is hidden

29-04-2025T12:03:58 - [TEST_STEP][PASSED] - delay(10): Delayed 10 second(s)

29-04-2025T12:04:08 - [MESSAGE][PASSED] - Delayed 10 second(s)

29-04-2025T12:04:08 - [TEST_STEP][PASSED] - tap(findTestObject("Object Repository/C701-C702/android.widget.Button - Next"), 0): Tapped on element 'Object Repository/C701-C702/android.widget.Button - Next'

29-04-2025T12:04:08 - [MESSAGE][WARNING] - Timeout '0' is invalid. Using default page load timeout: '30'

29-04-2025T12:04:09 - [MESSAGE][PASSED] - Tapped on element 'Object Repository/C701-C702/android.widget.Button - Next'

29-04-2025T12:04:09 - [TEST_STEP][PASSED] - delay(40): Delayed 40 second(s)

29-04-2025T12:04:49 - [MESSAGE][PASSED] - Delayed 40 second(s)

29-04-2025T12:04:49 - [TEST_STEP][PASSED] - setText(findTestObject("Object Repository/C701-C702/android.widget.EditText (1)"), "0425201TM@WG.COM", 0): Text '0425201TM@WG.COM' has been set to element 'Object Repository/C701-C702/android.widget.EditText (1)'

29-04-2025T12:04:49 - [MESSAGE][WARNING] - Timeout '0' is invalid. Using default page load timeout: '30'

29-04-2025T12:04:50 - [MESSAGE][PASSED] - Text '0425201TM@WG.COM' has been set to element 'Object Repository/C701-C702/android.widget.EditText (1)'

29-04-2025T12:04:50 - [TEST_STEP][PASSED] - hideKeyboard(): Keyboard is hidden

29-04-2025T12:04:53 - [MESSAGE][PASSED] - Keyboard is hidden

29-04-2025T12:04:53 - [TEST_STEP][PASSED] - delay(10): Delayed 10 second(s)

29-04-2025T12:05:03 - [MESSAGE][PASSED] - Delayed 10 second(s)

29-04-2025T12:05:03 - [TEST_STEP][PASSED] - setText(findTestObject("Object Repository/C701-C702/android.widget.EditText (2)"), "password", 0): Text 'password' has been set to element 'Object Repository/C701-C702/android.widget.EditText (2)'

29-04-2025T12:05:03 - [MESSAGE][WARNING] - Timeout '0' is invalid. Using default page load timeout: '30'

29-04-2025T12:05:03 - [MESSAGE][PASSED] - Text 'password' has been set to element 'Object Repository/C701-C702/android.widget.EditText (2)'

29-04-2025T12:05:03 - [TEST_STEP][PASSED] - hideKeyboard(): Keyboard is hidden

29-04-2025T12:05:06 - [MESSAGE][PASSED] - Keyboard is hidden

29-04-2025T12:05:06 - [TEST_STEP][PASSED] - delay(10): Delayed 10 second(s)

29-04-2025T12:05:16 - [MESSAGE][PASSED] - Delayed 10 second(s)

29-04-2025T12:05:16 - [TEST_STEP][PASSED] - tap(findTestObject("Object Repository/C701-C702/android.widget.Button - LOGIN"), 0): Tapped on element 'Object Repository/C701-C702/android.widget.Button - LOGIN'

29-04-2025T12:05:16 - [MESSAGE][WARNING] - Timeout '0' is invalid. Using default page load timeout: '30'

29-04-2025T12:05:16 - [MESSAGE][PASSED] - Tapped on element 'Object Repository/C701-C702/android.widget.Button - LOGIN'

29-04-2025T12:05:16 - [TEST_STEP][PASSED] - delay(10): Delayed 10 second(s)

29-04-2025T12:05:26 - [MESSAGE][PASSED] - Delayed 10 second(s)

29-04-2025T12:05:26 - [TEST_STEP][PASSED] - tap(findTestObject("Object Repository/C701-C702/android.widget.TextView - My Account"), 0): Tapped on element 'Object Repository/C701-C702/android.widget.TextView - My Account'

29-04-2025T12:05:26 - [MESSAGE][WARNING] - Timeout '0' is invalid. Using default page load timeout: '30'

29-04-2025T12:05:27 - [MESSAGE][PASSED] - Tapped on element 'Object Repository/C701-C702/android.widget.TextView - My Account'

29-04-2025T12:05:27 - [TEST_STEP][PASSED] - delay(10): Delayed 10 second(s)

29-04-2025T12:05:37 - [MESSAGE][PASSED] - Delayed 10 second(s)

29-04-2025T12:05:37 - [TEST_STEP][PASSED] - tap(findTestObject("Object Repository/C701-C702/android.widget.TextView - Add An Account Number"), 0): Tapped on element 'Object Repository/C701-C702/android.widget.TextView - Add An Account Number'

29-04-2025T12:05:37 - [MESSAGE][WARNING] - Timeout '0' is invalid. Using default page load timeout: '30'

29-04-2025T12:05:37 - [MESSAGE][PASSED] - Tapped on element 'Object Repository/C701-C702/android.widget.TextView - Add An Account Number'

29-04-2025T12:05:37 - [TEST_STEP][PASSED] - delay(10): Delayed 10 second(s)

29-04-2025T12:05:47 - [MESSAGE][PASSED] - Delayed 10 second(s)

29-04-2025T12:05:47 - [TEST_STEP][PASSED] - setText(findTestObject("Object Repository/C701-C702/android.widget.EditText (3)"), "123", 0): Text '123' has been set to element 'Object Repository/C701-C702/android.widget.EditText (3)'

29-04-2025T12:05:47 - [MESSAGE][WARNING] - Timeout '0' is invalid. Using default page load timeout: '30'

29-04-2025T12:05:49 - [MESSAGE][PASSED] - Text '123' has been set to element 'Object Repository/C701-C702/android.widget.EditText (3)'

29-04-2025T12:05:49 - [TEST_STEP][PASSED] - delay(10): Delayed 10 second(s)

29-04-2025T12:05:59 - [MESSAGE][PASSED] - Delayed 10 second(s)

29-04-2025T12:05:59 - [TEST_STEP][PASSED] - assert verifyElementExist(findTestObject("Object Repository/C701-C702/android.widget.TextView -  Account number should be 7-11 digits"), 0): Element 'Object Repository/C701-C702/android.widget.TextView -  Account number should be 7-11 digits' is exist

29-04-2025T12:05:59 - [MESSAGE][WARNING] - Timeout '0' is invalid. Using default page load timeout: '30'

29-04-2025T12:05:59 - [MESSAGE][PASSED] - Element 'Object Repository/C701-C702/android.widget.TextView -  Account number should be 7-11 digits' is exist

29-04-2025T12:05:59 - [TEST_STEP][PASSED] - tap(findTestObject("Object Repository/C701-C702/android.widget.Button - reset"), 0): Tapped on element 'Object Repository/C701-C702/android.widget.Button - reset'

29-04-2025T12:05:59 - [MESSAGE][WARNING] - Timeout '0' is invalid. Using default page load timeout: '30'

29-04-2025T12:06:00 - [MESSAGE][PASSED] - Tapped on element 'Object Repository/C701-C702/android.widget.Button - reset'

29-04-2025T12:06:00 - [TEST_STEP][PASSED] - delay(10): Delayed 10 second(s)

29-04-2025T12:06:10 - [MESSAGE][PASSED] - Delayed 10 second(s)

29-04-2025T12:06:10 - [TEST_STEP][PASSED] - setText(findTestObject("Object Repository/C701-C702/android.widget.EditText (4)"), "123456789012", 0): Text '123456789012' has been set to element 'Object Repository/C701-C702/android.widget.EditText (4)'

29-04-2025T12:06:10 - [MESSAGE][WARNING] - Timeout '0' is invalid. Using default page load timeout: '30'

29-04-2025T12:06:10 - [MESSAGE][PASSED] - Text '123456789012' has been set to element 'Object Repository/C701-C702/android.widget.EditText (4)'

29-04-2025T12:06:10 - [TEST_STEP][PASSED] - delay(10): Delayed 10 second(s)

29-04-2025T12:06:20 - [MESSAGE][PASSED] - Delayed 10 second(s)

29-04-2025T12:06:20 - [TEST_STEP][PASSED] - assert verifyElementExist(findTestObject("Object Repository/C701-C702/android.widget.TextView -  Account number should be 7-11 digits"), 0): Element 'Object Repository/C701-C702/android.widget.TextView -  Account number should be 7-11 digits' is exist

29-04-2025T12:06:20 - [MESSAGE][WARNING] - Timeout '0' is invalid. Using default page load timeout: '30'

29-04-2025T12:06:21 - [MESSAGE][PASSED] - Element 'Object Repository/C701-C702/android.widget.TextView -  Account number should be 7-11 digits' is exist

29-04-2025T12:06:21 - [TEST_STEP][PASSED] - delay(10): Delayed 10 second(s)

29-04-2025T12:06:31 - [MESSAGE][PASSED] - Delayed 10 second(s)

29-04-2025T12:06:31 - [TEST_STEP][PASSED] - tap(findTestObject("Object Repository/C701-C702/android.widget.Button - back"), 0): Tapped on element 'Object Repository/C701-C702/android.widget.Button - back'

29-04-2025T12:06:31 - [MESSAGE][WARNING] - Timeout '0' is invalid. Using default page load timeout: '30'

29-04-2025T12:06:31 - [MESSAGE][PASSED] - Tapped on element 'Object Repository/C701-C702/android.widget.Button - back'

29-04-2025T12:06:31 - [TEST_STEP][PASSED] - delay(10): Delayed 10 second(s)

29-04-2025T12:06:41 - [MESSAGE][PASSED] - Delayed 10 second(s)

29-04-2025T12:06:41 - [TEST_STEP][PASSED] - tap(findTestObject("Object Repository/C701-C702/android.widget.TextView - Add An Account Number"), 0): Tapped on element 'Object Repository/C701-C702/android.widget.TextView - Add An Account Number'

29-04-2025T12:06:41 - [MESSAGE][WARNING] - Timeout '0' is invalid. Using default page load timeout: '30'

29-04-2025T12:06:43 - [MESSAGE][PASSED] - Tapped on element 'Object Repository/C701-C702/android.widget.TextView - Add An Account Number'

29-04-2025T12:06:43 - [TEST_STEP][PASSED] - delay(10): Delayed 10 second(s)

29-04-2025T12:06:53 - [MESSAGE][PASSED] - Delayed 10 second(s)

29-04-2025T12:06:53 - [TEST_STEP][PASSED] - setText(findTestObject("Object Repository/C701-C702/android.widget.EditText (5)"), "45634725", 0): Text '45634725' has been set to element 'Object Repository/C701-C702/android.widget.EditText (5)'

29-04-2025T12:06:53 - [MESSAGE][WARNING] - Timeout '0' is invalid. Using default page load timeout: '30'

29-04-2025T12:06:55 - [MESSAGE][PASSED] - Text '45634725' has been set to element 'Object Repository/C701-C702/android.widget.EditText (5)'

29-04-2025T12:06:55 - [TEST_STEP][PASSED] - delay(10): Delayed 10 second(s)

29-04-2025T12:07:05 - [MESSAGE][PASSED] - Delayed 10 second(s)

29-04-2025T12:07:05 - [TEST_STEP][PASSED] - tap(findTestObject("Object Repository/C701-C702/android.widget.Button - Next (1)"), 0): Tapped on element 'Object Repository/C701-C702/android.widget.Button - Next (1)'

29-04-2025T12:07:05 - [MESSAGE][WARNING] - Timeout '0' is invalid. Using default page load timeout: '30'

29-04-2025T12:07:05 - [MESSAGE][PASSED] - Tapped on element 'Object Repository/C701-C702/android.widget.Button - Next (1)'

29-04-2025T12:07:05 - [TEST_STEP][PASSED] - delay(10): Delayed 10 second(s)

29-04-2025T12:07:15 - [MESSAGE][PASSED] - Delayed 10 second(s)

29-04-2025T12:07:15 - [TEST_STEP][PASSED] - assert verifyElementExist(findTestObject("Object Repository/C701-C702/android.widget.TextView - Error"), 0): Element 'Object Repository/C701-C702/android.widget.TextView - Error' is exist

29-04-2025T12:07:15 - [MESSAGE][WARNING] - Timeout '0' is invalid. Using default page load timeout: '30'

29-04-2025T12:07:15 - [MESSAGE][PASSED] - Element 'Object Repository/C701-C702/android.widget.TextView - Error' is exist

29-04-2025T12:07:15 - [TEST_STEP][PASSED] - assert verifyElementExist(findTestObject("Object Repository/C701-C702/android.widget.TextView - Your account number could not be found. Please try again"), 0): Element 'Object Repository/C701-C702/android.widget.TextView - Your account number could not be found. Please try again' is exist

29-04-2025T12:07:15 - [MESSAGE][WARNING] - Timeout '0' is invalid. Using default page load timeout: '30'

29-04-2025T12:07:15 - [MESSAGE][PASSED] - Element 'Object Repository/C701-C702/android.widget.TextView - Your account number could not be found. Please try again' is exist

29-04-2025T12:07:15 - [TEST_STEP][PASSED] - assert verifyElementExist(findTestObject("Object Repository/C701-C702/android.widget.Button - Try Again"), 0): Element 'Object Repository/C701-C702/android.widget.Button - Try Again' is exist

29-04-2025T12:07:15 - [MESSAGE][WARNING] - Timeout '0' is invalid. Using default page load timeout: '30'

29-04-2025T12:07:16 - [MESSAGE][PASSED] - Element 'Object Repository/C701-C702/android.widget.Button - Try Again' is exist

29-04-2025T12:07:16 - [TEST_STEP][PASSED] - closeApplication(): Close app successfully

29-04-2025T12:07:19 - [MESSAGE][PASSED] - Close app successfully]]></system-out>
         <system-err><![CDATA[]]></system-err>
      </testcase>
      <testcase name="Test Cases/Add Account Number/WRMA-187_Add_Account_Number_Guest mode" time="78.127" classname="Test Cases/Add Account Number/WRMA-187_Add_Account_Number_Guest mode" status="FAILED">
         <failure type="FAILED" message="Test Cases/Add Account Number/WRMA-187_Add_Account_Number_Guest mode FAILED.&#xa;Reason:&#xa;com.kms.katalon.core.exception.StepFailedException: Unable to scroll to text 'recommended'&#xa;	at com.kms.katalon.core.mobile.keyword.internal.MobileKeywordMain.stepFailed(MobileKeywordMain.groovy:64)&#xa;	at com.kms.katalon.core.mobile.keyword.internal.MobileKeywordMain.runKeyword(MobileKeywordMain.groovy:34)&#xa;	at com.kms.katalon.core.mobile.keyword.internal.MobileKeywordMain$runKeyword.call(Unknown Source)&#xa;	at com.kms.katalon.core.mobile.keyword.builtin.ScrollToTextKeyword.scrollToText(ScrollToTextKeyword.groovy:80)&#xa;	at com.kms.katalon.core.mobile.keyword.builtin.ScrollToTextKeyword.execute(ScrollToTextKeyword.groovy:38)&#xa;	at com.kms.katalon.core.keyword.internal.KeywordExecutor.executeKeywordForPlatform(KeywordExecutor.groovy:74)&#xa;	at com.kms.katalon.core.mobile.keyword.MobileBuiltInKeywords.scrollToText(MobileBuiltInKeywords.groovy:1969)&#xa;	at WRMA-187_Add_Account_Number_Guest mode.run(WRMA-187_Add_Account_Number_Guest mode:42)&#xa;	at com.kms.katalon.core.main.ScriptEngine.run(ScriptEngine.java:194)&#xa;	at com.kms.katalon.core.main.ScriptEngine.runScriptAsRawText(ScriptEngine.java:119)&#xa;	at com.kms.katalon.core.main.TestCaseExecutor.runScript(TestCaseExecutor.java:448)&#xa;	at com.kms.katalon.core.main.TestCaseExecutor.doExecute(TestCaseExecutor.java:439)&#xa;	at com.kms.katalon.core.main.TestCaseExecutor.processExecutionPhase(TestCaseExecutor.java:418)&#xa;	at com.kms.katalon.core.main.TestCaseExecutor.accessMainPhase(TestCaseExecutor.java:410)&#xa;	at com.kms.katalon.core.main.TestCaseExecutor.execute(TestCaseExecutor.java:285)&#xa;	at com.kms.katalon.core.common.CommonExecutor.accessTestCaseMainPhase(CommonExecutor.java:71)&#xa;	at com.kms.katalon.core.main.TestSuiteExecutor.accessTestSuiteMainPhase(TestSuiteExecutor.java:160)&#xa;	at com.kms.katalon.core.main.TestSuiteExecutor.execute(TestSuiteExecutor.java:107)&#xa;	at com.kms.katalon.core.main.TestCaseMain.startTestSuite(TestCaseMain.java:180)&#xa;	at TempTestSuite1745903984460.run(TempTestSuite1745903984460.groovy:35)&#xa;	at java.base/jdk.internal.reflect.NativeMethodAccessorImpl.invoke0(Native Method)&#xa;	at java.base/jdk.internal.reflect.NativeMethodAccessorImpl.invoke(NativeMethodAccessorImpl.java:77)&#xa;	at java.base/jdk.internal.reflect.DelegatingMethodAccessorImpl.invoke(DelegatingMethodAccessorImpl.java:43)&#xa;Caused by: org.openqa.selenium.NoSuchElementException: An element could not be located on the page using the given search parameters.&#xa;For documentation on this error, please visit: https://www.selenium.dev/documentation/webdriver/troubleshooting/errors#no-such-element-exception&#xa;Build info: version: '4.22.0', revision: 'c5f3146703'&#xa;System info: os.name: 'Mac OS X', os.arch: 'aarch64', os.version: '15.4.1', java.version: '17.0.14'&#xa;Driver info: io.appium.java_client.android.AndroidDriver&#xa;Command: [7beb0f6f-2ccc-48b5-9a5e-a72c4c167c33, findElement {using=-android uiautomator, value=new UiScrollable(new UiSelector().scrollable(true).instance(0)).scrollIntoView(new UiSelector().textContains(&quot;recommended&quot;))}]&#xa;Capabilities {appium:app: /Users/gv.vignesh/Downloads..., appium:appActivity: westgate_xamarin.android.Ma..., appium:appPackage: westgate_xamarin.android.debug, appium:autoGrantPermissions: true, appium:automationName: uiautomator2, appium:databaseEnabled: false, appium:desired: {app: /Users/gv.vignesh/Downloads..., autoGrantPermissions: true, automationName: uiautomator2, deviceId: , deviceName: Xiaomi 23076PC4BI (Android 15), fullReset: true, newCommandTimeout: 1800, noReset: false, platformName: ANDROID, platformVersion: 15, systemPort: 59281, udid: a6e538dc5180, uiautomator2ServerInstallTimeout: 0}, appium:deviceApiLevel: 35, appium:deviceId: , appium:deviceManufacturer: Xiaomi, appium:deviceModel: 23076PC4BI, appium:deviceName: a6e538dc5180, appium:deviceScreenDensity: 440, appium:deviceScreenSize: 1080x2460, appium:deviceUDID: a6e538dc5180, appium:fullReset: true, appium:javascriptEnabled: true, appium:locationContextEnabled: false, appium:networkConnectionEnabled: true, appium:newCommandTimeout: 1800, appium:noReset: false, appium:pixelRatio: 2.75, appium:platformVersion: 15, appium:statBarHeight: 104, appium:systemPort: 59281, appium:takesScreenshot: true, appium:udid: a6e538dc5180, appium:uiautomator2ServerInstallTimeout: 0, appium:viewportRect: {height: 2356, left: 0, top: 104, width: 1080}, appium:warnings: {}, appium:webStorageEnabled: false, platformName: ANDROID}&#xa;Session ID: 7beb0f6f-2ccc-48b5-9a5e-a72c4c167c33&#xa;	at java.base/jdk.internal.reflect.NativeConstructorAccessorImpl.newInstance0(Native Method)&#xa;	at java.base/jdk.internal.reflect.NativeConstructorAccessorImpl.newInstance(NativeConstructorAccessorImpl.java:77)&#xa;	at java.base/jdk.internal.reflect.DelegatingConstructorAccessorImpl.newInstance(DelegatingConstructorAccessorImpl.java:45)&#xa;	at org.openqa.selenium.remote.ErrorCodec.decode(ErrorCodec.java:167)&#xa;	at org.openqa.selenium.remote.codec.w3c.W3CHttpResponseCodec.decode(W3CHttpResponseCodec.java:138)&#xa;	at org.openqa.selenium.remote.codec.w3c.W3CHttpResponseCodec.decode(W3CHttpResponseCodec.java:50)&#xa;	at org.openqa.selenium.remote.HttpCommandExecutor.execute(HttpCommandExecutor.java:190)&#xa;	at io.appium.java_client.remote.AppiumCommandExecutor.execute(AppiumCommandExecutor.java:237)&#xa;	at org.openqa.selenium.remote.RemoteWebDriver.execute(RemoteWebDriver.java:518)&#xa;	at org.openqa.selenium.remote.ElementLocation$ElementFinder$2.findElement(ElementLocation.java:165)&#xa;	at org.openqa.selenium.remote.ElementLocation.findElement(ElementLocation.java:66)&#xa;	at org.openqa.selenium.remote.RemoteWebDriver.findElement(RemoteWebDriver.java:355)&#xa;	at org.openqa.selenium.remote.RemoteWebDriver.findElement(RemoteWebDriver.java:349)&#xa;	at org.openqa.selenium.WebDriver$findElement$0.call(Unknown Source)&#xa;	at com.kms.katalon.core.mobile.keyword.builtin.ScrollToTextKeyword$_scrollToText_closure1.doCall(ScrollToTextKeyword.groovy:59)&#xa;	at com.kms.katalon.core.mobile.keyword.builtin.ScrollToTextKeyword$_scrollToText_closure1.doCall(ScrollToTextKeyword.groovy)&#xa;	at java.base/jdk.internal.reflect.NativeMethodAccessorImpl.invoke0(Native Method)&#xa;	at java.base/jdk.internal.reflect.NativeMethodAccessorImpl.invoke(NativeMethodAccessorImpl.java:77)&#xa;	at java.base/jdk.internal.reflect.DelegatingMethodAccessorImpl.invoke(DelegatingMethodAccessorImpl.java:43)&#xa;	at com.kms.katalon.core.mobile.keyword.internal.MobileKeywordMain.runKeyword(MobileKeywordMain.groovy:30)&#xa;	... 21 more&#xa;"/>
         <system-out><![CDATA[29-04-2025T12:07:19 - [TEST_CASE][FAILED] - Test Cases/Add Account Number/WRMA-187_Add_Account_Number_Guest mode: Test Cases/Add Account Number/WRMA-187_Add_Account_Number_Guest mode FAILED.
Reason:
com.kms.katalon.core.exception.StepFailedException: Unable to scroll to text 'recommended'
	at com.kms.katalon.core.mobile.keyword.internal.MobileKeywordMain.stepFailed(MobileKeywordMain.groovy:64)
	at com.kms.katalon.core.mobile.keyword.internal.MobileKeywordMain.runKeyword(MobileKeywordMain.groovy:34)
	at com.kms.katalon.core.mobile.keyword.internal.MobileKeywordMain$runKeyword.call(Unknown Source)
	at com.kms.katalon.core.mobile.keyword.builtin.ScrollToTextKeyword.scrollToText(ScrollToTextKeyword.groovy:80)
	at com.kms.katalon.core.mobile.keyword.builtin.ScrollToTextKeyword.execute(ScrollToTextKeyword.groovy:38)
	at com.kms.katalon.core.keyword.internal.KeywordExecutor.executeKeywordForPlatform(KeywordExecutor.groovy:74)
	at com.kms.katalon.core.mobile.keyword.MobileBuiltInKeywords.scrollToText(MobileBuiltInKeywords.groovy:1969)
	at WRMA-187_Add_Account_Number_Guest mode.run(WRMA-187_Add_Account_Number_Guest mode:42)
	at com.kms.katalon.core.main.ScriptEngine.run(ScriptEngine.java:194)
	at com.kms.katalon.core.main.ScriptEngine.runScriptAsRawText(ScriptEngine.java:119)
	at com.kms.katalon.core.main.TestCaseExecutor.runScript(TestCaseExecutor.java:448)
	at com.kms.katalon.core.main.TestCaseExecutor.doExecute(TestCaseExecutor.java:439)
	at com.kms.katalon.core.main.TestCaseExecutor.processExecutionPhase(TestCaseExecutor.java:418)
	at com.kms.katalon.core.main.TestCaseExecutor.accessMainPhase(TestCaseExecutor.java:410)
	at com.kms.katalon.core.main.TestCaseExecutor.execute(TestCaseExecutor.java:285)
	at com.kms.katalon.core.common.CommonExecutor.accessTestCaseMainPhase(CommonExecutor.java:71)
	at com.kms.katalon.core.main.TestSuiteExecutor.accessTestSuiteMainPhase(TestSuiteExecutor.java:160)
	at com.kms.katalon.core.main.TestSuiteExecutor.execute(TestSuiteExecutor.java:107)
	at com.kms.katalon.core.main.TestCaseMain.startTestSuite(TestCaseMain.java:180)
	at TempTestSuite1745903984460.run(TempTestSuite1745903984460.groovy:35)
	at java.base/jdk.internal.reflect.NativeMethodAccessorImpl.invoke0(Native Method)
	at java.base/jdk.internal.reflect.NativeMethodAccessorImpl.invoke(NativeMethodAccessorImpl.java:77)
	at java.base/jdk.internal.reflect.DelegatingMethodAccessorImpl.invoke(DelegatingMethodAccessorImpl.java:43)
Caused by: org.openqa.selenium.NoSuchElementException: An element could not be located on the page using the given search parameters.
For documentation on this error, please visit: https://www.selenium.dev/documentation/webdriver/troubleshooting/errors#no-such-element-exception
Build info: version: '4.22.0', revision: 'c5f3146703'
System info: os.name: 'Mac OS X', os.arch: 'aarch64', os.version: '15.4.1', java.version: '17.0.14'
Driver info: io.appium.java_client.android.AndroidDriver
Command: [7beb0f6f-2ccc-48b5-9a5e-a72c4c167c33, findElement {using=-android uiautomator, value=new UiScrollable(new UiSelector().scrollable(true).instance(0)).scrollIntoView(new UiSelector().textContains("recommended"))}]
Capabilities {appium:app: /Users/gv.vignesh/Downloads..., appium:appActivity: westgate_xamarin.android.Ma..., appium:appPackage: westgate_xamarin.android.debug, appium:autoGrantPermissions: true, appium:automationName: uiautomator2, appium:databaseEnabled: false, appium:desired: {app: /Users/gv.vignesh/Downloads..., autoGrantPermissions: true, automationName: uiautomator2, deviceId: , deviceName: Xiaomi 23076PC4BI (Android 15), fullReset: true, newCommandTimeout: 1800, noReset: false, platformName: ANDROID, platformVersion: 15, systemPort: 59281, udid: a6e538dc5180, uiautomator2ServerInstallTimeout: 0}, appium:deviceApiLevel: 35, appium:deviceId: , appium:deviceManufacturer: Xiaomi, appium:deviceModel: 23076PC4BI, appium:deviceName: a6e538dc5180, appium:deviceScreenDensity: 440, appium:deviceScreenSize: 1080x2460, appium:deviceUDID: a6e538dc5180, appium:fullReset: true, appium:javascriptEnabled: true, appium:locationContextEnabled: false, appium:networkConnectionEnabled: true, appium:newCommandTimeout: 1800, appium:noReset: false, appium:pixelRatio: 2.75, appium:platformVersion: 15, appium:statBarHeight: 104, appium:systemPort: 59281, appium:takesScreenshot: true, appium:udid: a6e538dc5180, appium:uiautomator2ServerInstallTimeout: 0, appium:viewportRect: {height: 2356, left: 0, top: 104, width: 1080}, appium:warnings: {}, appium:webStorageEnabled: false, platformName: ANDROID}
Session ID: 7beb0f6f-2ccc-48b5-9a5e-a72c4c167c33
	at java.base/jdk.internal.reflect.NativeConstructorAccessorImpl.newInstance0(Native Method)
	at java.base/jdk.internal.reflect.NativeConstructorAccessorImpl.newInstance(NativeConstructorAccessorImpl.java:77)
	at java.base/jdk.internal.reflect.DelegatingConstructorAccessorImpl.newInstance(DelegatingConstructorAccessorImpl.java:45)
	at org.openqa.selenium.remote.ErrorCodec.decode(ErrorCodec.java:167)
	at org.openqa.selenium.remote.codec.w3c.W3CHttpResponseCodec.decode(W3CHttpResponseCodec.java:138)
	at org.openqa.selenium.remote.codec.w3c.W3CHttpResponseCodec.decode(W3CHttpResponseCodec.java:50)
	at org.openqa.selenium.remote.HttpCommandExecutor.execute(HttpCommandExecutor.java:190)
	at io.appium.java_client.remote.AppiumCommandExecutor.execute(AppiumCommandExecutor.java:237)
	at org.openqa.selenium.remote.RemoteWebDriver.execute(RemoteWebDriver.java:518)
	at org.openqa.selenium.remote.ElementLocation$ElementFinder$2.findElement(ElementLocation.java:165)
	at org.openqa.selenium.remote.ElementLocation.findElement(ElementLocation.java:66)
	at org.openqa.selenium.remote.RemoteWebDriver.findElement(RemoteWebDriver.java:355)
	at org.openqa.selenium.remote.RemoteWebDriver.findElement(RemoteWebDriver.java:349)
	at org.openqa.selenium.WebDriver$findElement$0.call(Unknown Source)
	at com.kms.katalon.core.mobile.keyword.builtin.ScrollToTextKeyword$_scrollToText_closure1.doCall(ScrollToTextKeyword.groovy:59)
	at com.kms.katalon.core.mobile.keyword.builtin.ScrollToTextKeyword$_scrollToText_closure1.doCall(ScrollToTextKeyword.groovy)
	at java.base/jdk.internal.reflect.NativeMethodAccessorImpl.invoke0(Native Method)
	at java.base/jdk.internal.reflect.NativeMethodAccessorImpl.invoke(NativeMethodAccessorImpl.java:77)
	at java.base/jdk.internal.reflect.DelegatingMethodAccessorImpl.invoke(DelegatingMethodAccessorImpl.java:43)
	at com.kms.katalon.core.mobile.keyword.internal.MobileKeywordMain.runKeyword(MobileKeywordMain.groovy:30)
	... 21 more


29-04-2025T12:07:19 - [TEST_STEP][PASSED] - testData = findTestData("Data Files/WRMA-187"): null

29-04-2025T12:07:19 - [TEST_STEP][PASSED] - email = testData.getValue("Email", 1): null

29-04-2025T12:07:19 - [TEST_STEP][PASSED] - password = testData.getValue("Password", 1): null

29-04-2025T12:07:19 - [TEST_STEP][PASSED] - startApplication(appUrl, true): Started application: '/Users/gv.vignesh/Downloads/WGR-Android-Automation/App Folder/app-debug-2.99.75.apk'

29-04-2025T12:07:19 - [MESSAGE][INFO] - Starting application: '/Users/gv.vignesh/Downloads/WGR-Android-Automation/App Folder/app-debug-2.99.75.apk'

29-04-2025T12:07:19 - [MESSAGE][INFO] - User set preference: ['uiautomator2ServerInstallTimeout', '0']

29-04-2025T12:07:19 - [MESSAGE][INFO] - User set preference: ['deviceId', '']

29-04-2025T12:07:19 - [MESSAGE][INFO] - Detected NodeJS location: "/opt/homebrew/Cellar/node/23.10.0_1/bin/node"

29-04-2025T12:07:19 - [MESSAGE][INFO] - PATH: /opt/homebrew/Cellar/node/23.10.0_1/bin:/opt/homebrew/bin:/usr/bin:/bin:/usr/sbin:/sbin:/Applications/Katalon Studio Enterprise.app/Contents/Eclipse/jre/Contents/Home/bin:/usr/local/bin/

29-04-2025T12:07:19 - [MESSAGE][INFO] - APPIUM_HOME: /Users/gv.vignesh/.appium

29-04-2025T12:07:19 - [MESSAGE][INFO] - appium outlog: /Users/gv.vignesh/Downloads/WGR-Android-Automation/Reports/20250429_104944/Android Regression/20250429_104944/appium.log

29-04-2025T12:07:19 - [MESSAGE][INFO] - appium errlog: /Users/gv.vignesh/Downloads/WGR-Android-Automation/Reports/20250429_104944/Android Regression/20250429_104944/appium_error.log

29-04-2025T12:07:20 - [MESSAGE][INFO] - Appium server started on port 59,283

29-04-2025T12:07:39 - [MESSAGE][PASSED] - Started application: '/Users/gv.vignesh/Downloads/WGR-Android-Automation/App Folder/app-debug-2.99.75.apk'

29-04-2025T12:07:39 - [TEST_STEP][PASSED] - delay(10): Delayed 10 second(s)

29-04-2025T12:07:49 - [MESSAGE][PASSED] - Delayed 10 second(s)

29-04-2025T12:07:49 - [TEST_STEP][PASSED] - tap(findTestObject("Object Repository/Repo/GuestUserMode/android.widget.TextView - Continue as a Guest"), 10): Tapped on element 'Object Repository/Repo/GuestUserMode/android.widget.TextView - Continue as a Guest'

29-04-2025T12:07:50 - [MESSAGE][PASSED] - Tapped on element 'Object Repository/Repo/GuestUserMode/android.widget.TextView - Continue as a Guest'

29-04-2025T12:07:50 - [TEST_STEP][PASSED] - delay(10): Delayed 10 second(s)

29-04-2025T12:08:00 - [MESSAGE][PASSED] - Delayed 10 second(s)

29-04-2025T12:08:00 - [TEST_STEP][FAILED] - scrollToText("recommended"): Unable to scroll to text 'recommended' (Root cause: com.kms.katalon.core.exception.StepFailedException: Unable to scroll to text 'recommended'
	at com.kms.katalon.core.mobile.keyword.internal.MobileKeywordMain.stepFailed(MobileKeywordMain.groovy:64)
	at com.kms.katalon.core.mobile.keyword.internal.MobileKeywordMain.runKeyword(MobileKeywordMain.groovy:34)
	at com.kms.katalon.core.mobile.keyword.internal.MobileKeywordMain$runKeyword.call(Unknown Source)
	at com.kms.katalon.core.mobile.keyword.builtin.ScrollToTextKeyword.scrollToText(ScrollToTextKeyword.groovy:80)
	at com.kms.katalon.core.mobile.keyword.builtin.ScrollToTextKeyword.execute(ScrollToTextKeyword.groovy:38)
	at com.kms.katalon.core.keyword.internal.KeywordExecutor.executeKeywordForPlatform(KeywordExecutor.groovy:74)
	at com.kms.katalon.core.mobile.keyword.MobileBuiltInKeywords.scrollToText(MobileBuiltInKeywords.groovy:1969)
	at WRMA-187_Add_Account_Number_Guest mode.run(WRMA-187_Add_Account_Number_Guest mode:42)
	at com.kms.katalon.core.main.ScriptEngine.run(ScriptEngine.java:194)
	at com.kms.katalon.core.main.ScriptEngine.runScriptAsRawText(ScriptEngine.java:119)
	at com.kms.katalon.core.main.TestCaseExecutor.runScript(TestCaseExecutor.java:448)
	at com.kms.katalon.core.main.TestCaseExecutor.doExecute(TestCaseExecutor.java:439)
	at com.kms.katalon.core.main.TestCaseExecutor.processExecutionPhase(TestCaseExecutor.java:418)
	at com.kms.katalon.core.main.TestCaseExecutor.accessMainPhase(TestCaseExecutor.java:410)
	at com.kms.katalon.core.main.TestCaseExecutor.execute(TestCaseExecutor.java:285)
	at com.kms.katalon.core.common.CommonExecutor.accessTestCaseMainPhase(CommonExecutor.java:71)
	at com.kms.katalon.core.main.TestSuiteExecutor.accessTestSuiteMainPhase(TestSuiteExecutor.java:160)
	at com.kms.katalon.core.main.TestSuiteExecutor.execute(TestSuiteExecutor.java:107)
	at com.kms.katalon.core.main.TestCaseMain.startTestSuite(TestCaseMain.java:180)
	at TempTestSuite1745903984460.run(TempTestSuite1745903984460.groovy:35)
	at java.base/jdk.internal.reflect.NativeMethodAccessorImpl.invoke0(Native Method)
	at java.base/jdk.internal.reflect.NativeMethodAccessorImpl.invoke(NativeMethodAccessorImpl.java:77)
	at java.base/jdk.internal.reflect.DelegatingMethodAccessorImpl.invoke(DelegatingMethodAccessorImpl.java:43)
Caused by: org.openqa.selenium.NoSuchElementException: An element could not be located on the page using the given search parameters.
For documentation on this error, please visit: https://www.selenium.dev/documentation/webdriver/troubleshooting/errors#no-such-element-exception
Build info: version: '4.22.0', revision: 'c5f3146703'
System info: os.name: 'Mac OS X', os.arch: 'aarch64', os.version: '15.4.1', java.version: '17.0.14'
Driver info: io.appium.java_client.android.AndroidDriver
Command: [7beb0f6f-2ccc-48b5-9a5e-a72c4c167c33, findElement {using=-android uiautomator, value=new UiScrollable(new UiSelector().scrollable(true).instance(0)).scrollIntoView(new UiSelector().textContains("recommended"))}]
Capabilities {appium:app: /Users/gv.vignesh/Downloads..., appium:appActivity: westgate_xamarin.android.Ma..., appium:appPackage: westgate_xamarin.android.debug, appium:autoGrantPermissions: true, appium:automationName: uiautomator2, appium:databaseEnabled: false, appium:desired: {app: /Users/gv.vignesh/Downloads..., autoGrantPermissions: true, automationName: uiautomator2, deviceId: , deviceName: Xiaomi 23076PC4BI (Android 15), fullReset: true, newCommandTimeout: 1800, noReset: false, platformName: ANDROID, platformVersion: 15, systemPort: 59281, udid: a6e538dc5180, uiautomator2ServerInstallTimeout: 0}, appium:deviceApiLevel: 35, appium:deviceId: , appium:deviceManufacturer: Xiaomi, appium:deviceModel: 23076PC4BI, appium:deviceName: a6e538dc5180, appium:deviceScreenDensity: 440, appium:deviceScreenSize: 1080x2460, appium:deviceUDID: a6e538dc5180, appium:fullReset: true, appium:javascriptEnabled: true, appium:locationContextEnabled: false, appium:networkConnectionEnabled: true, appium:newCommandTimeout: 1800, appium:noReset: false, appium:pixelRatio: 2.75, appium:platformVersion: 15, appium:statBarHeight: 104, appium:systemPort: 59281, appium:takesScreenshot: true, appium:udid: a6e538dc5180, appium:uiautomator2ServerInstallTimeout: 0, appium:viewportRect: {height: 2356, left: 0, top: 104, width: 1080}, appium:warnings: {}, appium:webStorageEnabled: false, platformName: ANDROID}
Session ID: 7beb0f6f-2ccc-48b5-9a5e-a72c4c167c33
	at java.base/jdk.internal.reflect.NativeConstructorAccessorImpl.newInstance0(Native Method)
	at java.base/jdk.internal.reflect.NativeConstructorAccessorImpl.newInstance(NativeConstructorAccessorImpl.java:77)
	at java.base/jdk.internal.reflect.DelegatingConstructorAccessorImpl.newInstance(DelegatingConstructorAccessorImpl.java:45)
	at org.openqa.selenium.remote.ErrorCodec.decode(ErrorCodec.java:167)
	at org.openqa.selenium.remote.codec.w3c.W3CHttpResponseCodec.decode(W3CHttpResponseCodec.java:138)
	at org.openqa.selenium.remote.codec.w3c.W3CHttpResponseCodec.decode(W3CHttpResponseCodec.java:50)
	at org.openqa.selenium.remote.HttpCommandExecutor.execute(HttpCommandExecutor.java:190)
	at io.appium.java_client.remote.AppiumCommandExecutor.execute(AppiumCommandExecutor.java:237)
	at org.openqa.selenium.remote.RemoteWebDriver.execute(RemoteWebDriver.java:518)
	at org.openqa.selenium.remote.ElementLocation$ElementFinder$2.findElement(ElementLocation.java:165)
	at org.openqa.selenium.remote.ElementLocation.findElement(ElementLocation.java:66)
	at org.openqa.selenium.remote.RemoteWebDriver.findElement(RemoteWebDriver.java:355)
	at org.openqa.selenium.remote.RemoteWebDriver.findElement(RemoteWebDriver.java:349)
	at org.openqa.selenium.WebDriver$findElement$0.call(Unknown Source)
	at com.kms.katalon.core.mobile.keyword.builtin.ScrollToTextKeyword$_scrollToText_closure1.doCall(ScrollToTextKeyword.groovy:59)
	at com.kms.katalon.core.mobile.keyword.builtin.ScrollToTextKeyword$_scrollToText_closure1.doCall(ScrollToTextKeyword.groovy)
	at java.base/jdk.internal.reflect.NativeMethodAccessorImpl.invoke0(Native Method)
	at java.base/jdk.internal.reflect.NativeMethodAccessorImpl.invoke(NativeMethodAccessorImpl.java:77)
	at java.base/jdk.internal.reflect.DelegatingMethodAccessorImpl.invoke(DelegatingMethodAccessorImpl.java:43)
	at com.kms.katalon.core.mobile.keyword.internal.MobileKeywordMain.runKeyword(MobileKeywordMain.groovy:30)
	at com.kms.katalon.core.mobile.keyword.internal.MobileKeywordMain$runKeyword.call(Unknown Source)
	at com.kms.katalon.core.mobile.keyword.builtin.ScrollToTextKeyword.scrollToText(ScrollToTextKeyword.groovy:80)
	at com.kms.katalon.core.mobile.keyword.builtin.ScrollToTextKeyword.execute(ScrollToTextKeyword.groovy:38)
	at com.kms.katalon.core.keyword.internal.KeywordExecutor.executeKeywordForPlatform(KeywordExecutor.groovy:74)
	at com.kms.katalon.core.mobile.keyword.MobileBuiltInKeywords.scrollToText(MobileBuiltInKeywords.groovy:1969)
	at Script1745307933475.run(Script1745307933475.groovy:42)
	... 15 more
)

29-04-2025T12:08:37 - [MESSAGE][FAILED] - Unable to scroll to text 'recommended' (Root cause: com.kms.katalon.core.exception.StepFailedException: Unable to scroll to text 'recommended'
	at com.kms.katalon.core.mobile.keyword.internal.MobileKeywordMain.stepFailed(MobileKeywordMain.groovy:64)
	at com.kms.katalon.core.mobile.keyword.internal.MobileKeywordMain.runKeyword(MobileKeywordMain.groovy:34)
	at com.kms.katalon.core.mobile.keyword.internal.MobileKeywordMain$runKeyword.call(Unknown Source)
	at com.kms.katalon.core.mobile.keyword.builtin.ScrollToTextKeyword.scrollToText(ScrollToTextKeyword.groovy:80)
	at com.kms.katalon.core.mobile.keyword.builtin.ScrollToTextKeyword.execute(ScrollToTextKeyword.groovy:38)
	at com.kms.katalon.core.keyword.internal.KeywordExecutor.executeKeywordForPlatform(KeywordExecutor.groovy:74)
	at com.kms.katalon.core.mobile.keyword.MobileBuiltInKeywords.scrollToText(MobileBuiltInKeywords.groovy:1969)
	at WRMA-187_Add_Account_Number_Guest mode.run(WRMA-187_Add_Account_Number_Guest mode:42)
	at com.kms.katalon.core.main.ScriptEngine.run(ScriptEngine.java:194)
	at com.kms.katalon.core.main.ScriptEngine.runScriptAsRawText(ScriptEngine.java:119)
	at com.kms.katalon.core.main.TestCaseExecutor.runScript(TestCaseExecutor.java:448)
	at com.kms.katalon.core.main.TestCaseExecutor.doExecute(TestCaseExecutor.java:439)
	at com.kms.katalon.core.main.TestCaseExecutor.processExecutionPhase(TestCaseExecutor.java:418)
	at com.kms.katalon.core.main.TestCaseExecutor.accessMainPhase(TestCaseExecutor.java:410)
	at com.kms.katalon.core.main.TestCaseExecutor.execute(TestCaseExecutor.java:285)
	at com.kms.katalon.core.common.CommonExecutor.accessTestCaseMainPhase(CommonExecutor.java:71)
	at com.kms.katalon.core.main.TestSuiteExecutor.accessTestSuiteMainPhase(TestSuiteExecutor.java:160)
	at com.kms.katalon.core.main.TestSuiteExecutor.execute(TestSuiteExecutor.java:107)
	at com.kms.katalon.core.main.TestCaseMain.startTestSuite(TestCaseMain.java:180)
	at TempTestSuite1745903984460.run(TempTestSuite1745903984460.groovy:35)
	at java.base/jdk.internal.reflect.NativeMethodAccessorImpl.invoke0(Native Method)
	at java.base/jdk.internal.reflect.NativeMethodAccessorImpl.invoke(NativeMethodAccessorImpl.java:77)
	at java.base/jdk.internal.reflect.DelegatingMethodAccessorImpl.invoke(DelegatingMethodAccessorImpl.java:43)
Caused by: org.openqa.selenium.NoSuchElementException: An element could not be located on the page using the given search parameters.
For documentation on this error, please visit: https://www.selenium.dev/documentation/webdriver/troubleshooting/errors#no-such-element-exception
Build info: version: '4.22.0', revision: 'c5f3146703'
System info: os.name: 'Mac OS X', os.arch: 'aarch64', os.version: '15.4.1', java.version: '17.0.14'
Driver info: io.appium.java_client.android.AndroidDriver
Command: [7beb0f6f-2ccc-48b5-9a5e-a72c4c167c33, findElement {using=-android uiautomator, value=new UiScrollable(new UiSelector().scrollable(true).instance(0)).scrollIntoView(new UiSelector().textContains("recommended"))}]
Capabilities {appium:app: /Users/gv.vignesh/Downloads..., appium:appActivity: westgate_xamarin.android.Ma..., appium:appPackage: westgate_xamarin.android.debug, appium:autoGrantPermissions: true, appium:automationName: uiautomator2, appium:databaseEnabled: false, appium:desired: {app: /Users/gv.vignesh/Downloads..., autoGrantPermissions: true, automationName: uiautomator2, deviceId: , deviceName: Xiaomi 23076PC4BI (Android 15), fullReset: true, newCommandTimeout: 1800, noReset: false, platformName: ANDROID, platformVersion: 15, systemPort: 59281, udid: a6e538dc5180, uiautomator2ServerInstallTimeout: 0}, appium:deviceApiLevel: 35, appium:deviceId: , appium:deviceManufacturer: Xiaomi, appium:deviceModel: 23076PC4BI, appium:deviceName: a6e538dc5180, appium:deviceScreenDensity: 440, appium:deviceScreenSize: 1080x2460, appium:deviceUDID: a6e538dc5180, appium:fullReset: true, appium:javascriptEnabled: true, appium:locationContextEnabled: false, appium:networkConnectionEnabled: true, appium:newCommandTimeout: 1800, appium:noReset: false, appium:pixelRatio: 2.75, appium:platformVersion: 15, appium:statBarHeight: 104, appium:systemPort: 59281, appium:takesScreenshot: true, appium:udid: a6e538dc5180, appium:uiautomator2ServerInstallTimeout: 0, appium:viewportRect: {height: 2356, left: 0, top: 104, width: 1080}, appium:warnings: {}, appium:webStorageEnabled: false, platformName: ANDROID}
Session ID: 7beb0f6f-2ccc-48b5-9a5e-a72c4c167c33
	at java.base/jdk.internal.reflect.NativeConstructorAccessorImpl.newInstance0(Native Method)
	at java.base/jdk.internal.reflect.NativeConstructorAccessorImpl.newInstance(NativeConstructorAccessorImpl.java:77)
	at java.base/jdk.internal.reflect.DelegatingConstructorAccessorImpl.newInstance(DelegatingConstructorAccessorImpl.java:45)
	at org.openqa.selenium.remote.ErrorCodec.decode(ErrorCodec.java:167)
	at org.openqa.selenium.remote.codec.w3c.W3CHttpResponseCodec.decode(W3CHttpResponseCodec.java:138)
	at org.openqa.selenium.remote.codec.w3c.W3CHttpResponseCodec.decode(W3CHttpResponseCodec.java:50)
	at org.openqa.selenium.remote.HttpCommandExecutor.execute(HttpCommandExecutor.java:190)
	at io.appium.java_client.remote.AppiumCommandExecutor.execute(AppiumCommandExecutor.java:237)
	at org.openqa.selenium.remote.RemoteWebDriver.execute(RemoteWebDriver.java:518)
	at org.openqa.selenium.remote.ElementLocation$ElementFinder$2.findElement(ElementLocation.java:165)
	at org.openqa.selenium.remote.ElementLocation.findElement(ElementLocation.java:66)
	at org.openqa.selenium.remote.RemoteWebDriver.findElement(RemoteWebDriver.java:355)
	at org.openqa.selenium.remote.RemoteWebDriver.findElement(RemoteWebDriver.java:349)
	at org.openqa.selenium.WebDriver$findElement$0.call(Unknown Source)
	at com.kms.katalon.core.mobile.keyword.builtin.ScrollToTextKeyword$_scrollToText_closure1.doCall(ScrollToTextKeyword.groovy:59)
	at com.kms.katalon.core.mobile.keyword.builtin.ScrollToTextKeyword$_scrollToText_closure1.doCall(ScrollToTextKeyword.groovy)
	at java.base/jdk.internal.reflect.NativeMethodAccessorImpl.invoke0(Native Method)
	at java.base/jdk.internal.reflect.NativeMethodAccessorImpl.invoke(NativeMethodAccessorImpl.java:77)
	at java.base/jdk.internal.reflect.DelegatingMethodAccessorImpl.invoke(DelegatingMethodAccessorImpl.java:43)
	at com.kms.katalon.core.mobile.keyword.internal.MobileKeywordMain.runKeyword(MobileKeywordMain.groovy:30)
	at com.kms.katalon.core.mobile.keyword.internal.MobileKeywordMain$runKeyword.call(Unknown Source)
	at com.kms.katalon.core.mobile.keyword.builtin.ScrollToTextKeyword.scrollToText(ScrollToTextKeyword.groovy:80)
	at com.kms.katalon.core.mobile.keyword.builtin.ScrollToTextKeyword.execute(ScrollToTextKeyword.groovy:38)
	at com.kms.katalon.core.keyword.internal.KeywordExecutor.executeKeywordForPlatform(KeywordExecutor.groovy:74)
	at com.kms.katalon.core.mobile.keyword.MobileBuiltInKeywords.scrollToText(MobileBuiltInKeywords.groovy:1969)
	at Script1745307933475.run(Script1745307933475.groovy:42)
	... 15 more
)
[[ATTACHMENT|/Users/gv.vignesh/Downloads/WGR-Android-Automation/Reports/20250429_104944/Android Regression/20250429_104944/1745908716072.png]]]]></system-out>
         <system-err><![CDATA[29-04-2025T12:07:19 - [TEST_CASE][FAILED] - Test Cases/Add Account Number/WRMA-187_Add_Account_Number_Guest mode: Test Cases/Add Account Number/WRMA-187_Add_Account_Number_Guest mode FAILED.
Reason:
com.kms.katalon.core.exception.StepFailedException: Unable to scroll to text 'recommended'
	at com.kms.katalon.core.mobile.keyword.internal.MobileKeywordMain.stepFailed(MobileKeywordMain.groovy:64)
	at com.kms.katalon.core.mobile.keyword.internal.MobileKeywordMain.runKeyword(MobileKeywordMain.groovy:34)
	at com.kms.katalon.core.mobile.keyword.internal.MobileKeywordMain$runKeyword.call(Unknown Source)
	at com.kms.katalon.core.mobile.keyword.builtin.ScrollToTextKeyword.scrollToText(ScrollToTextKeyword.groovy:80)
	at com.kms.katalon.core.mobile.keyword.builtin.ScrollToTextKeyword.execute(ScrollToTextKeyword.groovy:38)
	at com.kms.katalon.core.keyword.internal.KeywordExecutor.executeKeywordForPlatform(KeywordExecutor.groovy:74)
	at com.kms.katalon.core.mobile.keyword.MobileBuiltInKeywords.scrollToText(MobileBuiltInKeywords.groovy:1969)
	at WRMA-187_Add_Account_Number_Guest mode.run(WRMA-187_Add_Account_Number_Guest mode:42)
	at com.kms.katalon.core.main.ScriptEngine.run(ScriptEngine.java:194)
	at com.kms.katalon.core.main.ScriptEngine.runScriptAsRawText(ScriptEngine.java:119)
	at com.kms.katalon.core.main.TestCaseExecutor.runScript(TestCaseExecutor.java:448)
	at com.kms.katalon.core.main.TestCaseExecutor.doExecute(TestCaseExecutor.java:439)
	at com.kms.katalon.core.main.TestCaseExecutor.processExecutionPhase(TestCaseExecutor.java:418)
	at com.kms.katalon.core.main.TestCaseExecutor.accessMainPhase(TestCaseExecutor.java:410)
	at com.kms.katalon.core.main.TestCaseExecutor.execute(TestCaseExecutor.java:285)
	at com.kms.katalon.core.common.CommonExecutor.accessTestCaseMainPhase(CommonExecutor.java:71)
	at com.kms.katalon.core.main.TestSuiteExecutor.accessTestSuiteMainPhase(TestSuiteExecutor.java:160)
	at com.kms.katalon.core.main.TestSuiteExecutor.execute(TestSuiteExecutor.java:107)
	at com.kms.katalon.core.main.TestCaseMain.startTestSuite(TestCaseMain.java:180)
	at TempTestSuite1745903984460.run(TempTestSuite1745903984460.groovy:35)
	at java.base/jdk.internal.reflect.NativeMethodAccessorImpl.invoke0(Native Method)
	at java.base/jdk.internal.reflect.NativeMethodAccessorImpl.invoke(NativeMethodAccessorImpl.java:77)
	at java.base/jdk.internal.reflect.DelegatingMethodAccessorImpl.invoke(DelegatingMethodAccessorImpl.java:43)
Caused by: org.openqa.selenium.NoSuchElementException: An element could not be located on the page using the given search parameters.
For documentation on this error, please visit: https://www.selenium.dev/documentation/webdriver/troubleshooting/errors#no-such-element-exception
Build info: version: '4.22.0', revision: 'c5f3146703'
System info: os.name: 'Mac OS X', os.arch: 'aarch64', os.version: '15.4.1', java.version: '17.0.14'
Driver info: io.appium.java_client.android.AndroidDriver
Command: [7beb0f6f-2ccc-48b5-9a5e-a72c4c167c33, findElement {using=-android uiautomator, value=new UiScrollable(new UiSelector().scrollable(true).instance(0)).scrollIntoView(new UiSelector().textContains("recommended"))}]
Capabilities {appium:app: /Users/gv.vignesh/Downloads..., appium:appActivity: westgate_xamarin.android.Ma..., appium:appPackage: westgate_xamarin.android.debug, appium:autoGrantPermissions: true, appium:automationName: uiautomator2, appium:databaseEnabled: false, appium:desired: {app: /Users/gv.vignesh/Downloads..., autoGrantPermissions: true, automationName: uiautomator2, deviceId: , deviceName: Xiaomi 23076PC4BI (Android 15), fullReset: true, newCommandTimeout: 1800, noReset: false, platformName: ANDROID, platformVersion: 15, systemPort: 59281, udid: a6e538dc5180, uiautomator2ServerInstallTimeout: 0}, appium:deviceApiLevel: 35, appium:deviceId: , appium:deviceManufacturer: Xiaomi, appium:deviceModel: 23076PC4BI, appium:deviceName: a6e538dc5180, appium:deviceScreenDensity: 440, appium:deviceScreenSize: 1080x2460, appium:deviceUDID: a6e538dc5180, appium:fullReset: true, appium:javascriptEnabled: true, appium:locationContextEnabled: false, appium:networkConnectionEnabled: true, appium:newCommandTimeout: 1800, appium:noReset: false, appium:pixelRatio: 2.75, appium:platformVersion: 15, appium:statBarHeight: 104, appium:systemPort: 59281, appium:takesScreenshot: true, appium:udid: a6e538dc5180, appium:uiautomator2ServerInstallTimeout: 0, appium:viewportRect: {height: 2356, left: 0, top: 104, width: 1080}, appium:warnings: {}, appium:webStorageEnabled: false, platformName: ANDROID}
Session ID: 7beb0f6f-2ccc-48b5-9a5e-a72c4c167c33
	at java.base/jdk.internal.reflect.NativeConstructorAccessorImpl.newInstance0(Native Method)
	at java.base/jdk.internal.reflect.NativeConstructorAccessorImpl.newInstance(NativeConstructorAccessorImpl.java:77)
	at java.base/jdk.internal.reflect.DelegatingConstructorAccessorImpl.newInstance(DelegatingConstructorAccessorImpl.java:45)
	at org.openqa.selenium.remote.ErrorCodec.decode(ErrorCodec.java:167)
	at org.openqa.selenium.remote.codec.w3c.W3CHttpResponseCodec.decode(W3CHttpResponseCodec.java:138)
	at org.openqa.selenium.remote.codec.w3c.W3CHttpResponseCodec.decode(W3CHttpResponseCodec.java:50)
	at org.openqa.selenium.remote.HttpCommandExecutor.execute(HttpCommandExecutor.java:190)
	at io.appium.java_client.remote.AppiumCommandExecutor.execute(AppiumCommandExecutor.java:237)
	at org.openqa.selenium.remote.RemoteWebDriver.execute(RemoteWebDriver.java:518)
	at org.openqa.selenium.remote.ElementLocation$ElementFinder$2.findElement(ElementLocation.java:165)
	at org.openqa.selenium.remote.ElementLocation.findElement(ElementLocation.java:66)
	at org.openqa.selenium.remote.RemoteWebDriver.findElement(RemoteWebDriver.java:355)
	at org.openqa.selenium.remote.RemoteWebDriver.findElement(RemoteWebDriver.java:349)
	at org.openqa.selenium.WebDriver$findElement$0.call(Unknown Source)
	at com.kms.katalon.core.mobile.keyword.builtin.ScrollToTextKeyword$_scrollToText_closure1.doCall(ScrollToTextKeyword.groovy:59)
	at com.kms.katalon.core.mobile.keyword.builtin.ScrollToTextKeyword$_scrollToText_closure1.doCall(ScrollToTextKeyword.groovy)
	at java.base/jdk.internal.reflect.NativeMethodAccessorImpl.invoke0(Native Method)
	at java.base/jdk.internal.reflect.NativeMethodAccessorImpl.invoke(NativeMethodAccessorImpl.java:77)
	at java.base/jdk.internal.reflect.DelegatingMethodAccessorImpl.invoke(DelegatingMethodAccessorImpl.java:43)
	at com.kms.katalon.core.mobile.keyword.internal.MobileKeywordMain.runKeyword(MobileKeywordMain.groovy:30)
	... 21 more]]></system-err>
      </testcase>
      <testcase name="Test Cases/Add Account Number/C709_AddAccountNumber_Error_DOB_VOA_Users" time="194.88" classname="Test Cases/Add Account Number/C709_AddAccountNumber_Error_DOB_VOA_Users" status="FAILED">
         <failure type="FAILED" message="Test Cases/Add Account Number/C709_AddAccountNumber_Error_DOB_VOA_Users FAILED.&#xa;Reason:&#xa;com.kms.katalon.core.exception.StepFailedException: Failed to tap on element 'Object Repository/VOA-Users/android.widget.TextView - Terms and Conditions'&#xa;	at com.kms.katalon.core.mobile.keyword.internal.MobileKeywordMain.stepFailed(MobileKeywordMain.groovy:64)&#xa;	at com.kms.katalon.core.mobile.keyword.internal.MobileKeywordMain.runKeyword(MobileKeywordMain.groovy:34)&#xa;	at com.kms.katalon.core.mobile.keyword.builtin.TapKeyword.tap(TapKeyword.groovy:51)&#xa;	at com.kms.katalon.core.mobile.keyword.builtin.TapKeyword.execute(TapKeyword.groovy:35)&#xa;	at com.kms.katalon.core.keyword.internal.KeywordExecutor.executeKeywordForPlatform(KeywordExecutor.groovy:74)&#xa;	at com.kms.katalon.core.mobile.keyword.MobileBuiltInKeywords.tap(MobileBuiltInKeywords.groovy:1461)&#xa;	at C709_AddAccountNumber_Error_DOB_VOA_Users.run(C709_AddAccountNumber_Error_DOB_VOA_Users:87)&#xa;	at com.kms.katalon.core.main.ScriptEngine.run(ScriptEngine.java:194)&#xa;	at com.kms.katalon.core.main.ScriptEngine.runScriptAsRawText(ScriptEngine.java:119)&#xa;	at com.kms.katalon.core.main.TestCaseExecutor.runScript(TestCaseExecutor.java:448)&#xa;	at com.kms.katalon.core.main.TestCaseExecutor.doExecute(TestCaseExecutor.java:439)&#xa;	at com.kms.katalon.core.main.TestCaseExecutor.processExecutionPhase(TestCaseExecutor.java:418)&#xa;	at com.kms.katalon.core.main.TestCaseExecutor.accessMainPhase(TestCaseExecutor.java:410)&#xa;	at com.kms.katalon.core.main.TestCaseExecutor.execute(TestCaseExecutor.java:285)&#xa;	at com.kms.katalon.core.common.CommonExecutor.accessTestCaseMainPhase(CommonExecutor.java:71)&#xa;	at com.kms.katalon.core.main.TestSuiteExecutor.accessTestSuiteMainPhase(TestSuiteExecutor.java:160)&#xa;	at com.kms.katalon.core.main.TestSuiteExecutor.execute(TestSuiteExecutor.java:107)&#xa;	at com.kms.katalon.core.main.TestCaseMain.startTestSuite(TestCaseMain.java:180)&#xa;	at TempTestSuite1745903984460.run(TempTestSuite1745903984460.groovy:35)&#xa;	at java.base/jdk.internal.reflect.NativeMethodAccessorImpl.invoke0(Native Method)&#xa;	at java.base/jdk.internal.reflect.NativeMethodAccessorImpl.invoke(NativeMethodAccessorImpl.java:77)&#xa;	at java.base/jdk.internal.reflect.DelegatingMethodAccessorImpl.invoke(DelegatingMethodAccessorImpl.java:43)&#xa;Caused by: com.kms.katalon.core.exception.StepFailedException: Object Object Repository/VOA-Users/android.widget.TextView - Terms and Conditions not found&#xa;	at com.kms.katalon.core.mobile.keyword.internal.MobileKeywordMain.stepFailed(MobileKeywordMain.groovy:64)&#xa;	at com.kms.katalon.core.mobile.keyword.builtin.TapKeyword$_tap_closure1.doCall(TapKeyword.groovy:46)&#xa;	at com.kms.katalon.core.mobile.keyword.builtin.TapKeyword$_tap_closure1.call(TapKeyword.groovy)&#xa;	at com.kms.katalon.core.mobile.keyword.internal.MobileKeywordMain.runKeyword(MobileKeywordMain.groovy:30)&#xa;	... 20 more&#xa;"/>
         <system-out><![CDATA[29-04-2025T12:08:37 - [TEST_CASE][FAILED] - Test Cases/Add Account Number/C709_AddAccountNumber_Error_DOB_VOA_Users: Test Cases/Add Account Number/C709_AddAccountNumber_Error_DOB_VOA_Users FAILED.
Reason:
com.kms.katalon.core.exception.StepFailedException: Failed to tap on element 'Object Repository/VOA-Users/android.widget.TextView - Terms and Conditions'
	at com.kms.katalon.core.mobile.keyword.internal.MobileKeywordMain.stepFailed(MobileKeywordMain.groovy:64)
	at com.kms.katalon.core.mobile.keyword.internal.MobileKeywordMain.runKeyword(MobileKeywordMain.groovy:34)
	at com.kms.katalon.core.mobile.keyword.builtin.TapKeyword.tap(TapKeyword.groovy:51)
	at com.kms.katalon.core.mobile.keyword.builtin.TapKeyword.execute(TapKeyword.groovy:35)
	at com.kms.katalon.core.keyword.internal.KeywordExecutor.executeKeywordForPlatform(KeywordExecutor.groovy:74)
	at com.kms.katalon.core.mobile.keyword.MobileBuiltInKeywords.tap(MobileBuiltInKeywords.groovy:1461)
	at C709_AddAccountNumber_Error_DOB_VOA_Users.run(C709_AddAccountNumber_Error_DOB_VOA_Users:87)
	at com.kms.katalon.core.main.ScriptEngine.run(ScriptEngine.java:194)
	at com.kms.katalon.core.main.ScriptEngine.runScriptAsRawText(ScriptEngine.java:119)
	at com.kms.katalon.core.main.TestCaseExecutor.runScript(TestCaseExecutor.java:448)
	at com.kms.katalon.core.main.TestCaseExecutor.doExecute(TestCaseExecutor.java:439)
	at com.kms.katalon.core.main.TestCaseExecutor.processExecutionPhase(TestCaseExecutor.java:418)
	at com.kms.katalon.core.main.TestCaseExecutor.accessMainPhase(TestCaseExecutor.java:410)
	at com.kms.katalon.core.main.TestCaseExecutor.execute(TestCaseExecutor.java:285)
	at com.kms.katalon.core.common.CommonExecutor.accessTestCaseMainPhase(CommonExecutor.java:71)
	at com.kms.katalon.core.main.TestSuiteExecutor.accessTestSuiteMainPhase(TestSuiteExecutor.java:160)
	at com.kms.katalon.core.main.TestSuiteExecutor.execute(TestSuiteExecutor.java:107)
	at com.kms.katalon.core.main.TestCaseMain.startTestSuite(TestCaseMain.java:180)
	at TempTestSuite1745903984460.run(TempTestSuite1745903984460.groovy:35)
	at java.base/jdk.internal.reflect.NativeMethodAccessorImpl.invoke0(Native Method)
	at java.base/jdk.internal.reflect.NativeMethodAccessorImpl.invoke(NativeMethodAccessorImpl.java:77)
	at java.base/jdk.internal.reflect.DelegatingMethodAccessorImpl.invoke(DelegatingMethodAccessorImpl.java:43)
Caused by: com.kms.katalon.core.exception.StepFailedException: Object Object Repository/VOA-Users/android.widget.TextView - Terms and Conditions not found
	at com.kms.katalon.core.mobile.keyword.internal.MobileKeywordMain.stepFailed(MobileKeywordMain.groovy:64)
	at com.kms.katalon.core.mobile.keyword.builtin.TapKeyword$_tap_closure1.doCall(TapKeyword.groovy:46)
	at com.kms.katalon.core.mobile.keyword.builtin.TapKeyword$_tap_closure1.call(TapKeyword.groovy)
	at com.kms.katalon.core.mobile.keyword.internal.MobileKeywordMain.runKeyword(MobileKeywordMain.groovy:30)
	... 20 more


29-04-2025T12:08:37 - [TEST_STEP][PASSED] - startApplication(appUrl, true): Started application: '/Users/gv.vignesh/Downloads/WGR-Android-Automation/App Folder/app-debug-2.99.75.apk'

29-04-2025T12:08:37 - [MESSAGE][INFO] - Starting application: '/Users/gv.vignesh/Downloads/WGR-Android-Automation/App Folder/app-debug-2.99.75.apk'

29-04-2025T12:08:37 - [MESSAGE][INFO] - User set preference: ['uiautomator2ServerInstallTimeout', '0']

29-04-2025T12:08:37 - [MESSAGE][INFO] - User set preference: ['deviceId', '']

29-04-2025T12:08:58 - [MESSAGE][PASSED] - Started application: '/Users/gv.vignesh/Downloads/WGR-Android-Automation/App Folder/app-debug-2.99.75.apk'

29-04-2025T12:08:58 - [TEST_STEP][PASSED] - delay(10): Delayed 10 second(s)

29-04-2025T12:09:08 - [MESSAGE][PASSED] - Delayed 10 second(s)

29-04-2025T12:09:08 - [TEST_STEP][PASSED] - tap(findTestObject("Object Repository/VOA-Users/android.widget.Button - Login or Sign Up"), 0): Tapped on element 'Object Repository/VOA-Users/android.widget.Button - Login or Sign Up'

29-04-2025T12:09:08 - [MESSAGE][WARNING] - Timeout '0' is invalid. Using default page load timeout: '30'

29-04-2025T12:09:09 - [MESSAGE][PASSED] - Tapped on element 'Object Repository/VOA-Users/android.widget.Button - Login or Sign Up'

29-04-2025T12:09:09 - [TEST_STEP][PASSED] - delay(10): Delayed 10 second(s)

29-04-2025T12:09:19 - [MESSAGE][PASSED] - Delayed 10 second(s)

29-04-2025T12:09:19 - [TEST_STEP][PASSED] - setText(findTestObject("Object Repository/VOA-Users/android.widget.EditText"), "SELENAWB@GMAIL.COM", 0): Text 'SELENAWB@GMAIL.COM' has been set to element 'Object Repository/VOA-Users/android.widget.EditText'

29-04-2025T12:09:19 - [MESSAGE][WARNING] - Timeout '0' is invalid. Using default page load timeout: '30'

29-04-2025T12:09:20 - [MESSAGE][PASSED] - Text 'SELENAWB@GMAIL.COM' has been set to element 'Object Repository/VOA-Users/android.widget.EditText'

29-04-2025T12:09:20 - [TEST_STEP][PASSED] - hideKeyboard(): Keyboard is hidden

29-04-2025T12:09:23 - [MESSAGE][PASSED] - Keyboard is hidden

29-04-2025T12:09:23 - [TEST_STEP][PASSED] - delay(10): Delayed 10 second(s)

29-04-2025T12:09:33 - [MESSAGE][PASSED] - Delayed 10 second(s)

29-04-2025T12:09:33 - [TEST_STEP][PASSED] - tap(findTestObject("Object Repository/VOA-Users/android.widget.Button - Next"), 0): Tapped on element 'Object Repository/VOA-Users/android.widget.Button - Next'

29-04-2025T12:09:33 - [MESSAGE][WARNING] - Timeout '0' is invalid. Using default page load timeout: '30'

29-04-2025T12:09:33 - [MESSAGE][PASSED] - Tapped on element 'Object Repository/VOA-Users/android.widget.Button - Next'

29-04-2025T12:09:33 - [TEST_STEP][PASSED] - delay(40): Delayed 40 second(s)

29-04-2025T12:10:13 - [MESSAGE][PASSED] - Delayed 40 second(s)

29-04-2025T12:10:13 - [TEST_STEP][PASSED] - setText(findTestObject("Object Repository/VOA-Users/android.widget.EditText (1)"), "SELENAWB@GMAIL.COM", 0): Text 'SELENAWB@GMAIL.COM' has been set to element 'Object Repository/VOA-Users/android.widget.EditText (1)'

29-04-2025T12:10:13 - [MESSAGE][WARNING] - Timeout '0' is invalid. Using default page load timeout: '30'

29-04-2025T12:10:21 - [MESSAGE][PASSED] - Text 'SELENAWB@GMAIL.COM' has been set to element 'Object Repository/VOA-Users/android.widget.EditText (1)'

29-04-2025T12:10:21 - [TEST_STEP][PASSED] - hideKeyboard(): Keyboard is hidden

29-04-2025T12:10:24 - [MESSAGE][PASSED] - Keyboard is hidden

29-04-2025T12:10:24 - [TEST_STEP][PASSED] - delay(10): Delayed 10 second(s)

29-04-2025T12:10:34 - [MESSAGE][PASSED] - Delayed 10 second(s)

29-04-2025T12:10:34 - [TEST_STEP][PASSED] - setText(findTestObject("Object Repository/VOA-Users/android.widget.EditText (2)"), "password", 0): Text 'password' has been set to element 'Object Repository/VOA-Users/android.widget.EditText (2)'

29-04-2025T12:10:34 - [MESSAGE][WARNING] - Timeout '0' is invalid. Using default page load timeout: '30'

29-04-2025T12:10:34 - [MESSAGE][PASSED] - Text 'password' has been set to element 'Object Repository/VOA-Users/android.widget.EditText (2)'

29-04-2025T12:10:34 - [TEST_STEP][PASSED] - hideKeyboard(): Keyboard is hidden

29-04-2025T12:10:37 - [MESSAGE][PASSED] - Keyboard is hidden

29-04-2025T12:10:37 - [TEST_STEP][PASSED] - delay(10): Delayed 10 second(s)

29-04-2025T12:10:47 - [MESSAGE][PASSED] - Delayed 10 second(s)

29-04-2025T12:10:47 - [TEST_STEP][PASSED] - tap(findTestObject("Object Repository/VOA-Users/android.widget.Button - LOGIN"), 0): Tapped on element 'Object Repository/VOA-Users/android.widget.Button - LOGIN'

29-04-2025T12:10:47 - [MESSAGE][WARNING] - Timeout '0' is invalid. Using default page load timeout: '30'

29-04-2025T12:10:47 - [MESSAGE][PASSED] - Tapped on element 'Object Repository/VOA-Users/android.widget.Button - LOGIN'

29-04-2025T12:10:47 - [TEST_STEP][PASSED] - delay(10): Delayed 10 second(s)

29-04-2025T12:10:57 - [MESSAGE][PASSED] - Delayed 10 second(s)

29-04-2025T12:10:57 - [TEST_STEP][PASSED] - tap(findTestObject("Object Repository/VOA-Users/android.view.View - My Account"), 0): Tapped on element 'Object Repository/VOA-Users/android.view.View - My Account'

29-04-2025T12:10:57 - [MESSAGE][WARNING] - Timeout '0' is invalid. Using default page load timeout: '30'

29-04-2025T12:10:58 - [MESSAGE][PASSED] - Tapped on element 'Object Repository/VOA-Users/android.view.View - My Account'

29-04-2025T12:10:58 - [TEST_STEP][PASSED] - delay(10): Delayed 10 second(s)

29-04-2025T12:11:08 - [MESSAGE][PASSED] - Delayed 10 second(s)

29-04-2025T12:11:08 - [TEST_STEP][PASSED] - tap(findTestObject("Object Repository/VOA-Users/android.widget.Image"), 0): Tapped on element 'Object Repository/VOA-Users/android.widget.Image'

29-04-2025T12:11:08 - [MESSAGE][WARNING] - Timeout '0' is invalid. Using default page load timeout: '30'

29-04-2025T12:11:09 - [MESSAGE][PASSED] - Tapped on element 'Object Repository/VOA-Users/android.widget.Image'

29-04-2025T12:11:09 - [TEST_STEP][PASSED] - delay(10): Delayed 10 second(s)

29-04-2025T12:11:19 - [MESSAGE][PASSED] - Delayed 10 second(s)

29-04-2025T12:11:19 - [TEST_STEP][FAILED] - tap(findTestObject("Object Repository/VOA-Users/android.widget.TextView - Terms and Conditions"), 0): Failed to tap on element 'Object Repository/VOA-Users/android.widget.TextView - Terms and Conditions' (Root cause: com.kms.katalon.core.exception.StepFailedException: Failed to tap on element 'Object Repository/VOA-Users/android.widget.TextView - Terms and Conditions'
	at com.kms.katalon.core.mobile.keyword.internal.MobileKeywordMain.stepFailed(MobileKeywordMain.groovy:64)
	at com.kms.katalon.core.mobile.keyword.internal.MobileKeywordMain.runKeyword(MobileKeywordMain.groovy:34)
	at com.kms.katalon.core.mobile.keyword.builtin.TapKeyword.tap(TapKeyword.groovy:51)
	at com.kms.katalon.core.mobile.keyword.builtin.TapKeyword.execute(TapKeyword.groovy:35)
	at com.kms.katalon.core.keyword.internal.KeywordExecutor.executeKeywordForPlatform(KeywordExecutor.groovy:74)
	at com.kms.katalon.core.mobile.keyword.MobileBuiltInKeywords.tap(MobileBuiltInKeywords.groovy:1461)
	at C709_AddAccountNumber_Error_DOB_VOA_Users.run(C709_AddAccountNumber_Error_DOB_VOA_Users:87)
	at com.kms.katalon.core.main.ScriptEngine.run(ScriptEngine.java:194)
	at com.kms.katalon.core.main.ScriptEngine.runScriptAsRawText(ScriptEngine.java:119)
	at com.kms.katalon.core.main.TestCaseExecutor.runScript(TestCaseExecutor.java:448)
	at com.kms.katalon.core.main.TestCaseExecutor.doExecute(TestCaseExecutor.java:439)
	at com.kms.katalon.core.main.TestCaseExecutor.processExecutionPhase(TestCaseExecutor.java:418)
	at com.kms.katalon.core.main.TestCaseExecutor.accessMainPhase(TestCaseExecutor.java:410)
	at com.kms.katalon.core.main.TestCaseExecutor.execute(TestCaseExecutor.java:285)
	at com.kms.katalon.core.common.CommonExecutor.accessTestCaseMainPhase(CommonExecutor.java:71)
	at com.kms.katalon.core.main.TestSuiteExecutor.accessTestSuiteMainPhase(TestSuiteExecutor.java:160)
	at com.kms.katalon.core.main.TestSuiteExecutor.execute(TestSuiteExecutor.java:107)
	at com.kms.katalon.core.main.TestCaseMain.startTestSuite(TestCaseMain.java:180)
	at TempTestSuite1745903984460.run(TempTestSuite1745903984460.groovy:35)
	at java.base/jdk.internal.reflect.NativeMethodAccessorImpl.invoke0(Native Method)
	at java.base/jdk.internal.reflect.NativeMethodAccessorImpl.invoke(NativeMethodAccessorImpl.java:77)
	at java.base/jdk.internal.reflect.DelegatingMethodAccessorImpl.invoke(DelegatingMethodAccessorImpl.java:43)
Caused by: com.kms.katalon.core.exception.StepFailedException: Object Object Repository/VOA-Users/android.widget.TextView - Terms and Conditions not found
	at com.kms.katalon.core.mobile.keyword.internal.MobileKeywordMain.stepFailed(MobileKeywordMain.groovy:64)
	at com.kms.katalon.core.mobile.keyword.builtin.TapKeyword$_tap_closure1.doCall(TapKeyword.groovy:46)
	at com.kms.katalon.core.mobile.keyword.builtin.TapKeyword$_tap_closure1.call(TapKeyword.groovy)
	at com.kms.katalon.core.mobile.keyword.internal.MobileKeywordMain.runKeyword(MobileKeywordMain.groovy:30)
	... 20 more
)

29-04-2025T12:11:19 - [MESSAGE][WARNING] - Timeout '0' is invalid. Using default page load timeout: '30'

29-04-2025T12:11:51 - [MESSAGE][FAILED] - Object Object Repository/VOA-Users/android.widget.TextView - Terms and Conditions not found (Root cause: com.kms.katalon.core.exception.StepFailedException: Object Object Repository/VOA-Users/android.widget.TextView - Terms and Conditions not found
	at com.kms.katalon.core.mobile.keyword.internal.MobileKeywordMain.stepFailed(MobileKeywordMain.groovy:64)
	at com.kms.katalon.core.mobile.keyword.builtin.TapKeyword$_tap_closure1.doCall(TapKeyword.groovy:46)
	at com.kms.katalon.core.mobile.keyword.builtin.TapKeyword$_tap_closure1.call(TapKeyword.groovy)
	at com.kms.katalon.core.mobile.keyword.internal.MobileKeywordMain.runKeyword(MobileKeywordMain.groovy:30)
	at com.kms.katalon.core.mobile.keyword.builtin.TapKeyword.tap(TapKeyword.groovy:51)
	at com.kms.katalon.core.mobile.keyword.builtin.TapKeyword.execute(TapKeyword.groovy:35)
	at com.kms.katalon.core.keyword.internal.KeywordExecutor.executeKeywordForPlatform(KeywordExecutor.groovy:74)
	at com.kms.katalon.core.mobile.keyword.MobileBuiltInKeywords.tap(MobileBuiltInKeywords.groovy:1461)
	at C709_AddAccountNumber_Error_DOB_VOA_Users.run(C709_AddAccountNumber_Error_DOB_VOA_Users:87)
	at com.kms.katalon.core.main.ScriptEngine.run(ScriptEngine.java:194)
	at com.kms.katalon.core.main.ScriptEngine.runScriptAsRawText(ScriptEngine.java:119)
	at com.kms.katalon.core.main.TestCaseExecutor.runScript(TestCaseExecutor.java:448)
	at com.kms.katalon.core.main.TestCaseExecutor.doExecute(TestCaseExecutor.java:439)
	at com.kms.katalon.core.main.TestCaseExecutor.processExecutionPhase(TestCaseExecutor.java:418)
	at com.kms.katalon.core.main.TestCaseExecutor.accessMainPhase(TestCaseExecutor.java:410)
	at com.kms.katalon.core.main.TestCaseExecutor.execute(TestCaseExecutor.java:285)
	at com.kms.katalon.core.common.CommonExecutor.accessTestCaseMainPhase(CommonExecutor.java:71)
	at com.kms.katalon.core.main.TestSuiteExecutor.accessTestSuiteMainPhase(TestSuiteExecutor.java:160)
	at com.kms.katalon.core.main.TestSuiteExecutor.execute(TestSuiteExecutor.java:107)
	at com.kms.katalon.core.main.TestCaseMain.startTestSuite(TestCaseMain.java:180)
	at TempTestSuite1745903984460.run(TempTestSuite1745903984460.groovy:35)
	at java.base/jdk.internal.reflect.NativeMethodAccessorImpl.invoke0(Native Method)
	at java.base/jdk.internal.reflect.NativeMethodAccessorImpl.invoke(NativeMethodAccessorImpl.java:77)
	at java.base/jdk.internal.reflect.DelegatingMethodAccessorImpl.invoke(DelegatingMethodAccessorImpl.java:43)
)
[[ATTACHMENT|/Users/gv.vignesh/Downloads/WGR-Android-Automation/Reports/20250429_104944/Android Regression/20250429_104944/1745908909206.png]]

29-04-2025T12:11:52 - [MESSAGE][FAILED] - Failed to tap on element 'Object Repository/VOA-Users/android.widget.TextView - Terms and Conditions' (Root cause: com.kms.katalon.core.exception.StepFailedException: Failed to tap on element 'Object Repository/VOA-Users/android.widget.TextView - Terms and Conditions'
	at com.kms.katalon.core.mobile.keyword.internal.MobileKeywordMain.stepFailed(MobileKeywordMain.groovy:64)
	at com.kms.katalon.core.mobile.keyword.internal.MobileKeywordMain.runKeyword(MobileKeywordMain.groovy:34)
	at com.kms.katalon.core.mobile.keyword.builtin.TapKeyword.tap(TapKeyword.groovy:51)
	at com.kms.katalon.core.mobile.keyword.builtin.TapKeyword.execute(TapKeyword.groovy:35)
	at com.kms.katalon.core.keyword.internal.KeywordExecutor.executeKeywordForPlatform(KeywordExecutor.groovy:74)
	at com.kms.katalon.core.mobile.keyword.MobileBuiltInKeywords.tap(MobileBuiltInKeywords.groovy:1461)
	at C709_AddAccountNumber_Error_DOB_VOA_Users.run(C709_AddAccountNumber_Error_DOB_VOA_Users:87)
	at com.kms.katalon.core.main.ScriptEngine.run(ScriptEngine.java:194)
	at com.kms.katalon.core.main.ScriptEngine.runScriptAsRawText(ScriptEngine.java:119)
	at com.kms.katalon.core.main.TestCaseExecutor.runScript(TestCaseExecutor.java:448)
	at com.kms.katalon.core.main.TestCaseExecutor.doExecute(TestCaseExecutor.java:439)
	at com.kms.katalon.core.main.TestCaseExecutor.processExecutionPhase(TestCaseExecutor.java:418)
	at com.kms.katalon.core.main.TestCaseExecutor.accessMainPhase(TestCaseExecutor.java:410)
	at com.kms.katalon.core.main.TestCaseExecutor.execute(TestCaseExecutor.java:285)
	at com.kms.katalon.core.common.CommonExecutor.accessTestCaseMainPhase(CommonExecutor.java:71)
	at com.kms.katalon.core.main.TestSuiteExecutor.accessTestSuiteMainPhase(TestSuiteExecutor.java:160)
	at com.kms.katalon.core.main.TestSuiteExecutor.execute(TestSuiteExecutor.java:107)
	at com.kms.katalon.core.main.TestCaseMain.startTestSuite(TestCaseMain.java:180)
	at TempTestSuite1745903984460.run(TempTestSuite1745903984460.groovy:35)
	at java.base/jdk.internal.reflect.NativeMethodAccessorImpl.invoke0(Native Method)
	at java.base/jdk.internal.reflect.NativeMethodAccessorImpl.invoke(NativeMethodAccessorImpl.java:77)
	at java.base/jdk.internal.reflect.DelegatingMethodAccessorImpl.invoke(DelegatingMethodAccessorImpl.java:43)
Caused by: com.kms.katalon.core.exception.StepFailedException: Object Object Repository/VOA-Users/android.widget.TextView - Terms and Conditions not found
	at com.kms.katalon.core.mobile.keyword.internal.MobileKeywordMain.stepFailed(MobileKeywordMain.groovy:64)
	at com.kms.katalon.core.mobile.keyword.builtin.TapKeyword$_tap_closure1.doCall(TapKeyword.groovy:46)
	at com.kms.katalon.core.mobile.keyword.builtin.TapKeyword$_tap_closure1.call(TapKeyword.groovy)
	at com.kms.katalon.core.mobile.keyword.internal.MobileKeywordMain.runKeyword(MobileKeywordMain.groovy:30)
	... 20 more
)
[[ATTACHMENT|/Users/gv.vignesh/Downloads/WGR-Android-Automation/Reports/20250429_104944/Android Regression/20250429_104944/1745908911034.png]]]]></system-out>
         <system-err><![CDATA[29-04-2025T12:08:37 - [TEST_CASE][FAILED] - Test Cases/Add Account Number/C709_AddAccountNumber_Error_DOB_VOA_Users: Test Cases/Add Account Number/C709_AddAccountNumber_Error_DOB_VOA_Users FAILED.
Reason:
com.kms.katalon.core.exception.StepFailedException: Failed to tap on element 'Object Repository/VOA-Users/android.widget.TextView - Terms and Conditions'
	at com.kms.katalon.core.mobile.keyword.internal.MobileKeywordMain.stepFailed(MobileKeywordMain.groovy:64)
	at com.kms.katalon.core.mobile.keyword.internal.MobileKeywordMain.runKeyword(MobileKeywordMain.groovy:34)
	at com.kms.katalon.core.mobile.keyword.builtin.TapKeyword.tap(TapKeyword.groovy:51)
	at com.kms.katalon.core.mobile.keyword.builtin.TapKeyword.execute(TapKeyword.groovy:35)
	at com.kms.katalon.core.keyword.internal.KeywordExecutor.executeKeywordForPlatform(KeywordExecutor.groovy:74)
	at com.kms.katalon.core.mobile.keyword.MobileBuiltInKeywords.tap(MobileBuiltInKeywords.groovy:1461)
	at C709_AddAccountNumber_Error_DOB_VOA_Users.run(C709_AddAccountNumber_Error_DOB_VOA_Users:87)
	at com.kms.katalon.core.main.ScriptEngine.run(ScriptEngine.java:194)
	at com.kms.katalon.core.main.ScriptEngine.runScriptAsRawText(ScriptEngine.java:119)
	at com.kms.katalon.core.main.TestCaseExecutor.runScript(TestCaseExecutor.java:448)
	at com.kms.katalon.core.main.TestCaseExecutor.doExecute(TestCaseExecutor.java:439)
	at com.kms.katalon.core.main.TestCaseExecutor.processExecutionPhase(TestCaseExecutor.java:418)
	at com.kms.katalon.core.main.TestCaseExecutor.accessMainPhase(TestCaseExecutor.java:410)
	at com.kms.katalon.core.main.TestCaseExecutor.execute(TestCaseExecutor.java:285)
	at com.kms.katalon.core.common.CommonExecutor.accessTestCaseMainPhase(CommonExecutor.java:71)
	at com.kms.katalon.core.main.TestSuiteExecutor.accessTestSuiteMainPhase(TestSuiteExecutor.java:160)
	at com.kms.katalon.core.main.TestSuiteExecutor.execute(TestSuiteExecutor.java:107)
	at com.kms.katalon.core.main.TestCaseMain.startTestSuite(TestCaseMain.java:180)
	at TempTestSuite1745903984460.run(TempTestSuite1745903984460.groovy:35)
	at java.base/jdk.internal.reflect.NativeMethodAccessorImpl.invoke0(Native Method)
	at java.base/jdk.internal.reflect.NativeMethodAccessorImpl.invoke(NativeMethodAccessorImpl.java:77)
	at java.base/jdk.internal.reflect.DelegatingMethodAccessorImpl.invoke(DelegatingMethodAccessorImpl.java:43)
Caused by: com.kms.katalon.core.exception.StepFailedException: Object Object Repository/VOA-Users/android.widget.TextView - Terms and Conditions not found
	at com.kms.katalon.core.mobile.keyword.internal.MobileKeywordMain.stepFailed(MobileKeywordMain.groovy:64)
	at com.kms.katalon.core.mobile.keyword.builtin.TapKeyword$_tap_closure1.doCall(TapKeyword.groovy:46)
	at com.kms.katalon.core.mobile.keyword.builtin.TapKeyword$_tap_closure1.call(TapKeyword.groovy)
	at com.kms.katalon.core.mobile.keyword.internal.MobileKeywordMain.runKeyword(MobileKeywordMain.groovy:30)
	... 20 more]]></system-err>
      </testcase>
      <testcase name="Test Cases/Add Account Number/C710-C711_AddAccountNumber_Error)VOAUsers" time="196.4" classname="Test Cases/Add Account Number/C710-C711_AddAccountNumber_Error)VOAUsers" status="FAILED">
         <failure type="FAILED" message="Test Cases/Add Account Number/C710-C711_AddAccountNumber_Error)VOAUsers FAILED.&#xa;Reason:&#xa;com.kms.katalon.core.exception.StepFailedException: Failed to set text into element&#xa;	at com.kms.katalon.core.mobile.keyword.internal.MobileKeywordMain.stepFailed(MobileKeywordMain.groovy:64)&#xa;	at com.kms.katalon.core.mobile.keyword.internal.MobileKeywordMain.runKeyword(MobileKeywordMain.groovy:34)&#xa;	at com.kms.katalon.core.mobile.keyword.builtin.SetTextKeyword.setText(SetTextKeyword.groovy:62)&#xa;	at com.kms.katalon.core.mobile.keyword.builtin.SetTextKeyword.execute(SetTextKeyword.groovy:42)&#xa;	at com.kms.katalon.core.keyword.internal.KeywordExecutor.executeKeywordForPlatform(KeywordExecutor.groovy:74)&#xa;	at com.kms.katalon.core.mobile.keyword.MobileBuiltInKeywords.setText(MobileBuiltInKeywords.groovy:1278)&#xa;	at C710-C711_AddAccountNumber_Error)VOAUsers.run(C710-C711_AddAccountNumber_Error)VOAUsers:87)&#xa;	at com.kms.katalon.core.main.ScriptEngine.run(ScriptEngine.java:194)&#xa;	at com.kms.katalon.core.main.ScriptEngine.runScriptAsRawText(ScriptEngine.java:119)&#xa;	at com.kms.katalon.core.main.TestCaseExecutor.runScript(TestCaseExecutor.java:448)&#xa;	at com.kms.katalon.core.main.TestCaseExecutor.doExecute(TestCaseExecutor.java:439)&#xa;	at com.kms.katalon.core.main.TestCaseExecutor.processExecutionPhase(TestCaseExecutor.java:418)&#xa;	at com.kms.katalon.core.main.TestCaseExecutor.accessMainPhase(TestCaseExecutor.java:410)&#xa;	at com.kms.katalon.core.main.TestCaseExecutor.execute(TestCaseExecutor.java:285)&#xa;	at com.kms.katalon.core.common.CommonExecutor.accessTestCaseMainPhase(CommonExecutor.java:71)&#xa;	at com.kms.katalon.core.main.TestSuiteExecutor.accessTestSuiteMainPhase(TestSuiteExecutor.java:160)&#xa;	at com.kms.katalon.core.main.TestSuiteExecutor.execute(TestSuiteExecutor.java:107)&#xa;	at com.kms.katalon.core.main.TestCaseMain.startTestSuite(TestCaseMain.java:180)&#xa;	at TempTestSuite1745903984460.run(TempTestSuite1745903984460.groovy:35)&#xa;	at java.base/jdk.internal.reflect.NativeMethodAccessorImpl.invoke0(Native Method)&#xa;	at java.base/jdk.internal.reflect.NativeMethodAccessorImpl.invoke(NativeMethodAccessorImpl.java:77)&#xa;	at java.base/jdk.internal.reflect.DelegatingMethodAccessorImpl.invoke(DelegatingMethodAccessorImpl.java:43)&#xa;Caused by: com.kms.katalon.core.exception.StepFailedException: Object Object Repository/VOAusers/android.widget.EditText (3) not found&#xa;	at com.kms.katalon.core.mobile.keyword.internal.MobileKeywordMain.stepFailed(MobileKeywordMain.groovy:64)&#xa;	at com.kms.katalon.core.mobile.keyword.builtin.SetTextKeyword$_setText_closure1.doCall(SetTextKeyword.groovy:52)&#xa;	at com.kms.katalon.core.mobile.keyword.builtin.SetTextKeyword$_setText_closure1.call(SetTextKeyword.groovy)&#xa;	at com.kms.katalon.core.mobile.keyword.internal.MobileKeywordMain.runKeyword(MobileKeywordMain.groovy:30)&#xa;	... 20 more&#xa;"/>
         <system-out><![CDATA[29-04-2025T12:11:52 - [TEST_CASE][FAILED] - Test Cases/Add Account Number/C710-C711_AddAccountNumber_Error)VOAUsers: Test Cases/Add Account Number/C710-C711_AddAccountNumber_Error)VOAUsers FAILED.
Reason:
com.kms.katalon.core.exception.StepFailedException: Failed to set text into element
	at com.kms.katalon.core.mobile.keyword.internal.MobileKeywordMain.stepFailed(MobileKeywordMain.groovy:64)
	at com.kms.katalon.core.mobile.keyword.internal.MobileKeywordMain.runKeyword(MobileKeywordMain.groovy:34)
	at com.kms.katalon.core.mobile.keyword.builtin.SetTextKeyword.setText(SetTextKeyword.groovy:62)
	at com.kms.katalon.core.mobile.keyword.builtin.SetTextKeyword.execute(SetTextKeyword.groovy:42)
	at com.kms.katalon.core.keyword.internal.KeywordExecutor.executeKeywordForPlatform(KeywordExecutor.groovy:74)
	at com.kms.katalon.core.mobile.keyword.MobileBuiltInKeywords.setText(MobileBuiltInKeywords.groovy:1278)
	at C710-C711_AddAccountNumber_Error)VOAUsers.run(C710-C711_AddAccountNumber_Error)VOAUsers:87)
	at com.kms.katalon.core.main.ScriptEngine.run(ScriptEngine.java:194)
	at com.kms.katalon.core.main.ScriptEngine.runScriptAsRawText(ScriptEngine.java:119)
	at com.kms.katalon.core.main.TestCaseExecutor.runScript(TestCaseExecutor.java:448)
	at com.kms.katalon.core.main.TestCaseExecutor.doExecute(TestCaseExecutor.java:439)
	at com.kms.katalon.core.main.TestCaseExecutor.processExecutionPhase(TestCaseExecutor.java:418)
	at com.kms.katalon.core.main.TestCaseExecutor.accessMainPhase(TestCaseExecutor.java:410)
	at com.kms.katalon.core.main.TestCaseExecutor.execute(TestCaseExecutor.java:285)
	at com.kms.katalon.core.common.CommonExecutor.accessTestCaseMainPhase(CommonExecutor.java:71)
	at com.kms.katalon.core.main.TestSuiteExecutor.accessTestSuiteMainPhase(TestSuiteExecutor.java:160)
	at com.kms.katalon.core.main.TestSuiteExecutor.execute(TestSuiteExecutor.java:107)
	at com.kms.katalon.core.main.TestCaseMain.startTestSuite(TestCaseMain.java:180)
	at TempTestSuite1745903984460.run(TempTestSuite1745903984460.groovy:35)
	at java.base/jdk.internal.reflect.NativeMethodAccessorImpl.invoke0(Native Method)
	at java.base/jdk.internal.reflect.NativeMethodAccessorImpl.invoke(NativeMethodAccessorImpl.java:77)
	at java.base/jdk.internal.reflect.DelegatingMethodAccessorImpl.invoke(DelegatingMethodAccessorImpl.java:43)
Caused by: com.kms.katalon.core.exception.StepFailedException: Object Object Repository/VOAusers/android.widget.EditText (3) not found
	at com.kms.katalon.core.mobile.keyword.internal.MobileKeywordMain.stepFailed(MobileKeywordMain.groovy:64)
	at com.kms.katalon.core.mobile.keyword.builtin.SetTextKeyword$_setText_closure1.doCall(SetTextKeyword.groovy:52)
	at com.kms.katalon.core.mobile.keyword.builtin.SetTextKeyword$_setText_closure1.call(SetTextKeyword.groovy)
	at com.kms.katalon.core.mobile.keyword.internal.MobileKeywordMain.runKeyword(MobileKeywordMain.groovy:30)
	... 20 more


29-04-2025T12:11:52 - [TEST_STEP][PASSED] - startApplication(appUrl, true): Started application: '/Users/gv.vignesh/Downloads/WGR-Android-Automation/App Folder/app-debug-2.99.75.apk'

29-04-2025T12:11:52 - [MESSAGE][INFO] - Starting application: '/Users/gv.vignesh/Downloads/WGR-Android-Automation/App Folder/app-debug-2.99.75.apk'

29-04-2025T12:11:52 - [MESSAGE][INFO] - User set preference: ['uiautomator2ServerInstallTimeout', '0']

29-04-2025T12:11:52 - [MESSAGE][INFO] - User set preference: ['deviceId', '']

29-04-2025T12:12:16 - [MESSAGE][PASSED] - Started application: '/Users/gv.vignesh/Downloads/WGR-Android-Automation/App Folder/app-debug-2.99.75.apk'

29-04-2025T12:12:16 - [TEST_STEP][PASSED] - delay(10): Delayed 10 second(s)

29-04-2025T12:12:26 - [MESSAGE][PASSED] - Delayed 10 second(s)

29-04-2025T12:12:26 - [TEST_STEP][PASSED] - tap(findTestObject("Object Repository/VOAusers/android.widget.Button - Login or Sign Up"), 0): Tapped on element 'Object Repository/VOAusers/android.widget.Button - Login or Sign Up'

29-04-2025T12:12:26 - [MESSAGE][WARNING] - Timeout '0' is invalid. Using default page load timeout: '30'

29-04-2025T12:12:26 - [MESSAGE][PASSED] - Tapped on element 'Object Repository/VOAusers/android.widget.Button - Login or Sign Up'

29-04-2025T12:12:26 - [TEST_STEP][PASSED] - delay(10): Delayed 10 second(s)

29-04-2025T12:12:36 - [MESSAGE][PASSED] - Delayed 10 second(s)

29-04-2025T12:12:36 - [TEST_STEP][PASSED] - setText(findTestObject("Object Repository/VOAusers/android.widget.EditText"), "CGARNER024@GMAIL.COM", 0): Text 'CGARNER024@GMAIL.COM' has been set to element 'Object Repository/VOAusers/android.widget.EditText'

29-04-2025T12:12:36 - [MESSAGE][WARNING] - Timeout '0' is invalid. Using default page load timeout: '30'

29-04-2025T12:12:44 - [MESSAGE][PASSED] - Text 'CGARNER024@GMAIL.COM' has been set to element 'Object Repository/VOAusers/android.widget.EditText'

29-04-2025T12:12:44 - [TEST_STEP][PASSED] - hideKeyboard(): Keyboard is hidden

29-04-2025T12:12:47 - [MESSAGE][PASSED] - Keyboard is hidden

29-04-2025T12:12:47 - [TEST_STEP][PASSED] - delay(10): Delayed 10 second(s)

29-04-2025T12:12:57 - [MESSAGE][PASSED] - Delayed 10 second(s)

29-04-2025T12:12:57 - [TEST_STEP][PASSED] - tap(findTestObject("Object Repository/VOAusers/android.widget.Button - Next"), 0): Tapped on element 'Object Repository/VOAusers/android.widget.Button - Next'

29-04-2025T12:12:57 - [MESSAGE][WARNING] - Timeout '0' is invalid. Using default page load timeout: '30'

29-04-2025T12:12:57 - [MESSAGE][PASSED] - Tapped on element 'Object Repository/VOAusers/android.widget.Button - Next'

29-04-2025T12:12:57 - [TEST_STEP][PASSED] - delay(40): Delayed 40 second(s)

29-04-2025T12:13:37 - [MESSAGE][PASSED] - Delayed 40 second(s)

29-04-2025T12:13:37 - [TEST_STEP][PASSED] - setText(findTestObject("Object Repository/VOAusers/android.widget.EditText (1)"), "CGARNER024@GMAIL.COM", 0): Text 'CGARNER024@GMAIL.COM' has been set to element 'Object Repository/VOAusers/android.widget.EditText (1)'

29-04-2025T12:13:38 - [MESSAGE][WARNING] - Timeout '0' is invalid. Using default page load timeout: '30'

29-04-2025T12:13:38 - [MESSAGE][PASSED] - Text 'CGARNER024@GMAIL.COM' has been set to element 'Object Repository/VOAusers/android.widget.EditText (1)'

29-04-2025T12:13:38 - [TEST_STEP][PASSED] - hideKeyboard(): Keyboard is hidden

29-04-2025T12:13:41 - [MESSAGE][PASSED] - Keyboard is hidden

29-04-2025T12:13:41 - [TEST_STEP][PASSED] - delay(10): Delayed 10 second(s)

29-04-2025T12:13:51 - [MESSAGE][PASSED] - Delayed 10 second(s)

29-04-2025T12:13:51 - [TEST_STEP][PASSED] - setText(findTestObject("Object Repository/VOAusers/android.widget.EditText (2)"), "password", 0): Text 'password' has been set to element 'Object Repository/VOAusers/android.widget.EditText (2)'

29-04-2025T12:13:51 - [MESSAGE][WARNING] - Timeout '0' is invalid. Using default page load timeout: '30'

29-04-2025T12:13:52 - [MESSAGE][PASSED] - Text 'password' has been set to element 'Object Repository/VOAusers/android.widget.EditText (2)'

29-04-2025T12:13:52 - [TEST_STEP][PASSED] - hideKeyboard(): Keyboard is hidden

29-04-2025T12:13:54 - [MESSAGE][PASSED] - Keyboard is hidden

29-04-2025T12:13:54 - [TEST_STEP][PASSED] - delay(10): Delayed 10 second(s)

29-04-2025T12:14:04 - [MESSAGE][PASSED] - Delayed 10 second(s)

29-04-2025T12:14:04 - [TEST_STEP][PASSED] - tap(findTestObject("Object Repository/VOAusers/android.widget.Button - LOGIN"), 0): Tapped on element 'Object Repository/VOAusers/android.widget.Button - LOGIN'

29-04-2025T12:14:04 - [MESSAGE][WARNING] - Timeout '0' is invalid. Using default page load timeout: '30'

29-04-2025T12:14:04 - [MESSAGE][PASSED] - Tapped on element 'Object Repository/VOAusers/android.widget.Button - LOGIN'

29-04-2025T12:14:04 - [TEST_STEP][PASSED] - delay(10): Delayed 10 second(s)

29-04-2025T12:14:14 - [MESSAGE][PASSED] - Delayed 10 second(s)

29-04-2025T12:14:14 - [TEST_STEP][PASSED] - tap(findTestObject("Object Repository/VOAusers/android.view.View - My Account"), 0): Tapped on element 'Object Repository/VOAusers/android.view.View - My Account'

29-04-2025T12:14:14 - [MESSAGE][WARNING] - Timeout '0' is invalid. Using default page load timeout: '30'

29-04-2025T12:14:15 - [MESSAGE][PASSED] - Tapped on element 'Object Repository/VOAusers/android.view.View - My Account'

29-04-2025T12:14:15 - [TEST_STEP][PASSED] - delay(10): Delayed 10 second(s)

29-04-2025T12:14:25 - [MESSAGE][PASSED] - Delayed 10 second(s)

29-04-2025T12:14:25 - [TEST_STEP][PASSED] - tap(findTestObject("Object Repository/VOAusers/android.widget.TextView - Add An Account Number"), 0): Tapped on element 'Object Repository/VOAusers/android.widget.TextView - Add An Account Number'

29-04-2025T12:14:25 - [MESSAGE][WARNING] - Timeout '0' is invalid. Using default page load timeout: '30'

29-04-2025T12:14:26 - [MESSAGE][PASSED] - Tapped on element 'Object Repository/VOAusers/android.widget.TextView - Add An Account Number'

29-04-2025T12:14:26 - [TEST_STEP][PASSED] - delay(10): Delayed 10 second(s)

29-04-2025T12:14:36 - [MESSAGE][PASSED] - Delayed 10 second(s)

29-04-2025T12:14:36 - [TEST_STEP][FAILED] - setText(findTestObject("Object Repository/VOAusers/android.widget.EditText (3)"), "18702754", 0): Failed to set text into element (Root cause: com.kms.katalon.core.exception.StepFailedException: Failed to set text into element
	at com.kms.katalon.core.mobile.keyword.internal.MobileKeywordMain.stepFailed(MobileKeywordMain.groovy:64)
	at com.kms.katalon.core.mobile.keyword.internal.MobileKeywordMain.runKeyword(MobileKeywordMain.groovy:34)
	at com.kms.katalon.core.mobile.keyword.builtin.SetTextKeyword.setText(SetTextKeyword.groovy:62)
	at com.kms.katalon.core.mobile.keyword.builtin.SetTextKeyword.execute(SetTextKeyword.groovy:42)
	at com.kms.katalon.core.keyword.internal.KeywordExecutor.executeKeywordForPlatform(KeywordExecutor.groovy:74)
	at com.kms.katalon.core.mobile.keyword.MobileBuiltInKeywords.setText(MobileBuiltInKeywords.groovy:1278)
	at C710-C711_AddAccountNumber_Error)VOAUsers.run(C710-C711_AddAccountNumber_Error)VOAUsers:87)
	at com.kms.katalon.core.main.ScriptEngine.run(ScriptEngine.java:194)
	at com.kms.katalon.core.main.ScriptEngine.runScriptAsRawText(ScriptEngine.java:119)
	at com.kms.katalon.core.main.TestCaseExecutor.runScript(TestCaseExecutor.java:448)
	at com.kms.katalon.core.main.TestCaseExecutor.doExecute(TestCaseExecutor.java:439)
	at com.kms.katalon.core.main.TestCaseExecutor.processExecutionPhase(TestCaseExecutor.java:418)
	at com.kms.katalon.core.main.TestCaseExecutor.accessMainPhase(TestCaseExecutor.java:410)
	at com.kms.katalon.core.main.TestCaseExecutor.execute(TestCaseExecutor.java:285)
	at com.kms.katalon.core.common.CommonExecutor.accessTestCaseMainPhase(CommonExecutor.java:71)
	at com.kms.katalon.core.main.TestSuiteExecutor.accessTestSuiteMainPhase(TestSuiteExecutor.java:160)
	at com.kms.katalon.core.main.TestSuiteExecutor.execute(TestSuiteExecutor.java:107)
	at com.kms.katalon.core.main.TestCaseMain.startTestSuite(TestCaseMain.java:180)
	at TempTestSuite1745903984460.run(TempTestSuite1745903984460.groovy:35)
	at java.base/jdk.internal.reflect.NativeMethodAccessorImpl.invoke0(Native Method)
	at java.base/jdk.internal.reflect.NativeMethodAccessorImpl.invoke(NativeMethodAccessorImpl.java:77)
	at java.base/jdk.internal.reflect.DelegatingMethodAccessorImpl.invoke(DelegatingMethodAccessorImpl.java:43)
Caused by: com.kms.katalon.core.exception.StepFailedException: Object Object Repository/VOAusers/android.widget.EditText (3) not found
	at com.kms.katalon.core.mobile.keyword.internal.MobileKeywordMain.stepFailed(MobileKeywordMain.groovy:64)
	at com.kms.katalon.core.mobile.keyword.builtin.SetTextKeyword$_setText_closure1.doCall(SetTextKeyword.groovy:52)
	at com.kms.katalon.core.mobile.keyword.builtin.SetTextKeyword$_setText_closure1.call(SetTextKeyword.groovy)
	at com.kms.katalon.core.mobile.keyword.internal.MobileKeywordMain.runKeyword(MobileKeywordMain.groovy:30)
	... 20 more
)

29-04-2025T12:14:36 - [MESSAGE][WARNING] - Timeout '0' is invalid. Using default page load timeout: '30'

29-04-2025T12:15:07 - [MESSAGE][FAILED] - Object Object Repository/VOAusers/android.widget.EditText (3) not found (Root cause: com.kms.katalon.core.exception.StepFailedException: Object Object Repository/VOAusers/android.widget.EditText (3) not found
	at com.kms.katalon.core.mobile.keyword.internal.MobileKeywordMain.stepFailed(MobileKeywordMain.groovy:64)
	at com.kms.katalon.core.mobile.keyword.builtin.SetTextKeyword$_setText_closure1.doCall(SetTextKeyword.groovy:52)
	at com.kms.katalon.core.mobile.keyword.builtin.SetTextKeyword$_setText_closure1.call(SetTextKeyword.groovy)
	at com.kms.katalon.core.mobile.keyword.internal.MobileKeywordMain.runKeyword(MobileKeywordMain.groovy:30)
	at com.kms.katalon.core.mobile.keyword.builtin.SetTextKeyword.setText(SetTextKeyword.groovy:62)
	at com.kms.katalon.core.mobile.keyword.builtin.SetTextKeyword.execute(SetTextKeyword.groovy:42)
	at com.kms.katalon.core.keyword.internal.KeywordExecutor.executeKeywordForPlatform(KeywordExecutor.groovy:74)
	at com.kms.katalon.core.mobile.keyword.MobileBuiltInKeywords.setText(MobileBuiltInKeywords.groovy:1278)
	at C710-C711_AddAccountNumber_Error)VOAUsers.run(C710-C711_AddAccountNumber_Error)VOAUsers:87)
	at com.kms.katalon.core.main.ScriptEngine.run(ScriptEngine.java:194)
	at com.kms.katalon.core.main.ScriptEngine.runScriptAsRawText(ScriptEngine.java:119)
	at com.kms.katalon.core.main.TestCaseExecutor.runScript(TestCaseExecutor.java:448)
	at com.kms.katalon.core.main.TestCaseExecutor.doExecute(TestCaseExecutor.java:439)
	at com.kms.katalon.core.main.TestCaseExecutor.processExecutionPhase(TestCaseExecutor.java:418)
	at com.kms.katalon.core.main.TestCaseExecutor.accessMainPhase(TestCaseExecutor.java:410)
	at com.kms.katalon.core.main.TestCaseExecutor.execute(TestCaseExecutor.java:285)
	at com.kms.katalon.core.common.CommonExecutor.accessTestCaseMainPhase(CommonExecutor.java:71)
	at com.kms.katalon.core.main.TestSuiteExecutor.accessTestSuiteMainPhase(TestSuiteExecutor.java:160)
	at com.kms.katalon.core.main.TestSuiteExecutor.execute(TestSuiteExecutor.java:107)
	at com.kms.katalon.core.main.TestCaseMain.startTestSuite(TestCaseMain.java:180)
	at TempTestSuite1745903984460.run(TempTestSuite1745903984460.groovy:35)
	at java.base/jdk.internal.reflect.NativeMethodAccessorImpl.invoke0(Native Method)
	at java.base/jdk.internal.reflect.NativeMethodAccessorImpl.invoke(NativeMethodAccessorImpl.java:77)
	at java.base/jdk.internal.reflect.DelegatingMethodAccessorImpl.invoke(DelegatingMethodAccessorImpl.java:43)
)
[[ATTACHMENT|/Users/gv.vignesh/Downloads/WGR-Android-Automation/Reports/20250429_104944/Android Regression/20250429_104944/1745909106512.png]]

29-04-2025T12:15:08 - [MESSAGE][FAILED] - Failed to set text into element (Root cause: com.kms.katalon.core.exception.StepFailedException: Failed to set text into element
	at com.kms.katalon.core.mobile.keyword.internal.MobileKeywordMain.stepFailed(MobileKeywordMain.groovy:64)
	at com.kms.katalon.core.mobile.keyword.internal.MobileKeywordMain.runKeyword(MobileKeywordMain.groovy:34)
	at com.kms.katalon.core.mobile.keyword.builtin.SetTextKeyword.setText(SetTextKeyword.groovy:62)
	at com.kms.katalon.core.mobile.keyword.builtin.SetTextKeyword.execute(SetTextKeyword.groovy:42)
	at com.kms.katalon.core.keyword.internal.KeywordExecutor.executeKeywordForPlatform(KeywordExecutor.groovy:74)
	at com.kms.katalon.core.mobile.keyword.MobileBuiltInKeywords.setText(MobileBuiltInKeywords.groovy:1278)
	at C710-C711_AddAccountNumber_Error)VOAUsers.run(C710-C711_AddAccountNumber_Error)VOAUsers:87)
	at com.kms.katalon.core.main.ScriptEngine.run(ScriptEngine.java:194)
	at com.kms.katalon.core.main.ScriptEngine.runScriptAsRawText(ScriptEngine.java:119)
	at com.kms.katalon.core.main.TestCaseExecutor.runScript(TestCaseExecutor.java:448)
	at com.kms.katalon.core.main.TestCaseExecutor.doExecute(TestCaseExecutor.java:439)
	at com.kms.katalon.core.main.TestCaseExecutor.processExecutionPhase(TestCaseExecutor.java:418)
	at com.kms.katalon.core.main.TestCaseExecutor.accessMainPhase(TestCaseExecutor.java:410)
	at com.kms.katalon.core.main.TestCaseExecutor.execute(TestCaseExecutor.java:285)
	at com.kms.katalon.core.common.CommonExecutor.accessTestCaseMainPhase(CommonExecutor.java:71)
	at com.kms.katalon.core.main.TestSuiteExecutor.accessTestSuiteMainPhase(TestSuiteExecutor.java:160)
	at com.kms.katalon.core.main.TestSuiteExecutor.execute(TestSuiteExecutor.java:107)
	at com.kms.katalon.core.main.TestCaseMain.startTestSuite(TestCaseMain.java:180)
	at TempTestSuite1745903984460.run(TempTestSuite1745903984460.groovy:35)
	at java.base/jdk.internal.reflect.NativeMethodAccessorImpl.invoke0(Native Method)
	at java.base/jdk.internal.reflect.NativeMethodAccessorImpl.invoke(NativeMethodAccessorImpl.java:77)
	at java.base/jdk.internal.reflect.DelegatingMethodAccessorImpl.invoke(DelegatingMethodAccessorImpl.java:43)
Caused by: com.kms.katalon.core.exception.StepFailedException: Object Object Repository/VOAusers/android.widget.EditText (3) not found
	at com.kms.katalon.core.mobile.keyword.internal.MobileKeywordMain.stepFailed(MobileKeywordMain.groovy:64)
	at com.kms.katalon.core.mobile.keyword.builtin.SetTextKeyword$_setText_closure1.doCall(SetTextKeyword.groovy:52)
	at com.kms.katalon.core.mobile.keyword.builtin.SetTextKeyword$_setText_closure1.call(SetTextKeyword.groovy)
	at com.kms.katalon.core.mobile.keyword.internal.MobileKeywordMain.runKeyword(MobileKeywordMain.groovy:30)
	... 20 more
)
[[ATTACHMENT|/Users/gv.vignesh/Downloads/WGR-Android-Automation/Reports/20250429_104944/Android Regression/20250429_104944/1745909107901.png]]]]></system-out>
         <system-err><![CDATA[29-04-2025T12:11:52 - [TEST_CASE][FAILED] - Test Cases/Add Account Number/C710-C711_AddAccountNumber_Error)VOAUsers: Test Cases/Add Account Number/C710-C711_AddAccountNumber_Error)VOAUsers FAILED.
Reason:
com.kms.katalon.core.exception.StepFailedException: Failed to set text into element
	at com.kms.katalon.core.mobile.keyword.internal.MobileKeywordMain.stepFailed(MobileKeywordMain.groovy:64)
	at com.kms.katalon.core.mobile.keyword.internal.MobileKeywordMain.runKeyword(MobileKeywordMain.groovy:34)
	at com.kms.katalon.core.mobile.keyword.builtin.SetTextKeyword.setText(SetTextKeyword.groovy:62)
	at com.kms.katalon.core.mobile.keyword.builtin.SetTextKeyword.execute(SetTextKeyword.groovy:42)
	at com.kms.katalon.core.keyword.internal.KeywordExecutor.executeKeywordForPlatform(KeywordExecutor.groovy:74)
	at com.kms.katalon.core.mobile.keyword.MobileBuiltInKeywords.setText(MobileBuiltInKeywords.groovy:1278)
	at C710-C711_AddAccountNumber_Error)VOAUsers.run(C710-C711_AddAccountNumber_Error)VOAUsers:87)
	at com.kms.katalon.core.main.ScriptEngine.run(ScriptEngine.java:194)
	at com.kms.katalon.core.main.ScriptEngine.runScriptAsRawText(ScriptEngine.java:119)
	at com.kms.katalon.core.main.TestCaseExecutor.runScript(TestCaseExecutor.java:448)
	at com.kms.katalon.core.main.TestCaseExecutor.doExecute(TestCaseExecutor.java:439)
	at com.kms.katalon.core.main.TestCaseExecutor.processExecutionPhase(TestCaseExecutor.java:418)
	at com.kms.katalon.core.main.TestCaseExecutor.accessMainPhase(TestCaseExecutor.java:410)
	at com.kms.katalon.core.main.TestCaseExecutor.execute(TestCaseExecutor.java:285)
	at com.kms.katalon.core.common.CommonExecutor.accessTestCaseMainPhase(CommonExecutor.java:71)
	at com.kms.katalon.core.main.TestSuiteExecutor.accessTestSuiteMainPhase(TestSuiteExecutor.java:160)
	at com.kms.katalon.core.main.TestSuiteExecutor.execute(TestSuiteExecutor.java:107)
	at com.kms.katalon.core.main.TestCaseMain.startTestSuite(TestCaseMain.java:180)
	at TempTestSuite1745903984460.run(TempTestSuite1745903984460.groovy:35)
	at java.base/jdk.internal.reflect.NativeMethodAccessorImpl.invoke0(Native Method)
	at java.base/jdk.internal.reflect.NativeMethodAccessorImpl.invoke(NativeMethodAccessorImpl.java:77)
	at java.base/jdk.internal.reflect.DelegatingMethodAccessorImpl.invoke(DelegatingMethodAccessorImpl.java:43)
Caused by: com.kms.katalon.core.exception.StepFailedException: Object Object Repository/VOAusers/android.widget.EditText (3) not found
	at com.kms.katalon.core.mobile.keyword.internal.MobileKeywordMain.stepFailed(MobileKeywordMain.groovy:64)
	at com.kms.katalon.core.mobile.keyword.builtin.SetTextKeyword$_setText_closure1.doCall(SetTextKeyword.groovy:52)
	at com.kms.katalon.core.mobile.keyword.builtin.SetTextKeyword$_setText_closure1.call(SetTextKeyword.groovy)
	at com.kms.katalon.core.mobile.keyword.internal.MobileKeywordMain.runKeyword(MobileKeywordMain.groovy:30)
	... 20 more]]></system-err>
      </testcase>
      <testcase name="Test Cases/Add Account Number/C703_AddedAccountNumber_ErrorMessage" time="199.985" classname="Test Cases/Add Account Number/C703_AddedAccountNumber_ErrorMessage" status="PASSED">
         <system-out><![CDATA[29-04-2025T12:15:08 - [TEST_CASE][PASSED] - Test Cases/Add Account Number/C703_AddedAccountNumber_ErrorMessage: Test Cases/Add Account Number/C703_AddedAccountNumber_ErrorMessage

29-04-2025T12:15:08 - [TEST_STEP][PASSED] - startApplication("/Users/gv.vignesh/Downloads/app-debug-Version 2.99.68.apk", true): Started application: '/Users/gv.vignesh/Downloads/app-debug-Version 2.99.68.apk'

29-04-2025T12:15:08 - [MESSAGE][INFO] - Starting application: '/Users/gv.vignesh/Downloads/app-debug-Version 2.99.68.apk'

29-04-2025T12:15:08 - [MESSAGE][INFO] - User set preference: ['uiautomator2ServerInstallTimeout', '0']

29-04-2025T12:15:08 - [MESSAGE][INFO] - User set preference: ['deviceId', '']

29-04-2025T12:15:30 - [MESSAGE][PASSED] - Started application: '/Users/gv.vignesh/Downloads/app-debug-Version 2.99.68.apk'

29-04-2025T12:15:30 - [TEST_STEP][PASSED] - delay(10): Delayed 10 second(s)

29-04-2025T12:15:40 - [MESSAGE][PASSED] - Delayed 10 second(s)

29-04-2025T12:15:40 - [TEST_STEP][PASSED] - tap(findTestObject("Object Repository/C701-C702/android.widget.Button - Login or Sign Up"), 0): Tapped on element 'Object Repository/C701-C702/android.widget.Button - Login or Sign Up'

29-04-2025T12:15:40 - [MESSAGE][WARNING] - Timeout '0' is invalid. Using default page load timeout: '30'

29-04-2025T12:15:42 - [MESSAGE][PASSED] - Tapped on element 'Object Repository/C701-C702/android.widget.Button - Login or Sign Up'

29-04-2025T12:15:42 - [TEST_STEP][PASSED] - delay(10): Delayed 10 second(s)

29-04-2025T12:15:52 - [MESSAGE][PASSED] - Delayed 10 second(s)

29-04-2025T12:15:52 - [TEST_STEP][PASSED] - setText(findTestObject("Object Repository/C701-C702/android.widget.EditText"), "0425201TM@WG.COM", 0): Text '0425201TM@WG.COM' has been set to element 'Object Repository/C701-C702/android.widget.EditText'

29-04-2025T12:15:52 - [MESSAGE][WARNING] - Timeout '0' is invalid. Using default page load timeout: '30'

29-04-2025T12:15:53 - [MESSAGE][PASSED] - Text '0425201TM@WG.COM' has been set to element 'Object Repository/C701-C702/android.widget.EditText'

29-04-2025T12:15:53 - [TEST_STEP][PASSED] - hideKeyboard(): Keyboard is hidden

29-04-2025T12:15:56 - [MESSAGE][PASSED] - Keyboard is hidden

29-04-2025T12:15:56 - [TEST_STEP][PASSED] - delay(10): Delayed 10 second(s)

29-04-2025T12:16:06 - [MESSAGE][PASSED] - Delayed 10 second(s)

29-04-2025T12:16:06 - [TEST_STEP][PASSED] - tap(findTestObject("Object Repository/C701-C702/android.widget.Button - Next"), 0): Tapped on element 'Object Repository/C701-C702/android.widget.Button - Next'

29-04-2025T12:16:06 - [MESSAGE][WARNING] - Timeout '0' is invalid. Using default page load timeout: '30'

29-04-2025T12:16:07 - [MESSAGE][PASSED] - Tapped on element 'Object Repository/C701-C702/android.widget.Button - Next'

29-04-2025T12:16:07 - [TEST_STEP][PASSED] - delay(40): Delayed 40 second(s)

29-04-2025T12:16:47 - [MESSAGE][PASSED] - Delayed 40 second(s)

29-04-2025T12:16:47 - [TEST_STEP][PASSED] - setText(findTestObject("Object Repository/C701-C702/android.widget.EditText (1)"), "0425201TM@WG.COM", 0): Text '0425201TM@WG.COM' has been set to element 'Object Repository/C701-C702/android.widget.EditText (1)'

29-04-2025T12:16:47 - [MESSAGE][WARNING] - Timeout '0' is invalid. Using default page load timeout: '30'

29-04-2025T12:16:49 - [MESSAGE][PASSED] - Text '0425201TM@WG.COM' has been set to element 'Object Repository/C701-C702/android.widget.EditText (1)'

29-04-2025T12:16:49 - [TEST_STEP][PASSED] - hideKeyboard(): Keyboard is hidden

29-04-2025T12:16:51 - [MESSAGE][PASSED] - Keyboard is hidden

29-04-2025T12:16:51 - [TEST_STEP][PASSED] - delay(10): Delayed 10 second(s)

29-04-2025T12:17:01 - [MESSAGE][PASSED] - Delayed 10 second(s)

29-04-2025T12:17:01 - [TEST_STEP][PASSED] - setText(findTestObject("Object Repository/C701-C702/android.widget.EditText (2)"), "password", 0): Text 'password' has been set to element 'Object Repository/C701-C702/android.widget.EditText (2)'

29-04-2025T12:17:01 - [MESSAGE][WARNING] - Timeout '0' is invalid. Using default page load timeout: '30'

29-04-2025T12:17:02 - [MESSAGE][PASSED] - Text 'password' has been set to element 'Object Repository/C701-C702/android.widget.EditText (2)'

29-04-2025T12:17:02 - [TEST_STEP][PASSED] - hideKeyboard(): Keyboard is hidden

29-04-2025T12:17:04 - [MESSAGE][PASSED] - Keyboard is hidden

29-04-2025T12:17:04 - [TEST_STEP][PASSED] - delay(10): Delayed 10 second(s)

29-04-2025T12:17:14 - [MESSAGE][PASSED] - Delayed 10 second(s)

29-04-2025T12:17:14 - [TEST_STEP][PASSED] - tap(findTestObject("Object Repository/C701-C702/android.widget.Button - LOGIN"), 0): Tapped on element 'Object Repository/C701-C702/android.widget.Button - LOGIN'

29-04-2025T12:17:14 - [MESSAGE][WARNING] - Timeout '0' is invalid. Using default page load timeout: '30'

29-04-2025T12:17:15 - [MESSAGE][PASSED] - Tapped on element 'Object Repository/C701-C702/android.widget.Button - LOGIN'

29-04-2025T12:17:15 - [TEST_STEP][PASSED] - delay(10): Delayed 10 second(s)

29-04-2025T12:17:25 - [MESSAGE][PASSED] - Delayed 10 second(s)

29-04-2025T12:17:25 - [TEST_STEP][PASSED] - tap(findTestObject("Object Repository/C701-C702/android.widget.TextView - My Account"), 0): Tapped on element 'Object Repository/C701-C702/android.widget.TextView - My Account'

29-04-2025T12:17:25 - [MESSAGE][WARNING] - Timeout '0' is invalid. Using default page load timeout: '30'

29-04-2025T12:17:26 - [MESSAGE][PASSED] - Tapped on element 'Object Repository/C701-C702/android.widget.TextView - My Account'

29-04-2025T12:17:26 - [TEST_STEP][PASSED] - delay(10): Delayed 10 second(s)

29-04-2025T12:17:36 - [MESSAGE][PASSED] - Delayed 10 second(s)

29-04-2025T12:17:36 - [TEST_STEP][PASSED] - tap(findTestObject("Object Repository/C701-C702/android.widget.TextView - Add An Account Number"), 0): Tapped on element 'Object Repository/C701-C702/android.widget.TextView - Add An Account Number'

29-04-2025T12:17:36 - [MESSAGE][WARNING] - Timeout '0' is invalid. Using default page load timeout: '30'

29-04-2025T12:17:36 - [MESSAGE][PASSED] - Tapped on element 'Object Repository/C701-C702/android.widget.TextView - Add An Account Number'

29-04-2025T12:17:36 - [TEST_STEP][PASSED] - delay(10): Delayed 10 second(s)

29-04-2025T12:17:46 - [MESSAGE][PASSED] - Delayed 10 second(s)

29-04-2025T12:17:46 - [TEST_STEP][PASSED] - setText(findTestObject("Object Repository/C701-C702/android.widget.EditText (5)"), "99868581242", 0): Text '99868581242' has been set to element 'Object Repository/C701-C702/android.widget.EditText (5)'

29-04-2025T12:17:46 - [MESSAGE][WARNING] - Timeout '0' is invalid. Using default page load timeout: '30'

29-04-2025T12:17:53 - [MESSAGE][PASSED] - Text '99868581242' has been set to element 'Object Repository/C701-C702/android.widget.EditText (5)'

29-04-2025T12:17:53 - [TEST_STEP][PASSED] - delay(10): Delayed 10 second(s)

29-04-2025T12:18:03 - [MESSAGE][PASSED] - Delayed 10 second(s)

29-04-2025T12:18:03 - [TEST_STEP][PASSED] - tap(findTestObject("Object Repository/C701-C702/android.widget.Button - Next (1)"), 0): Tapped on element 'Object Repository/C701-C702/android.widget.Button - Next (1)'

29-04-2025T12:18:03 - [MESSAGE][WARNING] - Timeout '0' is invalid. Using default page load timeout: '30'

29-04-2025T12:18:04 - [MESSAGE][PASSED] - Tapped on element 'Object Repository/C701-C702/android.widget.Button - Next (1)'

29-04-2025T12:18:04 - [TEST_STEP][PASSED] - delay(10): Delayed 10 second(s)

29-04-2025T12:18:14 - [MESSAGE][PASSED] - Delayed 10 second(s)

29-04-2025T12:18:14 - [TEST_STEP][PASSED] - assert verifyElementExist(findTestObject("Object Repository/C701-C702/android.widget.TextView - Error"), 0): Element 'Object Repository/C701-C702/android.widget.TextView - Error' is exist

29-04-2025T12:18:14 - [MESSAGE][WARNING] - Timeout '0' is invalid. Using default page load timeout: '30'

29-04-2025T12:18:23 - [MESSAGE][PASSED] - Element 'Object Repository/C701-C702/android.widget.TextView - Error' is exist

29-04-2025T12:18:23 - [TEST_STEP][PASSED] - assert verifyElementExist(findTestObject("Object Repository/C701-C702/android.widget.TextView - Your account number could not be found. Please try again"), 0): Element 'Object Repository/C701-C702/android.widget.TextView - Your account number could not be found. Please try again' is exist

29-04-2025T12:18:23 - [MESSAGE][WARNING] - Timeout '0' is invalid. Using default page load timeout: '30'

29-04-2025T12:18:23 - [MESSAGE][PASSED] - Element 'Object Repository/C701-C702/android.widget.TextView - Your account number could not be found. Please try again' is exist

29-04-2025T12:18:23 - [TEST_STEP][PASSED] - assert verifyElementExist(findTestObject("Object Repository/C701-C702/android.widget.Button - Try Again"), 0): Element 'Object Repository/C701-C702/android.widget.Button - Try Again' is exist

29-04-2025T12:18:23 - [MESSAGE][WARNING] - Timeout '0' is invalid. Using default page load timeout: '30'

29-04-2025T12:18:23 - [MESSAGE][PASSED] - Element 'Object Repository/C701-C702/android.widget.Button - Try Again' is exist

29-04-2025T12:18:23 - [TEST_STEP][PASSED] - closeApplication(): Close app successfully

29-04-2025T12:18:28 - [MESSAGE][INFO] - The process with PID 4,998 wasnt terminated, error: {1}

29-04-2025T12:18:28 - [MESSAGE][PASSED] - Close app successfully]]></system-out>
         <system-err><![CDATA[]]></system-err>
      </testcase>
      <testcase name="Test Cases/My Stay And Reservations/C741_MyStayAndReservations_ErrorVerification" time="254.617" classname="Test Cases/My Stay And Reservations/C741_MyStayAndReservations_ErrorVerification" status="FAILED">
         <failure type="FAILED" message="Test Cases/My Stay And Reservations/C741_MyStayAndReservations_ErrorVerification FAILED.&#xa;Reason:&#xa;com.kms.katalon.core.exception.StepFailedException: Failed to check for element 'Object Repository/MystayReservation/android.widget.TextView - Sorry. Your reservation could not be added. Please try again' exist&#xa;	at com.kms.katalon.core.mobile.keyword.internal.MobileKeywordMain.stepFailed(MobileKeywordMain.groovy:64)&#xa;	at com.kms.katalon.core.mobile.keyword.internal.MobileKeywordMain.runKeyword(MobileKeywordMain.groovy:34)&#xa;	at com.kms.katalon.core.mobile.keyword.builtin.VerifyElementExistKeyword.verifyElementExist(VerifyElementExistKeyword.groovy:51)&#xa;	at com.kms.katalon.core.mobile.keyword.builtin.VerifyElementExistKeyword.execute(VerifyElementExistKeyword.groovy:35)&#xa;	at com.kms.katalon.core.keyword.internal.KeywordExecutor.executeKeywordForPlatform(KeywordExecutor.groovy:74)&#xa;	at com.kms.katalon.core.mobile.keyword.MobileBuiltInKeywords.verifyElementExist(MobileBuiltInKeywords.groovy:1726)&#xa;	at C741_MyStayAndReservations_ErrorVerification.run(C741_MyStayAndReservations_ErrorVerification:81)&#xa;	at com.kms.katalon.core.main.ScriptEngine.run(ScriptEngine.java:194)&#xa;	at com.kms.katalon.core.main.ScriptEngine.runScriptAsRawText(ScriptEngine.java:119)&#xa;	at com.kms.katalon.core.main.TestCaseExecutor.runScript(TestCaseExecutor.java:448)&#xa;	at com.kms.katalon.core.main.TestCaseExecutor.doExecute(TestCaseExecutor.java:439)&#xa;	at com.kms.katalon.core.main.TestCaseExecutor.processExecutionPhase(TestCaseExecutor.java:418)&#xa;	at com.kms.katalon.core.main.TestCaseExecutor.accessMainPhase(TestCaseExecutor.java:410)&#xa;	at com.kms.katalon.core.main.TestCaseExecutor.execute(TestCaseExecutor.java:285)&#xa;	at com.kms.katalon.core.common.CommonExecutor.accessTestCaseMainPhase(CommonExecutor.java:71)&#xa;	at com.kms.katalon.core.main.TestSuiteExecutor.accessTestSuiteMainPhase(TestSuiteExecutor.java:160)&#xa;	at com.kms.katalon.core.main.TestSuiteExecutor.execute(TestSuiteExecutor.java:107)&#xa;	at com.kms.katalon.core.main.TestCaseMain.startTestSuite(TestCaseMain.java:180)&#xa;	at TempTestSuite1745903984460.run(TempTestSuite1745903984460.groovy:35)&#xa;	at java.base/jdk.internal.reflect.NativeMethodAccessorImpl.invoke0(Native Method)&#xa;	at java.base/jdk.internal.reflect.NativeMethodAccessorImpl.invoke(NativeMethodAccessorImpl.java:77)&#xa;	at java.base/jdk.internal.reflect.DelegatingMethodAccessorImpl.invoke(DelegatingMethodAccessorImpl.java:43)&#xa;Caused by: com.kms.katalon.core.exception.StepFailedException: Element 'Object Repository/MystayReservation/android.widget.TextView - Sorry. Your reservation could not be added. Please try again' not found&#xa;	at com.kms.katalon.core.mobile.keyword.internal.MobileKeywordMain.stepFailed(MobileKeywordMain.groovy:64)&#xa;	at com.kms.katalon.core.mobile.keyword.builtin.VerifyElementExistKeyword$_verifyElementExist_closure1.doCall(VerifyElementExistKeyword.groovy:48)&#xa;	at com.kms.katalon.core.mobile.keyword.builtin.VerifyElementExistKeyword$_verifyElementExist_closure1.call(VerifyElementExistKeyword.groovy)&#xa;	at com.kms.katalon.core.mobile.keyword.internal.MobileKeywordMain.runKeyword(MobileKeywordMain.groovy:30)&#xa;	... 20 more&#xa;"/>
         <system-out><![CDATA[29-04-2025T12:18:28 - [TEST_CASE][FAILED] - Test Cases/My Stay And Reservations/C741_MyStayAndReservations_ErrorVerification: Test Cases/My Stay And Reservations/C741_MyStayAndReservations_ErrorVerification FAILED.
Reason:
com.kms.katalon.core.exception.StepFailedException: Failed to check for element 'Object Repository/MystayReservation/android.widget.TextView - Sorry. Your reservation could not be added. Please try again' exist
	at com.kms.katalon.core.mobile.keyword.internal.MobileKeywordMain.stepFailed(MobileKeywordMain.groovy:64)
	at com.kms.katalon.core.mobile.keyword.internal.MobileKeywordMain.runKeyword(MobileKeywordMain.groovy:34)
	at com.kms.katalon.core.mobile.keyword.builtin.VerifyElementExistKeyword.verifyElementExist(VerifyElementExistKeyword.groovy:51)
	at com.kms.katalon.core.mobile.keyword.builtin.VerifyElementExistKeyword.execute(VerifyElementExistKeyword.groovy:35)
	at com.kms.katalon.core.keyword.internal.KeywordExecutor.executeKeywordForPlatform(KeywordExecutor.groovy:74)
	at com.kms.katalon.core.mobile.keyword.MobileBuiltInKeywords.verifyElementExist(MobileBuiltInKeywords.groovy:1726)
	at C741_MyStayAndReservations_ErrorVerification.run(C741_MyStayAndReservations_ErrorVerification:81)
	at com.kms.katalon.core.main.ScriptEngine.run(ScriptEngine.java:194)
	at com.kms.katalon.core.main.ScriptEngine.runScriptAsRawText(ScriptEngine.java:119)
	at com.kms.katalon.core.main.TestCaseExecutor.runScript(TestCaseExecutor.java:448)
	at com.kms.katalon.core.main.TestCaseExecutor.doExecute(TestCaseExecutor.java:439)
	at com.kms.katalon.core.main.TestCaseExecutor.processExecutionPhase(TestCaseExecutor.java:418)
	at com.kms.katalon.core.main.TestCaseExecutor.accessMainPhase(TestCaseExecutor.java:410)
	at com.kms.katalon.core.main.TestCaseExecutor.execute(TestCaseExecutor.java:285)
	at com.kms.katalon.core.common.CommonExecutor.accessTestCaseMainPhase(CommonExecutor.java:71)
	at com.kms.katalon.core.main.TestSuiteExecutor.accessTestSuiteMainPhase(TestSuiteExecutor.java:160)
	at com.kms.katalon.core.main.TestSuiteExecutor.execute(TestSuiteExecutor.java:107)
	at com.kms.katalon.core.main.TestCaseMain.startTestSuite(TestCaseMain.java:180)
	at TempTestSuite1745903984460.run(TempTestSuite1745903984460.groovy:35)
	at java.base/jdk.internal.reflect.NativeMethodAccessorImpl.invoke0(Native Method)
	at java.base/jdk.internal.reflect.NativeMethodAccessorImpl.invoke(NativeMethodAccessorImpl.java:77)
	at java.base/jdk.internal.reflect.DelegatingMethodAccessorImpl.invoke(DelegatingMethodAccessorImpl.java:43)
Caused by: com.kms.katalon.core.exception.StepFailedException: Element 'Object Repository/MystayReservation/android.widget.TextView - Sorry. Your reservation could not be added. Please try again' not found
	at com.kms.katalon.core.mobile.keyword.internal.MobileKeywordMain.stepFailed(MobileKeywordMain.groovy:64)
	at com.kms.katalon.core.mobile.keyword.builtin.VerifyElementExistKeyword$_verifyElementExist_closure1.doCall(VerifyElementExistKeyword.groovy:48)
	at com.kms.katalon.core.mobile.keyword.builtin.VerifyElementExistKeyword$_verifyElementExist_closure1.call(VerifyElementExistKeyword.groovy)
	at com.kms.katalon.core.mobile.keyword.internal.MobileKeywordMain.runKeyword(MobileKeywordMain.groovy:30)
	... 20 more


29-04-2025T12:18:28 - [TEST_STEP][PASSED] - startApplication("/Users/gv.vignesh/Downloads/app-debug-Version-2.99.70.apk", true): Started application: '/Users/gv.vignesh/Downloads/app-debug-Version-2.99.70.apk'

29-04-2025T12:18:28 - [MESSAGE][INFO] - Starting application: '/Users/gv.vignesh/Downloads/app-debug-Version-2.99.70.apk'

29-04-2025T12:18:28 - [MESSAGE][INFO] - User set preference: ['uiautomator2ServerInstallTimeout', '0']

29-04-2025T12:18:28 - [MESSAGE][INFO] - User set preference: ['deviceId', '']

29-04-2025T12:18:28 - [MESSAGE][INFO] - Detected NodeJS location: "/opt/homebrew/Cellar/node/23.10.0_1/bin/node"

29-04-2025T12:18:28 - [MESSAGE][INFO] - PATH: /opt/homebrew/Cellar/node/23.10.0_1/bin:/opt/homebrew/bin:/usr/bin:/bin:/usr/sbin:/sbin:/Applications/Katalon Studio Enterprise.app/Contents/Eclipse/jre/Contents/Home/bin:/usr/local/bin/

29-04-2025T12:18:28 - [MESSAGE][INFO] - APPIUM_HOME: /Users/gv.vignesh/.appium

29-04-2025T12:18:28 - [MESSAGE][INFO] - appium outlog: /Users/gv.vignesh/Downloads/WGR-Android-Automation/Reports/20250429_104944/Android Regression/20250429_104944/appium.log

29-04-2025T12:18:28 - [MESSAGE][INFO] - appium errlog: /Users/gv.vignesh/Downloads/WGR-Android-Automation/Reports/20250429_104944/Android Regression/20250429_104944/appium_error.log

29-04-2025T12:18:30 - [MESSAGE][INFO] - Appium server started on port 60,443

29-04-2025T12:18:51 - [MESSAGE][PASSED] - Started application: '/Users/gv.vignesh/Downloads/app-debug-Version-2.99.70.apk'

29-04-2025T12:18:51 - [TEST_STEP][PASSED] - delay(10): Delayed 10 second(s)

29-04-2025T12:19:01 - [MESSAGE][PASSED] - Delayed 10 second(s)

29-04-2025T12:19:01 - [TEST_STEP][PASSED] - "--- AUTHENTICATION FLOW ---": null

29-04-2025T12:19:01 - [TEST_STEP][PASSED] - tap(findTestObject("Object Repository/MystayReservation/android.widget.Button - Login or Sign Up"), 0): Tapped on element 'Object Repository/MystayReservation/android.widget.Button - Login or Sign Up'

29-04-2025T12:19:01 - [MESSAGE][WARNING] - Timeout '0' is invalid. Using default page load timeout: '30'

29-04-2025T12:19:02 - [MESSAGE][PASSED] - Tapped on element 'Object Repository/MystayReservation/android.widget.Button - Login or Sign Up'

29-04-2025T12:19:02 - [TEST_STEP][PASSED] - delay(10): Delayed 10 second(s)

29-04-2025T12:19:12 - [MESSAGE][PASSED] - Delayed 10 second(s)

29-04-2025T12:19:12 - [TEST_STEP][PASSED] - setText(findTestObject("Object Repository/MystayReservation/android.widget.EditText"), "PEPOKLE@HOTMAIL.COM", 0): Text 'PEPOKLE@HOTMAIL.COM' has been set to element 'Object Repository/MystayReservation/android.widget.EditText'

29-04-2025T12:19:12 - [MESSAGE][WARNING] - Timeout '0' is invalid. Using default page load timeout: '30'

29-04-2025T12:19:13 - [MESSAGE][PASSED] - Text 'PEPOKLE@HOTMAIL.COM' has been set to element 'Object Repository/MystayReservation/android.widget.EditText'

29-04-2025T12:19:13 - [TEST_STEP][PASSED] - hideKeyboard(): Keyboard is hidden

29-04-2025T12:19:16 - [MESSAGE][PASSED] - Keyboard is hidden

29-04-2025T12:19:16 - [TEST_STEP][PASSED] - delay(10): Delayed 10 second(s)

29-04-2025T12:19:26 - [MESSAGE][PASSED] - Delayed 10 second(s)

29-04-2025T12:19:26 - [TEST_STEP][PASSED] - tap(findTestObject("Object Repository/MystayReservation/android.widget.Button - Next"), 0): Tapped on element 'Object Repository/MystayReservation/android.widget.Button - Next'

29-04-2025T12:19:26 - [MESSAGE][WARNING] - Timeout '0' is invalid. Using default page load timeout: '30'

29-04-2025T12:19:26 - [MESSAGE][PASSED] - Tapped on element 'Object Repository/MystayReservation/android.widget.Button - Next'

29-04-2025T12:19:26 - [TEST_STEP][PASSED] - delay(40): Delayed 40 second(s)

29-04-2025T12:20:06 - [MESSAGE][PASSED] - Delayed 40 second(s)

29-04-2025T12:20:06 - [TEST_STEP][PASSED] - setText(findTestObject("Object Repository/MystayReservation/android.widget.EditText (1)"), "PEPOKLE@HOTMAIL.COM", 0): Text 'PEPOKLE@HOTMAIL.COM' has been set to element 'Object Repository/MystayReservation/android.widget.EditText (1)'

29-04-2025T12:20:06 - [MESSAGE][WARNING] - Timeout '0' is invalid. Using default page load timeout: '30'

29-04-2025T12:20:07 - [MESSAGE][PASSED] - Text 'PEPOKLE@HOTMAIL.COM' has been set to element 'Object Repository/MystayReservation/android.widget.EditText (1)'

29-04-2025T12:20:07 - [TEST_STEP][PASSED] - hideKeyboard(): Keyboard is hidden

29-04-2025T12:20:07 - [MESSAGE][PASSED] - Keyboard is hidden

29-04-2025T12:20:07 - [TEST_STEP][PASSED] - delay(10): Delayed 10 second(s)

29-04-2025T12:20:17 - [MESSAGE][PASSED] - Delayed 10 second(s)

29-04-2025T12:20:17 - [TEST_STEP][PASSED] - setText(findTestObject("Object Repository/MystayReservation/android.widget.EditText (2)"), "password", 0): Text 'password' has been set to element 'Object Repository/MystayReservation/android.widget.EditText (2)'

29-04-2025T12:20:17 - [MESSAGE][WARNING] - Timeout '0' is invalid. Using default page load timeout: '30'

29-04-2025T12:20:20 - [MESSAGE][PASSED] - Text 'password' has been set to element 'Object Repository/MystayReservation/android.widget.EditText (2)'

29-04-2025T12:20:20 - [TEST_STEP][PASSED] - hideKeyboard(): Keyboard is hidden

29-04-2025T12:20:22 - [MESSAGE][PASSED] - Keyboard is hidden

29-04-2025T12:20:22 - [TEST_STEP][PASSED] - delay(5): Delayed 5 second(s)

29-04-2025T12:20:27 - [MESSAGE][PASSED] - Delayed 5 second(s)

29-04-2025T12:20:27 - [TEST_STEP][PASSED] - tap(findTestObject("Object Repository/MystayReservation/android.widget.Button - LOGIN"), 0): Tapped on element 'Object Repository/MystayReservation/android.widget.Button - LOGIN'

29-04-2025T12:20:27 - [MESSAGE][WARNING] - Timeout '0' is invalid. Using default page load timeout: '30'

29-04-2025T12:20:28 - [MESSAGE][PASSED] - Tapped on element 'Object Repository/MystayReservation/android.widget.Button - LOGIN'

29-04-2025T12:20:28 - [TEST_STEP][PASSED] - delay(15): Delayed 15 second(s)

29-04-2025T12:20:43 - [MESSAGE][PASSED] - Delayed 15 second(s)

29-04-2025T12:20:43 - [TEST_STEP][PASSED] - "--- RESERVATION FLOW ---": null

29-04-2025T12:20:43 - [TEST_STEP][PASSED] - tap(findTestObject("Object Repository/MystayReservation/android.view.View - My Stay"), 0): Tapped on element 'Object Repository/MystayReservation/android.view.View - My Stay'

29-04-2025T12:20:43 - [MESSAGE][WARNING] - Timeout '0' is invalid. Using default page load timeout: '30'

29-04-2025T12:20:44 - [MESSAGE][PASSED] - Tapped on element 'Object Repository/MystayReservation/android.view.View - My Stay'

29-04-2025T12:20:44 - [TEST_STEP][PASSED] - delay(10): Delayed 10 second(s)

29-04-2025T12:20:54 - [MESSAGE][PASSED] - Delayed 10 second(s)

29-04-2025T12:20:54 - [TEST_STEP][PASSED] - tap(findTestObject("Object Repository/MystayReservation/android.widget.Button - ADD A RESERVATION"), 0): Tapped on element 'Object Repository/MystayReservation/android.widget.Button - ADD A RESERVATION'

29-04-2025T12:20:54 - [MESSAGE][WARNING] - Timeout '0' is invalid. Using default page load timeout: '30'

29-04-2025T12:20:55 - [MESSAGE][PASSED] - Tapped on element 'Object Repository/MystayReservation/android.widget.Button - ADD A RESERVATION'

29-04-2025T12:20:55 - [TEST_STEP][PASSED] - delay(10): Delayed 10 second(s)

29-04-2025T12:21:05 - [MESSAGE][PASSED] - Delayed 10 second(s)

29-04-2025T12:21:05 - [TEST_STEP][PASSED] - setText(findTestObject("Object Repository/MystayReservation/android.widget.EditText (3)"), "18250674", 0): Text '18250674' has been set to element 'Object Repository/MystayReservation/android.widget.EditText (3)'

29-04-2025T12:21:05 - [MESSAGE][WARNING] - Timeout '0' is invalid. Using default page load timeout: '30'

29-04-2025T12:21:05 - [MESSAGE][PASSED] - Text '18250674' has been set to element 'Object Repository/MystayReservation/android.widget.EditText (3)'

29-04-2025T12:21:05 - [TEST_STEP][PASSED] - hideKeyboard(): Keyboard is hidden

29-04-2025T12:21:08 - [MESSAGE][PASSED] - Keyboard is hidden

29-04-2025T12:21:08 - [TEST_STEP][PASSED] - delay(10): Delayed 10 second(s)

29-04-2025T12:21:18 - [MESSAGE][PASSED] - Delayed 10 second(s)

29-04-2025T12:21:18 - [TEST_STEP][PASSED] - tap(findTestObject("Object Repository/MystayReservation/android.widget.Button - Next (1)"), 0): Tapped on element 'Object Repository/MystayReservation/android.widget.Button - Next (1)'

29-04-2025T12:21:18 - [MESSAGE][WARNING] - Timeout '0' is invalid. Using default page load timeout: '30'

29-04-2025T12:21:18 - [MESSAGE][PASSED] - Tapped on element 'Object Repository/MystayReservation/android.widget.Button - Next (1)'

29-04-2025T12:21:18 - [TEST_STEP][PASSED] - delay(10): Delayed 10 second(s)

29-04-2025T12:21:28 - [MESSAGE][PASSED] - Delayed 10 second(s)

29-04-2025T12:21:28 - [TEST_STEP][PASSED] - setText(findTestObject("Object Repository/MystayReservation/android.widget.EditText (4)"), "DAGAN", 0): Text 'DAGAN' has been set to element 'Object Repository/MystayReservation/android.widget.EditText (4)'

29-04-2025T12:21:28 - [MESSAGE][WARNING] - Timeout '0' is invalid. Using default page load timeout: '30'

29-04-2025T12:21:30 - [MESSAGE][PASSED] - Text 'DAGAN' has been set to element 'Object Repository/MystayReservation/android.widget.EditText (4)'

29-04-2025T12:21:30 - [TEST_STEP][PASSED] - hideKeyboard(): Keyboard is hidden

29-04-2025T12:21:32 - [MESSAGE][PASSED] - Keyboard is hidden

29-04-2025T12:21:32 - [TEST_STEP][PASSED] - delay(10): Delayed 10 second(s)

29-04-2025T12:21:42 - [MESSAGE][PASSED] - Delayed 10 second(s)

29-04-2025T12:21:42 - [TEST_STEP][PASSED] - tap(findTestObject("Object Repository/MystayReservation/android.widget.Button - Add Reservation"), 0): Tapped on element 'Object Repository/MystayReservation/android.widget.Button - Add Reservation'

29-04-2025T12:21:42 - [MESSAGE][WARNING] - Timeout '0' is invalid. Using default page load timeout: '30'

29-04-2025T12:21:42 - [MESSAGE][PASSED] - Tapped on element 'Object Repository/MystayReservation/android.widget.Button - Add Reservation'

29-04-2025T12:21:42 - [TEST_STEP][PASSED] - "--- ERROR VERIFICATION ---": null

29-04-2025T12:21:42 - [TEST_STEP][PASSED] - assert verifyElementExist(findTestObject("Object Repository/MystayReservation/android.widget.TextView - Error"), 0): Element 'Object Repository/MystayReservation/android.widget.TextView - Error' is exist

29-04-2025T12:21:42 - [MESSAGE][WARNING] - Timeout '0' is invalid. Using default page load timeout: '30'

29-04-2025T12:22:11 - [MESSAGE][PASSED] - Element 'Object Repository/MystayReservation/android.widget.TextView - Error' is exist

29-04-2025T12:22:11 - [TEST_STEP][FAILED] - assert verifyElementExist(findTestObject("Object Repository/MystayReservation/android.widget.TextView - Sorry. Your reservation could not be added. Please try again"), 0): Failed to check for element 'Object Repository/MystayReservation/android.widget.TextView - Sorry. Your reservation could not be added. Please try again' exist (Root cause: com.kms.katalon.core.exception.StepFailedException: Failed to check for element 'Object Repository/MystayReservation/android.widget.TextView - Sorry. Your reservation could not be added. Please try again' exist
	at com.kms.katalon.core.mobile.keyword.internal.MobileKeywordMain.stepFailed(MobileKeywordMain.groovy:64)
	at com.kms.katalon.core.mobile.keyword.internal.MobileKeywordMain.runKeyword(MobileKeywordMain.groovy:34)
	at com.kms.katalon.core.mobile.keyword.builtin.VerifyElementExistKeyword.verifyElementExist(VerifyElementExistKeyword.groovy:51)
	at com.kms.katalon.core.mobile.keyword.builtin.VerifyElementExistKeyword.execute(VerifyElementExistKeyword.groovy:35)
	at com.kms.katalon.core.keyword.internal.KeywordExecutor.executeKeywordForPlatform(KeywordExecutor.groovy:74)
	at com.kms.katalon.core.mobile.keyword.MobileBuiltInKeywords.verifyElementExist(MobileBuiltInKeywords.groovy:1726)
	at C741_MyStayAndReservations_ErrorVerification.run(C741_MyStayAndReservations_ErrorVerification:81)
	at com.kms.katalon.core.main.ScriptEngine.run(ScriptEngine.java:194)
	at com.kms.katalon.core.main.ScriptEngine.runScriptAsRawText(ScriptEngine.java:119)
	at com.kms.katalon.core.main.TestCaseExecutor.runScript(TestCaseExecutor.java:448)
	at com.kms.katalon.core.main.TestCaseExecutor.doExecute(TestCaseExecutor.java:439)
	at com.kms.katalon.core.main.TestCaseExecutor.processExecutionPhase(TestCaseExecutor.java:418)
	at com.kms.katalon.core.main.TestCaseExecutor.accessMainPhase(TestCaseExecutor.java:410)
	at com.kms.katalon.core.main.TestCaseExecutor.execute(TestCaseExecutor.java:285)
	at com.kms.katalon.core.common.CommonExecutor.accessTestCaseMainPhase(CommonExecutor.java:71)
	at com.kms.katalon.core.main.TestSuiteExecutor.accessTestSuiteMainPhase(TestSuiteExecutor.java:160)
	at com.kms.katalon.core.main.TestSuiteExecutor.execute(TestSuiteExecutor.java:107)
	at com.kms.katalon.core.main.TestCaseMain.startTestSuite(TestCaseMain.java:180)
	at TempTestSuite1745903984460.run(TempTestSuite1745903984460.groovy:35)
	at java.base/jdk.internal.reflect.NativeMethodAccessorImpl.invoke0(Native Method)
	at java.base/jdk.internal.reflect.NativeMethodAccessorImpl.invoke(NativeMethodAccessorImpl.java:77)
	at java.base/jdk.internal.reflect.DelegatingMethodAccessorImpl.invoke(DelegatingMethodAccessorImpl.java:43)
Caused by: com.kms.katalon.core.exception.StepFailedException: Element 'Object Repository/MystayReservation/android.widget.TextView - Sorry. Your reservation could not be added. Please try again' not found
	at com.kms.katalon.core.mobile.keyword.internal.MobileKeywordMain.stepFailed(MobileKeywordMain.groovy:64)
	at com.kms.katalon.core.mobile.keyword.builtin.VerifyElementExistKeyword$_verifyElementExist_closure1.doCall(VerifyElementExistKeyword.groovy:48)
	at com.kms.katalon.core.mobile.keyword.builtin.VerifyElementExistKeyword$_verifyElementExist_closure1.call(VerifyElementExistKeyword.groovy)
	at com.kms.katalon.core.mobile.keyword.internal.MobileKeywordMain.runKeyword(MobileKeywordMain.groovy:30)
	... 20 more
)

29-04-2025T12:22:11 - [MESSAGE][WARNING] - Timeout '0' is invalid. Using default page load timeout: '30'

29-04-2025T12:22:42 - [MESSAGE][FAILED] - Element 'Object Repository/MystayReservation/android.widget.TextView - Sorry. Your reservation could not be added. Please try again' not found (Root cause: com.kms.katalon.core.exception.StepFailedException: Element 'Object Repository/MystayReservation/android.widget.TextView - Sorry. Your reservation could not be added. Please try again' not found
	at com.kms.katalon.core.mobile.keyword.internal.MobileKeywordMain.stepFailed(MobileKeywordMain.groovy:64)
	at com.kms.katalon.core.mobile.keyword.builtin.VerifyElementExistKeyword$_verifyElementExist_closure1.doCall(VerifyElementExistKeyword.groovy:48)
	at com.kms.katalon.core.mobile.keyword.builtin.VerifyElementExistKeyword$_verifyElementExist_closure1.call(VerifyElementExistKeyword.groovy)
	at com.kms.katalon.core.mobile.keyword.internal.MobileKeywordMain.runKeyword(MobileKeywordMain.groovy:30)
	at com.kms.katalon.core.mobile.keyword.builtin.VerifyElementExistKeyword.verifyElementExist(VerifyElementExistKeyword.groovy:51)
	at com.kms.katalon.core.mobile.keyword.builtin.VerifyElementExistKeyword.execute(VerifyElementExistKeyword.groovy:35)
	at com.kms.katalon.core.keyword.internal.KeywordExecutor.executeKeywordForPlatform(KeywordExecutor.groovy:74)
	at com.kms.katalon.core.mobile.keyword.MobileBuiltInKeywords.verifyElementExist(MobileBuiltInKeywords.groovy:1726)
	at C741_MyStayAndReservations_ErrorVerification.run(C741_MyStayAndReservations_ErrorVerification:81)
	at com.kms.katalon.core.main.ScriptEngine.run(ScriptEngine.java:194)
	at com.kms.katalon.core.main.ScriptEngine.runScriptAsRawText(ScriptEngine.java:119)
	at com.kms.katalon.core.main.TestCaseExecutor.runScript(TestCaseExecutor.java:448)
	at com.kms.katalon.core.main.TestCaseExecutor.doExecute(TestCaseExecutor.java:439)
	at com.kms.katalon.core.main.TestCaseExecutor.processExecutionPhase(TestCaseExecutor.java:418)
	at com.kms.katalon.core.main.TestCaseExecutor.accessMainPhase(TestCaseExecutor.java:410)
	at com.kms.katalon.core.main.TestCaseExecutor.execute(TestCaseExecutor.java:285)
	at com.kms.katalon.core.common.CommonExecutor.accessTestCaseMainPhase(CommonExecutor.java:71)
	at com.kms.katalon.core.main.TestSuiteExecutor.accessTestSuiteMainPhase(TestSuiteExecutor.java:160)
	at com.kms.katalon.core.main.TestSuiteExecutor.execute(TestSuiteExecutor.java:107)
	at com.kms.katalon.core.main.TestCaseMain.startTestSuite(TestCaseMain.java:180)
	at TempTestSuite1745903984460.run(TempTestSuite1745903984460.groovy:35)
	at java.base/jdk.internal.reflect.NativeMethodAccessorImpl.invoke0(Native Method)
	at java.base/jdk.internal.reflect.NativeMethodAccessorImpl.invoke(NativeMethodAccessorImpl.java:77)
	at java.base/jdk.internal.reflect.DelegatingMethodAccessorImpl.invoke(DelegatingMethodAccessorImpl.java:43)
)
[[ATTACHMENT|/Users/gv.vignesh/Downloads/WGR-Android-Automation/Reports/20250429_104944/Android Regression/20250429_104944/1745909561213.png]]

29-04-2025T12:22:43 - [MESSAGE][FAILED] - Failed to check for element 'Object Repository/MystayReservation/android.widget.TextView - Sorry. Your reservation could not be added. Please try again' exist (Root cause: com.kms.katalon.core.exception.StepFailedException: Failed to check for element 'Object Repository/MystayReservation/android.widget.TextView - Sorry. Your reservation could not be added. Please try again' exist
	at com.kms.katalon.core.mobile.keyword.internal.MobileKeywordMain.stepFailed(MobileKeywordMain.groovy:64)
	at com.kms.katalon.core.mobile.keyword.internal.MobileKeywordMain.runKeyword(MobileKeywordMain.groovy:34)
	at com.kms.katalon.core.mobile.keyword.builtin.VerifyElementExistKeyword.verifyElementExist(VerifyElementExistKeyword.groovy:51)
	at com.kms.katalon.core.mobile.keyword.builtin.VerifyElementExistKeyword.execute(VerifyElementExistKeyword.groovy:35)
	at com.kms.katalon.core.keyword.internal.KeywordExecutor.executeKeywordForPlatform(KeywordExecutor.groovy:74)
	at com.kms.katalon.core.mobile.keyword.MobileBuiltInKeywords.verifyElementExist(MobileBuiltInKeywords.groovy:1726)
	at C741_MyStayAndReservations_ErrorVerification.run(C741_MyStayAndReservations_ErrorVerification:81)
	at com.kms.katalon.core.main.ScriptEngine.run(ScriptEngine.java:194)
	at com.kms.katalon.core.main.ScriptEngine.runScriptAsRawText(ScriptEngine.java:119)
	at com.kms.katalon.core.main.TestCaseExecutor.runScript(TestCaseExecutor.java:448)
	at com.kms.katalon.core.main.TestCaseExecutor.doExecute(TestCaseExecutor.java:439)
	at com.kms.katalon.core.main.TestCaseExecutor.processExecutionPhase(TestCaseExecutor.java:418)
	at com.kms.katalon.core.main.TestCaseExecutor.accessMainPhase(TestCaseExecutor.java:410)
	at com.kms.katalon.core.main.TestCaseExecutor.execute(TestCaseExecutor.java:285)
	at com.kms.katalon.core.common.CommonExecutor.accessTestCaseMainPhase(CommonExecutor.java:71)
	at com.kms.katalon.core.main.TestSuiteExecutor.accessTestSuiteMainPhase(TestSuiteExecutor.java:160)
	at com.kms.katalon.core.main.TestSuiteExecutor.execute(TestSuiteExecutor.java:107)
	at com.kms.katalon.core.main.TestCaseMain.startTestSuite(TestCaseMain.java:180)
	at TempTestSuite1745903984460.run(TempTestSuite1745903984460.groovy:35)
	at java.base/jdk.internal.reflect.NativeMethodAccessorImpl.invoke0(Native Method)
	at java.base/jdk.internal.reflect.NativeMethodAccessorImpl.invoke(NativeMethodAccessorImpl.java:77)
	at java.base/jdk.internal.reflect.DelegatingMethodAccessorImpl.invoke(DelegatingMethodAccessorImpl.java:43)
Caused by: com.kms.katalon.core.exception.StepFailedException: Element 'Object Repository/MystayReservation/android.widget.TextView - Sorry. Your reservation could not be added. Please try again' not found
	at com.kms.katalon.core.mobile.keyword.internal.MobileKeywordMain.stepFailed(MobileKeywordMain.groovy:64)
	at com.kms.katalon.core.mobile.keyword.builtin.VerifyElementExistKeyword$_verifyElementExist_closure1.doCall(VerifyElementExistKeyword.groovy:48)
	at com.kms.katalon.core.mobile.keyword.builtin.VerifyElementExistKeyword$_verifyElementExist_closure1.call(VerifyElementExistKeyword.groovy)
	at com.kms.katalon.core.mobile.keyword.internal.MobileKeywordMain.runKeyword(MobileKeywordMain.groovy:30)
	... 20 more
)
[[ATTACHMENT|/Users/gv.vignesh/Downloads/WGR-Android-Automation/Reports/20250429_104944/Android Regression/20250429_104944/1745909562496.png]]]]></system-out>
         <system-err><![CDATA[29-04-2025T12:18:28 - [TEST_CASE][FAILED] - Test Cases/My Stay And Reservations/C741_MyStayAndReservations_ErrorVerification: Test Cases/My Stay And Reservations/C741_MyStayAndReservations_ErrorVerification FAILED.
Reason:
com.kms.katalon.core.exception.StepFailedException: Failed to check for element 'Object Repository/MystayReservation/android.widget.TextView - Sorry. Your reservation could not be added. Please try again' exist
	at com.kms.katalon.core.mobile.keyword.internal.MobileKeywordMain.stepFailed(MobileKeywordMain.groovy:64)
	at com.kms.katalon.core.mobile.keyword.internal.MobileKeywordMain.runKeyword(MobileKeywordMain.groovy:34)
	at com.kms.katalon.core.mobile.keyword.builtin.VerifyElementExistKeyword.verifyElementExist(VerifyElementExistKeyword.groovy:51)
	at com.kms.katalon.core.mobile.keyword.builtin.VerifyElementExistKeyword.execute(VerifyElementExistKeyword.groovy:35)
	at com.kms.katalon.core.keyword.internal.KeywordExecutor.executeKeywordForPlatform(KeywordExecutor.groovy:74)
	at com.kms.katalon.core.mobile.keyword.MobileBuiltInKeywords.verifyElementExist(MobileBuiltInKeywords.groovy:1726)
	at C741_MyStayAndReservations_ErrorVerification.run(C741_MyStayAndReservations_ErrorVerification:81)
	at com.kms.katalon.core.main.ScriptEngine.run(ScriptEngine.java:194)
	at com.kms.katalon.core.main.ScriptEngine.runScriptAsRawText(ScriptEngine.java:119)
	at com.kms.katalon.core.main.TestCaseExecutor.runScript(TestCaseExecutor.java:448)
	at com.kms.katalon.core.main.TestCaseExecutor.doExecute(TestCaseExecutor.java:439)
	at com.kms.katalon.core.main.TestCaseExecutor.processExecutionPhase(TestCaseExecutor.java:418)
	at com.kms.katalon.core.main.TestCaseExecutor.accessMainPhase(TestCaseExecutor.java:410)
	at com.kms.katalon.core.main.TestCaseExecutor.execute(TestCaseExecutor.java:285)
	at com.kms.katalon.core.common.CommonExecutor.accessTestCaseMainPhase(CommonExecutor.java:71)
	at com.kms.katalon.core.main.TestSuiteExecutor.accessTestSuiteMainPhase(TestSuiteExecutor.java:160)
	at com.kms.katalon.core.main.TestSuiteExecutor.execute(TestSuiteExecutor.java:107)
	at com.kms.katalon.core.main.TestCaseMain.startTestSuite(TestCaseMain.java:180)
	at TempTestSuite1745903984460.run(TempTestSuite1745903984460.groovy:35)
	at java.base/jdk.internal.reflect.NativeMethodAccessorImpl.invoke0(Native Method)
	at java.base/jdk.internal.reflect.NativeMethodAccessorImpl.invoke(NativeMethodAccessorImpl.java:77)
	at java.base/jdk.internal.reflect.DelegatingMethodAccessorImpl.invoke(DelegatingMethodAccessorImpl.java:43)
Caused by: com.kms.katalon.core.exception.StepFailedException: Element 'Object Repository/MystayReservation/android.widget.TextView - Sorry. Your reservation could not be added. Please try again' not found
	at com.kms.katalon.core.mobile.keyword.internal.MobileKeywordMain.stepFailed(MobileKeywordMain.groovy:64)
	at com.kms.katalon.core.mobile.keyword.builtin.VerifyElementExistKeyword$_verifyElementExist_closure1.doCall(VerifyElementExistKeyword.groovy:48)
	at com.kms.katalon.core.mobile.keyword.builtin.VerifyElementExistKeyword$_verifyElementExist_closure1.call(VerifyElementExistKeyword.groovy)
	at com.kms.katalon.core.mobile.keyword.internal.MobileKeywordMain.runKeyword(MobileKeywordMain.groovy:30)
	... 20 more]]></system-err>
      </testcase>
      <testcase name="Test Cases/My Stay And Reservations/C748_MyStayAndReservations_MyStay_Current tab_Activestay_See all" time="202.853" classname="Test Cases/My Stay And Reservations/C748_MyStayAndReservations_MyStay_Current tab_Activestay_See all" status="FAILED">
         <failure type="FAILED" message="Test Cases/My Stay And Reservations/C748_MyStayAndReservations_MyStay_Current tab_Activestay_See all FAILED.&#xa;Reason:&#xa;com.kms.katalon.core.exception.StepFailedException: Failed to check for element 'Object Repository/Repo/MyStay/android.widget.TextView - ACTIVE STAYS' exist&#xa;	at com.kms.katalon.core.mobile.keyword.internal.MobileKeywordMain.stepFailed(MobileKeywordMain.groovy:64)&#xa;	at com.kms.katalon.core.mobile.keyword.internal.MobileKeywordMain.runKeyword(MobileKeywordMain.groovy:34)&#xa;	at com.kms.katalon.core.mobile.keyword.builtin.VerifyElementExistKeyword.verifyElementExist(VerifyElementExistKeyword.groovy:51)&#xa;	at com.kms.katalon.core.mobile.keyword.builtin.VerifyElementExistKeyword.execute(VerifyElementExistKeyword.groovy:35)&#xa;	at com.kms.katalon.core.keyword.internal.KeywordExecutor.executeKeywordForPlatform(KeywordExecutor.groovy:74)&#xa;	at com.kms.katalon.core.mobile.keyword.MobileBuiltInKeywords.verifyElementExist(MobileBuiltInKeywords.groovy:1726)&#xa;	at C748_MyStayAndReservations_MyStay_Current tab_Activestay_See all.run(C748_MyStayAndReservations_MyStay_Current tab_Activestay_See all:67)&#xa;	at com.kms.katalon.core.main.ScriptEngine.run(ScriptEngine.java:194)&#xa;	at com.kms.katalon.core.main.ScriptEngine.runScriptAsRawText(ScriptEngine.java:119)&#xa;	at com.kms.katalon.core.main.TestCaseExecutor.runScript(TestCaseExecutor.java:448)&#xa;	at com.kms.katalon.core.main.TestCaseExecutor.doExecute(TestCaseExecutor.java:439)&#xa;	at com.kms.katalon.core.main.TestCaseExecutor.processExecutionPhase(TestCaseExecutor.java:418)&#xa;	at com.kms.katalon.core.main.TestCaseExecutor.accessMainPhase(TestCaseExecutor.java:410)&#xa;	at com.kms.katalon.core.main.TestCaseExecutor.execute(TestCaseExecutor.java:285)&#xa;	at com.kms.katalon.core.common.CommonExecutor.accessTestCaseMainPhase(CommonExecutor.java:71)&#xa;	at com.kms.katalon.core.main.TestSuiteExecutor.accessTestSuiteMainPhase(TestSuiteExecutor.java:160)&#xa;	at com.kms.katalon.core.main.TestSuiteExecutor.execute(TestSuiteExecutor.java:107)&#xa;	at com.kms.katalon.core.main.TestCaseMain.startTestSuite(TestCaseMain.java:180)&#xa;	at TempTestSuite1745903984460.run(TempTestSuite1745903984460.groovy:35)&#xa;	at java.base/jdk.internal.reflect.NativeMethodAccessorImpl.invoke0(Native Method)&#xa;	at java.base/jdk.internal.reflect.NativeMethodAccessorImpl.invoke(NativeMethodAccessorImpl.java:77)&#xa;	at java.base/jdk.internal.reflect.DelegatingMethodAccessorImpl.invoke(DelegatingMethodAccessorImpl.java:43)&#xa;Caused by: com.kms.katalon.core.exception.StepFailedException: Element 'Object Repository/Repo/MyStay/android.widget.TextView - ACTIVE STAYS' not found&#xa;	at com.kms.katalon.core.mobile.keyword.internal.MobileKeywordMain.stepFailed(MobileKeywordMain.groovy:64)&#xa;	at com.kms.katalon.core.mobile.keyword.builtin.VerifyElementExistKeyword$_verifyElementExist_closure1.doCall(VerifyElementExistKeyword.groovy:48)&#xa;	at com.kms.katalon.core.mobile.keyword.builtin.VerifyElementExistKeyword$_verifyElementExist_closure1.call(VerifyElementExistKeyword.groovy)&#xa;	at com.kms.katalon.core.mobile.keyword.internal.MobileKeywordMain.runKeyword(MobileKeywordMain.groovy:30)&#xa;	... 20 more&#xa;"/>
         <system-out><![CDATA[29-04-2025T12:22:43 - [TEST_CASE][FAILED] - Test Cases/My Stay And Reservations/C748_MyStayAndReservations_MyStay_Current tab_Activestay_See all: Test Cases/My Stay And Reservations/C748_MyStayAndReservations_MyStay_Current tab_Activestay_See all FAILED.
Reason:
com.kms.katalon.core.exception.StepFailedException: Failed to check for element 'Object Repository/Repo/MyStay/android.widget.TextView - ACTIVE STAYS' exist
	at com.kms.katalon.core.mobile.keyword.internal.MobileKeywordMain.stepFailed(MobileKeywordMain.groovy:64)
	at com.kms.katalon.core.mobile.keyword.internal.MobileKeywordMain.runKeyword(MobileKeywordMain.groovy:34)
	at com.kms.katalon.core.mobile.keyword.builtin.VerifyElementExistKeyword.verifyElementExist(VerifyElementExistKeyword.groovy:51)
	at com.kms.katalon.core.mobile.keyword.builtin.VerifyElementExistKeyword.execute(VerifyElementExistKeyword.groovy:35)
	at com.kms.katalon.core.keyword.internal.KeywordExecutor.executeKeywordForPlatform(KeywordExecutor.groovy:74)
	at com.kms.katalon.core.mobile.keyword.MobileBuiltInKeywords.verifyElementExist(MobileBuiltInKeywords.groovy:1726)
	at C748_MyStayAndReservations_MyStay_Current tab_Activestay_See all.run(C748_MyStayAndReservations_MyStay_Current tab_Activestay_See all:67)
	at com.kms.katalon.core.main.ScriptEngine.run(ScriptEngine.java:194)
	at com.kms.katalon.core.main.ScriptEngine.runScriptAsRawText(ScriptEngine.java:119)
	at com.kms.katalon.core.main.TestCaseExecutor.runScript(TestCaseExecutor.java:448)
	at com.kms.katalon.core.main.TestCaseExecutor.doExecute(TestCaseExecutor.java:439)
	at com.kms.katalon.core.main.TestCaseExecutor.processExecutionPhase(TestCaseExecutor.java:418)
	at com.kms.katalon.core.main.TestCaseExecutor.accessMainPhase(TestCaseExecutor.java:410)
	at com.kms.katalon.core.main.TestCaseExecutor.execute(TestCaseExecutor.java:285)
	at com.kms.katalon.core.common.CommonExecutor.accessTestCaseMainPhase(CommonExecutor.java:71)
	at com.kms.katalon.core.main.TestSuiteExecutor.accessTestSuiteMainPhase(TestSuiteExecutor.java:160)
	at com.kms.katalon.core.main.TestSuiteExecutor.execute(TestSuiteExecutor.java:107)
	at com.kms.katalon.core.main.TestCaseMain.startTestSuite(TestCaseMain.java:180)
	at TempTestSuite1745903984460.run(TempTestSuite1745903984460.groovy:35)
	at java.base/jdk.internal.reflect.NativeMethodAccessorImpl.invoke0(Native Method)
	at java.base/jdk.internal.reflect.NativeMethodAccessorImpl.invoke(NativeMethodAccessorImpl.java:77)
	at java.base/jdk.internal.reflect.DelegatingMethodAccessorImpl.invoke(DelegatingMethodAccessorImpl.java:43)
Caused by: com.kms.katalon.core.exception.StepFailedException: Element 'Object Repository/Repo/MyStay/android.widget.TextView - ACTIVE STAYS' not found
	at com.kms.katalon.core.mobile.keyword.internal.MobileKeywordMain.stepFailed(MobileKeywordMain.groovy:64)
	at com.kms.katalon.core.mobile.keyword.builtin.VerifyElementExistKeyword$_verifyElementExist_closure1.doCall(VerifyElementExistKeyword.groovy:48)
	at com.kms.katalon.core.mobile.keyword.builtin.VerifyElementExistKeyword$_verifyElementExist_closure1.call(VerifyElementExistKeyword.groovy)
	at com.kms.katalon.core.mobile.keyword.internal.MobileKeywordMain.runKeyword(MobileKeywordMain.groovy:30)
	... 20 more


29-04-2025T12:22:43 - [TEST_STEP][PASSED] - testData = findTestData("Data Files/C751"): null

29-04-2025T12:22:43 - [TEST_STEP][PASSED] - email = testData.getValue("email", 1): null

29-04-2025T12:22:43 - [TEST_STEP][PASSED] - password = testData.getValue("password", 1): null

29-04-2025T12:22:43 - [TEST_STEP][PASSED] - "--- APPLICATION LAUNCH ---": null

29-04-2025T12:22:43 - [TEST_STEP][PASSED] - startApplication(appUrl, true): Started application: '/Users/gv.vignesh/Downloads/WGR-Android-Automation/App Folder/app-debug-2.99.75.apk'

29-04-2025T12:22:43 - [MESSAGE][INFO] - Starting application: '/Users/gv.vignesh/Downloads/WGR-Android-Automation/App Folder/app-debug-2.99.75.apk'

29-04-2025T12:22:43 - [MESSAGE][INFO] - User set preference: ['uiautomator2ServerInstallTimeout', '0']

29-04-2025T12:22:43 - [MESSAGE][INFO] - User set preference: ['deviceId', '']

29-04-2025T12:23:05 - [MESSAGE][PASSED] - Started application: '/Users/gv.vignesh/Downloads/WGR-Android-Automation/App Folder/app-debug-2.99.75.apk'

29-04-2025T12:23:05 - [TEST_STEP][PASSED] - delay(10): Delayed 10 second(s)

29-04-2025T12:23:15 - [MESSAGE][PASSED] - Delayed 10 second(s)

29-04-2025T12:23:15 - [TEST_STEP][PASSED] - "--- LOGIN FLOW ---": null

29-04-2025T12:23:15 - [TEST_STEP][PASSED] - tap(findTestObject("Object Repository/Repo/MyStay/android.widget.Button - Login or Sign Up"), 0): Tapped on element 'Object Repository/Repo/MyStay/android.widget.Button - Login or Sign Up'

29-04-2025T12:23:15 - [MESSAGE][WARNING] - Timeout '0' is invalid. Using default page load timeout: '30'

29-04-2025T12:23:17 - [MESSAGE][PASSED] - Tapped on element 'Object Repository/Repo/MyStay/android.widget.Button - Login or Sign Up'

29-04-2025T12:23:17 - [TEST_STEP][PASSED] - delay(10): Delayed 10 second(s)

29-04-2025T12:23:27 - [MESSAGE][PASSED] - Delayed 10 second(s)

29-04-2025T12:23:27 - [TEST_STEP][PASSED] - setText(findTestObject("Object Repository/Repo/SignUpNewUser/android.widget.EditText"), email, 0): Text '0425209TM@WG.COM' has been set to element 'Object Repository/Repo/SignUpNewUser/android.widget.EditText'

29-04-2025T12:23:27 - [MESSAGE][WARNING] - Timeout '0' is invalid. Using default page load timeout: '30'

29-04-2025T12:23:29 - [MESSAGE][PASSED] - Text '0425209TM@WG.COM' has been set to element 'Object Repository/Repo/SignUpNewUser/android.widget.EditText'

29-04-2025T12:23:29 - [TEST_STEP][PASSED] - hideKeyboard(): Keyboard is hidden

29-04-2025T12:23:31 - [MESSAGE][PASSED] - Keyboard is hidden

29-04-2025T12:23:31 - [TEST_STEP][PASSED] - delay(10): Delayed 10 second(s)

29-04-2025T12:23:41 - [MESSAGE][PASSED] - Delayed 10 second(s)

29-04-2025T12:23:41 - [TEST_STEP][PASSED] - tap(findTestObject("Object Repository/Repo/MyStay/android.widget.Button - Next"), 0): Tapped on element 'Object Repository/Repo/MyStay/android.widget.Button - Next'

29-04-2025T12:23:41 - [MESSAGE][WARNING] - Timeout '0' is invalid. Using default page load timeout: '30'

29-04-2025T12:23:42 - [MESSAGE][PASSED] - Tapped on element 'Object Repository/Repo/MyStay/android.widget.Button - Next'

29-04-2025T12:23:42 - [TEST_STEP][PASSED] - delay(40): Delayed 40 second(s)

29-04-2025T12:24:22 - [MESSAGE][PASSED] - Delayed 40 second(s)

29-04-2025T12:24:22 - [TEST_STEP][PASSED] - setText(findTestObject("Object Repository/Repo/MyStay/android.widget.EditText (1)"), email, 0): Text '0425209TM@WG.COM' has been set to element 'Object Repository/Repo/MyStay/android.widget.EditText (1)'

29-04-2025T12:24:22 - [MESSAGE][WARNING] - Timeout '0' is invalid. Using default page load timeout: '30'

29-04-2025T12:24:27 - [MESSAGE][PASSED] - Text '0425209TM@WG.COM' has been set to element 'Object Repository/Repo/MyStay/android.widget.EditText (1)'

29-04-2025T12:24:27 - [TEST_STEP][PASSED] - hideKeyboard(): Keyboard is hidden

29-04-2025T12:24:29 - [MESSAGE][PASSED] - Keyboard is hidden

29-04-2025T12:24:29 - [TEST_STEP][PASSED] - delay(20): Delayed 20 second(s)

29-04-2025T12:24:49 - [MESSAGE][PASSED] - Delayed 20 second(s)

29-04-2025T12:24:49 - [TEST_STEP][PASSED] - setText(findTestObject("Object Repository/Repo/MyStay/android.widget.EditText"), password, 0): Text 'password' has been set to element 'Object Repository/Repo/MyStay/android.widget.EditText'

29-04-2025T12:24:49 - [MESSAGE][WARNING] - Timeout '0' is invalid. Using default page load timeout: '30'

29-04-2025T12:24:50 - [MESSAGE][PASSED] - Text 'password' has been set to element 'Object Repository/Repo/MyStay/android.widget.EditText'

29-04-2025T12:24:50 - [TEST_STEP][PASSED] - hideKeyboard(): Keyboard is hidden

29-04-2025T12:24:52 - [MESSAGE][PASSED] - Keyboard is hidden

29-04-2025T12:24:52 - [TEST_STEP][PASSED] - delay(10): Delayed 10 second(s)

29-04-2025T12:25:02 - [MESSAGE][PASSED] - Delayed 10 second(s)

29-04-2025T12:25:02 - [TEST_STEP][PASSED] - tap(findTestObject("Object Repository/Repo/MyStay/android.widget.Button - LOGIN"), 0): Tapped on element 'Object Repository/Repo/MyStay/android.widget.Button - LOGIN'

29-04-2025T12:25:02 - [MESSAGE][WARNING] - Timeout '0' is invalid. Using default page load timeout: '30'

29-04-2025T12:25:02 - [MESSAGE][PASSED] - Tapped on element 'Object Repository/Repo/MyStay/android.widget.Button - LOGIN'

29-04-2025T12:25:02 - [TEST_STEP][PASSED] - delay(20): Delayed 20 second(s)

29-04-2025T12:25:22 - [MESSAGE][PASSED] - Delayed 20 second(s)

29-04-2025T12:25:22 - [TEST_STEP][PASSED] - "--- MY STAY VERIFICATION ---": null

29-04-2025T12:25:22 - [TEST_STEP][PASSED] - tap(findTestObject("Object Repository/Repo/MyStay/android.view.View - My Stay"), 0): Tapped on element 'Object Repository/Repo/MyStay/android.view.View - My Stay'

29-04-2025T12:25:22 - [MESSAGE][WARNING] - Timeout '0' is invalid. Using default page load timeout: '30'

29-04-2025T12:25:23 - [MESSAGE][PASSED] - Tapped on element 'Object Repository/Repo/MyStay/android.view.View - My Stay'

29-04-2025T12:25:23 - [TEST_STEP][PASSED] - delay(30): Delayed 30 second(s)

29-04-2025T12:25:53 - [MESSAGE][PASSED] - Delayed 30 second(s)

29-04-2025T12:25:53 - [TEST_STEP][PASSED] - elementsToVerify = ["Object Repository/Repo/MyStay/android.widget.TextView - ACTIVE STAYS", "Object Repository/Repo/MyStay/android.widget.TextView - SEE ALL"]: null

29-04-2025T12:25:53 - [TEST_STEP][PASSED] - allElementsExist = true: null

29-04-2025T12:25:53 - [TEST_STEP][FAILED] - for (String elementPath : elementsToVerify): Failed to check for element 'Object Repository/Repo/MyStay/android.widget.TextView - ACTIVE STAYS' exist (Root cause: com.kms.katalon.core.exception.StepFailedException: Failed to check for element 'Object Repository/Repo/MyStay/android.widget.TextView - ACTIVE STAYS' exist
	at com.kms.katalon.core.mobile.keyword.internal.MobileKeywordMain.stepFailed(MobileKeywordMain.groovy:64)
	at com.kms.katalon.core.mobile.keyword.internal.MobileKeywordMain.runKeyword(MobileKeywordMain.groovy:34)
	at com.kms.katalon.core.mobile.keyword.builtin.VerifyElementExistKeyword.verifyElementExist(VerifyElementExistKeyword.groovy:51)
	at com.kms.katalon.core.mobile.keyword.builtin.VerifyElementExistKeyword.execute(VerifyElementExistKeyword.groovy:35)
	at com.kms.katalon.core.keyword.internal.KeywordExecutor.executeKeywordForPlatform(KeywordExecutor.groovy:74)
	at com.kms.katalon.core.mobile.keyword.MobileBuiltInKeywords.verifyElementExist(MobileBuiltInKeywords.groovy:1726)
	at C748_MyStayAndReservations_MyStay_Current tab_Activestay_See all.run(C748_MyStayAndReservations_MyStay_Current tab_Activestay_See all:67)
	at com.kms.katalon.core.main.ScriptEngine.run(ScriptEngine.java:194)
	at com.kms.katalon.core.main.ScriptEngine.runScriptAsRawText(ScriptEngine.java:119)
	at com.kms.katalon.core.main.TestCaseExecutor.runScript(TestCaseExecutor.java:448)
	at com.kms.katalon.core.main.TestCaseExecutor.doExecute(TestCaseExecutor.java:439)
	at com.kms.katalon.core.main.TestCaseExecutor.processExecutionPhase(TestCaseExecutor.java:418)
	at com.kms.katalon.core.main.TestCaseExecutor.accessMainPhase(TestCaseExecutor.java:410)
	at com.kms.katalon.core.main.TestCaseExecutor.execute(TestCaseExecutor.java:285)
	at com.kms.katalon.core.common.CommonExecutor.accessTestCaseMainPhase(CommonExecutor.java:71)
	at com.kms.katalon.core.main.TestSuiteExecutor.accessTestSuiteMainPhase(TestSuiteExecutor.java:160)
	at com.kms.katalon.core.main.TestSuiteExecutor.execute(TestSuiteExecutor.java:107)
	at com.kms.katalon.core.main.TestCaseMain.startTestSuite(TestCaseMain.java:180)
	at TempTestSuite1745903984460.run(TempTestSuite1745903984460.groovy:35)
	at java.base/jdk.internal.reflect.NativeMethodAccessorImpl.invoke0(Native Method)
	at java.base/jdk.internal.reflect.NativeMethodAccessorImpl.invoke(NativeMethodAccessorImpl.java:77)
	at java.base/jdk.internal.reflect.DelegatingMethodAccessorImpl.invoke(DelegatingMethodAccessorImpl.java:43)
Caused by: com.kms.katalon.core.exception.StepFailedException: Element 'Object Repository/Repo/MyStay/android.widget.TextView - ACTIVE STAYS' not found
	at com.kms.katalon.core.mobile.keyword.internal.MobileKeywordMain.stepFailed(MobileKeywordMain.groovy:64)
	at com.kms.katalon.core.mobile.keyword.builtin.VerifyElementExistKeyword$_verifyElementExist_closure1.doCall(VerifyElementExistKeyword.groovy:48)
	at com.kms.katalon.core.mobile.keyword.builtin.VerifyElementExistKeyword$_verifyElementExist_closure1.call(VerifyElementExistKeyword.groovy)
	at com.kms.katalon.core.mobile.keyword.internal.MobileKeywordMain.runKeyword(MobileKeywordMain.groovy:30)
	... 20 more
)

29-04-2025T12:25:53 - [TEST_STEP][FAILED] - elementExists = verifyElementExist(findTestObject(elementPath), 10): Failed to check for element 'Object Repository/Repo/MyStay/android.widget.TextView - ACTIVE STAYS' exist (Root cause: com.kms.katalon.core.exception.StepFailedException: Failed to check for element 'Object Repository/Repo/MyStay/android.widget.TextView - ACTIVE STAYS' exist
	at com.kms.katalon.core.mobile.keyword.internal.MobileKeywordMain.stepFailed(MobileKeywordMain.groovy:64)
	at com.kms.katalon.core.mobile.keyword.internal.MobileKeywordMain.runKeyword(MobileKeywordMain.groovy:34)
	at com.kms.katalon.core.mobile.keyword.builtin.VerifyElementExistKeyword.verifyElementExist(VerifyElementExistKeyword.groovy:51)
	at com.kms.katalon.core.mobile.keyword.builtin.VerifyElementExistKeyword.execute(VerifyElementExistKeyword.groovy:35)
	at com.kms.katalon.core.keyword.internal.KeywordExecutor.executeKeywordForPlatform(KeywordExecutor.groovy:74)
	at com.kms.katalon.core.mobile.keyword.MobileBuiltInKeywords.verifyElementExist(MobileBuiltInKeywords.groovy:1726)
	at C748_MyStayAndReservations_MyStay_Current tab_Activestay_See all.run(C748_MyStayAndReservations_MyStay_Current tab_Activestay_See all:67)
	at com.kms.katalon.core.main.ScriptEngine.run(ScriptEngine.java:194)
	at com.kms.katalon.core.main.ScriptEngine.runScriptAsRawText(ScriptEngine.java:119)
	at com.kms.katalon.core.main.TestCaseExecutor.runScript(TestCaseExecutor.java:448)
	at com.kms.katalon.core.main.TestCaseExecutor.doExecute(TestCaseExecutor.java:439)
	at com.kms.katalon.core.main.TestCaseExecutor.processExecutionPhase(TestCaseExecutor.java:418)
	at com.kms.katalon.core.main.TestCaseExecutor.accessMainPhase(TestCaseExecutor.java:410)
	at com.kms.katalon.core.main.TestCaseExecutor.execute(TestCaseExecutor.java:285)
	at com.kms.katalon.core.common.CommonExecutor.accessTestCaseMainPhase(CommonExecutor.java:71)
	at com.kms.katalon.core.main.TestSuiteExecutor.accessTestSuiteMainPhase(TestSuiteExecutor.java:160)
	at com.kms.katalon.core.main.TestSuiteExecutor.execute(TestSuiteExecutor.java:107)
	at com.kms.katalon.core.main.TestCaseMain.startTestSuite(TestCaseMain.java:180)
	at TempTestSuite1745903984460.run(TempTestSuite1745903984460.groovy:35)
	at java.base/jdk.internal.reflect.NativeMethodAccessorImpl.invoke0(Native Method)
	at java.base/jdk.internal.reflect.NativeMethodAccessorImpl.invoke(NativeMethodAccessorImpl.java:77)
	at java.base/jdk.internal.reflect.DelegatingMethodAccessorImpl.invoke(DelegatingMethodAccessorImpl.java:43)
Caused by: com.kms.katalon.core.exception.StepFailedException: Element 'Object Repository/Repo/MyStay/android.widget.TextView - ACTIVE STAYS' not found
	at com.kms.katalon.core.mobile.keyword.internal.MobileKeywordMain.stepFailed(MobileKeywordMain.groovy:64)
	at com.kms.katalon.core.mobile.keyword.builtin.VerifyElementExistKeyword$_verifyElementExist_closure1.doCall(VerifyElementExistKeyword.groovy:48)
	at com.kms.katalon.core.mobile.keyword.builtin.VerifyElementExistKeyword$_verifyElementExist_closure1.call(VerifyElementExistKeyword.groovy)
	at com.kms.katalon.core.mobile.keyword.internal.MobileKeywordMain.runKeyword(MobileKeywordMain.groovy:30)
	... 20 more
)

29-04-2025T12:26:05 - [MESSAGE][FAILED] - Element 'Object Repository/Repo/MyStay/android.widget.TextView - ACTIVE STAYS' not found (Root cause: com.kms.katalon.core.exception.StepFailedException: Element 'Object Repository/Repo/MyStay/android.widget.TextView - ACTIVE STAYS' not found
	at com.kms.katalon.core.mobile.keyword.internal.MobileKeywordMain.stepFailed(MobileKeywordMain.groovy:64)
	at com.kms.katalon.core.mobile.keyword.builtin.VerifyElementExistKeyword$_verifyElementExist_closure1.doCall(VerifyElementExistKeyword.groovy:48)
	at com.kms.katalon.core.mobile.keyword.builtin.VerifyElementExistKeyword$_verifyElementExist_closure1.call(VerifyElementExistKeyword.groovy)
	at com.kms.katalon.core.mobile.keyword.internal.MobileKeywordMain.runKeyword(MobileKeywordMain.groovy:30)
	at com.kms.katalon.core.mobile.keyword.builtin.VerifyElementExistKeyword.verifyElementExist(VerifyElementExistKeyword.groovy:51)
	at com.kms.katalon.core.mobile.keyword.builtin.VerifyElementExistKeyword.execute(VerifyElementExistKeyword.groovy:35)
	at com.kms.katalon.core.keyword.internal.KeywordExecutor.executeKeywordForPlatform(KeywordExecutor.groovy:74)
	at com.kms.katalon.core.mobile.keyword.MobileBuiltInKeywords.verifyElementExist(MobileBuiltInKeywords.groovy:1726)
	at C748_MyStayAndReservations_MyStay_Current tab_Activestay_See all.run(C748_MyStayAndReservations_MyStay_Current tab_Activestay_See all:67)
	at com.kms.katalon.core.main.ScriptEngine.run(ScriptEngine.java:194)
	at com.kms.katalon.core.main.ScriptEngine.runScriptAsRawText(ScriptEngine.java:119)
	at com.kms.katalon.core.main.TestCaseExecutor.runScript(TestCaseExecutor.java:448)
	at com.kms.katalon.core.main.TestCaseExecutor.doExecute(TestCaseExecutor.java:439)
	at com.kms.katalon.core.main.TestCaseExecutor.processExecutionPhase(TestCaseExecutor.java:418)
	at com.kms.katalon.core.main.TestCaseExecutor.accessMainPhase(TestCaseExecutor.java:410)
	at com.kms.katalon.core.main.TestCaseExecutor.execute(TestCaseExecutor.java:285)
	at com.kms.katalon.core.common.CommonExecutor.accessTestCaseMainPhase(CommonExecutor.java:71)
	at com.kms.katalon.core.main.TestSuiteExecutor.accessTestSuiteMainPhase(TestSuiteExecutor.java:160)
	at com.kms.katalon.core.main.TestSuiteExecutor.execute(TestSuiteExecutor.java:107)
	at com.kms.katalon.core.main.TestCaseMain.startTestSuite(TestCaseMain.java:180)
	at TempTestSuite1745903984460.run(TempTestSuite1745903984460.groovy:35)
	at java.base/jdk.internal.reflect.NativeMethodAccessorImpl.invoke0(Native Method)
	at java.base/jdk.internal.reflect.NativeMethodAccessorImpl.invoke(NativeMethodAccessorImpl.java:77)
	at java.base/jdk.internal.reflect.DelegatingMethodAccessorImpl.invoke(DelegatingMethodAccessorImpl.java:43)
)
[[ATTACHMENT|/Users/gv.vignesh/Downloads/WGR-Android-Automation/Reports/20250429_104944/Android Regression/20250429_104944/1745909763576.png]]

29-04-2025T12:26:06 - [MESSAGE][FAILED] - Failed to check for element 'Object Repository/Repo/MyStay/android.widget.TextView - ACTIVE STAYS' exist (Root cause: com.kms.katalon.core.exception.StepFailedException: Failed to check for element 'Object Repository/Repo/MyStay/android.widget.TextView - ACTIVE STAYS' exist
	at com.kms.katalon.core.mobile.keyword.internal.MobileKeywordMain.stepFailed(MobileKeywordMain.groovy:64)
	at com.kms.katalon.core.mobile.keyword.internal.MobileKeywordMain.runKeyword(MobileKeywordMain.groovy:34)
	at com.kms.katalon.core.mobile.keyword.builtin.VerifyElementExistKeyword.verifyElementExist(VerifyElementExistKeyword.groovy:51)
	at com.kms.katalon.core.mobile.keyword.builtin.VerifyElementExistKeyword.execute(VerifyElementExistKeyword.groovy:35)
	at com.kms.katalon.core.keyword.internal.KeywordExecutor.executeKeywordForPlatform(KeywordExecutor.groovy:74)
	at com.kms.katalon.core.mobile.keyword.MobileBuiltInKeywords.verifyElementExist(MobileBuiltInKeywords.groovy:1726)
	at C748_MyStayAndReservations_MyStay_Current tab_Activestay_See all.run(C748_MyStayAndReservations_MyStay_Current tab_Activestay_See all:67)
	at com.kms.katalon.core.main.ScriptEngine.run(ScriptEngine.java:194)
	at com.kms.katalon.core.main.ScriptEngine.runScriptAsRawText(ScriptEngine.java:119)
	at com.kms.katalon.core.main.TestCaseExecutor.runScript(TestCaseExecutor.java:448)
	at com.kms.katalon.core.main.TestCaseExecutor.doExecute(TestCaseExecutor.java:439)
	at com.kms.katalon.core.main.TestCaseExecutor.processExecutionPhase(TestCaseExecutor.java:418)
	at com.kms.katalon.core.main.TestCaseExecutor.accessMainPhase(TestCaseExecutor.java:410)
	at com.kms.katalon.core.main.TestCaseExecutor.execute(TestCaseExecutor.java:285)
	at com.kms.katalon.core.common.CommonExecutor.accessTestCaseMainPhase(CommonExecutor.java:71)
	at com.kms.katalon.core.main.TestSuiteExecutor.accessTestSuiteMainPhase(TestSuiteExecutor.java:160)
	at com.kms.katalon.core.main.TestSuiteExecutor.execute(TestSuiteExecutor.java:107)
	at com.kms.katalon.core.main.TestCaseMain.startTestSuite(TestCaseMain.java:180)
	at TempTestSuite1745903984460.run(TempTestSuite1745903984460.groovy:35)
	at java.base/jdk.internal.reflect.NativeMethodAccessorImpl.invoke0(Native Method)
	at java.base/jdk.internal.reflect.NativeMethodAccessorImpl.invoke(NativeMethodAccessorImpl.java:77)
	at java.base/jdk.internal.reflect.DelegatingMethodAccessorImpl.invoke(DelegatingMethodAccessorImpl.java:43)
Caused by: com.kms.katalon.core.exception.StepFailedException: Element 'Object Repository/Repo/MyStay/android.widget.TextView - ACTIVE STAYS' not found
	at com.kms.katalon.core.mobile.keyword.internal.MobileKeywordMain.stepFailed(MobileKeywordMain.groovy:64)
	at com.kms.katalon.core.mobile.keyword.builtin.VerifyElementExistKeyword$_verifyElementExist_closure1.doCall(VerifyElementExistKeyword.groovy:48)
	at com.kms.katalon.core.mobile.keyword.builtin.VerifyElementExistKeyword$_verifyElementExist_closure1.call(VerifyElementExistKeyword.groovy)
	at com.kms.katalon.core.mobile.keyword.internal.MobileKeywordMain.runKeyword(MobileKeywordMain.groovy:30)
	... 20 more
)
[[ATTACHMENT|/Users/gv.vignesh/Downloads/WGR-Android-Automation/Reports/20250429_104944/Android Regression/20250429_104944/1745909765268.png]]]]></system-out>
         <system-err><![CDATA[29-04-2025T12:22:43 - [TEST_CASE][FAILED] - Test Cases/My Stay And Reservations/C748_MyStayAndReservations_MyStay_Current tab_Activestay_See all: Test Cases/My Stay And Reservations/C748_MyStayAndReservations_MyStay_Current tab_Activestay_See all FAILED.
Reason:
com.kms.katalon.core.exception.StepFailedException: Failed to check for element 'Object Repository/Repo/MyStay/android.widget.TextView - ACTIVE STAYS' exist
	at com.kms.katalon.core.mobile.keyword.internal.MobileKeywordMain.stepFailed(MobileKeywordMain.groovy:64)
	at com.kms.katalon.core.mobile.keyword.internal.MobileKeywordMain.runKeyword(MobileKeywordMain.groovy:34)
	at com.kms.katalon.core.mobile.keyword.builtin.VerifyElementExistKeyword.verifyElementExist(VerifyElementExistKeyword.groovy:51)
	at com.kms.katalon.core.mobile.keyword.builtin.VerifyElementExistKeyword.execute(VerifyElementExistKeyword.groovy:35)
	at com.kms.katalon.core.keyword.internal.KeywordExecutor.executeKeywordForPlatform(KeywordExecutor.groovy:74)
	at com.kms.katalon.core.mobile.keyword.MobileBuiltInKeywords.verifyElementExist(MobileBuiltInKeywords.groovy:1726)
	at C748_MyStayAndReservations_MyStay_Current tab_Activestay_See all.run(C748_MyStayAndReservations_MyStay_Current tab_Activestay_See all:67)
	at com.kms.katalon.core.main.ScriptEngine.run(ScriptEngine.java:194)
	at com.kms.katalon.core.main.ScriptEngine.runScriptAsRawText(ScriptEngine.java:119)
	at com.kms.katalon.core.main.TestCaseExecutor.runScript(TestCaseExecutor.java:448)
	at com.kms.katalon.core.main.TestCaseExecutor.doExecute(TestCaseExecutor.java:439)
	at com.kms.katalon.core.main.TestCaseExecutor.processExecutionPhase(TestCaseExecutor.java:418)
	at com.kms.katalon.core.main.TestCaseExecutor.accessMainPhase(TestCaseExecutor.java:410)
	at com.kms.katalon.core.main.TestCaseExecutor.execute(TestCaseExecutor.java:285)
	at com.kms.katalon.core.common.CommonExecutor.accessTestCaseMainPhase(CommonExecutor.java:71)
	at com.kms.katalon.core.main.TestSuiteExecutor.accessTestSuiteMainPhase(TestSuiteExecutor.java:160)
	at com.kms.katalon.core.main.TestSuiteExecutor.execute(TestSuiteExecutor.java:107)
	at com.kms.katalon.core.main.TestCaseMain.startTestSuite(TestCaseMain.java:180)
	at TempTestSuite1745903984460.run(TempTestSuite1745903984460.groovy:35)
	at java.base/jdk.internal.reflect.NativeMethodAccessorImpl.invoke0(Native Method)
	at java.base/jdk.internal.reflect.NativeMethodAccessorImpl.invoke(NativeMethodAccessorImpl.java:77)
	at java.base/jdk.internal.reflect.DelegatingMethodAccessorImpl.invoke(DelegatingMethodAccessorImpl.java:43)
Caused by: com.kms.katalon.core.exception.StepFailedException: Element 'Object Repository/Repo/MyStay/android.widget.TextView - ACTIVE STAYS' not found
	at com.kms.katalon.core.mobile.keyword.internal.MobileKeywordMain.stepFailed(MobileKeywordMain.groovy:64)
	at com.kms.katalon.core.mobile.keyword.builtin.VerifyElementExistKeyword$_verifyElementExist_closure1.doCall(VerifyElementExistKeyword.groovy:48)
	at com.kms.katalon.core.mobile.keyword.builtin.VerifyElementExistKeyword$_verifyElementExist_closure1.call(VerifyElementExistKeyword.groovy)
	at com.kms.katalon.core.mobile.keyword.internal.MobileKeywordMain.runKeyword(MobileKeywordMain.groovy:30)
	... 20 more]]></system-err>
      </testcase>
      <testcase name="Test Cases/My Stay And Reservations/WRMA-301_MyStayAndReservations_Error_ReservationsNotLoadingPastStays" time="79.232" classname="Test Cases/My Stay And Reservations/WRMA-301_MyStayAndReservations_Error_ReservationsNotLoadingPastStays" status="FAILED">
         <failure type="FAILED" message="Test Cases/My Stay And Reservations/WRMA-301_MyStayAndReservations_Error_ReservationsNotLoadingPastStays FAILED.&#xa;Reason:&#xa;com.kms.katalon.core.exception.StepFailedException: Failed to set text into element&#xa;	at com.kms.katalon.core.mobile.keyword.internal.MobileKeywordMain.stepFailed(MobileKeywordMain.groovy:64)&#xa;	at com.kms.katalon.core.mobile.keyword.internal.MobileKeywordMain.runKeyword(MobileKeywordMain.groovy:34)&#xa;	at com.kms.katalon.core.mobile.keyword.builtin.SetTextKeyword.setText(SetTextKeyword.groovy:62)&#xa;	at com.kms.katalon.core.mobile.keyword.builtin.SetTextKeyword.execute(SetTextKeyword.groovy:42)&#xa;	at com.kms.katalon.core.keyword.internal.KeywordExecutor.executeKeywordForPlatform(KeywordExecutor.groovy:74)&#xa;	at com.kms.katalon.core.mobile.keyword.MobileBuiltInKeywords.setText(MobileBuiltInKeywords.groovy:1278)&#xa;	at WRMA-301_MyStayAndReservations_Error_ReservationsNotLoadingPastStays.run(WRMA-301_MyStayAndReservations_Error_ReservationsNotLoadingPastStays:49)&#xa;	at com.kms.katalon.core.main.ScriptEngine.run(ScriptEngine.java:194)&#xa;	at com.kms.katalon.core.main.ScriptEngine.runScriptAsRawText(ScriptEngine.java:119)&#xa;	at com.kms.katalon.core.main.TestCaseExecutor.runScript(TestCaseExecutor.java:448)&#xa;	at com.kms.katalon.core.main.TestCaseExecutor.doExecute(TestCaseExecutor.java:439)&#xa;	at com.kms.katalon.core.main.TestCaseExecutor.processExecutionPhase(TestCaseExecutor.java:418)&#xa;	at com.kms.katalon.core.main.TestCaseExecutor.accessMainPhase(TestCaseExecutor.java:410)&#xa;	at com.kms.katalon.core.main.TestCaseExecutor.execute(TestCaseExecutor.java:285)&#xa;	at com.kms.katalon.core.common.CommonExecutor.accessTestCaseMainPhase(CommonExecutor.java:71)&#xa;	at com.kms.katalon.core.main.TestSuiteExecutor.accessTestSuiteMainPhase(TestSuiteExecutor.java:160)&#xa;	at com.kms.katalon.core.main.TestSuiteExecutor.execute(TestSuiteExecutor.java:107)&#xa;	at com.kms.katalon.core.main.TestCaseMain.startTestSuite(TestCaseMain.java:180)&#xa;	at TempTestSuite1745903984460.run(TempTestSuite1745903984460.groovy:35)&#xa;	at java.base/jdk.internal.reflect.NativeMethodAccessorImpl.invoke0(Native Method)&#xa;	at java.base/jdk.internal.reflect.NativeMethodAccessorImpl.invoke(NativeMethodAccessorImpl.java:77)&#xa;	at java.base/jdk.internal.reflect.DelegatingMethodAccessorImpl.invoke(DelegatingMethodAccessorImpl.java:43)&#xa;Caused by: com.kms.katalon.core.exception.StepFailedException: Object Object Repository/Repo/MyStay/android.widget.EditText not found&#xa;	at com.kms.katalon.core.mobile.keyword.internal.MobileKeywordMain.stepFailed(MobileKeywordMain.groovy:64)&#xa;	at com.kms.katalon.core.mobile.keyword.builtin.SetTextKeyword$_setText_closure1.doCall(SetTextKeyword.groovy:52)&#xa;	at com.kms.katalon.core.mobile.keyword.builtin.SetTextKeyword$_setText_closure1.call(SetTextKeyword.groovy)&#xa;	at com.kms.katalon.core.mobile.keyword.internal.MobileKeywordMain.runKeyword(MobileKeywordMain.groovy:30)&#xa;	... 20 more&#xa;"/>
         <system-out><![CDATA[29-04-2025T12:26:06 - [TEST_CASE][FAILED] - Test Cases/My Stay And Reservations/WRMA-301_MyStayAndReservations_Error_ReservationsNotLoadingPastStays: Test Cases/My Stay And Reservations/WRMA-301_MyStayAndReservations_Error_ReservationsNotLoadingPastStays FAILED.
Reason:
com.kms.katalon.core.exception.StepFailedException: Failed to set text into element
	at com.kms.katalon.core.mobile.keyword.internal.MobileKeywordMain.stepFailed(MobileKeywordMain.groovy:64)
	at com.kms.katalon.core.mobile.keyword.internal.MobileKeywordMain.runKeyword(MobileKeywordMain.groovy:34)
	at com.kms.katalon.core.mobile.keyword.builtin.SetTextKeyword.setText(SetTextKeyword.groovy:62)
	at com.kms.katalon.core.mobile.keyword.builtin.SetTextKeyword.execute(SetTextKeyword.groovy:42)
	at com.kms.katalon.core.keyword.internal.KeywordExecutor.executeKeywordForPlatform(KeywordExecutor.groovy:74)
	at com.kms.katalon.core.mobile.keyword.MobileBuiltInKeywords.setText(MobileBuiltInKeywords.groovy:1278)
	at WRMA-301_MyStayAndReservations_Error_ReservationsNotLoadingPastStays.run(WRMA-301_MyStayAndReservations_Error_ReservationsNotLoadingPastStays:49)
	at com.kms.katalon.core.main.ScriptEngine.run(ScriptEngine.java:194)
	at com.kms.katalon.core.main.ScriptEngine.runScriptAsRawText(ScriptEngine.java:119)
	at com.kms.katalon.core.main.TestCaseExecutor.runScript(TestCaseExecutor.java:448)
	at com.kms.katalon.core.main.TestCaseExecutor.doExecute(TestCaseExecutor.java:439)
	at com.kms.katalon.core.main.TestCaseExecutor.processExecutionPhase(TestCaseExecutor.java:418)
	at com.kms.katalon.core.main.TestCaseExecutor.accessMainPhase(TestCaseExecutor.java:410)
	at com.kms.katalon.core.main.TestCaseExecutor.execute(TestCaseExecutor.java:285)
	at com.kms.katalon.core.common.CommonExecutor.accessTestCaseMainPhase(CommonExecutor.java:71)
	at com.kms.katalon.core.main.TestSuiteExecutor.accessTestSuiteMainPhase(TestSuiteExecutor.java:160)
	at com.kms.katalon.core.main.TestSuiteExecutor.execute(TestSuiteExecutor.java:107)
	at com.kms.katalon.core.main.TestCaseMain.startTestSuite(TestCaseMain.java:180)
	at TempTestSuite1745903984460.run(TempTestSuite1745903984460.groovy:35)
	at java.base/jdk.internal.reflect.NativeMethodAccessorImpl.invoke0(Native Method)
	at java.base/jdk.internal.reflect.NativeMethodAccessorImpl.invoke(NativeMethodAccessorImpl.java:77)
	at java.base/jdk.internal.reflect.DelegatingMethodAccessorImpl.invoke(DelegatingMethodAccessorImpl.java:43)
Caused by: com.kms.katalon.core.exception.StepFailedException: Object Object Repository/Repo/MyStay/android.widget.EditText not found
	at com.kms.katalon.core.mobile.keyword.internal.MobileKeywordMain.stepFailed(MobileKeywordMain.groovy:64)
	at com.kms.katalon.core.mobile.keyword.builtin.SetTextKeyword$_setText_closure1.doCall(SetTextKeyword.groovy:52)
	at com.kms.katalon.core.mobile.keyword.builtin.SetTextKeyword$_setText_closure1.call(SetTextKeyword.groovy)
	at com.kms.katalon.core.mobile.keyword.internal.MobileKeywordMain.runKeyword(MobileKeywordMain.groovy:30)
	... 20 more


29-04-2025T12:26:06 - [TEST_STEP][PASSED] - testData = findTestData("Data Files/C726"): null

29-04-2025T12:26:06 - [TEST_STEP][PASSED] - username = testData.getValue("username", 1): null

29-04-2025T12:26:06 - [TEST_STEP][PASSED] - password = testData.getValue("password", 1): null

29-04-2025T12:26:06 - [TEST_STEP][PASSED] - startApplication(appUrl, true): Started application: '/Users/gv.vignesh/Downloads/WGR-Android-Automation/App Folder/app-debug-2.99.75.apk'

29-04-2025T12:26:06 - [MESSAGE][INFO] - Starting application: '/Users/gv.vignesh/Downloads/WGR-Android-Automation/App Folder/app-debug-2.99.75.apk'

29-04-2025T12:26:06 - [MESSAGE][INFO] - User set preference: ['uiautomator2ServerInstallTimeout', '0']

29-04-2025T12:26:06 - [MESSAGE][INFO] - User set preference: ['deviceId', '']

29-04-2025T12:26:28 - [MESSAGE][PASSED] - Started application: '/Users/gv.vignesh/Downloads/WGR-Android-Automation/App Folder/app-debug-2.99.75.apk'

29-04-2025T12:26:28 - [TEST_STEP][PASSED] - delay(10): Delayed 10 second(s)

29-04-2025T12:26:39 - [MESSAGE][PASSED] - Delayed 10 second(s)

29-04-2025T12:26:39 - [TEST_STEP][PASSED] - tap(findTestObject("Object Repository/Repo/MyStay/android.widget.Button - Login or Sign Up"), 0): Tapped on element 'Object Repository/Repo/MyStay/android.widget.Button - Login or Sign Up'

29-04-2025T12:26:39 - [MESSAGE][WARNING] - Timeout '0' is invalid. Using default page load timeout: '30'

29-04-2025T12:26:40 - [MESSAGE][PASSED] - Tapped on element 'Object Repository/Repo/MyStay/android.widget.Button - Login or Sign Up'

29-04-2025T12:26:40 - [TEST_STEP][PASSED] - delay(10): Delayed 10 second(s)

29-04-2025T12:26:50 - [MESSAGE][PASSED] - Delayed 10 second(s)

29-04-2025T12:26:50 - [TEST_STEP][FAILED] - setText(findTestObject("Object Repository/Repo/MyStay/android.widget.EditText"), username, 0): Failed to set text into element (Root cause: com.kms.katalon.core.exception.StepFailedException: Failed to set text into element
	at com.kms.katalon.core.mobile.keyword.internal.MobileKeywordMain.stepFailed(MobileKeywordMain.groovy:64)
	at com.kms.katalon.core.mobile.keyword.internal.MobileKeywordMain.runKeyword(MobileKeywordMain.groovy:34)
	at com.kms.katalon.core.mobile.keyword.builtin.SetTextKeyword.setText(SetTextKeyword.groovy:62)
	at com.kms.katalon.core.mobile.keyword.builtin.SetTextKeyword.execute(SetTextKeyword.groovy:42)
	at com.kms.katalon.core.keyword.internal.KeywordExecutor.executeKeywordForPlatform(KeywordExecutor.groovy:74)
	at com.kms.katalon.core.mobile.keyword.MobileBuiltInKeywords.setText(MobileBuiltInKeywords.groovy:1278)
	at WRMA-301_MyStayAndReservations_Error_ReservationsNotLoadingPastStays.run(WRMA-301_MyStayAndReservations_Error_ReservationsNotLoadingPastStays:49)
	at com.kms.katalon.core.main.ScriptEngine.run(ScriptEngine.java:194)
	at com.kms.katalon.core.main.ScriptEngine.runScriptAsRawText(ScriptEngine.java:119)
	at com.kms.katalon.core.main.TestCaseExecutor.runScript(TestCaseExecutor.java:448)
	at com.kms.katalon.core.main.TestCaseExecutor.doExecute(TestCaseExecutor.java:439)
	at com.kms.katalon.core.main.TestCaseExecutor.processExecutionPhase(TestCaseExecutor.java:418)
	at com.kms.katalon.core.main.TestCaseExecutor.accessMainPhase(TestCaseExecutor.java:410)
	at com.kms.katalon.core.main.TestCaseExecutor.execute(TestCaseExecutor.java:285)
	at com.kms.katalon.core.common.CommonExecutor.accessTestCaseMainPhase(CommonExecutor.java:71)
	at com.kms.katalon.core.main.TestSuiteExecutor.accessTestSuiteMainPhase(TestSuiteExecutor.java:160)
	at com.kms.katalon.core.main.TestSuiteExecutor.execute(TestSuiteExecutor.java:107)
	at com.kms.katalon.core.main.TestCaseMain.startTestSuite(TestCaseMain.java:180)
	at TempTestSuite1745903984460.run(TempTestSuite1745903984460.groovy:35)
	at java.base/jdk.internal.reflect.NativeMethodAccessorImpl.invoke0(Native Method)
	at java.base/jdk.internal.reflect.NativeMethodAccessorImpl.invoke(NativeMethodAccessorImpl.java:77)
	at java.base/jdk.internal.reflect.DelegatingMethodAccessorImpl.invoke(DelegatingMethodAccessorImpl.java:43)
Caused by: com.kms.katalon.core.exception.StepFailedException: Object Object Repository/Repo/MyStay/android.widget.EditText not found
	at com.kms.katalon.core.mobile.keyword.internal.MobileKeywordMain.stepFailed(MobileKeywordMain.groovy:64)
	at com.kms.katalon.core.mobile.keyword.builtin.SetTextKeyword$_setText_closure1.doCall(SetTextKeyword.groovy:52)
	at com.kms.katalon.core.mobile.keyword.builtin.SetTextKeyword$_setText_closure1.call(SetTextKeyword.groovy)
	at com.kms.katalon.core.mobile.keyword.internal.MobileKeywordMain.runKeyword(MobileKeywordMain.groovy:30)
	... 20 more
)

29-04-2025T12:26:50 - [MESSAGE][WARNING] - Timeout '0' is invalid. Using default page load timeout: '30'

29-04-2025T12:27:23 - [MESSAGE][FAILED] - Object Object Repository/Repo/MyStay/android.widget.EditText not found (Root cause: com.kms.katalon.core.exception.StepFailedException: Object Object Repository/Repo/MyStay/android.widget.EditText not found
	at com.kms.katalon.core.mobile.keyword.internal.MobileKeywordMain.stepFailed(MobileKeywordMain.groovy:64)
	at com.kms.katalon.core.mobile.keyword.builtin.SetTextKeyword$_setText_closure1.doCall(SetTextKeyword.groovy:52)
	at com.kms.katalon.core.mobile.keyword.builtin.SetTextKeyword$_setText_closure1.call(SetTextKeyword.groovy)
	at com.kms.katalon.core.mobile.keyword.internal.MobileKeywordMain.runKeyword(MobileKeywordMain.groovy:30)
	at com.kms.katalon.core.mobile.keyword.builtin.SetTextKeyword.setText(SetTextKeyword.groovy:62)
	at com.kms.katalon.core.mobile.keyword.builtin.SetTextKeyword.execute(SetTextKeyword.groovy:42)
	at com.kms.katalon.core.keyword.internal.KeywordExecutor.executeKeywordForPlatform(KeywordExecutor.groovy:74)
	at com.kms.katalon.core.mobile.keyword.MobileBuiltInKeywords.setText(MobileBuiltInKeywords.groovy:1278)
	at WRMA-301_MyStayAndReservations_Error_ReservationsNotLoadingPastStays.run(WRMA-301_MyStayAndReservations_Error_ReservationsNotLoadingPastStays:49)
	at com.kms.katalon.core.main.ScriptEngine.run(ScriptEngine.java:194)
	at com.kms.katalon.core.main.ScriptEngine.runScriptAsRawText(ScriptEngine.java:119)
	at com.kms.katalon.core.main.TestCaseExecutor.runScript(TestCaseExecutor.java:448)
	at com.kms.katalon.core.main.TestCaseExecutor.doExecute(TestCaseExecutor.java:439)
	at com.kms.katalon.core.main.TestCaseExecutor.processExecutionPhase(TestCaseExecutor.java:418)
	at com.kms.katalon.core.main.TestCaseExecutor.accessMainPhase(TestCaseExecutor.java:410)
	at com.kms.katalon.core.main.TestCaseExecutor.execute(TestCaseExecutor.java:285)
	at com.kms.katalon.core.common.CommonExecutor.accessTestCaseMainPhase(CommonExecutor.java:71)
	at com.kms.katalon.core.main.TestSuiteExecutor.accessTestSuiteMainPhase(TestSuiteExecutor.java:160)
	at com.kms.katalon.core.main.TestSuiteExecutor.execute(TestSuiteExecutor.java:107)
	at com.kms.katalon.core.main.TestCaseMain.startTestSuite(TestCaseMain.java:180)
	at TempTestSuite1745903984460.run(TempTestSuite1745903984460.groovy:35)
	at java.base/jdk.internal.reflect.NativeMethodAccessorImpl.invoke0(Native Method)
	at java.base/jdk.internal.reflect.NativeMethodAccessorImpl.invoke(NativeMethodAccessorImpl.java:77)
	at java.base/jdk.internal.reflect.DelegatingMethodAccessorImpl.invoke(DelegatingMethodAccessorImpl.java:43)
)
[[ATTACHMENT|/Users/gv.vignesh/Downloads/WGR-Android-Automation/Reports/20250429_104944/Android Regression/20250429_104944/1745909840580.png]]

29-04-2025T12:27:25 - [MESSAGE][FAILED] - Failed to set text into element (Root cause: com.kms.katalon.core.exception.StepFailedException: Failed to set text into element
	at com.kms.katalon.core.mobile.keyword.internal.MobileKeywordMain.stepFailed(MobileKeywordMain.groovy:64)
	at com.kms.katalon.core.mobile.keyword.internal.MobileKeywordMain.runKeyword(MobileKeywordMain.groovy:34)
	at com.kms.katalon.core.mobile.keyword.builtin.SetTextKeyword.setText(SetTextKeyword.groovy:62)
	at com.kms.katalon.core.mobile.keyword.builtin.SetTextKeyword.execute(SetTextKeyword.groovy:42)
	at com.kms.katalon.core.keyword.internal.KeywordExecutor.executeKeywordForPlatform(KeywordExecutor.groovy:74)
	at com.kms.katalon.core.mobile.keyword.MobileBuiltInKeywords.setText(MobileBuiltInKeywords.groovy:1278)
	at WRMA-301_MyStayAndReservations_Error_ReservationsNotLoadingPastStays.run(WRMA-301_MyStayAndReservations_Error_ReservationsNotLoadingPastStays:49)
	at com.kms.katalon.core.main.ScriptEngine.run(ScriptEngine.java:194)
	at com.kms.katalon.core.main.ScriptEngine.runScriptAsRawText(ScriptEngine.java:119)
	at com.kms.katalon.core.main.TestCaseExecutor.runScript(TestCaseExecutor.java:448)
	at com.kms.katalon.core.main.TestCaseExecutor.doExecute(TestCaseExecutor.java:439)
	at com.kms.katalon.core.main.TestCaseExecutor.processExecutionPhase(TestCaseExecutor.java:418)
	at com.kms.katalon.core.main.TestCaseExecutor.accessMainPhase(TestCaseExecutor.java:410)
	at com.kms.katalon.core.main.TestCaseExecutor.execute(TestCaseExecutor.java:285)
	at com.kms.katalon.core.common.CommonExecutor.accessTestCaseMainPhase(CommonExecutor.java:71)
	at com.kms.katalon.core.main.TestSuiteExecutor.accessTestSuiteMainPhase(TestSuiteExecutor.java:160)
	at com.kms.katalon.core.main.TestSuiteExecutor.execute(TestSuiteExecutor.java:107)
	at com.kms.katalon.core.main.TestCaseMain.startTestSuite(TestCaseMain.java:180)
	at TempTestSuite1745903984460.run(TempTestSuite1745903984460.groovy:35)
	at java.base/jdk.internal.reflect.NativeMethodAccessorImpl.invoke0(Native Method)
	at java.base/jdk.internal.reflect.NativeMethodAccessorImpl.invoke(NativeMethodAccessorImpl.java:77)
	at java.base/jdk.internal.reflect.DelegatingMethodAccessorImpl.invoke(DelegatingMethodAccessorImpl.java:43)
Caused by: com.kms.katalon.core.exception.StepFailedException: Object Object Repository/Repo/MyStay/android.widget.EditText not found
	at com.kms.katalon.core.mobile.keyword.internal.MobileKeywordMain.stepFailed(MobileKeywordMain.groovy:64)
	at com.kms.katalon.core.mobile.keyword.builtin.SetTextKeyword$_setText_closure1.doCall(SetTextKeyword.groovy:52)
	at com.kms.katalon.core.mobile.keyword.builtin.SetTextKeyword$_setText_closure1.call(SetTextKeyword.groovy)
	at com.kms.katalon.core.mobile.keyword.internal.MobileKeywordMain.runKeyword(MobileKeywordMain.groovy:30)
	... 20 more
)
[[ATTACHMENT|/Users/gv.vignesh/Downloads/WGR-Android-Automation/Reports/20250429_104944/Android Regression/20250429_104944/1745909843456.png]]]]></system-out>
         <system-err><![CDATA[29-04-2025T12:26:06 - [TEST_CASE][FAILED] - Test Cases/My Stay And Reservations/WRMA-301_MyStayAndReservations_Error_ReservationsNotLoadingPastStays: Test Cases/My Stay And Reservations/WRMA-301_MyStayAndReservations_Error_ReservationsNotLoadingPastStays FAILED.
Reason:
com.kms.katalon.core.exception.StepFailedException: Failed to set text into element
	at com.kms.katalon.core.mobile.keyword.internal.MobileKeywordMain.stepFailed(MobileKeywordMain.groovy:64)
	at com.kms.katalon.core.mobile.keyword.internal.MobileKeywordMain.runKeyword(MobileKeywordMain.groovy:34)
	at com.kms.katalon.core.mobile.keyword.builtin.SetTextKeyword.setText(SetTextKeyword.groovy:62)
	at com.kms.katalon.core.mobile.keyword.builtin.SetTextKeyword.execute(SetTextKeyword.groovy:42)
	at com.kms.katalon.core.keyword.internal.KeywordExecutor.executeKeywordForPlatform(KeywordExecutor.groovy:74)
	at com.kms.katalon.core.mobile.keyword.MobileBuiltInKeywords.setText(MobileBuiltInKeywords.groovy:1278)
	at WRMA-301_MyStayAndReservations_Error_ReservationsNotLoadingPastStays.run(WRMA-301_MyStayAndReservations_Error_ReservationsNotLoadingPastStays:49)
	at com.kms.katalon.core.main.ScriptEngine.run(ScriptEngine.java:194)
	at com.kms.katalon.core.main.ScriptEngine.runScriptAsRawText(ScriptEngine.java:119)
	at com.kms.katalon.core.main.TestCaseExecutor.runScript(TestCaseExecutor.java:448)
	at com.kms.katalon.core.main.TestCaseExecutor.doExecute(TestCaseExecutor.java:439)
	at com.kms.katalon.core.main.TestCaseExecutor.processExecutionPhase(TestCaseExecutor.java:418)
	at com.kms.katalon.core.main.TestCaseExecutor.accessMainPhase(TestCaseExecutor.java:410)
	at com.kms.katalon.core.main.TestCaseExecutor.execute(TestCaseExecutor.java:285)
	at com.kms.katalon.core.common.CommonExecutor.accessTestCaseMainPhase(CommonExecutor.java:71)
	at com.kms.katalon.core.main.TestSuiteExecutor.accessTestSuiteMainPhase(TestSuiteExecutor.java:160)
	at com.kms.katalon.core.main.TestSuiteExecutor.execute(TestSuiteExecutor.java:107)
	at com.kms.katalon.core.main.TestCaseMain.startTestSuite(TestCaseMain.java:180)
	at TempTestSuite1745903984460.run(TempTestSuite1745903984460.groovy:35)
	at java.base/jdk.internal.reflect.NativeMethodAccessorImpl.invoke0(Native Method)
	at java.base/jdk.internal.reflect.NativeMethodAccessorImpl.invoke(NativeMethodAccessorImpl.java:77)
	at java.base/jdk.internal.reflect.DelegatingMethodAccessorImpl.invoke(DelegatingMethodAccessorImpl.java:43)
Caused by: com.kms.katalon.core.exception.StepFailedException: Object Object Repository/Repo/MyStay/android.widget.EditText not found
	at com.kms.katalon.core.mobile.keyword.internal.MobileKeywordMain.stepFailed(MobileKeywordMain.groovy:64)
	at com.kms.katalon.core.mobile.keyword.builtin.SetTextKeyword$_setText_closure1.doCall(SetTextKeyword.groovy:52)
	at com.kms.katalon.core.mobile.keyword.builtin.SetTextKeyword$_setText_closure1.call(SetTextKeyword.groovy)
	at com.kms.katalon.core.mobile.keyword.internal.MobileKeywordMain.runKeyword(MobileKeywordMain.groovy:30)
	... 20 more]]></system-err>
      </testcase>
      <testcase name="Test Cases/My Stay And Reservations/C725_MyStayAndReservations_Mystay_Landingpage_Nostays" time="205.515" classname="Test Cases/My Stay And Reservations/C725_MyStayAndReservations_Mystay_Landingpage_Nostays" status="PASSED">
         <system-out><![CDATA[29-04-2025T12:27:25 - [TEST_CASE][PASSED] - Test Cases/My Stay And Reservations/C725_MyStayAndReservations_Mystay_Landingpage_Nostays: Test Cases/My Stay And Reservations/C725_MyStayAndReservations_Mystay_Landingpage_Nostays

29-04-2025T12:27:25 - [TEST_STEP][PASSED] - testData = findTestData("Data Files/C790"): null

29-04-2025T12:27:25 - [TEST_STEP][PASSED] - email = testData.getValue("email", 1): null

29-04-2025T12:27:25 - [TEST_STEP][PASSED] - password = testData.getValue("password", 1): null

29-04-2025T12:27:25 - [TEST_STEP][PASSED] - startApplication(appUrl, true): Started application: '/Users/gv.vignesh/Downloads/WGR-Android-Automation/App Folder/app-debug-2.99.75.apk'

29-04-2025T12:27:25 - [MESSAGE][INFO] - Starting application: '/Users/gv.vignesh/Downloads/WGR-Android-Automation/App Folder/app-debug-2.99.75.apk'

29-04-2025T12:27:25 - [MESSAGE][INFO] - User set preference: ['uiautomator2ServerInstallTimeout', '0']

29-04-2025T12:27:25 - [MESSAGE][INFO] - User set preference: ['deviceId', '']

29-04-2025T12:27:48 - [MESSAGE][PASSED] - Started application: '/Users/gv.vignesh/Downloads/WGR-Android-Automation/App Folder/app-debug-2.99.75.apk'

29-04-2025T12:27:48 - [TEST_STEP][PASSED] - delay(10): Delayed 10 second(s)

29-04-2025T12:27:58 - [MESSAGE][PASSED] - Delayed 10 second(s)

29-04-2025T12:27:58 - [TEST_STEP][PASSED] - tap(findTestObject("Object Repository/Repo/MyStay/android.widget.Button - Login or Sign Up (2)"), 0): Tapped on element 'Object Repository/Repo/MyStay/android.widget.Button - Login or Sign Up (2)'

29-04-2025T12:27:58 - [MESSAGE][WARNING] - Timeout '0' is invalid. Using default page load timeout: '30'

29-04-2025T12:27:59 - [MESSAGE][PASSED] - Tapped on element 'Object Repository/Repo/MyStay/android.widget.Button - Login or Sign Up (2)'

29-04-2025T12:27:59 - [TEST_STEP][PASSED] - delay(10): Delayed 10 second(s)

29-04-2025T12:28:09 - [MESSAGE][PASSED] - Delayed 10 second(s)

29-04-2025T12:28:09 - [TEST_STEP][PASSED] - setText(findTestObject("Object Repository/Repo/android.widget.EditText-NewUserName-LoginPage"), email, 0): Text 'CGARNER024@GMAIL.COM' has been set to element 'Object Repository/Repo/android.widget.EditText-NewUserName-LoginPage'

29-04-2025T12:28:09 - [MESSAGE][WARNING] - Timeout '0' is invalid. Using default page load timeout: '30'

29-04-2025T12:28:12 - [MESSAGE][PASSED] - Text 'CGARNER024@GMAIL.COM' has been set to element 'Object Repository/Repo/android.widget.EditText-NewUserName-LoginPage'

29-04-2025T12:28:12 - [TEST_STEP][PASSED] - hideKeyboard(): Keyboard is hidden

29-04-2025T12:28:14 - [MESSAGE][PASSED] - Keyboard is hidden

29-04-2025T12:28:14 - [TEST_STEP][PASSED] - delay(10): Delayed 10 second(s)

29-04-2025T12:28:24 - [MESSAGE][PASSED] - Delayed 10 second(s)

29-04-2025T12:28:24 - [TEST_STEP][PASSED] - tap(findTestObject("Object Repository/Repo/MyStay/android.widget.Button - Next (2)"), 0): Tapped on element 'Object Repository/Repo/MyStay/android.widget.Button - Next (2)'

29-04-2025T12:28:24 - [MESSAGE][WARNING] - Timeout '0' is invalid. Using default page load timeout: '30'

29-04-2025T12:28:25 - [MESSAGE][PASSED] - Tapped on element 'Object Repository/Repo/MyStay/android.widget.Button - Next (2)'

29-04-2025T12:28:25 - [TEST_STEP][PASSED] - delay(30): Delayed 30 second(s)

29-04-2025T12:28:55 - [MESSAGE][PASSED] - Delayed 30 second(s)

29-04-2025T12:28:55 - [TEST_STEP][PASSED] - setText(findTestObject("Object Repository/Repo/MyStay/android.widget.EditText (5)"), email, 0): Text 'CGARNER024@GMAIL.COM' has been set to element 'Object Repository/Repo/MyStay/android.widget.EditText (5)'

29-04-2025T12:28:55 - [MESSAGE][WARNING] - Timeout '0' is invalid. Using default page load timeout: '30'

29-04-2025T12:28:56 - [MESSAGE][PASSED] - Text 'CGARNER024@GMAIL.COM' has been set to element 'Object Repository/Repo/MyStay/android.widget.EditText (5)'

29-04-2025T12:28:56 - [TEST_STEP][PASSED] - hideKeyboard(): Keyboard is hidden

29-04-2025T12:28:58 - [MESSAGE][PASSED] - Keyboard is hidden

29-04-2025T12:28:58 - [TEST_STEP][PASSED] - delay(20): Delayed 20 second(s)

29-04-2025T12:29:18 - [MESSAGE][PASSED] - Delayed 20 second(s)

29-04-2025T12:29:18 - [TEST_STEP][PASSED] - setText(findTestObject("Object Repository/Repo/MyStay/android.widget.EditText (6)"), password, 0): Text 'password' has been set to element 'Object Repository/Repo/MyStay/android.widget.EditText (6)'

29-04-2025T12:29:18 - [MESSAGE][WARNING] - Timeout '0' is invalid. Using default page load timeout: '30'

29-04-2025T12:29:20 - [MESSAGE][PASSED] - Text 'password' has been set to element 'Object Repository/Repo/MyStay/android.widget.EditText (6)'

29-04-2025T12:29:20 - [TEST_STEP][PASSED] - hideKeyboard(): Keyboard is hidden

29-04-2025T12:29:22 - [MESSAGE][PASSED] - Keyboard is hidden

29-04-2025T12:29:22 - [TEST_STEP][PASSED] - delay(20): Delayed 20 second(s)

29-04-2025T12:29:42 - [MESSAGE][PASSED] - Delayed 20 second(s)

29-04-2025T12:29:42 - [TEST_STEP][PASSED] - tap(findTestObject("Object Repository/Repo/MyStay/android.widget.Button - LOGIN (1)"), 0): Tapped on element 'Object Repository/Repo/MyStay/android.widget.Button - LOGIN (1)'

29-04-2025T12:29:42 - [MESSAGE][WARNING] - Timeout '0' is invalid. Using default page load timeout: '30'

29-04-2025T12:29:43 - [MESSAGE][PASSED] - Tapped on element 'Object Repository/Repo/MyStay/android.widget.Button - LOGIN (1)'

29-04-2025T12:29:43 - [TEST_STEP][PASSED] - delay(20): Delayed 20 second(s)

29-04-2025T12:30:03 - [MESSAGE][PASSED] - Delayed 20 second(s)

29-04-2025T12:30:03 - [TEST_STEP][PASSED] - verifyElementWithContinue("Object Repository/Repo/MyStay/android.view.View - My Stay (2)"): null

29-04-2025T12:30:03 - [TEST_STEP][PASSED] - try: Element 'Object Repository/Repo/MyStay/android.view.View - My Stay (2)' is exist

29-04-2025T12:30:03 - [TEST_STEP][PASSED] - verifyElementExist(findTestObject(objectPath), 10, STOP_ON_FAILURE): Element 'Object Repository/Repo/MyStay/android.view.View - My Stay (2)' is exist

29-04-2025T12:30:04 - [MESSAGE][PASSED] - Element 'Object Repository/Repo/MyStay/android.view.View - My Stay (2)' is exist

29-04-2025T12:30:04 - [TEST_STEP][PASSED] - delay(3): Delayed 3 second(s)

29-04-2025T12:30:07 - [MESSAGE][PASSED] - Delayed 3 second(s)

29-04-2025T12:30:07 - [TEST_STEP][PASSED] - tap(findTestObject("Object Repository/Repo/MyStay/android.view.View - My Stay (2)"), 0): Tapped on element 'Object Repository/Repo/MyStay/android.view.View - My Stay (2)'

29-04-2025T12:30:07 - [MESSAGE][WARNING] - Timeout '0' is invalid. Using default page load timeout: '30'

29-04-2025T12:30:08 - [MESSAGE][PASSED] - Tapped on element 'Object Repository/Repo/MyStay/android.view.View - My Stay (2)'

29-04-2025T12:30:08 - [TEST_STEP][PASSED] - delay(5): Delayed 5 second(s)

29-04-2025T12:30:13 - [MESSAGE][PASSED] - Delayed 5 second(s)

29-04-2025T12:30:13 - [TEST_STEP][PASSED] - verifyElementWithContinue("Object Repository/Repo/MyStay/android.widget.TextView - You dont have any upcoming stays associated with your profile"): null

29-04-2025T12:30:13 - [TEST_STEP][PASSED] - try: Element 'Object Repository/Repo/MyStay/android.widget.TextView - You dont have any upcoming stays associated with your profile' is exist

29-04-2025T12:30:13 - [TEST_STEP][PASSED] - verifyElementExist(findTestObject(objectPath), 10, STOP_ON_FAILURE): Element 'Object Repository/Repo/MyStay/android.widget.TextView - You dont have any upcoming stays associated with your profile' is exist

29-04-2025T12:30:22 - [MESSAGE][PASSED] - Element 'Object Repository/Repo/MyStay/android.widget.TextView - You dont have any upcoming stays associated with your profile' is exist

29-04-2025T12:30:22 - [TEST_STEP][PASSED] - delay(3): Delayed 3 second(s)

29-04-2025T12:30:25 - [MESSAGE][PASSED] - Delayed 3 second(s)

29-04-2025T12:30:25 - [TEST_STEP][PASSED] - verifyElementWithContinue("Object Repository/Repo/MyStay/android.widget.TextView - Add a Reservation (1)"): null

29-04-2025T12:30:25 - [TEST_STEP][PASSED] - try: Element 'Object Repository/Repo/MyStay/android.widget.TextView - Add a Reservation (1)' is exist

29-04-2025T12:30:25 - [TEST_STEP][PASSED] - verifyElementExist(findTestObject(objectPath), 10, STOP_ON_FAILURE): Element 'Object Repository/Repo/MyStay/android.widget.TextView - Add a Reservation (1)' is exist

29-04-2025T12:30:25 - [MESSAGE][PASSED] - Element 'Object Repository/Repo/MyStay/android.widget.TextView - Add a Reservation (1)' is exist

29-04-2025T12:30:25 - [TEST_STEP][PASSED] - delay(3): Delayed 3 second(s)

29-04-2025T12:30:28 - [MESSAGE][PASSED] - Delayed 3 second(s)

29-04-2025T12:30:28 - [TEST_STEP][PASSED] - verifyElementWithContinue("Object Repository/Repo/MyStay/android.widget.TextView - Get the most out of your stay by adding it to the Westgate Resorts Mobile App (1)"): null

29-04-2025T12:30:28 - [TEST_STEP][PASSED] - try: Element 'Object Repository/Repo/MyStay/android.widget.TextView - Get the most out of your stay by adding it to the Westgate Resorts Mobile App (1)' is exist

29-04-2025T12:30:28 - [TEST_STEP][PASSED] - verifyElementExist(findTestObject(objectPath), 10, STOP_ON_FAILURE): Element 'Object Repository/Repo/MyStay/android.widget.TextView - Get the most out of your stay by adding it to the Westgate Resorts Mobile App (1)' is exist

29-04-2025T12:30:29 - [MESSAGE][PASSED] - Element 'Object Repository/Repo/MyStay/android.widget.TextView - Get the most out of your stay by adding it to the Westgate Resorts Mobile App (1)' is exist

29-04-2025T12:30:29 - [TEST_STEP][PASSED] - delay(3): Delayed 3 second(s)

29-04-2025T12:30:32 - [MESSAGE][PASSED] - Delayed 3 second(s)

29-04-2025T12:30:32 - [TEST_STEP][PASSED] - verifyElementWithContinue("Object Repository/Repo/MyStay/android.widget.Button - ADD A RESERVATION (1)"): null

29-04-2025T12:30:32 - [TEST_STEP][PASSED] - try: Element 'Object Repository/Repo/MyStay/android.widget.Button - ADD A RESERVATION (1)' is exist

29-04-2025T12:30:32 - [TEST_STEP][PASSED] - verifyElementExist(findTestObject(objectPath), 10, STOP_ON_FAILURE): Element 'Object Repository/Repo/MyStay/android.widget.Button - ADD A RESERVATION (1)' is exist

29-04-2025T12:30:32 - [MESSAGE][PASSED] - Element 'Object Repository/Repo/MyStay/android.widget.Button - ADD A RESERVATION (1)' is exist

29-04-2025T12:30:32 - [TEST_STEP][PASSED] - delay(3): Delayed 3 second(s)

29-04-2025T12:30:35 - [MESSAGE][PASSED] - Delayed 3 second(s)

29-04-2025T12:30:35 - [TEST_STEP][PASSED] - verifyElementWithContinue("Object Repository/Repo/MyStay/android.widget.TextView - My Stay (1)"): null

29-04-2025T12:30:35 - [TEST_STEP][PASSED] - try: Element 'Object Repository/Repo/MyStay/android.widget.TextView - My Stay (1)' is exist

29-04-2025T12:30:35 - [TEST_STEP][PASSED] - verifyElementExist(findTestObject(objectPath), 10, STOP_ON_FAILURE): Element 'Object Repository/Repo/MyStay/android.widget.TextView - My Stay (1)' is exist

29-04-2025T12:30:36 - [MESSAGE][PASSED] - Element 'Object Repository/Repo/MyStay/android.widget.TextView - My Stay (1)' is exist

29-04-2025T12:30:36 - [TEST_STEP][PASSED] - delay(3): Delayed 3 second(s)

29-04-2025T12:30:39 - [MESSAGE][PASSED] - Delayed 3 second(s)

29-04-2025T12:30:39 - [TEST_STEP][PASSED] - verifyElementWithContinue("Object Repository/Repo/MyStay/android.widget.Button - Current (1)"): null

29-04-2025T12:30:39 - [TEST_STEP][PASSED] - try: Element 'Object Repository/Repo/MyStay/android.widget.Button - Current (1)' is exist

29-04-2025T12:30:39 - [TEST_STEP][PASSED] - verifyElementExist(findTestObject(objectPath), 10, STOP_ON_FAILURE): Element 'Object Repository/Repo/MyStay/android.widget.Button - Current (1)' is exist

29-04-2025T12:30:39 - [MESSAGE][PASSED] - Element 'Object Repository/Repo/MyStay/android.widget.Button - Current (1)' is exist

29-04-2025T12:30:39 - [TEST_STEP][PASSED] - delay(3): Delayed 3 second(s)

29-04-2025T12:30:42 - [MESSAGE][PASSED] - Delayed 3 second(s)

29-04-2025T12:30:42 - [TEST_STEP][PASSED] - verifyElementWithContinue("Object Repository/Repo/MyStay/android.widget.Button - Past Stays (1)"): null

29-04-2025T12:30:42 - [TEST_STEP][PASSED] - try: Element 'Object Repository/Repo/MyStay/android.widget.Button - Past Stays (1)' is exist

29-04-2025T12:30:42 - [TEST_STEP][PASSED] - verifyElementExist(findTestObject(objectPath), 10, STOP_ON_FAILURE): Element 'Object Repository/Repo/MyStay/android.widget.Button - Past Stays (1)' is exist

29-04-2025T12:30:42 - [MESSAGE][PASSED] - Element 'Object Repository/Repo/MyStay/android.widget.Button - Past Stays (1)' is exist

29-04-2025T12:30:42 - [TEST_STEP][PASSED] - delay(3): Delayed 3 second(s)

29-04-2025T12:30:45 - [MESSAGE][PASSED] - Delayed 3 second(s)

29-04-2025T12:30:45 - [TEST_STEP][PASSED] - closeApplication(): Close app successfully

29-04-2025T12:30:51 - [MESSAGE][INFO] - The process with PID 5,397 wasnt terminated, error: {1}

29-04-2025T12:30:51 - [MESSAGE][PASSED] - Close app successfully]]></system-out>
         <system-err><![CDATA[]]></system-err>
      </testcase>
      <testcase name="Test Cases/My Stay And Reservations/WRMA-297_MyStayAndReservations__LatePayment" time="82.76" classname="Test Cases/My Stay And Reservations/WRMA-297_MyStayAndReservations__LatePayment" status="FAILED">
         <failure type="FAILED" message="Test Cases/My Stay And Reservations/WRMA-297_MyStayAndReservations__LatePayment FAILED.&#xa;Reason:&#xa;com.kms.katalon.core.exception.StepFailedException: Failed to set text into element&#xa;	at com.kms.katalon.core.mobile.keyword.internal.MobileKeywordMain.stepFailed(MobileKeywordMain.groovy:64)&#xa;	at com.kms.katalon.core.mobile.keyword.internal.MobileKeywordMain.runKeyword(MobileKeywordMain.groovy:34)&#xa;	at com.kms.katalon.core.mobile.keyword.builtin.SetTextKeyword.setText(SetTextKeyword.groovy:62)&#xa;	at com.kms.katalon.core.mobile.keyword.builtin.SetTextKeyword.execute(SetTextKeyword.groovy:42)&#xa;	at com.kms.katalon.core.keyword.internal.KeywordExecutor.executeKeywordForPlatform(KeywordExecutor.groovy:74)&#xa;	at com.kms.katalon.core.mobile.keyword.MobileBuiltInKeywords.setText(MobileBuiltInKeywords.groovy:1278)&#xa;	at WRMA-297_MyStayAndReservations__LatePayment.run(WRMA-297_MyStayAndReservations__LatePayment:33)&#xa;	at com.kms.katalon.core.main.ScriptEngine.run(ScriptEngine.java:194)&#xa;	at com.kms.katalon.core.main.ScriptEngine.runScriptAsRawText(ScriptEngine.java:119)&#xa;	at com.kms.katalon.core.main.TestCaseExecutor.runScript(TestCaseExecutor.java:448)&#xa;	at com.kms.katalon.core.main.TestCaseExecutor.doExecute(TestCaseExecutor.java:439)&#xa;	at com.kms.katalon.core.main.TestCaseExecutor.processExecutionPhase(TestCaseExecutor.java:418)&#xa;	at com.kms.katalon.core.main.TestCaseExecutor.accessMainPhase(TestCaseExecutor.java:410)&#xa;	at com.kms.katalon.core.main.TestCaseExecutor.execute(TestCaseExecutor.java:285)&#xa;	at com.kms.katalon.core.common.CommonExecutor.accessTestCaseMainPhase(CommonExecutor.java:71)&#xa;	at com.kms.katalon.core.main.TestSuiteExecutor.accessTestSuiteMainPhase(TestSuiteExecutor.java:160)&#xa;	at com.kms.katalon.core.main.TestSuiteExecutor.execute(TestSuiteExecutor.java:107)&#xa;	at com.kms.katalon.core.main.TestCaseMain.startTestSuite(TestCaseMain.java:180)&#xa;	at TempTestSuite1745903984460.run(TempTestSuite1745903984460.groovy:35)&#xa;	at java.base/jdk.internal.reflect.NativeMethodAccessorImpl.invoke0(Native Method)&#xa;	at java.base/jdk.internal.reflect.NativeMethodAccessorImpl.invoke(NativeMethodAccessorImpl.java:77)&#xa;	at java.base/jdk.internal.reflect.DelegatingMethodAccessorImpl.invoke(DelegatingMethodAccessorImpl.java:43)&#xa;Caused by: com.kms.katalon.core.exception.StepFailedException: Object Object Repository/MyStayOverDue/android.widget.EditText not found&#xa;	at com.kms.katalon.core.mobile.keyword.internal.MobileKeywordMain.stepFailed(MobileKeywordMain.groovy:64)&#xa;	at com.kms.katalon.core.mobile.keyword.builtin.SetTextKeyword$_setText_closure1.doCall(SetTextKeyword.groovy:52)&#xa;	at com.kms.katalon.core.mobile.keyword.builtin.SetTextKeyword$_setText_closure1.call(SetTextKeyword.groovy)&#xa;	at com.kms.katalon.core.mobile.keyword.internal.MobileKeywordMain.runKeyword(MobileKeywordMain.groovy:30)&#xa;	... 20 more&#xa;"/>
         <system-out><![CDATA[29-04-2025T12:30:51 - [TEST_CASE][FAILED] - Test Cases/My Stay And Reservations/WRMA-297_MyStayAndReservations__LatePayment: Test Cases/My Stay And Reservations/WRMA-297_MyStayAndReservations__LatePayment FAILED.
Reason:
com.kms.katalon.core.exception.StepFailedException: Failed to set text into element
	at com.kms.katalon.core.mobile.keyword.internal.MobileKeywordMain.stepFailed(MobileKeywordMain.groovy:64)
	at com.kms.katalon.core.mobile.keyword.internal.MobileKeywordMain.runKeyword(MobileKeywordMain.groovy:34)
	at com.kms.katalon.core.mobile.keyword.builtin.SetTextKeyword.setText(SetTextKeyword.groovy:62)
	at com.kms.katalon.core.mobile.keyword.builtin.SetTextKeyword.execute(SetTextKeyword.groovy:42)
	at com.kms.katalon.core.keyword.internal.KeywordExecutor.executeKeywordForPlatform(KeywordExecutor.groovy:74)
	at com.kms.katalon.core.mobile.keyword.MobileBuiltInKeywords.setText(MobileBuiltInKeywords.groovy:1278)
	at WRMA-297_MyStayAndReservations__LatePayment.run(WRMA-297_MyStayAndReservations__LatePayment:33)
	at com.kms.katalon.core.main.ScriptEngine.run(ScriptEngine.java:194)
	at com.kms.katalon.core.main.ScriptEngine.runScriptAsRawText(ScriptEngine.java:119)
	at com.kms.katalon.core.main.TestCaseExecutor.runScript(TestCaseExecutor.java:448)
	at com.kms.katalon.core.main.TestCaseExecutor.doExecute(TestCaseExecutor.java:439)
	at com.kms.katalon.core.main.TestCaseExecutor.processExecutionPhase(TestCaseExecutor.java:418)
	at com.kms.katalon.core.main.TestCaseExecutor.accessMainPhase(TestCaseExecutor.java:410)
	at com.kms.katalon.core.main.TestCaseExecutor.execute(TestCaseExecutor.java:285)
	at com.kms.katalon.core.common.CommonExecutor.accessTestCaseMainPhase(CommonExecutor.java:71)
	at com.kms.katalon.core.main.TestSuiteExecutor.accessTestSuiteMainPhase(TestSuiteExecutor.java:160)
	at com.kms.katalon.core.main.TestSuiteExecutor.execute(TestSuiteExecutor.java:107)
	at com.kms.katalon.core.main.TestCaseMain.startTestSuite(TestCaseMain.java:180)
	at TempTestSuite1745903984460.run(TempTestSuite1745903984460.groovy:35)
	at java.base/jdk.internal.reflect.NativeMethodAccessorImpl.invoke0(Native Method)
	at java.base/jdk.internal.reflect.NativeMethodAccessorImpl.invoke(NativeMethodAccessorImpl.java:77)
	at java.base/jdk.internal.reflect.DelegatingMethodAccessorImpl.invoke(DelegatingMethodAccessorImpl.java:43)
Caused by: com.kms.katalon.core.exception.StepFailedException: Object Object Repository/MyStayOverDue/android.widget.EditText not found
	at com.kms.katalon.core.mobile.keyword.internal.MobileKeywordMain.stepFailed(MobileKeywordMain.groovy:64)
	at com.kms.katalon.core.mobile.keyword.builtin.SetTextKeyword$_setText_closure1.doCall(SetTextKeyword.groovy:52)
	at com.kms.katalon.core.mobile.keyword.builtin.SetTextKeyword$_setText_closure1.call(SetTextKeyword.groovy)
	at com.kms.katalon.core.mobile.keyword.internal.MobileKeywordMain.runKeyword(MobileKeywordMain.groovy:30)
	... 20 more


29-04-2025T12:30:51 - [TEST_STEP][PASSED] - startApplication("/Users/gv.vignesh/Downloads/app-debug-Version-2.99.70.apk", true): Started application: '/Users/gv.vignesh/Downloads/app-debug-Version-2.99.70.apk'

29-04-2025T12:30:51 - [MESSAGE][INFO] - Starting application: '/Users/gv.vignesh/Downloads/app-debug-Version-2.99.70.apk'

29-04-2025T12:30:51 - [MESSAGE][INFO] - User set preference: ['uiautomator2ServerInstallTimeout', '0']

29-04-2025T12:30:51 - [MESSAGE][INFO] - User set preference: ['deviceId', '']

29-04-2025T12:30:51 - [MESSAGE][INFO] - Detected NodeJS location: "/opt/homebrew/Cellar/node/23.10.0_1/bin/node"

29-04-2025T12:30:51 - [MESSAGE][INFO] - PATH: /opt/homebrew/Cellar/node/23.10.0_1/bin:/opt/homebrew/bin:/usr/bin:/bin:/usr/sbin:/sbin:/Applications/Katalon Studio Enterprise.app/Contents/Eclipse/jre/Contents/Home/bin:/usr/local/bin/

29-04-2025T12:30:51 - [MESSAGE][INFO] - APPIUM_HOME: /Users/gv.vignesh/.appium

29-04-2025T12:30:51 - [MESSAGE][INFO] - appium outlog: /Users/gv.vignesh/Downloads/WGR-Android-Automation/Reports/20250429_104944/Android Regression/20250429_104944/appium.log

29-04-2025T12:30:51 - [MESSAGE][INFO] - appium errlog: /Users/gv.vignesh/Downloads/WGR-Android-Automation/Reports/20250429_104944/Android Regression/20250429_104944/appium_error.log

29-04-2025T12:30:52 - [MESSAGE][INFO] - Appium server started on port 61,714

29-04-2025T12:31:15 - [MESSAGE][PASSED] - Started application: '/Users/gv.vignesh/Downloads/app-debug-Version-2.99.70.apk'

29-04-2025T12:31:15 - [TEST_STEP][PASSED] - delay(10): Delayed 10 second(s)

29-04-2025T12:31:25 - [MESSAGE][PASSED] - Delayed 10 second(s)

29-04-2025T12:31:25 - [TEST_STEP][PASSED] - tap(findTestObject("Object Repository/MyStayOverDue/android.widget.Button - Login or Sign Up"), 0): Tapped on element 'Object Repository/MyStayOverDue/android.widget.Button - Login or Sign Up'

29-04-2025T12:31:25 - [MESSAGE][WARNING] - Timeout '0' is invalid. Using default page load timeout: '30'

29-04-2025T12:31:26 - [MESSAGE][PASSED] - Tapped on element 'Object Repository/MyStayOverDue/android.widget.Button - Login or Sign Up'

29-04-2025T12:31:26 - [TEST_STEP][PASSED] - delay(10): Delayed 10 second(s)

29-04-2025T12:31:36 - [MESSAGE][PASSED] - Delayed 10 second(s)

29-04-2025T12:31:36 - [TEST_STEP][FAILED] - setText(findTestObject("Object Repository/MyStayOverDue/android.widget.EditText"), "ELPHA@ELPHA.DEMON.CO.UK", 0): Failed to set text into element (Root cause: com.kms.katalon.core.exception.StepFailedException: Failed to set text into element
	at com.kms.katalon.core.mobile.keyword.internal.MobileKeywordMain.stepFailed(MobileKeywordMain.groovy:64)
	at com.kms.katalon.core.mobile.keyword.internal.MobileKeywordMain.runKeyword(MobileKeywordMain.groovy:34)
	at com.kms.katalon.core.mobile.keyword.builtin.SetTextKeyword.setText(SetTextKeyword.groovy:62)
	at com.kms.katalon.core.mobile.keyword.builtin.SetTextKeyword.execute(SetTextKeyword.groovy:42)
	at com.kms.katalon.core.keyword.internal.KeywordExecutor.executeKeywordForPlatform(KeywordExecutor.groovy:74)
	at com.kms.katalon.core.mobile.keyword.MobileBuiltInKeywords.setText(MobileBuiltInKeywords.groovy:1278)
	at WRMA-297_MyStayAndReservations__LatePayment.run(WRMA-297_MyStayAndReservations__LatePayment:33)
	at com.kms.katalon.core.main.ScriptEngine.run(ScriptEngine.java:194)
	at com.kms.katalon.core.main.ScriptEngine.runScriptAsRawText(ScriptEngine.java:119)
	at com.kms.katalon.core.main.TestCaseExecutor.runScript(TestCaseExecutor.java:448)
	at com.kms.katalon.core.main.TestCaseExecutor.doExecute(TestCaseExecutor.java:439)
	at com.kms.katalon.core.main.TestCaseExecutor.processExecutionPhase(TestCaseExecutor.java:418)
	at com.kms.katalon.core.main.TestCaseExecutor.accessMainPhase(TestCaseExecutor.java:410)
	at com.kms.katalon.core.main.TestCaseExecutor.execute(TestCaseExecutor.java:285)
	at com.kms.katalon.core.common.CommonExecutor.accessTestCaseMainPhase(CommonExecutor.java:71)
	at com.kms.katalon.core.main.TestSuiteExecutor.accessTestSuiteMainPhase(TestSuiteExecutor.java:160)
	at com.kms.katalon.core.main.TestSuiteExecutor.execute(TestSuiteExecutor.java:107)
	at com.kms.katalon.core.main.TestCaseMain.startTestSuite(TestCaseMain.java:180)
	at TempTestSuite1745903984460.run(TempTestSuite1745903984460.groovy:35)
	at java.base/jdk.internal.reflect.NativeMethodAccessorImpl.invoke0(Native Method)
	at java.base/jdk.internal.reflect.NativeMethodAccessorImpl.invoke(NativeMethodAccessorImpl.java:77)
	at java.base/jdk.internal.reflect.DelegatingMethodAccessorImpl.invoke(DelegatingMethodAccessorImpl.java:43)
Caused by: com.kms.katalon.core.exception.StepFailedException: Object Object Repository/MyStayOverDue/android.widget.EditText not found
	at com.kms.katalon.core.mobile.keyword.internal.MobileKeywordMain.stepFailed(MobileKeywordMain.groovy:64)
	at com.kms.katalon.core.mobile.keyword.builtin.SetTextKeyword$_setText_closure1.doCall(SetTextKeyword.groovy:52)
	at com.kms.katalon.core.mobile.keyword.builtin.SetTextKeyword$_setText_closure1.call(SetTextKeyword.groovy)
	at com.kms.katalon.core.mobile.keyword.internal.MobileKeywordMain.runKeyword(MobileKeywordMain.groovy:30)
	... 20 more
)

29-04-2025T12:31:36 - [MESSAGE][WARNING] - Timeout '0' is invalid. Using default page load timeout: '30'

29-04-2025T12:32:09 - [MESSAGE][FAILED] - Object Object Repository/MyStayOverDue/android.widget.EditText not found (Root cause: com.kms.katalon.core.exception.StepFailedException: Object Object Repository/MyStayOverDue/android.widget.EditText not found
	at com.kms.katalon.core.mobile.keyword.internal.MobileKeywordMain.stepFailed(MobileKeywordMain.groovy:64)
	at com.kms.katalon.core.mobile.keyword.builtin.SetTextKeyword$_setText_closure1.doCall(SetTextKeyword.groovy:52)
	at com.kms.katalon.core.mobile.keyword.builtin.SetTextKeyword$_setText_closure1.call(SetTextKeyword.groovy)
	at com.kms.katalon.core.mobile.keyword.internal.MobileKeywordMain.runKeyword(MobileKeywordMain.groovy:30)
	at com.kms.katalon.core.mobile.keyword.builtin.SetTextKeyword.setText(SetTextKeyword.groovy:62)
	at com.kms.katalon.core.mobile.keyword.builtin.SetTextKeyword.execute(SetTextKeyword.groovy:42)
	at com.kms.katalon.core.keyword.internal.KeywordExecutor.executeKeywordForPlatform(KeywordExecutor.groovy:74)
	at com.kms.katalon.core.mobile.keyword.MobileBuiltInKeywords.setText(MobileBuiltInKeywords.groovy:1278)
	at WRMA-297_MyStayAndReservations__LatePayment.run(WRMA-297_MyStayAndReservations__LatePayment:33)
	at com.kms.katalon.core.main.ScriptEngine.run(ScriptEngine.java:194)
	at com.kms.katalon.core.main.ScriptEngine.runScriptAsRawText(ScriptEngine.java:119)
	at com.kms.katalon.core.main.TestCaseExecutor.runScript(TestCaseExecutor.java:448)
	at com.kms.katalon.core.main.TestCaseExecutor.doExecute(TestCaseExecutor.java:439)
	at com.kms.katalon.core.main.TestCaseExecutor.processExecutionPhase(TestCaseExecutor.java:418)
	at com.kms.katalon.core.main.TestCaseExecutor.accessMainPhase(TestCaseExecutor.java:410)
	at com.kms.katalon.core.main.TestCaseExecutor.execute(TestCaseExecutor.java:285)
	at com.kms.katalon.core.common.CommonExecutor.accessTestCaseMainPhase(CommonExecutor.java:71)
	at com.kms.katalon.core.main.TestSuiteExecutor.accessTestSuiteMainPhase(TestSuiteExecutor.java:160)
	at com.kms.katalon.core.main.TestSuiteExecutor.execute(TestSuiteExecutor.java:107)
	at com.kms.katalon.core.main.TestCaseMain.startTestSuite(TestCaseMain.java:180)
	at TempTestSuite1745903984460.run(TempTestSuite1745903984460.groovy:35)
	at java.base/jdk.internal.reflect.NativeMethodAccessorImpl.invoke0(Native Method)
	at java.base/jdk.internal.reflect.NativeMethodAccessorImpl.invoke(NativeMethodAccessorImpl.java:77)
	at java.base/jdk.internal.reflect.DelegatingMethodAccessorImpl.invoke(DelegatingMethodAccessorImpl.java:43)
)
[[ATTACHMENT|/Users/gv.vignesh/Downloads/WGR-Android-Automation/Reports/20250429_104944/Android Regression/20250429_104944/1745910126519.png]]

29-04-2025T12:32:13 - [MESSAGE][FAILED] - Failed to set text into element (Root cause: com.kms.katalon.core.exception.StepFailedException: Failed to set text into element
	at com.kms.katalon.core.mobile.keyword.internal.MobileKeywordMain.stepFailed(MobileKeywordMain.groovy:64)
	at com.kms.katalon.core.mobile.keyword.internal.MobileKeywordMain.runKeyword(MobileKeywordMain.groovy:34)
	at com.kms.katalon.core.mobile.keyword.builtin.SetTextKeyword.setText(SetTextKeyword.groovy:62)
	at com.kms.katalon.core.mobile.keyword.builtin.SetTextKeyword.execute(SetTextKeyword.groovy:42)
	at com.kms.katalon.core.keyword.internal.KeywordExecutor.executeKeywordForPlatform(KeywordExecutor.groovy:74)
	at com.kms.katalon.core.mobile.keyword.MobileBuiltInKeywords.setText(MobileBuiltInKeywords.groovy:1278)
	at WRMA-297_MyStayAndReservations__LatePayment.run(WRMA-297_MyStayAndReservations__LatePayment:33)
	at com.kms.katalon.core.main.ScriptEngine.run(ScriptEngine.java:194)
	at com.kms.katalon.core.main.ScriptEngine.runScriptAsRawText(ScriptEngine.java:119)
	at com.kms.katalon.core.main.TestCaseExecutor.runScript(TestCaseExecutor.java:448)
	at com.kms.katalon.core.main.TestCaseExecutor.doExecute(TestCaseExecutor.java:439)
	at com.kms.katalon.core.main.TestCaseExecutor.processExecutionPhase(TestCaseExecutor.java:418)
	at com.kms.katalon.core.main.TestCaseExecutor.accessMainPhase(TestCaseExecutor.java:410)
	at com.kms.katalon.core.main.TestCaseExecutor.execute(TestCaseExecutor.java:285)
	at com.kms.katalon.core.common.CommonExecutor.accessTestCaseMainPhase(CommonExecutor.java:71)
	at com.kms.katalon.core.main.TestSuiteExecutor.accessTestSuiteMainPhase(TestSuiteExecutor.java:160)
	at com.kms.katalon.core.main.TestSuiteExecutor.execute(TestSuiteExecutor.java:107)
	at com.kms.katalon.core.main.TestCaseMain.startTestSuite(TestCaseMain.java:180)
	at TempTestSuite1745903984460.run(TempTestSuite1745903984460.groovy:35)
	at java.base/jdk.internal.reflect.NativeMethodAccessorImpl.invoke0(Native Method)
	at java.base/jdk.internal.reflect.NativeMethodAccessorImpl.invoke(NativeMethodAccessorImpl.java:77)
	at java.base/jdk.internal.reflect.DelegatingMethodAccessorImpl.invoke(DelegatingMethodAccessorImpl.java:43)
Caused by: com.kms.katalon.core.exception.StepFailedException: Object Object Repository/MyStayOverDue/android.widget.EditText not found
	at com.kms.katalon.core.mobile.keyword.internal.MobileKeywordMain.stepFailed(MobileKeywordMain.groovy:64)
	at com.kms.katalon.core.mobile.keyword.builtin.SetTextKeyword$_setText_closure1.doCall(SetTextKeyword.groovy:52)
	at com.kms.katalon.core.mobile.keyword.builtin.SetTextKeyword$_setText_closure1.call(SetTextKeyword.groovy)
	at com.kms.katalon.core.mobile.keyword.internal.MobileKeywordMain.runKeyword(MobileKeywordMain.groovy:30)
	... 20 more
)
[[ATTACHMENT|/Users/gv.vignesh/Downloads/WGR-Android-Automation/Reports/20250429_104944/Android Regression/20250429_104944/1745910129823.png]]]]></system-out>
         <system-err><![CDATA[29-04-2025T12:30:51 - [TEST_CASE][FAILED] - Test Cases/My Stay And Reservations/WRMA-297_MyStayAndReservations__LatePayment: Test Cases/My Stay And Reservations/WRMA-297_MyStayAndReservations__LatePayment FAILED.
Reason:
com.kms.katalon.core.exception.StepFailedException: Failed to set text into element
	at com.kms.katalon.core.mobile.keyword.internal.MobileKeywordMain.stepFailed(MobileKeywordMain.groovy:64)
	at com.kms.katalon.core.mobile.keyword.internal.MobileKeywordMain.runKeyword(MobileKeywordMain.groovy:34)
	at com.kms.katalon.core.mobile.keyword.builtin.SetTextKeyword.setText(SetTextKeyword.groovy:62)
	at com.kms.katalon.core.mobile.keyword.builtin.SetTextKeyword.execute(SetTextKeyword.groovy:42)
	at com.kms.katalon.core.keyword.internal.KeywordExecutor.executeKeywordForPlatform(KeywordExecutor.groovy:74)
	at com.kms.katalon.core.mobile.keyword.MobileBuiltInKeywords.setText(MobileBuiltInKeywords.groovy:1278)
	at WRMA-297_MyStayAndReservations__LatePayment.run(WRMA-297_MyStayAndReservations__LatePayment:33)
	at com.kms.katalon.core.main.ScriptEngine.run(ScriptEngine.java:194)
	at com.kms.katalon.core.main.ScriptEngine.runScriptAsRawText(ScriptEngine.java:119)
	at com.kms.katalon.core.main.TestCaseExecutor.runScript(TestCaseExecutor.java:448)
	at com.kms.katalon.core.main.TestCaseExecutor.doExecute(TestCaseExecutor.java:439)
	at com.kms.katalon.core.main.TestCaseExecutor.processExecutionPhase(TestCaseExecutor.java:418)
	at com.kms.katalon.core.main.TestCaseExecutor.accessMainPhase(TestCaseExecutor.java:410)
	at com.kms.katalon.core.main.TestCaseExecutor.execute(TestCaseExecutor.java:285)
	at com.kms.katalon.core.common.CommonExecutor.accessTestCaseMainPhase(CommonExecutor.java:71)
	at com.kms.katalon.core.main.TestSuiteExecutor.accessTestSuiteMainPhase(TestSuiteExecutor.java:160)
	at com.kms.katalon.core.main.TestSuiteExecutor.execute(TestSuiteExecutor.java:107)
	at com.kms.katalon.core.main.TestCaseMain.startTestSuite(TestCaseMain.java:180)
	at TempTestSuite1745903984460.run(TempTestSuite1745903984460.groovy:35)
	at java.base/jdk.internal.reflect.NativeMethodAccessorImpl.invoke0(Native Method)
	at java.base/jdk.internal.reflect.NativeMethodAccessorImpl.invoke(NativeMethodAccessorImpl.java:77)
	at java.base/jdk.internal.reflect.DelegatingMethodAccessorImpl.invoke(DelegatingMethodAccessorImpl.java:43)
Caused by: com.kms.katalon.core.exception.StepFailedException: Object Object Repository/MyStayOverDue/android.widget.EditText not found
	at com.kms.katalon.core.mobile.keyword.internal.MobileKeywordMain.stepFailed(MobileKeywordMain.groovy:64)
	at com.kms.katalon.core.mobile.keyword.builtin.SetTextKeyword$_setText_closure1.doCall(SetTextKeyword.groovy:52)
	at com.kms.katalon.core.mobile.keyword.builtin.SetTextKeyword$_setText_closure1.call(SetTextKeyword.groovy)
	at com.kms.katalon.core.mobile.keyword.internal.MobileKeywordMain.runKeyword(MobileKeywordMain.groovy:30)
	... 20 more]]></system-err>
      </testcase>
      <testcase name="Test Cases/My Stay And Reservations/C730_MyStayAndReservations_AddVerification" time="243.348" classname="Test Cases/My Stay And Reservations/C730_MyStayAndReservations_AddVerification" status="FAILED">
         <failure type="FAILED" message="Test Cases/My Stay And Reservations/C730_MyStayAndReservations_AddVerification FAILED.&#xa;Reason:&#xa;com.kms.katalon.core.exception.StepFailedException: Failed to check for element 'Object Repository/MystayReservation/android.widget.TextView - Success' exist&#xa;	at com.kms.katalon.core.mobile.keyword.internal.MobileKeywordMain.stepFailed(MobileKeywordMain.groovy:64)&#xa;	at com.kms.katalon.core.mobile.keyword.internal.MobileKeywordMain.runKeyword(MobileKeywordMain.groovy:34)&#xa;	at com.kms.katalon.core.mobile.keyword.builtin.VerifyElementExistKeyword.verifyElementExist(VerifyElementExistKeyword.groovy:51)&#xa;	at com.kms.katalon.core.mobile.keyword.builtin.VerifyElementExistKeyword.execute(VerifyElementExistKeyword.groovy:35)&#xa;	at com.kms.katalon.core.keyword.internal.KeywordExecutor.executeKeywordForPlatform(KeywordExecutor.groovy:74)&#xa;	at com.kms.katalon.core.mobile.keyword.MobileBuiltInKeywords.verifyElementExist(MobileBuiltInKeywords.groovy:1726)&#xa;	at C730_MyStayAndReservations_AddVerification.run(C730_MyStayAndReservations_AddVerification:78)&#xa;	at com.kms.katalon.core.main.ScriptEngine.run(ScriptEngine.java:194)&#xa;	at com.kms.katalon.core.main.ScriptEngine.runScriptAsRawText(ScriptEngine.java:119)&#xa;	at com.kms.katalon.core.main.TestCaseExecutor.runScript(TestCaseExecutor.java:448)&#xa;	at com.kms.katalon.core.main.TestCaseExecutor.doExecute(TestCaseExecutor.java:439)&#xa;	at com.kms.katalon.core.main.TestCaseExecutor.processExecutionPhase(TestCaseExecutor.java:418)&#xa;	at com.kms.katalon.core.main.TestCaseExecutor.accessMainPhase(TestCaseExecutor.java:410)&#xa;	at com.kms.katalon.core.main.TestCaseExecutor.execute(TestCaseExecutor.java:285)&#xa;	at com.kms.katalon.core.common.CommonExecutor.accessTestCaseMainPhase(CommonExecutor.java:71)&#xa;	at com.kms.katalon.core.main.TestSuiteExecutor.accessTestSuiteMainPhase(TestSuiteExecutor.java:160)&#xa;	at com.kms.katalon.core.main.TestSuiteExecutor.execute(TestSuiteExecutor.java:107)&#xa;	at com.kms.katalon.core.main.TestCaseMain.startTestSuite(TestCaseMain.java:180)&#xa;	at TempTestSuite1745903984460.run(TempTestSuite1745903984460.groovy:35)&#xa;	at java.base/jdk.internal.reflect.NativeMethodAccessorImpl.invoke0(Native Method)&#xa;	at java.base/jdk.internal.reflect.NativeMethodAccessorImpl.invoke(NativeMethodAccessorImpl.java:77)&#xa;	at java.base/jdk.internal.reflect.DelegatingMethodAccessorImpl.invoke(DelegatingMethodAccessorImpl.java:43)&#xa;Caused by: com.kms.katalon.core.exception.StepFailedException: Element 'Object Repository/MystayReservation/android.widget.TextView - Success' not found&#xa;	at com.kms.katalon.core.mobile.keyword.internal.MobileKeywordMain.stepFailed(MobileKeywordMain.groovy:64)&#xa;	at com.kms.katalon.core.mobile.keyword.builtin.VerifyElementExistKeyword$_verifyElementExist_closure1.doCall(VerifyElementExistKeyword.groovy:48)&#xa;	at com.kms.katalon.core.mobile.keyword.builtin.VerifyElementExistKeyword$_verifyElementExist_closure1.call(VerifyElementExistKeyword.groovy)&#xa;	at com.kms.katalon.core.mobile.keyword.internal.MobileKeywordMain.runKeyword(MobileKeywordMain.groovy:30)&#xa;	... 20 more&#xa;"/>
         <system-out><![CDATA[29-04-2025T12:32:13 - [TEST_CASE][FAILED] - Test Cases/My Stay And Reservations/C730_MyStayAndReservations_AddVerification: Test Cases/My Stay And Reservations/C730_MyStayAndReservations_AddVerification FAILED.
Reason:
com.kms.katalon.core.exception.StepFailedException: Failed to check for element 'Object Repository/MystayReservation/android.widget.TextView - Success' exist
	at com.kms.katalon.core.mobile.keyword.internal.MobileKeywordMain.stepFailed(MobileKeywordMain.groovy:64)
	at com.kms.katalon.core.mobile.keyword.internal.MobileKeywordMain.runKeyword(MobileKeywordMain.groovy:34)
	at com.kms.katalon.core.mobile.keyword.builtin.VerifyElementExistKeyword.verifyElementExist(VerifyElementExistKeyword.groovy:51)
	at com.kms.katalon.core.mobile.keyword.builtin.VerifyElementExistKeyword.execute(VerifyElementExistKeyword.groovy:35)
	at com.kms.katalon.core.keyword.internal.KeywordExecutor.executeKeywordForPlatform(KeywordExecutor.groovy:74)
	at com.kms.katalon.core.mobile.keyword.MobileBuiltInKeywords.verifyElementExist(MobileBuiltInKeywords.groovy:1726)
	at C730_MyStayAndReservations_AddVerification.run(C730_MyStayAndReservations_AddVerification:78)
	at com.kms.katalon.core.main.ScriptEngine.run(ScriptEngine.java:194)
	at com.kms.katalon.core.main.ScriptEngine.runScriptAsRawText(ScriptEngine.java:119)
	at com.kms.katalon.core.main.TestCaseExecutor.runScript(TestCaseExecutor.java:448)
	at com.kms.katalon.core.main.TestCaseExecutor.doExecute(TestCaseExecutor.java:439)
	at com.kms.katalon.core.main.TestCaseExecutor.processExecutionPhase(TestCaseExecutor.java:418)
	at com.kms.katalon.core.main.TestCaseExecutor.accessMainPhase(TestCaseExecutor.java:410)
	at com.kms.katalon.core.main.TestCaseExecutor.execute(TestCaseExecutor.java:285)
	at com.kms.katalon.core.common.CommonExecutor.accessTestCaseMainPhase(CommonExecutor.java:71)
	at com.kms.katalon.core.main.TestSuiteExecutor.accessTestSuiteMainPhase(TestSuiteExecutor.java:160)
	at com.kms.katalon.core.main.TestSuiteExecutor.execute(TestSuiteExecutor.java:107)
	at com.kms.katalon.core.main.TestCaseMain.startTestSuite(TestCaseMain.java:180)
	at TempTestSuite1745903984460.run(TempTestSuite1745903984460.groovy:35)
	at java.base/jdk.internal.reflect.NativeMethodAccessorImpl.invoke0(Native Method)
	at java.base/jdk.internal.reflect.NativeMethodAccessorImpl.invoke(NativeMethodAccessorImpl.java:77)
	at java.base/jdk.internal.reflect.DelegatingMethodAccessorImpl.invoke(DelegatingMethodAccessorImpl.java:43)
Caused by: com.kms.katalon.core.exception.StepFailedException: Element 'Object Repository/MystayReservation/android.widget.TextView - Success' not found
	at com.kms.katalon.core.mobile.keyword.internal.MobileKeywordMain.stepFailed(MobileKeywordMain.groovy:64)
	at com.kms.katalon.core.mobile.keyword.builtin.VerifyElementExistKeyword$_verifyElementExist_closure1.doCall(VerifyElementExistKeyword.groovy:48)
	at com.kms.katalon.core.mobile.keyword.builtin.VerifyElementExistKeyword$_verifyElementExist_closure1.call(VerifyElementExistKeyword.groovy)
	at com.kms.katalon.core.mobile.keyword.internal.MobileKeywordMain.runKeyword(MobileKeywordMain.groovy:30)
	... 20 more


29-04-2025T12:32:13 - [TEST_STEP][PASSED] - startApplication("/Users/gv.vignesh/Downloads/app-debug-Version-2.99.70.apk", true): Started application: '/Users/gv.vignesh/Downloads/app-debug-Version-2.99.70.apk'

29-04-2025T12:32:13 - [MESSAGE][INFO] - Starting application: '/Users/gv.vignesh/Downloads/app-debug-Version-2.99.70.apk'

29-04-2025T12:32:13 - [MESSAGE][INFO] - User set preference: ['uiautomator2ServerInstallTimeout', '0']

29-04-2025T12:32:13 - [MESSAGE][INFO] - User set preference: ['deviceId', '']

29-04-2025T12:32:39 - [MESSAGE][PASSED] - Started application: '/Users/gv.vignesh/Downloads/app-debug-Version-2.99.70.apk'

29-04-2025T12:32:39 - [TEST_STEP][PASSED] - delay(10): Delayed 10 second(s)

29-04-2025T12:32:49 - [MESSAGE][PASSED] - Delayed 10 second(s)

29-04-2025T12:32:49 - [TEST_STEP][PASSED] - tap(findTestObject("Object Repository/MystayReservation/android.widget.Button - Login or Sign Up"), 0): Tapped on element 'Object Repository/MystayReservation/android.widget.Button - Login or Sign Up'

29-04-2025T12:32:49 - [MESSAGE][WARNING] - Timeout '0' is invalid. Using default page load timeout: '30'

29-04-2025T12:32:50 - [MESSAGE][PASSED] - Tapped on element 'Object Repository/MystayReservation/android.widget.Button - Login or Sign Up'

29-04-2025T12:32:50 - [TEST_STEP][PASSED] - delay(10): Delayed 10 second(s)

29-04-2025T12:33:00 - [MESSAGE][PASSED] - Delayed 10 second(s)

29-04-2025T12:33:00 - [TEST_STEP][PASSED] - setText(findTestObject("Object Repository/MystayReservation/android.widget.EditText"), "PEPOKLE@HOTMAIL.COM", 0): Text 'PEPOKLE@HOTMAIL.COM' has been set to element 'Object Repository/MystayReservation/android.widget.EditText'

29-04-2025T12:33:00 - [MESSAGE][WARNING] - Timeout '0' is invalid. Using default page load timeout: '30'

29-04-2025T12:33:01 - [MESSAGE][PASSED] - Text 'PEPOKLE@HOTMAIL.COM' has been set to element 'Object Repository/MystayReservation/android.widget.EditText'

29-04-2025T12:33:01 - [TEST_STEP][PASSED] - hideKeyboard(): Keyboard is hidden

29-04-2025T12:33:04 - [MESSAGE][PASSED] - Keyboard is hidden

29-04-2025T12:33:04 - [TEST_STEP][PASSED] - delay(10): Delayed 10 second(s)

29-04-2025T12:33:14 - [MESSAGE][PASSED] - Delayed 10 second(s)

29-04-2025T12:33:14 - [TEST_STEP][PASSED] - tap(findTestObject("Object Repository/MystayReservation/android.widget.Button - Next"), 0): Tapped on element 'Object Repository/MystayReservation/android.widget.Button - Next'

29-04-2025T12:33:14 - [MESSAGE][WARNING] - Timeout '0' is invalid. Using default page load timeout: '30'

29-04-2025T12:33:15 - [MESSAGE][PASSED] - Tapped on element 'Object Repository/MystayReservation/android.widget.Button - Next'

29-04-2025T12:33:15 - [TEST_STEP][PASSED] - delay(40): Delayed 40 second(s)

29-04-2025T12:33:55 - [MESSAGE][PASSED] - Delayed 40 second(s)

29-04-2025T12:33:55 - [TEST_STEP][PASSED] - setText(findTestObject("Object Repository/MystayReservation/android.widget.EditText (1)"), "PEPOKLE@HOTMAIL.COM", 0): Text 'PEPOKLE@HOTMAIL.COM' has been set to element 'Object Repository/MystayReservation/android.widget.EditText (1)'

29-04-2025T12:33:55 - [MESSAGE][WARNING] - Timeout '0' is invalid. Using default page load timeout: '30'

29-04-2025T12:33:56 - [MESSAGE][PASSED] - Text 'PEPOKLE@HOTMAIL.COM' has been set to element 'Object Repository/MystayReservation/android.widget.EditText (1)'

29-04-2025T12:33:56 - [TEST_STEP][PASSED] - hideKeyboard(): Keyboard is hidden

29-04-2025T12:33:59 - [MESSAGE][PASSED] - Keyboard is hidden

29-04-2025T12:33:59 - [TEST_STEP][PASSED] - delay(10): Delayed 10 second(s)

29-04-2025T12:34:09 - [MESSAGE][PASSED] - Delayed 10 second(s)

29-04-2025T12:34:09 - [TEST_STEP][PASSED] - setText(findTestObject("Object Repository/MystayReservation/android.widget.EditText (2)"), "password", 0): Text 'password' has been set to element 'Object Repository/MystayReservation/android.widget.EditText (2)'

29-04-2025T12:34:09 - [MESSAGE][WARNING] - Timeout '0' is invalid. Using default page load timeout: '30'

29-04-2025T12:34:10 - [MESSAGE][PASSED] - Text 'password' has been set to element 'Object Repository/MystayReservation/android.widget.EditText (2)'

29-04-2025T12:34:10 - [TEST_STEP][PASSED] - hideKeyboard(): Keyboard is hidden

29-04-2025T12:34:12 - [MESSAGE][PASSED] - Keyboard is hidden

29-04-2025T12:34:12 - [TEST_STEP][PASSED] - delay(5): Delayed 5 second(s)

29-04-2025T12:34:17 - [MESSAGE][PASSED] - Delayed 5 second(s)

29-04-2025T12:34:17 - [TEST_STEP][PASSED] - tap(findTestObject("Object Repository/MystayReservation/android.widget.Button - LOGIN"), 0): Tapped on element 'Object Repository/MystayReservation/android.widget.Button - LOGIN'

29-04-2025T12:34:17 - [MESSAGE][WARNING] - Timeout '0' is invalid. Using default page load timeout: '30'

29-04-2025T12:34:18 - [MESSAGE][PASSED] - Tapped on element 'Object Repository/MystayReservation/android.widget.Button - LOGIN'

29-04-2025T12:34:18 - [TEST_STEP][PASSED] - delay(15): Delayed 15 second(s)

29-04-2025T12:34:33 - [MESSAGE][PASSED] - Delayed 15 second(s)

29-04-2025T12:34:33 - [TEST_STEP][PASSED] - tap(findTestObject("Object Repository/MystayReservation/android.view.View - My Stay"), 0): Tapped on element 'Object Repository/MystayReservation/android.view.View - My Stay'

29-04-2025T12:34:33 - [MESSAGE][WARNING] - Timeout '0' is invalid. Using default page load timeout: '30'

29-04-2025T12:34:34 - [MESSAGE][PASSED] - Tapped on element 'Object Repository/MystayReservation/android.view.View - My Stay'

29-04-2025T12:34:34 - [TEST_STEP][PASSED] - delay(10): Delayed 10 second(s)

29-04-2025T12:34:44 - [MESSAGE][PASSED] - Delayed 10 second(s)

29-04-2025T12:34:44 - [TEST_STEP][PASSED] - tap(findTestObject("Object Repository/MystayReservation/android.widget.Button - ADD A RESERVATION"), 0): Tapped on element 'Object Repository/MystayReservation/android.widget.Button - ADD A RESERVATION'

29-04-2025T12:34:44 - [MESSAGE][WARNING] - Timeout '0' is invalid. Using default page load timeout: '30'

29-04-2025T12:34:44 - [MESSAGE][PASSED] - Tapped on element 'Object Repository/MystayReservation/android.widget.Button - ADD A RESERVATION'

29-04-2025T12:34:44 - [TEST_STEP][PASSED] - delay(10): Delayed 10 second(s)

29-04-2025T12:34:54 - [MESSAGE][PASSED] - Delayed 10 second(s)

29-04-2025T12:34:54 - [TEST_STEP][PASSED] - setText(findTestObject("Object Repository/MystayReservation/android.widget.EditText (3)"), "18250674", 0): Text '18250674' has been set to element 'Object Repository/MystayReservation/android.widget.EditText (3)'

29-04-2025T12:34:54 - [MESSAGE][WARNING] - Timeout '0' is invalid. Using default page load timeout: '30'

29-04-2025T12:34:56 - [MESSAGE][PASSED] - Text '18250674' has been set to element 'Object Repository/MystayReservation/android.widget.EditText (3)'

29-04-2025T12:34:56 - [TEST_STEP][PASSED] - hideKeyboard(): Keyboard is hidden

29-04-2025T12:34:59 - [MESSAGE][PASSED] - Keyboard is hidden

29-04-2025T12:34:59 - [TEST_STEP][PASSED] - delay(10): Delayed 10 second(s)

29-04-2025T12:35:09 - [MESSAGE][PASSED] - Delayed 10 second(s)

29-04-2025T12:35:09 - [TEST_STEP][PASSED] - tap(findTestObject("Object Repository/MystayReservation/android.widget.Button - Next (1)"), 0): Tapped on element 'Object Repository/MystayReservation/android.widget.Button - Next (1)'

29-04-2025T12:35:09 - [MESSAGE][WARNING] - Timeout '0' is invalid. Using default page load timeout: '30'

29-04-2025T12:35:09 - [MESSAGE][PASSED] - Tapped on element 'Object Repository/MystayReservation/android.widget.Button - Next (1)'

29-04-2025T12:35:09 - [TEST_STEP][PASSED] - delay(10): Delayed 10 second(s)

29-04-2025T12:35:19 - [MESSAGE][PASSED] - Delayed 10 second(s)

29-04-2025T12:35:19 - [TEST_STEP][PASSED] - setText(findTestObject("Object Repository/MystayReservation/android.widget.EditText (4)"), "DAGAN", 0): Text 'DAGAN' has been set to element 'Object Repository/MystayReservation/android.widget.EditText (4)'

29-04-2025T12:35:19 - [MESSAGE][WARNING] - Timeout '0' is invalid. Using default page load timeout: '30'

29-04-2025T12:35:21 - [MESSAGE][PASSED] - Text 'DAGAN' has been set to element 'Object Repository/MystayReservation/android.widget.EditText (4)'

29-04-2025T12:35:21 - [TEST_STEP][PASSED] - hideKeyboard(): Keyboard is hidden

29-04-2025T12:35:24 - [MESSAGE][PASSED] - Keyboard is hidden

29-04-2025T12:35:24 - [TEST_STEP][PASSED] - delay(10): Delayed 10 second(s)

29-04-2025T12:35:34 - [MESSAGE][PASSED] - Delayed 10 second(s)

29-04-2025T12:35:34 - [TEST_STEP][PASSED] - tap(findTestObject("Object Repository/MystayReservation/android.widget.Button - Add Reservation"), 0): Tapped on element 'Object Repository/MystayReservation/android.widget.Button - Add Reservation'

29-04-2025T12:35:34 - [MESSAGE][WARNING] - Timeout '0' is invalid. Using default page load timeout: '30'

29-04-2025T12:35:34 - [MESSAGE][PASSED] - Tapped on element 'Object Repository/MystayReservation/android.widget.Button - Add Reservation'

29-04-2025T12:35:34 - [TEST_STEP][PASSED] - delay(10): Delayed 10 second(s)

29-04-2025T12:35:44 - [MESSAGE][PASSED] - Delayed 10 second(s)

29-04-2025T12:35:44 - [TEST_STEP][FAILED] - assert verifyElementExist(findTestObject("Object Repository/MystayReservation/android.widget.TextView - Success"), 0): Failed to check for element 'Object Repository/MystayReservation/android.widget.TextView - Success' exist (Root cause: com.kms.katalon.core.exception.StepFailedException: Failed to check for element 'Object Repository/MystayReservation/android.widget.TextView - Success' exist
	at com.kms.katalon.core.mobile.keyword.internal.MobileKeywordMain.stepFailed(MobileKeywordMain.groovy:64)
	at com.kms.katalon.core.mobile.keyword.internal.MobileKeywordMain.runKeyword(MobileKeywordMain.groovy:34)
	at com.kms.katalon.core.mobile.keyword.builtin.VerifyElementExistKeyword.verifyElementExist(VerifyElementExistKeyword.groovy:51)
	at com.kms.katalon.core.mobile.keyword.builtin.VerifyElementExistKeyword.execute(VerifyElementExistKeyword.groovy:35)
	at com.kms.katalon.core.keyword.internal.KeywordExecutor.executeKeywordForPlatform(KeywordExecutor.groovy:74)
	at com.kms.katalon.core.mobile.keyword.MobileBuiltInKeywords.verifyElementExist(MobileBuiltInKeywords.groovy:1726)
	at C730_MyStayAndReservations_AddVerification.run(C730_MyStayAndReservations_AddVerification:78)
	at com.kms.katalon.core.main.ScriptEngine.run(ScriptEngine.java:194)
	at com.kms.katalon.core.main.ScriptEngine.runScriptAsRawText(ScriptEngine.java:119)
	at com.kms.katalon.core.main.TestCaseExecutor.runScript(TestCaseExecutor.java:448)
	at com.kms.katalon.core.main.TestCaseExecutor.doExecute(TestCaseExecutor.java:439)
	at com.kms.katalon.core.main.TestCaseExecutor.processExecutionPhase(TestCaseExecutor.java:418)
	at com.kms.katalon.core.main.TestCaseExecutor.accessMainPhase(TestCaseExecutor.java:410)
	at com.kms.katalon.core.main.TestCaseExecutor.execute(TestCaseExecutor.java:285)
	at com.kms.katalon.core.common.CommonExecutor.accessTestCaseMainPhase(CommonExecutor.java:71)
	at com.kms.katalon.core.main.TestSuiteExecutor.accessTestSuiteMainPhase(TestSuiteExecutor.java:160)
	at com.kms.katalon.core.main.TestSuiteExecutor.execute(TestSuiteExecutor.java:107)
	at com.kms.katalon.core.main.TestCaseMain.startTestSuite(TestCaseMain.java:180)
	at TempTestSuite1745903984460.run(TempTestSuite1745903984460.groovy:35)
	at java.base/jdk.internal.reflect.NativeMethodAccessorImpl.invoke0(Native Method)
	at java.base/jdk.internal.reflect.NativeMethodAccessorImpl.invoke(NativeMethodAccessorImpl.java:77)
	at java.base/jdk.internal.reflect.DelegatingMethodAccessorImpl.invoke(DelegatingMethodAccessorImpl.java:43)
Caused by: com.kms.katalon.core.exception.StepFailedException: Element 'Object Repository/MystayReservation/android.widget.TextView - Success' not found
	at com.kms.katalon.core.mobile.keyword.internal.MobileKeywordMain.stepFailed(MobileKeywordMain.groovy:64)
	at com.kms.katalon.core.mobile.keyword.builtin.VerifyElementExistKeyword$_verifyElementExist_closure1.doCall(VerifyElementExistKeyword.groovy:48)
	at com.kms.katalon.core.mobile.keyword.builtin.VerifyElementExistKeyword$_verifyElementExist_closure1.call(VerifyElementExistKeyword.groovy)
	at com.kms.katalon.core.mobile.keyword.internal.MobileKeywordMain.runKeyword(MobileKeywordMain.groovy:30)
	... 20 more
)

29-04-2025T12:35:44 - [MESSAGE][WARNING] - Timeout '0' is invalid. Using default page load timeout: '30'

29-04-2025T12:36:16 - [MESSAGE][FAILED] - Element 'Object Repository/MystayReservation/android.widget.TextView - Success' not found (Root cause: com.kms.katalon.core.exception.StepFailedException: Element 'Object Repository/MystayReservation/android.widget.TextView - Success' not found
	at com.kms.katalon.core.mobile.keyword.internal.MobileKeywordMain.stepFailed(MobileKeywordMain.groovy:64)
	at com.kms.katalon.core.mobile.keyword.builtin.VerifyElementExistKeyword$_verifyElementExist_closure1.doCall(VerifyElementExistKeyword.groovy:48)
	at com.kms.katalon.core.mobile.keyword.builtin.VerifyElementExistKeyword$_verifyElementExist_closure1.call(VerifyElementExistKeyword.groovy)
	at com.kms.katalon.core.mobile.keyword.internal.MobileKeywordMain.runKeyword(MobileKeywordMain.groovy:30)
	at com.kms.katalon.core.mobile.keyword.builtin.VerifyElementExistKeyword.verifyElementExist(VerifyElementExistKeyword.groovy:51)
	at com.kms.katalon.core.mobile.keyword.builtin.VerifyElementExistKeyword.execute(VerifyElementExistKeyword.groovy:35)
	at com.kms.katalon.core.keyword.internal.KeywordExecutor.executeKeywordForPlatform(KeywordExecutor.groovy:74)
	at com.kms.katalon.core.mobile.keyword.MobileBuiltInKeywords.verifyElementExist(MobileBuiltInKeywords.groovy:1726)
	at C730_MyStayAndReservations_AddVerification.run(C730_MyStayAndReservations_AddVerification:78)
	at com.kms.katalon.core.main.ScriptEngine.run(ScriptEngine.java:194)
	at com.kms.katalon.core.main.ScriptEngine.runScriptAsRawText(ScriptEngine.java:119)
	at com.kms.katalon.core.main.TestCaseExecutor.runScript(TestCaseExecutor.java:448)
	at com.kms.katalon.core.main.TestCaseExecutor.doExecute(TestCaseExecutor.java:439)
	at com.kms.katalon.core.main.TestCaseExecutor.processExecutionPhase(TestCaseExecutor.java:418)
	at com.kms.katalon.core.main.TestCaseExecutor.accessMainPhase(TestCaseExecutor.java:410)
	at com.kms.katalon.core.main.TestCaseExecutor.execute(TestCaseExecutor.java:285)
	at com.kms.katalon.core.common.CommonExecutor.accessTestCaseMainPhase(CommonExecutor.java:71)
	at com.kms.katalon.core.main.TestSuiteExecutor.accessTestSuiteMainPhase(TestSuiteExecutor.java:160)
	at com.kms.katalon.core.main.TestSuiteExecutor.execute(TestSuiteExecutor.java:107)
	at com.kms.katalon.core.main.TestCaseMain.startTestSuite(TestCaseMain.java:180)
	at TempTestSuite1745903984460.run(TempTestSuite1745903984460.groovy:35)
	at java.base/jdk.internal.reflect.NativeMethodAccessorImpl.invoke0(Native Method)
	at java.base/jdk.internal.reflect.NativeMethodAccessorImpl.invoke(NativeMethodAccessorImpl.java:77)
	at java.base/jdk.internal.reflect.DelegatingMethodAccessorImpl.invoke(DelegatingMethodAccessorImpl.java:43)
)
[[ATTACHMENT|/Users/gv.vignesh/Downloads/WGR-Android-Automation/Reports/20250429_104944/Android Regression/20250429_104944/1745910374602.png]]

29-04-2025T12:36:17 - [MESSAGE][FAILED] - Failed to check for element 'Object Repository/MystayReservation/android.widget.TextView - Success' exist (Root cause: com.kms.katalon.core.exception.StepFailedException: Failed to check for element 'Object Repository/MystayReservation/android.widget.TextView - Success' exist
	at com.kms.katalon.core.mobile.keyword.internal.MobileKeywordMain.stepFailed(MobileKeywordMain.groovy:64)
	at com.kms.katalon.core.mobile.keyword.internal.MobileKeywordMain.runKeyword(MobileKeywordMain.groovy:34)
	at com.kms.katalon.core.mobile.keyword.builtin.VerifyElementExistKeyword.verifyElementExist(VerifyElementExistKeyword.groovy:51)
	at com.kms.katalon.core.mobile.keyword.builtin.VerifyElementExistKeyword.execute(VerifyElementExistKeyword.groovy:35)
	at com.kms.katalon.core.keyword.internal.KeywordExecutor.executeKeywordForPlatform(KeywordExecutor.groovy:74)
	at com.kms.katalon.core.mobile.keyword.MobileBuiltInKeywords.verifyElementExist(MobileBuiltInKeywords.groovy:1726)
	at C730_MyStayAndReservations_AddVerification.run(C730_MyStayAndReservations_AddVerification:78)
	at com.kms.katalon.core.main.ScriptEngine.run(ScriptEngine.java:194)
	at com.kms.katalon.core.main.ScriptEngine.runScriptAsRawText(ScriptEngine.java:119)
	at com.kms.katalon.core.main.TestCaseExecutor.runScript(TestCaseExecutor.java:448)
	at com.kms.katalon.core.main.TestCaseExecutor.doExecute(TestCaseExecutor.java:439)
	at com.kms.katalon.core.main.TestCaseExecutor.processExecutionPhase(TestCaseExecutor.java:418)
	at com.kms.katalon.core.main.TestCaseExecutor.accessMainPhase(TestCaseExecutor.java:410)
	at com.kms.katalon.core.main.TestCaseExecutor.execute(TestCaseExecutor.java:285)
	at com.kms.katalon.core.common.CommonExecutor.accessTestCaseMainPhase(CommonExecutor.java:71)
	at com.kms.katalon.core.main.TestSuiteExecutor.accessTestSuiteMainPhase(TestSuiteExecutor.java:160)
	at com.kms.katalon.core.main.TestSuiteExecutor.execute(TestSuiteExecutor.java:107)
	at com.kms.katalon.core.main.TestCaseMain.startTestSuite(TestCaseMain.java:180)
	at TempTestSuite1745903984460.run(TempTestSuite1745903984460.groovy:35)
	at java.base/jdk.internal.reflect.NativeMethodAccessorImpl.invoke0(Native Method)
	at java.base/jdk.internal.reflect.NativeMethodAccessorImpl.invoke(NativeMethodAccessorImpl.java:77)
	at java.base/jdk.internal.reflect.DelegatingMethodAccessorImpl.invoke(DelegatingMethodAccessorImpl.java:43)
Caused by: com.kms.katalon.core.exception.StepFailedException: Element 'Object Repository/MystayReservation/android.widget.TextView - Success' not found
	at com.kms.katalon.core.mobile.keyword.internal.MobileKeywordMain.stepFailed(MobileKeywordMain.groovy:64)
	at com.kms.katalon.core.mobile.keyword.builtin.VerifyElementExistKeyword$_verifyElementExist_closure1.doCall(VerifyElementExistKeyword.groovy:48)
	at com.kms.katalon.core.mobile.keyword.builtin.VerifyElementExistKeyword$_verifyElementExist_closure1.call(VerifyElementExistKeyword.groovy)
	at com.kms.katalon.core.mobile.keyword.internal.MobileKeywordMain.runKeyword(MobileKeywordMain.groovy:30)
	... 20 more
)
[[ATTACHMENT|/Users/gv.vignesh/Downloads/WGR-Android-Automation/Reports/20250429_104944/Android Regression/20250429_104944/1745910376168.png]]]]></system-out>
         <system-err><![CDATA[29-04-2025T12:32:13 - [TEST_CASE][FAILED] - Test Cases/My Stay And Reservations/C730_MyStayAndReservations_AddVerification: Test Cases/My Stay And Reservations/C730_MyStayAndReservations_AddVerification FAILED.
Reason:
com.kms.katalon.core.exception.StepFailedException: Failed to check for element 'Object Repository/MystayReservation/android.widget.TextView - Success' exist
	at com.kms.katalon.core.mobile.keyword.internal.MobileKeywordMain.stepFailed(MobileKeywordMain.groovy:64)
	at com.kms.katalon.core.mobile.keyword.internal.MobileKeywordMain.runKeyword(MobileKeywordMain.groovy:34)
	at com.kms.katalon.core.mobile.keyword.builtin.VerifyElementExistKeyword.verifyElementExist(VerifyElementExistKeyword.groovy:51)
	at com.kms.katalon.core.mobile.keyword.builtin.VerifyElementExistKeyword.execute(VerifyElementExistKeyword.groovy:35)
	at com.kms.katalon.core.keyword.internal.KeywordExecutor.executeKeywordForPlatform(KeywordExecutor.groovy:74)
	at com.kms.katalon.core.mobile.keyword.MobileBuiltInKeywords.verifyElementExist(MobileBuiltInKeywords.groovy:1726)
	at C730_MyStayAndReservations_AddVerification.run(C730_MyStayAndReservations_AddVerification:78)
	at com.kms.katalon.core.main.ScriptEngine.run(ScriptEngine.java:194)
	at com.kms.katalon.core.main.ScriptEngine.runScriptAsRawText(ScriptEngine.java:119)
	at com.kms.katalon.core.main.TestCaseExecutor.runScript(TestCaseExecutor.java:448)
	at com.kms.katalon.core.main.TestCaseExecutor.doExecute(TestCaseExecutor.java:439)
	at com.kms.katalon.core.main.TestCaseExecutor.processExecutionPhase(TestCaseExecutor.java:418)
	at com.kms.katalon.core.main.TestCaseExecutor.accessMainPhase(TestCaseExecutor.java:410)
	at com.kms.katalon.core.main.TestCaseExecutor.execute(TestCaseExecutor.java:285)
	at com.kms.katalon.core.common.CommonExecutor.accessTestCaseMainPhase(CommonExecutor.java:71)
	at com.kms.katalon.core.main.TestSuiteExecutor.accessTestSuiteMainPhase(TestSuiteExecutor.java:160)
	at com.kms.katalon.core.main.TestSuiteExecutor.execute(TestSuiteExecutor.java:107)
	at com.kms.katalon.core.main.TestCaseMain.startTestSuite(TestCaseMain.java:180)
	at TempTestSuite1745903984460.run(TempTestSuite1745903984460.groovy:35)
	at java.base/jdk.internal.reflect.NativeMethodAccessorImpl.invoke0(Native Method)
	at java.base/jdk.internal.reflect.NativeMethodAccessorImpl.invoke(NativeMethodAccessorImpl.java:77)
	at java.base/jdk.internal.reflect.DelegatingMethodAccessorImpl.invoke(DelegatingMethodAccessorImpl.java:43)
Caused by: com.kms.katalon.core.exception.StepFailedException: Element 'Object Repository/MystayReservation/android.widget.TextView - Success' not found
	at com.kms.katalon.core.mobile.keyword.internal.MobileKeywordMain.stepFailed(MobileKeywordMain.groovy:64)
	at com.kms.katalon.core.mobile.keyword.builtin.VerifyElementExistKeyword$_verifyElementExist_closure1.doCall(VerifyElementExistKeyword.groovy:48)
	at com.kms.katalon.core.mobile.keyword.builtin.VerifyElementExistKeyword$_verifyElementExist_closure1.call(VerifyElementExistKeyword.groovy)
	at com.kms.katalon.core.mobile.keyword.internal.MobileKeywordMain.runKeyword(MobileKeywordMain.groovy:30)
	... 20 more]]></system-err>
      </testcase>
      <testcase name="Test Cases/My Stay And Reservations/C704_C809_MyStayAndReservations_AddReservationNumber" time="178.267" classname="Test Cases/My Stay And Reservations/C704_C809_MyStayAndReservations_AddReservationNumber" status="PASSED">
         <system-out><![CDATA[29-04-2025T12:36:17 - [TEST_CASE][PASSED] - Test Cases/My Stay And Reservations/C704_C809_MyStayAndReservations_AddReservationNumber: Test Cases/My Stay And Reservations/C704_C809_MyStayAndReservations_AddReservationNumber

29-04-2025T12:36:17 - [TEST_STEP][PASSED] - testData = findTestData("Data Files/WRMA-107"): null

29-04-2025T12:36:17 - [TEST_STEP][PASSED] - email = testData.getValue("Email", 1): null

29-04-2025T12:36:17 - [TEST_STEP][PASSED] - password = testData.getValue("Password", 1): null

29-04-2025T12:36:17 - [TEST_STEP][PASSED] - accountNumber = testData.getValue("AccountNumber", 1): null

29-04-2025T12:36:17 - [TEST_STEP][PASSED] - startApplication(appUrl, true): Started application: '/Users/gv.vignesh/Downloads/WGR-Android-Automation/App Folder/app-debug-2.99.75.apk'

29-04-2025T12:36:17 - [MESSAGE][INFO] - Starting application: '/Users/gv.vignesh/Downloads/WGR-Android-Automation/App Folder/app-debug-2.99.75.apk'

29-04-2025T12:36:17 - [MESSAGE][INFO] - User set preference: ['uiautomator2ServerInstallTimeout', '0']

29-04-2025T12:36:17 - [MESSAGE][INFO] - User set preference: ['deviceId', '']

29-04-2025T12:36:40 - [MESSAGE][PASSED] - Started application: '/Users/gv.vignesh/Downloads/WGR-Android-Automation/App Folder/app-debug-2.99.75.apk'

29-04-2025T12:36:40 - [TEST_STEP][PASSED] - delay(10): Delayed 10 second(s)

29-04-2025T12:36:50 - [MESSAGE][PASSED] - Delayed 10 second(s)

29-04-2025T12:36:50 - [TEST_STEP][PASSED] - tap(findTestObject("Object Repository/AddReservation/android.widget.Button - Login or Sign Up"), 0): Tapped on element 'Object Repository/AddReservation/android.widget.Button - Login or Sign Up'

29-04-2025T12:36:50 - [MESSAGE][WARNING] - Timeout '0' is invalid. Using default page load timeout: '30'

29-04-2025T12:36:51 - [MESSAGE][PASSED] - Tapped on element 'Object Repository/AddReservation/android.widget.Button - Login or Sign Up'

29-04-2025T12:36:51 - [TEST_STEP][PASSED] - delay(10): Delayed 10 second(s)

29-04-2025T12:37:01 - [MESSAGE][PASSED] - Delayed 10 second(s)

29-04-2025T12:37:01 - [TEST_STEP][PASSED] - setText(findTestObject("Object Repository/AddReservation/android.widget.EditText"), email, 0): Text '0425201TM@WG.COM' has been set to element 'Object Repository/AddReservation/android.widget.EditText'

29-04-2025T12:37:01 - [MESSAGE][WARNING] - Timeout '0' is invalid. Using default page load timeout: '30'

29-04-2025T12:37:02 - [MESSAGE][PASSED] - Text '0425201TM@WG.COM' has been set to element 'Object Repository/AddReservation/android.widget.EditText'

29-04-2025T12:37:02 - [TEST_STEP][PASSED] - hideKeyboard(): Keyboard is hidden

29-04-2025T12:37:05 - [MESSAGE][PASSED] - Keyboard is hidden

29-04-2025T12:37:05 - [TEST_STEP][PASSED] - delay(10): Delayed 10 second(s)

29-04-2025T12:37:15 - [MESSAGE][PASSED] - Delayed 10 second(s)

29-04-2025T12:37:15 - [TEST_STEP][PASSED] - tap(findTestObject("Object Repository/AddReservation/android.widget.Button - Next"), 0): Tapped on element 'Object Repository/AddReservation/android.widget.Button - Next'

29-04-2025T12:37:15 - [MESSAGE][WARNING] - Timeout '0' is invalid. Using default page load timeout: '30'

29-04-2025T12:37:16 - [MESSAGE][PASSED] - Tapped on element 'Object Repository/AddReservation/android.widget.Button - Next'

29-04-2025T12:37:16 - [TEST_STEP][PASSED] - delay(45): Delayed 45 second(s)

29-04-2025T12:38:01 - [MESSAGE][PASSED] - Delayed 45 second(s)

29-04-2025T12:38:01 - [TEST_STEP][PASSED] - setText(findTestObject("Object Repository/AddReservation/android.widget.EditText (1)"), email, 0): Text '0425201TM@WG.COM' has been set to element 'Object Repository/AddReservation/android.widget.EditText (1)'

29-04-2025T12:38:01 - [MESSAGE][WARNING] - Timeout '0' is invalid. Using default page load timeout: '30'

29-04-2025T12:38:01 - [MESSAGE][PASSED] - Text '0425201TM@WG.COM' has been set to element 'Object Repository/AddReservation/android.widget.EditText (1)'

29-04-2025T12:38:01 - [TEST_STEP][PASSED] - hideKeyboard(): Keyboard is hidden

29-04-2025T12:38:02 - [MESSAGE][PASSED] - Keyboard is hidden

29-04-2025T12:38:02 - [TEST_STEP][PASSED] - delay(10): Delayed 10 second(s)

29-04-2025T12:38:12 - [MESSAGE][PASSED] - Delayed 10 second(s)

29-04-2025T12:38:12 - [TEST_STEP][PASSED] - setText(findTestObject("Object Repository/AddReservation/android.widget.EditText (2)"), password, 0): Text 'password' has been set to element 'Object Repository/AddReservation/android.widget.EditText (2)'

29-04-2025T12:38:12 - [MESSAGE][WARNING] - Timeout '0' is invalid. Using default page load timeout: '30'

29-04-2025T12:38:16 - [MESSAGE][PASSED] - Text 'password' has been set to element 'Object Repository/AddReservation/android.widget.EditText (2)'

29-04-2025T12:38:16 - [TEST_STEP][PASSED] - hideKeyboard(): Keyboard is hidden

29-04-2025T12:38:17 - [MESSAGE][PASSED] - Keyboard is hidden

29-04-2025T12:38:17 - [TEST_STEP][PASSED] - delay(10): Delayed 10 second(s)

29-04-2025T12:38:27 - [MESSAGE][PASSED] - Delayed 10 second(s)

29-04-2025T12:38:27 - [TEST_STEP][PASSED] - tap(findTestObject("Object Repository/AddReservation/android.widget.Button - LOGIN"), 0): Tapped on element 'Object Repository/AddReservation/android.widget.Button - LOGIN'

29-04-2025T12:38:27 - [MESSAGE][WARNING] - Timeout '0' is invalid. Using default page load timeout: '30'

29-04-2025T12:38:27 - [MESSAGE][PASSED] - Tapped on element 'Object Repository/AddReservation/android.widget.Button - LOGIN'

29-04-2025T12:38:27 - [TEST_STEP][PASSED] - delay(10): Delayed 10 second(s)

29-04-2025T12:38:37 - [MESSAGE][PASSED] - Delayed 10 second(s)

29-04-2025T12:38:37 - [TEST_STEP][PASSED] - tap(findTestObject("Object Repository/AddReservation/android.view.View - My Account"), 0): Tapped on element 'Object Repository/AddReservation/android.view.View - My Account'

29-04-2025T12:38:37 - [MESSAGE][WARNING] - Timeout '0' is invalid. Using default page load timeout: '30'

29-04-2025T12:38:38 - [MESSAGE][PASSED] - Tapped on element 'Object Repository/AddReservation/android.view.View - My Account'

29-04-2025T12:38:38 - [TEST_STEP][PASSED] - delay(10): Delayed 10 second(s)

29-04-2025T12:38:48 - [MESSAGE][PASSED] - Delayed 10 second(s)

29-04-2025T12:38:48 - [TEST_STEP][PASSED] - tap(findTestObject("Object Repository/AddReservation/android.widget.TextView - Add An Account Number"), 0): Tapped on element 'Object Repository/AddReservation/android.widget.TextView - Add An Account Number'

29-04-2025T12:38:48 - [MESSAGE][WARNING] - Timeout '0' is invalid. Using default page load timeout: '30'

29-04-2025T12:38:48 - [MESSAGE][PASSED] - Tapped on element 'Object Repository/AddReservation/android.widget.TextView - Add An Account Number'

29-04-2025T12:38:48 - [TEST_STEP][PASSED] - delay(10): Delayed 10 second(s)

29-04-2025T12:38:58 - [MESSAGE][PASSED] - Delayed 10 second(s)

29-04-2025T12:38:58 - [TEST_STEP][PASSED] - setText(findTestObject("Object Repository/AddReservation/android.widget.EditText (3)"), accountNumber, 0): Text '87667' has been set to element 'Object Repository/AddReservation/android.widget.EditText (3)'

29-04-2025T12:38:58 - [MESSAGE][WARNING] - Timeout '0' is invalid. Using default page load timeout: '30'

29-04-2025T12:38:59 - [MESSAGE][PASSED] - Text '87667' has been set to element 'Object Repository/AddReservation/android.widget.EditText (3)'

29-04-2025T12:38:59 - [TEST_STEP][PASSED] - delay(10): Delayed 10 second(s)

29-04-2025T12:39:09 - [MESSAGE][PASSED] - Delayed 10 second(s)

29-04-2025T12:39:09 - [TEST_STEP][PASSED] - verifyElementExist(findTestObject("Object Repository/C701-C702/android.widget.TextView -  Account number should be 7-11 digits"), 0): Element 'Object Repository/C701-C702/android.widget.TextView -  Account number should be 7-11 digits' is exist

29-04-2025T12:39:09 - [MESSAGE][WARNING] - Timeout '0' is invalid. Using default page load timeout: '30'

29-04-2025T12:39:09 - [MESSAGE][PASSED] - Element 'Object Repository/C701-C702/android.widget.TextView -  Account number should be 7-11 digits' is exist

29-04-2025T12:39:09 - [TEST_STEP][PASSED] - isExist = verifyElementExist(findTestObject("Object Repository/C701-C702/android.widget.TextView -  Account number should be 7-11 digits"), 0): Element 'Object Repository/C701-C702/android.widget.TextView -  Account number should be 7-11 digits' is exist

29-04-2025T12:39:09 - [MESSAGE][WARNING] - Timeout '0' is invalid. Using default page load timeout: '30'

29-04-2025T12:39:09 - [MESSAGE][PASSED] - Element 'Object Repository/C701-C702/android.widget.TextView -  Account number should be 7-11 digits' is exist

29-04-2025T12:39:09 - [TEST_STEP][PASSED] - assert isExist == true : "The expected element exist!": null

29-04-2025T12:39:09 - [TEST_STEP][PASSED] - closeApplication(): Close app successfully

29-04-2025T12:39:15 - [MESSAGE][INFO] - The process with PID 5,830 wasnt terminated, error: {1}

29-04-2025T12:39:15 - [MESSAGE][PASSED] - Close app successfully]]></system-out>
         <system-err><![CDATA[]]></system-err>
      </testcase>
      <testcase name="Test Cases/My Stay And Reservations/C751_MyStayAndReservations_Current tab_UpcomingReservations" time="238.479" classname="Test Cases/My Stay And Reservations/C751_MyStayAndReservations_Current tab_UpcomingReservations" status="FAILED">
         <failure type="FAILED" message="Test Cases/My Stay And Reservations/C751_MyStayAndReservations_Current tab_UpcomingReservations FAILED.&#xa;Reason:&#xa;com.kms.katalon.core.exception.StepFailedException: Failed to check for element 'Object Repository/Repo/MyStay/android.widget.TextView - UPCOMING STAYS' exist&#xa;	at com.kms.katalon.core.mobile.keyword.internal.MobileKeywordMain.stepFailed(MobileKeywordMain.groovy:64)&#xa;	at com.kms.katalon.core.mobile.keyword.internal.MobileKeywordMain.runKeyword(MobileKeywordMain.groovy:34)&#xa;	at com.kms.katalon.core.mobile.keyword.builtin.VerifyElementExistKeyword.verifyElementExist(VerifyElementExistKeyword.groovy:51)&#xa;	at com.kms.katalon.core.mobile.keyword.builtin.VerifyElementExistKeyword.execute(VerifyElementExistKeyword.groovy:35)&#xa;	at com.kms.katalon.core.keyword.internal.KeywordExecutor.executeKeywordForPlatform(KeywordExecutor.groovy:74)&#xa;	at com.kms.katalon.core.mobile.keyword.MobileBuiltInKeywords.verifyElementExist(MobileBuiltInKeywords.groovy:1726)&#xa;	at C751_MyStayAndReservations_Current tab_UpcomingReservations.run(C751_MyStayAndReservations_Current tab_UpcomingReservations:70)&#xa;	at com.kms.katalon.core.main.ScriptEngine.run(ScriptEngine.java:194)&#xa;	at com.kms.katalon.core.main.ScriptEngine.runScriptAsRawText(ScriptEngine.java:119)&#xa;	at com.kms.katalon.core.main.TestCaseExecutor.runScript(TestCaseExecutor.java:448)&#xa;	at com.kms.katalon.core.main.TestCaseExecutor.doExecute(TestCaseExecutor.java:439)&#xa;	at com.kms.katalon.core.main.TestCaseExecutor.processExecutionPhase(TestCaseExecutor.java:418)&#xa;	at com.kms.katalon.core.main.TestCaseExecutor.accessMainPhase(TestCaseExecutor.java:410)&#xa;	at com.kms.katalon.core.main.TestCaseExecutor.execute(TestCaseExecutor.java:285)&#xa;	at com.kms.katalon.core.common.CommonExecutor.accessTestCaseMainPhase(CommonExecutor.java:71)&#xa;	at com.kms.katalon.core.main.TestSuiteExecutor.accessTestSuiteMainPhase(TestSuiteExecutor.java:160)&#xa;	at com.kms.katalon.core.main.TestSuiteExecutor.execute(TestSuiteExecutor.java:107)&#xa;	at com.kms.katalon.core.main.TestCaseMain.startTestSuite(TestCaseMain.java:180)&#xa;	at TempTestSuite1745903984460.run(TempTestSuite1745903984460.groovy:35)&#xa;	at java.base/jdk.internal.reflect.NativeMethodAccessorImpl.invoke0(Native Method)&#xa;	at java.base/jdk.internal.reflect.NativeMethodAccessorImpl.invoke(NativeMethodAccessorImpl.java:77)&#xa;	at java.base/jdk.internal.reflect.DelegatingMethodAccessorImpl.invoke(DelegatingMethodAccessorImpl.java:43)&#xa;Caused by: com.kms.katalon.core.exception.StepFailedException: Element 'Object Repository/Repo/MyStay/android.widget.TextView - UPCOMING STAYS' not found&#xa;	at com.kms.katalon.core.mobile.keyword.internal.MobileKeywordMain.stepFailed(MobileKeywordMain.groovy:64)&#xa;	at com.kms.katalon.core.mobile.keyword.builtin.VerifyElementExistKeyword$_verifyElementExist_closure1.doCall(VerifyElementExistKeyword.groovy:48)&#xa;	at com.kms.katalon.core.mobile.keyword.builtin.VerifyElementExistKeyword$_verifyElementExist_closure1.call(VerifyElementExistKeyword.groovy)&#xa;	at com.kms.katalon.core.mobile.keyword.internal.MobileKeywordMain.runKeyword(MobileKeywordMain.groovy:30)&#xa;	... 20 more&#xa;"/>
         <system-out><![CDATA[29-04-2025T12:39:15 - [TEST_CASE][FAILED] - Test Cases/My Stay And Reservations/C751_MyStayAndReservations_Current tab_UpcomingReservations: Test Cases/My Stay And Reservations/C751_MyStayAndReservations_Current tab_UpcomingReservations FAILED.
Reason:
com.kms.katalon.core.exception.StepFailedException: Failed to check for element 'Object Repository/Repo/MyStay/android.widget.TextView - UPCOMING STAYS' exist
	at com.kms.katalon.core.mobile.keyword.internal.MobileKeywordMain.stepFailed(MobileKeywordMain.groovy:64)
	at com.kms.katalon.core.mobile.keyword.internal.MobileKeywordMain.runKeyword(MobileKeywordMain.groovy:34)
	at com.kms.katalon.core.mobile.keyword.builtin.VerifyElementExistKeyword.verifyElementExist(VerifyElementExistKeyword.groovy:51)
	at com.kms.katalon.core.mobile.keyword.builtin.VerifyElementExistKeyword.execute(VerifyElementExistKeyword.groovy:35)
	at com.kms.katalon.core.keyword.internal.KeywordExecutor.executeKeywordForPlatform(KeywordExecutor.groovy:74)
	at com.kms.katalon.core.mobile.keyword.MobileBuiltInKeywords.verifyElementExist(MobileBuiltInKeywords.groovy:1726)
	at C751_MyStayAndReservations_Current tab_UpcomingReservations.run(C751_MyStayAndReservations_Current tab_UpcomingReservations:70)
	at com.kms.katalon.core.main.ScriptEngine.run(ScriptEngine.java:194)
	at com.kms.katalon.core.main.ScriptEngine.runScriptAsRawText(ScriptEngine.java:119)
	at com.kms.katalon.core.main.TestCaseExecutor.runScript(TestCaseExecutor.java:448)
	at com.kms.katalon.core.main.TestCaseExecutor.doExecute(TestCaseExecutor.java:439)
	at com.kms.katalon.core.main.TestCaseExecutor.processExecutionPhase(TestCaseExecutor.java:418)
	at com.kms.katalon.core.main.TestCaseExecutor.accessMainPhase(TestCaseExecutor.java:410)
	at com.kms.katalon.core.main.TestCaseExecutor.execute(TestCaseExecutor.java:285)
	at com.kms.katalon.core.common.CommonExecutor.accessTestCaseMainPhase(CommonExecutor.java:71)
	at com.kms.katalon.core.main.TestSuiteExecutor.accessTestSuiteMainPhase(TestSuiteExecutor.java:160)
	at com.kms.katalon.core.main.TestSuiteExecutor.execute(TestSuiteExecutor.java:107)
	at com.kms.katalon.core.main.TestCaseMain.startTestSuite(TestCaseMain.java:180)
	at TempTestSuite1745903984460.run(TempTestSuite1745903984460.groovy:35)
	at java.base/jdk.internal.reflect.NativeMethodAccessorImpl.invoke0(Native Method)
	at java.base/jdk.internal.reflect.NativeMethodAccessorImpl.invoke(NativeMethodAccessorImpl.java:77)
	at java.base/jdk.internal.reflect.DelegatingMethodAccessorImpl.invoke(DelegatingMethodAccessorImpl.java:43)
Caused by: com.kms.katalon.core.exception.StepFailedException: Element 'Object Repository/Repo/MyStay/android.widget.TextView - UPCOMING STAYS' not found
	at com.kms.katalon.core.mobile.keyword.internal.MobileKeywordMain.stepFailed(MobileKeywordMain.groovy:64)
	at com.kms.katalon.core.mobile.keyword.builtin.VerifyElementExistKeyword$_verifyElementExist_closure1.doCall(VerifyElementExistKeyword.groovy:48)
	at com.kms.katalon.core.mobile.keyword.builtin.VerifyElementExistKeyword$_verifyElementExist_closure1.call(VerifyElementExistKeyword.groovy)
	at com.kms.katalon.core.mobile.keyword.internal.MobileKeywordMain.runKeyword(MobileKeywordMain.groovy:30)
	... 20 more


29-04-2025T12:39:15 - [TEST_STEP][PASSED] - testData = findTestData("Data Files/C751"): null

29-04-2025T12:39:15 - [TEST_STEP][PASSED] - email = testData.getValue("email", 1): null

29-04-2025T12:39:15 - [TEST_STEP][PASSED] - password = testData.getValue("password", 1): null

29-04-2025T12:39:15 - [TEST_STEP][PASSED] - startApplication(appUrl, true): Started application: '/Users/gv.vignesh/Downloads/WGR-Android-Automation/App Folder/app-debug-2.99.75.apk'

29-04-2025T12:39:15 - [MESSAGE][INFO] - Starting application: '/Users/gv.vignesh/Downloads/WGR-Android-Automation/App Folder/app-debug-2.99.75.apk'

29-04-2025T12:39:15 - [MESSAGE][INFO] - User set preference: ['uiautomator2ServerInstallTimeout', '0']

29-04-2025T12:39:15 - [MESSAGE][INFO] - User set preference: ['deviceId', '']

29-04-2025T12:39:15 - [MESSAGE][INFO] - Detected NodeJS location: "/opt/homebrew/Cellar/node/23.10.0_1/bin/node"

29-04-2025T12:39:15 - [MESSAGE][INFO] - PATH: /opt/homebrew/Cellar/node/23.10.0_1/bin:/opt/homebrew/bin:/usr/bin:/bin:/usr/sbin:/sbin:/Applications/Katalon Studio Enterprise.app/Contents/Eclipse/jre/Contents/Home/bin:/usr/local/bin/

29-04-2025T12:39:15 - [MESSAGE][INFO] - APPIUM_HOME: /Users/gv.vignesh/.appium

29-04-2025T12:39:15 - [MESSAGE][INFO] - appium outlog: /Users/gv.vignesh/Downloads/WGR-Android-Automation/Reports/20250429_104944/Android Regression/20250429_104944/appium.log

29-04-2025T12:39:15 - [MESSAGE][INFO] - appium errlog: /Users/gv.vignesh/Downloads/WGR-Android-Automation/Reports/20250429_104944/Android Regression/20250429_104944/appium_error.log

29-04-2025T12:39:16 - [MESSAGE][INFO] - Appium server started on port 62,594

29-04-2025T12:39:37 - [MESSAGE][PASSED] - Started application: '/Users/gv.vignesh/Downloads/WGR-Android-Automation/App Folder/app-debug-2.99.75.apk'

29-04-2025T12:39:37 - [TEST_STEP][PASSED] - delay(10): Delayed 10 second(s)

29-04-2025T12:39:47 - [MESSAGE][PASSED] - Delayed 10 second(s)

29-04-2025T12:39:47 - [TEST_STEP][PASSED] - tap(findTestObject("Object Repository/Repo/MyStay/android.widget.Button - Login or Sign Up"), 0): Tapped on element 'Object Repository/Repo/MyStay/android.widget.Button - Login or Sign Up'

29-04-2025T12:39:47 - [MESSAGE][WARNING] - Timeout '0' is invalid. Using default page load timeout: '30'

29-04-2025T12:39:48 - [MESSAGE][PASSED] - Tapped on element 'Object Repository/Repo/MyStay/android.widget.Button - Login or Sign Up'

29-04-2025T12:39:48 - [TEST_STEP][PASSED] - delay(10): Delayed 10 second(s)

29-04-2025T12:39:58 - [MESSAGE][PASSED] - Delayed 10 second(s)

29-04-2025T12:39:58 - [TEST_STEP][PASSED] - setText(findTestObject("Object Repository/Repo/SignUpNewUser/android.widget.EditText"), email, 0): Text '0425209TM@WG.COM' has been set to element 'Object Repository/Repo/SignUpNewUser/android.widget.EditText'

29-04-2025T12:39:58 - [MESSAGE][WARNING] - Timeout '0' is invalid. Using default page load timeout: '30'

29-04-2025T12:39:59 - [MESSAGE][PASSED] - Text '0425209TM@WG.COM' has been set to element 'Object Repository/Repo/SignUpNewUser/android.widget.EditText'

29-04-2025T12:39:59 - [TEST_STEP][PASSED] - hideKeyboard(): Keyboard is hidden

29-04-2025T12:40:02 - [MESSAGE][PASSED] - Keyboard is hidden

29-04-2025T12:40:02 - [TEST_STEP][PASSED] - delay(10): Delayed 10 second(s)

29-04-2025T12:40:12 - [MESSAGE][PASSED] - Delayed 10 second(s)

29-04-2025T12:40:12 - [TEST_STEP][PASSED] - tap(findTestObject("Object Repository/Repo/MyStay/android.widget.Button - Next"), 0): Tapped on element 'Object Repository/Repo/MyStay/android.widget.Button - Next'

29-04-2025T12:40:12 - [MESSAGE][WARNING] - Timeout '0' is invalid. Using default page load timeout: '30'

29-04-2025T12:40:12 - [MESSAGE][PASSED] - Tapped on element 'Object Repository/Repo/MyStay/android.widget.Button - Next'

29-04-2025T12:40:12 - [TEST_STEP][PASSED] - delay(45): Delayed 45 second(s)

29-04-2025T12:40:57 - [MESSAGE][PASSED] - Delayed 45 second(s)

29-04-2025T12:40:57 - [TEST_STEP][PASSED] - setText(findTestObject("Object Repository/Repo/MyStay/android.widget.EditText (1)"), email, 0): Text '0425209TM@WG.COM' has been set to element 'Object Repository/Repo/MyStay/android.widget.EditText (1)'

29-04-2025T12:40:57 - [MESSAGE][WARNING] - Timeout '0' is invalid. Using default page load timeout: '30'

29-04-2025T12:40:58 - [MESSAGE][PASSED] - Text '0425209TM@WG.COM' has been set to element 'Object Repository/Repo/MyStay/android.widget.EditText (1)'

29-04-2025T12:40:58 - [TEST_STEP][PASSED] - hideKeyboard(): Keyboard is hidden

29-04-2025T12:41:01 - [MESSAGE][PASSED] - Keyboard is hidden

29-04-2025T12:41:01 - [TEST_STEP][PASSED] - delay(20): Delayed 20 second(s)

29-04-2025T12:41:21 - [MESSAGE][PASSED] - Delayed 20 second(s)

29-04-2025T12:41:21 - [TEST_STEP][PASSED] - setText(findTestObject("Object Repository/Repo/MyStay/android.widget.EditText"), password, 0): Text 'password' has been set to element 'Object Repository/Repo/MyStay/android.widget.EditText'

29-04-2025T12:41:21 - [MESSAGE][WARNING] - Timeout '0' is invalid. Using default page load timeout: '30'

29-04-2025T12:41:22 - [MESSAGE][PASSED] - Text 'password' has been set to element 'Object Repository/Repo/MyStay/android.widget.EditText'

29-04-2025T12:41:22 - [TEST_STEP][PASSED] - hideKeyboard(): Keyboard is hidden

29-04-2025T12:41:24 - [MESSAGE][PASSED] - Keyboard is hidden

29-04-2025T12:41:24 - [TEST_STEP][PASSED] - delay(20): Delayed 20 second(s)

29-04-2025T12:41:44 - [MESSAGE][PASSED] - Delayed 20 second(s)

29-04-2025T12:41:44 - [TEST_STEP][PASSED] - tap(findTestObject("Object Repository/Repo/MyStay/android.widget.Button - LOGIN"), 0): Tapped on element 'Object Repository/Repo/MyStay/android.widget.Button - LOGIN'

29-04-2025T12:41:44 - [MESSAGE][WARNING] - Timeout '0' is invalid. Using default page load timeout: '30'

29-04-2025T12:41:45 - [MESSAGE][PASSED] - Tapped on element 'Object Repository/Repo/MyStay/android.widget.Button - LOGIN'

29-04-2025T12:41:45 - [TEST_STEP][PASSED] - delay(20): Delayed 20 second(s)

29-04-2025T12:42:05 - [MESSAGE][PASSED] - Delayed 20 second(s)

29-04-2025T12:42:05 - [TEST_STEP][PASSED] - verifyElementExist(findTestObject("Object Repository/Repo/MyStay/android.view.View - My Stay"), 0): Element 'Object Repository/Repo/MyStay/android.view.View - My Stay' is exist

29-04-2025T12:42:05 - [MESSAGE][WARNING] - Timeout '0' is invalid. Using default page load timeout: '30'

29-04-2025T12:42:05 - [MESSAGE][PASSED] - Element 'Object Repository/Repo/MyStay/android.view.View - My Stay' is exist

29-04-2025T12:42:05 - [TEST_STEP][PASSED] - delay(5): Delayed 5 second(s)

29-04-2025T12:42:10 - [MESSAGE][PASSED] - Delayed 5 second(s)

29-04-2025T12:42:10 - [TEST_STEP][PASSED] - tap(findTestObject("Object Repository/Repo/MyStay/android.view.View - My Stay"), 0): Tapped on element 'Object Repository/Repo/MyStay/android.view.View - My Stay'

29-04-2025T12:42:10 - [MESSAGE][WARNING] - Timeout '0' is invalid. Using default page load timeout: '30'

29-04-2025T12:42:11 - [MESSAGE][PASSED] - Tapped on element 'Object Repository/Repo/MyStay/android.view.View - My Stay'

29-04-2025T12:42:11 - [TEST_STEP][PASSED] - delay(30): Delayed 30 second(s)

29-04-2025T12:42:41 - [MESSAGE][PASSED] - Delayed 30 second(s)

29-04-2025T12:42:41 - [TEST_STEP][FAILED] - verifyElementExist(findTestObject("Object Repository/Repo/MyStay/android.widget.TextView - UPCOMING STAYS"), 0): Failed to check for element 'Object Repository/Repo/MyStay/android.widget.TextView - UPCOMING STAYS' exist (Root cause: com.kms.katalon.core.exception.StepFailedException: Failed to check for element 'Object Repository/Repo/MyStay/android.widget.TextView - UPCOMING STAYS' exist
	at com.kms.katalon.core.mobile.keyword.internal.MobileKeywordMain.stepFailed(MobileKeywordMain.groovy:64)
	at com.kms.katalon.core.mobile.keyword.internal.MobileKeywordMain.runKeyword(MobileKeywordMain.groovy:34)
	at com.kms.katalon.core.mobile.keyword.builtin.VerifyElementExistKeyword.verifyElementExist(VerifyElementExistKeyword.groovy:51)
	at com.kms.katalon.core.mobile.keyword.builtin.VerifyElementExistKeyword.execute(VerifyElementExistKeyword.groovy:35)
	at com.kms.katalon.core.keyword.internal.KeywordExecutor.executeKeywordForPlatform(KeywordExecutor.groovy:74)
	at com.kms.katalon.core.mobile.keyword.MobileBuiltInKeywords.verifyElementExist(MobileBuiltInKeywords.groovy:1726)
	at C751_MyStayAndReservations_Current tab_UpcomingReservations.run(C751_MyStayAndReservations_Current tab_UpcomingReservations:70)
	at com.kms.katalon.core.main.ScriptEngine.run(ScriptEngine.java:194)
	at com.kms.katalon.core.main.ScriptEngine.runScriptAsRawText(ScriptEngine.java:119)
	at com.kms.katalon.core.main.TestCaseExecutor.runScript(TestCaseExecutor.java:448)
	at com.kms.katalon.core.main.TestCaseExecutor.doExecute(TestCaseExecutor.java:439)
	at com.kms.katalon.core.main.TestCaseExecutor.processExecutionPhase(TestCaseExecutor.java:418)
	at com.kms.katalon.core.main.TestCaseExecutor.accessMainPhase(TestCaseExecutor.java:410)
	at com.kms.katalon.core.main.TestCaseExecutor.execute(TestCaseExecutor.java:285)
	at com.kms.katalon.core.common.CommonExecutor.accessTestCaseMainPhase(CommonExecutor.java:71)
	at com.kms.katalon.core.main.TestSuiteExecutor.accessTestSuiteMainPhase(TestSuiteExecutor.java:160)
	at com.kms.katalon.core.main.TestSuiteExecutor.execute(TestSuiteExecutor.java:107)
	at com.kms.katalon.core.main.TestCaseMain.startTestSuite(TestCaseMain.java:180)
	at TempTestSuite1745903984460.run(TempTestSuite1745903984460.groovy:35)
	at java.base/jdk.internal.reflect.NativeMethodAccessorImpl.invoke0(Native Method)
	at java.base/jdk.internal.reflect.NativeMethodAccessorImpl.invoke(NativeMethodAccessorImpl.java:77)
	at java.base/jdk.internal.reflect.DelegatingMethodAccessorImpl.invoke(DelegatingMethodAccessorImpl.java:43)
Caused by: com.kms.katalon.core.exception.StepFailedException: Element 'Object Repository/Repo/MyStay/android.widget.TextView - UPCOMING STAYS' not found
	at com.kms.katalon.core.mobile.keyword.internal.MobileKeywordMain.stepFailed(MobileKeywordMain.groovy:64)
	at com.kms.katalon.core.mobile.keyword.builtin.VerifyElementExistKeyword$_verifyElementExist_closure1.doCall(VerifyElementExistKeyword.groovy:48)
	at com.kms.katalon.core.mobile.keyword.builtin.VerifyElementExistKeyword$_verifyElementExist_closure1.call(VerifyElementExistKeyword.groovy)
	at com.kms.katalon.core.mobile.keyword.internal.MobileKeywordMain.runKeyword(MobileKeywordMain.groovy:30)
	... 20 more
)

29-04-2025T12:42:41 - [MESSAGE][WARNING] - Timeout '0' is invalid. Using default page load timeout: '30'

29-04-2025T12:43:12 - [MESSAGE][FAILED] - Element 'Object Repository/Repo/MyStay/android.widget.TextView - UPCOMING STAYS' not found (Root cause: com.kms.katalon.core.exception.StepFailedException: Element 'Object Repository/Repo/MyStay/android.widget.TextView - UPCOMING STAYS' not found
	at com.kms.katalon.core.mobile.keyword.internal.MobileKeywordMain.stepFailed(MobileKeywordMain.groovy:64)
	at com.kms.katalon.core.mobile.keyword.builtin.VerifyElementExistKeyword$_verifyElementExist_closure1.doCall(VerifyElementExistKeyword.groovy:48)
	at com.kms.katalon.core.mobile.keyword.builtin.VerifyElementExistKeyword$_verifyElementExist_closure1.call(VerifyElementExistKeyword.groovy)
	at com.kms.katalon.core.mobile.keyword.internal.MobileKeywordMain.runKeyword(MobileKeywordMain.groovy:30)
	at com.kms.katalon.core.mobile.keyword.builtin.VerifyElementExistKeyword.verifyElementExist(VerifyElementExistKeyword.groovy:51)
	at com.kms.katalon.core.mobile.keyword.builtin.VerifyElementExistKeyword.execute(VerifyElementExistKeyword.groovy:35)
	at com.kms.katalon.core.keyword.internal.KeywordExecutor.executeKeywordForPlatform(KeywordExecutor.groovy:74)
	at com.kms.katalon.core.mobile.keyword.MobileBuiltInKeywords.verifyElementExist(MobileBuiltInKeywords.groovy:1726)
	at C751_MyStayAndReservations_Current tab_UpcomingReservations.run(C751_MyStayAndReservations_Current tab_UpcomingReservations:70)
	at com.kms.katalon.core.main.ScriptEngine.run(ScriptEngine.java:194)
	at com.kms.katalon.core.main.ScriptEngine.runScriptAsRawText(ScriptEngine.java:119)
	at com.kms.katalon.core.main.TestCaseExecutor.runScript(TestCaseExecutor.java:448)
	at com.kms.katalon.core.main.TestCaseExecutor.doExecute(TestCaseExecutor.java:439)
	at com.kms.katalon.core.main.TestCaseExecutor.processExecutionPhase(TestCaseExecutor.java:418)
	at com.kms.katalon.core.main.TestCaseExecutor.accessMainPhase(TestCaseExecutor.java:410)
	at com.kms.katalon.core.main.TestCaseExecutor.execute(TestCaseExecutor.java:285)
	at com.kms.katalon.core.common.CommonExecutor.accessTestCaseMainPhase(CommonExecutor.java:71)
	at com.kms.katalon.core.main.TestSuiteExecutor.accessTestSuiteMainPhase(TestSuiteExecutor.java:160)
	at com.kms.katalon.core.main.TestSuiteExecutor.execute(TestSuiteExecutor.java:107)
	at com.kms.katalon.core.main.TestCaseMain.startTestSuite(TestCaseMain.java:180)
	at TempTestSuite1745903984460.run(TempTestSuite1745903984460.groovy:35)
	at java.base/jdk.internal.reflect.NativeMethodAccessorImpl.invoke0(Native Method)
	at java.base/jdk.internal.reflect.NativeMethodAccessorImpl.invoke(NativeMethodAccessorImpl.java:77)
	at java.base/jdk.internal.reflect.DelegatingMethodAccessorImpl.invoke(DelegatingMethodAccessorImpl.java:43)
)
[[ATTACHMENT|/Users/gv.vignesh/Downloads/WGR-Android-Automation/Reports/20250429_104944/Android Regression/20250429_104944/1745910791375.png]]

29-04-2025T12:43:13 - [MESSAGE][FAILED] - Failed to check for element 'Object Repository/Repo/MyStay/android.widget.TextView - UPCOMING STAYS' exist (Root cause: com.kms.katalon.core.exception.StepFailedException: Failed to check for element 'Object Repository/Repo/MyStay/android.widget.TextView - UPCOMING STAYS' exist
	at com.kms.katalon.core.mobile.keyword.internal.MobileKeywordMain.stepFailed(MobileKeywordMain.groovy:64)
	at com.kms.katalon.core.mobile.keyword.internal.MobileKeywordMain.runKeyword(MobileKeywordMain.groovy:34)
	at com.kms.katalon.core.mobile.keyword.builtin.VerifyElementExistKeyword.verifyElementExist(VerifyElementExistKeyword.groovy:51)
	at com.kms.katalon.core.mobile.keyword.builtin.VerifyElementExistKeyword.execute(VerifyElementExistKeyword.groovy:35)
	at com.kms.katalon.core.keyword.internal.KeywordExecutor.executeKeywordForPlatform(KeywordExecutor.groovy:74)
	at com.kms.katalon.core.mobile.keyword.MobileBuiltInKeywords.verifyElementExist(MobileBuiltInKeywords.groovy:1726)
	at C751_MyStayAndReservations_Current tab_UpcomingReservations.run(C751_MyStayAndReservations_Current tab_UpcomingReservations:70)
	at com.kms.katalon.core.main.ScriptEngine.run(ScriptEngine.java:194)
	at com.kms.katalon.core.main.ScriptEngine.runScriptAsRawText(ScriptEngine.java:119)
	at com.kms.katalon.core.main.TestCaseExecutor.runScript(TestCaseExecutor.java:448)
	at com.kms.katalon.core.main.TestCaseExecutor.doExecute(TestCaseExecutor.java:439)
	at com.kms.katalon.core.main.TestCaseExecutor.processExecutionPhase(TestCaseExecutor.java:418)
	at com.kms.katalon.core.main.TestCaseExecutor.accessMainPhase(TestCaseExecutor.java:410)
	at com.kms.katalon.core.main.TestCaseExecutor.execute(TestCaseExecutor.java:285)
	at com.kms.katalon.core.common.CommonExecutor.accessTestCaseMainPhase(CommonExecutor.java:71)
	at com.kms.katalon.core.main.TestSuiteExecutor.accessTestSuiteMainPhase(TestSuiteExecutor.java:160)
	at com.kms.katalon.core.main.TestSuiteExecutor.execute(TestSuiteExecutor.java:107)
	at com.kms.katalon.core.main.TestCaseMain.startTestSuite(TestCaseMain.java:180)
	at TempTestSuite1745903984460.run(TempTestSuite1745903984460.groovy:35)
	at java.base/jdk.internal.reflect.NativeMethodAccessorImpl.invoke0(Native Method)
	at java.base/jdk.internal.reflect.NativeMethodAccessorImpl.invoke(NativeMethodAccessorImpl.java:77)
	at java.base/jdk.internal.reflect.DelegatingMethodAccessorImpl.invoke(DelegatingMethodAccessorImpl.java:43)
Caused by: com.kms.katalon.core.exception.StepFailedException: Element 'Object Repository/Repo/MyStay/android.widget.TextView - UPCOMING STAYS' not found
	at com.kms.katalon.core.mobile.keyword.internal.MobileKeywordMain.stepFailed(MobileKeywordMain.groovy:64)
	at com.kms.katalon.core.mobile.keyword.builtin.VerifyElementExistKeyword$_verifyElementExist_closure1.doCall(VerifyElementExistKeyword.groovy:48)
	at com.kms.katalon.core.mobile.keyword.builtin.VerifyElementExistKeyword$_verifyElementExist_closure1.call(VerifyElementExistKeyword.groovy)
	at com.kms.katalon.core.mobile.keyword.internal.MobileKeywordMain.runKeyword(MobileKeywordMain.groovy:30)
	... 20 more
)
[[ATTACHMENT|/Users/gv.vignesh/Downloads/WGR-Android-Automation/Reports/20250429_104944/Android Regression/20250429_104944/1745910792848.png]]]]></system-out>
         <system-err><![CDATA[29-04-2025T12:39:15 - [TEST_CASE][FAILED] - Test Cases/My Stay And Reservations/C751_MyStayAndReservations_Current tab_UpcomingReservations: Test Cases/My Stay And Reservations/C751_MyStayAndReservations_Current tab_UpcomingReservations FAILED.
Reason:
com.kms.katalon.core.exception.StepFailedException: Failed to check for element 'Object Repository/Repo/MyStay/android.widget.TextView - UPCOMING STAYS' exist
	at com.kms.katalon.core.mobile.keyword.internal.MobileKeywordMain.stepFailed(MobileKeywordMain.groovy:64)
	at com.kms.katalon.core.mobile.keyword.internal.MobileKeywordMain.runKeyword(MobileKeywordMain.groovy:34)
	at com.kms.katalon.core.mobile.keyword.builtin.VerifyElementExistKeyword.verifyElementExist(VerifyElementExistKeyword.groovy:51)
	at com.kms.katalon.core.mobile.keyword.builtin.VerifyElementExistKeyword.execute(VerifyElementExistKeyword.groovy:35)
	at com.kms.katalon.core.keyword.internal.KeywordExecutor.executeKeywordForPlatform(KeywordExecutor.groovy:74)
	at com.kms.katalon.core.mobile.keyword.MobileBuiltInKeywords.verifyElementExist(MobileBuiltInKeywords.groovy:1726)
	at C751_MyStayAndReservations_Current tab_UpcomingReservations.run(C751_MyStayAndReservations_Current tab_UpcomingReservations:70)
	at com.kms.katalon.core.main.ScriptEngine.run(ScriptEngine.java:194)
	at com.kms.katalon.core.main.ScriptEngine.runScriptAsRawText(ScriptEngine.java:119)
	at com.kms.katalon.core.main.TestCaseExecutor.runScript(TestCaseExecutor.java:448)
	at com.kms.katalon.core.main.TestCaseExecutor.doExecute(TestCaseExecutor.java:439)
	at com.kms.katalon.core.main.TestCaseExecutor.processExecutionPhase(TestCaseExecutor.java:418)
	at com.kms.katalon.core.main.TestCaseExecutor.accessMainPhase(TestCaseExecutor.java:410)
	at com.kms.katalon.core.main.TestCaseExecutor.execute(TestCaseExecutor.java:285)
	at com.kms.katalon.core.common.CommonExecutor.accessTestCaseMainPhase(CommonExecutor.java:71)
	at com.kms.katalon.core.main.TestSuiteExecutor.accessTestSuiteMainPhase(TestSuiteExecutor.java:160)
	at com.kms.katalon.core.main.TestSuiteExecutor.execute(TestSuiteExecutor.java:107)
	at com.kms.katalon.core.main.TestCaseMain.startTestSuite(TestCaseMain.java:180)
	at TempTestSuite1745903984460.run(TempTestSuite1745903984460.groovy:35)
	at java.base/jdk.internal.reflect.NativeMethodAccessorImpl.invoke0(Native Method)
	at java.base/jdk.internal.reflect.NativeMethodAccessorImpl.invoke(NativeMethodAccessorImpl.java:77)
	at java.base/jdk.internal.reflect.DelegatingMethodAccessorImpl.invoke(DelegatingMethodAccessorImpl.java:43)
Caused by: com.kms.katalon.core.exception.StepFailedException: Element 'Object Repository/Repo/MyStay/android.widget.TextView - UPCOMING STAYS' not found
	at com.kms.katalon.core.mobile.keyword.internal.MobileKeywordMain.stepFailed(MobileKeywordMain.groovy:64)
	at com.kms.katalon.core.mobile.keyword.builtin.VerifyElementExistKeyword$_verifyElementExist_closure1.doCall(VerifyElementExistKeyword.groovy:48)
	at com.kms.katalon.core.mobile.keyword.builtin.VerifyElementExistKeyword$_verifyElementExist_closure1.call(VerifyElementExistKeyword.groovy)
	at com.kms.katalon.core.mobile.keyword.internal.MobileKeywordMain.runKeyword(MobileKeywordMain.groovy:30)
	... 20 more]]></system-err>
      </testcase>
      <testcase name="Test Cases/My Stay And Reservations/C726_MyStayAndReservations_My Stay_PastStaysTab_NoStays" time="80.256" classname="Test Cases/My Stay And Reservations/C726_MyStayAndReservations_My Stay_PastStaysTab_NoStays" status="FAILED">
         <failure type="FAILED" message="Test Cases/My Stay And Reservations/C726_MyStayAndReservations_My Stay_PastStaysTab_NoStays FAILED.&#xa;Reason:&#xa;com.kms.katalon.core.exception.StepFailedException: Failed to set text into element&#xa;	at com.kms.katalon.core.mobile.keyword.internal.MobileKeywordMain.stepFailed(MobileKeywordMain.groovy:64)&#xa;	at com.kms.katalon.core.mobile.keyword.internal.MobileKeywordMain.runKeyword(MobileKeywordMain.groovy:34)&#xa;	at com.kms.katalon.core.mobile.keyword.builtin.SetTextKeyword.setText(SetTextKeyword.groovy:62)&#xa;	at com.kms.katalon.core.mobile.keyword.builtin.SetTextKeyword.execute(SetTextKeyword.groovy:42)&#xa;	at com.kms.katalon.core.keyword.internal.KeywordExecutor.executeKeywordForPlatform(KeywordExecutor.groovy:74)&#xa;	at com.kms.katalon.core.mobile.keyword.MobileBuiltInKeywords.setText(MobileBuiltInKeywords.groovy:1278)&#xa;	at C726_MyStayAndReservations_My Stay_PastStaysTab_NoStays.run(C726_MyStayAndReservations_My Stay_PastStaysTab_NoStays:28)&#xa;	at com.kms.katalon.core.main.ScriptEngine.run(ScriptEngine.java:194)&#xa;	at com.kms.katalon.core.main.ScriptEngine.runScriptAsRawText(ScriptEngine.java:119)&#xa;	at com.kms.katalon.core.main.TestCaseExecutor.runScript(TestCaseExecutor.java:448)&#xa;	at com.kms.katalon.core.main.TestCaseExecutor.doExecute(TestCaseExecutor.java:439)&#xa;	at com.kms.katalon.core.main.TestCaseExecutor.processExecutionPhase(TestCaseExecutor.java:418)&#xa;	at com.kms.katalon.core.main.TestCaseExecutor.accessMainPhase(TestCaseExecutor.java:410)&#xa;	at com.kms.katalon.core.main.TestCaseExecutor.execute(TestCaseExecutor.java:285)&#xa;	at com.kms.katalon.core.common.CommonExecutor.accessTestCaseMainPhase(CommonExecutor.java:71)&#xa;	at com.kms.katalon.core.main.TestSuiteExecutor.accessTestSuiteMainPhase(TestSuiteExecutor.java:160)&#xa;	at com.kms.katalon.core.main.TestSuiteExecutor.execute(TestSuiteExecutor.java:107)&#xa;	at com.kms.katalon.core.main.TestCaseMain.startTestSuite(TestCaseMain.java:180)&#xa;	at TempTestSuite1745903984460.run(TempTestSuite1745903984460.groovy:35)&#xa;	at java.base/jdk.internal.reflect.NativeMethodAccessorImpl.invoke0(Native Method)&#xa;	at java.base/jdk.internal.reflect.NativeMethodAccessorImpl.invoke(NativeMethodAccessorImpl.java:77)&#xa;	at java.base/jdk.internal.reflect.DelegatingMethodAccessorImpl.invoke(DelegatingMethodAccessorImpl.java:43)&#xa;Caused by: com.kms.katalon.core.exception.StepFailedException: Object Object Repository/Repo/MyStay/android.widget.EditText not found&#xa;	at com.kms.katalon.core.mobile.keyword.internal.MobileKeywordMain.stepFailed(MobileKeywordMain.groovy:64)&#xa;	at com.kms.katalon.core.mobile.keyword.builtin.SetTextKeyword$_setText_closure1.doCall(SetTextKeyword.groovy:52)&#xa;	at com.kms.katalon.core.mobile.keyword.builtin.SetTextKeyword$_setText_closure1.call(SetTextKeyword.groovy)&#xa;	at com.kms.katalon.core.mobile.keyword.internal.MobileKeywordMain.runKeyword(MobileKeywordMain.groovy:30)&#xa;	... 20 more&#xa;"/>
         <system-out><![CDATA[29-04-2025T12:43:13 - [TEST_CASE][FAILED] - Test Cases/My Stay And Reservations/C726_MyStayAndReservations_My Stay_PastStaysTab_NoStays: Test Cases/My Stay And Reservations/C726_MyStayAndReservations_My Stay_PastStaysTab_NoStays FAILED.
Reason:
com.kms.katalon.core.exception.StepFailedException: Failed to set text into element
	at com.kms.katalon.core.mobile.keyword.internal.MobileKeywordMain.stepFailed(MobileKeywordMain.groovy:64)
	at com.kms.katalon.core.mobile.keyword.internal.MobileKeywordMain.runKeyword(MobileKeywordMain.groovy:34)
	at com.kms.katalon.core.mobile.keyword.builtin.SetTextKeyword.setText(SetTextKeyword.groovy:62)
	at com.kms.katalon.core.mobile.keyword.builtin.SetTextKeyword.execute(SetTextKeyword.groovy:42)
	at com.kms.katalon.core.keyword.internal.KeywordExecutor.executeKeywordForPlatform(KeywordExecutor.groovy:74)
	at com.kms.katalon.core.mobile.keyword.MobileBuiltInKeywords.setText(MobileBuiltInKeywords.groovy:1278)
	at C726_MyStayAndReservations_My Stay_PastStaysTab_NoStays.run(C726_MyStayAndReservations_My Stay_PastStaysTab_NoStays:28)
	at com.kms.katalon.core.main.ScriptEngine.run(ScriptEngine.java:194)
	at com.kms.katalon.core.main.ScriptEngine.runScriptAsRawText(ScriptEngine.java:119)
	at com.kms.katalon.core.main.TestCaseExecutor.runScript(TestCaseExecutor.java:448)
	at com.kms.katalon.core.main.TestCaseExecutor.doExecute(TestCaseExecutor.java:439)
	at com.kms.katalon.core.main.TestCaseExecutor.processExecutionPhase(TestCaseExecutor.java:418)
	at com.kms.katalon.core.main.TestCaseExecutor.accessMainPhase(TestCaseExecutor.java:410)
	at com.kms.katalon.core.main.TestCaseExecutor.execute(TestCaseExecutor.java:285)
	at com.kms.katalon.core.common.CommonExecutor.accessTestCaseMainPhase(CommonExecutor.java:71)
	at com.kms.katalon.core.main.TestSuiteExecutor.accessTestSuiteMainPhase(TestSuiteExecutor.java:160)
	at com.kms.katalon.core.main.TestSuiteExecutor.execute(TestSuiteExecutor.java:107)
	at com.kms.katalon.core.main.TestCaseMain.startTestSuite(TestCaseMain.java:180)
	at TempTestSuite1745903984460.run(TempTestSuite1745903984460.groovy:35)
	at java.base/jdk.internal.reflect.NativeMethodAccessorImpl.invoke0(Native Method)
	at java.base/jdk.internal.reflect.NativeMethodAccessorImpl.invoke(NativeMethodAccessorImpl.java:77)
	at java.base/jdk.internal.reflect.DelegatingMethodAccessorImpl.invoke(DelegatingMethodAccessorImpl.java:43)
Caused by: com.kms.katalon.core.exception.StepFailedException: Object Object Repository/Repo/MyStay/android.widget.EditText not found
	at com.kms.katalon.core.mobile.keyword.internal.MobileKeywordMain.stepFailed(MobileKeywordMain.groovy:64)
	at com.kms.katalon.core.mobile.keyword.builtin.SetTextKeyword$_setText_closure1.doCall(SetTextKeyword.groovy:52)
	at com.kms.katalon.core.mobile.keyword.builtin.SetTextKeyword$_setText_closure1.call(SetTextKeyword.groovy)
	at com.kms.katalon.core.mobile.keyword.internal.MobileKeywordMain.runKeyword(MobileKeywordMain.groovy:30)
	... 20 more


29-04-2025T12:43:13 - [TEST_STEP][PASSED] - testData = findTestData("Data Files/C726"): null

29-04-2025T12:43:13 - [TEST_STEP][PASSED] - username = testData.getValue("username", 1): null

29-04-2025T12:43:13 - [TEST_STEP][PASSED] - password = testData.getValue("password", 1): null

29-04-2025T12:43:13 - [TEST_STEP][PASSED] - startApplication(appUrl, true): Started application: '/Users/gv.vignesh/Downloads/WGR-Android-Automation/App Folder/app-debug-2.99.75.apk'

29-04-2025T12:43:13 - [MESSAGE][INFO] - Starting application: '/Users/gv.vignesh/Downloads/WGR-Android-Automation/App Folder/app-debug-2.99.75.apk'

29-04-2025T12:43:13 - [MESSAGE][INFO] - User set preference: ['uiautomator2ServerInstallTimeout', '0']

29-04-2025T12:43:13 - [MESSAGE][INFO] - User set preference: ['deviceId', '']

29-04-2025T12:43:38 - [MESSAGE][PASSED] - Started application: '/Users/gv.vignesh/Downloads/WGR-Android-Automation/App Folder/app-debug-2.99.75.apk'

29-04-2025T12:43:38 - [TEST_STEP][PASSED] - delay(10): Delayed 10 second(s)

29-04-2025T12:43:48 - [MESSAGE][PASSED] - Delayed 10 second(s)

29-04-2025T12:43:48 - [TEST_STEP][PASSED] - tap(findTestObject("Object Repository/Repo/MyStay/android.widget.Button - Login or Sign Up"), 0): Tapped on element 'Object Repository/Repo/MyStay/android.widget.Button - Login or Sign Up'

29-04-2025T12:43:48 - [MESSAGE][WARNING] - Timeout '0' is invalid. Using default page load timeout: '30'

29-04-2025T12:43:49 - [MESSAGE][PASSED] - Tapped on element 'Object Repository/Repo/MyStay/android.widget.Button - Login or Sign Up'

29-04-2025T12:43:49 - [TEST_STEP][PASSED] - delay(10): Delayed 10 second(s)

29-04-2025T12:43:59 - [MESSAGE][PASSED] - Delayed 10 second(s)

29-04-2025T12:43:59 - [TEST_STEP][FAILED] - setText(findTestObject("Object Repository/Repo/MyStay/android.widget.EditText"), username, 0): Failed to set text into element (Root cause: com.kms.katalon.core.exception.StepFailedException: Failed to set text into element
	at com.kms.katalon.core.mobile.keyword.internal.MobileKeywordMain.stepFailed(MobileKeywordMain.groovy:64)
	at com.kms.katalon.core.mobile.keyword.internal.MobileKeywordMain.runKeyword(MobileKeywordMain.groovy:34)
	at com.kms.katalon.core.mobile.keyword.builtin.SetTextKeyword.setText(SetTextKeyword.groovy:62)
	at com.kms.katalon.core.mobile.keyword.builtin.SetTextKeyword.execute(SetTextKeyword.groovy:42)
	at com.kms.katalon.core.keyword.internal.KeywordExecutor.executeKeywordForPlatform(KeywordExecutor.groovy:74)
	at com.kms.katalon.core.mobile.keyword.MobileBuiltInKeywords.setText(MobileBuiltInKeywords.groovy:1278)
	at C726_MyStayAndReservations_My Stay_PastStaysTab_NoStays.run(C726_MyStayAndReservations_My Stay_PastStaysTab_NoStays:28)
	at com.kms.katalon.core.main.ScriptEngine.run(ScriptEngine.java:194)
	at com.kms.katalon.core.main.ScriptEngine.runScriptAsRawText(ScriptEngine.java:119)
	at com.kms.katalon.core.main.TestCaseExecutor.runScript(TestCaseExecutor.java:448)
	at com.kms.katalon.core.main.TestCaseExecutor.doExecute(TestCaseExecutor.java:439)
	at com.kms.katalon.core.main.TestCaseExecutor.processExecutionPhase(TestCaseExecutor.java:418)
	at com.kms.katalon.core.main.TestCaseExecutor.accessMainPhase(TestCaseExecutor.java:410)
	at com.kms.katalon.core.main.TestCaseExecutor.execute(TestCaseExecutor.java:285)
	at com.kms.katalon.core.common.CommonExecutor.accessTestCaseMainPhase(CommonExecutor.java:71)
	at com.kms.katalon.core.main.TestSuiteExecutor.accessTestSuiteMainPhase(TestSuiteExecutor.java:160)
	at com.kms.katalon.core.main.TestSuiteExecutor.execute(TestSuiteExecutor.java:107)
	at com.kms.katalon.core.main.TestCaseMain.startTestSuite(TestCaseMain.java:180)
	at TempTestSuite1745903984460.run(TempTestSuite1745903984460.groovy:35)
	at java.base/jdk.internal.reflect.NativeMethodAccessorImpl.invoke0(Native Method)
	at java.base/jdk.internal.reflect.NativeMethodAccessorImpl.invoke(NativeMethodAccessorImpl.java:77)
	at java.base/jdk.internal.reflect.DelegatingMethodAccessorImpl.invoke(DelegatingMethodAccessorImpl.java:43)
Caused by: com.kms.katalon.core.exception.StepFailedException: Object Object Repository/Repo/MyStay/android.widget.EditText not found
	at com.kms.katalon.core.mobile.keyword.internal.MobileKeywordMain.stepFailed(MobileKeywordMain.groovy:64)
	at com.kms.katalon.core.mobile.keyword.builtin.SetTextKeyword$_setText_closure1.doCall(SetTextKeyword.groovy:52)
	at com.kms.katalon.core.mobile.keyword.builtin.SetTextKeyword$_setText_closure1.call(SetTextKeyword.groovy)
	at com.kms.katalon.core.mobile.keyword.internal.MobileKeywordMain.runKeyword(MobileKeywordMain.groovy:30)
	... 20 more
)

29-04-2025T12:43:59 - [MESSAGE][WARNING] - Timeout '0' is invalid. Using default page load timeout: '30'

29-04-2025T12:44:31 - [MESSAGE][FAILED] - Object Object Repository/Repo/MyStay/android.widget.EditText not found (Root cause: com.kms.katalon.core.exception.StepFailedException: Object Object Repository/Repo/MyStay/android.widget.EditText not found
	at com.kms.katalon.core.mobile.keyword.internal.MobileKeywordMain.stepFailed(MobileKeywordMain.groovy:64)
	at com.kms.katalon.core.mobile.keyword.builtin.SetTextKeyword$_setText_closure1.doCall(SetTextKeyword.groovy:52)
	at com.kms.katalon.core.mobile.keyword.builtin.SetTextKeyword$_setText_closure1.call(SetTextKeyword.groovy)
	at com.kms.katalon.core.mobile.keyword.internal.MobileKeywordMain.runKeyword(MobileKeywordMain.groovy:30)
	at com.kms.katalon.core.mobile.keyword.builtin.SetTextKeyword.setText(SetTextKeyword.groovy:62)
	at com.kms.katalon.core.mobile.keyword.builtin.SetTextKeyword.execute(SetTextKeyword.groovy:42)
	at com.kms.katalon.core.keyword.internal.KeywordExecutor.executeKeywordForPlatform(KeywordExecutor.groovy:74)
	at com.kms.katalon.core.mobile.keyword.MobileBuiltInKeywords.setText(MobileBuiltInKeywords.groovy:1278)
	at C726_MyStayAndReservations_My Stay_PastStaysTab_NoStays.run(C726_MyStayAndReservations_My Stay_PastStaysTab_NoStays:28)
	at com.kms.katalon.core.main.ScriptEngine.run(ScriptEngine.java:194)
	at com.kms.katalon.core.main.ScriptEngine.runScriptAsRawText(ScriptEngine.java:119)
	at com.kms.katalon.core.main.TestCaseExecutor.runScript(TestCaseExecutor.java:448)
	at com.kms.katalon.core.main.TestCaseExecutor.doExecute(TestCaseExecutor.java:439)
	at com.kms.katalon.core.main.TestCaseExecutor.processExecutionPhase(TestCaseExecutor.java:418)
	at com.kms.katalon.core.main.TestCaseExecutor.accessMainPhase(TestCaseExecutor.java:410)
	at com.kms.katalon.core.main.TestCaseExecutor.execute(TestCaseExecutor.java:285)
	at com.kms.katalon.core.common.CommonExecutor.accessTestCaseMainPhase(CommonExecutor.java:71)
	at com.kms.katalon.core.main.TestSuiteExecutor.accessTestSuiteMainPhase(TestSuiteExecutor.java:160)
	at com.kms.katalon.core.main.TestSuiteExecutor.execute(TestSuiteExecutor.java:107)
	at com.kms.katalon.core.main.TestCaseMain.startTestSuite(TestCaseMain.java:180)
	at TempTestSuite1745903984460.run(TempTestSuite1745903984460.groovy:35)
	at java.base/jdk.internal.reflect.NativeMethodAccessorImpl.invoke0(Native Method)
	at java.base/jdk.internal.reflect.NativeMethodAccessorImpl.invoke(NativeMethodAccessorImpl.java:77)
	at java.base/jdk.internal.reflect.DelegatingMethodAccessorImpl.invoke(DelegatingMethodAccessorImpl.java:43)
)
[[ATTACHMENT|/Users/gv.vignesh/Downloads/WGR-Android-Automation/Reports/20250429_104944/Android Regression/20250429_104944/1745910869455.png]]

29-04-2025T12:44:34 - [MESSAGE][FAILED] - Failed to set text into element (Root cause: com.kms.katalon.core.exception.StepFailedException: Failed to set text into element
	at com.kms.katalon.core.mobile.keyword.internal.MobileKeywordMain.stepFailed(MobileKeywordMain.groovy:64)
	at com.kms.katalon.core.mobile.keyword.internal.MobileKeywordMain.runKeyword(MobileKeywordMain.groovy:34)
	at com.kms.katalon.core.mobile.keyword.builtin.SetTextKeyword.setText(SetTextKeyword.groovy:62)
	at com.kms.katalon.core.mobile.keyword.builtin.SetTextKeyword.execute(SetTextKeyword.groovy:42)
	at com.kms.katalon.core.keyword.internal.KeywordExecutor.executeKeywordForPlatform(KeywordExecutor.groovy:74)
	at com.kms.katalon.core.mobile.keyword.MobileBuiltInKeywords.setText(MobileBuiltInKeywords.groovy:1278)
	at C726_MyStayAndReservations_My Stay_PastStaysTab_NoStays.run(C726_MyStayAndReservations_My Stay_PastStaysTab_NoStays:28)
	at com.kms.katalon.core.main.ScriptEngine.run(ScriptEngine.java:194)
	at com.kms.katalon.core.main.ScriptEngine.runScriptAsRawText(ScriptEngine.java:119)
	at com.kms.katalon.core.main.TestCaseExecutor.runScript(TestCaseExecutor.java:448)
	at com.kms.katalon.core.main.TestCaseExecutor.doExecute(TestCaseExecutor.java:439)
	at com.kms.katalon.core.main.TestCaseExecutor.processExecutionPhase(TestCaseExecutor.java:418)
	at com.kms.katalon.core.main.TestCaseExecutor.accessMainPhase(TestCaseExecutor.java:410)
	at com.kms.katalon.core.main.TestCaseExecutor.execute(TestCaseExecutor.java:285)
	at com.kms.katalon.core.common.CommonExecutor.accessTestCaseMainPhase(CommonExecutor.java:71)
	at com.kms.katalon.core.main.TestSuiteExecutor.accessTestSuiteMainPhase(TestSuiteExecutor.java:160)
	at com.kms.katalon.core.main.TestSuiteExecutor.execute(TestSuiteExecutor.java:107)
	at com.kms.katalon.core.main.TestCaseMain.startTestSuite(TestCaseMain.java:180)
	at TempTestSuite1745903984460.run(TempTestSuite1745903984460.groovy:35)
	at java.base/jdk.internal.reflect.NativeMethodAccessorImpl.invoke0(Native Method)
	at java.base/jdk.internal.reflect.NativeMethodAccessorImpl.invoke(NativeMethodAccessorImpl.java:77)
	at java.base/jdk.internal.reflect.DelegatingMethodAccessorImpl.invoke(DelegatingMethodAccessorImpl.java:43)
Caused by: com.kms.katalon.core.exception.StepFailedException: Object Object Repository/Repo/MyStay/android.widget.EditText not found
	at com.kms.katalon.core.mobile.keyword.internal.MobileKeywordMain.stepFailed(MobileKeywordMain.groovy:64)
	at com.kms.katalon.core.mobile.keyword.builtin.SetTextKeyword$_setText_closure1.doCall(SetTextKeyword.groovy:52)
	at com.kms.katalon.core.mobile.keyword.builtin.SetTextKeyword$_setText_closure1.call(SetTextKeyword.groovy)
	at com.kms.katalon.core.mobile.keyword.internal.MobileKeywordMain.runKeyword(MobileKeywordMain.groovy:30)
	... 20 more
)
[[ATTACHMENT|/Users/gv.vignesh/Downloads/WGR-Android-Automation/Reports/20250429_104944/Android Regression/20250429_104944/1745910871969.png]]]]></system-out>
         <system-err><![CDATA[29-04-2025T12:43:13 - [TEST_CASE][FAILED] - Test Cases/My Stay And Reservations/C726_MyStayAndReservations_My Stay_PastStaysTab_NoStays: Test Cases/My Stay And Reservations/C726_MyStayAndReservations_My Stay_PastStaysTab_NoStays FAILED.
Reason:
com.kms.katalon.core.exception.StepFailedException: Failed to set text into element
	at com.kms.katalon.core.mobile.keyword.internal.MobileKeywordMain.stepFailed(MobileKeywordMain.groovy:64)
	at com.kms.katalon.core.mobile.keyword.internal.MobileKeywordMain.runKeyword(MobileKeywordMain.groovy:34)
	at com.kms.katalon.core.mobile.keyword.builtin.SetTextKeyword.setText(SetTextKeyword.groovy:62)
	at com.kms.katalon.core.mobile.keyword.builtin.SetTextKeyword.execute(SetTextKeyword.groovy:42)
	at com.kms.katalon.core.keyword.internal.KeywordExecutor.executeKeywordForPlatform(KeywordExecutor.groovy:74)
	at com.kms.katalon.core.mobile.keyword.MobileBuiltInKeywords.setText(MobileBuiltInKeywords.groovy:1278)
	at C726_MyStayAndReservations_My Stay_PastStaysTab_NoStays.run(C726_MyStayAndReservations_My Stay_PastStaysTab_NoStays:28)
	at com.kms.katalon.core.main.ScriptEngine.run(ScriptEngine.java:194)
	at com.kms.katalon.core.main.ScriptEngine.runScriptAsRawText(ScriptEngine.java:119)
	at com.kms.katalon.core.main.TestCaseExecutor.runScript(TestCaseExecutor.java:448)
	at com.kms.katalon.core.main.TestCaseExecutor.doExecute(TestCaseExecutor.java:439)
	at com.kms.katalon.core.main.TestCaseExecutor.processExecutionPhase(TestCaseExecutor.java:418)
	at com.kms.katalon.core.main.TestCaseExecutor.accessMainPhase(TestCaseExecutor.java:410)
	at com.kms.katalon.core.main.TestCaseExecutor.execute(TestCaseExecutor.java:285)
	at com.kms.katalon.core.common.CommonExecutor.accessTestCaseMainPhase(CommonExecutor.java:71)
	at com.kms.katalon.core.main.TestSuiteExecutor.accessTestSuiteMainPhase(TestSuiteExecutor.java:160)
	at com.kms.katalon.core.main.TestSuiteExecutor.execute(TestSuiteExecutor.java:107)
	at com.kms.katalon.core.main.TestCaseMain.startTestSuite(TestCaseMain.java:180)
	at TempTestSuite1745903984460.run(TempTestSuite1745903984460.groovy:35)
	at java.base/jdk.internal.reflect.NativeMethodAccessorImpl.invoke0(Native Method)
	at java.base/jdk.internal.reflect.NativeMethodAccessorImpl.invoke(NativeMethodAccessorImpl.java:77)
	at java.base/jdk.internal.reflect.DelegatingMethodAccessorImpl.invoke(DelegatingMethodAccessorImpl.java:43)
Caused by: com.kms.katalon.core.exception.StepFailedException: Object Object Repository/Repo/MyStay/android.widget.EditText not found
	at com.kms.katalon.core.mobile.keyword.internal.MobileKeywordMain.stepFailed(MobileKeywordMain.groovy:64)
	at com.kms.katalon.core.mobile.keyword.builtin.SetTextKeyword$_setText_closure1.doCall(SetTextKeyword.groovy:52)
	at com.kms.katalon.core.mobile.keyword.builtin.SetTextKeyword$_setText_closure1.call(SetTextKeyword.groovy)
	at com.kms.katalon.core.mobile.keyword.internal.MobileKeywordMain.runKeyword(MobileKeywordMain.groovy:30)
	... 20 more]]></system-err>
      </testcase>
      <testcase name="Test Cases/My Stay And Reservations/WRMA-293_MyStayAndReservations_Error_ReservationsNotLoading_current stays" time="48.193" classname="Test Cases/My Stay And Reservations/WRMA-293_MyStayAndReservations_Error_ReservationsNotLoading_current stays" status="FAILED">
         <failure type="FAILED" message="Test Cases/My Stay And Reservations/WRMA-293_MyStayAndReservations_Error_ReservationsNotLoading_current stays FAILED.&#xa;Reason:&#xa;com.kms.katalon.core.exception.StepFailedException: Failed to set text into element&#xa;	at com.kms.katalon.core.mobile.keyword.internal.MobileKeywordMain.stepFailed(MobileKeywordMain.groovy:64)&#xa;	at com.kms.katalon.core.mobile.keyword.internal.MobileKeywordMain.runKeyword(MobileKeywordMain.groovy:34)&#xa;	at com.kms.katalon.core.mobile.keyword.builtin.SetTextKeyword.setText(SetTextKeyword.groovy:62)&#xa;	at com.kms.katalon.core.mobile.keyword.builtin.SetTextKeyword.execute(SetTextKeyword.groovy:42)&#xa;	at com.kms.katalon.core.keyword.internal.KeywordExecutor.executeKeywordForPlatform(KeywordExecutor.groovy:74)&#xa;	at com.kms.katalon.core.mobile.keyword.MobileBuiltInKeywords.setText(MobileBuiltInKeywords.groovy:1278)&#xa;	at WRMA-293_MyStayAndReservations_Error_ReservationsNotLoading_current stays.run(WRMA-293_MyStayAndReservations_Error_ReservationsNotLoading_current stays:58)&#xa;	at com.kms.katalon.core.main.ScriptEngine.run(ScriptEngine.java:194)&#xa;	at com.kms.katalon.core.main.ScriptEngine.runScriptAsRawText(ScriptEngine.java:119)&#xa;	at com.kms.katalon.core.main.TestCaseExecutor.runScript(TestCaseExecutor.java:448)&#xa;	at com.kms.katalon.core.main.TestCaseExecutor.doExecute(TestCaseExecutor.java:439)&#xa;	at com.kms.katalon.core.main.TestCaseExecutor.processExecutionPhase(TestCaseExecutor.java:418)&#xa;	at com.kms.katalon.core.main.TestCaseExecutor.accessMainPhase(TestCaseExecutor.java:410)&#xa;	at com.kms.katalon.core.main.TestCaseExecutor.execute(TestCaseExecutor.java:285)&#xa;	at com.kms.katalon.core.common.CommonExecutor.accessTestCaseMainPhase(CommonExecutor.java:71)&#xa;	at com.kms.katalon.core.main.TestSuiteExecutor.accessTestSuiteMainPhase(TestSuiteExecutor.java:160)&#xa;	at com.kms.katalon.core.main.TestSuiteExecutor.execute(TestSuiteExecutor.java:107)&#xa;	at com.kms.katalon.core.main.TestCaseMain.startTestSuite(TestCaseMain.java:180)&#xa;	at TempTestSuite1745903984460.run(TempTestSuite1745903984460.groovy:35)&#xa;	at java.base/jdk.internal.reflect.NativeMethodAccessorImpl.invoke0(Native Method)&#xa;	at java.base/jdk.internal.reflect.NativeMethodAccessorImpl.invoke(NativeMethodAccessorImpl.java:77)&#xa;	at java.base/jdk.internal.reflect.DelegatingMethodAccessorImpl.invoke(DelegatingMethodAccessorImpl.java:43)&#xa;Caused by: java.lang.IllegalArgumentException: Object is null&#xa;	at com.kms.katalon.core.helper.KeywordHelper.checkTestObjectParameter(KeywordHelper.java:33)&#xa;	at com.kms.katalon.core.mobile.keyword.builtin.SetTextKeyword$_setText_closure1.doCall(SetTextKeyword.groovy:48)&#xa;	at com.kms.katalon.core.mobile.keyword.builtin.SetTextKeyword$_setText_closure1.call(SetTextKeyword.groovy)&#xa;	at com.kms.katalon.core.mobile.keyword.internal.MobileKeywordMain.runKeyword(MobileKeywordMain.groovy:30)&#xa;	... 20 more&#xa;"/>
         <system-out><![CDATA[29-04-2025T12:44:34 - [TEST_CASE][FAILED] - Test Cases/My Stay And Reservations/WRMA-293_MyStayAndReservations_Error_ReservationsNotLoading_current stays: Test Cases/My Stay And Reservations/WRMA-293_MyStayAndReservations_Error_ReservationsNotLoading_current stays FAILED.
Reason:
com.kms.katalon.core.exception.StepFailedException: Failed to set text into element
	at com.kms.katalon.core.mobile.keyword.internal.MobileKeywordMain.stepFailed(MobileKeywordMain.groovy:64)
	at com.kms.katalon.core.mobile.keyword.internal.MobileKeywordMain.runKeyword(MobileKeywordMain.groovy:34)
	at com.kms.katalon.core.mobile.keyword.builtin.SetTextKeyword.setText(SetTextKeyword.groovy:62)
	at com.kms.katalon.core.mobile.keyword.builtin.SetTextKeyword.execute(SetTextKeyword.groovy:42)
	at com.kms.katalon.core.keyword.internal.KeywordExecutor.executeKeywordForPlatform(KeywordExecutor.groovy:74)
	at com.kms.katalon.core.mobile.keyword.MobileBuiltInKeywords.setText(MobileBuiltInKeywords.groovy:1278)
	at WRMA-293_MyStayAndReservations_Error_ReservationsNotLoading_current stays.run(WRMA-293_MyStayAndReservations_Error_ReservationsNotLoading_current stays:58)
	at com.kms.katalon.core.main.ScriptEngine.run(ScriptEngine.java:194)
	at com.kms.katalon.core.main.ScriptEngine.runScriptAsRawText(ScriptEngine.java:119)
	at com.kms.katalon.core.main.TestCaseExecutor.runScript(TestCaseExecutor.java:448)
	at com.kms.katalon.core.main.TestCaseExecutor.doExecute(TestCaseExecutor.java:439)
	at com.kms.katalon.core.main.TestCaseExecutor.processExecutionPhase(TestCaseExecutor.java:418)
	at com.kms.katalon.core.main.TestCaseExecutor.accessMainPhase(TestCaseExecutor.java:410)
	at com.kms.katalon.core.main.TestCaseExecutor.execute(TestCaseExecutor.java:285)
	at com.kms.katalon.core.common.CommonExecutor.accessTestCaseMainPhase(CommonExecutor.java:71)
	at com.kms.katalon.core.main.TestSuiteExecutor.accessTestSuiteMainPhase(TestSuiteExecutor.java:160)
	at com.kms.katalon.core.main.TestSuiteExecutor.execute(TestSuiteExecutor.java:107)
	at com.kms.katalon.core.main.TestCaseMain.startTestSuite(TestCaseMain.java:180)
	at TempTestSuite1745903984460.run(TempTestSuite1745903984460.groovy:35)
	at java.base/jdk.internal.reflect.NativeMethodAccessorImpl.invoke0(Native Method)
	at java.base/jdk.internal.reflect.NativeMethodAccessorImpl.invoke(NativeMethodAccessorImpl.java:77)
	at java.base/jdk.internal.reflect.DelegatingMethodAccessorImpl.invoke(DelegatingMethodAccessorImpl.java:43)
Caused by: java.lang.IllegalArgumentException: Object is null
	at com.kms.katalon.core.helper.KeywordHelper.checkTestObjectParameter(KeywordHelper.java:33)
	at com.kms.katalon.core.mobile.keyword.builtin.SetTextKeyword$_setText_closure1.doCall(SetTextKeyword.groovy:48)
	at com.kms.katalon.core.mobile.keyword.builtin.SetTextKeyword$_setText_closure1.call(SetTextKeyword.groovy)
	at com.kms.katalon.core.mobile.keyword.internal.MobileKeywordMain.runKeyword(MobileKeywordMain.groovy:30)
	... 20 more


29-04-2025T12:44:34 - [TEST_STEP][PASSED] - testData = findTestData("Data Files/C790"): null

29-04-2025T12:44:34 - [TEST_STEP][PASSED] - email = testData.getValue("email", 1): null

29-04-2025T12:44:34 - [TEST_STEP][PASSED] - password = testData.getValue("password", 1): null

29-04-2025T12:44:34 - [TEST_STEP][PASSED] - startApplication(appUrl, true): Started application: '/Users/gv.vignesh/Downloads/WGR-Android-Automation/App Folder/app-debug-2.99.75.apk'

29-04-2025T12:44:34 - [MESSAGE][INFO] - Starting application: '/Users/gv.vignesh/Downloads/WGR-Android-Automation/App Folder/app-debug-2.99.75.apk'

29-04-2025T12:44:34 - [MESSAGE][INFO] - User set preference: ['uiautomator2ServerInstallTimeout', '0']

29-04-2025T12:44:34 - [MESSAGE][INFO] - User set preference: ['deviceId', '']

29-04-2025T12:44:58 - [MESSAGE][PASSED] - Started application: '/Users/gv.vignesh/Downloads/WGR-Android-Automation/App Folder/app-debug-2.99.75.apk'

29-04-2025T12:44:58 - [TEST_STEP][PASSED] - delay(10): Delayed 10 second(s)

29-04-2025T12:45:08 - [MESSAGE][PASSED] - Delayed 10 second(s)

29-04-2025T12:45:08 - [TEST_STEP][PASSED] - tap(findTestObject("Object Repository/Repo/MyStay/android.widget.Button - Login or Sign Up (2)"), 0): Tapped on element 'Object Repository/Repo/MyStay/android.widget.Button - Login or Sign Up (2)'

29-04-2025T12:45:08 - [MESSAGE][WARNING] - Timeout '0' is invalid. Using default page load timeout: '30'

29-04-2025T12:45:09 - [MESSAGE][PASSED] - Tapped on element 'Object Repository/Repo/MyStay/android.widget.Button - Login or Sign Up (2)'

29-04-2025T12:45:09 - [TEST_STEP][PASSED] - delay(10): Delayed 10 second(s)

29-04-2025T12:45:19 - [MESSAGE][PASSED] - Delayed 10 second(s)

29-04-2025T12:45:19 - [TEST_STEP][FAILED] - setText(findTestObject("Object Repository/Repo/MyStay/android.widget.EditText (4)"), email, 0): Failed to set text into element (Root cause: com.kms.katalon.core.exception.StepFailedException: Failed to set text into element
	at com.kms.katalon.core.mobile.keyword.internal.MobileKeywordMain.stepFailed(MobileKeywordMain.groovy:64)
	at com.kms.katalon.core.mobile.keyword.internal.MobileKeywordMain.runKeyword(MobileKeywordMain.groovy:34)
	at com.kms.katalon.core.mobile.keyword.builtin.SetTextKeyword.setText(SetTextKeyword.groovy:62)
	at com.kms.katalon.core.mobile.keyword.builtin.SetTextKeyword.execute(SetTextKeyword.groovy:42)
	at com.kms.katalon.core.keyword.internal.KeywordExecutor.executeKeywordForPlatform(KeywordExecutor.groovy:74)
	at com.kms.katalon.core.mobile.keyword.MobileBuiltInKeywords.setText(MobileBuiltInKeywords.groovy:1278)
	at WRMA-293_MyStayAndReservations_Error_ReservationsNotLoading_current stays.run(WRMA-293_MyStayAndReservations_Error_ReservationsNotLoading_current stays:58)
	at com.kms.katalon.core.main.ScriptEngine.run(ScriptEngine.java:194)
	at com.kms.katalon.core.main.ScriptEngine.runScriptAsRawText(ScriptEngine.java:119)
	at com.kms.katalon.core.main.TestCaseExecutor.runScript(TestCaseExecutor.java:448)
	at com.kms.katalon.core.main.TestCaseExecutor.doExecute(TestCaseExecutor.java:439)
	at com.kms.katalon.core.main.TestCaseExecutor.processExecutionPhase(TestCaseExecutor.java:418)
	at com.kms.katalon.core.main.TestCaseExecutor.accessMainPhase(TestCaseExecutor.java:410)
	at com.kms.katalon.core.main.TestCaseExecutor.execute(TestCaseExecutor.java:285)
	at com.kms.katalon.core.common.CommonExecutor.accessTestCaseMainPhase(CommonExecutor.java:71)
	at com.kms.katalon.core.main.TestSuiteExecutor.accessTestSuiteMainPhase(TestSuiteExecutor.java:160)
	at com.kms.katalon.core.main.TestSuiteExecutor.execute(TestSuiteExecutor.java:107)
	at com.kms.katalon.core.main.TestCaseMain.startTestSuite(TestCaseMain.java:180)
	at TempTestSuite1745903984460.run(TempTestSuite1745903984460.groovy:35)
	at java.base/jdk.internal.reflect.NativeMethodAccessorImpl.invoke0(Native Method)
	at java.base/jdk.internal.reflect.NativeMethodAccessorImpl.invoke(NativeMethodAccessorImpl.java:77)
	at java.base/jdk.internal.reflect.DelegatingMethodAccessorImpl.invoke(DelegatingMethodAccessorImpl.java:43)
Caused by: java.lang.IllegalArgumentException: Object is null
	at com.kms.katalon.core.helper.KeywordHelper.checkTestObjectParameter(KeywordHelper.java:33)
	at com.kms.katalon.core.mobile.keyword.builtin.SetTextKeyword$_setText_closure1.doCall(SetTextKeyword.groovy:48)
	at com.kms.katalon.core.mobile.keyword.builtin.SetTextKeyword$_setText_closure1.call(SetTextKeyword.groovy)
	at com.kms.katalon.core.mobile.keyword.internal.MobileKeywordMain.runKeyword(MobileKeywordMain.groovy:30)
	at com.kms.katalon.core.mobile.keyword.builtin.SetTextKeyword.setText(SetTextKeyword.groovy:62)
	at com.kms.katalon.core.mobile.keyword.builtin.SetTextKeyword.execute(SetTextKeyword.groovy:42)
	at com.kms.katalon.core.keyword.internal.KeywordExecutor.executeKeywordForPlatform(KeywordExecutor.groovy:74)
	at com.kms.katalon.core.mobile.keyword.MobileBuiltInKeywords.setText(MobileBuiltInKeywords.groovy:1278)
	at Script1745306654776.run(Script1745306654776.groovy:58)
	... 15 more
)

29-04-2025T12:45:19 - [MESSAGE][WARNING] - Test object with id 'Object Repository/Repo/MyStay/android.widget.EditText (4)' does not exist

29-04-2025T12:45:19 - [MESSAGE][WARNING] - Test object with id 'Object Repository/' does not exist

29-04-2025T12:45:22 - [MESSAGE][FAILED] - Failed to set text into element (Root cause: com.kms.katalon.core.exception.StepFailedException: Failed to set text into element
	at com.kms.katalon.core.mobile.keyword.internal.MobileKeywordMain.stepFailed(MobileKeywordMain.groovy:64)
	at com.kms.katalon.core.mobile.keyword.internal.MobileKeywordMain.runKeyword(MobileKeywordMain.groovy:34)
	at com.kms.katalon.core.mobile.keyword.builtin.SetTextKeyword.setText(SetTextKeyword.groovy:62)
	at com.kms.katalon.core.mobile.keyword.builtin.SetTextKeyword.execute(SetTextKeyword.groovy:42)
	at com.kms.katalon.core.keyword.internal.KeywordExecutor.executeKeywordForPlatform(KeywordExecutor.groovy:74)
	at com.kms.katalon.core.mobile.keyword.MobileBuiltInKeywords.setText(MobileBuiltInKeywords.groovy:1278)
	at WRMA-293_MyStayAndReservations_Error_ReservationsNotLoading_current stays.run(WRMA-293_MyStayAndReservations_Error_ReservationsNotLoading_current stays:58)
	at com.kms.katalon.core.main.ScriptEngine.run(ScriptEngine.java:194)
	at com.kms.katalon.core.main.ScriptEngine.runScriptAsRawText(ScriptEngine.java:119)
	at com.kms.katalon.core.main.TestCaseExecutor.runScript(TestCaseExecutor.java:448)
	at com.kms.katalon.core.main.TestCaseExecutor.doExecute(TestCaseExecutor.java:439)
	at com.kms.katalon.core.main.TestCaseExecutor.processExecutionPhase(TestCaseExecutor.java:418)
	at com.kms.katalon.core.main.TestCaseExecutor.accessMainPhase(TestCaseExecutor.java:410)
	at com.kms.katalon.core.main.TestCaseExecutor.execute(TestCaseExecutor.java:285)
	at com.kms.katalon.core.common.CommonExecutor.accessTestCaseMainPhase(CommonExecutor.java:71)
	at com.kms.katalon.core.main.TestSuiteExecutor.accessTestSuiteMainPhase(TestSuiteExecutor.java:160)
	at com.kms.katalon.core.main.TestSuiteExecutor.execute(TestSuiteExecutor.java:107)
	at com.kms.katalon.core.main.TestCaseMain.startTestSuite(TestCaseMain.java:180)
	at TempTestSuite1745903984460.run(TempTestSuite1745903984460.groovy:35)
	at java.base/jdk.internal.reflect.NativeMethodAccessorImpl.invoke0(Native Method)
	at java.base/jdk.internal.reflect.NativeMethodAccessorImpl.invoke(NativeMethodAccessorImpl.java:77)
	at java.base/jdk.internal.reflect.DelegatingMethodAccessorImpl.invoke(DelegatingMethodAccessorImpl.java:43)
Caused by: java.lang.IllegalArgumentException: Object is null
	at com.kms.katalon.core.helper.KeywordHelper.checkTestObjectParameter(KeywordHelper.java:33)
	at com.kms.katalon.core.mobile.keyword.builtin.SetTextKeyword$_setText_closure1.doCall(SetTextKeyword.groovy:48)
	at com.kms.katalon.core.mobile.keyword.builtin.SetTextKeyword$_setText_closure1.call(SetTextKeyword.groovy)
	at com.kms.katalon.core.mobile.keyword.internal.MobileKeywordMain.runKeyword(MobileKeywordMain.groovy:30)
	at com.kms.katalon.core.mobile.keyword.builtin.SetTextKeyword.setText(SetTextKeyword.groovy:62)
	at com.kms.katalon.core.mobile.keyword.builtin.SetTextKeyword.execute(SetTextKeyword.groovy:42)
	at com.kms.katalon.core.keyword.internal.KeywordExecutor.executeKeywordForPlatform(KeywordExecutor.groovy:74)
	at com.kms.katalon.core.mobile.keyword.MobileBuiltInKeywords.setText(MobileBuiltInKeywords.groovy:1278)
	at Script1745306654776.run(Script1745306654776.groovy:58)
	... 15 more
)
[[ATTACHMENT|/Users/gv.vignesh/Downloads/WGR-Android-Automation/Reports/20250429_104944/Android Regression/20250429_104944/1745910919811.png]]]]></system-out>
         <system-err><![CDATA[29-04-2025T12:44:34 - [TEST_CASE][FAILED] - Test Cases/My Stay And Reservations/WRMA-293_MyStayAndReservations_Error_ReservationsNotLoading_current stays: Test Cases/My Stay And Reservations/WRMA-293_MyStayAndReservations_Error_ReservationsNotLoading_current stays FAILED.
Reason:
com.kms.katalon.core.exception.StepFailedException: Failed to set text into element
	at com.kms.katalon.core.mobile.keyword.internal.MobileKeywordMain.stepFailed(MobileKeywordMain.groovy:64)
	at com.kms.katalon.core.mobile.keyword.internal.MobileKeywordMain.runKeyword(MobileKeywordMain.groovy:34)
	at com.kms.katalon.core.mobile.keyword.builtin.SetTextKeyword.setText(SetTextKeyword.groovy:62)
	at com.kms.katalon.core.mobile.keyword.builtin.SetTextKeyword.execute(SetTextKeyword.groovy:42)
	at com.kms.katalon.core.keyword.internal.KeywordExecutor.executeKeywordForPlatform(KeywordExecutor.groovy:74)
	at com.kms.katalon.core.mobile.keyword.MobileBuiltInKeywords.setText(MobileBuiltInKeywords.groovy:1278)
	at WRMA-293_MyStayAndReservations_Error_ReservationsNotLoading_current stays.run(WRMA-293_MyStayAndReservations_Error_ReservationsNotLoading_current stays:58)
	at com.kms.katalon.core.main.ScriptEngine.run(ScriptEngine.java:194)
	at com.kms.katalon.core.main.ScriptEngine.runScriptAsRawText(ScriptEngine.java:119)
	at com.kms.katalon.core.main.TestCaseExecutor.runScript(TestCaseExecutor.java:448)
	at com.kms.katalon.core.main.TestCaseExecutor.doExecute(TestCaseExecutor.java:439)
	at com.kms.katalon.core.main.TestCaseExecutor.processExecutionPhase(TestCaseExecutor.java:418)
	at com.kms.katalon.core.main.TestCaseExecutor.accessMainPhase(TestCaseExecutor.java:410)
	at com.kms.katalon.core.main.TestCaseExecutor.execute(TestCaseExecutor.java:285)
	at com.kms.katalon.core.common.CommonExecutor.accessTestCaseMainPhase(CommonExecutor.java:71)
	at com.kms.katalon.core.main.TestSuiteExecutor.accessTestSuiteMainPhase(TestSuiteExecutor.java:160)
	at com.kms.katalon.core.main.TestSuiteExecutor.execute(TestSuiteExecutor.java:107)
	at com.kms.katalon.core.main.TestCaseMain.startTestSuite(TestCaseMain.java:180)
	at TempTestSuite1745903984460.run(TempTestSuite1745903984460.groovy:35)
	at java.base/jdk.internal.reflect.NativeMethodAccessorImpl.invoke0(Native Method)
	at java.base/jdk.internal.reflect.NativeMethodAccessorImpl.invoke(NativeMethodAccessorImpl.java:77)
	at java.base/jdk.internal.reflect.DelegatingMethodAccessorImpl.invoke(DelegatingMethodAccessorImpl.java:43)
Caused by: java.lang.IllegalArgumentException: Object is null
	at com.kms.katalon.core.helper.KeywordHelper.checkTestObjectParameter(KeywordHelper.java:33)
	at com.kms.katalon.core.mobile.keyword.builtin.SetTextKeyword$_setText_closure1.doCall(SetTextKeyword.groovy:48)
	at com.kms.katalon.core.mobile.keyword.builtin.SetTextKeyword$_setText_closure1.call(SetTextKeyword.groovy)
	at com.kms.katalon.core.mobile.keyword.internal.MobileKeywordMain.runKeyword(MobileKeywordMain.groovy:30)
	... 20 more]]></system-err>
      </testcase>
      <system-out><![CDATA[29-04-2025T10:49:48 - [TEST_SUITE][FAILED] - Android Regression: Test Cases/Guest User Mode/C764_C739_C793_GuestUserMode_OAM_BottomNavBar_ThingsToDo FAILED.
Reason:
com.kms.katalon.core.exception.StepFailedException: Unable to scroll to text 'Recommended for you'
	at com.kms.katalon.core.mobile.keyword.internal.MobileKeywordMain.stepFailed(MobileKeywordMain.groovy:64)
	at com.kms.katalon.core.mobile.keyword.internal.MobileKeywordMain.runKeyword(MobileKeywordMain.groovy:34)
	at com.kms.katalon.core.mobile.keyword.internal.MobileKeywordMain$runKeyword.call(Unknown Source)
	at com.kms.katalon.core.mobile.keyword.builtin.ScrollToTextKeyword.scrollToText(ScrollToTextKeyword.groovy:80)
	at com.kms.katalon.core.mobile.keyword.builtin.ScrollToTextKeyword.execute(ScrollToTextKeyword.groovy:38)
	at com.kms.katalon.core.keyword.internal.KeywordExecutor.executeKeywordForPlatform(KeywordExecutor.groovy:74)
	at com.kms.katalon.core.mobile.keyword.MobileBuiltInKeywords.scrollToText(MobileBuiltInKeywords.groovy:1969)
	at C764_C739_C793_GuestUserMode_OAM_BottomNavBar_ThingsToDo.run(C764_C739_C793_GuestUserMode_OAM_BottomNavBar_ThingsToDo:98)
	at com.kms.katalon.core.main.ScriptEngine.run(ScriptEngine.java:194)
	at com.kms.katalon.core.main.ScriptEngine.runScriptAsRawText(ScriptEngine.java:119)
	at com.kms.katalon.core.main.TestCaseExecutor.runScript(TestCaseExecutor.java:448)
	at com.kms.katalon.core.main.TestCaseExecutor.doExecute(TestCaseExecutor.java:439)
	at com.kms.katalon.core.main.TestCaseExecutor.processExecutionPhase(TestCaseExecutor.java:418)
	at com.kms.katalon.core.main.TestCaseExecutor.accessMainPhase(TestCaseExecutor.java:410)
	at com.kms.katalon.core.main.TestCaseExecutor.execute(TestCaseExecutor.java:285)
	at com.kms.katalon.core.common.CommonExecutor.accessTestCaseMainPhase(CommonExecutor.java:71)
	at com.kms.katalon.core.main.TestSuiteExecutor.accessTestSuiteMainPhase(TestSuiteExecutor.java:160)
	at com.kms.katalon.core.main.TestSuiteExecutor.execute(TestSuiteExecutor.java:107)
	at com.kms.katalon.core.main.TestCaseMain.startTestSuite(TestCaseMain.java:180)
	at TempTestSuite1745903984460.run(TempTestSuite1745903984460.groovy:35)
	at java.base/jdk.internal.reflect.NativeMethodAccessorImpl.invoke0(Native Method)
	at java.base/jdk.internal.reflect.NativeMethodAccessorImpl.invoke(NativeMethodAccessorImpl.java:77)
	at java.base/jdk.internal.reflect.DelegatingMethodAccessorImpl.invoke(DelegatingMethodAccessorImpl.java:43)
Caused by: org.openqa.selenium.NoSuchElementException: An element could not be located on the page using the given search parameters.
For documentation on this error, please visit: https://www.selenium.dev/documentation/webdriver/troubleshooting/errors#no-such-element-exception
Build info: version: '4.22.0', revision: 'c5f3146703'
System info: os.name: 'Mac OS X', os.arch: 'aarch64', os.version: '15.4.1', java.version: '17.0.14'
Driver info: io.appium.java_client.android.AndroidDriver
Command: [4b20c423-715d-40e4-95d3-dad1610b64c6, findElement {using=-android uiautomator, value=new UiScrollable(new UiSelector().scrollable(true).instance(0)).scrollIntoView(new UiSelector().textContains("Recommended for you"))}]
Capabilities {appium:app: /Users/gv.vignesh/Downloads..., appium:appActivity: westgate_xamarin.android.Ma..., appium:appPackage: westgate_xamarin.android.debug, appium:autoGrantPermissions: true, appium:automationName: uiautomator2, appium:databaseEnabled: false, appium:desired: {app: /Users/gv.vignesh/Downloads..., autoGrantPermissions: true, automationName: uiautomator2, deviceId: , deviceName: Xiaomi 23076PC4BI (Android 15), fullReset: true, newCommandTimeout: 1800, noReset: false, platformName: ANDROID, platformVersion: 15, systemPort: 51387, udid: a6e538dc5180, uiautomator2ServerInstallTimeout: 0}, appium:deviceApiLevel: 35, appium:deviceId: , appium:deviceManufacturer: Xiaomi, appium:deviceModel: 23076PC4BI, appium:deviceName: a6e538dc5180, appium:deviceScreenDensity: 440, appium:deviceScreenSize: 1080x2460, appium:deviceUDID: a6e538dc5180, appium:fullReset: true, appium:javascriptEnabled: true, appium:locationContextEnabled: false, appium:networkConnectionEnabled: true, appium:newCommandTimeout: 1800, appium:noReset: false, appium:pixelRatio: 2.75, appium:platformVersion: 15, appium:statBarHeight: 104, appium:systemPort: 51387, appium:takesScreenshot: true, appium:udid: a6e538dc5180, appium:uiautomator2ServerInstallTimeout: 0, appium:viewportRect: {height: 2356, left: 0, top: 104, width: 1080}, appium:warnings: {}, appium:webStorageEnabled: false, platformName: ANDROID}
Session ID: 4b20c423-715d-40e4-95d3-dad1610b64c6
	at java.base/jdk.internal.reflect.NativeConstructorAccessorImpl.newInstance0(Native Method)
	at java.base/jdk.internal.reflect.NativeConstructorAccessorImpl.newInstance(NativeConstructorAccessorImpl.java:77)
	at java.base/jdk.internal.reflect.DelegatingConstructorAccessorImpl.newInstance(DelegatingConstructorAccessorImpl.java:45)
	at org.openqa.selenium.remote.ErrorCodec.decode(ErrorCodec.java:167)
	at org.openqa.selenium.remote.codec.w3c.W3CHttpResponseCodec.decode(W3CHttpResponseCodec.java:138)
	at org.openqa.selenium.remote.codec.w3c.W3CHttpResponseCodec.decode(W3CHttpResponseCodec.java:50)
	at org.openqa.selenium.remote.HttpCommandExecutor.execute(HttpCommandExecutor.java:190)
	at io.appium.java_client.remote.AppiumCommandExecutor.execute(AppiumCommandExecutor.java:237)
	at org.openqa.selenium.remote.RemoteWebDriver.execute(RemoteWebDriver.java:518)
	at org.openqa.selenium.remote.ElementLocation$ElementFinder$2.findElement(ElementLocation.java:165)
	at org.openqa.selenium.remote.ElementLocation.findElement(ElementLocation.java:66)
	at org.openqa.selenium.remote.RemoteWebDriver.findElement(RemoteWebDriver.java:355)
	at org.openqa.selenium.remote.RemoteWebDriver.findElement(RemoteWebDriver.java:349)
	at org.openqa.selenium.WebDriver$findElement$0.call(Unknown Source)
	at com.kms.katalon.core.mobile.keyword.builtin.ScrollToTextKeyword$_scrollToText_closure1.doCall(ScrollToTextKeyword.groovy:59)
	at com.kms.katalon.core.mobile.keyword.builtin.ScrollToTextKeyword$_scrollToText_closure1.doCall(ScrollToTextKeyword.groovy)
	at java.base/jdk.internal.reflect.NativeMethodAccessorImpl.invoke0(Native Method)
	at java.base/jdk.internal.reflect.NativeMethodAccessorImpl.invoke(NativeMethodAccessorImpl.java:77)
	at java.base/jdk.internal.reflect.DelegatingMethodAccessorImpl.invoke(DelegatingMethodAccessorImpl.java:43)
	at com.kms.katalon.core.mobile.keyword.internal.MobileKeywordMain.runKeyword(MobileKeywordMain.groovy:30)
	... 21 more]]></system-out>
      <system-err><![CDATA[29-04-2025T10:49:48 - [TEST_SUITE][FAILED] - Android Regression: Test Cases/Guest User Mode/C764_C739_C793_GuestUserMode_OAM_BottomNavBar_ThingsToDo FAILED.
Reason:
com.kms.katalon.core.exception.StepFailedException: Unable to scroll to text 'Recommended for you'
	at com.kms.katalon.core.mobile.keyword.internal.MobileKeywordMain.stepFailed(MobileKeywordMain.groovy:64)
	at com.kms.katalon.core.mobile.keyword.internal.MobileKeywordMain.runKeyword(MobileKeywordMain.groovy:34)
	at com.kms.katalon.core.mobile.keyword.internal.MobileKeywordMain$runKeyword.call(Unknown Source)
	at com.kms.katalon.core.mobile.keyword.builtin.ScrollToTextKeyword.scrollToText(ScrollToTextKeyword.groovy:80)
	at com.kms.katalon.core.mobile.keyword.builtin.ScrollToTextKeyword.execute(ScrollToTextKeyword.groovy:38)
	at com.kms.katalon.core.keyword.internal.KeywordExecutor.executeKeywordForPlatform(KeywordExecutor.groovy:74)
	at com.kms.katalon.core.mobile.keyword.MobileBuiltInKeywords.scrollToText(MobileBuiltInKeywords.groovy:1969)
	at C764_C739_C793_GuestUserMode_OAM_BottomNavBar_ThingsToDo.run(C764_C739_C793_GuestUserMode_OAM_BottomNavBar_ThingsToDo:98)
	at com.kms.katalon.core.main.ScriptEngine.run(ScriptEngine.java:194)
	at com.kms.katalon.core.main.ScriptEngine.runScriptAsRawText(ScriptEngine.java:119)
	at com.kms.katalon.core.main.TestCaseExecutor.runScript(TestCaseExecutor.java:448)
	at com.kms.katalon.core.main.TestCaseExecutor.doExecute(TestCaseExecutor.java:439)
	at com.kms.katalon.core.main.TestCaseExecutor.processExecutionPhase(TestCaseExecutor.java:418)
	at com.kms.katalon.core.main.TestCaseExecutor.accessMainPhase(TestCaseExecutor.java:410)
	at com.kms.katalon.core.main.TestCaseExecutor.execute(TestCaseExecutor.java:285)
	at com.kms.katalon.core.common.CommonExecutor.accessTestCaseMainPhase(CommonExecutor.java:71)
	at com.kms.katalon.core.main.TestSuiteExecutor.accessTestSuiteMainPhase(TestSuiteExecutor.java:160)
	at com.kms.katalon.core.main.TestSuiteExecutor.execute(TestSuiteExecutor.java:107)
	at com.kms.katalon.core.main.TestCaseMain.startTestSuite(TestCaseMain.java:180)
	at TempTestSuite1745903984460.run(TempTestSuite1745903984460.groovy:35)
	at java.base/jdk.internal.reflect.NativeMethodAccessorImpl.invoke0(Native Method)
	at java.base/jdk.internal.reflect.NativeMethodAccessorImpl.invoke(NativeMethodAccessorImpl.java:77)
	at java.base/jdk.internal.reflect.DelegatingMethodAccessorImpl.invoke(DelegatingMethodAccessorImpl.java:43)
Caused by: org.openqa.selenium.NoSuchElementException: An element could not be located on the page using the given search parameters.
For documentation on this error, please visit: https://www.selenium.dev/documentation/webdriver/troubleshooting/errors#no-such-element-exception
Build info: version: '4.22.0', revision: 'c5f3146703'
System info: os.name: 'Mac OS X', os.arch: 'aarch64', os.version: '15.4.1', java.version: '17.0.14'
Driver info: io.appium.java_client.android.AndroidDriver
Command: [4b20c423-715d-40e4-95d3-dad1610b64c6, findElement {using=-android uiautomator, value=new UiScrollable(new UiSelector().scrollable(true).instance(0)).scrollIntoView(new UiSelector().textContains("Recommended for you"))}]
Capabilities {appium:app: /Users/gv.vignesh/Downloads..., appium:appActivity: westgate_xamarin.android.Ma..., appium:appPackage: westgate_xamarin.android.debug, appium:autoGrantPermissions: true, appium:automationName: uiautomator2, appium:databaseEnabled: false, appium:desired: {app: /Users/gv.vignesh/Downloads..., autoGrantPermissions: true, automationName: uiautomator2, deviceId: , deviceName: Xiaomi 23076PC4BI (Android 15), fullReset: true, newCommandTimeout: 1800, noReset: false, platformName: ANDROID, platformVersion: 15, systemPort: 51387, udid: a6e538dc5180, uiautomator2ServerInstallTimeout: 0}, appium:deviceApiLevel: 35, appium:deviceId: , appium:deviceManufacturer: Xiaomi, appium:deviceModel: 23076PC4BI, appium:deviceName: a6e538dc5180, appium:deviceScreenDensity: 440, appium:deviceScreenSize: 1080x2460, appium:deviceUDID: a6e538dc5180, appium:fullReset: true, appium:javascriptEnabled: true, appium:locationContextEnabled: false, appium:networkConnectionEnabled: true, appium:newCommandTimeout: 1800, appium:noReset: false, appium:pixelRatio: 2.75, appium:platformVersion: 15, appium:statBarHeight: 104, appium:systemPort: 51387, appium:takesScreenshot: true, appium:udid: a6e538dc5180, appium:uiautomator2ServerInstallTimeout: 0, appium:viewportRect: {height: 2356, left: 0, top: 104, width: 1080}, appium:warnings: {}, appium:webStorageEnabled: false, platformName: ANDROID}
Session ID: 4b20c423-715d-40e4-95d3-dad1610b64c6
	at java.base/jdk.internal.reflect.NativeConstructorAccessorImpl.newInstance0(Native Method)
	at java.base/jdk.internal.reflect.NativeConstructorAccessorImpl.newInstance(NativeConstructorAccessorImpl.java:77)
	at java.base/jdk.internal.reflect.DelegatingConstructorAccessorImpl.newInstance(DelegatingConstructorAccessorImpl.java:45)
	at org.openqa.selenium.remote.ErrorCodec.decode(ErrorCodec.java:167)
	at org.openqa.selenium.remote.codec.w3c.W3CHttpResponseCodec.decode(W3CHttpResponseCodec.java:138)
	at org.openqa.selenium.remote.codec.w3c.W3CHttpResponseCodec.decode(W3CHttpResponseCodec.java:50)
	at org.openqa.selenium.remote.HttpCommandExecutor.execute(HttpCommandExecutor.java:190)
	at io.appium.java_client.remote.AppiumCommandExecutor.execute(AppiumCommandExecutor.java:237)
	at org.openqa.selenium.remote.RemoteWebDriver.execute(RemoteWebDriver.java:518)
	at org.openqa.selenium.remote.ElementLocation$ElementFinder$2.findElement(ElementLocation.java:165)
	at org.openqa.selenium.remote.ElementLocation.findElement(ElementLocation.java:66)
	at org.openqa.selenium.remote.RemoteWebDriver.findElement(RemoteWebDriver.java:355)
	at org.openqa.selenium.remote.RemoteWebDriver.findElement(RemoteWebDriver.java:349)
	at org.openqa.selenium.WebDriver$findElement$0.call(Unknown Source)
	at com.kms.katalon.core.mobile.keyword.builtin.ScrollToTextKeyword$_scrollToText_closure1.doCall(ScrollToTextKeyword.groovy:59)
	at com.kms.katalon.core.mobile.keyword.builtin.ScrollToTextKeyword$_scrollToText_closure1.doCall(ScrollToTextKeyword.groovy)
	at java.base/jdk.internal.reflect.NativeMethodAccessorImpl.invoke0(Native Method)
	at java.base/jdk.internal.reflect.NativeMethodAccessorImpl.invoke(NativeMethodAccessorImpl.java:77)
	at java.base/jdk.internal.reflect.DelegatingMethodAccessorImpl.invoke(DelegatingMethodAccessorImpl.java:43)
	at com.kms.katalon.core.mobile.keyword.internal.MobileKeywordMain.runKeyword(MobileKeywordMain.groovy:30)
	... 21 more]]></system-err>
   </testsuite>
</testsuites>
