<?xml version="1.0" encoding="UTF-8"?>
<testsuites name="Android Regression" time="4306.62" tests="24" failures="6" errors="0">
   <testsuite name="Android Regression" tests="24" failures="6" errors="0" time="4306.62" skipped="0" timestamp="24-04-2025T10:54:19" hostname="**********" id="Test Suites/Android Regression">
      <properties>
         <property name="deviceName" value="Xiaomi 23076PC4BI (Android 15)"/>
         <property name="devicePlatform" value="Android"/>
         <property name="logFolder" value="/Users/gv.vignesh/Downloads/WGR-Android-Automation/Reports/20250424_105415/Android Regression/20250424_105415"/>
         <property name="logFiles" value="/Users/gv.vignesh/Downloads/WGR-Android-Automation/Reports/20250424_105415/Android Regression/20250424_105415/execution0.log, /Users/gv.vignesh/Downloads/WGR-Android-Automation/Reports/20250424_105415/Android Regression/20250424_105415/appium_error.log, /Users/gv.vignesh/Downloads/WGR-Android-Automation/Reports/20250424_105415/Android Regression/20250424_105415/appium.log"/>
         <property name="attachments" value="/Users/gv.vignesh/Downloads/WGR-Android-Automation/Reports/20250424_105415/Android Regression/20250424_105415/1745472885222.png, /Users/gv.vignesh/Downloads/WGR-Android-Automation/Reports/20250424_105415/Android Regression/20250424_105415/1745472991929.png, /Users/gv.vignesh/Downloads/WGR-Android-Automation/Reports/20250424_105415/Android Regression/20250424_105415/1745473025230.png, /Users/gv.vignesh/Downloads/WGR-Android-Automation/Reports/20250424_105415/Android Regression/20250424_105415/1745473036262.png, /var/folders/31/bxrgywy908s0_m3f2mfxp_cc0000gn/T/screenshot7822840804442700393.png, /Users/gv.vignesh/Downloads/WGR-Android-Automation/Reports/20250424_105415/Android Regression/20250424_105415/1745475400123.png, /Users/gv.vignesh/Downloads/WGR-Android-Automation/Reports/20250424_105415/Android Regression/20250424_105415/1745475401647.png, /Users/gv.vignesh/Downloads/WGR-Android-Automation/Reports/20250424_105415/Android Regression/20250424_105415/1745475470268.png, /Users/gv.vignesh/Downloads/WGR-Android-Automation/Reports/20250424_105415/Android Regression/20250424_105415/1745475472980.png, /Users/gv.vignesh/Downloads/WGR-Android-Automation/Reports/20250424_105415/Android Regression/20250424_105415/1745475647784.png, /Users/gv.vignesh/Downloads/WGR-Android-Automation/Reports/20250424_105415/Android Regression/20250424_105415/1745475649359.png, /Users/gv.vignesh/Downloads/WGR-Android-Automation/Reports/20250424_105415/Android Regression/20250424_105415/FAILURE_Object Repository_Repo_MyStay_android.widget.TextView - You dont have any upcoming stays associated with your profile_1745475650381.png, /Users/gv.vignesh/Downloads/WGR-Android-Automation/Reports/20250424_105415/Android Regression/20250424_105415/1745475678251.png, /Users/gv.vignesh/Downloads/WGR-Android-Automation/Reports/20250424_105415/Android Regression/20250424_105415/1745475679300.png, /Users/gv.vignesh/Downloads/WGR-Android-Automation/Reports/20250424_105415/Android Regression/20250424_105415/FAILURE_Object Repository_Repo_MyStay_android.widget.Button - Current (1)_1745475680336.png, /Users/gv.vignesh/Downloads/WGR-Android-Automation/Reports/20250424_105415/Android Regression/20250424_105415/1745475694462.png, /Users/gv.vignesh/Downloads/WGR-Android-Automation/Reports/20250424_105415/Android Regression/20250424_105415/1745475695494.png, /Users/gv.vignesh/Downloads/WGR-Android-Automation/Reports/20250424_105415/Android Regression/20250424_105415/FAILURE_Object Repository_Repo_MyStay_android.widget.Button - Past Stays (1)_1745475696524.png, /Users/gv.vignesh/Downloads/WGR-Android-Automation/Reports/20250424_105415/Android Regression/20250424_105415/1745476107897.png, /Users/gv.vignesh/Downloads/WGR-Android-Automation/Reports/20250424_105415/Android Regression/20250424_105415/1745476109447.png, /Users/gv.vignesh/Downloads/WGR-Android-Automation/Reports/20250424_105415/Android Regression/20250424_105415/1745476179752.png, /Users/gv.vignesh/Downloads/WGR-Android-Automation/Reports/20250424_105415/Android Regression/20250424_105415/1745476182460.png, /Users/gv.vignesh/Downloads/WGR-Android-Automation/Reports/20250424_105415/Android Regression/20250424_105415/1745476224147.png, /Users/gv.vignesh/Downloads/WGR-Android-Automation/Reports/20250424_105415/Android Regression/20250424_105415/1745476561656.png, /Users/gv.vignesh/Downloads/WGR-Android-Automation/Reports/20250424_105415/Android Regression/20250424_105415/1745476564563.png"/>
         <property name="hostName" value="**********"/>
         <property name="os" value="Mac OS X 64bit"/>
         <property name="appiumServerStatus" value="{&quot;value&quot;:{&quot;ready&quot;:true,&quot;message&quot;:&quot;The server is ready to accept new connections&quot;,&quot;build&quot;:{&quot;version&quot;:&quot;2.17.1&quot;,&quot;git-sha&quot;:&quot;9b1efcd944408db0bd85f82fe4724ccae04a812f&quot;,&quot;built&quot;:&quot;2025-03-31 08:55:01 +0000&quot;}}}"/>
         <property name="katalonVersion" value="10.1.1.0"/>
         <property name="deviceOS" value="Android"/>
         <property name="appiumVersion" value="2.17.1"/>
         <property name="deviceModel" value="23076PC4BI"/>
         <property name="hostAddress" value="**********"/>
         <property name="deviceManufacturer" value="Xiaomi"/>
         <property name="deviceId" value="a6e538dc5180"/>
         <property name="deviceName" value="Xiaomi 23076PC4BI (Android 15)"/>
         <property name="deviceOSVersion" value="15"/>
      </properties>
      <testcase name="Test Cases/App Installation And Launching/C657_C658_AppInstallationAndLaunching" time="59.012" classname="Test Cases/App Installation And Launching/C657_C658_AppInstallationAndLaunching" status="PASSED">
         <system-out><![CDATA[24-04-2025T10:54:20 - [TEST_CASE][PASSED] - Test Cases/App Installation And Launching/C657_C658_AppInstallationAndLaunching: Test Cases/App Installation And Launching/C657_C658_AppInstallationAndLaunching

24-04-2025T10:54:20 - [TEST_STEP][PASSED] - startApplication(appUrl, true): Started application: '/Users/gv.vignesh/Downloads/WGR-Android-Automation/App Folder/app-debug-Version 2.99.68.apk'

24-04-2025T10:54:20 - [MESSAGE][INFO] - Starting application: '/Users/gv.vignesh/Downloads/WGR-Android-Automation/App Folder/app-debug-Version 2.99.68.apk'

24-04-2025T10:54:20 - [MESSAGE][INFO] - User set preference: ['uiautomator2ServerInstallTimeout', '0']

24-04-2025T10:54:20 - [MESSAGE][INFO] - User set preference: ['deviceId', '']

24-04-2025T10:54:20 - [MESSAGE][INFO] - Detected NodeJS location: "/opt/homebrew/Cellar/node/23.10.0_1/bin/node"

24-04-2025T10:54:20 - [MESSAGE][INFO] - PATH: /opt/homebrew/Cellar/node/23.10.0_1/bin:/opt/homebrew/bin:/usr/bin:/bin:/usr/sbin:/sbin:/Applications/Katalon Studio Enterprise.app/Contents/Eclipse/jre/Contents/Home/bin:/usr/local/bin/

24-04-2025T10:54:20 - [MESSAGE][INFO] - APPIUM_HOME: /Users/gv.vignesh/.appium

24-04-2025T10:54:20 - [MESSAGE][INFO] - appium outlog: /Users/gv.vignesh/Downloads/WGR-Android-Automation/Reports/20250424_105415/Android Regression/20250424_105415/appium.log

24-04-2025T10:54:20 - [MESSAGE][INFO] - appium errlog: /Users/gv.vignesh/Downloads/WGR-Android-Automation/Reports/20250424_105415/Android Regression/20250424_105415/appium_error.log

24-04-2025T10:54:21 - [MESSAGE][INFO] - Appium server started on port 59,025

24-04-2025T10:54:41 - [MESSAGE][PASSED] - Started application: '/Users/gv.vignesh/Downloads/WGR-Android-Automation/App Folder/app-debug-Version 2.99.68.apk'

24-04-2025T10:54:41 - [TEST_STEP][PASSED] - delay(10): Delayed 10 second(s)

24-04-2025T10:54:51 - [MESSAGE][PASSED] - Delayed 10 second(s)

24-04-2025T10:54:51 - [TEST_STEP][PASSED] - assert verifyElementExist(findTestObject("Object Repository/Repo/android.widget.TextView - Youre Moments Away FromCustomized Vacation Experiences"), 0): Element 'Object Repository/Repo/android.widget.TextView - Youre Moments Away FromCustomized Vacation Experiences' is exist

24-04-2025T10:54:51 - [MESSAGE][WARNING] - Timeout '0' is invalid. Using default page load timeout: '30'

24-04-2025T10:54:52 - [MESSAGE][PASSED] - Element 'Object Repository/Repo/android.widget.TextView - Youre Moments Away FromCustomized Vacation Experiences' is exist

24-04-2025T10:54:52 - [TEST_STEP][PASSED] - delay(3): Delayed 3 second(s)

24-04-2025T10:54:55 - [MESSAGE][PASSED] - Delayed 3 second(s)

24-04-2025T10:54:55 - [TEST_STEP][PASSED] - text = getText(findTestObject("Object Repository/Repo/android.widget.TextView - Youre Moments Away FromCustomized Vacation Experiences"), 0): Text of element 'Object Repository/Repo/android.widget.TextView - Youre Moments Away FromCustomized Vacation Experiences' is: 'You’re Moments Away From
Customized Vacation Experiences.'

24-04-2025T10:54:55 - [MESSAGE][WARNING] - Timeout '0' is invalid. Using default page load timeout: '30'

24-04-2025T10:54:55 - [MESSAGE][PASSED] - Text of element 'Object Repository/Repo/android.widget.TextView - Youre Moments Away FromCustomized Vacation Experiences' is: 'You’re Moments Away From
Customized Vacation Experiences.'

24-04-2025T10:54:55 - [TEST_STEP][PASSED] - println("Text: " + text): null

24-04-2025T10:54:55 - [TEST_STEP][PASSED] - delay(3): Delayed 3 second(s)

24-04-2025T10:54:58 - [MESSAGE][PASSED] - Delayed 3 second(s)

24-04-2025T10:54:58 - [TEST_STEP][PASSED] - assert verifyElementExist(findTestObject("Object Repository/Repo/android.widget.Button - Login or Sign Up"), 0): Element 'Object Repository/Repo/android.widget.Button - Login or Sign Up' is exist

24-04-2025T10:54:58 - [MESSAGE][WARNING] - Timeout '0' is invalid. Using default page load timeout: '30'

24-04-2025T10:54:58 - [MESSAGE][PASSED] - Element 'Object Repository/Repo/android.widget.Button - Login or Sign Up' is exist

24-04-2025T10:54:58 - [TEST_STEP][PASSED] - delay(3): Delayed 3 second(s)

24-04-2025T10:55:01 - [MESSAGE][PASSED] - Delayed 3 second(s)

24-04-2025T10:55:01 - [TEST_STEP][PASSED] - assert verifyElementExist(findTestObject("Object Repository/Repo/android.view.View - Home"), 0): Element 'Object Repository/Repo/android.view.View - Home' is exist

24-04-2025T10:55:01 - [MESSAGE][WARNING] - Timeout '0' is invalid. Using default page load timeout: '30'

24-04-2025T10:55:02 - [MESSAGE][PASSED] - Element 'Object Repository/Repo/android.view.View - Home' is exist

24-04-2025T10:55:02 - [TEST_STEP][PASSED] - delay(3): Delayed 3 second(s)

24-04-2025T10:55:05 - [MESSAGE][PASSED] - Delayed 3 second(s)

24-04-2025T10:55:05 - [TEST_STEP][PASSED] - assert verifyElementExist(findTestObject("Object Repository/Repo/android.view.View - My Account"), 0): Element 'Object Repository/Repo/android.view.View - My Account' is exist

24-04-2025T10:55:05 - [MESSAGE][WARNING] - Timeout '0' is invalid. Using default page load timeout: '30'

24-04-2025T10:55:06 - [MESSAGE][PASSED] - Element 'Object Repository/Repo/android.view.View - My Account' is exist

24-04-2025T10:55:06 - [TEST_STEP][PASSED] - delay(3): Delayed 3 second(s)

24-04-2025T10:55:09 - [MESSAGE][PASSED] - Delayed 3 second(s)

24-04-2025T10:55:09 - [TEST_STEP][PASSED] - tap(findTestObject("Object Repository/Repo/android.widget.TextView - Vacation More. Get More"), 0): Tapped on element 'Object Repository/Repo/android.widget.TextView - Vacation More. Get More'

24-04-2025T10:55:09 - [MESSAGE][WARNING] - Timeout '0' is invalid. Using default page load timeout: '30'

24-04-2025T10:55:09 - [MESSAGE][PASSED] - Tapped on element 'Object Repository/Repo/android.widget.TextView - Vacation More. Get More'

24-04-2025T10:55:09 - [TEST_STEP][PASSED] - delay(3): Delayed 3 second(s)

24-04-2025T10:55:12 - [MESSAGE][PASSED] - Delayed 3 second(s)

24-04-2025T10:55:12 - [TEST_STEP][PASSED] - assert verifyElementVisible(findTestObject("Object Repository/Repo/android.widget.TextView - Vacation More. Get More"), 0): Element 'Object Repository/Repo/android.widget.TextView - Vacation More. Get More' is visible

24-04-2025T10:55:12 - [MESSAGE][WARNING] - Timeout '0' is invalid. Using default page load timeout: '30'

24-04-2025T10:55:12 - [MESSAGE][PASSED] - Element 'Object Repository/Repo/android.widget.TextView - Vacation More. Get More' is visible

24-04-2025T10:55:12 - [TEST_STEP][PASSED] - delay(3): Delayed 3 second(s)

24-04-2025T10:55:15 - [MESSAGE][PASSED] - Delayed 3 second(s)

24-04-2025T10:55:15 - [TEST_STEP][PASSED] - assert verifyElementVisible(findTestObject("Object Repository/Repo/android.widget.TextView - Explore Westgate Loyalty"), 0): Element 'Object Repository/Repo/android.widget.TextView - Explore Westgate Loyalty' is visible

24-04-2025T10:55:15 - [MESSAGE][WARNING] - Timeout '0' is invalid. Using default page load timeout: '30'

24-04-2025T10:55:15 - [MESSAGE][PASSED] - Element 'Object Repository/Repo/android.widget.TextView - Explore Westgate Loyalty' is visible

24-04-2025T10:55:15 - [TEST_STEP][PASSED] - closeApplication(): Close app successfully

24-04-2025T10:55:19 - [MESSAGE][PASSED] - Close app successfully]]></system-out>
         <system-err><![CDATA[]]></system-err>
      </testcase>
      <testcase name="Test Cases/Guest User Mode/C738_C666_C719_GuestUserMode_BottomNavBar_SettingsMenu_AppVersion" time="96.021" classname="Test Cases/Guest User Mode/C738_C666_C719_GuestUserMode_BottomNavBar_SettingsMenu_AppVersion" status="PASSED">
         <system-out><![CDATA[24-04-2025T10:55:19 - [TEST_CASE][PASSED] - Test Cases/Guest User Mode/C738_C666_C719_GuestUserMode_BottomNavBar_SettingsMenu_AppVersion: Test Cases/Guest User Mode/C738_C666_C719_GuestUserMode_BottomNavBar_SettingsMenu_AppVersion

24-04-2025T10:55:19 - [TEST_STEP][PASSED] - startApplication(appUrl, true): Started application: '/Users/gv.vignesh/Downloads/WGR-Android-Automation/App Folder/app-debug-Version 2.99.68.apk'

24-04-2025T10:55:19 - [MESSAGE][INFO] - Starting application: '/Users/gv.vignesh/Downloads/WGR-Android-Automation/App Folder/app-debug-Version 2.99.68.apk'

24-04-2025T10:55:19 - [MESSAGE][INFO] - User set preference: ['uiautomator2ServerInstallTimeout', '0']

24-04-2025T10:55:19 - [MESSAGE][INFO] - User set preference: ['deviceId', '']

24-04-2025T10:55:19 - [MESSAGE][INFO] - Detected NodeJS location: "/opt/homebrew/Cellar/node/23.10.0_1/bin/node"

24-04-2025T10:55:19 - [MESSAGE][INFO] - PATH: /opt/homebrew/Cellar/node/23.10.0_1/bin:/opt/homebrew/bin:/usr/bin:/bin:/usr/sbin:/sbin:/Applications/Katalon Studio Enterprise.app/Contents/Eclipse/jre/Contents/Home/bin:/usr/local/bin/

24-04-2025T10:55:19 - [MESSAGE][INFO] - APPIUM_HOME: /Users/gv.vignesh/.appium

24-04-2025T10:55:19 - [MESSAGE][INFO] - appium outlog: /Users/gv.vignesh/Downloads/WGR-Android-Automation/Reports/20250424_105415/Android Regression/20250424_105415/appium.log

24-04-2025T10:55:19 - [MESSAGE][INFO] - appium errlog: /Users/gv.vignesh/Downloads/WGR-Android-Automation/Reports/20250424_105415/Android Regression/20250424_105415/appium_error.log

24-04-2025T10:55:19 - [MESSAGE][INFO] - Appium server started on port 59,216

24-04-2025T10:55:36 - [MESSAGE][PASSED] - Started application: '/Users/gv.vignesh/Downloads/WGR-Android-Automation/App Folder/app-debug-Version 2.99.68.apk'

24-04-2025T10:55:36 - [TEST_STEP][PASSED] - delay(10): Delayed 10 second(s)

24-04-2025T10:55:46 - [MESSAGE][PASSED] - Delayed 10 second(s)

24-04-2025T10:55:46 - [TEST_STEP][PASSED] - tap(findTestObject("Object Repository/Repo/android.widget.TextView - Continue as a Guest"), 0): Tapped on element 'Object Repository/Repo/android.widget.TextView - Continue as a Guest'

24-04-2025T10:55:46 - [MESSAGE][WARNING] - Timeout '0' is invalid. Using default page load timeout: '30'

24-04-2025T10:55:47 - [MESSAGE][PASSED] - Tapped on element 'Object Repository/Repo/android.widget.TextView - Continue as a Guest'

24-04-2025T10:55:47 - [TEST_STEP][PASSED] - delay(10): Delayed 10 second(s)

24-04-2025T10:55:57 - [MESSAGE][PASSED] - Delayed 10 second(s)

24-04-2025T10:55:57 - [TEST_STEP][PASSED] - tap(findTestObject("Object Repository/Repo/android.widget.Button - menu"), 0): Tapped on element 'Object Repository/Repo/android.widget.Button - menu'

24-04-2025T10:55:57 - [MESSAGE][WARNING] - Timeout '0' is invalid. Using default page load timeout: '30'

24-04-2025T10:55:58 - [MESSAGE][PASSED] - Tapped on element 'Object Repository/Repo/android.widget.Button - menu'

24-04-2025T10:55:58 - [TEST_STEP][PASSED] - delay(20): Delayed 20 second(s)

24-04-2025T10:56:18 - [MESSAGE][PASSED] - Delayed 20 second(s)

24-04-2025T10:56:18 - [TEST_STEP][PASSED] - tap(findTestObject("Object Repository/Repo/android.widget.TabWidget-Settings"), 0): Tapped on element 'Object Repository/Repo/android.widget.TabWidget-Settings'

24-04-2025T10:56:18 - [MESSAGE][WARNING] - Timeout '0' is invalid. Using default page load timeout: '30'

24-04-2025T10:56:19 - [MESSAGE][PASSED] - Tapped on element 'Object Repository/Repo/android.widget.TabWidget-Settings'

24-04-2025T10:56:19 - [TEST_STEP][PASSED] - delay(10): Delayed 10 second(s)

24-04-2025T10:56:29 - [MESSAGE][PASSED] - Delayed 10 second(s)

24-04-2025T10:56:29 - [TEST_STEP][PASSED] - actualVersionText = getText(findTestObject("Object Repository/testing/android.widget.Button - Version 2.99.68"), 0): Text of element 'Object Repository/testing/android.widget.Button - Version 2.99.68' is: 'Version 2.99.68'

24-04-2025T10:56:29 - [MESSAGE][WARNING] - Timeout '0' is invalid. Using default page load timeout: '30'

24-04-2025T10:56:29 - [MESSAGE][PASSED] - Text of element 'Object Repository/testing/android.widget.Button - Version 2.99.68' is: 'Version 2.99.68'

24-04-2025T10:56:29 - [TEST_STEP][PASSED] - expectedVersionText = "Version 2.99.68": null

24-04-2025T10:56:29 - [TEST_STEP][PASSED] - assert actualVersionText == expectedVersionText: null

24-04-2025T10:56:29 - [TEST_STEP][PASSED] - println(Version verification successful: $actualVersionText): null

24-04-2025T10:56:29 - [TEST_STEP][PASSED] - tap(findTestObject("Object Repository/Repo/android.widget.Button - menu"), 0): Tapped on element 'Object Repository/Repo/android.widget.Button - menu'

24-04-2025T10:56:29 - [MESSAGE][WARNING] - Timeout '0' is invalid. Using default page load timeout: '30'

24-04-2025T10:56:29 - [MESSAGE][PASSED] - Tapped on element 'Object Repository/Repo/android.widget.Button - menu'

24-04-2025T10:56:29 - [TEST_STEP][PASSED] - delay(10): Delayed 10 second(s)

24-04-2025T10:56:39 - [MESSAGE][PASSED] - Delayed 10 second(s)

24-04-2025T10:56:39 - [TEST_STEP][PASSED] - homeElementExists = verifyElementExist(findTestObject("Object Repository/Repo/android.view.View - Home"), 0): Element 'Object Repository/Repo/android.view.View - Home' is exist

24-04-2025T10:56:40 - [MESSAGE][WARNING] - Timeout '0' is invalid. Using default page load timeout: '30'

24-04-2025T10:56:40 - [MESSAGE][PASSED] - Element 'Object Repository/Repo/android.view.View - Home' is exist

24-04-2025T10:56:40 - [TEST_STEP][PASSED] - assert homeElementExists : "Element 'Home' does not exist.": null

24-04-2025T10:56:40 - [TEST_STEP][PASSED] - homeText = getText(findTestObject("Object Repository/Repo/android.view.View - Home"), 0): Text of element 'Object Repository/Repo/android.view.View - Home' is: 'Home'

24-04-2025T10:56:40 - [MESSAGE][WARNING] - Timeout '0' is invalid. Using default page load timeout: '30'

24-04-2025T10:56:40 - [MESSAGE][PASSED] - Text of element 'Object Repository/Repo/android.view.View - Home' is: 'Home'

24-04-2025T10:56:40 - [TEST_STEP][PASSED] - assert homeText == "Home": null

24-04-2025T10:56:40 - [TEST_STEP][PASSED] - println("Home screen verification successful."): null

24-04-2025T10:56:40 - [TEST_STEP][PASSED] - tap(findTestObject("Object Repository/Repo/android.view.View - My Account"), 0): Tapped on element 'Object Repository/Repo/android.view.View - My Account'

24-04-2025T10:56:40 - [MESSAGE][WARNING] - Timeout '0' is invalid. Using default page load timeout: '30'

24-04-2025T10:56:41 - [MESSAGE][PASSED] - Tapped on element 'Object Repository/Repo/android.view.View - My Account'

24-04-2025T10:56:41 - [TEST_STEP][PASSED] - delay(10): Delayed 10 second(s)

24-04-2025T10:56:51 - [MESSAGE][PASSED] - Delayed 10 second(s)

24-04-2025T10:56:51 - [TEST_STEP][PASSED] - myAccountElementExists = verifyElementExist(findTestObject("Object Repository/Repo/android.view.View - My Account"), 0): Element 'Object Repository/Repo/android.view.View - My Account' is exist

24-04-2025T10:56:51 - [MESSAGE][WARNING] - Timeout '0' is invalid. Using default page load timeout: '30'

24-04-2025T10:56:51 - [MESSAGE][PASSED] - Element 'Object Repository/Repo/android.view.View - My Account' is exist

24-04-2025T10:56:51 - [TEST_STEP][PASSED] - assert myAccountElementExists : "Element 'My Account' does not exist.": null

24-04-2025T10:56:51 - [TEST_STEP][PASSED] - myAccountText = getText(findTestObject("Object Repository/Repo/android.view.View - My Account"), 0): Text of element 'Object Repository/Repo/android.view.View - My Account' is: 'My Account'

24-04-2025T10:56:51 - [MESSAGE][WARNING] - Timeout '0' is invalid. Using default page load timeout: '30'

24-04-2025T10:56:51 - [MESSAGE][PASSED] - Text of element 'Object Repository/Repo/android.view.View - My Account' is: 'My Account'

24-04-2025T10:56:51 - [TEST_STEP][PASSED] - assert myAccountText == "My Account": null

24-04-2025T10:56:51 - [TEST_STEP][PASSED] - println("My Account screen verification successful."): null

24-04-2025T10:56:51 - [TEST_STEP][PASSED] - println("All test verifications completed successfully!"): null

24-04-2025T10:56:51 - [TEST_STEP][PASSED] - closeApplication(): Close app successfully

24-04-2025T10:56:55 - [MESSAGE][PASSED] - Close app successfully

24-04-2025T10:56:55 - [TEST_STEP][PASSED] - closeBrowser(): Browser is closed

24-04-2025T10:56:55 - [MESSAGE][PASSED] - Browser is closed]]></system-out>
         <system-err><![CDATA[]]></system-err>
      </testcase>
      <testcase name="Test Cases/Guest User Mode/C667_C668_GuestUserMode_TermsAndConditions_PrivacyPolicy" time="131.496" classname="Test Cases/Guest User Mode/C667_C668_GuestUserMode_TermsAndConditions_PrivacyPolicy" status="PASSED">
         <system-out><![CDATA[24-04-2025T10:56:55 - [TEST_CASE][PASSED] - Test Cases/Guest User Mode/C667_C668_GuestUserMode_TermsAndConditions_PrivacyPolicy: Test Cases/Guest User Mode/C667_C668_GuestUserMode_TermsAndConditions_PrivacyPolicy

24-04-2025T10:56:55 - [TEST_STEP][PASSED] - startApplication(appUrl, true): Started application: '/Users/gv.vignesh/Downloads/WGR-Android-Automation/App Folder/app-debug-Version 2.99.68.apk'

24-04-2025T10:56:55 - [MESSAGE][INFO] - Starting application: '/Users/gv.vignesh/Downloads/WGR-Android-Automation/App Folder/app-debug-Version 2.99.68.apk'

24-04-2025T10:56:55 - [MESSAGE][INFO] - User set preference: ['uiautomator2ServerInstallTimeout', '0']

24-04-2025T10:56:55 - [MESSAGE][INFO] - User set preference: ['deviceId', '']

24-04-2025T10:56:55 - [MESSAGE][INFO] - Detected NodeJS location: "/opt/homebrew/Cellar/node/23.10.0_1/bin/node"

24-04-2025T10:56:55 - [MESSAGE][INFO] - PATH: /opt/homebrew/Cellar/node/23.10.0_1/bin:/opt/homebrew/bin:/usr/bin:/bin:/usr/sbin:/sbin:/Applications/Katalon Studio Enterprise.app/Contents/Eclipse/jre/Contents/Home/bin:/usr/local/bin/

24-04-2025T10:56:55 - [MESSAGE][INFO] - APPIUM_HOME: /Users/gv.vignesh/.appium

24-04-2025T10:56:55 - [MESSAGE][INFO] - appium outlog: /Users/gv.vignesh/Downloads/WGR-Android-Automation/Reports/20250424_105415/Android Regression/20250424_105415/appium.log

24-04-2025T10:56:55 - [MESSAGE][INFO] - appium errlog: /Users/gv.vignesh/Downloads/WGR-Android-Automation/Reports/20250424_105415/Android Regression/20250424_105415/appium_error.log

24-04-2025T10:56:55 - [MESSAGE][INFO] - Appium server started on port 59,405

24-04-2025T10:57:10 - [MESSAGE][PASSED] - Started application: '/Users/gv.vignesh/Downloads/WGR-Android-Automation/App Folder/app-debug-Version 2.99.68.apk'

24-04-2025T10:57:10 - [TEST_STEP][PASSED] - delay(10): Delayed 10 second(s)

24-04-2025T10:57:20 - [MESSAGE][PASSED] - Delayed 10 second(s)

24-04-2025T10:57:20 - [TEST_STEP][PASSED] - tap(findTestObject("Object Repository/Repo/android.widget.TextView - Continue as a Guest"), 0): Tapped on element 'Object Repository/Repo/android.widget.TextView - Continue as a Guest'

24-04-2025T10:57:20 - [MESSAGE][WARNING] - Timeout '0' is invalid. Using default page load timeout: '30'

24-04-2025T10:57:22 - [MESSAGE][PASSED] - Tapped on element 'Object Repository/Repo/android.widget.TextView - Continue as a Guest'

24-04-2025T10:57:22 - [TEST_STEP][PASSED] - delay(10): Delayed 10 second(s)

24-04-2025T10:57:32 - [MESSAGE][PASSED] - Delayed 10 second(s)

24-04-2025T10:57:32 - [TEST_STEP][PASSED] - tap(findTestObject("Object Repository/Repo/android.widget.Button - menu"), 0): Tapped on element 'Object Repository/Repo/android.widget.Button - menu'

24-04-2025T10:57:32 - [MESSAGE][WARNING] - Timeout '0' is invalid. Using default page load timeout: '30'

24-04-2025T10:57:32 - [MESSAGE][PASSED] - Tapped on element 'Object Repository/Repo/android.widget.Button - menu'

24-04-2025T10:57:32 - [TEST_STEP][PASSED] - delay(30): Delayed 30 second(s)

24-04-2025T10:58:02 - [MESSAGE][PASSED] - Delayed 30 second(s)

24-04-2025T10:58:02 - [TEST_STEP][PASSED] - tap(findTestObject("Object Repository/Repo/android.widget.TextView - Terms and Conditions-Menu"), 0): Tapped on element 'Object Repository/Repo/android.widget.TextView - Terms and Conditions-Menu'

24-04-2025T10:58:02 - [MESSAGE][WARNING] - Timeout '0' is invalid. Using default page load timeout: '30'

24-04-2025T10:58:03 - [MESSAGE][PASSED] - Tapped on element 'Object Repository/Repo/android.widget.TextView - Terms and Conditions-Menu'

24-04-2025T10:58:03 - [TEST_STEP][PASSED] - delay(10): Delayed 10 second(s)

24-04-2025T10:58:13 - [MESSAGE][PASSED] - Delayed 10 second(s)

24-04-2025T10:58:13 - [TEST_STEP][PASSED] - if (waitForElementPresent(findTestObject("Object Repository/Repo/android.view.View-Terms and conditions web"), 30, STOP_ON_FAILURE)): null

24-04-2025T10:58:14 - [MESSAGE][PASSED] - Element 'Object Repository/Repo/android.view.View-Terms and conditions web' is present

24-04-2025T10:58:14 - [TEST_STEP][PASSED] - println("Element 'android.view.View - Terms & Conditions-Webview' exists."): null

24-04-2025T10:58:14 - [TEST_STEP][PASSED] - delay(10): Delayed 10 second(s)

24-04-2025T10:58:24 - [MESSAGE][PASSED] - Delayed 10 second(s)

24-04-2025T10:58:24 - [TEST_STEP][PASSED] - tap(findTestObject("Object Repository/Repo/android.widget.ImageButton-Cancel web"), 0): Tapped on element 'Object Repository/Repo/android.widget.ImageButton-Cancel web'

24-04-2025T10:58:24 - [MESSAGE][WARNING] - Timeout '0' is invalid. Using default page load timeout: '30'

24-04-2025T10:58:25 - [MESSAGE][PASSED] - Tapped on element 'Object Repository/Repo/android.widget.ImageButton-Cancel web'

24-04-2025T10:58:25 - [TEST_STEP][PASSED] - delay(15): Delayed 15 second(s)

24-04-2025T10:58:40 - [MESSAGE][PASSED] - Delayed 15 second(s)

24-04-2025T10:58:40 - [TEST_STEP][PASSED] - tap(findTestObject("Object Repository/Repo/android.widget.Button - menu"), 0): Tapped on element 'Object Repository/Repo/android.widget.Button - menu'

24-04-2025T10:58:40 - [MESSAGE][WARNING] - Timeout '0' is invalid. Using default page load timeout: '30'

24-04-2025T10:58:40 - [MESSAGE][PASSED] - Tapped on element 'Object Repository/Repo/android.widget.Button - menu'

24-04-2025T10:58:40 - [TEST_STEP][PASSED] - delay(15): Delayed 15 second(s)

24-04-2025T10:58:55 - [MESSAGE][PASSED] - Delayed 15 second(s)

24-04-2025T10:58:55 - [TEST_STEP][PASSED] - tap(findTestObject("Object Repository/Repo/android.widget.TextView - Privacy Policy-Menu"), 0): Tapped on element 'Object Repository/Repo/android.widget.TextView - Privacy Policy-Menu'

24-04-2025T10:58:55 - [MESSAGE][WARNING] - Timeout '0' is invalid. Using default page load timeout: '30'

24-04-2025T10:58:56 - [MESSAGE][PASSED] - Tapped on element 'Object Repository/Repo/android.widget.TextView - Privacy Policy-Menu'

24-04-2025T10:58:56 - [TEST_STEP][PASSED] - if (waitForElementPresent(findTestObject("Object Repository/Repo/android.widget.TextView - Privacy Policy-web"), 30, STOP_ON_FAILURE)): null

24-04-2025T10:59:02 - [MESSAGE][PASSED] - Element 'Object Repository/Repo/android.widget.TextView - Privacy Policy-web' is present

24-04-2025T10:59:02 - [TEST_STEP][PASSED] - println("Element 'android.widget.TextView - Privacy Policy-web' exists."): null

24-04-2025T10:59:02 - [TEST_STEP][PASSED] - closeApplication(): Close app successfully

24-04-2025T10:59:06 - [MESSAGE][PASSED] - Close app successfully

24-04-2025T10:59:06 - [TEST_STEP][PASSED] - closeBrowser(): Browser is closed

24-04-2025T10:59:06 - [MESSAGE][PASSED] - Browser is closed]]></system-out>
         <system-err><![CDATA[]]></system-err>
      </testcase>
      <testcase name="Test Cases/Guest User Mode/C764_C739_C793_GuestUserMode_OAM_BottomNavBar_ThingsToDo" time="218.115" classname="Test Cases/Guest User Mode/C764_C739_C793_GuestUserMode_OAM_BottomNavBar_ThingsToDo" status="PASSED">
         <system-out><![CDATA[24-04-2025T10:59:06 - [TEST_CASE][PASSED] - Test Cases/Guest User Mode/C764_C739_C793_GuestUserMode_OAM_BottomNavBar_ThingsToDo: Test Cases/Guest User Mode/C764_C739_C793_GuestUserMode_OAM_BottomNavBar_ThingsToDo

24-04-2025T10:59:06 - [TEST_STEP][PASSED] - startApplication(appUrl, true): Started application: '/Users/gv.vignesh/Downloads/WGR-Android-Automation/App Folder/app-debug-Version 2.99.68.apk'

24-04-2025T10:59:06 - [MESSAGE][INFO] - Starting application: '/Users/gv.vignesh/Downloads/WGR-Android-Automation/App Folder/app-debug-Version 2.99.68.apk'

24-04-2025T10:59:06 - [MESSAGE][INFO] - User set preference: ['uiautomator2ServerInstallTimeout', '0']

24-04-2025T10:59:06 - [MESSAGE][INFO] - User set preference: ['deviceId', '']

24-04-2025T10:59:06 - [MESSAGE][INFO] - Detected NodeJS location: "/opt/homebrew/Cellar/node/23.10.0_1/bin/node"

24-04-2025T10:59:06 - [MESSAGE][INFO] - PATH: /opt/homebrew/Cellar/node/23.10.0_1/bin:/opt/homebrew/bin:/usr/bin:/bin:/usr/sbin:/sbin:/Applications/Katalon Studio Enterprise.app/Contents/Eclipse/jre/Contents/Home/bin:/usr/local/bin/

24-04-2025T10:59:06 - [MESSAGE][INFO] - APPIUM_HOME: /Users/gv.vignesh/.appium

24-04-2025T10:59:06 - [MESSAGE][INFO] - appium outlog: /Users/gv.vignesh/Downloads/WGR-Android-Automation/Reports/20250424_105415/Android Regression/20250424_105415/appium.log

24-04-2025T10:59:06 - [MESSAGE][INFO] - appium errlog: /Users/gv.vignesh/Downloads/WGR-Android-Automation/Reports/20250424_105415/Android Regression/20250424_105415/appium_error.log

24-04-2025T10:59:07 - [MESSAGE][INFO] - Appium server started on port 59,605

24-04-2025T10:59:24 - [MESSAGE][PASSED] - Started application: '/Users/gv.vignesh/Downloads/WGR-Android-Automation/App Folder/app-debug-Version 2.99.68.apk'

24-04-2025T10:59:24 - [TEST_STEP][PASSED] - testData = findTestData("Data Files/WRMA-107"): null

24-04-2025T10:59:24 - [TEST_STEP][PASSED] - email = testData.getValue("Email", 1): null

24-04-2025T10:59:24 - [TEST_STEP][PASSED] - password = testData.getValue("Password", 1): null

24-04-2025T10:59:24 - [TEST_STEP][PASSED] - delay(10): Delayed 10 second(s)

24-04-2025T10:59:34 - [MESSAGE][PASSED] - Delayed 10 second(s)

24-04-2025T10:59:34 - [TEST_STEP][PASSED] - verifyElementExist(findTestObject("Object Repository/Repo/android.view.View - Home"), 0): Element 'Object Repository/Repo/android.view.View - Home' is exist

24-04-2025T10:59:34 - [MESSAGE][WARNING] - Timeout '0' is invalid. Using default page load timeout: '30'

24-04-2025T10:59:34 - [MESSAGE][PASSED] - Element 'Object Repository/Repo/android.view.View - Home' is exist

24-04-2025T10:59:34 - [TEST_STEP][PASSED] - delay(5): Delayed 5 second(s)

24-04-2025T10:59:39 - [MESSAGE][PASSED] - Delayed 5 second(s)

24-04-2025T10:59:39 - [TEST_STEP][PASSED] - tap(findTestObject("Object Repository/Repo/android.view.View - Home"), 0): Tapped on element 'Object Repository/Repo/android.view.View - Home'

24-04-2025T10:59:39 - [MESSAGE][WARNING] - Timeout '0' is invalid. Using default page load timeout: '30'

24-04-2025T10:59:40 - [MESSAGE][PASSED] - Tapped on element 'Object Repository/Repo/android.view.View - Home'

24-04-2025T10:59:40 - [TEST_STEP][PASSED] - delay(10): Delayed 10 second(s)

24-04-2025T10:59:50 - [MESSAGE][PASSED] - Delayed 10 second(s)

24-04-2025T10:59:50 - [TEST_STEP][PASSED] - verifyElementExist(findTestObject("Object Repository/Repo/android.view.View - Home (1)"), 0): Element 'Object Repository/Repo/android.view.View - Home (1)' is exist

24-04-2025T10:59:50 - [MESSAGE][WARNING] - Timeout '0' is invalid. Using default page load timeout: '30'

24-04-2025T10:59:51 - [MESSAGE][PASSED] - Element 'Object Repository/Repo/android.view.View - Home (1)' is exist

24-04-2025T10:59:51 - [TEST_STEP][PASSED] - delay(5): Delayed 5 second(s)

24-04-2025T10:59:56 - [MESSAGE][PASSED] - Delayed 5 second(s)

24-04-2025T10:59:56 - [TEST_STEP][PASSED] - verifyElementExist(findTestObject("Object Repository/Repo/android.widget.TextView-Slide"), 0): Element 'Object Repository/Repo/android.widget.TextView-Slide' is exist

24-04-2025T10:59:56 - [MESSAGE][WARNING] - Timeout '0' is invalid. Using default page load timeout: '30'

24-04-2025T10:59:56 - [MESSAGE][PASSED] - Element 'Object Repository/Repo/android.widget.TextView-Slide' is exist

24-04-2025T10:59:56 - [TEST_STEP][PASSED] - startX = 1000: null

24-04-2025T10:59:56 - [TEST_STEP][PASSED] - startY = 2000: null

24-04-2025T10:59:56 - [TEST_STEP][PASSED] - endX = 200: null

24-04-2025T10:59:56 - [TEST_STEP][PASSED] - endY = 1000: null

24-04-2025T10:59:56 - [TEST_STEP][PASSED] - try: null

24-04-2025T10:59:56 - [TEST_STEP][PASSED] - swipe(startX, startY, endX, endY): Swiped from 1,000,2,000 to 200,1,000

24-04-2025T10:59:57 - [MESSAGE][PASSED] - Swiped from 1,000,2,000 to 200,1,000

24-04-2025T10:59:57 - [TEST_STEP][PASSED] - println("Swipe action successful"): null

24-04-2025T10:59:57 - [TEST_STEP][PASSED] - delay(5): Delayed 5 second(s)

24-04-2025T11:00:02 - [MESSAGE][PASSED] - Delayed 5 second(s)

24-04-2025T11:00:02 - [TEST_STEP][PASSED] - homeText = View - Home (1)"), 0).trim(): Text of element 'Object Repository/Repo/android.view.View - Home (1)' is: 'Home'

24-04-2025T11:00:02 - [MESSAGE][WARNING] - Timeout '0' is invalid. Using default page load timeout: '30'

24-04-2025T11:00:03 - [MESSAGE][PASSED] - Text of element 'Object Repository/Repo/android.view.View - Home (1)' is: 'Home'

24-04-2025T11:00:03 - [TEST_STEP][PASSED] - println("Home Text: " + homeText): null

24-04-2025T11:00:03 - [TEST_STEP][PASSED] - verifyEqual(homeText, "Home", STOP_ON_FAILURE): Actual object 'Home' and expected object 'Home' are equal

24-04-2025T11:00:03 - [MESSAGE][PASSED] - Actual object 'Home' and expected object 'Home' are equal

24-04-2025T11:00:03 - [TEST_STEP][PASSED] - delay(5): Delayed 5 second(s)

24-04-2025T11:00:08 - [MESSAGE][PASSED] - Delayed 5 second(s)

24-04-2025T11:00:08 - [TEST_STEP][PASSED] - verifyElementExist(findTestObject("Object Repository/Repo/android.view.View - My Account (1)"), 0): Element 'Object Repository/Repo/android.view.View - My Account (1)' is exist

24-04-2025T11:00:08 - [MESSAGE][WARNING] - Timeout '0' is invalid. Using default page load timeout: '30'

24-04-2025T11:00:08 - [MESSAGE][PASSED] - Element 'Object Repository/Repo/android.view.View - My Account (1)' is exist

24-04-2025T11:00:08 - [TEST_STEP][PASSED] - delay(5): Delayed 5 second(s)

24-04-2025T11:00:13 - [MESSAGE][PASSED] - Delayed 5 second(s)

24-04-2025T11:00:13 - [TEST_STEP][PASSED] - myAccountText = View - My Account (1)"), 0).trim(): Text of element 'Object Repository/Repo/android.view.View - My Account (1)' is: 'My Account'

24-04-2025T11:00:13 - [MESSAGE][WARNING] - Timeout '0' is invalid. Using default page load timeout: '30'

24-04-2025T11:00:14 - [MESSAGE][PASSED] - Text of element 'Object Repository/Repo/android.view.View - My Account (1)' is: 'My Account'

24-04-2025T11:00:14 - [TEST_STEP][PASSED] - println("My Account Text: " + myAccountText): null

24-04-2025T11:00:14 - [TEST_STEP][PASSED] - verifyEqual(myAccountText, "My Account", STOP_ON_FAILURE): Actual object 'My Account' and expected object 'My Account' are equal

24-04-2025T11:00:14 - [MESSAGE][PASSED] - Actual object 'My Account' and expected object 'My Account' are equal

24-04-2025T11:00:14 - [TEST_STEP][PASSED] - delay(15): Delayed 15 second(s)

24-04-2025T11:00:29 - [MESSAGE][PASSED] - Delayed 15 second(s)

24-04-2025T11:00:29 - [TEST_STEP][PASSED] - scrollToText("Recommended for you"): Scrolling to text 'Recommended for you' successfully

24-04-2025T11:00:30 - [MESSAGE][PASSED] - Scrolling to text 'Recommended for you' successfully

24-04-2025T11:00:30 - [TEST_STEP][PASSED] - delay(5): Delayed 5 second(s)

24-04-2025T11:00:35 - [MESSAGE][PASSED] - Delayed 5 second(s)

24-04-2025T11:00:35 - [TEST_STEP][PASSED] - verifyElementExist(findTestObject("Object Repository/Repo/android.widget.TextView - RECOMMENDED FOR YOU"), 0): Element 'Object Repository/Repo/android.widget.TextView - RECOMMENDED FOR YOU' is exist

24-04-2025T11:00:35 - [MESSAGE][WARNING] - Timeout '0' is invalid. Using default page load timeout: '30'

24-04-2025T11:00:36 - [MESSAGE][PASSED] - Element 'Object Repository/Repo/android.widget.TextView - RECOMMENDED FOR YOU' is exist

24-04-2025T11:00:36 - [TEST_STEP][PASSED] - delay(5): Delayed 5 second(s)

24-04-2025T11:00:41 - [MESSAGE][PASSED] - Delayed 5 second(s)

24-04-2025T11:00:41 - [TEST_STEP][PASSED] - recommendedText = TextView - RECOMMENDED FOR YOU"), 0).trim(): Text of element 'Object Repository/Repo/android.widget.TextView - RECOMMENDED FOR YOU' is: 'RECOMMENDED FOR YOU'

24-04-2025T11:00:41 - [MESSAGE][WARNING] - Timeout '0' is invalid. Using default page load timeout: '30'

24-04-2025T11:00:42 - [MESSAGE][PASSED] - Text of element 'Object Repository/Repo/android.widget.TextView - RECOMMENDED FOR YOU' is: 'RECOMMENDED FOR YOU'

24-04-2025T11:00:42 - [TEST_STEP][PASSED] - println("Recommended Text: " + recommendedText): null

24-04-2025T11:00:42 - [TEST_STEP][PASSED] - verifyEqual(recommendedText, "RECOMMENDED FOR YOU", STOP_ON_FAILURE): Actual object 'RECOMMENDED FOR YOU' and expected object 'RECOMMENDED FOR YOU' are equal

24-04-2025T11:00:42 - [MESSAGE][PASSED] - Actual object 'RECOMMENDED FOR YOU' and expected object 'RECOMMENDED FOR YOU' are equal

24-04-2025T11:00:42 - [TEST_STEP][PASSED] - delay(5): Delayed 5 second(s)

24-04-2025T11:00:47 - [MESSAGE][PASSED] - Delayed 5 second(s)

24-04-2025T11:00:47 - [TEST_STEP][PASSED] - verifyElementExist(findTestObject("Object Repository/Repo/android.widget.TextView - THINGS TO DO"), 0): Element 'Object Repository/Repo/android.widget.TextView - THINGS TO DO' is exist

24-04-2025T11:00:47 - [MESSAGE][WARNING] - Timeout '0' is invalid. Using default page load timeout: '30'

24-04-2025T11:00:47 - [MESSAGE][PASSED] - Element 'Object Repository/Repo/android.widget.TextView - THINGS TO DO' is exist

24-04-2025T11:00:47 - [TEST_STEP][PASSED] - delay(5): Delayed 5 second(s)

24-04-2025T11:00:52 - [MESSAGE][PASSED] - Delayed 5 second(s)

24-04-2025T11:00:52 - [TEST_STEP][PASSED] - thingsToDoText = TextView - THINGS TO DO"), 0).trim(): Text of element 'Object Repository/Repo/android.widget.TextView - THINGS TO DO' is: 'THINGS TO DO'

24-04-2025T11:00:52 - [MESSAGE][WARNING] - Timeout '0' is invalid. Using default page load timeout: '30'

24-04-2025T11:00:53 - [MESSAGE][PASSED] - Text of element 'Object Repository/Repo/android.widget.TextView - THINGS TO DO' is: 'THINGS TO DO'

24-04-2025T11:00:53 - [TEST_STEP][PASSED] - println("Things to Do Text: " + thingsToDoText): null

24-04-2025T11:00:53 - [TEST_STEP][PASSED] - verifyEqual(thingsToDoText, "THINGS TO DO", STOP_ON_FAILURE): Actual object 'THINGS TO DO' and expected object 'THINGS TO DO' are equal

24-04-2025T11:00:53 - [MESSAGE][PASSED] - Actual object 'THINGS TO DO' and expected object 'THINGS TO DO' are equal

24-04-2025T11:00:53 - [TEST_STEP][PASSED] - delay(5): Delayed 5 second(s)

24-04-2025T11:00:58 - [MESSAGE][PASSED] - Delayed 5 second(s)

24-04-2025T11:00:58 - [TEST_STEP][PASSED] - verifyElementExist(findTestObject("Object Repository/Repo/android.view.View-gain access"), 0): Element 'Object Repository/Repo/android.view.View-gain access' is exist

24-04-2025T11:00:58 - [MESSAGE][WARNING] - Timeout '0' is invalid. Using default page load timeout: '30'

24-04-2025T11:00:58 - [MESSAGE][PASSED] - Element 'Object Repository/Repo/android.view.View-gain access' is exist

24-04-2025T11:00:58 - [TEST_STEP][PASSED] - delay(5): Delayed 5 second(s)

24-04-2025T11:01:03 - [MESSAGE][PASSED] - Delayed 5 second(s)

24-04-2025T11:01:03 - [TEST_STEP][PASSED] - gainAccessText = TextView - Gain access to a"), 0).trim(): Text of element 'Object Repository/Repo/android.widget.TextView - Gain access to a' is: 'Gain access to a'

24-04-2025T11:01:03 - [MESSAGE][WARNING] - Timeout '0' is invalid. Using default page load timeout: '30'

24-04-2025T11:01:03 - [MESSAGE][PASSED] - Text of element 'Object Repository/Repo/android.widget.TextView - Gain access to a' is: 'Gain access to a'

24-04-2025T11:01:03 - [TEST_STEP][PASSED] - println("Gain Access Text: " + gainAccessText): null

24-04-2025T11:01:03 - [TEST_STEP][PASSED] - verifyEqual(gainAccessText, "Gain access to a", STOP_ON_FAILURE): Actual object 'Gain access to a' and expected object 'Gain access to a' are equal

24-04-2025T11:01:03 - [MESSAGE][PASSED] - Actual object 'Gain access to a' and expected object 'Gain access to a' are equal

24-04-2025T11:01:03 - [TEST_STEP][PASSED] - delay(5): Delayed 5 second(s)

24-04-2025T11:01:08 - [MESSAGE][PASSED] - Delayed 5 second(s)

24-04-2025T11:01:08 - [TEST_STEP][PASSED] - verifyElementExist(findTestObject("Object Repository/Repo/android.widget.TextView - Login"), 0): Element 'Object Repository/Repo/android.widget.TextView - Login' is exist

24-04-2025T11:01:08 - [MESSAGE][WARNING] - Timeout '0' is invalid. Using default page load timeout: '30'

24-04-2025T11:01:09 - [MESSAGE][PASSED] - Element 'Object Repository/Repo/android.widget.TextView - Login' is exist

24-04-2025T11:01:09 - [TEST_STEP][PASSED] - delay(5): Delayed 5 second(s)

24-04-2025T11:01:14 - [MESSAGE][PASSED] - Delayed 5 second(s)

24-04-2025T11:01:14 - [TEST_STEP][PASSED] - loginText = TextView - Login"), 0).trim(): Text of element 'Object Repository/Repo/android.widget.TextView - Login' is: 'Login'

24-04-2025T11:01:14 - [MESSAGE][WARNING] - Timeout '0' is invalid. Using default page load timeout: '30'

24-04-2025T11:01:15 - [MESSAGE][PASSED] - Text of element 'Object Repository/Repo/android.widget.TextView - Login' is: 'Login'

24-04-2025T11:01:15 - [TEST_STEP][PASSED] - println("Login Text: " + loginText): null

24-04-2025T11:01:15 - [TEST_STEP][PASSED] - verifyEqual(loginText, "Login", STOP_ON_FAILURE): Actual object 'Login' and expected object 'Login' are equal

24-04-2025T11:01:15 - [MESSAGE][PASSED] - Actual object 'Login' and expected object 'Login' are equal

24-04-2025T11:01:15 - [TEST_STEP][PASSED] - tap(findTestObject("Object Repository/Repo/android.widget.TextView - Login"), 0): Tapped on element 'Object Repository/Repo/android.widget.TextView - Login'

24-04-2025T11:01:15 - [MESSAGE][WARNING] - Timeout '0' is invalid. Using default page load timeout: '30'

24-04-2025T11:01:15 - [MESSAGE][PASSED] - Tapped on element 'Object Repository/Repo/android.widget.TextView - Login'

24-04-2025T11:01:15 - [TEST_STEP][PASSED] - delay(30): Delayed 30 second(s)

24-04-2025T11:01:45 - [MESSAGE][PASSED] - Delayed 30 second(s)

24-04-2025T11:01:45 - [TEST_STEP][PASSED] - verifyElementExist(findTestObject("Object Repository/Repo/android.widget.TextView - WESTGATE Online Account Management"), 0): Element 'Object Repository/Repo/android.widget.TextView - WESTGATE Online Account Management' is exist

24-04-2025T11:01:45 - [MESSAGE][WARNING] - Timeout '0' is invalid. Using default page load timeout: '30'

24-04-2025T11:01:46 - [MESSAGE][PASSED] - Element 'Object Repository/Repo/android.widget.TextView - WESTGATE Online Account Management' is exist

24-04-2025T11:01:46 - [TEST_STEP][PASSED] - delay(5): Delayed 5 second(s)

24-04-2025T11:01:51 - [MESSAGE][PASSED] - Delayed 5 second(s)

24-04-2025T11:01:51 - [TEST_STEP][PASSED] - westgateText = TextView - WESTGATE Online Account Management"), 0).trim(): Text of element 'Object Repository/Repo/android.widget.TextView - WESTGATE Online Account Management' is: 'WESTGATE Online Account Management'

24-04-2025T11:01:51 - [MESSAGE][WARNING] - Timeout '0' is invalid. Using default page load timeout: '30'

24-04-2025T11:01:51 - [MESSAGE][PASSED] - Text of element 'Object Repository/Repo/android.widget.TextView - WESTGATE Online Account Management' is: 'WESTGATE Online Account Management'

24-04-2025T11:01:51 - [TEST_STEP][PASSED] - println("WESTGATE Text: " + westgateText): null

24-04-2025T11:01:51 - [TEST_STEP][PASSED] - verifyEqual(westgateText, "WESTGATE Online Account Management", CONTINUE_ON_FAILURE): Actual object 'WESTGATE Online Account Management' and expected object 'WESTGATE Online Account Management' are equal

24-04-2025T11:01:51 - [MESSAGE][PASSED] - Actual object 'WESTGATE Online Account Management' and expected object 'WESTGATE Online Account Management' are equal

24-04-2025T11:01:51 - [TEST_STEP][PASSED] - setText(findTestObject("Object Repository/Repo/android.widget.EditText-OAM(Login)"), email, 0): Text '0425201TM@WG.COM' has been set to element 'Object Repository/Repo/android.widget.EditText-OAM(Login)'

24-04-2025T11:01:51 - [MESSAGE][WARNING] - Timeout '0' is invalid. Using default page load timeout: '30'

24-04-2025T11:01:53 - [MESSAGE][PASSED] - Text '0425201TM@WG.COM' has been set to element 'Object Repository/Repo/android.widget.EditText-OAM(Login)'

24-04-2025T11:01:53 - [TEST_STEP][PASSED] - hideKeyboard(): Keyboard is hidden

24-04-2025T11:01:55 - [MESSAGE][PASSED] - Keyboard is hidden

24-04-2025T11:01:55 - [TEST_STEP][PASSED] - delay(10): Delayed 10 second(s)

24-04-2025T11:02:05 - [MESSAGE][PASSED] - Delayed 10 second(s)

24-04-2025T11:02:05 - [TEST_STEP][PASSED] - setText(findTestObject("Object Repository/Repo/android.widget.EditText-OAM(Password)"), password, 0): Text 'password' has been set to element 'Object Repository/Repo/android.widget.EditText-OAM(Password)'

24-04-2025T11:02:05 - [MESSAGE][WARNING] - Timeout '0' is invalid. Using default page load timeout: '30'

24-04-2025T11:02:05 - [MESSAGE][PASSED] - Text 'password' has been set to element 'Object Repository/Repo/android.widget.EditText-OAM(Password)'

24-04-2025T11:02:05 - [TEST_STEP][PASSED] - hideKeyboard(): Keyboard is hidden

24-04-2025T11:02:08 - [MESSAGE][PASSED] - Keyboard is hidden

24-04-2025T11:02:08 - [TEST_STEP][PASSED] - delay(10): Delayed 10 second(s)

24-04-2025T11:02:18 - [MESSAGE][PASSED] - Delayed 10 second(s)

24-04-2025T11:02:18 - [TEST_STEP][PASSED] - tap(findTestObject("Object Repository/Repo/android.widget.Button -OAM(Login)"), 0): Tapped on element 'Object Repository/Repo/android.widget.Button -OAM(Login)'

24-04-2025T11:02:18 - [MESSAGE][WARNING] - Timeout '0' is invalid. Using default page load timeout: '30'

24-04-2025T11:02:18 - [MESSAGE][PASSED] - Tapped on element 'Object Repository/Repo/android.widget.Button -OAM(Login)'

24-04-2025T11:02:18 - [TEST_STEP][PASSED] - delay(10): Delayed 10 second(s)

24-04-2025T11:02:28 - [MESSAGE][PASSED] - Delayed 10 second(s)

24-04-2025T11:02:28 - [TEST_STEP][PASSED] - homeElementExists = verifyElementExist(findTestObject("Object Repository/Repo/android.view.View - Home"), 0): Element 'Object Repository/Repo/android.view.View - Home' is exist

24-04-2025T11:02:28 - [MESSAGE][WARNING] - Timeout '0' is invalid. Using default page load timeout: '30'

24-04-2025T11:02:29 - [MESSAGE][PASSED] - Element 'Object Repository/Repo/android.view.View - Home' is exist

24-04-2025T11:02:29 - [TEST_STEP][PASSED] - assert homeElementExists : "Element 'Home' does not exist.": null

24-04-2025T11:02:29 - [TEST_STEP][PASSED] - homeText = getText(findTestObject("Object Repository/Repo/android.view.View - Home"), 0): Text of element 'Object Repository/Repo/android.view.View - Home' is: 'Home'

24-04-2025T11:02:29 - [MESSAGE][WARNING] - Timeout '0' is invalid. Using default page load timeout: '30'

24-04-2025T11:02:29 - [MESSAGE][PASSED] - Text of element 'Object Repository/Repo/android.view.View - Home' is: 'Home'

24-04-2025T11:02:29 - [TEST_STEP][PASSED] - assert homeText == "Home": null

24-04-2025T11:02:29 - [TEST_STEP][PASSED] - println("Home screen verification successful."): null

24-04-2025T11:02:29 - [TEST_STEP][PASSED] - tap(findTestObject("Object Repository/Repo/android.view.View - My Account"), 0): Tapped on element 'Object Repository/Repo/android.view.View - My Account'

24-04-2025T11:02:29 - [MESSAGE][WARNING] - Timeout '0' is invalid. Using default page load timeout: '30'

24-04-2025T11:02:30 - [MESSAGE][PASSED] - Tapped on element 'Object Repository/Repo/android.view.View - My Account'

24-04-2025T11:02:30 - [TEST_STEP][PASSED] - delay(10): Delayed 10 second(s)

24-04-2025T11:02:40 - [MESSAGE][PASSED] - Delayed 10 second(s)

24-04-2025T11:02:40 - [TEST_STEP][PASSED] - myAccountElementExists = verifyElementExist(findTestObject("Object Repository/Repo/android.view.View - My Account"), 0): Element 'Object Repository/Repo/android.view.View - My Account' is exist

24-04-2025T11:02:40 - [MESSAGE][WARNING] - Timeout '0' is invalid. Using default page load timeout: '30'

24-04-2025T11:02:41 - [MESSAGE][PASSED] - Element 'Object Repository/Repo/android.view.View - My Account' is exist

24-04-2025T11:02:41 - [TEST_STEP][PASSED] - assert myAccountElementExists : "Element 'My Account' does not exist.": null

24-04-2025T11:02:41 - [TEST_STEP][PASSED] - myAccountText = getText(findTestObject("Object Repository/Repo/android.view.View - My Account"), 0): Text of element 'Object Repository/Repo/android.view.View - My Account' is: 'My Account'

24-04-2025T11:02:41 - [MESSAGE][WARNING] - Timeout '0' is invalid. Using default page load timeout: '30'

24-04-2025T11:02:41 - [MESSAGE][PASSED] - Text of element 'Object Repository/Repo/android.view.View - My Account' is: 'My Account'

24-04-2025T11:02:41 - [TEST_STEP][PASSED] - assert myAccountText == "My Account": null

24-04-2025T11:02:41 - [TEST_STEP][PASSED] - println("My Account screen verification successful."): null

24-04-2025T11:02:41 - [TEST_STEP][PASSED] - println("All test verifications completed successfully!"): null

24-04-2025T11:02:41 - [TEST_STEP][PASSED] - closeApplication(): Close app successfully

24-04-2025T11:02:44 - [MESSAGE][PASSED] - Close app successfully]]></system-out>
         <system-err><![CDATA[]]></system-err>
      </testcase>
      <testcase name="Test Cases/Sign Up New UserPage/C660_C677_C678_C679_C680_C681_SignUpNewUserPage_SignUpFlow" time="288.885" classname="Test Cases/Sign Up New UserPage/C660_C677_C678_C679_C680_C681_SignUpNewUserPage_SignUpFlow" status="PASSED">
         <system-out><![CDATA[24-04-2025T11:02:44 - [TEST_CASE][PASSED] - Test Cases/Sign Up New UserPage/C660_C677_C678_C679_C680_C681_SignUpNewUserPage_SignUpFlow: Test Cases/Sign Up New UserPage/C660_C677_C678_C679_C680_C681_SignUpNewUserPage_SignUpFlow

24-04-2025T11:02:44 - [TEST_STEP][PASSED] - emailValidationTests = new EmailValidationTests(): null

24-04-2025T11:02:44 - [TEST_STEP][PASSED] - emailValidationTests.runAllTests(): null

24-04-2025T11:02:44 - [TEST_STEP][PASSED] - setup(): null

24-04-2025T11:02:44 - [TEST_STEP][PASSED] - startApplication(appUrl, true): Started application: '/Users/gv.vignesh/Downloads/WGR-Android-Automation/App Folder/app-debug-Version 2.99.68.apk'

24-04-2025T11:02:44 - [MESSAGE][INFO] - Starting application: '/Users/gv.vignesh/Downloads/WGR-Android-Automation/App Folder/app-debug-Version 2.99.68.apk'

24-04-2025T11:02:44 - [MESSAGE][INFO] - User set preference: ['uiautomator2ServerInstallTimeout', '0']

24-04-2025T11:02:44 - [MESSAGE][INFO] - User set preference: ['deviceId', '']

24-04-2025T11:02:44 - [MESSAGE][INFO] - Detected NodeJS location: "/opt/homebrew/Cellar/node/23.10.0_1/bin/node"

24-04-2025T11:02:44 - [MESSAGE][INFO] - PATH: /opt/homebrew/Cellar/node/23.10.0_1/bin:/opt/homebrew/bin:/usr/bin:/bin:/usr/sbin:/sbin:/Applications/Katalon Studio Enterprise.app/Contents/Eclipse/jre/Contents/Home/bin:/usr/local/bin/

24-04-2025T11:02:44 - [MESSAGE][INFO] - APPIUM_HOME: /Users/gv.vignesh/.appium

24-04-2025T11:02:44 - [MESSAGE][INFO] - appium outlog: /Users/gv.vignesh/Downloads/WGR-Android-Automation/Reports/20250424_105415/Android Regression/20250424_105415/appium.log

24-04-2025T11:02:44 - [MESSAGE][INFO] - appium errlog: /Users/gv.vignesh/Downloads/WGR-Android-Automation/Reports/20250424_105415/Android Regression/20250424_105415/appium_error.log

24-04-2025T11:02:46 - [MESSAGE][INFO] - Appium server started on port 59,962

24-04-2025T11:03:03 - [MESSAGE][PASSED] - Started application: '/Users/gv.vignesh/Downloads/WGR-Android-Automation/App Folder/app-debug-Version 2.99.68.apk'

24-04-2025T11:03:03 - [TEST_STEP][PASSED] - delay(15): Delayed 15 second(s)

24-04-2025T11:03:18 - [MESSAGE][PASSED] - Delayed 15 second(s)

24-04-2025T11:03:18 - [TEST_STEP][PASSED] - tap(findTestObject("Object Repository/Repo/android.widget.Button - Login or Sign Up"), 0): Tapped on element 'Object Repository/Repo/android.widget.Button - Login or Sign Up'

24-04-2025T11:03:18 - [MESSAGE][WARNING] - Timeout '0' is invalid. Using default page load timeout: '30'

24-04-2025T11:03:19 - [MESSAGE][PASSED] - Tapped on element 'Object Repository/Repo/android.widget.Button - Login or Sign Up'

24-04-2025T11:03:19 - [TEST_STEP][PASSED] - try: null

24-04-2025T11:03:19 - [TEST_STEP][PASSED] - testInvalidEmailFormat(): null

24-04-2025T11:03:19 - [TEST_STEP][PASSED] - excelData = findTestData("Data Files/InvalidEmail"): null

24-04-2025T11:03:19 - [TEST_STEP][PASSED] - rowCount = excelData.getRowNumbers(): null

24-04-2025T11:03:19 - [TEST_STEP][PASSED] - for ([i = 1, i <= rowCount, (i++)]): null

24-04-2025T11:03:19 - [TEST_STEP][PASSED] - invalidEmail = excelData.getValue("email-Address", i): null

24-04-2025T11:03:19 - [TEST_STEP][PASSED] - println(Testing invalid email from Excel (Row $i): $invalidEmail): null

24-04-2025T11:03:19 - [TEST_STEP][PASSED] - waitForElementPresent(findTestObject("Object Repository/Repo/android.widget.EditText-LoginorSignUp"), 20): Element 'Object Repository/Repo/android.widget.EditText-LoginorSignUp' is present

24-04-2025T11:03:21 - [MESSAGE][PASSED] - Element 'Object Repository/Repo/android.widget.EditText-LoginorSignUp' is present

24-04-2025T11:03:21 - [TEST_STEP][PASSED] - sendKeys(findTestObject("Object Repository/Repo/android.widget.EditText-LoginorSignUp"), invalidEmail): Send keys 'd.g.com' on test object 'Object Repository/Repo/android.widget.EditText-LoginorSignUp' successfully.

24-04-2025T11:03:21 - [MESSAGE][PASSED] - Send keys 'd.g.com' on test object 'Object Repository/Repo/android.widget.EditText-LoginorSignUp' successfully.

24-04-2025T11:03:21 - [TEST_STEP][PASSED] - actualErrorMessage = TextView -  Invalid email format"), 0).trim(): Text of element 'Object Repository/Repo/android.widget.TextView -  Invalid email format' is: ' Invalid email format.
'

24-04-2025T11:03:21 - [MESSAGE][WARNING] - Timeout '0' is invalid. Using default page load timeout: '30'

24-04-2025T11:03:23 - [MESSAGE][PASSED] - Text of element 'Object Repository/Repo/android.widget.TextView -  Invalid email format' is: ' Invalid email format.
'

24-04-2025T11:03:23 - [TEST_STEP][PASSED] - expectedErrorMessage = "Invalid email format": null

24-04-2025T11:03:23 - [TEST_STEP][PASSED] - Assert.assertEquals(Error message validation failed at row $i, replaceAll("[^a-zA-Z0-9 ]", "").trim(), replaceAll("[^a-zA-Z0-9 ]", "").trim()): null

24-04-2025T11:03:23 - [TEST_STEP][PASSED] - tap(findTestObject("Object Repository/Repo/android.widget.Button - reset"), 0): Tapped on element 'Object Repository/Repo/android.widget.Button - reset'

24-04-2025T11:03:23 - [MESSAGE][WARNING] - Timeout '0' is invalid. Using default page load timeout: '30'

24-04-2025T11:03:24 - [MESSAGE][PASSED] - Tapped on element 'Object Repository/Repo/android.widget.Button - reset'

24-04-2025T11:03:24 - [TEST_STEP][PASSED] - hideKeyboard(): Keyboard is hidden

24-04-2025T11:03:26 - [MESSAGE][PASSED] - Keyboard is hidden

24-04-2025T11:03:26 - [TEST_STEP][PASSED] - invalidEmail = excelData.getValue("email-Address", i): null

24-04-2025T11:03:26 - [TEST_STEP][PASSED] - println(Testing invalid email from Excel (Row $i): $invalidEmail): null

24-04-2025T11:03:26 - [TEST_STEP][PASSED] - waitForElementPresent(findTestObject("Object Repository/Repo/android.widget.EditText-LoginorSignUp"), 20): Element 'Object Repository/Repo/android.widget.EditText-LoginorSignUp' is present

24-04-2025T11:03:27 - [MESSAGE][PASSED] - Element 'Object Repository/Repo/android.widget.EditText-LoginorSignUp' is present

24-04-2025T11:03:27 - [TEST_STEP][PASSED] - sendKeys(findTestObject("Object Repository/Repo/android.widget.EditText-LoginorSignUp"), invalidEmail): Send keys 's@com' on test object 'Object Repository/Repo/android.widget.EditText-LoginorSignUp' successfully.

24-04-2025T11:03:28 - [MESSAGE][PASSED] - Send keys 's@com' on test object 'Object Repository/Repo/android.widget.EditText-LoginorSignUp' successfully.

24-04-2025T11:03:28 - [TEST_STEP][PASSED] - actualErrorMessage = TextView -  Invalid email format"), 0).trim(): Text of element 'Object Repository/Repo/android.widget.TextView -  Invalid email format' is: ' Invalid email format.
'

24-04-2025T11:03:28 - [MESSAGE][WARNING] - Timeout '0' is invalid. Using default page load timeout: '30'

24-04-2025T11:03:29 - [MESSAGE][PASSED] - Text of element 'Object Repository/Repo/android.widget.TextView -  Invalid email format' is: ' Invalid email format.
'

24-04-2025T11:03:29 - [TEST_STEP][PASSED] - expectedErrorMessage = "Invalid email format": null

24-04-2025T11:03:29 - [TEST_STEP][PASSED] - Assert.assertEquals(Error message validation failed at row $i, replaceAll("[^a-zA-Z0-9 ]", "").trim(), replaceAll("[^a-zA-Z0-9 ]", "").trim()): null

24-04-2025T11:03:29 - [TEST_STEP][PASSED] - tap(findTestObject("Object Repository/Repo/android.widget.Button - reset"), 0): Tapped on element 'Object Repository/Repo/android.widget.Button - reset'

24-04-2025T11:03:29 - [MESSAGE][WARNING] - Timeout '0' is invalid. Using default page load timeout: '30'

24-04-2025T11:03:30 - [MESSAGE][PASSED] - Tapped on element 'Object Repository/Repo/android.widget.Button - reset'

24-04-2025T11:03:30 - [TEST_STEP][PASSED] - hideKeyboard(): Keyboard is hidden

24-04-2025T11:03:32 - [MESSAGE][PASSED] - Keyboard is hidden

24-04-2025T11:03:32 - [TEST_STEP][PASSED] - invalidEmail = excelData.getValue("email-Address", i): null

24-04-2025T11:03:32 - [TEST_STEP][PASSED] - println(Testing invalid email from Excel (Row $i): $invalidEmail): null

24-04-2025T11:03:32 - [TEST_STEP][PASSED] - waitForElementPresent(findTestObject("Object Repository/Repo/android.widget.EditText-LoginorSignUp"), 20): Element 'Object Repository/Repo/android.widget.EditText-LoginorSignUp' is present

24-04-2025T11:03:33 - [MESSAGE][PASSED] - Element 'Object Repository/Repo/android.widget.EditText-LoginorSignUp' is present

24-04-2025T11:03:33 - [TEST_STEP][PASSED] - sendKeys(findTestObject("Object Repository/Repo/android.widget.EditText-LoginorSignUp"), invalidEmail): Send keys 'vg@.1gv' on test object 'Object Repository/Repo/android.widget.EditText-LoginorSignUp' successfully.

24-04-2025T11:03:34 - [MESSAGE][PASSED] - Send keys 'vg@.1gv' on test object 'Object Repository/Repo/android.widget.EditText-LoginorSignUp' successfully.

24-04-2025T11:03:34 - [TEST_STEP][PASSED] - actualErrorMessage = TextView -  Invalid email format"), 0).trim(): Text of element 'Object Repository/Repo/android.widget.TextView -  Invalid email format' is: ' Invalid email format.
'

24-04-2025T11:03:34 - [MESSAGE][WARNING] - Timeout '0' is invalid. Using default page load timeout: '30'

24-04-2025T11:03:35 - [MESSAGE][PASSED] - Text of element 'Object Repository/Repo/android.widget.TextView -  Invalid email format' is: ' Invalid email format.
'

24-04-2025T11:03:35 - [TEST_STEP][PASSED] - expectedErrorMessage = "Invalid email format": null

24-04-2025T11:03:35 - [TEST_STEP][PASSED] - Assert.assertEquals(Error message validation failed at row $i, replaceAll("[^a-zA-Z0-9 ]", "").trim(), replaceAll("[^a-zA-Z0-9 ]", "").trim()): null

24-04-2025T11:03:35 - [TEST_STEP][PASSED] - tap(findTestObject("Object Repository/Repo/android.widget.Button - reset"), 0): Tapped on element 'Object Repository/Repo/android.widget.Button - reset'

24-04-2025T11:03:35 - [MESSAGE][WARNING] - Timeout '0' is invalid. Using default page load timeout: '30'

24-04-2025T11:03:36 - [MESSAGE][PASSED] - Tapped on element 'Object Repository/Repo/android.widget.Button - reset'

24-04-2025T11:03:36 - [TEST_STEP][PASSED] - hideKeyboard(): Keyboard is hidden

24-04-2025T11:03:38 - [MESSAGE][PASSED] - Keyboard is hidden

24-04-2025T11:03:38 - [TEST_STEP][PASSED] - invalidEmail = excelData.getValue("email-Address", i): null

24-04-2025T11:03:38 - [TEST_STEP][PASSED] - println(Testing invalid email from Excel (Row $i): $invalidEmail): null

24-04-2025T11:03:38 - [TEST_STEP][PASSED] - waitForElementPresent(findTestObject("Object Repository/Repo/android.widget.EditText-LoginorSignUp"), 20): Element 'Object Repository/Repo/android.widget.EditText-LoginorSignUp' is present

24-04-2025T11:03:39 - [MESSAGE][PASSED] - Element 'Object Repository/Repo/android.widget.EditText-LoginorSignUp' is present

24-04-2025T11:03:39 - [TEST_STEP][PASSED] - sendKeys(findTestObject("Object Repository/Repo/android.widget.EditText-LoginorSignUp"), invalidEmail): Send keys 'g@2.1' on test object 'Object Repository/Repo/android.widget.EditText-LoginorSignUp' successfully.

24-04-2025T11:03:39 - [MESSAGE][PASSED] - Send keys 'g@2.1' on test object 'Object Repository/Repo/android.widget.EditText-LoginorSignUp' successfully.

24-04-2025T11:03:39 - [TEST_STEP][PASSED] - actualErrorMessage = TextView -  Invalid email format"), 0).trim(): Text of element 'Object Repository/Repo/android.widget.TextView -  Invalid email format' is: ' Invalid email format.
'

24-04-2025T11:03:39 - [MESSAGE][WARNING] - Timeout '0' is invalid. Using default page load timeout: '30'

24-04-2025T11:03:41 - [MESSAGE][PASSED] - Text of element 'Object Repository/Repo/android.widget.TextView -  Invalid email format' is: ' Invalid email format.
'

24-04-2025T11:03:41 - [TEST_STEP][PASSED] - expectedErrorMessage = "Invalid email format": null

24-04-2025T11:03:41 - [TEST_STEP][PASSED] - Assert.assertEquals(Error message validation failed at row $i, replaceAll("[^a-zA-Z0-9 ]", "").trim(), replaceAll("[^a-zA-Z0-9 ]", "").trim()): null

24-04-2025T11:03:41 - [TEST_STEP][PASSED] - tap(findTestObject("Object Repository/Repo/android.widget.Button - reset"), 0): Tapped on element 'Object Repository/Repo/android.widget.Button - reset'

24-04-2025T11:03:41 - [MESSAGE][WARNING] - Timeout '0' is invalid. Using default page load timeout: '30'

24-04-2025T11:03:42 - [MESSAGE][PASSED] - Tapped on element 'Object Repository/Repo/android.widget.Button - reset'

24-04-2025T11:03:42 - [TEST_STEP][PASSED] - hideKeyboard(): Keyboard is hidden

24-04-2025T11:03:44 - [MESSAGE][PASSED] - Keyboard is hidden

24-04-2025T11:03:44 - [TEST_STEP][PASSED] - invalidEmail = excelData.getValue("email-Address", i): null

24-04-2025T11:03:44 - [TEST_STEP][PASSED] - println(Testing invalid email from Excel (Row $i): $invalidEmail): null

24-04-2025T11:03:44 - [TEST_STEP][PASSED] - waitForElementPresent(findTestObject("Object Repository/Repo/android.widget.EditText-LoginorSignUp"), 20): Element 'Object Repository/Repo/android.widget.EditText-LoginorSignUp' is present

24-04-2025T11:03:45 - [MESSAGE][PASSED] - Element 'Object Repository/Repo/android.widget.EditText-LoginorSignUp' is present

24-04-2025T11:03:45 - [TEST_STEP][PASSED] - sendKeys(findTestObject("Object Repository/Repo/android.widget.EditText-LoginorSignUp"), invalidEmail): Send keys 'v.com@q' on test object 'Object Repository/Repo/android.widget.EditText-LoginorSignUp' successfully.

24-04-2025T11:03:46 - [MESSAGE][PASSED] - Send keys 'v.com@q' on test object 'Object Repository/Repo/android.widget.EditText-LoginorSignUp' successfully.

24-04-2025T11:03:46 - [TEST_STEP][PASSED] - actualErrorMessage = TextView -  Invalid email format"), 0).trim(): Text of element 'Object Repository/Repo/android.widget.TextView -  Invalid email format' is: ' Invalid email format.
'

24-04-2025T11:03:46 - [MESSAGE][WARNING] - Timeout '0' is invalid. Using default page load timeout: '30'

24-04-2025T11:03:47 - [MESSAGE][PASSED] - Text of element 'Object Repository/Repo/android.widget.TextView -  Invalid email format' is: ' Invalid email format.
'

24-04-2025T11:03:47 - [TEST_STEP][PASSED] - expectedErrorMessage = "Invalid email format": null

24-04-2025T11:03:47 - [TEST_STEP][PASSED] - Assert.assertEquals(Error message validation failed at row $i, replaceAll("[^a-zA-Z0-9 ]", "").trim(), replaceAll("[^a-zA-Z0-9 ]", "").trim()): null

24-04-2025T11:03:47 - [TEST_STEP][PASSED] - tap(findTestObject("Object Repository/Repo/android.widget.Button - reset"), 0): Tapped on element 'Object Repository/Repo/android.widget.Button - reset'

24-04-2025T11:03:47 - [MESSAGE][WARNING] - Timeout '0' is invalid. Using default page load timeout: '30'

24-04-2025T11:03:48 - [MESSAGE][PASSED] - Tapped on element 'Object Repository/Repo/android.widget.Button - reset'

24-04-2025T11:03:48 - [TEST_STEP][PASSED] - hideKeyboard(): Keyboard is hidden

24-04-2025T11:03:50 - [MESSAGE][PASSED] - Keyboard is hidden

24-04-2025T11:03:50 - [TEST_STEP][PASSED] - testTeamMemberEmailError(): null

24-04-2025T11:03:50 - [TEST_STEP][PASSED] - testData = findTestData("Data Files/C678"): null

24-04-2025T11:03:50 - [TEST_STEP][PASSED] - email1 = testData.getValue("email", 1): null

24-04-2025T11:03:50 - [TEST_STEP][PASSED] - email2 = testData.getValue("email", 2): null

24-04-2025T11:03:50 - [TEST_STEP][PASSED] - sendKeys(findTestObject("Object Repository/Repo/android.widget.EditText-LoginorSignUp"), email1): Send keys 'i@p.com' on test object 'Object Repository/Repo/android.widget.EditText-LoginorSignUp' successfully.

24-04-2025T11:03:51 - [MESSAGE][PASSED] - Send keys 'i@p.com' on test object 'Object Repository/Repo/android.widget.EditText-LoginorSignUp' successfully.

24-04-2025T11:03:51 - [TEST_STEP][PASSED] - delay(10): Delayed 10 second(s)

24-04-2025T11:04:01 - [MESSAGE][PASSED] - Delayed 10 second(s)

24-04-2025T11:04:01 - [TEST_STEP][PASSED] - tap(findTestObject("Object Repository/Repo/android.widget.Button - Next"), 0): Tapped on element 'Object Repository/Repo/android.widget.Button - Next'

24-04-2025T11:04:01 - [MESSAGE][WARNING] - Timeout '0' is invalid. Using default page load timeout: '30'

24-04-2025T11:04:01 - [MESSAGE][PASSED] - Tapped on element 'Object Repository/Repo/android.widget.Button - Next'

24-04-2025T11:04:01 - [TEST_STEP][PASSED] - delay(10): Delayed 10 second(s)

24-04-2025T11:04:12 - [MESSAGE][PASSED] - Delayed 10 second(s)

24-04-2025T11:04:12 - [TEST_STEP][PASSED] - tap(findTestObject("Object Repository/Repo/android.widget.Button - reset"), 0): Tapped on element 'Object Repository/Repo/android.widget.Button - reset'

24-04-2025T11:04:12 - [MESSAGE][WARNING] - Timeout '0' is invalid. Using default page load timeout: '30'

24-04-2025T11:04:12 - [MESSAGE][PASSED] - Tapped on element 'Object Repository/Repo/android.widget.Button - reset'

24-04-2025T11:04:12 - [TEST_STEP][PASSED] - hideKeyboard(): Keyboard is hidden

24-04-2025T11:04:14 - [MESSAGE][PASSED] - Keyboard is hidden

24-04-2025T11:04:14 - [TEST_STEP][PASSED] - delay(10): Delayed 10 second(s)

24-04-2025T11:04:24 - [MESSAGE][PASSED] - Delayed 10 second(s)

24-04-2025T11:04:24 - [TEST_STEP][PASSED] - sendKeys(findTestObject("Object Repository/Repo/android.widget.EditText -"), email2): Send keys 'wg@wgresorts.com' on test object 'Object Repository/Repo/android.widget.EditText -' successfully.

24-04-2025T11:04:24 - [MESSAGE][PASSED] - Send keys 'wg@wgresorts.com' on test object 'Object Repository/Repo/android.widget.EditText -' successfully.

24-04-2025T11:04:24 - [TEST_STEP][PASSED] - delay(10): Delayed 10 second(s)

24-04-2025T11:04:34 - [MESSAGE][PASSED] - Delayed 10 second(s)

24-04-2025T11:04:34 - [TEST_STEP][PASSED] - tap(findTestObject("Object Repository/Repo/android.widget.Button - Next (1)"), 0): Tapped on element 'Object Repository/Repo/android.widget.Button - Next (1)'

24-04-2025T11:04:34 - [MESSAGE][WARNING] - Timeout '0' is invalid. Using default page load timeout: '30'

24-04-2025T11:04:35 - [MESSAGE][PASSED] - Tapped on element 'Object Repository/Repo/android.widget.Button - Next (1)'

24-04-2025T11:04:35 - [TEST_STEP][PASSED] - delay(10): Delayed 10 second(s)

24-04-2025T11:04:45 - [MESSAGE][PASSED] - Delayed 10 second(s)

24-04-2025T11:04:45 - [TEST_STEP][PASSED] - actualText = null: null

24-04-2025T11:04:45 - [TEST_STEP][PASSED] - expectedText = " The email address used is a Team Member email address.  Please select Create Team Member Account below.": null

24-04-2025T11:04:45 - [TEST_STEP][FAILED] - try: Failed to get text from element (Root cause: com.kms.katalon.core.exception.StepFailedException: Failed to get text from element
	at com.kms.katalon.core.mobile.keyword.internal.MobileKeywordMain.stepFailed(MobileKeywordMain.groovy:64)
	at com.kms.katalon.core.mobile.keyword.internal.MobileKeywordMain.runKeyword(MobileKeywordMain.groovy:34)
	at com.kms.katalon.core.mobile.keyword.builtin.GetTextKeyword.getText(GetTextKeyword.groovy:51)
	at com.kms.katalon.core.mobile.keyword.builtin.GetTextKeyword.execute(GetTextKeyword.groovy:35)
	at com.kms.katalon.core.keyword.internal.KeywordExecutor.executeKeywordForPlatform(KeywordExecutor.groovy:74)
	at com.kms.katalon.core.mobile.keyword.MobileBuiltInKeywords.getText(MobileBuiltInKeywords.groovy:1245)
	at EmailValidationTests.testTeamMemberEmailError(Script1745304286377.groovy:75)
	at EmailValidationTests.runAllTests(Script1745304286377.groovy:221)
	at C660_C677_C678_C679_C680_C681_SignUpNewUserPage_SignUpFlow.run(C660_C677_C678_C679_C680_C681_SignUpNewUserPage_SignUpFlow:233)
	at com.kms.katalon.core.main.ScriptEngine.run(ScriptEngine.java:194)
	at com.kms.katalon.core.main.ScriptEngine.runScriptAsRawText(ScriptEngine.java:119)
	at com.kms.katalon.core.main.TestCaseExecutor.runScript(TestCaseExecutor.java:448)
	at com.kms.katalon.core.main.TestCaseExecutor.doExecute(TestCaseExecutor.java:439)
	at com.kms.katalon.core.main.TestCaseExecutor.processExecutionPhase(TestCaseExecutor.java:418)
	at com.kms.katalon.core.main.TestCaseExecutor.accessMainPhase(TestCaseExecutor.java:410)
	at com.kms.katalon.core.main.TestCaseExecutor.execute(TestCaseExecutor.java:285)
	at com.kms.katalon.core.common.CommonExecutor.accessTestCaseMainPhase(CommonExecutor.java:71)
	at com.kms.katalon.core.main.TestSuiteExecutor.accessTestSuiteMainPhase(TestSuiteExecutor.java:160)
	at com.kms.katalon.core.main.TestSuiteExecutor.execute(TestSuiteExecutor.java:107)
	at com.kms.katalon.core.main.TestCaseMain.startTestSuite(TestCaseMain.java:180)
	at TempTestSuite1745472255458.run(TempTestSuite1745472255458.groovy:35)
	at java.base/jdk.internal.reflect.NativeMethodAccessorImpl.invoke0(Native Method)
	at java.base/jdk.internal.reflect.NativeMethodAccessorImpl.invoke(NativeMethodAccessorImpl.java:77)
	at java.base/jdk.internal.reflect.DelegatingMethodAccessorImpl.invoke(DelegatingMethodAccessorImpl.java:43)
Caused by: java.lang.IllegalArgumentException: Object is null
	at com.kms.katalon.core.helper.KeywordHelper.checkTestObjectParameter(KeywordHelper.java:33)
	at com.kms.katalon.core.mobile.keyword.builtin.GetTextKeyword$_getText_closure1.doCall(GetTextKeyword.groovy:41)
	at com.kms.katalon.core.mobile.keyword.builtin.GetTextKeyword$_getText_closure1.call(GetTextKeyword.groovy)
	at com.kms.katalon.core.mobile.keyword.internal.MobileKeywordMain.runKeyword(MobileKeywordMain.groovy:30)
	at com.kms.katalon.core.mobile.keyword.builtin.GetTextKeyword.getText(GetTextKeyword.groovy:51)
	at com.kms.katalon.core.mobile.keyword.builtin.GetTextKeyword.execute(GetTextKeyword.groovy:35)
	at com.kms.katalon.core.keyword.internal.KeywordExecutor.executeKeywordForPlatform(KeywordExecutor.groovy:74)
	at com.kms.katalon.core.mobile.keyword.MobileBuiltInKeywords.getText(MobileBuiltInKeywords.groovy:1245)
	at EmailValidationTests.testTeamMemberEmailError(Script1745304286377.groovy:75)
	at EmailValidationTests.runAllTests(Script1745304286377.groovy:221)
	at Script1745304286377.run(Script1745304286377.groovy:233)
	... 15 more
)

24-04-2025T11:04:45 - [TEST_STEP][FAILED] - actualText = getText(findTestObject("Object Repository/Repo/android.widget.TextView - The email address used is a Team Member email address. Please select Create Team Member Account below"), 0): Failed to get text from element (Root cause: com.kms.katalon.core.exception.StepFailedException: Failed to get text from element
	at com.kms.katalon.core.mobile.keyword.internal.MobileKeywordMain.stepFailed(MobileKeywordMain.groovy:64)
	at com.kms.katalon.core.mobile.keyword.internal.MobileKeywordMain.runKeyword(MobileKeywordMain.groovy:34)
	at com.kms.katalon.core.mobile.keyword.builtin.GetTextKeyword.getText(GetTextKeyword.groovy:51)
	at com.kms.katalon.core.mobile.keyword.builtin.GetTextKeyword.execute(GetTextKeyword.groovy:35)
	at com.kms.katalon.core.keyword.internal.KeywordExecutor.executeKeywordForPlatform(KeywordExecutor.groovy:74)
	at com.kms.katalon.core.mobile.keyword.MobileBuiltInKeywords.getText(MobileBuiltInKeywords.groovy:1245)
	at EmailValidationTests.testTeamMemberEmailError(Script1745304286377.groovy:75)
	at EmailValidationTests.runAllTests(Script1745304286377.groovy:221)
	at C660_C677_C678_C679_C680_C681_SignUpNewUserPage_SignUpFlow.run(C660_C677_C678_C679_C680_C681_SignUpNewUserPage_SignUpFlow:233)
	at com.kms.katalon.core.main.ScriptEngine.run(ScriptEngine.java:194)
	at com.kms.katalon.core.main.ScriptEngine.runScriptAsRawText(ScriptEngine.java:119)
	at com.kms.katalon.core.main.TestCaseExecutor.runScript(TestCaseExecutor.java:448)
	at com.kms.katalon.core.main.TestCaseExecutor.doExecute(TestCaseExecutor.java:439)
	at com.kms.katalon.core.main.TestCaseExecutor.processExecutionPhase(TestCaseExecutor.java:418)
	at com.kms.katalon.core.main.TestCaseExecutor.accessMainPhase(TestCaseExecutor.java:410)
	at com.kms.katalon.core.main.TestCaseExecutor.execute(TestCaseExecutor.java:285)
	at com.kms.katalon.core.common.CommonExecutor.accessTestCaseMainPhase(CommonExecutor.java:71)
	at com.kms.katalon.core.main.TestSuiteExecutor.accessTestSuiteMainPhase(TestSuiteExecutor.java:160)
	at com.kms.katalon.core.main.TestSuiteExecutor.execute(TestSuiteExecutor.java:107)
	at com.kms.katalon.core.main.TestCaseMain.startTestSuite(TestCaseMain.java:180)
	at TempTestSuite1745472255458.run(TempTestSuite1745472255458.groovy:35)
	at java.base/jdk.internal.reflect.NativeMethodAccessorImpl.invoke0(Native Method)
	at java.base/jdk.internal.reflect.NativeMethodAccessorImpl.invoke(NativeMethodAccessorImpl.java:77)
	at java.base/jdk.internal.reflect.DelegatingMethodAccessorImpl.invoke(DelegatingMethodAccessorImpl.java:43)
Caused by: java.lang.IllegalArgumentException: Object is null
	at com.kms.katalon.core.helper.KeywordHelper.checkTestObjectParameter(KeywordHelper.java:33)
	at com.kms.katalon.core.mobile.keyword.builtin.GetTextKeyword$_getText_closure1.doCall(GetTextKeyword.groovy:41)
	at com.kms.katalon.core.mobile.keyword.builtin.GetTextKeyword$_getText_closure1.call(GetTextKeyword.groovy)
	at com.kms.katalon.core.mobile.keyword.internal.MobileKeywordMain.runKeyword(MobileKeywordMain.groovy:30)
	at com.kms.katalon.core.mobile.keyword.builtin.GetTextKeyword.getText(GetTextKeyword.groovy:51)
	at com.kms.katalon.core.mobile.keyword.builtin.GetTextKeyword.execute(GetTextKeyword.groovy:35)
	at com.kms.katalon.core.keyword.internal.KeywordExecutor.executeKeywordForPlatform(KeywordExecutor.groovy:74)
	at com.kms.katalon.core.mobile.keyword.MobileBuiltInKeywords.getText(MobileBuiltInKeywords.groovy:1245)
	at EmailValidationTests.testTeamMemberEmailError(Script1745304286377.groovy:75)
	at EmailValidationTests.runAllTests(Script1745304286377.groovy:221)
	at Script1745304286377.run(Script1745304286377.groovy:233)
	... 15 more
)

24-04-2025T11:04:45 - [MESSAGE][WARNING] - Test object with id 'Object Repository/Repo/android.widget.TextView - The email address used is a Team Member email address. Please select Create Team Member Account below' does not exist

24-04-2025T11:04:45 - [MESSAGE][WARNING] - Test object with id 'Object Repository/' does not exist

24-04-2025T11:04:47 - [MESSAGE][FAILED] - Failed to get text from element (Root cause: com.kms.katalon.core.exception.StepFailedException: Failed to get text from element
	at com.kms.katalon.core.mobile.keyword.internal.MobileKeywordMain.stepFailed(MobileKeywordMain.groovy:64)
	at com.kms.katalon.core.mobile.keyword.internal.MobileKeywordMain.runKeyword(MobileKeywordMain.groovy:34)
	at com.kms.katalon.core.mobile.keyword.builtin.GetTextKeyword.getText(GetTextKeyword.groovy:51)
	at com.kms.katalon.core.mobile.keyword.builtin.GetTextKeyword.execute(GetTextKeyword.groovy:35)
	at com.kms.katalon.core.keyword.internal.KeywordExecutor.executeKeywordForPlatform(KeywordExecutor.groovy:74)
	at com.kms.katalon.core.mobile.keyword.MobileBuiltInKeywords.getText(MobileBuiltInKeywords.groovy:1245)
	at EmailValidationTests.testTeamMemberEmailError(Script1745304286377.groovy:75)
	at EmailValidationTests.runAllTests(Script1745304286377.groovy:221)
	at C660_C677_C678_C679_C680_C681_SignUpNewUserPage_SignUpFlow.run(C660_C677_C678_C679_C680_C681_SignUpNewUserPage_SignUpFlow:233)
	at com.kms.katalon.core.main.ScriptEngine.run(ScriptEngine.java:194)
	at com.kms.katalon.core.main.ScriptEngine.runScriptAsRawText(ScriptEngine.java:119)
	at com.kms.katalon.core.main.TestCaseExecutor.runScript(TestCaseExecutor.java:448)
	at com.kms.katalon.core.main.TestCaseExecutor.doExecute(TestCaseExecutor.java:439)
	at com.kms.katalon.core.main.TestCaseExecutor.processExecutionPhase(TestCaseExecutor.java:418)
	at com.kms.katalon.core.main.TestCaseExecutor.accessMainPhase(TestCaseExecutor.java:410)
	at com.kms.katalon.core.main.TestCaseExecutor.execute(TestCaseExecutor.java:285)
	at com.kms.katalon.core.common.CommonExecutor.accessTestCaseMainPhase(CommonExecutor.java:71)
	at com.kms.katalon.core.main.TestSuiteExecutor.accessTestSuiteMainPhase(TestSuiteExecutor.java:160)
	at com.kms.katalon.core.main.TestSuiteExecutor.execute(TestSuiteExecutor.java:107)
	at com.kms.katalon.core.main.TestCaseMain.startTestSuite(TestCaseMain.java:180)
	at TempTestSuite1745472255458.run(TempTestSuite1745472255458.groovy:35)
	at java.base/jdk.internal.reflect.NativeMethodAccessorImpl.invoke0(Native Method)
	at java.base/jdk.internal.reflect.NativeMethodAccessorImpl.invoke(NativeMethodAccessorImpl.java:77)
	at java.base/jdk.internal.reflect.DelegatingMethodAccessorImpl.invoke(DelegatingMethodAccessorImpl.java:43)
Caused by: java.lang.IllegalArgumentException: Object is null
	at com.kms.katalon.core.helper.KeywordHelper.checkTestObjectParameter(KeywordHelper.java:33)
	at com.kms.katalon.core.mobile.keyword.builtin.GetTextKeyword$_getText_closure1.doCall(GetTextKeyword.groovy:41)
	at com.kms.katalon.core.mobile.keyword.builtin.GetTextKeyword$_getText_closure1.call(GetTextKeyword.groovy)
	at com.kms.katalon.core.mobile.keyword.internal.MobileKeywordMain.runKeyword(MobileKeywordMain.groovy:30)
	at com.kms.katalon.core.mobile.keyword.builtin.GetTextKeyword.getText(GetTextKeyword.groovy:51)
	at com.kms.katalon.core.mobile.keyword.builtin.GetTextKeyword.execute(GetTextKeyword.groovy:35)
	at com.kms.katalon.core.keyword.internal.KeywordExecutor.executeKeywordForPlatform(KeywordExecutor.groovy:74)
	at com.kms.katalon.core.mobile.keyword.MobileBuiltInKeywords.getText(MobileBuiltInKeywords.groovy:1245)
	at EmailValidationTests.testTeamMemberEmailError(Script1745304286377.groovy:75)
	at EmailValidationTests.runAllTests(Script1745304286377.groovy:221)
	at Script1745304286377.run(Script1745304286377.groovy:233)
	... 15 more
)
[[ATTACHMENT|/Users/gv.vignesh/Downloads/WGR-Android-Automation/Reports/20250424_105415/Android Regression/20250424_105415/1745472885222.png]]

24-04-2025T11:04:47 - [TEST_STEP][PASSED] - catch (Exception e): Object not found or text not available. Skipping check.

24-04-2025T11:04:47 - [TEST_STEP][PASSED] - markWarning("Object not found or text not available. Skipping check."): Object not found or text not available. Skipping check.

24-04-2025T11:04:47 - [MESSAGE][WARNING] - Object not found or text not available. Skipping check.

24-04-2025T11:04:47 - [TEST_STEP][PASSED] - if (actualText != null && actualText.contains(expectedText)): null

24-04-2025T11:04:47 - [TEST_STEP][PASSED] - tap(findTestObject("Object Repository/Repo/android.widget.Button - reset"), 0): Tapped on element 'Object Repository/Repo/android.widget.Button - reset'

24-04-2025T11:04:47 - [MESSAGE][WARNING] - Timeout '0' is invalid. Using default page load timeout: '30'

24-04-2025T11:04:47 - [MESSAGE][PASSED] - Tapped on element 'Object Repository/Repo/android.widget.Button - reset'

24-04-2025T11:04:47 - [TEST_STEP][PASSED] - hideKeyboard(): null

24-04-2025T11:04:49 - [MESSAGE][PASSED] - Keyboard is hidden

24-04-2025T11:04:49 - [TEST_STEP][PASSED] - testEmailAddressMismatch(): null

24-04-2025T11:04:49 - [TEST_STEP][PASSED] - testData = findTestData("Data Files/C679"): null

24-04-2025T11:04:49 - [TEST_STEP][PASSED] - email1 = testData.getValue("email", 1): null

24-04-2025T11:04:49 - [TEST_STEP][PASSED] - email2 = testData.getValue("email", 2): null

24-04-2025T11:04:49 - [TEST_STEP][PASSED] - sendKeys(findTestObject("Object Repository/Repo/android.widget.EditText-LoginorSignUp"), email1): Send keys 'vignesh@chn.com' on test object 'Object Repository/Repo/android.widget.EditText-LoginorSignUp' successfully.

24-04-2025T11:04:50 - [MESSAGE][PASSED] - Send keys 'vignesh@chn.com' on test object 'Object Repository/Repo/android.widget.EditText-LoginorSignUp' successfully.

24-04-2025T11:04:50 - [TEST_STEP][PASSED] - delay(10): Delayed 10 second(s)

24-04-2025T11:05:00 - [MESSAGE][PASSED] - Delayed 10 second(s)

24-04-2025T11:05:00 - [TEST_STEP][PASSED] - tap(findTestObject("Object Repository/Repo/android.widget.Button - Next"), 0): Tapped on element 'Object Repository/Repo/android.widget.Button - Next'

24-04-2025T11:05:00 - [MESSAGE][WARNING] - Timeout '0' is invalid. Using default page load timeout: '30'

24-04-2025T11:05:01 - [MESSAGE][PASSED] - Tapped on element 'Object Repository/Repo/android.widget.Button - Next'

24-04-2025T11:05:01 - [TEST_STEP][PASSED] - delay(20): Delayed 20 second(s)

24-04-2025T11:05:21 - [MESSAGE][PASSED] - Delayed 20 second(s)

24-04-2025T11:05:21 - [TEST_STEP][PASSED] - sendKeys(findTestObject("Object Repository/Repo/android.widget.EditText-confirm email address"), email2): Send keys 'Vignesh@c.com' on test object 'Object Repository/Repo/android.widget.EditText-confirm email address' successfully.

24-04-2025T11:05:22 - [MESSAGE][PASSED] - Send keys 'Vignesh@c.com' on test object 'Object Repository/Repo/android.widget.EditText-confirm email address' successfully.

24-04-2025T11:05:22 - [TEST_STEP][PASSED] - delay(10): Delayed 10 second(s)

24-04-2025T11:05:32 - [MESSAGE][PASSED] - Delayed 10 second(s)

24-04-2025T11:05:32 - [TEST_STEP][PASSED] - try: null

24-04-2025T11:05:32 - [TEST_STEP][PASSED] - actualText = TextView -  Email addresses must match"), 0).trim(): Text of element 'Object Repository/Repo/android.widget.TextView -  Email addresses must match' is: ' Email addresses must match.
'

24-04-2025T11:05:32 - [MESSAGE][WARNING] - Timeout '0' is invalid. Using default page load timeout: '30'

24-04-2025T11:05:32 - [MESSAGE][PASSED] - Text of element 'Object Repository/Repo/android.widget.TextView -  Email addresses must match' is: ' Email addresses must match.
'

24-04-2025T11:05:32 - [TEST_STEP][PASSED] - expectedText = "Email addresses must match.": null

24-04-2025T11:05:32 - [TEST_STEP][PASSED] - if (!(actualText.equals(expectedText))): null

24-04-2025T11:05:32 - [TEST_STEP][PASSED] - out.println("Text matches successfully!"): null

24-04-2025T11:05:32 - [TEST_STEP][PASSED] - tap(findTestObject("Object Repository/Repo/android.widget.Button - reset"), 0): Tapped on element 'Object Repository/Repo/android.widget.Button - reset'

24-04-2025T11:05:32 - [MESSAGE][WARNING] - Timeout '0' is invalid. Using default page load timeout: '30'

24-04-2025T11:05:32 - [MESSAGE][PASSED] - Tapped on element 'Object Repository/Repo/android.widget.Button - reset'

24-04-2025T11:05:32 - [TEST_STEP][PASSED] - hideKeyboard(): null

24-04-2025T11:05:35 - [MESSAGE][PASSED] - Keyboard is hidden

24-04-2025T11:05:35 - [TEST_STEP][PASSED] - testAlreadyUsedEmailAddress(): null

24-04-2025T11:05:35 - [TEST_STEP][PASSED] - excelData = findTestData("Data Files/C680"): null

24-04-2025T11:05:35 - [TEST_STEP][PASSED] - email1 = excelData.getValue("email", 1): null

24-04-2025T11:05:35 - [TEST_STEP][PASSED] - email2 = excelData.getValue("email", 2): null

24-04-2025T11:05:35 - [TEST_STEP][PASSED] - sendKeys(findTestObject("Object Repository/Repo/android.widget.EditText-LoginorSignUp"), email1): Send keys 'm@i.com' on test object 'Object Repository/Repo/android.widget.EditText-LoginorSignUp' successfully.

24-04-2025T11:05:36 - [MESSAGE][PASSED] - Send keys 'm@i.com' on test object 'Object Repository/Repo/android.widget.EditText-LoginorSignUp' successfully.

24-04-2025T11:05:36 - [TEST_STEP][PASSED] - delay(10): Delayed 10 second(s)

24-04-2025T11:05:46 - [MESSAGE][PASSED] - Delayed 10 second(s)

24-04-2025T11:05:46 - [TEST_STEP][PASSED] - tap(findTestObject("Object Repository/Repo/android.widget.Button - Next"), 0): Tapped on element 'Object Repository/Repo/android.widget.Button - Next'

24-04-2025T11:05:46 - [MESSAGE][WARNING] - Timeout '0' is invalid. Using default page load timeout: '30'

24-04-2025T11:05:46 - [MESSAGE][PASSED] - Tapped on element 'Object Repository/Repo/android.widget.Button - Next'

24-04-2025T11:05:46 - [TEST_STEP][PASSED] - delay(10): Delayed 10 second(s)

24-04-2025T11:05:56 - [MESSAGE][PASSED] - Delayed 10 second(s)

24-04-2025T11:05:56 - [TEST_STEP][PASSED] - tap(findTestObject("Object Repository/Repo/android.widget.Button - reset"), 0): Tapped on element 'Object Repository/Repo/android.widget.Button - reset'

24-04-2025T11:05:56 - [MESSAGE][WARNING] - Timeout '0' is invalid. Using default page load timeout: '30'

24-04-2025T11:05:56 - [MESSAGE][PASSED] - Tapped on element 'Object Repository/Repo/android.widget.Button - reset'

24-04-2025T11:05:56 - [TEST_STEP][PASSED] - hideKeyboard(): Keyboard is hidden

24-04-2025T11:05:59 - [MESSAGE][PASSED] - Keyboard is hidden

24-04-2025T11:05:59 - [TEST_STEP][PASSED] - delay(10): Delayed 10 second(s)

24-04-2025T11:06:09 - [MESSAGE][PASSED] - Delayed 10 second(s)

24-04-2025T11:06:09 - [TEST_STEP][PASSED] - sendKeys(findTestObject("Object Repository/Repo/android.widget.EditText -"), email2): Send keys '03205179TM@WG.COM' on test object 'Object Repository/Repo/android.widget.EditText -' successfully.

24-04-2025T11:06:09 - [MESSAGE][PASSED] - Send keys '03205179TM@WG.COM' on test object 'Object Repository/Repo/android.widget.EditText -' successfully.

24-04-2025T11:06:09 - [TEST_STEP][PASSED] - delay(10): Delayed 10 second(s)

24-04-2025T11:06:19 - [MESSAGE][PASSED] - Delayed 10 second(s)

24-04-2025T11:06:19 - [TEST_STEP][PASSED] - tap(findTestObject("Object Repository/Repo/android.widget.EditText-confirm email address"), 0): Tapped on element 'Object Repository/Repo/android.widget.EditText-confirm email address'

24-04-2025T11:06:19 - [MESSAGE][WARNING] - Timeout '0' is invalid. Using default page load timeout: '30'

24-04-2025T11:06:19 - [MESSAGE][PASSED] - Tapped on element 'Object Repository/Repo/android.widget.EditText-confirm email address'

24-04-2025T11:06:19 - [TEST_STEP][PASSED] - hideKeyboard(): Keyboard is hidden

24-04-2025T11:06:21 - [MESSAGE][PASSED] - Keyboard is hidden

24-04-2025T11:06:21 - [TEST_STEP][PASSED] - delay(10): Delayed 10 second(s)

24-04-2025T11:06:31 - [MESSAGE][PASSED] - Delayed 10 second(s)

24-04-2025T11:06:31 - [TEST_STEP][PASSED] - takeScreenshot(): Screenshot is taken

24-04-2025T11:06:33 - [MESSAGE][PASSED] - Screenshot is taken
[[ATTACHMENT|/Users/gv.vignesh/Downloads/WGR-Android-Automation/Reports/20250424_105415/Android Regression/20250424_105415/1745472991929.png]]

24-04-2025T11:06:33 - [TEST_STEP][PASSED] - tap(findTestObject("Object Repository/Repo/android.widget.Button - reset"), 0): Tapped on element 'Object Repository/Repo/android.widget.Button - reset'

24-04-2025T11:06:33 - [MESSAGE][WARNING] - Timeout '0' is invalid. Using default page load timeout: '30'

24-04-2025T11:06:35 - [MESSAGE][PASSED] - Tapped on element 'Object Repository/Repo/android.widget.Button - reset'

24-04-2025T11:06:35 - [TEST_STEP][PASSED] - hideKeyboard(): null

24-04-2025T11:06:37 - [MESSAGE][PASSED] - Keyboard is hidden

24-04-2025T11:06:37 - [TEST_STEP][PASSED] - testCopyPasteEmailFunctionality(): null

24-04-2025T11:06:37 - [TEST_STEP][PASSED] - testData = findTestData("Data Files/C681"): null

24-04-2025T11:06:37 - [TEST_STEP][PASSED] - email1 = testData.getValue("email", 1): null

24-04-2025T11:06:37 - [TEST_STEP][PASSED] - sendKeys(findTestObject("Object Repository/Repo/android.widget.EditText-LoginorSignUp"), email1): Send keys 'b@k.com' on test object 'Object Repository/Repo/android.widget.EditText-LoginorSignUp' successfully.

24-04-2025T11:06:38 - [MESSAGE][PASSED] - Send keys 'b@k.com' on test object 'Object Repository/Repo/android.widget.EditText-LoginorSignUp' successfully.

24-04-2025T11:06:38 - [TEST_STEP][PASSED] - delay(10): Delayed 10 second(s)

24-04-2025T11:06:48 - [MESSAGE][PASSED] - Delayed 10 second(s)

24-04-2025T11:06:48 - [TEST_STEP][PASSED] - tap(findTestObject("Object Repository/Repo/android.widget.Button - Next"), 0): Tapped on element 'Object Repository/Repo/android.widget.Button - Next'

24-04-2025T11:06:48 - [MESSAGE][WARNING] - Timeout '0' is invalid. Using default page load timeout: '30'

24-04-2025T11:06:48 - [MESSAGE][PASSED] - Tapped on element 'Object Repository/Repo/android.widget.Button - Next'

24-04-2025T11:06:48 - [TEST_STEP][PASSED] - delay(10): Delayed 10 second(s)

24-04-2025T11:06:58 - [MESSAGE][PASSED] - Delayed 10 second(s)

24-04-2025T11:06:58 - [TEST_STEP][FAILED] - try: Failed to wait for element ''{0}'' present (Root cause: com.kms.katalon.core.exception.StepFailedException: Failed to wait for element ''{0}'' present
	at com.kms.katalon.core.mobile.keyword.internal.MobileKeywordMain.stepFailed(MobileKeywordMain.groovy:64)
	at com.kms.katalon.core.mobile.keyword.internal.MobileKeywordMain.runKeyword(MobileKeywordMain.groovy:34)
	at com.kms.katalon.core.mobile.keyword.builtin.WaitForElementPresentKeyword.waitForElementPresent(WaitForElementPresentKeyword.groovy:77)
	at com.kms.katalon.core.mobile.keyword.builtin.WaitForElementPresentKeyword.execute(WaitForElementPresentKeyword.groovy:61)
	at com.kms.katalon.core.keyword.internal.KeywordExecutor.executeKeywordForPlatform(KeywordExecutor.groovy:74)
	at com.kms.katalon.core.mobile.keyword.MobileBuiltInKeywords.waitForElementPresent(MobileBuiltInKeywords.groovy:1660)
	at EmailValidationTests.testCopyPasteEmailFunctionality(Script1745304286377.groovy:160)
	at EmailValidationTests.runAllTests(Script1745304286377.groovy:224)
	at C660_C677_C678_C679_C680_C681_SignUpNewUserPage_SignUpFlow.run(C660_C677_C678_C679_C680_C681_SignUpNewUserPage_SignUpFlow:233)
	at com.kms.katalon.core.main.ScriptEngine.run(ScriptEngine.java:194)
	at com.kms.katalon.core.main.ScriptEngine.runScriptAsRawText(ScriptEngine.java:119)
	at com.kms.katalon.core.main.TestCaseExecutor.runScript(TestCaseExecutor.java:448)
	at com.kms.katalon.core.main.TestCaseExecutor.doExecute(TestCaseExecutor.java:439)
	at com.kms.katalon.core.main.TestCaseExecutor.processExecutionPhase(TestCaseExecutor.java:418)
	at com.kms.katalon.core.main.TestCaseExecutor.accessMainPhase(TestCaseExecutor.java:410)
	at com.kms.katalon.core.main.TestCaseExecutor.execute(TestCaseExecutor.java:285)
	at com.kms.katalon.core.common.CommonExecutor.accessTestCaseMainPhase(CommonExecutor.java:71)
	at com.kms.katalon.core.main.TestSuiteExecutor.accessTestSuiteMainPhase(TestSuiteExecutor.java:160)
	at com.kms.katalon.core.main.TestSuiteExecutor.execute(TestSuiteExecutor.java:107)
	at com.kms.katalon.core.main.TestCaseMain.startTestSuite(TestCaseMain.java:180)
	at TempTestSuite1745472255458.run(TempTestSuite1745472255458.groovy:35)
	at java.base/jdk.internal.reflect.NativeMethodAccessorImpl.invoke0(Native Method)
	at java.base/jdk.internal.reflect.NativeMethodAccessorImpl.invoke(NativeMethodAccessorImpl.java:77)
	at java.base/jdk.internal.reflect.DelegatingMethodAccessorImpl.invoke(DelegatingMethodAccessorImpl.java:43)
Caused by: java.lang.IllegalArgumentException: Object is null
	at com.kms.katalon.core.helper.KeywordHelper.checkTestObjectParameter(KeywordHelper.java:33)
	at com.kms.katalon.core.mobile.keyword.builtin.WaitForElementPresentKeyword$_waitForElementPresent_closure1.doCall(WaitForElementPresentKeyword.groovy:67)
	at com.kms.katalon.core.mobile.keyword.builtin.WaitForElementPresentKeyword$_waitForElementPresent_closure1.call(WaitForElementPresentKeyword.groovy)
	at com.kms.katalon.core.mobile.keyword.internal.MobileKeywordMain.runKeyword(MobileKeywordMain.groovy:30)
	at com.kms.katalon.core.mobile.keyword.builtin.WaitForElementPresentKeyword.waitForElementPresent(WaitForElementPresentKeyword.groovy:77)
	at com.kms.katalon.core.mobile.keyword.builtin.WaitForElementPresentKeyword.execute(WaitForElementPresentKeyword.groovy:61)
	at com.kms.katalon.core.keyword.internal.KeywordExecutor.executeKeywordForPlatform(KeywordExecutor.groovy:74)
	at com.kms.katalon.core.mobile.keyword.MobileBuiltInKeywords.waitForElementPresent(MobileBuiltInKeywords.groovy:1660)
	at EmailValidationTests.testCopyPasteEmailFunctionality(Script1745304286377.groovy:160)
	at EmailValidationTests.runAllTests(Script1745304286377.groovy:224)
	at Script1745304286377.run(Script1745304286377.groovy:233)
	... 15 more
)

24-04-2025T11:06:58 - [TEST_STEP][PASSED] - tap(findTestObject("Object Repository/Repo/android.widget.EditText-LoginorSignUp"), 0): Tapped on element 'Object Repository/Repo/android.widget.EditText-LoginorSignUp'

24-04-2025T11:06:58 - [MESSAGE][WARNING] - Timeout '0' is invalid. Using default page load timeout: '30'

24-04-2025T11:06:59 - [MESSAGE][PASSED] - Tapped on element 'Object Repository/Repo/android.widget.EditText-LoginorSignUp'

24-04-2025T11:06:59 - [TEST_STEP][PASSED] - tapAndHold(findTestObject("Object Repository/Repo/android.widget.EditText-LoginorSignUp"), 2, 0): Tapped and held on element 'Object Repository/Repo/android.widget.EditText-LoginorSignUp' with duration 2

24-04-2025T11:06:59 - [MESSAGE][WARNING] - Timeout '0' is invalid. Using default page load timeout: '30'

24-04-2025T11:07:03 - [MESSAGE][PASSED] - Tapped and held on element 'Object Repository/Repo/android.widget.EditText-LoginorSignUp' with duration 2

24-04-2025T11:07:03 - [TEST_STEP][PASSED] - delay(2): Delayed 2 second(s)

24-04-2025T11:07:05 - [MESSAGE][PASSED] - Delayed 2 second(s)

24-04-2025T11:07:05 - [TEST_STEP][FAILED] - if (waitForElementPresent(findTestObject("Object Repository/Repo/android.widget.TextView - Copy"), 3)): Failed to wait for element ''{0}'' present (Root cause: com.kms.katalon.core.exception.StepFailedException: Failed to wait for element ''{0}'' present
	at com.kms.katalon.core.mobile.keyword.internal.MobileKeywordMain.stepFailed(MobileKeywordMain.groovy:64)
	at com.kms.katalon.core.mobile.keyword.internal.MobileKeywordMain.runKeyword(MobileKeywordMain.groovy:34)
	at com.kms.katalon.core.mobile.keyword.builtin.WaitForElementPresentKeyword.waitForElementPresent(WaitForElementPresentKeyword.groovy:77)
	at com.kms.katalon.core.mobile.keyword.builtin.WaitForElementPresentKeyword.execute(WaitForElementPresentKeyword.groovy:61)
	at com.kms.katalon.core.keyword.internal.KeywordExecutor.executeKeywordForPlatform(KeywordExecutor.groovy:74)
	at com.kms.katalon.core.mobile.keyword.MobileBuiltInKeywords.waitForElementPresent(MobileBuiltInKeywords.groovy:1660)
	at EmailValidationTests.testCopyPasteEmailFunctionality(Script1745304286377.groovy:160)
	at EmailValidationTests.runAllTests(Script1745304286377.groovy:224)
	at C660_C677_C678_C679_C680_C681_SignUpNewUserPage_SignUpFlow.run(C660_C677_C678_C679_C680_C681_SignUpNewUserPage_SignUpFlow:233)
	at com.kms.katalon.core.main.ScriptEngine.run(ScriptEngine.java:194)
	at com.kms.katalon.core.main.ScriptEngine.runScriptAsRawText(ScriptEngine.java:119)
	at com.kms.katalon.core.main.TestCaseExecutor.runScript(TestCaseExecutor.java:448)
	at com.kms.katalon.core.main.TestCaseExecutor.doExecute(TestCaseExecutor.java:439)
	at com.kms.katalon.core.main.TestCaseExecutor.processExecutionPhase(TestCaseExecutor.java:418)
	at com.kms.katalon.core.main.TestCaseExecutor.accessMainPhase(TestCaseExecutor.java:410)
	at com.kms.katalon.core.main.TestCaseExecutor.execute(TestCaseExecutor.java:285)
	at com.kms.katalon.core.common.CommonExecutor.accessTestCaseMainPhase(CommonExecutor.java:71)
	at com.kms.katalon.core.main.TestSuiteExecutor.accessTestSuiteMainPhase(TestSuiteExecutor.java:160)
	at com.kms.katalon.core.main.TestSuiteExecutor.execute(TestSuiteExecutor.java:107)
	at com.kms.katalon.core.main.TestCaseMain.startTestSuite(TestCaseMain.java:180)
	at TempTestSuite1745472255458.run(TempTestSuite1745472255458.groovy:35)
	at java.base/jdk.internal.reflect.NativeMethodAccessorImpl.invoke0(Native Method)
	at java.base/jdk.internal.reflect.NativeMethodAccessorImpl.invoke(NativeMethodAccessorImpl.java:77)
	at java.base/jdk.internal.reflect.DelegatingMethodAccessorImpl.invoke(DelegatingMethodAccessorImpl.java:43)
Caused by: java.lang.IllegalArgumentException: Object is null
	at com.kms.katalon.core.helper.KeywordHelper.checkTestObjectParameter(KeywordHelper.java:33)
	at com.kms.katalon.core.mobile.keyword.builtin.WaitForElementPresentKeyword$_waitForElementPresent_closure1.doCall(WaitForElementPresentKeyword.groovy:67)
	at com.kms.katalon.core.mobile.keyword.builtin.WaitForElementPresentKeyword$_waitForElementPresent_closure1.call(WaitForElementPresentKeyword.groovy)
	at com.kms.katalon.core.mobile.keyword.internal.MobileKeywordMain.runKeyword(MobileKeywordMain.groovy:30)
	at com.kms.katalon.core.mobile.keyword.builtin.WaitForElementPresentKeyword.waitForElementPresent(WaitForElementPresentKeyword.groovy:77)
	at com.kms.katalon.core.mobile.keyword.builtin.WaitForElementPresentKeyword.execute(WaitForElementPresentKeyword.groovy:61)
	at com.kms.katalon.core.keyword.internal.KeywordExecutor.executeKeywordForPlatform(KeywordExecutor.groovy:74)
	at com.kms.katalon.core.mobile.keyword.MobileBuiltInKeywords.waitForElementPresent(MobileBuiltInKeywords.groovy:1660)
	at EmailValidationTests.testCopyPasteEmailFunctionality(Script1745304286377.groovy:160)
	at EmailValidationTests.runAllTests(Script1745304286377.groovy:224)
	at Script1745304286377.run(Script1745304286377.groovy:233)
	... 15 more
)

24-04-2025T11:07:05 - [MESSAGE][WARNING] - Test object with id 'Object Repository/Repo/android.widget.TextView - Copy' does not exist

24-04-2025T11:07:05 - [MESSAGE][WARNING] - Test object with id 'Object Repository/' does not exist

24-04-2025T11:07:07 - [MESSAGE][FAILED] - Failed to wait for element ''{0}'' present (Root cause: com.kms.katalon.core.exception.StepFailedException: Failed to wait for element ''{0}'' present
	at com.kms.katalon.core.mobile.keyword.internal.MobileKeywordMain.stepFailed(MobileKeywordMain.groovy:64)
	at com.kms.katalon.core.mobile.keyword.internal.MobileKeywordMain.runKeyword(MobileKeywordMain.groovy:34)
	at com.kms.katalon.core.mobile.keyword.builtin.WaitForElementPresentKeyword.waitForElementPresent(WaitForElementPresentKeyword.groovy:77)
	at com.kms.katalon.core.mobile.keyword.builtin.WaitForElementPresentKeyword.execute(WaitForElementPresentKeyword.groovy:61)
	at com.kms.katalon.core.keyword.internal.KeywordExecutor.executeKeywordForPlatform(KeywordExecutor.groovy:74)
	at com.kms.katalon.core.mobile.keyword.MobileBuiltInKeywords.waitForElementPresent(MobileBuiltInKeywords.groovy:1660)
	at EmailValidationTests.testCopyPasteEmailFunctionality(Script1745304286377.groovy:160)
	at EmailValidationTests.runAllTests(Script1745304286377.groovy:224)
	at C660_C677_C678_C679_C680_C681_SignUpNewUserPage_SignUpFlow.run(C660_C677_C678_C679_C680_C681_SignUpNewUserPage_SignUpFlow:233)
	at com.kms.katalon.core.main.ScriptEngine.run(ScriptEngine.java:194)
	at com.kms.katalon.core.main.ScriptEngine.runScriptAsRawText(ScriptEngine.java:119)
	at com.kms.katalon.core.main.TestCaseExecutor.runScript(TestCaseExecutor.java:448)
	at com.kms.katalon.core.main.TestCaseExecutor.doExecute(TestCaseExecutor.java:439)
	at com.kms.katalon.core.main.TestCaseExecutor.processExecutionPhase(TestCaseExecutor.java:418)
	at com.kms.katalon.core.main.TestCaseExecutor.accessMainPhase(TestCaseExecutor.java:410)
	at com.kms.katalon.core.main.TestCaseExecutor.execute(TestCaseExecutor.java:285)
	at com.kms.katalon.core.common.CommonExecutor.accessTestCaseMainPhase(CommonExecutor.java:71)
	at com.kms.katalon.core.main.TestSuiteExecutor.accessTestSuiteMainPhase(TestSuiteExecutor.java:160)
	at com.kms.katalon.core.main.TestSuiteExecutor.execute(TestSuiteExecutor.java:107)
	at com.kms.katalon.core.main.TestCaseMain.startTestSuite(TestCaseMain.java:180)
	at TempTestSuite1745472255458.run(TempTestSuite1745472255458.groovy:35)
	at java.base/jdk.internal.reflect.NativeMethodAccessorImpl.invoke0(Native Method)
	at java.base/jdk.internal.reflect.NativeMethodAccessorImpl.invoke(NativeMethodAccessorImpl.java:77)
	at java.base/jdk.internal.reflect.DelegatingMethodAccessorImpl.invoke(DelegatingMethodAccessorImpl.java:43)
Caused by: java.lang.IllegalArgumentException: Object is null
	at com.kms.katalon.core.helper.KeywordHelper.checkTestObjectParameter(KeywordHelper.java:33)
	at com.kms.katalon.core.mobile.keyword.builtin.WaitForElementPresentKeyword$_waitForElementPresent_closure1.doCall(WaitForElementPresentKeyword.groovy:67)
	at com.kms.katalon.core.mobile.keyword.builtin.WaitForElementPresentKeyword$_waitForElementPresent_closure1.call(WaitForElementPresentKeyword.groovy)
	at com.kms.katalon.core.mobile.keyword.internal.MobileKeywordMain.runKeyword(MobileKeywordMain.groovy:30)
	at com.kms.katalon.core.mobile.keyword.builtin.WaitForElementPresentKeyword.waitForElementPresent(WaitForElementPresentKeyword.groovy:77)
	at com.kms.katalon.core.mobile.keyword.builtin.WaitForElementPresentKeyword.execute(WaitForElementPresentKeyword.groovy:61)
	at com.kms.katalon.core.keyword.internal.KeywordExecutor.executeKeywordForPlatform(KeywordExecutor.groovy:74)
	at com.kms.katalon.core.mobile.keyword.MobileBuiltInKeywords.waitForElementPresent(MobileBuiltInKeywords.groovy:1660)
	at EmailValidationTests.testCopyPasteEmailFunctionality(Script1745304286377.groovy:160)
	at EmailValidationTests.runAllTests(Script1745304286377.groovy:224)
	at Script1745304286377.run(Script1745304286377.groovy:233)
	... 15 more
)
[[ATTACHMENT|/Users/gv.vignesh/Downloads/WGR-Android-Automation/Reports/20250424_105415/Android Regression/20250424_105415/1745473025230.png]]

24-04-2025T11:07:07 - [TEST_STEP][PASSED] - catch (com.kms.katalon.core.exception.StepFailedException e): null

24-04-2025T11:07:07 - [TEST_STEP][PASSED] - println("⚠️ Error occurred during copy: " + e.getMessage()): null

24-04-2025T11:07:07 - [TEST_STEP][FAILED] - try: Failed to wait for element ''{0}'' present (Root cause: com.kms.katalon.core.exception.StepFailedException: Failed to wait for element ''{0}'' present
	at com.kms.katalon.core.mobile.keyword.internal.MobileKeywordMain.stepFailed(MobileKeywordMain.groovy:64)
	at com.kms.katalon.core.mobile.keyword.internal.MobileKeywordMain.runKeyword(MobileKeywordMain.groovy:34)
	at com.kms.katalon.core.mobile.keyword.builtin.WaitForElementPresentKeyword.waitForElementPresent(WaitForElementPresentKeyword.groovy:77)
	at com.kms.katalon.core.mobile.keyword.builtin.WaitForElementPresentKeyword.execute(WaitForElementPresentKeyword.groovy:61)
	at com.kms.katalon.core.keyword.internal.KeywordExecutor.executeKeywordForPlatform(KeywordExecutor.groovy:74)
	at com.kms.katalon.core.mobile.keyword.MobileBuiltInKeywords.waitForElementPresent(MobileBuiltInKeywords.groovy:1660)
	at EmailValidationTests.testCopyPasteEmailFunctionality(Script1745304286377.groovy:175)
	at EmailValidationTests.runAllTests(Script1745304286377.groovy:224)
	at C660_C677_C678_C679_C680_C681_SignUpNewUserPage_SignUpFlow.run(C660_C677_C678_C679_C680_C681_SignUpNewUserPage_SignUpFlow:233)
	at com.kms.katalon.core.main.ScriptEngine.run(ScriptEngine.java:194)
	at com.kms.katalon.core.main.ScriptEngine.runScriptAsRawText(ScriptEngine.java:119)
	at com.kms.katalon.core.main.TestCaseExecutor.runScript(TestCaseExecutor.java:448)
	at com.kms.katalon.core.main.TestCaseExecutor.doExecute(TestCaseExecutor.java:439)
	at com.kms.katalon.core.main.TestCaseExecutor.processExecutionPhase(TestCaseExecutor.java:418)
	at com.kms.katalon.core.main.TestCaseExecutor.accessMainPhase(TestCaseExecutor.java:410)
	at com.kms.katalon.core.main.TestCaseExecutor.execute(TestCaseExecutor.java:285)
	at com.kms.katalon.core.common.CommonExecutor.accessTestCaseMainPhase(CommonExecutor.java:71)
	at com.kms.katalon.core.main.TestSuiteExecutor.accessTestSuiteMainPhase(TestSuiteExecutor.java:160)
	at com.kms.katalon.core.main.TestSuiteExecutor.execute(TestSuiteExecutor.java:107)
	at com.kms.katalon.core.main.TestCaseMain.startTestSuite(TestCaseMain.java:180)
	at TempTestSuite1745472255458.run(TempTestSuite1745472255458.groovy:35)
	at java.base/jdk.internal.reflect.NativeMethodAccessorImpl.invoke0(Native Method)
	at java.base/jdk.internal.reflect.NativeMethodAccessorImpl.invoke(NativeMethodAccessorImpl.java:77)
	at java.base/jdk.internal.reflect.DelegatingMethodAccessorImpl.invoke(DelegatingMethodAccessorImpl.java:43)
Caused by: java.lang.IllegalArgumentException: Object is null
	at com.kms.katalon.core.helper.KeywordHelper.checkTestObjectParameter(KeywordHelper.java:33)
	at com.kms.katalon.core.mobile.keyword.builtin.WaitForElementPresentKeyword$_waitForElementPresent_closure1.doCall(WaitForElementPresentKeyword.groovy:67)
	at com.kms.katalon.core.mobile.keyword.builtin.WaitForElementPresentKeyword$_waitForElementPresent_closure1.call(WaitForElementPresentKeyword.groovy)
	at com.kms.katalon.core.mobile.keyword.internal.MobileKeywordMain.runKeyword(MobileKeywordMain.groovy:30)
	at com.kms.katalon.core.mobile.keyword.builtin.WaitForElementPresentKeyword.waitForElementPresent(WaitForElementPresentKeyword.groovy:77)
	at com.kms.katalon.core.mobile.keyword.builtin.WaitForElementPresentKeyword.execute(WaitForElementPresentKeyword.groovy:61)
	at com.kms.katalon.core.keyword.internal.KeywordExecutor.executeKeywordForPlatform(KeywordExecutor.groovy:74)
	at com.kms.katalon.core.mobile.keyword.MobileBuiltInKeywords.waitForElementPresent(MobileBuiltInKeywords.groovy:1660)
	at EmailValidationTests.testCopyPasteEmailFunctionality(Script1745304286377.groovy:175)
	at EmailValidationTests.runAllTests(Script1745304286377.groovy:224)
	at Script1745304286377.run(Script1745304286377.groovy:233)
	... 15 more
)

24-04-2025T11:07:07 - [TEST_STEP][PASSED] - tap(findTestObject("Object Repository/Repo/android.widget.EditText-confirm email address"), 0): Tapped on element 'Object Repository/Repo/android.widget.EditText-confirm email address'

24-04-2025T11:07:07 - [MESSAGE][WARNING] - Timeout '0' is invalid. Using default page load timeout: '30'

24-04-2025T11:07:10 - [MESSAGE][PASSED] - Tapped on element 'Object Repository/Repo/android.widget.EditText-confirm email address'

24-04-2025T11:07:10 - [TEST_STEP][PASSED] - tapAndHold(findTestObject("Object Repository/Repo/android.widget.EditText-confirm email address"), 2, 0): Tapped and held on element 'Object Repository/Repo/android.widget.EditText-confirm email address' with duration 2

24-04-2025T11:07:10 - [MESSAGE][WARNING] - Timeout '0' is invalid. Using default page load timeout: '30'

24-04-2025T11:07:14 - [MESSAGE][PASSED] - Tapped and held on element 'Object Repository/Repo/android.widget.EditText-confirm email address' with duration 2

24-04-2025T11:07:14 - [TEST_STEP][PASSED] - delay(2): Delayed 2 second(s)

24-04-2025T11:07:16 - [MESSAGE][PASSED] - Delayed 2 second(s)

24-04-2025T11:07:16 - [TEST_STEP][FAILED] - if (waitForElementPresent(findTestObject("Object Repository/Repo/android.widget.TextView - Paste"), 3)): Failed to wait for element ''{0}'' present (Root cause: com.kms.katalon.core.exception.StepFailedException: Failed to wait for element ''{0}'' present
	at com.kms.katalon.core.mobile.keyword.internal.MobileKeywordMain.stepFailed(MobileKeywordMain.groovy:64)
	at com.kms.katalon.core.mobile.keyword.internal.MobileKeywordMain.runKeyword(MobileKeywordMain.groovy:34)
	at com.kms.katalon.core.mobile.keyword.builtin.WaitForElementPresentKeyword.waitForElementPresent(WaitForElementPresentKeyword.groovy:77)
	at com.kms.katalon.core.mobile.keyword.builtin.WaitForElementPresentKeyword.execute(WaitForElementPresentKeyword.groovy:61)
	at com.kms.katalon.core.keyword.internal.KeywordExecutor.executeKeywordForPlatform(KeywordExecutor.groovy:74)
	at com.kms.katalon.core.mobile.keyword.MobileBuiltInKeywords.waitForElementPresent(MobileBuiltInKeywords.groovy:1660)
	at EmailValidationTests.testCopyPasteEmailFunctionality(Script1745304286377.groovy:175)
	at EmailValidationTests.runAllTests(Script1745304286377.groovy:224)
	at C660_C677_C678_C679_C680_C681_SignUpNewUserPage_SignUpFlow.run(C660_C677_C678_C679_C680_C681_SignUpNewUserPage_SignUpFlow:233)
	at com.kms.katalon.core.main.ScriptEngine.run(ScriptEngine.java:194)
	at com.kms.katalon.core.main.ScriptEngine.runScriptAsRawText(ScriptEngine.java:119)
	at com.kms.katalon.core.main.TestCaseExecutor.runScript(TestCaseExecutor.java:448)
	at com.kms.katalon.core.main.TestCaseExecutor.doExecute(TestCaseExecutor.java:439)
	at com.kms.katalon.core.main.TestCaseExecutor.processExecutionPhase(TestCaseExecutor.java:418)
	at com.kms.katalon.core.main.TestCaseExecutor.accessMainPhase(TestCaseExecutor.java:410)
	at com.kms.katalon.core.main.TestCaseExecutor.execute(TestCaseExecutor.java:285)
	at com.kms.katalon.core.common.CommonExecutor.accessTestCaseMainPhase(CommonExecutor.java:71)
	at com.kms.katalon.core.main.TestSuiteExecutor.accessTestSuiteMainPhase(TestSuiteExecutor.java:160)
	at com.kms.katalon.core.main.TestSuiteExecutor.execute(TestSuiteExecutor.java:107)
	at com.kms.katalon.core.main.TestCaseMain.startTestSuite(TestCaseMain.java:180)
	at TempTestSuite1745472255458.run(TempTestSuite1745472255458.groovy:35)
	at java.base/jdk.internal.reflect.NativeMethodAccessorImpl.invoke0(Native Method)
	at java.base/jdk.internal.reflect.NativeMethodAccessorImpl.invoke(NativeMethodAccessorImpl.java:77)
	at java.base/jdk.internal.reflect.DelegatingMethodAccessorImpl.invoke(DelegatingMethodAccessorImpl.java:43)
Caused by: java.lang.IllegalArgumentException: Object is null
	at com.kms.katalon.core.helper.KeywordHelper.checkTestObjectParameter(KeywordHelper.java:33)
	at com.kms.katalon.core.mobile.keyword.builtin.WaitForElementPresentKeyword$_waitForElementPresent_closure1.doCall(WaitForElementPresentKeyword.groovy:67)
	at com.kms.katalon.core.mobile.keyword.builtin.WaitForElementPresentKeyword$_waitForElementPresent_closure1.call(WaitForElementPresentKeyword.groovy)
	at com.kms.katalon.core.mobile.keyword.internal.MobileKeywordMain.runKeyword(MobileKeywordMain.groovy:30)
	at com.kms.katalon.core.mobile.keyword.builtin.WaitForElementPresentKeyword.waitForElementPresent(WaitForElementPresentKeyword.groovy:77)
	at com.kms.katalon.core.mobile.keyword.builtin.WaitForElementPresentKeyword.execute(WaitForElementPresentKeyword.groovy:61)
	at com.kms.katalon.core.keyword.internal.KeywordExecutor.executeKeywordForPlatform(KeywordExecutor.groovy:74)
	at com.kms.katalon.core.mobile.keyword.MobileBuiltInKeywords.waitForElementPresent(MobileBuiltInKeywords.groovy:1660)
	at EmailValidationTests.testCopyPasteEmailFunctionality(Script1745304286377.groovy:175)
	at EmailValidationTests.runAllTests(Script1745304286377.groovy:224)
	at Script1745304286377.run(Script1745304286377.groovy:233)
	... 15 more
)

24-04-2025T11:07:16 - [MESSAGE][WARNING] - Test object with id 'Object Repository/Repo/android.widget.TextView - Paste' does not exist

24-04-2025T11:07:16 - [MESSAGE][WARNING] - Test object with id 'Object Repository/' does not exist

24-04-2025T11:07:17 - [MESSAGE][FAILED] - Failed to wait for element ''{0}'' present (Root cause: com.kms.katalon.core.exception.StepFailedException: Failed to wait for element ''{0}'' present
	at com.kms.katalon.core.mobile.keyword.internal.MobileKeywordMain.stepFailed(MobileKeywordMain.groovy:64)
	at com.kms.katalon.core.mobile.keyword.internal.MobileKeywordMain.runKeyword(MobileKeywordMain.groovy:34)
	at com.kms.katalon.core.mobile.keyword.builtin.WaitForElementPresentKeyword.waitForElementPresent(WaitForElementPresentKeyword.groovy:77)
	at com.kms.katalon.core.mobile.keyword.builtin.WaitForElementPresentKeyword.execute(WaitForElementPresentKeyword.groovy:61)
	at com.kms.katalon.core.keyword.internal.KeywordExecutor.executeKeywordForPlatform(KeywordExecutor.groovy:74)
	at com.kms.katalon.core.mobile.keyword.MobileBuiltInKeywords.waitForElementPresent(MobileBuiltInKeywords.groovy:1660)
	at EmailValidationTests.testCopyPasteEmailFunctionality(Script1745304286377.groovy:175)
	at EmailValidationTests.runAllTests(Script1745304286377.groovy:224)
	at C660_C677_C678_C679_C680_C681_SignUpNewUserPage_SignUpFlow.run(C660_C677_C678_C679_C680_C681_SignUpNewUserPage_SignUpFlow:233)
	at com.kms.katalon.core.main.ScriptEngine.run(ScriptEngine.java:194)
	at com.kms.katalon.core.main.ScriptEngine.runScriptAsRawText(ScriptEngine.java:119)
	at com.kms.katalon.core.main.TestCaseExecutor.runScript(TestCaseExecutor.java:448)
	at com.kms.katalon.core.main.TestCaseExecutor.doExecute(TestCaseExecutor.java:439)
	at com.kms.katalon.core.main.TestCaseExecutor.processExecutionPhase(TestCaseExecutor.java:418)
	at com.kms.katalon.core.main.TestCaseExecutor.accessMainPhase(TestCaseExecutor.java:410)
	at com.kms.katalon.core.main.TestCaseExecutor.execute(TestCaseExecutor.java:285)
	at com.kms.katalon.core.common.CommonExecutor.accessTestCaseMainPhase(CommonExecutor.java:71)
	at com.kms.katalon.core.main.TestSuiteExecutor.accessTestSuiteMainPhase(TestSuiteExecutor.java:160)
	at com.kms.katalon.core.main.TestSuiteExecutor.execute(TestSuiteExecutor.java:107)
	at com.kms.katalon.core.main.TestCaseMain.startTestSuite(TestCaseMain.java:180)
	at TempTestSuite1745472255458.run(TempTestSuite1745472255458.groovy:35)
	at java.base/jdk.internal.reflect.NativeMethodAccessorImpl.invoke0(Native Method)
	at java.base/jdk.internal.reflect.NativeMethodAccessorImpl.invoke(NativeMethodAccessorImpl.java:77)
	at java.base/jdk.internal.reflect.DelegatingMethodAccessorImpl.invoke(DelegatingMethodAccessorImpl.java:43)
Caused by: java.lang.IllegalArgumentException: Object is null
	at com.kms.katalon.core.helper.KeywordHelper.checkTestObjectParameter(KeywordHelper.java:33)
	at com.kms.katalon.core.mobile.keyword.builtin.WaitForElementPresentKeyword$_waitForElementPresent_closure1.doCall(WaitForElementPresentKeyword.groovy:67)
	at com.kms.katalon.core.mobile.keyword.builtin.WaitForElementPresentKeyword$_waitForElementPresent_closure1.call(WaitForElementPresentKeyword.groovy)
	at com.kms.katalon.core.mobile.keyword.internal.MobileKeywordMain.runKeyword(MobileKeywordMain.groovy:30)
	at com.kms.katalon.core.mobile.keyword.builtin.WaitForElementPresentKeyword.waitForElementPresent(WaitForElementPresentKeyword.groovy:77)
	at com.kms.katalon.core.mobile.keyword.builtin.WaitForElementPresentKeyword.execute(WaitForElementPresentKeyword.groovy:61)
	at com.kms.katalon.core.keyword.internal.KeywordExecutor.executeKeywordForPlatform(KeywordExecutor.groovy:74)
	at com.kms.katalon.core.mobile.keyword.MobileBuiltInKeywords.waitForElementPresent(MobileBuiltInKeywords.groovy:1660)
	at EmailValidationTests.testCopyPasteEmailFunctionality(Script1745304286377.groovy:175)
	at EmailValidationTests.runAllTests(Script1745304286377.groovy:224)
	at Script1745304286377.run(Script1745304286377.groovy:233)
	... 15 more
)
[[ATTACHMENT|/Users/gv.vignesh/Downloads/WGR-Android-Automation/Reports/20250424_105415/Android Regression/20250424_105415/1745473036262.png]]

24-04-2025T11:07:17 - [TEST_STEP][PASSED] - catch (com.kms.katalon.core.exception.StepFailedException e): null

24-04-2025T11:07:17 - [TEST_STEP][PASSED] - println("⚠️ Error occurred during paste: " + e.getMessage()): null

24-04-2025T11:07:17 - [TEST_STEP][PASSED] - testMultipleEmailsFunctionality(): null

24-04-2025T11:07:17 - [TEST_STEP][PASSED] - testData = findTestData("Data Files/Emails"): null

24-04-2025T11:07:17 - [TEST_STEP][PASSED] - email1 = testData.getValue("email", 1): null

24-04-2025T11:07:17 - [TEST_STEP][PASSED] - email2 = testData.getValue("email", 2): null

24-04-2025T11:07:17 - [TEST_STEP][PASSED] - sendKeys(findTestObject("Object Repository/Repo/android.widget.EditText-LoginorSignUp"), email1): Send keys 'c@y.com' on test object 'Object Repository/Repo/android.widget.EditText-LoginorSignUp' successfully.

24-04-2025T11:07:17 - [MESSAGE][PASSED] - Send keys 'c@y.com' on test object 'Object Repository/Repo/android.widget.EditText-LoginorSignUp' successfully.

24-04-2025T11:07:17 - [TEST_STEP][PASSED] - tap(findTestObject("Object Repository/Repo/android.widget.Button - Next (1)"), 10): Tapped on element 'Object Repository/Repo/android.widget.Button - Next (1)'

24-04-2025T11:07:24 - [MESSAGE][PASSED] - Tapped on element 'Object Repository/Repo/android.widget.Button - Next (1)'

24-04-2025T11:07:24 - [TEST_STEP][PASSED] - tap(findTestObject("Object Repository/Repo/android.widget.Button - reset"), 10): Tapped on element 'Object Repository/Repo/android.widget.Button - reset'

24-04-2025T11:07:25 - [MESSAGE][PASSED] - Tapped on element 'Object Repository/Repo/android.widget.Button - reset'

24-04-2025T11:07:25 - [TEST_STEP][PASSED] - hideKeyboard(): Keyboard is hidden

24-04-2025T11:07:25 - [MESSAGE][PASSED] - Keyboard is hidden

24-04-2025T11:07:25 - [TEST_STEP][PASSED] - sendKeys(findTestObject("Object Repository/Repo/android.widget.EditText-confirm email address"), email2): Send keys 'o.m' on test object 'Object Repository/Repo/android.widget.EditText-confirm email address' successfully.

24-04-2025T11:07:26 - [MESSAGE][PASSED] - Send keys 'o.m' on test object 'Object Repository/Repo/android.widget.EditText-confirm email address' successfully.

24-04-2025T11:07:26 - [TEST_STEP][PASSED] - delay(3): Delayed 3 second(s)

24-04-2025T11:07:29 - [MESSAGE][PASSED] - Delayed 3 second(s)

24-04-2025T11:07:29 - [TEST_STEP][PASSED] - tap(findTestObject("Object Repository/Repo/android.widget.EditText-confirm email address"), 10): Tapped on element 'Object Repository/Repo/android.widget.EditText-confirm email address'

24-04-2025T11:07:30 - [MESSAGE][PASSED] - Tapped on element 'Object Repository/Repo/android.widget.EditText-confirm email address'

24-04-2025T11:07:30 - [TEST_STEP][PASSED] - try: null

24-04-2025T11:07:30 - [TEST_STEP][PASSED] - testObject = findTestObject("Object Repository/Repo/android.widget.TextView - Invalid email format"): Test object with id 'Object Repository/Repo/android.widget.TextView - Invalid email format' does not exist

24-04-2025T11:07:30 - [MESSAGE][WARNING] - Test object with id 'Object Repository/Repo/android.widget.TextView - Invalid email format' does not exist

24-04-2025T11:07:30 - [TEST_STEP][PASSED] - if (testObject == null): null

24-04-2025T11:07:30 - [TEST_STEP][PASSED] - throw new java.lang.Exception(Test object 'Invalid email format' not found in the Object Repository.): null

24-04-2025T11:07:30 - [TEST_STEP][PASSED] - catch (Exception e): null

24-04-2025T11:07:30 - [TEST_STEP][PASSED] - println(❌ An error occurred: $e.getMessage()): null

24-04-2025T11:07:30 - [TEST_STEP][PASSED] - Finally: null

24-04-2025T11:07:30 - [TEST_STEP][PASSED] - cleanup(): null

24-04-2025T11:07:30 - [TEST_STEP][PASSED] - closeApplication(): Close app successfully

24-04-2025T11:07:33 - [MESSAGE][PASSED] - Close app successfully]]></system-out>
         <system-err><![CDATA[]]></system-err>
      </testcase>
      <testcase name="Test Cases/Sign Up New UserPage/C696_C698_SignUpNewUserPage_ConfirmationEmail_OutdatedEmail" time="281.29" classname="Test Cases/Sign Up New UserPage/C696_C698_SignUpNewUserPage_ConfirmationEmail_OutdatedEmail" status="PASSED">
         <system-out><![CDATA[24-04-2025T11:07:33 - [TEST_CASE][PASSED] - Test Cases/Sign Up New UserPage/C696_C698_SignUpNewUserPage_ConfirmationEmail_OutdatedEmail: Test Cases/Sign Up New UserPage/C696_C698_SignUpNewUserPage_ConfirmationEmail_OutdatedEmail

24-04-2025T11:07:33 - [TEST_STEP][PASSED] - testData = findTestData("Data Files/LogiNewUser"): null

24-04-2025T11:07:33 - [TEST_STEP][PASSED] - email = testData.getValue("email", 2): null

24-04-2025T11:07:33 - [TEST_STEP][PASSED] - firstName = testData.getValue("firstname", 2): null

24-04-2025T11:07:33 - [TEST_STEP][PASSED] - lastName = testData.getValue("lastname", 2): null

24-04-2025T11:07:33 - [TEST_STEP][PASSED] - password = testData.getValue("password", 2): null

24-04-2025T11:07:33 - [TEST_STEP][PASSED] - confirmPassword = testData.getValue("confirm password", 2): null

24-04-2025T11:07:33 - [TEST_STEP][PASSED] - startApplication(appUrl, true): Started application: '/Users/gv.vignesh/Downloads/WGR-Android-Automation/App Folder/app-debug-Version 2.99.68.apk'

24-04-2025T11:07:33 - [MESSAGE][INFO] - Starting application: '/Users/gv.vignesh/Downloads/WGR-Android-Automation/App Folder/app-debug-Version 2.99.68.apk'

24-04-2025T11:07:33 - [MESSAGE][INFO] - User set preference: ['uiautomator2ServerInstallTimeout', '0']

24-04-2025T11:07:33 - [MESSAGE][INFO] - User set preference: ['deviceId', '']

24-04-2025T11:07:33 - [MESSAGE][INFO] - Detected NodeJS location: "/opt/homebrew/Cellar/node/23.10.0_1/bin/node"

24-04-2025T11:07:33 - [MESSAGE][INFO] - PATH: /opt/homebrew/Cellar/node/23.10.0_1/bin:/opt/homebrew/bin:/usr/bin:/bin:/usr/sbin:/sbin:/Applications/Katalon Studio Enterprise.app/Contents/Eclipse/jre/Contents/Home/bin:/usr/local/bin/

24-04-2025T11:07:33 - [MESSAGE][INFO] - APPIUM_HOME: /Users/gv.vignesh/.appium

24-04-2025T11:07:33 - [MESSAGE][INFO] - appium outlog: /Users/gv.vignesh/Downloads/WGR-Android-Automation/Reports/20250424_105415/Android Regression/20250424_105415/appium.log

24-04-2025T11:07:33 - [MESSAGE][INFO] - appium errlog: /Users/gv.vignesh/Downloads/WGR-Android-Automation/Reports/20250424_105415/Android Regression/20250424_105415/appium_error.log

24-04-2025T11:07:34 - [MESSAGE][INFO] - Appium server started on port 60,702

24-04-2025T11:07:52 - [MESSAGE][PASSED] - Started application: '/Users/gv.vignesh/Downloads/WGR-Android-Automation/App Folder/app-debug-Version 2.99.68.apk'

24-04-2025T11:07:52 - [TEST_STEP][PASSED] - delay(10): Delayed 10 second(s)

24-04-2025T11:08:02 - [MESSAGE][PASSED] - Delayed 10 second(s)

24-04-2025T11:08:02 - [TEST_STEP][PASSED] - tap(findTestObject("Object Repository/Repo/android.widget.Button - Login or Sign Up"), 0): Tapped on element 'Object Repository/Repo/android.widget.Button - Login or Sign Up'

24-04-2025T11:08:02 - [MESSAGE][WARNING] - Timeout '0' is invalid. Using default page load timeout: '30'

24-04-2025T11:08:03 - [MESSAGE][PASSED] - Tapped on element 'Object Repository/Repo/android.widget.Button - Login or Sign Up'

24-04-2025T11:08:03 - [TEST_STEP][PASSED] - delay(10): Delayed 10 second(s)

24-04-2025T11:08:13 - [MESSAGE][PASSED] - Delayed 10 second(s)

24-04-2025T11:08:13 - [TEST_STEP][PASSED] - setText(findTestObject("Object Repository/Repo/android.widget.EditText-LoginorSignUp"), email, 0): Text 'janson@yopmail.com' has been set to element 'Object Repository/Repo/android.widget.EditText-LoginorSignUp'

24-04-2025T11:08:13 - [MESSAGE][WARNING] - Timeout '0' is invalid. Using default page load timeout: '30'

24-04-2025T11:08:14 - [MESSAGE][PASSED] - Text 'janson@yopmail.com' has been set to element 'Object Repository/Repo/android.widget.EditText-LoginorSignUp'

24-04-2025T11:08:14 - [TEST_STEP][PASSED] - hideKeyboard(): Keyboard is hidden

24-04-2025T11:08:16 - [MESSAGE][PASSED] - Keyboard is hidden

24-04-2025T11:08:16 - [TEST_STEP][PASSED] - delay(10): Delayed 10 second(s)

24-04-2025T11:08:26 - [MESSAGE][PASSED] - Delayed 10 second(s)

24-04-2025T11:08:26 - [TEST_STEP][PASSED] - tap(findTestObject("Object Repository/Repo/android.widget.Button - Next"), 0): Tapped on element 'Object Repository/Repo/android.widget.Button - Next'

24-04-2025T11:08:26 - [MESSAGE][WARNING] - Timeout '0' is invalid. Using default page load timeout: '30'

24-04-2025T11:08:27 - [MESSAGE][PASSED] - Tapped on element 'Object Repository/Repo/android.widget.Button - Next'

24-04-2025T11:08:27 - [TEST_STEP][PASSED] - delay(10): Delayed 10 second(s)

24-04-2025T11:08:37 - [MESSAGE][PASSED] - Delayed 10 second(s)

24-04-2025T11:08:37 - [TEST_STEP][PASSED] - setText(findTestObject("Object Repository/Repo/android.widget.EditText-confirm email address"), email, 0): Text 'janson@yopmail.com' has been set to element 'Object Repository/Repo/android.widget.EditText-confirm email address'

24-04-2025T11:08:37 - [MESSAGE][WARNING] - Timeout '0' is invalid. Using default page load timeout: '30'

24-04-2025T11:08:38 - [MESSAGE][PASSED] - Text 'janson@yopmail.com' has been set to element 'Object Repository/Repo/android.widget.EditText-confirm email address'

24-04-2025T11:08:38 - [TEST_STEP][PASSED] - hideKeyboard(): Keyboard is hidden

24-04-2025T11:08:40 - [MESSAGE][PASSED] - Keyboard is hidden

24-04-2025T11:08:40 - [TEST_STEP][PASSED] - delay(10): Delayed 10 second(s)

24-04-2025T11:08:50 - [MESSAGE][PASSED] - Delayed 10 second(s)

24-04-2025T11:08:50 - [TEST_STEP][PASSED] - tap(findTestObject("Object Repository/Repo/android.widget.Button - Next (1)"), 0): Tapped on element 'Object Repository/Repo/android.widget.Button - Next (1)'

24-04-2025T11:08:50 - [MESSAGE][WARNING] - Timeout '0' is invalid. Using default page load timeout: '30'

24-04-2025T11:08:51 - [MESSAGE][PASSED] - Tapped on element 'Object Repository/Repo/android.widget.Button - Next (1)'

24-04-2025T11:08:51 - [TEST_STEP][PASSED] - delay(20): Delayed 20 second(s)

24-04-2025T11:09:11 - [MESSAGE][PASSED] - Delayed 20 second(s)

24-04-2025T11:09:11 - [TEST_STEP][PASSED] - setText(findTestObject("Object Repository/Repo/android.widget.EditText-FirstName"), firstName, 0): Text 'john' has been set to element 'Object Repository/Repo/android.widget.EditText-FirstName'

24-04-2025T11:09:11 - [MESSAGE][WARNING] - Timeout '0' is invalid. Using default page load timeout: '30'

24-04-2025T11:09:12 - [MESSAGE][PASSED] - Text 'john' has been set to element 'Object Repository/Repo/android.widget.EditText-FirstName'

24-04-2025T11:09:12 - [TEST_STEP][PASSED] - hideKeyboard(): Keyboard is hidden

24-04-2025T11:09:14 - [MESSAGE][PASSED] - Keyboard is hidden

24-04-2025T11:09:14 - [TEST_STEP][PASSED] - delay(10): Delayed 10 second(s)

24-04-2025T11:09:24 - [MESSAGE][PASSED] - Delayed 10 second(s)

24-04-2025T11:09:24 - [TEST_STEP][PASSED] - setText(findTestObject("Object Repository/Repo/android.widget.EditText-LastName"), lastName, 0): Text 'doe' has been set to element 'Object Repository/Repo/android.widget.EditText-LastName'

24-04-2025T11:09:24 - [MESSAGE][WARNING] - Timeout '0' is invalid. Using default page load timeout: '30'

24-04-2025T11:09:25 - [MESSAGE][PASSED] - Text 'doe' has been set to element 'Object Repository/Repo/android.widget.EditText-LastName'

24-04-2025T11:09:25 - [TEST_STEP][PASSED] - hideKeyboard(): Keyboard is hidden

24-04-2025T11:09:27 - [MESSAGE][PASSED] - Keyboard is hidden

24-04-2025T11:09:27 - [TEST_STEP][PASSED] - delay(10): Delayed 10 second(s)

24-04-2025T11:09:37 - [MESSAGE][PASSED] - Delayed 10 second(s)

24-04-2025T11:09:37 - [TEST_STEP][PASSED] - sendKeys(findTestObject("Object Repository/Repo/android.widget.EditText-Password"), password): Send keys 'password' on test object 'Object Repository/Repo/android.widget.EditText-Password' successfully.

24-04-2025T11:09:38 - [MESSAGE][PASSED] - Send keys 'password' on test object 'Object Repository/Repo/android.widget.EditText-Password' successfully.

24-04-2025T11:09:38 - [TEST_STEP][PASSED] - hideKeyboard(): Keyboard is hidden

24-04-2025T11:09:38 - [MESSAGE][PASSED] - Keyboard is hidden

24-04-2025T11:09:38 - [TEST_STEP][PASSED] - delay(10): Delayed 10 second(s)

24-04-2025T11:09:48 - [MESSAGE][PASSED] - Delayed 10 second(s)

24-04-2025T11:09:48 - [TEST_STEP][PASSED] - sendKeys(findTestObject("Object Repository/Repo/android.widget.EditText-Confirm Password"), confirmPassword): Send keys 'password' on test object 'Object Repository/Repo/android.widget.EditText-Confirm Password' successfully.

24-04-2025T11:09:49 - [MESSAGE][PASSED] - Send keys 'password' on test object 'Object Repository/Repo/android.widget.EditText-Confirm Password' successfully.

24-04-2025T11:09:49 - [TEST_STEP][PASSED] - hideKeyboard(): Keyboard is hidden

24-04-2025T11:09:49 - [MESSAGE][PASSED] - Keyboard is hidden

24-04-2025T11:09:49 - [TEST_STEP][PASSED] - delay(10): Delayed 10 second(s)

24-04-2025T11:09:59 - [MESSAGE][PASSED] - Delayed 10 second(s)

24-04-2025T11:09:59 - [TEST_STEP][PASSED] - tap(findTestObject("Object Repository/Repo/android.widget.Button - Next (2)"), 0): Tapped on element 'Object Repository/Repo/android.widget.Button - Next (2)'

24-04-2025T11:09:59 - [MESSAGE][WARNING] - Timeout '0' is invalid. Using default page load timeout: '30'

24-04-2025T11:10:00 - [MESSAGE][PASSED] - Tapped on element 'Object Repository/Repo/android.widget.Button - Next (2)'

24-04-2025T11:10:00 - [TEST_STEP][PASSED] - delay(10): Delayed 10 second(s)

24-04-2025T11:10:10 - [MESSAGE][PASSED] - Delayed 10 second(s)

24-04-2025T11:10:10 - [TEST_STEP][PASSED] - deviceHeight = getDeviceHeight(): Current device physical height is 2460

24-04-2025T11:10:10 - [MESSAGE][PASSED] - Current device physical height is 2460

24-04-2025T11:10:10 - [TEST_STEP][PASSED] - deviceWidth = getDeviceWidth(): Current device physical width is 1080

24-04-2025T11:10:11 - [MESSAGE][PASSED] - Current device physical width is 1080

24-04-2025T11:10:11 - [TEST_STEP][PASSED] - startX = deviceWidth / 2: null

24-04-2025T11:10:11 - [TEST_STEP][PASSED] - startY = deviceHeight * 3 / 4: null

24-04-2025T11:10:11 - [TEST_STEP][PASSED] - endX = startX: null

24-04-2025T11:10:11 - [TEST_STEP][PASSED] - endY = deviceHeight / 4: null

24-04-2025T11:10:11 - [TEST_STEP][PASSED] - for ([i = 0, i < 8, (i++)]): Delayed 1 second(s)

24-04-2025T11:10:11 - [TEST_STEP][PASSED] - swipe(startX, startY, endX, endY): Swiped from 540,1,845 to 540,615

24-04-2025T11:10:12 - [MESSAGE][PASSED] - Swiped from 540,1,845 to 540,615

24-04-2025T11:10:12 - [TEST_STEP][PASSED] - delay(1): Delayed 1 second(s)

24-04-2025T11:10:13 - [MESSAGE][PASSED] - Delayed 1 second(s)

24-04-2025T11:10:13 - [TEST_STEP][PASSED] - swipe(startX, startY, endX, endY): Swiped from 540,1,845 to 540,615

24-04-2025T11:10:14 - [MESSAGE][PASSED] - Swiped from 540,1,845 to 540,615

24-04-2025T11:10:14 - [TEST_STEP][PASSED] - delay(1): Delayed 1 second(s)

24-04-2025T11:10:15 - [MESSAGE][PASSED] - Delayed 1 second(s)

24-04-2025T11:10:15 - [TEST_STEP][PASSED] - swipe(startX, startY, endX, endY): Swiped from 540,1,845 to 540,615

24-04-2025T11:10:16 - [MESSAGE][PASSED] - Swiped from 540,1,845 to 540,615

24-04-2025T11:10:16 - [TEST_STEP][PASSED] - delay(1): Delayed 1 second(s)

24-04-2025T11:10:17 - [MESSAGE][PASSED] - Delayed 1 second(s)

24-04-2025T11:10:17 - [TEST_STEP][PASSED] - swipe(startX, startY, endX, endY): Swiped from 540,1,845 to 540,615

24-04-2025T11:10:18 - [MESSAGE][PASSED] - Swiped from 540,1,845 to 540,615

24-04-2025T11:10:18 - [TEST_STEP][PASSED] - delay(1): Delayed 1 second(s)

24-04-2025T11:10:19 - [MESSAGE][PASSED] - Delayed 1 second(s)

24-04-2025T11:10:19 - [TEST_STEP][PASSED] - swipe(startX, startY, endX, endY): Swiped from 540,1,845 to 540,615

24-04-2025T11:10:20 - [MESSAGE][PASSED] - Swiped from 540,1,845 to 540,615

24-04-2025T11:10:20 - [TEST_STEP][PASSED] - delay(1): Delayed 1 second(s)

24-04-2025T11:10:21 - [MESSAGE][PASSED] - Delayed 1 second(s)

24-04-2025T11:10:21 - [TEST_STEP][PASSED] - swipe(startX, startY, endX, endY): Swiped from 540,1,845 to 540,615

24-04-2025T11:10:22 - [MESSAGE][PASSED] - Swiped from 540,1,845 to 540,615

24-04-2025T11:10:22 - [TEST_STEP][PASSED] - delay(1): Delayed 1 second(s)

24-04-2025T11:10:23 - [MESSAGE][PASSED] - Delayed 1 second(s)

24-04-2025T11:10:23 - [TEST_STEP][PASSED] - swipe(startX, startY, endX, endY): Swiped from 540,1,845 to 540,615

24-04-2025T11:10:24 - [MESSAGE][PASSED] - Swiped from 540,1,845 to 540,615

24-04-2025T11:10:24 - [TEST_STEP][PASSED] - delay(1): Delayed 1 second(s)

24-04-2025T11:10:25 - [MESSAGE][PASSED] - Delayed 1 second(s)

24-04-2025T11:10:25 - [TEST_STEP][PASSED] - swipe(startX, startY, endX, endY): Swiped from 540,1,845 to 540,615

24-04-2025T11:10:26 - [MESSAGE][PASSED] - Swiped from 540,1,845 to 540,615

24-04-2025T11:10:26 - [TEST_STEP][PASSED] - delay(1): Delayed 1 second(s)

24-04-2025T11:10:27 - [MESSAGE][PASSED] - Delayed 1 second(s)

24-04-2025T11:10:27 - [TEST_STEP][PASSED] - try: Scrolling to text 'etc)' successfully

24-04-2025T11:10:27 - [TEST_STEP][PASSED] - scrollToText("etc)"): Scrolling to text 'etc)' successfully

24-04-2025T11:10:29 - [MESSAGE][PASSED] - Scrolling to text 'etc)' successfully

24-04-2025T11:10:29 - [TEST_STEP][PASSED] - delay(5): Delayed 5 second(s)

24-04-2025T11:10:34 - [MESSAGE][PASSED] - Delayed 5 second(s)

24-04-2025T11:10:34 - [TEST_STEP][PASSED] - tap(findTestObject("Object Repository/Repo/android.widget.Button - Agree to Terms  Conditions"), 0): Tapped on element 'Object Repository/Repo/android.widget.Button - Agree to Terms  Conditions'

24-04-2025T11:10:34 - [MESSAGE][WARNING] - Timeout '0' is invalid. Using default page load timeout: '30'

24-04-2025T11:10:34 - [MESSAGE][PASSED] - Tapped on element 'Object Repository/Repo/android.widget.Button - Agree to Terms  Conditions'

24-04-2025T11:10:34 - [TEST_STEP][PASSED] - delay(30): Delayed 30 second(s)

24-04-2025T11:11:04 - [MESSAGE][PASSED] - Delayed 30 second(s)

24-04-2025T11:11:04 - [TEST_STEP][PASSED] - setText(findTestObject("Object Repository/Repo/android.widget.EditText-OAM(Login)"), email, 0): Text 'janson@yopmail.com' has been set to element 'Object Repository/Repo/android.widget.EditText-OAM(Login)'

24-04-2025T11:11:04 - [MESSAGE][WARNING] - Timeout '0' is invalid. Using default page load timeout: '30'

24-04-2025T11:11:05 - [MESSAGE][PASSED] - Text 'janson@yopmail.com' has been set to element 'Object Repository/Repo/android.widget.EditText-OAM(Login)'

24-04-2025T11:11:05 - [TEST_STEP][PASSED] - hideKeyboard(): Keyboard is hidden

24-04-2025T11:11:05 - [MESSAGE][PASSED] - Keyboard is hidden

24-04-2025T11:11:05 - [TEST_STEP][PASSED] - delay(10): Delayed 10 second(s)

24-04-2025T11:11:15 - [MESSAGE][PASSED] - Delayed 10 second(s)

24-04-2025T11:11:15 - [TEST_STEP][PASSED] - setText(findTestObject("Object Repository/Repo/android.widget.EditText-OAM(Password)"), password, 0): Text 'password' has been set to element 'Object Repository/Repo/android.widget.EditText-OAM(Password)'

24-04-2025T11:11:15 - [MESSAGE][WARNING] - Timeout '0' is invalid. Using default page load timeout: '30'

24-04-2025T11:11:16 - [MESSAGE][PASSED] - Text 'password' has been set to element 'Object Repository/Repo/android.widget.EditText-OAM(Password)'

24-04-2025T11:11:16 - [TEST_STEP][PASSED] - hideKeyboard(): Keyboard is hidden

24-04-2025T11:11:18 - [MESSAGE][PASSED] - Keyboard is hidden

24-04-2025T11:11:18 - [TEST_STEP][PASSED] - delay(10): Delayed 10 second(s)

24-04-2025T11:11:28 - [MESSAGE][PASSED] - Delayed 10 second(s)

24-04-2025T11:11:28 - [TEST_STEP][PASSED] - tap(findTestObject("Object Repository/Repo/android.widget.Button - LOGIN"), 0): Tapped on element 'Object Repository/Repo/android.widget.Button - LOGIN'

24-04-2025T11:11:28 - [MESSAGE][WARNING] - Timeout '0' is invalid. Using default page load timeout: '30'

24-04-2025T11:11:29 - [MESSAGE][PASSED] - Tapped on element 'Object Repository/Repo/android.widget.Button - LOGIN'

24-04-2025T11:11:29 - [TEST_STEP][PASSED] - delay(20): Delayed 20 second(s)

24-04-2025T11:11:49 - [MESSAGE][PASSED] - Delayed 20 second(s)

24-04-2025T11:11:49 - [TEST_STEP][PASSED] - verifyElementExist(findTestObject("Object Repository/Repo/android.widget.TextView - Resend Confirmation Email"), 0): Element 'Object Repository/Repo/android.widget.TextView - Resend Confirmation Email' is exist

24-04-2025T11:11:49 - [MESSAGE][WARNING] - Timeout '0' is invalid. Using default page load timeout: '30'

24-04-2025T11:11:49 - [MESSAGE][PASSED] - Element 'Object Repository/Repo/android.widget.TextView - Resend Confirmation Email' is exist

24-04-2025T11:11:49 - [TEST_STEP][PASSED] - elementText = TextView - Resend Confirmation Email"), 0).trim(): Text of element 'Object Repository/Repo/android.widget.TextView - Resend Confirmation Email' is: 'Resend Confirmation Email'

24-04-2025T11:11:49 - [MESSAGE][WARNING] - Timeout '0' is invalid. Using default page load timeout: '30'

24-04-2025T11:11:49 - [MESSAGE][PASSED] - Text of element 'Object Repository/Repo/android.widget.TextView - Resend Confirmation Email' is: 'Resend Confirmation Email'

24-04-2025T11:11:49 - [TEST_STEP][PASSED] - println("Text of the element: " + elementText): null

24-04-2025T11:11:49 - [TEST_STEP][PASSED] - expectedText = "Resend Confirmation Email".trim(): null

24-04-2025T11:11:49 - [TEST_STEP][PASSED] - assert elementText.equals(expectedText): null

24-04-2025T11:11:49 - [TEST_STEP][PASSED] - delay(10): Delayed 10 second(s)

24-04-2025T11:11:59 - [MESSAGE][PASSED] - Delayed 10 second(s)

24-04-2025T11:11:59 - [TEST_STEP][PASSED] - tap(findTestObject("Object Repository/Repo/android.widget.TextView - Resend Confirmation Email"), 0): Tapped on element 'Object Repository/Repo/android.widget.TextView - Resend Confirmation Email'

24-04-2025T11:11:59 - [MESSAGE][WARNING] - Timeout '0' is invalid. Using default page load timeout: '30'

24-04-2025T11:12:00 - [MESSAGE][PASSED] - Tapped on element 'Object Repository/Repo/android.widget.TextView - Resend Confirmation Email'

24-04-2025T11:12:00 - [TEST_STEP][PASSED] - verifyElementExist(findTestObject("Object Repository/Repo/android.widget.Button - Next (3)"), 0): Element 'Object Repository/Repo/android.widget.Button - Next (3)' is exist

24-04-2025T11:12:00 - [MESSAGE][WARNING] - Timeout '0' is invalid. Using default page load timeout: '30'

24-04-2025T11:12:01 - [MESSAGE][PASSED] - Element 'Object Repository/Repo/android.widget.Button - Next (3)' is exist

24-04-2025T11:12:01 - [TEST_STEP][PASSED] - delay(5): Delayed 5 second(s)

24-04-2025T11:12:06 - [MESSAGE][PASSED] - Delayed 5 second(s)

24-04-2025T11:12:06 - [TEST_STEP][PASSED] - tap(findTestObject("Object Repository/Repo/android.widget.Button - Next (3)"), 0): Tapped on element 'Object Repository/Repo/android.widget.Button - Next (3)'

24-04-2025T11:12:06 - [MESSAGE][WARNING] - Timeout '0' is invalid. Using default page load timeout: '30'

24-04-2025T11:12:06 - [MESSAGE][PASSED] - Tapped on element 'Object Repository/Repo/android.widget.Button - Next (3)'

24-04-2025T11:12:06 - [TEST_STEP][PASSED] - delay(5): Delayed 5 second(s)

24-04-2025T11:12:11 - [MESSAGE][PASSED] - Delayed 5 second(s)

24-04-2025T11:12:11 - [TEST_STEP][PASSED] - println("All text assertions passed successfully!"): null

24-04-2025T11:12:11 - [TEST_STEP][PASSED] - closeApplication(): Close app successfully

24-04-2025T11:12:14 - [MESSAGE][PASSED] - Close app successfully

24-04-2025T11:12:14 - [TEST_STEP][PASSED] - closeBrowser(): Browser is closed

24-04-2025T11:12:14 - [MESSAGE][PASSED] - Browser is closed]]></system-out>
         <system-err><![CDATA[]]></system-err>
      </testcase>
      <testcase name="Test Cases/Sign Up New UserPage/C699_C690_C691_C692_SignUpNewUserPage_ThankYouPageIsClickable_AgreeAndDoNotAgreeTermsAndConditions" time="313.302" classname="Test Cases/Sign Up New UserPage/C699_C690_C691_C692_SignUpNewUserPage_ThankYouPageIsClickable_AgreeAndDoNotAgreeTermsAndConditions" status="PASSED">
         <system-out><![CDATA[24-04-2025T11:12:14 - [TEST_CASE][PASSED] - Test Cases/Sign Up New UserPage/C699_C690_C691_C692_SignUpNewUserPage_ThankYouPageIsClickable_AgreeAndDoNotAgreeTermsAndConditions: Test Cases/Sign Up New UserPage/C699_C690_C691_C692_SignUpNewUserPage_ThankYouPageIsClickable_AgreeAndDoNotAgreeTermsAndConditions

24-04-2025T11:12:14 - [TEST_STEP][PASSED] - testData = findTestData("Data Files/LogiNewUser"): null

24-04-2025T11:12:14 - [TEST_STEP][PASSED] - email = testData.getValue("email", 3): null

24-04-2025T11:12:14 - [TEST_STEP][PASSED] - firstName = testData.getValue("firstname", 3): null

24-04-2025T11:12:14 - [TEST_STEP][PASSED] - lastName = testData.getValue("lastname", 3): null

24-04-2025T11:12:14 - [TEST_STEP][PASSED] - password = testData.getValue("password", 3): null

24-04-2025T11:12:14 - [TEST_STEP][PASSED] - confirmPassword = testData.getValue("confirm password", 3): null

24-04-2025T11:12:14 - [TEST_STEP][PASSED] - startApplication(appUrl, true): Started application: '/Users/gv.vignesh/Downloads/WGR-Android-Automation/App Folder/app-debug-Version 2.99.68.apk'

24-04-2025T11:12:14 - [MESSAGE][INFO] - Starting application: '/Users/gv.vignesh/Downloads/WGR-Android-Automation/App Folder/app-debug-Version 2.99.68.apk'

24-04-2025T11:12:14 - [MESSAGE][INFO] - User set preference: ['uiautomator2ServerInstallTimeout', '0']

24-04-2025T11:12:14 - [MESSAGE][INFO] - User set preference: ['deviceId', '']

24-04-2025T11:12:14 - [MESSAGE][INFO] - Detected NodeJS location: "/opt/homebrew/Cellar/node/23.10.0_1/bin/node"

24-04-2025T11:12:14 - [MESSAGE][INFO] - PATH: /opt/homebrew/Cellar/node/23.10.0_1/bin:/opt/homebrew/bin:/usr/bin:/bin:/usr/sbin:/sbin:/Applications/Katalon Studio Enterprise.app/Contents/Eclipse/jre/Contents/Home/bin:/usr/local/bin/

24-04-2025T11:12:14 - [MESSAGE][INFO] - APPIUM_HOME: /Users/gv.vignesh/.appium

24-04-2025T11:12:14 - [MESSAGE][INFO] - appium outlog: /Users/gv.vignesh/Downloads/WGR-Android-Automation/Reports/20250424_105415/Android Regression/20250424_105415/appium.log

24-04-2025T11:12:14 - [MESSAGE][INFO] - appium errlog: /Users/gv.vignesh/Downloads/WGR-Android-Automation/Reports/20250424_105415/Android Regression/20250424_105415/appium_error.log

24-04-2025T11:12:15 - [MESSAGE][INFO] - Appium server started on port 61,377

24-04-2025T11:12:32 - [MESSAGE][PASSED] - Started application: '/Users/gv.vignesh/Downloads/WGR-Android-Automation/App Folder/app-debug-Version 2.99.68.apk'

24-04-2025T11:12:32 - [TEST_STEP][PASSED] - delay(10): Delayed 10 second(s)

24-04-2025T11:12:42 - [MESSAGE][PASSED] - Delayed 10 second(s)

24-04-2025T11:12:42 - [TEST_STEP][PASSED] - tap(findTestObject("Object Repository/Repo/android.widget.Button - Login or Sign Up"), 0): Tapped on element 'Object Repository/Repo/android.widget.Button - Login or Sign Up'

24-04-2025T11:12:42 - [MESSAGE][WARNING] - Timeout '0' is invalid. Using default page load timeout: '30'

24-04-2025T11:12:42 - [MESSAGE][PASSED] - Tapped on element 'Object Repository/Repo/android.widget.Button - Login or Sign Up'

24-04-2025T11:12:42 - [TEST_STEP][PASSED] - delay(10): Delayed 10 second(s)

24-04-2025T11:12:52 - [MESSAGE][PASSED] - Delayed 10 second(s)

24-04-2025T11:12:52 - [TEST_STEP][PASSED] - setText(findTestObject("Object Repository/Repo/android.widget.EditText-LoginorSignUp"), email, 0): Text 'jeffi@yopmail.com' has been set to element 'Object Repository/Repo/android.widget.EditText-LoginorSignUp'

24-04-2025T11:12:52 - [MESSAGE][WARNING] - Timeout '0' is invalid. Using default page load timeout: '30'

24-04-2025T11:12:53 - [MESSAGE][PASSED] - Text 'jeffi@yopmail.com' has been set to element 'Object Repository/Repo/android.widget.EditText-LoginorSignUp'

24-04-2025T11:12:53 - [TEST_STEP][PASSED] - hideKeyboard(): Keyboard is hidden

24-04-2025T11:12:56 - [MESSAGE][PASSED] - Keyboard is hidden

24-04-2025T11:12:56 - [TEST_STEP][PASSED] - delay(10): Delayed 10 second(s)

24-04-2025T11:13:06 - [MESSAGE][PASSED] - Delayed 10 second(s)

24-04-2025T11:13:06 - [TEST_STEP][PASSED] - tap(findTestObject("Object Repository/Repo/android.widget.Button - Next"), 0): Tapped on element 'Object Repository/Repo/android.widget.Button - Next'

24-04-2025T11:13:06 - [MESSAGE][WARNING] - Timeout '0' is invalid. Using default page load timeout: '30'

24-04-2025T11:13:06 - [MESSAGE][PASSED] - Tapped on element 'Object Repository/Repo/android.widget.Button - Next'

24-04-2025T11:13:06 - [TEST_STEP][PASSED] - delay(10): Delayed 10 second(s)

24-04-2025T11:13:16 - [MESSAGE][PASSED] - Delayed 10 second(s)

24-04-2025T11:13:16 - [TEST_STEP][PASSED] - setText(findTestObject("Object Repository/Repo/android.widget.EditText-confirm email address"), email, 0): Text 'jeffi@yopmail.com' has been set to element 'Object Repository/Repo/android.widget.EditText-confirm email address'

24-04-2025T11:13:16 - [MESSAGE][WARNING] - Timeout '0' is invalid. Using default page load timeout: '30'

24-04-2025T11:13:17 - [MESSAGE][PASSED] - Text 'jeffi@yopmail.com' has been set to element 'Object Repository/Repo/android.widget.EditText-confirm email address'

24-04-2025T11:13:17 - [TEST_STEP][PASSED] - hideKeyboard(): Keyboard is hidden

24-04-2025T11:13:19 - [MESSAGE][PASSED] - Keyboard is hidden

24-04-2025T11:13:19 - [TEST_STEP][PASSED] - delay(10): Delayed 10 second(s)

24-04-2025T11:13:29 - [MESSAGE][PASSED] - Delayed 10 second(s)

24-04-2025T11:13:29 - [TEST_STEP][PASSED] - tap(findTestObject("Object Repository/Repo/android.widget.Button - Next (1)"), 0): Tapped on element 'Object Repository/Repo/android.widget.Button - Next (1)'

24-04-2025T11:13:29 - [MESSAGE][WARNING] - Timeout '0' is invalid. Using default page load timeout: '30'

24-04-2025T11:13:29 - [MESSAGE][PASSED] - Tapped on element 'Object Repository/Repo/android.widget.Button - Next (1)'

24-04-2025T11:13:29 - [TEST_STEP][PASSED] - delay(10): Delayed 10 second(s)

24-04-2025T11:13:39 - [MESSAGE][PASSED] - Delayed 10 second(s)

24-04-2025T11:13:39 - [TEST_STEP][PASSED] - setText(findTestObject("Object Repository/Repo/android.widget.EditText-FirstName"), firstName, 0): Text 'cameron' has been set to element 'Object Repository/Repo/android.widget.EditText-FirstName'

24-04-2025T11:13:39 - [MESSAGE][WARNING] - Timeout '0' is invalid. Using default page load timeout: '30'

24-04-2025T11:13:40 - [MESSAGE][PASSED] - Text 'cameron' has been set to element 'Object Repository/Repo/android.widget.EditText-FirstName'

24-04-2025T11:13:40 - [TEST_STEP][PASSED] - hideKeyboard(): Keyboard is hidden

24-04-2025T11:13:42 - [MESSAGE][PASSED] - Keyboard is hidden

24-04-2025T11:13:42 - [TEST_STEP][PASSED] - delay(10): Delayed 10 second(s)

24-04-2025T11:13:52 - [MESSAGE][PASSED] - Delayed 10 second(s)

24-04-2025T11:13:52 - [TEST_STEP][PASSED] - setText(findTestObject("Object Repository/Repo/android.widget.EditText-LastName"), lastName, 0): Text 'green' has been set to element 'Object Repository/Repo/android.widget.EditText-LastName'

24-04-2025T11:13:52 - [MESSAGE][WARNING] - Timeout '0' is invalid. Using default page load timeout: '30'

24-04-2025T11:13:53 - [MESSAGE][PASSED] - Text 'green' has been set to element 'Object Repository/Repo/android.widget.EditText-LastName'

24-04-2025T11:13:53 - [TEST_STEP][PASSED] - hideKeyboard(): Keyboard is hidden

24-04-2025T11:13:55 - [MESSAGE][PASSED] - Keyboard is hidden

24-04-2025T11:13:55 - [TEST_STEP][PASSED] - delay(10): Delayed 10 second(s)

24-04-2025T11:14:05 - [MESSAGE][PASSED] - Delayed 10 second(s)

24-04-2025T11:14:05 - [TEST_STEP][PASSED] - sendKeys(findTestObject("Object Repository/Repo/android.widget.EditText-Password"), password): Send keys 'password' on test object 'Object Repository/Repo/android.widget.EditText-Password' successfully.

24-04-2025T11:14:06 - [MESSAGE][PASSED] - Send keys 'password' on test object 'Object Repository/Repo/android.widget.EditText-Password' successfully.

24-04-2025T11:14:06 - [TEST_STEP][PASSED] - delay(10): Delayed 10 second(s)

24-04-2025T11:14:16 - [MESSAGE][PASSED] - Delayed 10 second(s)

24-04-2025T11:14:16 - [TEST_STEP][PASSED] - sendKeys(findTestObject("Object Repository/Repo/android.widget.EditText-Confirm Password"), confirmPassword): Send keys 'password' on test object 'Object Repository/Repo/android.widget.EditText-Confirm Password' successfully.

24-04-2025T11:14:17 - [MESSAGE][PASSED] - Send keys 'password' on test object 'Object Repository/Repo/android.widget.EditText-Confirm Password' successfully.

24-04-2025T11:14:17 - [TEST_STEP][PASSED] - delay(10): Delayed 10 second(s)

24-04-2025T11:14:27 - [MESSAGE][PASSED] - Delayed 10 second(s)

24-04-2025T11:14:27 - [TEST_STEP][PASSED] - tap(findTestObject("Object Repository/Repo/android.widget.Button - Next (2)"), 0): Tapped on element 'Object Repository/Repo/android.widget.Button - Next (2)'

24-04-2025T11:14:27 - [MESSAGE][WARNING] - Timeout '0' is invalid. Using default page load timeout: '30'

24-04-2025T11:14:27 - [MESSAGE][PASSED] - Tapped on element 'Object Repository/Repo/android.widget.Button - Next (2)'

24-04-2025T11:14:27 - [TEST_STEP][PASSED] - delay(10): Delayed 10 second(s)

24-04-2025T11:14:37 - [MESSAGE][PASSED] - Delayed 10 second(s)

24-04-2025T11:14:37 - [TEST_STEP][PASSED] - deviceHeight = getDeviceHeight(): Current device physical height is 2460

24-04-2025T11:14:37 - [MESSAGE][PASSED] - Current device physical height is 2460

24-04-2025T11:14:37 - [TEST_STEP][PASSED] - deviceWidth = getDeviceWidth(): Current device physical width is 1080

24-04-2025T11:14:38 - [MESSAGE][PASSED] - Current device physical width is 1080

24-04-2025T11:14:38 - [TEST_STEP][PASSED] - startX = deviceWidth / 2: null

24-04-2025T11:14:38 - [TEST_STEP][PASSED] - startY = deviceHeight * 3 / 4: null

24-04-2025T11:14:38 - [TEST_STEP][PASSED] - endX = startX: null

24-04-2025T11:14:38 - [TEST_STEP][PASSED] - endY = deviceHeight / 4: null

24-04-2025T11:14:38 - [TEST_STEP][PASSED] - for ([i = 0, i < 8, (i++)]): Delayed 1 second(s)

24-04-2025T11:14:38 - [TEST_STEP][PASSED] - swipe(startX, startY, endX, endY): Swiped from 540,1,845 to 540,615

24-04-2025T11:14:39 - [MESSAGE][PASSED] - Swiped from 540,1,845 to 540,615

24-04-2025T11:14:39 - [TEST_STEP][PASSED] - delay(1): Delayed 1 second(s)

24-04-2025T11:14:40 - [MESSAGE][PASSED] - Delayed 1 second(s)

24-04-2025T11:14:40 - [TEST_STEP][PASSED] - swipe(startX, startY, endX, endY): Swiped from 540,1,845 to 540,615

24-04-2025T11:14:41 - [MESSAGE][PASSED] - Swiped from 540,1,845 to 540,615

24-04-2025T11:14:41 - [TEST_STEP][PASSED] - delay(1): Delayed 1 second(s)

24-04-2025T11:14:42 - [MESSAGE][PASSED] - Delayed 1 second(s)

24-04-2025T11:14:42 - [TEST_STEP][PASSED] - swipe(startX, startY, endX, endY): Swiped from 540,1,845 to 540,615

24-04-2025T11:14:43 - [MESSAGE][PASSED] - Swiped from 540,1,845 to 540,615

24-04-2025T11:14:43 - [TEST_STEP][PASSED] - delay(1): Delayed 1 second(s)

24-04-2025T11:14:44 - [MESSAGE][PASSED] - Delayed 1 second(s)

24-04-2025T11:14:44 - [TEST_STEP][PASSED] - swipe(startX, startY, endX, endY): Swiped from 540,1,845 to 540,615

24-04-2025T11:14:45 - [MESSAGE][PASSED] - Swiped from 540,1,845 to 540,615

24-04-2025T11:14:45 - [TEST_STEP][PASSED] - delay(1): Delayed 1 second(s)

24-04-2025T11:14:46 - [MESSAGE][PASSED] - Delayed 1 second(s)

24-04-2025T11:14:46 - [TEST_STEP][PASSED] - swipe(startX, startY, endX, endY): Swiped from 540,1,845 to 540,615

24-04-2025T11:14:47 - [MESSAGE][PASSED] - Swiped from 540,1,845 to 540,615

24-04-2025T11:14:47 - [TEST_STEP][PASSED] - delay(1): Delayed 1 second(s)

24-04-2025T11:14:48 - [MESSAGE][PASSED] - Delayed 1 second(s)

24-04-2025T11:14:48 - [TEST_STEP][PASSED] - swipe(startX, startY, endX, endY): Swiped from 540,1,845 to 540,615

24-04-2025T11:14:49 - [MESSAGE][PASSED] - Swiped from 540,1,845 to 540,615

24-04-2025T11:14:49 - [TEST_STEP][PASSED] - delay(1): Delayed 1 second(s)

24-04-2025T11:14:50 - [MESSAGE][PASSED] - Delayed 1 second(s)

24-04-2025T11:14:50 - [TEST_STEP][PASSED] - swipe(startX, startY, endX, endY): Swiped from 540,1,845 to 540,615

24-04-2025T11:14:51 - [MESSAGE][PASSED] - Swiped from 540,1,845 to 540,615

24-04-2025T11:14:51 - [TEST_STEP][PASSED] - delay(1): Delayed 1 second(s)

24-04-2025T11:14:52 - [MESSAGE][PASSED] - Delayed 1 second(s)

24-04-2025T11:14:52 - [TEST_STEP][PASSED] - swipe(startX, startY, endX, endY): Swiped from 540,1,845 to 540,615

24-04-2025T11:14:54 - [MESSAGE][PASSED] - Swiped from 540,1,845 to 540,615

24-04-2025T11:14:54 - [TEST_STEP][PASSED] - delay(1): Delayed 1 second(s)

24-04-2025T11:14:55 - [MESSAGE][PASSED] - Delayed 1 second(s)

24-04-2025T11:14:55 - [TEST_STEP][PASSED] - try: Scrolling to text 'etc)' successfully

24-04-2025T11:14:55 - [TEST_STEP][PASSED] - scrollToText("etc)"): Scrolling to text 'etc)' successfully

24-04-2025T11:14:56 - [MESSAGE][PASSED] - Scrolling to text 'etc)' successfully

24-04-2025T11:14:56 - [TEST_STEP][PASSED] - delay(5): Delayed 5 second(s)

24-04-2025T11:15:01 - [MESSAGE][PASSED] - Delayed 5 second(s)

24-04-2025T11:15:01 - [TEST_STEP][PASSED] - tap(findTestObject("Object Repository/Repo/android.widget.Button - Agree to Terms  Conditions"), 0): Tapped on element 'Object Repository/Repo/android.widget.Button - Agree to Terms  Conditions'

24-04-2025T11:15:01 - [MESSAGE][WARNING] - Timeout '0' is invalid. Using default page load timeout: '30'

24-04-2025T11:15:01 - [MESSAGE][PASSED] - Tapped on element 'Object Repository/Repo/android.widget.Button - Agree to Terms  Conditions'

24-04-2025T11:15:01 - [TEST_STEP][PASSED] - delay(45): Delayed 45 second(s)

24-04-2025T11:15:46 - [MESSAGE][PASSED] - Delayed 45 second(s)

24-04-2025T11:15:46 - [TEST_STEP][PASSED] - setText(findTestObject("Object Repository/Repo/android.widget.EditText-OAM(Login)"), email, 0): Text 'jeffi@yopmail.com' has been set to element 'Object Repository/Repo/android.widget.EditText-OAM(Login)'

24-04-2025T11:15:46 - [MESSAGE][WARNING] - Timeout '0' is invalid. Using default page load timeout: '30'

24-04-2025T11:15:47 - [MESSAGE][PASSED] - Text 'jeffi@yopmail.com' has been set to element 'Object Repository/Repo/android.widget.EditText-OAM(Login)'

24-04-2025T11:15:47 - [TEST_STEP][PASSED] - hideKeyboard(): Keyboard is hidden

24-04-2025T11:15:49 - [MESSAGE][PASSED] - Keyboard is hidden

24-04-2025T11:15:49 - [TEST_STEP][PASSED] - delay(10): Delayed 10 second(s)

24-04-2025T11:15:59 - [MESSAGE][PASSED] - Delayed 10 second(s)

24-04-2025T11:15:59 - [TEST_STEP][PASSED] - setText(findTestObject("Object Repository/Repo/android.widget.EditText-OAM(Password)"), password, 0): Text 'password' has been set to element 'Object Repository/Repo/android.widget.EditText-OAM(Password)'

24-04-2025T11:15:59 - [MESSAGE][WARNING] - Timeout '0' is invalid. Using default page load timeout: '30'

24-04-2025T11:15:59 - [MESSAGE][PASSED] - Text 'password' has been set to element 'Object Repository/Repo/android.widget.EditText-OAM(Password)'

24-04-2025T11:15:59 - [TEST_STEP][PASSED] - hideKeyboard(): Keyboard is hidden

24-04-2025T11:16:02 - [MESSAGE][PASSED] - Keyboard is hidden

24-04-2025T11:16:02 - [TEST_STEP][PASSED] - delay(10): Delayed 10 second(s)

24-04-2025T11:16:12 - [MESSAGE][PASSED] - Delayed 10 second(s)

24-04-2025T11:16:12 - [TEST_STEP][PASSED] - tap(findTestObject("Object Repository/Repo/android.widget.Button -OAM(Login)"), 0): Tapped on element 'Object Repository/Repo/android.widget.Button -OAM(Login)'

24-04-2025T11:16:12 - [MESSAGE][WARNING] - Timeout '0' is invalid. Using default page load timeout: '30'

24-04-2025T11:16:13 - [MESSAGE][PASSED] - Tapped on element 'Object Repository/Repo/android.widget.Button -OAM(Login)'

24-04-2025T11:16:13 - [TEST_STEP][PASSED] - delay(20): Delayed 20 second(s)

24-04-2025T11:16:33 - [MESSAGE][PASSED] - Delayed 20 second(s)

24-04-2025T11:16:33 - [TEST_STEP][PASSED] - tap(findTestObject("Object Repository/Repo/android.widget.Button - Next-(VerifyAccount)"), 0): Tapped on element 'Object Repository/Repo/android.widget.Button - Next-(VerifyAccount)'

24-04-2025T11:16:33 - [MESSAGE][WARNING] - Timeout '0' is invalid. Using default page load timeout: '30'

24-04-2025T11:16:33 - [MESSAGE][PASSED] - Tapped on element 'Object Repository/Repo/android.widget.Button - Next-(VerifyAccount)'

24-04-2025T11:16:33 - [TEST_STEP][PASSED] - delay(10): Delayed 10 second(s)

24-04-2025T11:16:43 - [MESSAGE][PASSED] - Delayed 10 second(s)

24-04-2025T11:16:43 - [TEST_STEP][PASSED] - verifyElementExist(findTestObject("Object Repository/Repo/android.widget.TextView - Youve chosen to skip the email verification process. While you can explore the app as a guest, please note that certain features and functionalities may be limited"), 0): Element 'Object Repository/Repo/android.widget.TextView - Youve chosen to skip the email verification process. While you can explore the app as a guest, please note that certain features and functionalities may be limited' is exist

24-04-2025T11:16:43 - [MESSAGE][WARNING] - Timeout '0' is invalid. Using default page load timeout: '30'

24-04-2025T11:16:44 - [MESSAGE][PASSED] - Element 'Object Repository/Repo/android.widget.TextView - Youve chosen to skip the email verification process. While you can explore the app as a guest, please note that certain features and functionalities may be limited' is exist

24-04-2025T11:16:44 - [TEST_STEP][PASSED] - delay(10): Delayed 10 second(s)

24-04-2025T11:16:54 - [MESSAGE][PASSED] - Delayed 10 second(s)

24-04-2025T11:16:54 - [TEST_STEP][PASSED] - verifyElementExist(findTestObject("Object Repository/Repo/android.widget.TextView - To fully access all features"), 0): Element 'Object Repository/Repo/android.widget.TextView - To fully access all features' is exist

24-04-2025T11:16:54 - [MESSAGE][WARNING] - Timeout '0' is invalid. Using default page load timeout: '30'

24-04-2025T11:16:54 - [MESSAGE][PASSED] - Element 'Object Repository/Repo/android.widget.TextView - To fully access all features' is exist

24-04-2025T11:16:54 - [TEST_STEP][PASSED] - delay(10): Delayed 10 second(s)

24-04-2025T11:17:04 - [MESSAGE][PASSED] - Delayed 10 second(s)

24-04-2025T11:17:04 - [TEST_STEP][PASSED] - actualText = getText(findTestObject("Object Repository/Repo/android.widget.TextView - Youve chosen to skip the email verification process. While you can explore the app as a guest, please note that certain features and functionalities may be limited"), 0): Text of element 'Object Repository/Repo/android.widget.TextView - Youve chosen to skip the email verification process. While you can explore the app as a guest, please note that certain features and functionalities may be limited' is: 'You've chosen to skip the email verification process. While you can explore the app as a guest, please note that certain features and functionalities may be limited.'

24-04-2025T11:17:04 - [MESSAGE][WARNING] - Timeout '0' is invalid. Using default page load timeout: '30'

24-04-2025T11:17:04 - [MESSAGE][PASSED] - Text of element 'Object Repository/Repo/android.widget.TextView - Youve chosen to skip the email verification process. While you can explore the app as a guest, please note that certain features and functionalities may be limited' is: 'You've chosen to skip the email verification process. While you can explore the app as a guest, please note that certain features and functionalities may be limited.'

24-04-2025T11:17:04 - [TEST_STEP][PASSED] - expectedText = "You've chosen to skip the email verification process. While you can explore the app as a guest, please note that certain features and functionalities may be limited.": null

24-04-2025T11:17:04 - [TEST_STEP][PASSED] - assert actualText == expectedText: null

24-04-2025T11:17:04 - [TEST_STEP][PASSED] - verifyElementExist(findTestObject("Object Repository/Repo/android.widget.Button - Next (2)"), 0): Element 'Object Repository/Repo/android.widget.Button - Next (2)' is exist

24-04-2025T11:17:04 - [MESSAGE][WARNING] - Timeout '0' is invalid. Using default page load timeout: '30'

24-04-2025T11:17:04 - [MESSAGE][PASSED] - Element 'Object Repository/Repo/android.widget.Button - Next (2)' is exist

24-04-2025T11:17:04 - [TEST_STEP][PASSED] - delay(10): Delayed 10 second(s)

24-04-2025T11:17:14 - [MESSAGE][PASSED] - Delayed 10 second(s)

24-04-2025T11:17:14 - [TEST_STEP][PASSED] - tap(findTestObject("Object Repository/Repo/android.widget.Button - Next (2)"), 0): Tapped on element 'Object Repository/Repo/android.widget.Button - Next (2)'

24-04-2025T11:17:14 - [MESSAGE][WARNING] - Timeout '0' is invalid. Using default page load timeout: '30'

24-04-2025T11:17:15 - [MESSAGE][PASSED] - Tapped on element 'Object Repository/Repo/android.widget.Button - Next (2)'

24-04-2025T11:17:15 - [TEST_STEP][PASSED] - delay(10): Delayed 10 second(s)

24-04-2025T11:17:25 - [MESSAGE][PASSED] - Delayed 10 second(s)

24-04-2025T11:17:25 - [TEST_STEP][PASSED] - closeApplication(): Close app successfully

24-04-2025T11:17:28 - [MESSAGE][PASSED] - Close app successfully

24-04-2025T11:17:28 - [TEST_STEP][PASSED] - closeBrowser(): Browser is closed

24-04-2025T11:17:28 - [MESSAGE][PASSED] - Browser is closed]]></system-out>
         <system-err><![CDATA[]]></system-err>
      </testcase>
      <testcase name="Test Cases/Login Owner OR Renter/C728_LoginOwnerOrRenter_EmailVerificationInSettings" time="88.087" classname="Test Cases/Login Owner OR Renter/C728_LoginOwnerOrRenter_EmailVerificationInSettings" status="PASSED">
         <system-out><![CDATA[24-04-2025T11:17:28 - [TEST_CASE][PASSED] - Test Cases/Login Owner OR Renter/C728_LoginOwnerOrRenter_EmailVerificationInSettings: Test Cases/Login Owner OR Renter/C728_LoginOwnerOrRenter_EmailVerificationInSettings

24-04-2025T11:17:28 - [TEST_STEP][PASSED] - startApplication(appUrl, true): Started application: '/Users/gv.vignesh/Downloads/WGR-Android-Automation/App Folder/app-debug-Version 2.99.68.apk'

24-04-2025T11:17:28 - [MESSAGE][INFO] - Starting application: '/Users/gv.vignesh/Downloads/WGR-Android-Automation/App Folder/app-debug-Version 2.99.68.apk'

24-04-2025T11:17:28 - [MESSAGE][INFO] - User set preference: ['uiautomator2ServerInstallTimeout', '0']

24-04-2025T11:17:28 - [MESSAGE][INFO] - User set preference: ['deviceId', '']

24-04-2025T11:17:28 - [MESSAGE][INFO] - Detected NodeJS location: "/opt/homebrew/Cellar/node/23.10.0_1/bin/node"

24-04-2025T11:17:28 - [MESSAGE][INFO] - PATH: /opt/homebrew/Cellar/node/23.10.0_1/bin:/opt/homebrew/bin:/usr/bin:/bin:/usr/sbin:/sbin:/Applications/Katalon Studio Enterprise.app/Contents/Eclipse/jre/Contents/Home/bin:/usr/local/bin/

24-04-2025T11:17:28 - [MESSAGE][INFO] - APPIUM_HOME: /Users/gv.vignesh/.appium

24-04-2025T11:17:28 - [MESSAGE][INFO] - appium outlog: /Users/gv.vignesh/Downloads/WGR-Android-Automation/Reports/20250424_105415/Android Regression/20250424_105415/appium.log

24-04-2025T11:17:28 - [MESSAGE][INFO] - appium errlog: /Users/gv.vignesh/Downloads/WGR-Android-Automation/Reports/20250424_105415/Android Regression/20250424_105415/appium_error.log

24-04-2025T11:17:29 - [MESSAGE][INFO] - Appium server started on port 62,065

24-04-2025T11:17:46 - [MESSAGE][PASSED] - Started application: '/Users/gv.vignesh/Downloads/WGR-Android-Automation/App Folder/app-debug-Version 2.99.68.apk'

24-04-2025T11:17:46 - [TEST_STEP][PASSED] - delay(15): Delayed 15 second(s)

24-04-2025T11:18:01 - [MESSAGE][PASSED] - Delayed 15 second(s)

24-04-2025T11:18:01 - [TEST_STEP][PASSED] - tap(findTestObject("Object Repository/Repo/android.widget.Button - Login or Sign Up"), 0): Tapped on element 'Object Repository/Repo/android.widget.Button - Login or Sign Up'

24-04-2025T11:18:01 - [MESSAGE][WARNING] - Timeout '0' is invalid. Using default page load timeout: '30'

24-04-2025T11:18:02 - [MESSAGE][PASSED] - Tapped on element 'Object Repository/Repo/android.widget.Button - Login or Sign Up'

24-04-2025T11:18:02 - [TEST_STEP][PASSED] - delay(10): Delayed 10 second(s)

24-04-2025T11:18:12 - [MESSAGE][PASSED] - Delayed 10 second(s)

24-04-2025T11:18:12 - [TEST_STEP][PASSED] - testData = findTestData("Data Files/C728 (1)"): null

24-04-2025T11:18:12 - [TEST_STEP][PASSED] - email = testData.getValue("Email", 1): null

24-04-2025T11:18:12 - [TEST_STEP][PASSED] - sendKeys(findTestObject("Object Repository/Repo/android.widget.EditText-LoginorSignUp"), email): Send keys 'RobinsonCrusoe@yopmail.com' on test object 'Object Repository/Repo/android.widget.EditText-LoginorSignUp' successfully.

24-04-2025T11:18:13 - [MESSAGE][PASSED] - Send keys 'RobinsonCrusoe@yopmail.com' on test object 'Object Repository/Repo/android.widget.EditText-LoginorSignUp' successfully.

24-04-2025T11:18:13 - [TEST_STEP][PASSED] - delay(10): Delayed 10 second(s)

24-04-2025T11:18:23 - [MESSAGE][PASSED] - Delayed 10 second(s)

24-04-2025T11:18:23 - [TEST_STEP][PASSED] - tap(findTestObject("Object Repository/Repo/android.widget.Button - Next"), 0): Tapped on element 'Object Repository/Repo/android.widget.Button - Next'

24-04-2025T11:18:23 - [MESSAGE][WARNING] - Timeout '0' is invalid. Using default page load timeout: '30'

24-04-2025T11:18:23 - [MESSAGE][PASSED] - Tapped on element 'Object Repository/Repo/android.widget.Button - Next'

24-04-2025T11:18:23 - [TEST_STEP][PASSED] - delay(10): Delayed 10 second(s)

24-04-2025T11:18:33 - [MESSAGE][PASSED] - Delayed 10 second(s)

24-04-2025T11:18:33 - [TEST_STEP][PASSED] - tap(findTestObject("Object Repository/Repo/android.widget.Button - reset"), 0): Tapped on element 'Object Repository/Repo/android.widget.Button - reset'

24-04-2025T11:18:33 - [MESSAGE][WARNING] - Timeout '0' is invalid. Using default page load timeout: '30'

24-04-2025T11:18:34 - [MESSAGE][PASSED] - Tapped on element 'Object Repository/Repo/android.widget.Button - reset'

24-04-2025T11:18:34 - [TEST_STEP][PASSED] - hideKeyboard(): Keyboard is hidden

24-04-2025T11:18:36 - [MESSAGE][PASSED] - Keyboard is hidden

24-04-2025T11:18:36 - [TEST_STEP][PASSED] - delay(10): Delayed 10 second(s)

24-04-2025T11:18:46 - [MESSAGE][PASSED] - Delayed 10 second(s)

24-04-2025T11:18:46 - [TEST_STEP][PASSED] - sendKeys(findTestObject("Object Repository/Repo/android.widget.EditText-NewUserEmail"), email): Send keys 'RobinsonCrusoe@yopmail.com' on test object 'Object Repository/Repo/android.widget.EditText-NewUserEmail' successfully.

24-04-2025T11:18:47 - [MESSAGE][PASSED] - Send keys 'RobinsonCrusoe@yopmail.com' on test object 'Object Repository/Repo/android.widget.EditText-NewUserEmail' successfully.

24-04-2025T11:18:47 - [TEST_STEP][PASSED] - enteredEmail = getText(findTestObject("Object Repository/Repo/android.widget.EditText-NewUserEmail"), 0): Text of element 'Object Repository/Repo/android.widget.EditText-NewUserEmail' is: 'RobinsonCrusoe@yopmail.com'

24-04-2025T11:18:47 - [MESSAGE][WARNING] - Timeout '0' is invalid. Using default page load timeout: '30'

24-04-2025T11:18:48 - [MESSAGE][PASSED] - Text of element 'Object Repository/Repo/android.widget.EditText-NewUserEmail' is: 'RobinsonCrusoe@yopmail.com'

24-04-2025T11:18:48 - [TEST_STEP][PASSED] - assert enteredEmail == email: null

24-04-2025T11:18:48 - [TEST_STEP][PASSED] - delay(5): Delayed 5 second(s)

24-04-2025T11:18:53 - [MESSAGE][PASSED] - Delayed 5 second(s)

24-04-2025T11:18:53 - [TEST_STEP][PASSED] - closeApplication(): Close app successfully

24-04-2025T11:18:56 - [MESSAGE][PASSED] - Close app successfully]]></system-out>
         <system-err><![CDATA[]]></system-err>
      </testcase>
      <testcase name="Test Cases/Login Owner OR Renter/C661-C720-C721_LoginOwnerOrRenter_Login_AppVersion_Settingsd" time="179.683" classname="Test Cases/Login Owner OR Renter/C661-C720-C721_LoginOwnerOrRenter_Login_AppVersion_Settingsd" status="PASSED">
         <system-out><![CDATA[24-04-2025T11:18:56 - [TEST_CASE][PASSED] - Test Cases/Login Owner OR Renter/C661-C720-C721_LoginOwnerOrRenter_Login_AppVersion_Settingsd: Test Cases/Login Owner OR Renter/C661-C720-C721_LoginOwnerOrRenter_Login_AppVersion_Settingsd

24-04-2025T11:18:56 - [TEST_STEP][PASSED] - testData = findTestData("Data Files/LogiNewUser"): null

24-04-2025T11:18:56 - [TEST_STEP][PASSED] - email = testData.getValue("email", 1): null

24-04-2025T11:18:56 - [TEST_STEP][PASSED] - password = testData.getValue("password", 1): null

24-04-2025T11:18:56 - [TEST_STEP][PASSED] - expectedVersion = testData.getValue("version", 1): null

24-04-2025T11:18:56 - [TEST_STEP][PASSED] - startApplication(appUrl, true): Started application: '/Users/gv.vignesh/Downloads/WGR-Android-Automation/App Folder/app-debug-Version 2.99.68.apk'

24-04-2025T11:18:56 - [MESSAGE][INFO] - Starting application: '/Users/gv.vignesh/Downloads/WGR-Android-Automation/App Folder/app-debug-Version 2.99.68.apk'

24-04-2025T11:18:56 - [MESSAGE][INFO] - User set preference: ['uiautomator2ServerInstallTimeout', '0']

24-04-2025T11:18:56 - [MESSAGE][INFO] - User set preference: ['deviceId', '']

24-04-2025T11:18:56 - [MESSAGE][INFO] - Detected NodeJS location: "/opt/homebrew/Cellar/node/23.10.0_1/bin/node"

24-04-2025T11:18:56 - [MESSAGE][INFO] - PATH: /opt/homebrew/Cellar/node/23.10.0_1/bin:/opt/homebrew/bin:/usr/bin:/bin:/usr/sbin:/sbin:/Applications/Katalon Studio Enterprise.app/Contents/Eclipse/jre/Contents/Home/bin:/usr/local/bin/

24-04-2025T11:18:56 - [MESSAGE][INFO] - APPIUM_HOME: /Users/gv.vignesh/.appium

24-04-2025T11:18:56 - [MESSAGE][INFO] - appium outlog: /Users/gv.vignesh/Downloads/WGR-Android-Automation/Reports/20250424_105415/Android Regression/20250424_105415/appium.log

24-04-2025T11:18:56 - [MESSAGE][INFO] - appium errlog: /Users/gv.vignesh/Downloads/WGR-Android-Automation/Reports/20250424_105415/Android Regression/20250424_105415/appium_error.log

24-04-2025T11:18:56 - [MESSAGE][INFO] - Appium server started on port 62,299

24-04-2025T11:19:13 - [MESSAGE][PASSED] - Started application: '/Users/gv.vignesh/Downloads/WGR-Android-Automation/App Folder/app-debug-Version 2.99.68.apk'

24-04-2025T11:19:13 - [TEST_STEP][PASSED] - delay(10): Delayed 10 second(s)

24-04-2025T11:19:23 - [MESSAGE][PASSED] - Delayed 10 second(s)

24-04-2025T11:19:23 - [TEST_STEP][PASSED] - tap(findTestObject("Object Repository/Repo/android.widget.Button - Login or Sign Up"), 0): Tapped on element 'Object Repository/Repo/android.widget.Button - Login or Sign Up'

24-04-2025T11:19:23 - [MESSAGE][WARNING] - Timeout '0' is invalid. Using default page load timeout: '30'

24-04-2025T11:19:24 - [MESSAGE][PASSED] - Tapped on element 'Object Repository/Repo/android.widget.Button - Login or Sign Up'

24-04-2025T11:19:24 - [TEST_STEP][PASSED] - delay(10): Delayed 10 second(s)

24-04-2025T11:19:34 - [MESSAGE][PASSED] - Delayed 10 second(s)

24-04-2025T11:19:34 - [TEST_STEP][PASSED] - setText(findTestObject("Object Repository/Repo/android.widget.EditText-LoginorSignUp"), email, 0): Text '0425201TM@WG.COM' has been set to element 'Object Repository/Repo/android.widget.EditText-LoginorSignUp'

24-04-2025T11:19:34 - [MESSAGE][WARNING] - Timeout '0' is invalid. Using default page load timeout: '30'

24-04-2025T11:19:35 - [MESSAGE][PASSED] - Text '0425201TM@WG.COM' has been set to element 'Object Repository/Repo/android.widget.EditText-LoginorSignUp'

24-04-2025T11:19:35 - [TEST_STEP][PASSED] - hideKeyboard(): Keyboard is hidden

24-04-2025T11:19:37 - [MESSAGE][PASSED] - Keyboard is hidden

24-04-2025T11:19:37 - [TEST_STEP][PASSED] - delay(10): Delayed 10 second(s)

24-04-2025T11:19:47 - [MESSAGE][PASSED] - Delayed 10 second(s)

24-04-2025T11:19:47 - [TEST_STEP][PASSED] - tap(findTestObject("Object Repository/Repo/android.widget.Button - Next"), 0): Tapped on element 'Object Repository/Repo/android.widget.Button - Next'

24-04-2025T11:19:47 - [MESSAGE][WARNING] - Timeout '0' is invalid. Using default page load timeout: '30'

24-04-2025T11:19:48 - [MESSAGE][PASSED] - Tapped on element 'Object Repository/Repo/android.widget.Button - Next'

24-04-2025T11:19:48 - [TEST_STEP][PASSED] - delay(45): Delayed 45 second(s)

24-04-2025T11:20:33 - [MESSAGE][PASSED] - Delayed 45 second(s)

24-04-2025T11:20:33 - [TEST_STEP][PASSED] - setText(findTestObject("Object Repository/Repo/android.widget.EditText-OAM(Login)"), email, 0): Text '0425201TM@WG.COM' has been set to element 'Object Repository/Repo/android.widget.EditText-OAM(Login)'

24-04-2025T11:20:33 - [MESSAGE][WARNING] - Timeout '0' is invalid. Using default page load timeout: '30'

24-04-2025T11:20:34 - [MESSAGE][PASSED] - Text '0425201TM@WG.COM' has been set to element 'Object Repository/Repo/android.widget.EditText-OAM(Login)'

24-04-2025T11:20:34 - [TEST_STEP][PASSED] - hideKeyboard(): Keyboard is hidden

24-04-2025T11:20:36 - [MESSAGE][PASSED] - Keyboard is hidden

24-04-2025T11:20:36 - [TEST_STEP][PASSED] - delay(10): Delayed 10 second(s)

24-04-2025T11:20:46 - [MESSAGE][PASSED] - Delayed 10 second(s)

24-04-2025T11:20:46 - [TEST_STEP][PASSED] - setText(findTestObject("Object Repository/Repo/android.widget.EditText-OAM(Password)"), password, 0): Text 'password' has been set to element 'Object Repository/Repo/android.widget.EditText-OAM(Password)'

24-04-2025T11:20:46 - [MESSAGE][WARNING] - Timeout '0' is invalid. Using default page load timeout: '30'

24-04-2025T11:20:47 - [MESSAGE][PASSED] - Text 'password' has been set to element 'Object Repository/Repo/android.widget.EditText-OAM(Password)'

24-04-2025T11:20:47 - [TEST_STEP][PASSED] - hideKeyboard(): Keyboard is hidden

24-04-2025T11:20:49 - [MESSAGE][PASSED] - Keyboard is hidden

24-04-2025T11:20:49 - [TEST_STEP][PASSED] - delay(10): Delayed 10 second(s)

24-04-2025T11:20:59 - [MESSAGE][PASSED] - Delayed 10 second(s)

24-04-2025T11:20:59 - [TEST_STEP][PASSED] - tap(findTestObject("Object Repository/Repo/android.widget.Button -OAM(Login)"), 0): Tapped on element 'Object Repository/Repo/android.widget.Button -OAM(Login)'

24-04-2025T11:20:59 - [MESSAGE][WARNING] - Timeout '0' is invalid. Using default page load timeout: '30'

24-04-2025T11:20:59 - [MESSAGE][PASSED] - Tapped on element 'Object Repository/Repo/android.widget.Button -OAM(Login)'

24-04-2025T11:20:59 - [TEST_STEP][PASSED] - delay(20): Delayed 20 second(s)

24-04-2025T11:21:19 - [MESSAGE][PASSED] - Delayed 20 second(s)

24-04-2025T11:21:19 - [TEST_STEP][PASSED] - tap(findTestObject("Object Repository/Repo/android.view.View - Home"), 0): Tapped on element 'Object Repository/Repo/android.view.View - Home'

24-04-2025T11:21:19 - [MESSAGE][WARNING] - Timeout '0' is invalid. Using default page load timeout: '30'

24-04-2025T11:21:20 - [MESSAGE][PASSED] - Tapped on element 'Object Repository/Repo/android.view.View - Home'

24-04-2025T11:21:20 - [TEST_STEP][PASSED] - delay(10): Delayed 10 second(s)

24-04-2025T11:21:30 - [MESSAGE][PASSED] - Delayed 10 second(s)

24-04-2025T11:21:30 - [TEST_STEP][PASSED] - tap(findTestObject("Object Repository/Repo/android.widget.Button - menu"), 0): Tapped on element 'Object Repository/Repo/android.widget.Button - menu'

24-04-2025T11:21:30 - [MESSAGE][WARNING] - Timeout '0' is invalid. Using default page load timeout: '30'

24-04-2025T11:21:31 - [MESSAGE][PASSED] - Tapped on element 'Object Repository/Repo/android.widget.Button - menu'

24-04-2025T11:21:31 - [TEST_STEP][PASSED] - delay(10): Delayed 10 second(s)

24-04-2025T11:21:41 - [MESSAGE][PASSED] - Delayed 10 second(s)

24-04-2025T11:21:41 - [TEST_STEP][PASSED] - tap(findTestObject("Object Repository/Repo/android.widget.TabWidget-Settings"), 0): Tapped on element 'Object Repository/Repo/android.widget.TabWidget-Settings'

24-04-2025T11:21:41 - [MESSAGE][WARNING] - Timeout '0' is invalid. Using default page load timeout: '30'

24-04-2025T11:21:42 - [MESSAGE][PASSED] - Tapped on element 'Object Repository/Repo/android.widget.TabWidget-Settings'

24-04-2025T11:21:42 - [TEST_STEP][PASSED] - delay(10): Delayed 10 second(s)

24-04-2025T11:21:52 - [MESSAGE][PASSED] - Delayed 10 second(s)

24-04-2025T11:21:52 - [TEST_STEP][PASSED] - actualVersion = getText(findTestObject("Object Repository/testing/android.widget.Button - Version 2.99.68"), 0): Text of element 'Object Repository/testing/android.widget.Button - Version 2.99.68' is: 'Version 2.99.68'

24-04-2025T11:21:52 - [MESSAGE][WARNING] - Timeout '0' is invalid. Using default page load timeout: '30'

24-04-2025T11:21:52 - [MESSAGE][PASSED] - Text of element 'Object Repository/testing/android.widget.Button - Version 2.99.68' is: 'Version 2.99.68'

24-04-2025T11:21:52 - [TEST_STEP][PASSED] - if (actualVersion == expectedVersion): null

24-04-2025T11:21:52 - [TEST_STEP][PASSED] - println(✅ Version verification passed. Expected: $expectedVersion, Actual: $actualVersion): null

24-04-2025T11:21:52 - [TEST_STEP][PASSED] - assert actualVersion == expectedVersion: null

24-04-2025T11:21:52 - [TEST_STEP][PASSED] - closeApplication(): Close app successfully

24-04-2025T11:21:55 - [MESSAGE][PASSED] - Close app successfully

24-04-2025T11:21:55 - [TEST_STEP][PASSED] - closeBrowser(): Browser is closed

24-04-2025T11:21:55 - [MESSAGE][PASSED] - Browser is closed]]></system-out>
         <system-err><![CDATA[]]></system-err>
      </testcase>
      <testcase name="Test Cases/Login Owner OR Renter/C735_C736_LoginOwnerOrRenter_TermsAndConditions_PrivacyPolicy" time="271.221" classname="Test Cases/Login Owner OR Renter/C735_C736_LoginOwnerOrRenter_TermsAndConditions_PrivacyPolicy" status="PASSED">
         <system-out><![CDATA[24-04-2025T11:21:55 - [TEST_CASE][PASSED] - Test Cases/Login Owner OR Renter/C735_C736_LoginOwnerOrRenter_TermsAndConditions_PrivacyPolicy: Test Cases/Login Owner OR Renter/C735_C736_LoginOwnerOrRenter_TermsAndConditions_PrivacyPolicy

24-04-2025T11:21:55 - [TEST_STEP][PASSED] - testData = findTestData("Data Files/LogiNewUser"): null

24-04-2025T11:21:55 - [TEST_STEP][PASSED] - email = testData.getValue("email", 1): null

24-04-2025T11:21:55 - [TEST_STEP][PASSED] - password = testData.getValue("password", 1): null

24-04-2025T11:21:55 - [TEST_STEP][PASSED] - startApplication(appUrl, true): Started application: '/Users/gv.vignesh/Downloads/WGR-Android-Automation/App Folder/app-debug-Version 2.99.68.apk'

24-04-2025T11:21:55 - [MESSAGE][INFO] - Starting application: '/Users/gv.vignesh/Downloads/WGR-Android-Automation/App Folder/app-debug-Version 2.99.68.apk'

24-04-2025T11:21:55 - [MESSAGE][INFO] - User set preference: ['uiautomator2ServerInstallTimeout', '0']

24-04-2025T11:21:55 - [MESSAGE][INFO] - User set preference: ['deviceId', '']

24-04-2025T11:21:55 - [MESSAGE][INFO] - Detected NodeJS location: "/opt/homebrew/Cellar/node/23.10.0_1/bin/node"

24-04-2025T11:21:55 - [MESSAGE][INFO] - PATH: /opt/homebrew/Cellar/node/23.10.0_1/bin:/opt/homebrew/bin:/usr/bin:/bin:/usr/sbin:/sbin:/Applications/Katalon Studio Enterprise.app/Contents/Eclipse/jre/Contents/Home/bin:/usr/local/bin/

24-04-2025T11:21:55 - [MESSAGE][INFO] - APPIUM_HOME: /Users/gv.vignesh/.appium

24-04-2025T11:21:55 - [MESSAGE][INFO] - appium outlog: /Users/gv.vignesh/Downloads/WGR-Android-Automation/Reports/20250424_105415/Android Regression/20250424_105415/appium.log

24-04-2025T11:21:55 - [MESSAGE][INFO] - appium errlog: /Users/gv.vignesh/Downloads/WGR-Android-Automation/Reports/20250424_105415/Android Regression/20250424_105415/appium_error.log

24-04-2025T11:21:56 - [MESSAGE][INFO] - Appium server started on port 62,609

24-04-2025T11:22:13 - [MESSAGE][PASSED] - Started application: '/Users/gv.vignesh/Downloads/WGR-Android-Automation/App Folder/app-debug-Version 2.99.68.apk'

24-04-2025T11:22:13 - [TEST_STEP][PASSED] - delay(10): Delayed 10 second(s)

24-04-2025T11:22:23 - [MESSAGE][PASSED] - Delayed 10 second(s)

24-04-2025T11:22:23 - [TEST_STEP][PASSED] - tap(findTestObject("Object Repository/Repo/android.widget.Button - Login or Sign Up"), 0): Tapped on element 'Object Repository/Repo/android.widget.Button - Login or Sign Up'

24-04-2025T11:22:23 - [MESSAGE][WARNING] - Timeout '0' is invalid. Using default page load timeout: '30'

24-04-2025T11:22:24 - [MESSAGE][PASSED] - Tapped on element 'Object Repository/Repo/android.widget.Button - Login or Sign Up'

24-04-2025T11:22:24 - [TEST_STEP][PASSED] - delay(10): Delayed 10 second(s)

24-04-2025T11:22:34 - [MESSAGE][PASSED] - Delayed 10 second(s)

24-04-2025T11:22:34 - [TEST_STEP][PASSED] - sendKeys(findTestObject("Object Repository/Repo/android.widget.EditText-LoginorSignUp"), email): Send keys '0425201TM@WG.COM' on test object 'Object Repository/Repo/android.widget.EditText-LoginorSignUp' successfully.

24-04-2025T11:22:35 - [MESSAGE][PASSED] - Send keys '0425201TM@WG.COM' on test object 'Object Repository/Repo/android.widget.EditText-LoginorSignUp' successfully.

24-04-2025T11:22:35 - [TEST_STEP][PASSED] - delay(10): Delayed 10 second(s)

24-04-2025T11:22:45 - [MESSAGE][PASSED] - Delayed 10 second(s)

24-04-2025T11:22:45 - [TEST_STEP][PASSED] - tap(findTestObject("Object Repository/Repo/android.widget.Button - Next"), 0): Tapped on element 'Object Repository/Repo/android.widget.Button - Next'

24-04-2025T11:22:45 - [MESSAGE][WARNING] - Timeout '0' is invalid. Using default page load timeout: '30'

24-04-2025T11:22:46 - [MESSAGE][PASSED] - Tapped on element 'Object Repository/Repo/android.widget.Button - Next'

24-04-2025T11:22:46 - [TEST_STEP][PASSED] - delay(45): Delayed 45 second(s)

24-04-2025T11:23:31 - [MESSAGE][PASSED] - Delayed 45 second(s)

24-04-2025T11:23:31 - [TEST_STEP][PASSED] - setText(findTestObject("Object Repository/Repo/android.widget.EditText-OAM(Login)"), email, 0): Text '0425201TM@WG.COM' has been set to element 'Object Repository/Repo/android.widget.EditText-OAM(Login)'

24-04-2025T11:23:31 - [MESSAGE][WARNING] - Timeout '0' is invalid. Using default page load timeout: '30'

24-04-2025T11:23:32 - [MESSAGE][PASSED] - Text '0425201TM@WG.COM' has been set to element 'Object Repository/Repo/android.widget.EditText-OAM(Login)'

24-04-2025T11:23:32 - [TEST_STEP][PASSED] - hideKeyboard(): Keyboard is hidden

24-04-2025T11:23:34 - [MESSAGE][PASSED] - Keyboard is hidden

24-04-2025T11:23:34 - [TEST_STEP][PASSED] - delay(10): Delayed 10 second(s)

24-04-2025T11:23:44 - [MESSAGE][PASSED] - Delayed 10 second(s)

24-04-2025T11:23:44 - [TEST_STEP][PASSED] - setText(findTestObject("Object Repository/Repo/android.widget.EditText-OAM(Password)"), password, 0): Text 'password' has been set to element 'Object Repository/Repo/android.widget.EditText-OAM(Password)'

24-04-2025T11:23:44 - [MESSAGE][WARNING] - Timeout '0' is invalid. Using default page load timeout: '30'

24-04-2025T11:23:45 - [MESSAGE][PASSED] - Text 'password' has been set to element 'Object Repository/Repo/android.widget.EditText-OAM(Password)'

24-04-2025T11:23:45 - [TEST_STEP][PASSED] - hideKeyboard(): Keyboard is hidden

24-04-2025T11:23:47 - [MESSAGE][PASSED] - Keyboard is hidden

24-04-2025T11:23:47 - [TEST_STEP][PASSED] - delay(10): Delayed 10 second(s)

24-04-2025T11:23:57 - [MESSAGE][PASSED] - Delayed 10 second(s)

24-04-2025T11:23:57 - [TEST_STEP][PASSED] - tap(findTestObject("Object Repository/Repo/android.widget.Button -OAM(Login)"), 0): Tapped on element 'Object Repository/Repo/android.widget.Button -OAM(Login)'

24-04-2025T11:23:57 - [MESSAGE][WARNING] - Timeout '0' is invalid. Using default page load timeout: '30'

24-04-2025T11:23:57 - [MESSAGE][PASSED] - Tapped on element 'Object Repository/Repo/android.widget.Button -OAM(Login)'

24-04-2025T11:23:57 - [TEST_STEP][PASSED] - delay(20): Delayed 20 second(s)

24-04-2025T11:24:17 - [MESSAGE][PASSED] - Delayed 20 second(s)

24-04-2025T11:24:17 - [TEST_STEP][PASSED] - tap(findTestObject("Object Repository/Repo/android.view.View - Home"), 0, STOP_ON_FAILURE): Tapped on element 'Object Repository/Repo/android.view.View - Home'

24-04-2025T11:24:17 - [MESSAGE][WARNING] - Timeout '0' is invalid. Using default page load timeout: '30'

24-04-2025T11:24:18 - [MESSAGE][PASSED] - Tapped on element 'Object Repository/Repo/android.view.View - Home'

24-04-2025T11:24:18 - [TEST_STEP][PASSED] - delay(5): Delayed 5 second(s)

24-04-2025T11:24:23 - [MESSAGE][PASSED] - Delayed 5 second(s)

24-04-2025T11:24:23 - [TEST_STEP][PASSED] - tap(findTestObject("Object Repository/Repo/android.widget.Button - menu"), 0, STOP_ON_FAILURE): Tapped on element 'Object Repository/Repo/android.widget.Button - menu'

24-04-2025T11:24:23 - [MESSAGE][WARNING] - Timeout '0' is invalid. Using default page load timeout: '30'

24-04-2025T11:24:24 - [MESSAGE][PASSED] - Tapped on element 'Object Repository/Repo/android.widget.Button - menu'

24-04-2025T11:24:24 - [TEST_STEP][PASSED] - delay(20): Delayed 20 second(s)

24-04-2025T11:24:44 - [MESSAGE][PASSED] - Delayed 20 second(s)

24-04-2025T11:24:44 - [TEST_STEP][PASSED] - if (waitForElementPresent(findTestObject("Object Repository/Repo/android.widget.TextView - Terms and Conditions-Menu"), 10, CONTINUE_ON_FAILURE)): null

24-04-2025T11:24:44 - [MESSAGE][PASSED] - Element 'Object Repository/Repo/android.widget.TextView - Terms and Conditions-Menu' is present

24-04-2025T11:24:44 - [TEST_STEP][PASSED] - tap(findTestObject("Object Repository/Repo/android.widget.TextView - Terms and Conditions-Menu"), 0, STOP_ON_FAILURE): Tapped on element 'Object Repository/Repo/android.widget.TextView - Terms and Conditions-Menu'

24-04-2025T11:24:44 - [MESSAGE][WARNING] - Timeout '0' is invalid. Using default page load timeout: '30'

24-04-2025T11:24:45 - [MESSAGE][PASSED] - Tapped on element 'Object Repository/Repo/android.widget.TextView - Terms and Conditions-Menu'

24-04-2025T11:24:45 - [TEST_STEP][PASSED] - delay(20): Delayed 20 second(s)

24-04-2025T11:25:05 - [MESSAGE][PASSED] - Delayed 20 second(s)

24-04-2025T11:25:05 - [TEST_STEP][PASSED] - if (waitForElementPresent(findTestObject("Object Repository/Repo/android.view.View-Terms and conditions web"), 10, CONTINUE_ON_FAILURE)): null

24-04-2025T11:25:05 - [MESSAGE][PASSED] - Element 'Object Repository/Repo/android.view.View-Terms and conditions web' is present

24-04-2025T11:25:05 - [TEST_STEP][PASSED] - println("Element 'android.view.View - Terms & Conditions-Webview' exists."): null

24-04-2025T11:25:05 - [TEST_STEP][PASSED] - delay(20): Delayed 20 second(s)

24-04-2025T11:25:25 - [MESSAGE][PASSED] - Delayed 20 second(s)

24-04-2025T11:25:25 - [TEST_STEP][PASSED] - tap(findTestObject("Object Repository/Repo/android.widget.ImageButton-Cancel web"), 0, STOP_ON_FAILURE): Tapped on element 'Object Repository/Repo/android.widget.ImageButton-Cancel web'

24-04-2025T11:25:25 - [MESSAGE][WARNING] - Timeout '0' is invalid. Using default page load timeout: '30'

24-04-2025T11:25:26 - [MESSAGE][PASSED] - Tapped on element 'Object Repository/Repo/android.widget.ImageButton-Cancel web'

24-04-2025T11:25:26 - [TEST_STEP][PASSED] - delay(15): Delayed 15 second(s)

24-04-2025T11:25:41 - [MESSAGE][PASSED] - Delayed 15 second(s)

24-04-2025T11:25:41 - [TEST_STEP][PASSED] - tap(findTestObject("Object Repository/Repo/android.widget.Button - menu"), 0, STOP_ON_FAILURE): Tapped on element 'Object Repository/Repo/android.widget.Button - menu'

24-04-2025T11:25:41 - [MESSAGE][WARNING] - Timeout '0' is invalid. Using default page load timeout: '30'

24-04-2025T11:25:42 - [MESSAGE][PASSED] - Tapped on element 'Object Repository/Repo/android.widget.Button - menu'

24-04-2025T11:25:42 - [TEST_STEP][PASSED] - delay(20): Delayed 20 second(s)

24-04-2025T11:26:02 - [MESSAGE][PASSED] - Delayed 20 second(s)

24-04-2025T11:26:02 - [TEST_STEP][PASSED] - tap(findTestObject("Object Repository/Repo/android.widget.TextView - Privacy Policy-Menu"), 0, STOP_ON_FAILURE): Tapped on element 'Object Repository/Repo/android.widget.TextView - Privacy Policy-Menu'

24-04-2025T11:26:02 - [MESSAGE][WARNING] - Timeout '0' is invalid. Using default page load timeout: '30'

24-04-2025T11:26:02 - [MESSAGE][PASSED] - Tapped on element 'Object Repository/Repo/android.widget.TextView - Privacy Policy-Menu'

24-04-2025T11:26:02 - [TEST_STEP][PASSED] - delay(20): Delayed 20 second(s)

24-04-2025T11:26:22 - [MESSAGE][PASSED] - Delayed 20 second(s)

24-04-2025T11:26:22 - [TEST_STEP][PASSED] - if (waitForElementPresent(findTestObject("Object Repository/Repo/android.widget.TextView - Privacy Policy-web"), 20, STOP_ON_FAILURE)): null

24-04-2025T11:26:23 - [MESSAGE][PASSED] - Element 'Object Repository/Repo/android.widget.TextView - Privacy Policy-web' is present

24-04-2025T11:26:23 - [TEST_STEP][PASSED] - println("Element 'android.widget.TextView - Privacy Policy-web' exists."): null

24-04-2025T11:26:23 - [TEST_STEP][PASSED] - closeApplication(): Close app successfully

24-04-2025T11:26:27 - [MESSAGE][PASSED] - Close app successfully]]></system-out>
         <system-err><![CDATA[]]></system-err>
      </testcase>
      <testcase name="Test Cases/Book A Rental Tile/C770_C771_BookARentalTile_ThingsToDoFeed" time="171.165" classname="Test Cases/Book A Rental Tile/C770_C771_BookARentalTile_ThingsToDoFeed" status="PASSED">
         <system-out><![CDATA[24-04-2025T11:26:27 - [TEST_CASE][PASSED] - Test Cases/Book A Rental Tile/C770_C771_BookARentalTile_ThingsToDoFeed: Test Cases/Book A Rental Tile/C770_C771_BookARentalTile_ThingsToDoFeed

24-04-2025T11:26:27 - [TEST_STEP][PASSED] - testData = findTestData("Data Files/C770"): null

24-04-2025T11:26:27 - [TEST_STEP][PASSED] - email = testData.getValue("email", 1): null

24-04-2025T11:26:27 - [TEST_STEP][PASSED] - password = testData.getValue("password", 1): null

24-04-2025T11:26:27 - [TEST_STEP][PASSED] - startApplication(appUrl, true): Started application: '/Users/gv.vignesh/Downloads/WGR-Android-Automation/App Folder/app-debug-Version 2.99.68.apk'

24-04-2025T11:26:27 - [MESSAGE][INFO] - Starting application: '/Users/gv.vignesh/Downloads/WGR-Android-Automation/App Folder/app-debug-Version 2.99.68.apk'

24-04-2025T11:26:27 - [MESSAGE][INFO] - User set preference: ['uiautomator2ServerInstallTimeout', '0']

24-04-2025T11:26:27 - [MESSAGE][INFO] - User set preference: ['deviceId', '']

24-04-2025T11:26:27 - [MESSAGE][INFO] - Detected NodeJS location: "/opt/homebrew/Cellar/node/23.10.0_1/bin/node"

24-04-2025T11:26:27 - [MESSAGE][INFO] - PATH: /opt/homebrew/Cellar/node/23.10.0_1/bin:/opt/homebrew/bin:/usr/bin:/bin:/usr/sbin:/sbin:/Applications/Katalon Studio Enterprise.app/Contents/Eclipse/jre/Contents/Home/bin:/usr/local/bin/

24-04-2025T11:26:27 - [MESSAGE][INFO] - APPIUM_HOME: /Users/gv.vignesh/.appium

24-04-2025T11:26:27 - [MESSAGE][INFO] - appium outlog: /Users/gv.vignesh/Downloads/WGR-Android-Automation/Reports/20250424_105415/Android Regression/20250424_105415/appium.log

24-04-2025T11:26:27 - [MESSAGE][INFO] - appium errlog: /Users/gv.vignesh/Downloads/WGR-Android-Automation/Reports/20250424_105415/Android Regression/20250424_105415/appium_error.log

24-04-2025T11:26:28 - [MESSAGE][INFO] - Appium server started on port 62,904

24-04-2025T11:26:44 - [MESSAGE][PASSED] - Started application: '/Users/gv.vignesh/Downloads/WGR-Android-Automation/App Folder/app-debug-Version 2.99.68.apk'

24-04-2025T11:26:44 - [TEST_STEP][PASSED] - delay(10): Delayed 10 second(s)

24-04-2025T11:26:54 - [MESSAGE][PASSED] - Delayed 10 second(s)

24-04-2025T11:26:54 - [TEST_STEP][PASSED] - tap(findTestObject("Object Repository/Repo/MyStay/BookRental/android.widget.Button - Login or Sign Up"), 0): Tapped on element 'Object Repository/Repo/MyStay/BookRental/android.widget.Button - Login or Sign Up'

24-04-2025T11:26:54 - [MESSAGE][WARNING] - Timeout '0' is invalid. Using default page load timeout: '30'

24-04-2025T11:26:55 - [MESSAGE][PASSED] - Tapped on element 'Object Repository/Repo/MyStay/BookRental/android.widget.Button - Login or Sign Up'

24-04-2025T11:26:55 - [TEST_STEP][PASSED] - delay(10): Delayed 10 second(s)

24-04-2025T11:27:05 - [MESSAGE][PASSED] - Delayed 10 second(s)

24-04-2025T11:27:05 - [TEST_STEP][PASSED] - setText(findTestObject("Object Repository/Repo/MyStay/BookRental/android.widget.EditText"), email, 0): Text '0425222TM@WG.COM' has been set to element 'Object Repository/Repo/MyStay/BookRental/android.widget.EditText'

24-04-2025T11:27:05 - [MESSAGE][WARNING] - Timeout '0' is invalid. Using default page load timeout: '30'

24-04-2025T11:27:06 - [MESSAGE][PASSED] - Text '0425222TM@WG.COM' has been set to element 'Object Repository/Repo/MyStay/BookRental/android.widget.EditText'

24-04-2025T11:27:06 - [TEST_STEP][PASSED] - hideKeyboard(): Keyboard is hidden

24-04-2025T11:27:08 - [MESSAGE][PASSED] - Keyboard is hidden

24-04-2025T11:27:08 - [TEST_STEP][PASSED] - delay(10): Delayed 10 second(s)

24-04-2025T11:27:18 - [MESSAGE][PASSED] - Delayed 10 second(s)

24-04-2025T11:27:18 - [TEST_STEP][PASSED] - tap(findTestObject("Object Repository/Repo/MyStay/BookRental/android.widget.Button - Next"), 0): Tapped on element 'Object Repository/Repo/MyStay/BookRental/android.widget.Button - Next'

24-04-2025T11:27:19 - [MESSAGE][WARNING] - Timeout '0' is invalid. Using default page load timeout: '30'

24-04-2025T11:27:19 - [MESSAGE][PASSED] - Tapped on element 'Object Repository/Repo/MyStay/BookRental/android.widget.Button - Next'

24-04-2025T11:27:19 - [TEST_STEP][PASSED] - delay(45): Delayed 45 second(s)

24-04-2025T11:28:04 - [MESSAGE][PASSED] - Delayed 45 second(s)

24-04-2025T11:28:04 - [TEST_STEP][PASSED] - setText(findTestObject("Object Repository/Repo/MyStay/BookRental/android.widget.EditText (1)"), email, 0): Text '0425222TM@WG.COM' has been set to element 'Object Repository/Repo/MyStay/BookRental/android.widget.EditText (1)'

24-04-2025T11:28:04 - [MESSAGE][WARNING] - Timeout '0' is invalid. Using default page load timeout: '30'

24-04-2025T11:28:05 - [MESSAGE][PASSED] - Text '0425222TM@WG.COM' has been set to element 'Object Repository/Repo/MyStay/BookRental/android.widget.EditText (1)'

24-04-2025T11:28:05 - [TEST_STEP][PASSED] - hideKeyboard(): Keyboard is hidden

24-04-2025T11:28:08 - [MESSAGE][PASSED] - Keyboard is hidden

24-04-2025T11:28:08 - [TEST_STEP][PASSED] - delay(20): Delayed 20 second(s)

24-04-2025T11:28:28 - [MESSAGE][PASSED] - Delayed 20 second(s)

24-04-2025T11:28:28 - [TEST_STEP][PASSED] - setText(findTestObject("Object Repository/Repo/MyStay/BookRental/android.widget.EditText (2)"), password, 0): Text 'password' has been set to element 'Object Repository/Repo/MyStay/BookRental/android.widget.EditText (2)'

24-04-2025T11:28:28 - [MESSAGE][WARNING] - Timeout '0' is invalid. Using default page load timeout: '30'

24-04-2025T11:28:29 - [MESSAGE][PASSED] - Text 'password' has been set to element 'Object Repository/Repo/MyStay/BookRental/android.widget.EditText (2)'

24-04-2025T11:28:29 - [TEST_STEP][PASSED] - hideKeyboard(): Keyboard is hidden

24-04-2025T11:28:31 - [MESSAGE][PASSED] - Keyboard is hidden

24-04-2025T11:28:31 - [TEST_STEP][PASSED] - delay(10): Delayed 10 second(s)

24-04-2025T11:28:41 - [MESSAGE][PASSED] - Delayed 10 second(s)

24-04-2025T11:28:41 - [TEST_STEP][PASSED] - tap(findTestObject("Object Repository/Repo/MyStay/BookRental/android.widget.Button - LOGIN"), 0): Tapped on element 'Object Repository/Repo/MyStay/BookRental/android.widget.Button - LOGIN'

24-04-2025T11:28:41 - [MESSAGE][WARNING] - Timeout '0' is invalid. Using default page load timeout: '30'

24-04-2025T11:28:41 - [MESSAGE][PASSED] - Tapped on element 'Object Repository/Repo/MyStay/BookRental/android.widget.Button - LOGIN'

24-04-2025T11:28:41 - [TEST_STEP][PASSED] - delay(20): Delayed 20 second(s)

24-04-2025T11:29:01 - [MESSAGE][PASSED] - Delayed 20 second(s)

24-04-2025T11:29:01 - [TEST_STEP][PASSED] - tap(findTestObject("Object Repository/Repo/MyStay/BookRental/android.view.View - Home"), 0): Tapped on element 'Object Repository/Repo/MyStay/BookRental/android.view.View - Home'

24-04-2025T11:29:01 - [MESSAGE][WARNING] - Timeout '0' is invalid. Using default page load timeout: '30'

24-04-2025T11:29:02 - [MESSAGE][PASSED] - Tapped on element 'Object Repository/Repo/MyStay/BookRental/android.view.View - Home'

24-04-2025T11:29:02 - [TEST_STEP][PASSED] - delay(10): Delayed 10 second(s)

24-04-2025T11:29:12 - [MESSAGE][PASSED] - Delayed 10 second(s)

24-04-2025T11:29:12 - [TEST_STEP][PASSED] - scrollToText("recommended for you"): Scrolling to text 'recommended for you' successfully

24-04-2025T11:29:13 - [MESSAGE][PASSED] - Scrolling to text 'recommended for you' successfully

24-04-2025T11:29:13 - [TEST_STEP][PASSED] - elementsToVerify = ["Object Repository/Repo/MyStay/BookRental/android.view.View", "Object Repository/Repo/MyStay/BookRental/android.widget.TextView - Book a Rental", "Object Repository/Repo/MyStay/BookRental/android.widget.TextView - Westgate Resorts", "Object Repository/Repo/MyStay/BookRental/android.widget.TextView - Book Now"]: null

24-04-2025T11:29:13 - [TEST_STEP][PASSED] - for (String elementPath : elementsToVerify): Element 'Object Repository/Repo/MyStay/BookRental/android.widget.TextView - Book Now' is exist

24-04-2025T11:29:13 - [TEST_STEP][PASSED] - verifyElementExist(findTestObject(elementPath), 10, STOP_ON_FAILURE): Element 'Object Repository/Repo/MyStay/BookRental/android.view.View' is exist

24-04-2025T11:29:14 - [MESSAGE][PASSED] - Element 'Object Repository/Repo/MyStay/BookRental/android.view.View' is exist

24-04-2025T11:29:14 - [TEST_STEP][PASSED] - verifyElementExist(findTestObject(elementPath), 10, STOP_ON_FAILURE): Element 'Object Repository/Repo/MyStay/BookRental/android.widget.TextView - Book a Rental' is exist

24-04-2025T11:29:14 - [MESSAGE][PASSED] - Element 'Object Repository/Repo/MyStay/BookRental/android.widget.TextView - Book a Rental' is exist

24-04-2025T11:29:14 - [TEST_STEP][PASSED] - verifyElementExist(findTestObject(elementPath), 10, STOP_ON_FAILURE): Element 'Object Repository/Repo/MyStay/BookRental/android.widget.TextView - Westgate Resorts' is exist

24-04-2025T11:29:14 - [MESSAGE][PASSED] - Element 'Object Repository/Repo/MyStay/BookRental/android.widget.TextView - Westgate Resorts' is exist

24-04-2025T11:29:14 - [TEST_STEP][PASSED] - verifyElementExist(findTestObject(elementPath), 10, STOP_ON_FAILURE): Element 'Object Repository/Repo/MyStay/BookRental/android.widget.TextView - Book Now' is exist

24-04-2025T11:29:15 - [MESSAGE][PASSED] - Element 'Object Repository/Repo/MyStay/BookRental/android.widget.TextView - Book Now' is exist

24-04-2025T11:29:15 - [TEST_STEP][PASSED] - assert true : "All elements were verified successfully": null

24-04-2025T11:29:15 - [TEST_STEP][PASSED] - closeApplication(): Close app successfully

24-04-2025T11:29:18 - [MESSAGE][PASSED] - Close app successfully]]></system-out>
         <system-err><![CDATA[]]></system-err>
      </testcase>
      <testcase name="Test Cases/Book A Rental Tile/C768_BookARentalTile_RentalTileIsDIsplayedCorrectly" time="171.845" classname="Test Cases/Book A Rental Tile/C768_BookARentalTile_RentalTileIsDIsplayedCorrectly" status="PASSED">
         <system-out><![CDATA[24-04-2025T11:29:18 - [TEST_CASE][PASSED] - Test Cases/Book A Rental Tile/C768_BookARentalTile_RentalTileIsDIsplayedCorrectly: Test Cases/Book A Rental Tile/C768_BookARentalTile_RentalTileIsDIsplayedCorrectly

24-04-2025T11:29:18 - [TEST_STEP][PASSED] - testData = findTestData("Data Files/C768"): null

24-04-2025T11:29:18 - [TEST_STEP][PASSED] - email = testData.getValue("email", 1): null

24-04-2025T11:29:18 - [TEST_STEP][PASSED] - password = testData.getValue("password", 1): null

24-04-2025T11:29:18 - [TEST_STEP][PASSED] - startApplication(appUrl, true): Started application: '/Users/gv.vignesh/Downloads/WGR-Android-Automation/App Folder/app-debug-Version 2.99.68.apk'

24-04-2025T11:29:18 - [MESSAGE][INFO] - Starting application: '/Users/gv.vignesh/Downloads/WGR-Android-Automation/App Folder/app-debug-Version 2.99.68.apk'

24-04-2025T11:29:18 - [MESSAGE][INFO] - User set preference: ['uiautomator2ServerInstallTimeout', '0']

24-04-2025T11:29:18 - [MESSAGE][INFO] - User set preference: ['deviceId', '']

24-04-2025T11:29:18 - [MESSAGE][INFO] - Detected NodeJS location: "/opt/homebrew/Cellar/node/23.10.0_1/bin/node"

24-04-2025T11:29:18 - [MESSAGE][INFO] - PATH: /opt/homebrew/Cellar/node/23.10.0_1/bin:/opt/homebrew/bin:/usr/bin:/bin:/usr/sbin:/sbin:/Applications/Katalon Studio Enterprise.app/Contents/Eclipse/jre/Contents/Home/bin:/usr/local/bin/

24-04-2025T11:29:18 - [MESSAGE][INFO] - APPIUM_HOME: /Users/gv.vignesh/.appium

24-04-2025T11:29:18 - [MESSAGE][INFO] - appium outlog: /Users/gv.vignesh/Downloads/WGR-Android-Automation/Reports/20250424_105415/Android Regression/20250424_105415/appium.log

24-04-2025T11:29:18 - [MESSAGE][INFO] - appium errlog: /Users/gv.vignesh/Downloads/WGR-Android-Automation/Reports/20250424_105415/Android Regression/20250424_105415/appium_error.log

24-04-2025T11:29:19 - [MESSAGE][INFO] - Appium server started on port 63,239

24-04-2025T11:29:36 - [MESSAGE][PASSED] - Started application: '/Users/gv.vignesh/Downloads/WGR-Android-Automation/App Folder/app-debug-Version 2.99.68.apk'

24-04-2025T11:29:36 - [TEST_STEP][PASSED] - delay(10): Delayed 10 second(s)

24-04-2025T11:29:46 - [MESSAGE][PASSED] - Delayed 10 second(s)

24-04-2025T11:29:46 - [TEST_STEP][PASSED] - tap(findTestObject("Object Repository/Repo/MyStay/BookRental/android.widget.Button - Login or Sign Up"), 0): Tapped on element 'Object Repository/Repo/MyStay/BookRental/android.widget.Button - Login or Sign Up'

24-04-2025T11:29:46 - [MESSAGE][WARNING] - Timeout '0' is invalid. Using default page load timeout: '30'

24-04-2025T11:29:47 - [MESSAGE][PASSED] - Tapped on element 'Object Repository/Repo/MyStay/BookRental/android.widget.Button - Login or Sign Up'

24-04-2025T11:29:47 - [TEST_STEP][PASSED] - delay(10): Delayed 10 second(s)

24-04-2025T11:29:57 - [MESSAGE][PASSED] - Delayed 10 second(s)

24-04-2025T11:29:57 - [TEST_STEP][PASSED] - setText(findTestObject("Object Repository/Repo/MyStay/BookRental/android.widget.EditText"), email, 0): Text 'CGARNER024@GMAIL.COM' has been set to element 'Object Repository/Repo/MyStay/BookRental/android.widget.EditText'

24-04-2025T11:29:57 - [MESSAGE][WARNING] - Timeout '0' is invalid. Using default page load timeout: '30'

24-04-2025T11:29:58 - [MESSAGE][PASSED] - Text 'CGARNER024@GMAIL.COM' has been set to element 'Object Repository/Repo/MyStay/BookRental/android.widget.EditText'

24-04-2025T11:29:58 - [TEST_STEP][PASSED] - hideKeyboard(): Keyboard is hidden

24-04-2025T11:30:00 - [MESSAGE][PASSED] - Keyboard is hidden

24-04-2025T11:30:00 - [TEST_STEP][PASSED] - delay(10): Delayed 10 second(s)

24-04-2025T11:30:10 - [MESSAGE][PASSED] - Delayed 10 second(s)

24-04-2025T11:30:10 - [TEST_STEP][PASSED] - tap(findTestObject("Object Repository/Repo/MyStay/BookRental/android.widget.Button - Next"), 0): Tapped on element 'Object Repository/Repo/MyStay/BookRental/android.widget.Button - Next'

24-04-2025T11:30:10 - [MESSAGE][WARNING] - Timeout '0' is invalid. Using default page load timeout: '30'

24-04-2025T11:30:11 - [MESSAGE][PASSED] - Tapped on element 'Object Repository/Repo/MyStay/BookRental/android.widget.Button - Next'

24-04-2025T11:30:11 - [TEST_STEP][PASSED] - delay(45): Delayed 45 second(s)

24-04-2025T11:30:56 - [MESSAGE][PASSED] - Delayed 45 second(s)

24-04-2025T11:30:56 - [TEST_STEP][PASSED] - setText(findTestObject("Object Repository/Repo/MyStay/BookRental/android.widget.EditText (1)"), email, 0): Text 'CGARNER024@GMAIL.COM' has been set to element 'Object Repository/Repo/MyStay/BookRental/android.widget.EditText (1)'

24-04-2025T11:30:56 - [MESSAGE][WARNING] - Timeout '0' is invalid. Using default page load timeout: '30'

24-04-2025T11:30:57 - [MESSAGE][PASSED] - Text 'CGARNER024@GMAIL.COM' has been set to element 'Object Repository/Repo/MyStay/BookRental/android.widget.EditText (1)'

24-04-2025T11:30:57 - [TEST_STEP][PASSED] - hideKeyboard(): Keyboard is hidden

24-04-2025T11:30:59 - [MESSAGE][PASSED] - Keyboard is hidden

24-04-2025T11:30:59 - [TEST_STEP][PASSED] - delay(20): Delayed 20 second(s)

24-04-2025T11:31:19 - [MESSAGE][PASSED] - Delayed 20 second(s)

24-04-2025T11:31:19 - [TEST_STEP][PASSED] - setText(findTestObject("Object Repository/Repo/MyStay/BookRental/android.widget.EditText (2)"), password, 0): Text 'password' has been set to element 'Object Repository/Repo/MyStay/BookRental/android.widget.EditText (2)'

24-04-2025T11:31:19 - [MESSAGE][WARNING] - Timeout '0' is invalid. Using default page load timeout: '30'

24-04-2025T11:31:20 - [MESSAGE][PASSED] - Text 'password' has been set to element 'Object Repository/Repo/MyStay/BookRental/android.widget.EditText (2)'

24-04-2025T11:31:20 - [TEST_STEP][PASSED] - hideKeyboard(): Keyboard is hidden

24-04-2025T11:31:22 - [MESSAGE][PASSED] - Keyboard is hidden

24-04-2025T11:31:22 - [TEST_STEP][PASSED] - delay(10): Delayed 10 second(s)

24-04-2025T11:31:32 - [MESSAGE][PASSED] - Delayed 10 second(s)

24-04-2025T11:31:32 - [TEST_STEP][PASSED] - tap(findTestObject("Object Repository/Repo/MyStay/BookRental/android.widget.Button - LOGIN"), 0): Tapped on element 'Object Repository/Repo/MyStay/BookRental/android.widget.Button - LOGIN'

24-04-2025T11:31:32 - [MESSAGE][WARNING] - Timeout '0' is invalid. Using default page load timeout: '30'

24-04-2025T11:31:32 - [MESSAGE][PASSED] - Tapped on element 'Object Repository/Repo/MyStay/BookRental/android.widget.Button - LOGIN'

24-04-2025T11:31:32 - [TEST_STEP][PASSED] - delay(20): Delayed 20 second(s)

24-04-2025T11:31:52 - [MESSAGE][PASSED] - Delayed 20 second(s)

24-04-2025T11:31:52 - [TEST_STEP][PASSED] - tap(findTestObject("Object Repository/Repo/MyStay/BookRental/android.view.View - Home"), 0): Tapped on element 'Object Repository/Repo/MyStay/BookRental/android.view.View - Home'

24-04-2025T11:31:52 - [MESSAGE][WARNING] - Timeout '0' is invalid. Using default page load timeout: '30'

24-04-2025T11:31:53 - [MESSAGE][PASSED] - Tapped on element 'Object Repository/Repo/MyStay/BookRental/android.view.View - Home'

24-04-2025T11:31:53 - [TEST_STEP][PASSED] - delay(10): Delayed 10 second(s)

24-04-2025T11:32:03 - [MESSAGE][PASSED] - Delayed 10 second(s)

24-04-2025T11:32:03 - [TEST_STEP][PASSED] - scrollToText("recommended for you"): Scrolling to text 'recommended for you' successfully

24-04-2025T11:32:04 - [MESSAGE][PASSED] - Scrolling to text 'recommended for you' successfully

24-04-2025T11:32:04 - [TEST_STEP][PASSED] - elementsToVerify = ["Object Repository/Repo/MyStay/BookRental/android.view.View", "Object Repository/Repo/MyStay/BookRental/android.widget.TextView - Book a Rental", "Object Repository/Repo/MyStay/BookRental/android.widget.TextView - Westgate Resorts", "Object Repository/Repo/MyStay/BookRental/android.widget.TextView - Book Now"]: null

24-04-2025T11:32:04 - [TEST_STEP][PASSED] - allElementsExist = true: null

24-04-2025T11:32:04 - [TEST_STEP][PASSED] - for (String elementPath : elementsToVerify): null

24-04-2025T11:32:04 - [TEST_STEP][PASSED] - isElementExist = verifyElementExist(findTestObject(elementPath), 10, STOP_ON_FAILURE): Element 'Object Repository/Repo/MyStay/BookRental/android.view.View' is exist

24-04-2025T11:32:05 - [MESSAGE][PASSED] - Element 'Object Repository/Repo/MyStay/BookRental/android.view.View' is exist

24-04-2025T11:32:05 - [TEST_STEP][PASSED] - if (!(isElementExist)): null

24-04-2025T11:32:05 - [TEST_STEP][PASSED] - isElementExist = verifyElementExist(findTestObject(elementPath), 10, STOP_ON_FAILURE): Element 'Object Repository/Repo/MyStay/BookRental/android.widget.TextView - Book a Rental' is exist

24-04-2025T11:32:05 - [MESSAGE][PASSED] - Element 'Object Repository/Repo/MyStay/BookRental/android.widget.TextView - Book a Rental' is exist

24-04-2025T11:32:05 - [TEST_STEP][PASSED] - if (!(isElementExist)): null

24-04-2025T11:32:05 - [TEST_STEP][PASSED] - isElementExist = verifyElementExist(findTestObject(elementPath), 10, STOP_ON_FAILURE): Element 'Object Repository/Repo/MyStay/BookRental/android.widget.TextView - Westgate Resorts' is exist

24-04-2025T11:32:06 - [MESSAGE][PASSED] - Element 'Object Repository/Repo/MyStay/BookRental/android.widget.TextView - Westgate Resorts' is exist

24-04-2025T11:32:06 - [TEST_STEP][PASSED] - if (!(isElementExist)): null

24-04-2025T11:32:06 - [TEST_STEP][PASSED] - isElementExist = verifyElementExist(findTestObject(elementPath), 10, STOP_ON_FAILURE): Element 'Object Repository/Repo/MyStay/BookRental/android.widget.TextView - Book Now' is exist

24-04-2025T11:32:06 - [MESSAGE][PASSED] - Element 'Object Repository/Repo/MyStay/BookRental/android.widget.TextView - Book Now' is exist

24-04-2025T11:32:06 - [TEST_STEP][PASSED] - if (!(isElementExist)): null

24-04-2025T11:32:06 - [TEST_STEP][PASSED] - assert allElementsExist : "One or more elements were not found within the specified timeout": null

24-04-2025T11:32:06 - [TEST_STEP][PASSED] - closeApplication(): Close app successfully

24-04-2025T11:32:10 - [MESSAGE][PASSED] - Close app successfully]]></system-out>
         <system-err><![CDATA[]]></system-err>
      </testcase>
      <testcase name="Test Cases/Book A Rental Tile/C790_C777_BookARentalTile_RenterLandingPage" time="200.928" classname="Test Cases/Book A Rental Tile/C790_C777_BookARentalTile_RenterLandingPage" status="PASSED">
         <system-out><![CDATA[24-04-2025T11:32:10 - [TEST_CASE][PASSED] - Test Cases/Book A Rental Tile/C790_C777_BookARentalTile_RenterLandingPage: Test Cases/Book A Rental Tile/C790_C777_BookARentalTile_RenterLandingPage

24-04-2025T11:32:10 - [TEST_STEP][PASSED] - testData = findTestData("Data Files/C790"): null

24-04-2025T11:32:10 - [TEST_STEP][PASSED] - email = testData.getValue("email", 1): null

24-04-2025T11:32:10 - [TEST_STEP][PASSED] - password = testData.getValue("password", 1): null

24-04-2025T11:32:10 - [TEST_STEP][PASSED] - startApplication(appUrl, true): Started application: '/Users/gv.vignesh/Downloads/WGR-Android-Automation/App Folder/app-debug-Version 2.99.68.apk'

24-04-2025T11:32:10 - [MESSAGE][INFO] - Starting application: '/Users/gv.vignesh/Downloads/WGR-Android-Automation/App Folder/app-debug-Version 2.99.68.apk'

24-04-2025T11:32:10 - [MESSAGE][INFO] - User set preference: ['uiautomator2ServerInstallTimeout', '0']

24-04-2025T11:32:10 - [MESSAGE][INFO] - User set preference: ['deviceId', '']

24-04-2025T11:32:10 - [MESSAGE][INFO] - Detected NodeJS location: "/opt/homebrew/Cellar/node/23.10.0_1/bin/node"

24-04-2025T11:32:10 - [MESSAGE][INFO] - PATH: /opt/homebrew/Cellar/node/23.10.0_1/bin:/opt/homebrew/bin:/usr/bin:/bin:/usr/sbin:/sbin:/Applications/Katalon Studio Enterprise.app/Contents/Eclipse/jre/Contents/Home/bin:/usr/local/bin/

24-04-2025T11:32:10 - [MESSAGE][INFO] - APPIUM_HOME: /Users/gv.vignesh/.appium

24-04-2025T11:32:10 - [MESSAGE][INFO] - appium outlog: /Users/gv.vignesh/Downloads/WGR-Android-Automation/Reports/20250424_105415/Android Regression/20250424_105415/appium.log

24-04-2025T11:32:10 - [MESSAGE][INFO] - appium errlog: /Users/gv.vignesh/Downloads/WGR-Android-Automation/Reports/20250424_105415/Android Regression/20250424_105415/appium_error.log

24-04-2025T11:32:10 - [MESSAGE][INFO] - Appium server started on port 63,578

24-04-2025T11:32:28 - [MESSAGE][PASSED] - Started application: '/Users/gv.vignesh/Downloads/WGR-Android-Automation/App Folder/app-debug-Version 2.99.68.apk'

24-04-2025T11:32:28 - [TEST_STEP][PASSED] - delay(10): Delayed 10 second(s)

24-04-2025T11:32:38 - [MESSAGE][PASSED] - Delayed 10 second(s)

24-04-2025T11:32:38 - [TEST_STEP][PASSED] - tap(findTestObject("Object Repository/Repo/SignUpNewUser/android.widget.Button - Login or Sign Up (1)"), 0): Tapped on element 'Object Repository/Repo/SignUpNewUser/android.widget.Button - Login or Sign Up (1)'

24-04-2025T11:32:38 - [MESSAGE][WARNING] - Timeout '0' is invalid. Using default page load timeout: '30'

24-04-2025T11:32:39 - [MESSAGE][PASSED] - Tapped on element 'Object Repository/Repo/SignUpNewUser/android.widget.Button - Login or Sign Up (1)'

24-04-2025T11:32:39 - [TEST_STEP][PASSED] - delay(10): Delayed 10 second(s)

24-04-2025T11:32:49 - [MESSAGE][PASSED] - Delayed 10 second(s)

24-04-2025T11:32:49 - [TEST_STEP][PASSED] - setText(findTestObject("Object Repository/Repo/SignUpNewUser/android.widget.EditText-LoginPage"), email, 0): Text 'CGARNER024@GMAIL.COM' has been set to element 'Object Repository/Repo/SignUpNewUser/android.widget.EditText-LoginPage'

24-04-2025T11:32:49 - [MESSAGE][WARNING] - Timeout '0' is invalid. Using default page load timeout: '30'

24-04-2025T11:32:50 - [MESSAGE][PASSED] - Text 'CGARNER024@GMAIL.COM' has been set to element 'Object Repository/Repo/SignUpNewUser/android.widget.EditText-LoginPage'

24-04-2025T11:32:50 - [TEST_STEP][PASSED] - hideKeyboard(): Keyboard is hidden

24-04-2025T11:32:53 - [MESSAGE][PASSED] - Keyboard is hidden

24-04-2025T11:32:53 - [TEST_STEP][PASSED] - delay(10): Delayed 10 second(s)

24-04-2025T11:33:03 - [MESSAGE][PASSED] - Delayed 10 second(s)

24-04-2025T11:33:03 - [TEST_STEP][PASSED] - tap(findTestObject("Object Repository/Repo/SignUpNewUser/android.widget.Button - Next (4)"), 0): Tapped on element 'Object Repository/Repo/SignUpNewUser/android.widget.Button - Next (4)'

24-04-2025T11:33:03 - [MESSAGE][WARNING] - Timeout '0' is invalid. Using default page load timeout: '30'

24-04-2025T11:33:03 - [MESSAGE][PASSED] - Tapped on element 'Object Repository/Repo/SignUpNewUser/android.widget.Button - Next (4)'

24-04-2025T11:33:03 - [TEST_STEP][PASSED] - delay(30): Delayed 30 second(s)

24-04-2025T11:33:33 - [MESSAGE][PASSED] - Delayed 30 second(s)

24-04-2025T11:33:33 - [TEST_STEP][PASSED] - setText(findTestObject("Object Repository/Repo/SignUpNewUser/android.widget.EditText (24)"), email, 0): Text 'CGARNER024@GMAIL.COM' has been set to element 'Object Repository/Repo/SignUpNewUser/android.widget.EditText (24)'

24-04-2025T11:33:33 - [MESSAGE][WARNING] - Timeout '0' is invalid. Using default page load timeout: '30'

24-04-2025T11:33:34 - [MESSAGE][PASSED] - Text 'CGARNER024@GMAIL.COM' has been set to element 'Object Repository/Repo/SignUpNewUser/android.widget.EditText (24)'

24-04-2025T11:33:34 - [TEST_STEP][PASSED] - hideKeyboard(): Keyboard is hidden

24-04-2025T11:33:37 - [MESSAGE][PASSED] - Keyboard is hidden

24-04-2025T11:33:37 - [TEST_STEP][PASSED] - delay(20): Delayed 20 second(s)

24-04-2025T11:33:57 - [MESSAGE][PASSED] - Delayed 20 second(s)

24-04-2025T11:33:57 - [TEST_STEP][PASSED] - setText(findTestObject("Object Repository/Repo/SignUpNewUser/android.widget.EditText (25)"), password, 0): Text 'password' has been set to element 'Object Repository/Repo/SignUpNewUser/android.widget.EditText (25)'

24-04-2025T11:33:57 - [MESSAGE][WARNING] - Timeout '0' is invalid. Using default page load timeout: '30'

24-04-2025T11:33:57 - [MESSAGE][PASSED] - Text 'password' has been set to element 'Object Repository/Repo/SignUpNewUser/android.widget.EditText (25)'

24-04-2025T11:33:57 - [TEST_STEP][PASSED] - hideKeyboard(): Keyboard is hidden

24-04-2025T11:33:59 - [MESSAGE][PASSED] - Keyboard is hidden

24-04-2025T11:33:59 - [TEST_STEP][PASSED] - delay(20): Delayed 20 second(s)

24-04-2025T11:34:19 - [MESSAGE][PASSED] - Delayed 20 second(s)

24-04-2025T11:34:19 - [TEST_STEP][PASSED] - tap(findTestObject("Object Repository/Repo/SignUpNewUser/android.widget.Button - LOGIN"), 0): Tapped on element 'Object Repository/Repo/SignUpNewUser/android.widget.Button - LOGIN'

24-04-2025T11:34:19 - [MESSAGE][WARNING] - Timeout '0' is invalid. Using default page load timeout: '30'

24-04-2025T11:34:20 - [MESSAGE][PASSED] - Tapped on element 'Object Repository/Repo/SignUpNewUser/android.widget.Button - LOGIN'

24-04-2025T11:34:20 - [TEST_STEP][PASSED] - delay(20): Delayed 20 second(s)

24-04-2025T11:34:40 - [MESSAGE][PASSED] - Delayed 20 second(s)

24-04-2025T11:34:40 - [TEST_STEP][PASSED] - tap(findTestObject("Object Repository/Repo/SignUpNewUser/android.view.View - My Account"), 0): Tapped on element 'Object Repository/Repo/SignUpNewUser/android.view.View - My Account'

24-04-2025T11:34:40 - [MESSAGE][WARNING] - Timeout '0' is invalid. Using default page load timeout: '30'

24-04-2025T11:34:41 - [MESSAGE][PASSED] - Tapped on element 'Object Repository/Repo/SignUpNewUser/android.view.View - My Account'

24-04-2025T11:34:41 - [TEST_STEP][PASSED] - delay(5): Delayed 5 second(s)

24-04-2025T11:34:46 - [MESSAGE][PASSED] - Delayed 5 second(s)

24-04-2025T11:34:46 - [TEST_STEP][PASSED] - verifyElementWithContinue("Object Repository/Repo/SignUpNewUser/android.widget.TextView - Add An Account Number"): null

24-04-2025T11:34:46 - [TEST_STEP][PASSED] - try: Element 'Object Repository/Repo/SignUpNewUser/android.widget.TextView - Add An Account Number' is exist

24-04-2025T11:34:46 - [TEST_STEP][PASSED] - verifyElementExist(findTestObject(objectPath), 10, STOP_ON_FAILURE): Element 'Object Repository/Repo/SignUpNewUser/android.widget.TextView - Add An Account Number' is exist

24-04-2025T11:34:47 - [MESSAGE][PASSED] - Element 'Object Repository/Repo/SignUpNewUser/android.widget.TextView - Add An Account Number' is exist

24-04-2025T11:34:47 - [TEST_STEP][PASSED] - delay(3): Delayed 3 second(s)

24-04-2025T11:34:50 - [MESSAGE][PASSED] - Delayed 3 second(s)

24-04-2025T11:34:50 - [TEST_STEP][PASSED] - verifyElementWithContinue("Object Repository/Repo/SignUpNewUser/android.view.View (3)"): null

24-04-2025T11:34:50 - [TEST_STEP][PASSED] - try: Element 'Object Repository/Repo/SignUpNewUser/android.view.View (3)' is exist

24-04-2025T11:34:50 - [TEST_STEP][PASSED] - verifyElementExist(findTestObject(objectPath), 10, STOP_ON_FAILURE): Element 'Object Repository/Repo/SignUpNewUser/android.view.View (3)' is exist

24-04-2025T11:34:51 - [MESSAGE][PASSED] - Element 'Object Repository/Repo/SignUpNewUser/android.view.View (3)' is exist

24-04-2025T11:34:51 - [TEST_STEP][PASSED] - delay(3): Delayed 3 second(s)

24-04-2025T11:34:54 - [MESSAGE][PASSED] - Delayed 3 second(s)

24-04-2025T11:34:54 - [TEST_STEP][PASSED] - delay(3): Delayed 3 second(s)

24-04-2025T11:34:57 - [MESSAGE][PASSED] - Delayed 3 second(s)

24-04-2025T11:34:57 - [TEST_STEP][PASSED] - verifyElementWithContinue("Object Repository/Repo/SignUpNewUser/android.widget.TextView - Book a Rental"): null

24-04-2025T11:34:57 - [TEST_STEP][PASSED] - try: Element 'Object Repository/Repo/SignUpNewUser/android.widget.TextView - Book a Rental' is exist

24-04-2025T11:34:57 - [TEST_STEP][PASSED] - verifyElementExist(findTestObject(objectPath), 10, STOP_ON_FAILURE): Element 'Object Repository/Repo/SignUpNewUser/android.widget.TextView - Book a Rental' is exist

24-04-2025T11:34:58 - [MESSAGE][PASSED] - Element 'Object Repository/Repo/SignUpNewUser/android.widget.TextView - Book a Rental' is exist

24-04-2025T11:34:58 - [TEST_STEP][PASSED] - delay(3): Delayed 3 second(s)

24-04-2025T11:35:01 - [MESSAGE][PASSED] - Delayed 3 second(s)

24-04-2025T11:35:01 - [TEST_STEP][PASSED] - delay(3): Delayed 3 second(s)

24-04-2025T11:35:04 - [MESSAGE][PASSED] - Delayed 3 second(s)

24-04-2025T11:35:04 - [TEST_STEP][PASSED] - scrollToText("Payment Wallet"): Scrolling to text 'Payment Wallet' successfully

24-04-2025T11:35:08 - [MESSAGE][PASSED] - Scrolling to text 'Payment Wallet' successfully

24-04-2025T11:35:08 - [TEST_STEP][PASSED] - verifyElementWithContinue("Object Repository/Repo/SignUpNewUser/android.widget.TextView - Payment Wallet"): null

24-04-2025T11:35:08 - [TEST_STEP][PASSED] - try: Element 'Object Repository/Repo/SignUpNewUser/android.widget.TextView - Payment Wallet' is exist

24-04-2025T11:35:08 - [TEST_STEP][PASSED] - verifyElementExist(findTestObject(objectPath), 10, STOP_ON_FAILURE): Element 'Object Repository/Repo/SignUpNewUser/android.widget.TextView - Payment Wallet' is exist

24-04-2025T11:35:08 - [MESSAGE][PASSED] - Element 'Object Repository/Repo/SignUpNewUser/android.widget.TextView - Payment Wallet' is exist

24-04-2025T11:35:08 - [TEST_STEP][PASSED] - delay(3): Delayed 3 second(s)

24-04-2025T11:35:11 - [MESSAGE][PASSED] - Delayed 3 second(s)

24-04-2025T11:35:11 - [TEST_STEP][PASSED] - delay(3): Delayed 3 second(s)

24-04-2025T11:35:14 - [MESSAGE][PASSED] - Delayed 3 second(s)

24-04-2025T11:35:14 - [TEST_STEP][PASSED] - verifyElementWithContinue("Object Repository/Repo/SignUpNewUser/android.view.View (4)"): null

24-04-2025T11:35:14 - [TEST_STEP][PASSED] - try: Element 'Object Repository/Repo/SignUpNewUser/android.view.View (4)' is exist

24-04-2025T11:35:14 - [TEST_STEP][PASSED] - verifyElementExist(findTestObject(objectPath), 10, STOP_ON_FAILURE): Element 'Object Repository/Repo/SignUpNewUser/android.view.View (4)' is exist

24-04-2025T11:35:14 - [MESSAGE][PASSED] - Element 'Object Repository/Repo/SignUpNewUser/android.view.View (4)' is exist

24-04-2025T11:35:14 - [TEST_STEP][PASSED] - delay(3): Delayed 3 second(s)

24-04-2025T11:35:17 - [MESSAGE][PASSED] - Delayed 3 second(s)

24-04-2025T11:35:17 - [TEST_STEP][PASSED] - delay(3): Delayed 3 second(s)

24-04-2025T11:35:20 - [MESSAGE][PASSED] - Delayed 3 second(s)

24-04-2025T11:35:20 - [TEST_STEP][PASSED] - verifyElementWithContinue("Object Repository/Repo/SignUpNewUser/android.widget.ListView"): null

24-04-2025T11:35:20 - [TEST_STEP][PASSED] - try: Element 'Object Repository/Repo/SignUpNewUser/android.widget.ListView' is exist

24-04-2025T11:35:20 - [TEST_STEP][PASSED] - verifyElementExist(findTestObject(objectPath), 10, STOP_ON_FAILURE): Element 'Object Repository/Repo/SignUpNewUser/android.widget.ListView' is exist

24-04-2025T11:35:21 - [MESSAGE][PASSED] - Element 'Object Repository/Repo/SignUpNewUser/android.widget.ListView' is exist

24-04-2025T11:35:21 - [TEST_STEP][PASSED] - delay(3): Delayed 3 second(s)

24-04-2025T11:35:24 - [MESSAGE][PASSED] - Delayed 3 second(s)

24-04-2025T11:35:24 - [TEST_STEP][PASSED] - delay(3): Delayed 3 second(s)

24-04-2025T11:35:27 - [MESSAGE][PASSED] - Delayed 3 second(s)

24-04-2025T11:35:27 - [TEST_STEP][PASSED] - closeApplication(): Close app successfully

24-04-2025T11:35:31 - [MESSAGE][PASSED] - Close app successfully]]></system-out>
         <system-err><![CDATA[]]></system-err>
      </testcase>
      <testcase name="Test Cases/Book A Rental Tile/WRMA-473_BookARentalTile_AccountAlerts" time="230.318" classname="Test Cases/Book A Rental Tile/WRMA-473_BookARentalTile_AccountAlerts" status="PASSED">
         <system-out><![CDATA[24-04-2025T11:35:31 - [TEST_CASE][PASSED] - Test Cases/Book A Rental Tile/WRMA-473_BookARentalTile_AccountAlerts: Test Cases/Book A Rental Tile/WRMA-473_BookARentalTile_AccountAlerts

24-04-2025T11:35:31 - [TEST_STEP][PASSED] - startApplication(appUrl, true): Started application: '/Users/gv.vignesh/Downloads/WGR-Android-Automation/App Folder/app-debug-Version 2.99.68.apk'

24-04-2025T11:35:31 - [MESSAGE][INFO] - Starting application: '/Users/gv.vignesh/Downloads/WGR-Android-Automation/App Folder/app-debug-Version 2.99.68.apk'

24-04-2025T11:35:31 - [MESSAGE][INFO] - User set preference: ['uiautomator2ServerInstallTimeout', '0']

24-04-2025T11:35:31 - [MESSAGE][INFO] - User set preference: ['deviceId', '']

24-04-2025T11:35:31 - [MESSAGE][INFO] - Detected NodeJS location: "/opt/homebrew/Cellar/node/23.10.0_1/bin/node"

24-04-2025T11:35:31 - [MESSAGE][INFO] - PATH: /opt/homebrew/Cellar/node/23.10.0_1/bin:/opt/homebrew/bin:/usr/bin:/bin:/usr/sbin:/sbin:/Applications/Katalon Studio Enterprise.app/Contents/Eclipse/jre/Contents/Home/bin:/usr/local/bin/

24-04-2025T11:35:31 - [MESSAGE][INFO] - APPIUM_HOME: /Users/gv.vignesh/.appium

24-04-2025T11:35:31 - [MESSAGE][INFO] - appium outlog: /Users/gv.vignesh/Downloads/WGR-Android-Automation/Reports/20250424_105415/Android Regression/20250424_105415/appium.log

24-04-2025T11:35:31 - [MESSAGE][INFO] - appium errlog: /Users/gv.vignesh/Downloads/WGR-Android-Automation/Reports/20250424_105415/Android Regression/20250424_105415/appium_error.log

24-04-2025T11:35:31 - [MESSAGE][INFO] - Appium server started on port 63,917

24-04-2025T11:35:47 - [MESSAGE][PASSED] - Started application: '/Users/gv.vignesh/Downloads/WGR-Android-Automation/App Folder/app-debug-Version 2.99.68.apk'

24-04-2025T11:35:47 - [TEST_STEP][PASSED] - delay(10): Delayed 10 second(s)

24-04-2025T11:35:57 - [MESSAGE][PASSED] - Delayed 10 second(s)

24-04-2025T11:35:57 - [TEST_STEP][PASSED] - tap(findTestObject("Object Repository/Repo/MyStay/android.widget.Button - Login or Sign Up (1)"), 0): Tapped on element 'Object Repository/Repo/MyStay/android.widget.Button - Login or Sign Up (1)'

24-04-2025T11:35:57 - [MESSAGE][WARNING] - Timeout '0' is invalid. Using default page load timeout: '30'

24-04-2025T11:35:58 - [MESSAGE][PASSED] - Tapped on element 'Object Repository/Repo/MyStay/android.widget.Button - Login or Sign Up (1)'

24-04-2025T11:35:58 - [TEST_STEP][PASSED] - delay(10): Delayed 10 second(s)

24-04-2025T11:36:08 - [MESSAGE][PASSED] - Delayed 10 second(s)

24-04-2025T11:36:08 - [TEST_STEP][PASSED] - setText(findTestObject("Object Repository/Repo/MyStay/android.widget.EditText (3)"), "CGARNER024@GMAIL.COM", 0): Text 'CGARNER024@GMAIL.COM' has been set to element 'Object Repository/Repo/MyStay/android.widget.EditText (3)'

24-04-2025T11:36:08 - [MESSAGE][WARNING] - Timeout '0' is invalid. Using default page load timeout: '30'

24-04-2025T11:36:09 - [MESSAGE][PASSED] - Text 'CGARNER024@GMAIL.COM' has been set to element 'Object Repository/Repo/MyStay/android.widget.EditText (3)'

24-04-2025T11:36:09 - [TEST_STEP][PASSED] - hideKeyboard(): Keyboard is hidden

24-04-2025T11:36:12 - [MESSAGE][PASSED] - Keyboard is hidden

24-04-2025T11:36:12 - [TEST_STEP][PASSED] - delay(10): Delayed 10 second(s)

24-04-2025T11:36:22 - [MESSAGE][PASSED] - Delayed 10 second(s)

24-04-2025T11:36:22 - [TEST_STEP][PASSED] - tap(findTestObject("Object Repository/Repo/MyStay/android.widget.Button - Next (1)"), 0): Tapped on element 'Object Repository/Repo/MyStay/android.widget.Button - Next (1)'

24-04-2025T11:36:22 - [MESSAGE][WARNING] - Timeout '0' is invalid. Using default page load timeout: '30'

24-04-2025T11:36:22 - [MESSAGE][PASSED] - Tapped on element 'Object Repository/Repo/MyStay/android.widget.Button - Next (1)'

24-04-2025T11:36:22 - [TEST_STEP][PASSED] - delay(10): Delayed 10 second(s)

24-04-2025T11:36:32 - [MESSAGE][PASSED] - Delayed 10 second(s)

24-04-2025T11:36:32 - [TEST_STEP][PASSED] - delay(30): Delayed 30 second(s)

24-04-2025T11:37:02 - [MESSAGE][PASSED] - Delayed 30 second(s)

24-04-2025T11:37:02 - [TEST_STEP][PASSED] - setText(findTestObject("Object Repository/Repo/SignUpNewUser/android.widget.EditText (24)"), "CGARNER024@GMAIL.COM", 0): Text 'CGARNER024@GMAIL.COM' has been set to element 'Object Repository/Repo/SignUpNewUser/android.widget.EditText (24)'

24-04-2025T11:37:02 - [MESSAGE][WARNING] - Timeout '0' is invalid. Using default page load timeout: '30'

24-04-2025T11:37:05 - [MESSAGE][PASSED] - Text 'CGARNER024@GMAIL.COM' has been set to element 'Object Repository/Repo/SignUpNewUser/android.widget.EditText (24)'

24-04-2025T11:37:05 - [TEST_STEP][PASSED] - hideKeyboard(): Keyboard is hidden

24-04-2025T11:37:07 - [MESSAGE][PASSED] - Keyboard is hidden

24-04-2025T11:37:07 - [TEST_STEP][PASSED] - delay(20): Delayed 20 second(s)

24-04-2025T11:37:27 - [MESSAGE][PASSED] - Delayed 20 second(s)

24-04-2025T11:37:27 - [TEST_STEP][PASSED] - setText(findTestObject("Object Repository/Repo/SignUpNewUser/android.widget.EditText (25)"), "password", 0): Text 'password' has been set to element 'Object Repository/Repo/SignUpNewUser/android.widget.EditText (25)'

24-04-2025T11:37:27 - [MESSAGE][WARNING] - Timeout '0' is invalid. Using default page load timeout: '30'

24-04-2025T11:37:28 - [MESSAGE][PASSED] - Text 'password' has been set to element 'Object Repository/Repo/SignUpNewUser/android.widget.EditText (25)'

24-04-2025T11:37:28 - [TEST_STEP][PASSED] - hideKeyboard(): Keyboard is hidden

24-04-2025T11:37:30 - [MESSAGE][PASSED] - Keyboard is hidden

24-04-2025T11:37:30 - [TEST_STEP][PASSED] - delay(20): Delayed 20 second(s)

24-04-2025T11:37:50 - [MESSAGE][PASSED] - Delayed 20 second(s)

24-04-2025T11:37:50 - [TEST_STEP][PASSED] - tap(findTestObject("Object Repository/Repo/SignUpNewUser/android.widget.Button - LOGIN"), 0): Tapped on element 'Object Repository/Repo/SignUpNewUser/android.widget.Button - LOGIN'

24-04-2025T11:37:50 - [MESSAGE][WARNING] - Timeout '0' is invalid. Using default page load timeout: '30'

24-04-2025T11:37:51 - [MESSAGE][PASSED] - Tapped on element 'Object Repository/Repo/SignUpNewUser/android.widget.Button - LOGIN'

24-04-2025T11:37:51 - [TEST_STEP][PASSED] - delay(20): Delayed 20 second(s)

24-04-2025T11:38:11 - [MESSAGE][PASSED] - Delayed 20 second(s)

24-04-2025T11:38:11 - [TEST_STEP][PASSED] - tap(findTestObject("Object Repository/Repo/MyStay/android.view.View - My Account"), 0): Tapped on element 'Object Repository/Repo/MyStay/android.view.View - My Account'

24-04-2025T11:38:11 - [MESSAGE][WARNING] - Timeout '0' is invalid. Using default page load timeout: '30'

24-04-2025T11:38:12 - [MESSAGE][PASSED] - Tapped on element 'Object Repository/Repo/MyStay/android.view.View - My Account'

24-04-2025T11:38:12 - [TEST_STEP][PASSED] - delay(10): Delayed 10 second(s)

24-04-2025T11:38:22 - [MESSAGE][PASSED] - Delayed 10 second(s)

24-04-2025T11:38:22 - [TEST_STEP][PASSED] - assert verifyElementExist(findTestObject("Object Repository/Repo/MyStay/android.view.View"), 0): Element 'Object Repository/Repo/MyStay/android.view.View' is exist

24-04-2025T11:38:22 - [MESSAGE][WARNING] - Timeout '0' is invalid. Using default page load timeout: '30'

24-04-2025T11:38:22 - [MESSAGE][PASSED] - Element 'Object Repository/Repo/MyStay/android.view.View' is exist

24-04-2025T11:38:22 - [TEST_STEP][PASSED] - delay(10): Delayed 10 second(s)

24-04-2025T11:38:32 - [MESSAGE][PASSED] - Delayed 10 second(s)

24-04-2025T11:38:32 - [TEST_STEP][PASSED] - assert verifyElementExist(findTestObject("Object Repository/Repo/MyStay/android.widget.TextView - Add An Account Number"), 0): Element 'Object Repository/Repo/MyStay/android.widget.TextView - Add An Account Number' is exist

24-04-2025T11:38:32 - [MESSAGE][WARNING] - Timeout '0' is invalid. Using default page load timeout: '30'

24-04-2025T11:38:33 - [MESSAGE][PASSED] - Element 'Object Repository/Repo/MyStay/android.widget.TextView - Add An Account Number' is exist

24-04-2025T11:38:33 - [TEST_STEP][PASSED] - delay(10): Delayed 10 second(s)

24-04-2025T11:38:43 - [MESSAGE][PASSED] - Delayed 10 second(s)

24-04-2025T11:38:43 - [TEST_STEP][PASSED] - tap(findTestObject("Object Repository/Repo/MyStay/android.widget.TextView - Book Now"), 0): Tapped on element 'Object Repository/Repo/MyStay/android.widget.TextView - Book Now'

24-04-2025T11:38:43 - [MESSAGE][WARNING] - Timeout '0' is invalid. Using default page load timeout: '30'

24-04-2025T11:38:43 - [MESSAGE][PASSED] - Tapped on element 'Object Repository/Repo/MyStay/android.widget.TextView - Book Now'

24-04-2025T11:38:43 - [TEST_STEP][PASSED] - delay(30): Delayed 30 second(s)

24-04-2025T11:39:13 - [MESSAGE][PASSED] - Delayed 30 second(s)

24-04-2025T11:39:13 - [TEST_STEP][PASSED] - takeScreenshot("/var/folders/31/bxrgywy908s0_m3f2mfxp_cc0000gn/T/screenshot7822840804442700393.png"): Screenshot is taken

24-04-2025T11:39:16 - [MESSAGE][PASSED] - Screenshot is taken
[[ATTACHMENT|/var/folders/31/bxrgywy908s0_m3f2mfxp_cc0000gn/T/screenshot7822840804442700393.png]]

24-04-2025T11:39:16 - [TEST_STEP][PASSED] - assert verifyElementExist(findTestObject("Object Repository/Repo/MyStay/android.widget.TextView - WESTGATE RESORTS"), 0): Element 'Object Repository/Repo/MyStay/android.widget.TextView - WESTGATE RESORTS' is exist

24-04-2025T11:39:16 - [MESSAGE][WARNING] - Timeout '0' is invalid. Using default page load timeout: '30'

24-04-2025T11:39:17 - [MESSAGE][PASSED] - Element 'Object Repository/Repo/MyStay/android.widget.TextView - WESTGATE RESORTS' is exist

24-04-2025T11:39:17 - [TEST_STEP][PASSED] - closeApplication(): Close app successfully

24-04-2025T11:39:21 - [MESSAGE][PASSED] - Close app successfully]]></system-out>
         <system-err><![CDATA[]]></system-err>
      </testcase>
      <testcase name="Test Cases/Delete Account/C669_DeleteAccount_VerifyAccountDeletion" time="247.813" classname="Test Cases/Delete Account/C669_DeleteAccount_VerifyAccountDeletion" status="PASSED">
         <system-out><![CDATA[24-04-2025T11:39:21 - [TEST_CASE][PASSED] - Test Cases/Delete Account/C669_DeleteAccount_VerifyAccountDeletion: Test Cases/Delete Account/C669_DeleteAccount_VerifyAccountDeletion

24-04-2025T11:39:21 - [TEST_STEP][PASSED] - testData = findTestData("Data Files/C669"): null

24-04-2025T11:39:21 - [TEST_STEP][PASSED] - email = testData.getValue("email", 1): null

24-04-2025T11:39:21 - [TEST_STEP][PASSED] - password = testData.getValue("password", 1): null

24-04-2025T11:39:21 - [TEST_STEP][PASSED] - deleteConfirmation = testData.getValue("delete_confirmation", 1): null

24-04-2025T11:39:21 - [TEST_STEP][PASSED] - startApplication(appUrl, true): Started application: '/Users/gv.vignesh/Downloads/WGR-Android-Automation/App Folder/app-debug-Version 2.99.68.apk'

24-04-2025T11:39:21 - [MESSAGE][INFO] - Starting application: '/Users/gv.vignesh/Downloads/WGR-Android-Automation/App Folder/app-debug-Version 2.99.68.apk'

24-04-2025T11:39:21 - [MESSAGE][INFO] - User set preference: ['uiautomator2ServerInstallTimeout', '0']

24-04-2025T11:39:21 - [MESSAGE][INFO] - User set preference: ['deviceId', '']

24-04-2025T11:39:21 - [MESSAGE][INFO] - Detected NodeJS location: "/opt/homebrew/Cellar/node/23.10.0_1/bin/node"

24-04-2025T11:39:21 - [MESSAGE][INFO] - PATH: /opt/homebrew/Cellar/node/23.10.0_1/bin:/opt/homebrew/bin:/usr/bin:/bin:/usr/sbin:/sbin:/Applications/Katalon Studio Enterprise.app/Contents/Eclipse/jre/Contents/Home/bin:/usr/local/bin/

24-04-2025T11:39:21 - [MESSAGE][INFO] - APPIUM_HOME: /Users/gv.vignesh/.appium

24-04-2025T11:39:21 - [MESSAGE][INFO] - appium outlog: /Users/gv.vignesh/Downloads/WGR-Android-Automation/Reports/20250424_105415/Android Regression/20250424_105415/appium.log

24-04-2025T11:39:21 - [MESSAGE][INFO] - appium errlog: /Users/gv.vignesh/Downloads/WGR-Android-Automation/Reports/20250424_105415/Android Regression/20250424_105415/appium_error.log

24-04-2025T11:39:22 - [MESSAGE][INFO] - Appium server started on port 64,323

24-04-2025T11:39:38 - [MESSAGE][PASSED] - Started application: '/Users/gv.vignesh/Downloads/WGR-Android-Automation/App Folder/app-debug-Version 2.99.68.apk'

24-04-2025T11:39:38 - [TEST_STEP][PASSED] - delay(10): Delayed 10 second(s)

24-04-2025T11:39:48 - [MESSAGE][PASSED] - Delayed 10 second(s)

24-04-2025T11:39:48 - [TEST_STEP][PASSED] - tap(findTestObject("Object Repository/Repo/android.widget.Button - Login or Sign Up"), 0): Tapped on element 'Object Repository/Repo/android.widget.Button - Login or Sign Up'

24-04-2025T11:39:48 - [MESSAGE][WARNING] - Timeout '0' is invalid. Using default page load timeout: '30'

24-04-2025T11:39:49 - [MESSAGE][PASSED] - Tapped on element 'Object Repository/Repo/android.widget.Button - Login or Sign Up'

24-04-2025T11:39:49 - [TEST_STEP][PASSED] - delay(10): Delayed 10 second(s)

24-04-2025T11:39:59 - [MESSAGE][PASSED] - Delayed 10 second(s)

24-04-2025T11:39:59 - [TEST_STEP][PASSED] - setText(findTestObject("Object Repository/Repo/android.widget.EditText-NewUserName-LoginPage"), email, 0): Text '0425239TM@WG.COM' has been set to element 'Object Repository/Repo/android.widget.EditText-NewUserName-LoginPage'

24-04-2025T11:39:59 - [MESSAGE][WARNING] - Timeout '0' is invalid. Using default page load timeout: '30'

24-04-2025T11:40:01 - [MESSAGE][PASSED] - Text '0425239TM@WG.COM' has been set to element 'Object Repository/Repo/android.widget.EditText-NewUserName-LoginPage'

24-04-2025T11:40:01 - [TEST_STEP][PASSED] - hideKeyboard(): Keyboard is hidden

24-04-2025T11:40:04 - [MESSAGE][PASSED] - Keyboard is hidden

24-04-2025T11:40:04 - [TEST_STEP][PASSED] - delay(10): Delayed 10 second(s)

24-04-2025T11:40:14 - [MESSAGE][PASSED] - Delayed 10 second(s)

24-04-2025T11:40:14 - [TEST_STEP][PASSED] - tap(findTestObject("Object Repository/Repo/android.widget.Button - Next"), 0): Tapped on element 'Object Repository/Repo/android.widget.Button - Next'

24-04-2025T11:40:14 - [MESSAGE][WARNING] - Timeout '0' is invalid. Using default page load timeout: '30'

24-04-2025T11:40:14 - [MESSAGE][PASSED] - Tapped on element 'Object Repository/Repo/android.widget.Button - Next'

24-04-2025T11:40:14 - [TEST_STEP][PASSED] - delay(30): Delayed 30 second(s)

24-04-2025T11:40:44 - [MESSAGE][PASSED] - Delayed 30 second(s)

24-04-2025T11:40:44 - [TEST_STEP][PASSED] - setText(findTestObject("Object Repository/Repo/android.widget.EditText-OAM(Login)"), email, 0): Text '0425239TM@WG.COM' has been set to element 'Object Repository/Repo/android.widget.EditText-OAM(Login)'

24-04-2025T11:40:44 - [MESSAGE][WARNING] - Timeout '0' is invalid. Using default page load timeout: '30'

24-04-2025T11:40:45 - [MESSAGE][PASSED] - Text '0425239TM@WG.COM' has been set to element 'Object Repository/Repo/android.widget.EditText-OAM(Login)'

24-04-2025T11:40:45 - [TEST_STEP][PASSED] - hideKeyboard(): Keyboard is hidden

24-04-2025T11:40:47 - [MESSAGE][PASSED] - Keyboard is hidden

24-04-2025T11:40:47 - [TEST_STEP][PASSED] - delay(20): Delayed 20 second(s)

24-04-2025T11:41:07 - [MESSAGE][PASSED] - Delayed 20 second(s)

24-04-2025T11:41:07 - [TEST_STEP][PASSED] - setText(findTestObject("Object Repository/Repo/android.widget.EditText-OAM(Password)"), password, 0): Text 'password' has been set to element 'Object Repository/Repo/android.widget.EditText-OAM(Password)'

24-04-2025T11:41:07 - [MESSAGE][WARNING] - Timeout '0' is invalid. Using default page load timeout: '30'

24-04-2025T11:41:08 - [MESSAGE][PASSED] - Text 'password' has been set to element 'Object Repository/Repo/android.widget.EditText-OAM(Password)'

24-04-2025T11:41:08 - [TEST_STEP][PASSED] - hideKeyboard(): Keyboard is hidden

24-04-2025T11:41:10 - [MESSAGE][PASSED] - Keyboard is hidden

24-04-2025T11:41:10 - [TEST_STEP][PASSED] - delay(20): Delayed 20 second(s)

24-04-2025T11:41:30 - [MESSAGE][PASSED] - Delayed 20 second(s)

24-04-2025T11:41:30 - [TEST_STEP][PASSED] - tap(findTestObject("Object Repository/Repo/android.widget.Button -OAM(Login)"), 0): Tapped on element 'Object Repository/Repo/android.widget.Button -OAM(Login)'

24-04-2025T11:41:30 - [MESSAGE][WARNING] - Timeout '0' is invalid. Using default page load timeout: '30'

24-04-2025T11:41:30 - [MESSAGE][PASSED] - Tapped on element 'Object Repository/Repo/android.widget.Button -OAM(Login)'

24-04-2025T11:41:30 - [TEST_STEP][PASSED] - delay(20): Delayed 20 second(s)

24-04-2025T11:41:50 - [MESSAGE][PASSED] - Delayed 20 second(s)

24-04-2025T11:41:50 - [TEST_STEP][PASSED] - tap(findTestObject("Object Repository/Repo/android.view.View - Home"), 0): Tapped on element 'Object Repository/Repo/android.view.View - Home'

24-04-2025T11:41:50 - [MESSAGE][WARNING] - Timeout '0' is invalid. Using default page load timeout: '30'

24-04-2025T11:41:51 - [MESSAGE][PASSED] - Tapped on element 'Object Repository/Repo/android.view.View - Home'

24-04-2025T11:41:51 - [TEST_STEP][PASSED] - delay(10): Delayed 10 second(s)

24-04-2025T11:42:01 - [MESSAGE][PASSED] - Delayed 10 second(s)

24-04-2025T11:42:01 - [TEST_STEP][PASSED] - tap(findTestObject("Object Repository/Repo/android.widget.Button - menu"), 0): Tapped on element 'Object Repository/Repo/android.widget.Button - menu'

24-04-2025T11:42:01 - [MESSAGE][WARNING] - Timeout '0' is invalid. Using default page load timeout: '30'

24-04-2025T11:42:02 - [MESSAGE][PASSED] - Tapped on element 'Object Repository/Repo/android.widget.Button - menu'

24-04-2025T11:42:02 - [TEST_STEP][PASSED] - delay(10): Delayed 10 second(s)

24-04-2025T11:42:12 - [MESSAGE][PASSED] - Delayed 10 second(s)

24-04-2025T11:42:12 - [TEST_STEP][PASSED] - tap(findTestObject("Object Repository/Repo/android.widget.TabWidget-Settings"), 0): Tapped on element 'Object Repository/Repo/android.widget.TabWidget-Settings'

24-04-2025T11:42:12 - [MESSAGE][WARNING] - Timeout '0' is invalid. Using default page load timeout: '30'

24-04-2025T11:42:13 - [MESSAGE][PASSED] - Tapped on element 'Object Repository/Repo/android.widget.TabWidget-Settings'

24-04-2025T11:42:13 - [TEST_STEP][PASSED] - delay(10): Delayed 10 second(s)

24-04-2025T11:42:23 - [MESSAGE][PASSED] - Delayed 10 second(s)

24-04-2025T11:42:23 - [TEST_STEP][PASSED] - tap(findTestObject("Object Repository/Repo/android.widget.Button - Delete My Account"), 0): Tapped on element 'Object Repository/Repo/android.widget.Button - Delete My Account'

24-04-2025T11:42:23 - [MESSAGE][WARNING] - Timeout '0' is invalid. Using default page load timeout: '30'

24-04-2025T11:42:24 - [MESSAGE][PASSED] - Tapped on element 'Object Repository/Repo/android.widget.Button - Delete My Account'

24-04-2025T11:42:24 - [TEST_STEP][PASSED] - delay(10): Delayed 10 second(s)

24-04-2025T11:42:34 - [MESSAGE][PASSED] - Delayed 10 second(s)

24-04-2025T11:42:34 - [TEST_STEP][PASSED] - assert waitForElementPresent(findTestObject("Object Repository/Repo/android.widget.TextView - Deleting your account will also delete your Online Account Management profile, and if youre a W.O.W. Loyalty Member or participate in the Westgate Travel Partner program, your benefits will be disrupted"), 10): Element 'Object Repository/Repo/android.widget.TextView - Deleting your account will also delete your Online Account Management profile, and if youre a W.O.W. Loyalty Member or participate in the Westgate Travel Partner program, your benefits will be disrupted' is present

24-04-2025T11:42:34 - [MESSAGE][PASSED] - Element 'Object Repository/Repo/android.widget.TextView - Deleting your account will also delete your Online Account Management profile, and if youre a W.O.W. Loyalty Member or participate in the Westgate Travel Partner program, your benefits will be disrupted' is present

24-04-2025T11:42:34 - [TEST_STEP][PASSED] - assert waitForElementPresent(findTestObject("Object Repository/Repo/android.widget.TextView - If you proceed, it can take up to two days for your account to be fully purged from our system"), 10): Element 'Object Repository/Repo/android.widget.TextView - If you proceed, it can take up to two days for your account to be fully purged from our system' is present

24-04-2025T11:42:34 - [MESSAGE][PASSED] - Element 'Object Repository/Repo/android.widget.TextView - If you proceed, it can take up to two days for your account to be fully purged from our system' is present

24-04-2025T11:42:34 - [TEST_STEP][PASSED] - delay(10): Delayed 10 second(s)

24-04-2025T11:42:44 - [MESSAGE][PASSED] - Delayed 10 second(s)

24-04-2025T11:42:44 - [TEST_STEP][PASSED] - setText(findTestObject("Object Repository/Repo/android.widget.EditText-DeleteConfirmationMessage"), deleteConfirmation, 0): Text 'delete' has been set to element 'Object Repository/Repo/android.widget.EditText-DeleteConfirmationMessage'

24-04-2025T11:42:44 - [MESSAGE][WARNING] - Timeout '0' is invalid. Using default page load timeout: '30'

24-04-2025T11:42:44 - [MESSAGE][PASSED] - Text 'delete' has been set to element 'Object Repository/Repo/android.widget.EditText-DeleteConfirmationMessage'

24-04-2025T11:42:44 - [TEST_STEP][PASSED] - delay(10): Delayed 10 second(s)

24-04-2025T11:42:54 - [MESSAGE][PASSED] - Delayed 10 second(s)

24-04-2025T11:42:54 - [TEST_STEP][PASSED] - tap(findTestObject("Object Repository/Repo/android.widget.Button - Delete"), 0): Tapped on element 'Object Repository/Repo/android.widget.Button - Delete'

24-04-2025T11:42:54 - [MESSAGE][WARNING] - Timeout '0' is invalid. Using default page load timeout: '30'

24-04-2025T11:42:55 - [MESSAGE][PASSED] - Tapped on element 'Object Repository/Repo/android.widget.Button - Delete'

24-04-2025T11:42:55 - [TEST_STEP][PASSED] - delay(10): Delayed 10 second(s)

24-04-2025T11:43:05 - [MESSAGE][PASSED] - Delayed 10 second(s)

24-04-2025T11:43:05 - [TEST_STEP][PASSED] - assert waitForElementPresent(findTestObject("Object Repository/Repo/android.widget.TextView - Sorry to see you go"), 10): Element 'Object Repository/Repo/android.widget.TextView - Sorry to see you go' is present

24-04-2025T11:43:05 - [MESSAGE][PASSED] - Element 'Object Repository/Repo/android.widget.TextView - Sorry to see you go' is present

24-04-2025T11:43:05 - [TEST_STEP][PASSED] - delay(10): Delayed 10 second(s)

24-04-2025T11:43:15 - [MESSAGE][PASSED] - Delayed 10 second(s)

24-04-2025T11:43:15 - [TEST_STEP][PASSED] - tap(findTestObject("Object Repository/Repo/android.widget.Button - Done"), 0): Tapped on element 'Object Repository/Repo/android.widget.Button - Done'

24-04-2025T11:43:15 - [MESSAGE][WARNING] - Timeout '0' is invalid. Using default page load timeout: '30'

24-04-2025T11:43:16 - [MESSAGE][PASSED] - Tapped on element 'Object Repository/Repo/android.widget.Button - Done'

24-04-2025T11:43:16 - [TEST_STEP][PASSED] - delay(10): Delayed 10 second(s)

24-04-2025T11:43:26 - [MESSAGE][PASSED] - Delayed 10 second(s)

24-04-2025T11:43:26 - [TEST_STEP][PASSED] - closeApplication(): Close app successfully

24-04-2025T11:43:29 - [MESSAGE][PASSED] - Close app successfully]]></system-out>
         <system-err><![CDATA[]]></system-err>
      </testcase>
      <testcase name="Test Cases/My Stay And Reservations/C748_MyStayAndReservations_MyStay_Current tab_Activestay_See all" time="193.439" classname="Test Cases/My Stay And Reservations/C748_MyStayAndReservations_MyStay_Current tab_Activestay_See all" status="FAILED">
         <failure type="FAILED" message="Test Cases/My Stay And Reservations/C748_MyStayAndReservations_MyStay_Current tab_Activestay_See all FAILED.&#xa;Reason:&#xa;com.kms.katalon.core.exception.StepFailedException: Failed to check for element 'Object Repository/Repo/MyStay/android.widget.TextView - ACTIVE STAYS' exist&#xa;	at com.kms.katalon.core.mobile.keyword.internal.MobileKeywordMain.stepFailed(MobileKeywordMain.groovy:64)&#xa;	at com.kms.katalon.core.mobile.keyword.internal.MobileKeywordMain.runKeyword(MobileKeywordMain.groovy:34)&#xa;	at com.kms.katalon.core.mobile.keyword.builtin.VerifyElementExistKeyword.verifyElementExist(VerifyElementExistKeyword.groovy:51)&#xa;	at com.kms.katalon.core.mobile.keyword.builtin.VerifyElementExistKeyword.execute(VerifyElementExistKeyword.groovy:35)&#xa;	at com.kms.katalon.core.keyword.internal.KeywordExecutor.executeKeywordForPlatform(KeywordExecutor.groovy:74)&#xa;	at com.kms.katalon.core.mobile.keyword.MobileBuiltInKeywords.verifyElementExist(MobileBuiltInKeywords.groovy:1726)&#xa;	at C748_MyStayAndReservations_MyStay_Current tab_Activestay_See all.run(C748_MyStayAndReservations_MyStay_Current tab_Activestay_See all:54)&#xa;	at com.kms.katalon.core.main.ScriptEngine.run(ScriptEngine.java:194)&#xa;	at com.kms.katalon.core.main.ScriptEngine.runScriptAsRawText(ScriptEngine.java:119)&#xa;	at com.kms.katalon.core.main.TestCaseExecutor.runScript(TestCaseExecutor.java:448)&#xa;	at com.kms.katalon.core.main.TestCaseExecutor.doExecute(TestCaseExecutor.java:439)&#xa;	at com.kms.katalon.core.main.TestCaseExecutor.processExecutionPhase(TestCaseExecutor.java:418)&#xa;	at com.kms.katalon.core.main.TestCaseExecutor.accessMainPhase(TestCaseExecutor.java:410)&#xa;	at com.kms.katalon.core.main.TestCaseExecutor.execute(TestCaseExecutor.java:285)&#xa;	at com.kms.katalon.core.common.CommonExecutor.accessTestCaseMainPhase(CommonExecutor.java:71)&#xa;	at com.kms.katalon.core.main.TestSuiteExecutor.accessTestSuiteMainPhase(TestSuiteExecutor.java:160)&#xa;	at com.kms.katalon.core.main.TestSuiteExecutor.execute(TestSuiteExecutor.java:107)&#xa;	at com.kms.katalon.core.main.TestCaseMain.startTestSuite(TestCaseMain.java:180)&#xa;	at TempTestSuite1745472255458.run(TempTestSuite1745472255458.groovy:35)&#xa;	at java.base/jdk.internal.reflect.NativeMethodAccessorImpl.invoke0(Native Method)&#xa;	at java.base/jdk.internal.reflect.NativeMethodAccessorImpl.invoke(NativeMethodAccessorImpl.java:77)&#xa;	at java.base/jdk.internal.reflect.DelegatingMethodAccessorImpl.invoke(DelegatingMethodAccessorImpl.java:43)&#xa;Caused by: com.kms.katalon.core.exception.StepFailedException: Element 'Object Repository/Repo/MyStay/android.widget.TextView - ACTIVE STAYS' not found&#xa;	at com.kms.katalon.core.mobile.keyword.internal.MobileKeywordMain.stepFailed(MobileKeywordMain.groovy:64)&#xa;	at com.kms.katalon.core.mobile.keyword.builtin.VerifyElementExistKeyword$_verifyElementExist_closure1.doCall(VerifyElementExistKeyword.groovy:48)&#xa;	at com.kms.katalon.core.mobile.keyword.builtin.VerifyElementExistKeyword$_verifyElementExist_closure1.call(VerifyElementExistKeyword.groovy)&#xa;	at com.kms.katalon.core.mobile.keyword.internal.MobileKeywordMain.runKeyword(MobileKeywordMain.groovy:30)&#xa;	... 20 more&#xa;"/>
         <system-out><![CDATA[24-04-2025T11:43:29 - [TEST_CASE][FAILED] - Test Cases/My Stay And Reservations/C748_MyStayAndReservations_MyStay_Current tab_Activestay_See all: Test Cases/My Stay And Reservations/C748_MyStayAndReservations_MyStay_Current tab_Activestay_See all FAILED.
Reason:
com.kms.katalon.core.exception.StepFailedException: Failed to check for element 'Object Repository/Repo/MyStay/android.widget.TextView - ACTIVE STAYS' exist
	at com.kms.katalon.core.mobile.keyword.internal.MobileKeywordMain.stepFailed(MobileKeywordMain.groovy:64)
	at com.kms.katalon.core.mobile.keyword.internal.MobileKeywordMain.runKeyword(MobileKeywordMain.groovy:34)
	at com.kms.katalon.core.mobile.keyword.builtin.VerifyElementExistKeyword.verifyElementExist(VerifyElementExistKeyword.groovy:51)
	at com.kms.katalon.core.mobile.keyword.builtin.VerifyElementExistKeyword.execute(VerifyElementExistKeyword.groovy:35)
	at com.kms.katalon.core.keyword.internal.KeywordExecutor.executeKeywordForPlatform(KeywordExecutor.groovy:74)
	at com.kms.katalon.core.mobile.keyword.MobileBuiltInKeywords.verifyElementExist(MobileBuiltInKeywords.groovy:1726)
	at C748_MyStayAndReservations_MyStay_Current tab_Activestay_See all.run(C748_MyStayAndReservations_MyStay_Current tab_Activestay_See all:54)
	at com.kms.katalon.core.main.ScriptEngine.run(ScriptEngine.java:194)
	at com.kms.katalon.core.main.ScriptEngine.runScriptAsRawText(ScriptEngine.java:119)
	at com.kms.katalon.core.main.TestCaseExecutor.runScript(TestCaseExecutor.java:448)
	at com.kms.katalon.core.main.TestCaseExecutor.doExecute(TestCaseExecutor.java:439)
	at com.kms.katalon.core.main.TestCaseExecutor.processExecutionPhase(TestCaseExecutor.java:418)
	at com.kms.katalon.core.main.TestCaseExecutor.accessMainPhase(TestCaseExecutor.java:410)
	at com.kms.katalon.core.main.TestCaseExecutor.execute(TestCaseExecutor.java:285)
	at com.kms.katalon.core.common.CommonExecutor.accessTestCaseMainPhase(CommonExecutor.java:71)
	at com.kms.katalon.core.main.TestSuiteExecutor.accessTestSuiteMainPhase(TestSuiteExecutor.java:160)
	at com.kms.katalon.core.main.TestSuiteExecutor.execute(TestSuiteExecutor.java:107)
	at com.kms.katalon.core.main.TestCaseMain.startTestSuite(TestCaseMain.java:180)
	at TempTestSuite1745472255458.run(TempTestSuite1745472255458.groovy:35)
	at java.base/jdk.internal.reflect.NativeMethodAccessorImpl.invoke0(Native Method)
	at java.base/jdk.internal.reflect.NativeMethodAccessorImpl.invoke(NativeMethodAccessorImpl.java:77)
	at java.base/jdk.internal.reflect.DelegatingMethodAccessorImpl.invoke(DelegatingMethodAccessorImpl.java:43)
Caused by: com.kms.katalon.core.exception.StepFailedException: Element 'Object Repository/Repo/MyStay/android.widget.TextView - ACTIVE STAYS' not found
	at com.kms.katalon.core.mobile.keyword.internal.MobileKeywordMain.stepFailed(MobileKeywordMain.groovy:64)
	at com.kms.katalon.core.mobile.keyword.builtin.VerifyElementExistKeyword$_verifyElementExist_closure1.doCall(VerifyElementExistKeyword.groovy:48)
	at com.kms.katalon.core.mobile.keyword.builtin.VerifyElementExistKeyword$_verifyElementExist_closure1.call(VerifyElementExistKeyword.groovy)
	at com.kms.katalon.core.mobile.keyword.internal.MobileKeywordMain.runKeyword(MobileKeywordMain.groovy:30)
	... 20 more


24-04-2025T11:43:29 - [TEST_STEP][PASSED] - testData = findTestData("Data Files/C751"): null

24-04-2025T11:43:29 - [TEST_STEP][PASSED] - email = testData.getValue("email", 1): null

24-04-2025T11:43:29 - [TEST_STEP][PASSED] - password = testData.getValue("password", 1): null

24-04-2025T11:43:29 - [TEST_STEP][PASSED] - startApplication(appUrl, true): Started application: '/Users/gv.vignesh/Downloads/WGR-Android-Automation/App Folder/app-debug-Version 2.99.68.apk'

24-04-2025T11:43:29 - [MESSAGE][INFO] - Starting application: '/Users/gv.vignesh/Downloads/WGR-Android-Automation/App Folder/app-debug-Version 2.99.68.apk'

24-04-2025T11:43:29 - [MESSAGE][INFO] - User set preference: ['uiautomator2ServerInstallTimeout', '0']

24-04-2025T11:43:29 - [MESSAGE][INFO] - User set preference: ['deviceId', '']

24-04-2025T11:43:29 - [MESSAGE][INFO] - Detected NodeJS location: "/opt/homebrew/Cellar/node/23.10.0_1/bin/node"

24-04-2025T11:43:29 - [MESSAGE][INFO] - PATH: /opt/homebrew/Cellar/node/23.10.0_1/bin:/opt/homebrew/bin:/usr/bin:/bin:/usr/sbin:/sbin:/Applications/Katalon Studio Enterprise.app/Contents/Eclipse/jre/Contents/Home/bin:/usr/local/bin/

24-04-2025T11:43:29 - [MESSAGE][INFO] - APPIUM_HOME: /Users/gv.vignesh/.appium

24-04-2025T11:43:29 - [MESSAGE][INFO] - appium outlog: /Users/gv.vignesh/Downloads/WGR-Android-Automation/Reports/20250424_105415/Android Regression/20250424_105415/appium.log

24-04-2025T11:43:29 - [MESSAGE][INFO] - appium errlog: /Users/gv.vignesh/Downloads/WGR-Android-Automation/Reports/20250424_105415/Android Regression/20250424_105415/appium_error.log

24-04-2025T11:43:30 - [MESSAGE][INFO] - Appium server started on port 64,637

24-04-2025T11:43:47 - [MESSAGE][PASSED] - Started application: '/Users/gv.vignesh/Downloads/WGR-Android-Automation/App Folder/app-debug-Version 2.99.68.apk'

24-04-2025T11:43:47 - [TEST_STEP][PASSED] - delay(10): Delayed 10 second(s)

24-04-2025T11:43:57 - [MESSAGE][PASSED] - Delayed 10 second(s)

24-04-2025T11:43:57 - [TEST_STEP][PASSED] - tap(findTestObject("Object Repository/Repo/MyStay/android.widget.Button - Login or Sign Up"), 0): Tapped on element 'Object Repository/Repo/MyStay/android.widget.Button - Login or Sign Up'

24-04-2025T11:43:57 - [MESSAGE][WARNING] - Timeout '0' is invalid. Using default page load timeout: '30'

24-04-2025T11:43:58 - [MESSAGE][PASSED] - Tapped on element 'Object Repository/Repo/MyStay/android.widget.Button - Login or Sign Up'

24-04-2025T11:43:58 - [TEST_STEP][PASSED] - delay(10): Delayed 10 second(s)

24-04-2025T11:44:08 - [MESSAGE][PASSED] - Delayed 10 second(s)

24-04-2025T11:44:08 - [TEST_STEP][PASSED] - setText(findTestObject("Object Repository/Repo/SignUpNewUser/android.widget.EditText"), email, 0): Text '0425209TM@WG.COM' has been set to element 'Object Repository/Repo/SignUpNewUser/android.widget.EditText'

24-04-2025T11:44:08 - [MESSAGE][WARNING] - Timeout '0' is invalid. Using default page load timeout: '30'

24-04-2025T11:44:09 - [MESSAGE][PASSED] - Text '0425209TM@WG.COM' has been set to element 'Object Repository/Repo/SignUpNewUser/android.widget.EditText'

24-04-2025T11:44:09 - [TEST_STEP][PASSED] - hideKeyboard(): Keyboard is hidden

24-04-2025T11:44:11 - [MESSAGE][PASSED] - Keyboard is hidden

24-04-2025T11:44:11 - [TEST_STEP][PASSED] - delay(10): Delayed 10 second(s)

24-04-2025T11:44:21 - [MESSAGE][PASSED] - Delayed 10 second(s)

24-04-2025T11:44:21 - [TEST_STEP][PASSED] - tap(findTestObject("Object Repository/Repo/MyStay/android.widget.Button - Next"), 0): Tapped on element 'Object Repository/Repo/MyStay/android.widget.Button - Next'

24-04-2025T11:44:21 - [MESSAGE][WARNING] - Timeout '0' is invalid. Using default page load timeout: '30'

24-04-2025T11:44:22 - [MESSAGE][PASSED] - Tapped on element 'Object Repository/Repo/MyStay/android.widget.Button - Next'

24-04-2025T11:44:22 - [TEST_STEP][PASSED] - delay(40): Delayed 40 second(s)

24-04-2025T11:45:02 - [MESSAGE][PASSED] - Delayed 40 second(s)

24-04-2025T11:45:02 - [TEST_STEP][PASSED] - setText(findTestObject("Object Repository/Repo/MyStay/android.widget.EditText (1)"), email, 0): Text '0425209TM@WG.COM' has been set to element 'Object Repository/Repo/MyStay/android.widget.EditText (1)'

24-04-2025T11:45:02 - [MESSAGE][WARNING] - Timeout '0' is invalid. Using default page load timeout: '30'

24-04-2025T11:45:03 - [MESSAGE][PASSED] - Text '0425209TM@WG.COM' has been set to element 'Object Repository/Repo/MyStay/android.widget.EditText (1)'

24-04-2025T11:45:03 - [TEST_STEP][PASSED] - hideKeyboard(): Keyboard is hidden

24-04-2025T11:45:05 - [MESSAGE][PASSED] - Keyboard is hidden

24-04-2025T11:45:05 - [TEST_STEP][PASSED] - delay(20): Delayed 20 second(s)

24-04-2025T11:45:25 - [MESSAGE][PASSED] - Delayed 20 second(s)

24-04-2025T11:45:25 - [TEST_STEP][PASSED] - setText(findTestObject("Object Repository/Repo/MyStay/android.widget.EditText"), password, 0): Text 'password' has been set to element 'Object Repository/Repo/MyStay/android.widget.EditText'

24-04-2025T11:45:25 - [MESSAGE][WARNING] - Timeout '0' is invalid. Using default page load timeout: '30'

24-04-2025T11:45:26 - [MESSAGE][PASSED] - Text 'password' has been set to element 'Object Repository/Repo/MyStay/android.widget.EditText'

24-04-2025T11:45:26 - [TEST_STEP][PASSED] - hideKeyboard(): Keyboard is hidden

24-04-2025T11:45:28 - [MESSAGE][PASSED] - Keyboard is hidden

24-04-2025T11:45:28 - [TEST_STEP][PASSED] - delay(10): Delayed 10 second(s)

24-04-2025T11:45:38 - [MESSAGE][PASSED] - Delayed 10 second(s)

24-04-2025T11:45:38 - [TEST_STEP][PASSED] - tap(findTestObject("Object Repository/Repo/MyStay/android.widget.Button - LOGIN"), 0): Tapped on element 'Object Repository/Repo/MyStay/android.widget.Button - LOGIN'

24-04-2025T11:45:38 - [MESSAGE][WARNING] - Timeout '0' is invalid. Using default page load timeout: '30'

24-04-2025T11:45:39 - [MESSAGE][PASSED] - Tapped on element 'Object Repository/Repo/MyStay/android.widget.Button - LOGIN'

24-04-2025T11:45:39 - [TEST_STEP][PASSED] - delay(20): Delayed 20 second(s)

24-04-2025T11:45:59 - [MESSAGE][PASSED] - Delayed 20 second(s)

24-04-2025T11:45:59 - [TEST_STEP][PASSED] - tap(findTestObject("Object Repository/Repo/MyStay/android.view.View - My Stay"), 0): Tapped on element 'Object Repository/Repo/MyStay/android.view.View - My Stay'

24-04-2025T11:45:59 - [MESSAGE][WARNING] - Timeout '0' is invalid. Using default page load timeout: '30'

24-04-2025T11:45:59 - [MESSAGE][PASSED] - Tapped on element 'Object Repository/Repo/MyStay/android.view.View - My Stay'

24-04-2025T11:45:59 - [TEST_STEP][PASSED] - delay(30): Delayed 30 second(s)

24-04-2025T11:46:29 - [MESSAGE][PASSED] - Delayed 30 second(s)

24-04-2025T11:46:29 - [TEST_STEP][PASSED] - elementsToVerify = ["Object Repository/Repo/MyStay/android.widget.TextView - ACTIVE STAYS", "Object Repository/Repo/MyStay/android.widget.TextView - SEE ALL"]: null

24-04-2025T11:46:29 - [TEST_STEP][PASSED] - allElementsExist = true: null

24-04-2025T11:46:29 - [TEST_STEP][FAILED] - for (String elementPath : elementsToVerify): Failed to check for element 'Object Repository/Repo/MyStay/android.widget.TextView - ACTIVE STAYS' exist (Root cause: com.kms.katalon.core.exception.StepFailedException: Failed to check for element 'Object Repository/Repo/MyStay/android.widget.TextView - ACTIVE STAYS' exist
	at com.kms.katalon.core.mobile.keyword.internal.MobileKeywordMain.stepFailed(MobileKeywordMain.groovy:64)
	at com.kms.katalon.core.mobile.keyword.internal.MobileKeywordMain.runKeyword(MobileKeywordMain.groovy:34)
	at com.kms.katalon.core.mobile.keyword.builtin.VerifyElementExistKeyword.verifyElementExist(VerifyElementExistKeyword.groovy:51)
	at com.kms.katalon.core.mobile.keyword.builtin.VerifyElementExistKeyword.execute(VerifyElementExistKeyword.groovy:35)
	at com.kms.katalon.core.keyword.internal.KeywordExecutor.executeKeywordForPlatform(KeywordExecutor.groovy:74)
	at com.kms.katalon.core.mobile.keyword.MobileBuiltInKeywords.verifyElementExist(MobileBuiltInKeywords.groovy:1726)
	at C748_MyStayAndReservations_MyStay_Current tab_Activestay_See all.run(C748_MyStayAndReservations_MyStay_Current tab_Activestay_See all:54)
	at com.kms.katalon.core.main.ScriptEngine.run(ScriptEngine.java:194)
	at com.kms.katalon.core.main.ScriptEngine.runScriptAsRawText(ScriptEngine.java:119)
	at com.kms.katalon.core.main.TestCaseExecutor.runScript(TestCaseExecutor.java:448)
	at com.kms.katalon.core.main.TestCaseExecutor.doExecute(TestCaseExecutor.java:439)
	at com.kms.katalon.core.main.TestCaseExecutor.processExecutionPhase(TestCaseExecutor.java:418)
	at com.kms.katalon.core.main.TestCaseExecutor.accessMainPhase(TestCaseExecutor.java:410)
	at com.kms.katalon.core.main.TestCaseExecutor.execute(TestCaseExecutor.java:285)
	at com.kms.katalon.core.common.CommonExecutor.accessTestCaseMainPhase(CommonExecutor.java:71)
	at com.kms.katalon.core.main.TestSuiteExecutor.accessTestSuiteMainPhase(TestSuiteExecutor.java:160)
	at com.kms.katalon.core.main.TestSuiteExecutor.execute(TestSuiteExecutor.java:107)
	at com.kms.katalon.core.main.TestCaseMain.startTestSuite(TestCaseMain.java:180)
	at TempTestSuite1745472255458.run(TempTestSuite1745472255458.groovy:35)
	at java.base/jdk.internal.reflect.NativeMethodAccessorImpl.invoke0(Native Method)
	at java.base/jdk.internal.reflect.NativeMethodAccessorImpl.invoke(NativeMethodAccessorImpl.java:77)
	at java.base/jdk.internal.reflect.DelegatingMethodAccessorImpl.invoke(DelegatingMethodAccessorImpl.java:43)
Caused by: com.kms.katalon.core.exception.StepFailedException: Element 'Object Repository/Repo/MyStay/android.widget.TextView - ACTIVE STAYS' not found
	at com.kms.katalon.core.mobile.keyword.internal.MobileKeywordMain.stepFailed(MobileKeywordMain.groovy:64)
	at com.kms.katalon.core.mobile.keyword.builtin.VerifyElementExistKeyword$_verifyElementExist_closure1.doCall(VerifyElementExistKeyword.groovy:48)
	at com.kms.katalon.core.mobile.keyword.builtin.VerifyElementExistKeyword$_verifyElementExist_closure1.call(VerifyElementExistKeyword.groovy)
	at com.kms.katalon.core.mobile.keyword.internal.MobileKeywordMain.runKeyword(MobileKeywordMain.groovy:30)
	... 20 more
)

24-04-2025T11:46:29 - [TEST_STEP][FAILED] - elementExists = verifyElementExist(findTestObject(elementPath), 10): Failed to check for element 'Object Repository/Repo/MyStay/android.widget.TextView - ACTIVE STAYS' exist (Root cause: com.kms.katalon.core.exception.StepFailedException: Failed to check for element 'Object Repository/Repo/MyStay/android.widget.TextView - ACTIVE STAYS' exist
	at com.kms.katalon.core.mobile.keyword.internal.MobileKeywordMain.stepFailed(MobileKeywordMain.groovy:64)
	at com.kms.katalon.core.mobile.keyword.internal.MobileKeywordMain.runKeyword(MobileKeywordMain.groovy:34)
	at com.kms.katalon.core.mobile.keyword.builtin.VerifyElementExistKeyword.verifyElementExist(VerifyElementExistKeyword.groovy:51)
	at com.kms.katalon.core.mobile.keyword.builtin.VerifyElementExistKeyword.execute(VerifyElementExistKeyword.groovy:35)
	at com.kms.katalon.core.keyword.internal.KeywordExecutor.executeKeywordForPlatform(KeywordExecutor.groovy:74)
	at com.kms.katalon.core.mobile.keyword.MobileBuiltInKeywords.verifyElementExist(MobileBuiltInKeywords.groovy:1726)
	at C748_MyStayAndReservations_MyStay_Current tab_Activestay_See all.run(C748_MyStayAndReservations_MyStay_Current tab_Activestay_See all:54)
	at com.kms.katalon.core.main.ScriptEngine.run(ScriptEngine.java:194)
	at com.kms.katalon.core.main.ScriptEngine.runScriptAsRawText(ScriptEngine.java:119)
	at com.kms.katalon.core.main.TestCaseExecutor.runScript(TestCaseExecutor.java:448)
	at com.kms.katalon.core.main.TestCaseExecutor.doExecute(TestCaseExecutor.java:439)
	at com.kms.katalon.core.main.TestCaseExecutor.processExecutionPhase(TestCaseExecutor.java:418)
	at com.kms.katalon.core.main.TestCaseExecutor.accessMainPhase(TestCaseExecutor.java:410)
	at com.kms.katalon.core.main.TestCaseExecutor.execute(TestCaseExecutor.java:285)
	at com.kms.katalon.core.common.CommonExecutor.accessTestCaseMainPhase(CommonExecutor.java:71)
	at com.kms.katalon.core.main.TestSuiteExecutor.accessTestSuiteMainPhase(TestSuiteExecutor.java:160)
	at com.kms.katalon.core.main.TestSuiteExecutor.execute(TestSuiteExecutor.java:107)
	at com.kms.katalon.core.main.TestCaseMain.startTestSuite(TestCaseMain.java:180)
	at TempTestSuite1745472255458.run(TempTestSuite1745472255458.groovy:35)
	at java.base/jdk.internal.reflect.NativeMethodAccessorImpl.invoke0(Native Method)
	at java.base/jdk.internal.reflect.NativeMethodAccessorImpl.invoke(NativeMethodAccessorImpl.java:77)
	at java.base/jdk.internal.reflect.DelegatingMethodAccessorImpl.invoke(DelegatingMethodAccessorImpl.java:43)
Caused by: com.kms.katalon.core.exception.StepFailedException: Element 'Object Repository/Repo/MyStay/android.widget.TextView - ACTIVE STAYS' not found
	at com.kms.katalon.core.mobile.keyword.internal.MobileKeywordMain.stepFailed(MobileKeywordMain.groovy:64)
	at com.kms.katalon.core.mobile.keyword.builtin.VerifyElementExistKeyword$_verifyElementExist_closure1.doCall(VerifyElementExistKeyword.groovy:48)
	at com.kms.katalon.core.mobile.keyword.builtin.VerifyElementExistKeyword$_verifyElementExist_closure1.call(VerifyElementExistKeyword.groovy)
	at com.kms.katalon.core.mobile.keyword.internal.MobileKeywordMain.runKeyword(MobileKeywordMain.groovy:30)
	... 20 more
)

24-04-2025T11:46:41 - [MESSAGE][FAILED] - Element 'Object Repository/Repo/MyStay/android.widget.TextView - ACTIVE STAYS' not found (Root cause: com.kms.katalon.core.exception.StepFailedException: Element 'Object Repository/Repo/MyStay/android.widget.TextView - ACTIVE STAYS' not found
	at com.kms.katalon.core.mobile.keyword.internal.MobileKeywordMain.stepFailed(MobileKeywordMain.groovy:64)
	at com.kms.katalon.core.mobile.keyword.builtin.VerifyElementExistKeyword$_verifyElementExist_closure1.doCall(VerifyElementExistKeyword.groovy:48)
	at com.kms.katalon.core.mobile.keyword.builtin.VerifyElementExistKeyword$_verifyElementExist_closure1.call(VerifyElementExistKeyword.groovy)
	at com.kms.katalon.core.mobile.keyword.internal.MobileKeywordMain.runKeyword(MobileKeywordMain.groovy:30)
	at com.kms.katalon.core.mobile.keyword.builtin.VerifyElementExistKeyword.verifyElementExist(VerifyElementExistKeyword.groovy:51)
	at com.kms.katalon.core.mobile.keyword.builtin.VerifyElementExistKeyword.execute(VerifyElementExistKeyword.groovy:35)
	at com.kms.katalon.core.keyword.internal.KeywordExecutor.executeKeywordForPlatform(KeywordExecutor.groovy:74)
	at com.kms.katalon.core.mobile.keyword.MobileBuiltInKeywords.verifyElementExist(MobileBuiltInKeywords.groovy:1726)
	at C748_MyStayAndReservations_MyStay_Current tab_Activestay_See all.run(C748_MyStayAndReservations_MyStay_Current tab_Activestay_See all:54)
	at com.kms.katalon.core.main.ScriptEngine.run(ScriptEngine.java:194)
	at com.kms.katalon.core.main.ScriptEngine.runScriptAsRawText(ScriptEngine.java:119)
	at com.kms.katalon.core.main.TestCaseExecutor.runScript(TestCaseExecutor.java:448)
	at com.kms.katalon.core.main.TestCaseExecutor.doExecute(TestCaseExecutor.java:439)
	at com.kms.katalon.core.main.TestCaseExecutor.processExecutionPhase(TestCaseExecutor.java:418)
	at com.kms.katalon.core.main.TestCaseExecutor.accessMainPhase(TestCaseExecutor.java:410)
	at com.kms.katalon.core.main.TestCaseExecutor.execute(TestCaseExecutor.java:285)
	at com.kms.katalon.core.common.CommonExecutor.accessTestCaseMainPhase(CommonExecutor.java:71)
	at com.kms.katalon.core.main.TestSuiteExecutor.accessTestSuiteMainPhase(TestSuiteExecutor.java:160)
	at com.kms.katalon.core.main.TestSuiteExecutor.execute(TestSuiteExecutor.java:107)
	at com.kms.katalon.core.main.TestCaseMain.startTestSuite(TestCaseMain.java:180)
	at TempTestSuite1745472255458.run(TempTestSuite1745472255458.groovy:35)
	at java.base/jdk.internal.reflect.NativeMethodAccessorImpl.invoke0(Native Method)
	at java.base/jdk.internal.reflect.NativeMethodAccessorImpl.invoke(NativeMethodAccessorImpl.java:77)
	at java.base/jdk.internal.reflect.DelegatingMethodAccessorImpl.invoke(DelegatingMethodAccessorImpl.java:43)
)
[[ATTACHMENT|/Users/gv.vignesh/Downloads/WGR-Android-Automation/Reports/20250424_105415/Android Regression/20250424_105415/1745475400123.png]]

24-04-2025T11:46:42 - [MESSAGE][FAILED] - Failed to check for element 'Object Repository/Repo/MyStay/android.widget.TextView - ACTIVE STAYS' exist (Root cause: com.kms.katalon.core.exception.StepFailedException: Failed to check for element 'Object Repository/Repo/MyStay/android.widget.TextView - ACTIVE STAYS' exist
	at com.kms.katalon.core.mobile.keyword.internal.MobileKeywordMain.stepFailed(MobileKeywordMain.groovy:64)
	at com.kms.katalon.core.mobile.keyword.internal.MobileKeywordMain.runKeyword(MobileKeywordMain.groovy:34)
	at com.kms.katalon.core.mobile.keyword.builtin.VerifyElementExistKeyword.verifyElementExist(VerifyElementExistKeyword.groovy:51)
	at com.kms.katalon.core.mobile.keyword.builtin.VerifyElementExistKeyword.execute(VerifyElementExistKeyword.groovy:35)
	at com.kms.katalon.core.keyword.internal.KeywordExecutor.executeKeywordForPlatform(KeywordExecutor.groovy:74)
	at com.kms.katalon.core.mobile.keyword.MobileBuiltInKeywords.verifyElementExist(MobileBuiltInKeywords.groovy:1726)
	at C748_MyStayAndReservations_MyStay_Current tab_Activestay_See all.run(C748_MyStayAndReservations_MyStay_Current tab_Activestay_See all:54)
	at com.kms.katalon.core.main.ScriptEngine.run(ScriptEngine.java:194)
	at com.kms.katalon.core.main.ScriptEngine.runScriptAsRawText(ScriptEngine.java:119)
	at com.kms.katalon.core.main.TestCaseExecutor.runScript(TestCaseExecutor.java:448)
	at com.kms.katalon.core.main.TestCaseExecutor.doExecute(TestCaseExecutor.java:439)
	at com.kms.katalon.core.main.TestCaseExecutor.processExecutionPhase(TestCaseExecutor.java:418)
	at com.kms.katalon.core.main.TestCaseExecutor.accessMainPhase(TestCaseExecutor.java:410)
	at com.kms.katalon.core.main.TestCaseExecutor.execute(TestCaseExecutor.java:285)
	at com.kms.katalon.core.common.CommonExecutor.accessTestCaseMainPhase(CommonExecutor.java:71)
	at com.kms.katalon.core.main.TestSuiteExecutor.accessTestSuiteMainPhase(TestSuiteExecutor.java:160)
	at com.kms.katalon.core.main.TestSuiteExecutor.execute(TestSuiteExecutor.java:107)
	at com.kms.katalon.core.main.TestCaseMain.startTestSuite(TestCaseMain.java:180)
	at TempTestSuite1745472255458.run(TempTestSuite1745472255458.groovy:35)
	at java.base/jdk.internal.reflect.NativeMethodAccessorImpl.invoke0(Native Method)
	at java.base/jdk.internal.reflect.NativeMethodAccessorImpl.invoke(NativeMethodAccessorImpl.java:77)
	at java.base/jdk.internal.reflect.DelegatingMethodAccessorImpl.invoke(DelegatingMethodAccessorImpl.java:43)
Caused by: com.kms.katalon.core.exception.StepFailedException: Element 'Object Repository/Repo/MyStay/android.widget.TextView - ACTIVE STAYS' not found
	at com.kms.katalon.core.mobile.keyword.internal.MobileKeywordMain.stepFailed(MobileKeywordMain.groovy:64)
	at com.kms.katalon.core.mobile.keyword.builtin.VerifyElementExistKeyword$_verifyElementExist_closure1.doCall(VerifyElementExistKeyword.groovy:48)
	at com.kms.katalon.core.mobile.keyword.builtin.VerifyElementExistKeyword$_verifyElementExist_closure1.call(VerifyElementExistKeyword.groovy)
	at com.kms.katalon.core.mobile.keyword.internal.MobileKeywordMain.runKeyword(MobileKeywordMain.groovy:30)
	... 20 more
)
[[ATTACHMENT|/Users/gv.vignesh/Downloads/WGR-Android-Automation/Reports/20250424_105415/Android Regression/20250424_105415/1745475401647.png]]]]></system-out>
         <system-err><![CDATA[24-04-2025T11:43:29 - [TEST_CASE][FAILED] - Test Cases/My Stay And Reservations/C748_MyStayAndReservations_MyStay_Current tab_Activestay_See all: Test Cases/My Stay And Reservations/C748_MyStayAndReservations_MyStay_Current tab_Activestay_See all FAILED.
Reason:
com.kms.katalon.core.exception.StepFailedException: Failed to check for element 'Object Repository/Repo/MyStay/android.widget.TextView - ACTIVE STAYS' exist
	at com.kms.katalon.core.mobile.keyword.internal.MobileKeywordMain.stepFailed(MobileKeywordMain.groovy:64)
	at com.kms.katalon.core.mobile.keyword.internal.MobileKeywordMain.runKeyword(MobileKeywordMain.groovy:34)
	at com.kms.katalon.core.mobile.keyword.builtin.VerifyElementExistKeyword.verifyElementExist(VerifyElementExistKeyword.groovy:51)
	at com.kms.katalon.core.mobile.keyword.builtin.VerifyElementExistKeyword.execute(VerifyElementExistKeyword.groovy:35)
	at com.kms.katalon.core.keyword.internal.KeywordExecutor.executeKeywordForPlatform(KeywordExecutor.groovy:74)
	at com.kms.katalon.core.mobile.keyword.MobileBuiltInKeywords.verifyElementExist(MobileBuiltInKeywords.groovy:1726)
	at C748_MyStayAndReservations_MyStay_Current tab_Activestay_See all.run(C748_MyStayAndReservations_MyStay_Current tab_Activestay_See all:54)
	at com.kms.katalon.core.main.ScriptEngine.run(ScriptEngine.java:194)
	at com.kms.katalon.core.main.ScriptEngine.runScriptAsRawText(ScriptEngine.java:119)
	at com.kms.katalon.core.main.TestCaseExecutor.runScript(TestCaseExecutor.java:448)
	at com.kms.katalon.core.main.TestCaseExecutor.doExecute(TestCaseExecutor.java:439)
	at com.kms.katalon.core.main.TestCaseExecutor.processExecutionPhase(TestCaseExecutor.java:418)
	at com.kms.katalon.core.main.TestCaseExecutor.accessMainPhase(TestCaseExecutor.java:410)
	at com.kms.katalon.core.main.TestCaseExecutor.execute(TestCaseExecutor.java:285)
	at com.kms.katalon.core.common.CommonExecutor.accessTestCaseMainPhase(CommonExecutor.java:71)
	at com.kms.katalon.core.main.TestSuiteExecutor.accessTestSuiteMainPhase(TestSuiteExecutor.java:160)
	at com.kms.katalon.core.main.TestSuiteExecutor.execute(TestSuiteExecutor.java:107)
	at com.kms.katalon.core.main.TestCaseMain.startTestSuite(TestCaseMain.java:180)
	at TempTestSuite1745472255458.run(TempTestSuite1745472255458.groovy:35)
	at java.base/jdk.internal.reflect.NativeMethodAccessorImpl.invoke0(Native Method)
	at java.base/jdk.internal.reflect.NativeMethodAccessorImpl.invoke(NativeMethodAccessorImpl.java:77)
	at java.base/jdk.internal.reflect.DelegatingMethodAccessorImpl.invoke(DelegatingMethodAccessorImpl.java:43)
Caused by: com.kms.katalon.core.exception.StepFailedException: Element 'Object Repository/Repo/MyStay/android.widget.TextView - ACTIVE STAYS' not found
	at com.kms.katalon.core.mobile.keyword.internal.MobileKeywordMain.stepFailed(MobileKeywordMain.groovy:64)
	at com.kms.katalon.core.mobile.keyword.builtin.VerifyElementExistKeyword$_verifyElementExist_closure1.doCall(VerifyElementExistKeyword.groovy:48)
	at com.kms.katalon.core.mobile.keyword.builtin.VerifyElementExistKeyword$_verifyElementExist_closure1.call(VerifyElementExistKeyword.groovy)
	at com.kms.katalon.core.mobile.keyword.internal.MobileKeywordMain.runKeyword(MobileKeywordMain.groovy:30)
	... 20 more]]></system-err>
      </testcase>
      <testcase name="Test Cases/My Stay And Reservations/WRMA-301_MyStayAndReservations_Error_ReservationsNotLoadingPastStays" time="72.135" classname="Test Cases/My Stay And Reservations/WRMA-301_MyStayAndReservations_Error_ReservationsNotLoadingPastStays" status="FAILED">
         <failure type="FAILED" message="Test Cases/My Stay And Reservations/WRMA-301_MyStayAndReservations_Error_ReservationsNotLoadingPastStays FAILED.&#xa;Reason:&#xa;com.kms.katalon.core.exception.StepFailedException: Failed to set text into element&#xa;	at com.kms.katalon.core.mobile.keyword.internal.MobileKeywordMain.stepFailed(MobileKeywordMain.groovy:64)&#xa;	at com.kms.katalon.core.mobile.keyword.internal.MobileKeywordMain.runKeyword(MobileKeywordMain.groovy:34)&#xa;	at com.kms.katalon.core.mobile.keyword.builtin.SetTextKeyword.setText(SetTextKeyword.groovy:62)&#xa;	at com.kms.katalon.core.mobile.keyword.builtin.SetTextKeyword.execute(SetTextKeyword.groovy:42)&#xa;	at com.kms.katalon.core.keyword.internal.KeywordExecutor.executeKeywordForPlatform(KeywordExecutor.groovy:74)&#xa;	at com.kms.katalon.core.mobile.keyword.MobileBuiltInKeywords.setText(MobileBuiltInKeywords.groovy:1278)&#xa;	at WRMA-301_MyStayAndReservations_Error_ReservationsNotLoadingPastStays.run(WRMA-301_MyStayAndReservations_Error_ReservationsNotLoadingPastStays:49)&#xa;	at com.kms.katalon.core.main.ScriptEngine.run(ScriptEngine.java:194)&#xa;	at com.kms.katalon.core.main.ScriptEngine.runScriptAsRawText(ScriptEngine.java:119)&#xa;	at com.kms.katalon.core.main.TestCaseExecutor.runScript(TestCaseExecutor.java:448)&#xa;	at com.kms.katalon.core.main.TestCaseExecutor.doExecute(TestCaseExecutor.java:439)&#xa;	at com.kms.katalon.core.main.TestCaseExecutor.processExecutionPhase(TestCaseExecutor.java:418)&#xa;	at com.kms.katalon.core.main.TestCaseExecutor.accessMainPhase(TestCaseExecutor.java:410)&#xa;	at com.kms.katalon.core.main.TestCaseExecutor.execute(TestCaseExecutor.java:285)&#xa;	at com.kms.katalon.core.common.CommonExecutor.accessTestCaseMainPhase(CommonExecutor.java:71)&#xa;	at com.kms.katalon.core.main.TestSuiteExecutor.accessTestSuiteMainPhase(TestSuiteExecutor.java:160)&#xa;	at com.kms.katalon.core.main.TestSuiteExecutor.execute(TestSuiteExecutor.java:107)&#xa;	at com.kms.katalon.core.main.TestCaseMain.startTestSuite(TestCaseMain.java:180)&#xa;	at TempTestSuite1745472255458.run(TempTestSuite1745472255458.groovy:35)&#xa;	at java.base/jdk.internal.reflect.NativeMethodAccessorImpl.invoke0(Native Method)&#xa;	at java.base/jdk.internal.reflect.NativeMethodAccessorImpl.invoke(NativeMethodAccessorImpl.java:77)&#xa;	at java.base/jdk.internal.reflect.DelegatingMethodAccessorImpl.invoke(DelegatingMethodAccessorImpl.java:43)&#xa;Caused by: com.kms.katalon.core.exception.StepFailedException: Object Object Repository/Repo/MyStay/android.widget.EditText not found&#xa;	at com.kms.katalon.core.mobile.keyword.internal.MobileKeywordMain.stepFailed(MobileKeywordMain.groovy:64)&#xa;	at com.kms.katalon.core.mobile.keyword.builtin.SetTextKeyword$_setText_closure1.doCall(SetTextKeyword.groovy:52)&#xa;	at com.kms.katalon.core.mobile.keyword.builtin.SetTextKeyword$_setText_closure1.call(SetTextKeyword.groovy)&#xa;	at com.kms.katalon.core.mobile.keyword.internal.MobileKeywordMain.runKeyword(MobileKeywordMain.groovy:30)&#xa;	... 20 more&#xa;"/>
         <system-out><![CDATA[24-04-2025T11:46:42 - [TEST_CASE][FAILED] - Test Cases/My Stay And Reservations/WRMA-301_MyStayAndReservations_Error_ReservationsNotLoadingPastStays: Test Cases/My Stay And Reservations/WRMA-301_MyStayAndReservations_Error_ReservationsNotLoadingPastStays FAILED.
Reason:
com.kms.katalon.core.exception.StepFailedException: Failed to set text into element
	at com.kms.katalon.core.mobile.keyword.internal.MobileKeywordMain.stepFailed(MobileKeywordMain.groovy:64)
	at com.kms.katalon.core.mobile.keyword.internal.MobileKeywordMain.runKeyword(MobileKeywordMain.groovy:34)
	at com.kms.katalon.core.mobile.keyword.builtin.SetTextKeyword.setText(SetTextKeyword.groovy:62)
	at com.kms.katalon.core.mobile.keyword.builtin.SetTextKeyword.execute(SetTextKeyword.groovy:42)
	at com.kms.katalon.core.keyword.internal.KeywordExecutor.executeKeywordForPlatform(KeywordExecutor.groovy:74)
	at com.kms.katalon.core.mobile.keyword.MobileBuiltInKeywords.setText(MobileBuiltInKeywords.groovy:1278)
	at WRMA-301_MyStayAndReservations_Error_ReservationsNotLoadingPastStays.run(WRMA-301_MyStayAndReservations_Error_ReservationsNotLoadingPastStays:49)
	at com.kms.katalon.core.main.ScriptEngine.run(ScriptEngine.java:194)
	at com.kms.katalon.core.main.ScriptEngine.runScriptAsRawText(ScriptEngine.java:119)
	at com.kms.katalon.core.main.TestCaseExecutor.runScript(TestCaseExecutor.java:448)
	at com.kms.katalon.core.main.TestCaseExecutor.doExecute(TestCaseExecutor.java:439)
	at com.kms.katalon.core.main.TestCaseExecutor.processExecutionPhase(TestCaseExecutor.java:418)
	at com.kms.katalon.core.main.TestCaseExecutor.accessMainPhase(TestCaseExecutor.java:410)
	at com.kms.katalon.core.main.TestCaseExecutor.execute(TestCaseExecutor.java:285)
	at com.kms.katalon.core.common.CommonExecutor.accessTestCaseMainPhase(CommonExecutor.java:71)
	at com.kms.katalon.core.main.TestSuiteExecutor.accessTestSuiteMainPhase(TestSuiteExecutor.java:160)
	at com.kms.katalon.core.main.TestSuiteExecutor.execute(TestSuiteExecutor.java:107)
	at com.kms.katalon.core.main.TestCaseMain.startTestSuite(TestCaseMain.java:180)
	at TempTestSuite1745472255458.run(TempTestSuite1745472255458.groovy:35)
	at java.base/jdk.internal.reflect.NativeMethodAccessorImpl.invoke0(Native Method)
	at java.base/jdk.internal.reflect.NativeMethodAccessorImpl.invoke(NativeMethodAccessorImpl.java:77)
	at java.base/jdk.internal.reflect.DelegatingMethodAccessorImpl.invoke(DelegatingMethodAccessorImpl.java:43)
Caused by: com.kms.katalon.core.exception.StepFailedException: Object Object Repository/Repo/MyStay/android.widget.EditText not found
	at com.kms.katalon.core.mobile.keyword.internal.MobileKeywordMain.stepFailed(MobileKeywordMain.groovy:64)
	at com.kms.katalon.core.mobile.keyword.builtin.SetTextKeyword$_setText_closure1.doCall(SetTextKeyword.groovy:52)
	at com.kms.katalon.core.mobile.keyword.builtin.SetTextKeyword$_setText_closure1.call(SetTextKeyword.groovy)
	at com.kms.katalon.core.mobile.keyword.internal.MobileKeywordMain.runKeyword(MobileKeywordMain.groovy:30)
	... 20 more


24-04-2025T11:46:42 - [TEST_STEP][PASSED] - testData = findTestData("Data Files/C726"): null

24-04-2025T11:46:42 - [TEST_STEP][PASSED] - username = testData.getValue("username", 1): null

24-04-2025T11:46:42 - [TEST_STEP][PASSED] - password = testData.getValue("password", 1): null

24-04-2025T11:46:42 - [TEST_STEP][PASSED] - startApplication(appUrl, true): Started application: '/Users/gv.vignesh/Downloads/WGR-Android-Automation/App Folder/app-debug-Version 2.99.68.apk'

24-04-2025T11:46:42 - [MESSAGE][INFO] - Starting application: '/Users/gv.vignesh/Downloads/WGR-Android-Automation/App Folder/app-debug-Version 2.99.68.apk'

24-04-2025T11:46:42 - [MESSAGE][INFO] - User set preference: ['uiautomator2ServerInstallTimeout', '0']

24-04-2025T11:46:42 - [MESSAGE][INFO] - User set preference: ['deviceId', '']

24-04-2025T11:46:59 - [MESSAGE][PASSED] - Started application: '/Users/gv.vignesh/Downloads/WGR-Android-Automation/App Folder/app-debug-Version 2.99.68.apk'

24-04-2025T11:46:59 - [TEST_STEP][PASSED] - delay(10): Delayed 10 second(s)

24-04-2025T11:47:09 - [MESSAGE][PASSED] - Delayed 10 second(s)

24-04-2025T11:47:09 - [TEST_STEP][PASSED] - tap(findTestObject("Object Repository/Repo/MyStay/android.widget.Button - Login or Sign Up"), 0): Tapped on element 'Object Repository/Repo/MyStay/android.widget.Button - Login or Sign Up'

24-04-2025T11:47:09 - [MESSAGE][WARNING] - Timeout '0' is invalid. Using default page load timeout: '30'

24-04-2025T11:47:10 - [MESSAGE][PASSED] - Tapped on element 'Object Repository/Repo/MyStay/android.widget.Button - Login or Sign Up'

24-04-2025T11:47:10 - [TEST_STEP][PASSED] - delay(10): Delayed 10 second(s)

24-04-2025T11:47:20 - [MESSAGE][PASSED] - Delayed 10 second(s)

24-04-2025T11:47:20 - [TEST_STEP][FAILED] - setText(findTestObject("Object Repository/Repo/MyStay/android.widget.EditText"), username, 0): Failed to set text into element (Root cause: com.kms.katalon.core.exception.StepFailedException: Failed to set text into element
	at com.kms.katalon.core.mobile.keyword.internal.MobileKeywordMain.stepFailed(MobileKeywordMain.groovy:64)
	at com.kms.katalon.core.mobile.keyword.internal.MobileKeywordMain.runKeyword(MobileKeywordMain.groovy:34)
	at com.kms.katalon.core.mobile.keyword.builtin.SetTextKeyword.setText(SetTextKeyword.groovy:62)
	at com.kms.katalon.core.mobile.keyword.builtin.SetTextKeyword.execute(SetTextKeyword.groovy:42)
	at com.kms.katalon.core.keyword.internal.KeywordExecutor.executeKeywordForPlatform(KeywordExecutor.groovy:74)
	at com.kms.katalon.core.mobile.keyword.MobileBuiltInKeywords.setText(MobileBuiltInKeywords.groovy:1278)
	at WRMA-301_MyStayAndReservations_Error_ReservationsNotLoadingPastStays.run(WRMA-301_MyStayAndReservations_Error_ReservationsNotLoadingPastStays:49)
	at com.kms.katalon.core.main.ScriptEngine.run(ScriptEngine.java:194)
	at com.kms.katalon.core.main.ScriptEngine.runScriptAsRawText(ScriptEngine.java:119)
	at com.kms.katalon.core.main.TestCaseExecutor.runScript(TestCaseExecutor.java:448)
	at com.kms.katalon.core.main.TestCaseExecutor.doExecute(TestCaseExecutor.java:439)
	at com.kms.katalon.core.main.TestCaseExecutor.processExecutionPhase(TestCaseExecutor.java:418)
	at com.kms.katalon.core.main.TestCaseExecutor.accessMainPhase(TestCaseExecutor.java:410)
	at com.kms.katalon.core.main.TestCaseExecutor.execute(TestCaseExecutor.java:285)
	at com.kms.katalon.core.common.CommonExecutor.accessTestCaseMainPhase(CommonExecutor.java:71)
	at com.kms.katalon.core.main.TestSuiteExecutor.accessTestSuiteMainPhase(TestSuiteExecutor.java:160)
	at com.kms.katalon.core.main.TestSuiteExecutor.execute(TestSuiteExecutor.java:107)
	at com.kms.katalon.core.main.TestCaseMain.startTestSuite(TestCaseMain.java:180)
	at TempTestSuite1745472255458.run(TempTestSuite1745472255458.groovy:35)
	at java.base/jdk.internal.reflect.NativeMethodAccessorImpl.invoke0(Native Method)
	at java.base/jdk.internal.reflect.NativeMethodAccessorImpl.invoke(NativeMethodAccessorImpl.java:77)
	at java.base/jdk.internal.reflect.DelegatingMethodAccessorImpl.invoke(DelegatingMethodAccessorImpl.java:43)
Caused by: com.kms.katalon.core.exception.StepFailedException: Object Object Repository/Repo/MyStay/android.widget.EditText not found
	at com.kms.katalon.core.mobile.keyword.internal.MobileKeywordMain.stepFailed(MobileKeywordMain.groovy:64)
	at com.kms.katalon.core.mobile.keyword.builtin.SetTextKeyword$_setText_closure1.doCall(SetTextKeyword.groovy:52)
	at com.kms.katalon.core.mobile.keyword.builtin.SetTextKeyword$_setText_closure1.call(SetTextKeyword.groovy)
	at com.kms.katalon.core.mobile.keyword.internal.MobileKeywordMain.runKeyword(MobileKeywordMain.groovy:30)
	... 20 more
)

24-04-2025T11:47:20 - [MESSAGE][WARNING] - Timeout '0' is invalid. Using default page load timeout: '30'

24-04-2025T11:47:52 - [MESSAGE][FAILED] - Object Object Repository/Repo/MyStay/android.widget.EditText not found (Root cause: com.kms.katalon.core.exception.StepFailedException: Object Object Repository/Repo/MyStay/android.widget.EditText not found
	at com.kms.katalon.core.mobile.keyword.internal.MobileKeywordMain.stepFailed(MobileKeywordMain.groovy:64)
	at com.kms.katalon.core.mobile.keyword.builtin.SetTextKeyword$_setText_closure1.doCall(SetTextKeyword.groovy:52)
	at com.kms.katalon.core.mobile.keyword.builtin.SetTextKeyword$_setText_closure1.call(SetTextKeyword.groovy)
	at com.kms.katalon.core.mobile.keyword.internal.MobileKeywordMain.runKeyword(MobileKeywordMain.groovy:30)
	at com.kms.katalon.core.mobile.keyword.builtin.SetTextKeyword.setText(SetTextKeyword.groovy:62)
	at com.kms.katalon.core.mobile.keyword.builtin.SetTextKeyword.execute(SetTextKeyword.groovy:42)
	at com.kms.katalon.core.keyword.internal.KeywordExecutor.executeKeywordForPlatform(KeywordExecutor.groovy:74)
	at com.kms.katalon.core.mobile.keyword.MobileBuiltInKeywords.setText(MobileBuiltInKeywords.groovy:1278)
	at WRMA-301_MyStayAndReservations_Error_ReservationsNotLoadingPastStays.run(WRMA-301_MyStayAndReservations_Error_ReservationsNotLoadingPastStays:49)
	at com.kms.katalon.core.main.ScriptEngine.run(ScriptEngine.java:194)
	at com.kms.katalon.core.main.ScriptEngine.runScriptAsRawText(ScriptEngine.java:119)
	at com.kms.katalon.core.main.TestCaseExecutor.runScript(TestCaseExecutor.java:448)
	at com.kms.katalon.core.main.TestCaseExecutor.doExecute(TestCaseExecutor.java:439)
	at com.kms.katalon.core.main.TestCaseExecutor.processExecutionPhase(TestCaseExecutor.java:418)
	at com.kms.katalon.core.main.TestCaseExecutor.accessMainPhase(TestCaseExecutor.java:410)
	at com.kms.katalon.core.main.TestCaseExecutor.execute(TestCaseExecutor.java:285)
	at com.kms.katalon.core.common.CommonExecutor.accessTestCaseMainPhase(CommonExecutor.java:71)
	at com.kms.katalon.core.main.TestSuiteExecutor.accessTestSuiteMainPhase(TestSuiteExecutor.java:160)
	at com.kms.katalon.core.main.TestSuiteExecutor.execute(TestSuiteExecutor.java:107)
	at com.kms.katalon.core.main.TestCaseMain.startTestSuite(TestCaseMain.java:180)
	at TempTestSuite1745472255458.run(TempTestSuite1745472255458.groovy:35)
	at java.base/jdk.internal.reflect.NativeMethodAccessorImpl.invoke0(Native Method)
	at java.base/jdk.internal.reflect.NativeMethodAccessorImpl.invoke(NativeMethodAccessorImpl.java:77)
	at java.base/jdk.internal.reflect.DelegatingMethodAccessorImpl.invoke(DelegatingMethodAccessorImpl.java:43)
)
[[ATTACHMENT|/Users/gv.vignesh/Downloads/WGR-Android-Automation/Reports/20250424_105415/Android Regression/20250424_105415/1745475470268.png]]

24-04-2025T11:47:54 - [MESSAGE][FAILED] - Failed to set text into element (Root cause: com.kms.katalon.core.exception.StepFailedException: Failed to set text into element
	at com.kms.katalon.core.mobile.keyword.internal.MobileKeywordMain.stepFailed(MobileKeywordMain.groovy:64)
	at com.kms.katalon.core.mobile.keyword.internal.MobileKeywordMain.runKeyword(MobileKeywordMain.groovy:34)
	at com.kms.katalon.core.mobile.keyword.builtin.SetTextKeyword.setText(SetTextKeyword.groovy:62)
	at com.kms.katalon.core.mobile.keyword.builtin.SetTextKeyword.execute(SetTextKeyword.groovy:42)
	at com.kms.katalon.core.keyword.internal.KeywordExecutor.executeKeywordForPlatform(KeywordExecutor.groovy:74)
	at com.kms.katalon.core.mobile.keyword.MobileBuiltInKeywords.setText(MobileBuiltInKeywords.groovy:1278)
	at WRMA-301_MyStayAndReservations_Error_ReservationsNotLoadingPastStays.run(WRMA-301_MyStayAndReservations_Error_ReservationsNotLoadingPastStays:49)
	at com.kms.katalon.core.main.ScriptEngine.run(ScriptEngine.java:194)
	at com.kms.katalon.core.main.ScriptEngine.runScriptAsRawText(ScriptEngine.java:119)
	at com.kms.katalon.core.main.TestCaseExecutor.runScript(TestCaseExecutor.java:448)
	at com.kms.katalon.core.main.TestCaseExecutor.doExecute(TestCaseExecutor.java:439)
	at com.kms.katalon.core.main.TestCaseExecutor.processExecutionPhase(TestCaseExecutor.java:418)
	at com.kms.katalon.core.main.TestCaseExecutor.accessMainPhase(TestCaseExecutor.java:410)
	at com.kms.katalon.core.main.TestCaseExecutor.execute(TestCaseExecutor.java:285)
	at com.kms.katalon.core.common.CommonExecutor.accessTestCaseMainPhase(CommonExecutor.java:71)
	at com.kms.katalon.core.main.TestSuiteExecutor.accessTestSuiteMainPhase(TestSuiteExecutor.java:160)
	at com.kms.katalon.core.main.TestSuiteExecutor.execute(TestSuiteExecutor.java:107)
	at com.kms.katalon.core.main.TestCaseMain.startTestSuite(TestCaseMain.java:180)
	at TempTestSuite1745472255458.run(TempTestSuite1745472255458.groovy:35)
	at java.base/jdk.internal.reflect.NativeMethodAccessorImpl.invoke0(Native Method)
	at java.base/jdk.internal.reflect.NativeMethodAccessorImpl.invoke(NativeMethodAccessorImpl.java:77)
	at java.base/jdk.internal.reflect.DelegatingMethodAccessorImpl.invoke(DelegatingMethodAccessorImpl.java:43)
Caused by: com.kms.katalon.core.exception.StepFailedException: Object Object Repository/Repo/MyStay/android.widget.EditText not found
	at com.kms.katalon.core.mobile.keyword.internal.MobileKeywordMain.stepFailed(MobileKeywordMain.groovy:64)
	at com.kms.katalon.core.mobile.keyword.builtin.SetTextKeyword$_setText_closure1.doCall(SetTextKeyword.groovy:52)
	at com.kms.katalon.core.mobile.keyword.builtin.SetTextKeyword$_setText_closure1.call(SetTextKeyword.groovy)
	at com.kms.katalon.core.mobile.keyword.internal.MobileKeywordMain.runKeyword(MobileKeywordMain.groovy:30)
	... 20 more
)
[[ATTACHMENT|/Users/gv.vignesh/Downloads/WGR-Android-Automation/Reports/20250424_105415/Android Regression/20250424_105415/1745475472980.png]]]]></system-out>
         <system-err><![CDATA[24-04-2025T11:46:42 - [TEST_CASE][FAILED] - Test Cases/My Stay And Reservations/WRMA-301_MyStayAndReservations_Error_ReservationsNotLoadingPastStays: Test Cases/My Stay And Reservations/WRMA-301_MyStayAndReservations_Error_ReservationsNotLoadingPastStays FAILED.
Reason:
com.kms.katalon.core.exception.StepFailedException: Failed to set text into element
	at com.kms.katalon.core.mobile.keyword.internal.MobileKeywordMain.stepFailed(MobileKeywordMain.groovy:64)
	at com.kms.katalon.core.mobile.keyword.internal.MobileKeywordMain.runKeyword(MobileKeywordMain.groovy:34)
	at com.kms.katalon.core.mobile.keyword.builtin.SetTextKeyword.setText(SetTextKeyword.groovy:62)
	at com.kms.katalon.core.mobile.keyword.builtin.SetTextKeyword.execute(SetTextKeyword.groovy:42)
	at com.kms.katalon.core.keyword.internal.KeywordExecutor.executeKeywordForPlatform(KeywordExecutor.groovy:74)
	at com.kms.katalon.core.mobile.keyword.MobileBuiltInKeywords.setText(MobileBuiltInKeywords.groovy:1278)
	at WRMA-301_MyStayAndReservations_Error_ReservationsNotLoadingPastStays.run(WRMA-301_MyStayAndReservations_Error_ReservationsNotLoadingPastStays:49)
	at com.kms.katalon.core.main.ScriptEngine.run(ScriptEngine.java:194)
	at com.kms.katalon.core.main.ScriptEngine.runScriptAsRawText(ScriptEngine.java:119)
	at com.kms.katalon.core.main.TestCaseExecutor.runScript(TestCaseExecutor.java:448)
	at com.kms.katalon.core.main.TestCaseExecutor.doExecute(TestCaseExecutor.java:439)
	at com.kms.katalon.core.main.TestCaseExecutor.processExecutionPhase(TestCaseExecutor.java:418)
	at com.kms.katalon.core.main.TestCaseExecutor.accessMainPhase(TestCaseExecutor.java:410)
	at com.kms.katalon.core.main.TestCaseExecutor.execute(TestCaseExecutor.java:285)
	at com.kms.katalon.core.common.CommonExecutor.accessTestCaseMainPhase(CommonExecutor.java:71)
	at com.kms.katalon.core.main.TestSuiteExecutor.accessTestSuiteMainPhase(TestSuiteExecutor.java:160)
	at com.kms.katalon.core.main.TestSuiteExecutor.execute(TestSuiteExecutor.java:107)
	at com.kms.katalon.core.main.TestCaseMain.startTestSuite(TestCaseMain.java:180)
	at TempTestSuite1745472255458.run(TempTestSuite1745472255458.groovy:35)
	at java.base/jdk.internal.reflect.NativeMethodAccessorImpl.invoke0(Native Method)
	at java.base/jdk.internal.reflect.NativeMethodAccessorImpl.invoke(NativeMethodAccessorImpl.java:77)
	at java.base/jdk.internal.reflect.DelegatingMethodAccessorImpl.invoke(DelegatingMethodAccessorImpl.java:43)
Caused by: com.kms.katalon.core.exception.StepFailedException: Object Object Repository/Repo/MyStay/android.widget.EditText not found
	at com.kms.katalon.core.mobile.keyword.internal.MobileKeywordMain.stepFailed(MobileKeywordMain.groovy:64)
	at com.kms.katalon.core.mobile.keyword.builtin.SetTextKeyword$_setText_closure1.doCall(SetTextKeyword.groovy:52)
	at com.kms.katalon.core.mobile.keyword.builtin.SetTextKeyword$_setText_closure1.call(SetTextKeyword.groovy)
	at com.kms.katalon.core.mobile.keyword.internal.MobileKeywordMain.runKeyword(MobileKeywordMain.groovy:30)
	... 20 more]]></system-err>
      </testcase>
      <testcase name="Test Cases/My Stay And Reservations/C725_MyStayAndReservations_Mystay_Landingpage_Nostays" time="230.93" classname="Test Cases/My Stay And Reservations/C725_MyStayAndReservations_Mystay_Landingpage_Nostays" status="PASSED">
         <system-out><![CDATA[24-04-2025T11:47:54 - [TEST_CASE][PASSED] - Test Cases/My Stay And Reservations/C725_MyStayAndReservations_Mystay_Landingpage_Nostays: Test Cases/My Stay And Reservations/C725_MyStayAndReservations_Mystay_Landingpage_Nostays

24-04-2025T11:47:54 - [TEST_STEP][PASSED] - testData = findTestData("Data Files/C790"): null

24-04-2025T11:47:54 - [TEST_STEP][PASSED] - email = testData.getValue("email", 1): null

24-04-2025T11:47:54 - [TEST_STEP][PASSED] - password = testData.getValue("password", 1): null

24-04-2025T11:47:54 - [TEST_STEP][PASSED] - startApplication(appUrl, true): Started application: '/Users/gv.vignesh/Downloads/WGR-Android-Automation/App Folder/app-debug-Version 2.99.68.apk'

24-04-2025T11:47:54 - [MESSAGE][INFO] - Starting application: '/Users/gv.vignesh/Downloads/WGR-Android-Automation/App Folder/app-debug-Version 2.99.68.apk'

24-04-2025T11:47:54 - [MESSAGE][INFO] - User set preference: ['uiautomator2ServerInstallTimeout', '0']

24-04-2025T11:47:54 - [MESSAGE][INFO] - User set preference: ['deviceId', '']

24-04-2025T11:48:15 - [MESSAGE][PASSED] - Started application: '/Users/gv.vignesh/Downloads/WGR-Android-Automation/App Folder/app-debug-Version 2.99.68.apk'

24-04-2025T11:48:15 - [TEST_STEP][PASSED] - delay(10): Delayed 10 second(s)

24-04-2025T11:48:25 - [MESSAGE][PASSED] - Delayed 10 second(s)

24-04-2025T11:48:25 - [TEST_STEP][PASSED] - tap(findTestObject("Object Repository/Repo/MyStay/android.widget.Button - Login or Sign Up (2)"), 0): Tapped on element 'Object Repository/Repo/MyStay/android.widget.Button - Login or Sign Up (2)'

24-04-2025T11:48:25 - [MESSAGE][WARNING] - Timeout '0' is invalid. Using default page load timeout: '30'

24-04-2025T11:48:26 - [MESSAGE][PASSED] - Tapped on element 'Object Repository/Repo/MyStay/android.widget.Button - Login or Sign Up (2)'

24-04-2025T11:48:26 - [TEST_STEP][PASSED] - delay(10): Delayed 10 second(s)

24-04-2025T11:48:36 - [MESSAGE][PASSED] - Delayed 10 second(s)

24-04-2025T11:48:36 - [TEST_STEP][PASSED] - setText(findTestObject("Object Repository/Repo/android.widget.EditText-NewUserName-LoginPage"), email, 0): Text 'CGARNER024@GMAIL.COM' has been set to element 'Object Repository/Repo/android.widget.EditText-NewUserName-LoginPage'

24-04-2025T11:48:36 - [MESSAGE][WARNING] - Timeout '0' is invalid. Using default page load timeout: '30'

24-04-2025T11:48:37 - [MESSAGE][PASSED] - Text 'CGARNER024@GMAIL.COM' has been set to element 'Object Repository/Repo/android.widget.EditText-NewUserName-LoginPage'

24-04-2025T11:48:37 - [TEST_STEP][PASSED] - hideKeyboard(): Keyboard is hidden

24-04-2025T11:48:40 - [MESSAGE][PASSED] - Keyboard is hidden

24-04-2025T11:48:40 - [TEST_STEP][PASSED] - delay(10): Delayed 10 second(s)

24-04-2025T11:48:50 - [MESSAGE][PASSED] - Delayed 10 second(s)

24-04-2025T11:48:50 - [TEST_STEP][PASSED] - tap(findTestObject("Object Repository/Repo/MyStay/android.widget.Button - Next (2)"), 0): Tapped on element 'Object Repository/Repo/MyStay/android.widget.Button - Next (2)'

24-04-2025T11:48:50 - [MESSAGE][WARNING] - Timeout '0' is invalid. Using default page load timeout: '30'

24-04-2025T11:48:50 - [MESSAGE][PASSED] - Tapped on element 'Object Repository/Repo/MyStay/android.widget.Button - Next (2)'

24-04-2025T11:48:50 - [TEST_STEP][PASSED] - delay(30): Delayed 30 second(s)

24-04-2025T11:49:20 - [MESSAGE][PASSED] - Delayed 30 second(s)

24-04-2025T11:49:20 - [TEST_STEP][PASSED] - setText(findTestObject("Object Repository/Repo/MyStay/android.widget.EditText (5)"), email, 0): Text 'CGARNER024@GMAIL.COM' has been set to element 'Object Repository/Repo/MyStay/android.widget.EditText (5)'

24-04-2025T11:49:20 - [MESSAGE][WARNING] - Timeout '0' is invalid. Using default page load timeout: '30'

24-04-2025T11:49:21 - [MESSAGE][PASSED] - Text 'CGARNER024@GMAIL.COM' has been set to element 'Object Repository/Repo/MyStay/android.widget.EditText (5)'

24-04-2025T11:49:21 - [TEST_STEP][PASSED] - hideKeyboard(): Keyboard is hidden

24-04-2025T11:49:23 - [MESSAGE][PASSED] - Keyboard is hidden

24-04-2025T11:49:23 - [TEST_STEP][PASSED] - delay(20): Delayed 20 second(s)

24-04-2025T11:49:43 - [MESSAGE][PASSED] - Delayed 20 second(s)

24-04-2025T11:49:43 - [TEST_STEP][PASSED] - setText(findTestObject("Object Repository/Repo/MyStay/android.widget.EditText (6)"), password, 0): Text 'password' has been set to element 'Object Repository/Repo/MyStay/android.widget.EditText (6)'

24-04-2025T11:49:43 - [MESSAGE][WARNING] - Timeout '0' is invalid. Using default page load timeout: '30'

24-04-2025T11:49:44 - [MESSAGE][PASSED] - Text 'password' has been set to element 'Object Repository/Repo/MyStay/android.widget.EditText (6)'

24-04-2025T11:49:44 - [TEST_STEP][PASSED] - hideKeyboard(): Keyboard is hidden

24-04-2025T11:49:46 - [MESSAGE][PASSED] - Keyboard is hidden

24-04-2025T11:49:46 - [TEST_STEP][PASSED] - delay(20): Delayed 20 second(s)

24-04-2025T11:50:06 - [MESSAGE][PASSED] - Delayed 20 second(s)

24-04-2025T11:50:06 - [TEST_STEP][PASSED] - tap(findTestObject("Object Repository/Repo/MyStay/android.widget.Button - LOGIN (1)"), 0): Tapped on element 'Object Repository/Repo/MyStay/android.widget.Button - LOGIN (1)'

24-04-2025T11:50:06 - [MESSAGE][WARNING] - Timeout '0' is invalid. Using default page load timeout: '30'

24-04-2025T11:50:07 - [MESSAGE][PASSED] - Tapped on element 'Object Repository/Repo/MyStay/android.widget.Button - LOGIN (1)'

24-04-2025T11:50:07 - [TEST_STEP][PASSED] - delay(20): Delayed 20 second(s)

24-04-2025T11:50:27 - [MESSAGE][PASSED] - Delayed 20 second(s)

24-04-2025T11:50:27 - [TEST_STEP][PASSED] - verifyElementWithContinue("Object Repository/Repo/MyStay/android.view.View - My Stay (2)"): null

24-04-2025T11:50:27 - [TEST_STEP][PASSED] - try: Element 'Object Repository/Repo/MyStay/android.view.View - My Stay (2)' is exist

24-04-2025T11:50:27 - [TEST_STEP][PASSED] - verifyElementExist(findTestObject(objectPath), 10, STOP_ON_FAILURE): Element 'Object Repository/Repo/MyStay/android.view.View - My Stay (2)' is exist

24-04-2025T11:50:28 - [MESSAGE][PASSED] - Element 'Object Repository/Repo/MyStay/android.view.View - My Stay (2)' is exist

24-04-2025T11:50:28 - [TEST_STEP][PASSED] - delay(3): Delayed 3 second(s)

24-04-2025T11:50:31 - [MESSAGE][PASSED] - Delayed 3 second(s)

24-04-2025T11:50:31 - [TEST_STEP][PASSED] - tap(findTestObject("Object Repository/Repo/MyStay/android.view.View - My Stay (2)"), 0): Tapped on element 'Object Repository/Repo/MyStay/android.view.View - My Stay (2)'

24-04-2025T11:50:31 - [MESSAGE][WARNING] - Timeout '0' is invalid. Using default page load timeout: '30'

24-04-2025T11:50:32 - [MESSAGE][PASSED] - Tapped on element 'Object Repository/Repo/MyStay/android.view.View - My Stay (2)'

24-04-2025T11:50:32 - [TEST_STEP][PASSED] - delay(5): Delayed 5 second(s)

24-04-2025T11:50:37 - [MESSAGE][PASSED] - Delayed 5 second(s)

24-04-2025T11:50:37 - [TEST_STEP][PASSED] - verifyElementWithContinue("Object Repository/Repo/MyStay/android.widget.TextView - You dont have any upcoming stays associated with your profile"): null

24-04-2025T11:50:37 - [TEST_STEP][FAILED] - try: Failed to check for element 'Object Repository/Repo/MyStay/android.widget.TextView - You dont have any upcoming stays associated with your profile' exist (Root cause: com.kms.katalon.core.exception.StepFailedException: Failed to check for element 'Object Repository/Repo/MyStay/android.widget.TextView - You dont have any upcoming stays associated with your profile' exist
	at com.kms.katalon.core.mobile.keyword.internal.MobileKeywordMain.stepFailed(MobileKeywordMain.groovy:64)
	at com.kms.katalon.core.mobile.keyword.internal.MobileKeywordMain.runKeyword(MobileKeywordMain.groovy:34)
	at com.kms.katalon.core.mobile.keyword.builtin.VerifyElementExistKeyword.verifyElementExist(VerifyElementExistKeyword.groovy:51)
	at com.kms.katalon.core.mobile.keyword.builtin.VerifyElementExistKeyword.execute(VerifyElementExistKeyword.groovy:35)
	at com.kms.katalon.core.keyword.internal.KeywordExecutor.executeKeywordForPlatform(KeywordExecutor.groovy:74)
	at com.kms.katalon.core.mobile.keyword.MobileBuiltInKeywords.verifyElementExist(MobileBuiltInKeywords.groovy:1710)
	at C725_MyStayAndReservations_Mystay_Landingpage_Nostays.verifyElementWithContinue(C725_MyStayAndReservations_Mystay_Landingpage_Nostays:93)
	at C725_MyStayAndReservations_Mystay_Landingpage_Nostays.run(C725_MyStayAndReservations_Mystay_Landingpage_Nostays:78)
	at com.kms.katalon.core.main.ScriptEngine.run(ScriptEngine.java:194)
	at com.kms.katalon.core.main.ScriptEngine.runScriptAsRawText(ScriptEngine.java:119)
	at com.kms.katalon.core.main.TestCaseExecutor.runScript(TestCaseExecutor.java:448)
	at com.kms.katalon.core.main.TestCaseExecutor.doExecute(TestCaseExecutor.java:439)
	at com.kms.katalon.core.main.TestCaseExecutor.processExecutionPhase(TestCaseExecutor.java:418)
	at com.kms.katalon.core.main.TestCaseExecutor.accessMainPhase(TestCaseExecutor.java:410)
	at com.kms.katalon.core.main.TestCaseExecutor.execute(TestCaseExecutor.java:285)
	at com.kms.katalon.core.common.CommonExecutor.accessTestCaseMainPhase(CommonExecutor.java:71)
	at com.kms.katalon.core.main.TestSuiteExecutor.accessTestSuiteMainPhase(TestSuiteExecutor.java:160)
	at com.kms.katalon.core.main.TestSuiteExecutor.execute(TestSuiteExecutor.java:107)
	at com.kms.katalon.core.main.TestCaseMain.startTestSuite(TestCaseMain.java:180)
	at TempTestSuite1745472255458.run(TempTestSuite1745472255458.groovy:35)
	at java.base/jdk.internal.reflect.NativeMethodAccessorImpl.invoke0(Native Method)
	at java.base/jdk.internal.reflect.NativeMethodAccessorImpl.invoke(NativeMethodAccessorImpl.java:77)
	at java.base/jdk.internal.reflect.DelegatingMethodAccessorImpl.invoke(DelegatingMethodAccessorImpl.java:43)
Caused by: com.kms.katalon.core.exception.StepFailedException: Element 'Object Repository/Repo/MyStay/android.widget.TextView - You dont have any upcoming stays associated with your profile' not found
	at com.kms.katalon.core.mobile.keyword.internal.MobileKeywordMain.stepFailed(MobileKeywordMain.groovy:64)
	at com.kms.katalon.core.mobile.keyword.builtin.VerifyElementExistKeyword$_verifyElementExist_closure1.doCall(VerifyElementExistKeyword.groovy:48)
	at com.kms.katalon.core.mobile.keyword.builtin.VerifyElementExistKeyword$_verifyElementExist_closure1.call(VerifyElementExistKeyword.groovy)
	at com.kms.katalon.core.mobile.keyword.internal.MobileKeywordMain.runKeyword(MobileKeywordMain.groovy:30)
	... 21 more
)

24-04-2025T11:50:37 - [TEST_STEP][FAILED] - verifyElementExist(findTestObject(objectPath), 10, STOP_ON_FAILURE): Failed to check for element 'Object Repository/Repo/MyStay/android.widget.TextView - You dont have any upcoming stays associated with your profile' exist (Root cause: com.kms.katalon.core.exception.StepFailedException: Failed to check for element 'Object Repository/Repo/MyStay/android.widget.TextView - You dont have any upcoming stays associated with your profile' exist
	at com.kms.katalon.core.mobile.keyword.internal.MobileKeywordMain.stepFailed(MobileKeywordMain.groovy:64)
	at com.kms.katalon.core.mobile.keyword.internal.MobileKeywordMain.runKeyword(MobileKeywordMain.groovy:34)
	at com.kms.katalon.core.mobile.keyword.builtin.VerifyElementExistKeyword.verifyElementExist(VerifyElementExistKeyword.groovy:51)
	at com.kms.katalon.core.mobile.keyword.builtin.VerifyElementExistKeyword.execute(VerifyElementExistKeyword.groovy:35)
	at com.kms.katalon.core.keyword.internal.KeywordExecutor.executeKeywordForPlatform(KeywordExecutor.groovy:74)
	at com.kms.katalon.core.mobile.keyword.MobileBuiltInKeywords.verifyElementExist(MobileBuiltInKeywords.groovy:1710)
	at C725_MyStayAndReservations_Mystay_Landingpage_Nostays.verifyElementWithContinue(C725_MyStayAndReservations_Mystay_Landingpage_Nostays:93)
	at C725_MyStayAndReservations_Mystay_Landingpage_Nostays.run(C725_MyStayAndReservations_Mystay_Landingpage_Nostays:78)
	at com.kms.katalon.core.main.ScriptEngine.run(ScriptEngine.java:194)
	at com.kms.katalon.core.main.ScriptEngine.runScriptAsRawText(ScriptEngine.java:119)
	at com.kms.katalon.core.main.TestCaseExecutor.runScript(TestCaseExecutor.java:448)
	at com.kms.katalon.core.main.TestCaseExecutor.doExecute(TestCaseExecutor.java:439)
	at com.kms.katalon.core.main.TestCaseExecutor.processExecutionPhase(TestCaseExecutor.java:418)
	at com.kms.katalon.core.main.TestCaseExecutor.accessMainPhase(TestCaseExecutor.java:410)
	at com.kms.katalon.core.main.TestCaseExecutor.execute(TestCaseExecutor.java:285)
	at com.kms.katalon.core.common.CommonExecutor.accessTestCaseMainPhase(CommonExecutor.java:71)
	at com.kms.katalon.core.main.TestSuiteExecutor.accessTestSuiteMainPhase(TestSuiteExecutor.java:160)
	at com.kms.katalon.core.main.TestSuiteExecutor.execute(TestSuiteExecutor.java:107)
	at com.kms.katalon.core.main.TestCaseMain.startTestSuite(TestCaseMain.java:180)
	at TempTestSuite1745472255458.run(TempTestSuite1745472255458.groovy:35)
	at java.base/jdk.internal.reflect.NativeMethodAccessorImpl.invoke0(Native Method)
	at java.base/jdk.internal.reflect.NativeMethodAccessorImpl.invoke(NativeMethodAccessorImpl.java:77)
	at java.base/jdk.internal.reflect.DelegatingMethodAccessorImpl.invoke(DelegatingMethodAccessorImpl.java:43)
Caused by: com.kms.katalon.core.exception.StepFailedException: Element 'Object Repository/Repo/MyStay/android.widget.TextView - You dont have any upcoming stays associated with your profile' not found
	at com.kms.katalon.core.mobile.keyword.internal.MobileKeywordMain.stepFailed(MobileKeywordMain.groovy:64)
	at com.kms.katalon.core.mobile.keyword.builtin.VerifyElementExistKeyword$_verifyElementExist_closure1.doCall(VerifyElementExistKeyword.groovy:48)
	at com.kms.katalon.core.mobile.keyword.builtin.VerifyElementExistKeyword$_verifyElementExist_closure1.call(VerifyElementExistKeyword.groovy)
	at com.kms.katalon.core.mobile.keyword.internal.MobileKeywordMain.runKeyword(MobileKeywordMain.groovy:30)
	... 21 more
)

24-04-2025T11:50:49 - [MESSAGE][FAILED] - Element 'Object Repository/Repo/MyStay/android.widget.TextView - You dont have any upcoming stays associated with your profile' not found (Root cause: com.kms.katalon.core.exception.StepFailedException: Element 'Object Repository/Repo/MyStay/android.widget.TextView - You dont have any upcoming stays associated with your profile' not found
	at com.kms.katalon.core.mobile.keyword.internal.MobileKeywordMain.stepFailed(MobileKeywordMain.groovy:64)
	at com.kms.katalon.core.mobile.keyword.builtin.VerifyElementExistKeyword$_verifyElementExist_closure1.doCall(VerifyElementExistKeyword.groovy:48)
	at com.kms.katalon.core.mobile.keyword.builtin.VerifyElementExistKeyword$_verifyElementExist_closure1.call(VerifyElementExistKeyword.groovy)
	at com.kms.katalon.core.mobile.keyword.internal.MobileKeywordMain.runKeyword(MobileKeywordMain.groovy:30)
	at com.kms.katalon.core.mobile.keyword.builtin.VerifyElementExistKeyword.verifyElementExist(VerifyElementExistKeyword.groovy:51)
	at com.kms.katalon.core.mobile.keyword.builtin.VerifyElementExistKeyword.execute(VerifyElementExistKeyword.groovy:35)
	at com.kms.katalon.core.keyword.internal.KeywordExecutor.executeKeywordForPlatform(KeywordExecutor.groovy:74)
	at com.kms.katalon.core.mobile.keyword.MobileBuiltInKeywords.verifyElementExist(MobileBuiltInKeywords.groovy:1710)
	at C725_MyStayAndReservations_Mystay_Landingpage_Nostays.verifyElementWithContinue(C725_MyStayAndReservations_Mystay_Landingpage_Nostays:93)
	at C725_MyStayAndReservations_Mystay_Landingpage_Nostays.run(C725_MyStayAndReservations_Mystay_Landingpage_Nostays:78)
	at com.kms.katalon.core.main.ScriptEngine.run(ScriptEngine.java:194)
	at com.kms.katalon.core.main.ScriptEngine.runScriptAsRawText(ScriptEngine.java:119)
	at com.kms.katalon.core.main.TestCaseExecutor.runScript(TestCaseExecutor.java:448)
	at com.kms.katalon.core.main.TestCaseExecutor.doExecute(TestCaseExecutor.java:439)
	at com.kms.katalon.core.main.TestCaseExecutor.processExecutionPhase(TestCaseExecutor.java:418)
	at com.kms.katalon.core.main.TestCaseExecutor.accessMainPhase(TestCaseExecutor.java:410)
	at com.kms.katalon.core.main.TestCaseExecutor.execute(TestCaseExecutor.java:285)
	at com.kms.katalon.core.common.CommonExecutor.accessTestCaseMainPhase(CommonExecutor.java:71)
	at com.kms.katalon.core.main.TestSuiteExecutor.accessTestSuiteMainPhase(TestSuiteExecutor.java:160)
	at com.kms.katalon.core.main.TestSuiteExecutor.execute(TestSuiteExecutor.java:107)
	at com.kms.katalon.core.main.TestCaseMain.startTestSuite(TestCaseMain.java:180)
	at TempTestSuite1745472255458.run(TempTestSuite1745472255458.groovy:35)
	at java.base/jdk.internal.reflect.NativeMethodAccessorImpl.invoke0(Native Method)
	at java.base/jdk.internal.reflect.NativeMethodAccessorImpl.invoke(NativeMethodAccessorImpl.java:77)
	at java.base/jdk.internal.reflect.DelegatingMethodAccessorImpl.invoke(DelegatingMethodAccessorImpl.java:43)
)
[[ATTACHMENT|/Users/gv.vignesh/Downloads/WGR-Android-Automation/Reports/20250424_105415/Android Regression/20250424_105415/1745475647784.png]]

24-04-2025T11:50:50 - [MESSAGE][FAILED] - Failed to check for element 'Object Repository/Repo/MyStay/android.widget.TextView - You dont have any upcoming stays associated with your profile' exist (Root cause: com.kms.katalon.core.exception.StepFailedException: Failed to check for element 'Object Repository/Repo/MyStay/android.widget.TextView - You dont have any upcoming stays associated with your profile' exist
	at com.kms.katalon.core.mobile.keyword.internal.MobileKeywordMain.stepFailed(MobileKeywordMain.groovy:64)
	at com.kms.katalon.core.mobile.keyword.internal.MobileKeywordMain.runKeyword(MobileKeywordMain.groovy:34)
	at com.kms.katalon.core.mobile.keyword.builtin.VerifyElementExistKeyword.verifyElementExist(VerifyElementExistKeyword.groovy:51)
	at com.kms.katalon.core.mobile.keyword.builtin.VerifyElementExistKeyword.execute(VerifyElementExistKeyword.groovy:35)
	at com.kms.katalon.core.keyword.internal.KeywordExecutor.executeKeywordForPlatform(KeywordExecutor.groovy:74)
	at com.kms.katalon.core.mobile.keyword.MobileBuiltInKeywords.verifyElementExist(MobileBuiltInKeywords.groovy:1710)
	at C725_MyStayAndReservations_Mystay_Landingpage_Nostays.verifyElementWithContinue(C725_MyStayAndReservations_Mystay_Landingpage_Nostays:93)
	at C725_MyStayAndReservations_Mystay_Landingpage_Nostays.run(C725_MyStayAndReservations_Mystay_Landingpage_Nostays:78)
	at com.kms.katalon.core.main.ScriptEngine.run(ScriptEngine.java:194)
	at com.kms.katalon.core.main.ScriptEngine.runScriptAsRawText(ScriptEngine.java:119)
	at com.kms.katalon.core.main.TestCaseExecutor.runScript(TestCaseExecutor.java:448)
	at com.kms.katalon.core.main.TestCaseExecutor.doExecute(TestCaseExecutor.java:439)
	at com.kms.katalon.core.main.TestCaseExecutor.processExecutionPhase(TestCaseExecutor.java:418)
	at com.kms.katalon.core.main.TestCaseExecutor.accessMainPhase(TestCaseExecutor.java:410)
	at com.kms.katalon.core.main.TestCaseExecutor.execute(TestCaseExecutor.java:285)
	at com.kms.katalon.core.common.CommonExecutor.accessTestCaseMainPhase(CommonExecutor.java:71)
	at com.kms.katalon.core.main.TestSuiteExecutor.accessTestSuiteMainPhase(TestSuiteExecutor.java:160)
	at com.kms.katalon.core.main.TestSuiteExecutor.execute(TestSuiteExecutor.java:107)
	at com.kms.katalon.core.main.TestCaseMain.startTestSuite(TestCaseMain.java:180)
	at TempTestSuite1745472255458.run(TempTestSuite1745472255458.groovy:35)
	at java.base/jdk.internal.reflect.NativeMethodAccessorImpl.invoke0(Native Method)
	at java.base/jdk.internal.reflect.NativeMethodAccessorImpl.invoke(NativeMethodAccessorImpl.java:77)
	at java.base/jdk.internal.reflect.DelegatingMethodAccessorImpl.invoke(DelegatingMethodAccessorImpl.java:43)
Caused by: com.kms.katalon.core.exception.StepFailedException: Element 'Object Repository/Repo/MyStay/android.widget.TextView - You dont have any upcoming stays associated with your profile' not found
	at com.kms.katalon.core.mobile.keyword.internal.MobileKeywordMain.stepFailed(MobileKeywordMain.groovy:64)
	at com.kms.katalon.core.mobile.keyword.builtin.VerifyElementExistKeyword$_verifyElementExist_closure1.doCall(VerifyElementExistKeyword.groovy:48)
	at com.kms.katalon.core.mobile.keyword.builtin.VerifyElementExistKeyword$_verifyElementExist_closure1.call(VerifyElementExistKeyword.groovy)
	at com.kms.katalon.core.mobile.keyword.internal.MobileKeywordMain.runKeyword(MobileKeywordMain.groovy:30)
	... 21 more
)
[[ATTACHMENT|/Users/gv.vignesh/Downloads/WGR-Android-Automation/Reports/20250424_105415/Android Regression/20250424_105415/1745475649359.png]]

24-04-2025T11:50:50 - [TEST_STEP][PASSED] - catch (Exception e): null

24-04-2025T11:50:50 - [TEST_STEP][PASSED] - takeScreenshot(FAILURE_$objectPath.replace(/, _)_$System.currentTimeMillis().png): Screenshot is taken

24-04-2025T11:50:51 - [MESSAGE][PASSED] - Screenshot is taken
[[ATTACHMENT|/Users/gv.vignesh/Downloads/WGR-Android-Automation/Reports/20250424_105415/Android Regression/20250424_105415/FAILURE_Object Repository_Repo_MyStay_android.widget.TextView - You dont have any upcoming stays associated with your profile_1745475650381.png]]

24-04-2025T11:50:51 - [TEST_STEP][PASSED] - println(Verification failed for $objectPath - Continuing test execution): null

24-04-2025T11:50:51 - [TEST_STEP][PASSED] - delay(3): Delayed 3 second(s)

24-04-2025T11:50:54 - [MESSAGE][PASSED] - Delayed 3 second(s)

24-04-2025T11:50:54 - [TEST_STEP][PASSED] - verifyElementWithContinue("Object Repository/Repo/MyStay/android.widget.TextView - Add a Reservation (1)"): null

24-04-2025T11:50:54 - [TEST_STEP][PASSED] - try: Element 'Object Repository/Repo/MyStay/android.widget.TextView - Add a Reservation (1)' is exist

24-04-2025T11:50:54 - [TEST_STEP][PASSED] - verifyElementExist(findTestObject(objectPath), 10, STOP_ON_FAILURE): Element 'Object Repository/Repo/MyStay/android.widget.TextView - Add a Reservation (1)' is exist

24-04-2025T11:50:54 - [MESSAGE][PASSED] - Element 'Object Repository/Repo/MyStay/android.widget.TextView - Add a Reservation (1)' is exist

24-04-2025T11:50:54 - [TEST_STEP][PASSED] - delay(3): Delayed 3 second(s)

24-04-2025T11:50:57 - [MESSAGE][PASSED] - Delayed 3 second(s)

24-04-2025T11:50:57 - [TEST_STEP][PASSED] - verifyElementWithContinue("Object Repository/Repo/MyStay/android.widget.TextView - Get the most out of your stay by adding it to the Westgate Resorts Mobile App (1)"): null

24-04-2025T11:50:57 - [TEST_STEP][PASSED] - try: Element 'Object Repository/Repo/MyStay/android.widget.TextView - Get the most out of your stay by adding it to the Westgate Resorts Mobile App (1)' is exist

24-04-2025T11:50:57 - [TEST_STEP][PASSED] - verifyElementExist(findTestObject(objectPath), 10, STOP_ON_FAILURE): Element 'Object Repository/Repo/MyStay/android.widget.TextView - Get the most out of your stay by adding it to the Westgate Resorts Mobile App (1)' is exist

24-04-2025T11:50:57 - [MESSAGE][PASSED] - Element 'Object Repository/Repo/MyStay/android.widget.TextView - Get the most out of your stay by adding it to the Westgate Resorts Mobile App (1)' is exist

24-04-2025T11:50:57 - [TEST_STEP][PASSED] - delay(3): Delayed 3 second(s)

24-04-2025T11:51:00 - [MESSAGE][PASSED] - Delayed 3 second(s)

24-04-2025T11:51:00 - [TEST_STEP][PASSED] - verifyElementWithContinue("Object Repository/Repo/MyStay/android.widget.Button - ADD A RESERVATION (1)"): null

24-04-2025T11:51:00 - [TEST_STEP][PASSED] - try: Element 'Object Repository/Repo/MyStay/android.widget.Button - ADD A RESERVATION (1)' is exist

24-04-2025T11:51:00 - [TEST_STEP][PASSED] - verifyElementExist(findTestObject(objectPath), 10, STOP_ON_FAILURE): Element 'Object Repository/Repo/MyStay/android.widget.Button - ADD A RESERVATION (1)' is exist

24-04-2025T11:51:01 - [MESSAGE][PASSED] - Element 'Object Repository/Repo/MyStay/android.widget.Button - ADD A RESERVATION (1)' is exist

24-04-2025T11:51:01 - [TEST_STEP][PASSED] - delay(3): Delayed 3 second(s)

24-04-2025T11:51:04 - [MESSAGE][PASSED] - Delayed 3 second(s)

24-04-2025T11:51:04 - [TEST_STEP][PASSED] - verifyElementWithContinue("Object Repository/Repo/MyStay/android.widget.TextView - My Stay (1)"): null

24-04-2025T11:51:04 - [TEST_STEP][PASSED] - try: Element 'Object Repository/Repo/MyStay/android.widget.TextView - My Stay (1)' is exist

24-04-2025T11:51:04 - [TEST_STEP][PASSED] - verifyElementExist(findTestObject(objectPath), 10, STOP_ON_FAILURE): Element 'Object Repository/Repo/MyStay/android.widget.TextView - My Stay (1)' is exist

24-04-2025T11:51:04 - [MESSAGE][PASSED] - Element 'Object Repository/Repo/MyStay/android.widget.TextView - My Stay (1)' is exist

24-04-2025T11:51:04 - [TEST_STEP][PASSED] - delay(3): Delayed 3 second(s)

24-04-2025T11:51:07 - [MESSAGE][PASSED] - Delayed 3 second(s)

24-04-2025T11:51:07 - [TEST_STEP][PASSED] - verifyElementWithContinue("Object Repository/Repo/MyStay/android.widget.Button - Current (1)"): null

24-04-2025T11:51:07 - [TEST_STEP][FAILED] - try: Failed to check for element 'Object Repository/Repo/MyStay/android.widget.Button - Current (1)' exist (Root cause: com.kms.katalon.core.exception.StepFailedException: Failed to check for element 'Object Repository/Repo/MyStay/android.widget.Button - Current (1)' exist
	at com.kms.katalon.core.mobile.keyword.internal.MobileKeywordMain.stepFailed(MobileKeywordMain.groovy:64)
	at com.kms.katalon.core.mobile.keyword.internal.MobileKeywordMain.runKeyword(MobileKeywordMain.groovy:34)
	at com.kms.katalon.core.mobile.keyword.builtin.VerifyElementExistKeyword.verifyElementExist(VerifyElementExistKeyword.groovy:51)
	at com.kms.katalon.core.mobile.keyword.builtin.VerifyElementExistKeyword.execute(VerifyElementExistKeyword.groovy:35)
	at com.kms.katalon.core.keyword.internal.KeywordExecutor.executeKeywordForPlatform(KeywordExecutor.groovy:74)
	at com.kms.katalon.core.mobile.keyword.MobileBuiltInKeywords.verifyElementExist(MobileBuiltInKeywords.groovy:1710)
	at C725_MyStayAndReservations_Mystay_Landingpage_Nostays.verifyElementWithContinue(C725_MyStayAndReservations_Mystay_Landingpage_Nostays:93)
	at C725_MyStayAndReservations_Mystay_Landingpage_Nostays.run(C725_MyStayAndReservations_Mystay_Landingpage_Nostays:83)
	at com.kms.katalon.core.main.ScriptEngine.run(ScriptEngine.java:194)
	at com.kms.katalon.core.main.ScriptEngine.runScriptAsRawText(ScriptEngine.java:119)
	at com.kms.katalon.core.main.TestCaseExecutor.runScript(TestCaseExecutor.java:448)
	at com.kms.katalon.core.main.TestCaseExecutor.doExecute(TestCaseExecutor.java:439)
	at com.kms.katalon.core.main.TestCaseExecutor.processExecutionPhase(TestCaseExecutor.java:418)
	at com.kms.katalon.core.main.TestCaseExecutor.accessMainPhase(TestCaseExecutor.java:410)
	at com.kms.katalon.core.main.TestCaseExecutor.execute(TestCaseExecutor.java:285)
	at com.kms.katalon.core.common.CommonExecutor.accessTestCaseMainPhase(CommonExecutor.java:71)
	at com.kms.katalon.core.main.TestSuiteExecutor.accessTestSuiteMainPhase(TestSuiteExecutor.java:160)
	at com.kms.katalon.core.main.TestSuiteExecutor.execute(TestSuiteExecutor.java:107)
	at com.kms.katalon.core.main.TestCaseMain.startTestSuite(TestCaseMain.java:180)
	at TempTestSuite1745472255458.run(TempTestSuite1745472255458.groovy:35)
	at java.base/jdk.internal.reflect.NativeMethodAccessorImpl.invoke0(Native Method)
	at java.base/jdk.internal.reflect.NativeMethodAccessorImpl.invoke(NativeMethodAccessorImpl.java:77)
	at java.base/jdk.internal.reflect.DelegatingMethodAccessorImpl.invoke(DelegatingMethodAccessorImpl.java:43)
Caused by: com.kms.katalon.core.exception.StepFailedException: Element 'Object Repository/Repo/MyStay/android.widget.Button - Current (1)' not found
	at com.kms.katalon.core.mobile.keyword.internal.MobileKeywordMain.stepFailed(MobileKeywordMain.groovy:64)
	at com.kms.katalon.core.mobile.keyword.builtin.VerifyElementExistKeyword$_verifyElementExist_closure1.doCall(VerifyElementExistKeyword.groovy:48)
	at com.kms.katalon.core.mobile.keyword.builtin.VerifyElementExistKeyword$_verifyElementExist_closure1.call(VerifyElementExistKeyword.groovy)
	at com.kms.katalon.core.mobile.keyword.internal.MobileKeywordMain.runKeyword(MobileKeywordMain.groovy:30)
	... 21 more
)

24-04-2025T11:51:07 - [TEST_STEP][FAILED] - verifyElementExist(findTestObject(objectPath), 10, STOP_ON_FAILURE): Failed to check for element 'Object Repository/Repo/MyStay/android.widget.Button - Current (1)' exist (Root cause: com.kms.katalon.core.exception.StepFailedException: Failed to check for element 'Object Repository/Repo/MyStay/android.widget.Button - Current (1)' exist
	at com.kms.katalon.core.mobile.keyword.internal.MobileKeywordMain.stepFailed(MobileKeywordMain.groovy:64)
	at com.kms.katalon.core.mobile.keyword.internal.MobileKeywordMain.runKeyword(MobileKeywordMain.groovy:34)
	at com.kms.katalon.core.mobile.keyword.builtin.VerifyElementExistKeyword.verifyElementExist(VerifyElementExistKeyword.groovy:51)
	at com.kms.katalon.core.mobile.keyword.builtin.VerifyElementExistKeyword.execute(VerifyElementExistKeyword.groovy:35)
	at com.kms.katalon.core.keyword.internal.KeywordExecutor.executeKeywordForPlatform(KeywordExecutor.groovy:74)
	at com.kms.katalon.core.mobile.keyword.MobileBuiltInKeywords.verifyElementExist(MobileBuiltInKeywords.groovy:1710)
	at C725_MyStayAndReservations_Mystay_Landingpage_Nostays.verifyElementWithContinue(C725_MyStayAndReservations_Mystay_Landingpage_Nostays:93)
	at C725_MyStayAndReservations_Mystay_Landingpage_Nostays.run(C725_MyStayAndReservations_Mystay_Landingpage_Nostays:83)
	at com.kms.katalon.core.main.ScriptEngine.run(ScriptEngine.java:194)
	at com.kms.katalon.core.main.ScriptEngine.runScriptAsRawText(ScriptEngine.java:119)
	at com.kms.katalon.core.main.TestCaseExecutor.runScript(TestCaseExecutor.java:448)
	at com.kms.katalon.core.main.TestCaseExecutor.doExecute(TestCaseExecutor.java:439)
	at com.kms.katalon.core.main.TestCaseExecutor.processExecutionPhase(TestCaseExecutor.java:418)
	at com.kms.katalon.core.main.TestCaseExecutor.accessMainPhase(TestCaseExecutor.java:410)
	at com.kms.katalon.core.main.TestCaseExecutor.execute(TestCaseExecutor.java:285)
	at com.kms.katalon.core.common.CommonExecutor.accessTestCaseMainPhase(CommonExecutor.java:71)
	at com.kms.katalon.core.main.TestSuiteExecutor.accessTestSuiteMainPhase(TestSuiteExecutor.java:160)
	at com.kms.katalon.core.main.TestSuiteExecutor.execute(TestSuiteExecutor.java:107)
	at com.kms.katalon.core.main.TestCaseMain.startTestSuite(TestCaseMain.java:180)
	at TempTestSuite1745472255458.run(TempTestSuite1745472255458.groovy:35)
	at java.base/jdk.internal.reflect.NativeMethodAccessorImpl.invoke0(Native Method)
	at java.base/jdk.internal.reflect.NativeMethodAccessorImpl.invoke(NativeMethodAccessorImpl.java:77)
	at java.base/jdk.internal.reflect.DelegatingMethodAccessorImpl.invoke(DelegatingMethodAccessorImpl.java:43)
Caused by: com.kms.katalon.core.exception.StepFailedException: Element 'Object Repository/Repo/MyStay/android.widget.Button - Current (1)' not found
	at com.kms.katalon.core.mobile.keyword.internal.MobileKeywordMain.stepFailed(MobileKeywordMain.groovy:64)
	at com.kms.katalon.core.mobile.keyword.builtin.VerifyElementExistKeyword$_verifyElementExist_closure1.doCall(VerifyElementExistKeyword.groovy:48)
	at com.kms.katalon.core.mobile.keyword.builtin.VerifyElementExistKeyword$_verifyElementExist_closure1.call(VerifyElementExistKeyword.groovy)
	at com.kms.katalon.core.mobile.keyword.internal.MobileKeywordMain.runKeyword(MobileKeywordMain.groovy:30)
	... 21 more
)

24-04-2025T11:51:19 - [MESSAGE][FAILED] - Element 'Object Repository/Repo/MyStay/android.widget.Button - Current (1)' not found (Root cause: com.kms.katalon.core.exception.StepFailedException: Element 'Object Repository/Repo/MyStay/android.widget.Button - Current (1)' not found
	at com.kms.katalon.core.mobile.keyword.internal.MobileKeywordMain.stepFailed(MobileKeywordMain.groovy:64)
	at com.kms.katalon.core.mobile.keyword.builtin.VerifyElementExistKeyword$_verifyElementExist_closure1.doCall(VerifyElementExistKeyword.groovy:48)
	at com.kms.katalon.core.mobile.keyword.builtin.VerifyElementExistKeyword$_verifyElementExist_closure1.call(VerifyElementExistKeyword.groovy)
	at com.kms.katalon.core.mobile.keyword.internal.MobileKeywordMain.runKeyword(MobileKeywordMain.groovy:30)
	at com.kms.katalon.core.mobile.keyword.builtin.VerifyElementExistKeyword.verifyElementExist(VerifyElementExistKeyword.groovy:51)
	at com.kms.katalon.core.mobile.keyword.builtin.VerifyElementExistKeyword.execute(VerifyElementExistKeyword.groovy:35)
	at com.kms.katalon.core.keyword.internal.KeywordExecutor.executeKeywordForPlatform(KeywordExecutor.groovy:74)
	at com.kms.katalon.core.mobile.keyword.MobileBuiltInKeywords.verifyElementExist(MobileBuiltInKeywords.groovy:1710)
	at C725_MyStayAndReservations_Mystay_Landingpage_Nostays.verifyElementWithContinue(C725_MyStayAndReservations_Mystay_Landingpage_Nostays:93)
	at C725_MyStayAndReservations_Mystay_Landingpage_Nostays.run(C725_MyStayAndReservations_Mystay_Landingpage_Nostays:83)
	at com.kms.katalon.core.main.ScriptEngine.run(ScriptEngine.java:194)
	at com.kms.katalon.core.main.ScriptEngine.runScriptAsRawText(ScriptEngine.java:119)
	at com.kms.katalon.core.main.TestCaseExecutor.runScript(TestCaseExecutor.java:448)
	at com.kms.katalon.core.main.TestCaseExecutor.doExecute(TestCaseExecutor.java:439)
	at com.kms.katalon.core.main.TestCaseExecutor.processExecutionPhase(TestCaseExecutor.java:418)
	at com.kms.katalon.core.main.TestCaseExecutor.accessMainPhase(TestCaseExecutor.java:410)
	at com.kms.katalon.core.main.TestCaseExecutor.execute(TestCaseExecutor.java:285)
	at com.kms.katalon.core.common.CommonExecutor.accessTestCaseMainPhase(CommonExecutor.java:71)
	at com.kms.katalon.core.main.TestSuiteExecutor.accessTestSuiteMainPhase(TestSuiteExecutor.java:160)
	at com.kms.katalon.core.main.TestSuiteExecutor.execute(TestSuiteExecutor.java:107)
	at com.kms.katalon.core.main.TestCaseMain.startTestSuite(TestCaseMain.java:180)
	at TempTestSuite1745472255458.run(TempTestSuite1745472255458.groovy:35)
	at java.base/jdk.internal.reflect.NativeMethodAccessorImpl.invoke0(Native Method)
	at java.base/jdk.internal.reflect.NativeMethodAccessorImpl.invoke(NativeMethodAccessorImpl.java:77)
	at java.base/jdk.internal.reflect.DelegatingMethodAccessorImpl.invoke(DelegatingMethodAccessorImpl.java:43)
)
[[ATTACHMENT|/Users/gv.vignesh/Downloads/WGR-Android-Automation/Reports/20250424_105415/Android Regression/20250424_105415/1745475678251.png]]

24-04-2025T11:51:20 - [MESSAGE][FAILED] - Failed to check for element 'Object Repository/Repo/MyStay/android.widget.Button - Current (1)' exist (Root cause: com.kms.katalon.core.exception.StepFailedException: Failed to check for element 'Object Repository/Repo/MyStay/android.widget.Button - Current (1)' exist
	at com.kms.katalon.core.mobile.keyword.internal.MobileKeywordMain.stepFailed(MobileKeywordMain.groovy:64)
	at com.kms.katalon.core.mobile.keyword.internal.MobileKeywordMain.runKeyword(MobileKeywordMain.groovy:34)
	at com.kms.katalon.core.mobile.keyword.builtin.VerifyElementExistKeyword.verifyElementExist(VerifyElementExistKeyword.groovy:51)
	at com.kms.katalon.core.mobile.keyword.builtin.VerifyElementExistKeyword.execute(VerifyElementExistKeyword.groovy:35)
	at com.kms.katalon.core.keyword.internal.KeywordExecutor.executeKeywordForPlatform(KeywordExecutor.groovy:74)
	at com.kms.katalon.core.mobile.keyword.MobileBuiltInKeywords.verifyElementExist(MobileBuiltInKeywords.groovy:1710)
	at C725_MyStayAndReservations_Mystay_Landingpage_Nostays.verifyElementWithContinue(C725_MyStayAndReservations_Mystay_Landingpage_Nostays:93)
	at C725_MyStayAndReservations_Mystay_Landingpage_Nostays.run(C725_MyStayAndReservations_Mystay_Landingpage_Nostays:83)
	at com.kms.katalon.core.main.ScriptEngine.run(ScriptEngine.java:194)
	at com.kms.katalon.core.main.ScriptEngine.runScriptAsRawText(ScriptEngine.java:119)
	at com.kms.katalon.core.main.TestCaseExecutor.runScript(TestCaseExecutor.java:448)
	at com.kms.katalon.core.main.TestCaseExecutor.doExecute(TestCaseExecutor.java:439)
	at com.kms.katalon.core.main.TestCaseExecutor.processExecutionPhase(TestCaseExecutor.java:418)
	at com.kms.katalon.core.main.TestCaseExecutor.accessMainPhase(TestCaseExecutor.java:410)
	at com.kms.katalon.core.main.TestCaseExecutor.execute(TestCaseExecutor.java:285)
	at com.kms.katalon.core.common.CommonExecutor.accessTestCaseMainPhase(CommonExecutor.java:71)
	at com.kms.katalon.core.main.TestSuiteExecutor.accessTestSuiteMainPhase(TestSuiteExecutor.java:160)
	at com.kms.katalon.core.main.TestSuiteExecutor.execute(TestSuiteExecutor.java:107)
	at com.kms.katalon.core.main.TestCaseMain.startTestSuite(TestCaseMain.java:180)
	at TempTestSuite1745472255458.run(TempTestSuite1745472255458.groovy:35)
	at java.base/jdk.internal.reflect.NativeMethodAccessorImpl.invoke0(Native Method)
	at java.base/jdk.internal.reflect.NativeMethodAccessorImpl.invoke(NativeMethodAccessorImpl.java:77)
	at java.base/jdk.internal.reflect.DelegatingMethodAccessorImpl.invoke(DelegatingMethodAccessorImpl.java:43)
Caused by: com.kms.katalon.core.exception.StepFailedException: Element 'Object Repository/Repo/MyStay/android.widget.Button - Current (1)' not found
	at com.kms.katalon.core.mobile.keyword.internal.MobileKeywordMain.stepFailed(MobileKeywordMain.groovy:64)
	at com.kms.katalon.core.mobile.keyword.builtin.VerifyElementExistKeyword$_verifyElementExist_closure1.doCall(VerifyElementExistKeyword.groovy:48)
	at com.kms.katalon.core.mobile.keyword.builtin.VerifyElementExistKeyword$_verifyElementExist_closure1.call(VerifyElementExistKeyword.groovy)
	at com.kms.katalon.core.mobile.keyword.internal.MobileKeywordMain.runKeyword(MobileKeywordMain.groovy:30)
	... 21 more
)
[[ATTACHMENT|/Users/gv.vignesh/Downloads/WGR-Android-Automation/Reports/20250424_105415/Android Regression/20250424_105415/1745475679300.png]]

24-04-2025T11:51:20 - [TEST_STEP][PASSED] - catch (Exception e): null

24-04-2025T11:51:20 - [TEST_STEP][PASSED] - takeScreenshot(FAILURE_$objectPath.replace(/, _)_$System.currentTimeMillis().png): Screenshot is taken

24-04-2025T11:51:21 - [MESSAGE][PASSED] - Screenshot is taken
[[ATTACHMENT|/Users/gv.vignesh/Downloads/WGR-Android-Automation/Reports/20250424_105415/Android Regression/20250424_105415/FAILURE_Object Repository_Repo_MyStay_android.widget.Button - Current (1)_1745475680336.png]]

24-04-2025T11:51:21 - [TEST_STEP][PASSED] - println(Verification failed for $objectPath - Continuing test execution): null

24-04-2025T11:51:21 - [TEST_STEP][PASSED] - delay(3): Delayed 3 second(s)

24-04-2025T11:51:24 - [MESSAGE][PASSED] - Delayed 3 second(s)

24-04-2025T11:51:24 - [TEST_STEP][PASSED] - verifyElementWithContinue("Object Repository/Repo/MyStay/android.widget.Button - Past Stays (1)"): null

24-04-2025T11:51:24 - [TEST_STEP][FAILED] - try: Failed to check for element 'Object Repository/Repo/MyStay/android.widget.Button - Past Stays (1)' exist (Root cause: com.kms.katalon.core.exception.StepFailedException: Failed to check for element 'Object Repository/Repo/MyStay/android.widget.Button - Past Stays (1)' exist
	at com.kms.katalon.core.mobile.keyword.internal.MobileKeywordMain.stepFailed(MobileKeywordMain.groovy:64)
	at com.kms.katalon.core.mobile.keyword.internal.MobileKeywordMain.runKeyword(MobileKeywordMain.groovy:34)
	at com.kms.katalon.core.mobile.keyword.builtin.VerifyElementExistKeyword.verifyElementExist(VerifyElementExistKeyword.groovy:51)
	at com.kms.katalon.core.mobile.keyword.builtin.VerifyElementExistKeyword.execute(VerifyElementExistKeyword.groovy:35)
	at com.kms.katalon.core.keyword.internal.KeywordExecutor.executeKeywordForPlatform(KeywordExecutor.groovy:74)
	at com.kms.katalon.core.mobile.keyword.MobileBuiltInKeywords.verifyElementExist(MobileBuiltInKeywords.groovy:1710)
	at C725_MyStayAndReservations_Mystay_Landingpage_Nostays.verifyElementWithContinue(C725_MyStayAndReservations_Mystay_Landingpage_Nostays:93)
	at C725_MyStayAndReservations_Mystay_Landingpage_Nostays.run(C725_MyStayAndReservations_Mystay_Landingpage_Nostays:84)
	at com.kms.katalon.core.main.ScriptEngine.run(ScriptEngine.java:194)
	at com.kms.katalon.core.main.ScriptEngine.runScriptAsRawText(ScriptEngine.java:119)
	at com.kms.katalon.core.main.TestCaseExecutor.runScript(TestCaseExecutor.java:448)
	at com.kms.katalon.core.main.TestCaseExecutor.doExecute(TestCaseExecutor.java:439)
	at com.kms.katalon.core.main.TestCaseExecutor.processExecutionPhase(TestCaseExecutor.java:418)
	at com.kms.katalon.core.main.TestCaseExecutor.accessMainPhase(TestCaseExecutor.java:410)
	at com.kms.katalon.core.main.TestCaseExecutor.execute(TestCaseExecutor.java:285)
	at com.kms.katalon.core.common.CommonExecutor.accessTestCaseMainPhase(CommonExecutor.java:71)
	at com.kms.katalon.core.main.TestSuiteExecutor.accessTestSuiteMainPhase(TestSuiteExecutor.java:160)
	at com.kms.katalon.core.main.TestSuiteExecutor.execute(TestSuiteExecutor.java:107)
	at com.kms.katalon.core.main.TestCaseMain.startTestSuite(TestCaseMain.java:180)
	at TempTestSuite1745472255458.run(TempTestSuite1745472255458.groovy:35)
	at java.base/jdk.internal.reflect.NativeMethodAccessorImpl.invoke0(Native Method)
	at java.base/jdk.internal.reflect.NativeMethodAccessorImpl.invoke(NativeMethodAccessorImpl.java:77)
	at java.base/jdk.internal.reflect.DelegatingMethodAccessorImpl.invoke(DelegatingMethodAccessorImpl.java:43)
Caused by: com.kms.katalon.core.exception.StepFailedException: Element 'Object Repository/Repo/MyStay/android.widget.Button - Past Stays (1)' not found
	at com.kms.katalon.core.mobile.keyword.internal.MobileKeywordMain.stepFailed(MobileKeywordMain.groovy:64)
	at com.kms.katalon.core.mobile.keyword.builtin.VerifyElementExistKeyword$_verifyElementExist_closure1.doCall(VerifyElementExistKeyword.groovy:48)
	at com.kms.katalon.core.mobile.keyword.builtin.VerifyElementExistKeyword$_verifyElementExist_closure1.call(VerifyElementExistKeyword.groovy)
	at com.kms.katalon.core.mobile.keyword.internal.MobileKeywordMain.runKeyword(MobileKeywordMain.groovy:30)
	... 21 more
)

24-04-2025T11:51:24 - [TEST_STEP][FAILED] - verifyElementExist(findTestObject(objectPath), 10, STOP_ON_FAILURE): Failed to check for element 'Object Repository/Repo/MyStay/android.widget.Button - Past Stays (1)' exist (Root cause: com.kms.katalon.core.exception.StepFailedException: Failed to check for element 'Object Repository/Repo/MyStay/android.widget.Button - Past Stays (1)' exist
	at com.kms.katalon.core.mobile.keyword.internal.MobileKeywordMain.stepFailed(MobileKeywordMain.groovy:64)
	at com.kms.katalon.core.mobile.keyword.internal.MobileKeywordMain.runKeyword(MobileKeywordMain.groovy:34)
	at com.kms.katalon.core.mobile.keyword.builtin.VerifyElementExistKeyword.verifyElementExist(VerifyElementExistKeyword.groovy:51)
	at com.kms.katalon.core.mobile.keyword.builtin.VerifyElementExistKeyword.execute(VerifyElementExistKeyword.groovy:35)
	at com.kms.katalon.core.keyword.internal.KeywordExecutor.executeKeywordForPlatform(KeywordExecutor.groovy:74)
	at com.kms.katalon.core.mobile.keyword.MobileBuiltInKeywords.verifyElementExist(MobileBuiltInKeywords.groovy:1710)
	at C725_MyStayAndReservations_Mystay_Landingpage_Nostays.verifyElementWithContinue(C725_MyStayAndReservations_Mystay_Landingpage_Nostays:93)
	at C725_MyStayAndReservations_Mystay_Landingpage_Nostays.run(C725_MyStayAndReservations_Mystay_Landingpage_Nostays:84)
	at com.kms.katalon.core.main.ScriptEngine.run(ScriptEngine.java:194)
	at com.kms.katalon.core.main.ScriptEngine.runScriptAsRawText(ScriptEngine.java:119)
	at com.kms.katalon.core.main.TestCaseExecutor.runScript(TestCaseExecutor.java:448)
	at com.kms.katalon.core.main.TestCaseExecutor.doExecute(TestCaseExecutor.java:439)
	at com.kms.katalon.core.main.TestCaseExecutor.processExecutionPhase(TestCaseExecutor.java:418)
	at com.kms.katalon.core.main.TestCaseExecutor.accessMainPhase(TestCaseExecutor.java:410)
	at com.kms.katalon.core.main.TestCaseExecutor.execute(TestCaseExecutor.java:285)
	at com.kms.katalon.core.common.CommonExecutor.accessTestCaseMainPhase(CommonExecutor.java:71)
	at com.kms.katalon.core.main.TestSuiteExecutor.accessTestSuiteMainPhase(TestSuiteExecutor.java:160)
	at com.kms.katalon.core.main.TestSuiteExecutor.execute(TestSuiteExecutor.java:107)
	at com.kms.katalon.core.main.TestCaseMain.startTestSuite(TestCaseMain.java:180)
	at TempTestSuite1745472255458.run(TempTestSuite1745472255458.groovy:35)
	at java.base/jdk.internal.reflect.NativeMethodAccessorImpl.invoke0(Native Method)
	at java.base/jdk.internal.reflect.NativeMethodAccessorImpl.invoke(NativeMethodAccessorImpl.java:77)
	at java.base/jdk.internal.reflect.DelegatingMethodAccessorImpl.invoke(DelegatingMethodAccessorImpl.java:43)
Caused by: com.kms.katalon.core.exception.StepFailedException: Element 'Object Repository/Repo/MyStay/android.widget.Button - Past Stays (1)' not found
	at com.kms.katalon.core.mobile.keyword.internal.MobileKeywordMain.stepFailed(MobileKeywordMain.groovy:64)
	at com.kms.katalon.core.mobile.keyword.builtin.VerifyElementExistKeyword$_verifyElementExist_closure1.doCall(VerifyElementExistKeyword.groovy:48)
	at com.kms.katalon.core.mobile.keyword.builtin.VerifyElementExistKeyword$_verifyElementExist_closure1.call(VerifyElementExistKeyword.groovy)
	at com.kms.katalon.core.mobile.keyword.internal.MobileKeywordMain.runKeyword(MobileKeywordMain.groovy:30)
	... 21 more
)

24-04-2025T11:51:35 - [MESSAGE][FAILED] - Element 'Object Repository/Repo/MyStay/android.widget.Button - Past Stays (1)' not found (Root cause: com.kms.katalon.core.exception.StepFailedException: Element 'Object Repository/Repo/MyStay/android.widget.Button - Past Stays (1)' not found
	at com.kms.katalon.core.mobile.keyword.internal.MobileKeywordMain.stepFailed(MobileKeywordMain.groovy:64)
	at com.kms.katalon.core.mobile.keyword.builtin.VerifyElementExistKeyword$_verifyElementExist_closure1.doCall(VerifyElementExistKeyword.groovy:48)
	at com.kms.katalon.core.mobile.keyword.builtin.VerifyElementExistKeyword$_verifyElementExist_closure1.call(VerifyElementExistKeyword.groovy)
	at com.kms.katalon.core.mobile.keyword.internal.MobileKeywordMain.runKeyword(MobileKeywordMain.groovy:30)
	at com.kms.katalon.core.mobile.keyword.builtin.VerifyElementExistKeyword.verifyElementExist(VerifyElementExistKeyword.groovy:51)
	at com.kms.katalon.core.mobile.keyword.builtin.VerifyElementExistKeyword.execute(VerifyElementExistKeyword.groovy:35)
	at com.kms.katalon.core.keyword.internal.KeywordExecutor.executeKeywordForPlatform(KeywordExecutor.groovy:74)
	at com.kms.katalon.core.mobile.keyword.MobileBuiltInKeywords.verifyElementExist(MobileBuiltInKeywords.groovy:1710)
	at C725_MyStayAndReservations_Mystay_Landingpage_Nostays.verifyElementWithContinue(C725_MyStayAndReservations_Mystay_Landingpage_Nostays:93)
	at C725_MyStayAndReservations_Mystay_Landingpage_Nostays.run(C725_MyStayAndReservations_Mystay_Landingpage_Nostays:84)
	at com.kms.katalon.core.main.ScriptEngine.run(ScriptEngine.java:194)
	at com.kms.katalon.core.main.ScriptEngine.runScriptAsRawText(ScriptEngine.java:119)
	at com.kms.katalon.core.main.TestCaseExecutor.runScript(TestCaseExecutor.java:448)
	at com.kms.katalon.core.main.TestCaseExecutor.doExecute(TestCaseExecutor.java:439)
	at com.kms.katalon.core.main.TestCaseExecutor.processExecutionPhase(TestCaseExecutor.java:418)
	at com.kms.katalon.core.main.TestCaseExecutor.accessMainPhase(TestCaseExecutor.java:410)
	at com.kms.katalon.core.main.TestCaseExecutor.execute(TestCaseExecutor.java:285)
	at com.kms.katalon.core.common.CommonExecutor.accessTestCaseMainPhase(CommonExecutor.java:71)
	at com.kms.katalon.core.main.TestSuiteExecutor.accessTestSuiteMainPhase(TestSuiteExecutor.java:160)
	at com.kms.katalon.core.main.TestSuiteExecutor.execute(TestSuiteExecutor.java:107)
	at com.kms.katalon.core.main.TestCaseMain.startTestSuite(TestCaseMain.java:180)
	at TempTestSuite1745472255458.run(TempTestSuite1745472255458.groovy:35)
	at java.base/jdk.internal.reflect.NativeMethodAccessorImpl.invoke0(Native Method)
	at java.base/jdk.internal.reflect.NativeMethodAccessorImpl.invoke(NativeMethodAccessorImpl.java:77)
	at java.base/jdk.internal.reflect.DelegatingMethodAccessorImpl.invoke(DelegatingMethodAccessorImpl.java:43)
)
[[ATTACHMENT|/Users/gv.vignesh/Downloads/WGR-Android-Automation/Reports/20250424_105415/Android Regression/20250424_105415/1745475694462.png]]

24-04-2025T11:51:36 - [MESSAGE][FAILED] - Failed to check for element 'Object Repository/Repo/MyStay/android.widget.Button - Past Stays (1)' exist (Root cause: com.kms.katalon.core.exception.StepFailedException: Failed to check for element 'Object Repository/Repo/MyStay/android.widget.Button - Past Stays (1)' exist
	at com.kms.katalon.core.mobile.keyword.internal.MobileKeywordMain.stepFailed(MobileKeywordMain.groovy:64)
	at com.kms.katalon.core.mobile.keyword.internal.MobileKeywordMain.runKeyword(MobileKeywordMain.groovy:34)
	at com.kms.katalon.core.mobile.keyword.builtin.VerifyElementExistKeyword.verifyElementExist(VerifyElementExistKeyword.groovy:51)
	at com.kms.katalon.core.mobile.keyword.builtin.VerifyElementExistKeyword.execute(VerifyElementExistKeyword.groovy:35)
	at com.kms.katalon.core.keyword.internal.KeywordExecutor.executeKeywordForPlatform(KeywordExecutor.groovy:74)
	at com.kms.katalon.core.mobile.keyword.MobileBuiltInKeywords.verifyElementExist(MobileBuiltInKeywords.groovy:1710)
	at C725_MyStayAndReservations_Mystay_Landingpage_Nostays.verifyElementWithContinue(C725_MyStayAndReservations_Mystay_Landingpage_Nostays:93)
	at C725_MyStayAndReservations_Mystay_Landingpage_Nostays.run(C725_MyStayAndReservations_Mystay_Landingpage_Nostays:84)
	at com.kms.katalon.core.main.ScriptEngine.run(ScriptEngine.java:194)
	at com.kms.katalon.core.main.ScriptEngine.runScriptAsRawText(ScriptEngine.java:119)
	at com.kms.katalon.core.main.TestCaseExecutor.runScript(TestCaseExecutor.java:448)
	at com.kms.katalon.core.main.TestCaseExecutor.doExecute(TestCaseExecutor.java:439)
	at com.kms.katalon.core.main.TestCaseExecutor.processExecutionPhase(TestCaseExecutor.java:418)
	at com.kms.katalon.core.main.TestCaseExecutor.accessMainPhase(TestCaseExecutor.java:410)
	at com.kms.katalon.core.main.TestCaseExecutor.execute(TestCaseExecutor.java:285)
	at com.kms.katalon.core.common.CommonExecutor.accessTestCaseMainPhase(CommonExecutor.java:71)
	at com.kms.katalon.core.main.TestSuiteExecutor.accessTestSuiteMainPhase(TestSuiteExecutor.java:160)
	at com.kms.katalon.core.main.TestSuiteExecutor.execute(TestSuiteExecutor.java:107)
	at com.kms.katalon.core.main.TestCaseMain.startTestSuite(TestCaseMain.java:180)
	at TempTestSuite1745472255458.run(TempTestSuite1745472255458.groovy:35)
	at java.base/jdk.internal.reflect.NativeMethodAccessorImpl.invoke0(Native Method)
	at java.base/jdk.internal.reflect.NativeMethodAccessorImpl.invoke(NativeMethodAccessorImpl.java:77)
	at java.base/jdk.internal.reflect.DelegatingMethodAccessorImpl.invoke(DelegatingMethodAccessorImpl.java:43)
Caused by: com.kms.katalon.core.exception.StepFailedException: Element 'Object Repository/Repo/MyStay/android.widget.Button - Past Stays (1)' not found
	at com.kms.katalon.core.mobile.keyword.internal.MobileKeywordMain.stepFailed(MobileKeywordMain.groovy:64)
	at com.kms.katalon.core.mobile.keyword.builtin.VerifyElementExistKeyword$_verifyElementExist_closure1.doCall(VerifyElementExistKeyword.groovy:48)
	at com.kms.katalon.core.mobile.keyword.builtin.VerifyElementExistKeyword$_verifyElementExist_closure1.call(VerifyElementExistKeyword.groovy)
	at com.kms.katalon.core.mobile.keyword.internal.MobileKeywordMain.runKeyword(MobileKeywordMain.groovy:30)
	... 21 more
)
[[ATTACHMENT|/Users/gv.vignesh/Downloads/WGR-Android-Automation/Reports/20250424_105415/Android Regression/20250424_105415/1745475695494.png]]

24-04-2025T11:51:36 - [TEST_STEP][PASSED] - catch (Exception e): null

24-04-2025T11:51:36 - [TEST_STEP][PASSED] - takeScreenshot(FAILURE_$objectPath.replace(/, _)_$System.currentTimeMillis().png): Screenshot is taken

24-04-2025T11:51:37 - [MESSAGE][PASSED] - Screenshot is taken
[[ATTACHMENT|/Users/gv.vignesh/Downloads/WGR-Android-Automation/Reports/20250424_105415/Android Regression/20250424_105415/FAILURE_Object Repository_Repo_MyStay_android.widget.Button - Past Stays (1)_1745475696524.png]]

24-04-2025T11:51:37 - [TEST_STEP][PASSED] - println(Verification failed for $objectPath - Continuing test execution): null

24-04-2025T11:51:37 - [TEST_STEP][PASSED] - delay(3): Delayed 3 second(s)

24-04-2025T11:51:40 - [MESSAGE][PASSED] - Delayed 3 second(s)

24-04-2025T11:51:40 - [TEST_STEP][PASSED] - closeApplication(): Close app successfully

24-04-2025T11:51:45 - [MESSAGE][INFO] - The process with PID 8,690 wasnt terminated, error: {1}

24-04-2025T11:51:45 - [MESSAGE][PASSED] - Close app successfully]]></system-out>
         <system-err><![CDATA[]]></system-err>
      </testcase>
      <testcase name="Test Cases/My Stay And Reservations/C704_C809_MyStayAndReservations_AddReservationNumber" time="171.715" classname="Test Cases/My Stay And Reservations/C704_C809_MyStayAndReservations_AddReservationNumber" status="PASSED">
         <system-out><![CDATA[24-04-2025T11:51:45 - [TEST_CASE][PASSED] - Test Cases/My Stay And Reservations/C704_C809_MyStayAndReservations_AddReservationNumber: Test Cases/My Stay And Reservations/C704_C809_MyStayAndReservations_AddReservationNumber

24-04-2025T11:51:45 - [TEST_STEP][PASSED] - testData = findTestData("Data Files/WRMA-107"): null

24-04-2025T11:51:45 - [TEST_STEP][PASSED] - email = testData.getValue("Email", 1): null

24-04-2025T11:51:45 - [TEST_STEP][PASSED] - password = testData.getValue("Password", 1): null

24-04-2025T11:51:45 - [TEST_STEP][PASSED] - accountNumber = testData.getValue("AccountNumber", 1): null

24-04-2025T11:51:45 - [TEST_STEP][PASSED] - startApplication(appUrl, true): Started application: '/Users/gv.vignesh/Downloads/WGR-Android-Automation/App Folder/app-debug-Version 2.99.68.apk'

24-04-2025T11:51:45 - [MESSAGE][INFO] - Starting application: '/Users/gv.vignesh/Downloads/WGR-Android-Automation/App Folder/app-debug-Version 2.99.68.apk'

24-04-2025T11:51:45 - [MESSAGE][INFO] - User set preference: ['uiautomator2ServerInstallTimeout', '0']

24-04-2025T11:51:45 - [MESSAGE][INFO] - User set preference: ['deviceId', '']

24-04-2025T11:51:45 - [MESSAGE][INFO] - Detected NodeJS location: "/opt/homebrew/Cellar/node/23.10.0_1/bin/node"

24-04-2025T11:51:45 - [MESSAGE][INFO] - PATH: /opt/homebrew/Cellar/node/23.10.0_1/bin:/opt/homebrew/bin:/usr/bin:/bin:/usr/sbin:/sbin:/Applications/Katalon Studio Enterprise.app/Contents/Eclipse/jre/Contents/Home/bin:/usr/local/bin/

24-04-2025T11:51:45 - [MESSAGE][INFO] - APPIUM_HOME: /Users/gv.vignesh/.appium

24-04-2025T11:51:45 - [MESSAGE][INFO] - appium outlog: /Users/gv.vignesh/Downloads/WGR-Android-Automation/Reports/20250424_105415/Android Regression/20250424_105415/appium.log

24-04-2025T11:51:45 - [MESSAGE][INFO] - appium errlog: /Users/gv.vignesh/Downloads/WGR-Android-Automation/Reports/20250424_105415/Android Regression/20250424_105415/appium_error.log

24-04-2025T11:51:47 - [MESSAGE][INFO] - Appium server started on port 49,266

24-04-2025T11:52:05 - [MESSAGE][PASSED] - Started application: '/Users/gv.vignesh/Downloads/WGR-Android-Automation/App Folder/app-debug-Version 2.99.68.apk'

24-04-2025T11:52:05 - [TEST_STEP][PASSED] - delay(10): Delayed 10 second(s)

24-04-2025T11:52:15 - [MESSAGE][PASSED] - Delayed 10 second(s)

24-04-2025T11:52:15 - [TEST_STEP][PASSED] - tap(findTestObject("Object Repository/AddReservation/android.widget.Button - Login or Sign Up"), 0): Tapped on element 'Object Repository/AddReservation/android.widget.Button - Login or Sign Up'

24-04-2025T11:52:15 - [MESSAGE][WARNING] - Timeout '0' is invalid. Using default page load timeout: '30'

24-04-2025T11:52:16 - [MESSAGE][PASSED] - Tapped on element 'Object Repository/AddReservation/android.widget.Button - Login or Sign Up'

24-04-2025T11:52:16 - [TEST_STEP][PASSED] - delay(10): Delayed 10 second(s)

24-04-2025T11:52:26 - [MESSAGE][PASSED] - Delayed 10 second(s)

24-04-2025T11:52:26 - [TEST_STEP][PASSED] - setText(findTestObject("Object Repository/AddReservation/android.widget.EditText"), email, 0): Text '0425201TM@WG.COM' has been set to element 'Object Repository/AddReservation/android.widget.EditText'

24-04-2025T11:52:26 - [MESSAGE][WARNING] - Timeout '0' is invalid. Using default page load timeout: '30'

24-04-2025T11:52:27 - [MESSAGE][PASSED] - Text '0425201TM@WG.COM' has been set to element 'Object Repository/AddReservation/android.widget.EditText'

24-04-2025T11:52:27 - [TEST_STEP][PASSED] - hideKeyboard(): Keyboard is hidden

24-04-2025T11:52:30 - [MESSAGE][PASSED] - Keyboard is hidden

24-04-2025T11:52:30 - [TEST_STEP][PASSED] - delay(10): Delayed 10 second(s)

24-04-2025T11:52:40 - [MESSAGE][PASSED] - Delayed 10 second(s)

24-04-2025T11:52:40 - [TEST_STEP][PASSED] - tap(findTestObject("Object Repository/AddReservation/android.widget.Button - Next"), 0): Tapped on element 'Object Repository/AddReservation/android.widget.Button - Next'

24-04-2025T11:52:40 - [MESSAGE][WARNING] - Timeout '0' is invalid. Using default page load timeout: '30'

24-04-2025T11:52:41 - [MESSAGE][PASSED] - Tapped on element 'Object Repository/AddReservation/android.widget.Button - Next'

24-04-2025T11:52:41 - [TEST_STEP][PASSED] - delay(45): Delayed 45 second(s)

24-04-2025T11:53:26 - [MESSAGE][PASSED] - Delayed 45 second(s)

24-04-2025T11:53:26 - [TEST_STEP][PASSED] - setText(findTestObject("Object Repository/AddReservation/android.widget.EditText (1)"), email, 0): Text '0425201TM@WG.COM' has been set to element 'Object Repository/AddReservation/android.widget.EditText (1)'

24-04-2025T11:53:26 - [MESSAGE][WARNING] - Timeout '0' is invalid. Using default page load timeout: '30'

24-04-2025T11:53:26 - [MESSAGE][PASSED] - Text '0425201TM@WG.COM' has been set to element 'Object Repository/AddReservation/android.widget.EditText (1)'

24-04-2025T11:53:26 - [TEST_STEP][PASSED] - hideKeyboard(): Keyboard is hidden

24-04-2025T11:53:29 - [MESSAGE][PASSED] - Keyboard is hidden

24-04-2025T11:53:29 - [TEST_STEP][PASSED] - delay(10): Delayed 10 second(s)

24-04-2025T11:53:39 - [MESSAGE][PASSED] - Delayed 10 second(s)

24-04-2025T11:53:39 - [TEST_STEP][PASSED] - setText(findTestObject("Object Repository/AddReservation/android.widget.EditText (2)"), password, 0): Text 'password' has been set to element 'Object Repository/AddReservation/android.widget.EditText (2)'

24-04-2025T11:53:39 - [MESSAGE][WARNING] - Timeout '0' is invalid. Using default page load timeout: '30'

24-04-2025T11:53:39 - [MESSAGE][PASSED] - Text 'password' has been set to element 'Object Repository/AddReservation/android.widget.EditText (2)'

24-04-2025T11:53:39 - [TEST_STEP][PASSED] - hideKeyboard(): Keyboard is hidden

24-04-2025T11:53:41 - [MESSAGE][PASSED] - Keyboard is hidden

24-04-2025T11:53:41 - [TEST_STEP][PASSED] - delay(10): Delayed 10 second(s)

24-04-2025T11:53:51 - [MESSAGE][PASSED] - Delayed 10 second(s)

24-04-2025T11:53:51 - [TEST_STEP][PASSED] - tap(findTestObject("Object Repository/AddReservation/android.widget.Button - LOGIN"), 0): Tapped on element 'Object Repository/AddReservation/android.widget.Button - LOGIN'

24-04-2025T11:53:51 - [MESSAGE][WARNING] - Timeout '0' is invalid. Using default page load timeout: '30'

24-04-2025T11:53:52 - [MESSAGE][PASSED] - Tapped on element 'Object Repository/AddReservation/android.widget.Button - LOGIN'

24-04-2025T11:53:52 - [TEST_STEP][PASSED] - delay(10): Delayed 10 second(s)

24-04-2025T11:54:02 - [MESSAGE][PASSED] - Delayed 10 second(s)

24-04-2025T11:54:02 - [TEST_STEP][PASSED] - tap(findTestObject("Object Repository/AddReservation/android.view.View - My Account"), 0): Tapped on element 'Object Repository/AddReservation/android.view.View - My Account'

24-04-2025T11:54:02 - [MESSAGE][WARNING] - Timeout '0' is invalid. Using default page load timeout: '30'

24-04-2025T11:54:02 - [MESSAGE][PASSED] - Tapped on element 'Object Repository/AddReservation/android.view.View - My Account'

24-04-2025T11:54:02 - [TEST_STEP][PASSED] - delay(10): Delayed 10 second(s)

24-04-2025T11:54:12 - [MESSAGE][PASSED] - Delayed 10 second(s)

24-04-2025T11:54:12 - [TEST_STEP][PASSED] - tap(findTestObject("Object Repository/AddReservation/android.widget.TextView - Add An Account Number"), 0): Tapped on element 'Object Repository/AddReservation/android.widget.TextView - Add An Account Number'

24-04-2025T11:54:12 - [MESSAGE][WARNING] - Timeout '0' is invalid. Using default page load timeout: '30'

24-04-2025T11:54:13 - [MESSAGE][PASSED] - Tapped on element 'Object Repository/AddReservation/android.widget.TextView - Add An Account Number'

24-04-2025T11:54:13 - [TEST_STEP][PASSED] - delay(10): Delayed 10 second(s)

24-04-2025T11:54:23 - [MESSAGE][PASSED] - Delayed 10 second(s)

24-04-2025T11:54:23 - [TEST_STEP][PASSED] - setText(findTestObject("Object Repository/AddReservation/android.widget.EditText (3)"), accountNumber, 0): Text '87667' has been set to element 'Object Repository/AddReservation/android.widget.EditText (3)'

24-04-2025T11:54:23 - [MESSAGE][WARNING] - Timeout '0' is invalid. Using default page load timeout: '30'

24-04-2025T11:54:23 - [MESSAGE][PASSED] - Text '87667' has been set to element 'Object Repository/AddReservation/android.widget.EditText (3)'

24-04-2025T11:54:23 - [TEST_STEP][PASSED] - delay(10): Delayed 10 second(s)

24-04-2025T11:54:33 - [MESSAGE][PASSED] - Delayed 10 second(s)

24-04-2025T11:54:33 - [TEST_STEP][PASSED] - verifyElementExist(findTestObject("Object Repository/C701-C702/android.widget.TextView -  Account number should be 7-11 digits"), 0): Element 'Object Repository/C701-C702/android.widget.TextView -  Account number should be 7-11 digits' is exist

24-04-2025T11:54:33 - [MESSAGE][WARNING] - Timeout '0' is invalid. Using default page load timeout: '30'

24-04-2025T11:54:34 - [MESSAGE][PASSED] - Element 'Object Repository/C701-C702/android.widget.TextView -  Account number should be 7-11 digits' is exist

24-04-2025T11:54:34 - [TEST_STEP][PASSED] - isExist = verifyElementExist(findTestObject("Object Repository/C701-C702/android.widget.TextView -  Account number should be 7-11 digits"), 0): Element 'Object Repository/C701-C702/android.widget.TextView -  Account number should be 7-11 digits' is exist

24-04-2025T11:54:34 - [MESSAGE][WARNING] - Timeout '0' is invalid. Using default page load timeout: '30'

24-04-2025T11:54:34 - [MESSAGE][PASSED] - Element 'Object Repository/C701-C702/android.widget.TextView -  Account number should be 7-11 digits' is exist

24-04-2025T11:54:34 - [TEST_STEP][PASSED] - assert isExist == true : "The expected element exist!": null

24-04-2025T11:54:34 - [TEST_STEP][PASSED] - closeApplication(): Close app successfully

24-04-2025T11:54:37 - [MESSAGE][PASSED] - Close app successfully]]></system-out>
         <system-err><![CDATA[]]></system-err>
      </testcase>
      <testcase name="Test Cases/My Stay And Reservations/C751_MyStayAndReservations_Current tab_UpcomingReservations" time="233.021" classname="Test Cases/My Stay And Reservations/C751_MyStayAndReservations_Current tab_UpcomingReservations" status="FAILED">
         <failure type="FAILED" message="Test Cases/My Stay And Reservations/C751_MyStayAndReservations_Current tab_UpcomingReservations FAILED.&#xa;Reason:&#xa;com.kms.katalon.core.exception.StepFailedException: Failed to check for element 'Object Repository/Repo/MyStay/android.widget.TextView - UPCOMING STAYS' exist&#xa;	at com.kms.katalon.core.mobile.keyword.internal.MobileKeywordMain.stepFailed(MobileKeywordMain.groovy:64)&#xa;	at com.kms.katalon.core.mobile.keyword.internal.MobileKeywordMain.runKeyword(MobileKeywordMain.groovy:34)&#xa;	at com.kms.katalon.core.mobile.keyword.builtin.VerifyElementExistKeyword.verifyElementExist(VerifyElementExistKeyword.groovy:51)&#xa;	at com.kms.katalon.core.mobile.keyword.builtin.VerifyElementExistKeyword.execute(VerifyElementExistKeyword.groovy:35)&#xa;	at com.kms.katalon.core.keyword.internal.KeywordExecutor.executeKeywordForPlatform(KeywordExecutor.groovy:74)&#xa;	at com.kms.katalon.core.mobile.keyword.MobileBuiltInKeywords.verifyElementExist(MobileBuiltInKeywords.groovy:1726)&#xa;	at C751_MyStayAndReservations_Current tab_UpcomingReservations.run(C751_MyStayAndReservations_Current tab_UpcomingReservations:70)&#xa;	at com.kms.katalon.core.main.ScriptEngine.run(ScriptEngine.java:194)&#xa;	at com.kms.katalon.core.main.ScriptEngine.runScriptAsRawText(ScriptEngine.java:119)&#xa;	at com.kms.katalon.core.main.TestCaseExecutor.runScript(TestCaseExecutor.java:448)&#xa;	at com.kms.katalon.core.main.TestCaseExecutor.doExecute(TestCaseExecutor.java:439)&#xa;	at com.kms.katalon.core.main.TestCaseExecutor.processExecutionPhase(TestCaseExecutor.java:418)&#xa;	at com.kms.katalon.core.main.TestCaseExecutor.accessMainPhase(TestCaseExecutor.java:410)&#xa;	at com.kms.katalon.core.main.TestCaseExecutor.execute(TestCaseExecutor.java:285)&#xa;	at com.kms.katalon.core.common.CommonExecutor.accessTestCaseMainPhase(CommonExecutor.java:71)&#xa;	at com.kms.katalon.core.main.TestSuiteExecutor.accessTestSuiteMainPhase(TestSuiteExecutor.java:160)&#xa;	at com.kms.katalon.core.main.TestSuiteExecutor.execute(TestSuiteExecutor.java:107)&#xa;	at com.kms.katalon.core.main.TestCaseMain.startTestSuite(TestCaseMain.java:180)&#xa;	at TempTestSuite1745472255458.run(TempTestSuite1745472255458.groovy:35)&#xa;	at java.base/jdk.internal.reflect.NativeMethodAccessorImpl.invoke0(Native Method)&#xa;	at java.base/jdk.internal.reflect.NativeMethodAccessorImpl.invoke(NativeMethodAccessorImpl.java:77)&#xa;	at java.base/jdk.internal.reflect.DelegatingMethodAccessorImpl.invoke(DelegatingMethodAccessorImpl.java:43)&#xa;Caused by: com.kms.katalon.core.exception.StepFailedException: Element 'Object Repository/Repo/MyStay/android.widget.TextView - UPCOMING STAYS' not found&#xa;	at com.kms.katalon.core.mobile.keyword.internal.MobileKeywordMain.stepFailed(MobileKeywordMain.groovy:64)&#xa;	at com.kms.katalon.core.mobile.keyword.builtin.VerifyElementExistKeyword$_verifyElementExist_closure1.doCall(VerifyElementExistKeyword.groovy:48)&#xa;	at com.kms.katalon.core.mobile.keyword.builtin.VerifyElementExistKeyword$_verifyElementExist_closure1.call(VerifyElementExistKeyword.groovy)&#xa;	at com.kms.katalon.core.mobile.keyword.internal.MobileKeywordMain.runKeyword(MobileKeywordMain.groovy:30)&#xa;	... 20 more&#xa;"/>
         <system-out><![CDATA[24-04-2025T11:54:37 - [TEST_CASE][FAILED] - Test Cases/My Stay And Reservations/C751_MyStayAndReservations_Current tab_UpcomingReservations: Test Cases/My Stay And Reservations/C751_MyStayAndReservations_Current tab_UpcomingReservations FAILED.
Reason:
com.kms.katalon.core.exception.StepFailedException: Failed to check for element 'Object Repository/Repo/MyStay/android.widget.TextView - UPCOMING STAYS' exist
	at com.kms.katalon.core.mobile.keyword.internal.MobileKeywordMain.stepFailed(MobileKeywordMain.groovy:64)
	at com.kms.katalon.core.mobile.keyword.internal.MobileKeywordMain.runKeyword(MobileKeywordMain.groovy:34)
	at com.kms.katalon.core.mobile.keyword.builtin.VerifyElementExistKeyword.verifyElementExist(VerifyElementExistKeyword.groovy:51)
	at com.kms.katalon.core.mobile.keyword.builtin.VerifyElementExistKeyword.execute(VerifyElementExistKeyword.groovy:35)
	at com.kms.katalon.core.keyword.internal.KeywordExecutor.executeKeywordForPlatform(KeywordExecutor.groovy:74)
	at com.kms.katalon.core.mobile.keyword.MobileBuiltInKeywords.verifyElementExist(MobileBuiltInKeywords.groovy:1726)
	at C751_MyStayAndReservations_Current tab_UpcomingReservations.run(C751_MyStayAndReservations_Current tab_UpcomingReservations:70)
	at com.kms.katalon.core.main.ScriptEngine.run(ScriptEngine.java:194)
	at com.kms.katalon.core.main.ScriptEngine.runScriptAsRawText(ScriptEngine.java:119)
	at com.kms.katalon.core.main.TestCaseExecutor.runScript(TestCaseExecutor.java:448)
	at com.kms.katalon.core.main.TestCaseExecutor.doExecute(TestCaseExecutor.java:439)
	at com.kms.katalon.core.main.TestCaseExecutor.processExecutionPhase(TestCaseExecutor.java:418)
	at com.kms.katalon.core.main.TestCaseExecutor.accessMainPhase(TestCaseExecutor.java:410)
	at com.kms.katalon.core.main.TestCaseExecutor.execute(TestCaseExecutor.java:285)
	at com.kms.katalon.core.common.CommonExecutor.accessTestCaseMainPhase(CommonExecutor.java:71)
	at com.kms.katalon.core.main.TestSuiteExecutor.accessTestSuiteMainPhase(TestSuiteExecutor.java:160)
	at com.kms.katalon.core.main.TestSuiteExecutor.execute(TestSuiteExecutor.java:107)
	at com.kms.katalon.core.main.TestCaseMain.startTestSuite(TestCaseMain.java:180)
	at TempTestSuite1745472255458.run(TempTestSuite1745472255458.groovy:35)
	at java.base/jdk.internal.reflect.NativeMethodAccessorImpl.invoke0(Native Method)
	at java.base/jdk.internal.reflect.NativeMethodAccessorImpl.invoke(NativeMethodAccessorImpl.java:77)
	at java.base/jdk.internal.reflect.DelegatingMethodAccessorImpl.invoke(DelegatingMethodAccessorImpl.java:43)
Caused by: com.kms.katalon.core.exception.StepFailedException: Element 'Object Repository/Repo/MyStay/android.widget.TextView - UPCOMING STAYS' not found
	at com.kms.katalon.core.mobile.keyword.internal.MobileKeywordMain.stepFailed(MobileKeywordMain.groovy:64)
	at com.kms.katalon.core.mobile.keyword.builtin.VerifyElementExistKeyword$_verifyElementExist_closure1.doCall(VerifyElementExistKeyword.groovy:48)
	at com.kms.katalon.core.mobile.keyword.builtin.VerifyElementExistKeyword$_verifyElementExist_closure1.call(VerifyElementExistKeyword.groovy)
	at com.kms.katalon.core.mobile.keyword.internal.MobileKeywordMain.runKeyword(MobileKeywordMain.groovy:30)
	... 20 more


24-04-2025T11:54:37 - [TEST_STEP][PASSED] - testData = findTestData("Data Files/C751"): null

24-04-2025T11:54:37 - [TEST_STEP][PASSED] - email = testData.getValue("email", 1): null

24-04-2025T11:54:37 - [TEST_STEP][PASSED] - password = testData.getValue("password", 1): null

24-04-2025T11:54:37 - [TEST_STEP][PASSED] - startApplication(appUrl, true): Started application: '/Users/gv.vignesh/Downloads/WGR-Android-Automation/App Folder/app-debug-Version 2.99.68.apk'

24-04-2025T11:54:37 - [MESSAGE][INFO] - Starting application: '/Users/gv.vignesh/Downloads/WGR-Android-Automation/App Folder/app-debug-Version 2.99.68.apk'

24-04-2025T11:54:37 - [MESSAGE][INFO] - User set preference: ['uiautomator2ServerInstallTimeout', '0']

24-04-2025T11:54:37 - [MESSAGE][INFO] - User set preference: ['deviceId', '']

24-04-2025T11:54:37 - [MESSAGE][INFO] - Detected NodeJS location: "/opt/homebrew/Cellar/node/23.10.0_1/bin/node"

24-04-2025T11:54:37 - [MESSAGE][INFO] - PATH: /opt/homebrew/Cellar/node/23.10.0_1/bin:/opt/homebrew/bin:/usr/bin:/bin:/usr/sbin:/sbin:/Applications/Katalon Studio Enterprise.app/Contents/Eclipse/jre/Contents/Home/bin:/usr/local/bin/

24-04-2025T11:54:37 - [MESSAGE][INFO] - APPIUM_HOME: /Users/gv.vignesh/.appium

24-04-2025T11:54:37 - [MESSAGE][INFO] - appium outlog: /Users/gv.vignesh/Downloads/WGR-Android-Automation/Reports/20250424_105415/Android Regression/20250424_105415/appium.log

24-04-2025T11:54:37 - [MESSAGE][INFO] - appium errlog: /Users/gv.vignesh/Downloads/WGR-Android-Automation/Reports/20250424_105415/Android Regression/20250424_105415/appium_error.log

24-04-2025T11:54:38 - [MESSAGE][INFO] - Appium server started on port 49,589

24-04-2025T11:54:54 - [MESSAGE][PASSED] - Started application: '/Users/gv.vignesh/Downloads/WGR-Android-Automation/App Folder/app-debug-Version 2.99.68.apk'

24-04-2025T11:54:54 - [TEST_STEP][PASSED] - delay(10): Delayed 10 second(s)

24-04-2025T11:55:04 - [MESSAGE][PASSED] - Delayed 10 second(s)

24-04-2025T11:55:04 - [TEST_STEP][PASSED] - tap(findTestObject("Object Repository/Repo/MyStay/android.widget.Button - Login or Sign Up"), 0): Tapped on element 'Object Repository/Repo/MyStay/android.widget.Button - Login or Sign Up'

24-04-2025T11:55:04 - [MESSAGE][WARNING] - Timeout '0' is invalid. Using default page load timeout: '30'

24-04-2025T11:55:06 - [MESSAGE][PASSED] - Tapped on element 'Object Repository/Repo/MyStay/android.widget.Button - Login or Sign Up'

24-04-2025T11:55:06 - [TEST_STEP][PASSED] - delay(10): Delayed 10 second(s)

24-04-2025T11:55:16 - [MESSAGE][PASSED] - Delayed 10 second(s)

24-04-2025T11:55:16 - [TEST_STEP][PASSED] - setText(findTestObject("Object Repository/Repo/SignUpNewUser/android.widget.EditText"), email, 0): Text '0425209TM@WG.COM' has been set to element 'Object Repository/Repo/SignUpNewUser/android.widget.EditText'

24-04-2025T11:55:16 - [MESSAGE][WARNING] - Timeout '0' is invalid. Using default page load timeout: '30'

24-04-2025T11:55:18 - [MESSAGE][PASSED] - Text '0425209TM@WG.COM' has been set to element 'Object Repository/Repo/SignUpNewUser/android.widget.EditText'

24-04-2025T11:55:18 - [TEST_STEP][PASSED] - hideKeyboard(): Keyboard is hidden

24-04-2025T11:55:20 - [MESSAGE][PASSED] - Keyboard is hidden

24-04-2025T11:55:20 - [TEST_STEP][PASSED] - delay(10): Delayed 10 second(s)

24-04-2025T11:55:30 - [MESSAGE][PASSED] - Delayed 10 second(s)

24-04-2025T11:55:30 - [TEST_STEP][PASSED] - tap(findTestObject("Object Repository/Repo/MyStay/android.widget.Button - Next"), 0): Tapped on element 'Object Repository/Repo/MyStay/android.widget.Button - Next'

24-04-2025T11:55:30 - [MESSAGE][WARNING] - Timeout '0' is invalid. Using default page load timeout: '30'

24-04-2025T11:55:31 - [MESSAGE][PASSED] - Tapped on element 'Object Repository/Repo/MyStay/android.widget.Button - Next'

24-04-2025T11:55:31 - [TEST_STEP][PASSED] - delay(45): Delayed 45 second(s)

24-04-2025T11:56:16 - [MESSAGE][PASSED] - Delayed 45 second(s)

24-04-2025T11:56:16 - [TEST_STEP][PASSED] - setText(findTestObject("Object Repository/Repo/MyStay/android.widget.EditText (1)"), email, 0): Text '0425209TM@WG.COM' has been set to element 'Object Repository/Repo/MyStay/android.widget.EditText (1)'

24-04-2025T11:56:16 - [MESSAGE][WARNING] - Timeout '0' is invalid. Using default page load timeout: '30'

24-04-2025T11:56:17 - [MESSAGE][PASSED] - Text '0425209TM@WG.COM' has been set to element 'Object Repository/Repo/MyStay/android.widget.EditText (1)'

24-04-2025T11:56:17 - [TEST_STEP][PASSED] - hideKeyboard(): Keyboard is hidden

24-04-2025T11:56:17 - [MESSAGE][PASSED] - Keyboard is hidden

24-04-2025T11:56:17 - [TEST_STEP][PASSED] - delay(20): Delayed 20 second(s)

24-04-2025T11:56:37 - [MESSAGE][PASSED] - Delayed 20 second(s)

24-04-2025T11:56:37 - [TEST_STEP][PASSED] - setText(findTestObject("Object Repository/Repo/MyStay/android.widget.EditText"), password, 0): Text 'password' has been set to element 'Object Repository/Repo/MyStay/android.widget.EditText'

24-04-2025T11:56:37 - [MESSAGE][WARNING] - Timeout '0' is invalid. Using default page load timeout: '30'

24-04-2025T11:56:38 - [MESSAGE][PASSED] - Text 'password' has been set to element 'Object Repository/Repo/MyStay/android.widget.EditText'

24-04-2025T11:56:38 - [TEST_STEP][PASSED] - hideKeyboard(): Keyboard is hidden

24-04-2025T11:56:40 - [MESSAGE][PASSED] - Keyboard is hidden

24-04-2025T11:56:40 - [TEST_STEP][PASSED] - delay(20): Delayed 20 second(s)

24-04-2025T11:57:00 - [MESSAGE][PASSED] - Delayed 20 second(s)

24-04-2025T11:57:00 - [TEST_STEP][PASSED] - tap(findTestObject("Object Repository/Repo/MyStay/android.widget.Button - LOGIN"), 0): Tapped on element 'Object Repository/Repo/MyStay/android.widget.Button - LOGIN'

24-04-2025T11:57:00 - [MESSAGE][WARNING] - Timeout '0' is invalid. Using default page load timeout: '30'

24-04-2025T11:57:01 - [MESSAGE][PASSED] - Tapped on element 'Object Repository/Repo/MyStay/android.widget.Button - LOGIN'

24-04-2025T11:57:01 - [TEST_STEP][PASSED] - delay(20): Delayed 20 second(s)

24-04-2025T11:57:21 - [MESSAGE][PASSED] - Delayed 20 second(s)

24-04-2025T11:57:21 - [TEST_STEP][PASSED] - verifyElementExist(findTestObject("Object Repository/Repo/MyStay/android.view.View - My Stay"), 0): Element 'Object Repository/Repo/MyStay/android.view.View - My Stay' is exist

24-04-2025T11:57:21 - [MESSAGE][WARNING] - Timeout '0' is invalid. Using default page load timeout: '30'

24-04-2025T11:57:22 - [MESSAGE][PASSED] - Element 'Object Repository/Repo/MyStay/android.view.View - My Stay' is exist

24-04-2025T11:57:22 - [TEST_STEP][PASSED] - delay(5): Delayed 5 second(s)

24-04-2025T11:57:27 - [MESSAGE][PASSED] - Delayed 5 second(s)

24-04-2025T11:57:27 - [TEST_STEP][PASSED] - tap(findTestObject("Object Repository/Repo/MyStay/android.view.View - My Stay"), 0): Tapped on element 'Object Repository/Repo/MyStay/android.view.View - My Stay'

24-04-2025T11:57:27 - [MESSAGE][WARNING] - Timeout '0' is invalid. Using default page load timeout: '30'

24-04-2025T11:57:27 - [MESSAGE][PASSED] - Tapped on element 'Object Repository/Repo/MyStay/android.view.View - My Stay'

24-04-2025T11:57:27 - [TEST_STEP][PASSED] - delay(30): Delayed 30 second(s)

24-04-2025T11:57:57 - [MESSAGE][PASSED] - Delayed 30 second(s)

24-04-2025T11:57:57 - [TEST_STEP][FAILED] - verifyElementExist(findTestObject("Object Repository/Repo/MyStay/android.widget.TextView - UPCOMING STAYS"), 0): Failed to check for element 'Object Repository/Repo/MyStay/android.widget.TextView - UPCOMING STAYS' exist (Root cause: com.kms.katalon.core.exception.StepFailedException: Failed to check for element 'Object Repository/Repo/MyStay/android.widget.TextView - UPCOMING STAYS' exist
	at com.kms.katalon.core.mobile.keyword.internal.MobileKeywordMain.stepFailed(MobileKeywordMain.groovy:64)
	at com.kms.katalon.core.mobile.keyword.internal.MobileKeywordMain.runKeyword(MobileKeywordMain.groovy:34)
	at com.kms.katalon.core.mobile.keyword.builtin.VerifyElementExistKeyword.verifyElementExist(VerifyElementExistKeyword.groovy:51)
	at com.kms.katalon.core.mobile.keyword.builtin.VerifyElementExistKeyword.execute(VerifyElementExistKeyword.groovy:35)
	at com.kms.katalon.core.keyword.internal.KeywordExecutor.executeKeywordForPlatform(KeywordExecutor.groovy:74)
	at com.kms.katalon.core.mobile.keyword.MobileBuiltInKeywords.verifyElementExist(MobileBuiltInKeywords.groovy:1726)
	at C751_MyStayAndReservations_Current tab_UpcomingReservations.run(C751_MyStayAndReservations_Current tab_UpcomingReservations:70)
	at com.kms.katalon.core.main.ScriptEngine.run(ScriptEngine.java:194)
	at com.kms.katalon.core.main.ScriptEngine.runScriptAsRawText(ScriptEngine.java:119)
	at com.kms.katalon.core.main.TestCaseExecutor.runScript(TestCaseExecutor.java:448)
	at com.kms.katalon.core.main.TestCaseExecutor.doExecute(TestCaseExecutor.java:439)
	at com.kms.katalon.core.main.TestCaseExecutor.processExecutionPhase(TestCaseExecutor.java:418)
	at com.kms.katalon.core.main.TestCaseExecutor.accessMainPhase(TestCaseExecutor.java:410)
	at com.kms.katalon.core.main.TestCaseExecutor.execute(TestCaseExecutor.java:285)
	at com.kms.katalon.core.common.CommonExecutor.accessTestCaseMainPhase(CommonExecutor.java:71)
	at com.kms.katalon.core.main.TestSuiteExecutor.accessTestSuiteMainPhase(TestSuiteExecutor.java:160)
	at com.kms.katalon.core.main.TestSuiteExecutor.execute(TestSuiteExecutor.java:107)
	at com.kms.katalon.core.main.TestCaseMain.startTestSuite(TestCaseMain.java:180)
	at TempTestSuite1745472255458.run(TempTestSuite1745472255458.groovy:35)
	at java.base/jdk.internal.reflect.NativeMethodAccessorImpl.invoke0(Native Method)
	at java.base/jdk.internal.reflect.NativeMethodAccessorImpl.invoke(NativeMethodAccessorImpl.java:77)
	at java.base/jdk.internal.reflect.DelegatingMethodAccessorImpl.invoke(DelegatingMethodAccessorImpl.java:43)
Caused by: com.kms.katalon.core.exception.StepFailedException: Element 'Object Repository/Repo/MyStay/android.widget.TextView - UPCOMING STAYS' not found
	at com.kms.katalon.core.mobile.keyword.internal.MobileKeywordMain.stepFailed(MobileKeywordMain.groovy:64)
	at com.kms.katalon.core.mobile.keyword.builtin.VerifyElementExistKeyword$_verifyElementExist_closure1.doCall(VerifyElementExistKeyword.groovy:48)
	at com.kms.katalon.core.mobile.keyword.builtin.VerifyElementExistKeyword$_verifyElementExist_closure1.call(VerifyElementExistKeyword.groovy)
	at com.kms.katalon.core.mobile.keyword.internal.MobileKeywordMain.runKeyword(MobileKeywordMain.groovy:30)
	... 20 more
)

24-04-2025T11:57:57 - [MESSAGE][WARNING] - Timeout '0' is invalid. Using default page load timeout: '30'

24-04-2025T11:58:29 - [MESSAGE][FAILED] - Element 'Object Repository/Repo/MyStay/android.widget.TextView - UPCOMING STAYS' not found (Root cause: com.kms.katalon.core.exception.StepFailedException: Element 'Object Repository/Repo/MyStay/android.widget.TextView - UPCOMING STAYS' not found
	at com.kms.katalon.core.mobile.keyword.internal.MobileKeywordMain.stepFailed(MobileKeywordMain.groovy:64)
	at com.kms.katalon.core.mobile.keyword.builtin.VerifyElementExistKeyword$_verifyElementExist_closure1.doCall(VerifyElementExistKeyword.groovy:48)
	at com.kms.katalon.core.mobile.keyword.builtin.VerifyElementExistKeyword$_verifyElementExist_closure1.call(VerifyElementExistKeyword.groovy)
	at com.kms.katalon.core.mobile.keyword.internal.MobileKeywordMain.runKeyword(MobileKeywordMain.groovy:30)
	at com.kms.katalon.core.mobile.keyword.builtin.VerifyElementExistKeyword.verifyElementExist(VerifyElementExistKeyword.groovy:51)
	at com.kms.katalon.core.mobile.keyword.builtin.VerifyElementExistKeyword.execute(VerifyElementExistKeyword.groovy:35)
	at com.kms.katalon.core.keyword.internal.KeywordExecutor.executeKeywordForPlatform(KeywordExecutor.groovy:74)
	at com.kms.katalon.core.mobile.keyword.MobileBuiltInKeywords.verifyElementExist(MobileBuiltInKeywords.groovy:1726)
	at C751_MyStayAndReservations_Current tab_UpcomingReservations.run(C751_MyStayAndReservations_Current tab_UpcomingReservations:70)
	at com.kms.katalon.core.main.ScriptEngine.run(ScriptEngine.java:194)
	at com.kms.katalon.core.main.ScriptEngine.runScriptAsRawText(ScriptEngine.java:119)
	at com.kms.katalon.core.main.TestCaseExecutor.runScript(TestCaseExecutor.java:448)
	at com.kms.katalon.core.main.TestCaseExecutor.doExecute(TestCaseExecutor.java:439)
	at com.kms.katalon.core.main.TestCaseExecutor.processExecutionPhase(TestCaseExecutor.java:418)
	at com.kms.katalon.core.main.TestCaseExecutor.accessMainPhase(TestCaseExecutor.java:410)
	at com.kms.katalon.core.main.TestCaseExecutor.execute(TestCaseExecutor.java:285)
	at com.kms.katalon.core.common.CommonExecutor.accessTestCaseMainPhase(CommonExecutor.java:71)
	at com.kms.katalon.core.main.TestSuiteExecutor.accessTestSuiteMainPhase(TestSuiteExecutor.java:160)
	at com.kms.katalon.core.main.TestSuiteExecutor.execute(TestSuiteExecutor.java:107)
	at com.kms.katalon.core.main.TestCaseMain.startTestSuite(TestCaseMain.java:180)
	at TempTestSuite1745472255458.run(TempTestSuite1745472255458.groovy:35)
	at java.base/jdk.internal.reflect.NativeMethodAccessorImpl.invoke0(Native Method)
	at java.base/jdk.internal.reflect.NativeMethodAccessorImpl.invoke(NativeMethodAccessorImpl.java:77)
	at java.base/jdk.internal.reflect.DelegatingMethodAccessorImpl.invoke(DelegatingMethodAccessorImpl.java:43)
)
[[ATTACHMENT|/Users/gv.vignesh/Downloads/WGR-Android-Automation/Reports/20250424_105415/Android Regression/20250424_105415/1745476107897.png]]

24-04-2025T11:58:30 - [MESSAGE][FAILED] - Failed to check for element 'Object Repository/Repo/MyStay/android.widget.TextView - UPCOMING STAYS' exist (Root cause: com.kms.katalon.core.exception.StepFailedException: Failed to check for element 'Object Repository/Repo/MyStay/android.widget.TextView - UPCOMING STAYS' exist
	at com.kms.katalon.core.mobile.keyword.internal.MobileKeywordMain.stepFailed(MobileKeywordMain.groovy:64)
	at com.kms.katalon.core.mobile.keyword.internal.MobileKeywordMain.runKeyword(MobileKeywordMain.groovy:34)
	at com.kms.katalon.core.mobile.keyword.builtin.VerifyElementExistKeyword.verifyElementExist(VerifyElementExistKeyword.groovy:51)
	at com.kms.katalon.core.mobile.keyword.builtin.VerifyElementExistKeyword.execute(VerifyElementExistKeyword.groovy:35)
	at com.kms.katalon.core.keyword.internal.KeywordExecutor.executeKeywordForPlatform(KeywordExecutor.groovy:74)
	at com.kms.katalon.core.mobile.keyword.MobileBuiltInKeywords.verifyElementExist(MobileBuiltInKeywords.groovy:1726)
	at C751_MyStayAndReservations_Current tab_UpcomingReservations.run(C751_MyStayAndReservations_Current tab_UpcomingReservations:70)
	at com.kms.katalon.core.main.ScriptEngine.run(ScriptEngine.java:194)
	at com.kms.katalon.core.main.ScriptEngine.runScriptAsRawText(ScriptEngine.java:119)
	at com.kms.katalon.core.main.TestCaseExecutor.runScript(TestCaseExecutor.java:448)
	at com.kms.katalon.core.main.TestCaseExecutor.doExecute(TestCaseExecutor.java:439)
	at com.kms.katalon.core.main.TestCaseExecutor.processExecutionPhase(TestCaseExecutor.java:418)
	at com.kms.katalon.core.main.TestCaseExecutor.accessMainPhase(TestCaseExecutor.java:410)
	at com.kms.katalon.core.main.TestCaseExecutor.execute(TestCaseExecutor.java:285)
	at com.kms.katalon.core.common.CommonExecutor.accessTestCaseMainPhase(CommonExecutor.java:71)
	at com.kms.katalon.core.main.TestSuiteExecutor.accessTestSuiteMainPhase(TestSuiteExecutor.java:160)
	at com.kms.katalon.core.main.TestSuiteExecutor.execute(TestSuiteExecutor.java:107)
	at com.kms.katalon.core.main.TestCaseMain.startTestSuite(TestCaseMain.java:180)
	at TempTestSuite1745472255458.run(TempTestSuite1745472255458.groovy:35)
	at java.base/jdk.internal.reflect.NativeMethodAccessorImpl.invoke0(Native Method)
	at java.base/jdk.internal.reflect.NativeMethodAccessorImpl.invoke(NativeMethodAccessorImpl.java:77)
	at java.base/jdk.internal.reflect.DelegatingMethodAccessorImpl.invoke(DelegatingMethodAccessorImpl.java:43)
Caused by: com.kms.katalon.core.exception.StepFailedException: Element 'Object Repository/Repo/MyStay/android.widget.TextView - UPCOMING STAYS' not found
	at com.kms.katalon.core.mobile.keyword.internal.MobileKeywordMain.stepFailed(MobileKeywordMain.groovy:64)
	at com.kms.katalon.core.mobile.keyword.builtin.VerifyElementExistKeyword$_verifyElementExist_closure1.doCall(VerifyElementExistKeyword.groovy:48)
	at com.kms.katalon.core.mobile.keyword.builtin.VerifyElementExistKeyword$_verifyElementExist_closure1.call(VerifyElementExistKeyword.groovy)
	at com.kms.katalon.core.mobile.keyword.internal.MobileKeywordMain.runKeyword(MobileKeywordMain.groovy:30)
	... 20 more
)
[[ATTACHMENT|/Users/gv.vignesh/Downloads/WGR-Android-Automation/Reports/20250424_105415/Android Regression/20250424_105415/1745476109447.png]]]]></system-out>
         <system-err><![CDATA[24-04-2025T11:54:37 - [TEST_CASE][FAILED] - Test Cases/My Stay And Reservations/C751_MyStayAndReservations_Current tab_UpcomingReservations: Test Cases/My Stay And Reservations/C751_MyStayAndReservations_Current tab_UpcomingReservations FAILED.
Reason:
com.kms.katalon.core.exception.StepFailedException: Failed to check for element 'Object Repository/Repo/MyStay/android.widget.TextView - UPCOMING STAYS' exist
	at com.kms.katalon.core.mobile.keyword.internal.MobileKeywordMain.stepFailed(MobileKeywordMain.groovy:64)
	at com.kms.katalon.core.mobile.keyword.internal.MobileKeywordMain.runKeyword(MobileKeywordMain.groovy:34)
	at com.kms.katalon.core.mobile.keyword.builtin.VerifyElementExistKeyword.verifyElementExist(VerifyElementExistKeyword.groovy:51)
	at com.kms.katalon.core.mobile.keyword.builtin.VerifyElementExistKeyword.execute(VerifyElementExistKeyword.groovy:35)
	at com.kms.katalon.core.keyword.internal.KeywordExecutor.executeKeywordForPlatform(KeywordExecutor.groovy:74)
	at com.kms.katalon.core.mobile.keyword.MobileBuiltInKeywords.verifyElementExist(MobileBuiltInKeywords.groovy:1726)
	at C751_MyStayAndReservations_Current tab_UpcomingReservations.run(C751_MyStayAndReservations_Current tab_UpcomingReservations:70)
	at com.kms.katalon.core.main.ScriptEngine.run(ScriptEngine.java:194)
	at com.kms.katalon.core.main.ScriptEngine.runScriptAsRawText(ScriptEngine.java:119)
	at com.kms.katalon.core.main.TestCaseExecutor.runScript(TestCaseExecutor.java:448)
	at com.kms.katalon.core.main.TestCaseExecutor.doExecute(TestCaseExecutor.java:439)
	at com.kms.katalon.core.main.TestCaseExecutor.processExecutionPhase(TestCaseExecutor.java:418)
	at com.kms.katalon.core.main.TestCaseExecutor.accessMainPhase(TestCaseExecutor.java:410)
	at com.kms.katalon.core.main.TestCaseExecutor.execute(TestCaseExecutor.java:285)
	at com.kms.katalon.core.common.CommonExecutor.accessTestCaseMainPhase(CommonExecutor.java:71)
	at com.kms.katalon.core.main.TestSuiteExecutor.accessTestSuiteMainPhase(TestSuiteExecutor.java:160)
	at com.kms.katalon.core.main.TestSuiteExecutor.execute(TestSuiteExecutor.java:107)
	at com.kms.katalon.core.main.TestCaseMain.startTestSuite(TestCaseMain.java:180)
	at TempTestSuite1745472255458.run(TempTestSuite1745472255458.groovy:35)
	at java.base/jdk.internal.reflect.NativeMethodAccessorImpl.invoke0(Native Method)
	at java.base/jdk.internal.reflect.NativeMethodAccessorImpl.invoke(NativeMethodAccessorImpl.java:77)
	at java.base/jdk.internal.reflect.DelegatingMethodAccessorImpl.invoke(DelegatingMethodAccessorImpl.java:43)
Caused by: com.kms.katalon.core.exception.StepFailedException: Element 'Object Repository/Repo/MyStay/android.widget.TextView - UPCOMING STAYS' not found
	at com.kms.katalon.core.mobile.keyword.internal.MobileKeywordMain.stepFailed(MobileKeywordMain.groovy:64)
	at com.kms.katalon.core.mobile.keyword.builtin.VerifyElementExistKeyword$_verifyElementExist_closure1.doCall(VerifyElementExistKeyword.groovy:48)
	at com.kms.katalon.core.mobile.keyword.builtin.VerifyElementExistKeyword$_verifyElementExist_closure1.call(VerifyElementExistKeyword.groovy)
	at com.kms.katalon.core.mobile.keyword.internal.MobileKeywordMain.runKeyword(MobileKeywordMain.groovy:30)
	... 20 more]]></system-err>
      </testcase>
      <testcase name="Test Cases/My Stay And Reservations/C726_MyStayAndReservations_My Stay_PastStaysTab_NoStays" time="73.952" classname="Test Cases/My Stay And Reservations/C726_MyStayAndReservations_My Stay_PastStaysTab_NoStays" status="FAILED">
         <failure type="FAILED" message="Test Cases/My Stay And Reservations/C726_MyStayAndReservations_My Stay_PastStaysTab_NoStays FAILED.&#xa;Reason:&#xa;com.kms.katalon.core.exception.StepFailedException: Failed to set text into element&#xa;	at com.kms.katalon.core.mobile.keyword.internal.MobileKeywordMain.stepFailed(MobileKeywordMain.groovy:64)&#xa;	at com.kms.katalon.core.mobile.keyword.internal.MobileKeywordMain.runKeyword(MobileKeywordMain.groovy:34)&#xa;	at com.kms.katalon.core.mobile.keyword.builtin.SetTextKeyword.setText(SetTextKeyword.groovy:62)&#xa;	at com.kms.katalon.core.mobile.keyword.builtin.SetTextKeyword.execute(SetTextKeyword.groovy:42)&#xa;	at com.kms.katalon.core.keyword.internal.KeywordExecutor.executeKeywordForPlatform(KeywordExecutor.groovy:74)&#xa;	at com.kms.katalon.core.mobile.keyword.MobileBuiltInKeywords.setText(MobileBuiltInKeywords.groovy:1278)&#xa;	at C726_MyStayAndReservations_My Stay_PastStaysTab_NoStays.run(C726_MyStayAndReservations_My Stay_PastStaysTab_NoStays:28)&#xa;	at com.kms.katalon.core.main.ScriptEngine.run(ScriptEngine.java:194)&#xa;	at com.kms.katalon.core.main.ScriptEngine.runScriptAsRawText(ScriptEngine.java:119)&#xa;	at com.kms.katalon.core.main.TestCaseExecutor.runScript(TestCaseExecutor.java:448)&#xa;	at com.kms.katalon.core.main.TestCaseExecutor.doExecute(TestCaseExecutor.java:439)&#xa;	at com.kms.katalon.core.main.TestCaseExecutor.processExecutionPhase(TestCaseExecutor.java:418)&#xa;	at com.kms.katalon.core.main.TestCaseExecutor.accessMainPhase(TestCaseExecutor.java:410)&#xa;	at com.kms.katalon.core.main.TestCaseExecutor.execute(TestCaseExecutor.java:285)&#xa;	at com.kms.katalon.core.common.CommonExecutor.accessTestCaseMainPhase(CommonExecutor.java:71)&#xa;	at com.kms.katalon.core.main.TestSuiteExecutor.accessTestSuiteMainPhase(TestSuiteExecutor.java:160)&#xa;	at com.kms.katalon.core.main.TestSuiteExecutor.execute(TestSuiteExecutor.java:107)&#xa;	at com.kms.katalon.core.main.TestCaseMain.startTestSuite(TestCaseMain.java:180)&#xa;	at TempTestSuite1745472255458.run(TempTestSuite1745472255458.groovy:35)&#xa;	at java.base/jdk.internal.reflect.NativeMethodAccessorImpl.invoke0(Native Method)&#xa;	at java.base/jdk.internal.reflect.NativeMethodAccessorImpl.invoke(NativeMethodAccessorImpl.java:77)&#xa;	at java.base/jdk.internal.reflect.DelegatingMethodAccessorImpl.invoke(DelegatingMethodAccessorImpl.java:43)&#xa;Caused by: com.kms.katalon.core.exception.StepFailedException: Object Object Repository/Repo/MyStay/android.widget.EditText not found&#xa;	at com.kms.katalon.core.mobile.keyword.internal.MobileKeywordMain.stepFailed(MobileKeywordMain.groovy:64)&#xa;	at com.kms.katalon.core.mobile.keyword.builtin.SetTextKeyword$_setText_closure1.doCall(SetTextKeyword.groovy:52)&#xa;	at com.kms.katalon.core.mobile.keyword.builtin.SetTextKeyword$_setText_closure1.call(SetTextKeyword.groovy)&#xa;	at com.kms.katalon.core.mobile.keyword.internal.MobileKeywordMain.runKeyword(MobileKeywordMain.groovy:30)&#xa;	... 20 more&#xa;"/>
         <system-out><![CDATA[24-04-2025T11:58:30 - [TEST_CASE][FAILED] - Test Cases/My Stay And Reservations/C726_MyStayAndReservations_My Stay_PastStaysTab_NoStays: Test Cases/My Stay And Reservations/C726_MyStayAndReservations_My Stay_PastStaysTab_NoStays FAILED.
Reason:
com.kms.katalon.core.exception.StepFailedException: Failed to set text into element
	at com.kms.katalon.core.mobile.keyword.internal.MobileKeywordMain.stepFailed(MobileKeywordMain.groovy:64)
	at com.kms.katalon.core.mobile.keyword.internal.MobileKeywordMain.runKeyword(MobileKeywordMain.groovy:34)
	at com.kms.katalon.core.mobile.keyword.builtin.SetTextKeyword.setText(SetTextKeyword.groovy:62)
	at com.kms.katalon.core.mobile.keyword.builtin.SetTextKeyword.execute(SetTextKeyword.groovy:42)
	at com.kms.katalon.core.keyword.internal.KeywordExecutor.executeKeywordForPlatform(KeywordExecutor.groovy:74)
	at com.kms.katalon.core.mobile.keyword.MobileBuiltInKeywords.setText(MobileBuiltInKeywords.groovy:1278)
	at C726_MyStayAndReservations_My Stay_PastStaysTab_NoStays.run(C726_MyStayAndReservations_My Stay_PastStaysTab_NoStays:28)
	at com.kms.katalon.core.main.ScriptEngine.run(ScriptEngine.java:194)
	at com.kms.katalon.core.main.ScriptEngine.runScriptAsRawText(ScriptEngine.java:119)
	at com.kms.katalon.core.main.TestCaseExecutor.runScript(TestCaseExecutor.java:448)
	at com.kms.katalon.core.main.TestCaseExecutor.doExecute(TestCaseExecutor.java:439)
	at com.kms.katalon.core.main.TestCaseExecutor.processExecutionPhase(TestCaseExecutor.java:418)
	at com.kms.katalon.core.main.TestCaseExecutor.accessMainPhase(TestCaseExecutor.java:410)
	at com.kms.katalon.core.main.TestCaseExecutor.execute(TestCaseExecutor.java:285)
	at com.kms.katalon.core.common.CommonExecutor.accessTestCaseMainPhase(CommonExecutor.java:71)
	at com.kms.katalon.core.main.TestSuiteExecutor.accessTestSuiteMainPhase(TestSuiteExecutor.java:160)
	at com.kms.katalon.core.main.TestSuiteExecutor.execute(TestSuiteExecutor.java:107)
	at com.kms.katalon.core.main.TestCaseMain.startTestSuite(TestCaseMain.java:180)
	at TempTestSuite1745472255458.run(TempTestSuite1745472255458.groovy:35)
	at java.base/jdk.internal.reflect.NativeMethodAccessorImpl.invoke0(Native Method)
	at java.base/jdk.internal.reflect.NativeMethodAccessorImpl.invoke(NativeMethodAccessorImpl.java:77)
	at java.base/jdk.internal.reflect.DelegatingMethodAccessorImpl.invoke(DelegatingMethodAccessorImpl.java:43)
Caused by: com.kms.katalon.core.exception.StepFailedException: Object Object Repository/Repo/MyStay/android.widget.EditText not found
	at com.kms.katalon.core.mobile.keyword.internal.MobileKeywordMain.stepFailed(MobileKeywordMain.groovy:64)
	at com.kms.katalon.core.mobile.keyword.builtin.SetTextKeyword$_setText_closure1.doCall(SetTextKeyword.groovy:52)
	at com.kms.katalon.core.mobile.keyword.builtin.SetTextKeyword$_setText_closure1.call(SetTextKeyword.groovy)
	at com.kms.katalon.core.mobile.keyword.internal.MobileKeywordMain.runKeyword(MobileKeywordMain.groovy:30)
	... 20 more


24-04-2025T11:58:30 - [TEST_STEP][PASSED] - testData = findTestData("Data Files/C726"): null

24-04-2025T11:58:30 - [TEST_STEP][PASSED] - username = testData.getValue("username", 1): null

24-04-2025T11:58:30 - [TEST_STEP][PASSED] - password = testData.getValue("password", 1): null

24-04-2025T11:58:30 - [TEST_STEP][PASSED] - startApplication(appUrl, true): Started application: '/Users/gv.vignesh/Downloads/WGR-Android-Automation/App Folder/app-debug-Version 2.99.68.apk'

24-04-2025T11:58:30 - [MESSAGE][INFO] - Starting application: '/Users/gv.vignesh/Downloads/WGR-Android-Automation/App Folder/app-debug-Version 2.99.68.apk'

24-04-2025T11:58:30 - [MESSAGE][INFO] - User set preference: ['uiautomator2ServerInstallTimeout', '0']

24-04-2025T11:58:30 - [MESSAGE][INFO] - User set preference: ['deviceId', '']

24-04-2025T11:58:48 - [MESSAGE][PASSED] - Started application: '/Users/gv.vignesh/Downloads/WGR-Android-Automation/App Folder/app-debug-Version 2.99.68.apk'

24-04-2025T11:58:48 - [TEST_STEP][PASSED] - delay(10): Delayed 10 second(s)

24-04-2025T11:58:58 - [MESSAGE][PASSED] - Delayed 10 second(s)

24-04-2025T11:58:58 - [TEST_STEP][PASSED] - tap(findTestObject("Object Repository/Repo/MyStay/android.widget.Button - Login or Sign Up"), 0): Tapped on element 'Object Repository/Repo/MyStay/android.widget.Button - Login or Sign Up'

24-04-2025T11:58:58 - [MESSAGE][WARNING] - Timeout '0' is invalid. Using default page load timeout: '30'

24-04-2025T11:58:59 - [MESSAGE][PASSED] - Tapped on element 'Object Repository/Repo/MyStay/android.widget.Button - Login or Sign Up'

24-04-2025T11:58:59 - [TEST_STEP][PASSED] - delay(10): Delayed 10 second(s)

24-04-2025T11:59:09 - [MESSAGE][PASSED] - Delayed 10 second(s)

24-04-2025T11:59:09 - [TEST_STEP][FAILED] - setText(findTestObject("Object Repository/Repo/MyStay/android.widget.EditText"), username, 0): Failed to set text into element (Root cause: com.kms.katalon.core.exception.StepFailedException: Failed to set text into element
	at com.kms.katalon.core.mobile.keyword.internal.MobileKeywordMain.stepFailed(MobileKeywordMain.groovy:64)
	at com.kms.katalon.core.mobile.keyword.internal.MobileKeywordMain.runKeyword(MobileKeywordMain.groovy:34)
	at com.kms.katalon.core.mobile.keyword.builtin.SetTextKeyword.setText(SetTextKeyword.groovy:62)
	at com.kms.katalon.core.mobile.keyword.builtin.SetTextKeyword.execute(SetTextKeyword.groovy:42)
	at com.kms.katalon.core.keyword.internal.KeywordExecutor.executeKeywordForPlatform(KeywordExecutor.groovy:74)
	at com.kms.katalon.core.mobile.keyword.MobileBuiltInKeywords.setText(MobileBuiltInKeywords.groovy:1278)
	at C726_MyStayAndReservations_My Stay_PastStaysTab_NoStays.run(C726_MyStayAndReservations_My Stay_PastStaysTab_NoStays:28)
	at com.kms.katalon.core.main.ScriptEngine.run(ScriptEngine.java:194)
	at com.kms.katalon.core.main.ScriptEngine.runScriptAsRawText(ScriptEngine.java:119)
	at com.kms.katalon.core.main.TestCaseExecutor.runScript(TestCaseExecutor.java:448)
	at com.kms.katalon.core.main.TestCaseExecutor.doExecute(TestCaseExecutor.java:439)
	at com.kms.katalon.core.main.TestCaseExecutor.processExecutionPhase(TestCaseExecutor.java:418)
	at com.kms.katalon.core.main.TestCaseExecutor.accessMainPhase(TestCaseExecutor.java:410)
	at com.kms.katalon.core.main.TestCaseExecutor.execute(TestCaseExecutor.java:285)
	at com.kms.katalon.core.common.CommonExecutor.accessTestCaseMainPhase(CommonExecutor.java:71)
	at com.kms.katalon.core.main.TestSuiteExecutor.accessTestSuiteMainPhase(TestSuiteExecutor.java:160)
	at com.kms.katalon.core.main.TestSuiteExecutor.execute(TestSuiteExecutor.java:107)
	at com.kms.katalon.core.main.TestCaseMain.startTestSuite(TestCaseMain.java:180)
	at TempTestSuite1745472255458.run(TempTestSuite1745472255458.groovy:35)
	at java.base/jdk.internal.reflect.NativeMethodAccessorImpl.invoke0(Native Method)
	at java.base/jdk.internal.reflect.NativeMethodAccessorImpl.invoke(NativeMethodAccessorImpl.java:77)
	at java.base/jdk.internal.reflect.DelegatingMethodAccessorImpl.invoke(DelegatingMethodAccessorImpl.java:43)
Caused by: com.kms.katalon.core.exception.StepFailedException: Object Object Repository/Repo/MyStay/android.widget.EditText not found
	at com.kms.katalon.core.mobile.keyword.internal.MobileKeywordMain.stepFailed(MobileKeywordMain.groovy:64)
	at com.kms.katalon.core.mobile.keyword.builtin.SetTextKeyword$_setText_closure1.doCall(SetTextKeyword.groovy:52)
	at com.kms.katalon.core.mobile.keyword.builtin.SetTextKeyword$_setText_closure1.call(SetTextKeyword.groovy)
	at com.kms.katalon.core.mobile.keyword.internal.MobileKeywordMain.runKeyword(MobileKeywordMain.groovy:30)
	... 20 more
)

24-04-2025T11:59:09 - [MESSAGE][WARNING] - Timeout '0' is invalid. Using default page load timeout: '30'

24-04-2025T11:59:42 - [MESSAGE][FAILED] - Object Object Repository/Repo/MyStay/android.widget.EditText not found (Root cause: com.kms.katalon.core.exception.StepFailedException: Object Object Repository/Repo/MyStay/android.widget.EditText not found
	at com.kms.katalon.core.mobile.keyword.internal.MobileKeywordMain.stepFailed(MobileKeywordMain.groovy:64)
	at com.kms.katalon.core.mobile.keyword.builtin.SetTextKeyword$_setText_closure1.doCall(SetTextKeyword.groovy:52)
	at com.kms.katalon.core.mobile.keyword.builtin.SetTextKeyword$_setText_closure1.call(SetTextKeyword.groovy)
	at com.kms.katalon.core.mobile.keyword.internal.MobileKeywordMain.runKeyword(MobileKeywordMain.groovy:30)
	at com.kms.katalon.core.mobile.keyword.builtin.SetTextKeyword.setText(SetTextKeyword.groovy:62)
	at com.kms.katalon.core.mobile.keyword.builtin.SetTextKeyword.execute(SetTextKeyword.groovy:42)
	at com.kms.katalon.core.keyword.internal.KeywordExecutor.executeKeywordForPlatform(KeywordExecutor.groovy:74)
	at com.kms.katalon.core.mobile.keyword.MobileBuiltInKeywords.setText(MobileBuiltInKeywords.groovy:1278)
	at C726_MyStayAndReservations_My Stay_PastStaysTab_NoStays.run(C726_MyStayAndReservations_My Stay_PastStaysTab_NoStays:28)
	at com.kms.katalon.core.main.ScriptEngine.run(ScriptEngine.java:194)
	at com.kms.katalon.core.main.ScriptEngine.runScriptAsRawText(ScriptEngine.java:119)
	at com.kms.katalon.core.main.TestCaseExecutor.runScript(TestCaseExecutor.java:448)
	at com.kms.katalon.core.main.TestCaseExecutor.doExecute(TestCaseExecutor.java:439)
	at com.kms.katalon.core.main.TestCaseExecutor.processExecutionPhase(TestCaseExecutor.java:418)
	at com.kms.katalon.core.main.TestCaseExecutor.accessMainPhase(TestCaseExecutor.java:410)
	at com.kms.katalon.core.main.TestCaseExecutor.execute(TestCaseExecutor.java:285)
	at com.kms.katalon.core.common.CommonExecutor.accessTestCaseMainPhase(CommonExecutor.java:71)
	at com.kms.katalon.core.main.TestSuiteExecutor.accessTestSuiteMainPhase(TestSuiteExecutor.java:160)
	at com.kms.katalon.core.main.TestSuiteExecutor.execute(TestSuiteExecutor.java:107)
	at com.kms.katalon.core.main.TestCaseMain.startTestSuite(TestCaseMain.java:180)
	at TempTestSuite1745472255458.run(TempTestSuite1745472255458.groovy:35)
	at java.base/jdk.internal.reflect.NativeMethodAccessorImpl.invoke0(Native Method)
	at java.base/jdk.internal.reflect.NativeMethodAccessorImpl.invoke(NativeMethodAccessorImpl.java:77)
	at java.base/jdk.internal.reflect.DelegatingMethodAccessorImpl.invoke(DelegatingMethodAccessorImpl.java:43)
)
[[ATTACHMENT|/Users/gv.vignesh/Downloads/WGR-Android-Automation/Reports/20250424_105415/Android Regression/20250424_105415/1745476179752.png]]

24-04-2025T11:59:44 - [MESSAGE][FAILED] - Failed to set text into element (Root cause: com.kms.katalon.core.exception.StepFailedException: Failed to set text into element
	at com.kms.katalon.core.mobile.keyword.internal.MobileKeywordMain.stepFailed(MobileKeywordMain.groovy:64)
	at com.kms.katalon.core.mobile.keyword.internal.MobileKeywordMain.runKeyword(MobileKeywordMain.groovy:34)
	at com.kms.katalon.core.mobile.keyword.builtin.SetTextKeyword.setText(SetTextKeyword.groovy:62)
	at com.kms.katalon.core.mobile.keyword.builtin.SetTextKeyword.execute(SetTextKeyword.groovy:42)
	at com.kms.katalon.core.keyword.internal.KeywordExecutor.executeKeywordForPlatform(KeywordExecutor.groovy:74)
	at com.kms.katalon.core.mobile.keyword.MobileBuiltInKeywords.setText(MobileBuiltInKeywords.groovy:1278)
	at C726_MyStayAndReservations_My Stay_PastStaysTab_NoStays.run(C726_MyStayAndReservations_My Stay_PastStaysTab_NoStays:28)
	at com.kms.katalon.core.main.ScriptEngine.run(ScriptEngine.java:194)
	at com.kms.katalon.core.main.ScriptEngine.runScriptAsRawText(ScriptEngine.java:119)
	at com.kms.katalon.core.main.TestCaseExecutor.runScript(TestCaseExecutor.java:448)
	at com.kms.katalon.core.main.TestCaseExecutor.doExecute(TestCaseExecutor.java:439)
	at com.kms.katalon.core.main.TestCaseExecutor.processExecutionPhase(TestCaseExecutor.java:418)
	at com.kms.katalon.core.main.TestCaseExecutor.accessMainPhase(TestCaseExecutor.java:410)
	at com.kms.katalon.core.main.TestCaseExecutor.execute(TestCaseExecutor.java:285)
	at com.kms.katalon.core.common.CommonExecutor.accessTestCaseMainPhase(CommonExecutor.java:71)
	at com.kms.katalon.core.main.TestSuiteExecutor.accessTestSuiteMainPhase(TestSuiteExecutor.java:160)
	at com.kms.katalon.core.main.TestSuiteExecutor.execute(TestSuiteExecutor.java:107)
	at com.kms.katalon.core.main.TestCaseMain.startTestSuite(TestCaseMain.java:180)
	at TempTestSuite1745472255458.run(TempTestSuite1745472255458.groovy:35)
	at java.base/jdk.internal.reflect.NativeMethodAccessorImpl.invoke0(Native Method)
	at java.base/jdk.internal.reflect.NativeMethodAccessorImpl.invoke(NativeMethodAccessorImpl.java:77)
	at java.base/jdk.internal.reflect.DelegatingMethodAccessorImpl.invoke(DelegatingMethodAccessorImpl.java:43)
Caused by: com.kms.katalon.core.exception.StepFailedException: Object Object Repository/Repo/MyStay/android.widget.EditText not found
	at com.kms.katalon.core.mobile.keyword.internal.MobileKeywordMain.stepFailed(MobileKeywordMain.groovy:64)
	at com.kms.katalon.core.mobile.keyword.builtin.SetTextKeyword$_setText_closure1.doCall(SetTextKeyword.groovy:52)
	at com.kms.katalon.core.mobile.keyword.builtin.SetTextKeyword$_setText_closure1.call(SetTextKeyword.groovy)
	at com.kms.katalon.core.mobile.keyword.internal.MobileKeywordMain.runKeyword(MobileKeywordMain.groovy:30)
	... 20 more
)
[[ATTACHMENT|/Users/gv.vignesh/Downloads/WGR-Android-Automation/Reports/20250424_105415/Android Regression/20250424_105415/1745476182460.png]]]]></system-out>
         <system-err><![CDATA[24-04-2025T11:58:30 - [TEST_CASE][FAILED] - Test Cases/My Stay And Reservations/C726_MyStayAndReservations_My Stay_PastStaysTab_NoStays: Test Cases/My Stay And Reservations/C726_MyStayAndReservations_My Stay_PastStaysTab_NoStays FAILED.
Reason:
com.kms.katalon.core.exception.StepFailedException: Failed to set text into element
	at com.kms.katalon.core.mobile.keyword.internal.MobileKeywordMain.stepFailed(MobileKeywordMain.groovy:64)
	at com.kms.katalon.core.mobile.keyword.internal.MobileKeywordMain.runKeyword(MobileKeywordMain.groovy:34)
	at com.kms.katalon.core.mobile.keyword.builtin.SetTextKeyword.setText(SetTextKeyword.groovy:62)
	at com.kms.katalon.core.mobile.keyword.builtin.SetTextKeyword.execute(SetTextKeyword.groovy:42)
	at com.kms.katalon.core.keyword.internal.KeywordExecutor.executeKeywordForPlatform(KeywordExecutor.groovy:74)
	at com.kms.katalon.core.mobile.keyword.MobileBuiltInKeywords.setText(MobileBuiltInKeywords.groovy:1278)
	at C726_MyStayAndReservations_My Stay_PastStaysTab_NoStays.run(C726_MyStayAndReservations_My Stay_PastStaysTab_NoStays:28)
	at com.kms.katalon.core.main.ScriptEngine.run(ScriptEngine.java:194)
	at com.kms.katalon.core.main.ScriptEngine.runScriptAsRawText(ScriptEngine.java:119)
	at com.kms.katalon.core.main.TestCaseExecutor.runScript(TestCaseExecutor.java:448)
	at com.kms.katalon.core.main.TestCaseExecutor.doExecute(TestCaseExecutor.java:439)
	at com.kms.katalon.core.main.TestCaseExecutor.processExecutionPhase(TestCaseExecutor.java:418)
	at com.kms.katalon.core.main.TestCaseExecutor.accessMainPhase(TestCaseExecutor.java:410)
	at com.kms.katalon.core.main.TestCaseExecutor.execute(TestCaseExecutor.java:285)
	at com.kms.katalon.core.common.CommonExecutor.accessTestCaseMainPhase(CommonExecutor.java:71)
	at com.kms.katalon.core.main.TestSuiteExecutor.accessTestSuiteMainPhase(TestSuiteExecutor.java:160)
	at com.kms.katalon.core.main.TestSuiteExecutor.execute(TestSuiteExecutor.java:107)
	at com.kms.katalon.core.main.TestCaseMain.startTestSuite(TestCaseMain.java:180)
	at TempTestSuite1745472255458.run(TempTestSuite1745472255458.groovy:35)
	at java.base/jdk.internal.reflect.NativeMethodAccessorImpl.invoke0(Native Method)
	at java.base/jdk.internal.reflect.NativeMethodAccessorImpl.invoke(NativeMethodAccessorImpl.java:77)
	at java.base/jdk.internal.reflect.DelegatingMethodAccessorImpl.invoke(DelegatingMethodAccessorImpl.java:43)
Caused by: com.kms.katalon.core.exception.StepFailedException: Object Object Repository/Repo/MyStay/android.widget.EditText not found
	at com.kms.katalon.core.mobile.keyword.internal.MobileKeywordMain.stepFailed(MobileKeywordMain.groovy:64)
	at com.kms.katalon.core.mobile.keyword.builtin.SetTextKeyword$_setText_closure1.doCall(SetTextKeyword.groovy:52)
	at com.kms.katalon.core.mobile.keyword.builtin.SetTextKeyword$_setText_closure1.call(SetTextKeyword.groovy)
	at com.kms.katalon.core.mobile.keyword.internal.MobileKeywordMain.runKeyword(MobileKeywordMain.groovy:30)
	... 20 more]]></system-err>
      </testcase>
      <testcase name="Test Cases/My Stay And Reservations/WRMA-293_MyStayAndReservations_Error_ReservationsNotLoading_current stays" time="42.18" classname="Test Cases/My Stay And Reservations/WRMA-293_MyStayAndReservations_Error_ReservationsNotLoading_current stays" status="FAILED">
         <failure type="FAILED" message="Test Cases/My Stay And Reservations/WRMA-293_MyStayAndReservations_Error_ReservationsNotLoading_current stays FAILED.&#xa;Reason:&#xa;com.kms.katalon.core.exception.StepFailedException: Failed to set text into element&#xa;	at com.kms.katalon.core.mobile.keyword.internal.MobileKeywordMain.stepFailed(MobileKeywordMain.groovy:64)&#xa;	at com.kms.katalon.core.mobile.keyword.internal.MobileKeywordMain.runKeyword(MobileKeywordMain.groovy:34)&#xa;	at com.kms.katalon.core.mobile.keyword.builtin.SetTextKeyword.setText(SetTextKeyword.groovy:62)&#xa;	at com.kms.katalon.core.mobile.keyword.builtin.SetTextKeyword.execute(SetTextKeyword.groovy:42)&#xa;	at com.kms.katalon.core.keyword.internal.KeywordExecutor.executeKeywordForPlatform(KeywordExecutor.groovy:74)&#xa;	at com.kms.katalon.core.mobile.keyword.MobileBuiltInKeywords.setText(MobileBuiltInKeywords.groovy:1278)&#xa;	at WRMA-293_MyStayAndReservations_Error_ReservationsNotLoading_current stays.run(WRMA-293_MyStayAndReservations_Error_ReservationsNotLoading_current stays:58)&#xa;	at com.kms.katalon.core.main.ScriptEngine.run(ScriptEngine.java:194)&#xa;	at com.kms.katalon.core.main.ScriptEngine.runScriptAsRawText(ScriptEngine.java:119)&#xa;	at com.kms.katalon.core.main.TestCaseExecutor.runScript(TestCaseExecutor.java:448)&#xa;	at com.kms.katalon.core.main.TestCaseExecutor.doExecute(TestCaseExecutor.java:439)&#xa;	at com.kms.katalon.core.main.TestCaseExecutor.processExecutionPhase(TestCaseExecutor.java:418)&#xa;	at com.kms.katalon.core.main.TestCaseExecutor.accessMainPhase(TestCaseExecutor.java:410)&#xa;	at com.kms.katalon.core.main.TestCaseExecutor.execute(TestCaseExecutor.java:285)&#xa;	at com.kms.katalon.core.common.CommonExecutor.accessTestCaseMainPhase(CommonExecutor.java:71)&#xa;	at com.kms.katalon.core.main.TestSuiteExecutor.accessTestSuiteMainPhase(TestSuiteExecutor.java:160)&#xa;	at com.kms.katalon.core.main.TestSuiteExecutor.execute(TestSuiteExecutor.java:107)&#xa;	at com.kms.katalon.core.main.TestCaseMain.startTestSuite(TestCaseMain.java:180)&#xa;	at TempTestSuite1745472255458.run(TempTestSuite1745472255458.groovy:35)&#xa;	at java.base/jdk.internal.reflect.NativeMethodAccessorImpl.invoke0(Native Method)&#xa;	at java.base/jdk.internal.reflect.NativeMethodAccessorImpl.invoke(NativeMethodAccessorImpl.java:77)&#xa;	at java.base/jdk.internal.reflect.DelegatingMethodAccessorImpl.invoke(DelegatingMethodAccessorImpl.java:43)&#xa;Caused by: java.lang.IllegalArgumentException: Object is null&#xa;	at com.kms.katalon.core.helper.KeywordHelper.checkTestObjectParameter(KeywordHelper.java:33)&#xa;	at com.kms.katalon.core.mobile.keyword.builtin.SetTextKeyword$_setText_closure1.doCall(SetTextKeyword.groovy:48)&#xa;	at com.kms.katalon.core.mobile.keyword.builtin.SetTextKeyword$_setText_closure1.call(SetTextKeyword.groovy)&#xa;	at com.kms.katalon.core.mobile.keyword.internal.MobileKeywordMain.runKeyword(MobileKeywordMain.groovy:30)&#xa;	... 20 more&#xa;"/>
         <system-out><![CDATA[24-04-2025T11:59:44 - [TEST_CASE][FAILED] - Test Cases/My Stay And Reservations/WRMA-293_MyStayAndReservations_Error_ReservationsNotLoading_current stays: Test Cases/My Stay And Reservations/WRMA-293_MyStayAndReservations_Error_ReservationsNotLoading_current stays FAILED.
Reason:
com.kms.katalon.core.exception.StepFailedException: Failed to set text into element
	at com.kms.katalon.core.mobile.keyword.internal.MobileKeywordMain.stepFailed(MobileKeywordMain.groovy:64)
	at com.kms.katalon.core.mobile.keyword.internal.MobileKeywordMain.runKeyword(MobileKeywordMain.groovy:34)
	at com.kms.katalon.core.mobile.keyword.builtin.SetTextKeyword.setText(SetTextKeyword.groovy:62)
	at com.kms.katalon.core.mobile.keyword.builtin.SetTextKeyword.execute(SetTextKeyword.groovy:42)
	at com.kms.katalon.core.keyword.internal.KeywordExecutor.executeKeywordForPlatform(KeywordExecutor.groovy:74)
	at com.kms.katalon.core.mobile.keyword.MobileBuiltInKeywords.setText(MobileBuiltInKeywords.groovy:1278)
	at WRMA-293_MyStayAndReservations_Error_ReservationsNotLoading_current stays.run(WRMA-293_MyStayAndReservations_Error_ReservationsNotLoading_current stays:58)
	at com.kms.katalon.core.main.ScriptEngine.run(ScriptEngine.java:194)
	at com.kms.katalon.core.main.ScriptEngine.runScriptAsRawText(ScriptEngine.java:119)
	at com.kms.katalon.core.main.TestCaseExecutor.runScript(TestCaseExecutor.java:448)
	at com.kms.katalon.core.main.TestCaseExecutor.doExecute(TestCaseExecutor.java:439)
	at com.kms.katalon.core.main.TestCaseExecutor.processExecutionPhase(TestCaseExecutor.java:418)
	at com.kms.katalon.core.main.TestCaseExecutor.accessMainPhase(TestCaseExecutor.java:410)
	at com.kms.katalon.core.main.TestCaseExecutor.execute(TestCaseExecutor.java:285)
	at com.kms.katalon.core.common.CommonExecutor.accessTestCaseMainPhase(CommonExecutor.java:71)
	at com.kms.katalon.core.main.TestSuiteExecutor.accessTestSuiteMainPhase(TestSuiteExecutor.java:160)
	at com.kms.katalon.core.main.TestSuiteExecutor.execute(TestSuiteExecutor.java:107)
	at com.kms.katalon.core.main.TestCaseMain.startTestSuite(TestCaseMain.java:180)
	at TempTestSuite1745472255458.run(TempTestSuite1745472255458.groovy:35)
	at java.base/jdk.internal.reflect.NativeMethodAccessorImpl.invoke0(Native Method)
	at java.base/jdk.internal.reflect.NativeMethodAccessorImpl.invoke(NativeMethodAccessorImpl.java:77)
	at java.base/jdk.internal.reflect.DelegatingMethodAccessorImpl.invoke(DelegatingMethodAccessorImpl.java:43)
Caused by: java.lang.IllegalArgumentException: Object is null
	at com.kms.katalon.core.helper.KeywordHelper.checkTestObjectParameter(KeywordHelper.java:33)
	at com.kms.katalon.core.mobile.keyword.builtin.SetTextKeyword$_setText_closure1.doCall(SetTextKeyword.groovy:48)
	at com.kms.katalon.core.mobile.keyword.builtin.SetTextKeyword$_setText_closure1.call(SetTextKeyword.groovy)
	at com.kms.katalon.core.mobile.keyword.internal.MobileKeywordMain.runKeyword(MobileKeywordMain.groovy:30)
	... 20 more


24-04-2025T11:59:44 - [TEST_STEP][PASSED] - testData = findTestData("Data Files/C790"): null

24-04-2025T11:59:44 - [TEST_STEP][PASSED] - email = testData.getValue("email", 1): null

24-04-2025T11:59:44 - [TEST_STEP][PASSED] - password = testData.getValue("password", 1): null

24-04-2025T11:59:44 - [TEST_STEP][PASSED] - startApplication(appUrl, true): Started application: '/Users/gv.vignesh/Downloads/WGR-Android-Automation/App Folder/app-debug-Version 2.99.68.apk'

24-04-2025T11:59:44 - [MESSAGE][INFO] - Starting application: '/Users/gv.vignesh/Downloads/WGR-Android-Automation/App Folder/app-debug-Version 2.99.68.apk'

24-04-2025T11:59:44 - [MESSAGE][INFO] - User set preference: ['uiautomator2ServerInstallTimeout', '0']

24-04-2025T11:59:44 - [MESSAGE][INFO] - User set preference: ['deviceId', '']

24-04-2025T12:00:03 - [MESSAGE][PASSED] - Started application: '/Users/gv.vignesh/Downloads/WGR-Android-Automation/App Folder/app-debug-Version 2.99.68.apk'

24-04-2025T12:00:03 - [TEST_STEP][PASSED] - delay(10): Delayed 10 second(s)

24-04-2025T12:00:13 - [MESSAGE][PASSED] - Delayed 10 second(s)

24-04-2025T12:00:13 - [TEST_STEP][PASSED] - tap(findTestObject("Object Repository/Repo/MyStay/android.widget.Button - Login or Sign Up (2)"), 0): Tapped on element 'Object Repository/Repo/MyStay/android.widget.Button - Login or Sign Up (2)'

24-04-2025T12:00:13 - [MESSAGE][WARNING] - Timeout '0' is invalid. Using default page load timeout: '30'

24-04-2025T12:00:14 - [MESSAGE][PASSED] - Tapped on element 'Object Repository/Repo/MyStay/android.widget.Button - Login or Sign Up (2)'

24-04-2025T12:00:14 - [TEST_STEP][PASSED] - delay(10): Delayed 10 second(s)

24-04-2025T12:00:24 - [MESSAGE][PASSED] - Delayed 10 second(s)

24-04-2025T12:00:24 - [TEST_STEP][FAILED] - setText(findTestObject("Object Repository/Repo/MyStay/android.widget.EditText (4)"), email, 0): Failed to set text into element (Root cause: com.kms.katalon.core.exception.StepFailedException: Failed to set text into element
	at com.kms.katalon.core.mobile.keyword.internal.MobileKeywordMain.stepFailed(MobileKeywordMain.groovy:64)
	at com.kms.katalon.core.mobile.keyword.internal.MobileKeywordMain.runKeyword(MobileKeywordMain.groovy:34)
	at com.kms.katalon.core.mobile.keyword.builtin.SetTextKeyword.setText(SetTextKeyword.groovy:62)
	at com.kms.katalon.core.mobile.keyword.builtin.SetTextKeyword.execute(SetTextKeyword.groovy:42)
	at com.kms.katalon.core.keyword.internal.KeywordExecutor.executeKeywordForPlatform(KeywordExecutor.groovy:74)
	at com.kms.katalon.core.mobile.keyword.MobileBuiltInKeywords.setText(MobileBuiltInKeywords.groovy:1278)
	at WRMA-293_MyStayAndReservations_Error_ReservationsNotLoading_current stays.run(WRMA-293_MyStayAndReservations_Error_ReservationsNotLoading_current stays:58)
	at com.kms.katalon.core.main.ScriptEngine.run(ScriptEngine.java:194)
	at com.kms.katalon.core.main.ScriptEngine.runScriptAsRawText(ScriptEngine.java:119)
	at com.kms.katalon.core.main.TestCaseExecutor.runScript(TestCaseExecutor.java:448)
	at com.kms.katalon.core.main.TestCaseExecutor.doExecute(TestCaseExecutor.java:439)
	at com.kms.katalon.core.main.TestCaseExecutor.processExecutionPhase(TestCaseExecutor.java:418)
	at com.kms.katalon.core.main.TestCaseExecutor.accessMainPhase(TestCaseExecutor.java:410)
	at com.kms.katalon.core.main.TestCaseExecutor.execute(TestCaseExecutor.java:285)
	at com.kms.katalon.core.common.CommonExecutor.accessTestCaseMainPhase(CommonExecutor.java:71)
	at com.kms.katalon.core.main.TestSuiteExecutor.accessTestSuiteMainPhase(TestSuiteExecutor.java:160)
	at com.kms.katalon.core.main.TestSuiteExecutor.execute(TestSuiteExecutor.java:107)
	at com.kms.katalon.core.main.TestCaseMain.startTestSuite(TestCaseMain.java:180)
	at TempTestSuite1745472255458.run(TempTestSuite1745472255458.groovy:35)
	at java.base/jdk.internal.reflect.NativeMethodAccessorImpl.invoke0(Native Method)
	at java.base/jdk.internal.reflect.NativeMethodAccessorImpl.invoke(NativeMethodAccessorImpl.java:77)
	at java.base/jdk.internal.reflect.DelegatingMethodAccessorImpl.invoke(DelegatingMethodAccessorImpl.java:43)
Caused by: java.lang.IllegalArgumentException: Object is null
	at com.kms.katalon.core.helper.KeywordHelper.checkTestObjectParameter(KeywordHelper.java:33)
	at com.kms.katalon.core.mobile.keyword.builtin.SetTextKeyword$_setText_closure1.doCall(SetTextKeyword.groovy:48)
	at com.kms.katalon.core.mobile.keyword.builtin.SetTextKeyword$_setText_closure1.call(SetTextKeyword.groovy)
	at com.kms.katalon.core.mobile.keyword.internal.MobileKeywordMain.runKeyword(MobileKeywordMain.groovy:30)
	at com.kms.katalon.core.mobile.keyword.builtin.SetTextKeyword.setText(SetTextKeyword.groovy:62)
	at com.kms.katalon.core.mobile.keyword.builtin.SetTextKeyword.execute(SetTextKeyword.groovy:42)
	at com.kms.katalon.core.keyword.internal.KeywordExecutor.executeKeywordForPlatform(KeywordExecutor.groovy:74)
	at com.kms.katalon.core.mobile.keyword.MobileBuiltInKeywords.setText(MobileBuiltInKeywords.groovy:1278)
	at Script1745306654776.run(Script1745306654776.groovy:58)
	... 15 more
)

24-04-2025T12:00:24 - [MESSAGE][WARNING] - Test object with id 'Object Repository/Repo/MyStay/android.widget.EditText (4)' does not exist

24-04-2025T12:00:24 - [MESSAGE][WARNING] - Test object with id 'Object Repository/' does not exist

24-04-2025T12:00:26 - [MESSAGE][FAILED] - Failed to set text into element (Root cause: com.kms.katalon.core.exception.StepFailedException: Failed to set text into element
	at com.kms.katalon.core.mobile.keyword.internal.MobileKeywordMain.stepFailed(MobileKeywordMain.groovy:64)
	at com.kms.katalon.core.mobile.keyword.internal.MobileKeywordMain.runKeyword(MobileKeywordMain.groovy:34)
	at com.kms.katalon.core.mobile.keyword.builtin.SetTextKeyword.setText(SetTextKeyword.groovy:62)
	at com.kms.katalon.core.mobile.keyword.builtin.SetTextKeyword.execute(SetTextKeyword.groovy:42)
	at com.kms.katalon.core.keyword.internal.KeywordExecutor.executeKeywordForPlatform(KeywordExecutor.groovy:74)
	at com.kms.katalon.core.mobile.keyword.MobileBuiltInKeywords.setText(MobileBuiltInKeywords.groovy:1278)
	at WRMA-293_MyStayAndReservations_Error_ReservationsNotLoading_current stays.run(WRMA-293_MyStayAndReservations_Error_ReservationsNotLoading_current stays:58)
	at com.kms.katalon.core.main.ScriptEngine.run(ScriptEngine.java:194)
	at com.kms.katalon.core.main.ScriptEngine.runScriptAsRawText(ScriptEngine.java:119)
	at com.kms.katalon.core.main.TestCaseExecutor.runScript(TestCaseExecutor.java:448)
	at com.kms.katalon.core.main.TestCaseExecutor.doExecute(TestCaseExecutor.java:439)
	at com.kms.katalon.core.main.TestCaseExecutor.processExecutionPhase(TestCaseExecutor.java:418)
	at com.kms.katalon.core.main.TestCaseExecutor.accessMainPhase(TestCaseExecutor.java:410)
	at com.kms.katalon.core.main.TestCaseExecutor.execute(TestCaseExecutor.java:285)
	at com.kms.katalon.core.common.CommonExecutor.accessTestCaseMainPhase(CommonExecutor.java:71)
	at com.kms.katalon.core.main.TestSuiteExecutor.accessTestSuiteMainPhase(TestSuiteExecutor.java:160)
	at com.kms.katalon.core.main.TestSuiteExecutor.execute(TestSuiteExecutor.java:107)
	at com.kms.katalon.core.main.TestCaseMain.startTestSuite(TestCaseMain.java:180)
	at TempTestSuite1745472255458.run(TempTestSuite1745472255458.groovy:35)
	at java.base/jdk.internal.reflect.NativeMethodAccessorImpl.invoke0(Native Method)
	at java.base/jdk.internal.reflect.NativeMethodAccessorImpl.invoke(NativeMethodAccessorImpl.java:77)
	at java.base/jdk.internal.reflect.DelegatingMethodAccessorImpl.invoke(DelegatingMethodAccessorImpl.java:43)
Caused by: java.lang.IllegalArgumentException: Object is null
	at com.kms.katalon.core.helper.KeywordHelper.checkTestObjectParameter(KeywordHelper.java:33)
	at com.kms.katalon.core.mobile.keyword.builtin.SetTextKeyword$_setText_closure1.doCall(SetTextKeyword.groovy:48)
	at com.kms.katalon.core.mobile.keyword.builtin.SetTextKeyword$_setText_closure1.call(SetTextKeyword.groovy)
	at com.kms.katalon.core.mobile.keyword.internal.MobileKeywordMain.runKeyword(MobileKeywordMain.groovy:30)
	at com.kms.katalon.core.mobile.keyword.builtin.SetTextKeyword.setText(SetTextKeyword.groovy:62)
	at com.kms.katalon.core.mobile.keyword.builtin.SetTextKeyword.execute(SetTextKeyword.groovy:42)
	at com.kms.katalon.core.keyword.internal.KeywordExecutor.executeKeywordForPlatform(KeywordExecutor.groovy:74)
	at com.kms.katalon.core.mobile.keyword.MobileBuiltInKeywords.setText(MobileBuiltInKeywords.groovy:1278)
	at Script1745306654776.run(Script1745306654776.groovy:58)
	... 15 more
)
[[ATTACHMENT|/Users/gv.vignesh/Downloads/WGR-Android-Automation/Reports/20250424_105415/Android Regression/20250424_105415/1745476224147.png]]]]></system-out>
         <system-err><![CDATA[24-04-2025T11:59:44 - [TEST_CASE][FAILED] - Test Cases/My Stay And Reservations/WRMA-293_MyStayAndReservations_Error_ReservationsNotLoading_current stays: Test Cases/My Stay And Reservations/WRMA-293_MyStayAndReservations_Error_ReservationsNotLoading_current stays FAILED.
Reason:
com.kms.katalon.core.exception.StepFailedException: Failed to set text into element
	at com.kms.katalon.core.mobile.keyword.internal.MobileKeywordMain.stepFailed(MobileKeywordMain.groovy:64)
	at com.kms.katalon.core.mobile.keyword.internal.MobileKeywordMain.runKeyword(MobileKeywordMain.groovy:34)
	at com.kms.katalon.core.mobile.keyword.builtin.SetTextKeyword.setText(SetTextKeyword.groovy:62)
	at com.kms.katalon.core.mobile.keyword.builtin.SetTextKeyword.execute(SetTextKeyword.groovy:42)
	at com.kms.katalon.core.keyword.internal.KeywordExecutor.executeKeywordForPlatform(KeywordExecutor.groovy:74)
	at com.kms.katalon.core.mobile.keyword.MobileBuiltInKeywords.setText(MobileBuiltInKeywords.groovy:1278)
	at WRMA-293_MyStayAndReservations_Error_ReservationsNotLoading_current stays.run(WRMA-293_MyStayAndReservations_Error_ReservationsNotLoading_current stays:58)
	at com.kms.katalon.core.main.ScriptEngine.run(ScriptEngine.java:194)
	at com.kms.katalon.core.main.ScriptEngine.runScriptAsRawText(ScriptEngine.java:119)
	at com.kms.katalon.core.main.TestCaseExecutor.runScript(TestCaseExecutor.java:448)
	at com.kms.katalon.core.main.TestCaseExecutor.doExecute(TestCaseExecutor.java:439)
	at com.kms.katalon.core.main.TestCaseExecutor.processExecutionPhase(TestCaseExecutor.java:418)
	at com.kms.katalon.core.main.TestCaseExecutor.accessMainPhase(TestCaseExecutor.java:410)
	at com.kms.katalon.core.main.TestCaseExecutor.execute(TestCaseExecutor.java:285)
	at com.kms.katalon.core.common.CommonExecutor.accessTestCaseMainPhase(CommonExecutor.java:71)
	at com.kms.katalon.core.main.TestSuiteExecutor.accessTestSuiteMainPhase(TestSuiteExecutor.java:160)
	at com.kms.katalon.core.main.TestSuiteExecutor.execute(TestSuiteExecutor.java:107)
	at com.kms.katalon.core.main.TestCaseMain.startTestSuite(TestCaseMain.java:180)
	at TempTestSuite1745472255458.run(TempTestSuite1745472255458.groovy:35)
	at java.base/jdk.internal.reflect.NativeMethodAccessorImpl.invoke0(Native Method)
	at java.base/jdk.internal.reflect.NativeMethodAccessorImpl.invoke(NativeMethodAccessorImpl.java:77)
	at java.base/jdk.internal.reflect.DelegatingMethodAccessorImpl.invoke(DelegatingMethodAccessorImpl.java:43)
Caused by: java.lang.IllegalArgumentException: Object is null
	at com.kms.katalon.core.helper.KeywordHelper.checkTestObjectParameter(KeywordHelper.java:33)
	at com.kms.katalon.core.mobile.keyword.builtin.SetTextKeyword$_setText_closure1.doCall(SetTextKeyword.groovy:48)
	at com.kms.katalon.core.mobile.keyword.builtin.SetTextKeyword$_setText_closure1.call(SetTextKeyword.groovy)
	at com.kms.katalon.core.mobile.keyword.internal.MobileKeywordMain.runKeyword(MobileKeywordMain.groovy:30)
	... 20 more]]></system-err>
      </testcase>
      <testcase name="Test Cases/Add Account Number/WRMA-187_Add_Account_Number_Guest mode" time="264.752" classname="Test Cases/Add Account Number/WRMA-187_Add_Account_Number_Guest mode" status="PASSED">
         <system-out><![CDATA[24-04-2025T12:00:26 - [TEST_CASE][PASSED] - Test Cases/Add Account Number/WRMA-187_Add_Account_Number_Guest mode: Test Cases/Add Account Number/WRMA-187_Add_Account_Number_Guest mode

24-04-2025T12:00:26 - [TEST_STEP][PASSED] - testData = findTestData("Data Files/WRMA-187"): null

24-04-2025T12:00:26 - [TEST_STEP][PASSED] - email = testData.getValue("Email", 1): null

24-04-2025T12:00:26 - [TEST_STEP][PASSED] - password = testData.getValue("Password", 1): null

24-04-2025T12:00:26 - [TEST_STEP][PASSED] - startApplication(appUrl, true): Started application: '/Users/gv.vignesh/Downloads/WGR-Android-Automation/App Folder/app-debug-Version 2.99.68.apk'

24-04-2025T12:00:26 - [MESSAGE][INFO] - Starting application: '/Users/gv.vignesh/Downloads/WGR-Android-Automation/App Folder/app-debug-Version 2.99.68.apk'

24-04-2025T12:00:26 - [MESSAGE][INFO] - User set preference: ['uiautomator2ServerInstallTimeout', '0']

24-04-2025T12:00:26 - [MESSAGE][INFO] - User set preference: ['deviceId', '']

24-04-2025T12:00:44 - [MESSAGE][PASSED] - Started application: '/Users/gv.vignesh/Downloads/WGR-Android-Automation/App Folder/app-debug-Version 2.99.68.apk'

24-04-2025T12:00:44 - [TEST_STEP][PASSED] - delay(10): Delayed 10 second(s)

24-04-2025T12:00:54 - [MESSAGE][PASSED] - Delayed 10 second(s)

24-04-2025T12:00:54 - [TEST_STEP][PASSED] - tap(findTestObject("Object Repository/Repo/GuestUserMode/android.widget.TextView - Continue as a Guest"), 10): Tapped on element 'Object Repository/Repo/GuestUserMode/android.widget.TextView - Continue as a Guest'

24-04-2025T12:00:55 - [MESSAGE][PASSED] - Tapped on element 'Object Repository/Repo/GuestUserMode/android.widget.TextView - Continue as a Guest'

24-04-2025T12:00:55 - [TEST_STEP][PASSED] - delay(10): Delayed 10 second(s)

24-04-2025T12:01:05 - [MESSAGE][PASSED] - Delayed 10 second(s)

24-04-2025T12:01:05 - [TEST_STEP][PASSED] - scrollToText("recommended"): Scrolling to text 'recommended' successfully

24-04-2025T12:01:12 - [MESSAGE][PASSED] - Scrolling to text 'recommended' successfully

24-04-2025T12:01:12 - [TEST_STEP][PASSED] - delay(10): Delayed 10 second(s)

24-04-2025T12:01:22 - [MESSAGE][PASSED] - Delayed 10 second(s)

24-04-2025T12:01:22 - [TEST_STEP][PASSED] - tap(findTestObject("Object Repository/Repo/GuestUserMode/android.view.View - My Account"), 10): Tapped on element 'Object Repository/Repo/GuestUserMode/android.view.View - My Account'

24-04-2025T12:01:22 - [MESSAGE][PASSED] - Tapped on element 'Object Repository/Repo/GuestUserMode/android.view.View - My Account'

24-04-2025T12:01:22 - [TEST_STEP][PASSED] - delay(10): Delayed 10 second(s)

24-04-2025T12:01:32 - [MESSAGE][PASSED] - Delayed 10 second(s)

24-04-2025T12:01:32 - [TEST_STEP][PASSED] - assert waitForElementPresent(findTestObject("Object Repository/Repo/GuestUserMode/android.widget.TextView - My Account"), 10): Element 'Object Repository/Repo/GuestUserMode/android.widget.TextView - My Account' is present

24-04-2025T12:01:33 - [MESSAGE][PASSED] - Element 'Object Repository/Repo/GuestUserMode/android.widget.TextView - My Account' is present

24-04-2025T12:01:33 - [TEST_STEP][PASSED] - delay(5): Delayed 5 second(s)

24-04-2025T12:01:38 - [MESSAGE][PASSED] - Delayed 5 second(s)

24-04-2025T12:01:38 - [TEST_STEP][PASSED] - assert waitForElementPresent(findTestObject("Object Repository/Repo/GuestUserMode/android.widget.TextView - Create an OAM Account"), 10): Element 'Object Repository/Repo/GuestUserMode/android.widget.TextView - Create an OAM Account' is present

24-04-2025T12:01:38 - [MESSAGE][PASSED] - Element 'Object Repository/Repo/GuestUserMode/android.widget.TextView - Create an OAM Account' is present

24-04-2025T12:01:38 - [TEST_STEP][PASSED] - delay(5): Delayed 5 second(s)

24-04-2025T12:01:43 - [MESSAGE][PASSED] - Delayed 5 second(s)

24-04-2025T12:01:43 - [TEST_STEP][PASSED] - assert waitForElementPresent(findTestObject("Object Repository/Repo/GuestUserMode/android.widget.TextView - To access and manage your reservations and Online Account Manager, you must create a user profile or sign into an existing Westgate Online Account Management user profile"), 10): Element 'Object Repository/Repo/GuestUserMode/android.widget.TextView - To access and manage your reservations and Online Account Manager, you must create a user profile or sign into an existing Westgate Online Account Management user profile' is present

24-04-2025T12:01:44 - [MESSAGE][PASSED] - Element 'Object Repository/Repo/GuestUserMode/android.widget.TextView - To access and manage your reservations and Online Account Manager, you must create a user profile or sign into an existing Westgate Online Account Management user profile' is present

24-04-2025T12:01:44 - [TEST_STEP][PASSED] - delay(5): Delayed 5 second(s)

24-04-2025T12:01:49 - [MESSAGE][PASSED] - Delayed 5 second(s)

24-04-2025T12:01:49 - [TEST_STEP][PASSED] - getText(findTestObject("Object Repository/Repo/GuestUserMode/android.widget.TextView - To access and manage your reservations and Online Account Manager, you must create a user profile or sign into an existing Westgate Online Account Management user profile"), 10): Text of element 'Object Repository/Repo/GuestUserMode/android.widget.TextView - To access and manage your reservations and Online Account Manager, you must create a user profile or sign into an existing Westgate Online Account Management user profile' is: 'To access and manage your reservations and Online Account Manager, you must create a user profile or sign into an existing Westgate Online Account Management user profile.'

24-04-2025T12:01:49 - [MESSAGE][PASSED] - Text of element 'Object Repository/Repo/GuestUserMode/android.widget.TextView - To access and manage your reservations and Online Account Manager, you must create a user profile or sign into an existing Westgate Online Account Management user profile' is: 'To access and manage your reservations and Online Account Manager, you must create a user profile or sign into an existing Westgate Online Account Management user profile.'

24-04-2025T12:01:49 - [TEST_STEP][PASSED] - delay(5): Delayed 5 second(s)

24-04-2025T12:01:54 - [MESSAGE][PASSED] - Delayed 5 second(s)

24-04-2025T12:01:54 - [TEST_STEP][PASSED] - assert waitForElementPresent(findTestObject("Object Repository/Repo/GuestUserMode/android.widget.TextView - The Westgate Online Account Management System is your convenient resource to book reservations, manage payments, and keep your account up-to-date. Open 247"), 10): Element 'Object Repository/Repo/GuestUserMode/android.widget.TextView - The Westgate Online Account Management System is your convenient resource to book reservations, manage payments, and keep your account up-to-date. Open 247' is present

24-04-2025T12:01:55 - [MESSAGE][PASSED] - Element 'Object Repository/Repo/GuestUserMode/android.widget.TextView - The Westgate Online Account Management System is your convenient resource to book reservations, manage payments, and keep your account up-to-date. Open 247' is present

24-04-2025T12:01:55 - [TEST_STEP][PASSED] - delay(5): Delayed 5 second(s)

24-04-2025T12:02:00 - [MESSAGE][PASSED] - Delayed 5 second(s)

24-04-2025T12:02:00 - [TEST_STEP][PASSED] - getText(findTestObject("Object Repository/Repo/GuestUserMode/android.widget.TextView - The Westgate Online Account Management System is your convenient resource to book reservations, manage payments, and keep your account up-to-date. Open 247"), 10): Text of element 'Object Repository/Repo/GuestUserMode/android.widget.TextView - The Westgate Online Account Management System is your convenient resource to book reservations, manage payments, and keep your account up-to-date. Open 247' is: 'The Westgate Online Account Management System is your convenient resource to book reservations, manage payments, and keep your account up-to-date. Open 24/7.'

24-04-2025T12:02:00 - [MESSAGE][PASSED] - Text of element 'Object Repository/Repo/GuestUserMode/android.widget.TextView - The Westgate Online Account Management System is your convenient resource to book reservations, manage payments, and keep your account up-to-date. Open 247' is: 'The Westgate Online Account Management System is your convenient resource to book reservations, manage payments, and keep your account up-to-date. Open 24/7.'

24-04-2025T12:02:00 - [TEST_STEP][PASSED] - delay(5): Delayed 5 second(s)

24-04-2025T12:02:05 - [MESSAGE][PASSED] - Delayed 5 second(s)

24-04-2025T12:02:05 - [TEST_STEP][PASSED] - tap(findTestObject("Object Repository/Repo/GuestUserMode/android.view.View - Home"), 10): Tapped on element 'Object Repository/Repo/GuestUserMode/android.view.View - Home'

24-04-2025T12:02:06 - [MESSAGE][PASSED] - Tapped on element 'Object Repository/Repo/GuestUserMode/android.view.View - Home'

24-04-2025T12:02:06 - [TEST_STEP][PASSED] - delay(10): Delayed 10 second(s)

24-04-2025T12:02:16 - [MESSAGE][PASSED] - Delayed 10 second(s)

24-04-2025T12:02:16 - [TEST_STEP][PASSED] - tap(findTestObject("Object Repository/Repo/GuestUserMode/android.widget.TextView - Login"), 10): Tapped on element 'Object Repository/Repo/GuestUserMode/android.widget.TextView - Login'

24-04-2025T12:02:16 - [MESSAGE][PASSED] - Tapped on element 'Object Repository/Repo/GuestUserMode/android.widget.TextView - Login'

24-04-2025T12:02:16 - [TEST_STEP][PASSED] - delay(45): Delayed 45 second(s)

24-04-2025T12:03:01 - [MESSAGE][PASSED] - Delayed 45 second(s)

24-04-2025T12:03:01 - [TEST_STEP][PASSED] - setText(findTestObject("Object Repository/Repo/GuestUserMode/android.widget.EditText (2)"), email, 10): Text 'CGARNER024@GMAIL.COM' has been set to element 'Object Repository/Repo/GuestUserMode/android.widget.EditText (2)'

24-04-2025T12:03:02 - [MESSAGE][PASSED] - Text 'CGARNER024@GMAIL.COM' has been set to element 'Object Repository/Repo/GuestUserMode/android.widget.EditText (2)'

24-04-2025T12:03:02 - [TEST_STEP][PASSED] - hideKeyboard(): Keyboard is hidden

24-04-2025T12:03:04 - [MESSAGE][PASSED] - Keyboard is hidden

24-04-2025T12:03:04 - [TEST_STEP][PASSED] - delay(30): Delayed 30 second(s)

24-04-2025T12:03:34 - [MESSAGE][PASSED] - Delayed 30 second(s)

24-04-2025T12:03:34 - [TEST_STEP][PASSED] - setText(findTestObject("Object Repository/Repo/GuestUserMode/android.widget.EditText (1)"), password, 10): Text 'password' has been set to element 'Object Repository/Repo/GuestUserMode/android.widget.EditText (1)'

24-04-2025T12:03:35 - [MESSAGE][PASSED] - Text 'password' has been set to element 'Object Repository/Repo/GuestUserMode/android.widget.EditText (1)'

24-04-2025T12:03:35 - [TEST_STEP][PASSED] - hideKeyboard(): Keyboard is hidden

24-04-2025T12:03:37 - [MESSAGE][PASSED] - Keyboard is hidden

24-04-2025T12:03:37 - [TEST_STEP][PASSED] - delay(30): Delayed 30 second(s)

24-04-2025T12:04:07 - [MESSAGE][PASSED] - Delayed 30 second(s)

24-04-2025T12:04:07 - [TEST_STEP][PASSED] - tap(findTestObject("Object Repository/Repo/GuestUserMode/android.widget.Button - LOGIN (1)"), 10): Tapped on element 'Object Repository/Repo/GuestUserMode/android.widget.Button - LOGIN (1)'

24-04-2025T12:04:07 - [MESSAGE][PASSED] - Tapped on element 'Object Repository/Repo/GuestUserMode/android.widget.Button - LOGIN (1)'

24-04-2025T12:04:07 - [TEST_STEP][PASSED] - delay(20): Delayed 20 second(s)

24-04-2025T12:04:27 - [MESSAGE][PASSED] - Delayed 20 second(s)

24-04-2025T12:04:27 - [TEST_STEP][PASSED] - verifyElementExist(findTestObject("Object Repository/Repo/GuestUserMode/android.view.View - Home (1)"), 10): Element 'Object Repository/Repo/GuestUserMode/android.view.View - Home (1)' is exist

24-04-2025T12:04:28 - [MESSAGE][PASSED] - Element 'Object Repository/Repo/GuestUserMode/android.view.View - Home (1)' is exist

24-04-2025T12:04:28 - [TEST_STEP][PASSED] - delay(5): Delayed 5 second(s)

24-04-2025T12:04:33 - [MESSAGE][PASSED] - Delayed 5 second(s)

24-04-2025T12:04:33 - [TEST_STEP][PASSED] - verifyElementExist(findTestObject("Object Repository/Repo/GuestUserMode/android.view.View - My Stay"), 10): Element 'Object Repository/Repo/GuestUserMode/android.view.View - My Stay' is exist

24-04-2025T12:04:34 - [MESSAGE][PASSED] - Element 'Object Repository/Repo/GuestUserMode/android.view.View - My Stay' is exist

24-04-2025T12:04:34 - [TEST_STEP][PASSED] - delay(5): Delayed 5 second(s)

24-04-2025T12:04:39 - [MESSAGE][PASSED] - Delayed 5 second(s)

24-04-2025T12:04:39 - [TEST_STEP][PASSED] - verifyElementExist(findTestObject("Object Repository/Repo/GuestUserMode/android.view.View - My Account (1)"), 10): Element 'Object Repository/Repo/GuestUserMode/android.view.View - My Account (1)' is exist

24-04-2025T12:04:39 - [MESSAGE][PASSED] - Element 'Object Repository/Repo/GuestUserMode/android.view.View - My Account (1)' is exist

24-04-2025T12:04:39 - [TEST_STEP][PASSED] - delay(5): Delayed 5 second(s)

24-04-2025T12:04:44 - [MESSAGE][PASSED] - Delayed 5 second(s)

24-04-2025T12:04:44 - [TEST_STEP][PASSED] - assert verifyElementExist(findTestObject("Object Repository/Repo/GuestUserMode/android.view.View - Home (1)"), 10): Element 'Object Repository/Repo/GuestUserMode/android.view.View - Home (1)' is exist

24-04-2025T12:04:45 - [MESSAGE][PASSED] - Element 'Object Repository/Repo/GuestUserMode/android.view.View - Home (1)' is exist

24-04-2025T12:04:45 - [TEST_STEP][PASSED] - assert verifyElementExist(findTestObject("Object Repository/Repo/GuestUserMode/android.view.View - My Stay"), 10): Element 'Object Repository/Repo/GuestUserMode/android.view.View - My Stay' is exist

24-04-2025T12:04:45 - [MESSAGE][PASSED] - Element 'Object Repository/Repo/GuestUserMode/android.view.View - My Stay' is exist

24-04-2025T12:04:45 - [TEST_STEP][PASSED] - assert verifyElementExist(findTestObject("Object Repository/Repo/GuestUserMode/android.view.View - My Account (1)"), 10): Element 'Object Repository/Repo/GuestUserMode/android.view.View - My Account (1)' is exist

24-04-2025T12:04:45 - [MESSAGE][PASSED] - Element 'Object Repository/Repo/GuestUserMode/android.view.View - My Account (1)' is exist

24-04-2025T12:04:45 - [TEST_STEP][PASSED] - closeApplication(): Close app successfully

24-04-2025T12:04:51 - [MESSAGE][INFO] - The process with PID 9,232 wasnt terminated, error: {1}

24-04-2025T12:04:51 - [MESSAGE][PASSED] - Close app successfully]]></system-out>
         <system-err><![CDATA[]]></system-err>
      </testcase>
      <testcase name="Test Cases/Add Account Number/C710-C711_AddAccountNumber_Error)VOAUsers" time="75.215" classname="Test Cases/Add Account Number/C710-C711_AddAccountNumber_Error)VOAUsers" status="FAILED">
         <failure type="FAILED" message="Test Cases/Add Account Number/C710-C711_AddAccountNumber_Error)VOAUsers FAILED.&#xa;Reason:&#xa;com.kms.katalon.core.exception.StepFailedException: Failed to set text into element&#xa;	at com.kms.katalon.core.mobile.keyword.internal.MobileKeywordMain.stepFailed(MobileKeywordMain.groovy:64)&#xa;	at com.kms.katalon.core.mobile.keyword.internal.MobileKeywordMain.runKeyword(MobileKeywordMain.groovy:34)&#xa;	at com.kms.katalon.core.mobile.keyword.builtin.SetTextKeyword.setText(SetTextKeyword.groovy:62)&#xa;	at com.kms.katalon.core.mobile.keyword.builtin.SetTextKeyword.execute(SetTextKeyword.groovy:42)&#xa;	at com.kms.katalon.core.keyword.internal.KeywordExecutor.executeKeywordForPlatform(KeywordExecutor.groovy:74)&#xa;	at com.kms.katalon.core.mobile.keyword.MobileBuiltInKeywords.setText(MobileBuiltInKeywords.groovy:1278)&#xa;	at C710-C711_AddAccountNumber_Error)VOAUsers.run(C710-C711_AddAccountNumber_Error)VOAUsers:36)&#xa;	at com.kms.katalon.core.main.ScriptEngine.run(ScriptEngine.java:194)&#xa;	at com.kms.katalon.core.main.ScriptEngine.runScriptAsRawText(ScriptEngine.java:119)&#xa;	at com.kms.katalon.core.main.TestCaseExecutor.runScript(TestCaseExecutor.java:448)&#xa;	at com.kms.katalon.core.main.TestCaseExecutor.doExecute(TestCaseExecutor.java:439)&#xa;	at com.kms.katalon.core.main.TestCaseExecutor.processExecutionPhase(TestCaseExecutor.java:418)&#xa;	at com.kms.katalon.core.main.TestCaseExecutor.accessMainPhase(TestCaseExecutor.java:410)&#xa;	at com.kms.katalon.core.main.TestCaseExecutor.execute(TestCaseExecutor.java:285)&#xa;	at com.kms.katalon.core.common.CommonExecutor.accessTestCaseMainPhase(CommonExecutor.java:71)&#xa;	at com.kms.katalon.core.main.TestSuiteExecutor.accessTestSuiteMainPhase(TestSuiteExecutor.java:160)&#xa;	at com.kms.katalon.core.main.TestSuiteExecutor.execute(TestSuiteExecutor.java:107)&#xa;	at com.kms.katalon.core.main.TestCaseMain.startTestSuite(TestCaseMain.java:180)&#xa;	at TempTestSuite1745472255458.run(TempTestSuite1745472255458.groovy:35)&#xa;	at java.base/jdk.internal.reflect.NativeMethodAccessorImpl.invoke0(Native Method)&#xa;	at java.base/jdk.internal.reflect.NativeMethodAccessorImpl.invoke(NativeMethodAccessorImpl.java:77)&#xa;	at java.base/jdk.internal.reflect.DelegatingMethodAccessorImpl.invoke(DelegatingMethodAccessorImpl.java:43)&#xa;Caused by: com.kms.katalon.core.exception.StepFailedException: Object Object Repository/VOAusers/android.widget.EditText not found&#xa;	at com.kms.katalon.core.mobile.keyword.internal.MobileKeywordMain.stepFailed(MobileKeywordMain.groovy:64)&#xa;	at com.kms.katalon.core.mobile.keyword.builtin.SetTextKeyword$_setText_closure1.doCall(SetTextKeyword.groovy:52)&#xa;	at com.kms.katalon.core.mobile.keyword.builtin.SetTextKeyword$_setText_closure1.call(SetTextKeyword.groovy)&#xa;	at com.kms.katalon.core.mobile.keyword.internal.MobileKeywordMain.runKeyword(MobileKeywordMain.groovy:30)&#xa;	... 20 more&#xa;"/>
         <system-out><![CDATA[24-04-2025T12:04:51 - [TEST_CASE][FAILED] - Test Cases/Add Account Number/C710-C711_AddAccountNumber_Error)VOAUsers: Test Cases/Add Account Number/C710-C711_AddAccountNumber_Error)VOAUsers FAILED.
Reason:
com.kms.katalon.core.exception.StepFailedException: Failed to set text into element
	at com.kms.katalon.core.mobile.keyword.internal.MobileKeywordMain.stepFailed(MobileKeywordMain.groovy:64)
	at com.kms.katalon.core.mobile.keyword.internal.MobileKeywordMain.runKeyword(MobileKeywordMain.groovy:34)
	at com.kms.katalon.core.mobile.keyword.builtin.SetTextKeyword.setText(SetTextKeyword.groovy:62)
	at com.kms.katalon.core.mobile.keyword.builtin.SetTextKeyword.execute(SetTextKeyword.groovy:42)
	at com.kms.katalon.core.keyword.internal.KeywordExecutor.executeKeywordForPlatform(KeywordExecutor.groovy:74)
	at com.kms.katalon.core.mobile.keyword.MobileBuiltInKeywords.setText(MobileBuiltInKeywords.groovy:1278)
	at C710-C711_AddAccountNumber_Error)VOAUsers.run(C710-C711_AddAccountNumber_Error)VOAUsers:36)
	at com.kms.katalon.core.main.ScriptEngine.run(ScriptEngine.java:194)
	at com.kms.katalon.core.main.ScriptEngine.runScriptAsRawText(ScriptEngine.java:119)
	at com.kms.katalon.core.main.TestCaseExecutor.runScript(TestCaseExecutor.java:448)
	at com.kms.katalon.core.main.TestCaseExecutor.doExecute(TestCaseExecutor.java:439)
	at com.kms.katalon.core.main.TestCaseExecutor.processExecutionPhase(TestCaseExecutor.java:418)
	at com.kms.katalon.core.main.TestCaseExecutor.accessMainPhase(TestCaseExecutor.java:410)
	at com.kms.katalon.core.main.TestCaseExecutor.execute(TestCaseExecutor.java:285)
	at com.kms.katalon.core.common.CommonExecutor.accessTestCaseMainPhase(CommonExecutor.java:71)
	at com.kms.katalon.core.main.TestSuiteExecutor.accessTestSuiteMainPhase(TestSuiteExecutor.java:160)
	at com.kms.katalon.core.main.TestSuiteExecutor.execute(TestSuiteExecutor.java:107)
	at com.kms.katalon.core.main.TestCaseMain.startTestSuite(TestCaseMain.java:180)
	at TempTestSuite1745472255458.run(TempTestSuite1745472255458.groovy:35)
	at java.base/jdk.internal.reflect.NativeMethodAccessorImpl.invoke0(Native Method)
	at java.base/jdk.internal.reflect.NativeMethodAccessorImpl.invoke(NativeMethodAccessorImpl.java:77)
	at java.base/jdk.internal.reflect.DelegatingMethodAccessorImpl.invoke(DelegatingMethodAccessorImpl.java:43)
Caused by: com.kms.katalon.core.exception.StepFailedException: Object Object Repository/VOAusers/android.widget.EditText not found
	at com.kms.katalon.core.mobile.keyword.internal.MobileKeywordMain.stepFailed(MobileKeywordMain.groovy:64)
	at com.kms.katalon.core.mobile.keyword.builtin.SetTextKeyword$_setText_closure1.doCall(SetTextKeyword.groovy:52)
	at com.kms.katalon.core.mobile.keyword.builtin.SetTextKeyword$_setText_closure1.call(SetTextKeyword.groovy)
	at com.kms.katalon.core.mobile.keyword.internal.MobileKeywordMain.runKeyword(MobileKeywordMain.groovy:30)
	... 20 more


24-04-2025T12:04:51 - [TEST_STEP][PASSED] - startApplication(appUrl, true): Started application: '/Users/gv.vignesh/Downloads/WGR-Android-Automation/App Folder/app-debug-Version 2.99.68.apk'

24-04-2025T12:04:51 - [MESSAGE][INFO] - Starting application: '/Users/gv.vignesh/Downloads/WGR-Android-Automation/App Folder/app-debug-Version 2.99.68.apk'

24-04-2025T12:04:51 - [MESSAGE][INFO] - User set preference: ['uiautomator2ServerInstallTimeout', '0']

24-04-2025T12:04:51 - [MESSAGE][INFO] - User set preference: ['deviceId', '']

24-04-2025T12:04:51 - [MESSAGE][INFO] - Detected NodeJS location: "/opt/homebrew/Cellar/node/23.10.0_1/bin/node"

24-04-2025T12:04:51 - [MESSAGE][INFO] - PATH: /opt/homebrew/Cellar/node/23.10.0_1/bin:/opt/homebrew/bin:/usr/bin:/bin:/usr/sbin:/sbin:/Applications/Katalon Studio Enterprise.app/Contents/Eclipse/jre/Contents/Home/bin:/usr/local/bin/

24-04-2025T12:04:51 - [MESSAGE][INFO] - APPIUM_HOME: /Users/gv.vignesh/.appium

24-04-2025T12:04:51 - [MESSAGE][INFO] - appium outlog: /Users/gv.vignesh/Downloads/WGR-Android-Automation/Reports/20250424_105415/Android Regression/20250424_105415/appium.log

24-04-2025T12:04:51 - [MESSAGE][INFO] - appium errlog: /Users/gv.vignesh/Downloads/WGR-Android-Automation/Reports/20250424_105415/Android Regression/20250424_105415/appium_error.log

24-04-2025T12:04:52 - [MESSAGE][INFO] - Appium server started on port 50,559

24-04-2025T12:05:10 - [MESSAGE][PASSED] - Started application: '/Users/gv.vignesh/Downloads/WGR-Android-Automation/App Folder/app-debug-Version 2.99.68.apk'

24-04-2025T12:05:10 - [TEST_STEP][PASSED] - delay(10): Delayed 10 second(s)

24-04-2025T12:05:20 - [MESSAGE][PASSED] - Delayed 10 second(s)

24-04-2025T12:05:20 - [TEST_STEP][PASSED] - tap(findTestObject("Object Repository/VOAusers/android.widget.Button - Login or Sign Up"), 0): Tapped on element 'Object Repository/VOAusers/android.widget.Button - Login or Sign Up'

24-04-2025T12:05:20 - [MESSAGE][WARNING] - Timeout '0' is invalid. Using default page load timeout: '30'

24-04-2025T12:05:21 - [MESSAGE][PASSED] - Tapped on element 'Object Repository/VOAusers/android.widget.Button - Login or Sign Up'

24-04-2025T12:05:21 - [TEST_STEP][PASSED] - delay(10): Delayed 10 second(s)

24-04-2025T12:05:31 - [MESSAGE][PASSED] - Delayed 10 second(s)

24-04-2025T12:05:31 - [TEST_STEP][FAILED] - setText(findTestObject("Object Repository/VOAusers/android.widget.EditText"), "CGARNER024@GMAIL.COM", 0): Failed to set text into element (Root cause: com.kms.katalon.core.exception.StepFailedException: Failed to set text into element
	at com.kms.katalon.core.mobile.keyword.internal.MobileKeywordMain.stepFailed(MobileKeywordMain.groovy:64)
	at com.kms.katalon.core.mobile.keyword.internal.MobileKeywordMain.runKeyword(MobileKeywordMain.groovy:34)
	at com.kms.katalon.core.mobile.keyword.builtin.SetTextKeyword.setText(SetTextKeyword.groovy:62)
	at com.kms.katalon.core.mobile.keyword.builtin.SetTextKeyword.execute(SetTextKeyword.groovy:42)
	at com.kms.katalon.core.keyword.internal.KeywordExecutor.executeKeywordForPlatform(KeywordExecutor.groovy:74)
	at com.kms.katalon.core.mobile.keyword.MobileBuiltInKeywords.setText(MobileBuiltInKeywords.groovy:1278)
	at C710-C711_AddAccountNumber_Error)VOAUsers.run(C710-C711_AddAccountNumber_Error)VOAUsers:36)
	at com.kms.katalon.core.main.ScriptEngine.run(ScriptEngine.java:194)
	at com.kms.katalon.core.main.ScriptEngine.runScriptAsRawText(ScriptEngine.java:119)
	at com.kms.katalon.core.main.TestCaseExecutor.runScript(TestCaseExecutor.java:448)
	at com.kms.katalon.core.main.TestCaseExecutor.doExecute(TestCaseExecutor.java:439)
	at com.kms.katalon.core.main.TestCaseExecutor.processExecutionPhase(TestCaseExecutor.java:418)
	at com.kms.katalon.core.main.TestCaseExecutor.accessMainPhase(TestCaseExecutor.java:410)
	at com.kms.katalon.core.main.TestCaseExecutor.execute(TestCaseExecutor.java:285)
	at com.kms.katalon.core.common.CommonExecutor.accessTestCaseMainPhase(CommonExecutor.java:71)
	at com.kms.katalon.core.main.TestSuiteExecutor.accessTestSuiteMainPhase(TestSuiteExecutor.java:160)
	at com.kms.katalon.core.main.TestSuiteExecutor.execute(TestSuiteExecutor.java:107)
	at com.kms.katalon.core.main.TestCaseMain.startTestSuite(TestCaseMain.java:180)
	at TempTestSuite1745472255458.run(TempTestSuite1745472255458.groovy:35)
	at java.base/jdk.internal.reflect.NativeMethodAccessorImpl.invoke0(Native Method)
	at java.base/jdk.internal.reflect.NativeMethodAccessorImpl.invoke(NativeMethodAccessorImpl.java:77)
	at java.base/jdk.internal.reflect.DelegatingMethodAccessorImpl.invoke(DelegatingMethodAccessorImpl.java:43)
Caused by: com.kms.katalon.core.exception.StepFailedException: Object Object Repository/VOAusers/android.widget.EditText not found
	at com.kms.katalon.core.mobile.keyword.internal.MobileKeywordMain.stepFailed(MobileKeywordMain.groovy:64)
	at com.kms.katalon.core.mobile.keyword.builtin.SetTextKeyword$_setText_closure1.doCall(SetTextKeyword.groovy:52)
	at com.kms.katalon.core.mobile.keyword.builtin.SetTextKeyword$_setText_closure1.call(SetTextKeyword.groovy)
	at com.kms.katalon.core.mobile.keyword.internal.MobileKeywordMain.runKeyword(MobileKeywordMain.groovy:30)
	... 20 more
)

24-04-2025T12:05:31 - [MESSAGE][WARNING] - Timeout '0' is invalid. Using default page load timeout: '30'

24-04-2025T12:06:04 - [MESSAGE][FAILED] - Object Object Repository/VOAusers/android.widget.EditText not found (Root cause: com.kms.katalon.core.exception.StepFailedException: Object Object Repository/VOAusers/android.widget.EditText not found
	at com.kms.katalon.core.mobile.keyword.internal.MobileKeywordMain.stepFailed(MobileKeywordMain.groovy:64)
	at com.kms.katalon.core.mobile.keyword.builtin.SetTextKeyword$_setText_closure1.doCall(SetTextKeyword.groovy:52)
	at com.kms.katalon.core.mobile.keyword.builtin.SetTextKeyword$_setText_closure1.call(SetTextKeyword.groovy)
	at com.kms.katalon.core.mobile.keyword.internal.MobileKeywordMain.runKeyword(MobileKeywordMain.groovy:30)
	at com.kms.katalon.core.mobile.keyword.builtin.SetTextKeyword.setText(SetTextKeyword.groovy:62)
	at com.kms.katalon.core.mobile.keyword.builtin.SetTextKeyword.execute(SetTextKeyword.groovy:42)
	at com.kms.katalon.core.keyword.internal.KeywordExecutor.executeKeywordForPlatform(KeywordExecutor.groovy:74)
	at com.kms.katalon.core.mobile.keyword.MobileBuiltInKeywords.setText(MobileBuiltInKeywords.groovy:1278)
	at C710-C711_AddAccountNumber_Error)VOAUsers.run(C710-C711_AddAccountNumber_Error)VOAUsers:36)
	at com.kms.katalon.core.main.ScriptEngine.run(ScriptEngine.java:194)
	at com.kms.katalon.core.main.ScriptEngine.runScriptAsRawText(ScriptEngine.java:119)
	at com.kms.katalon.core.main.TestCaseExecutor.runScript(TestCaseExecutor.java:448)
	at com.kms.katalon.core.main.TestCaseExecutor.doExecute(TestCaseExecutor.java:439)
	at com.kms.katalon.core.main.TestCaseExecutor.processExecutionPhase(TestCaseExecutor.java:418)
	at com.kms.katalon.core.main.TestCaseExecutor.accessMainPhase(TestCaseExecutor.java:410)
	at com.kms.katalon.core.main.TestCaseExecutor.execute(TestCaseExecutor.java:285)
	at com.kms.katalon.core.common.CommonExecutor.accessTestCaseMainPhase(CommonExecutor.java:71)
	at com.kms.katalon.core.main.TestSuiteExecutor.accessTestSuiteMainPhase(TestSuiteExecutor.java:160)
	at com.kms.katalon.core.main.TestSuiteExecutor.execute(TestSuiteExecutor.java:107)
	at com.kms.katalon.core.main.TestCaseMain.startTestSuite(TestCaseMain.java:180)
	at TempTestSuite1745472255458.run(TempTestSuite1745472255458.groovy:35)
	at java.base/jdk.internal.reflect.NativeMethodAccessorImpl.invoke0(Native Method)
	at java.base/jdk.internal.reflect.NativeMethodAccessorImpl.invoke(NativeMethodAccessorImpl.java:77)
	at java.base/jdk.internal.reflect.DelegatingMethodAccessorImpl.invoke(DelegatingMethodAccessorImpl.java:43)
)
[[ATTACHMENT|/Users/gv.vignesh/Downloads/WGR-Android-Automation/Reports/20250424_105415/Android Regression/20250424_105415/1745476561656.png]]

24-04-2025T12:06:06 - [MESSAGE][FAILED] - Failed to set text into element (Root cause: com.kms.katalon.core.exception.StepFailedException: Failed to set text into element
	at com.kms.katalon.core.mobile.keyword.internal.MobileKeywordMain.stepFailed(MobileKeywordMain.groovy:64)
	at com.kms.katalon.core.mobile.keyword.internal.MobileKeywordMain.runKeyword(MobileKeywordMain.groovy:34)
	at com.kms.katalon.core.mobile.keyword.builtin.SetTextKeyword.setText(SetTextKeyword.groovy:62)
	at com.kms.katalon.core.mobile.keyword.builtin.SetTextKeyword.execute(SetTextKeyword.groovy:42)
	at com.kms.katalon.core.keyword.internal.KeywordExecutor.executeKeywordForPlatform(KeywordExecutor.groovy:74)
	at com.kms.katalon.core.mobile.keyword.MobileBuiltInKeywords.setText(MobileBuiltInKeywords.groovy:1278)
	at C710-C711_AddAccountNumber_Error)VOAUsers.run(C710-C711_AddAccountNumber_Error)VOAUsers:36)
	at com.kms.katalon.core.main.ScriptEngine.run(ScriptEngine.java:194)
	at com.kms.katalon.core.main.ScriptEngine.runScriptAsRawText(ScriptEngine.java:119)
	at com.kms.katalon.core.main.TestCaseExecutor.runScript(TestCaseExecutor.java:448)
	at com.kms.katalon.core.main.TestCaseExecutor.doExecute(TestCaseExecutor.java:439)
	at com.kms.katalon.core.main.TestCaseExecutor.processExecutionPhase(TestCaseExecutor.java:418)
	at com.kms.katalon.core.main.TestCaseExecutor.accessMainPhase(TestCaseExecutor.java:410)
	at com.kms.katalon.core.main.TestCaseExecutor.execute(TestCaseExecutor.java:285)
	at com.kms.katalon.core.common.CommonExecutor.accessTestCaseMainPhase(CommonExecutor.java:71)
	at com.kms.katalon.core.main.TestSuiteExecutor.accessTestSuiteMainPhase(TestSuiteExecutor.java:160)
	at com.kms.katalon.core.main.TestSuiteExecutor.execute(TestSuiteExecutor.java:107)
	at com.kms.katalon.core.main.TestCaseMain.startTestSuite(TestCaseMain.java:180)
	at TempTestSuite1745472255458.run(TempTestSuite1745472255458.groovy:35)
	at java.base/jdk.internal.reflect.NativeMethodAccessorImpl.invoke0(Native Method)
	at java.base/jdk.internal.reflect.NativeMethodAccessorImpl.invoke(NativeMethodAccessorImpl.java:77)
	at java.base/jdk.internal.reflect.DelegatingMethodAccessorImpl.invoke(DelegatingMethodAccessorImpl.java:43)
Caused by: com.kms.katalon.core.exception.StepFailedException: Object Object Repository/VOAusers/android.widget.EditText not found
	at com.kms.katalon.core.mobile.keyword.internal.MobileKeywordMain.stepFailed(MobileKeywordMain.groovy:64)
	at com.kms.katalon.core.mobile.keyword.builtin.SetTextKeyword$_setText_closure1.doCall(SetTextKeyword.groovy:52)
	at com.kms.katalon.core.mobile.keyword.builtin.SetTextKeyword$_setText_closure1.call(SetTextKeyword.groovy)
	at com.kms.katalon.core.mobile.keyword.internal.MobileKeywordMain.runKeyword(MobileKeywordMain.groovy:30)
	... 20 more
)
[[ATTACHMENT|/Users/gv.vignesh/Downloads/WGR-Android-Automation/Reports/20250424_105415/Android Regression/20250424_105415/1745476564563.png]]]]></system-out>
         <system-err><![CDATA[24-04-2025T12:04:51 - [TEST_CASE][FAILED] - Test Cases/Add Account Number/C710-C711_AddAccountNumber_Error)VOAUsers: Test Cases/Add Account Number/C710-C711_AddAccountNumber_Error)VOAUsers FAILED.
Reason:
com.kms.katalon.core.exception.StepFailedException: Failed to set text into element
	at com.kms.katalon.core.mobile.keyword.internal.MobileKeywordMain.stepFailed(MobileKeywordMain.groovy:64)
	at com.kms.katalon.core.mobile.keyword.internal.MobileKeywordMain.runKeyword(MobileKeywordMain.groovy:34)
	at com.kms.katalon.core.mobile.keyword.builtin.SetTextKeyword.setText(SetTextKeyword.groovy:62)
	at com.kms.katalon.core.mobile.keyword.builtin.SetTextKeyword.execute(SetTextKeyword.groovy:42)
	at com.kms.katalon.core.keyword.internal.KeywordExecutor.executeKeywordForPlatform(KeywordExecutor.groovy:74)
	at com.kms.katalon.core.mobile.keyword.MobileBuiltInKeywords.setText(MobileBuiltInKeywords.groovy:1278)
	at C710-C711_AddAccountNumber_Error)VOAUsers.run(C710-C711_AddAccountNumber_Error)VOAUsers:36)
	at com.kms.katalon.core.main.ScriptEngine.run(ScriptEngine.java:194)
	at com.kms.katalon.core.main.ScriptEngine.runScriptAsRawText(ScriptEngine.java:119)
	at com.kms.katalon.core.main.TestCaseExecutor.runScript(TestCaseExecutor.java:448)
	at com.kms.katalon.core.main.TestCaseExecutor.doExecute(TestCaseExecutor.java:439)
	at com.kms.katalon.core.main.TestCaseExecutor.processExecutionPhase(TestCaseExecutor.java:418)
	at com.kms.katalon.core.main.TestCaseExecutor.accessMainPhase(TestCaseExecutor.java:410)
	at com.kms.katalon.core.main.TestCaseExecutor.execute(TestCaseExecutor.java:285)
	at com.kms.katalon.core.common.CommonExecutor.accessTestCaseMainPhase(CommonExecutor.java:71)
	at com.kms.katalon.core.main.TestSuiteExecutor.accessTestSuiteMainPhase(TestSuiteExecutor.java:160)
	at com.kms.katalon.core.main.TestSuiteExecutor.execute(TestSuiteExecutor.java:107)
	at com.kms.katalon.core.main.TestCaseMain.startTestSuite(TestCaseMain.java:180)
	at TempTestSuite1745472255458.run(TempTestSuite1745472255458.groovy:35)
	at java.base/jdk.internal.reflect.NativeMethodAccessorImpl.invoke0(Native Method)
	at java.base/jdk.internal.reflect.NativeMethodAccessorImpl.invoke(NativeMethodAccessorImpl.java:77)
	at java.base/jdk.internal.reflect.DelegatingMethodAccessorImpl.invoke(DelegatingMethodAccessorImpl.java:43)
Caused by: com.kms.katalon.core.exception.StepFailedException: Object Object Repository/VOAusers/android.widget.EditText not found
	at com.kms.katalon.core.mobile.keyword.internal.MobileKeywordMain.stepFailed(MobileKeywordMain.groovy:64)
	at com.kms.katalon.core.mobile.keyword.builtin.SetTextKeyword$_setText_closure1.doCall(SetTextKeyword.groovy:52)
	at com.kms.katalon.core.mobile.keyword.builtin.SetTextKeyword$_setText_closure1.call(SetTextKeyword.groovy)
	at com.kms.katalon.core.mobile.keyword.internal.MobileKeywordMain.runKeyword(MobileKeywordMain.groovy:30)
	... 20 more]]></system-err>
      </testcase>
      <system-out><![CDATA[24-04-2025T10:54:19 - [TEST_SUITE][FAILED] - Android Regression: Test Cases/My Stay And Reservations/C748_MyStayAndReservations_MyStay_Current tab_Activestay_See all FAILED.
Reason:
com.kms.katalon.core.exception.StepFailedException: Failed to check for element 'Object Repository/Repo/MyStay/android.widget.TextView - ACTIVE STAYS' exist
	at com.kms.katalon.core.mobile.keyword.internal.MobileKeywordMain.stepFailed(MobileKeywordMain.groovy:64)
	at com.kms.katalon.core.mobile.keyword.internal.MobileKeywordMain.runKeyword(MobileKeywordMain.groovy:34)
	at com.kms.katalon.core.mobile.keyword.builtin.VerifyElementExistKeyword.verifyElementExist(VerifyElementExistKeyword.groovy:51)
	at com.kms.katalon.core.mobile.keyword.builtin.VerifyElementExistKeyword.execute(VerifyElementExistKeyword.groovy:35)
	at com.kms.katalon.core.keyword.internal.KeywordExecutor.executeKeywordForPlatform(KeywordExecutor.groovy:74)
	at com.kms.katalon.core.mobile.keyword.MobileBuiltInKeywords.verifyElementExist(MobileBuiltInKeywords.groovy:1726)
	at C748_MyStayAndReservations_MyStay_Current tab_Activestay_See all.run(C748_MyStayAndReservations_MyStay_Current tab_Activestay_See all:54)
	at com.kms.katalon.core.main.ScriptEngine.run(ScriptEngine.java:194)
	at com.kms.katalon.core.main.ScriptEngine.runScriptAsRawText(ScriptEngine.java:119)
	at com.kms.katalon.core.main.TestCaseExecutor.runScript(TestCaseExecutor.java:448)
	at com.kms.katalon.core.main.TestCaseExecutor.doExecute(TestCaseExecutor.java:439)
	at com.kms.katalon.core.main.TestCaseExecutor.processExecutionPhase(TestCaseExecutor.java:418)
	at com.kms.katalon.core.main.TestCaseExecutor.accessMainPhase(TestCaseExecutor.java:410)
	at com.kms.katalon.core.main.TestCaseExecutor.execute(TestCaseExecutor.java:285)
	at com.kms.katalon.core.common.CommonExecutor.accessTestCaseMainPhase(CommonExecutor.java:71)
	at com.kms.katalon.core.main.TestSuiteExecutor.accessTestSuiteMainPhase(TestSuiteExecutor.java:160)
	at com.kms.katalon.core.main.TestSuiteExecutor.execute(TestSuiteExecutor.java:107)
	at com.kms.katalon.core.main.TestCaseMain.startTestSuite(TestCaseMain.java:180)
	at TempTestSuite1745472255458.run(TempTestSuite1745472255458.groovy:35)
	at java.base/jdk.internal.reflect.NativeMethodAccessorImpl.invoke0(Native Method)
	at java.base/jdk.internal.reflect.NativeMethodAccessorImpl.invoke(NativeMethodAccessorImpl.java:77)
	at java.base/jdk.internal.reflect.DelegatingMethodAccessorImpl.invoke(DelegatingMethodAccessorImpl.java:43)
Caused by: com.kms.katalon.core.exception.StepFailedException: Element 'Object Repository/Repo/MyStay/android.widget.TextView - ACTIVE STAYS' not found
	at com.kms.katalon.core.mobile.keyword.internal.MobileKeywordMain.stepFailed(MobileKeywordMain.groovy:64)
	at com.kms.katalon.core.mobile.keyword.builtin.VerifyElementExistKeyword$_verifyElementExist_closure1.doCall(VerifyElementExistKeyword.groovy:48)
	at com.kms.katalon.core.mobile.keyword.builtin.VerifyElementExistKeyword$_verifyElementExist_closure1.call(VerifyElementExistKeyword.groovy)
	at com.kms.katalon.core.mobile.keyword.internal.MobileKeywordMain.runKeyword(MobileKeywordMain.groovy:30)
	... 20 more]]></system-out>
      <system-err><![CDATA[24-04-2025T10:54:19 - [TEST_SUITE][FAILED] - Android Regression: Test Cases/My Stay And Reservations/C748_MyStayAndReservations_MyStay_Current tab_Activestay_See all FAILED.
Reason:
com.kms.katalon.core.exception.StepFailedException: Failed to check for element 'Object Repository/Repo/MyStay/android.widget.TextView - ACTIVE STAYS' exist
	at com.kms.katalon.core.mobile.keyword.internal.MobileKeywordMain.stepFailed(MobileKeywordMain.groovy:64)
	at com.kms.katalon.core.mobile.keyword.internal.MobileKeywordMain.runKeyword(MobileKeywordMain.groovy:34)
	at com.kms.katalon.core.mobile.keyword.builtin.VerifyElementExistKeyword.verifyElementExist(VerifyElementExistKeyword.groovy:51)
	at com.kms.katalon.core.mobile.keyword.builtin.VerifyElementExistKeyword.execute(VerifyElementExistKeyword.groovy:35)
	at com.kms.katalon.core.keyword.internal.KeywordExecutor.executeKeywordForPlatform(KeywordExecutor.groovy:74)
	at com.kms.katalon.core.mobile.keyword.MobileBuiltInKeywords.verifyElementExist(MobileBuiltInKeywords.groovy:1726)
	at C748_MyStayAndReservations_MyStay_Current tab_Activestay_See all.run(C748_MyStayAndReservations_MyStay_Current tab_Activestay_See all:54)
	at com.kms.katalon.core.main.ScriptEngine.run(ScriptEngine.java:194)
	at com.kms.katalon.core.main.ScriptEngine.runScriptAsRawText(ScriptEngine.java:119)
	at com.kms.katalon.core.main.TestCaseExecutor.runScript(TestCaseExecutor.java:448)
	at com.kms.katalon.core.main.TestCaseExecutor.doExecute(TestCaseExecutor.java:439)
	at com.kms.katalon.core.main.TestCaseExecutor.processExecutionPhase(TestCaseExecutor.java:418)
	at com.kms.katalon.core.main.TestCaseExecutor.accessMainPhase(TestCaseExecutor.java:410)
	at com.kms.katalon.core.main.TestCaseExecutor.execute(TestCaseExecutor.java:285)
	at com.kms.katalon.core.common.CommonExecutor.accessTestCaseMainPhase(CommonExecutor.java:71)
	at com.kms.katalon.core.main.TestSuiteExecutor.accessTestSuiteMainPhase(TestSuiteExecutor.java:160)
	at com.kms.katalon.core.main.TestSuiteExecutor.execute(TestSuiteExecutor.java:107)
	at com.kms.katalon.core.main.TestCaseMain.startTestSuite(TestCaseMain.java:180)
	at TempTestSuite1745472255458.run(TempTestSuite1745472255458.groovy:35)
	at java.base/jdk.internal.reflect.NativeMethodAccessorImpl.invoke0(Native Method)
	at java.base/jdk.internal.reflect.NativeMethodAccessorImpl.invoke(NativeMethodAccessorImpl.java:77)
	at java.base/jdk.internal.reflect.DelegatingMethodAccessorImpl.invoke(DelegatingMethodAccessorImpl.java:43)
Caused by: com.kms.katalon.core.exception.StepFailedException: Element 'Object Repository/Repo/MyStay/android.widget.TextView - ACTIVE STAYS' not found
	at com.kms.katalon.core.mobile.keyword.internal.MobileKeywordMain.stepFailed(MobileKeywordMain.groovy:64)
	at com.kms.katalon.core.mobile.keyword.builtin.VerifyElementExistKeyword$_verifyElementExist_closure1.doCall(VerifyElementExistKeyword.groovy:48)
	at com.kms.katalon.core.mobile.keyword.builtin.VerifyElementExistKeyword$_verifyElementExist_closure1.call(VerifyElementExistKeyword.groovy)
	at com.kms.katalon.core.mobile.keyword.internal.MobileKeywordMain.runKeyword(MobileKeywordMain.groovy:30)
	... 20 more]]></system-err>
   </testsuite>
</testsuites>
